INFO     Running translator.
INFO     translator stdin: None
INFO     translator time limit: 599.97s
INFO     translator memory limit: 7000 MB
INFO     translator command line string: /usr/bin/python3 /user/student.aau.dk/lkar18/downward-projects/downward/experiments/nopo_vs_nasutpo_vs_nelutpo/data/nopo_vs_nasutpo_vs_nelutpo/code-f7902f30c0f47512f07fb7c64cdaf652032f674a_e5e41175/builds/release/bin/translate/translate.py domain.pddl problem.pddl --sas-file output.sas
Parsing...
Parsing: [0.000s CPU, 0.002s wall-clock]
Normalizing task... [0.000s CPU, 0.000s wall-clock]
Instantiating...
Generating Datalog program... [0.000s CPU, 0.000s wall-clock]
Normalizing Datalog program...
Normalizing Datalog program: [0.010s CPU, 0.004s wall-clock]
Preparing model... [0.000s CPU, 0.002s wall-clock]
Generated 61 rules.
Computing model... [0.020s CPU, 0.022s wall-clock]
1173 relevant atoms
1079 auxiliary atoms
2252 final queue length
4346 total queue pushes
Completing instantiation... [0.040s CPU, 0.044s wall-clock]
Instantiating: [0.070s CPU, 0.072s wall-clock]
Computing fact groups...
Finding invariants...
16 initial candidates
Finding invariants: [0.010s CPU, 0.007s wall-clock]
Checking invariant weight... [0.000s CPU, 0.000s wall-clock]
Instantiating groups... [0.000s CPU, 0.004s wall-clock]
Collecting mutex groups... [0.000s CPU, 0.000s wall-clock]
Choosing groups...
22 uncovered facts
Choosing groups: [0.000s CPU, 0.001s wall-clock]
Building translation key... [0.000s CPU, 0.000s wall-clock]
Computing fact groups: [0.020s CPU, 0.015s wall-clock]
Building STRIPS to SAS dictionary... [0.000s CPU, 0.000s wall-clock]
Building dictionary for full mutex groups... [0.000s CPU, 0.000s wall-clock]
Building mutex information...
Building mutex information: [0.000s CPU, 0.000s wall-clock]
Translating task...
Processing axioms...
Simplifying axioms... [0.000s CPU, 0.000s wall-clock]
Translator axioms removed by simplifying: 0
Computing negative axioms... [0.000s CPU, 0.000s wall-clock]
Processing axioms: [0.000s CPU, 0.002s wall-clock]
Translating task: [0.050s CPU, 0.052s wall-clock]
1080 effect conditions simplified
0 implied preconditions added
Detecting unreachable propositions...
0 operators removed
0 axioms removed
34 propositions removed
Detecting unreachable propositions: [0.020s CPU, 0.022s wall-clock]
Reordering and filtering variables...
38 of 38 variables necessary.
26 of 38 mutex groups necessary.
792 of 792 operators necessary.
0 of 0 axiom rules necessary.
Reordering and filtering variables: [0.010s CPU, 0.011s wall-clock]
Translator variables: 38
Translator derived variables: 0
Translator facts: 248
Translator goal facts: 10
Translator mutex groups: 26
Translator total mutex groups size: 296
Translator operators: 792
Translator axioms: 0
Translator task size: 7558
Translator peak memory: 47100 KB
Writing output... [0.010s CPU, 0.014s wall-clock]
Done! [0.190s CPU, 0.192s wall-clock]
translate exit code: 0

INFO     Running search (release).
INFO     search stdin: output.sas
INFO     search time limit: 599.74s
INFO     search memory limit: 7000 MB
INFO     search command line string: /user/student.aau.dk/lkar18/downward-projects/downward/experiments/nopo_vs_nasutpo_vs_nelutpo/data/nopo_vs_nasutpo_vs_nelutpo/code-f7902f30c0f47512f07fb7c64cdaf652032f674a_e5e41175/builds/release/bin/downward --search 'astar(merge_and_shrink(op_mutex=op_mutex(use_previous_ops=NeLUTPO, reachability_strategy=goal)))' --internal-plan-file sas_plan < output.sas
[t=3.6165e-05s, 22344 KB] reading input...
[t=0.00448327s, 22732 KB] done reading input!
[t=0.00589338s, 22996 KB] Initializing merge-and-shrink heuristic...
[t=0.00596098s, 22996 KB] Running merge-and-shrink algorithm...
[t=0.00598066s, 22996 KB] Merge strategy options:
[t=0.00600129s, 22996 KB] Type: stateless
[t=0.00602085s, 22996 KB] Merge selector options:
[t=0.00603968s, 22996 KB] Name: score based filtering
[t=0.0060591s, 22996 KB] Merge scoring function:
[t=0.00607791s, 22996 KB] Name: goal relevance
[t=0.0060969s, 22996 KB] Merge scoring function:
[t=0.00611523s, 22996 KB] Name: dfp
[t=0.00613384s, 22996 KB] Merge scoring function:
[t=0.00615226s, 22996 KB] Name: total order
[t=0.00617081s, 22996 KB] Atomic transition system order: reverse level
[t=0.00618927s, 22996 KB] Product transition system order: new to old
[t=0.00620793s, 22996 KB] Consider atomic before product transition systems
[t=0.0062267s, 22996 KB] Random seed: -1

[t=0.00624762s, 22996 KB] Options related to size limits and shrinking: 
[t=0.00626711s, 22996 KB] Transition system size limit: 50000
[t=0.00628583s, 22996 KB] Transition system size limit right before merge: 50000
[t=0.00630432s, 22996 KB] Threshold to trigger shrinking right before merge: 1

[t=0.00632501s, 22996 KB] Pruning unreachable states: yes
[t=0.00634433s, 22996 KB] Pruning irrelevant states: yes

[t=0.00636627s, 22996 KB] Label reduction disabled

[t=0.00638835s, 22996 KB] Main loop max time in seconds: inf

[t=0.00641151s, 22996 KB] ===============================================================================
[t=0.0064367s, 22996 KB] WARNING! You did not enable label reduction.
This may drastically reduce the performance of merge-and-shrink!
[t=0.00645603s, 22996 KB] ===============================================================================

[t=0.00647809s, 22996 KB] Building atomic transition systems... 
[t=0.00983249s, 28600 KB] M&S algorithm timer: 0.00391651s (after computation of atomic factors)

[t=0.00990089s, 28600 KB] Starting main loop without a time limit.
[t=0.0105183s, 28600 KB] Next pair of indices: (2, 37)
[t=0.0105467s, 28600 KB] M&S algorithm main loop timer: 0.000667379s (after computation of next merge)
[t=0.0107s, 28600 KB] M&S algorithm main loop timer: 0.000825364s (after merging)

[t=0.0107369s, 28600 KB] Operator mutex starting iteration 0
[t=0.0110509s, 28600 KB] In ts_0_0 of size 3 found num new op-mutexes 0
[t=0.0113492s, 28600 KB] In ts_0_1 of size 3 found num new op-mutexes 0
[t=0.0115462s, 28600 KB] In ts_0_3 of size 2 found num new op-mutexes 0
[t=0.0117224s, 28600 KB] In ts_0_4 of size 2 found num new op-mutexes 0
[t=0.0120317s, 28600 KB] In ts_0_5 of size 4 found num new op-mutexes 0
[t=0.0123669s, 28600 KB] In ts_0_6 of size 4 found num new op-mutexes 0
[t=0.012692s, 28600 KB] In ts_0_7 of size 4 found num new op-mutexes 0
[t=0.0129908s, 28600 KB] In ts_0_8 of size 4 found num new op-mutexes 0
[t=0.0132874s, 28600 KB] In ts_0_9 of size 4 found num new op-mutexes 0
[t=0.0135855s, 28600 KB] In ts_0_10 of size 4 found num new op-mutexes 0
[t=0.0138786s, 28600 KB] In ts_0_11 of size 4 found num new op-mutexes 0
[t=0.0141797s, 28600 KB] In ts_0_12 of size 4 found num new op-mutexes 0
[t=0.0144707s, 28600 KB] In ts_0_13 of size 4 found num new op-mutexes 0
[t=0.0147628s, 28600 KB] In ts_0_14 of size 4 found num new op-mutexes 0
[t=0.0149384s, 28600 KB] In ts_0_15 of size 2 found num new op-mutexes 0
[t=0.0151137s, 28600 KB] In ts_0_16 of size 2 found num new op-mutexes 0
[t=0.0153046s, 28600 KB] In ts_0_17 of size 2 found num new op-mutexes 0
[t=0.0154787s, 28600 KB] In ts_0_18 of size 2 found num new op-mutexes 0
[t=0.0156966s, 28600 KB] In ts_0_19 of size 2 found num new op-mutexes 0
[t=0.0158753s, 28600 KB] In ts_0_20 of size 2 found num new op-mutexes 0
[t=0.0160482s, 28600 KB] In ts_0_21 of size 2 found num new op-mutexes 0
[t=0.0162201s, 28600 KB] In ts_0_22 of size 2 found num new op-mutexes 0
[t=0.0164002s, 28600 KB] In ts_0_23 of size 2 found num new op-mutexes 0
[t=0.0165711s, 28600 KB] In ts_0_24 of size 2 found num new op-mutexes 0
[t=0.0167433s, 28600 KB] In ts_0_25 of size 2 found num new op-mutexes 0
[t=0.0169249s, 28600 KB] In ts_0_26 of size 2 found num new op-mutexes 0
[t=0.0170951s, 28600 KB] In ts_0_27 of size 2 found num new op-mutexes 0
[t=0.0185717s, 28600 KB] In ts_0_28 of size 17 found num new op-mutexes 0
[t=0.0200649s, 28600 KB] In ts_0_29 of size 17 found num new op-mutexes 0
[t=0.0215357s, 28600 KB] In ts_0_30 of size 17 found num new op-mutexes 0
[t=0.0230496s, 28600 KB] In ts_0_31 of size 17 found num new op-mutexes 0
[t=0.0245355s, 28600 KB] In ts_0_32 of size 17 found num new op-mutexes 0
[t=0.026021s, 28600 KB] In ts_0_33 of size 17 found num new op-mutexes 0
[t=0.027514s, 28600 KB] In ts_0_34 of size 17 found num new op-mutexes 0
[t=0.028993s, 28600 KB] In ts_0_35 of size 17 found num new op-mutexes 0
[t=0.0304716s, 28600 KB] In ts_0_36 of size 17 found num new op-mutexes 0
[t=0.0320746s, 28600 KB] In ts_0_38 of size 34 found num new op-mutexes 0
[t=0.0321279s, 28600 KB] Operator mutex finished iteration 0. Found an additional 0 operator mutexes

[t=0.032707s, 28600 KB] Next pair of indices: (3, 29)
[t=0.0327343s, 28600 KB] M&S algorithm main loop timer: 0.0228522s (after computation of next merge)
[t=0.0329s, 28600 KB] M&S algorithm main loop timer: 0.0230267s (after merging)

[t=0.0329389s, 28600 KB] Operator mutex starting iteration 1
[t=0.0332417s, 28600 KB] In ts_1_0 of size 3 found num new op-mutexes 0
[t=0.0335359s, 28600 KB] In ts_1_1 of size 3 found num new op-mutexes 0
[t=0.0337213s, 28600 KB] In ts_1_4 of size 2 found num new op-mutexes 0
[t=0.0340177s, 28600 KB] In ts_1_5 of size 4 found num new op-mutexes 0
[t=0.0343138s, 28600 KB] In ts_1_6 of size 4 found num new op-mutexes 0
[t=0.0346071s, 28600 KB] In ts_1_7 of size 4 found num new op-mutexes 0
[t=0.034917s, 28600 KB] In ts_1_8 of size 4 found num new op-mutexes 0
[t=0.0352229s, 28600 KB] In ts_1_9 of size 4 found num new op-mutexes 0
[t=0.0355193s, 28600 KB] In ts_1_10 of size 4 found num new op-mutexes 0
[t=0.0358159s, 28600 KB] In ts_1_11 of size 4 found num new op-mutexes 0
[t=0.0361079s, 28600 KB] In ts_1_12 of size 4 found num new op-mutexes 0
[t=0.0364051s, 28600 KB] In ts_1_13 of size 4 found num new op-mutexes 0
[t=0.0366967s, 28600 KB] In ts_1_14 of size 4 found num new op-mutexes 0
[t=0.0368706s, 28600 KB] In ts_1_15 of size 2 found num new op-mutexes 0
[t=0.0370429s, 28600 KB] In ts_1_16 of size 2 found num new op-mutexes 0
[t=0.0372135s, 28600 KB] In ts_1_17 of size 2 found num new op-mutexes 0
[t=0.0373828s, 28600 KB] In ts_1_18 of size 2 found num new op-mutexes 0
[t=0.0375662s, 28600 KB] In ts_1_19 of size 2 found num new op-mutexes 0
[t=0.037737s, 28600 KB] In ts_1_20 of size 2 found num new op-mutexes 0
[t=0.0379068s, 28600 KB] In ts_1_21 of size 2 found num new op-mutexes 0
[t=0.0380754s, 28600 KB] In ts_1_22 of size 2 found num new op-mutexes 0
[t=0.0382436s, 28600 KB] In ts_1_23 of size 2 found num new op-mutexes 0
[t=0.038411s, 28600 KB] In ts_1_24 of size 2 found num new op-mutexes 0
[t=0.0385901s, 28600 KB] In ts_1_25 of size 2 found num new op-mutexes 0
[t=0.0387586s, 28600 KB] In ts_1_26 of size 2 found num new op-mutexes 0
[t=0.0389383s, 28600 KB] In ts_1_27 of size 2 found num new op-mutexes 0
[t=0.0404693s, 28600 KB] In ts_1_28 of size 17 found num new op-mutexes 0
[t=0.0419573s, 28600 KB] In ts_1_30 of size 17 found num new op-mutexes 0
[t=0.0434754s, 28600 KB] In ts_1_31 of size 17 found num new op-mutexes 0
[t=0.0449557s, 28600 KB] In ts_1_32 of size 17 found num new op-mutexes 0
[t=0.0464536s, 28600 KB] In ts_1_33 of size 17 found num new op-mutexes 0
[t=0.0479333s, 28600 KB] In ts_1_34 of size 17 found num new op-mutexes 0
[t=0.0494391s, 28600 KB] In ts_1_35 of size 17 found num new op-mutexes 0
[t=0.0509229s, 28600 KB] In ts_1_36 of size 17 found num new op-mutexes 0
[t=0.0525087s, 28600 KB] In ts_1_38 of size 34 found num new op-mutexes 0
[t=0.0540573s, 28600 KB] In ts_1_39 of size 34 found num new op-mutexes 0
[t=0.054104s, 28600 KB] Operator mutex finished iteration 1. Found an additional 0 operator mutexes

[t=0.0547005s, 28600 KB] Next pair of indices: (4, 31)
[t=0.0547299s, 28600 KB] M&S algorithm main loop timer: 0.0448498s (after computation of next merge)
[t=0.0549118s, 28600 KB] M&S algorithm main loop timer: 0.0450364s (after merging)

[t=0.0549478s, 28600 KB] Operator mutex starting iteration 2
[t=0.0552763s, 28600 KB] In ts_2_0 of size 3 found num new op-mutexes 0
[t=0.0555705s, 28600 KB] In ts_2_1 of size 3 found num new op-mutexes 0
[t=0.0558774s, 28600 KB] In ts_2_5 of size 4 found num new op-mutexes 0
[t=0.0561812s, 28600 KB] In ts_2_6 of size 4 found num new op-mutexes 0
[t=0.0564742s, 28600 KB] In ts_2_7 of size 4 found num new op-mutexes 0
[t=0.0567683s, 28600 KB] In ts_2_8 of size 4 found num new op-mutexes 0
[t=0.0570686s, 28600 KB] In ts_2_9 of size 4 found num new op-mutexes 0
[t=0.0573689s, 28600 KB] In ts_2_10 of size 4 found num new op-mutexes 0
[t=0.0576635s, 28600 KB] In ts_2_11 of size 4 found num new op-mutexes 0
[t=0.0579566s, 28600 KB] In ts_2_12 of size 4 found num new op-mutexes 0
[t=0.0582663s, 28600 KB] In ts_2_13 of size 4 found num new op-mutexes 0
[t=0.0585767s, 28600 KB] In ts_2_14 of size 4 found num new op-mutexes 0
[t=0.0587745s, 28600 KB] In ts_2_15 of size 2 found num new op-mutexes 0
[t=0.0589506s, 28600 KB] In ts_2_16 of size 2 found num new op-mutexes 0
[t=0.0591231s, 28600 KB] In ts_2_17 of size 2 found num new op-mutexes 0
[t=0.059293s, 28600 KB] In ts_2_18 of size 2 found num new op-mutexes 0
[t=0.059462s, 28600 KB] In ts_2_19 of size 2 found num new op-mutexes 0
[t=0.0596303s, 28600 KB] In ts_2_20 of size 2 found num new op-mutexes 0
[t=0.0598087s, 28600 KB] In ts_2_21 of size 2 found num new op-mutexes 0
[t=0.0599773s, 28600 KB] In ts_2_22 of size 2 found num new op-mutexes 0
[t=0.060156s, 28600 KB] In ts_2_23 of size 2 found num new op-mutexes 0
[t=0.0603263s, 28600 KB] In ts_2_24 of size 2 found num new op-mutexes 0
[t=0.0604952s, 28600 KB] In ts_2_25 of size 2 found num new op-mutexes 0
[t=0.0606638s, 28600 KB] In ts_2_26 of size 2 found num new op-mutexes 0
[t=0.0608318s, 28600 KB] In ts_2_27 of size 2 found num new op-mutexes 0
[t=0.0623423s, 28600 KB] In ts_2_28 of size 17 found num new op-mutexes 0
[t=0.0638604s, 28600 KB] In ts_2_30 of size 17 found num new op-mutexes 0
[t=0.0653394s, 28600 KB] In ts_2_32 of size 17 found num new op-mutexes 0
[t=0.0668178s, 28600 KB] In ts_2_33 of size 17 found num new op-mutexes 0
[t=0.06831s, 28600 KB] In ts_2_34 of size 17 found num new op-mutexes 0
[t=0.0698015s, 28600 KB] In ts_2_35 of size 17 found num new op-mutexes 0
[t=0.0713228s, 28600 KB] In ts_2_36 of size 17 found num new op-mutexes 0
[t=0.0741431s, 28600 KB] In ts_2_38 of size 34 found num new op-mutexes 0
[t=0.0768908s, 28600 KB] In ts_2_39 of size 34 found num new op-mutexes 0
[t=0.0796835s, 28600 KB] In ts_2_40 of size 34 found num new op-mutexes 0
[t=0.0797452s, 28600 KB] Operator mutex finished iteration 2. Found an additional 0 operator mutexes

[t=0.0805669s, 28600 KB] Next pair of indices: (5, 28)
[t=0.0806072s, 28600 KB] M&S algorithm main loop timer: 0.0707354s (after computation of next merge)
[t=0.0808222s, 28600 KB] M&S algorithm main loop timer: 0.0709509s (after merging)
[t=0.0808808s, 28600 KB] M&S algorithm main loop timer: 0.0710016s (after pruning)

[t=0.0809095s, 28600 KB] Operator mutex starting iteration 3
[t=0.0814259s, 28600 KB] In ts_3_0 of size 3 found num new op-mutexes 0
[t=0.081955s, 28600 KB] In ts_3_1 of size 3 found num new op-mutexes 0
[t=0.0823492s, 28600 KB] In ts_3_6 of size 4 found num new op-mutexes 0
[t=0.0828949s, 28600 KB] In ts_3_7 of size 4 found num new op-mutexes 0
[t=0.083422s, 28600 KB] In ts_3_8 of size 4 found num new op-mutexes 0
[t=0.0838928s, 28600 KB] In ts_3_9 of size 4 found num new op-mutexes 0
[t=0.0844322s, 28600 KB] In ts_3_10 of size 4 found num new op-mutexes 0
[t=0.0849581s, 28600 KB] In ts_3_11 of size 4 found num new op-mutexes 0
[t=0.0854837s, 28600 KB] In ts_3_12 of size 4 found num new op-mutexes 0
[t=0.0860229s, 28600 KB] In ts_3_13 of size 4 found num new op-mutexes 0
[t=0.0865172s, 28600 KB] In ts_3_14 of size 4 found num new op-mutexes 0
[t=0.0868251s, 28600 KB] In ts_3_15 of size 2 found num new op-mutexes 0
[t=0.0871357s, 28600 KB] In ts_3_16 of size 2 found num new op-mutexes 0
[t=0.087444s, 28600 KB] In ts_3_17 of size 2 found num new op-mutexes 0
[t=0.0877503s, 28600 KB] In ts_3_18 of size 2 found num new op-mutexes 0
[t=0.0880558s, 28600 KB] In ts_3_19 of size 2 found num new op-mutexes 0
[t=0.0883709s, 28600 KB] In ts_3_20 of size 2 found num new op-mutexes 0
[t=0.0886764s, 28600 KB] In ts_3_21 of size 2 found num new op-mutexes 0
[t=0.0889822s, 28600 KB] In ts_3_22 of size 2 found num new op-mutexes 0
[t=0.0892938s, 28600 KB] In ts_3_23 of size 2 found num new op-mutexes 0
[t=0.0896101s, 28600 KB] In ts_3_24 of size 2 found num new op-mutexes 0
[t=0.0898864s, 28600 KB] In ts_3_25 of size 2 found num new op-mutexes 0
[t=0.0902001s, 28600 KB] In ts_3_26 of size 2 found num new op-mutexes 0
[t=0.0904879s, 28600 KB] In ts_3_27 of size 2 found num new op-mutexes 0
[t=0.0932249s, 28600 KB] In ts_3_30 of size 17 found num new op-mutexes 0
[t=0.095876s, 28600 KB] In ts_3_32 of size 17 found num new op-mutexes 0
[t=0.0984554s, 28600 KB] In ts_3_33 of size 17 found num new op-mutexes 0
[t=0.100269s, 28600 KB] In ts_3_34 of size 17 found num new op-mutexes 0
[t=0.10178s, 28600 KB] In ts_3_35 of size 17 found num new op-mutexes 0
[t=0.103274s, 28600 KB] In ts_3_36 of size 17 found num new op-mutexes 0
[t=0.104834s, 28600 KB] In ts_3_38 of size 34 found num new op-mutexes 0
[t=0.106423s, 28600 KB] In ts_3_39 of size 34 found num new op-mutexes 0
[t=0.107989s, 28600 KB] In ts_3_40 of size 34 found num new op-mutexes 0
[t=0.110729s, 28600 KB] In ts_3_41 of size 35 found num new op-mutexes 9468
[t=0.110775s, 28600 KB] Operator mutex finished iteration 3. Found an additional 9468 operator mutexes

[t=0.111394s, 28600 KB] Next pair of indices: (6, 35)
[t=0.111422s, 28600 KB] M&S algorithm main loop timer: 0.10154s (after computation of next merge)
[t=0.111626s, 28600 KB] M&S algorithm main loop timer: 0.101751s (after merging)

[t=0.111665s, 28600 KB] Operator mutex starting iteration 4
[t=0.11198s, 28600 KB] In ts_4_0 of size 3 found num new op-mutexes 0
[t=0.112276s, 28600 KB] In ts_4_1 of size 3 found num new op-mutexes 0
[t=0.112578s, 28600 KB] In ts_4_7 of size 4 found num new op-mutexes 0
[t=0.112878s, 28600 KB] In ts_4_8 of size 4 found num new op-mutexes 0
[t=0.113191s, 28600 KB] In ts_4_9 of size 4 found num new op-mutexes 0
[t=0.1135s, 28600 KB] In ts_4_10 of size 4 found num new op-mutexes 0
[t=0.113809s, 28600 KB] In ts_4_11 of size 4 found num new op-mutexes 0
[t=0.114106s, 28600 KB] In ts_4_12 of size 4 found num new op-mutexes 0
[t=0.114401s, 28600 KB] In ts_4_13 of size 4 found num new op-mutexes 0
[t=0.114706s, 28600 KB] In ts_4_14 of size 4 found num new op-mutexes 0
[t=0.114882s, 28600 KB] In ts_4_15 of size 2 found num new op-mutexes 0
[t=0.115055s, 28600 KB] In ts_4_16 of size 2 found num new op-mutexes 0
[t=0.115228s, 28600 KB] In ts_4_17 of size 2 found num new op-mutexes 0
[t=0.115399s, 28600 KB] In ts_4_18 of size 2 found num new op-mutexes 0
[t=0.115569s, 28600 KB] In ts_4_19 of size 2 found num new op-mutexes 0
[t=0.115739s, 28600 KB] In ts_4_20 of size 2 found num new op-mutexes 0
[t=0.115926s, 28600 KB] In ts_4_21 of size 2 found num new op-mutexes 0
[t=0.116097s, 28600 KB] In ts_4_22 of size 2 found num new op-mutexes 0
[t=0.116267s, 28600 KB] In ts_4_23 of size 2 found num new op-mutexes 0
[t=0.116436s, 28600 KB] In ts_4_24 of size 2 found num new op-mutexes 0
[t=0.116616s, 28600 KB] In ts_4_25 of size 2 found num new op-mutexes 0
[t=0.116787s, 28600 KB] In ts_4_26 of size 2 found num new op-mutexes 0
[t=0.116957s, 28600 KB] In ts_4_27 of size 2 found num new op-mutexes 0
[t=0.118587s, 28600 KB] In ts_4_30 of size 17 found num new op-mutexes 0
[t=0.120238s, 28600 KB] In ts_4_32 of size 17 found num new op-mutexes 0
[t=0.122005s, 28600 KB] In ts_4_33 of size 17 found num new op-mutexes 0
[t=0.123874s, 28600 KB] In ts_4_34 of size 17 found num new op-mutexes 0
[t=0.125493s, 28600 KB] In ts_4_36 of size 17 found num new op-mutexes 0
[t=0.127199s, 28600 KB] In ts_4_38 of size 34 found num new op-mutexes 0
[t=0.12893s, 28600 KB] In ts_4_39 of size 34 found num new op-mutexes 0
[t=0.130701s, 28600 KB] In ts_4_40 of size 34 found num new op-mutexes 0
[t=0.133295s, 28600 KB] In ts_4_41 of size 35 found num new op-mutexes 0
[t=0.13526s, 28600 KB] In ts_4_42 of size 68 found num new op-mutexes 0
[t=0.135314s, 28600 KB] Operator mutex finished iteration 4. Found an additional 0 operator mutexes

[t=0.135935s, 28600 KB] Next pair of indices: (7, 30)
[t=0.135963s, 28600 KB] M&S algorithm main loop timer: 0.126082s (after computation of next merge)
[t=0.136141s, 28600 KB] M&S algorithm main loop timer: 0.126264s (after merging)
[t=0.136193s, 28600 KB] M&S algorithm main loop timer: 0.126312s (after pruning)

[t=0.13622s, 28600 KB] Operator mutex starting iteration 5
[t=0.136518s, 28600 KB] In ts_5_0 of size 3 found num new op-mutexes 0
[t=0.136812s, 28600 KB] In ts_5_1 of size 3 found num new op-mutexes 0
[t=0.137124s, 28600 KB] In ts_5_8 of size 4 found num new op-mutexes 0
[t=0.137426s, 28600 KB] In ts_5_9 of size 4 found num new op-mutexes 0
[t=0.137729s, 28600 KB] In ts_5_10 of size 4 found num new op-mutexes 0
[t=0.138026s, 28600 KB] In ts_5_11 of size 4 found num new op-mutexes 0
[t=0.138321s, 28600 KB] In ts_5_12 of size 4 found num new op-mutexes 0
[t=0.138629s, 28600 KB] In ts_5_13 of size 4 found num new op-mutexes 0
[t=0.138924s, 28600 KB] In ts_5_14 of size 4 found num new op-mutexes 0
[t=0.139107s, 28600 KB] In ts_5_15 of size 2 found num new op-mutexes 0
[t=0.139281s, 28600 KB] In ts_5_16 of size 2 found num new op-mutexes 0
[t=0.13948s, 28600 KB] In ts_5_17 of size 2 found num new op-mutexes 0
[t=0.139654s, 28600 KB] In ts_5_18 of size 2 found num new op-mutexes 0
[t=0.139825s, 28600 KB] In ts_5_19 of size 2 found num new op-mutexes 0
[t=0.139995s, 28600 KB] In ts_5_20 of size 2 found num new op-mutexes 0
[t=0.140175s, 28600 KB] In ts_5_21 of size 2 found num new op-mutexes 0
[t=0.140344s, 28600 KB] In ts_5_22 of size 2 found num new op-mutexes 0
[t=0.140513s, 28600 KB] In ts_5_23 of size 2 found num new op-mutexes 0
[t=0.140681s, 28600 KB] In ts_5_24 of size 2 found num new op-mutexes 0
[t=0.140857s, 28600 KB] In ts_5_25 of size 2 found num new op-mutexes 0
[t=0.14103s, 28600 KB] In ts_5_26 of size 2 found num new op-mutexes 0
[t=0.141201s, 28600 KB] In ts_5_27 of size 2 found num new op-mutexes 0
[t=0.142828s, 28600 KB] In ts_5_32 of size 17 found num new op-mutexes 0
[t=0.144417s, 28600 KB] In ts_5_33 of size 17 found num new op-mutexes 0
[t=0.146037s, 28600 KB] In ts_5_34 of size 17 found num new op-mutexes 0
[t=0.147628s, 28600 KB] In ts_5_36 of size 17 found num new op-mutexes 0
[t=0.149376s, 28600 KB] In ts_5_38 of size 34 found num new op-mutexes 0
[t=0.151098s, 28600 KB] In ts_5_39 of size 34 found num new op-mutexes 0
[t=0.152848s, 28600 KB] In ts_5_40 of size 34 found num new op-mutexes 0
[t=0.155439s, 28600 KB] In ts_5_41 of size 35 found num new op-mutexes 0
[t=0.157417s, 28600 KB] In ts_5_42 of size 68 found num new op-mutexes 0
[t=0.160606s, 28808 KB] In ts_5_43 of size 35 found num new op-mutexes 9396
[t=0.160656s, 28808 KB] Operator mutex finished iteration 5. Found an additional 9396 operator mutexes

[t=0.161304s, 28808 KB] Next pair of indices: (8, 36)
[t=0.161332s, 28808 KB] M&S algorithm main loop timer: 0.15145s (after computation of next merge)
[t=0.16154s, 28808 KB] M&S algorithm main loop timer: 0.151664s (after merging)

[t=0.161577s, 28808 KB] Operator mutex starting iteration 6
[t=0.16187s, 28808 KB] In ts_6_0 of size 3 found num new op-mutexes 0
[t=0.162186s, 28808 KB] In ts_6_1 of size 3 found num new op-mutexes 0
[t=0.162492s, 28808 KB] In ts_6_9 of size 4 found num new op-mutexes 0
[t=0.162795s, 28808 KB] In ts_6_10 of size 4 found num new op-mutexes 0
[t=0.163104s, 28808 KB] In ts_6_11 of size 4 found num new op-mutexes 0
[t=0.163403s, 28808 KB] In ts_6_12 of size 4 found num new op-mutexes 0
[t=0.163712s, 28808 KB] In ts_6_13 of size 4 found num new op-mutexes 0
[t=0.16401s, 28808 KB] In ts_6_14 of size 4 found num new op-mutexes 0
[t=0.164188s, 28808 KB] In ts_6_15 of size 2 found num new op-mutexes 0
[t=0.164375s, 28808 KB] In ts_6_16 of size 2 found num new op-mutexes 0
[t=0.164551s, 28808 KB] In ts_6_17 of size 2 found num new op-mutexes 0
[t=0.164723s, 28808 KB] In ts_6_18 of size 2 found num new op-mutexes 0
[t=0.164902s, 28808 KB] In ts_6_19 of size 2 found num new op-mutexes 0
[t=0.165083s, 28808 KB] In ts_6_20 of size 2 found num new op-mutexes 0
[t=0.165255s, 28808 KB] In ts_6_21 of size 2 found num new op-mutexes 0
[t=0.165426s, 28808 KB] In ts_6_22 of size 2 found num new op-mutexes 0
[t=0.165596s, 28808 KB] In ts_6_23 of size 2 found num new op-mutexes 0
[t=0.16577s, 28808 KB] In ts_6_24 of size 2 found num new op-mutexes 0
[t=0.165956s, 28808 KB] In ts_6_25 of size 2 found num new op-mutexes 0
[t=0.166127s, 28808 KB] In ts_6_26 of size 2 found num new op-mutexes 0
[t=0.166298s, 28808 KB] In ts_6_27 of size 2 found num new op-mutexes 0
[t=0.167903s, 28808 KB] In ts_6_32 of size 17 found num new op-mutexes 0
[t=0.169562s, 28808 KB] In ts_6_33 of size 17 found num new op-mutexes 0
[t=0.171178s, 28808 KB] In ts_6_34 of size 17 found num new op-mutexes 0
[t=0.172896s, 28808 KB] In ts_6_38 of size 34 found num new op-mutexes 0
[t=0.174684s, 28808 KB] In ts_6_39 of size 34 found num new op-mutexes 0
[t=0.176479s, 28808 KB] In ts_6_40 of size 34 found num new op-mutexes 0
[t=0.179256s, 28808 KB] In ts_6_41 of size 35 found num new op-mutexes 0
[t=0.181244s, 28808 KB] In ts_6_42 of size 68 found num new op-mutexes 0
[t=0.183883s, 28808 KB] In ts_6_43 of size 35 found num new op-mutexes 0
[t=0.185786s, 28808 KB] In ts_6_44 of size 68 found num new op-mutexes 0
[t=0.185845s, 28808 KB] Operator mutex finished iteration 6. Found an additional 0 operator mutexes

[t=0.186491s, 28808 KB] Next pair of indices: (9, 32)
[t=0.186518s, 28808 KB] M&S algorithm main loop timer: 0.176648s (after computation of next merge)
[t=0.186705s, 28808 KB] M&S algorithm main loop timer: 0.176828s (after merging)
[t=0.186755s, 28808 KB] M&S algorithm main loop timer: 0.176875s (after pruning)

[t=0.186782s, 28808 KB] Operator mutex starting iteration 7
[t=0.18708s, 28808 KB] In ts_7_0 of size 3 found num new op-mutexes 0
[t=0.187384s, 28808 KB] In ts_7_1 of size 3 found num new op-mutexes 0
[t=0.187694s, 28808 KB] In ts_7_10 of size 4 found num new op-mutexes 0
[t=0.188009s, 28808 KB] In ts_7_11 of size 4 found num new op-mutexes 0
[t=0.18834s, 28808 KB] In ts_7_12 of size 4 found num new op-mutexes 0
[t=0.188649s, 28808 KB] In ts_7_13 of size 4 found num new op-mutexes 0
[t=0.188952s, 28808 KB] In ts_7_14 of size 4 found num new op-mutexes 0
[t=0.18913s, 28808 KB] In ts_7_15 of size 2 found num new op-mutexes 0
[t=0.189306s, 28808 KB] In ts_7_16 of size 2 found num new op-mutexes 0
[t=0.189488s, 28808 KB] In ts_7_17 of size 2 found num new op-mutexes 0
[t=0.189661s, 28808 KB] In ts_7_18 of size 2 found num new op-mutexes 0
[t=0.189832s, 28808 KB] In ts_7_19 of size 2 found num new op-mutexes 0
[t=0.190002s, 28808 KB] In ts_7_20 of size 2 found num new op-mutexes 0
[t=0.190182s, 28808 KB] In ts_7_21 of size 2 found num new op-mutexes 0
[t=0.190352s, 28808 KB] In ts_7_22 of size 2 found num new op-mutexes 0
[t=0.190531s, 28808 KB] In ts_7_23 of size 2 found num new op-mutexes 0
[t=0.1907s, 28808 KB] In ts_7_24 of size 2 found num new op-mutexes 0
[t=0.190871s, 28808 KB] In ts_7_25 of size 2 found num new op-mutexes 0
[t=0.191051s, 28808 KB] In ts_7_26 of size 2 found num new op-mutexes 0
[t=0.191228s, 28808 KB] In ts_7_27 of size 2 found num new op-mutexes 0
[t=0.192866s, 28808 KB] In ts_7_33 of size 17 found num new op-mutexes 0
[t=0.194484s, 28808 KB] In ts_7_34 of size 17 found num new op-mutexes 0
[t=0.19619s, 28808 KB] In ts_7_38 of size 34 found num new op-mutexes 0
[t=0.197982s, 28808 KB] In ts_7_39 of size 34 found num new op-mutexes 0
[t=0.199801s, 28808 KB] In ts_7_40 of size 34 found num new op-mutexes 0
[t=0.202572s, 28808 KB] In ts_7_41 of size 35 found num new op-mutexes 0
[t=0.204603s, 28808 KB] In ts_7_42 of size 68 found num new op-mutexes 0
[t=0.207266s, 28808 KB] In ts_7_43 of size 35 found num new op-mutexes 0
[t=0.209191s, 28808 KB] In ts_7_44 of size 68 found num new op-mutexes 0
[t=0.212735s, 29224 KB] In ts_7_45 of size 35 found num new op-mutexes 9324
[t=0.212787s, 29224 KB] Operator mutex finished iteration 7. Found an additional 9324 operator mutexes

[t=0.213455s, 29224 KB] Next pair of indices: (10, 33)
[t=0.213482s, 29224 KB] M&S algorithm main loop timer: 0.2036s (after computation of next merge)
[t=0.213657s, 29224 KB] M&S algorithm main loop timer: 0.203782s (after merging)
[t=0.213711s, 29224 KB] M&S algorithm main loop timer: 0.20383s (after pruning)

[t=0.213738s, 29224 KB] Operator mutex starting iteration 8
[t=0.214045s, 29224 KB] In ts_8_0 of size 3 found num new op-mutexes 0
[t=0.214344s, 29224 KB] In ts_8_1 of size 3 found num new op-mutexes 0
[t=0.214647s, 29224 KB] In ts_8_11 of size 4 found num new op-mutexes 0
[t=0.214959s, 29224 KB] In ts_8_12 of size 4 found num new op-mutexes 0
[t=0.215259s, 29224 KB] In ts_8_13 of size 4 found num new op-mutexes 0
[t=0.215574s, 29224 KB] In ts_8_14 of size 4 found num new op-mutexes 0
[t=0.215754s, 29224 KB] In ts_8_15 of size 2 found num new op-mutexes 0
[t=0.215931s, 29224 KB] In ts_8_16 of size 2 found num new op-mutexes 0
[t=0.216115s, 29224 KB] In ts_8_17 of size 2 found num new op-mutexes 0
[t=0.216287s, 29224 KB] In ts_8_18 of size 2 found num new op-mutexes 0
[t=0.216459s, 29224 KB] In ts_8_19 of size 2 found num new op-mutexes 0
[t=0.216636s, 29224 KB] In ts_8_20 of size 2 found num new op-mutexes 0
[t=0.216815s, 29224 KB] In ts_8_21 of size 2 found num new op-mutexes 0
[t=0.216988s, 29224 KB] In ts_8_22 of size 2 found num new op-mutexes 0
[t=0.21716s, 29224 KB] In ts_8_23 of size 2 found num new op-mutexes 0
[t=0.217331s, 29224 KB] In ts_8_24 of size 2 found num new op-mutexes 0
[t=0.217503s, 29224 KB] In ts_8_25 of size 2 found num new op-mutexes 0
[t=0.217697s, 29224 KB] In ts_8_26 of size 2 found num new op-mutexes 0
[t=0.217883s, 29224 KB] In ts_8_27 of size 2 found num new op-mutexes 0
[t=0.219509s, 29224 KB] In ts_8_34 of size 17 found num new op-mutexes 0
[t=0.221279s, 29224 KB] In ts_8_38 of size 34 found num new op-mutexes 0
[t=0.223342s, 29224 KB] In ts_8_39 of size 34 found num new op-mutexes 0
[t=0.225095s, 29224 KB] In ts_8_40 of size 34 found num new op-mutexes 0
[t=0.227893s, 29224 KB] In ts_8_41 of size 35 found num new op-mutexes 0
[t=0.229949s, 29224 KB] In ts_8_42 of size 68 found num new op-mutexes 0
[t=0.232645s, 29224 KB] In ts_8_43 of size 35 found num new op-mutexes 0
[t=0.234628s, 29224 KB] In ts_8_44 of size 68 found num new op-mutexes 0
[t=0.237252s, 29224 KB] In ts_8_45 of size 35 found num new op-mutexes 0
[t=0.240026s, 29224 KB] In ts_8_46 of size 35 found num new op-mutexes 9252
[t=0.240096s, 29224 KB] Operator mutex finished iteration 8. Found an additional 9252 operator mutexes

[t=0.240784s, 29224 KB] Next pair of indices: (11, 34)
[t=0.240813s, 29224 KB] M&S algorithm main loop timer: 0.230933s (after computation of next merge)
[t=0.240992s, 29224 KB] M&S algorithm main loop timer: 0.231117s (after merging)
[t=0.241056s, 29224 KB] M&S algorithm main loop timer: 0.231176s (after pruning)

[t=0.241083s, 29224 KB] Operator mutex starting iteration 9
[t=0.241385s, 29224 KB] In ts_9_0 of size 3 found num new op-mutexes 0
[t=0.241683s, 29224 KB] In ts_9_1 of size 3 found num new op-mutexes 0
[t=0.241988s, 29224 KB] In ts_9_12 of size 4 found num new op-mutexes 0
[t=0.24229s, 29224 KB] In ts_9_13 of size 4 found num new op-mutexes 0
[t=0.242598s, 29224 KB] In ts_9_14 of size 4 found num new op-mutexes 0
[t=0.242776s, 29224 KB] In ts_9_15 of size 2 found num new op-mutexes 0
[t=0.242963s, 29224 KB] In ts_9_16 of size 2 found num new op-mutexes 0
[t=0.24314s, 29224 KB] In ts_9_17 of size 2 found num new op-mutexes 0
[t=0.243323s, 29224 KB] In ts_9_18 of size 2 found num new op-mutexes 0
[t=0.243497s, 29224 KB] In ts_9_19 of size 2 found num new op-mutexes 0
[t=0.243679s, 29224 KB] In ts_9_20 of size 2 found num new op-mutexes 0
[t=0.24385s, 29224 KB] In ts_9_21 of size 2 found num new op-mutexes 0
[t=0.244021s, 29224 KB] In ts_9_22 of size 2 found num new op-mutexes 0
[t=0.244193s, 29224 KB] In ts_9_23 of size 2 found num new op-mutexes 0
[t=0.244364s, 29224 KB] In ts_9_24 of size 2 found num new op-mutexes 0
[t=0.244536s, 29224 KB] In ts_9_25 of size 2 found num new op-mutexes 0
[t=0.244717s, 29224 KB] In ts_9_26 of size 2 found num new op-mutexes 0
[t=0.244889s, 29224 KB] In ts_9_27 of size 2 found num new op-mutexes 0
[t=0.246641s, 29224 KB] In ts_9_38 of size 34 found num new op-mutexes 0
[t=0.248452s, 29224 KB] In ts_9_39 of size 34 found num new op-mutexes 0
[t=0.250201s, 29224 KB] In ts_9_40 of size 34 found num new op-mutexes 0
[t=0.252971s, 29224 KB] In ts_9_41 of size 35 found num new op-mutexes 0
[t=0.25501s, 29224 KB] In ts_9_42 of size 68 found num new op-mutexes 0
[t=0.25784s, 29224 KB] In ts_9_43 of size 35 found num new op-mutexes 0
[t=0.25984s, 29224 KB] In ts_9_44 of size 68 found num new op-mutexes 0
[t=0.262552s, 29224 KB] In ts_9_45 of size 35 found num new op-mutexes 0
[t=0.265087s, 29224 KB] In ts_9_46 of size 35 found num new op-mutexes 0
[t=0.267942s, 29280 KB] In ts_9_47 of size 35 found num new op-mutexes 9180
[t=0.267992s, 29280 KB] Operator mutex finished iteration 9. Found an additional 9180 operator mutexes

[t=0.268653s, 29280 KB] Next pair of indices: (12, 47)
[t=0.268681s, 29280 KB] M&S algorithm main loop timer: 0.258799s (after computation of next merge)
[t=0.268926s, 29280 KB] M&S algorithm main loop timer: 0.259053s (after merging)

[t=0.268971s, 29280 KB] Operator mutex starting iteration 10
[t=0.269268s, 29280 KB] In ts_10_0 of size 3 found num new op-mutexes 0
[t=0.269571s, 29280 KB] In ts_10_1 of size 3 found num new op-mutexes 0
[t=0.269888s, 29280 KB] In ts_10_13 of size 4 found num new op-mutexes 0
[t=0.270206s, 29280 KB] In ts_10_14 of size 4 found num new op-mutexes 0
[t=0.270401s, 29280 KB] In ts_10_15 of size 2 found num new op-mutexes 0
[t=0.270584s, 29280 KB] In ts_10_16 of size 2 found num new op-mutexes 0
[t=0.270763s, 29280 KB] In ts_10_17 of size 2 found num new op-mutexes 0
[t=0.270939s, 29280 KB] In ts_10_18 of size 2 found num new op-mutexes 0
[t=0.271124s, 29280 KB] In ts_10_19 of size 2 found num new op-mutexes 0
[t=0.271299s, 29280 KB] In ts_10_20 of size 2 found num new op-mutexes 0
[t=0.271473s, 29280 KB] In ts_10_21 of size 2 found num new op-mutexes 0
[t=0.271648s, 29280 KB] In ts_10_22 of size 2 found num new op-mutexes 0
[t=0.271821s, 29280 KB] In ts_10_23 of size 2 found num new op-mutexes 0
[t=0.271995s, 29280 KB] In ts_10_24 of size 2 found num new op-mutexes 0
[t=0.272169s, 29280 KB] In ts_10_25 of size 2 found num new op-mutexes 0
[t=0.272344s, 29280 KB] In ts_10_26 of size 2 found num new op-mutexes 0
[t=0.272519s, 29280 KB] In ts_10_27 of size 2 found num new op-mutexes 0
[t=0.27433s, 29280 KB] In ts_10_38 of size 34 found num new op-mutexes 0
[t=0.276205s, 29280 KB] In ts_10_39 of size 34 found num new op-mutexes 0
[t=0.278036s, 29280 KB] In ts_10_40 of size 34 found num new op-mutexes 0
[t=0.280964s, 29280 KB] In ts_10_41 of size 35 found num new op-mutexes 0
[t=0.283029s, 29280 KB] In ts_10_42 of size 68 found num new op-mutexes 0
[t=0.285936s, 29280 KB] In ts_10_43 of size 35 found num new op-mutexes 0
[t=0.288028s, 29280 KB] In ts_10_44 of size 68 found num new op-mutexes 0
[t=0.29086s, 29280 KB] In ts_10_45 of size 35 found num new op-mutexes 0
[t=0.293537s, 29280 KB] In ts_10_46 of size 35 found num new op-mutexes 0
[t=0.296442s, 29280 KB] In ts_10_48 of size 140 found num new op-mutexes 0
[t=0.296558s, 29280 KB] Operator mutex finished iteration 10. Found an additional 0 operator mutexes

[t=0.297372s, 29280 KB] Next pair of indices: (13, 48)
[t=0.297413s, 29280 KB] M&S algorithm main loop timer: 0.287534s (after computation of next merge)
[t=0.298141s, 29280 KB] M&S algorithm main loop timer: 0.288284s (after merging)

[t=0.298227s, 29280 KB] Operator mutex starting iteration 11
[t=0.298528s, 29280 KB] In ts_11_0 of size 3 found num new op-mutexes 0
[t=0.298844s, 29280 KB] In ts_11_1 of size 3 found num new op-mutexes 0
[t=0.299157s, 29280 KB] In ts_11_14 of size 4 found num new op-mutexes 0
[t=0.29935s, 29280 KB] In ts_11_15 of size 2 found num new op-mutexes 0
[t=0.299534s, 29280 KB] In ts_11_16 of size 2 found num new op-mutexes 0
[t=0.299717s, 29280 KB] In ts_11_17 of size 2 found num new op-mutexes 0
[t=0.299895s, 29280 KB] In ts_11_18 of size 2 found num new op-mutexes 0
[t=0.300073s, 29280 KB] In ts_11_19 of size 2 found num new op-mutexes 0
[t=0.30025s, 29280 KB] In ts_11_20 of size 2 found num new op-mutexes 0
[t=0.300445s, 29280 KB] In ts_11_21 of size 2 found num new op-mutexes 0
[t=0.300625s, 29280 KB] In ts_11_22 of size 2 found num new op-mutexes 0
[t=0.300812s, 29280 KB] In ts_11_23 of size 2 found num new op-mutexes 0
[t=0.301038s, 29280 KB] In ts_11_24 of size 2 found num new op-mutexes 0
[t=0.301232s, 29280 KB] In ts_11_25 of size 2 found num new op-mutexes 0
[t=0.301422s, 29280 KB] In ts_11_26 of size 2 found num new op-mutexes 0
[t=0.3016s, 29280 KB] In ts_11_27 of size 2 found num new op-mutexes 0
[t=0.303418s, 29280 KB] In ts_11_38 of size 34 found num new op-mutexes 0
[t=0.305299s, 29280 KB] In ts_11_39 of size 34 found num new op-mutexes 0
[t=0.307126s, 29280 KB] In ts_11_40 of size 34 found num new op-mutexes 0
[t=0.3101s, 29280 KB] In ts_11_41 of size 35 found num new op-mutexes 0
[t=0.312196s, 29280 KB] In ts_11_42 of size 68 found num new op-mutexes 0
[t=0.315169s, 29280 KB] In ts_11_43 of size 35 found num new op-mutexes 0
[t=0.317266s, 29280 KB] In ts_11_44 of size 68 found num new op-mutexes 0
[t=0.320115s, 29280 KB] In ts_11_45 of size 35 found num new op-mutexes 0
[t=0.322821s, 29280 KB] In ts_11_46 of size 35 found num new op-mutexes 0
[t=0.328544s, 29928 KB] In ts_11_49 of size 560 found num new op-mutexes 0
[t=0.328621s, 29928 KB] Operator mutex finished iteration 11. Found an additional 0 operator mutexes

[t=0.32932s, 29928 KB] Next pair of indices: (14, 49)
[t=0.329349s, 29928 KB] M&S algorithm main loop timer: 0.319469s (after computation of next merge)
[t=0.332885s, 29928 KB] M&S algorithm main loop timer: 0.323023s (after merging)

[t=0.333061s, 29928 KB] Operator mutex starting iteration 12
[t=0.333376s, 29928 KB] In ts_12_0 of size 3 found num new op-mutexes 0
[t=0.333692s, 29928 KB] In ts_12_1 of size 3 found num new op-mutexes 0
[t=0.333885s, 29928 KB] In ts_12_15 of size 2 found num new op-mutexes 0
[t=0.334071s, 29928 KB] In ts_12_16 of size 2 found num new op-mutexes 0
[t=0.334261s, 29928 KB] In ts_12_17 of size 2 found num new op-mutexes 0
[t=0.334443s, 29928 KB] In ts_12_18 of size 2 found num new op-mutexes 0
[t=0.334624s, 29928 KB] In ts_12_19 of size 2 found num new op-mutexes 0
[t=0.334804s, 29928 KB] In ts_12_20 of size 2 found num new op-mutexes 0
[t=0.334993s, 29928 KB] In ts_12_21 of size 2 found num new op-mutexes 0
[t=0.335175s, 29928 KB] In ts_12_22 of size 2 found num new op-mutexes 0
[t=0.335362s, 29928 KB] In ts_12_23 of size 2 found num new op-mutexes 0
[t=0.335542s, 29928 KB] In ts_12_24 of size 2 found num new op-mutexes 0
[t=0.335723s, 29928 KB] In ts_12_25 of size 2 found num new op-mutexes 0
[t=0.335938s, 29928 KB] In ts_12_26 of size 2 found num new op-mutexes 0
[t=0.336123s, 29928 KB] In ts_12_27 of size 2 found num new op-mutexes 0
[t=0.337998s, 29928 KB] In ts_12_38 of size 34 found num new op-mutexes 0
[t=0.339959s, 29928 KB] In ts_12_39 of size 34 found num new op-mutexes 0
[t=0.341824s, 29928 KB] In ts_12_40 of size 34 found num new op-mutexes 0
[t=0.344786s, 29928 KB] In ts_12_41 of size 35 found num new op-mutexes 0
[t=0.34693s, 29928 KB] In ts_12_42 of size 68 found num new op-mutexes 0
[t=0.349931s, 29928 KB] In ts_12_43 of size 35 found num new op-mutexes 0
[t=0.352023s, 29928 KB] In ts_12_44 of size 68 found num new op-mutexes 0
[t=0.3549s, 29928 KB] In ts_12_45 of size 35 found num new op-mutexes 0
[t=0.35763s, 29928 KB] In ts_12_46 of size 35 found num new op-mutexes 0
[t=0.377112s, 33532 KB] In ts_12_50 of size 2240 found num new op-mutexes 0
[t=0.377217s, 33532 KB] Operator mutex finished iteration 12. Found an additional 0 operator mutexes

[t=0.377964s, 33532 KB] Next pair of indices: (15, 50)
[t=0.377992s, 33532 KB] M&S algorithm main loop timer: 0.368111s (after computation of next merge)
[t=0.389713s, 33532 KB] M&S algorithm main loop timer: 0.379858s (after merging)

[t=0.39001s, 33532 KB] Operator mutex starting iteration 13
[t=0.390366s, 33532 KB] In ts_13_0 of size 3 found num new op-mutexes 0
[t=0.390686s, 33532 KB] In ts_13_1 of size 3 found num new op-mutexes 0
[t=0.390877s, 33532 KB] In ts_13_16 of size 2 found num new op-mutexes 0
[t=0.391075s, 33532 KB] In ts_13_17 of size 2 found num new op-mutexes 0
[t=0.391262s, 33532 KB] In ts_13_18 of size 2 found num new op-mutexes 0
[t=0.391455s, 33532 KB] In ts_13_19 of size 2 found num new op-mutexes 0
[t=0.391645s, 33532 KB] In ts_13_20 of size 2 found num new op-mutexes 0
[t=0.391833s, 33532 KB] In ts_13_21 of size 2 found num new op-mutexes 0
[t=0.392018s, 33532 KB] In ts_13_22 of size 2 found num new op-mutexes 0
[t=0.392203s, 33532 KB] In ts_13_23 of size 2 found num new op-mutexes 0
[t=0.392388s, 33532 KB] In ts_13_24 of size 2 found num new op-mutexes 0
[t=0.392581s, 33532 KB] In ts_13_25 of size 2 found num new op-mutexes 0
[t=0.392776s, 33532 KB] In ts_13_26 of size 2 found num new op-mutexes 0
[t=0.392963s, 33532 KB] In ts_13_27 of size 2 found num new op-mutexes 0
[t=0.395133s, 33532 KB] In ts_13_38 of size 34 found num new op-mutexes 0
[t=0.397349s, 33532 KB] In ts_13_39 of size 34 found num new op-mutexes 0
[t=0.399331s, 33532 KB] In ts_13_40 of size 34 found num new op-mutexes 0
[t=0.402438s, 33532 KB] In ts_13_41 of size 35 found num new op-mutexes 0
[t=0.404578s, 33532 KB] In ts_13_42 of size 68 found num new op-mutexes 0
[t=0.407609s, 33532 KB] In ts_13_43 of size 35 found num new op-mutexes 0
[t=0.409699s, 33532 KB] In ts_13_44 of size 68 found num new op-mutexes 0
[t=0.412566s, 33532 KB] In ts_13_45 of size 35 found num new op-mutexes 0
[t=0.415314s, 33532 KB] In ts_13_46 of size 35 found num new op-mutexes 0
[t=0.467738s, 44996 KB] In ts_13_51 of size 4480 found num new op-mutexes 0
[t=0.46788s, 44996 KB] Operator mutex finished iteration 13. Found an additional 0 operator mutexes

[t=0.4687s, 44996 KB] Next pair of indices: (16, 51)
[t=0.468735s, 44996 KB] M&S algorithm main loop timer: 0.458855s (after computation of next merge)
[t=0.502083s, 44996 KB] M&S algorithm main loop timer: 0.492263s (after merging)

[t=0.502686s, 44996 KB] Operator mutex starting iteration 14
[t=0.503001s, 44996 KB] In ts_14_0 of size 3 found num new op-mutexes 0
[t=0.503324s, 44996 KB] In ts_14_1 of size 3 found num new op-mutexes 0
[t=0.503525s, 44996 KB] In ts_14_17 of size 2 found num new op-mutexes 0
[t=0.503713s, 44996 KB] In ts_14_18 of size 2 found num new op-mutexes 0
[t=0.503907s, 44996 KB] In ts_14_19 of size 2 found num new op-mutexes 0
[t=0.504109s, 44996 KB] In ts_14_20 of size 2 found num new op-mutexes 0
[t=0.504325s, 44996 KB] In ts_14_21 of size 2 found num new op-mutexes 0
[t=0.504517s, 44996 KB] In ts_14_22 of size 2 found num new op-mutexes 0
[t=0.504704s, 44996 KB] In ts_14_23 of size 2 found num new op-mutexes 0
[t=0.50491s, 44996 KB] In ts_14_24 of size 2 found num new op-mutexes 0
[t=0.505117s, 44996 KB] In ts_14_25 of size 2 found num new op-mutexes 0
[t=0.505303s, 44996 KB] In ts_14_26 of size 2 found num new op-mutexes 0
[t=0.505487s, 44996 KB] In ts_14_27 of size 2 found num new op-mutexes 0
[t=0.507757s, 44996 KB] In ts_14_38 of size 34 found num new op-mutexes 0
[t=0.509982s, 44996 KB] In ts_14_39 of size 34 found num new op-mutexes 0
[t=0.511943s, 44996 KB] In ts_14_40 of size 34 found num new op-mutexes 0
[t=0.5151s, 44996 KB] In ts_14_41 of size 35 found num new op-mutexes 0
[t=0.517271s, 44996 KB] In ts_14_42 of size 68 found num new op-mutexes 0
[t=0.520272s, 44996 KB] In ts_14_43 of size 35 found num new op-mutexes 0
[t=0.522337s, 44996 KB] In ts_14_44 of size 68 found num new op-mutexes 0
[t=0.525231s, 44996 KB] In ts_14_45 of size 35 found num new op-mutexes 0
[t=0.52842s, 44996 KB] In ts_14_46 of size 35 found num new op-mutexes 0
[t=0.529295s, 44996 KB] Operator mutex finished iteration 14. Found an additional 0 operator mutexes

[t=0.530244s, 44996 KB] Next pair of indices: (17, 52)
[t=0.530273s, 44996 KB] M&S algorithm main loop timer: 0.520392s (after computation of next merge)
[t=0.631167s, 44996 KB] M&S algorithm main loop timer: 0.621349s (after merging)

[t=0.63228s, 44996 KB] Operator mutex starting iteration 15
[t=0.632598s, 44996 KB] In ts_15_0 of size 3 found num new op-mutexes 0
[t=0.632931s, 44996 KB] In ts_15_1 of size 3 found num new op-mutexes 0
[t=0.633135s, 44996 KB] In ts_15_18 of size 2 found num new op-mutexes 0
[t=0.633338s, 44996 KB] In ts_15_19 of size 2 found num new op-mutexes 0
[t=0.633541s, 44996 KB] In ts_15_20 of size 2 found num new op-mutexes 0
[t=0.633736s, 44996 KB] In ts_15_21 of size 2 found num new op-mutexes 0
[t=0.633924s, 44996 KB] In ts_15_22 of size 2 found num new op-mutexes 0
[t=0.634109s, 44996 KB] In ts_15_23 of size 2 found num new op-mutexes 0
[t=0.634295s, 44996 KB] In ts_15_24 of size 2 found num new op-mutexes 0
[t=0.634502s, 44996 KB] In ts_15_25 of size 2 found num new op-mutexes 0
[t=0.634692s, 44996 KB] In ts_15_26 of size 2 found num new op-mutexes 0
[t=0.634886s, 44996 KB] In ts_15_27 of size 2 found num new op-mutexes 0
[t=0.637148s, 44996 KB] In ts_15_38 of size 34 found num new op-mutexes 0
[t=0.639371s, 44996 KB] In ts_15_39 of size 34 found num new op-mutexes 0
[t=0.641352s, 44996 KB] In ts_15_40 of size 34 found num new op-mutexes 0
[t=0.644505s, 44996 KB] In ts_15_41 of size 35 found num new op-mutexes 0
[t=0.646679s, 44996 KB] In ts_15_42 of size 68 found num new op-mutexes 0
[t=0.649667s, 44996 KB] In ts_15_43 of size 35 found num new op-mutexes 0
[t=0.651764s, 44996 KB] In ts_15_44 of size 68 found num new op-mutexes 0
[t=0.654658s, 44996 KB] In ts_15_45 of size 35 found num new op-mutexes 0
[t=0.657385s, 44996 KB] In ts_15_46 of size 35 found num new op-mutexes 0
[t=0.660261s, 46500 KB] Operator mutex finished iteration 15. Found an additional 0 operator mutexes

[t=0.661891s, 46500 KB] Next pair of indices: (18, 53)
[t=0.661923s, 46500 KB] M&S algorithm main loop timer: 0.652042s (after computation of next merge)
[t=0.958235s, 69520 KB] M&S algorithm main loop timer: 0.948426s (after merging)

[t=0.960529s, 69520 KB] Operator mutex starting iteration 16
[t=0.960854s, 69520 KB] In ts_16_0 of size 3 found num new op-mutexes 0
[t=0.961177s, 69520 KB] In ts_16_1 of size 3 found num new op-mutexes 0
[t=0.961371s, 69520 KB] In ts_16_19 of size 2 found num new op-mutexes 0
[t=0.96156s, 69520 KB] In ts_16_20 of size 2 found num new op-mutexes 0
[t=0.961747s, 69520 KB] In ts_16_21 of size 2 found num new op-mutexes 0
[t=0.961941s, 69520 KB] In ts_16_22 of size 2 found num new op-mutexes 0
[t=0.962126s, 69520 KB] In ts_16_23 of size 2 found num new op-mutexes 0
[t=0.962311s, 69520 KB] In ts_16_24 of size 2 found num new op-mutexes 0
[t=0.962496s, 69520 KB] In ts_16_25 of size 2 found num new op-mutexes 0
[t=0.962681s, 69520 KB] In ts_16_26 of size 2 found num new op-mutexes 0
[t=0.962871s, 69520 KB] In ts_16_27 of size 2 found num new op-mutexes 0
[t=0.9652s, 69520 KB] In ts_16_38 of size 34 found num new op-mutexes 0
[t=0.967451s, 69520 KB] In ts_16_39 of size 34 found num new op-mutexes 0
[t=0.969408s, 69520 KB] In ts_16_40 of size 34 found num new op-mutexes 0
[t=0.972524s, 69520 KB] In ts_16_41 of size 35 found num new op-mutexes 0
[t=0.974728s, 69520 KB] In ts_16_42 of size 68 found num new op-mutexes 0
[t=0.977734s, 69520 KB] In ts_16_43 of size 35 found num new op-mutexes 0
[t=0.979824s, 69520 KB] In ts_16_44 of size 68 found num new op-mutexes 0
[t=0.982682s, 69520 KB] In ts_16_45 of size 35 found num new op-mutexes 0
[t=0.985432s, 69520 KB] In ts_16_46 of size 35 found num new op-mutexes 0
[t=0.991891s, 72348 KB] Operator mutex finished iteration 16. Found an additional 0 operator mutexes

[t=0.995608s, 72348 KB] Next pair of indices: (19, 54)
[t=0.995656s, 72348 KB] M&S algorithm main loop timer: 0.985777s (after computation of next merge)
[t=1.37039s, 84888 KB] M&S algorithm main loop timer: 1.36059s (after shrinking)
[t=1.58917s, 84888 KB] M&S algorithm main loop timer: 1.57935s (after merging)

[t=1.59107s, 84888 KB] Operator mutex starting iteration 17
[t=1.59141s, 84888 KB] In ts_17_0 of size 3 found num new op-mutexes 0
[t=1.59175s, 84888 KB] In ts_17_1 of size 3 found num new op-mutexes 0
[t=1.59194s, 84888 KB] In ts_17_20 of size 2 found num new op-mutexes 0
[t=1.59213s, 84888 KB] In ts_17_21 of size 2 found num new op-mutexes 0
[t=1.59233s, 84888 KB] In ts_17_22 of size 2 found num new op-mutexes 0
[t=1.59252s, 84888 KB] In ts_17_23 of size 2 found num new op-mutexes 0
[t=1.59273s, 84888 KB] In ts_17_24 of size 2 found num new op-mutexes 0
[t=1.59294s, 84888 KB] In ts_17_25 of size 2 found num new op-mutexes 0
[t=1.59314s, 84888 KB] In ts_17_26 of size 2 found num new op-mutexes 0
[t=1.59338s, 84888 KB] In ts_17_27 of size 2 found num new op-mutexes 0
[t=1.59575s, 84888 KB] In ts_17_38 of size 34 found num new op-mutexes 0
[t=1.59801s, 84888 KB] In ts_17_39 of size 34 found num new op-mutexes 0
[t=1.60002s, 84888 KB] In ts_17_40 of size 34 found num new op-mutexes 0
[t=1.60319s, 84888 KB] In ts_17_41 of size 35 found num new op-mutexes 0
[t=1.60538s, 84888 KB] In ts_17_42 of size 68 found num new op-mutexes 0
[t=1.6084s, 84888 KB] In ts_17_43 of size 35 found num new op-mutexes 0
[t=1.61046s, 84888 KB] In ts_17_44 of size 68 found num new op-mutexes 0
[t=1.61338s, 84888 KB] In ts_17_45 of size 35 found num new op-mutexes 0
[t=1.61612s, 84888 KB] In ts_17_46 of size 35 found num new op-mutexes 0
[t=1.62131s, 84888 KB] Operator mutex finished iteration 17. Found an additional 0 operator mutexes

[t=1.62502s, 84888 KB] Next pair of indices: (20, 55)
[t=1.62507s, 84888 KB] M&S algorithm main loop timer: 1.61519s (after computation of next merge)
[t=1.91978s, 84888 KB] M&S algorithm main loop timer: 1.90998s (after shrinking)
[t=2.03381s, 84888 KB] M&S algorithm main loop timer: 2.024s (after merging)

[t=2.03485s, 84888 KB] Operator mutex starting iteration 18
[t=2.03519s, 84888 KB] In ts_18_0 of size 3 found num new op-mutexes 0
[t=2.03552s, 84888 KB] In ts_18_1 of size 3 found num new op-mutexes 0
[t=2.03572s, 84888 KB] In ts_18_21 of size 2 found num new op-mutexes 0
[t=2.03594s, 84888 KB] In ts_18_22 of size 2 found num new op-mutexes 0
[t=2.03614s, 84888 KB] In ts_18_23 of size 2 found num new op-mutexes 0
[t=2.03635s, 84888 KB] In ts_18_24 of size 2 found num new op-mutexes 0
[t=2.03655s, 84888 KB] In ts_18_25 of size 2 found num new op-mutexes 0
[t=2.03675s, 84888 KB] In ts_18_26 of size 2 found num new op-mutexes 0
[t=2.03696s, 84888 KB] In ts_18_27 of size 2 found num new op-mutexes 0
[t=2.03928s, 84888 KB] In ts_18_38 of size 34 found num new op-mutexes 0
[t=2.04151s, 84888 KB] In ts_18_39 of size 34 found num new op-mutexes 0
[t=2.04354s, 84888 KB] In ts_18_40 of size 34 found num new op-mutexes 0
[t=2.0467s, 84888 KB] In ts_18_41 of size 35 found num new op-mutexes 0
[t=2.04886s, 84888 KB] In ts_18_42 of size 68 found num new op-mutexes 0
[t=2.05191s, 84888 KB] In ts_18_43 of size 35 found num new op-mutexes 0
[t=2.05402s, 84888 KB] In ts_18_44 of size 68 found num new op-mutexes 0
[t=2.05691s, 84888 KB] In ts_18_45 of size 35 found num new op-mutexes 0
[t=2.05964s, 84888 KB] In ts_18_46 of size 35 found num new op-mutexes 0
[t=2.06285s, 84888 KB] Operator mutex finished iteration 18. Found an additional 0 operator mutexes

[t=2.06503s, 84888 KB] Next pair of indices: (21, 56)
[t=2.06507s, 84888 KB] M&S algorithm main loop timer: 2.05518s (after computation of next merge)
[t=2.43485s, 84888 KB] M&S algorithm main loop timer: 2.42504s (after merging)

[t=2.43683s, 84888 KB] Operator mutex starting iteration 19
[t=2.43717s, 84888 KB] In ts_19_0 of size 3 found num new op-mutexes 0
[t=2.43751s, 84888 KB] In ts_19_1 of size 3 found num new op-mutexes 0
[t=2.4377s, 84888 KB] In ts_19_22 of size 2 found num new op-mutexes 0
[t=2.43791s, 84888 KB] In ts_19_23 of size 2 found num new op-mutexes 0
[t=2.43811s, 84888 KB] In ts_19_24 of size 2 found num new op-mutexes 0
[t=2.4383s, 84888 KB] In ts_19_25 of size 2 found num new op-mutexes 0
[t=2.4385s, 84888 KB] In ts_19_26 of size 2 found num new op-mutexes 0
[t=2.4387s, 84888 KB] In ts_19_27 of size 2 found num new op-mutexes 0
[t=2.44098s, 84888 KB] In ts_19_38 of size 34 found num new op-mutexes 0
[t=2.44326s, 84888 KB] In ts_19_39 of size 34 found num new op-mutexes 0
[t=2.44526s, 84888 KB] In ts_19_40 of size 34 found num new op-mutexes 0
[t=2.44847s, 84888 KB] In ts_19_41 of size 35 found num new op-mutexes 0
[t=2.45067s, 84888 KB] In ts_19_42 of size 68 found num new op-mutexes 0
[t=2.45375s, 84888 KB] In ts_19_43 of size 35 found num new op-mutexes 0
[t=2.45593s, 84888 KB] In ts_19_44 of size 68 found num new op-mutexes 0
[t=2.4589s, 84888 KB] In ts_19_45 of size 35 found num new op-mutexes 0
[t=2.46163s, 84888 KB] In ts_19_46 of size 35 found num new op-mutexes 0
[t=2.46987s, 84888 KB] Operator mutex finished iteration 19. Found an additional 0 operator mutexes

[t=2.47419s, 84888 KB] Next pair of indices: (22, 57)
[t=2.47423s, 84888 KB] M&S algorithm main loop timer: 2.46435s (after computation of next merge)
[t=3.2104s, 94384 KB] M&S algorithm main loop timer: 3.20059s (after shrinking)
[t=3.58952s, 94384 KB] M&S algorithm main loop timer: 3.57972s (after merging)

[t=3.59206s, 94384 KB] Operator mutex starting iteration 20
[t=3.5924s, 94384 KB] In ts_20_0 of size 3 found num new op-mutexes 0
[t=3.59274s, 94384 KB] In ts_20_1 of size 3 found num new op-mutexes 0
[t=3.59293s, 94384 KB] In ts_20_23 of size 2 found num new op-mutexes 0
[t=3.59313s, 94384 KB] In ts_20_24 of size 2 found num new op-mutexes 0
[t=3.59333s, 94384 KB] In ts_20_25 of size 2 found num new op-mutexes 0
[t=3.59353s, 94384 KB] In ts_20_26 of size 2 found num new op-mutexes 0
[t=3.59372s, 94384 KB] In ts_20_27 of size 2 found num new op-mutexes 0
[t=3.59606s, 94384 KB] In ts_20_38 of size 34 found num new op-mutexes 0
[t=3.59832s, 94384 KB] In ts_20_39 of size 34 found num new op-mutexes 0
[t=3.60028s, 94384 KB] In ts_20_40 of size 34 found num new op-mutexes 0
[t=3.60357s, 94384 KB] In ts_20_41 of size 35 found num new op-mutexes 0
[t=3.60583s, 94384 KB] In ts_20_42 of size 68 found num new op-mutexes 0
[t=3.609s, 94384 KB] In ts_20_43 of size 35 found num new op-mutexes 0
[t=3.61116s, 94384 KB] In ts_20_44 of size 68 found num new op-mutexes 0
[t=3.61418s, 94384 KB] In ts_20_45 of size 35 found num new op-mutexes 0
[t=3.61696s, 94384 KB] In ts_20_46 of size 35 found num new op-mutexes 0
[t=3.62932s, 100240 KB] Operator mutex finished iteration 20. Found an additional 0 operator mutexes

[t=3.63479s, 100240 KB] Next pair of indices: (23, 58)
[t=3.63486s, 100240 KB] M&S algorithm main loop timer: 3.62498s (after computation of next merge)
[t=4.63565s, 117960 KB] M&S algorithm main loop timer: 4.62584s (after shrinking)
[t=5.01857s, 117960 KB] M&S algorithm main loop timer: 5.00878s (after merging)

[t=5.02108s, 117960 KB] Operator mutex starting iteration 21
[t=5.02142s, 117960 KB] In ts_21_0 of size 3 found num new op-mutexes 0
[t=5.02177s, 117960 KB] In ts_21_1 of size 3 found num new op-mutexes 0
[t=5.02197s, 117960 KB] In ts_21_24 of size 2 found num new op-mutexes 0
[t=5.02217s, 117960 KB] In ts_21_25 of size 2 found num new op-mutexes 0
[t=5.02236s, 117960 KB] In ts_21_26 of size 2 found num new op-mutexes 0
[t=5.02255s, 117960 KB] In ts_21_27 of size 2 found num new op-mutexes 0
[t=5.02482s, 117960 KB] In ts_21_38 of size 34 found num new op-mutexes 0
[t=5.02705s, 117960 KB] In ts_21_39 of size 34 found num new op-mutexes 0
[t=5.02904s, 117960 KB] In ts_21_40 of size 34 found num new op-mutexes 0
[t=5.03222s, 117960 KB] In ts_21_41 of size 35 found num new op-mutexes 0
[t=5.03441s, 117960 KB] In ts_21_42 of size 68 found num new op-mutexes 0
[t=5.03752s, 117960 KB] In ts_21_43 of size 35 found num new op-mutexes 0
[t=5.03964s, 117960 KB] In ts_21_44 of size 68 found num new op-mutexes 0
[t=5.04261s, 117960 KB] In ts_21_45 of size 35 found num new op-mutexes 0
[t=5.04541s, 117960 KB] In ts_21_46 of size 35 found num new op-mutexes 0
[t=5.05521s, 117960 KB] Operator mutex finished iteration 21. Found an additional 0 operator mutexes

[t=5.0609s, 117960 KB] Next pair of indices: (24, 59)
[t=5.06097s, 117960 KB] M&S algorithm main loop timer: 5.05109s (after computation of next merge)
[t=5.98418s, 123372 KB] M&S algorithm main loop timer: 5.97437s (after shrinking)
[t=6.38796s, 123372 KB] M&S algorithm main loop timer: 6.37815s (after merging)

[t=6.39042s, 123372 KB] Operator mutex starting iteration 22
[t=6.39076s, 123372 KB] In ts_22_0 of size 3 found num new op-mutexes 0
[t=6.39109s, 123372 KB] In ts_22_1 of size 3 found num new op-mutexes 0
[t=6.39129s, 123372 KB] In ts_22_25 of size 2 found num new op-mutexes 0
[t=6.39148s, 123372 KB] In ts_22_26 of size 2 found num new op-mutexes 0
[t=6.39168s, 123372 KB] In ts_22_27 of size 2 found num new op-mutexes 0
[t=6.39397s, 123372 KB] In ts_22_38 of size 34 found num new op-mutexes 0
[t=6.3962s, 123372 KB] In ts_22_39 of size 34 found num new op-mutexes 0
[t=6.39817s, 123372 KB] In ts_22_40 of size 34 found num new op-mutexes 0
[t=6.40163s, 123372 KB] In ts_22_41 of size 35 found num new op-mutexes 0
[t=6.40521s, 123372 KB] In ts_22_42 of size 68 found num new op-mutexes 0
[t=6.40991s, 123372 KB] In ts_22_43 of size 35 found num new op-mutexes 0
[t=6.41315s, 123372 KB] In ts_22_44 of size 68 found num new op-mutexes 0
[t=6.41775s, 123372 KB] In ts_22_45 of size 35 found num new op-mutexes 0
[t=6.42214s, 123372 KB] In ts_22_46 of size 35 found num new op-mutexes 0
[t=6.43181s, 123372 KB] Operator mutex finished iteration 22. Found an additional 0 operator mutexes

[t=6.43744s, 123372 KB] Next pair of indices: (25, 60)
[t=6.43751s, 123372 KB] M&S algorithm main loop timer: 6.42763s (after computation of next merge)
[t=7.22155s, 127168 KB] M&S algorithm main loop timer: 7.21175s (after shrinking)
[t=7.88285s, 134116 KB] M&S algorithm main loop timer: 7.87305s (after merging)

[t=7.88565s, 134116 KB] Operator mutex starting iteration 23
[t=7.88598s, 134116 KB] In ts_23_0 of size 3 found num new op-mutexes 0
[t=7.88632s, 134116 KB] In ts_23_1 of size 3 found num new op-mutexes 0
[t=7.88652s, 134116 KB] In ts_23_26 of size 2 found num new op-mutexes 0
[t=7.88671s, 134116 KB] In ts_23_27 of size 2 found num new op-mutexes 0
[t=7.88901s, 134116 KB] In ts_23_38 of size 34 found num new op-mutexes 0
[t=7.89125s, 134116 KB] In ts_23_39 of size 34 found num new op-mutexes 0
[t=7.89325s, 134116 KB] In ts_23_40 of size 34 found num new op-mutexes 0
[t=7.89644s, 134116 KB] In ts_23_41 of size 35 found num new op-mutexes 0
[t=7.89859s, 134116 KB] In ts_23_42 of size 68 found num new op-mutexes 0
[t=7.90161s, 134116 KB] In ts_23_43 of size 35 found num new op-mutexes 0
[t=7.90371s, 134116 KB] In ts_23_44 of size 68 found num new op-mutexes 0
[t=7.90656s, 134116 KB] In ts_23_45 of size 35 found num new op-mutexes 0
[t=7.90928s, 134116 KB] In ts_23_46 of size 35 found num new op-mutexes 0
[t=7.92802s, 145476 KB] Operator mutex finished iteration 23. Found an additional 0 operator mutexes

[t=7.93637s, 145476 KB] Next pair of indices: (0, 61)
[t=7.93644s, 145476 KB] M&S algorithm main loop timer: 7.92656s (after computation of next merge)
[t=8.6964s, 179600 KB] M&S algorithm main loop timer: 8.68692s (after shrinking)
[t=8.69696s, 179600 KB] M&S algorithm main loop timer: 8.68709s (after merging)

[t=8.697s, 179600 KB] Operator mutex starting iteration 24
[t=8.69734s, 179600 KB] In ts_24_1 of size 3 found num new op-mutexes 0
[t=8.69755s, 179600 KB] In ts_24_26 of size 2 found num new op-mutexes 0
[t=8.69774s, 179600 KB] In ts_24_27 of size 2 found num new op-mutexes 0
[t=8.70007s, 179600 KB] In ts_24_38 of size 34 found num new op-mutexes 0
[t=8.70231s, 179600 KB] In ts_24_39 of size 34 found num new op-mutexes 0
[t=8.70428s, 179600 KB] In ts_24_40 of size 34 found num new op-mutexes 0
[t=8.70741s, 179600 KB] In ts_24_41 of size 35 found num new op-mutexes 0
[t=8.70962s, 179600 KB] In ts_24_42 of size 68 found num new op-mutexes 0
[t=8.71268s, 179600 KB] In ts_24_43 of size 35 found num new op-mutexes 0
[t=8.71477s, 179600 KB] In ts_24_44 of size 68 found num new op-mutexes 0
[t=8.71765s, 179600 KB] In ts_24_45 of size 35 found num new op-mutexes 0
[t=8.72042s, 179600 KB] In ts_24_46 of size 35 found num new op-mutexes 0
[t=8.72175s, 179600 KB] In ts_24_62 of size 12 found num new op-mutexes 0
[t=8.7218s, 179600 KB] Operator mutex finished iteration 24. Found an additional 0 operator mutexes

[t=8.72213s, 179600 KB] Next pair of indices: (26, 62)
[t=8.72216s, 179600 KB] M&S algorithm main loop timer: 8.71228s (after computation of next merge)
[t=8.72236s, 179600 KB] M&S algorithm main loop timer: 8.71249s (after merging)

[t=8.7224s, 179600 KB] Operator mutex starting iteration 25
[t=8.72271s, 179600 KB] In ts_25_1 of size 3 found num new op-mutexes 0
[t=8.7229s, 179600 KB] In ts_25_27 of size 2 found num new op-mutexes 0
[t=8.72472s, 179600 KB] In ts_25_38 of size 34 found num new op-mutexes 0
[t=8.72658s, 179600 KB] In ts_25_39 of size 34 found num new op-mutexes 0
[t=8.72838s, 179600 KB] In ts_25_40 of size 34 found num new op-mutexes 0
[t=8.73133s, 179600 KB] In ts_25_41 of size 35 found num new op-mutexes 0
[t=8.73342s, 179600 KB] In ts_25_42 of size 68 found num new op-mutexes 0
[t=8.73635s, 179600 KB] In ts_25_43 of size 35 found num new op-mutexes 0
[t=8.73843s, 179600 KB] In ts_25_44 of size 68 found num new op-mutexes 0
[t=8.7414s, 179600 KB] In ts_25_45 of size 35 found num new op-mutexes 0
[t=8.74431s, 179600 KB] In ts_25_46 of size 35 found num new op-mutexes 0
[t=8.74605s, 179600 KB] In ts_25_63 of size 24 found num new op-mutexes 0
[t=8.7461s, 179600 KB] Operator mutex finished iteration 25. Found an additional 0 operator mutexes

[t=8.74642s, 179600 KB] Next pair of indices: (1, 63)
[t=8.74645s, 179600 KB] M&S algorithm main loop timer: 8.73657s (after computation of next merge)
[t=8.74674s, 179600 KB] M&S algorithm main loop timer: 8.73687s (after merging)

[t=8.74678s, 179600 KB] Operator mutex starting iteration 26
[t=8.74696s, 179600 KB] In ts_26_27 of size 2 found num new op-mutexes 0
[t=8.74879s, 179600 KB] In ts_26_38 of size 34 found num new op-mutexes 0
[t=8.7507s, 179600 KB] In ts_26_39 of size 34 found num new op-mutexes 0
[t=8.75251s, 179600 KB] In ts_26_40 of size 34 found num new op-mutexes 0
[t=8.75546s, 179600 KB] In ts_26_41 of size 35 found num new op-mutexes 0
[t=8.75754s, 179600 KB] In ts_26_42 of size 68 found num new op-mutexes 0
[t=8.76053s, 179600 KB] In ts_26_43 of size 35 found num new op-mutexes 0
[t=8.7626s, 179600 KB] In ts_26_44 of size 68 found num new op-mutexes 0
[t=8.76546s, 179600 KB] In ts_26_45 of size 35 found num new op-mutexes 0
[t=8.7682s, 179600 KB] In ts_26_46 of size 35 found num new op-mutexes 0
[t=8.7706s, 179600 KB] In ts_26_64 of size 72 found num new op-mutexes 0
[t=8.77065s, 179600 KB] Operator mutex finished iteration 26. Found an additional 0 operator mutexes

[t=8.77094s, 179600 KB] Next pair of indices: (27, 64)
[t=8.77097s, 179600 KB] M&S algorithm main loop timer: 8.76109s (after computation of next merge)
[t=8.77148s, 179600 KB] M&S algorithm main loop timer: 8.76161s (after merging)

[t=8.77153s, 179600 KB] Operator mutex starting iteration 27
[t=8.77334s, 179600 KB] In ts_27_38 of size 34 found num new op-mutexes 0
[t=8.77522s, 179600 KB] In ts_27_39 of size 34 found num new op-mutexes 0
[t=8.77702s, 179600 KB] In ts_27_40 of size 34 found num new op-mutexes 0
[t=8.77997s, 179600 KB] In ts_27_41 of size 35 found num new op-mutexes 0
[t=8.78208s, 179600 KB] In ts_27_42 of size 68 found num new op-mutexes 0
[t=8.78504s, 179600 KB] In ts_27_43 of size 35 found num new op-mutexes 0
[t=8.78711s, 179600 KB] In ts_27_44 of size 68 found num new op-mutexes 0
[t=8.79004s, 179600 KB] In ts_27_45 of size 35 found num new op-mutexes 0
[t=8.79278s, 179600 KB] In ts_27_46 of size 35 found num new op-mutexes 0
[t=8.79621s, 179600 KB] In ts_27_65 of size 144 found num new op-mutexes 0
[t=8.79627s, 179600 KB] Operator mutex finished iteration 27. Found an additional 0 operator mutexes

[t=8.79655s, 179600 KB] Next pair of indices: (46, 65)
[t=8.79658s, 179600 KB] M&S algorithm main loop timer: 8.7867s (after computation of next merge)
[t=8.8105s, 179600 KB] M&S algorithm main loop timer: 8.80067s (after merging)

[t=8.81086s, 179600 KB] Operator mutex starting iteration 28
[t=8.8131s, 179600 KB] In ts_28_38 of size 34 found num new op-mutexes 0
[t=8.81535s, 179600 KB] In ts_28_39 of size 34 found num new op-mutexes 0
[t=8.81734s, 179600 KB] In ts_28_40 of size 34 found num new op-mutexes 0
[t=8.82054s, 179600 KB] In ts_28_41 of size 35 found num new op-mutexes 0
[t=8.82272s, 179600 KB] In ts_28_42 of size 68 found num new op-mutexes 0
[t=8.82576s, 179600 KB] In ts_28_43 of size 35 found num new op-mutexes 0
[t=8.82785s, 179600 KB] In ts_28_44 of size 68 found num new op-mutexes 0
[t=8.83079s, 179600 KB] In ts_28_45 of size 35 found num new op-mutexes 0
[t=8.8313s, 179600 KB] Operator mutex finished iteration 28. Found an additional 0 operator mutexes

[t=8.83169s, 179600 KB] Next pair of indices: (45, 66)
[t=8.83172s, 179600 KB] M&S algorithm main loop timer: 8.82184s (after computation of next merge)
[t=8.85668s, 179600 KB] M&S algorithm main loop timer: 8.84693s (after shrinking)
[t=9.03526s, 179600 KB] M&S algorithm main loop timer: 9.02546s (after merging)

[t=9.03801s, 179600 KB] Operator mutex starting iteration 29
[t=9.04115s, 179600 KB] In ts_29_38 of size 34 found num new op-mutexes 0
[t=9.04476s, 179600 KB] In ts_29_39 of size 34 found num new op-mutexes 0
[t=9.04783s, 179600 KB] In ts_29_40 of size 34 found num new op-mutexes 0
[t=9.05287s, 179600 KB] In ts_29_41 of size 35 found num new op-mutexes 0
[t=9.05654s, 179600 KB] In ts_29_42 of size 68 found num new op-mutexes 0
[t=9.06172s, 179600 KB] In ts_29_43 of size 35 found num new op-mutexes 0
[t=9.06529s, 179600 KB] In ts_29_44 of size 68 found num new op-mutexes 0
[t=9.06936s, 179600 KB] Operator mutex finished iteration 29. Found an additional 0 operator mutexes

[t=9.07205s, 179600 KB] Next pair of indices: (44, 67)
[t=9.07209s, 179600 KB] M&S algorithm main loop timer: 9.06221s (after computation of next merge)
[t=9.29007s, 179600 KB] M&S algorithm main loop timer: 9.28061s (after shrinking)
[t=9.37897s, 179600 KB] M&S algorithm main loop timer: 9.36916s (after merging)

[t=9.38038s, 179600 KB] Operator mutex starting iteration 30
[t=9.3827s, 179600 KB] In ts_30_38 of size 34 found num new op-mutexes 0
[t=9.385s, 179600 KB] In ts_30_39 of size 34 found num new op-mutexes 0
[t=9.38704s, 179600 KB] In ts_30_40 of size 34 found num new op-mutexes 0
[t=9.39046s, 179600 KB] In ts_30_41 of size 35 found num new op-mutexes 0
[t=9.39273s, 179600 KB] In ts_30_42 of size 68 found num new op-mutexes 0
[t=9.39592s, 179600 KB] In ts_30_43 of size 35 found num new op-mutexes 0
[t=9.39812s, 179600 KB] Operator mutex finished iteration 30. Found an additional 0 operator mutexes

[t=9.39948s, 179600 KB] Next pair of indices: (43, 68)
[t=9.39951s, 179600 KB] M&S algorithm main loop timer: 9.38963s (after computation of next merge)
[t=9.51431s, 179600 KB] M&S algorithm main loop timer: 9.50469s (after shrinking)
[t=9.72827s, 179600 KB] M&S algorithm main loop timer: 9.71846s (after merging)

[t=9.73096s, 179600 KB] Operator mutex starting iteration 31
[t=9.73329s, 179600 KB] In ts_31_38 of size 34 found num new op-mutexes 0
[t=9.73555s, 179600 KB] In ts_31_39 of size 34 found num new op-mutexes 0
[t=9.7376s, 179600 KB] In ts_31_40 of size 34 found num new op-mutexes 0
[t=9.74079s, 179600 KB] In ts_31_41 of size 35 found num new op-mutexes 0
[t=9.74296s, 179600 KB] In ts_31_42 of size 68 found num new op-mutexes 0
[t=9.74757s, 179600 KB] Operator mutex finished iteration 31. Found an additional 0 operator mutexes

[t=9.75056s, 179600 KB] Next pair of indices: (42, 69)
[t=9.75059s, 179600 KB] M&S algorithm main loop timer: 9.74071s (after computation of next merge)
[t=9.99758s, 179600 KB] M&S algorithm main loop timer: 9.98812s (after shrinking)
[t=10.0038s, 179600 KB] M&S algorithm main loop timer: 9.9939s (after merging)

[t=10.0039s, 179600 KB] Operator mutex starting iteration 32
[t=10.0062s, 179600 KB] In ts_32_38 of size 34 found num new op-mutexes 0
[t=10.0085s, 179600 KB] In ts_32_39 of size 34 found num new op-mutexes 0
[t=10.0105s, 179600 KB] In ts_32_40 of size 34 found num new op-mutexes 0
[t=10.0137s, 179600 KB] In ts_32_41 of size 35 found num new op-mutexes 0
[t=10.0506s, 179600 KB] In ts_32_70 of size 680 found num new op-mutexes 0
[t=10.0508s, 179600 KB] Operator mutex finished iteration 32. Found an additional 0 operator mutexes

[t=10.051s, 179600 KB] Next pair of indices: (41, 70)
[t=10.051s, 179600 KB] M&S algorithm main loop timer: 10.0411s (after computation of next merge)
[t=10.3763s, 179600 KB] M&S algorithm main loop timer: 10.3665s (after merging)

[t=10.378s, 179600 KB] Operator mutex starting iteration 33
[t=10.3803s, 179600 KB] In ts_33_38 of size 34 found num new op-mutexes 0
[t=10.3826s, 179600 KB] In ts_33_39 of size 34 found num new op-mutexes 0
[t=10.3846s, 179600 KB] In ts_33_40 of size 34 found num new op-mutexes 0
[t=10.3992s, 179600 KB] Operator mutex finished iteration 33. Found an additional 0 operator mutexes

[t=10.404s, 179600 KB] Next pair of indices: (40, 71)
[t=10.404s, 179600 KB] M&S algorithm main loop timer: 10.3942s (after computation of next merge)
[t=10.8965s, 179600 KB] M&S algorithm main loop timer: 10.8871s (after shrinking)
[t=11.1511s, 179600 KB] M&S algorithm main loop timer: 11.1413s (after merging)

[t=11.1551s, 179600 KB] Operator mutex starting iteration 34
[t=11.1585s, 179600 KB] In ts_34_38 of size 34 found num new op-mutexes 0
[t=11.162s, 179600 KB] In ts_34_39 of size 34 found num new op-mutexes 0
[t=11.1686s, 179600 KB] Operator mutex finished iteration 34. Found an additional 0 operator mutexes

[t=11.1731s, 179600 KB] Next pair of indices: (39, 72)
[t=11.1732s, 179600 KB] M&S algorithm main loop timer: 11.1633s (after computation of next merge)
[t=11.5031s, 179600 KB] M&S algorithm main loop timer: 11.4935s (after shrinking)
[t=11.6528s, 179600 KB] M&S algorithm main loop timer: 11.643s (after merging)

[t=11.6547s, 179600 KB] Operator mutex starting iteration 35
[t=11.6571s, 179600 KB] In ts_35_38 of size 34 found num new op-mutexes 0
[t=11.6607s, 179600 KB] Operator mutex finished iteration 35. Found an additional 0 operator mutexes

[t=11.6607s, 179600 KB] Next pair of indices: (38, 73)
[t=11.6608s, 179600 KB] M&S algorithm main loop timer: 11.6509s (after computation of next merge)
[t=11.8705s, 179600 KB] M&S algorithm main loop timer: 11.861s (after shrinking)
[t=11.9017s, 179600 KB] M&S algorithm main loop timer: 11.8919s (after merging)

[t=11.9023s, 179600 KB] Operator mutex starting iteration 36
[t=11.9031s, 179600 KB] Operator mutex finished iteration 36. Found an additional 0 operator mutexes

[t=11.9031s, 179600 KB] End of merge-and-shrink algorithm, statistics:
[t=11.9031s, 179600 KB] Main loop runtime: 11.8932s
[t=11.9031s, 179600 KB] Maximum intermediate abstraction size: 45605
[t=11.9032s, 179600 KB] Final peak memory increase of merge-and-shrink algorithm: 156604 KB
[t=11.9032s, 179600 KB] Merge-and-shrink algorithm runtime: 11.8973s

[t=11.9032s, 179600 KB] Number of labels: 792
[t=11.9032s, 179600 KB] Total number of operator mutexes: 46620
[t=11.9033s, 179600 KB] Operator Mutex total time: 1.03501s
[t=11.9033s, 179600 KB] Number of remaining factors: 1
[t=11.9034s, 179600 KB] Number of factors kept: 1
[t=11.9034s, 179600 KB] Done initializing merge-and-shrink heuristic.

[t=11.9049s, 179600 KB] Building successor generator...done!
[t=11.9063s, 179600 KB] peak memory difference for successor generator creation: 0 KB
[t=11.9063s, 179600 KB] time for successor generation creation: 0.000331802s
[t=11.9064s, 179600 KB] Variables: 38
[t=11.9064s, 179600 KB] FactPairs: 248
[t=11.9064s, 179600 KB] Bytes per state: 12
[t=11.9065s, 179600 KB] Conducting best first search with reopening closed nodes, (real) bound = 2147483647
[t=11.9066s, 179600 KB] New best heuristic value for merge_and_shrink(op_mutex = op_mutex(use_previous_ops = nelutpo, reachability_strategy = goal)): 7
[t=11.9066s, 179600 KB] g=0, 1 evaluated, 0 expanded
[t=11.9067s, 179600 KB] f = 7, 1 evaluated, 0 expanded
[t=11.9067s, 179600 KB] Initial heuristic value for merge_and_shrink(op_mutex = op_mutex(use_previous_ops = nelutpo, reachability_strategy = goal)): 7
[t=11.9067s, 179600 KB] pruning method: none
[t=11.9068s, 179600 KB] f = 8, 8 evaluated, 1 expanded
[t=11.9068s, 179600 KB] f = 9, 29 evaluated, 8 expanded
[t=11.907s, 179600 KB] f = 10, 72 evaluated, 29 expanded
[t=11.9073s, 179600 KB] New best heuristic value for merge_and_shrink(op_mutex = op_mutex(use_previous_ops = nelutpo, reachability_strategy = goal)): 6
[t=11.9073s, 179600 KB] g=4, 152 evaluated, 67 expanded
[t=11.9073s, 179600 KB] f = 11, 168 evaluated, 73 expanded
[t=11.908s, 179600 KB] f = 12, 390 evaluated, 168 expanded
[t=11.9093s, 179600 KB] f = 13, 867 evaluated, 384 expanded
[t=11.9122s, 179600 KB] f = 14, 1888 evaluated, 853 expanded
[t=11.9188s, 179600 KB] f = 15, 4094 evaluated, 1861 expanded
[t=11.9319s, 179600 KB] f = 16, 8620 evaluated, 3985 expanded
[t=11.9588s, 179600 KB] f = 17, 17823 evaluated, 8383 expanded
[t=11.9755s, 179600 KB] New best heuristic value for merge_and_shrink(op_mutex = op_mutex(use_previous_ops = nelutpo, reachability_strategy = goal)): 5
[t=11.9756s, 179600 KB] g=12, 24106 evaluated, 10909 expanded
[t=12.0132s, 179600 KB] f = 18, 35893 evaluated, 17276 expanded
[t=12.1203s, 179600 KB] f = 19, 71029 evaluated, 34660 expanded
[t=12.337s, 179600 KB] f = 20, 137490 evaluated, 68167 expanded
[t=12.3374s, 179600 KB] New best heuristic value for merge_and_shrink(op_mutex = op_mutex(use_previous_ops = nelutpo, reachability_strategy = goal)): 4
[t=12.3374s, 179600 KB] g=16, 137603 evaluated, 68209 expanded
[t=12.7481s, 179600 KB] f = 21, 261867 evaluated, 131464 expanded
[t=13.5492s, 179600 KB] f = 22, 493149 evaluated, 249751 expanded
[t=15.0867s, 179600 KB] f = 23, 915811 evaluated, 467891 expanded
[t=17.8678s, 179600 KB] f = 24, 1679979 evaluated, 865903 expanded
[t=23.1057s, 179600 KB] f = 25, 3046979 evaluated, 1584671 expanded
[t=32.6562s, 273188 KB] f = 26, 5469310 evaluated, 2868146 expanded
[t=49.5958s, 480320 KB] f = 27, 9718287 evaluated, 5136659 expanded
[t=79.5424s, 859512 KB] f = 28, 17092642 evaluated, 9111590 expanded
[t=132.646s, 1677200 KB] f = 29, 29742745 evaluated, 15986468 expanded
[t=223.573s, 2255368 KB] f = 30, 51242718 evaluated, 27780792 expanded
[t=384.959s, 3977108 KB] f = 31, 87286038 evaluated, 47740298 expanded
Peak memory: 6617076 KB
caught signal 24 -- exiting
Time limit has been reached.
Remove intermediate file output.sas
search exit code: 23

Driver aborting after search
