INFO     Running translator.
INFO     translator stdin: None
INFO     translator time limit: 599.97s
INFO     translator memory limit: 7000 MB
INFO     translator command line string: /usr/bin/python3 /user/student.aau.dk/lkar18/downward-projects/downward/experiments/nopo_vs_nasutpo_195p/data/nopo_vs_nasutpo/code-94571df14dfaf5b06207d9589b12facdd93f580c_e5e41175/builds/release/bin/translate/translate.py domain.pddl problem.pddl --sas-file output.sas
Parsing...
Parsing: [0.000s CPU, 0.002s wall-clock]
Normalizing task... [0.000s CPU, 0.000s wall-clock]
Instantiating...
Generating Datalog program... [0.000s CPU, 0.000s wall-clock]
Normalizing Datalog program...
Normalizing Datalog program: [0.000s CPU, 0.002s wall-clock]
Preparing model... [0.010s CPU, 0.001s wall-clock]
Generated 26 rules.
Computing model... [0.000s CPU, 0.007s wall-clock]
428 relevant atoms
466 auxiliary atoms
894 final queue length
1455 total queue pushes
Completing instantiation... [0.010s CPU, 0.011s wall-clock]
Instantiating: [0.020s CPU, 0.021s wall-clock]
Computing fact groups...
Finding invariants...
9 initial candidates
Finding invariants: [0.010s CPU, 0.002s wall-clock]
Checking invariant weight... [0.000s CPU, 0.000s wall-clock]
Instantiating groups... [0.000s CPU, 0.000s wall-clock]
Collecting mutex groups... [0.000s CPU, 0.000s wall-clock]
Choosing groups...
0 uncovered facts
Choosing groups: [0.000s CPU, 0.000s wall-clock]
Building translation key... [0.000s CPU, 0.000s wall-clock]
Computing fact groups: [0.010s CPU, 0.003s wall-clock]
Building STRIPS to SAS dictionary... [0.000s CPU, 0.000s wall-clock]
Building dictionary for full mutex groups... [0.000s CPU, 0.000s wall-clock]
Building mutex information...
Building mutex information: [0.000s CPU, 0.000s wall-clock]
Translating task...
Processing axioms...
Simplifying axioms... [0.000s CPU, 0.000s wall-clock]
Translator axioms removed by simplifying: 0
Computing negative axioms... [0.000s CPU, 0.000s wall-clock]
Processing axioms: [0.000s CPU, 0.001s wall-clock]
Translating task: [0.010s CPU, 0.010s wall-clock]
0 effect conditions simplified
0 implied preconditions added
Detecting unreachable propositions...
0 operators removed
0 axioms removed
7 propositions removed
Detecting unreachable propositions: [0.000s CPU, 0.005s wall-clock]
Reordering and filtering variables...
7 of 7 variables necessary.
0 of 7 mutex groups necessary.
312 of 312 operators necessary.
0 of 0 axiom rules necessary.
Reordering and filtering variables: [0.000s CPU, 0.002s wall-clock]
Translator variables: 7
Translator derived variables: 0
Translator facts: 46
Translator goal facts: 3
Translator mutex groups: 0
Translator total mutex groups size: 0
Translator operators: 312
Translator axioms: 0
Translator task size: 1856
Translator peak memory: 43292 KB
Writing output... [0.000s CPU, 0.004s wall-clock]
Done! [0.050s CPU, 0.049s wall-clock]
translate exit code: 0

INFO     Running search (release).
INFO     search stdin: output.sas
INFO     search time limit: 599.87s
INFO     search memory limit: 7000 MB
INFO     search command line string: /user/student.aau.dk/lkar18/downward-projects/downward/experiments/nopo_vs_nasutpo_195p/data/nopo_vs_nasutpo/code-94571df14dfaf5b06207d9589b12facdd93f580c_e5e41175/builds/release/bin/downward --search 'astar(merge_and_shrink(op_mutex=op_mutex(use_previous_ops=NoPO, reachability_strategy=goal), merge_strategy=merge_sccs(order_of_sccs=topological, merge_tree=linear()), shrink_strategy=shrink_bisimulation(greedy=false, at_limit=RETURN)))' --internal-plan-file sas_plan < output.sas
[t=3.5259e-05s, 22344 KB] reading input...
[t=0.0012492s, 22344 KB] done reading input!
[t=0.00263865s, 22732 KB] Initializing merge-and-shrink heuristic...
[t=0.00270465s, 22732 KB] Running merge-and-shrink algorithm...
[t=0.0027246s, 22732 KB] Merge strategy options:
[t=0.00274549s, 22732 KB] Type: sccs
[t=0.0027653s, 22732 KB] Merge order of sccs: topological
[t=0.00278469s, 22732 KB] Merge strategy for merging within sccs: 
[t=0.0028035s, 22732 KB] Merge tree options: 
[t=0.00282215s, 22732 KB] Type: linear
[t=0.0028411s, 22732 KB] Update option: use random
[t=0.00286002s, 22732 KB] Variable order type: CG/GOAL, tie breaking on level (main)

[t=0.00288123s, 22732 KB] Options related to size limits and shrinking: 
[t=0.0029007s, 22732 KB] Transition system size limit: 50000
[t=0.00291929s, 22732 KB] Transition system size limit right before merge: 50000
[t=0.00294705s, 22732 KB] Threshold to trigger shrinking right before merge: 1

[t=0.00296814s, 22732 KB] Pruning unreachable states: yes
[t=0.00298781s, 22732 KB] Pruning irrelevant states: yes

[t=0.00300819s, 22732 KB] Label reduction disabled

[t=0.00302911s, 22732 KB] Main loop max time in seconds: inf

[t=0.00305221s, 22732 KB] ===============================================================================
[t=0.00307127s, 22732 KB] WARNING! You did not enable label reduction.
This may drastically reduce the performance of merge-and-shrink!
[t=0.00309088s, 22732 KB] ===============================================================================

[t=0.00311689s, 22732 KB] Building atomic transition systems... 
[t=0.00360288s, 23132 KB] M&S algorithm timer: 0.000932177s (after computation of atomic factors)

[t=0.00365135s, 23132 KB] Starting main loop without a time limit.
[t=0.00368066s, 23132 KB] building causal graph...done! [t=0.000121162s]
[t=0.00381284s, 23132 KB] SCCs of the causal graph:
[t=0.00383668s, 23132 KB] [1]
[t=0.00385591s, 23132 KB] [0]
[t=0.00387478s, 23132 KB] [3, 4, 2, 5, 6]
[t=0.00390001s, 23132 KB] Next pair of indices: (6, 3)
[t=0.00392106s, 23132 KB] M&S algorithm main loop timer: 0.00029866s (after computation of next merge)
[t=0.0040437s, 23132 KB] M&S algorithm main loop timer: 0.000425564s (after merging)

[t=0.00408777s, 23132 KB] Operator mutex starting iteration 0

[t=0.00418104s, 23132 KB] In ts_0_0 of size 6 found num new op-mutexes 0

[t=0.00427074s, 23132 KB] In ts_0_1 of size 6 found num new op-mutexes 0

[t=0.00435221s, 23132 KB] In ts_0_2 of size 5 found num new op-mutexes 0

[t=0.00444485s, 23132 KB] In ts_0_4 of size 8 found num new op-mutexes 0

[t=0.00453328s, 23132 KB] In ts_0_5 of size 8 found num new op-mutexes 0

[t=0.00469836s, 23268 KB] In ts_0_7 of size 40 found num new op-mutexes 0
[t=0.00473612s, 23268 KB] Operator mutex finished iteration 0. Found an additional 0 operator mutexes

[t=0.00476571s, 23268 KB] Next pair of indices: (7, 5)
[t=0.00478734s, 23268 KB] M&S algorithm main loop timer: 0.00115457s (after computation of next merge)
[t=0.00505742s, 23268 KB] M&S algorithm main loop timer: 0.00144059s (after merging)

[t=0.0051181s, 23268 KB] Operator mutex starting iteration 1

[t=0.00520871s, 23268 KB] In ts_1_0 of size 6 found num new op-mutexes 0

[t=0.00529801s, 23268 KB] In ts_1_1 of size 6 found num new op-mutexes 0

[t=0.00538013s, 23268 KB] In ts_1_2 of size 5 found num new op-mutexes 0

[t=0.0054823s, 23268 KB] In ts_1_4 of size 8 found num new op-mutexes 0

[t=0.00623826s, 23400 KB] In ts_1_8 of size 320 found num new op-mutexes 0
[t=0.0062849s, 23400 KB] Operator mutex finished iteration 1. Found an additional 0 operator mutexes

[t=0.00632034s, 23400 KB] Next pair of indices: (8, 4)
[t=0.00634329s, 23400 KB] M&S algorithm main loop timer: 0.00271062s (after computation of next merge)
[t=0.00843056s, 23640 KB] M&S algorithm main loop timer: 0.00481156s (after merging)
[t=0.00864897s, 23640 KB] M&S algorithm main loop timer: 0.00502754s (after pruning)

[t=0.00868535s, 23640 KB] Operator mutex starting iteration 2

[t=0.00877529s, 23640 KB] In ts_2_0 of size 6 found num new op-mutexes 0

[t=0.00886769s, 23640 KB] In ts_2_1 of size 6 found num new op-mutexes 0

[t=0.00895237s, 23640 KB] In ts_2_2 of size 5 found num new op-mutexes 0

[t=0.0130292s, 24616 KB] In ts_2_9 of size 512 found num new op-mutexes 21168
[t=0.0130799s, 24616 KB] Operator mutex finished iteration 2. Found an additional 21168 operator mutexes

[t=0.0131182s, 24616 KB] Next pair of indices: (9, 2)
[t=0.0131458s, 24616 KB] M&S algorithm main loop timer: 0.00951406s (after computation of next merge)
[t=0.0152143s, 24616 KB] M&S algorithm main loop timer: 0.0116177s (after merging)
[t=0.0154945s, 24616 KB] M&S algorithm main loop timer: 0.0118859s (after pruning)

[t=0.0155445s, 24616 KB] Operator mutex starting iteration 3

[t=0.0156267s, 24616 KB] In ts_3_0 of size 6 found num new op-mutexes 0

[t=0.0157176s, 24616 KB] In ts_3_1 of size 6 found num new op-mutexes 0

[t=0.0217324s, 25492 KB] In ts_3_10 of size 512 found num new op-mutexes 18576
[t=0.021789s, 25492 KB] Operator mutex finished iteration 3. Found an additional 18576 operator mutexes

[t=0.0218292s, 25492 KB] Next pair of indices: (10, 1)
[t=0.0218525s, 25492 KB] M&S algorithm main loop timer: 0.01822s (after computation of next merge)
[t=0.0245704s, 25492 KB] M&S algorithm main loop timer: 0.0209534s (after merging)

[t=0.0247704s, 25492 KB] Operator mutex starting iteration 4

[t=0.0248782s, 25492 KB] In ts_4_0 of size 6 found num new op-mutexes 0

[t=0.0343712s, 27276 KB] In ts_4_11 of size 3072 found num new op-mutexes 0
[t=0.0344245s, 27276 KB] Operator mutex finished iteration 4. Found an additional 0 operator mutexes

[t=0.0344628s, 27276 KB] Next pair of indices: (11, 0)
[t=0.0344852s, 27276 KB] M&S algorithm main loop timer: 0.0308525s (after computation of next merge)
[t=0.0504588s, 27840 KB] M&S algorithm main loop timer: 0.0468488s (after merging)

[t=0.0514923s, 27840 KB] Operator mutex starting iteration 5
[t=0.0516345s, 27840 KB] Operator mutex finished iteration 5. Found an additional 0 operator mutexes

[t=0.0516703s, 27840 KB] End of merge-and-shrink algorithm, statistics:
[t=0.0516945s, 27840 KB] Main loop runtime: 0.0480621s
[t=0.051716s, 27840 KB] Maximum intermediate abstraction size: 18432
[t=0.0517358s, 27840 KB] Final peak memory increase of merge-and-shrink algorithm: 5108 KB
[t=0.051767s, 27840 KB] Merge-and-shrink algorithm runtime: 0.0490799s

[t=0.0517899s, 27840 KB] Number of labels: 312
[t=0.0518186s, 27840 KB] Total number of operator mutexes: 39744
[t=0.0518376s, 27840 KB] Operator Mutex total time: 0.0224598s
[t=0.0518649s, 27840 KB] Number of remaining factors: 1
[t=0.0519399s, 27840 KB] Number of factors kept: 1
[t=0.0519621s, 27840 KB] Done initializing merge-and-shrink heuristic.

[t=0.0528181s, 27840 KB] Building successor generator...done!
[t=0.0537351s, 27840 KB] peak memory difference for successor generator creation: 0 KB
[t=0.0537552s, 27840 KB] time for successor generation creation: 0.000136409s
[t=0.0537794s, 27840 KB] Variables: 7
[t=0.0537997s, 27840 KB] FactPairs: 46
[t=0.0538199s, 27840 KB] Bytes per state: 4
[t=0.0539463s, 27840 KB] Conducting best first search with reopening closed nodes, (real) bound = 2147483647
[t=0.0540059s, 27840 KB] New best heuristic value for merge_and_shrink(op_mutex = op_mutex(use_previous_ops = nopo, reachability_strategy = goal), merge_strategy = merge_sccs(order_of_sccs = topological, merge_tree = linear), shrink_strategy = shrink_bisimulation(greedy = false, at_limit = return)): 131
[t=0.0540372s, 27840 KB] g=0, 1 evaluated, 0 expanded
[t=0.0540582s, 27840 KB] f = 131, 1 evaluated, 0 expanded
[t=0.0540818s, 27840 KB] Initial heuristic value for merge_and_shrink(op_mutex = op_mutex(use_previous_ops = nopo, reachability_strategy = goal), merge_strategy = merge_sccs(order_of_sccs = topological, merge_tree = linear), shrink_strategy = shrink_bisimulation(greedy = false, at_limit = return)): 131
[t=0.0541035s, 27840 KB] pruning method: none
[t=0.054137s, 27840 KB] New best heuristic value for merge_and_shrink(op_mutex = op_mutex(use_previous_ops = nopo, reachability_strategy = goal), merge_strategy = merge_sccs(order_of_sccs = topological, merge_tree = linear), shrink_strategy = shrink_bisimulation(greedy = false, at_limit = return)): 119
[t=0.054161s, 27840 KB] g=12, 3 evaluated, 1 expanded
[t=0.0541938s, 27840 KB] New best heuristic value for merge_and_shrink(op_mutex = op_mutex(use_previous_ops = nopo, reachability_strategy = goal), merge_strategy = merge_sccs(order_of_sccs = topological, merge_tree = linear), shrink_strategy = shrink_bisimulation(greedy = false, at_limit = return)): 118
[t=0.0542171s, 27840 KB] g=13, 7 evaluated, 2 expanded
[t=0.0542465s, 27840 KB] New best heuristic value for merge_and_shrink(op_mutex = op_mutex(use_previous_ops = nopo, reachability_strategy = goal), merge_strategy = merge_sccs(order_of_sccs = topological, merge_tree = linear), shrink_strategy = shrink_bisimulation(greedy = false, at_limit = return)): 106
[t=0.0542693s, 27840 KB] g=25, 10 evaluated, 3 expanded
[t=0.0542976s, 27840 KB] New best heuristic value for merge_and_shrink(op_mutex = op_mutex(use_previous_ops = nopo, reachability_strategy = goal), merge_strategy = merge_sccs(order_of_sccs = topological, merge_tree = linear), shrink_strategy = shrink_bisimulation(greedy = false, at_limit = return)): 105
[t=0.0543201s, 27840 KB] g=26, 12 evaluated, 4 expanded
[t=0.054356s, 27840 KB] New best heuristic value for merge_and_shrink(op_mutex = op_mutex(use_previous_ops = nopo, reachability_strategy = goal), merge_strategy = merge_sccs(order_of_sccs = topological, merge_tree = linear), shrink_strategy = shrink_bisimulation(greedy = false, at_limit = return)): 104
[t=0.0543781s, 27840 KB] g=27, 18 evaluated, 5 expanded
[t=0.0544096s, 27840 KB] New best heuristic value for merge_and_shrink(op_mutex = op_mutex(use_previous_ops = nopo, reachability_strategy = goal), merge_strategy = merge_sccs(order_of_sccs = topological, merge_tree = linear), shrink_strategy = shrink_bisimulation(greedy = false, at_limit = return)): 103
[t=0.054432s, 27840 KB] g=28, 23 evaluated, 6 expanded
[t=0.0544608s, 27840 KB] New best heuristic value for merge_and_shrink(op_mutex = op_mutex(use_previous_ops = nopo, reachability_strategy = goal), merge_strategy = merge_sccs(order_of_sccs = topological, merge_tree = linear), shrink_strategy = shrink_bisimulation(greedy = false, at_limit = return)): 77
[t=0.0544831s, 27840 KB] g=54, 25 evaluated, 7 expanded
[t=0.0545137s, 27840 KB] New best heuristic value for merge_and_shrink(op_mutex = op_mutex(use_previous_ops = nopo, reachability_strategy = goal), merge_strategy = merge_sccs(order_of_sccs = topological, merge_tree = linear), shrink_strategy = shrink_bisimulation(greedy = false, at_limit = return)): 55
[t=0.054536s, 27840 KB] g=76, 29 evaluated, 8 expanded
[t=0.0545702s, 27840 KB] New best heuristic value for merge_and_shrink(op_mutex = op_mutex(use_previous_ops = nopo, reachability_strategy = goal), merge_strategy = merge_sccs(order_of_sccs = topological, merge_tree = linear), shrink_strategy = shrink_bisimulation(greedy = false, at_limit = return)): 21
[t=0.0545928s, 27840 KB] g=110, 33 evaluated, 9 expanded
[t=0.0546268s, 27840 KB] New best heuristic value for merge_and_shrink(op_mutex = op_mutex(use_previous_ops = nopo, reachability_strategy = goal), merge_strategy = merge_sccs(order_of_sccs = topological, merge_tree = linear), shrink_strategy = shrink_bisimulation(greedy = false, at_limit = return)): 20
[t=0.054649s, 27840 KB] g=111, 39 evaluated, 10 expanded
[t=0.0546751s, 27840 KB] New best heuristic value for merge_and_shrink(op_mutex = op_mutex(use_previous_ops = nopo, reachability_strategy = goal), merge_strategy = merge_sccs(order_of_sccs = topological, merge_tree = linear), shrink_strategy = shrink_bisimulation(greedy = false, at_limit = return)): 1
[t=0.0546969s, 27840 KB] g=130, 41 evaluated, 11 expanded
[t=0.0547279s, 27840 KB] New best heuristic value for merge_and_shrink(op_mutex = op_mutex(use_previous_ops = nopo, reachability_strategy = goal), merge_strategy = merge_sccs(order_of_sccs = topological, merge_tree = linear), shrink_strategy = shrink_bisimulation(greedy = false, at_limit = return)): 0
[t=0.0547503s, 27840 KB] g=131, 45 evaluated, 12 expanded
[t=0.0547746s, 27840 KB] Solution found!
[t=0.0547979s, 27840 KB] Actual search time: 0.000691337s
drive truck-2 city-loc-4 city-loc-5 (12)
pick-up truck-2 city-loc-5 package-1 capacity-2 capacity-3 (1)
drive truck-2 city-loc-5 city-loc-4 (12)
drop truck-2 city-loc-4 package-1 capacity-2 capacity-3 (1)
pick-up truck-2 city-loc-4 package-2 capacity-2 capacity-3 (1)
pick-up truck-2 city-loc-4 package-3 capacity-1 capacity-2 (1)
drive truck-2 city-loc-4 city-loc-1 (26)
drive truck-2 city-loc-1 city-loc-3 (22)
drive truck-2 city-loc-3 city-loc-6 (34)
drop truck-2 city-loc-6 package-3 capacity-1 capacity-2 (1)
drive truck-2 city-loc-6 city-loc-2 (19)
drop truck-2 city-loc-2 package-2 capacity-2 capacity-3 (1)
[t=0.0548198s, 27840 KB] Plan length: 12 step(s).
[t=0.0548198s, 27840 KB] Plan cost: 131
[t=0.0548198s, 27840 KB] Expanded 13 state(s).
[t=0.0548198s, 27840 KB] Reopened 0 state(s).
[t=0.0548198s, 27840 KB] Evaluated 46 state(s).
[t=0.0548198s, 27840 KB] Evaluations: 46
[t=0.0548198s, 27840 KB] Generated 61 state(s).
[t=0.0548198s, 27840 KB] Dead ends: 0 state(s).
[t=0.0548198s, 27840 KB] Expanded until last jump: 0 state(s).
[t=0.0548198s, 27840 KB] Reopened until last jump: 0 state(s).
[t=0.0548198s, 27840 KB] Evaluated until last jump: 1 state(s).
[t=0.0548198s, 27840 KB] Generated until last jump: 0 state(s).
[t=0.0548198s, 27840 KB] Number of registered states: 46
[t=0.0548198s, 27840 KB] Int hash set load factor: 46/64 = 0.71875
[t=0.0548198s, 27840 KB] Int hash set resizes: 6
[t=0.0548198s, 27840 KB] Search time: 0.000875127s
[t=0.0548198s, 27840 KB] Total time: 0.0548198s
Solution found.
Peak memory: 27840 KB
Remove intermediate file output.sas
search exit code: 0

INFO     Running validate.
INFO     validate stdin: None
INFO     validate time limit: None
INFO     validate memory limit: None
INFO     validate command line string: validate domain.pddl problem.pddl sas_plan
Checking plan: sas_plan
Plan executed successfully - checking goal
Plan valid
Final value: 131 

Successful plans:
Value: 131
 sas_plan 131 

validate exit code: 0

