INFO     Running translator.
INFO     translator stdin: None
INFO     translator time limit: 599.96s
INFO     translator memory limit: 7000 MB
INFO     translator command line string: /usr/bin/python3 /user/student.aau.dk/lkar18/downward-projects/downward/experiments/nopo_vs_nasutpo_vs_nelutpo/data/nopo_vs_nasutpo_vs_nelutpo/code-f7902f30c0f47512f07fb7c64cdaf652032f674a_e5e41175/builds/release/bin/translate/translate.py domain.pddl problem.pddl --sas-file output.sas
Parsing...
Parsing: [0.010s CPU, 0.011s wall-clock]
Normalizing task... [0.000s CPU, 0.001s wall-clock]
Instantiating...
Generating Datalog program... [0.000s CPU, 0.001s wall-clock]
Normalizing Datalog program...
Normalizing Datalog program: [0.010s CPU, 0.008s wall-clock]
Preparing model... [0.000s CPU, 0.005s wall-clock]
Generated 387 rules.
Computing model... [0.010s CPU, 0.003s wall-clock]
194 relevant atoms
194 auxiliary atoms
388 final queue length
494 total queue pushes
Completing instantiation... [0.000s CPU, 0.003s wall-clock]
Instantiating: [0.020s CPU, 0.020s wall-clock]
Computing fact groups...
Finding invariants...
26 initial candidates
Finding invariants: [0.030s CPU, 0.027s wall-clock]
Checking invariant weight... [0.000s CPU, 0.000s wall-clock]
Instantiating groups... [0.000s CPU, 0.001s wall-clock]
Collecting mutex groups... [0.000s CPU, 0.000s wall-clock]
Choosing groups...
62 uncovered facts
Choosing groups: [0.000s CPU, 0.000s wall-clock]
Building translation key... [0.000s CPU, 0.000s wall-clock]
Computing fact groups: [0.030s CPU, 0.029s wall-clock]
Building STRIPS to SAS dictionary... [0.000s CPU, 0.000s wall-clock]
Building dictionary for full mutex groups... [0.000s CPU, 0.000s wall-clock]
Building mutex information...
Building mutex information: [0.000s CPU, 0.000s wall-clock]
Translating task...
Processing axioms...
Simplifying axioms... [0.000s CPU, 0.000s wall-clock]
Translator axioms removed by simplifying: 0
Computing negative axioms... [0.000s CPU, 0.000s wall-clock]
Processing axioms: [0.000s CPU, 0.000s wall-clock]
Translating task: [0.010s CPU, 0.004s wall-clock]
105 effect conditions simplified
0 implied preconditions added
Detecting unreachable propositions...
0 operators removed
0 axioms removed
14 propositions removed
Detecting unreachable propositions: [0.000s CPU, 0.002s wall-clock]
Reordering and filtering variables...
29 of 59 variables necessary.
14 of 20 mutex groups necessary.
41 of 41 operators necessary.
0 of 0 axiom rules necessary.
Reordering and filtering variables: [0.000s CPU, 0.002s wall-clock]
Translator variables: 29
Translator derived variables: 0
Translator facts: 73
Translator goal facts: 1
Translator mutex groups: 14
Translator total mutex groups size: 30
Translator operators: 41
Translator axioms: 0
Translator task size: 486
Translator peak memory: 43036 KB
Writing output... [0.010s CPU, 0.002s wall-clock]
Done! [0.080s CPU, 0.072s wall-clock]
translate exit code: 0

INFO     Running search (release).
INFO     search stdin: output.sas
INFO     search time limit: 599.84s
INFO     search memory limit: 7000 MB
INFO     search command line string: /user/student.aau.dk/lkar18/downward-projects/downward/experiments/nopo_vs_nasutpo_vs_nelutpo/data/nopo_vs_nasutpo_vs_nelutpo/code-f7902f30c0f47512f07fb7c64cdaf652032f674a_e5e41175/builds/release/bin/downward --search 'astar(merge_and_shrink(op_mutex=op_mutex(use_previous_ops=NeLUTPO, reachability_strategy=goal)))' --internal-plan-file sas_plan < output.sas
[t=3.6771e-05s, 22344 KB] reading input...
[t=0.000467697s, 22344 KB] done reading input!
[t=0.00189149s, 22600 KB] Initializing merge-and-shrink heuristic...
[t=0.00195765s, 22600 KB] Running merge-and-shrink algorithm...
[t=0.00197739s, 22600 KB] Merge strategy options:
[t=0.00200853s, 22600 KB] Type: stateless
[t=0.00202946s, 22600 KB] Merge selector options:
[t=0.00204905s, 22600 KB] Name: score based filtering
[t=0.00206934s, 22600 KB] Merge scoring function:
[t=0.00208978s, 22600 KB] Name: goal relevance
[t=0.00210922s, 22600 KB] Merge scoring function:
[t=0.00212844s, 22600 KB] Name: dfp
[t=0.00214765s, 22600 KB] Merge scoring function:
[t=0.00216674s, 22600 KB] Name: total order
[t=0.00218617s, 22600 KB] Atomic transition system order: reverse level
[t=0.00220633s, 22600 KB] Product transition system order: new to old
[t=0.00222596s, 22600 KB] Consider atomic before product transition systems
[t=0.00224561s, 22600 KB] Random seed: -1

[t=0.00226736s, 22600 KB] Options related to size limits and shrinking: 
[t=0.0022873s, 22600 KB] Transition system size limit: 50000
[t=0.00230677s, 22600 KB] Transition system size limit right before merge: 50000
[t=0.00232585s, 22600 KB] Threshold to trigger shrinking right before merge: 1

[t=0.0023476s, 22600 KB] Pruning unreachable states: yes
[t=0.00236763s, 22600 KB] Pruning irrelevant states: yes

[t=0.00239s, 22600 KB] Label reduction disabled

[t=0.00241186s, 22600 KB] Main loop max time in seconds: inf

[t=0.00243593s, 22600 KB] ===============================================================================
[t=0.0024556s, 22600 KB] WARNING! You did not enable label reduction.
This may drastically reduce the performance of merge-and-shrink!
[t=0.00247561s, 22600 KB] ===============================================================================

[t=0.00249813s, 22600 KB] Building atomic transition systems... 
[t=0.00280847s, 22864 KB] M&S algorithm timer: 0.000884074s (after computation of atomic factors)
[t=0.00285848s, 22864 KB] M&S algorithm timer: 0.000921974s (after pruning atomic factors)

[t=0.0028872s, 22864 KB] Starting main loop without a time limit.
[t=0.00295011s, 22864 KB] Next pair of indices: (9, 28)
[t=0.00297582s, 22864 KB] M&S algorithm main loop timer: 0.000107536s (after computation of next merge)
[t=0.00303389s, 22864 KB] M&S algorithm main loop timer: 0.000169806s (after merging)
[t=0.00306697s, 22864 KB] M&S algorithm main loop timer: 0.000198873s (after pruning)

[t=0.00309278s, 22864 KB] Operator mutex starting iteration 0
[t=0.00313617s, 22864 KB] In ts_0_0 of size 2 found num new op-mutexes 0
[t=0.00318439s, 22864 KB] In ts_0_1 of size 2 found num new op-mutexes 0
[t=0.00322894s, 22864 KB] In ts_0_2 of size 2 found num new op-mutexes 0
[t=0.00327064s, 22864 KB] In ts_0_3 of size 2 found num new op-mutexes 0
[t=0.00331208s, 22864 KB] In ts_0_4 of size 2 found num new op-mutexes 0
[t=0.00337722s, 22864 KB] In ts_0_5 of size 2 found num new op-mutexes 0
[t=0.00341776s, 22864 KB] In ts_0_6 of size 2 found num new op-mutexes 0
[t=0.00345844s, 22864 KB] In ts_0_7 of size 2 found num new op-mutexes 0
[t=0.00350069s, 22864 KB] In ts_0_8 of size 2 found num new op-mutexes 0
[t=0.00354303s, 22864 KB] In ts_0_10 of size 2 found num new op-mutexes 0
[t=0.00358464s, 22864 KB] In ts_0_11 of size 2 found num new op-mutexes 0
[t=0.00362486s, 22864 KB] In ts_0_12 of size 2 found num new op-mutexes 0
[t=0.00366502s, 22864 KB] In ts_0_13 of size 2 found num new op-mutexes 0
[t=0.00370526s, 22864 KB] In ts_0_14 of size 2 found num new op-mutexes 0
[t=0.00374527s, 22864 KB] In ts_0_15 of size 2 found num new op-mutexes 0
[t=0.00378517s, 22864 KB] In ts_0_16 of size 2 found num new op-mutexes 0
[t=0.00382587s, 22864 KB] In ts_0_17 of size 2 found num new op-mutexes 0
[t=0.0038657s, 22864 KB] In ts_0_18 of size 2 found num new op-mutexes 0
[t=0.00390531s, 22864 KB] In ts_0_19 of size 2 found num new op-mutexes 0
[t=0.00394497s, 22864 KB] In ts_0_20 of size 2 found num new op-mutexes 0
[t=0.00398937s, 22864 KB] In ts_0_21 of size 2 found num new op-mutexes 0
[t=0.00403092s, 22864 KB] In ts_0_22 of size 2 found num new op-mutexes 0
[t=0.00407214s, 22864 KB] In ts_0_23 of size 2 found num new op-mutexes 0
[t=0.00411257s, 22864 KB] In ts_0_24 of size 2 found num new op-mutexes 0
[t=0.00415337s, 22864 KB] In ts_0_25 of size 2 found num new op-mutexes 0
[t=0.00419392s, 22864 KB] In ts_0_26 of size 2 found num new op-mutexes 0
[t=0.00430291s, 22864 KB] In ts_0_27 of size 4 found num new op-mutexes 412
[t=0.00443146s, 22864 KB] In ts_0_29 of size 14 found num new op-mutexes 78
[t=0.00446435s, 22864 KB] Operator mutex finished iteration 0. Found an additional 490 operator mutexes

[t=0.00452131s, 22864 KB] Next pair of indices: (11, 29)
[t=0.00454846s, 22864 KB] M&S algorithm main loop timer: 0.00168057s (after computation of next merge)
[t=0.00460342s, 22864 KB] M&S algorithm main loop timer: 0.00173943s (after merging)
[t=0.00463669s, 22864 KB] M&S algorithm main loop timer: 0.00176852s (after pruning)

[t=0.00466182s, 22864 KB] Operator mutex starting iteration 1
[t=0.00470285s, 22864 KB] In ts_1_0 of size 2 found num new op-mutexes 0
[t=0.00475851s, 22864 KB] In ts_1_1 of size 2 found num new op-mutexes 0
[t=0.00480221s, 22864 KB] In ts_1_2 of size 2 found num new op-mutexes 0
[t=0.0048443s, 22864 KB] In ts_1_3 of size 2 found num new op-mutexes 0
[t=0.00488649s, 22864 KB] In ts_1_4 of size 2 found num new op-mutexes 0
[t=0.00492736s, 22864 KB] In ts_1_5 of size 2 found num new op-mutexes 0
[t=0.00496777s, 22864 KB] In ts_1_6 of size 2 found num new op-mutexes 0
[t=0.00500802s, 22864 KB] In ts_1_7 of size 2 found num new op-mutexes 0
[t=0.00504987s, 22864 KB] In ts_1_8 of size 2 found num new op-mutexes 0
[t=0.0050993s, 22864 KB] In ts_1_10 of size 2 found num new op-mutexes 0
[t=0.005143s, 22864 KB] In ts_1_12 of size 2 found num new op-mutexes 0
[t=0.00518493s, 22864 KB] In ts_1_13 of size 2 found num new op-mutexes 0
[t=0.00522686s, 22864 KB] In ts_1_14 of size 2 found num new op-mutexes 0
[t=0.00526811s, 22864 KB] In ts_1_15 of size 2 found num new op-mutexes 0
[t=0.00530914s, 22864 KB] In ts_1_16 of size 2 found num new op-mutexes 0
[t=0.0053503s, 22864 KB] In ts_1_17 of size 2 found num new op-mutexes 0
[t=0.00539141s, 22864 KB] In ts_1_18 of size 2 found num new op-mutexes 0
[t=0.0054317s, 22864 KB] In ts_1_19 of size 2 found num new op-mutexes 0
[t=0.00547236s, 22864 KB] In ts_1_20 of size 2 found num new op-mutexes 0
[t=0.00551745s, 22864 KB] In ts_1_21 of size 2 found num new op-mutexes 0
[t=0.00555945s, 22864 KB] In ts_1_22 of size 2 found num new op-mutexes 0
[t=0.00560076s, 22864 KB] In ts_1_23 of size 2 found num new op-mutexes 0
[t=0.00564182s, 22864 KB] In ts_1_24 of size 2 found num new op-mutexes 0
[t=0.00569233s, 22864 KB] In ts_1_25 of size 2 found num new op-mutexes 0
[t=0.00573291s, 22864 KB] In ts_1_26 of size 2 found num new op-mutexes 0
[t=0.00580892s, 22864 KB] In ts_1_27 of size 4 found num new op-mutexes 0
[t=0.00593711s, 22864 KB] In ts_1_30 of size 14 found num new op-mutexes 40
[t=0.00596545s, 22864 KB] Operator mutex finished iteration 1. Found an additional 40 operator mutexes

[t=0.00602031s, 22864 KB] Next pair of indices: (17, 30)
[t=0.00604355s, 22864 KB] M&S algorithm main loop timer: 0.00317484s (after computation of next merge)
[t=0.00609697s, 22864 KB] M&S algorithm main loop timer: 0.00323296s (after merging)
[t=0.00613013s, 22864 KB] M&S algorithm main loop timer: 0.00326238s (after pruning)

[t=0.00615567s, 22864 KB] Operator mutex starting iteration 2
[t=0.00619603s, 22864 KB] In ts_2_0 of size 2 found num new op-mutexes 0
[t=0.0062409s, 22864 KB] In ts_2_1 of size 2 found num new op-mutexes 0
[t=0.0062841s, 22864 KB] In ts_2_2 of size 2 found num new op-mutexes 0
[t=0.00632621s, 22864 KB] In ts_2_3 of size 2 found num new op-mutexes 0
[t=0.00636848s, 22864 KB] In ts_2_4 of size 2 found num new op-mutexes 0
[t=0.00641005s, 22864 KB] In ts_2_5 of size 2 found num new op-mutexes 0
[t=0.00645407s, 22864 KB] In ts_2_6 of size 2 found num new op-mutexes 0
[t=0.00649464s, 22864 KB] In ts_2_7 of size 2 found num new op-mutexes 0
[t=0.00653693s, 22864 KB] In ts_2_8 of size 2 found num new op-mutexes 0
[t=0.00659309s, 22864 KB] In ts_2_10 of size 2 found num new op-mutexes 0
[t=0.00663826s, 22864 KB] In ts_2_12 of size 2 found num new op-mutexes 0
[t=0.0066897s, 22864 KB] In ts_2_13 of size 2 found num new op-mutexes 0
[t=0.00673133s, 22864 KB] In ts_2_14 of size 2 found num new op-mutexes 0
[t=0.0067719s, 22864 KB] In ts_2_15 of size 2 found num new op-mutexes 0
[t=0.00681224s, 22864 KB] In ts_2_16 of size 2 found num new op-mutexes 0
[t=0.00685666s, 22864 KB] In ts_2_18 of size 2 found num new op-mutexes 0
[t=0.00689712s, 22864 KB] In ts_2_19 of size 2 found num new op-mutexes 0
[t=0.00693803s, 22864 KB] In ts_2_20 of size 2 found num new op-mutexes 0
[t=0.00698245s, 22864 KB] In ts_2_21 of size 2 found num new op-mutexes 0
[t=0.00702375s, 22864 KB] In ts_2_22 of size 2 found num new op-mutexes 0
[t=0.00706483s, 22864 KB] In ts_2_23 of size 2 found num new op-mutexes 0
[t=0.00710582s, 22864 KB] In ts_2_24 of size 2 found num new op-mutexes 0
[t=0.00715247s, 22864 KB] In ts_2_25 of size 2 found num new op-mutexes 0
[t=0.00719364s, 22864 KB] In ts_2_26 of size 2 found num new op-mutexes 0
[t=0.00727104s, 22864 KB] In ts_2_27 of size 4 found num new op-mutexes 0
[t=0.00740462s, 22864 KB] In ts_2_31 of size 14 found num new op-mutexes 40
[t=0.007433s, 22864 KB] Operator mutex finished iteration 2. Found an additional 40 operator mutexes

[t=0.00748463s, 22864 KB] Next pair of indices: (21, 31)
[t=0.00750874s, 22864 KB] M&S algorithm main loop timer: 0.00464032s (after computation of next merge)
[t=0.00756159s, 22864 KB] M&S algorithm main loop timer: 0.00470531s (after merging)
[t=0.00760451s, 22864 KB] M&S algorithm main loop timer: 0.00473806s (after pruning)

[t=0.00763198s, 22864 KB] Operator mutex starting iteration 3
[t=0.00767317s, 22864 KB] In ts_3_0 of size 2 found num new op-mutexes 0
[t=0.00771893s, 22864 KB] In ts_3_1 of size 2 found num new op-mutexes 0
[t=0.00776256s, 22864 KB] In ts_3_2 of size 2 found num new op-mutexes 0
[t=0.00780463s, 22864 KB] In ts_3_3 of size 2 found num new op-mutexes 0
[t=0.00784671s, 22864 KB] In ts_3_4 of size 2 found num new op-mutexes 0
[t=0.00788791s, 22864 KB] In ts_3_5 of size 2 found num new op-mutexes 0
[t=0.00793188s, 22864 KB] In ts_3_6 of size 2 found num new op-mutexes 0
[t=0.00797327s, 22864 KB] In ts_3_7 of size 2 found num new op-mutexes 0
[t=0.00801549s, 22864 KB] In ts_3_8 of size 2 found num new op-mutexes 0
[t=0.00805795s, 22864 KB] In ts_3_10 of size 2 found num new op-mutexes 0
[t=0.00809962s, 22864 KB] In ts_3_12 of size 2 found num new op-mutexes 0
[t=0.00814049s, 22864 KB] In ts_3_13 of size 2 found num new op-mutexes 0
[t=0.00818183s, 22864 KB] In ts_3_14 of size 2 found num new op-mutexes 0
[t=0.00823191s, 22864 KB] In ts_3_15 of size 2 found num new op-mutexes 0
[t=0.00827241s, 22864 KB] In ts_3_16 of size 2 found num new op-mutexes 0
[t=0.00831432s, 22864 KB] In ts_3_18 of size 2 found num new op-mutexes 0
[t=0.00835525s, 22864 KB] In ts_3_19 of size 2 found num new op-mutexes 0
[t=0.00841533s, 22864 KB] In ts_3_20 of size 2 found num new op-mutexes 0
[t=0.0084633s, 22864 KB] In ts_3_22 of size 2 found num new op-mutexes 0
[t=0.00850597s, 22864 KB] In ts_3_23 of size 2 found num new op-mutexes 0
[t=0.00854773s, 22864 KB] In ts_3_24 of size 2 found num new op-mutexes 0
[t=0.00858985s, 22864 KB] In ts_3_25 of size 2 found num new op-mutexes 0
[t=0.00863161s, 22864 KB] In ts_3_26 of size 2 found num new op-mutexes 0
[t=0.00871151s, 22864 KB] In ts_3_27 of size 4 found num new op-mutexes 0
[t=0.00892189s, 22864 KB] In ts_3_32 of size 14 found num new op-mutexes 214
[t=0.00895615s, 22864 KB] Operator mutex finished iteration 3. Found an additional 214 operator mutexes

[t=0.00900589s, 22864 KB] Next pair of indices: (27, 32)
[t=0.00902933s, 22864 KB] M&S algorithm main loop timer: 0.00616138s (after computation of next merge)
[t=0.00906375s, 22864 KB] M&S algorithm main loop timer: 0.00619599s (after shrinking)
[t=0.00911079s, 22864 KB] M&S algorithm main loop timer: 0.0062436s (after merging)
[t=0.00914148s, 22864 KB] M&S algorithm main loop timer: 0.0062732s (after pruning)

[t=0.00916684s, 22864 KB] Operator mutex starting iteration 4
[t=0.00921831s, 22864 KB] In ts_4_0 of size 2 found num new op-mutexes 0
[t=0.0092641s, 22864 KB] In ts_4_1 of size 2 found num new op-mutexes 0
[t=0.00930747s, 22864 KB] In ts_4_2 of size 2 found num new op-mutexes 0
[t=0.00934968s, 22864 KB] In ts_4_3 of size 2 found num new op-mutexes 0
[t=0.00939183s, 22864 KB] In ts_4_4 of size 2 found num new op-mutexes 0
[t=0.00943297s, 22864 KB] In ts_4_5 of size 2 found num new op-mutexes 0
[t=0.00947672s, 22864 KB] In ts_4_6 of size 2 found num new op-mutexes 0
[t=0.00952043s, 22864 KB] In ts_4_7 of size 2 found num new op-mutexes 0
[t=0.00956813s, 22864 KB] In ts_4_8 of size 2 found num new op-mutexes 0
[t=0.00961116s, 22864 KB] In ts_4_10 of size 2 found num new op-mutexes 0
[t=0.00965226s, 22864 KB] In ts_4_12 of size 2 found num new op-mutexes 0
[t=0.00969356s, 22864 KB] In ts_4_13 of size 2 found num new op-mutexes 0
[t=0.00973465s, 22864 KB] In ts_4_14 of size 2 found num new op-mutexes 0
[t=0.00977488s, 22864 KB] In ts_4_15 of size 2 found num new op-mutexes 0
[t=0.00981514s, 22864 KB] In ts_4_16 of size 2 found num new op-mutexes 0
[t=0.00985793s, 22864 KB] In ts_4_18 of size 2 found num new op-mutexes 0
[t=0.00991357s, 22864 KB] In ts_4_19 of size 2 found num new op-mutexes 0
[t=0.0099552s, 22864 KB] In ts_4_20 of size 2 found num new op-mutexes 0
[t=0.00999805s, 22864 KB] In ts_4_22 of size 2 found num new op-mutexes 0
[t=0.0100409s, 22864 KB] In ts_4_23 of size 2 found num new op-mutexes 0
[t=0.0100836s, 22864 KB] In ts_4_24 of size 2 found num new op-mutexes 0
[t=0.0101346s, 22864 KB] In ts_4_25 of size 2 found num new op-mutexes 0
[t=0.0101767s, 22864 KB] In ts_4_26 of size 2 found num new op-mutexes 0
[t=0.0104361s, 22864 KB] In ts_4_33 of size 15 found num new op-mutexes 648
[t=0.0104705s, 22864 KB] Operator mutex finished iteration 4. Found an additional 648 operator mutexes

[t=0.010521s, 22864 KB] Next pair of indices: (6, 33)
[t=0.0105446s, 22864 KB] M&S algorithm main loop timer: 0.00767597s (after computation of next merge)
[t=0.010598s, 22864 KB] M&S algorithm main loop timer: 0.00773406s (after merging)
[t=0.0106298s, 22864 KB] M&S algorithm main loop timer: 0.00776142s (after pruning)

[t=0.0106552s, 22864 KB] Operator mutex starting iteration 5
[t=0.0106967s, 22864 KB] In ts_5_0 of size 2 found num new op-mutexes 0
[t=0.0107472s, 22864 KB] In ts_5_1 of size 2 found num new op-mutexes 0
[t=0.0107915s, 22864 KB] In ts_5_2 of size 2 found num new op-mutexes 0
[t=0.0108379s, 22864 KB] In ts_5_3 of size 2 found num new op-mutexes 0
[t=0.0108896s, 22864 KB] In ts_5_4 of size 2 found num new op-mutexes 0
[t=0.0109368s, 22864 KB] In ts_5_5 of size 2 found num new op-mutexes 0
[t=0.0109782s, 22864 KB] In ts_5_7 of size 2 found num new op-mutexes 0
[t=0.0110268s, 22864 KB] In ts_5_8 of size 2 found num new op-mutexes 0
[t=0.0110733s, 22864 KB] In ts_5_10 of size 2 found num new op-mutexes 0
[t=0.0111187s, 22864 KB] In ts_5_12 of size 2 found num new op-mutexes 0
[t=0.0111626s, 22864 KB] In ts_5_13 of size 2 found num new op-mutexes 0
[t=0.0112083s, 22864 KB] In ts_5_14 of size 2 found num new op-mutexes 0
[t=0.011252s, 22864 KB] In ts_5_15 of size 2 found num new op-mutexes 0
[t=0.0112953s, 22864 KB] In ts_5_16 of size 2 found num new op-mutexes 0
[t=0.0113429s, 22864 KB] In ts_5_18 of size 2 found num new op-mutexes 0
[t=0.0113898s, 22864 KB] In ts_5_19 of size 2 found num new op-mutexes 0
[t=0.0114336s, 22864 KB] In ts_5_20 of size 2 found num new op-mutexes 0
[t=0.011483s, 22864 KB] In ts_5_22 of size 2 found num new op-mutexes 0
[t=0.0115326s, 22864 KB] In ts_5_23 of size 2 found num new op-mutexes 0
[t=0.0115801s, 22864 KB] In ts_5_24 of size 2 found num new op-mutexes 0
[t=0.0116291s, 22864 KB] In ts_5_25 of size 2 found num new op-mutexes 0
[t=0.0116836s, 22864 KB] In ts_5_26 of size 2 found num new op-mutexes 0
[t=0.0118542s, 22864 KB] In ts_5_34 of size 15 found num new op-mutexes 0
[t=0.0118829s, 22864 KB] Operator mutex finished iteration 5. Found an additional 0 operator mutexes

[t=0.0119291s, 22864 KB] Next pair of indices: (12, 34)
[t=0.0119514s, 22864 KB] M&S algorithm main loop timer: 0.00908253s (after computation of next merge)
[t=0.011998s, 22864 KB] M&S algorithm main loop timer: 0.0091334s (after merging)
[t=0.0120286s, 22864 KB] M&S algorithm main loop timer: 0.00916002s (after pruning)

[t=0.0120534s, 22864 KB] Operator mutex starting iteration 6
[t=0.0120933s, 22864 KB] In ts_6_0 of size 2 found num new op-mutexes 0
[t=0.0121419s, 22864 KB] In ts_6_1 of size 2 found num new op-mutexes 0
[t=0.0121945s, 22864 KB] In ts_6_2 of size 2 found num new op-mutexes 0
[t=0.0122409s, 22864 KB] In ts_6_3 of size 2 found num new op-mutexes 0
[t=0.0122862s, 22864 KB] In ts_6_4 of size 2 found num new op-mutexes 0
[t=0.0123318s, 22864 KB] In ts_6_5 of size 2 found num new op-mutexes 0
[t=0.0123729s, 22864 KB] In ts_6_7 of size 2 found num new op-mutexes 0
[t=0.0124208s, 22864 KB] In ts_6_8 of size 2 found num new op-mutexes 0
[t=0.0124678s, 22864 KB] In ts_6_10 of size 2 found num new op-mutexes 0
[t=0.0125213s, 22864 KB] In ts_6_13 of size 2 found num new op-mutexes 0
[t=0.0125673s, 22864 KB] In ts_6_14 of size 2 found num new op-mutexes 0
[t=0.0126107s, 22864 KB] In ts_6_15 of size 2 found num new op-mutexes 0
[t=0.0126535s, 22864 KB] In ts_6_16 of size 2 found num new op-mutexes 0
[t=0.0127008s, 22864 KB] In ts_6_18 of size 2 found num new op-mutexes 0
[t=0.012748s, 22864 KB] In ts_6_19 of size 2 found num new op-mutexes 0
[t=0.0127921s, 22864 KB] In ts_6_20 of size 2 found num new op-mutexes 0
[t=0.0128412s, 22864 KB] In ts_6_22 of size 2 found num new op-mutexes 0
[t=0.0128906s, 22864 KB] In ts_6_23 of size 2 found num new op-mutexes 0
[t=0.0129381s, 22864 KB] In ts_6_24 of size 2 found num new op-mutexes 0
[t=0.0129871s, 22864 KB] In ts_6_25 of size 2 found num new op-mutexes 0
[t=0.0130465s, 22864 KB] In ts_6_26 of size 2 found num new op-mutexes 0
[t=0.0132631s, 22864 KB] In ts_6_35 of size 15 found num new op-mutexes 0
[t=0.0132937s, 22864 KB] Operator mutex finished iteration 6. Found an additional 0 operator mutexes

[t=0.0133422s, 22864 KB] Next pair of indices: (5, 35)
[t=0.0133648s, 22864 KB] M&S algorithm main loop timer: 0.0105036s (after computation of next merge)
[t=0.0134208s, 22864 KB] M&S algorithm main loop timer: 0.0105564s (after merging)
[t=0.0134517s, 22864 KB] M&S algorithm main loop timer: 0.0105833s (after pruning)

[t=0.0134766s, 22864 KB] Operator mutex starting iteration 7
[t=0.0135172s, 22864 KB] In ts_7_0 of size 2 found num new op-mutexes 0
[t=0.0135667s, 22864 KB] In ts_7_1 of size 2 found num new op-mutexes 0
[t=0.0136101s, 22864 KB] In ts_7_2 of size 2 found num new op-mutexes 0
[t=0.0136562s, 22864 KB] In ts_7_3 of size 2 found num new op-mutexes 0
[t=0.0137008s, 22864 KB] In ts_7_4 of size 2 found num new op-mutexes 0
[t=0.0137415s, 22864 KB] In ts_7_7 of size 2 found num new op-mutexes 0
[t=0.0137897s, 22864 KB] In ts_7_8 of size 2 found num new op-mutexes 0
[t=0.0138368s, 22864 KB] In ts_7_10 of size 2 found num new op-mutexes 0
[t=0.0138806s, 22864 KB] In ts_7_13 of size 2 found num new op-mutexes 0
[t=0.013926s, 22864 KB] In ts_7_14 of size 2 found num new op-mutexes 0
[t=0.0139692s, 22864 KB] In ts_7_15 of size 2 found num new op-mutexes 0
[t=0.0140116s, 22864 KB] In ts_7_16 of size 2 found num new op-mutexes 0
[t=0.0140584s, 22864 KB] In ts_7_18 of size 2 found num new op-mutexes 0
[t=0.0141132s, 22864 KB] In ts_7_19 of size 2 found num new op-mutexes 0
[t=0.0141566s, 22864 KB] In ts_7_20 of size 2 found num new op-mutexes 0
[t=0.0142057s, 22864 KB] In ts_7_22 of size 2 found num new op-mutexes 0
[t=0.0142551s, 22864 KB] In ts_7_23 of size 2 found num new op-mutexes 0
[t=0.0143026s, 22864 KB] In ts_7_24 of size 2 found num new op-mutexes 0
[t=0.0143515s, 22864 KB] In ts_7_25 of size 2 found num new op-mutexes 0
[t=0.0143964s, 22864 KB] In ts_7_26 of size 2 found num new op-mutexes 0
[t=0.0145676s, 22864 KB] In ts_7_36 of size 15 found num new op-mutexes 0
[t=0.0145953s, 22864 KB] Operator mutex finished iteration 7. Found an additional 0 operator mutexes

[t=0.0146456s, 22864 KB] Next pair of indices: (10, 36)
[t=0.0146677s, 22864 KB] M&S algorithm main loop timer: 0.0117987s (after computation of next merge)
[t=0.0147139s, 22864 KB] M&S algorithm main loop timer: 0.0118494s (after merging)
[t=0.0147443s, 22864 KB] M&S algorithm main loop timer: 0.0118757s (after pruning)

[t=0.014769s, 22864 KB] Operator mutex starting iteration 8
[t=0.0148087s, 22864 KB] In ts_8_0 of size 2 found num new op-mutexes 0
[t=0.0148573s, 22864 KB] In ts_8_1 of size 2 found num new op-mutexes 0
[t=0.0149006s, 22864 KB] In ts_8_2 of size 2 found num new op-mutexes 0
[t=0.0149493s, 22864 KB] In ts_8_3 of size 2 found num new op-mutexes 0
[t=0.0149973s, 22864 KB] In ts_8_4 of size 2 found num new op-mutexes 0
[t=0.0150384s, 22864 KB] In ts_8_7 of size 2 found num new op-mutexes 0
[t=0.0150868s, 22864 KB] In ts_8_8 of size 2 found num new op-mutexes 0
[t=0.0151308s, 22864 KB] In ts_8_13 of size 2 found num new op-mutexes 0
[t=0.0151768s, 22864 KB] In ts_8_14 of size 2 found num new op-mutexes 0
[t=0.0152204s, 22864 KB] In ts_8_15 of size 2 found num new op-mutexes 0
[t=0.0152638s, 22864 KB] In ts_8_16 of size 2 found num new op-mutexes 0
[t=0.0153108s, 22864 KB] In ts_8_18 of size 2 found num new op-mutexes 0
[t=0.0153574s, 22864 KB] In ts_8_19 of size 2 found num new op-mutexes 0
[t=0.0154003s, 22864 KB] In ts_8_20 of size 2 found num new op-mutexes 0
[t=0.0154494s, 22864 KB] In ts_8_22 of size 2 found num new op-mutexes 0
[t=0.0154977s, 22864 KB] In ts_8_23 of size 2 found num new op-mutexes 0
[t=0.015545s, 22864 KB] In ts_8_24 of size 2 found num new op-mutexes 0
[t=0.0155935s, 22864 KB] In ts_8_25 of size 2 found num new op-mutexes 0
[t=0.0156377s, 22864 KB] In ts_8_26 of size 2 found num new op-mutexes 0
[t=0.0158169s, 22864 KB] In ts_8_37 of size 15 found num new op-mutexes 0
[t=0.015845s, 22864 KB] Operator mutex finished iteration 8. Found an additional 0 operator mutexes

[t=0.0158988s, 22864 KB] Next pair of indices: (1, 37)
[t=0.0159226s, 22864 KB] M&S algorithm main loop timer: 0.0130534s (after computation of next merge)
[t=0.0159691s, 22864 KB] M&S algorithm main loop timer: 0.0131045s (after merging)
[t=0.0159999s, 22864 KB] M&S algorithm main loop timer: 0.0131313s (after pruning)

[t=0.0160247s, 22864 KB] Operator mutex starting iteration 9
[t=0.0160645s, 22864 KB] In ts_9_0 of size 2 found num new op-mutexes 0
[t=0.0161094s, 22864 KB] In ts_9_2 of size 2 found num new op-mutexes 0
[t=0.0161569s, 22864 KB] In ts_9_3 of size 2 found num new op-mutexes 0
[t=0.0162035s, 22864 KB] In ts_9_4 of size 2 found num new op-mutexes 0
[t=0.0162454s, 22864 KB] In ts_9_7 of size 2 found num new op-mutexes 0
[t=0.0162939s, 22864 KB] In ts_9_8 of size 2 found num new op-mutexes 0
[t=0.0163388s, 22864 KB] In ts_9_13 of size 2 found num new op-mutexes 0
[t=0.0163854s, 22864 KB] In ts_9_14 of size 2 found num new op-mutexes 0
[t=0.0164303s, 22864 KB] In ts_9_15 of size 2 found num new op-mutexes 0
[t=0.0164771s, 22864 KB] In ts_9_16 of size 2 found num new op-mutexes 0
[t=0.0165291s, 22864 KB] In ts_9_18 of size 2 found num new op-mutexes 0
[t=0.0165804s, 22864 KB] In ts_9_19 of size 2 found num new op-mutexes 0
[t=0.0166347s, 22864 KB] In ts_9_20 of size 2 found num new op-mutexes 0
[t=0.0166905s, 22864 KB] In ts_9_22 of size 2 found num new op-mutexes 0
[t=0.016746s, 22864 KB] In ts_9_23 of size 2 found num new op-mutexes 0
[t=0.0167953s, 22864 KB] In ts_9_24 of size 2 found num new op-mutexes 0
[t=0.0168445s, 22864 KB] In ts_9_25 of size 2 found num new op-mutexes 0
[t=0.0168893s, 22864 KB] In ts_9_26 of size 2 found num new op-mutexes 0
[t=0.0170604s, 22864 KB] In ts_9_38 of size 15 found num new op-mutexes 0
[t=0.0170882s, 22864 KB] Operator mutex finished iteration 9. Found an additional 0 operator mutexes

[t=0.0171318s, 22864 KB] Next pair of indices: (25, 38)
[t=0.0171547s, 22864 KB] M&S algorithm main loop timer: 0.014286s (after computation of next merge)
[t=0.0172037s, 22864 KB] M&S algorithm main loop timer: 0.0143398s (after merging)
[t=0.0172366s, 22864 KB] M&S algorithm main loop timer: 0.0143695s (after pruning)

[t=0.0172628s, 22864 KB] Operator mutex starting iteration 10
[t=0.017304s, 22864 KB] In ts_10_0 of size 2 found num new op-mutexes 0
[t=0.0173493s, 22864 KB] In ts_10_2 of size 2 found num new op-mutexes 0
[t=0.0173971s, 22864 KB] In ts_10_3 of size 2 found num new op-mutexes 0
[t=0.0174523s, 22864 KB] In ts_10_4 of size 2 found num new op-mutexes 0
[t=0.0174933s, 22864 KB] In ts_10_7 of size 2 found num new op-mutexes 0
[t=0.0175422s, 22864 KB] In ts_10_8 of size 2 found num new op-mutexes 0
[t=0.0175877s, 22864 KB] In ts_10_13 of size 2 found num new op-mutexes 0
[t=0.0176346s, 22864 KB] In ts_10_14 of size 2 found num new op-mutexes 0
[t=0.0176793s, 22864 KB] In ts_10_15 of size 2 found num new op-mutexes 0
[t=0.0177237s, 22864 KB] In ts_10_16 of size 2 found num new op-mutexes 0
[t=0.017771s, 22864 KB] In ts_10_18 of size 2 found num new op-mutexes 0
[t=0.0178185s, 22864 KB] In ts_10_19 of size 2 found num new op-mutexes 0
[t=0.0178622s, 22864 KB] In ts_10_20 of size 2 found num new op-mutexes 0
[t=0.0179118s, 22864 KB] In ts_10_22 of size 2 found num new op-mutexes 0
[t=0.0179699s, 22864 KB] In ts_10_23 of size 2 found num new op-mutexes 0
[t=0.0180179s, 22864 KB] In ts_10_24 of size 2 found num new op-mutexes 0
[t=0.0180628s, 22864 KB] In ts_10_26 of size 2 found num new op-mutexes 0
[t=0.0182341s, 22864 KB] In ts_10_39 of size 15 found num new op-mutexes 28
[t=0.0182625s, 22864 KB] Operator mutex finished iteration 10. Found an additional 28 operator mutexes

[t=0.0183078s, 22864 KB] Next pair of indices: (8, 39)
[t=0.01833s, 22864 KB] M&S algorithm main loop timer: 0.0154614s (after computation of next merge)
[t=0.0183766s, 22864 KB] M&S algorithm main loop timer: 0.0155122s (after merging)
[t=0.0184072s, 22864 KB] M&S algorithm main loop timer: 0.0155389s (after pruning)

[t=0.0184321s, 22864 KB] Operator mutex starting iteration 11
[t=0.0184719s, 22864 KB] In ts_11_0 of size 2 found num new op-mutexes 0
[t=0.0185169s, 22864 KB] In ts_11_2 of size 2 found num new op-mutexes 0
[t=0.0185649s, 22864 KB] In ts_11_3 of size 2 found num new op-mutexes 0
[t=0.0186103s, 22864 KB] In ts_11_4 of size 2 found num new op-mutexes 0
[t=0.0186515s, 22864 KB] In ts_11_7 of size 2 found num new op-mutexes 0
[t=0.0186957s, 22864 KB] In ts_11_13 of size 2 found num new op-mutexes 0
[t=0.0187423s, 22864 KB] In ts_11_14 of size 2 found num new op-mutexes 0
[t=0.0187869s, 22864 KB] In ts_11_15 of size 2 found num new op-mutexes 0
[t=0.0188306s, 22864 KB] In ts_11_16 of size 2 found num new op-mutexes 0
[t=0.0188781s, 22864 KB] In ts_11_18 of size 2 found num new op-mutexes 0
[t=0.018925s, 22864 KB] In ts_11_19 of size 2 found num new op-mutexes 0
[t=0.0189689s, 22864 KB] In ts_11_20 of size 2 found num new op-mutexes 0
[t=0.0190281s, 22864 KB] In ts_11_22 of size 2 found num new op-mutexes 0
[t=0.0190766s, 22864 KB] In ts_11_23 of size 2 found num new op-mutexes 0
[t=0.0191247s, 22864 KB] In ts_11_24 of size 2 found num new op-mutexes 0
[t=0.0191769s, 22864 KB] In ts_11_26 of size 2 found num new op-mutexes 0
[t=0.0193531s, 22864 KB] In ts_11_40 of size 15 found num new op-mutexes 0
[t=0.0193819s, 22864 KB] Operator mutex finished iteration 11. Found an additional 0 operator mutexes

[t=0.0194253s, 22864 KB] Next pair of indices: (23, 40)
[t=0.0194474s, 22864 KB] M&S algorithm main loop timer: 0.0165785s (after computation of next merge)
[t=0.0194943s, 22864 KB] M&S algorithm main loop timer: 0.0166296s (after merging)
[t=0.0195247s, 22864 KB] M&S algorithm main loop timer: 0.0166565s (after pruning)

[t=0.01955s, 22864 KB] Operator mutex starting iteration 12
[t=0.0195904s, 22864 KB] In ts_12_0 of size 2 found num new op-mutexes 0
[t=0.0196361s, 22864 KB] In ts_12_2 of size 2 found num new op-mutexes 0
[t=0.0196839s, 22864 KB] In ts_12_3 of size 2 found num new op-mutexes 0
[t=0.0197298s, 22864 KB] In ts_12_4 of size 2 found num new op-mutexes 0
[t=0.0197713s, 22864 KB] In ts_12_7 of size 2 found num new op-mutexes 0
[t=0.0198158s, 22864 KB] In ts_12_13 of size 2 found num new op-mutexes 0
[t=0.0198865s, 22864 KB] In ts_12_14 of size 2 found num new op-mutexes 0
[t=0.0199418s, 22864 KB] In ts_12_15 of size 2 found num new op-mutexes 0
[t=0.019986s, 22864 KB] In ts_12_16 of size 2 found num new op-mutexes 0
[t=0.0200337s, 22864 KB] In ts_12_18 of size 2 found num new op-mutexes 0
[t=0.0200812s, 22864 KB] In ts_12_19 of size 2 found num new op-mutexes 0
[t=0.0201249s, 22864 KB] In ts_12_20 of size 2 found num new op-mutexes 0
[t=0.0201744s, 22864 KB] In ts_12_22 of size 2 found num new op-mutexes 0
[t=0.0202225s, 22864 KB] In ts_12_24 of size 2 found num new op-mutexes 0
[t=0.0202676s, 22864 KB] In ts_12_26 of size 2 found num new op-mutexes 0
[t=0.0204434s, 22864 KB] In ts_12_41 of size 15 found num new op-mutexes 0
[t=0.0204736s, 22864 KB] Operator mutex finished iteration 12. Found an additional 0 operator mutexes

[t=0.020514s, 22864 KB] Next pair of indices: (26, 41)
[t=0.0205363s, 22864 KB] M&S algorithm main loop timer: 0.0176676s (after computation of next merge)
[t=0.0205843s, 22864 KB] M&S algorithm main loop timer: 0.0177198s (after merging)
[t=0.020615s, 22864 KB] M&S algorithm main loop timer: 0.017747s (after pruning)

[t=0.0206402s, 22864 KB] Operator mutex starting iteration 13
[t=0.0206807s, 22864 KB] In ts_13_0 of size 2 found num new op-mutexes 0
[t=0.0207253s, 22864 KB] In ts_13_2 of size 2 found num new op-mutexes 0
[t=0.0207734s, 22864 KB] In ts_13_3 of size 2 found num new op-mutexes 0
[t=0.0208192s, 22864 KB] In ts_13_4 of size 2 found num new op-mutexes 0
[t=0.0208607s, 22864 KB] In ts_13_7 of size 2 found num new op-mutexes 0
[t=0.0209051s, 22864 KB] In ts_13_13 of size 2 found num new op-mutexes 0
[t=0.0209628s, 22864 KB] In ts_13_14 of size 2 found num new op-mutexes 0
[t=0.0210076s, 22864 KB] In ts_13_15 of size 2 found num new op-mutexes 0
[t=0.0210518s, 22864 KB] In ts_13_16 of size 2 found num new op-mutexes 0
[t=0.0210999s, 22864 KB] In ts_13_18 of size 2 found num new op-mutexes 0
[t=0.0211473s, 22864 KB] In ts_13_19 of size 2 found num new op-mutexes 0
[t=0.0211913s, 22864 KB] In ts_13_20 of size 2 found num new op-mutexes 0
[t=0.0212416s, 22864 KB] In ts_13_22 of size 2 found num new op-mutexes 0
[t=0.0212898s, 22864 KB] In ts_13_24 of size 2 found num new op-mutexes 0
[t=0.0214705s, 22864 KB] In ts_13_42 of size 15 found num new op-mutexes 0
[t=0.0214983s, 22864 KB] Operator mutex finished iteration 13. Found an additional 0 operator mutexes

[t=0.0215405s, 22864 KB] Next pair of indices: (20, 42)
[t=0.0215624s, 22864 KB] M&S algorithm main loop timer: 0.0186932s (after computation of next merge)
[t=0.0216082s, 22864 KB] M&S algorithm main loop timer: 0.0187432s (after merging)
[t=0.0216385s, 22864 KB] M&S algorithm main loop timer: 0.0187778s (after pruning)

[t=0.0216722s, 22864 KB] Operator mutex starting iteration 14
[t=0.0217138s, 22864 KB] In ts_14_0 of size 2 found num new op-mutexes 0
[t=0.0217593s, 22864 KB] In ts_14_2 of size 2 found num new op-mutexes 0
[t=0.0218077s, 22864 KB] In ts_14_3 of size 2 found num new op-mutexes 0
[t=0.0218541s, 22864 KB] In ts_14_4 of size 2 found num new op-mutexes 0
[t=0.0218952s, 22864 KB] In ts_14_7 of size 2 found num new op-mutexes 0
[t=0.0219392s, 22864 KB] In ts_14_13 of size 2 found num new op-mutexes 0
[t=0.0219854s, 22864 KB] In ts_14_14 of size 2 found num new op-mutexes 0
[t=0.0220293s, 22864 KB] In ts_14_15 of size 2 found num new op-mutexes 0
[t=0.0220733s, 22864 KB] In ts_14_16 of size 2 found num new op-mutexes 0
[t=0.022121s, 22864 KB] In ts_14_18 of size 2 found num new op-mutexes 0
[t=0.0221685s, 22864 KB] In ts_14_19 of size 2 found num new op-mutexes 0
[t=0.0222185s, 22864 KB] In ts_14_22 of size 2 found num new op-mutexes 0
[t=0.0222668s, 22864 KB] In ts_14_24 of size 2 found num new op-mutexes 0
[t=0.0224464s, 22864 KB] In ts_14_43 of size 15 found num new op-mutexes 0
[t=0.0224743s, 22864 KB] Operator mutex finished iteration 14. Found an additional 0 operator mutexes

[t=0.022516s, 22864 KB] Next pair of indices: (22, 43)
[t=0.0225383s, 22864 KB] M&S algorithm main loop timer: 0.0196692s (after computation of next merge)
[t=0.0225855s, 22864 KB] M&S algorithm main loop timer: 0.0197206s (after merging)
[t=0.0226158s, 22864 KB] M&S algorithm main loop timer: 0.0197476s (after pruning)

[t=0.0226408s, 22864 KB] Operator mutex starting iteration 15
[t=0.0226804s, 22864 KB] In ts_15_0 of size 2 found num new op-mutexes 0
[t=0.0227249s, 22864 KB] In ts_15_2 of size 2 found num new op-mutexes 0
[t=0.0227718s, 22864 KB] In ts_15_3 of size 2 found num new op-mutexes 0
[t=0.0228259s, 22864 KB] In ts_15_4 of size 2 found num new op-mutexes 0
[t=0.022867s, 22864 KB] In ts_15_7 of size 2 found num new op-mutexes 0
[t=0.0229118s, 22864 KB] In ts_15_13 of size 2 found num new op-mutexes 0
[t=0.0229581s, 22864 KB] In ts_15_14 of size 2 found num new op-mutexes 0
[t=0.0230126s, 22864 KB] In ts_15_15 of size 2 found num new op-mutexes 0
[t=0.0230618s, 22864 KB] In ts_15_16 of size 2 found num new op-mutexes 0
[t=0.0231105s, 22864 KB] In ts_15_18 of size 2 found num new op-mutexes 0
[t=0.0231694s, 22864 KB] In ts_15_19 of size 2 found num new op-mutexes 0
[t=0.023221s, 22864 KB] In ts_15_24 of size 2 found num new op-mutexes 0
[t=0.0233947s, 22864 KB] In ts_15_44 of size 15 found num new op-mutexes 0
[t=0.0234224s, 22864 KB] Operator mutex finished iteration 15. Found an additional 0 operator mutexes

[t=0.0234607s, 22864 KB] Next pair of indices: (24, 44)
[t=0.0234829s, 22864 KB] M&S algorithm main loop timer: 0.020614s (after computation of next merge)
[t=0.0235327s, 22864 KB] M&S algorithm main loop timer: 0.0206679s (after merging)
[t=0.0235631s, 22864 KB] M&S algorithm main loop timer: 0.0206946s (after pruning)

[t=0.0235882s, 22864 KB] Operator mutex starting iteration 16
[t=0.0236283s, 22864 KB] In ts_16_0 of size 2 found num new op-mutexes 0
[t=0.023673s, 22864 KB] In ts_16_2 of size 2 found num new op-mutexes 0
[t=0.023721s, 22864 KB] In ts_16_3 of size 2 found num new op-mutexes 0
[t=0.0237754s, 22864 KB] In ts_16_4 of size 2 found num new op-mutexes 0
[t=0.0238166s, 22864 KB] In ts_16_7 of size 2 found num new op-mutexes 0
[t=0.0238607s, 22864 KB] In ts_16_13 of size 2 found num new op-mutexes 0
[t=0.023907s, 22864 KB] In ts_16_14 of size 2 found num new op-mutexes 0
[t=0.0239511s, 22864 KB] In ts_16_15 of size 2 found num new op-mutexes 0
[t=0.0239947s, 22864 KB] In ts_16_16 of size 2 found num new op-mutexes 0
[t=0.0240422s, 22864 KB] In ts_16_18 of size 2 found num new op-mutexes 0
[t=0.0240894s, 22864 KB] In ts_16_19 of size 2 found num new op-mutexes 0
[t=0.0242698s, 22864 KB] In ts_16_45 of size 15 found num new op-mutexes 0
[t=0.024299s, 22864 KB] Operator mutex finished iteration 16. Found an additional 0 operator mutexes

[t=0.0243395s, 22864 KB] Next pair of indices: (2, 45)
[t=0.0243617s, 22864 KB] M&S algorithm main loop timer: 0.0214926s (after computation of next merge)
[t=0.0244076s, 22864 KB] M&S algorithm main loop timer: 0.0215424s (after merging)
[t=0.0244373s, 22864 KB] M&S algorithm main loop timer: 0.0215692s (after pruning)

[t=0.0244625s, 22864 KB] Operator mutex starting iteration 17
[t=0.0245024s, 22864 KB] In ts_17_0 of size 2 found num new op-mutexes 0
[t=0.0245524s, 22864 KB] In ts_17_3 of size 2 found num new op-mutexes 0
[t=0.0245988s, 22864 KB] In ts_17_4 of size 2 found num new op-mutexes 0
[t=0.0246405s, 22864 KB] In ts_17_7 of size 2 found num new op-mutexes 0
[t=0.0246855s, 22864 KB] In ts_17_13 of size 2 found num new op-mutexes 0
[t=0.0247319s, 22864 KB] In ts_17_14 of size 2 found num new op-mutexes 0
[t=0.0247764s, 22864 KB] In ts_17_15 of size 2 found num new op-mutexes 0
[t=0.0248205s, 22864 KB] In ts_17_16 of size 2 found num new op-mutexes 0
[t=0.0248774s, 22864 KB] In ts_17_18 of size 2 found num new op-mutexes 0
[t=0.024925s, 22864 KB] In ts_17_19 of size 2 found num new op-mutexes 0
[t=0.0251193s, 22864 KB] In ts_17_46 of size 15 found num new op-mutexes 0
[t=0.0251542s, 22864 KB] Operator mutex finished iteration 17. Found an additional 0 operator mutexes

[t=0.0251932s, 22864 KB] Next pair of indices: (14, 46)
[t=0.0252156s, 22864 KB] M&S algorithm main loop timer: 0.0223465s (after computation of next merge)
[t=0.0252627s, 22864 KB] M&S algorithm main loop timer: 0.0223981s (after merging)
[t=0.0252933s, 22864 KB] M&S algorithm main loop timer: 0.0224252s (after pruning)

[t=0.0253185s, 22864 KB] Operator mutex starting iteration 18
[t=0.0253584s, 22864 KB] In ts_18_0 of size 2 found num new op-mutexes 0
[t=0.0254075s, 22864 KB] In ts_18_3 of size 2 found num new op-mutexes 0
[t=0.0254539s, 22864 KB] In ts_18_4 of size 2 found num new op-mutexes 0
[t=0.0254954s, 22864 KB] In ts_18_7 of size 2 found num new op-mutexes 0
[t=0.0255399s, 22864 KB] In ts_18_13 of size 2 found num new op-mutexes 0
[t=0.025585s, 22864 KB] In ts_18_15 of size 2 found num new op-mutexes 0
[t=0.0256323s, 22864 KB] In ts_18_16 of size 2 found num new op-mutexes 0
[t=0.0256844s, 22864 KB] In ts_18_18 of size 2 found num new op-mutexes 0
[t=0.0257402s, 22864 KB] In ts_18_19 of size 2 found num new op-mutexes 0
[t=0.0259129s, 22864 KB] In ts_18_47 of size 15 found num new op-mutexes 0
[t=0.025941s, 22864 KB] Operator mutex finished iteration 18. Found an additional 0 operator mutexes

[t=0.0259782s, 22864 KB] Next pair of indices: (3, 47)
[t=0.0260003s, 22864 KB] M&S algorithm main loop timer: 0.0231316s (after computation of next merge)
[t=0.026047s, 22864 KB] M&S algorithm main loop timer: 0.0231824s (after merging)
[t=0.0260776s, 22864 KB] M&S algorithm main loop timer: 0.0232096s (after pruning)

[t=0.0261028s, 22864 KB] Operator mutex starting iteration 19
[t=0.0261425s, 22864 KB] In ts_19_0 of size 2 found num new op-mutexes 0
[t=0.0261898s, 22864 KB] In ts_19_4 of size 2 found num new op-mutexes 0
[t=0.0262385s, 22864 KB] In ts_19_7 of size 2 found num new op-mutexes 0
[t=0.0262836s, 22864 KB] In ts_19_13 of size 2 found num new op-mutexes 0
[t=0.0263286s, 22864 KB] In ts_19_15 of size 2 found num new op-mutexes 0
[t=0.026372s, 22864 KB] In ts_19_16 of size 2 found num new op-mutexes 0
[t=0.0264199s, 22864 KB] In ts_19_18 of size 2 found num new op-mutexes 0
[t=0.0264985s, 22864 KB] In ts_19_19 of size 2 found num new op-mutexes 0
[t=0.026677s, 22864 KB] In ts_19_48 of size 15 found num new op-mutexes 0
[t=0.026705s, 22864 KB] Operator mutex finished iteration 19. Found an additional 0 operator mutexes

[t=0.0267399s, 22864 KB] Next pair of indices: (16, 48)
[t=0.0267617s, 22864 KB] M&S algorithm main loop timer: 0.0238926s (after computation of next merge)
[t=0.0268087s, 22864 KB] M&S algorithm main loop timer: 0.0239441s (after merging)
[t=0.0268396s, 22864 KB] M&S algorithm main loop timer: 0.0239713s (after pruning)

[t=0.0268645s, 22864 KB] Operator mutex starting iteration 20
[t=0.0269044s, 22864 KB] In ts_20_0 of size 2 found num new op-mutexes 0
[t=0.0269521s, 22864 KB] In ts_20_4 of size 2 found num new op-mutexes 0
[t=0.0269934s, 22864 KB] In ts_20_7 of size 2 found num new op-mutexes 0
[t=0.0270384s, 22864 KB] In ts_20_13 of size 2 found num new op-mutexes 0
[t=0.0270824s, 22864 KB] In ts_20_15 of size 2 found num new op-mutexes 0
[t=0.027131s, 22864 KB] In ts_20_18 of size 2 found num new op-mutexes 0
[t=0.0271789s, 22864 KB] In ts_20_19 of size 2 found num new op-mutexes 0
[t=0.0273512s, 22864 KB] In ts_20_49 of size 15 found num new op-mutexes 0
[t=0.0273794s, 22864 KB] Operator mutex finished iteration 20. Found an additional 0 operator mutexes

[t=0.0274167s, 22864 KB] Next pair of indices: (4, 49)
[t=0.0274381s, 22864 KB] M&S algorithm main loop timer: 0.0245691s (after computation of next merge)
[t=0.0274875s, 22864 KB] M&S algorithm main loop timer: 0.0246257s (after merging)
[t=0.0275213s, 22864 KB] M&S algorithm main loop timer: 0.0246535s (after pruning)

[t=0.0275468s, 22864 KB] Operator mutex starting iteration 21
[t=0.0275873s, 22864 KB] In ts_21_0 of size 2 found num new op-mutexes 0
[t=0.0276295s, 22864 KB] In ts_21_7 of size 2 found num new op-mutexes 0
[t=0.0276769s, 22864 KB] In ts_21_13 of size 2 found num new op-mutexes 0
[t=0.0277221s, 22864 KB] In ts_21_15 of size 2 found num new op-mutexes 0
[t=0.0277708s, 22864 KB] In ts_21_18 of size 2 found num new op-mutexes 0
[t=0.027819s, 22864 KB] In ts_21_19 of size 2 found num new op-mutexes 0
[t=0.02799s, 22864 KB] In ts_21_50 of size 15 found num new op-mutexes 0
[t=0.0280182s, 22864 KB] Operator mutex finished iteration 21. Found an additional 0 operator mutexes

[t=0.0280542s, 22864 KB] Next pair of indices: (15, 50)
[t=0.0280758s, 22864 KB] M&S algorithm main loop timer: 0.0252068s (after computation of next merge)
[t=0.0281219s, 22864 KB] M&S algorithm main loop timer: 0.0252568s (after merging)
[t=0.028152s, 22864 KB] M&S algorithm main loop timer: 0.0252834s (after pruning)

[t=0.0281768s, 22864 KB] Operator mutex starting iteration 22
[t=0.0282165s, 22864 KB] In ts_22_0 of size 2 found num new op-mutexes 0
[t=0.0282582s, 22864 KB] In ts_22_7 of size 2 found num new op-mutexes 0
[t=0.0283051s, 22864 KB] In ts_22_13 of size 2 found num new op-mutexes 0
[t=0.0283542s, 22864 KB] In ts_22_18 of size 2 found num new op-mutexes 0
[t=0.0284029s, 22864 KB] In ts_22_19 of size 2 found num new op-mutexes 0
[t=0.0285744s, 22864 KB] In ts_22_51 of size 15 found num new op-mutexes 0
[t=0.0286025s, 22864 KB] Operator mutex finished iteration 22. Found an additional 0 operator mutexes

[t=0.0286367s, 22864 KB] Next pair of indices: (18, 51)
[t=0.0286582s, 22864 KB] M&S algorithm main loop timer: 0.0257891s (after computation of next merge)
[t=0.0287039s, 22864 KB] M&S algorithm main loop timer: 0.0258391s (after merging)
[t=0.0287341s, 22864 KB] M&S algorithm main loop timer: 0.0258657s (after pruning)

[t=0.0287591s, 22864 KB] Operator mutex starting iteration 23
[t=0.0287988s, 22864 KB] In ts_23_0 of size 2 found num new op-mutexes 0
[t=0.028841s, 22864 KB] In ts_23_7 of size 2 found num new op-mutexes 0
[t=0.0288875s, 22864 KB] In ts_23_13 of size 2 found num new op-mutexes 0
[t=0.0289368s, 22864 KB] In ts_23_19 of size 2 found num new op-mutexes 0
[t=0.0291074s, 22864 KB] In ts_23_52 of size 15 found num new op-mutexes 0
[t=0.0291353s, 22864 KB] Operator mutex finished iteration 23. Found an additional 0 operator mutexes

[t=0.0291666s, 22864 KB] Next pair of indices: (19, 52)
[t=0.0291876s, 22864 KB] M&S algorithm main loop timer: 0.0263184s (after computation of next merge)
[t=0.0292332s, 22864 KB] M&S algorithm main loop timer: 0.0263682s (after merging)
[t=0.029263s, 22864 KB] M&S algorithm main loop timer: 0.0264048s (after pruning)

[t=0.029298s, 22864 KB] Operator mutex starting iteration 24
[t=0.0293385s, 22864 KB] In ts_24_0 of size 2 found num new op-mutexes 0
[t=0.0293802s, 22864 KB] In ts_24_7 of size 2 found num new op-mutexes 0
[t=0.0294264s, 22864 KB] In ts_24_13 of size 2 found num new op-mutexes 0
[t=0.0295956s, 22864 KB] In ts_24_53 of size 15 found num new op-mutexes 0
[t=0.0296235s, 22864 KB] Operator mutex finished iteration 24. Found an additional 0 operator mutexes

[t=0.029655s, 22864 KB] Next pair of indices: (0, 53)
[t=0.0296763s, 22864 KB] M&S algorithm main loop timer: 0.026807s (after computation of next merge)
[t=0.0297311s, 22864 KB] M&S algorithm main loop timer: 0.0268666s (after merging)
[t=0.0297616s, 22864 KB] M&S algorithm main loop timer: 0.0268933s (after pruning)

[t=0.0297957s, 22864 KB] Operator mutex starting iteration 25
[t=0.0298379s, 22864 KB] In ts_25_7 of size 2 found num new op-mutexes 0
[t=0.0298863s, 22864 KB] In ts_25_13 of size 2 found num new op-mutexes 0
[t=0.0300657s, 22864 KB] In ts_25_54 of size 15 found num new op-mutexes 0
[t=0.0300952s, 22864 KB] Operator mutex finished iteration 25. Found an additional 0 operator mutexes

[t=0.030126s, 22864 KB] Next pair of indices: (13, 54)
[t=0.0301471s, 22864 KB] M&S algorithm main loop timer: 0.0272834s (after computation of next merge)
[t=0.0301979s, 22864 KB] M&S algorithm main loop timer: 0.0273331s (after merging)
[t=0.0302283s, 22864 KB] M&S algorithm main loop timer: 0.0273599s (after pruning)

[t=0.0302532s, 22864 KB] Operator mutex starting iteration 26
[t=0.0302937s, 22864 KB] In ts_26_7 of size 2 found num new op-mutexes 0
[t=0.0304665s, 22864 KB] In ts_26_55 of size 15 found num new op-mutexes 0
[t=0.0304948s, 22864 KB] Operator mutex finished iteration 26. Found an additional 0 operator mutexes

[t=0.0305212s, 22864 KB] Next pair of indices: (7, 55)
[t=0.0305417s, 22864 KB] M&S algorithm main loop timer: 0.0276724s (after computation of next merge)
[t=0.0305861s, 22864 KB] M&S algorithm main loop timer: 0.0277215s (after merging)
[t=0.0306161s, 22864 KB] M&S algorithm main loop timer: 0.027748s (after pruning)

[t=0.0306419s, 22864 KB] Operator mutex starting iteration 27
[t=0.0308174s, 22864 KB] In ts_27_56 of size 15 found num new op-mutexes 0
[t=0.0308456s, 22864 KB] Operator mutex finished iteration 27. Found an additional 0 operator mutexes

[t=0.0308706s, 22864 KB] End of merge-and-shrink algorithm, statistics:
[t=0.0308908s, 22864 KB] Main loop runtime: 0.0280216s
[t=0.0309129s, 22864 KB] Maximum intermediate abstraction size: 42
[t=0.030937s, 22864 KB] Final peak memory increase of merge-and-shrink algorithm: 264 KB
[t=0.0309683s, 22864 KB] Merge-and-shrink algorithm runtime: 0.029034s

[t=0.030997s, 22864 KB] Number of labels: 41
[t=0.0310157s, 22864 KB] Total number of operator mutexes: 1460
[t=0.0310348s, 22864 KB] Operator Mutex total time: 0.0238302s
[t=0.0310584s, 22864 KB] Number of remaining factors: 1
[t=0.0310809s, 22864 KB] Number of factors kept: 1
[t=0.0311009s, 22864 KB] Done initializing merge-and-shrink heuristic.

[t=0.0312098s, 22864 KB] Building successor generator...done!
[t=0.0313401s, 22864 KB] peak memory difference for successor generator creation: 0 KB
[t=0.0313581s, 22864 KB] time for successor generation creation: 4.2719e-05s
[t=0.0313827s, 22864 KB] Variables: 29
[t=0.0314026s, 22864 KB] FactPairs: 73
[t=0.0314217s, 22864 KB] Bytes per state: 8
[t=0.0315477s, 22864 KB] Conducting best first search with reopening closed nodes, (real) bound = 2147483647
[t=0.0316044s, 22864 KB] New best heuristic value for merge_and_shrink(op_mutex = op_mutex(use_previous_ops = nelutpo, reachability_strategy = goal)): 9
[t=0.0316288s, 22864 KB] g=0, 1 evaluated, 0 expanded
[t=0.0316509s, 22864 KB] f = 9, 1 evaluated, 0 expanded
[t=0.0316744s, 22864 KB] Initial heuristic value for merge_and_shrink(op_mutex = op_mutex(use_previous_ops = nelutpo, reachability_strategy = goal)): 9
[t=0.031695s, 22864 KB] pruning method: none
[t=0.0317256s, 22864 KB] New best heuristic value for merge_and_shrink(op_mutex = op_mutex(use_previous_ops = nelutpo, reachability_strategy = goal)): 8
[t=0.0317476s, 22864 KB] g=1, 2 evaluated, 1 expanded
[t=0.0317805s, 22864 KB] New best heuristic value for merge_and_shrink(op_mutex = op_mutex(use_previous_ops = nelutpo, reachability_strategy = goal)): 7
[t=0.0318023s, 22864 KB] g=2, 7 evaluated, 2 expanded
[t=0.0318277s, 22864 KB] New best heuristic value for merge_and_shrink(op_mutex = op_mutex(use_previous_ops = nelutpo, reachability_strategy = goal)): 6
[t=0.0318484s, 22864 KB] g=3, 8 evaluated, 3 expanded
[t=0.0318765s, 22864 KB] New best heuristic value for merge_and_shrink(op_mutex = op_mutex(use_previous_ops = nelutpo, reachability_strategy = goal)): 5
[t=0.0318974s, 22864 KB] g=4, 10 evaluated, 4 expanded
[t=0.0319232s, 22864 KB] New best heuristic value for merge_and_shrink(op_mutex = op_mutex(use_previous_ops = nelutpo, reachability_strategy = goal)): 4
[t=0.0319439s, 22864 KB] g=5, 11 evaluated, 5 expanded
[t=0.0319692s, 22864 KB] New best heuristic value for merge_and_shrink(op_mutex = op_mutex(use_previous_ops = nelutpo, reachability_strategy = goal)): 3
[t=0.0319896s, 22864 KB] g=6, 12 evaluated, 6 expanded
[t=0.0320144s, 22864 KB] New best heuristic value for merge_and_shrink(op_mutex = op_mutex(use_previous_ops = nelutpo, reachability_strategy = goal)): 2
[t=0.0320351s, 22864 KB] g=7, 13 evaluated, 7 expanded
[t=0.0320594s, 22864 KB] New best heuristic value for merge_and_shrink(op_mutex = op_mutex(use_previous_ops = nelutpo, reachability_strategy = goal)): 1
[t=0.03208s, 22864 KB] g=8, 14 evaluated, 8 expanded
[t=0.0321063s, 22864 KB] New best heuristic value for merge_and_shrink(op_mutex = op_mutex(use_previous_ops = nelutpo, reachability_strategy = goal)): 0
[t=0.0321271s, 22864 KB] g=9, 16 evaluated, 9 expanded
[t=0.0321484s, 22864 KB] Solution found!
[t=0.0321697s, 22864 KB] Actual search time: 0.000471595s
pushback_seg_pp_0_60_seg_ppdoor_0_40_south_south_medium airplane_daewh (1)
pushback_seg_ppdoor_0_40_seg_tww1_0_200_south_north_medium airplane_daewh (1)
startup_seg_tww1_0_200_north_medium airplane_daewh (1)
move_seg_tww1_0_200_seg_twe1_0_200_north_south_medium airplane_daewh (1)
move_seg_twe1_0_200_seg_twe2_0_50_south_south_medium airplane_daewh (1)
move_seg_twe2_0_50_seg_twe3_0_50_south_south_medium airplane_daewh (1)
move_seg_twe3_0_50_seg_twe4_0_50_south_south_medium airplane_daewh (1)
move_seg_twe4_0_50_seg_rwe_0_50_south_south_medium airplane_daewh (1)
takeoff_seg_rwe_0_50_south airplane_daewh (1)
[t=0.0321917s, 22864 KB] Plan length: 9 step(s).
[t=0.0321917s, 22864 KB] Plan cost: 9
[t=0.0321917s, 22864 KB] Expanded 10 state(s).
[t=0.0321917s, 22864 KB] Reopened 0 state(s).
[t=0.0321917s, 22864 KB] Evaluated 16 state(s).
[t=0.0321917s, 22864 KB] Evaluations: 16
[t=0.0321917s, 22864 KB] Generated 16 state(s).
[t=0.0321917s, 22864 KB] Dead ends: 5 state(s).
[t=0.0321917s, 22864 KB] Expanded until last jump: 0 state(s).
[t=0.0321917s, 22864 KB] Reopened until last jump: 0 state(s).
[t=0.0321917s, 22864 KB] Evaluated until last jump: 1 state(s).
[t=0.0321917s, 22864 KB] Generated until last jump: 0 state(s).
[t=0.0321917s, 22864 KB] Number of registered states: 16
[t=0.0321917s, 22864 KB] Int hash set load factor: 16/16 = 1
[t=0.0321917s, 22864 KB] Int hash set resizes: 4
[t=0.0321917s, 22864 KB] Search time: 0.000645123s
[t=0.0321917s, 22864 KB] Total time: 0.0321917s
Solution found.
Peak memory: 22864 KB
Remove intermediate file output.sas
search exit code: 0

INFO     Running validate.
INFO     validate stdin: None
INFO     validate time limit: None
INFO     validate memory limit: None
INFO     validate command line string: validate domain.pddl problem.pddl sas_plan
Checking plan: sas_plan
Plan executed successfully - checking goal
Plan valid
Final value: 9 

Successful plans:
Value: 9
 sas_plan 9 

validate exit code: 0

