INFO     Running translator.
INFO     translator stdin: None
INFO     translator time limit: 599.97s
INFO     translator memory limit: 7000 MB
INFO     translator command line string: /usr/bin/python3 /user/student.aau.dk/lkar18/downward-projects/downward/experiments/nopo_vs_nasutpo_195p/data/nopo_vs_nasutpo/code-94571df14dfaf5b06207d9589b12facdd93f580c_e5e41175/builds/release/bin/translate/translate.py domain.pddl problem.pddl --sas-file output.sas
Parsing...
Parsing: [0.000s CPU, 0.002s wall-clock]
Normalizing task... [0.000s CPU, 0.000s wall-clock]
Instantiating...
Generating Datalog program... [0.000s CPU, 0.000s wall-clock]
Normalizing Datalog program...
Normalizing Datalog program: [0.000s CPU, 0.002s wall-clock]
Preparing model... [0.000s CPU, 0.001s wall-clock]
Generated 26 rules.
Computing model... [0.020s CPU, 0.013s wall-clock]
797 relevant atoms
806 auxiliary atoms
1603 final queue length
2743 total queue pushes
Completing instantiation... [0.020s CPU, 0.022s wall-clock]
Instantiating: [0.040s CPU, 0.038s wall-clock]
Computing fact groups...
Finding invariants...
9 initial candidates
Finding invariants: [0.000s CPU, 0.002s wall-clock]
Checking invariant weight... [0.000s CPU, 0.000s wall-clock]
Instantiating groups... [0.000s CPU, 0.000s wall-clock]
Collecting mutex groups... [0.000s CPU, 0.000s wall-clock]
Choosing groups...
0 uncovered facts
Choosing groups: [0.000s CPU, 0.000s wall-clock]
Building translation key... [0.000s CPU, 0.000s wall-clock]
Computing fact groups: [0.010s CPU, 0.004s wall-clock]
Building STRIPS to SAS dictionary... [0.000s CPU, 0.000s wall-clock]
Building dictionary for full mutex groups... [0.000s CPU, 0.000s wall-clock]
Building mutex information...
Building mutex information: [0.000s CPU, 0.000s wall-clock]
Translating task...
Processing axioms...
Simplifying axioms... [0.000s CPU, 0.000s wall-clock]
Translator axioms removed by simplifying: 0
Computing negative axioms... [0.000s CPU, 0.000s wall-clock]
Processing axioms: [0.000s CPU, 0.001s wall-clock]
Translating task: [0.010s CPU, 0.021s wall-clock]
0 effect conditions simplified
0 implied preconditions added
Detecting unreachable propositions...
0 operators removed
0 axioms removed
8 propositions removed
Detecting unreachable propositions: [0.010s CPU, 0.010s wall-clock]
Reordering and filtering variables...
8 of 8 variables necessary.
0 of 8 mutex groups necessary.
628 of 628 operators necessary.
0 of 0 axiom rules necessary.
Reordering and filtering variables: [0.010s CPU, 0.003s wall-clock]
Translator variables: 8
Translator derived variables: 0
Translator facts: 72
Translator goal facts: 4
Translator mutex groups: 0
Translator total mutex groups size: 0
Translator operators: 628
Translator axioms: 0
Translator task size: 3696
Translator peak memory: 44776 KB
Writing output... [0.000s CPU, 0.007s wall-clock]
Done! [0.080s CPU, 0.086s wall-clock]
translate exit code: 0

INFO     Running search (release).
INFO     search stdin: output.sas
INFO     search time limit: 599.84s
INFO     search memory limit: 7000 MB
INFO     search command line string: /user/student.aau.dk/lkar18/downward-projects/downward/experiments/nopo_vs_nasutpo_195p/data/nopo_vs_nasutpo/code-94571df14dfaf5b06207d9589b12facdd93f580c_e5e41175/builds/release/bin/downward --search 'astar(merge_and_shrink(op_mutex=op_mutex(use_previous_ops=NoPO, reachability_strategy=goal), merge_strategy=merge_precomputed(linear()), shrink_strategy=shrink_fh()))' --internal-plan-file sas_plan < output.sas
[t=3.9979e-05s, 22344 KB] reading input...
[t=0.00238049s, 22468 KB] done reading input!
[t=0.0037591s, 22732 KB] Initializing merge-and-shrink heuristic...
[t=0.00382873s, 22732 KB] Running merge-and-shrink algorithm...
[t=0.00384893s, 22732 KB] Merge strategy options:
[t=0.00387032s, 22732 KB] Type: precomputed
[t=0.00389134s, 22732 KB] Merge tree options: 
[t=0.00391157s, 22732 KB] Type: linear
[t=0.00393196s, 22732 KB] Update option: use random
[t=0.00395332s, 22732 KB] Variable order type: CG/GOAL, tie breaking on level (main)

[t=0.00397624s, 22732 KB] Options related to size limits and shrinking: 
[t=0.00400285s, 22732 KB] Transition system size limit: 50000
[t=0.00402334s, 22732 KB] Transition system size limit right before merge: 50000
[t=0.00404354s, 22732 KB] Threshold to trigger shrinking right before merge: 1

[t=0.00406607s, 22732 KB] Pruning unreachable states: yes
[t=0.00408695s, 22732 KB] Pruning irrelevant states: yes

[t=0.00410921s, 22732 KB] Label reduction disabled

[t=0.0041323s, 22732 KB] Main loop max time in seconds: inf

[t=0.00415783s, 22732 KB] ===============================================================================
[t=0.00417776s, 22732 KB] WARNING! You did not enable label reduction.
This may drastically reduce the performance of merge-and-shrink!
[t=0.00419838s, 22732 KB] ===============================================================================

[t=0.0042209s, 22732 KB] Building atomic transition systems... 
[t=0.00521177s, 23788 KB] M&S algorithm timer: 0.00141641s (after computation of atomic factors)

[t=0.00525877s, 23788 KB] Starting main loop without a time limit.
[t=0.00528676s, 23788 KB] building causal graph...done! [t=0.000208946s]
[t=0.00550768s, 23788 KB] Next pair of indices: (7, 3)
[t=0.00553278s, 23788 KB] M&S algorithm main loop timer: 0.000293623s (after computation of next merge)
[t=0.0056861s, 23920 KB] M&S algorithm main loop timer: 0.000454045s (after merging)

[t=0.00572387s, 23920 KB] Operator mutex starting iteration 0

[t=0.00589012s, 23920 KB] In ts_0_0 of size 9 found num new op-mutexes 0

[t=0.00603871s, 23920 KB] In ts_0_1 of size 9 found num new op-mutexes 0

[t=0.00615865s, 23920 KB] In ts_0_2 of size 5 found num new op-mutexes 0

[t=0.00629922s, 23920 KB] In ts_0_4 of size 11 found num new op-mutexes 0

[t=0.00643461s, 23920 KB] In ts_0_5 of size 11 found num new op-mutexes 0

[t=0.00657579s, 23920 KB] In ts_0_6 of size 11 found num new op-mutexes 0

[t=0.00683773s, 23920 KB] In ts_0_8 of size 55 found num new op-mutexes 0
[t=0.00688045s, 23920 KB] Operator mutex finished iteration 0. Found an additional 0 operator mutexes

[t=0.00691526s, 23920 KB] Next pair of indices: (8, 6)
[t=0.00693772s, 23920 KB] M&S algorithm main loop timer: 0.00169819s (after computation of next merge)
[t=0.00735613s, 23920 KB] M&S algorithm main loop timer: 0.00213841s (after merging)

[t=0.00743848s, 23920 KB] Operator mutex starting iteration 1

[t=0.007608s, 23920 KB] In ts_1_0 of size 9 found num new op-mutexes 0

[t=0.00775195s, 23920 KB] In ts_1_1 of size 9 found num new op-mutexes 0

[t=0.00787458s, 23920 KB] In ts_1_2 of size 5 found num new op-mutexes 0

[t=0.00801514s, 23920 KB] In ts_1_4 of size 11 found num new op-mutexes 0

[t=0.00815281s, 23920 KB] In ts_1_5 of size 11 found num new op-mutexes 0

[t=0.00961306s, 24332 KB] In ts_1_9 of size 605 found num new op-mutexes 0
[t=0.00967133s, 24332 KB] Operator mutex finished iteration 1. Found an additional 0 operator mutexes

[t=0.00971173s, 24332 KB] Next pair of indices: (9, 5)
[t=0.00973683s, 24332 KB] M&S algorithm main loop timer: 0.00449914s (after computation of next merge)
[t=0.0153797s, 24904 KB] M&S algorithm main loop timer: 0.0101587s (after merging)

[t=0.0157489s, 24904 KB] Operator mutex starting iteration 2

[t=0.0159157s, 24904 KB] In ts_2_0 of size 9 found num new op-mutexes 0

[t=0.0160573s, 24904 KB] In ts_2_1 of size 9 found num new op-mutexes 0

[t=0.01619s, 24904 KB] In ts_2_2 of size 5 found num new op-mutexes 0

[t=0.0163369s, 24904 KB] In ts_2_4 of size 11 found num new op-mutexes 0
[t=0.0164836s, 24904 KB] Operator mutex finished iteration 2. Found an additional 0 operator mutexes

[t=0.016519s, 24904 KB] Next pair of indices: (10, 4)
[t=0.0165418s, 24904 KB] M&S algorithm main loop timer: 0.0113025s (after computation of next merge)
[t=0.019959s, 24904 KB] M&S algorithm main loop timer: 0.0147723s (after shrinking)
[t=0.0900625s, 40816 KB] M&S algorithm main loop timer: 0.0848712s (after merging)
[t=0.101249s, 40816 KB] M&S algorithm main loop timer: 0.0960324s (after pruning)

[t=0.101302s, 40816 KB] Operator mutex starting iteration 3

[t=0.10144s, 40816 KB] In ts_3_0 of size 9 found num new op-mutexes 0

[t=0.101589s, 40816 KB] In ts_3_1 of size 9 found num new op-mutexes 0

[t=0.101722s, 40816 KB] In ts_3_2 of size 5 found num new op-mutexes 0
[t=0.102246s, 40816 KB] Operator mutex finished iteration 3. Found an additional 0 operator mutexes

[t=0.102289s, 40816 KB] Next pair of indices: (11, 2)
[t=0.102313s, 40816 KB] M&S algorithm main loop timer: 0.0970738s (after computation of next merge)
[t=0.120421s, 40816 KB] M&S algorithm main loop timer: 0.115199s (after shrinking)
[t=0.202599s, 44256 KB] M&S algorithm main loop timer: 0.197418s (after merging)
[t=0.225015s, 44256 KB] M&S algorithm main loop timer: 0.219813s (after pruning)

[t=0.225083s, 44256 KB] Operator mutex starting iteration 4

[t=0.225232s, 44256 KB] In ts_4_0 of size 9 found num new op-mutexes 0

[t=0.225376s, 44256 KB] In ts_4_1 of size 9 found num new op-mutexes 0
[t=0.226582s, 44256 KB] Operator mutex finished iteration 4. Found an additional 0 operator mutexes

[t=0.226628s, 44256 KB] Next pair of indices: (12, 1)
[t=0.226652s, 44256 KB] M&S algorithm main loop timer: 0.221413s (after computation of next merge)
[t=0.267058s, 44256 KB] M&S algorithm main loop timer: 0.262115s (after shrinking)
[t=0.356436s, 46236 KB] M&S algorithm main loop timer: 0.351265s (after merging)

[t=0.359204s, 46236 KB] Operator mutex starting iteration 5

[t=0.359351s, 46236 KB] In ts_5_0 of size 9 found num new op-mutexes 0
[t=0.360681s, 46236 KB] Operator mutex finished iteration 5. Found an additional 0 operator mutexes

[t=0.360728s, 46236 KB] Next pair of indices: (13, 0)
[t=0.360753s, 46236 KB] M&S algorithm main loop timer: 0.355514s (after computation of next merge)
[t=0.41022s, 46236 KB] M&S algorithm main loop timer: 0.40528s (after shrinking)
[t=0.479221s, 46236 KB] M&S algorithm main loop timer: 0.474039s (after merging)

[t=0.481998s, 46236 KB] Operator mutex starting iteration 6
[t=0.482945s, 46236 KB] Operator mutex finished iteration 6. Found an additional 0 operator mutexes

[t=0.48299s, 46236 KB] End of merge-and-shrink algorithm, statistics:
[t=0.483014s, 46236 KB] Main loop runtime: 0.477774s
[t=0.483036s, 46236 KB] Maximum intermediate abstraction size: 50000
[t=0.483058s, 46236 KB] Final peak memory increase of merge-and-shrink algorithm: 23504 KB
[t=0.483091s, 46236 KB] Merge-and-shrink algorithm runtime: 0.479281s

[t=0.483115s, 46236 KB] Number of labels: 628
[t=0.483136s, 46236 KB] Total number of operator mutexes: 0
[t=0.483156s, 46236 KB] Operator Mutex total time: 0.00927777s
[t=0.483198s, 46236 KB] Number of remaining factors: 1
[t=0.483405s, 46236 KB] Number of factors kept: 1
[t=0.483429s, 46236 KB] Done initializing merge-and-shrink heuristic.

[t=0.483571s, 46236 KB] Building successor generator...done!
[t=0.483926s, 46236 KB] peak memory difference for successor generator creation: 0 KB
[t=0.483947s, 46236 KB] time for successor generation creation: 0.000263226s
[t=0.483973s, 46236 KB] Variables: 8
[t=0.483994s, 46236 KB] FactPairs: 72
[t=0.484014s, 46236 KB] Bytes per state: 4
[t=0.48414s, 46236 KB] Conducting best first search with reopening closed nodes, (real) bound = 2147483647
[t=0.4842s, 46236 KB] New best heuristic value for merge_and_shrink(op_mutex = op_mutex(use_previous_ops = nopo, reachability_strategy = goal), merge_strategy = merge_precomputed(linear), shrink_strategy = shrink_fh): 29
[t=0.484224s, 46236 KB] g=0, 1 evaluated, 0 expanded
[t=0.484247s, 46236 KB] f = 29, 1 evaluated, 0 expanded
[t=0.484272s, 46236 KB] Initial heuristic value for merge_and_shrink(op_mutex = op_mutex(use_previous_ops = nopo, reachability_strategy = goal), merge_strategy = merge_precomputed(linear), shrink_strategy = shrink_fh): 29
[t=0.484294s, 46236 KB] pruning method: none
[t=0.484333s, 46236 KB] New best heuristic value for merge_and_shrink(op_mutex = op_mutex(use_previous_ops = nopo, reachability_strategy = goal), merge_strategy = merge_precomputed(linear), shrink_strategy = shrink_fh): 8
[t=0.484357s, 46236 KB] g=34, 5 evaluated, 1 expanded
[t=0.484398s, 46236 KB] New best heuristic value for merge_and_shrink(op_mutex = op_mutex(use_previous_ops = nopo, reachability_strategy = goal), merge_strategy = merge_precomputed(linear), shrink_strategy = shrink_fh): 7
[t=0.484421s, 46236 KB] g=29, 14 evaluated, 2 expanded
[t=0.48451s, 46236 KB] f = 31, 48 evaluated, 10 expanded
[t=0.484645s, 46236 KB] f = 36, 114 evaluated, 25 expanded
[t=0.484687s, 46236 KB] New best heuristic value for merge_and_shrink(op_mutex = op_mutex(use_previous_ops = nopo, reachability_strategy = goal), merge_strategy = merge_precomputed(linear), shrink_strategy = shrink_fh): 6
[t=0.48471s, 46236 KB] g=30, 117 evaluated, 26 expanded
[t=0.484745s, 46236 KB] f = 38, 122 evaluated, 27 expanded
[t=0.484815s, 46236 KB] New best heuristic value for merge_and_shrink(op_mutex = op_mutex(use_previous_ops = nopo, reachability_strategy = goal), merge_strategy = merge_precomputed(linear), shrink_strategy = shrink_fh): 5
[t=0.484839s, 46236 KB] g=33, 140 evaluated, 31 expanded
[t=0.484973s, 46236 KB] f = 40, 210 evaluated, 46 expanded
[t=0.485121s, 46236 KB] f = 42, 276 evaluated, 61 expanded
[t=0.485168s, 46236 KB] f = 44, 280 evaluated, 62 expanded
[t=0.485241s, 46236 KB] f = 46, 310 evaluated, 68 expanded
[t=0.485364s, 46236 KB] f = 60, 376 evaluated, 80 expanded
[t=0.485456s, 46236 KB] f = 62, 421 evaluated, 89 expanded
[t=0.485738s, 46236 KB] f = 64, 574 evaluated, 116 expanded
[t=0.48578s, 46236 KB] New best heuristic value for merge_and_shrink(op_mutex = op_mutex(use_previous_ops = nopo, reachability_strategy = goal), merge_strategy = merge_precomputed(linear), shrink_strategy = shrink_fh): 4
[t=0.485804s, 46236 KB] g=60, 579 evaluated, 118 expanded
[t=0.486054s, 46236 KB] f = 66, 686 evaluated, 148 expanded
[t=0.486504s, 46236 KB] f = 67, 932 evaluated, 211 expanded
[t=0.486555s, 46236 KB] f = 68, 942 evaluated, 215 expanded
[t=0.486846s, 46236 KB] f = 69, 1053 evaluated, 240 expanded
[t=0.487041s, 46236 KB] f = 70, 1151 evaluated, 268 expanded
[t=0.487129s, 46236 KB] f = 71, 1188 evaluated, 276 expanded
[t=0.487261s, 46236 KB] f = 72, 1254 evaluated, 294 expanded
[t=0.487469s, 46236 KB] f = 73, 1371 evaluated, 318 expanded
[t=0.487502s, 46236 KB] f = 74, 1373 evaluated, 319 expanded
[t=0.487691s, 46236 KB] f = 75, 1472 evaluated, 343 expanded
[t=0.487764s, 46236 KB] f = 76, 1501 evaluated, 350 expanded
[t=0.487888s, 46236 KB] f = 77, 1552 evaluated, 366 expanded
[t=0.488014s, 46236 KB] f = 78, 1619 evaluated, 383 expanded
[t=0.488337s, 46236 KB] f = 79, 1777 evaluated, 452 expanded
[t=0.488381s, 46236 KB] f = 80, 1780 evaluated, 453 expanded
[t=0.488673s, 46236 KB] f = 81, 1901 evaluated, 522 expanded
[t=0.488768s, 46236 KB] f = 82, 1931 evaluated, 532 expanded
[t=0.488988s, 46236 KB] f = 83, 1953 evaluated, 550 expanded
[t=0.489214s, 46236 KB] f = 84, 2025 evaluated, 597 expanded
[t=0.489451s, 46236 KB] f = 85, 2161 evaluated, 632 expanded
[t=0.489904s, 46236 KB] f = 86, 2286 evaluated, 738 expanded
[t=0.490039s, 46236 KB] f = 87, 2336 evaluated, 759 expanded
[t=0.490572s, 46236 KB] f = 88, 2499 evaluated, 890 expanded
[t=0.49068s, 46236 KB] f = 89, 2545 evaluated, 903 expanded
[t=0.490845s, 46236 KB] f = 90, 2613 evaluated, 932 expanded
[t=0.491172s, 46236 KB] f = 91, 2797 evaluated, 987 expanded
[t=0.491753s, 46236 KB] f = 92, 3117 evaluated, 1087 expanded
[t=0.492626s, 46236 KB] f = 93, 3656 evaluated, 1224 expanded
[t=0.494084s, 46236 KB] f = 94, 4332 evaluated, 1417 expanded
[t=0.494572s, 46236 KB] f = 95, 4585 evaluated, 1494 expanded
[t=0.494711s, 46236 KB] f = 96, 4647 evaluated, 1511 expanded
[t=0.494968s, 46236 KB] f = 97, 4771 evaluated, 1552 expanded
[t=0.495078s, 46236 KB] f = 98, 4794 evaluated, 1580 expanded
[t=0.495318s, 46236 KB] f = 99, 4917 evaluated, 1618 expanded
[t=0.495607s, 46236 KB] f = 100, 5048 evaluated, 1685 expanded
[t=0.496364s, 46236 KB] f = 101, 5508 evaluated, 1812 expanded
[t=0.496471s, 46236 KB] f = 102, 5539 evaluated, 1832 expanded
[t=0.497195s, 46236 KB] f = 103, 5987 evaluated, 1943 expanded
[t=0.497516s, 46236 KB] f = 104, 6150 evaluated, 1994 expanded
[t=0.497846s, 46236 KB] f = 105, 6270 evaluated, 2085 expanded
[t=0.499111s, 46236 KB] f = 106, 7090 evaluated, 2303 expanded
[t=0.499857s, 46236 KB] f = 107, 7463 evaluated, 2467 expanded
[t=0.500919s, 46236 KB] f = 108, 7815 evaluated, 2537 expanded
[t=0.501492s, 46236 KB] f = 109, 8096 evaluated, 2656 expanded
[t=0.501601s, 46236 KB] f = 110, 8105 evaluated, 2686 expanded
[t=0.501768s, 46236 KB] f = 111, 8177 evaluated, 2716 expanded
[t=0.502889s, 46236 KB] f = 112, 8760 evaluated, 2922 expanded
[t=0.503091s, 46236 KB] f = 113, 8837 evaluated, 2965 expanded
[t=0.504424s, 46236 KB] f = 114, 9566 evaluated, 3189 expanded
[t=0.504905s, 46236 KB] f = 115, 9791 evaluated, 3281 expanded
[t=0.506554s, 46236 KB] f = 116, 10752 evaluated, 3559 expanded
[t=0.50786s, 46236 KB] f = 117, 11442 evaluated, 3802 expanded
[t=0.509666s, 46236 KB] f = 118, 12610 evaluated, 4065 expanded
[t=0.511696s, 46236 KB] f = 119, 13796 evaluated, 4433 expanded
[t=0.512456s, 46236 KB] f = 120, 14315 evaluated, 4535 expanded
[t=0.512492s, 46236 KB] New best heuristic value for merge_and_shrink(op_mutex = op_mutex(use_previous_ops = nopo, reachability_strategy = goal), merge_strategy = merge_precomputed(linear), shrink_strategy = shrink_fh): 3
[t=0.512517s, 46236 KB] g=117, 14316 evaluated, 4536 expanded
[t=0.513465s, 46236 KB] f = 121, 14811 evaluated, 4727 expanded
[t=0.513571s, 46236 KB] f = 122, 14847 evaluated, 4744 expanded
[t=0.51648s, 46236 KB] f = 123, 15902 evaluated, 5125 expanded
[t=0.516664s, 46236 KB] f = 124, 15961 evaluated, 5169 expanded
[t=0.520041s, 46236 KB] f = 125, 17792 evaluated, 5783 expanded
[t=0.520648s, 46236 KB] f = 126, 18011 evaluated, 5955 expanded
[t=0.521584s, 46236 KB] f = 127, 18505 evaluated, 6121 expanded
[t=0.521897s, 46236 KB] f = 128, 18648 evaluated, 6186 expanded
[t=0.522858s, 46236 KB] f = 129, 19115 evaluated, 6385 expanded
[t=0.523193s, 46236 KB] f = 130, 19263 evaluated, 6472 expanded
[t=0.524797s, 46236 KB] f = 131, 20093 evaluated, 6809 expanded
[t=0.525915s, 46236 KB] f = 132, 20623 evaluated, 7102 expanded
[t=0.526744s, 46236 KB] f = 133, 20954 evaluated, 7340 expanded
[t=0.527903s, 46236 KB] f = 134, 21534 evaluated, 7598 expanded
[t=0.528774s, 46236 KB] f = 135, 21857 evaluated, 7836 expanded
[t=0.529525s, 46236 KB] f = 136, 22197 evaluated, 8015 expanded
[t=0.530246s, 46236 KB] f = 137, 22483 evaluated, 8215 expanded
[t=0.532121s, 46236 KB] f = 138, 23276 evaluated, 8700 expanded
[t=0.532369s, 46236 KB] f = 139, 23369 evaluated, 8763 expanded
[t=0.535369s, 46236 KB] f = 140, 24768 evaluated, 9533 expanded
[t=0.536112s, 46236 KB] f = 141, 25093 evaluated, 9724 expanded
[t=0.537052s, 46236 KB] f = 142, 25538 evaluated, 9960 expanded
[t=0.539855s, 46236 KB] f = 143, 27165 evaluated, 10453 expanded
[t=0.541797s, 46236 KB] f = 144, 28146 evaluated, 10888 expanded
[t=0.545574s, 46236 KB] f = 145, 29344 evaluated, 11287 expanded
[t=0.548661s, 46236 KB] f = 146, 30924 evaluated, 11950 expanded
[t=0.551719s, 46236 KB] f = 147, 32424 evaluated, 12637 expanded
[t=0.553345s, 46236 KB] f = 148, 33135 evaluated, 13002 expanded
[t=0.557134s, 46236 KB] f = 149, 34997 evaluated, 13874 expanded
[t=0.560426s, 46236 KB] f = 150, 36682 evaluated, 14515 expanded
[t=0.563206s, 46236 KB] f = 151, 38073 evaluated, 15120 expanded
[t=0.564651s, 46236 KB] f = 152, 38848 evaluated, 15402 expanded
[t=0.567888s, 46236 KB] f = 153, 40495 evaluated, 16139 expanded
[t=0.569074s, 46236 KB] f = 154, 40970 evaluated, 16449 expanded
[t=0.571495s, 46236 KB] f = 155, 42146 evaluated, 17048 expanded
[t=0.57416s, 46236 KB] f = 156, 43349 evaluated, 17664 expanded
[t=0.57537s, 46236 KB] f = 157, 43847 evaluated, 17977 expanded
[t=0.575415s, 46236 KB] New best heuristic value for merge_and_shrink(op_mutex = op_mutex(use_previous_ops = nopo, reachability_strategy = goal), merge_strategy = merge_precomputed(linear), shrink_strategy = shrink_fh): 2
[t=0.575442s, 46236 KB] g=155, 43850 evaluated, 17979 expanded
[t=0.57919s, 46236 KB] f = 158, 45981 evaluated, 18642 expanded
[t=0.580362s, 46236 KB] f = 159, 46471 evaluated, 18956 expanded
[t=0.587349s, 46236 KB] f = 160, 50243 evaluated, 20285 expanded
[t=0.589261s, 46236 KB] f = 161, 50961 evaluated, 20840 expanded
[t=0.59939s, 46236 KB] f = 162, 56443 evaluated, 22790 expanded
[t=0.602253s, 46236 KB] f = 163, 57797 evaluated, 23423 expanded
[t=0.609231s, 46236 KB] f = 164, 59534 evaluated, 24209 expanded
[t=0.61364s, 46236 KB] f = 165, 61643 evaluated, 25204 expanded
[t=0.615928s, 46236 KB] f = 166, 62664 evaluated, 25781 expanded
[t=0.619795s, 46236 KB] f = 167, 64352 evaluated, 26722 expanded
[t=0.626308s, 46236 KB] f = 168, 67851 evaluated, 28050 expanded
[t=0.630128s, 46236 KB] f = 169, 69599 evaluated, 28919 expanded
[t=0.636206s, 46236 KB] f = 170, 72698 evaluated, 30119 expanded
[t=0.641407s, 46236 KB] f = 171, 75196 evaluated, 31182 expanded
[t=0.647226s, 46236 KB] f = 172, 78154 evaluated, 32272 expanded
[t=0.655863s, 46236 KB] f = 173, 83331 evaluated, 33479 expanded
[t=0.675197s, 46236 KB] f = 174, 93882 evaluated, 36761 expanded
[t=0.678896s, 46236 KB] f = 175, 95766 evaluated, 37511 expanded
[t=0.688344s, 46236 KB] f = 176, 101029 evaluated, 39379 expanded
[t=0.692924s, 46236 KB] f = 177, 103097 evaluated, 40459 expanded
[t=0.698633s, 46236 KB] f = 178, 105932 evaluated, 41694 expanded
[t=0.706026s, 46236 KB] f = 179, 109584 evaluated, 43274 expanded
[t=0.721889s, 46236 KB] f = 180, 114426 evaluated, 44935 expanded
[t=0.731198s, 46236 KB] f = 181, 118373 evaluated, 47206 expanded
[t=0.738569s, 46236 KB] f = 182, 122041 evaluated, 48784 expanded
[t=0.755847s, 46236 KB] f = 183, 131077 evaluated, 52113 expanded
[t=0.760506s, 46236 KB] f = 184, 132968 evaluated, 53259 expanded
[t=0.767654s, 46236 KB] f = 185, 136504 evaluated, 54817 expanded
[t=0.777147s, 46236 KB] f = 186, 140120 evaluated, 57346 expanded
[t=0.781601s, 46236 KB] f = 187, 141817 evaluated, 58521 expanded
[t=0.791425s, 46236 KB] f = 188, 145708 evaluated, 61121 expanded
[t=0.797457s, 46236 KB] f = 189, 147886 evaluated, 62705 expanded
[t=0.815502s, 46236 KB] f = 190, 156033 evaluated, 66850 expanded
[t=0.827335s, 46236 KB] f = 191, 160650 evaluated, 69697 expanded
[t=0.841305s, 46236 KB] f = 192, 167748 evaluated, 72610 expanded
[t=0.857395s, 46236 KB] f = 193, 174329 evaluated, 76246 expanded
[t=0.875163s, 46236 KB] f = 194, 182626 evaluated, 79546 expanded
[t=0.893607s, 46236 KB] f = 195, 191620 evaluated, 83361 expanded
[t=0.901881s, 46236 KB] f = 196, 195195 evaluated, 85133 expanded
[t=0.907197s, 46236 KB] f = 197, 197526 evaluated, 86303 expanded
[t=0.923622s, 46236 KB] f = 198, 205108 evaluated, 89710 expanded
[t=0.934941s, 46236 KB] f = 199, 210018 evaluated, 92183 expanded
[t=0.952227s, 46236 KB] f = 200, 216557 evaluated, 97031 expanded
[t=0.98092s, 48324 KB] f = 201, 224672 evaluated, 99907 expanded
[t=1.00129s, 48324 KB] f = 202, 233655 evaluated, 104700 expanded
[t=1.01134s, 48324 KB] f = 203, 237787 evaluated, 106946 expanded
[t=1.02264s, 48324 KB] f = 204, 242923 evaluated, 109500 expanded
[t=1.02269s, 48324 KB] New best heuristic value for merge_and_shrink(op_mutex = op_mutex(use_previous_ops = nopo, reachability_strategy = goal), merge_strategy = merge_precomputed(linear), shrink_strategy = shrink_fh): 1
[t=1.02271s, 48324 KB] g=203, 242925 evaluated, 109501 expanded
[t=1.04262s, 48324 KB] f = 205, 250221 evaluated, 114506 expanded
[t=1.04962s, 48324 KB] f = 206, 252892 evaluated, 116233 expanded
[t=1.07106s, 48324 KB] f = 207, 262451 evaluated, 121155 expanded
[t=1.0805s, 48324 KB] f = 208, 266130 evaluated, 123383 expanded
[t=1.09994s, 48324 KB] f = 209, 274574 evaluated, 128329 expanded
[t=1.10895s, 48324 KB] f = 210, 277979 evaluated, 130601 expanded
[t=1.13433s, 48324 KB] f = 211, 287929 evaluated, 137209 expanded
[t=1.15439s, 48324 KB] f = 212, 295850 evaluated, 142183 expanded
[t=1.17715s, 48324 KB] f = 213, 304605 evaluated, 147642 expanded
[t=1.19991s, 48324 KB] f = 214, 313501 evaluated, 153651 expanded
[t=1.2145s, 48324 KB] f = 215, 319047 evaluated, 157537 expanded
[t=1.22901s, 48324 KB] f = 216, 324373 evaluated, 161804 expanded
[t=1.24214s, 48324 KB] f = 217, 330378 evaluated, 164848 expanded
[t=1.25871s, 48324 KB] f = 218, 338118 evaluated, 168784 expanded
[t=1.26938s, 48324 KB] f = 219, 342811 evaluated, 171282 expanded
[t=1.28763s, 48324 KB] f = 220, 351112 evaluated, 175587 expanded
[t=1.31147s, 48324 KB] f = 221, 361061 evaluated, 181201 expanded
[t=1.32491s, 48324 KB] f = 222, 365983 evaluated, 184855 expanded
[t=1.34506s, 48324 KB] f = 223, 374366 evaluated, 189565 expanded
[t=1.36199s, 48324 KB] f = 224, 380213 evaluated, 193630 expanded
[t=1.3777s, 48324 KB] f = 225, 385557 evaluated, 197819 expanded
[t=1.39852s, 48324 KB] f = 226, 393628 evaluated, 202728 expanded
[t=1.42355s, 48324 KB] f = 227, 403120 evaluated, 209174 expanded
[t=1.45063s, 48324 KB] f = 228, 413709 evaluated, 215433 expanded
[t=1.48992s, 48324 KB] f = 229, 431306 evaluated, 224293 expanded
[t=1.50735s, 48324 KB] f = 230, 437511 evaluated, 229011 expanded
[t=1.55793s, 54468 KB] f = 231, 447170 evaluated, 234392 expanded
[t=1.57194s, 54468 KB] f = 232, 451124 evaluated, 238112 expanded
[t=1.59692s, 54468 KB] f = 233, 459681 evaluated, 244227 expanded
[t=1.60954s, 54468 KB] f = 234, 464019 evaluated, 247324 expanded
[t=1.63698s, 54468 KB] f = 235, 474841 evaluated, 253475 expanded
[t=1.65474s, 54468 KB] f = 236, 480789 evaluated, 257664 expanded
[t=1.68016s, 54468 KB] f = 237, 489019 evaluated, 264265 expanded
[t=1.69679s, 54468 KB] f = 238, 494086 evaluated, 268699 expanded
[t=1.72733s, 54468 KB] f = 239, 503290 evaluated, 277460 expanded
[t=1.74203s, 54468 KB] f = 240, 507252 evaluated, 281906 expanded
[t=1.76836s, 54468 KB] f = 241, 515308 evaluated, 288882 expanded
[t=1.78569s, 54468 KB] f = 242, 519392 evaluated, 293692 expanded
[t=1.80867s, 54468 KB] f = 243, 526893 evaluated, 299058 expanded
[t=1.82528s, 54468 KB] f = 244, 530360 evaluated, 304115 expanded
[t=1.84544s, 54468 KB] f = 245, 536723 evaluated, 309238 expanded
[t=1.86337s, 54468 KB] f = 246, 541734 evaluated, 314356 expanded
[t=1.88374s, 54468 KB] f = 247, 547139 evaluated, 320149 expanded
[t=1.90112s, 54468 KB] f = 248, 552336 evaluated, 325203 expanded
[t=1.92899s, 54468 KB] f = 249, 560747 evaluated, 332107 expanded
[t=1.94633s, 54468 KB] f = 250, 565067 evaluated, 337175 expanded
[t=1.94639s, 54468 KB] New best heuristic value for merge_and_shrink(op_mutex = op_mutex(use_previous_ops = nopo, reachability_strategy = goal), merge_strategy = merge_precomputed(linear), shrink_strategy = shrink_fh): 0
[t=1.94642s, 54468 KB] g=250, 565069 evaluated, 337177 expanded
[t=1.94645s, 54468 KB] Solution found!
[t=1.94648s, 54468 KB] Actual search time: 1.46218s
pick-up truck-1 city-loc-6 package-3 capacity-1 capacity-2 (1)
pick-up truck-1 city-loc-6 package-4 capacity-0 capacity-1 (1)
drive truck-1 city-loc-6 city-loc-3 (34)
drive truck-1 city-loc-3 city-loc-7 (16)
drive truck-1 city-loc-7 city-loc-8 (30)
drop truck-1 city-loc-8 package-4 capacity-0 capacity-1 (1)
drive truck-1 city-loc-8 city-loc-4 (35)
drive truck-1 city-loc-4 city-loc-5 (12)
pick-up truck-1 city-loc-5 package-2 capacity-0 capacity-1 (1)
drive truck-1 city-loc-5 city-loc-1 (37)
drop truck-1 city-loc-1 package-3 capacity-0 capacity-1 (1)
drive truck-1 city-loc-1 city-loc-3 (22)
drop truck-1 city-loc-3 package-2 capacity-1 capacity-2 (1)
drive truck-2 city-loc-9 city-loc-6 (28)
pick-up truck-2 city-loc-6 package-1 capacity-3 capacity-4 (1)
drive truck-2 city-loc-6 city-loc-9 (28)
drop truck-2 city-loc-9 package-1 capacity-3 capacity-4 (1)
[t=1.9465s, 54468 KB] Plan length: 17 step(s).
[t=1.9465s, 54468 KB] Plan cost: 250
[t=1.9465s, 54468 KB] Expanded 337178 state(s).
[t=1.9465s, 54468 KB] Reopened 0 state(s).
[t=1.9465s, 54468 KB] Evaluated 565070 state(s).
[t=1.9465s, 54468 KB] Evaluations: 565070
[t=1.9465s, 54468 KB] Generated 2515262 state(s).
[t=1.9465s, 54468 KB] Dead ends: 0 state(s).
[t=1.9465s, 54468 KB] Expanded until last jump: 337175 state(s).
[t=1.9465s, 54468 KB] Reopened until last jump: 0 state(s).
[t=1.9465s, 54468 KB] Evaluated until last jump: 565067 state(s).
[t=1.9465s, 54468 KB] Generated until last jump: 2515248 state(s).
[t=1.9465s, 54468 KB] Number of registered states: 565070
[t=1.9465s, 54468 KB] Int hash set load factor: 565070/1048576 = 0.538893
[t=1.9465s, 54468 KB] Int hash set resizes: 20
[t=1.9465s, 54468 KB] Search time: 1.46236s
[t=1.9465s, 54468 KB] Total time: 1.9465s
Solution found.
Peak memory: 54468 KB
Remove intermediate file output.sas
search exit code: 0

INFO     Running validate.
INFO     validate stdin: None
INFO     validate time limit: None
INFO     validate memory limit: None
INFO     validate command line string: validate domain.pddl problem.pddl sas_plan
Checking plan: sas_plan
Plan executed successfully - checking goal
Plan valid
Final value: 250 

Successful plans:
Value: 250
 sas_plan 250 

validate exit code: 0

