INFO     Running translator.
INFO     translator stdin: None
INFO     translator time limit: 599.96s
INFO     translator memory limit: 7000 MB
INFO     translator command line string: /usr/bin/python3 /user/student.aau.dk/lkar18/downward-projects/downward/experiments/nopo_vs_nasutpo_195p/data/nopo_vs_nasutpo/code-94571df14dfaf5b06207d9589b12facdd93f580c_e5e41175/builds/release/bin/translate/translate.py domain.pddl problem.pddl --sas-file output.sas
Parsing...
Parsing: [0.010s CPU, 0.002s wall-clock]
Normalizing task... [0.000s CPU, 0.000s wall-clock]
Instantiating...
Generating Datalog program... [0.000s CPU, 0.001s wall-clock]
Normalizing Datalog program...
Normalizing Datalog program: [0.000s CPU, 0.001s wall-clock]
Preparing model... [0.000s CPU, 0.002s wall-clock]
Generated 25 rules.
Computing model... [0.010s CPU, 0.010s wall-clock]
461 relevant atoms
611 auxiliary atoms
1072 final queue length
1647 total queue pushes
Completing instantiation... [0.010s CPU, 0.010s wall-clock]
Instantiating: [0.020s CPU, 0.023s wall-clock]
Computing fact groups...
Finding invariants...
7 initial candidates
Finding invariants: [0.000s CPU, 0.003s wall-clock]
Checking invariant weight... [0.000s CPU, 0.000s wall-clock]
Instantiating groups... [0.010s CPU, 0.000s wall-clock]
Collecting mutex groups... [0.000s CPU, 0.000s wall-clock]
Choosing groups...
0 uncovered facts
Choosing groups: [0.000s CPU, 0.000s wall-clock]
Building translation key... [0.000s CPU, 0.000s wall-clock]
Computing fact groups: [0.010s CPU, 0.005s wall-clock]
Building STRIPS to SAS dictionary... [0.000s CPU, 0.000s wall-clock]
Building dictionary for full mutex groups... [0.000s CPU, 0.000s wall-clock]
Building mutex information...
Building mutex information: [0.000s CPU, 0.000s wall-clock]
Translating task...
Processing axioms...
Simplifying axioms... [0.000s CPU, 0.000s wall-clock]
Translator axioms removed by simplifying: 0
Computing negative axioms... [0.000s CPU, 0.000s wall-clock]
Processing axioms: [0.000s CPU, 0.001s wall-clock]
Translating task: [0.010s CPU, 0.009s wall-clock]
0 effect conditions simplified
0 implied preconditions added
Detecting unreachable propositions...
0 operators removed
0 axioms removed
34 propositions removed
Detecting unreachable propositions: [0.000s CPU, 0.005s wall-clock]
Reordering and filtering variables...
34 of 34 variables necessary.
0 of 34 mutex groups necessary.
185 of 185 operators necessary.
0 of 0 axiom rules necessary.
Reordering and filtering variables: [0.000s CPU, 0.003s wall-clock]
Translator variables: 34
Translator derived variables: 0
Translator facts: 100
Translator goal facts: 33
Translator mutex groups: 0
Translator total mutex groups size: 0
Translator operators: 185
Translator axioms: 0
Translator task size: 1634
Translator peak memory: 43036 KB
Writing output... [0.010s CPU, 0.003s wall-clock]
Done! [0.060s CPU, 0.052s wall-clock]
translate exit code: 0

INFO     Running search (release).
INFO     search stdin: output.sas
INFO     search time limit: 599.86s
INFO     search memory limit: 7000 MB
INFO     search command line string: /user/student.aau.dk/lkar18/downward-projects/downward/experiments/nopo_vs_nasutpo_195p/data/nopo_vs_nasutpo/code-94571df14dfaf5b06207d9589b12facdd93f580c_e5e41175/builds/release/bin/downward --search 'astar(merge_and_shrink(op_mutex=op_mutex(use_previous_ops=NaSUTPO, reachability_strategy=goal), merge_strategy=merge_sccs(order_of_sccs=topological, merge_tree=linear()), shrink_strategy=shrink_fh()))' --internal-plan-file sas_plan < output.sas
[t=3.3266e-05s, 22344 KB] reading input...
[t=0.00101297s, 22344 KB] done reading input!
[t=0.00249712s, 22600 KB] Initializing merge-and-shrink heuristic...
[t=0.00257602s, 22600 KB] Running merge-and-shrink algorithm...
[t=0.00259664s, 22600 KB] Merge strategy options:
[t=0.0026182s, 22600 KB] Type: sccs
[t=0.00263874s, 22600 KB] Merge order of sccs: topological
[t=0.00265903s, 22600 KB] Merge strategy for merging within sccs: 
[t=0.0026792s, 22600 KB] Merge tree options: 
[t=0.00269968s, 22600 KB] Type: linear
[t=0.00271989s, 22600 KB] Update option: use random
[t=0.00274049s, 22600 KB] Variable order type: CG/GOAL, tie breaking on level (main)

[t=0.00276323s, 22600 KB] Options related to size limits and shrinking: 
[t=0.00278423s, 22600 KB] Transition system size limit: 50000
[t=0.00280427s, 22600 KB] Transition system size limit right before merge: 50000
[t=0.00282407s, 22600 KB] Threshold to trigger shrinking right before merge: 1

[t=0.00284674s, 22600 KB] Pruning unreachable states: yes
[t=0.00286728s, 22600 KB] Pruning irrelevant states: yes

[t=0.00288884s, 22600 KB] Label reduction disabled

[t=0.00291122s, 22600 KB] Main loop max time in seconds: inf

[t=0.00293597s, 22600 KB] ===============================================================================
[t=0.00295608s, 22600 KB] WARNING! You did not enable label reduction.
This may drastically reduce the performance of merge-and-shrink!
[t=0.00297662s, 22600 KB] ===============================================================================

[t=0.00299931s, 22600 KB] Building atomic transition systems... 
[t=0.00390772s, 23828 KB] M&S algorithm timer: 0.00136488s (after computation of atomic factors)

[t=0.00395639s, 23828 KB] Starting main loop without a time limit.
[t=0.00399235s, 23828 KB] building causal graph...done! [t=0.000340923s]
[t=0.00436419s, 23828 KB] SCCs of the causal graph:
[t=0.00440996s, 23828 KB] [0, 1, 2, 3, 15, 13, 14, 26, 16, 4, 5, 6, 18, 17, 28, 22, 10, 11, 12, 24, 23, 30, 20, 8, 7, 9, 21, 19, 27, 25, 29, 32, 33, 31]
[t=0.00443604s, 23828 KB] Only one single SCC
[t=0.00446938s, 23828 KB] Next pair of indices: (33, 32)
[t=0.00451189s, 23828 KB] M&S algorithm main loop timer: 0.000578335s (after computation of next merge)
[t=0.0045756s, 23828 KB] M&S algorithm main loop timer: 0.000645497s (after merging)

[t=0.00461007s, 23828 KB] Operator mutex starting iteration 0


[t=0.0057608s, 23828 KB] In ts_0_0 of size 34 found num new op-mutexes 0


[t=0.00590389s, 23828 KB] In ts_0_1 of size 2 found num new op-mutexes 0


[t=0.00601063s, 23828 KB] In ts_0_2 of size 2 found num new op-mutexes 0


[t=0.00609925s, 23828 KB] In ts_0_3 of size 2 found num new op-mutexes 0


[t=0.00617229s, 23828 KB] In ts_0_4 of size 2 found num new op-mutexes 0


[t=0.00624402s, 23828 KB] In ts_0_5 of size 2 found num new op-mutexes 0


[t=0.00631504s, 23828 KB] In ts_0_6 of size 2 found num new op-mutexes 0


[t=0.00638564s, 23828 KB] In ts_0_7 of size 2 found num new op-mutexes 0


[t=0.00645574s, 23828 KB] In ts_0_8 of size 2 found num new op-mutexes 0


[t=0.00652654s, 23828 KB] In ts_0_9 of size 2 found num new op-mutexes 0


[t=0.00659752s, 23828 KB] In ts_0_10 of size 2 found num new op-mutexes 0


[t=0.00666797s, 23828 KB] In ts_0_11 of size 2 found num new op-mutexes 0


[t=0.00673782s, 23828 KB] In ts_0_12 of size 2 found num new op-mutexes 0


[t=0.00680808s, 23828 KB] In ts_0_13 of size 2 found num new op-mutexes 0


[t=0.00688211s, 23828 KB] In ts_0_14 of size 2 found num new op-mutexes 0


[t=0.00695433s, 23828 KB] In ts_0_15 of size 2 found num new op-mutexes 0


[t=0.00702422s, 23828 KB] In ts_0_16 of size 2 found num new op-mutexes 0


[t=0.00709426s, 23828 KB] In ts_0_17 of size 2 found num new op-mutexes 0


[t=0.00716418s, 23828 KB] In ts_0_18 of size 2 found num new op-mutexes 0


[t=0.00723409s, 23828 KB] In ts_0_19 of size 2 found num new op-mutexes 0


[t=0.00730389s, 23828 KB] In ts_0_20 of size 2 found num new op-mutexes 0


[t=0.00738083s, 23828 KB] In ts_0_21 of size 2 found num new op-mutexes 0


[t=0.00745022s, 23828 KB] In ts_0_22 of size 2 found num new op-mutexes 0


[t=0.00752012s, 23828 KB] In ts_0_23 of size 2 found num new op-mutexes 0


[t=0.00758995s, 23828 KB] In ts_0_24 of size 2 found num new op-mutexes 0


[t=0.00765965s, 23828 KB] In ts_0_25 of size 2 found num new op-mutexes 0


[t=0.00772967s, 23828 KB] In ts_0_26 of size 2 found num new op-mutexes 0


[t=0.00779956s, 23828 KB] In ts_0_27 of size 2 found num new op-mutexes 0


[t=0.0078734s, 23828 KB] In ts_0_28 of size 2 found num new op-mutexes 0


[t=0.00794777s, 23828 KB] In ts_0_29 of size 2 found num new op-mutexes 0


[t=0.00802212s, 23828 KB] In ts_0_30 of size 2 found num new op-mutexes 0


[t=0.00809654s, 23828 KB] In ts_0_31 of size 2 found num new op-mutexes 0


[t=0.00820105s, 23828 KB] In ts_0_34 of size 4 found num new op-mutexes 0
[t=0.00823091s, 23828 KB] Operator mutex finished iteration 0. Found an additional 0 operator mutexes

[t=0.00826096s, 23828 KB] Next pair of indices: (34, 31)
[t=0.00828602s, 23828 KB] M&S algorithm main loop timer: 0.0043491s (after computation of next merge)
[t=0.0083515s, 23828 KB] M&S algorithm main loop timer: 0.00442286s (after merging)

[t=0.00838765s, 23828 KB] Operator mutex starting iteration 1


[t=0.0091861s, 23828 KB] In ts_1_0 of size 34 found num new op-mutexes 0


[t=0.00927498s, 23828 KB] In ts_1_1 of size 2 found num new op-mutexes 0


[t=0.00936098s, 23828 KB] In ts_1_2 of size 2 found num new op-mutexes 0


[t=0.00943553s, 23828 KB] In ts_1_3 of size 2 found num new op-mutexes 0


[t=0.00950802s, 23828 KB] In ts_1_4 of size 2 found num new op-mutexes 0


[t=0.00958101s, 23828 KB] In ts_1_5 of size 2 found num new op-mutexes 0


[t=0.00965335s, 23828 KB] In ts_1_6 of size 2 found num new op-mutexes 0


[t=0.00972483s, 23828 KB] In ts_1_7 of size 2 found num new op-mutexes 0


[t=0.00979636s, 23828 KB] In ts_1_8 of size 2 found num new op-mutexes 0


[t=0.00986776s, 23828 KB] In ts_1_9 of size 2 found num new op-mutexes 0


[t=0.00993904s, 23828 KB] In ts_1_10 of size 2 found num new op-mutexes 0


[t=0.0100358s, 23828 KB] In ts_1_11 of size 2 found num new op-mutexes 0


[t=0.0101112s, 23828 KB] In ts_1_12 of size 2 found num new op-mutexes 0


[t=0.0101874s, 23828 KB] In ts_1_13 of size 2 found num new op-mutexes 0


[t=0.010259s, 23828 KB] In ts_1_14 of size 2 found num new op-mutexes 0


[t=0.0103305s, 23828 KB] In ts_1_15 of size 2 found num new op-mutexes 0


[t=0.0104015s, 23828 KB] In ts_1_16 of size 2 found num new op-mutexes 0


[t=0.0104723s, 23828 KB] In ts_1_17 of size 2 found num new op-mutexes 0


[t=0.0105434s, 23828 KB] In ts_1_18 of size 2 found num new op-mutexes 0


[t=0.0106139s, 23828 KB] In ts_1_19 of size 2 found num new op-mutexes 0


[t=0.0106849s, 23828 KB] In ts_1_20 of size 2 found num new op-mutexes 0


[t=0.0107554s, 23828 KB] In ts_1_21 of size 2 found num new op-mutexes 0


[t=0.0108349s, 23828 KB] In ts_1_22 of size 2 found num new op-mutexes 0


[t=0.010906s, 23828 KB] In ts_1_23 of size 2 found num new op-mutexes 0


[t=0.0109766s, 23828 KB] In ts_1_24 of size 2 found num new op-mutexes 0


[t=0.0110475s, 23828 KB] In ts_1_25 of size 2 found num new op-mutexes 0


[t=0.0111691s, 23828 KB] In ts_1_26 of size 2 found num new op-mutexes 0


[t=0.0112418s, 23828 KB] In ts_1_27 of size 2 found num new op-mutexes 0


[t=0.0113125s, 23828 KB] In ts_1_28 of size 2 found num new op-mutexes 0


[t=0.0113828s, 23828 KB] In ts_1_29 of size 2 found num new op-mutexes 0


[t=0.0114534s, 23828 KB] In ts_1_30 of size 2 found num new op-mutexes 0


[t=0.0115856s, 23828 KB] In ts_1_35 of size 8 found num new op-mutexes 0
[t=0.0116164s, 23828 KB] Operator mutex finished iteration 1. Found an additional 0 operator mutexes

[t=0.0116446s, 23828 KB] Next pair of indices: (35, 30)
[t=0.0116663s, 23828 KB] M&S algorithm main loop timer: 0.00772881s (after computation of next merge)
[t=0.011745s, 23828 KB] M&S algorithm main loop timer: 0.00781554s (after merging)

[t=0.0117806s, 23828 KB] Operator mutex starting iteration 2


[t=0.0125909s, 23828 KB] In ts_2_0 of size 34 found num new op-mutexes 0


[t=0.0126883s, 23828 KB] In ts_2_1 of size 2 found num new op-mutexes 0


[t=0.0127651s, 23828 KB] In ts_2_2 of size 2 found num new op-mutexes 0


[t=0.0128391s, 23828 KB] In ts_2_3 of size 2 found num new op-mutexes 0


[t=0.0129108s, 23828 KB] In ts_2_4 of size 2 found num new op-mutexes 0


[t=0.012983s, 23828 KB] In ts_2_5 of size 2 found num new op-mutexes 0


[t=0.0130547s, 23828 KB] In ts_2_6 of size 2 found num new op-mutexes 0


[t=0.0131262s, 23828 KB] In ts_2_7 of size 2 found num new op-mutexes 0


[t=0.0131974s, 23828 KB] In ts_2_8 of size 2 found num new op-mutexes 0


[t=0.0132681s, 23828 KB] In ts_2_9 of size 2 found num new op-mutexes 0


[t=0.0133392s, 23828 KB] In ts_2_10 of size 2 found num new op-mutexes 0


[t=0.0134102s, 23828 KB] In ts_2_11 of size 2 found num new op-mutexes 0


[t=0.0134804s, 23828 KB] In ts_2_12 of size 2 found num new op-mutexes 0


[t=0.0135513s, 23828 KB] In ts_2_13 of size 2 found num new op-mutexes 0


[t=0.0136224s, 23828 KB] In ts_2_14 of size 2 found num new op-mutexes 0


[t=0.0136926s, 23828 KB] In ts_2_15 of size 2 found num new op-mutexes 0


[t=0.0137625s, 23828 KB] In ts_2_16 of size 2 found num new op-mutexes 0


[t=0.0138324s, 23828 KB] In ts_2_17 of size 2 found num new op-mutexes 0


[t=0.0139026s, 23828 KB] In ts_2_18 of size 2 found num new op-mutexes 0


[t=0.0139725s, 23828 KB] In ts_2_19 of size 2 found num new op-mutexes 0


[t=0.0140424s, 23828 KB] In ts_2_20 of size 2 found num new op-mutexes 0


[t=0.0141124s, 23828 KB] In ts_2_21 of size 2 found num new op-mutexes 0


[t=0.0141921s, 23828 KB] In ts_2_22 of size 2 found num new op-mutexes 0


[t=0.0142623s, 23828 KB] In ts_2_23 of size 2 found num new op-mutexes 0


[t=0.0143319s, 23828 KB] In ts_2_24 of size 2 found num new op-mutexes 0


[t=0.0144224s, 23828 KB] In ts_2_25 of size 2 found num new op-mutexes 0


[t=0.0144991s, 23828 KB] In ts_2_26 of size 2 found num new op-mutexes 0


[t=0.0145711s, 23828 KB] In ts_2_27 of size 2 found num new op-mutexes 0


[t=0.0146424s, 23828 KB] In ts_2_28 of size 2 found num new op-mutexes 0


[t=0.014714s, 23828 KB] In ts_2_29 of size 2 found num new op-mutexes 0


[t=0.0149029s, 23828 KB] In ts_2_36 of size 16 found num new op-mutexes 0
[t=0.014936s, 23828 KB] Operator mutex finished iteration 2. Found an additional 0 operator mutexes

[t=0.0149687s, 23828 KB] Next pair of indices: (36, 29)
[t=0.0149912s, 23828 KB] M&S algorithm main loop timer: 0.011054s (after computation of next merge)
[t=0.0150775s, 23828 KB] M&S algorithm main loop timer: 0.011167s (after merging)

[t=0.0151338s, 23828 KB] Operator mutex starting iteration 3


[t=0.0159381s, 23828 KB] In ts_3_0 of size 34 found num new op-mutexes 0


[t=0.0160284s, 23828 KB] In ts_3_1 of size 2 found num new op-mutexes 0


[t=0.0161058s, 23828 KB] In ts_3_2 of size 2 found num new op-mutexes 0


[t=0.0161811s, 23828 KB] In ts_3_3 of size 2 found num new op-mutexes 0


[t=0.0162549s, 23828 KB] In ts_3_4 of size 2 found num new op-mutexes 0


[t=0.0163279s, 23828 KB] In ts_3_5 of size 2 found num new op-mutexes 0


[t=0.0164005s, 23828 KB] In ts_3_6 of size 2 found num new op-mutexes 0


[t=0.0164729s, 23828 KB] In ts_3_7 of size 2 found num new op-mutexes 0


[t=0.0165523s, 23828 KB] In ts_3_8 of size 2 found num new op-mutexes 0


[t=0.0166266s, 23828 KB] In ts_3_9 of size 2 found num new op-mutexes 0


[t=0.0166984s, 23828 KB] In ts_3_10 of size 2 found num new op-mutexes 0


[t=0.0167706s, 23828 KB] In ts_3_11 of size 2 found num new op-mutexes 0


[t=0.0168427s, 23828 KB] In ts_3_12 of size 2 found num new op-mutexes 0


[t=0.0169146s, 23828 KB] In ts_3_13 of size 2 found num new op-mutexes 0


[t=0.0169876s, 23828 KB] In ts_3_14 of size 2 found num new op-mutexes 0


[t=0.0170599s, 23828 KB] In ts_3_15 of size 2 found num new op-mutexes 0


[t=0.0171322s, 23828 KB] In ts_3_16 of size 2 found num new op-mutexes 0


[t=0.0172132s, 23828 KB] In ts_3_17 of size 2 found num new op-mutexes 0


[t=0.0172851s, 23828 KB] In ts_3_18 of size 2 found num new op-mutexes 0


[t=0.017357s, 23828 KB] In ts_3_19 of size 2 found num new op-mutexes 0


[t=0.0174287s, 23828 KB] In ts_3_20 of size 2 found num new op-mutexes 0


[t=0.0174999s, 23828 KB] In ts_3_21 of size 2 found num new op-mutexes 0


[t=0.017571s, 23828 KB] In ts_3_22 of size 2 found num new op-mutexes 0


[t=0.0176465s, 23828 KB] In ts_3_23 of size 2 found num new op-mutexes 0


[t=0.0177224s, 23828 KB] In ts_3_24 of size 2 found num new op-mutexes 0


[t=0.0177942s, 23828 KB] In ts_3_25 of size 2 found num new op-mutexes 0


[t=0.0178663s, 23828 KB] In ts_3_26 of size 2 found num new op-mutexes 0


[t=0.0179377s, 23828 KB] In ts_3_27 of size 2 found num new op-mutexes 0


[t=0.0180132s, 23828 KB] In ts_3_28 of size 2 found num new op-mutexes 0


[t=0.0182772s, 23828 KB] In ts_3_37 of size 32 found num new op-mutexes 0
[t=0.0183154s, 23828 KB] Operator mutex finished iteration 3. Found an additional 0 operator mutexes

[t=0.0183458s, 23828 KB] Next pair of indices: (37, 28)
[t=0.0183687s, 23828 KB] M&S algorithm main loop timer: 0.0144324s (after computation of next merge)
[t=0.0184938s, 23828 KB] M&S algorithm main loop timer: 0.0145674s (after merging)

[t=0.0185358s, 23828 KB] Operator mutex starting iteration 4


[t=0.0193368s, 23828 KB] In ts_4_0 of size 34 found num new op-mutexes 0


[t=0.0194275s, 23828 KB] In ts_4_1 of size 2 found num new op-mutexes 0


[t=0.0195065s, 23828 KB] In ts_4_2 of size 2 found num new op-mutexes 0


[t=0.0195816s, 23828 KB] In ts_4_3 of size 2 found num new op-mutexes 0


[t=0.0196545s, 23828 KB] In ts_4_4 of size 2 found num new op-mutexes 0


[t=0.0197277s, 23828 KB] In ts_4_5 of size 2 found num new op-mutexes 0


[t=0.0198005s, 23828 KB] In ts_4_6 of size 2 found num new op-mutexes 0


[t=0.0198723s, 23828 KB] In ts_4_7 of size 2 found num new op-mutexes 0


[t=0.0199446s, 23828 KB] In ts_4_8 of size 2 found num new op-mutexes 0


[t=0.0200165s, 23828 KB] In ts_4_9 of size 2 found num new op-mutexes 0


[t=0.020088s, 23828 KB] In ts_4_10 of size 2 found num new op-mutexes 0


[t=0.0201598s, 23828 KB] In ts_4_11 of size 2 found num new op-mutexes 0


[t=0.0202311s, 23828 KB] In ts_4_12 of size 2 found num new op-mutexes 0


[t=0.0203033s, 23828 KB] In ts_4_13 of size 2 found num new op-mutexes 0


[t=0.0203755s, 23828 KB] In ts_4_14 of size 2 found num new op-mutexes 0


[t=0.0204474s, 23828 KB] In ts_4_15 of size 2 found num new op-mutexes 0


[t=0.0205198s, 23828 KB] In ts_4_16 of size 2 found num new op-mutexes 0


[t=0.0205958s, 23828 KB] In ts_4_17 of size 2 found num new op-mutexes 0


[t=0.0206815s, 23828 KB] In ts_4_18 of size 2 found num new op-mutexes 0


[t=0.0207538s, 23828 KB] In ts_4_19 of size 2 found num new op-mutexes 0


[t=0.0208259s, 23828 KB] In ts_4_20 of size 2 found num new op-mutexes 0


[t=0.0209344s, 23828 KB] In ts_4_21 of size 2 found num new op-mutexes 0


[t=0.0210108s, 23828 KB] In ts_4_22 of size 2 found num new op-mutexes 0


[t=0.0210831s, 23828 KB] In ts_4_23 of size 2 found num new op-mutexes 0


[t=0.0211546s, 23828 KB] In ts_4_24 of size 2 found num new op-mutexes 0


[t=0.0212256s, 23828 KB] In ts_4_25 of size 2 found num new op-mutexes 0


[t=0.0212976s, 23828 KB] In ts_4_26 of size 2 found num new op-mutexes 0


[t=0.0213693s, 23828 KB] In ts_4_27 of size 2 found num new op-mutexes 0


[t=0.0217505s, 23828 KB] In ts_4_38 of size 64 found num new op-mutexes 0
[t=0.0217901s, 23828 KB] Operator mutex finished iteration 4. Found an additional 0 operator mutexes

[t=0.0218208s, 23828 KB] Next pair of indices: (38, 27)
[t=0.0218432s, 23828 KB] M&S algorithm main loop timer: 0.017906s (after computation of next merge)
[t=0.0220316s, 23828 KB] M&S algorithm main loop timer: 0.0181052s (after merging)

[t=0.0220774s, 23828 KB] Operator mutex starting iteration 5


[t=0.0228837s, 23828 KB] In ts_5_0 of size 34 found num new op-mutexes 0


[t=0.0229768s, 23828 KB] In ts_5_1 of size 2 found num new op-mutexes 0


[t=0.0230559s, 23828 KB] In ts_5_2 of size 2 found num new op-mutexes 0


[t=0.0231374s, 23828 KB] In ts_5_3 of size 2 found num new op-mutexes 0


[t=0.0232311s, 23828 KB] In ts_5_4 of size 2 found num new op-mutexes 0


[t=0.0233075s, 23828 KB] In ts_5_5 of size 2 found num new op-mutexes 0


[t=0.0233813s, 23828 KB] In ts_5_6 of size 2 found num new op-mutexes 0


[t=0.0234545s, 23828 KB] In ts_5_7 of size 2 found num new op-mutexes 0


[t=0.0235281s, 23828 KB] In ts_5_8 of size 2 found num new op-mutexes 0


[t=0.0236012s, 23828 KB] In ts_5_9 of size 2 found num new op-mutexes 0


[t=0.023674s, 23828 KB] In ts_5_10 of size 2 found num new op-mutexes 0


[t=0.0237473s, 23828 KB] In ts_5_11 of size 2 found num new op-mutexes 0


[t=0.0238196s, 23828 KB] In ts_5_12 of size 2 found num new op-mutexes 0


[t=0.0238924s, 23828 KB] In ts_5_13 of size 2 found num new op-mutexes 0


[t=0.0239652s, 23828 KB] In ts_5_14 of size 2 found num new op-mutexes 0


[t=0.0240382s, 23828 KB] In ts_5_15 of size 2 found num new op-mutexes 0


[t=0.0241191s, 23828 KB] In ts_5_16 of size 2 found num new op-mutexes 0


[t=0.0241916s, 23828 KB] In ts_5_17 of size 2 found num new op-mutexes 0


[t=0.0242744s, 23828 KB] In ts_5_18 of size 2 found num new op-mutexes 0


[t=0.0243492s, 23828 KB] In ts_5_19 of size 2 found num new op-mutexes 0


[t=0.0244225s, 23828 KB] In ts_5_20 of size 2 found num new op-mutexes 0


[t=0.0244949s, 23828 KB] In ts_5_21 of size 2 found num new op-mutexes 0


[t=0.0245672s, 23828 KB] In ts_5_22 of size 2 found num new op-mutexes 0


[t=0.0246396s, 23828 KB] In ts_5_23 of size 2 found num new op-mutexes 0


[t=0.024712s, 23828 KB] In ts_5_24 of size 2 found num new op-mutexes 0


[t=0.0247844s, 23828 KB] In ts_5_25 of size 2 found num new op-mutexes 0


[t=0.0248571s, 23828 KB] In ts_5_26 of size 2 found num new op-mutexes 0


[t=0.025523s, 23968 KB] In ts_5_39 of size 128 found num new op-mutexes 0
[t=0.0255621s, 23968 KB] Operator mutex finished iteration 5. Found an additional 0 operator mutexes

[t=0.0255931s, 23968 KB] Next pair of indices: (39, 26)
[t=0.0256159s, 23968 KB] M&S algorithm main loop timer: 0.0216862s (after computation of next merge)
[t=0.0259436s, 23968 KB] M&S algorithm main loop timer: 0.0220238s (after merging)

[t=0.0260039s, 23968 KB] Operator mutex starting iteration 6


[t=0.0268317s, 23968 KB] In ts_6_0 of size 34 found num new op-mutexes 0


[t=0.0269313s, 23968 KB] In ts_6_1 of size 2 found num new op-mutexes 0


[t=0.0270195s, 23968 KB] In ts_6_2 of size 2 found num new op-mutexes 0


[t=0.0270957s, 23968 KB] In ts_6_3 of size 2 found num new op-mutexes 0


[t=0.0271697s, 23968 KB] In ts_6_4 of size 2 found num new op-mutexes 0


[t=0.0272436s, 23968 KB] In ts_6_5 of size 2 found num new op-mutexes 0


[t=0.0273162s, 23968 KB] In ts_6_6 of size 2 found num new op-mutexes 0


[t=0.0273887s, 23968 KB] In ts_6_7 of size 2 found num new op-mutexes 0


[t=0.0274715s, 23968 KB] In ts_6_8 of size 2 found num new op-mutexes 0


[t=0.0275438s, 23968 KB] In ts_6_9 of size 2 found num new op-mutexes 0


[t=0.0276164s, 23968 KB] In ts_6_10 of size 2 found num new op-mutexes 0


[t=0.0276887s, 23968 KB] In ts_6_11 of size 2 found num new op-mutexes 0


[t=0.0277718s, 23968 KB] In ts_6_12 of size 2 found num new op-mutexes 0


[t=0.0278464s, 23968 KB] In ts_6_13 of size 2 found num new op-mutexes 0


[t=0.0279193s, 23968 KB] In ts_6_14 of size 2 found num new op-mutexes 0


[t=0.0279919s, 23968 KB] In ts_6_15 of size 2 found num new op-mutexes 0


[t=0.0280645s, 23968 KB] In ts_6_16 of size 2 found num new op-mutexes 0


[t=0.0281362s, 23968 KB] In ts_6_17 of size 2 found num new op-mutexes 0


[t=0.0282084s, 23968 KB] In ts_6_18 of size 2 found num new op-mutexes 0


[t=0.0282806s, 23968 KB] In ts_6_19 of size 2 found num new op-mutexes 0


[t=0.0283604s, 23968 KB] In ts_6_20 of size 2 found num new op-mutexes 0


[t=0.0284324s, 23968 KB] In ts_6_21 of size 2 found num new op-mutexes 0


[t=0.028504s, 23968 KB] In ts_6_22 of size 2 found num new op-mutexes 0


[t=0.0285757s, 23968 KB] In ts_6_23 of size 2 found num new op-mutexes 0


[t=0.0286472s, 23968 KB] In ts_6_24 of size 2 found num new op-mutexes 0


[t=0.0287188s, 23968 KB] In ts_6_25 of size 2 found num new op-mutexes 0


[t=0.0298616s, 24060 KB] In ts_6_40 of size 256 found num new op-mutexes 0
[t=0.0299039s, 24060 KB] Operator mutex finished iteration 6. Found an additional 0 operator mutexes

[t=0.0299457s, 24060 KB] Next pair of indices: (40, 25)
[t=0.0299689s, 24060 KB] M&S algorithm main loop timer: 0.0260326s (after computation of next merge)
[t=0.0306211s, 24060 KB] M&S algorithm main loop timer: 0.0266934s (after merging)

[t=0.0306867s, 24060 KB] Operator mutex starting iteration 7


[t=0.0315298s, 24060 KB] In ts_7_0 of size 34 found num new op-mutexes 0


[t=0.0316249s, 24060 KB] In ts_7_1 of size 2 found num new op-mutexes 0


[t=0.031703s, 24060 KB] In ts_7_2 of size 2 found num new op-mutexes 0


[t=0.0317899s, 24060 KB] In ts_7_3 of size 2 found num new op-mutexes 0


[t=0.0318768s, 24060 KB] In ts_7_4 of size 2 found num new op-mutexes 0


[t=0.0319517s, 24060 KB] In ts_7_5 of size 2 found num new op-mutexes 0


[t=0.0320249s, 24060 KB] In ts_7_6 of size 2 found num new op-mutexes 0


[t=0.0320974s, 24060 KB] In ts_7_7 of size 2 found num new op-mutexes 0


[t=0.0321696s, 24060 KB] In ts_7_8 of size 2 found num new op-mutexes 0


[t=0.0322417s, 24060 KB] In ts_7_9 of size 2 found num new op-mutexes 0


[t=0.0323135s, 24060 KB] In ts_7_10 of size 2 found num new op-mutexes 0


[t=0.0323855s, 24060 KB] In ts_7_11 of size 2 found num new op-mutexes 0


[t=0.0324574s, 24060 KB] In ts_7_12 of size 2 found num new op-mutexes 0


[t=0.0325294s, 24060 KB] In ts_7_13 of size 2 found num new op-mutexes 0


[t=0.032602s, 24060 KB] In ts_7_14 of size 2 found num new op-mutexes 0


[t=0.0326743s, 24060 KB] In ts_7_15 of size 2 found num new op-mutexes 0


[t=0.0327459s, 24060 KB] In ts_7_16 of size 2 found num new op-mutexes 0


[t=0.032827s, 24060 KB] In ts_7_17 of size 2 found num new op-mutexes 0


[t=0.0328989s, 24060 KB] In ts_7_18 of size 2 found num new op-mutexes 0


[t=0.0329708s, 24060 KB] In ts_7_19 of size 2 found num new op-mutexes 0


[t=0.0330423s, 24060 KB] In ts_7_20 of size 2 found num new op-mutexes 0


[t=0.0331138s, 24060 KB] In ts_7_21 of size 2 found num new op-mutexes 0


[t=0.0331851s, 24060 KB] In ts_7_22 of size 2 found num new op-mutexes 0


[t=0.0332667s, 24060 KB] In ts_7_23 of size 2 found num new op-mutexes 0


[t=0.0333383s, 24060 KB] In ts_7_24 of size 2 found num new op-mutexes 0


[t=0.0357872s, 24676 KB] In ts_7_41 of size 512 found num new op-mutexes 0
[t=0.0358323s, 24676 KB] Operator mutex finished iteration 7. Found an additional 0 operator mutexes

[t=0.035865s, 24676 KB] Next pair of indices: (41, 24)
[t=0.0358889s, 24676 KB] M&S algorithm main loop timer: 0.0319526s (after computation of next merge)
[t=0.0372215s, 24676 KB] M&S algorithm main loop timer: 0.0333052s (after merging)

[t=0.037324s, 24676 KB] Operator mutex starting iteration 8


[t=0.038133s, 24676 KB] In ts_8_0 of size 34 found num new op-mutexes 0


[t=0.0382277s, 24676 KB] In ts_8_1 of size 2 found num new op-mutexes 0


[t=0.0383101s, 24676 KB] In ts_8_2 of size 2 found num new op-mutexes 0


[t=0.038386s, 24676 KB] In ts_8_3 of size 2 found num new op-mutexes 0


[t=0.0384597s, 24676 KB] In ts_8_4 of size 2 found num new op-mutexes 0


[t=0.0385434s, 24676 KB] In ts_8_5 of size 2 found num new op-mutexes 0


[t=0.0386175s, 24676 KB] In ts_8_6 of size 2 found num new op-mutexes 0


[t=0.0386897s, 24676 KB] In ts_8_7 of size 2 found num new op-mutexes 0


[t=0.0387611s, 24676 KB] In ts_8_8 of size 2 found num new op-mutexes 0


[t=0.0388324s, 24676 KB] In ts_8_9 of size 2 found num new op-mutexes 0


[t=0.038904s, 24676 KB] In ts_8_10 of size 2 found num new op-mutexes 0


[t=0.0389753s, 24676 KB] In ts_8_11 of size 2 found num new op-mutexes 0


[t=0.0390466s, 24676 KB] In ts_8_12 of size 2 found num new op-mutexes 0


[t=0.039118s, 24676 KB] In ts_8_13 of size 2 found num new op-mutexes 0


[t=0.0391898s, 24676 KB] In ts_8_14 of size 2 found num new op-mutexes 0


[t=0.0392608s, 24676 KB] In ts_8_15 of size 2 found num new op-mutexes 0


[t=0.039332s, 24676 KB] In ts_8_16 of size 2 found num new op-mutexes 0


[t=0.0394032s, 24676 KB] In ts_8_17 of size 2 found num new op-mutexes 0


[t=0.0394741s, 24676 KB] In ts_8_18 of size 2 found num new op-mutexes 0


[t=0.0395457s, 24676 KB] In ts_8_19 of size 2 found num new op-mutexes 0


[t=0.0396166s, 24676 KB] In ts_8_20 of size 2 found num new op-mutexes 0


[t=0.039687s, 24676 KB] In ts_8_21 of size 2 found num new op-mutexes 0


[t=0.0397576s, 24676 KB] In ts_8_22 of size 2 found num new op-mutexes 0


[t=0.0398381s, 24676 KB] In ts_8_23 of size 2 found num new op-mutexes 0


[t=0.0448892s, 25700 KB] In ts_8_42 of size 1024 found num new op-mutexes 0
[t=0.0449435s, 25700 KB] Operator mutex finished iteration 8. Found an additional 0 operator mutexes

[t=0.0449781s, 25700 KB] Next pair of indices: (42, 23)
[t=0.0450014s, 25700 KB] M&S algorithm main loop timer: 0.0410644s (after computation of next merge)
[t=0.047593s, 25700 KB] M&S algorithm main loop timer: 0.0436686s (after merging)

[t=0.0477452s, 25700 KB] Operator mutex starting iteration 9


[t=0.0485683s, 25700 KB] In ts_9_0 of size 34 found num new op-mutexes 0


[t=0.04866s, 25700 KB] In ts_9_1 of size 2 found num new op-mutexes 0


[t=0.0487383s, 25700 KB] In ts_9_2 of size 2 found num new op-mutexes 0


[t=0.0488133s, 25700 KB] In ts_9_3 of size 2 found num new op-mutexes 0


[t=0.0488864s, 25700 KB] In ts_9_4 of size 2 found num new op-mutexes 0


[t=0.0489591s, 25700 KB] In ts_9_5 of size 2 found num new op-mutexes 0


[t=0.0490312s, 25700 KB] In ts_9_6 of size 2 found num new op-mutexes 0


[t=0.0491025s, 25700 KB] In ts_9_7 of size 2 found num new op-mutexes 0


[t=0.0491744s, 25700 KB] In ts_9_8 of size 2 found num new op-mutexes 0


[t=0.0492463s, 25700 KB] In ts_9_9 of size 2 found num new op-mutexes 0


[t=0.0493181s, 25700 KB] In ts_9_10 of size 2 found num new op-mutexes 0


[t=0.04939s, 25700 KB] In ts_9_11 of size 2 found num new op-mutexes 0


[t=0.0494685s, 25700 KB] In ts_9_12 of size 2 found num new op-mutexes 0


[t=0.0495398s, 25700 KB] In ts_9_13 of size 2 found num new op-mutexes 0


[t=0.0496115s, 25700 KB] In ts_9_14 of size 2 found num new op-mutexes 0


[t=0.0496947s, 25700 KB] In ts_9_15 of size 2 found num new op-mutexes 0


[t=0.0497711s, 25700 KB] In ts_9_16 of size 2 found num new op-mutexes 0


[t=0.0498431s, 25700 KB] In ts_9_17 of size 2 found num new op-mutexes 0


[t=0.0499155s, 25700 KB] In ts_9_18 of size 2 found num new op-mutexes 0


[t=0.0499869s, 25700 KB] In ts_9_19 of size 2 found num new op-mutexes 0


[t=0.0500578s, 25700 KB] In ts_9_20 of size 2 found num new op-mutexes 0


[t=0.050129s, 25700 KB] In ts_9_21 of size 2 found num new op-mutexes 0


[t=0.0502207s, 25700 KB] In ts_9_22 of size 2 found num new op-mutexes 0


[t=0.0595431s, 27696 KB] In ts_9_43 of size 2048 found num new op-mutexes 0
[t=0.0596107s, 27696 KB] Operator mutex finished iteration 9. Found an additional 0 operator mutexes

[t=0.0596468s, 27696 KB] Next pair of indices: (43, 22)
[t=0.0596714s, 27696 KB] M&S algorithm main loop timer: 0.0557345s (after computation of next merge)
[t=0.0651523s, 27696 KB] M&S algorithm main loop timer: 0.0612367s (after merging)

[t=0.0654239s, 27696 KB] Operator mutex starting iteration 10


[t=0.0662708s, 27696 KB] In ts_10_0 of size 34 found num new op-mutexes 0


[t=0.0663621s, 27696 KB] In ts_10_1 of size 2 found num new op-mutexes 0


[t=0.0664398s, 27696 KB] In ts_10_2 of size 2 found num new op-mutexes 0


[t=0.0665145s, 27696 KB] In ts_10_3 of size 2 found num new op-mutexes 0


[t=0.0665875s, 27696 KB] In ts_10_4 of size 2 found num new op-mutexes 0


[t=0.0666666s, 27696 KB] In ts_10_5 of size 2 found num new op-mutexes 0


[t=0.0667448s, 27696 KB] In ts_10_6 of size 2 found num new op-mutexes 0


[t=0.0668286s, 27696 KB] In ts_10_7 of size 2 found num new op-mutexes 0


[t=0.0669048s, 27696 KB] In ts_10_8 of size 2 found num new op-mutexes 0


[t=0.0669769s, 27696 KB] In ts_10_9 of size 2 found num new op-mutexes 0


[t=0.0670472s, 27696 KB] In ts_10_10 of size 2 found num new op-mutexes 0


[t=0.0671184s, 27696 KB] In ts_10_11 of size 2 found num new op-mutexes 0


[t=0.0671886s, 27696 KB] In ts_10_12 of size 2 found num new op-mutexes 0


[t=0.0672591s, 27696 KB] In ts_10_13 of size 2 found num new op-mutexes 0


[t=0.0673296s, 27696 KB] In ts_10_14 of size 2 found num new op-mutexes 0


[t=0.0673999s, 27696 KB] In ts_10_15 of size 2 found num new op-mutexes 0


[t=0.0674697s, 27696 KB] In ts_10_16 of size 2 found num new op-mutexes 0


[t=0.0675455s, 27696 KB] In ts_10_17 of size 2 found num new op-mutexes 0


[t=0.0676159s, 27696 KB] In ts_10_18 of size 2 found num new op-mutexes 0


[t=0.0676865s, 27696 KB] In ts_10_19 of size 2 found num new op-mutexes 0


[t=0.0677564s, 27696 KB] In ts_10_20 of size 2 found num new op-mutexes 0


[t=0.0678259s, 27696 KB] In ts_10_21 of size 2 found num new op-mutexes 0


[t=0.0868922s, 31860 KB] In ts_10_44 of size 4096 found num new op-mutexes 0
[t=0.0869802s, 31860 KB] Operator mutex finished iteration 10. Found an additional 0 operator mutexes

[t=0.0870161s, 31860 KB] Next pair of indices: (44, 21)
[t=0.0870413s, 31860 KB] M&S algorithm main loop timer: 0.0831054s (after computation of next merge)
[t=0.0999523s, 31860 KB] M&S algorithm main loop timer: 0.0960755s (after merging)

[t=0.10049s, 31860 KB] Operator mutex starting iteration 11


[t=0.101319s, 31860 KB] In ts_11_0 of size 34 found num new op-mutexes 0


[t=0.101416s, 31860 KB] In ts_11_1 of size 2 found num new op-mutexes 0


[t=0.101496s, 31860 KB] In ts_11_2 of size 2 found num new op-mutexes 0


[t=0.101573s, 31860 KB] In ts_11_3 of size 2 found num new op-mutexes 0


[t=0.101647s, 31860 KB] In ts_11_4 of size 2 found num new op-mutexes 0


[t=0.101719s, 31860 KB] In ts_11_5 of size 2 found num new op-mutexes 0


[t=0.101791s, 31860 KB] In ts_11_6 of size 2 found num new op-mutexes 0


[t=0.101862s, 31860 KB] In ts_11_7 of size 2 found num new op-mutexes 0


[t=0.101932s, 31860 KB] In ts_11_8 of size 2 found num new op-mutexes 0


[t=0.102003s, 31860 KB] In ts_11_9 of size 2 found num new op-mutexes 0


[t=0.102083s, 31860 KB] In ts_11_10 of size 2 found num new op-mutexes 0


[t=0.102167s, 31860 KB] In ts_11_11 of size 2 found num new op-mutexes 0


[t=0.102241s, 31860 KB] In ts_11_12 of size 2 found num new op-mutexes 0


[t=0.102312s, 31860 KB] In ts_11_13 of size 2 found num new op-mutexes 0


[t=0.102384s, 31860 KB] In ts_11_14 of size 2 found num new op-mutexes 0


[t=0.102455s, 31860 KB] In ts_11_15 of size 2 found num new op-mutexes 0


[t=0.102527s, 31860 KB] In ts_11_16 of size 2 found num new op-mutexes 0


[t=0.102597s, 31860 KB] In ts_11_17 of size 2 found num new op-mutexes 0


[t=0.102669s, 31860 KB] In ts_11_18 of size 2 found num new op-mutexes 0


[t=0.102739s, 31860 KB] In ts_11_19 of size 2 found num new op-mutexes 0


[t=0.102827s, 31860 KB] In ts_11_20 of size 2 found num new op-mutexes 0
[t=0.103053s, 31860 KB] Operator mutex finished iteration 11. Found an additional 0 operator mutexes

[t=0.103085s, 31860 KB] Next pair of indices: (45, 20)
[t=0.10311s, 31860 KB] M&S algorithm main loop timer: 0.0991729s (after computation of next merge)
[t=0.127421s, 31860 KB] M&S algorithm main loop timer: 0.123546s (after merging)

[t=0.12841s, 31860 KB] Operator mutex starting iteration 12


[t=0.129239s, 31860 KB] In ts_12_0 of size 34 found num new op-mutexes 0


[t=0.129333s, 31860 KB] In ts_12_1 of size 2 found num new op-mutexes 0


[t=0.129411s, 31860 KB] In ts_12_2 of size 2 found num new op-mutexes 0


[t=0.129485s, 31860 KB] In ts_12_3 of size 2 found num new op-mutexes 0


[t=0.129559s, 31860 KB] In ts_12_4 of size 2 found num new op-mutexes 0


[t=0.129631s, 31860 KB] In ts_12_5 of size 2 found num new op-mutexes 0


[t=0.129701s, 31860 KB] In ts_12_6 of size 2 found num new op-mutexes 0


[t=0.12977s, 31860 KB] In ts_12_7 of size 2 found num new op-mutexes 0


[t=0.12984s, 31860 KB] In ts_12_8 of size 2 found num new op-mutexes 0


[t=0.12992s, 31860 KB] In ts_12_9 of size 2 found num new op-mutexes 0


[t=0.12999s, 31860 KB] In ts_12_10 of size 2 found num new op-mutexes 0


[t=0.13006s, 31860 KB] In ts_12_11 of size 2 found num new op-mutexes 0


[t=0.130131s, 31860 KB] In ts_12_12 of size 2 found num new op-mutexes 0


[t=0.130201s, 31860 KB] In ts_12_13 of size 2 found num new op-mutexes 0


[t=0.130276s, 31860 KB] In ts_12_14 of size 2 found num new op-mutexes 0


[t=0.130347s, 31860 KB] In ts_12_15 of size 2 found num new op-mutexes 0


[t=0.130417s, 31860 KB] In ts_12_16 of size 2 found num new op-mutexes 0


[t=0.130486s, 31860 KB] In ts_12_17 of size 2 found num new op-mutexes 0


[t=0.130556s, 31860 KB] In ts_12_18 of size 2 found num new op-mutexes 0


[t=0.130625s, 31860 KB] In ts_12_19 of size 2 found num new op-mutexes 0
[t=0.131019s, 31860 KB] Operator mutex finished iteration 12. Found an additional 0 operator mutexes

[t=0.131053s, 31860 KB] Next pair of indices: (46, 19)
[t=0.131077s, 31860 KB] M&S algorithm main loop timer: 0.127139s (after computation of next merge)
[t=0.184612s, 37784 KB] M&S algorithm main loop timer: 0.180747s (after merging)

[t=0.186465s, 37784 KB] Operator mutex starting iteration 13


[t=0.187296s, 37784 KB] In ts_13_0 of size 34 found num new op-mutexes 0


[t=0.187387s, 37784 KB] In ts_13_1 of size 2 found num new op-mutexes 0


[t=0.187491s, 37784 KB] In ts_13_2 of size 2 found num new op-mutexes 0


[t=0.187568s, 37784 KB] In ts_13_3 of size 2 found num new op-mutexes 0


[t=0.187641s, 37784 KB] In ts_13_4 of size 2 found num new op-mutexes 0


[t=0.187714s, 37784 KB] In ts_13_5 of size 2 found num new op-mutexes 0


[t=0.187785s, 37784 KB] In ts_13_6 of size 2 found num new op-mutexes 0


[t=0.187855s, 37784 KB] In ts_13_7 of size 2 found num new op-mutexes 0


[t=0.18793s, 37784 KB] In ts_13_8 of size 2 found num new op-mutexes 0


[t=0.188006s, 37784 KB] In ts_13_9 of size 2 found num new op-mutexes 0


[t=0.188078s, 37784 KB] In ts_13_10 of size 2 found num new op-mutexes 0


[t=0.188159s, 37784 KB] In ts_13_11 of size 2 found num new op-mutexes 0


[t=0.18823s, 37784 KB] In ts_13_12 of size 2 found num new op-mutexes 0


[t=0.188301s, 37784 KB] In ts_13_13 of size 2 found num new op-mutexes 0


[t=0.188372s, 37784 KB] In ts_13_14 of size 2 found num new op-mutexes 0


[t=0.188443s, 37784 KB] In ts_13_15 of size 2 found num new op-mutexes 0


[t=0.188513s, 37784 KB] In ts_13_16 of size 2 found num new op-mutexes 0


[t=0.188583s, 37784 KB] In ts_13_17 of size 2 found num new op-mutexes 0


[t=0.188653s, 37784 KB] In ts_13_18 of size 2 found num new op-mutexes 0
[t=0.189441s, 37784 KB] Operator mutex finished iteration 13. Found an additional 0 operator mutexes

[t=0.189476s, 37784 KB] Next pair of indices: (47, 18)
[t=0.1895s, 37784 KB] M&S algorithm main loop timer: 0.185563s (after computation of next merge)
[t=0.222765s, 37784 KB] M&S algorithm main loop timer: 0.218888s (after shrinking)
[t=0.357199s, 49740 KB] M&S algorithm main loop timer: 0.353334s (after merging)

[t=0.360116s, 49740 KB] Operator mutex starting iteration 14


[t=0.36095s, 49740 KB] In ts_14_0 of size 34 found num new op-mutexes 0


[t=0.361045s, 49740 KB] In ts_14_1 of size 2 found num new op-mutexes 0


[t=0.361124s, 49740 KB] In ts_14_2 of size 2 found num new op-mutexes 0


[t=0.361199s, 49740 KB] In ts_14_3 of size 2 found num new op-mutexes 0


[t=0.361272s, 49740 KB] In ts_14_4 of size 2 found num new op-mutexes 0


[t=0.361349s, 49740 KB] In ts_14_5 of size 2 found num new op-mutexes 0


[t=0.361429s, 49740 KB] In ts_14_6 of size 2 found num new op-mutexes 0


[t=0.361501s, 49740 KB] In ts_14_7 of size 2 found num new op-mutexes 0


[t=0.361583s, 49740 KB] In ts_14_8 of size 2 found num new op-mutexes 0


[t=0.361654s, 49740 KB] In ts_14_9 of size 2 found num new op-mutexes 0


[t=0.361732s, 49740 KB] In ts_14_10 of size 2 found num new op-mutexes 0


[t=0.361803s, 49740 KB] In ts_14_11 of size 2 found num new op-mutexes 0


[t=0.361874s, 49740 KB] In ts_14_12 of size 2 found num new op-mutexes 0


[t=0.361945s, 49740 KB] In ts_14_13 of size 2 found num new op-mutexes 0


[t=0.362016s, 49740 KB] In ts_14_14 of size 2 found num new op-mutexes 0


[t=0.362087s, 49740 KB] In ts_14_15 of size 2 found num new op-mutexes 0


[t=0.362158s, 49740 KB] In ts_14_16 of size 2 found num new op-mutexes 0


[t=0.362228s, 49740 KB] In ts_14_17 of size 2 found num new op-mutexes 0
[t=0.363868s, 49740 KB] Operator mutex finished iteration 14. Found an additional 0 operator mutexes

[t=0.363913s, 49740 KB] Next pair of indices: (48, 17)
[t=0.363937s, 49740 KB] M&S algorithm main loop timer: 0.36s (after computation of next merge)
[t=0.448043s, 49740 KB] M&S algorithm main loop timer: 0.444169s (after shrinking)
[t=0.705034s, 66208 KB] M&S algorithm main loop timer: 0.701168s (after merging)

[t=0.70813s, 66208 KB] Operator mutex starting iteration 15


[t=0.708964s, 66208 KB] In ts_15_0 of size 34 found num new op-mutexes 0


[t=0.709057s, 66208 KB] In ts_15_1 of size 2 found num new op-mutexes 0


[t=0.709136s, 66208 KB] In ts_15_2 of size 2 found num new op-mutexes 0


[t=0.709213s, 66208 KB] In ts_15_3 of size 2 found num new op-mutexes 0


[t=0.709285s, 66208 KB] In ts_15_4 of size 2 found num new op-mutexes 0


[t=0.709357s, 66208 KB] In ts_15_5 of size 2 found num new op-mutexes 0


[t=0.709428s, 66208 KB] In ts_15_6 of size 2 found num new op-mutexes 0


[t=0.709502s, 66208 KB] In ts_15_7 of size 2 found num new op-mutexes 0


[t=0.709587s, 66208 KB] In ts_15_8 of size 2 found num new op-mutexes 0


[t=0.709658s, 66208 KB] In ts_15_9 of size 2 found num new op-mutexes 0


[t=0.709728s, 66208 KB] In ts_15_10 of size 2 found num new op-mutexes 0


[t=0.70981s, 66208 KB] In ts_15_11 of size 2 found num new op-mutexes 0


[t=0.709884s, 66208 KB] In ts_15_12 of size 2 found num new op-mutexes 0


[t=0.709955s, 66208 KB] In ts_15_13 of size 2 found num new op-mutexes 0


[t=0.710025s, 66208 KB] In ts_15_14 of size 2 found num new op-mutexes 0


[t=0.710095s, 66208 KB] In ts_15_15 of size 2 found num new op-mutexes 0


[t=0.710165s, 66208 KB] In ts_15_16 of size 2 found num new op-mutexes 0
[t=0.713531s, 66208 KB] Operator mutex finished iteration 15. Found an additional 0 operator mutexes

[t=0.713608s, 66208 KB] Next pair of indices: (49, 16)
[t=0.713646s, 66208 KB] M&S algorithm main loop timer: 0.709715s (after computation of next merge)
[t=0.872083s, 66208 KB] M&S algorithm main loop timer: 0.868212s (after shrinking)
[t=1.40328s, 102944 KB] M&S algorithm main loop timer: 1.39941s (after merging)

[t=1.40612s, 102944 KB] Operator mutex starting iteration 16


[t=1.40696s, 102944 KB] In ts_16_0 of size 34 found num new op-mutexes 0


[t=1.40705s, 102944 KB] In ts_16_1 of size 2 found num new op-mutexes 0


[t=1.40713s, 102944 KB] In ts_16_2 of size 2 found num new op-mutexes 0


[t=1.40721s, 102944 KB] In ts_16_3 of size 2 found num new op-mutexes 0


[t=1.40728s, 102944 KB] In ts_16_4 of size 2 found num new op-mutexes 0


[t=1.40735s, 102944 KB] In ts_16_5 of size 2 found num new op-mutexes 0


[t=1.40742s, 102944 KB] In ts_16_6 of size 2 found num new op-mutexes 0


[t=1.40749s, 102944 KB] In ts_16_7 of size 2 found num new op-mutexes 0


[t=1.40756s, 102944 KB] In ts_16_8 of size 2 found num new op-mutexes 0


[t=1.40763s, 102944 KB] In ts_16_9 of size 2 found num new op-mutexes 0


[t=1.4077s, 102944 KB] In ts_16_10 of size 2 found num new op-mutexes 0


[t=1.40777s, 102944 KB] In ts_16_11 of size 2 found num new op-mutexes 0


[t=1.40784s, 102944 KB] In ts_16_12 of size 2 found num new op-mutexes 0


[t=1.40791s, 102944 KB] In ts_16_13 of size 2 found num new op-mutexes 0


[t=1.40798s, 102944 KB] In ts_16_14 of size 2 found num new op-mutexes 0


[t=1.40805s, 102944 KB] In ts_16_15 of size 2 found num new op-mutexes 0
[t=1.4174s, 102944 KB] Operator mutex finished iteration 16. Found an additional 0 operator mutexes

[t=1.41748s, 102944 KB] Next pair of indices: (50, 15)
[t=1.41751s, 102944 KB] M&S algorithm main loop timer: 1.41357s (after computation of next merge)
[t=1.73384s, 102944 KB] M&S algorithm main loop timer: 1.72997s (after shrinking)
[t=2.70451s, 168184 KB] M&S algorithm main loop timer: 2.70064s (after merging)

[t=2.70728s, 168184 KB] Operator mutex starting iteration 17


[t=2.70812s, 168184 KB] In ts_17_0 of size 34 found num new op-mutexes 0


[t=2.70822s, 168184 KB] In ts_17_1 of size 2 found num new op-mutexes 0


[t=2.7083s, 168184 KB] In ts_17_2 of size 2 found num new op-mutexes 0


[t=2.70838s, 168184 KB] In ts_17_3 of size 2 found num new op-mutexes 0


[t=2.70845s, 168184 KB] In ts_17_4 of size 2 found num new op-mutexes 0


[t=2.70854s, 168184 KB] In ts_17_5 of size 2 found num new op-mutexes 0


[t=2.70862s, 168184 KB] In ts_17_6 of size 2 found num new op-mutexes 0


[t=2.70869s, 168184 KB] In ts_17_7 of size 2 found num new op-mutexes 0


[t=2.70876s, 168184 KB] In ts_17_8 of size 2 found num new op-mutexes 0


[t=2.70883s, 168184 KB] In ts_17_9 of size 2 found num new op-mutexes 0


[t=2.7089s, 168184 KB] In ts_17_10 of size 2 found num new op-mutexes 0


[t=2.70897s, 168184 KB] In ts_17_11 of size 2 found num new op-mutexes 0


[t=2.70904s, 168184 KB] In ts_17_12 of size 2 found num new op-mutexes 0


[t=2.7091s, 168184 KB] In ts_17_13 of size 2 found num new op-mutexes 0


[t=2.70917s, 168184 KB] In ts_17_14 of size 2 found num new op-mutexes 0
[t=2.72973s, 168184 KB] Operator mutex finished iteration 17. Found an additional 0 operator mutexes

[t=2.72981s, 168184 KB] Next pair of indices: (51, 14)
[t=2.72984s, 168184 KB] M&S algorithm main loop timer: 2.7259s (after computation of next merge)
[t=3.31202s, 168184 KB] M&S algorithm main loop timer: 3.30815s (after shrinking)
[t=5.18876s, 285360 KB] M&S algorithm main loop timer: 5.18489s (after merging)

[t=5.19158s, 285360 KB] Operator mutex starting iteration 18


[t=5.19241s, 285360 KB] In ts_18_0 of size 34 found num new op-mutexes 0


[t=5.1925s, 285360 KB] In ts_18_1 of size 2 found num new op-mutexes 0


[t=5.19258s, 285360 KB] In ts_18_2 of size 2 found num new op-mutexes 0


[t=5.19265s, 285360 KB] In ts_18_3 of size 2 found num new op-mutexes 0


[t=5.19273s, 285360 KB] In ts_18_4 of size 2 found num new op-mutexes 0


[t=5.1928s, 285360 KB] In ts_18_5 of size 2 found num new op-mutexes 0


[t=5.19287s, 285360 KB] In ts_18_6 of size 2 found num new op-mutexes 0


[t=5.19295s, 285360 KB] In ts_18_7 of size 2 found num new op-mutexes 0


[t=5.19302s, 285360 KB] In ts_18_8 of size 2 found num new op-mutexes 0


[t=5.19309s, 285360 KB] In ts_18_9 of size 2 found num new op-mutexes 0


[t=5.19316s, 285360 KB] In ts_18_10 of size 2 found num new op-mutexes 0


[t=5.19323s, 285360 KB] In ts_18_11 of size 2 found num new op-mutexes 0


[t=5.1933s, 285360 KB] In ts_18_12 of size 2 found num new op-mutexes 0


[t=5.19338s, 285360 KB] In ts_18_13 of size 2 found num new op-mutexes 0
[t=5.23583s, 285360 KB] Operator mutex finished iteration 18. Found an additional 0 operator mutexes

[t=5.23593s, 285360 KB] Next pair of indices: (52, 13)
[t=5.23596s, 285360 KB] M&S algorithm main loop timer: 5.23202s (after computation of next merge)
[t=6.29224s, 285360 KB] M&S algorithm main loop timer: 6.28837s (after shrinking)
[t=9.84576s, 501584 KB] M&S algorithm main loop timer: 9.8419s (after merging)

[t=9.84856s, 501584 KB] Operator mutex starting iteration 19


[t=9.8494s, 501584 KB] In ts_19_0 of size 34 found num new op-mutexes 0


[t=9.84951s, 501584 KB] In ts_19_1 of size 2 found num new op-mutexes 0


[t=9.84959s, 501584 KB] In ts_19_2 of size 2 found num new op-mutexes 0


[t=9.84966s, 501584 KB] In ts_19_3 of size 2 found num new op-mutexes 0


[t=9.84973s, 501584 KB] In ts_19_4 of size 2 found num new op-mutexes 0


[t=9.8498s, 501584 KB] In ts_19_5 of size 2 found num new op-mutexes 0


[t=9.84987s, 501584 KB] In ts_19_6 of size 2 found num new op-mutexes 0


[t=9.84994s, 501584 KB] In ts_19_7 of size 2 found num new op-mutexes 0


[t=9.85002s, 501584 KB] In ts_19_8 of size 2 found num new op-mutexes 0


[t=9.85009s, 501584 KB] In ts_19_9 of size 2 found num new op-mutexes 0


[t=9.85016s, 501584 KB] In ts_19_10 of size 2 found num new op-mutexes 0


[t=9.85023s, 501584 KB] In ts_19_11 of size 2 found num new op-mutexes 0


[t=9.8503s, 501584 KB] In ts_19_12 of size 2 found num new op-mutexes 0
[t=9.9274s, 501584 KB] Operator mutex finished iteration 19. Found an additional 0 operator mutexes

[t=9.9275s, 501584 KB] Next pair of indices: (53, 12)
[t=9.92753s, 501584 KB] M&S algorithm main loop timer: 9.92359s (after computation of next merge)
[t=11.8198s, 501584 KB] M&S algorithm main loop timer: 11.8159s (after shrinking)
[t=18.8712s, 945392 KB] M&S algorithm main loop timer: 18.8673s (after merging)

[t=18.874s, 945392 KB] Operator mutex starting iteration 20


[t=18.8749s, 945392 KB] In ts_20_0 of size 34 found num new op-mutexes 0


[t=18.875s, 945392 KB] In ts_20_1 of size 2 found num new op-mutexes 0


[t=18.8751s, 945392 KB] In ts_20_2 of size 2 found num new op-mutexes 0


[t=18.8751s, 945392 KB] In ts_20_3 of size 2 found num new op-mutexes 0


[t=18.8752s, 945392 KB] In ts_20_4 of size 2 found num new op-mutexes 0


[t=18.8753s, 945392 KB] In ts_20_5 of size 2 found num new op-mutexes 0


[t=18.8754s, 945392 KB] In ts_20_6 of size 2 found num new op-mutexes 0


[t=18.8754s, 945392 KB] In ts_20_7 of size 2 found num new op-mutexes 0


[t=18.8755s, 945392 KB] In ts_20_8 of size 2 found num new op-mutexes 0


[t=18.8756s, 945392 KB] In ts_20_9 of size 2 found num new op-mutexes 0


[t=18.8757s, 945392 KB] In ts_20_10 of size 2 found num new op-mutexes 0


[t=18.8757s, 945392 KB] In ts_20_11 of size 2 found num new op-mutexes 0
[t=19.0277s, 945392 KB] Operator mutex finished iteration 20. Found an additional 0 operator mutexes

[t=19.0278s, 945392 KB] Next pair of indices: (54, 11)
[t=19.0279s, 945392 KB] M&S algorithm main loop timer: 19.0239s (after computation of next merge)
[t=22.6132s, 945392 KB] M&S algorithm main loop timer: 22.6094s (after shrinking)
[t=36.0207s, 1802840 KB] M&S algorithm main loop timer: 36.0168s (after merging)

[t=36.0235s, 1802840 KB] Operator mutex starting iteration 21


[t=36.0243s, 1802840 KB] In ts_21_0 of size 34 found num new op-mutexes 0


[t=36.0244s, 1802840 KB] In ts_21_1 of size 2 found num new op-mutexes 0


[t=36.0245s, 1802840 KB] In ts_21_2 of size 2 found num new op-mutexes 0


[t=36.0246s, 1802840 KB] In ts_21_3 of size 2 found num new op-mutexes 0


[t=36.0247s, 1802840 KB] In ts_21_4 of size 2 found num new op-mutexes 0


[t=36.0247s, 1802840 KB] In ts_21_5 of size 2 found num new op-mutexes 0


[t=36.0248s, 1802840 KB] In ts_21_6 of size 2 found num new op-mutexes 0


[t=36.0249s, 1802840 KB] In ts_21_7 of size 2 found num new op-mutexes 0


[t=36.0249s, 1802840 KB] In ts_21_8 of size 2 found num new op-mutexes 0


[t=36.025s, 1802840 KB] In ts_21_9 of size 2 found num new op-mutexes 0


[t=36.0251s, 1802840 KB] In ts_21_10 of size 2 found num new op-mutexes 0
[t=36.3214s, 1802840 KB] Operator mutex finished iteration 21. Found an additional 0 operator mutexes

[t=36.3215s, 1802840 KB] Next pair of indices: (55, 10)
[t=36.3216s, 1802840 KB] M&S algorithm main loop timer: 36.3176s (after computation of next merge)
[t=43.2421s, 1802840 KB] M&S algorithm main loop timer: 43.2382s (after shrinking)
[t=69.0452s, 3464272 KB] M&S algorithm main loop timer: 69.0414s (after merging)

[t=69.048s, 3464272 KB] Operator mutex starting iteration 22


[t=69.0489s, 3464272 KB] In ts_22_0 of size 34 found num new op-mutexes 0


[t=69.049s, 3464272 KB] In ts_22_1 of size 2 found num new op-mutexes 0


[t=69.049s, 3464272 KB] In ts_22_2 of size 2 found num new op-mutexes 0


[t=69.0491s, 3464272 KB] In ts_22_3 of size 2 found num new op-mutexes 0


[t=69.0492s, 3464272 KB] In ts_22_4 of size 2 found num new op-mutexes 0


[t=69.0493s, 3464272 KB] In ts_22_5 of size 2 found num new op-mutexes 0


[t=69.0493s, 3464272 KB] In ts_22_6 of size 2 found num new op-mutexes 0


[t=69.0494s, 3464272 KB] In ts_22_7 of size 2 found num new op-mutexes 0


[t=69.0495s, 3464272 KB] In ts_22_8 of size 2 found num new op-mutexes 0


[t=69.0495s, 3464272 KB] In ts_22_9 of size 2 found num new op-mutexes 0
[t=69.6231s, 3464272 KB] Operator mutex finished iteration 22. Found an additional 0 operator mutexes

[t=69.6232s, 3464272 KB] Next pair of indices: (56, 9)
[t=69.6232s, 3464272 KB] M&S algorithm main loop timer: 69.6193s (after computation of next merge)
[t=83.1739s, 3464272 KB] M&S algorithm main loop timer: 83.17s (after shrinking)
[t=134.96s, 6650980 KB] M&S algorithm main loop timer: 134.956s (after merging)

[t=134.962s, 6650980 KB] Operator mutex starting iteration 23


[t=134.963s, 6650980 KB] In ts_23_0 of size 34 found num new op-mutexes 0


[t=134.963s, 6650980 KB] In ts_23_1 of size 2 found num new op-mutexes 0


[t=134.964s, 6650980 KB] In ts_23_2 of size 2 found num new op-mutexes 0


[t=134.964s, 6650980 KB] In ts_23_3 of size 2 found num new op-mutexes 0


[t=134.964s, 6650980 KB] In ts_23_4 of size 2 found num new op-mutexes 0


[t=134.964s, 6650980 KB] In ts_23_5 of size 2 found num new op-mutexes 0


[t=134.964s, 6650980 KB] In ts_23_6 of size 2 found num new op-mutexes 0


[t=134.964s, 6650980 KB] In ts_23_7 of size 2 found num new op-mutexes 0


[t=134.964s, 6650980 KB] In ts_23_8 of size 2 found num new op-mutexes 0
[t=136.051s, 6650980 KB] Operator mutex finished iteration 23. Found an additional 0 operator mutexes

[t=136.051s, 6650980 KB] Next pair of indices: (57, 8)
[t=136.051s, 6650980 KB] M&S algorithm main loop timer: 136.047s (after computation of next merge)
[t=163.429s, 6650980 KB] M&S algorithm main loop timer: 163.425s (after shrinking)
Failed to allocate memory.
Memory limit has been reached.
Peak memory: 7122196 KB
Remove intermediate file output.sas
search exit code: 22

Driver aborting after search
