INFO     Running translator.
INFO     translator stdin: None
INFO     translator time limit: 599.97s
INFO     translator memory limit: 7000 MB
INFO     translator command line string: /usr/bin/python3 /user/student.aau.dk/lkar18/downward-projects/downward/experiments/nopo_vs_nasutpo_vs_nelutpo/data/nopo_vs_nasutpo_vs_nelutpo/code-f7902f30c0f47512f07fb7c64cdaf652032f674a_e5e41175/builds/release/bin/translate/translate.py domain.pddl problem.pddl --sas-file output.sas
Parsing...
Parsing: [0.010s CPU, 0.005s wall-clock]
Normalizing task... [0.000s CPU, 0.000s wall-clock]
Instantiating...
Generating Datalog program... [0.000s CPU, 0.001s wall-clock]
Normalizing Datalog program...
Normalizing Datalog program: [0.000s CPU, 0.005s wall-clock]
Preparing model... [0.010s CPU, 0.003s wall-clock]
Generated 212 rules.
Computing model... [0.000s CPU, 0.003s wall-clock]
266 relevant atoms
272 auxiliary atoms
538 final queue length
620 total queue pushes
Completing instantiation... [0.000s CPU, 0.002s wall-clock]
Instantiating: [0.010s CPU, 0.015s wall-clock]
Computing fact groups...
Finding invariants...
20 initial candidates
Finding invariants: [0.010s CPU, 0.005s wall-clock]
Checking invariant weight... [0.000s CPU, 0.000s wall-clock]
Instantiating groups... [0.000s CPU, 0.000s wall-clock]
Collecting mutex groups... [0.000s CPU, 0.000s wall-clock]
Choosing groups...
39 uncovered facts
Choosing groups: [0.000s CPU, 0.000s wall-clock]
Building translation key... [0.000s CPU, 0.000s wall-clock]
Computing fact groups: [0.010s CPU, 0.007s wall-clock]
Building STRIPS to SAS dictionary... [0.000s CPU, 0.000s wall-clock]
Building dictionary for full mutex groups... [0.000s CPU, 0.000s wall-clock]
Building mutex information...
Building mutex information: [0.000s CPU, 0.000s wall-clock]
Translating task...
Processing axioms...
Simplifying axioms... [0.000s CPU, 0.000s wall-clock]
Translator axioms removed by simplifying: 0
Computing negative axioms... [0.000s CPU, 0.000s wall-clock]
Processing axioms: [0.000s CPU, 0.000s wall-clock]
Translating task: [0.000s CPU, 0.002s wall-clock]
21 effect conditions simplified
0 implied preconditions added
Detecting unreachable propositions...
0 operators removed
0 axioms removed
4 propositions removed
Detecting unreachable propositions: [0.000s CPU, 0.001s wall-clock]
Reordering and filtering variables...
32 of 40 variables necessary.
0 of 2 mutex groups necessary.
53 of 53 operators necessary.
0 of 0 axiom rules necessary.
Reordering and filtering variables: [0.010s CPU, 0.001s wall-clock]
Translator variables: 32
Translator derived variables: 0
Translator facts: 96
Translator goal facts: 12
Translator mutex groups: 0
Translator total mutex groups size: 0
Translator operators: 53
Translator axioms: 0
Translator task size: 432
Translator peak memory: 42524 KB
Writing output... [0.000s CPU, 0.001s wall-clock]
Done! [0.040s CPU, 0.034s wall-clock]
translate exit code: 0

INFO     Running search (release).
INFO     search stdin: output.sas
INFO     search time limit: 599.89s
INFO     search memory limit: 7000 MB
INFO     search command line string: /user/student.aau.dk/lkar18/downward-projects/downward/experiments/nopo_vs_nasutpo_vs_nelutpo/data/nopo_vs_nasutpo_vs_nelutpo/code-f7902f30c0f47512f07fb7c64cdaf652032f674a_e5e41175/builds/release/bin/downward --search 'astar(merge_and_shrink(op_mutex=op_mutex(use_previous_ops=NeLUTPO, reachability_strategy=goal)))' --internal-plan-file sas_plan < output.sas
[t=4.6574e-05s, 22344 KB] reading input...
[t=0.000483904s, 22344 KB] done reading input!
[t=0.00190945s, 22600 KB] Initializing merge-and-shrink heuristic...
[t=0.0019802s, 22600 KB] Running merge-and-shrink algorithm...
[t=0.00200045s, 22600 KB] Merge strategy options:
[t=0.00202171s, 22600 KB] Type: stateless
[t=0.00204264s, 22600 KB] Merge selector options:
[t=0.0020621s, 22600 KB] Name: score based filtering
[t=0.00208218s, 22600 KB] Merge scoring function:
[t=0.00210198s, 22600 KB] Name: goal relevance
[t=0.00212169s, 22600 KB] Merge scoring function:
[t=0.00214117s, 22600 KB] Name: dfp
[t=0.00216044s, 22600 KB] Merge scoring function:
[t=0.00217973s, 22600 KB] Name: total order
[t=0.00219929s, 22600 KB] Atomic transition system order: reverse level
[t=0.00221918s, 22600 KB] Product transition system order: new to old
[t=0.00223881s, 22600 KB] Consider atomic before product transition systems
[t=0.00225869s, 22600 KB] Random seed: -1

[t=0.00228089s, 22600 KB] Options related to size limits and shrinking: 
[t=0.00230121s, 22600 KB] Transition system size limit: 50000
[t=0.00232102s, 22600 KB] Transition system size limit right before merge: 50000
[t=0.00234063s, 22600 KB] Threshold to trigger shrinking right before merge: 1

[t=0.00236303s, 22600 KB] Pruning unreachable states: yes
[t=0.00238308s, 22600 KB] Pruning irrelevant states: yes

[t=0.00240597s, 22600 KB] Label reduction disabled

[t=0.00242859s, 22600 KB] Main loop max time in seconds: inf

[t=0.00245261s, 22600 KB] ===============================================================================
[t=0.00247239s, 22600 KB] WARNING! You did not enable label reduction.
This may drastically reduce the performance of merge-and-shrink!
[t=0.00249241s, 22600 KB] ===============================================================================

[t=0.00251518s, 22600 KB] Building atomic transition systems... 
[t=0.00288145s, 22996 KB] M&S algorithm timer: 0.000933507s (after computation of atomic factors)
[t=0.00293012s, 22996 KB] M&S algorithm timer: 0.000973216s (after pruning atomic factors)

[t=0.00296078s, 22996 KB] Starting main loop without a time limit.
[t=0.00306667s, 22996 KB] Next pair of indices: (5, 21)
[t=0.00309265s, 22996 KB] M&S algorithm main loop timer: 0.000151842s (after computation of next merge)
[t=0.00313609s, 22996 KB] M&S algorithm main loop timer: 0.000202476s (after merging)
[t=0.00316996s, 22996 KB] M&S algorithm main loop timer: 0.000229953s (after pruning)

[t=0.00319718s, 22996 KB] Operator mutex starting iteration 0
[t=0.00325638s, 22996 KB] In ts_0_0 of size 2 found num new op-mutexes 1
[t=0.00331191s, 22996 KB] In ts_0_1 of size 2 found num new op-mutexes 0
[t=0.00336098s, 22996 KB] In ts_0_2 of size 2 found num new op-mutexes 0
[t=0.00340727s, 22996 KB] In ts_0_3 of size 2 found num new op-mutexes 0
[t=0.00345274s, 22996 KB] In ts_0_4 of size 2 found num new op-mutexes 0
[t=0.00349748s, 22996 KB] In ts_0_6 of size 2 found num new op-mutexes 0
[t=0.00354226s, 22996 KB] In ts_0_7 of size 2 found num new op-mutexes 0
[t=0.00358713s, 22996 KB] In ts_0_8 of size 2 found num new op-mutexes 0
[t=0.00363152s, 22996 KB] In ts_0_9 of size 2 found num new op-mutexes 0
[t=0.0036852s, 22996 KB] In ts_0_10 of size 2 found num new op-mutexes 0
[t=0.0037307s, 22996 KB] In ts_0_11 of size 2 found num new op-mutexes 0
[t=0.00377585s, 22996 KB] In ts_0_12 of size 2 found num new op-mutexes 0
[t=0.00382052s, 22996 KB] In ts_0_13 of size 2 found num new op-mutexes 0
[t=0.00386818s, 22996 KB] In ts_0_14 of size 2 found num new op-mutexes 0
[t=0.00392894s, 22996 KB] In ts_0_15 of size 2 found num new op-mutexes 9
[t=0.00408076s, 22996 KB] In ts_0_16 of size 18 found num new op-mutexes 157
[t=0.00417433s, 22996 KB] In ts_0_17 of size 1 found num new op-mutexes 276
[t=0.00423766s, 22996 KB] In ts_0_18 of size 1 found num new op-mutexes 88
[t=0.00429679s, 22996 KB] In ts_0_19 of size 1 found num new op-mutexes 88
[t=0.0043506s, 22996 KB] In ts_0_20 of size 2 found num new op-mutexes 0
[t=0.0043964s, 22996 KB] In ts_0_22 of size 2 found num new op-mutexes 1
[t=0.00444507s, 22996 KB] In ts_0_23 of size 2 found num new op-mutexes 0
[t=0.00460542s, 22996 KB] In ts_0_24 of size 18 found num new op-mutexes 157
[t=0.00468724s, 22996 KB] In ts_0_25 of size 1 found num new op-mutexes 246
[t=0.00474752s, 22996 KB] In ts_0_26 of size 1 found num new op-mutexes 78
[t=0.00482673s, 22996 KB] In ts_0_27 of size 1 found num new op-mutexes 234
[t=0.00488597s, 22996 KB] In ts_0_28 of size 2 found num new op-mutexes 0
[t=0.00493227s, 22996 KB] In ts_0_29 of size 2 found num new op-mutexes 0
[t=0.00499705s, 22996 KB] In ts_0_30 of size 2 found num new op-mutexes 0
[t=0.00505541s, 22996 KB] In ts_0_31 of size 2 found num new op-mutexes 0
[t=0.00511308s, 22996 KB] In ts_0_32 of size 3 found num new op-mutexes 0
[t=0.0051441s, 22996 KB] Operator mutex finished iteration 0. Found an additional 1335 operator mutexes

[t=0.00524843s, 22996 KB] Next pair of indices: (0, 32)
[t=0.00527336s, 22996 KB] M&S algorithm main loop timer: 0.00233222s (after computation of next merge)
[t=0.0053172s, 22996 KB] M&S algorithm main loop timer: 0.0023809s (after merging)
[t=0.00534878s, 22996 KB] M&S algorithm main loop timer: 0.00240861s (after pruning)

[t=0.00537553s, 22996 KB] Operator mutex starting iteration 1
[t=0.00542104s, 22996 KB] In ts_1_1 of size 2 found num new op-mutexes 0
[t=0.00546869s, 22996 KB] In ts_1_2 of size 2 found num new op-mutexes 0
[t=0.00551484s, 22996 KB] In ts_1_3 of size 2 found num new op-mutexes 0
[t=0.00556018s, 22996 KB] In ts_1_4 of size 2 found num new op-mutexes 0
[t=0.00560535s, 22996 KB] In ts_1_6 of size 2 found num new op-mutexes 0
[t=0.00564968s, 22996 KB] In ts_1_7 of size 2 found num new op-mutexes 0
[t=0.00569966s, 22996 KB] In ts_1_8 of size 2 found num new op-mutexes 0
[t=0.00576872s, 22996 KB] In ts_1_9 of size 2 found num new op-mutexes 0
[t=0.00582043s, 22996 KB] In ts_1_10 of size 2 found num new op-mutexes 0
[t=0.00586886s, 22996 KB] In ts_1_11 of size 2 found num new op-mutexes 0
[t=0.00592371s, 22996 KB] In ts_1_12 of size 2 found num new op-mutexes 0
[t=0.00596798s, 22996 KB] In ts_1_13 of size 2 found num new op-mutexes 0
[t=0.0060257s, 22996 KB] In ts_1_14 of size 2 found num new op-mutexes 0
[t=0.00607247s, 22996 KB] In ts_1_15 of size 2 found num new op-mutexes 0
[t=0.00623208s, 22996 KB] In ts_1_16 of size 18 found num new op-mutexes 0
[t=0.00631431s, 22996 KB] In ts_1_17 of size 1 found num new op-mutexes 0
[t=0.00637257s, 22996 KB] In ts_1_18 of size 1 found num new op-mutexes 0
[t=0.00642777s, 22996 KB] In ts_1_19 of size 1 found num new op-mutexes 0
[t=0.00647785s, 22996 KB] In ts_1_20 of size 2 found num new op-mutexes 0
[t=0.00652208s, 22996 KB] In ts_1_22 of size 2 found num new op-mutexes 0
[t=0.00658066s, 22996 KB] In ts_1_23 of size 2 found num new op-mutexes 0
[t=0.00669872s, 22996 KB] Unusable transitions: 1
[t=0.0067329s, 22996 KB] (3 -3> 4)
[t=0.00688432s, 22996 KB] In ts_1_24 of size 18 found num new op-mutexes 380
[t=0.0069641s, 22996 KB] In ts_1_25 of size 1 found num new op-mutexes 0
[t=0.00702103s, 22996 KB] In ts_1_26 of size 1 found num new op-mutexes 0
[t=0.0070919s, 22996 KB] In ts_1_27 of size 1 found num new op-mutexes 0
[t=0.00714703s, 22996 KB] In ts_1_28 of size 2 found num new op-mutexes 0
[t=0.00719244s, 22996 KB] In ts_1_29 of size 2 found num new op-mutexes 0
[t=0.00723567s, 22996 KB] In ts_1_30 of size 2 found num new op-mutexes 0
[t=0.007278s, 22996 KB] In ts_1_31 of size 2 found num new op-mutexes 0
[t=0.00733029s, 22996 KB] In ts_1_33 of size 3 found num new op-mutexes 0
[t=0.00735661s, 22996 KB] Operator mutex finished iteration 1. Found an additional 380 operator mutexes

[t=0.0074492s, 22996 KB] Next pair of indices: (8, 20)
[t=0.00747361s, 22996 KB] M&S algorithm main loop timer: 0.00453234s (after computation of next merge)
[t=0.00751595s, 22996 KB] M&S algorithm main loop timer: 0.00457851s (after merging)

[t=0.00754639s, 22996 KB] Operator mutex starting iteration 2
[t=0.0075917s, 22996 KB] In ts_2_1 of size 2 found num new op-mutexes 0
[t=0.00763985s, 22996 KB] In ts_2_2 of size 2 found num new op-mutexes 0
[t=0.00768615s, 22996 KB] In ts_2_3 of size 2 found num new op-mutexes 0
[t=0.00773218s, 22996 KB] In ts_2_4 of size 2 found num new op-mutexes 0
[t=0.00777696s, 22996 KB] In ts_2_6 of size 2 found num new op-mutexes 0
[t=0.0078222s, 22996 KB] In ts_2_7 of size 2 found num new op-mutexes 0
[t=0.00787517s, 22996 KB] In ts_2_9 of size 2 found num new op-mutexes 0
[t=0.00792s, 22996 KB] In ts_2_10 of size 2 found num new op-mutexes 0
[t=0.00796669s, 22996 KB] In ts_2_11 of size 2 found num new op-mutexes 0
[t=0.00801143s, 22996 KB] In ts_2_12 of size 2 found num new op-mutexes 0
[t=0.00805572s, 22996 KB] In ts_2_13 of size 2 found num new op-mutexes 0
[t=0.00811146s, 22996 KB] In ts_2_14 of size 2 found num new op-mutexes 0
[t=0.00815819s, 22996 KB] In ts_2_15 of size 2 found num new op-mutexes 0
[t=0.00834917s, 22996 KB] In ts_2_16 of size 18 found num new op-mutexes 0
[t=0.0084424s, 22996 KB] In ts_2_17 of size 1 found num new op-mutexes 0
[t=0.00850037s, 22996 KB] In ts_2_18 of size 1 found num new op-mutexes 0
[t=0.00855564s, 22996 KB] In ts_2_19 of size 1 found num new op-mutexes 0
[t=0.00860161s, 22996 KB] In ts_2_22 of size 2 found num new op-mutexes 0
[t=0.00866053s, 22996 KB] In ts_2_23 of size 2 found num new op-mutexes 0
[t=0.00879088s, 22996 KB] Unusable transitions: 13
[t=0.00882257s, 22996 KB] (2 -20> 2)
[t=0.0088451s, 22996 KB] (2 -0> 3)
[t=0.0088656s, 22996 KB] (3 -20> 3)
[t=0.00888561s, 22996 KB] (3 -11> 4)
[t=0.00890628s, 22996 KB] (4 -20> 4)
[t=0.00892625s, 22996 KB] (4 -16> 5)
[t=0.00894641s, 22996 KB] (5 -20> 5)
[t=0.00896648s, 22996 KB] (5 -10> 6)
[t=0.00898628s, 22996 KB] (5 -9> 8)
[t=0.00900641s, 22996 KB] (6 -20> 6)
[t=0.00902671s, 22996 KB] (6 -17> 7)
[t=0.00904682s, 22996 KB] (7 -20> 7)
[t=0.00906678s, 22996 KB] (7 -18> 12)
[t=0.00918127s, 22996 KB] In ts_2_24 of size 18 found num new op-mutexes 112
[t=0.00925861s, 22996 KB] In ts_2_25 of size 1 found num new op-mutexes 0
[t=0.00931448s, 22996 KB] In ts_2_26 of size 1 found num new op-mutexes 0
[t=0.00939337s, 22996 KB] In ts_2_27 of size 1 found num new op-mutexes 0
[t=0.00944884s, 22996 KB] In ts_2_28 of size 2 found num new op-mutexes 0
[t=0.00949417s, 22996 KB] In ts_2_29 of size 2 found num new op-mutexes 0
[t=0.00953723s, 22996 KB] In ts_2_30 of size 2 found num new op-mutexes 0
[t=0.00957954s, 22996 KB] In ts_2_31 of size 2 found num new op-mutexes 0
[t=0.00963141s, 22996 KB] In ts_2_33 of size 3 found num new op-mutexes 0
[t=0.00969966s, 22996 KB] In ts_2_34 of size 4 found num new op-mutexes 0
[t=0.00972628s, 22996 KB] Operator mutex finished iteration 2. Found an additional 112 operator mutexes

[t=0.00982814s, 22996 KB] Next pair of indices: (1, 34)
[t=0.00985273s, 22996 KB] M&S algorithm main loop timer: 0.00691165s (after computation of next merge)
[t=0.00989918s, 22996 KB] M&S algorithm main loop timer: 0.00696214s (after merging)
[t=0.00993076s, 22996 KB] M&S algorithm main loop timer: 0.00699178s (after pruning)

[t=0.00995869s, 22996 KB] Operator mutex starting iteration 3
[t=0.0100041s, 22996 KB] In ts_3_2 of size 2 found num new op-mutexes 0
[t=0.0100505s, 22996 KB] In ts_3_3 of size 2 found num new op-mutexes 0
[t=0.0100953s, 22996 KB] In ts_3_4 of size 2 found num new op-mutexes 0
[t=0.0101401s, 22996 KB] In ts_3_6 of size 2 found num new op-mutexes 0
[t=0.0101843s, 22996 KB] In ts_3_7 of size 2 found num new op-mutexes 0
[t=0.0102359s, 22996 KB] In ts_3_9 of size 2 found num new op-mutexes 0
[t=0.0102804s, 22996 KB] In ts_3_10 of size 2 found num new op-mutexes 0
[t=0.0103262s, 22996 KB] In ts_3_11 of size 2 found num new op-mutexes 0
[t=0.01037s, 22996 KB] In ts_3_12 of size 2 found num new op-mutexes 0
[t=0.0104131s, 22996 KB] In ts_3_13 of size 2 found num new op-mutexes 0
[t=0.0104686s, 22996 KB] In ts_3_14 of size 2 found num new op-mutexes 0
[t=0.0105147s, 22996 KB] In ts_3_15 of size 2 found num new op-mutexes 0
[t=0.0106678s, 22996 KB] In ts_3_16 of size 18 found num new op-mutexes 0
[t=0.0107449s, 22996 KB] In ts_3_17 of size 1 found num new op-mutexes 0
[t=0.0108002s, 22996 KB] In ts_3_18 of size 1 found num new op-mutexes 0
[t=0.0108625s, 22996 KB] In ts_3_19 of size 1 found num new op-mutexes 0
[t=0.0109093s, 22996 KB] In ts_3_22 of size 2 found num new op-mutexes 0
[t=0.0109671s, 22996 KB] In ts_3_23 of size 2 found num new op-mutexes 0
[t=0.011191s, 22996 KB] In ts_3_24 of size 18 found num new op-mutexes 0
[t=0.0112683s, 22996 KB] In ts_3_25 of size 1 found num new op-mutexes 0
[t=0.0113242s, 22996 KB] In ts_3_26 of size 1 found num new op-mutexes 0
[t=0.011395s, 22996 KB] In ts_3_27 of size 1 found num new op-mutexes 0
[t=0.0114504s, 22996 KB] In ts_3_28 of size 2 found num new op-mutexes 0
[t=0.0114951s, 22996 KB] In ts_3_29 of size 2 found num new op-mutexes 0
[t=0.0115378s, 22996 KB] In ts_3_30 of size 2 found num new op-mutexes 0
[t=0.0115833s, 22996 KB] In ts_3_31 of size 2 found num new op-mutexes 0
[t=0.0116398s, 22996 KB] In ts_3_33 of size 3 found num new op-mutexes 0
[t=0.0117231s, 22996 KB] In ts_3_35 of size 4 found num new op-mutexes 0
[t=0.0117525s, 22996 KB] Operator mutex finished iteration 3. Found an additional 0 operator mutexes

[t=0.0118544s, 22996 KB] Next pair of indices: (2, 35)
[t=0.0118787s, 22996 KB] M&S algorithm main loop timer: 0.0089374s (after computation of next merge)
[t=0.0119238s, 22996 KB] M&S algorithm main loop timer: 0.008987s (after merging)
[t=0.0119558s, 22996 KB] M&S algorithm main loop timer: 0.00901586s (after pruning)

[t=0.0119828s, 22996 KB] Operator mutex starting iteration 4
[t=0.0120283s, 22996 KB] In ts_4_3 of size 2 found num new op-mutexes 0
[t=0.0120759s, 22996 KB] In ts_4_4 of size 2 found num new op-mutexes 0
[t=0.0121317s, 22996 KB] In ts_4_6 of size 2 found num new op-mutexes 0
[t=0.0121769s, 22996 KB] In ts_4_7 of size 2 found num new op-mutexes 0
[t=0.0122217s, 22996 KB] In ts_4_9 of size 2 found num new op-mutexes 0
[t=0.0122664s, 22996 KB] In ts_4_10 of size 2 found num new op-mutexes 0
[t=0.012313s, 22996 KB] In ts_4_11 of size 2 found num new op-mutexes 0
[t=0.0123576s, 22996 KB] In ts_4_12 of size 2 found num new op-mutexes 0
[t=0.0124016s, 22996 KB] In ts_4_13 of size 2 found num new op-mutexes 0
[t=0.0124577s, 22996 KB] In ts_4_14 of size 2 found num new op-mutexes 0
[t=0.01251s, 22996 KB] In ts_4_15 of size 2 found num new op-mutexes 0
[t=0.0126774s, 22996 KB] In ts_4_16 of size 18 found num new op-mutexes 0
[t=0.0127555s, 22996 KB] In ts_4_17 of size 1 found num new op-mutexes 0
[t=0.0128119s, 22996 KB] In ts_4_18 of size 1 found num new op-mutexes 0
[t=0.0128663s, 22996 KB] In ts_4_19 of size 1 found num new op-mutexes 0
[t=0.0129126s, 22996 KB] In ts_4_22 of size 2 found num new op-mutexes 0
[t=0.0129713s, 22996 KB] In ts_4_23 of size 2 found num new op-mutexes 0
[t=0.0131869s, 22996 KB] In ts_4_24 of size 18 found num new op-mutexes 0
[t=0.0132644s, 22996 KB] In ts_4_25 of size 1 found num new op-mutexes 0
[t=0.0133286s, 22996 KB] In ts_4_26 of size 1 found num new op-mutexes 0
[t=0.0134031s, 22996 KB] In ts_4_27 of size 1 found num new op-mutexes 0
[t=0.0134585s, 22996 KB] In ts_4_28 of size 2 found num new op-mutexes 0
[t=0.0135041s, 22996 KB] In ts_4_29 of size 2 found num new op-mutexes 0
[t=0.013547s, 22996 KB] In ts_4_30 of size 2 found num new op-mutexes 0
[t=0.0135891s, 22996 KB] In ts_4_31 of size 2 found num new op-mutexes 0
[t=0.0136503s, 22996 KB] In ts_4_33 of size 3 found num new op-mutexes 0
[t=0.0137227s, 22996 KB] In ts_4_36 of size 4 found num new op-mutexes 0
[t=0.01375s, 22996 KB] Operator mutex finished iteration 4. Found an additional 0 operator mutexes

[t=0.0138513s, 22996 KB] Next pair of indices: (3, 36)
[t=0.0138758s, 22996 KB] M&S algorithm main loop timer: 0.0109348s (after computation of next merge)
[t=0.0139229s, 22996 KB] M&S algorithm main loop timer: 0.0109861s (after merging)
[t=0.0139545s, 22996 KB] M&S algorithm main loop timer: 0.0110144s (after pruning)

[t=0.0139812s, 22996 KB] Operator mutex starting iteration 5
[t=0.0140261s, 22996 KB] In ts_5_4 of size 2 found num new op-mutexes 0
[t=0.0140738s, 22996 KB] In ts_5_6 of size 2 found num new op-mutexes 0
[t=0.0141188s, 22996 KB] In ts_5_7 of size 2 found num new op-mutexes 0
[t=0.0141815s, 22996 KB] In ts_5_9 of size 2 found num new op-mutexes 0
[t=0.0142324s, 22996 KB] In ts_5_10 of size 2 found num new op-mutexes 0
[t=0.0142806s, 22996 KB] In ts_5_11 of size 2 found num new op-mutexes 0
[t=0.0143248s, 22996 KB] In ts_5_12 of size 2 found num new op-mutexes 0
[t=0.0143684s, 22996 KB] In ts_5_13 of size 2 found num new op-mutexes 0
[t=0.0144245s, 22996 KB] In ts_5_14 of size 2 found num new op-mutexes 0
[t=0.0144712s, 22996 KB] In ts_5_15 of size 2 found num new op-mutexes 0
[t=0.0146312s, 22996 KB] In ts_5_16 of size 18 found num new op-mutexes 0
[t=0.0147093s, 22996 KB] In ts_5_17 of size 1 found num new op-mutexes 0
[t=0.0147655s, 22996 KB] In ts_5_18 of size 1 found num new op-mutexes 0
[t=0.0148198s, 22996 KB] In ts_5_19 of size 1 found num new op-mutexes 0
[t=0.014866s, 22996 KB] In ts_5_22 of size 2 found num new op-mutexes 0
[t=0.0149249s, 22996 KB] In ts_5_23 of size 2 found num new op-mutexes 0
[t=0.0151632s, 22996 KB] In ts_5_24 of size 18 found num new op-mutexes 0
[t=0.0152428s, 22996 KB] In ts_5_25 of size 1 found num new op-mutexes 0
[t=0.0153004s, 22996 KB] In ts_5_26 of size 1 found num new op-mutexes 0
[t=0.0153724s, 22996 KB] In ts_5_27 of size 1 found num new op-mutexes 0
[t=0.0154278s, 22996 KB] In ts_5_28 of size 2 found num new op-mutexes 0
[t=0.0154734s, 22996 KB] In ts_5_29 of size 2 found num new op-mutexes 0
[t=0.0155164s, 22996 KB] In ts_5_30 of size 2 found num new op-mutexes 0
[t=0.0155585s, 22996 KB] In ts_5_31 of size 2 found num new op-mutexes 0
[t=0.0156112s, 22996 KB] In ts_5_33 of size 3 found num new op-mutexes 0
[t=0.0156827s, 22996 KB] In ts_5_37 of size 4 found num new op-mutexes 0
[t=0.0157106s, 22996 KB] Operator mutex finished iteration 5. Found an additional 0 operator mutexes

[t=0.0158106s, 22996 KB] Next pair of indices: (4, 37)
[t=0.0158353s, 22996 KB] M&S algorithm main loop timer: 0.0128939s (after computation of next merge)
[t=0.0158821s, 22996 KB] M&S algorithm main loop timer: 0.0129452s (after merging)
[t=0.015914s, 22996 KB] M&S algorithm main loop timer: 0.0129737s (after pruning)

[t=0.015941s, 22996 KB] Operator mutex starting iteration 6
[t=0.0159869s, 22996 KB] In ts_6_6 of size 2 found num new op-mutexes 0
[t=0.0160446s, 22996 KB] In ts_6_7 of size 2 found num new op-mutexes 0
[t=0.0160904s, 22996 KB] In ts_6_9 of size 2 found num new op-mutexes 0
[t=0.0161358s, 22996 KB] In ts_6_10 of size 2 found num new op-mutexes 0
[t=0.0161838s, 22996 KB] In ts_6_11 of size 2 found num new op-mutexes 0
[t=0.0162284s, 22996 KB] In ts_6_12 of size 2 found num new op-mutexes 0
[t=0.0162726s, 22996 KB] In ts_6_13 of size 2 found num new op-mutexes 0
[t=0.0163289s, 22996 KB] In ts_6_14 of size 2 found num new op-mutexes 0
[t=0.0163758s, 22996 KB] In ts_6_15 of size 2 found num new op-mutexes 0
[t=0.0165296s, 22996 KB] In ts_6_16 of size 18 found num new op-mutexes 0
[t=0.0166073s, 22996 KB] In ts_6_17 of size 1 found num new op-mutexes 0
[t=0.016663s, 22996 KB] In ts_6_18 of size 1 found num new op-mutexes 0
[t=0.0167238s, 22996 KB] In ts_6_19 of size 1 found num new op-mutexes 0
[t=0.0167719s, 22996 KB] In ts_6_22 of size 2 found num new op-mutexes 0
[t=0.0168325s, 22996 KB] In ts_6_23 of size 2 found num new op-mutexes 0
[t=0.0170542s, 22996 KB] In ts_6_24 of size 18 found num new op-mutexes 0
[t=0.0171327s, 22996 KB] In ts_6_25 of size 1 found num new op-mutexes 0
[t=0.0171889s, 22996 KB] In ts_6_26 of size 1 found num new op-mutexes 0
[t=0.01726s, 22996 KB] In ts_6_27 of size 1 found num new op-mutexes 0
[t=0.0173153s, 22996 KB] In ts_6_28 of size 2 found num new op-mutexes 0
[t=0.017361s, 22996 KB] In ts_6_29 of size 2 found num new op-mutexes 0
[t=0.0174044s, 22996 KB] In ts_6_30 of size 2 found num new op-mutexes 0
[t=0.0174466s, 22996 KB] In ts_6_31 of size 2 found num new op-mutexes 0
[t=0.0174995s, 22996 KB] In ts_6_33 of size 3 found num new op-mutexes 0
[t=0.017571s, 22996 KB] In ts_6_38 of size 4 found num new op-mutexes 0
[t=0.0175983s, 22996 KB] Operator mutex finished iteration 6. Found an additional 0 operator mutexes

[t=0.0176966s, 22996 KB] Next pair of indices: (6, 38)
[t=0.0177208s, 22996 KB] M&S algorithm main loop timer: 0.0147793s (after computation of next merge)
[t=0.0177662s, 22996 KB] M&S algorithm main loop timer: 0.0148294s (after merging)
[t=0.0177981s, 22996 KB] M&S algorithm main loop timer: 0.0148582s (after pruning)

[t=0.0178251s, 22996 KB] Operator mutex starting iteration 7
[t=0.0178711s, 22996 KB] In ts_7_7 of size 2 found num new op-mutexes 0
[t=0.0179184s, 22996 KB] In ts_7_9 of size 2 found num new op-mutexes 0
[t=0.0179736s, 22996 KB] In ts_7_10 of size 2 found num new op-mutexes 0
[t=0.0180204s, 22996 KB] In ts_7_11 of size 2 found num new op-mutexes 0
[t=0.0180649s, 22996 KB] In ts_7_12 of size 2 found num new op-mutexes 0
[t=0.0181115s, 22996 KB] In ts_7_13 of size 2 found num new op-mutexes 0
[t=0.0181712s, 22996 KB] In ts_7_14 of size 2 found num new op-mutexes 0
[t=0.0182179s, 22996 KB] In ts_7_15 of size 2 found num new op-mutexes 0
[t=0.0183716s, 22996 KB] In ts_7_16 of size 18 found num new op-mutexes 0
[t=0.0184893s, 22996 KB] In ts_7_17 of size 1 found num new op-mutexes 0
[t=0.0185501s, 22996 KB] In ts_7_18 of size 1 found num new op-mutexes 0
[t=0.0186052s, 22996 KB] In ts_7_19 of size 1 found num new op-mutexes 0
[t=0.0186513s, 22996 KB] In ts_7_22 of size 2 found num new op-mutexes 0
[t=0.0187107s, 22996 KB] In ts_7_23 of size 2 found num new op-mutexes 0
[t=0.0189269s, 22996 KB] In ts_7_24 of size 18 found num new op-mutexes 0
[t=0.0190054s, 22996 KB] In ts_7_25 of size 1 found num new op-mutexes 0
[t=0.0190624s, 22996 KB] In ts_7_26 of size 1 found num new op-mutexes 0
[t=0.0191338s, 22996 KB] In ts_7_27 of size 1 found num new op-mutexes 0
[t=0.0191894s, 22996 KB] In ts_7_28 of size 2 found num new op-mutexes 0
[t=0.0192356s, 22996 KB] In ts_7_29 of size 2 found num new op-mutexes 0
[t=0.0192861s, 22996 KB] In ts_7_30 of size 2 found num new op-mutexes 0
[t=0.0193301s, 22996 KB] In ts_7_31 of size 2 found num new op-mutexes 0
[t=0.0193837s, 22996 KB] In ts_7_33 of size 3 found num new op-mutexes 0
[t=0.0194555s, 22996 KB] In ts_7_39 of size 4 found num new op-mutexes 0
[t=0.0194827s, 22996 KB] Operator mutex finished iteration 7. Found an additional 0 operator mutexes

[t=0.0195775s, 22996 KB] Next pair of indices: (7, 39)
[t=0.0196013s, 22996 KB] M&S algorithm main loop timer: 0.0166601s (after computation of next merge)
[t=0.0196474s, 22996 KB] M&S algorithm main loop timer: 0.0167105s (after merging)
[t=0.0196796s, 22996 KB] M&S algorithm main loop timer: 0.0167394s (after pruning)

[t=0.0197062s, 22996 KB] Operator mutex starting iteration 8
[t=0.0197512s, 22996 KB] In ts_8_9 of size 2 found num new op-mutexes 0
[t=0.0197976s, 22996 KB] In ts_8_10 of size 2 found num new op-mutexes 0
[t=0.0198454s, 22996 KB] In ts_8_11 of size 2 found num new op-mutexes 0
[t=0.0198898s, 22996 KB] In ts_8_12 of size 2 found num new op-mutexes 0
[t=0.0199338s, 22996 KB] In ts_8_13 of size 2 found num new op-mutexes 0
[t=0.0199898s, 22996 KB] In ts_8_14 of size 2 found num new op-mutexes 0
[t=0.020036s, 22996 KB] In ts_8_15 of size 2 found num new op-mutexes 0
[t=0.0201895s, 22996 KB] In ts_8_16 of size 18 found num new op-mutexes 0
[t=0.0202668s, 22996 KB] In ts_8_17 of size 1 found num new op-mutexes 0
[t=0.0203228s, 22996 KB] In ts_8_18 of size 1 found num new op-mutexes 0
[t=0.0203877s, 22996 KB] In ts_8_19 of size 1 found num new op-mutexes 0
[t=0.0204338s, 22996 KB] In ts_8_22 of size 2 found num new op-mutexes 0
[t=0.0204922s, 22996 KB] In ts_8_23 of size 2 found num new op-mutexes 0
[t=0.020708s, 22996 KB] In ts_8_24 of size 18 found num new op-mutexes 0
[t=0.0207858s, 22996 KB] In ts_8_25 of size 1 found num new op-mutexes 0
[t=0.020842s, 22996 KB] In ts_8_26 of size 1 found num new op-mutexes 0
[t=0.0209132s, 22996 KB] In ts_8_27 of size 1 found num new op-mutexes 0
[t=0.0209678s, 22996 KB] In ts_8_28 of size 2 found num new op-mutexes 0
[t=0.0210129s, 22996 KB] In ts_8_29 of size 2 found num new op-mutexes 0
[t=0.021056s, 22996 KB] In ts_8_30 of size 2 found num new op-mutexes 0
[t=0.021098s, 22996 KB] In ts_8_31 of size 2 found num new op-mutexes 0
[t=0.0211502s, 22996 KB] In ts_8_33 of size 3 found num new op-mutexes 0
[t=0.0212212s, 22996 KB] In ts_8_40 of size 4 found num new op-mutexes 0
[t=0.0212484s, 22996 KB] Operator mutex finished iteration 8. Found an additional 0 operator mutexes

[t=0.0213407s, 22996 KB] Next pair of indices: (9, 28)
[t=0.0213744s, 22996 KB] M&S algorithm main loop timer: 0.0184332s (after computation of next merge)
[t=0.0214158s, 22996 KB] M&S algorithm main loop timer: 0.0184783s (after merging)

[t=0.0214459s, 22996 KB] Operator mutex starting iteration 9
[t=0.0214907s, 22996 KB] In ts_9_10 of size 2 found num new op-mutexes 0
[t=0.0215402s, 22996 KB] In ts_9_11 of size 2 found num new op-mutexes 0
[t=0.0215863s, 22996 KB] In ts_9_12 of size 2 found num new op-mutexes 0
[t=0.0216309s, 22996 KB] In ts_9_13 of size 2 found num new op-mutexes 0
[t=0.0216869s, 22996 KB] In ts_9_14 of size 2 found num new op-mutexes 0
[t=0.0217337s, 22996 KB] In ts_9_15 of size 2 found num new op-mutexes 0
[t=0.0219037s, 22996 KB] In ts_9_16 of size 18 found num new op-mutexes 0
[t=0.0219831s, 22996 KB] In ts_9_17 of size 1 found num new op-mutexes 0
[t=0.0220396s, 22996 KB] In ts_9_18 of size 1 found num new op-mutexes 0
[t=0.0220937s, 22996 KB] In ts_9_19 of size 1 found num new op-mutexes 0
[t=0.0221394s, 22996 KB] In ts_9_22 of size 2 found num new op-mutexes 0
[t=0.0221982s, 22996 KB] In ts_9_23 of size 2 found num new op-mutexes 0
[t=0.0224162s, 22996 KB] In ts_9_24 of size 18 found num new op-mutexes 0
[t=0.0224944s, 22996 KB] In ts_9_25 of size 1 found num new op-mutexes 0
[t=0.0225507s, 22996 KB] In ts_9_26 of size 1 found num new op-mutexes 0
[t=0.0226221s, 22996 KB] In ts_9_27 of size 1 found num new op-mutexes 0
[t=0.0226691s, 22996 KB] In ts_9_29 of size 2 found num new op-mutexes 0
[t=0.0227182s, 22996 KB] In ts_9_30 of size 2 found num new op-mutexes 0
[t=0.0227663s, 22996 KB] In ts_9_31 of size 2 found num new op-mutexes 0
[t=0.0228202s, 22996 KB] In ts_9_33 of size 3 found num new op-mutexes 0
[t=0.0229008s, 22996 KB] In ts_9_40 of size 4 found num new op-mutexes 0
[t=0.0229692s, 22996 KB] In ts_9_41 of size 4 found num new op-mutexes 0
[t=0.0229961s, 22996 KB] Operator mutex finished iteration 9. Found an additional 0 operator mutexes

[t=0.0230913s, 22996 KB] Next pair of indices: (10, 41)
[t=0.0231157s, 22996 KB] M&S algorithm main loop timer: 0.0201743s (after computation of next merge)
[t=0.0231626s, 22996 KB] M&S algorithm main loop timer: 0.0202261s (after merging)
[t=0.0231938s, 22996 KB] M&S algorithm main loop timer: 0.0202535s (after pruning)

[t=0.0232203s, 22996 KB] Operator mutex starting iteration 10
[t=0.0232673s, 22996 KB] In ts_10_11 of size 2 found num new op-mutexes 0
[t=0.0233149s, 22996 KB] In ts_10_12 of size 2 found num new op-mutexes 0
[t=0.0233601s, 22996 KB] In ts_10_13 of size 2 found num new op-mutexes 0
[t=0.0234165s, 22996 KB] In ts_10_14 of size 2 found num new op-mutexes 0
[t=0.0234627s, 22996 KB] In ts_10_15 of size 2 found num new op-mutexes 0
[t=0.0236166s, 22996 KB] In ts_10_16 of size 18 found num new op-mutexes 0
[t=0.0236945s, 22996 KB] In ts_10_17 of size 1 found num new op-mutexes 0
[t=0.0237518s, 22996 KB] In ts_10_18 of size 1 found num new op-mutexes 0
[t=0.0238163s, 22996 KB] In ts_10_19 of size 1 found num new op-mutexes 0
[t=0.0238626s, 22996 KB] In ts_10_22 of size 2 found num new op-mutexes 0
[t=0.023921s, 22996 KB] In ts_10_23 of size 2 found num new op-mutexes 0
[t=0.0241344s, 22996 KB] In ts_10_24 of size 18 found num new op-mutexes 0
[t=0.0242126s, 22996 KB] In ts_10_25 of size 1 found num new op-mutexes 0
[t=0.0242692s, 22996 KB] In ts_10_26 of size 1 found num new op-mutexes 0
[t=0.0243401s, 22996 KB] In ts_10_27 of size 1 found num new op-mutexes 0
[t=0.0243872s, 22996 KB] In ts_10_29 of size 2 found num new op-mutexes 0
[t=0.0244304s, 22996 KB] In ts_10_30 of size 2 found num new op-mutexes 0
[t=0.024473s, 22996 KB] In ts_10_31 of size 2 found num new op-mutexes 0
[t=0.0245256s, 22996 KB] In ts_10_33 of size 3 found num new op-mutexes 0
[t=0.0245977s, 22996 KB] In ts_10_40 of size 4 found num new op-mutexes 0
[t=0.0246716s, 22996 KB] In ts_10_42 of size 4 found num new op-mutexes 0
[t=0.0246995s, 22996 KB] Operator mutex finished iteration 10. Found an additional 0 operator mutexes

[t=0.0247919s, 22996 KB] Next pair of indices: (11, 31)
[t=0.0248255s, 22996 KB] M&S algorithm main loop timer: 0.0218844s (after computation of next merge)
[t=0.0248658s, 22996 KB] M&S algorithm main loop timer: 0.0219284s (after merging)

[t=0.0248969s, 22996 KB] Operator mutex starting iteration 11
[t=0.0249454s, 22996 KB] In ts_11_12 of size 2 found num new op-mutexes 0
[t=0.0249924s, 22996 KB] In ts_11_13 of size 2 found num new op-mutexes 0
[t=0.0250489s, 22996 KB] In ts_11_14 of size 2 found num new op-mutexes 0
[t=0.0250983s, 22996 KB] In ts_11_15 of size 2 found num new op-mutexes 0
[t=0.0252726s, 22996 KB] In ts_11_16 of size 18 found num new op-mutexes 0
[t=0.0253629s, 22996 KB] In ts_11_17 of size 1 found num new op-mutexes 0
[t=0.0254205s, 22996 KB] In ts_11_18 of size 1 found num new op-mutexes 0
[t=0.0254748s, 22996 KB] In ts_11_19 of size 1 found num new op-mutexes 0
[t=0.0255203s, 22996 KB] In ts_11_22 of size 2 found num new op-mutexes 0
[t=0.0255788s, 22996 KB] In ts_11_23 of size 2 found num new op-mutexes 0
[t=0.025794s, 22996 KB] In ts_11_24 of size 18 found num new op-mutexes 0
[t=0.0258728s, 22996 KB] In ts_11_25 of size 1 found num new op-mutexes 0
[t=0.0259295s, 22996 KB] In ts_11_26 of size 1 found num new op-mutexes 0
[t=0.0260008s, 22996 KB] In ts_11_27 of size 1 found num new op-mutexes 0
[t=0.0260474s, 22996 KB] In ts_11_29 of size 2 found num new op-mutexes 0
[t=0.0260914s, 22996 KB] In ts_11_30 of size 2 found num new op-mutexes 0
[t=0.0261439s, 22996 KB] In ts_11_33 of size 3 found num new op-mutexes 0
[t=0.026215s, 22996 KB] In ts_11_40 of size 4 found num new op-mutexes 0
[t=0.0262978s, 22996 KB] In ts_11_42 of size 4 found num new op-mutexes 0
[t=0.0263691s, 22996 KB] In ts_11_43 of size 4 found num new op-mutexes 0
[t=0.0263961s, 22996 KB] Operator mutex finished iteration 11. Found an additional 0 operator mutexes

[t=0.0264905s, 22996 KB] Next pair of indices: (12, 43)
[t=0.0265148s, 22996 KB] M&S algorithm main loop timer: 0.0235736s (after computation of next merge)
[t=0.0265608s, 22996 KB] M&S algorithm main loop timer: 0.0236244s (after merging)
[t=0.0265926s, 22996 KB] M&S algorithm main loop timer: 0.0236526s (after pruning)

[t=0.0266193s, 22996 KB] Operator mutex starting iteration 12
[t=0.0266648s, 22996 KB] In ts_12_13 of size 2 found num new op-mutexes 0
[t=0.0267233s, 22996 KB] In ts_12_14 of size 2 found num new op-mutexes 0
[t=0.0267713s, 22996 KB] In ts_12_15 of size 2 found num new op-mutexes 0
[t=0.0269255s, 22996 KB] In ts_12_16 of size 18 found num new op-mutexes 0
[t=0.0270031s, 22996 KB] In ts_12_17 of size 1 found num new op-mutexes 0
[t=0.0270601s, 22996 KB] In ts_12_18 of size 1 found num new op-mutexes 0
[t=0.0271148s, 22996 KB] In ts_12_19 of size 1 found num new op-mutexes 0
[t=0.0271609s, 22996 KB] In ts_12_22 of size 2 found num new op-mutexes 0
[t=0.0272198s, 22996 KB] In ts_12_23 of size 2 found num new op-mutexes 0
[t=0.0274397s, 22996 KB] In ts_12_24 of size 18 found num new op-mutexes 0
[t=0.0275175s, 22996 KB] In ts_12_25 of size 1 found num new op-mutexes 0
[t=0.0275732s, 22996 KB] In ts_12_26 of size 1 found num new op-mutexes 0
[t=0.0276451s, 22996 KB] In ts_12_27 of size 1 found num new op-mutexes 0
[t=0.027692s, 22996 KB] In ts_12_29 of size 2 found num new op-mutexes 0
[t=0.0277355s, 22996 KB] In ts_12_30 of size 2 found num new op-mutexes 0
[t=0.0277886s, 22996 KB] In ts_12_33 of size 3 found num new op-mutexes 0
[t=0.0278678s, 22996 KB] In ts_12_40 of size 4 found num new op-mutexes 0
[t=0.0279443s, 22996 KB] In ts_12_42 of size 4 found num new op-mutexes 0
[t=0.0280114s, 22996 KB] In ts_12_44 of size 4 found num new op-mutexes 0
[t=0.0280388s, 22996 KB] Operator mutex finished iteration 12. Found an additional 0 operator mutexes

[t=0.0281297s, 22996 KB] Next pair of indices: (13, 44)
[t=0.0281534s, 22996 KB] M&S algorithm main loop timer: 0.0252125s (after computation of next merge)
[t=0.0281986s, 22996 KB] M&S algorithm main loop timer: 0.0252617s (after merging)
[t=0.0282297s, 22996 KB] M&S algorithm main loop timer: 0.0252966s (after pruning)

[t=0.0282634s, 22996 KB] Operator mutex starting iteration 13
[t=0.0283187s, 22996 KB] In ts_13_14 of size 2 found num new op-mutexes 0
[t=0.0283675s, 22996 KB] In ts_13_15 of size 2 found num new op-mutexes 0
[t=0.028522s, 22996 KB] In ts_13_16 of size 18 found num new op-mutexes 0
[t=0.0286008s, 22996 KB] In ts_13_17 of size 1 found num new op-mutexes 0
[t=0.0286578s, 22996 KB] In ts_13_18 of size 1 found num new op-mutexes 0
[t=0.028744s, 22996 KB] In ts_13_19 of size 1 found num new op-mutexes 0
[t=0.0288005s, 22996 KB] In ts_13_22 of size 2 found num new op-mutexes 0
[t=0.0288612s, 22996 KB] In ts_13_23 of size 2 found num new op-mutexes 0
[t=0.0290771s, 22996 KB] In ts_13_24 of size 18 found num new op-mutexes 0
[t=0.0291556s, 22996 KB] In ts_13_25 of size 1 found num new op-mutexes 0
[t=0.0292131s, 22996 KB] In ts_13_26 of size 1 found num new op-mutexes 0
[t=0.0292849s, 22996 KB] In ts_13_27 of size 1 found num new op-mutexes 0
[t=0.0293323s, 22996 KB] In ts_13_29 of size 2 found num new op-mutexes 0
[t=0.0293765s, 22996 KB] In ts_13_30 of size 2 found num new op-mutexes 0
[t=0.0294302s, 22996 KB] In ts_13_33 of size 3 found num new op-mutexes 0
[t=0.0295025s, 22996 KB] In ts_13_40 of size 4 found num new op-mutexes 0
[t=0.0295769s, 22996 KB] In ts_13_42 of size 4 found num new op-mutexes 0
[t=0.0296426s, 22996 KB] In ts_13_45 of size 4 found num new op-mutexes 0
[t=0.0296698s, 22996 KB] Operator mutex finished iteration 13. Found an additional 0 operator mutexes

[t=0.0297561s, 22996 KB] Next pair of indices: (14, 45)
[t=0.0297899s, 22996 KB] M&S algorithm main loop timer: 0.0268485s (after computation of next merge)
[t=0.0298377s, 22996 KB] M&S algorithm main loop timer: 0.0269009s (after merging)
[t=0.0298689s, 22996 KB] M&S algorithm main loop timer: 0.0269285s (after pruning)

[t=0.0298953s, 22996 KB] Operator mutex starting iteration 14
[t=0.0299395s, 22996 KB] In ts_14_15 of size 2 found num new op-mutexes 0
[t=0.0300953s, 22996 KB] In ts_14_16 of size 18 found num new op-mutexes 0
[t=0.0301742s, 22996 KB] In ts_14_17 of size 1 found num new op-mutexes 0
[t=0.0302308s, 22996 KB] In ts_14_18 of size 1 found num new op-mutexes 0
[t=0.0302847s, 22996 KB] In ts_14_19 of size 1 found num new op-mutexes 0
[t=0.0303306s, 22996 KB] In ts_14_22 of size 2 found num new op-mutexes 0
[t=0.0303892s, 22996 KB] In ts_14_23 of size 2 found num new op-mutexes 0
[t=0.0306134s, 22996 KB] In ts_14_24 of size 18 found num new op-mutexes 0
[t=0.0306928s, 22996 KB] In ts_14_25 of size 1 found num new op-mutexes 0
[t=0.0307587s, 22996 KB] In ts_14_26 of size 1 found num new op-mutexes 0
[t=0.0308297s, 22996 KB] In ts_14_27 of size 1 found num new op-mutexes 0
[t=0.0308761s, 22996 KB] In ts_14_29 of size 2 found num new op-mutexes 0
[t=0.0309196s, 22996 KB] In ts_14_30 of size 2 found num new op-mutexes 0
[t=0.0309725s, 22996 KB] In ts_14_33 of size 3 found num new op-mutexes 0
[t=0.0310437s, 22996 KB] In ts_14_40 of size 4 found num new op-mutexes 0
[t=0.0311182s, 22996 KB] In ts_14_42 of size 4 found num new op-mutexes 0
[t=0.031208s, 22996 KB] In ts_14_46 of size 5 found num new op-mutexes 0
[t=0.0312363s, 22996 KB] Operator mutex finished iteration 14. Found an additional 0 operator mutexes

[t=0.0313391s, 22996 KB] Next pair of indices: (15, 46)
[t=0.031369s, 22996 KB] M&S algorithm main loop timer: 0.0284287s (after computation of next merge)
[t=0.0314184s, 22996 KB] M&S algorithm main loop timer: 0.0284816s (after merging)
[t=0.0314496s, 22996 KB] M&S algorithm main loop timer: 0.0285092s (after pruning)

[t=0.0314762s, 22996 KB] Operator mutex starting iteration 15
[t=0.0316296s, 22996 KB] In ts_15_16 of size 18 found num new op-mutexes 0
[t=0.0317083s, 22996 KB] In ts_15_17 of size 1 found num new op-mutexes 0
[t=0.031774s, 22996 KB] In ts_15_18 of size 1 found num new op-mutexes 0
[t=0.0318289s, 22996 KB] In ts_15_19 of size 1 found num new op-mutexes 0
[t=0.0318753s, 22996 KB] In ts_15_22 of size 2 found num new op-mutexes 0
[t=0.0319344s, 22996 KB] In ts_15_23 of size 2 found num new op-mutexes 0
[t=0.0321493s, 22996 KB] In ts_15_24 of size 18 found num new op-mutexes 0
[t=0.0322408s, 22996 KB] In ts_15_25 of size 1 found num new op-mutexes 0
[t=0.0323s, 22996 KB] In ts_15_26 of size 1 found num new op-mutexes 0
[t=0.0323728s, 22996 KB] In ts_15_27 of size 1 found num new op-mutexes 0
[t=0.0324203s, 22996 KB] In ts_15_29 of size 2 found num new op-mutexes 0
[t=0.0324644s, 22996 KB] In ts_15_30 of size 2 found num new op-mutexes 0
[t=0.0325177s, 22996 KB] In ts_15_33 of size 3 found num new op-mutexes 0
[t=0.0325895s, 22996 KB] In ts_15_40 of size 4 found num new op-mutexes 0
[t=0.032667s, 22996 KB] In ts_15_42 of size 4 found num new op-mutexes 0
[t=0.03274s, 22996 KB] Unusable transitions: 1
[t=0.0327682s, 22996 KB] (3 -5> 4)
[t=0.0328147s, 22996 KB] In ts_15_47 of size 5 found num new op-mutexes 0
[t=0.0328418s, 22996 KB] Operator mutex finished iteration 15. Found an additional 0 operator mutexes

[t=0.0329213s, 22996 KB] Next pair of indices: (16, 29)
[t=0.0329454s, 22996 KB] M&S algorithm main loop timer: 0.0300038s (after computation of next merge)
[t=0.0330073s, 22996 KB] M&S algorithm main loop timer: 0.0300722s (after merging)
[t=0.0330437s, 22996 KB] M&S algorithm main loop timer: 0.0301047s (after pruning)

[t=0.033072s, 22996 KB] Operator mutex starting iteration 16
[t=0.033143s, 22996 KB] In ts_16_17 of size 1 found num new op-mutexes 0
[t=0.0331996s, 22996 KB] In ts_16_18 of size 1 found num new op-mutexes 0
[t=0.0332538s, 22996 KB] In ts_16_19 of size 1 found num new op-mutexes 0
[t=0.0332999s, 22996 KB] In ts_16_22 of size 2 found num new op-mutexes 0
[t=0.0333586s, 22996 KB] In ts_16_23 of size 2 found num new op-mutexes 0
[t=0.0335775s, 22996 KB] In ts_16_24 of size 18 found num new op-mutexes 0
[t=0.0336555s, 22996 KB] In ts_16_25 of size 1 found num new op-mutexes 0
[t=0.0337115s, 22996 KB] In ts_16_26 of size 1 found num new op-mutexes 0
[t=0.0337821s, 22996 KB] In ts_16_27 of size 1 found num new op-mutexes 0
[t=0.0338286s, 22996 KB] In ts_16_30 of size 2 found num new op-mutexes 0
[t=0.0338919s, 22996 KB] In ts_16_33 of size 3 found num new op-mutexes 0
[t=0.033966s, 22996 KB] In ts_16_40 of size 4 found num new op-mutexes 0
[t=0.0340486s, 22996 KB] In ts_16_42 of size 4 found num new op-mutexes 0
[t=0.0341381s, 22996 KB] In ts_16_47 of size 5 found num new op-mutexes 0
[t=0.0343024s, 22996 KB] In ts_16_48 of size 18 found num new op-mutexes 58
[t=0.0343329s, 22996 KB] Operator mutex finished iteration 16. Found an additional 58 operator mutexes

[t=0.034411s, 22996 KB] Next pair of indices: (22, 30)
[t=0.0344349s, 22996 KB] M&S algorithm main loop timer: 0.0314937s (after computation of next merge)
[t=0.0344732s, 22996 KB] M&S algorithm main loop timer: 0.0315351s (after merging)
[t=0.0345012s, 22996 KB] M&S algorithm main loop timer: 0.0315607s (after pruning)

[t=0.0345273s, 22996 KB] Operator mutex starting iteration 17
[t=0.0345977s, 22996 KB] In ts_17_17 of size 1 found num new op-mutexes 0
[t=0.0346543s, 22996 KB] In ts_17_18 of size 1 found num new op-mutexes 0
[t=0.0347083s, 22996 KB] In ts_17_19 of size 1 found num new op-mutexes 0
[t=0.034768s, 22996 KB] In ts_17_23 of size 2 found num new op-mutexes 0
[t=0.0349906s, 22996 KB] In ts_17_24 of size 18 found num new op-mutexes 0
[t=0.0350687s, 22996 KB] In ts_17_25 of size 1 found num new op-mutexes 0
[t=0.0351239s, 22996 KB] In ts_17_26 of size 1 found num new op-mutexes 0
[t=0.0351945s, 22996 KB] In ts_17_27 of size 1 found num new op-mutexes 0
[t=0.0352499s, 22996 KB] In ts_17_33 of size 3 found num new op-mutexes 0
[t=0.0353221s, 22996 KB] In ts_17_40 of size 4 found num new op-mutexes 0
[t=0.0353969s, 22996 KB] In ts_17_42 of size 4 found num new op-mutexes 0
[t=0.0354865s, 22996 KB] In ts_17_47 of size 5 found num new op-mutexes 0
[t=0.0356606s, 22996 KB] In ts_17_48 of size 18 found num new op-mutexes 0
[t=0.0357134s, 22996 KB] In ts_17_49 of size 2 found num new op-mutexes 0
[t=0.0357415s, 22996 KB] Operator mutex finished iteration 17. Found an additional 0 operator mutexes

[t=0.035818s, 22996 KB] Next pair of indices: (23, 47)
[t=0.035842s, 22996 KB] M&S algorithm main loop timer: 0.0329009s (after computation of next merge)
[t=0.0358932s, 22996 KB] M&S algorithm main loop timer: 0.0329568s (after merging)
[t=0.0359258s, 22996 KB] M&S algorithm main loop timer: 0.0329859s (after pruning)

[t=0.0359525s, 22996 KB] Operator mutex starting iteration 18
[t=0.036022s, 22996 KB] In ts_18_17 of size 1 found num new op-mutexes 0
[t=0.0360774s, 22996 KB] In ts_18_18 of size 1 found num new op-mutexes 0
[t=0.0361308s, 22996 KB] In ts_18_19 of size 1 found num new op-mutexes 0
[t=0.0363469s, 22996 KB] In ts_18_24 of size 18 found num new op-mutexes 0
[t=0.0364246s, 22996 KB] In ts_18_25 of size 1 found num new op-mutexes 0
[t=0.0364888s, 22996 KB] In ts_18_26 of size 1 found num new op-mutexes 0
[t=0.0365611s, 22996 KB] In ts_18_27 of size 1 found num new op-mutexes 0
[t=0.0366165s, 22996 KB] In ts_18_33 of size 3 found num new op-mutexes 0
[t=0.0366884s, 22996 KB] In ts_18_40 of size 4 found num new op-mutexes 0
[t=0.0367627s, 22996 KB] In ts_18_42 of size 4 found num new op-mutexes 0
[t=0.0369312s, 22996 KB] In ts_18_48 of size 18 found num new op-mutexes 0
[t=0.0369816s, 22996 KB] In ts_18_49 of size 2 found num new op-mutexes 0
[t=0.0371075s, 22996 KB] In ts_18_50 of size 8 found num new op-mutexes 0
[t=0.0371374s, 22996 KB] Operator mutex finished iteration 18. Found an additional 0 operator mutexes

[t=0.0372061s, 22996 KB] Next pair of indices: (24, 50)
[t=0.0372299s, 22996 KB] M&S algorithm main loop timer: 0.0342889s (after computation of next merge)
[t=0.0372766s, 22996 KB] M&S algorithm main loop timer: 0.0343374s (after shrinking)
[t=0.0373737s, 22996 KB] M&S algorithm main loop timer: 0.0344386s (after merging)
[t=0.0374166s, 22996 KB] M&S algorithm main loop timer: 0.0344872s (after pruning)

[t=0.0374543s, 22996 KB] Operator mutex starting iteration 19
[t=0.0375258s, 22996 KB] In ts_19_17 of size 1 found num new op-mutexes 0
[t=0.0375825s, 22996 KB] In ts_19_18 of size 1 found num new op-mutexes 0
[t=0.0376371s, 22996 KB] In ts_19_19 of size 1 found num new op-mutexes 0
[t=0.0377074s, 22996 KB] In ts_19_25 of size 1 found num new op-mutexes 0
[t=0.0377609s, 22996 KB] In ts_19_26 of size 1 found num new op-mutexes 0
[t=0.037831s, 22996 KB] In ts_19_27 of size 1 found num new op-mutexes 0
[t=0.0378866s, 22996 KB] In ts_19_33 of size 3 found num new op-mutexes 0
[t=0.037959s, 22996 KB] In ts_19_40 of size 4 found num new op-mutexes 0
[t=0.0380333s, 22996 KB] In ts_19_42 of size 4 found num new op-mutexes 0
[t=0.0381973s, 22996 KB] In ts_19_48 of size 18 found num new op-mutexes 0
[t=0.03825s, 22996 KB] In ts_19_49 of size 2 found num new op-mutexes 0
[t=0.0386609s, 22996 KB] In ts_19_51 of size 48 found num new op-mutexes 0
[t=0.0386981s, 22996 KB] Operator mutex finished iteration 19. Found an additional 0 operator mutexes

[t=0.0387668s, 22996 KB] Next pair of indices: (49, 51)
[t=0.0387914s, 22996 KB] M&S algorithm main loop timer: 0.0358505s (after computation of next merge)
[t=0.0389105s, 22996 KB] M&S algorithm main loop timer: 0.0359765s (after merging)
[t=0.0389552s, 22996 KB] M&S algorithm main loop timer: 0.0360176s (after pruning)

[t=0.038985s, 22996 KB] Operator mutex starting iteration 20
[t=0.0390572s, 22996 KB] In ts_20_17 of size 1 found num new op-mutexes 0
[t=0.0391276s, 22996 KB] In ts_20_18 of size 1 found num new op-mutexes 0
[t=0.0391889s, 22996 KB] In ts_20_19 of size 1 found num new op-mutexes 0
[t=0.0392609s, 22996 KB] In ts_20_25 of size 1 found num new op-mutexes 0
[t=0.0393151s, 22996 KB] In ts_20_26 of size 1 found num new op-mutexes 0
[t=0.0393854s, 22996 KB] In ts_20_27 of size 1 found num new op-mutexes 0
[t=0.039442s, 22996 KB] In ts_20_33 of size 3 found num new op-mutexes 0
[t=0.0395148s, 22996 KB] In ts_20_40 of size 4 found num new op-mutexes 0
[t=0.0395898s, 22996 KB] In ts_20_42 of size 4 found num new op-mutexes 0
[t=0.0397566s, 22996 KB] In ts_20_48 of size 18 found num new op-mutexes 0
[t=0.0401677s, 22996 KB] In ts_20_52 of size 45 found num new op-mutexes 86
[t=0.0402095s, 22996 KB] Operator mutex finished iteration 20. Found an additional 86 operator mutexes

[t=0.0402736s, 22996 KB] Next pair of indices: (48, 52)
[t=0.0402995s, 22996 KB] M&S algorithm main loop timer: 0.0373588s (after computation of next merge)
[t=0.0407056s, 23128 KB] M&S algorithm main loop timer: 0.0377762s (after merging)
[t=0.040792s, 23128 KB] M&S algorithm main loop timer: 0.0378599s (after pruning)

[t=0.0408275s, 23128 KB] Operator mutex starting iteration 21
[t=0.0409017s, 23128 KB] In ts_21_17 of size 1 found num new op-mutexes 0
[t=0.0409591s, 23128 KB] In ts_21_18 of size 1 found num new op-mutexes 0
[t=0.0410169s, 23128 KB] In ts_21_19 of size 1 found num new op-mutexes 0
[t=0.0410923s, 23128 KB] In ts_21_25 of size 1 found num new op-mutexes 0
[t=0.0411467s, 23128 KB] In ts_21_26 of size 1 found num new op-mutexes 0
[t=0.0412169s, 23128 KB] In ts_21_27 of size 1 found num new op-mutexes 0
[t=0.0412723s, 23128 KB] In ts_21_33 of size 3 found num new op-mutexes 0
[t=0.0413456s, 23128 KB] In ts_21_40 of size 4 found num new op-mutexes 0
[t=0.0414248s, 23128 KB] In ts_21_42 of size 4 found num new op-mutexes 0
[t=0.0421487s, 23128 KB] Unusable transitions: 21
[t=0.0422131s, 23128 KB] (101 -11> 102)
[t=0.0422419s, 23128 KB] (114 -10> 115)
[t=0.0422645s, 23128 KB] (114 -11> 115)
[t=0.0422908s, 23128 KB] (129 -11> 130)
[t=0.042316s, 23128 KB] (142 -10> 143)
[t=0.0423371s, 23128 KB] (142 -11> 143)
[t=0.0423638s, 23128 KB] (157 -11> 158)
[t=0.0423896s, 23128 KB] (170 -10> 171)
[t=0.0424106s, 23128 KB] (170 -11> 171)
[t=0.042438s, 23128 KB] (185 -11> 186)
[t=0.042465s, 23128 KB] (198 -10> 199)
[t=0.0424861s, 23128 KB] (198 -11> 199)
[t=0.0425151s, 23128 KB] (213 -11> 214)
[t=0.0425428s, 23128 KB] (226 -10> 227)
[t=0.0425638s, 23128 KB] (226 -11> 227)
[t=0.0426034s, 23128 KB] (241 -11> 242)
[t=0.0426364s, 23128 KB] (254 -10> 255)
[t=0.0426582s, 23128 KB] (254 -11> 255)
[t=0.0426865s, 23128 KB] (269 -11> 270)
[t=0.0427136s, 23128 KB] (283 -10> 284)
[t=0.0427345s, 23128 KB] (283 -11> 284)
[t=0.0439351s, 23128 KB] In ts_21_53 of size 290 found num new op-mutexes 234
[t=0.0439706s, 23128 KB] Operator mutex finished iteration 21. Found an additional 234 operator mutexes

[t=0.0440251s, 23128 KB] Next pair of indices: (42, 53)
[t=0.0440495s, 23128 KB] M&S algorithm main loop timer: 0.0411083s (after computation of next merge)
[t=0.0443817s, 23128 KB] M&S algorithm main loop timer: 0.0414569s (after shrinking)
[t=0.0446366s, 23128 KB] M&S algorithm main loop timer: 0.0417052s (after merging)
[t=0.0446981s, 23128 KB] M&S algorithm main loop timer: 0.0417638s (after pruning)

[t=0.0447313s, 23128 KB] Operator mutex starting iteration 22
[t=0.0448052s, 23128 KB] In ts_22_17 of size 1 found num new op-mutexes 0
[t=0.0448635s, 23128 KB] In ts_22_18 of size 1 found num new op-mutexes 0
[t=0.0449176s, 23128 KB] In ts_22_19 of size 1 found num new op-mutexes 0
[t=0.0449895s, 23128 KB] In ts_22_25 of size 1 found num new op-mutexes 0
[t=0.0450435s, 23128 KB] In ts_22_26 of size 1 found num new op-mutexes 0
[t=0.0451137s, 23128 KB] In ts_22_27 of size 1 found num new op-mutexes 0
[t=0.045169s, 23128 KB] In ts_22_33 of size 3 found num new op-mutexes 0
[t=0.0452417s, 23128 KB] In ts_22_40 of size 4 found num new op-mutexes 0
[t=0.0459189s, 23128 KB] In ts_22_54 of size 121 found num new op-mutexes 28
[t=0.0459579s, 23128 KB] Operator mutex finished iteration 22. Found an additional 28 operator mutexes

[t=0.0460057s, 23128 KB] Next pair of indices: (40, 54)
[t=0.0460299s, 23128 KB] M&S algorithm main loop timer: 0.0430891s (after computation of next merge)
[t=0.0462858s, 23128 KB] M&S algorithm main loop timer: 0.0433617s (after merging)
[t=0.0463541s, 23128 KB] M&S algorithm main loop timer: 0.0434207s (after pruning)

[t=0.0463887s, 23128 KB] Operator mutex starting iteration 23
[t=0.0464628s, 23128 KB] In ts_23_17 of size 1 found num new op-mutexes 0
[t=0.0465208s, 23128 KB] In ts_23_18 of size 1 found num new op-mutexes 0
[t=0.0465756s, 23128 KB] In ts_23_19 of size 1 found num new op-mutexes 0
[t=0.0466474s, 23128 KB] In ts_23_25 of size 1 found num new op-mutexes 0
[t=0.0467006s, 23128 KB] In ts_23_26 of size 1 found num new op-mutexes 0
[t=0.0467712s, 23128 KB] In ts_23_27 of size 1 found num new op-mutexes 0
[t=0.0468262s, 23128 KB] In ts_23_33 of size 3 found num new op-mutexes 0
[t=0.0475036s, 23128 KB] In ts_23_55 of size 121 found num new op-mutexes 38
[t=0.0475401s, 23128 KB] Operator mutex finished iteration 23. Found an additional 38 operator mutexes

[t=0.0475805s, 23128 KB] Next pair of indices: (33, 55)
[t=0.0476046s, 23128 KB] M&S algorithm main loop timer: 0.0446635s (after computation of next merge)
[t=0.0478095s, 23128 KB] M&S algorithm main loop timer: 0.0448797s (after merging)
[t=0.0478654s, 23128 KB] M&S algorithm main loop timer: 0.0449295s (after pruning)

[t=0.0478971s, 23128 KB] Operator mutex starting iteration 24
[t=0.0479696s, 23128 KB] In ts_24_17 of size 1 found num new op-mutexes 0
[t=0.0480273s, 23128 KB] In ts_24_18 of size 1 found num new op-mutexes 0
[t=0.0480897s, 23128 KB] In ts_24_19 of size 1 found num new op-mutexes 0
[t=0.0481628s, 23128 KB] In ts_24_25 of size 1 found num new op-mutexes 0
[t=0.0482153s, 23128 KB] In ts_24_26 of size 1 found num new op-mutexes 0
[t=0.0482959s, 23128 KB] In ts_24_27 of size 1 found num new op-mutexes 0
[t=0.0488564s, 23128 KB] In ts_24_56 of size 114 found num new op-mutexes 94
[t=0.0488928s, 23128 KB] Operator mutex finished iteration 24. Found an additional 94 operator mutexes

[t=0.048938s, 23128 KB] Next pair of indices: (17, 56)
[t=0.0489829s, 23128 KB] M&S algorithm main loop timer: 0.046047s (after computation of next merge)
[t=0.0491058s, 23128 KB] M&S algorithm main loop timer: 0.0461705s (after merging)

[t=0.0491452s, 23128 KB] Operator mutex starting iteration 25
[t=0.0492017s, 23128 KB] In ts_25_18 of size 1 found num new op-mutexes 0
[t=0.0492585s, 23128 KB] In ts_25_19 of size 1 found num new op-mutexes 0
[t=0.0493407s, 23128 KB] In ts_25_25 of size 1 found num new op-mutexes 0
[t=0.0493949s, 23128 KB] In ts_25_26 of size 1 found num new op-mutexes 0
[t=0.049466s, 23128 KB] In ts_25_27 of size 1 found num new op-mutexes 0
[t=0.0500689s, 23128 KB] In ts_25_57 of size 114 found num new op-mutexes 0
[t=0.0501075s, 23128 KB] Operator mutex finished iteration 25. Found an additional 0 operator mutexes

[t=0.0501511s, 23128 KB] Next pair of indices: (18, 57)
[t=0.0501752s, 23128 KB] M&S algorithm main loop timer: 0.0472339s (after computation of next merge)
[t=0.0502882s, 23128 KB] M&S algorithm main loop timer: 0.0473525s (after merging)

[t=0.050337s, 23128 KB] Operator mutex starting iteration 26
[t=0.0503925s, 23128 KB] In ts_26_19 of size 1 found num new op-mutexes 0
[t=0.0504673s, 23128 KB] In ts_26_25 of size 1 found num new op-mutexes 0
[t=0.0505214s, 23128 KB] In ts_26_26 of size 1 found num new op-mutexes 0
[t=0.0505926s, 23128 KB] In ts_26_27 of size 1 found num new op-mutexes 0
[t=0.0511658s, 23128 KB] In ts_26_58 of size 114 found num new op-mutexes 0
[t=0.051202s, 23128 KB] Operator mutex finished iteration 26. Found an additional 0 operator mutexes

[t=0.0512439s, 23128 KB] Next pair of indices: (19, 58)
[t=0.051268s, 23128 KB] M&S algorithm main loop timer: 0.0483274s (after computation of next merge)
[t=0.0513824s, 23128 KB] M&S algorithm main loop timer: 0.0484467s (after merging)

[t=0.0514211s, 23128 KB] Operator mutex starting iteration 27
[t=0.0514947s, 23128 KB] In ts_27_25 of size 1 found num new op-mutexes 0
[t=0.0515514s, 23128 KB] In ts_27_26 of size 1 found num new op-mutexes 0
[t=0.0516246s, 23128 KB] In ts_27_27 of size 1 found num new op-mutexes 0
[t=0.0522138s, 23128 KB] In ts_27_59 of size 114 found num new op-mutexes 0
[t=0.0522515s, 23128 KB] Operator mutex finished iteration 27. Found an additional 0 operator mutexes

[t=0.0522913s, 23128 KB] Next pair of indices: (25, 59)
[t=0.0523148s, 23128 KB] M&S algorithm main loop timer: 0.0493735s (after computation of next merge)
[t=0.0524298s, 23128 KB] M&S algorithm main loop timer: 0.0494943s (after merging)

[t=0.0524686s, 23128 KB] Operator mutex starting iteration 28
[t=0.0525237s, 23128 KB] In ts_28_26 of size 1 found num new op-mutexes 0
[t=0.0525985s, 23128 KB] In ts_28_27 of size 1 found num new op-mutexes 0
[t=0.0531746s, 23128 KB] In ts_28_60 of size 114 found num new op-mutexes 0
[t=0.0532106s, 23128 KB] Operator mutex finished iteration 28. Found an additional 0 operator mutexes

[t=0.0532482s, 23128 KB] Next pair of indices: (26, 60)
[t=0.0532717s, 23128 KB] M&S algorithm main loop timer: 0.0503302s (after computation of next merge)
[t=0.053385s, 23128 KB] M&S algorithm main loop timer: 0.0504496s (after merging)

[t=0.053424s, 23128 KB] Operator mutex starting iteration 29
[t=0.0535081s, 23128 KB] In ts_29_27 of size 1 found num new op-mutexes 0
[t=0.0540895s, 23128 KB] In ts_29_61 of size 114 found num new op-mutexes 0
[t=0.0541291s, 23128 KB] Operator mutex finished iteration 29. Found an additional 0 operator mutexes

[t=0.0541606s, 23128 KB] Next pair of indices: (27, 61)
[t=0.0541831s, 23128 KB] M&S algorithm main loop timer: 0.0512412s (after computation of next merge)
[t=0.0542959s, 23128 KB] M&S algorithm main loop timer: 0.0513606s (after merging)

[t=0.0543346s, 23128 KB] Operator mutex starting iteration 30
[t=0.0549078s, 23128 KB] In ts_30_62 of size 114 found num new op-mutexes 0
[t=0.0549478s, 23128 KB] Operator mutex finished iteration 30. Found an additional 0 operator mutexes

[t=0.0549775s, 23128 KB] End of merge-and-shrink algorithm, statistics:
[t=0.0549996s, 23128 KB] Main loop runtime: 0.0520587s
[t=0.0550223s, 23128 KB] Maximum intermediate abstraction size: 810
[t=0.0550427s, 23128 KB] Final peak memory increase of merge-and-shrink algorithm: 528 KB
[t=0.055076s, 23128 KB] Merge-and-shrink algorithm runtime: 0.0531146s

[t=0.0551001s, 23128 KB] Number of labels: 53
[t=0.0551195s, 23128 KB] Total number of operator mutexes: 2365
[t=0.0551395s, 23128 KB] Operator Mutex total time: 0.04452s
[t=0.0551637s, 23128 KB] Number of remaining factors: 1
[t=0.0551871s, 23128 KB] Number of factors kept: 1
[t=0.0552085s, 23128 KB] Done initializing merge-and-shrink heuristic.

[t=0.0553653s, 23128 KB] Building successor generator...done!
[t=0.0554752s, 23128 KB] peak memory difference for successor generator creation: 0 KB
[t=0.0554944s, 23128 KB] time for successor generation creation: 4.0296e-05s
[t=0.0555247s, 23128 KB] Variables: 32
[t=0.0555457s, 23128 KB] FactPairs: 96
[t=0.0555659s, 23128 KB] Bytes per state: 8
[t=0.0556942s, 23128 KB] Conducting best first search with reopening closed nodes, (real) bound = 2147483647
[t=0.0557532s, 23128 KB] New best heuristic value for merge_and_shrink(op_mutex = op_mutex(use_previous_ops = nelutpo, reachability_strategy = goal)): 438047
[t=0.0557785s, 23128 KB] g=0, 1 evaluated, 0 expanded
[t=0.0558015s, 23128 KB] f = 438047, 1 evaluated, 0 expanded
[t=0.0558261s, 23128 KB] Initial heuristic value for merge_and_shrink(op_mutex = op_mutex(use_previous_ops = nelutpo, reachability_strategy = goal)): 438047
[t=0.0558485s, 23128 KB] pruning method: none
[t=0.0558854s, 23128 KB] New best heuristic value for merge_and_shrink(op_mutex = op_mutex(use_previous_ops = nelutpo, reachability_strategy = goal)): 430047
[t=0.0559091s, 23128 KB] g=8000, 4 evaluated, 2 expanded
[t=0.0559414s, 23128 KB] New best heuristic value for merge_and_shrink(op_mutex = op_mutex(use_previous_ops = nelutpo, reachability_strategy = goal)): 427048
[t=0.0559643s, 23128 KB] g=10999, 7 evaluated, 3 expanded
[t=0.0559924s, 23128 KB] New best heuristic value for merge_and_shrink(op_mutex = op_mutex(use_previous_ops = nelutpo, reachability_strategy = goal)): 422047
[t=0.0560142s, 23128 KB] g=16000, 9 evaluated, 3 expanded
[t=0.056041s, 23128 KB] New best heuristic value for merge_and_shrink(op_mutex = op_mutex(use_previous_ops = nelutpo, reachability_strategy = goal)): 419048
[t=0.0560635s, 23128 KB] g=18999, 10 evaluated, 4 expanded
[t=0.0560927s, 23128 KB] New best heuristic value for merge_and_shrink(op_mutex = op_mutex(use_previous_ops = nelutpo, reachability_strategy = goal)): 411048
[t=0.0561153s, 23128 KB] g=26999, 12 evaluated, 5 expanded
[t=0.056145s, 23128 KB] New best heuristic value for merge_and_shrink(op_mutex = op_mutex(use_previous_ops = nelutpo, reachability_strategy = goal)): 187008
[t=0.0561683s, 23128 KB] g=251039, 14 evaluated, 6 expanded
[t=0.0562013s, 23128 KB] New best heuristic value for merge_and_shrink(op_mutex = op_mutex(use_previous_ops = nelutpo, reachability_strategy = goal)): 179008
[t=0.0562249s, 23128 KB] g=259039, 17 evaluated, 7 expanded
[t=0.056254s, 23128 KB] New best heuristic value for merge_and_shrink(op_mutex = op_mutex(use_previous_ops = nelutpo, reachability_strategy = goal)): 169009
[t=0.0562768s, 23128 KB] g=269038, 19 evaluated, 8 expanded
[t=0.0563068s, 23128 KB] New best heuristic value for merge_and_shrink(op_mutex = op_mutex(use_previous_ops = nelutpo, reachability_strategy = goal)): 167009
[t=0.0563295s, 23128 KB] g=271038, 22 evaluated, 9 expanded
[t=0.056358s, 23128 KB] New best heuristic value for merge_and_shrink(op_mutex = op_mutex(use_previous_ops = nelutpo, reachability_strategy = goal)): 53996
[t=0.0563807s, 23128 KB] g=384051, 24 evaluated, 10 expanded
[t=0.0564104s, 23128 KB] New best heuristic value for merge_and_shrink(op_mutex = op_mutex(use_previous_ops = nelutpo, reachability_strategy = goal)): 51996
[t=0.0564332s, 23128 KB] g=386051, 27 evaluated, 11 expanded
[t=0.0564613s, 23128 KB] New best heuristic value for merge_and_shrink(op_mutex = op_mutex(use_previous_ops = nelutpo, reachability_strategy = goal)): 49996
[t=0.056484s, 23128 KB] g=388051, 29 evaluated, 12 expanded
[t=0.0565109s, 23128 KB] New best heuristic value for merge_and_shrink(op_mutex = op_mutex(use_previous_ops = nelutpo, reachability_strategy = goal)): 31997
[t=0.0565334s, 23128 KB] g=406050, 30 evaluated, 13 expanded
[t=0.0565683s, 23128 KB] New best heuristic value for merge_and_shrink(op_mutex = op_mutex(use_previous_ops = nelutpo, reachability_strategy = goal)): 28998
[t=0.0565909s, 23128 KB] g=409049, 34 evaluated, 14 expanded
[t=0.0566177s, 23128 KB] New best heuristic value for merge_and_shrink(op_mutex = op_mutex(use_previous_ops = nelutpo, reachability_strategy = goal)): 18999
[t=0.05664s, 23128 KB] g=419048, 35 evaluated, 15 expanded
[t=0.0566681s, 23128 KB] New best heuristic value for merge_and_shrink(op_mutex = op_mutex(use_previous_ops = nelutpo, reachability_strategy = goal)): 16000
[t=0.0566908s, 23128 KB] g=422047, 37 evaluated, 16 expanded
[t=0.0567203s, 23128 KB] New best heuristic value for merge_and_shrink(op_mutex = op_mutex(use_previous_ops = nelutpo, reachability_strategy = goal)): 8000
[t=0.0567432s, 23128 KB] g=430047, 40 evaluated, 17 expanded
[t=0.0567713s, 23128 KB] New best heuristic value for merge_and_shrink(op_mutex = op_mutex(use_previous_ops = nelutpo, reachability_strategy = goal)): 0
[t=0.0568041s, 23128 KB] g=438047, 42 evaluated, 18 expanded
[t=0.0568364s, 23128 KB] Solution found!
[t=0.0568614s, 23128 KB] Actual search time: 0.00101003s
initialize  (0)
colorfeeder-feed-letter sheet2 (8000)
blackfeeder-feed-letter sheet1 (8000)
down-movebottom-letter sheet2 (2999)
colorcontainer-toime-letter sheet2 (8000)
colorprinter-simplex-letter sheet2 front image-2 (224040)
colorcontainer-fromime-letter sheet2 (8000)
up-moveup-letter sheet2 (9999)
blackcontainer-toime-letter sheet1 (2000)
blackprinter-simplex-letter sheet1 front image-1 (113013)
blackcontainer-fromime-letter sheet1 (2000)
endcap-move-letter sheet1 (2000)
htmoverblack-move-letter sheet1 (17999)
down-movetop-letter sheet1 (2999)
htmovercolor-move-letter sheet1 (9999)
up-movetop-letter sheet1 (2999)
finisher1-stack-letter sheet1 dummy-sheet (8000)
finisher1-stack-letter sheet2 sheet1 (8000)
[t=0.0568847s, 23128 KB] Plan length: 18 step(s).
[t=0.0568847s, 23128 KB] Plan cost: 438047
[t=0.0568847s, 23128 KB] Expanded 19 state(s).
[t=0.0568847s, 23128 KB] Reopened 0 state(s).
[t=0.0568847s, 23128 KB] Evaluated 43 state(s).
[t=0.0568847s, 23128 KB] Evaluations: 43
[t=0.0568847s, 23128 KB] Generated 42 state(s).
[t=0.0568847s, 23128 KB] Dead ends: 15 state(s).
[t=0.0568847s, 23128 KB] Expanded until last jump: 0 state(s).
[t=0.0568847s, 23128 KB] Reopened until last jump: 0 state(s).
[t=0.0568847s, 23128 KB] Evaluated until last jump: 1 state(s).
[t=0.0568847s, 23128 KB] Generated until last jump: 0 state(s).
[t=0.0568847s, 23128 KB] Number of registered states: 43
[t=0.0568847s, 23128 KB] Int hash set load factor: 43/64 = 0.671875
[t=0.0568847s, 23128 KB] Int hash set resizes: 6
[t=0.0568847s, 23128 KB] Search time: 0.00119159s
[t=0.0568847s, 23128 KB] Total time: 0.0568847s
Solution found.
Peak memory: 23128 KB
Remove intermediate file output.sas
search exit code: 0

INFO     Running validate.
INFO     validate stdin: None
INFO     validate time limit: None
INFO     validate memory limit: None
INFO     validate command line string: validate domain.pddl problem.pddl sas_plan
Checking plan: sas_plan
Plan executed successfully - checking goal
Plan valid
Final value: 438047 

Successful plans:
Value: 438047
 sas_plan 438047 

validate exit code: 0

