INFO     Running translator.
INFO     translator stdin: None
INFO     translator time limit: 599.96s
INFO     translator memory limit: 7000 MB
INFO     translator command line string: /usr/bin/python3 /user/student.aau.dk/lkar18/downward-projects/downward/experiments/nopo_vs_nasutpo_195p/data/nopo_vs_nasutpo/code-94571df14dfaf5b06207d9589b12facdd93f580c_e5e41175/builds/release/bin/translate/translate.py domain.pddl problem.pddl --sas-file output.sas
Parsing...
Parsing: [0.010s CPU, 0.005s wall-clock]
Normalizing task... [0.000s CPU, 0.000s wall-clock]
Instantiating...
Generating Datalog program... [0.000s CPU, 0.001s wall-clock]
Normalizing Datalog program...
Normalizing Datalog program: [0.010s CPU, 0.008s wall-clock]
Preparing model... [0.000s CPU, 0.004s wall-clock]
Generated 198 rules.
Computing model... [0.020s CPU, 0.020s wall-clock]
679 relevant atoms
1476 auxiliary atoms
2155 final queue length
3548 total queue pushes
Completing instantiation... [0.030s CPU, 0.023s wall-clock]
Instantiating: [0.060s CPU, 0.057s wall-clock]
Computing fact groups...
Finding invariants...
24 initial candidates
Finding invariants: [0.010s CPU, 0.014s wall-clock]
Checking invariant weight... [0.000s CPU, 0.000s wall-clock]
Instantiating groups... [0.000s CPU, 0.001s wall-clock]
Collecting mutex groups... [0.000s CPU, 0.000s wall-clock]
Choosing groups...
37 uncovered facts
Choosing groups: [0.000s CPU, 0.000s wall-clock]
Building translation key... [0.000s CPU, 0.000s wall-clock]
Computing fact groups: [0.010s CPU, 0.017s wall-clock]
Building STRIPS to SAS dictionary... [0.000s CPU, 0.000s wall-clock]
Building dictionary for full mutex groups... [0.000s CPU, 0.000s wall-clock]
Building mutex information...
Building mutex information: [0.000s CPU, 0.000s wall-clock]
Translating task...
Processing axioms...
Simplifying axioms... [0.000s CPU, 0.000s wall-clock]
Translator axioms removed by simplifying: 0
Computing negative axioms... [0.000s CPU, 0.000s wall-clock]
Processing axioms: [0.000s CPU, 0.001s wall-clock]
Translating task: [0.030s CPU, 0.023s wall-clock]
284 effect conditions simplified
0 implied preconditions added
Detecting unreachable propositions...
0 operators removed
0 axioms removed
19 propositions removed
Detecting unreachable propositions: [0.010s CPU, 0.011s wall-clock]
Reordering and filtering variables...
40 of 46 variables necessary.
12 of 19 mutex groups necessary.
428 of 428 operators necessary.
0 of 0 axiom rules necessary.
Reordering and filtering variables: [0.000s CPU, 0.005s wall-clock]
Translator variables: 40
Translator derived variables: 0
Translator facts: 103
Translator goal facts: 15
Translator mutex groups: 12
Translator total mutex groups size: 34
Translator operators: 428
Translator axioms: 0
Translator task size: 3584
Translator peak memory: 44628 KB
Writing output... [0.010s CPU, 0.007s wall-clock]
Done! [0.130s CPU, 0.128s wall-clock]
translate exit code: 0

INFO     Running search (release).
INFO     search stdin: output.sas
INFO     search time limit: 599.78s
INFO     search memory limit: 7000 MB
INFO     search command line string: /user/student.aau.dk/lkar18/downward-projects/downward/experiments/nopo_vs_nasutpo_195p/data/nopo_vs_nasutpo/code-94571df14dfaf5b06207d9589b12facdd93f580c_e5e41175/builds/release/bin/downward --search 'astar(merge_and_shrink(op_mutex=op_mutex(use_previous_ops=NoPO, reachability_strategy=goal)))' --internal-plan-file sas_plan < output.sas
[t=4.2311e-05s, 22344 KB] reading input...
[t=0.00231578s, 22468 KB] done reading input!
[t=0.0038553s, 22732 KB] Initializing merge-and-shrink heuristic...
[t=0.0039366s, 22732 KB] Running merge-and-shrink algorithm...
[t=0.00395609s, 22732 KB] Merge strategy options:
[t=0.00397648s, 22732 KB] Type: stateless
[t=0.00399599s, 22732 KB] Merge selector options:
[t=0.00401466s, 22732 KB] Name: score based filtering
[t=0.00403395s, 22732 KB] Merge scoring function:
[t=0.0040528s, 22732 KB] Name: goal relevance
[t=0.00407122s, 22732 KB] Merge scoring function:
[t=0.00408944s, 22732 KB] Name: dfp
[t=0.00410762s, 22732 KB] Merge scoring function:
[t=0.00412573s, 22732 KB] Name: total order
[t=0.00414418s, 22732 KB] Atomic transition system order: reverse level
[t=0.00416262s, 22732 KB] Product transition system order: new to old
[t=0.00418116s, 22732 KB] Consider atomic before product transition systems
[t=0.00419968s, 22732 KB] Random seed: -1

[t=0.00422015s, 22732 KB] Options related to size limits and shrinking: 
[t=0.00423967s, 22732 KB] Transition system size limit: 50000
[t=0.00425834s, 22732 KB] Transition system size limit right before merge: 50000
[t=0.00427713s, 22732 KB] Threshold to trigger shrinking right before merge: 1

[t=0.00430825s, 22732 KB] Pruning unreachable states: yes
[t=0.00432761s, 22732 KB] Pruning irrelevant states: yes

[t=0.00434893s, 22732 KB] Label reduction disabled

[t=0.00437059s, 22732 KB] Main loop max time in seconds: inf

[t=0.00439457s, 22732 KB] ===============================================================================
[t=0.00441428s, 22732 KB] WARNING! You did not enable label reduction.
This may drastically reduce the performance of merge-and-shrink!
[t=0.00443469s, 22732 KB] ===============================================================================

[t=0.00445742s, 22732 KB] Building atomic transition systems... 
[t=0.00652948s, 25868 KB] M&S algorithm timer: 0.00262904s (after computation of atomic factors)

[t=0.00658218s, 25868 KB] Starting main loop without a time limit.
[t=0.00700413s, 25868 KB] Next pair of indices: (0, 29)
[t=0.00703122s, 25868 KB] M&S algorithm main loop timer: 0.000468971s (after computation of next merge)
[t=0.00712406s, 25868 KB] M&S algorithm main loop timer: 0.000565079s (after merging)

[t=0.00715478s, 25868 KB] Operator mutex starting iteration 0

[t=0.00724738s, 25868 KB] In ts_0_1 of size 3 found num new op-mutexes 0

[t=0.00734002s, 25868 KB] In ts_0_2 of size 2 found num new op-mutexes 0

[t=0.00742806s, 25868 KB] In ts_0_3 of size 2 found num new op-mutexes 0

[t=0.00751351s, 25868 KB] In ts_0_4 of size 2 found num new op-mutexes 0

[t=0.00759779s, 25868 KB] In ts_0_5 of size 2 found num new op-mutexes 0

[t=0.0076811s, 25868 KB] In ts_0_6 of size 2 found num new op-mutexes 0

[t=0.00776379s, 25868 KB] In ts_0_7 of size 2 found num new op-mutexes 0

[t=0.00784647s, 25868 KB] In ts_0_8 of size 2 found num new op-mutexes 0

[t=0.0079294s, 25868 KB] In ts_0_9 of size 2 found num new op-mutexes 0

[t=0.00801234s, 25868 KB] In ts_0_10 of size 2 found num new op-mutexes 0

[t=0.00809469s, 25868 KB] In ts_0_11 of size 2 found num new op-mutexes 0

[t=0.00818678s, 25868 KB] In ts_0_12 of size 2 found num new op-mutexes 0

[t=0.00826857s, 25868 KB] In ts_0_13 of size 2 found num new op-mutexes 0

[t=0.00835079s, 25868 KB] In ts_0_14 of size 2 found num new op-mutexes 0

[t=0.00843271s, 25868 KB] In ts_0_15 of size 2 found num new op-mutexes 0

[t=0.00851433s, 25868 KB] In ts_0_16 of size 2 found num new op-mutexes 0

[t=0.0085959s, 25868 KB] In ts_0_17 of size 2 found num new op-mutexes 0

[t=0.00869299s, 25868 KB] In ts_0_18 of size 4 found num new op-mutexes 0

[t=0.00882727s, 25868 KB] In ts_0_19 of size 5 found num new op-mutexes 324

[t=0.00891717s, 25868 KB] In ts_0_20 of size 2 found num new op-mutexes 0

[t=0.00904468s, 25868 KB] In ts_0_21 of size 5 found num new op-mutexes 256

[t=0.00914663s, 25868 KB] In ts_0_22 of size 2 found num new op-mutexes 0

[t=0.00923352s, 25868 KB] In ts_0_23 of size 2 found num new op-mutexes 0

[t=0.00931847s, 25868 KB] In ts_0_24 of size 2 found num new op-mutexes 0

[t=0.00940357s, 25868 KB] In ts_0_25 of size 2 found num new op-mutexes 0

[t=0.00948699s, 25868 KB] In ts_0_26 of size 2 found num new op-mutexes 0

[t=0.00959488s, 25868 KB] In ts_0_27 of size 2 found num new op-mutexes 0

[t=0.00970318s, 25868 KB] In ts_0_28 of size 2 found num new op-mutexes 0

[t=0.00979086s, 25868 KB] In ts_0_30 of size 2 found num new op-mutexes 0

[t=0.0098744s, 25868 KB] In ts_0_31 of size 2 found num new op-mutexes 0

[t=0.00995728s, 25868 KB] In ts_0_32 of size 2 found num new op-mutexes 0

[t=0.0100459s, 25868 KB] In ts_0_33 of size 4 found num new op-mutexes 0

[t=0.0101379s, 25868 KB] In ts_0_34 of size 4 found num new op-mutexes 0

[t=0.0102799s, 25868 KB] In ts_0_35 of size 5 found num new op-mutexes 256

[t=0.0103889s, 25868 KB] In ts_0_36 of size 4 found num new op-mutexes 0

[t=0.0105243s, 26000 KB] In ts_0_37 of size 5 found num new op-mutexes 324

[t=0.0106164s, 26000 KB] In ts_0_38 of size 3 found num new op-mutexes 0

[t=0.0107031s, 26000 KB] In ts_0_39 of size 3 found num new op-mutexes 0

[t=0.0107995s, 26000 KB] In ts_0_40 of size 4 found num new op-mutexes 0
[t=0.0108325s, 26000 KB] Operator mutex finished iteration 0. Found an additional 1160 operator mutexes

[t=0.0112725s, 26000 KB] Next pair of indices: (1, 30)
[t=0.0112982s, 26000 KB] M&S algorithm main loop timer: 0.00473469s (after computation of next merge)
[t=0.0113793s, 26000 KB] M&S algorithm main loop timer: 0.00481947s (after merging)

[t=0.0114185s, 26000 KB] Operator mutex starting iteration 1

[t=0.0115017s, 26000 KB] In ts_1_2 of size 2 found num new op-mutexes 0

[t=0.0115977s, 26000 KB] In ts_1_3 of size 2 found num new op-mutexes 0

[t=0.011683s, 26000 KB] In ts_1_4 of size 2 found num new op-mutexes 0

[t=0.0117662s, 26000 KB] In ts_1_5 of size 2 found num new op-mutexes 0

[t=0.0118495s, 26000 KB] In ts_1_6 of size 2 found num new op-mutexes 0

[t=0.0119322s, 26000 KB] In ts_1_7 of size 2 found num new op-mutexes 0

[t=0.0120148s, 26000 KB] In ts_1_8 of size 2 found num new op-mutexes 0

[t=0.0121024s, 26000 KB] In ts_1_9 of size 2 found num new op-mutexes 0

[t=0.012189s, 26000 KB] In ts_1_10 of size 2 found num new op-mutexes 0

[t=0.0122728s, 26000 KB] In ts_1_11 of size 2 found num new op-mutexes 0

[t=0.0123549s, 26000 KB] In ts_1_12 of size 2 found num new op-mutexes 0

[t=0.0124472s, 26000 KB] In ts_1_13 of size 2 found num new op-mutexes 0

[t=0.0125286s, 26000 KB] In ts_1_14 of size 2 found num new op-mutexes 0

[t=0.0126108s, 26000 KB] In ts_1_15 of size 2 found num new op-mutexes 0

[t=0.0126924s, 26000 KB] In ts_1_16 of size 2 found num new op-mutexes 0

[t=0.0127741s, 26000 KB] In ts_1_17 of size 2 found num new op-mutexes 0

[t=0.0128624s, 26000 KB] In ts_1_18 of size 4 found num new op-mutexes 0

[t=0.0129948s, 26000 KB] In ts_1_19 of size 5 found num new op-mutexes 0

[t=0.0130865s, 26000 KB] In ts_1_20 of size 2 found num new op-mutexes 0

[t=0.0132046s, 26000 KB] In ts_1_21 of size 5 found num new op-mutexes 0

[t=0.0132919s, 26000 KB] In ts_1_22 of size 2 found num new op-mutexes 0

[t=0.0133761s, 26000 KB] In ts_1_23 of size 2 found num new op-mutexes 0

[t=0.0134595s, 26000 KB] In ts_1_24 of size 2 found num new op-mutexes 0

[t=0.0135432s, 26000 KB] In ts_1_25 of size 2 found num new op-mutexes 0

[t=0.0136263s, 26000 KB] In ts_1_26 of size 2 found num new op-mutexes 0

[t=0.0137089s, 26000 KB] In ts_1_27 of size 2 found num new op-mutexes 0

[t=0.013791s, 26000 KB] In ts_1_28 of size 2 found num new op-mutexes 0

[t=0.0138844s, 26000 KB] In ts_1_31 of size 2 found num new op-mutexes 0

[t=0.0139669s, 26000 KB] In ts_1_32 of size 2 found num new op-mutexes 0

[t=0.0140543s, 26000 KB] In ts_1_33 of size 4 found num new op-mutexes 0

[t=0.0141415s, 26000 KB] In ts_1_34 of size 4 found num new op-mutexes 0

[t=0.014253s, 26000 KB] In ts_1_35 of size 5 found num new op-mutexes 0

[t=0.0143418s, 26000 KB] In ts_1_36 of size 4 found num new op-mutexes 0

[t=0.0144504s, 26000 KB] In ts_1_37 of size 5 found num new op-mutexes 0

[t=0.0145377s, 26000 KB] In ts_1_38 of size 3 found num new op-mutexes 0

[t=0.0146295s, 26000 KB] In ts_1_39 of size 3 found num new op-mutexes 0

[t=0.0147254s, 26000 KB] In ts_1_40 of size 4 found num new op-mutexes 0

[t=0.0148263s, 26000 KB] In ts_1_41 of size 6 found num new op-mutexes 0
[t=0.0148601s, 26000 KB] Operator mutex finished iteration 1. Found an additional 0 operator mutexes

[t=0.0153016s, 26000 KB] Next pair of indices: (2, 31)
[t=0.015327s, 26000 KB] M&S algorithm main loop timer: 0.00876319s (after computation of next merge)
[t=0.0154097s, 26000 KB] M&S algorithm main loop timer: 0.0088505s (after merging)

[t=0.0154411s, 26000 KB] Operator mutex starting iteration 2

[t=0.0155279s, 26000 KB] In ts_2_3 of size 2 found num new op-mutexes 0

[t=0.015621s, 26000 KB] In ts_2_4 of size 2 found num new op-mutexes 0

[t=0.0157049s, 26000 KB] In ts_2_5 of size 2 found num new op-mutexes 0

[t=0.0157879s, 26000 KB] In ts_2_6 of size 2 found num new op-mutexes 0

[t=0.0158696s, 26000 KB] In ts_2_7 of size 2 found num new op-mutexes 0

[t=0.0159612s, 26000 KB] In ts_2_8 of size 2 found num new op-mutexes 0

[t=0.0160431s, 26000 KB] In ts_2_9 of size 2 found num new op-mutexes 0

[t=0.0161254s, 26000 KB] In ts_2_10 of size 2 found num new op-mutexes 0

[t=0.0162076s, 26000 KB] In ts_2_11 of size 2 found num new op-mutexes 0

[t=0.0162887s, 26000 KB] In ts_2_12 of size 2 found num new op-mutexes 0

[t=0.0163704s, 26000 KB] In ts_2_13 of size 2 found num new op-mutexes 0

[t=0.0164511s, 26000 KB] In ts_2_14 of size 2 found num new op-mutexes 0

[t=0.0165508s, 26000 KB] In ts_2_15 of size 2 found num new op-mutexes 0

[t=0.0166341s, 26000 KB] In ts_2_16 of size 2 found num new op-mutexes 0

[t=0.0167155s, 26000 KB] In ts_2_17 of size 2 found num new op-mutexes 0

[t=0.016803s, 26000 KB] In ts_2_18 of size 4 found num new op-mutexes 0

[t=0.0169249s, 26000 KB] In ts_2_19 of size 5 found num new op-mutexes 0

[t=0.017012s, 26000 KB] In ts_2_20 of size 2 found num new op-mutexes 0

[t=0.0171242s, 26000 KB] In ts_2_21 of size 5 found num new op-mutexes 0

[t=0.0172139s, 26000 KB] In ts_2_22 of size 2 found num new op-mutexes 0

[t=0.0173017s, 26000 KB] In ts_2_23 of size 2 found num new op-mutexes 0

[t=0.0173956s, 26000 KB] In ts_2_24 of size 2 found num new op-mutexes 0

[t=0.0174784s, 26000 KB] In ts_2_25 of size 2 found num new op-mutexes 0

[t=0.0175609s, 26000 KB] In ts_2_26 of size 2 found num new op-mutexes 0

[t=0.0176433s, 26000 KB] In ts_2_27 of size 2 found num new op-mutexes 0

[t=0.0177253s, 26000 KB] In ts_2_28 of size 2 found num new op-mutexes 0

[t=0.0178083s, 26000 KB] In ts_2_32 of size 2 found num new op-mutexes 0

[t=0.0178957s, 26000 KB] In ts_2_33 of size 4 found num new op-mutexes 0

[t=0.0179825s, 26000 KB] In ts_2_34 of size 4 found num new op-mutexes 0

[t=0.0181149s, 26000 KB] In ts_2_35 of size 5 found num new op-mutexes 0

[t=0.0182095s, 26000 KB] In ts_2_36 of size 4 found num new op-mutexes 0

[t=0.0183183s, 26000 KB] In ts_2_37 of size 5 found num new op-mutexes 0

[t=0.0184148s, 26000 KB] In ts_2_38 of size 3 found num new op-mutexes 0

[t=0.0184996s, 26000 KB] In ts_2_39 of size 3 found num new op-mutexes 0

[t=0.0185937s, 26000 KB] In ts_2_40 of size 4 found num new op-mutexes 0

[t=0.0186927s, 26000 KB] In ts_2_41 of size 6 found num new op-mutexes 0

[t=0.0187854s, 26000 KB] In ts_2_42 of size 4 found num new op-mutexes 0
[t=0.0188182s, 26000 KB] Operator mutex finished iteration 2. Found an additional 0 operator mutexes

[t=0.0192652s, 26000 KB] Next pair of indices: (3, 32)
[t=0.019292s, 26000 KB] M&S algorithm main loop timer: 0.0127286s (after computation of next merge)
[t=0.0193697s, 26000 KB] M&S algorithm main loop timer: 0.0128119s (after merging)

[t=0.0194017s, 26000 KB] Operator mutex starting iteration 3

[t=0.0194951s, 26000 KB] In ts_3_4 of size 2 found num new op-mutexes 0

[t=0.0195827s, 26000 KB] In ts_3_5 of size 2 found num new op-mutexes 0

[t=0.0196657s, 26000 KB] In ts_3_6 of size 2 found num new op-mutexes 0

[t=0.0197479s, 26000 KB] In ts_3_7 of size 2 found num new op-mutexes 0

[t=0.0198292s, 26000 KB] In ts_3_8 of size 2 found num new op-mutexes 0

[t=0.0199112s, 26000 KB] In ts_3_9 of size 2 found num new op-mutexes 0

[t=0.020028s, 26000 KB] In ts_3_10 of size 2 found num new op-mutexes 0

[t=0.0201116s, 26000 KB] In ts_3_11 of size 2 found num new op-mutexes 0

[t=0.0201926s, 26000 KB] In ts_3_12 of size 2 found num new op-mutexes 0

[t=0.0202734s, 26000 KB] In ts_3_13 of size 2 found num new op-mutexes 0

[t=0.0203539s, 26000 KB] In ts_3_14 of size 2 found num new op-mutexes 0

[t=0.0204347s, 26000 KB] In ts_3_15 of size 2 found num new op-mutexes 0

[t=0.0205151s, 26000 KB] In ts_3_16 of size 2 found num new op-mutexes 0

[t=0.0206022s, 26000 KB] In ts_3_17 of size 2 found num new op-mutexes 0

[t=0.0206967s, 26000 KB] In ts_3_18 of size 4 found num new op-mutexes 0

[t=0.0208234s, 26000 KB] In ts_3_19 of size 5 found num new op-mutexes 0

[t=0.0209107s, 26000 KB] In ts_3_20 of size 2 found num new op-mutexes 0

[t=0.0210327s, 26000 KB] In ts_3_21 of size 5 found num new op-mutexes 0

[t=0.0211182s, 26000 KB] In ts_3_22 of size 2 found num new op-mutexes 0

[t=0.0212011s, 26000 KB] In ts_3_23 of size 2 found num new op-mutexes 0

[t=0.0212845s, 26000 KB] In ts_3_24 of size 2 found num new op-mutexes 0

[t=0.0213667s, 26000 KB] In ts_3_25 of size 2 found num new op-mutexes 0

[t=0.0214484s, 26000 KB] In ts_3_26 of size 2 found num new op-mutexes 0

[t=0.0215304s, 26000 KB] In ts_3_27 of size 2 found num new op-mutexes 0

[t=0.0216118s, 26000 KB] In ts_3_28 of size 2 found num new op-mutexes 0

[t=0.0216989s, 26000 KB] In ts_3_33 of size 4 found num new op-mutexes 0

[t=0.0217853s, 26000 KB] In ts_3_34 of size 4 found num new op-mutexes 0

[t=0.0219041s, 26000 KB] In ts_3_35 of size 5 found num new op-mutexes 0

[t=0.0219919s, 26000 KB] In ts_3_36 of size 4 found num new op-mutexes 0

[t=0.0220997s, 26000 KB] In ts_3_37 of size 5 found num new op-mutexes 0

[t=0.0221864s, 26000 KB] In ts_3_38 of size 3 found num new op-mutexes 0

[t=0.0222707s, 26000 KB] In ts_3_39 of size 3 found num new op-mutexes 0

[t=0.0223643s, 26000 KB] In ts_3_40 of size 4 found num new op-mutexes 0

[t=0.0224744s, 26000 KB] In ts_3_41 of size 6 found num new op-mutexes 0

[t=0.022567s, 26000 KB] In ts_3_42 of size 4 found num new op-mutexes 0

[t=0.0226627s, 26000 KB] In ts_3_43 of size 4 found num new op-mutexes 0
[t=0.0226955s, 26000 KB] Operator mutex finished iteration 3. Found an additional 0 operator mutexes

[t=0.0231382s, 26000 KB] Next pair of indices: (4, 39)
[t=0.0231644s, 26000 KB] M&S algorithm main loop timer: 0.016601s (after computation of next merge)
[t=0.0232066s, 26000 KB] M&S algorithm main loop timer: 0.0166479s (after shrinking)
[t=0.0232838s, 26000 KB] M&S algorithm main loop timer: 0.016726s (after merging)

[t=0.0233267s, 26000 KB] Operator mutex starting iteration 4

[t=0.0234146s, 26000 KB] In ts_4_5 of size 2 found num new op-mutexes 0

[t=0.0235005s, 26000 KB] In ts_4_6 of size 2 found num new op-mutexes 0

[t=0.0235839s, 26000 KB] In ts_4_7 of size 2 found num new op-mutexes 0

[t=0.0236663s, 26000 KB] In ts_4_8 of size 2 found num new op-mutexes 0

[t=0.0237485s, 26000 KB] In ts_4_9 of size 2 found num new op-mutexes 0

[t=0.0238308s, 26000 KB] In ts_4_10 of size 2 found num new op-mutexes 0

[t=0.0239121s, 26000 KB] In ts_4_11 of size 2 found num new op-mutexes 0

[t=0.0239928s, 26000 KB] In ts_4_12 of size 2 found num new op-mutexes 0

[t=0.024085s, 26000 KB] In ts_4_13 of size 2 found num new op-mutexes 0

[t=0.0241658s, 26000 KB] In ts_4_14 of size 2 found num new op-mutexes 0

[t=0.0242471s, 26000 KB] In ts_4_15 of size 2 found num new op-mutexes 0

[t=0.0243278s, 26000 KB] In ts_4_16 of size 2 found num new op-mutexes 0

[t=0.0244087s, 26000 KB] In ts_4_17 of size 2 found num new op-mutexes 0

[t=0.0244963s, 26000 KB] In ts_4_18 of size 4 found num new op-mutexes 0

[t=0.024618s, 26000 KB] In ts_4_19 of size 5 found num new op-mutexes 0

[t=0.0247046s, 26000 KB] In ts_4_20 of size 2 found num new op-mutexes 0

[t=0.0248161s, 26000 KB] In ts_4_21 of size 5 found num new op-mutexes 0

[t=0.0249017s, 26000 KB] In ts_4_22 of size 2 found num new op-mutexes 0

[t=0.0249844s, 26000 KB] In ts_4_23 of size 2 found num new op-mutexes 0

[t=0.0250776s, 26000 KB] In ts_4_24 of size 2 found num new op-mutexes 0

[t=0.0251608s, 26000 KB] In ts_4_25 of size 2 found num new op-mutexes 0

[t=0.0252426s, 26000 KB] In ts_4_26 of size 2 found num new op-mutexes 0

[t=0.0253252s, 26000 KB] In ts_4_27 of size 2 found num new op-mutexes 0

[t=0.0254067s, 26000 KB] In ts_4_28 of size 2 found num new op-mutexes 0

[t=0.0254931s, 26000 KB] In ts_4_33 of size 4 found num new op-mutexes 0

[t=0.0255793s, 26000 KB] In ts_4_34 of size 4 found num new op-mutexes 0

[t=0.0256898s, 26000 KB] In ts_4_35 of size 5 found num new op-mutexes 0

[t=0.0257868s, 26000 KB] In ts_4_36 of size 4 found num new op-mutexes 0

[t=0.0258979s, 26000 KB] In ts_4_37 of size 5 found num new op-mutexes 0

[t=0.0259853s, 26000 KB] In ts_4_38 of size 3 found num new op-mutexes 0

[t=0.0260885s, 26000 KB] In ts_4_40 of size 4 found num new op-mutexes 0

[t=0.0261867s, 26000 KB] In ts_4_41 of size 6 found num new op-mutexes 0

[t=0.0262789s, 26000 KB] In ts_4_42 of size 4 found num new op-mutexes 0

[t=0.0263729s, 26000 KB] In ts_4_43 of size 4 found num new op-mutexes 0

[t=0.0264636s, 26000 KB] In ts_4_44 of size 4 found num new op-mutexes 0
[t=0.0264955s, 26000 KB] Operator mutex finished iteration 4. Found an additional 0 operator mutexes

[t=0.0270247s, 26000 KB] Next pair of indices: (5, 44)
[t=0.0270685s, 26000 KB] M&S algorithm main loop timer: 0.0205069s (after computation of next merge)
[t=0.0271471s, 26000 KB] M&S algorithm main loop timer: 0.0205931s (after merging)
[t=0.0271837s, 26000 KB] M&S algorithm main loop timer: 0.0206212s (after pruning)

[t=0.0272096s, 26000 KB] Operator mutex starting iteration 5

[t=0.0272977s, 26000 KB] In ts_5_6 of size 2 found num new op-mutexes 0

[t=0.0273856s, 26000 KB] In ts_5_7 of size 2 found num new op-mutexes 0

[t=0.0274701s, 26000 KB] In ts_5_8 of size 2 found num new op-mutexes 0

[t=0.0275618s, 26000 KB] In ts_5_9 of size 2 found num new op-mutexes 0

[t=0.0276451s, 26000 KB] In ts_5_10 of size 2 found num new op-mutexes 0

[t=0.0277278s, 26000 KB] In ts_5_11 of size 2 found num new op-mutexes 0

[t=0.0278099s, 26000 KB] In ts_5_12 of size 2 found num new op-mutexes 0

[t=0.0278921s, 26000 KB] In ts_5_13 of size 2 found num new op-mutexes 0

[t=0.0279743s, 26000 KB] In ts_5_14 of size 2 found num new op-mutexes 0

[t=0.0280564s, 26000 KB] In ts_5_15 of size 2 found num new op-mutexes 0

[t=0.0281381s, 26000 KB] In ts_5_16 of size 2 found num new op-mutexes 0

[t=0.0282198s, 26000 KB] In ts_5_17 of size 2 found num new op-mutexes 0

[t=0.0283081s, 26000 KB] In ts_5_18 of size 4 found num new op-mutexes 0

[t=0.0284297s, 26000 KB] In ts_5_19 of size 5 found num new op-mutexes 0

[t=0.0285278s, 26000 KB] In ts_5_20 of size 2 found num new op-mutexes 0

[t=0.0286402s, 26000 KB] In ts_5_21 of size 5 found num new op-mutexes 0

[t=0.028726s, 26000 KB] In ts_5_22 of size 2 found num new op-mutexes 0

[t=0.02881s, 26000 KB] In ts_5_23 of size 2 found num new op-mutexes 0

[t=0.0288938s, 26000 KB] In ts_5_24 of size 2 found num new op-mutexes 0

[t=0.0289774s, 26000 KB] In ts_5_25 of size 2 found num new op-mutexes 0

[t=0.0290604s, 26000 KB] In ts_5_26 of size 2 found num new op-mutexes 0

[t=0.0291431s, 26000 KB] In ts_5_27 of size 2 found num new op-mutexes 0

[t=0.0292289s, 26000 KB] In ts_5_28 of size 2 found num new op-mutexes 0

[t=0.0293211s, 26000 KB] In ts_5_33 of size 4 found num new op-mutexes 0

[t=0.0294085s, 26000 KB] In ts_5_34 of size 4 found num new op-mutexes 0

[t=0.0295211s, 26000 KB] In ts_5_35 of size 5 found num new op-mutexes 0

[t=0.0296105s, 26000 KB] In ts_5_36 of size 4 found num new op-mutexes 0

[t=0.0297194s, 26000 KB] In ts_5_37 of size 5 found num new op-mutexes 0

[t=0.0298073s, 26000 KB] In ts_5_38 of size 3 found num new op-mutexes 0

[t=0.0299019s, 26000 KB] In ts_5_40 of size 4 found num new op-mutexes 0

[t=0.0300023s, 26000 KB] In ts_5_41 of size 6 found num new op-mutexes 0

[t=0.0300962s, 26000 KB] In ts_5_42 of size 4 found num new op-mutexes 0

[t=0.0302323s, 26000 KB] In ts_5_43 of size 4 found num new op-mutexes 0

[t=0.0303386s, 26000 KB] In ts_5_45 of size 6 found num new op-mutexes 0
[t=0.0303732s, 26000 KB] Operator mutex finished iteration 5. Found an additional 0 operator mutexes

[t=0.0308188s, 26000 KB] Next pair of indices: (6, 45)
[t=0.030845s, 26000 KB] M&S algorithm main loop timer: 0.0242816s (after computation of next merge)
[t=0.0309262s, 26000 KB] M&S algorithm main loop timer: 0.024372s (after merging)

[t=0.0309624s, 26000 KB] Operator mutex starting iteration 6

[t=0.0310379s, 26000 KB] In ts_6_7 of size 2 found num new op-mutexes 0

[t=0.0311263s, 26000 KB] In ts_6_8 of size 2 found num new op-mutexes 0

[t=0.0312146s, 26000 KB] In ts_6_9 of size 2 found num new op-mutexes 0

[t=0.0312989s, 26000 KB] In ts_6_10 of size 2 found num new op-mutexes 0

[t=0.0313921s, 26000 KB] In ts_6_11 of size 2 found num new op-mutexes 0

[t=0.0314738s, 26000 KB] In ts_6_12 of size 2 found num new op-mutexes 0

[t=0.0315556s, 26000 KB] In ts_6_13 of size 2 found num new op-mutexes 0

[t=0.0316374s, 26000 KB] In ts_6_14 of size 2 found num new op-mutexes 0

[t=0.0317193s, 26000 KB] In ts_6_15 of size 2 found num new op-mutexes 0

[t=0.0318058s, 26000 KB] In ts_6_16 of size 2 found num new op-mutexes 0

[t=0.0318994s, 26000 KB] In ts_6_17 of size 2 found num new op-mutexes 0

[t=0.0319879s, 26000 KB] In ts_6_18 of size 4 found num new op-mutexes 0

[t=0.0321102s, 26000 KB] In ts_6_19 of size 5 found num new op-mutexes 0

[t=0.0321986s, 26000 KB] In ts_6_20 of size 2 found num new op-mutexes 0

[t=0.0323116s, 26000 KB] In ts_6_21 of size 5 found num new op-mutexes 0

[t=0.0323986s, 26000 KB] In ts_6_22 of size 2 found num new op-mutexes 0

[t=0.0324845s, 26000 KB] In ts_6_23 of size 2 found num new op-mutexes 0

[t=0.032569s, 26000 KB] In ts_6_24 of size 2 found num new op-mutexes 0

[t=0.0326536s, 26000 KB] In ts_6_25 of size 2 found num new op-mutexes 0

[t=0.0327373s, 26000 KB] In ts_6_26 of size 2 found num new op-mutexes 0

[t=0.0328304s, 26000 KB] In ts_6_27 of size 2 found num new op-mutexes 0

[t=0.0329139s, 26000 KB] In ts_6_28 of size 2 found num new op-mutexes 0

[t=0.0330026s, 26000 KB] In ts_6_33 of size 4 found num new op-mutexes 0

[t=0.0330907s, 26000 KB] In ts_6_34 of size 4 found num new op-mutexes 0

[t=0.0332036s, 26000 KB] In ts_6_35 of size 5 found num new op-mutexes 0

[t=0.0332929s, 26000 KB] In ts_6_36 of size 4 found num new op-mutexes 0

[t=0.0334029s, 26000 KB] In ts_6_37 of size 5 found num new op-mutexes 0

[t=0.0334916s, 26000 KB] In ts_6_38 of size 3 found num new op-mutexes 0

[t=0.0335869s, 26000 KB] In ts_6_40 of size 4 found num new op-mutexes 0

[t=0.0336996s, 26000 KB] In ts_6_41 of size 6 found num new op-mutexes 0

[t=0.0337941s, 26000 KB] In ts_6_42 of size 4 found num new op-mutexes 0

[t=0.0339001s, 26000 KB] In ts_6_43 of size 4 found num new op-mutexes 0

[t=0.0340301s, 26000 KB] In ts_6_46 of size 12 found num new op-mutexes 0
[t=0.0340665s, 26000 KB] Operator mutex finished iteration 6. Found an additional 0 operator mutexes

[t=0.0345133s, 26000 KB] Next pair of indices: (7, 46)
[t=0.0345406s, 26000 KB] M&S algorithm main loop timer: 0.0279781s (after computation of next merge)
[t=0.0346408s, 26000 KB] M&S algorithm main loop timer: 0.0280883s (after merging)

[t=0.0346797s, 26000 KB] Operator mutex starting iteration 7

[t=0.0347572s, 26000 KB] In ts_7_8 of size 2 found num new op-mutexes 0

[t=0.0348471s, 26000 KB] In ts_7_9 of size 2 found num new op-mutexes 0

[t=0.0349342s, 26000 KB] In ts_7_10 of size 2 found num new op-mutexes 0

[t=0.035019s, 26000 KB] In ts_7_11 of size 2 found num new op-mutexes 0

[t=0.0351033s, 26000 KB] In ts_7_12 of size 2 found num new op-mutexes 0

[t=0.0351873s, 26000 KB] In ts_7_13 of size 2 found num new op-mutexes 0

[t=0.0352934s, 26000 KB] In ts_7_14 of size 2 found num new op-mutexes 0

[t=0.0353833s, 26000 KB] In ts_7_15 of size 2 found num new op-mutexes 0

[t=0.0354768s, 26000 KB] In ts_7_16 of size 2 found num new op-mutexes 0

[t=0.0355607s, 26000 KB] In ts_7_17 of size 2 found num new op-mutexes 0

[t=0.0356513s, 26000 KB] In ts_7_18 of size 4 found num new op-mutexes 0

[t=0.0357751s, 26000 KB] In ts_7_19 of size 5 found num new op-mutexes 0

[t=0.0358637s, 26000 KB] In ts_7_20 of size 2 found num new op-mutexes 0

[t=0.0359778s, 26000 KB] In ts_7_21 of size 5 found num new op-mutexes 0

[t=0.036066s, 26000 KB] In ts_7_22 of size 2 found num new op-mutexes 0

[t=0.0361521s, 26000 KB] In ts_7_23 of size 2 found num new op-mutexes 0

[t=0.0362378s, 26000 KB] In ts_7_24 of size 2 found num new op-mutexes 0

[t=0.0363235s, 26000 KB] In ts_7_25 of size 2 found num new op-mutexes 0

[t=0.0364085s, 26000 KB] In ts_7_26 of size 2 found num new op-mutexes 0

[t=0.0365039s, 26000 KB] In ts_7_27 of size 2 found num new op-mutexes 0

[t=0.0365876s, 26000 KB] In ts_7_28 of size 2 found num new op-mutexes 0

[t=0.0366772s, 26000 KB] In ts_7_33 of size 4 found num new op-mutexes 0

[t=0.0367666s, 26000 KB] In ts_7_34 of size 4 found num new op-mutexes 0

[t=0.03688s, 26000 KB] In ts_7_35 of size 5 found num new op-mutexes 0

[t=0.0369705s, 26000 KB] In ts_7_36 of size 4 found num new op-mutexes 0

[t=0.0371026s, 26000 KB] In ts_7_37 of size 5 found num new op-mutexes 0

[t=0.0371947s, 26000 KB] In ts_7_38 of size 3 found num new op-mutexes 0

[t=0.0372911s, 26000 KB] In ts_7_40 of size 4 found num new op-mutexes 0

[t=0.0373929s, 26000 KB] In ts_7_41 of size 6 found num new op-mutexes 0

[t=0.0374873s, 26000 KB] In ts_7_42 of size 4 found num new op-mutexes 0

[t=0.0375842s, 26000 KB] In ts_7_43 of size 4 found num new op-mutexes 0

[t=0.0377919s, 26000 KB] In ts_7_47 of size 24 found num new op-mutexes 0
[t=0.0378403s, 26000 KB] Operator mutex finished iteration 7. Found an additional 0 operator mutexes

[t=0.0382717s, 26000 KB] Next pair of indices: (8, 47)
[t=0.038299s, 26000 KB] M&S algorithm main loop timer: 0.0317365s (after computation of next merge)
[t=0.0384408s, 26000 KB] M&S algorithm main loop timer: 0.0318845s (after merging)
[t=0.0384873s, 26000 KB] M&S algorithm main loop timer: 0.0319264s (after pruning)

[t=0.038515s, 26000 KB] Operator mutex starting iteration 8

[t=0.0385933s, 26000 KB] In ts_8_9 of size 2 found num new op-mutexes 0

[t=0.0386824s, 26000 KB] In ts_8_10 of size 2 found num new op-mutexes 0

[t=0.0387788s, 26000 KB] In ts_8_11 of size 2 found num new op-mutexes 0

[t=0.0388635s, 26000 KB] In ts_8_12 of size 2 found num new op-mutexes 0

[t=0.0389485s, 26000 KB] In ts_8_13 of size 2 found num new op-mutexes 0

[t=0.0390331s, 26000 KB] In ts_8_14 of size 2 found num new op-mutexes 0

[t=0.0391182s, 26000 KB] In ts_8_15 of size 2 found num new op-mutexes 0

[t=0.0392063s, 26000 KB] In ts_8_16 of size 2 found num new op-mutexes 0

[t=0.0392983s, 26000 KB] In ts_8_17 of size 2 found num new op-mutexes 0

[t=0.0393964s, 26000 KB] In ts_8_18 of size 4 found num new op-mutexes 0

[t=0.0395269s, 26000 KB] In ts_8_19 of size 5 found num new op-mutexes 0

[t=0.0396232s, 26000 KB] In ts_8_20 of size 2 found num new op-mutexes 0

[t=0.0397456s, 26000 KB] In ts_8_21 of size 5 found num new op-mutexes 0

[t=0.0398508s, 26000 KB] In ts_8_22 of size 2 found num new op-mutexes 0

[t=0.0399445s, 26000 KB] In ts_8_23 of size 2 found num new op-mutexes 0

[t=0.0400377s, 26000 KB] In ts_8_24 of size 2 found num new op-mutexes 0

[t=0.0401293s, 26000 KB] In ts_8_25 of size 2 found num new op-mutexes 0

[t=0.0402219s, 26000 KB] In ts_8_26 of size 2 found num new op-mutexes 0

[t=0.0403136s, 26000 KB] In ts_8_27 of size 2 found num new op-mutexes 0

[t=0.0404048s, 26000 KB] In ts_8_28 of size 2 found num new op-mutexes 0

[t=0.0405088s, 26000 KB] In ts_8_33 of size 4 found num new op-mutexes 0

[t=0.0406452s, 26000 KB] In ts_8_34 of size 4 found num new op-mutexes 0

[t=0.0407749s, 26000 KB] In ts_8_35 of size 5 found num new op-mutexes 0

[t=0.0408671s, 26000 KB] In ts_8_36 of size 4 found num new op-mutexes 0

[t=0.0409795s, 26000 KB] In ts_8_37 of size 5 found num new op-mutexes 0

[t=0.0410705s, 26000 KB] In ts_8_38 of size 3 found num new op-mutexes 0

[t=0.0411679s, 26000 KB] In ts_8_40 of size 4 found num new op-mutexes 0

[t=0.0412713s, 26000 KB] In ts_8_41 of size 6 found num new op-mutexes 0

[t=0.0413684s, 26000 KB] In ts_8_42 of size 4 found num new op-mutexes 0

[t=0.0414668s, 26000 KB] In ts_8_43 of size 4 found num new op-mutexes 0

[t=0.0417908s, 26000 KB] In ts_8_48 of size 40 found num new op-mutexes 0
[t=0.0418311s, 26000 KB] Operator mutex finished iteration 8. Found an additional 0 operator mutexes

[t=0.0422387s, 26000 KB] Next pair of indices: (9, 48)
[t=0.0422645s, 26000 KB] M&S algorithm main loop timer: 0.0357107s (after computation of next merge)
[t=0.0424682s, 26000 KB] M&S algorithm main loop timer: 0.0359111s (after merging)
[t=0.0425259s, 26000 KB] M&S algorithm main loop timer: 0.0359683s (after pruning)

[t=0.0425571s, 26000 KB] Operator mutex starting iteration 9

[t=0.0426347s, 26000 KB] In ts_9_10 of size 2 found num new op-mutexes 0

[t=0.0427248s, 26000 KB] In ts_9_11 of size 2 found num new op-mutexes 0

[t=0.0428125s, 26000 KB] In ts_9_12 of size 2 found num new op-mutexes 0

[t=0.0428996s, 26000 KB] In ts_9_13 of size 2 found num new op-mutexes 0

[t=0.0429856s, 26000 KB] In ts_9_14 of size 2 found num new op-mutexes 0

[t=0.0430801s, 26000 KB] In ts_9_15 of size 2 found num new op-mutexes 0

[t=0.043175s, 26000 KB] In ts_9_16 of size 2 found num new op-mutexes 0

[t=0.0432605s, 26000 KB] In ts_9_17 of size 2 found num new op-mutexes 0

[t=0.0433528s, 26000 KB] In ts_9_18 of size 4 found num new op-mutexes 0

[t=0.0434791s, 26000 KB] In ts_9_19 of size 5 found num new op-mutexes 0

[t=0.0435707s, 26000 KB] In ts_9_20 of size 2 found num new op-mutexes 0

[t=0.0436873s, 26000 KB] In ts_9_21 of size 5 found num new op-mutexes 0

[t=0.0437778s, 26000 KB] In ts_9_22 of size 2 found num new op-mutexes 0

[t=0.0438655s, 26000 KB] In ts_9_23 of size 2 found num new op-mutexes 0

[t=0.0439796s, 26000 KB] In ts_9_24 of size 2 found num new op-mutexes 0

[t=0.0440792s, 26000 KB] In ts_9_25 of size 2 found num new op-mutexes 0

[t=0.0441709s, 26000 KB] In ts_9_26 of size 2 found num new op-mutexes 0

[t=0.0442668s, 26000 KB] In ts_9_27 of size 2 found num new op-mutexes 0

[t=0.0443526s, 26000 KB] In ts_9_28 of size 2 found num new op-mutexes 0

[t=0.0444438s, 26000 KB] In ts_9_33 of size 4 found num new op-mutexes 0

[t=0.0445344s, 26000 KB] In ts_9_34 of size 4 found num new op-mutexes 0

[t=0.0446505s, 26000 KB] In ts_9_35 of size 5 found num new op-mutexes 0

[t=0.0447437s, 26000 KB] In ts_9_36 of size 4 found num new op-mutexes 0

[t=0.0448569s, 26000 KB] In ts_9_37 of size 5 found num new op-mutexes 0

[t=0.0449484s, 26000 KB] In ts_9_38 of size 3 found num new op-mutexes 0

[t=0.0450461s, 26000 KB] In ts_9_40 of size 4 found num new op-mutexes 0

[t=0.0451488s, 26000 KB] In ts_9_41 of size 6 found num new op-mutexes 0

[t=0.045254s, 26000 KB] In ts_9_42 of size 4 found num new op-mutexes 0

[t=0.0453535s, 26000 KB] In ts_9_43 of size 4 found num new op-mutexes 0

[t=0.0459593s, 26000 KB] In ts_9_49 of size 72 found num new op-mutexes 0
[t=0.0460022s, 26000 KB] Operator mutex finished iteration 9. Found an additional 0 operator mutexes

[t=0.0464153s, 26000 KB] Next pair of indices: (10, 33)
[t=0.0464423s, 26000 KB] M&S algorithm main loop timer: 0.0398789s (after computation of next merge)
[t=0.0465326s, 26000 KB] M&S algorithm main loop timer: 0.0399726s (after merging)

[t=0.0465654s, 26000 KB] Operator mutex starting iteration 10

[t=0.0466472s, 26000 KB] In ts_10_11 of size 2 found num new op-mutexes 0

[t=0.0467449s, 26000 KB] In ts_10_12 of size 2 found num new op-mutexes 0

[t=0.0468315s, 26000 KB] In ts_10_13 of size 2 found num new op-mutexes 0

[t=0.0469177s, 26000 KB] In ts_10_14 of size 2 found num new op-mutexes 0

[t=0.0470026s, 26000 KB] In ts_10_15 of size 2 found num new op-mutexes 0

[t=0.0470869s, 26000 KB] In ts_10_16 of size 2 found num new op-mutexes 0

[t=0.0471713s, 26000 KB] In ts_10_17 of size 2 found num new op-mutexes 0

[t=0.0472637s, 26000 KB] In ts_10_18 of size 4 found num new op-mutexes 0

[t=0.0473894s, 26000 KB] In ts_10_19 of size 5 found num new op-mutexes 0

[t=0.0474797s, 26000 KB] In ts_10_20 of size 2 found num new op-mutexes 0

[t=0.0476065s, 26000 KB] In ts_10_21 of size 5 found num new op-mutexes 0

[t=0.0476979s, 26000 KB] In ts_10_22 of size 2 found num new op-mutexes 0

[t=0.0477848s, 26000 KB] In ts_10_23 of size 2 found num new op-mutexes 0

[t=0.047881s, 26000 KB] In ts_10_24 of size 2 found num new op-mutexes 0

[t=0.0479674s, 26000 KB] In ts_10_25 of size 2 found num new op-mutexes 0

[t=0.0480531s, 26000 KB] In ts_10_26 of size 2 found num new op-mutexes 0

[t=0.0481381s, 26000 KB] In ts_10_27 of size 2 found num new op-mutexes 0

[t=0.0482228s, 26000 KB] In ts_10_28 of size 2 found num new op-mutexes 0

[t=0.048326s, 26000 KB] In ts_10_34 of size 4 found num new op-mutexes 0

[t=0.0484405s, 26000 KB] In ts_10_35 of size 5 found num new op-mutexes 0

[t=0.0485325s, 26000 KB] In ts_10_36 of size 4 found num new op-mutexes 0

[t=0.0486447s, 26000 KB] In ts_10_37 of size 5 found num new op-mutexes 0

[t=0.0487361s, 26000 KB] In ts_10_38 of size 3 found num new op-mutexes 0

[t=0.0488332s, 26000 KB] In ts_10_40 of size 4 found num new op-mutexes 0

[t=0.0489363s, 26000 KB] In ts_10_41 of size 6 found num new op-mutexes 0

[t=0.0490332s, 26000 KB] In ts_10_42 of size 4 found num new op-mutexes 0

[t=0.0491385s, 26000 KB] In ts_10_43 of size 4 found num new op-mutexes 0

[t=0.0497448s, 26000 KB] In ts_10_49 of size 72 found num new op-mutexes 0

[t=0.0498647s, 26000 KB] In ts_10_50 of size 8 found num new op-mutexes 0
[t=0.0499022s, 26000 KB] Operator mutex finished iteration 10. Found an additional 0 operator mutexes

[t=0.0502918s, 26000 KB] Next pair of indices: (11, 37)
[t=0.050318s, 26000 KB] M&S algorithm main loop timer: 0.0437544s (after computation of next merge)
[t=0.0504087s, 26000 KB] M&S algorithm main loop timer: 0.0438493s (after merging)
[t=0.05044s, 26000 KB] M&S algorithm main loop timer: 0.0438773s (after pruning)

[t=0.0504655s, 26000 KB] Operator mutex starting iteration 11

[t=0.0505472s, 26000 KB] In ts_11_12 of size 2 found num new op-mutexes 0

[t=0.0506355s, 26000 KB] In ts_11_13 of size 2 found num new op-mutexes 0

[t=0.0507209s, 26000 KB] In ts_11_14 of size 2 found num new op-mutexes 0

[t=0.0508063s, 26000 KB] In ts_11_15 of size 2 found num new op-mutexes 0

[t=0.0508907s, 26000 KB] In ts_11_16 of size 2 found num new op-mutexes 0

[t=0.0509743s, 26000 KB] In ts_11_17 of size 2 found num new op-mutexes 0

[t=0.0511029s, 26000 KB] In ts_11_18 of size 4 found num new op-mutexes 0

[t=0.0512337s, 26000 KB] In ts_11_19 of size 5 found num new op-mutexes 0

[t=0.0513239s, 26000 KB] In ts_11_20 of size 2 found num new op-mutexes 0

[t=0.0514472s, 26000 KB] In ts_11_21 of size 5 found num new op-mutexes 0

[t=0.0515357s, 26000 KB] In ts_11_22 of size 2 found num new op-mutexes 0

[t=0.051623s, 26000 KB] In ts_11_23 of size 2 found num new op-mutexes 0

[t=0.051709s, 26000 KB] In ts_11_24 of size 2 found num new op-mutexes 0

[t=0.0518119s, 26000 KB] In ts_11_25 of size 2 found num new op-mutexes 0

[t=0.0519074s, 26000 KB] In ts_11_26 of size 2 found num new op-mutexes 0

[t=0.051993s, 26000 KB] In ts_11_27 of size 2 found num new op-mutexes 0

[t=0.052078s, 26000 KB] In ts_11_28 of size 2 found num new op-mutexes 0

[t=0.0521683s, 26000 KB] In ts_11_34 of size 4 found num new op-mutexes 0

[t=0.0522818s, 26000 KB] In ts_11_35 of size 5 found num new op-mutexes 0

[t=0.0523734s, 26000 KB] In ts_11_36 of size 4 found num new op-mutexes 0

[t=0.0524631s, 26000 KB] In ts_11_38 of size 3 found num new op-mutexes 0

[t=0.0525598s, 26000 KB] In ts_11_40 of size 4 found num new op-mutexes 0

[t=0.0526857s, 26000 KB] In ts_11_41 of size 6 found num new op-mutexes 0

[t=0.0527912s, 26000 KB] In ts_11_42 of size 4 found num new op-mutexes 0

[t=0.0528896s, 26000 KB] In ts_11_43 of size 4 found num new op-mutexes 0

[t=0.0534761s, 26000 KB] In ts_11_49 of size 72 found num new op-mutexes 0

[t=0.0535961s, 26000 KB] In ts_11_50 of size 8 found num new op-mutexes 0

[t=0.0537246s, 26000 KB] In ts_11_51 of size 9 found num new op-mutexes 0
[t=0.0537611s, 26000 KB] Operator mutex finished iteration 11. Found an additional 0 operator mutexes

[t=0.0541512s, 26000 KB] Next pair of indices: (12, 36)
[t=0.0541775s, 26000 KB] M&S algorithm main loop timer: 0.047614s (after computation of next merge)
[t=0.0542657s, 26000 KB] M&S algorithm main loop timer: 0.0477058s (after merging)

[t=0.0542957s, 26000 KB] Operator mutex starting iteration 12

[t=0.0543779s, 26000 KB] In ts_12_13 of size 2 found num new op-mutexes 0

[t=0.0544652s, 26000 KB] In ts_12_14 of size 2 found num new op-mutexes 0

[t=0.0545505s, 26000 KB] In ts_12_15 of size 2 found num new op-mutexes 0

[t=0.0546473s, 26000 KB] In ts_12_16 of size 2 found num new op-mutexes 0

[t=0.0547357s, 26000 KB] In ts_12_17 of size 2 found num new op-mutexes 0

[t=0.0548291s, 26000 KB] In ts_12_18 of size 4 found num new op-mutexes 0

[t=0.0549631s, 26000 KB] In ts_12_19 of size 5 found num new op-mutexes 0

[t=0.0550532s, 26000 KB] In ts_12_20 of size 2 found num new op-mutexes 0

[t=0.0551674s, 26000 KB] In ts_12_21 of size 5 found num new op-mutexes 0

[t=0.0552562s, 26000 KB] In ts_12_22 of size 2 found num new op-mutexes 0

[t=0.0553476s, 26000 KB] In ts_12_23 of size 2 found num new op-mutexes 0

[t=0.0554468s, 26000 KB] In ts_12_24 of size 2 found num new op-mutexes 0

[t=0.0555326s, 26000 KB] In ts_12_25 of size 2 found num new op-mutexes 0

[t=0.0556177s, 26000 KB] In ts_12_26 of size 2 found num new op-mutexes 0

[t=0.0557018s, 26000 KB] In ts_12_27 of size 2 found num new op-mutexes 0

[t=0.0557857s, 26000 KB] In ts_12_28 of size 2 found num new op-mutexes 0

[t=0.0558747s, 26000 KB] In ts_12_34 of size 4 found num new op-mutexes 0

[t=0.0559885s, 26000 KB] In ts_12_35 of size 5 found num new op-mutexes 0

[t=0.0560783s, 26000 KB] In ts_12_38 of size 3 found num new op-mutexes 0

[t=0.0561742s, 26000 KB] In ts_12_40 of size 4 found num new op-mutexes 0

[t=0.0562771s, 26000 KB] In ts_12_41 of size 6 found num new op-mutexes 0

[t=0.0563735s, 26000 KB] In ts_12_42 of size 4 found num new op-mutexes 0

[t=0.0564816s, 26000 KB] In ts_12_43 of size 4 found num new op-mutexes 0

[t=0.057072s, 26000 KB] In ts_12_49 of size 72 found num new op-mutexes 0

[t=0.0571908s, 26000 KB] In ts_12_50 of size 8 found num new op-mutexes 0

[t=0.0573175s, 26000 KB] In ts_12_51 of size 9 found num new op-mutexes 0

[t=0.0574247s, 26000 KB] In ts_12_52 of size 8 found num new op-mutexes 0
[t=0.0574598s, 26000 KB] Operator mutex finished iteration 12. Found an additional 0 operator mutexes

[t=0.0578491s, 26000 KB] Next pair of indices: (13, 52)
[t=0.0578748s, 26000 KB] M&S algorithm main loop timer: 0.0513114s (after computation of next merge)
[t=0.0579842s, 26000 KB] M&S algorithm main loop timer: 0.0514259s (after merging)

[t=0.058017s, 26000 KB] Operator mutex starting iteration 13

[t=0.0581061s, 26000 KB] In ts_13_14 of size 2 found num new op-mutexes 0

[t=0.0581989s, 26000 KB] In ts_13_15 of size 2 found num new op-mutexes 0

[t=0.0582937s, 26000 KB] In ts_13_16 of size 2 found num new op-mutexes 0

[t=0.0583873s, 26000 KB] In ts_13_17 of size 2 found num new op-mutexes 0

[t=0.0584861s, 26000 KB] In ts_13_18 of size 4 found num new op-mutexes 0

[t=0.0586182s, 26000 KB] In ts_13_19 of size 5 found num new op-mutexes 0

[t=0.0587151s, 26000 KB] In ts_13_20 of size 2 found num new op-mutexes 0

[t=0.0588389s, 26000 KB] In ts_13_21 of size 5 found num new op-mutexes 0

[t=0.0589346s, 26000 KB] In ts_13_22 of size 2 found num new op-mutexes 0

[t=0.0590287s, 26000 KB] In ts_13_23 of size 2 found num new op-mutexes 0

[t=0.0591232s, 26000 KB] In ts_13_24 of size 2 found num new op-mutexes 0

[t=0.0592263s, 26000 KB] In ts_13_25 of size 2 found num new op-mutexes 0

[t=0.0593189s, 26000 KB] In ts_13_26 of size 2 found num new op-mutexes 0

[t=0.059411s, 26000 KB] In ts_13_27 of size 2 found num new op-mutexes 0

[t=0.059503s, 26000 KB] In ts_13_28 of size 2 found num new op-mutexes 0

[t=0.0596002s, 26000 KB] In ts_13_34 of size 4 found num new op-mutexes 0

[t=0.0597219s, 26000 KB] In ts_13_35 of size 5 found num new op-mutexes 0

[t=0.0598189s, 26000 KB] In ts_13_38 of size 3 found num new op-mutexes 0

[t=0.0599199s, 26000 KB] In ts_13_40 of size 4 found num new op-mutexes 0

[t=0.0600277s, 26000 KB] In ts_13_41 of size 6 found num new op-mutexes 0

[t=0.06013s, 26000 KB] In ts_13_42 of size 4 found num new op-mutexes 0

[t=0.0602353s, 26000 KB] In ts_13_43 of size 4 found num new op-mutexes 0

[t=0.060843s, 26000 KB] In ts_13_49 of size 72 found num new op-mutexes 0

[t=0.0609654s, 26000 KB] In ts_13_50 of size 8 found num new op-mutexes 0

[t=0.0611005s, 26000 KB] In ts_13_51 of size 9 found num new op-mutexes 0

[t=0.0612363s, 26000 KB] In ts_13_53 of size 16 found num new op-mutexes 0
[t=0.0612744s, 26000 KB] Operator mutex finished iteration 13. Found an additional 0 operator mutexes

[t=0.0617048s, 26000 KB] Next pair of indices: (14, 51)
[t=0.0617392s, 26000 KB] M&S algorithm main loop timer: 0.0551776s (after computation of next merge)
[t=0.0618485s, 26000 KB] M&S algorithm main loop timer: 0.0552894s (after merging)
[t=0.0618829s, 26000 KB] M&S algorithm main loop timer: 0.0553209s (after pruning)

[t=0.0619092s, 26000 KB] Operator mutex starting iteration 14

[t=0.0619869s, 26000 KB] In ts_14_15 of size 2 found num new op-mutexes 0

[t=0.0620775s, 26000 KB] In ts_14_16 of size 2 found num new op-mutexes 0

[t=0.0621655s, 26000 KB] In ts_14_17 of size 2 found num new op-mutexes 0

[t=0.0622593s, 26000 KB] In ts_14_18 of size 4 found num new op-mutexes 0

[t=0.0623858s, 26000 KB] In ts_14_19 of size 5 found num new op-mutexes 0

[t=0.0624775s, 26000 KB] In ts_14_20 of size 2 found num new op-mutexes 0

[t=0.0625944s, 26000 KB] In ts_14_21 of size 5 found num new op-mutexes 0

[t=0.0626846s, 26000 KB] In ts_14_22 of size 2 found num new op-mutexes 0

[t=0.0627841s, 26000 KB] In ts_14_23 of size 2 found num new op-mutexes 0

[t=0.0628724s, 26000 KB] In ts_14_24 of size 2 found num new op-mutexes 0

[t=0.0629603s, 26000 KB] In ts_14_25 of size 2 found num new op-mutexes 0

[t=0.0630473s, 26000 KB] In ts_14_26 of size 2 found num new op-mutexes 0

[t=0.0631336s, 26000 KB] In ts_14_27 of size 2 found num new op-mutexes 0

[t=0.06322s, 26000 KB] In ts_14_28 of size 2 found num new op-mutexes 0

[t=0.0633215s, 26000 KB] In ts_14_34 of size 4 found num new op-mutexes 0

[t=0.0634379s, 26000 KB] In ts_14_35 of size 5 found num new op-mutexes 0

[t=0.0635302s, 26000 KB] In ts_14_38 of size 3 found num new op-mutexes 0

[t=0.0636282s, 26000 KB] In ts_14_40 of size 4 found num new op-mutexes 0

[t=0.063733s, 26000 KB] In ts_14_41 of size 6 found num new op-mutexes 0

[t=0.0638318s, 26000 KB] In ts_14_42 of size 4 found num new op-mutexes 0

[t=0.0639324s, 26000 KB] In ts_14_43 of size 4 found num new op-mutexes 0

[t=0.0645216s, 26000 KB] In ts_14_49 of size 72 found num new op-mutexes 0

[t=0.0646425s, 26000 KB] In ts_14_50 of size 8 found num new op-mutexes 0

[t=0.0647791s, 26000 KB] In ts_14_53 of size 16 found num new op-mutexes 0

[t=0.0649239s, 26000 KB] In ts_14_54 of size 17 found num new op-mutexes 0
[t=0.0649629s, 26000 KB] Operator mutex finished iteration 14. Found an additional 0 operator mutexes

[t=0.065331s, 26000 KB] Next pair of indices: (15, 50)
[t=0.0653569s, 26000 KB] M&S algorithm main loop timer: 0.0587947s (after computation of next merge)
[t=0.065465s, 26000 KB] M&S algorithm main loop timer: 0.0589059s (after merging)

[t=0.0654965s, 26000 KB] Operator mutex starting iteration 15

[t=0.065577s, 26000 KB] In ts_15_16 of size 2 found num new op-mutexes 0

[t=0.0656696s, 26000 KB] In ts_15_17 of size 2 found num new op-mutexes 0

[t=0.0657669s, 26000 KB] In ts_15_18 of size 4 found num new op-mutexes 0

[t=0.0658958s, 26000 KB] In ts_15_19 of size 5 found num new op-mutexes 0

[t=0.0659901s, 26000 KB] In ts_15_20 of size 2 found num new op-mutexes 0

[t=0.0661079s, 26000 KB] In ts_15_21 of size 5 found num new op-mutexes 0

[t=0.0662006s, 26000 KB] In ts_15_22 of size 2 found num new op-mutexes 0

[t=0.0662909s, 26000 KB] In ts_15_23 of size 2 found num new op-mutexes 0

[t=0.0663912s, 26000 KB] In ts_15_24 of size 2 found num new op-mutexes 0

[t=0.0664809s, 26000 KB] In ts_15_25 of size 2 found num new op-mutexes 0

[t=0.0665697s, 26000 KB] In ts_15_26 of size 2 found num new op-mutexes 0

[t=0.0666581s, 26000 KB] In ts_15_27 of size 2 found num new op-mutexes 0

[t=0.0667466s, 26000 KB] In ts_15_28 of size 2 found num new op-mutexes 0

[t=0.0668489s, 26000 KB] In ts_15_34 of size 4 found num new op-mutexes 0

[t=0.0669678s, 26000 KB] In ts_15_35 of size 5 found num new op-mutexes 0

[t=0.0670626s, 26000 KB] In ts_15_38 of size 3 found num new op-mutexes 0

[t=0.0671622s, 26000 KB] In ts_15_40 of size 4 found num new op-mutexes 0

[t=0.067268s, 26000 KB] In ts_15_41 of size 6 found num new op-mutexes 0

[t=0.0673705s, 26000 KB] In ts_15_42 of size 4 found num new op-mutexes 0

[t=0.0674746s, 26000 KB] In ts_15_43 of size 4 found num new op-mutexes 0

[t=0.0680695s, 26000 KB] In ts_15_49 of size 72 found num new op-mutexes 0

[t=0.0682151s, 26000 KB] In ts_15_53 of size 16 found num new op-mutexes 0

[t=0.0683637s, 26000 KB] In ts_15_54 of size 17 found num new op-mutexes 0

[t=0.0685024s, 26000 KB] In ts_15_55 of size 16 found num new op-mutexes 0
[t=0.0685413s, 26000 KB] Operator mutex finished iteration 15. Found an additional 0 operator mutexes

[t=0.0689067s, 26000 KB] Next pair of indices: (16, 34)
[t=0.0689438s, 26000 KB] M&S algorithm main loop timer: 0.0623809s (after computation of next merge)
[t=0.0690337s, 26000 KB] M&S algorithm main loop timer: 0.0624736s (after merging)

[t=0.0690633s, 26000 KB] Operator mutex starting iteration 16

[t=0.0691412s, 26000 KB] In ts_16_17 of size 2 found num new op-mutexes 0

[t=0.0692367s, 26000 KB] In ts_16_18 of size 4 found num new op-mutexes 0

[t=0.0693643s, 26000 KB] In ts_16_19 of size 5 found num new op-mutexes 0

[t=0.0694644s, 26000 KB] In ts_16_20 of size 2 found num new op-mutexes 0

[t=0.0695829s, 26000 KB] In ts_16_21 of size 5 found num new op-mutexes 0

[t=0.0696731s, 26000 KB] In ts_16_22 of size 2 found num new op-mutexes 0

[t=0.0697606s, 26000 KB] In ts_16_23 of size 2 found num new op-mutexes 0

[t=0.0698475s, 26000 KB] In ts_16_24 of size 2 found num new op-mutexes 0

[t=0.0699445s, 26000 KB] In ts_16_25 of size 2 found num new op-mutexes 0

[t=0.0700316s, 26000 KB] In ts_16_26 of size 2 found num new op-mutexes 0

[t=0.0701185s, 26000 KB] In ts_16_27 of size 2 found num new op-mutexes 0

[t=0.0702048s, 26000 KB] In ts_16_28 of size 2 found num new op-mutexes 0

[t=0.0703484s, 26000 KB] In ts_16_35 of size 5 found num new op-mutexes 0

[t=0.0704492s, 26000 KB] In ts_16_38 of size 3 found num new op-mutexes 0

[t=0.0705483s, 26000 KB] In ts_16_40 of size 4 found num new op-mutexes 0

[t=0.0706519s, 26000 KB] In ts_16_41 of size 6 found num new op-mutexes 0

[t=0.0707488s, 26000 KB] In ts_16_42 of size 4 found num new op-mutexes 0

[t=0.0708574s, 26000 KB] In ts_16_43 of size 4 found num new op-mutexes 0

[t=0.0714634s, 26000 KB] In ts_16_49 of size 72 found num new op-mutexes 0

[t=0.0716067s, 26000 KB] In ts_16_53 of size 16 found num new op-mutexes 0

[t=0.0717526s, 26000 KB] In ts_16_54 of size 17 found num new op-mutexes 0

[t=0.0718882s, 26000 KB] In ts_16_55 of size 16 found num new op-mutexes 0

[t=0.0720025s, 26000 KB] In ts_16_56 of size 8 found num new op-mutexes 0
[t=0.072039s, 26000 KB] Operator mutex finished iteration 16. Found an additional 0 operator mutexes

[t=0.0724206s, 26000 KB] Next pair of indices: (17, 35)
[t=0.0724478s, 26000 KB] M&S algorithm main loop timer: 0.0658851s (after computation of next merge)
[t=0.0725395s, 26000 KB] M&S algorithm main loop timer: 0.0659798s (after merging)
[t=0.0725714s, 26000 KB] M&S algorithm main loop timer: 0.0660084s (after pruning)

[t=0.0725965s, 26000 KB] Operator mutex starting iteration 17

[t=0.0726771s, 26000 KB] In ts_17_18 of size 4 found num new op-mutexes 0

[t=0.0728038s, 26000 KB] In ts_17_19 of size 5 found num new op-mutexes 0

[t=0.0728953s, 26000 KB] In ts_17_20 of size 2 found num new op-mutexes 0

[t=0.0730199s, 26000 KB] In ts_17_21 of size 5 found num new op-mutexes 0

[t=0.0731119s, 26000 KB] In ts_17_22 of size 2 found num new op-mutexes 0

[t=0.0731991s, 26000 KB] In ts_17_23 of size 2 found num new op-mutexes 0

[t=0.0732859s, 26000 KB] In ts_17_24 of size 2 found num new op-mutexes 0

[t=0.0733828s, 26000 KB] In ts_17_25 of size 2 found num new op-mutexes 0

[t=0.0734686s, 26000 KB] In ts_17_26 of size 2 found num new op-mutexes 0

[t=0.0735543s, 26000 KB] In ts_17_27 of size 2 found num new op-mutexes 0

[t=0.0736396s, 26000 KB] In ts_17_28 of size 2 found num new op-mutexes 0

[t=0.0737272s, 26000 KB] In ts_17_38 of size 3 found num new op-mutexes 0

[t=0.0738221s, 26000 KB] In ts_17_40 of size 4 found num new op-mutexes 0

[t=0.0739237s, 26000 KB] In ts_17_41 of size 6 found num new op-mutexes 0

[t=0.0740196s, 26000 KB] In ts_17_42 of size 4 found num new op-mutexes 0

[t=0.0741174s, 26000 KB] In ts_17_43 of size 4 found num new op-mutexes 0

[t=0.0747166s, 26000 KB] In ts_17_49 of size 72 found num new op-mutexes 0

[t=0.0748593s, 26000 KB] In ts_17_53 of size 16 found num new op-mutexes 0

[t=0.0750041s, 26000 KB] In ts_17_54 of size 17 found num new op-mutexes 0

[t=0.0751394s, 26000 KB] In ts_17_55 of size 16 found num new op-mutexes 0

[t=0.0752529s, 26000 KB] In ts_17_56 of size 8 found num new op-mutexes 0

[t=0.0753916s, 26000 KB] In ts_17_57 of size 9 found num new op-mutexes 0
[t=0.0754274s, 26000 KB] Operator mutex finished iteration 17. Found an additional 0 operator mutexes

[t=0.0757652s, 26000 KB] Next pair of indices: (18, 27)
[t=0.0758122s, 26000 KB] M&S algorithm main loop timer: 0.0692509s (after computation of next merge)
[t=0.0758994s, 26000 KB] M&S algorithm main loop timer: 0.0693398s (after merging)

[t=0.0759297s, 26000 KB] Operator mutex starting iteration 18

[t=0.076043s, 26000 KB] In ts_18_19 of size 5 found num new op-mutexes 0

[t=0.0761352s, 26000 KB] In ts_18_20 of size 2 found num new op-mutexes 0

[t=0.0762576s, 26000 KB] In ts_18_21 of size 5 found num new op-mutexes 0

[t=0.0763478s, 26000 KB] In ts_18_22 of size 2 found num new op-mutexes 0

[t=0.0764356s, 26000 KB] In ts_18_23 of size 2 found num new op-mutexes 0

[t=0.0765226s, 26000 KB] In ts_18_24 of size 2 found num new op-mutexes 0

[t=0.0766102s, 26000 KB] In ts_18_25 of size 2 found num new op-mutexes 0

[t=0.0766959s, 26000 KB] In ts_18_26 of size 2 found num new op-mutexes 0

[t=0.0767818s, 26000 KB] In ts_18_28 of size 2 found num new op-mutexes 0

[t=0.0768745s, 26000 KB] In ts_18_38 of size 3 found num new op-mutexes 0

[t=0.0769696s, 26000 KB] In ts_18_40 of size 4 found num new op-mutexes 0

[t=0.0770709s, 26000 KB] In ts_18_41 of size 6 found num new op-mutexes 0

[t=0.0771675s, 26000 KB] In ts_18_42 of size 4 found num new op-mutexes 0

[t=0.0772658s, 26000 KB] In ts_18_43 of size 4 found num new op-mutexes 0

[t=0.0778694s, 26000 KB] In ts_18_49 of size 72 found num new op-mutexes 0

[t=0.0780229s, 26000 KB] In ts_18_53 of size 16 found num new op-mutexes 0

[t=0.0781676s, 26000 KB] In ts_18_54 of size 17 found num new op-mutexes 0

[t=0.07831s, 26000 KB] In ts_18_55 of size 16 found num new op-mutexes 0

[t=0.0784262s, 26000 KB] In ts_18_56 of size 8 found num new op-mutexes 0

[t=0.0785554s, 26000 KB] In ts_18_57 of size 9 found num new op-mutexes 0

[t=0.0786661s, 26000 KB] In ts_18_58 of size 8 found num new op-mutexes 0
[t=0.078703s, 26000 KB] Operator mutex finished iteration 18. Found an additional 0 operator mutexes

[t=0.0790437s, 26000 KB] Next pair of indices: (19, 25)
[t=0.0790694s, 26000 KB] M&S algorithm main loop timer: 0.0725059s (after computation of next merge)
[t=0.0791534s, 26000 KB] M&S algorithm main loop timer: 0.0725936s (after merging)
[t=0.0791848s, 26000 KB] M&S algorithm main loop timer: 0.0726483s (after pruning)

[t=0.0792399s, 26000 KB] Operator mutex starting iteration 19

[t=0.0793474s, 26000 KB] In ts_19_20 of size 2 found num new op-mutexes 0

[t=0.079469s, 26000 KB] In ts_19_21 of size 5 found num new op-mutexes 0

[t=0.0795605s, 26000 KB] In ts_19_22 of size 2 found num new op-mutexes 0

[t=0.0796481s, 26000 KB] In ts_19_23 of size 2 found num new op-mutexes 0

[t=0.0797344s, 26000 KB] In ts_19_24 of size 2 found num new op-mutexes 0

[t=0.0798212s, 26000 KB] In ts_19_26 of size 2 found num new op-mutexes 0

[t=0.0799075s, 26000 KB] In ts_19_28 of size 2 found num new op-mutexes 0

[t=0.0799959s, 26000 KB] In ts_19_38 of size 3 found num new op-mutexes 0

[t=0.0800922s, 26000 KB] In ts_19_40 of size 4 found num new op-mutexes 0

[t=0.0801943s, 26000 KB] In ts_19_41 of size 6 found num new op-mutexes 0

[t=0.0802904s, 26000 KB] In ts_19_42 of size 4 found num new op-mutexes 0

[t=0.0803898s, 26000 KB] In ts_19_43 of size 4 found num new op-mutexes 0

[t=0.0809931s, 26000 KB] In ts_19_49 of size 72 found num new op-mutexes 0

[t=0.0811474s, 26000 KB] In ts_19_53 of size 16 found num new op-mutexes 0

[t=0.0812963s, 26000 KB] In ts_19_54 of size 17 found num new op-mutexes 0

[t=0.0814359s, 26000 KB] In ts_19_55 of size 16 found num new op-mutexes 0

[t=0.0815505s, 26000 KB] In ts_19_56 of size 8 found num new op-mutexes 0

[t=0.0816815s, 26000 KB] In ts_19_57 of size 9 found num new op-mutexes 0

[t=0.0818002s, 26000 KB] In ts_19_58 of size 8 found num new op-mutexes 0

[t=0.0819526s, 26000 KB] In ts_19_59 of size 9 found num new op-mutexes 0
[t=0.0819901s, 26000 KB] Operator mutex finished iteration 19. Found an additional 0 operator mutexes

[t=0.0823145s, 26000 KB] Next pair of indices: (20, 59)
[t=0.0823403s, 26000 KB] M&S algorithm main loop timer: 0.0757768s (after computation of next merge)
[t=0.0824403s, 26000 KB] M&S algorithm main loop timer: 0.075882s (after merging)
[t=0.0824755s, 26000 KB] M&S algorithm main loop timer: 0.075914s (after pruning)

[t=0.0825023s, 26000 KB] Operator mutex starting iteration 20

[t=0.082608s, 26000 KB] In ts_20_21 of size 5 found num new op-mutexes 0

[t=0.0827019s, 26000 KB] In ts_20_22 of size 2 found num new op-mutexes 0

[t=0.0827914s, 26000 KB] In ts_20_23 of size 2 found num new op-mutexes 0

[t=0.0828875s, 26000 KB] In ts_20_24 of size 2 found num new op-mutexes 0

[t=0.0829813s, 26000 KB] In ts_20_26 of size 2 found num new op-mutexes 0

[t=0.0830693s, 26000 KB] In ts_20_28 of size 2 found num new op-mutexes 0

[t=0.0831674s, 26000 KB] In ts_20_38 of size 3 found num new op-mutexes 0

[t=0.0832656s, 26000 KB] In ts_20_40 of size 4 found num new op-mutexes 0

[t=0.0833704s, 26000 KB] In ts_20_41 of size 6 found num new op-mutexes 0

[t=0.0834682s, 26000 KB] In ts_20_42 of size 4 found num new op-mutexes 0

[t=0.0835677s, 26000 KB] In ts_20_43 of size 4 found num new op-mutexes 0

[t=0.0841586s, 26000 KB] In ts_20_49 of size 72 found num new op-mutexes 0

[t=0.0843031s, 26000 KB] In ts_20_53 of size 16 found num new op-mutexes 0

[t=0.0844587s, 26000 KB] In ts_20_54 of size 17 found num new op-mutexes 0

[t=0.0845979s, 26000 KB] In ts_20_55 of size 16 found num new op-mutexes 0

[t=0.0847133s, 26000 KB] In ts_20_56 of size 8 found num new op-mutexes 0

[t=0.0848551s, 26000 KB] In ts_20_57 of size 9 found num new op-mutexes 0

[t=0.0849681s, 26000 KB] In ts_20_58 of size 8 found num new op-mutexes 0

[t=0.0860033s, 26000 KB] In ts_20_60 of size 9 found num new op-mutexes 8460
[t=0.0860464s, 26000 KB] Operator mutex finished iteration 20. Found an additional 8460 operator mutexes

[t=0.0863549s, 26000 KB] Next pair of indices: (21, 26)
[t=0.0863813s, 26000 KB] M&S algorithm main loop timer: 0.0798181s (after computation of next merge)
[t=0.0865005s, 26000 KB] M&S algorithm main loop timer: 0.0799433s (after merging)
[t=0.0865347s, 26000 KB] M&S algorithm main loop timer: 0.0799727s (after pruning)

[t=0.0865612s, 26000 KB] Operator mutex starting iteration 21

[t=0.0866473s, 26000 KB] In ts_21_22 of size 2 found num new op-mutexes 0

[t=0.0867378s, 26000 KB] In ts_21_23 of size 2 found num new op-mutexes 0

[t=0.086825s, 26000 KB] In ts_21_24 of size 2 found num new op-mutexes 0

[t=0.086912s, 26000 KB] In ts_21_28 of size 2 found num new op-mutexes 0

[t=0.0870016s, 26000 KB] In ts_21_38 of size 3 found num new op-mutexes 0

[t=0.0870976s, 26000 KB] In ts_21_40 of size 4 found num new op-mutexes 0

[t=0.0872078s, 26000 KB] In ts_21_41 of size 6 found num new op-mutexes 0

[t=0.0873072s, 26000 KB] In ts_21_42 of size 4 found num new op-mutexes 0

[t=0.0874058s, 26000 KB] In ts_21_43 of size 4 found num new op-mutexes 0

[t=0.0880147s, 26000 KB] In ts_21_49 of size 72 found num new op-mutexes 0

[t=0.0881837s, 26000 KB] In ts_21_53 of size 16 found num new op-mutexes 0

[t=0.0883544s, 26000 KB] In ts_21_54 of size 17 found num new op-mutexes 0

[t=0.0885024s, 26000 KB] In ts_21_55 of size 16 found num new op-mutexes 0

[t=0.0886165s, 26000 KB] In ts_21_56 of size 8 found num new op-mutexes 0

[t=0.0887542s, 26000 KB] In ts_21_57 of size 9 found num new op-mutexes 0

[t=0.0888653s, 26000 KB] In ts_21_58 of size 8 found num new op-mutexes 0

[t=0.0894928s, 26000 KB] In ts_21_60 of size 9 found num new op-mutexes 0

[t=0.089639s, 26000 KB] In ts_21_61 of size 9 found num new op-mutexes 0
[t=0.0896755s, 26000 KB] Operator mutex finished iteration 21. Found an additional 0 operator mutexes

[t=0.0899648s, 26000 KB] Next pair of indices: (22, 61)
[t=0.0899907s, 26000 KB] M&S algorithm main loop timer: 0.0834272s (after computation of next merge)
[t=0.0901189s, 26000 KB] M&S algorithm main loop timer: 0.0835617s (after merging)
[t=0.0901555s, 26000 KB] M&S algorithm main loop timer: 0.0835939s (after pruning)

[t=0.0901824s, 26000 KB] Operator mutex starting iteration 22

[t=0.0902618s, 26000 KB] In ts_22_23 of size 2 found num new op-mutexes 0

[t=0.0903545s, 26000 KB] In ts_22_24 of size 2 found num new op-mutexes 0

[t=0.090446s, 26000 KB] In ts_22_28 of size 2 found num new op-mutexes 0

[t=0.0905378s, 26000 KB] In ts_22_38 of size 3 found num new op-mutexes 0

[t=0.0906359s, 26000 KB] In ts_22_40 of size 4 found num new op-mutexes 0

[t=0.0907408s, 26000 KB] In ts_22_41 of size 6 found num new op-mutexes 0

[t=0.0908487s, 26000 KB] In ts_22_42 of size 4 found num new op-mutexes 0

[t=0.0909516s, 26000 KB] In ts_22_43 of size 4 found num new op-mutexes 0

[t=0.0915487s, 26000 KB] In ts_22_49 of size 72 found num new op-mutexes 0

[t=0.0916948s, 26000 KB] In ts_22_53 of size 16 found num new op-mutexes 0

[t=0.091856s, 26000 KB] In ts_22_54 of size 17 found num new op-mutexes 0

[t=0.0919947s, 26000 KB] In ts_22_55 of size 16 found num new op-mutexes 0

[t=0.0921131s, 26000 KB] In ts_22_56 of size 8 found num new op-mutexes 0

[t=0.0922611s, 26000 KB] In ts_22_57 of size 9 found num new op-mutexes 0

[t=0.0923744s, 26000 KB] In ts_22_58 of size 8 found num new op-mutexes 0

[t=0.0929878s, 26000 KB] In ts_22_60 of size 9 found num new op-mutexes 0

[t=0.0942008s, 26000 KB] In ts_22_62 of size 9 found num new op-mutexes 8260
[t=0.0942479s, 26000 KB] Operator mutex finished iteration 22. Found an additional 8260 operator mutexes

[t=0.0945213s, 26000 KB] Next pair of indices: (23, 38)
[t=0.0945464s, 26000 KB] M&S algorithm main loop timer: 0.0879826s (after computation of next merge)
[t=0.0945789s, 26000 KB] M&S algorithm main loop timer: 0.0880173s (after shrinking)
[t=0.0946557s, 26000 KB] M&S algorithm main loop timer: 0.0881009s (after merging)

[t=0.0946905s, 26000 KB] Operator mutex starting iteration 23

[t=0.0947713s, 26000 KB] In ts_23_24 of size 2 found num new op-mutexes 0

[t=0.0948616s, 26000 KB] In ts_23_28 of size 2 found num new op-mutexes 0

[t=0.0949688s, 26000 KB] In ts_23_40 of size 4 found num new op-mutexes 0

[t=0.0950723s, 26000 KB] In ts_23_41 of size 6 found num new op-mutexes 0

[t=0.0951686s, 26000 KB] In ts_23_42 of size 4 found num new op-mutexes 0

[t=0.0952667s, 26000 KB] In ts_23_43 of size 4 found num new op-mutexes 0

[t=0.0958789s, 26000 KB] In ts_23_49 of size 72 found num new op-mutexes 0

[t=0.0960223s, 26000 KB] In ts_23_53 of size 16 found num new op-mutexes 0

[t=0.096194s, 26000 KB] In ts_23_54 of size 17 found num new op-mutexes 0

[t=0.0963362s, 26000 KB] In ts_23_55 of size 16 found num new op-mutexes 0

[t=0.0964589s, 26000 KB] In ts_23_56 of size 8 found num new op-mutexes 0

[t=0.0966134s, 26000 KB] In ts_23_57 of size 9 found num new op-mutexes 0

[t=0.0967255s, 26000 KB] In ts_23_58 of size 8 found num new op-mutexes 0

[t=0.0974124s, 26000 KB] In ts_23_60 of size 9 found num new op-mutexes 0

[t=0.0980383s, 26000 KB] In ts_23_62 of size 9 found num new op-mutexes 0

[t=0.0981475s, 26000 KB] In ts_23_63 of size 4 found num new op-mutexes 0
[t=0.0981824s, 26000 KB] Operator mutex finished iteration 23. Found an additional 0 operator mutexes

[t=0.0984419s, 26000 KB] Next pair of indices: (24, 28)
[t=0.098467s, 26000 KB] M&S algorithm main loop timer: 0.0919031s (after computation of next merge)
[t=0.0985471s, 26000 KB] M&S algorithm main loop timer: 0.0919926s (after merging)

[t=0.0985824s, 26000 KB] Operator mutex starting iteration 24

[t=0.0986763s, 26000 KB] In ts_24_40 of size 4 found num new op-mutexes 0

[t=0.0987901s, 26000 KB] In ts_24_41 of size 6 found num new op-mutexes 0

[t=0.0988898s, 26000 KB] In ts_24_42 of size 4 found num new op-mutexes 0

[t=0.0989913s, 26000 KB] In ts_24_43 of size 4 found num new op-mutexes 0

[t=0.0995775s, 26000 KB] In ts_24_49 of size 72 found num new op-mutexes 0

[t=0.0997198s, 26000 KB] In ts_24_53 of size 16 found num new op-mutexes 0

[t=0.0998813s, 26000 KB] In ts_24_54 of size 17 found num new op-mutexes 0

[t=0.100025s, 26000 KB] In ts_24_55 of size 16 found num new op-mutexes 0

[t=0.100141s, 26000 KB] In ts_24_56 of size 8 found num new op-mutexes 0

[t=0.100277s, 26000 KB] In ts_24_57 of size 9 found num new op-mutexes 0

[t=0.100397s, 26000 KB] In ts_24_58 of size 8 found num new op-mutexes 0

[t=0.101074s, 26000 KB] In ts_24_60 of size 9 found num new op-mutexes 0

[t=0.101693s, 26000 KB] In ts_24_62 of size 9 found num new op-mutexes 0

[t=0.101798s, 26000 KB] In ts_24_63 of size 4 found num new op-mutexes 0

[t=0.101893s, 26000 KB] In ts_24_64 of size 4 found num new op-mutexes 0
[t=0.101927s, 26000 KB] Operator mutex finished iteration 24. Found an additional 0 operator mutexes

[t=0.102184s, 26000 KB] Next pair of indices: (57, 64)
[t=0.102208s, 26000 KB] M&S algorithm main loop timer: 0.0956442s (after computation of next merge)
[t=0.102326s, 26000 KB] M&S algorithm main loop timer: 0.0957683s (after merging)
[t=0.102365s, 26000 KB] M&S algorithm main loop timer: 0.0958139s (after pruning)

[t=0.102402s, 26000 KB] Operator mutex starting iteration 25

[t=0.10249s, 26000 KB] In ts_25_40 of size 4 found num new op-mutexes 0

[t=0.102599s, 26000 KB] In ts_25_41 of size 6 found num new op-mutexes 0

[t=0.102699s, 26000 KB] In ts_25_42 of size 4 found num new op-mutexes 0

[t=0.10281s, 26000 KB] In ts_25_43 of size 4 found num new op-mutexes 0

[t=0.103412s, 26000 KB] In ts_25_49 of size 72 found num new op-mutexes 0

[t=0.103562s, 26000 KB] In ts_25_53 of size 16 found num new op-mutexes 0

[t=0.103731s, 26000 KB] In ts_25_54 of size 17 found num new op-mutexes 0

[t=0.103885s, 26000 KB] In ts_25_55 of size 16 found num new op-mutexes 0

[t=0.104007s, 26000 KB] In ts_25_56 of size 8 found num new op-mutexes 0

[t=0.104126s, 26000 KB] In ts_25_58 of size 8 found num new op-mutexes 0

[t=0.104836s, 26000 KB] In ts_25_60 of size 9 found num new op-mutexes 0

[t=0.105458s, 26000 KB] In ts_25_62 of size 9 found num new op-mutexes 0

[t=0.105577s, 26000 KB] In ts_25_63 of size 4 found num new op-mutexes 0

[t=0.106539s, 26000 KB] In ts_25_65 of size 17 found num new op-mutexes 8060
[t=0.106615s, 26000 KB] Operator mutex finished iteration 25. Found an additional 8060 operator mutexes

[t=0.106868s, 26000 KB] Next pair of indices: (56, 65)
[t=0.106894s, 26000 KB] M&S algorithm main loop timer: 0.10033s (after computation of next merge)
[t=0.10708s, 26000 KB] M&S algorithm main loop timer: 0.100524s (after merging)
[t=0.107132s, 26000 KB] M&S algorithm main loop timer: 0.100573s (after pruning)

[t=0.107161s, 26000 KB] Operator mutex starting iteration 26

[t=0.107252s, 26000 KB] In ts_26_40 of size 4 found num new op-mutexes 0

[t=0.107363s, 26000 KB] In ts_26_41 of size 6 found num new op-mutexes 0

[t=0.107466s, 26000 KB] In ts_26_42 of size 4 found num new op-mutexes 0

[t=0.107569s, 26000 KB] In ts_26_43 of size 4 found num new op-mutexes 0

[t=0.108189s, 26000 KB] In ts_26_49 of size 72 found num new op-mutexes 0

[t=0.108334s, 26000 KB] In ts_26_53 of size 16 found num new op-mutexes 0

[t=0.108524s, 26000 KB] In ts_26_54 of size 17 found num new op-mutexes 0

[t=0.108668s, 26000 KB] In ts_26_55 of size 16 found num new op-mutexes 0

[t=0.108787s, 26000 KB] In ts_26_58 of size 8 found num new op-mutexes 0

[t=0.109571s, 26000 KB] In ts_26_60 of size 9 found num new op-mutexes 0

[t=0.110273s, 26000 KB] In ts_26_62 of size 9 found num new op-mutexes 0

[t=0.110385s, 26000 KB] In ts_26_63 of size 4 found num new op-mutexes 0

[t=0.116427s, 27260 KB] In ts_26_66 of size 18 found num new op-mutexes 30255
[t=0.116514s, 27260 KB] Operator mutex finished iteration 26. Found an additional 30255 operator mutexes

[t=0.116783s, 27260 KB] Next pair of indices: (41, 66)
[t=0.11681s, 27260 KB] M&S algorithm main loop timer: 0.110256s (after computation of next merge)
[t=0.117s, 27260 KB] M&S algorithm main loop timer: 0.110443s (after merging)
[t=0.117048s, 27260 KB] M&S algorithm main loop timer: 0.110487s (after pruning)

[t=0.117076s, 27260 KB] Operator mutex starting iteration 27

[t=0.117179s, 27260 KB] In ts_27_40 of size 4 found num new op-mutexes 0

[t=0.117282s, 27260 KB] In ts_27_42 of size 4 found num new op-mutexes 0

[t=0.117397s, 27260 KB] In ts_27_43 of size 4 found num new op-mutexes 0

[t=0.117999s, 27260 KB] In ts_27_49 of size 72 found num new op-mutexes 0

[t=0.118147s, 27260 KB] In ts_27_53 of size 16 found num new op-mutexes 0

[t=0.118319s, 27260 KB] In ts_27_54 of size 17 found num new op-mutexes 0

[t=0.118466s, 27260 KB] In ts_27_55 of size 16 found num new op-mutexes 0

[t=0.118584s, 27260 KB] In ts_27_58 of size 8 found num new op-mutexes 0

[t=0.119375s, 27260 KB] In ts_27_60 of size 9 found num new op-mutexes 0

[t=0.12018s, 27260 KB] In ts_27_62 of size 9 found num new op-mutexes 0

[t=0.120294s, 27260 KB] In ts_27_63 of size 4 found num new op-mutexes 0

[t=0.12275s, 27260 KB] In ts_27_67 of size 54 found num new op-mutexes 1
[t=0.122801s, 27260 KB] Operator mutex finished iteration 27. Found an additional 1 operator mutexes

[t=0.123019s, 27260 KB] Next pair of indices: (63, 67)
[t=0.123044s, 27260 KB] M&S algorithm main loop timer: 0.116481s (after computation of next merge)
[t=0.123376s, 27260 KB] M&S algorithm main loop timer: 0.116824s (after merging)

[t=0.123428s, 27260 KB] Operator mutex starting iteration 28

[t=0.123535s, 27260 KB] In ts_28_40 of size 4 found num new op-mutexes 0

[t=0.123642s, 27260 KB] In ts_28_42 of size 4 found num new op-mutexes 0

[t=0.12375s, 27260 KB] In ts_28_43 of size 4 found num new op-mutexes 0

[t=0.124356s, 27260 KB] In ts_28_49 of size 72 found num new op-mutexes 0

[t=0.124511s, 27260 KB] In ts_28_53 of size 16 found num new op-mutexes 0

[t=0.124681s, 27260 KB] In ts_28_54 of size 17 found num new op-mutexes 0

[t=0.124836s, 27260 KB] In ts_28_55 of size 16 found num new op-mutexes 0

[t=0.12496s, 27260 KB] In ts_28_58 of size 8 found num new op-mutexes 0

[t=0.125777s, 27260 KB] In ts_28_60 of size 9 found num new op-mutexes 0

[t=0.12656s, 27260 KB] In ts_28_62 of size 9 found num new op-mutexes 0

[t=0.129686s, 27260 KB] In ts_28_68 of size 216 found num new op-mutexes 0
[t=0.129737s, 27260 KB] Operator mutex finished iteration 28. Found an additional 0 operator mutexes

[t=0.129941s, 27260 KB] Next pair of indices: (58, 68)
[t=0.129968s, 27260 KB] M&S algorithm main loop timer: 0.123414s (after computation of next merge)
[t=0.132019s, 27260 KB] M&S algorithm main loop timer: 0.125471s (after merging)
[t=0.132524s, 27260 KB] M&S algorithm main loop timer: 0.12598s (after pruning)

[t=0.13257s, 27260 KB] Operator mutex starting iteration 29

[t=0.132671s, 27260 KB] In ts_29_40 of size 4 found num new op-mutexes 0

[t=0.132787s, 27260 KB] In ts_29_42 of size 4 found num new op-mutexes 0

[t=0.132895s, 27260 KB] In ts_29_43 of size 4 found num new op-mutexes 0

[t=0.133483s, 27260 KB] In ts_29_49 of size 72 found num new op-mutexes 0

[t=0.13364s, 27260 KB] In ts_29_53 of size 16 found num new op-mutexes 0

[t=0.13382s, 27260 KB] In ts_29_54 of size 17 found num new op-mutexes 0

[t=0.133974s, 27260 KB] In ts_29_55 of size 16 found num new op-mutexes 0

[t=0.134932s, 27260 KB] In ts_29_60 of size 9 found num new op-mutexes 0

[t=0.13585s, 27260 KB] In ts_29_62 of size 9 found num new op-mutexes 0

[t=0.144935s, 28580 KB] In ts_29_69 of size 1404 found num new op-mutexes 0
[t=0.145029s, 28580 KB] Operator mutex finished iteration 29. Found an additional 0 operator mutexes

[t=0.145256s, 28580 KB] Next pair of indices: (54, 69)
[t=0.145299s, 28580 KB] M&S algorithm main loop timer: 0.138743s (after computation of next merge)
[t=0.166799s, 31824 KB] M&S algorithm main loop timer: 0.160302s (after merging)
[t=0.167647s, 31824 KB] M&S algorithm main loop timer: 0.161098s (after pruning)

[t=0.167689s, 31824 KB] Operator mutex starting iteration 30

[t=0.167803s, 31824 KB] In ts_30_40 of size 4 found num new op-mutexes 0

[t=0.167917s, 31824 KB] In ts_30_42 of size 4 found num new op-mutexes 0

[t=0.168029s, 31824 KB] In ts_30_43 of size 4 found num new op-mutexes 0

[t=0.168641s, 31824 KB] In ts_30_49 of size 72 found num new op-mutexes 0

[t=0.168799s, 31824 KB] In ts_30_53 of size 16 found num new op-mutexes 0

[t=0.168946s, 31824 KB] In ts_30_55 of size 16 found num new op-mutexes 0

[t=0.170475s, 31824 KB] In ts_30_60 of size 9 found num new op-mutexes 0

[t=0.171743s, 31824 KB] In ts_30_62 of size 9 found num new op-mutexes 0

[t=0.184259s, 31824 KB] In ts_30_70 of size 972 found num new op-mutexes 42595
[t=0.184386s, 31824 KB] Operator mutex finished iteration 30. Found an additional 42595 operator mutexes

[t=0.184624s, 31824 KB] Next pair of indices: (49, 70)
[t=0.184651s, 31824 KB] M&S algorithm main loop timer: 0.178088s (after computation of next merge)
[t=0.186034s, 31824 KB] M&S algorithm main loop timer: 0.179523s (after shrinking)
[t=0.25709s, 43456 KB] M&S algorithm main loop timer: 0.250563s (after merging)

[t=0.258852s, 43456 KB] Operator mutex starting iteration 31

[t=0.258984s, 43456 KB] In ts_31_40 of size 4 found num new op-mutexes 0

[t=0.2591s, 43456 KB] In ts_31_42 of size 4 found num new op-mutexes 0

[t=0.259224s, 43456 KB] In ts_31_43 of size 4 found num new op-mutexes 0

[t=0.259378s, 43456 KB] In ts_31_53 of size 16 found num new op-mutexes 0

[t=0.259518s, 43456 KB] In ts_31_55 of size 16 found num new op-mutexes 0

[t=0.26124s, 43456 KB] In ts_31_60 of size 9 found num new op-mutexes 0

[t=0.262615s, 43456 KB] In ts_31_62 of size 9 found num new op-mutexes 0
[t=0.264013s, 43456 KB] Operator mutex finished iteration 31. Found an additional 0 operator mutexes

[t=0.26484s, 43456 KB] Next pair of indices: (43, 71)
[t=0.264871s, 43456 KB] M&S algorithm main loop timer: 0.258309s (after computation of next merge)
[t=0.349562s, 43840 KB] M&S algorithm main loop timer: 0.343066s (after shrinking)
[t=0.416668s, 44264 KB] M&S algorithm main loop timer: 0.410197s (after merging)
[t=0.431934s, 44264 KB] M&S algorithm main loop timer: 0.425419s (after pruning)

[t=0.432014s, 44264 KB] Operator mutex starting iteration 32

[t=0.432123s, 44264 KB] In ts_32_40 of size 4 found num new op-mutexes 0

[t=0.432237s, 44264 KB] In ts_32_42 of size 4 found num new op-mutexes 0

[t=0.432404s, 44264 KB] In ts_32_53 of size 16 found num new op-mutexes 0

[t=0.432546s, 44264 KB] In ts_32_55 of size 16 found num new op-mutexes 0

[t=0.434388s, 44264 KB] In ts_32_60 of size 9 found num new op-mutexes 0

[t=0.435768s, 44264 KB] In ts_32_62 of size 9 found num new op-mutexes 0
[t=0.436915s, 44264 KB] Operator mutex finished iteration 32. Found an additional 0 operator mutexes

[t=0.437579s, 44264 KB] Next pair of indices: (42, 72)
[t=0.437608s, 44264 KB] M&S algorithm main loop timer: 0.431046s (after computation of next merge)
[t=0.49577s, 44264 KB] M&S algorithm main loop timer: 0.48925s (after shrinking)
[t=0.547523s, 44264 KB] M&S algorithm main loop timer: 0.541037s (after merging)

[t=0.549112s, 44264 KB] Operator mutex starting iteration 33

[t=0.549275s, 44264 KB] In ts_33_40 of size 4 found num new op-mutexes 0

[t=0.549438s, 44264 KB] In ts_33_53 of size 16 found num new op-mutexes 0

[t=0.54958s, 44264 KB] In ts_33_55 of size 16 found num new op-mutexes 0

[t=0.551539s, 44264 KB] In ts_33_60 of size 9 found num new op-mutexes 0

[t=0.553212s, 44264 KB] In ts_33_62 of size 9 found num new op-mutexes 0
[t=0.554344s, 44264 KB] Operator mutex finished iteration 33. Found an additional 0 operator mutexes

[t=0.55506s, 44264 KB] Next pair of indices: (60, 73)
[t=0.555091s, 44264 KB] M&S algorithm main loop timer: 0.548529s (after computation of next merge)
[t=0.61032s, 44264 KB] M&S algorithm main loop timer: 0.603987s (after shrinking)
[t=0.685777s, 45332 KB] M&S algorithm main loop timer: 0.679294s (after merging)

[t=0.68836s, 45332 KB] Operator mutex starting iteration 34

[t=0.688514s, 45332 KB] In ts_34_40 of size 4 found num new op-mutexes 0

[t=0.688677s, 45332 KB] In ts_34_53 of size 16 found num new op-mutexes 0

[t=0.688822s, 45332 KB] In ts_34_55 of size 16 found num new op-mutexes 0

[t=0.690422s, 45332 KB] In ts_34_62 of size 9 found num new op-mutexes 0
[t=0.691921s, 45332 KB] Operator mutex finished iteration 34. Found an additional 0 operator mutexes

[t=0.692737s, 45332 KB] Next pair of indices: (53, 74)
[t=0.692768s, 45332 KB] M&S algorithm main loop timer: 0.686205s (after computation of next merge)
[t=0.776422s, 47016 KB] M&S algorithm main loop timer: 0.770271s (after shrinking)
[t=0.855285s, 47396 KB] M&S algorithm main loop timer: 0.84879s (after merging)

[t=0.857974s, 47396 KB] Operator mutex starting iteration 35

[t=0.858107s, 47396 KB] In ts_35_40 of size 4 found num new op-mutexes 0

[t=0.858267s, 47396 KB] In ts_35_55 of size 16 found num new op-mutexes 0

[t=0.859893s, 47396 KB] In ts_35_62 of size 9 found num new op-mutexes 0
[t=0.861475s, 47396 KB] Operator mutex finished iteration 35. Found an additional 0 operator mutexes

[t=0.862375s, 47396 KB] Next pair of indices: (40, 75)
[t=0.862407s, 47396 KB] M&S algorithm main loop timer: 0.855844s (after computation of next merge)
[t=0.971105s, 47924 KB] M&S algorithm main loop timer: 0.964615s (after shrinking)
[t=1.04041s, 47924 KB] M&S algorithm main loop timer: 1.03394s (after merging)

[t=1.04359s, 47924 KB] Operator mutex starting iteration 36

[t=1.04378s, 47924 KB] In ts_36_55 of size 16 found num new op-mutexes 0

[t=1.04534s, 47924 KB] In ts_36_62 of size 9 found num new op-mutexes 0
[t=1.04697s, 47924 KB] Operator mutex finished iteration 36. Found an additional 0 operator mutexes

[t=1.0478s, 47924 KB] Next pair of indices: (62, 76)
[t=1.04783s, 47924 KB] M&S algorithm main loop timer: 1.04127s (after computation of next merge)
[t=1.13194s, 47924 KB] M&S algorithm main loop timer: 1.12579s (after shrinking)
[t=1.13396s, 47924 KB] M&S algorithm main loop timer: 1.12742s (after merging)

[t=1.13404s, 47924 KB] Operator mutex starting iteration 37

[t=1.13419s, 47924 KB] In ts_37_55 of size 16 found num new op-mutexes 0

[t=1.15197s, 47924 KB] In ts_37_77 of size 396 found num new op-mutexes 0
[t=1.15209s, 47924 KB] Operator mutex finished iteration 37. Found an additional 0 operator mutexes

[t=1.15214s, 47924 KB] Next pair of indices: (55, 77)
[t=1.15216s, 47924 KB] M&S algorithm main loop timer: 1.1456s (after computation of next merge)
[t=1.18462s, 47924 KB] M&S algorithm main loop timer: 1.17812s (after merging)
[t=1.18682s, 47924 KB] M&S algorithm main loop timer: 1.18029s (after pruning)

[t=1.18688s, 47924 KB] Operator mutex starting iteration 38

[t=1.21416s, 47924 KB] In ts_38_78 of size 792 found num new op-mutexes 21776
[t=1.21428s, 47924 KB] Operator mutex finished iteration 38. Found an additional 21776 operator mutexes

[t=1.21432s, 47924 KB] End of merge-and-shrink algorithm, statistics:
[t=1.21434s, 47924 KB] Main loop runtime: 1.20778s
[t=1.21436s, 47924 KB] Maximum intermediate abstraction size: 46736
[t=1.21438s, 47924 KB] Final peak memory increase of merge-and-shrink algorithm: 25192 KB
[t=1.21441s, 47924 KB] Merge-and-shrink algorithm runtime: 1.21049s

[t=1.21443s, 47924 KB] Number of labels: 428
[t=1.21445s, 47924 KB] Total number of operator mutexes: 120567
[t=1.21447s, 47924 KB] Operator Mutex total time: 0.208432s
[t=1.21451s, 47924 KB] Number of remaining factors: 1
[t=1.21455s, 47924 KB] Number of factors kept: 1
[t=1.21457s, 47924 KB] Done initializing merge-and-shrink heuristic.

[t=1.21885s, 47924 KB] Building successor generator...done!
[t=1.21915s, 47924 KB] peak memory difference for successor generator creation: 0 KB
[t=1.21918s, 47924 KB] time for successor generation creation: 0.000204743s
[t=1.2192s, 47924 KB] Variables: 40
[t=1.21922s, 47924 KB] FactPairs: 103
[t=1.21924s, 47924 KB] Bytes per state: 8
[t=1.21936s, 47924 KB] Conducting best first search with reopening closed nodes, (real) bound = 2147483647
[t=1.21942s, 47924 KB] New best heuristic value for merge_and_shrink(op_mutex = op_mutex(use_previous_ops = nopo, reachability_strategy = goal)): 185
[t=1.21945s, 47924 KB] g=0, 1 evaluated, 0 expanded
[t=1.21947s, 47924 KB] f = 185, 1 evaluated, 0 expanded
[t=1.21951s, 47924 KB] Initial heuristic value for merge_and_shrink(op_mutex = op_mutex(use_previous_ops = nopo, reachability_strategy = goal)): 185
[t=1.21953s, 47924 KB] pruning method: none
[t=1.21956s, 47924 KB] New best heuristic value for merge_and_shrink(op_mutex = op_mutex(use_previous_ops = nopo, reachability_strategy = goal)): 175
[t=1.21958s, 47924 KB] g=30, 2 evaluated, 1 expanded
[t=1.21961s, 47924 KB] New best heuristic value for merge_and_shrink(op_mutex = op_mutex(use_previous_ops = nopo, reachability_strategy = goal)): 165
[t=1.21963s, 47924 KB] g=30, 5 evaluated, 1 expanded
[t=1.21967s, 47924 KB] f = 195, 11 evaluated, 1 expanded
[t=1.2197s, 47924 KB] New best heuristic value for merge_and_shrink(op_mutex = op_mutex(use_previous_ops = nopo, reachability_strategy = goal)): 155
[t=1.21972s, 47924 KB] g=60, 13 evaluated, 2 expanded
[t=1.21975s, 47924 KB] New best heuristic value for merge_and_shrink(op_mutex = op_mutex(use_previous_ops = nopo, reachability_strategy = goal)): 145
[t=1.21977s, 47924 KB] g=60, 19 evaluated, 2 expanded
[t=1.2198s, 47924 KB] New best heuristic value for merge_and_shrink(op_mutex = op_mutex(use_previous_ops = nopo, reachability_strategy = goal)): 135
[t=1.21982s, 47924 KB] g=60, 21 evaluated, 2 expanded
[t=1.21986s, 47924 KB] New best heuristic value for merge_and_shrink(op_mutex = op_mutex(use_previous_ops = nopo, reachability_strategy = goal)): 125
[t=1.21988s, 47924 KB] g=90, 27 evaluated, 3 expanded
[t=1.21993s, 47924 KB] New best heuristic value for merge_and_shrink(op_mutex = op_mutex(use_previous_ops = nopo, reachability_strategy = goal)): 120
[t=1.21995s, 47924 KB] g=75, 39 evaluated, 3 expanded
[t=1.21998s, 47924 KB] New best heuristic value for merge_and_shrink(op_mutex = op_mutex(use_previous_ops = nopo, reachability_strategy = goal)): 110
[t=1.22s, 47924 KB] g=105, 42 evaluated, 4 expanded
[t=1.22014s, 47924 KB] f = 205, 95 evaluated, 8 expanded
[t=1.22017s, 47924 KB] New best heuristic value for merge_and_shrink(op_mutex = op_mutex(use_previous_ops = nopo, reachability_strategy = goal)): 105
[t=1.2202s, 47924 KB] g=120, 96 evaluated, 9 expanded
[t=1.22025s, 47924 KB] New best heuristic value for merge_and_shrink(op_mutex = op_mutex(use_previous_ops = nopo, reachability_strategy = goal)): 95
[t=1.22027s, 47924 KB] g=130, 110 evaluated, 10 expanded
[t=1.22033s, 47924 KB] New best heuristic value for merge_and_shrink(op_mutex = op_mutex(use_previous_ops = nopo, reachability_strategy = goal)): 85
[t=1.22036s, 47924 KB] g=120, 128 evaluated, 11 expanded
[t=1.22041s, 47924 KB] New best heuristic value for merge_and_shrink(op_mutex = op_mutex(use_previous_ops = nopo, reachability_strategy = goal)): 65
[t=1.22043s, 47924 KB] g=140, 133 evaluated, 11 expanded
[t=1.22048s, 47924 KB] New best heuristic value for merge_and_shrink(op_mutex = op_mutex(use_previous_ops = nopo, reachability_strategy = goal)): 55
[t=1.2205s, 47924 KB] g=150, 146 evaluated, 12 expanded
[t=1.22057s, 47924 KB] New best heuristic value for merge_and_shrink(op_mutex = op_mutex(use_previous_ops = nopo, reachability_strategy = goal)): 45
[t=1.2206s, 47924 KB] g=170, 170 evaluated, 13 expanded
[t=1.22064s, 47924 KB] New best heuristic value for merge_and_shrink(op_mutex = op_mutex(use_previous_ops = nopo, reachability_strategy = goal)): 40
[t=1.22066s, 47924 KB] g=165, 182 evaluated, 13 expanded
[t=1.2207s, 47924 KB] New best heuristic value for merge_and_shrink(op_mutex = op_mutex(use_previous_ops = nopo, reachability_strategy = goal)): 30
[t=1.22073s, 47924 KB] g=185, 190 evaluated, 14 expanded
[t=1.23043s, 47924 KB] f = 210, 4967 evaluated, 390 expanded
[t=1.23406s, 47924 KB] f = 215, 6722 evaluated, 600 expanded
[t=1.24351s, 47924 KB] f = 220, 11116 evaluated, 1027 expanded
[t=1.24757s, 47924 KB] f = 225, 13045 evaluated, 1284 expanded
[t=1.24764s, 47924 KB] New best heuristic value for merge_and_shrink(op_mutex = op_mutex(use_previous_ops = nopo, reachability_strategy = goal)): 20
[t=1.24767s, 47924 KB] g=210, 13049 evaluated, 1285 expanded
[t=1.24772s, 47924 KB] New best heuristic value for merge_and_shrink(op_mutex = op_mutex(use_previous_ops = nopo, reachability_strategy = goal)): 10
[t=1.24774s, 47924 KB] g=215, 13059 evaluated, 1285 expanded
[t=1.24778s, 47924 KB] New best heuristic value for merge_and_shrink(op_mutex = op_mutex(use_previous_ops = nopo, reachability_strategy = goal)): 0
[t=1.2478s, 47924 KB] g=230, 13064 evaluated, 1286 expanded
[t=1.24784s, 47924 KB] Solution found!
[t=1.24787s, 47924 KB] Actual search time: 0.0283475s
do-saw-large b0 p2 saw0 oak rough s10 s8 s9 s7 (30)
do-plane p2 planer0 rough natural untreated (30)
load-highspeed-saw b1 highspeed-saw0 (30)
cut-board-medium b1 p0 highspeed-saw0 pine rough s3 s2 s1 (10)
cut-board-large b1 p1 highspeed-saw0 pine rough s3 s1 s2 s0 (10)
do-plane p1 planer0 rough natural untreated (30)
cut-board-medium b1 p3 highspeed-saw0 pine rough s3 s2 s1 (10)
do-glaze p3 glazer0 mauve (15)
do-immersion-varnish p1 immersion-varnisher0 blue smooth (10)
do-plane p0 planer0 rough natural untreated (20)
do-glaze p2 glazer0 white (20)
do-immersion-varnish p0 immersion-varnisher0 mauve smooth (10)
[t=1.2479s, 47924 KB] Plan length: 12 step(s).
[t=1.2479s, 47924 KB] Plan cost: 225
[t=1.2479s, 47924 KB] Expanded 1287 state(s).
[t=1.2479s, 47924 KB] Reopened 0 state(s).
[t=1.2479s, 47924 KB] Evaluated 13069 state(s).
[t=1.2479s, 47924 KB] Evaluations: 13069
[t=1.2479s, 47924 KB] Generated 20789 state(s).
[t=1.2479s, 47924 KB] Dead ends: 1424 state(s).
[t=1.2479s, 47924 KB] Expanded until last jump: 1284 state(s).
[t=1.2479s, 47924 KB] Reopened until last jump: 0 state(s).
[t=1.2479s, 47924 KB] Evaluated until last jump: 13045 state(s).
[t=1.2479s, 47924 KB] Generated until last jump: 20755 state(s).
[t=1.2479s, 47924 KB] Number of registered states: 13069
[t=1.2479s, 47924 KB] Int hash set load factor: 13069/16384 = 0.797668
[t=1.2479s, 47924 KB] Int hash set resizes: 14
[t=1.2479s, 47924 KB] Search time: 0.0285385s
[t=1.2479s, 47924 KB] Total time: 1.2479s
Solution found.
Peak memory: 47924 KB
Remove intermediate file output.sas
search exit code: 0

INFO     Running validate.
INFO     validate stdin: None
INFO     validate time limit: None
INFO     validate memory limit: None
INFO     validate command line string: validate domain.pddl problem.pddl sas_plan
Checking plan: sas_plan
Plan executed successfully - checking goal
Plan valid
Final value: 225 

Successful plans:
Value: 225
 sas_plan 225 

validate exit code: 0

