INFO     Running translator.
INFO     translator stdin: None
INFO     translator time limit: 599.95s
INFO     translator memory limit: 7000 MB
INFO     translator command line string: /usr/bin/python3 /user/student.aau.dk/lkar18/downward-projects/downward/experiments/nopo_vs_nasutpo_195p/data/nopo_vs_nasutpo/code-94571df14dfaf5b06207d9589b12facdd93f580c_e5e41175/builds/release/bin/translate/translate.py domain.pddl problem.pddl --sas-file output.sas
Parsing...
Parsing: [0.010s CPU, 0.002s wall-clock]
Normalizing task... [0.000s CPU, 0.000s wall-clock]
Instantiating...
Generating Datalog program... [0.000s CPU, 0.000s wall-clock]
Normalizing Datalog program...
Normalizing Datalog program: [0.000s CPU, 0.003s wall-clock]
Preparing model... [0.000s CPU, 0.001s wall-clock]
Generated 42 rules.
Computing model... [0.010s CPU, 0.006s wall-clock]
295 relevant atoms
285 auxiliary atoms
580 final queue length
835 total queue pushes
Completing instantiation... [0.000s CPU, 0.007s wall-clock]
Instantiating: [0.010s CPU, 0.017s wall-clock]
Computing fact groups...
Finding invariants...
12 initial candidates
Finding invariants: [0.010s CPU, 0.003s wall-clock]
Checking invariant weight... [0.000s CPU, 0.000s wall-clock]
Instantiating groups... [0.000s CPU, 0.000s wall-clock]
Collecting mutex groups... [0.000s CPU, 0.000s wall-clock]
Choosing groups...
0 uncovered facts
Choosing groups: [0.000s CPU, 0.000s wall-clock]
Building translation key... [0.000s CPU, 0.000s wall-clock]
Computing fact groups: [0.010s CPU, 0.005s wall-clock]
Building STRIPS to SAS dictionary... [0.000s CPU, 0.000s wall-clock]
Building dictionary for full mutex groups... [0.000s CPU, 0.000s wall-clock]
Building mutex information...
Building mutex information: [0.000s CPU, 0.000s wall-clock]
Translating task...
Processing axioms...
Simplifying axioms... [0.000s CPU, 0.000s wall-clock]
Translator axioms removed by simplifying: 0
Computing negative axioms... [0.000s CPU, 0.000s wall-clock]
Processing axioms: [0.000s CPU, 0.000s wall-clock]
Translating task: [0.000s CPU, 0.005s wall-clock]
0 effect conditions simplified
0 implied preconditions added
Detecting unreachable propositions...
0 operators removed
0 axioms removed
11 propositions removed
Detecting unreachable propositions: [0.010s CPU, 0.003s wall-clock]
Reordering and filtering variables...
11 of 11 variables necessary.
0 of 11 mutex groups necessary.
151 of 151 operators necessary.
0 of 0 axiom rules necessary.
Reordering and filtering variables: [0.000s CPU, 0.001s wall-clock]
Translator variables: 11
Translator derived variables: 0
Translator facts: 58
Translator goal facts: 1
Translator mutex groups: 0
Translator total mutex groups size: 0
Translator operators: 151
Translator axioms: 0
Translator task size: 932
Translator peak memory: 42524 KB
Writing output... [0.000s CPU, 0.002s wall-clock]
Done! [0.040s CPU, 0.036s wall-clock]
translate exit code: 0

INFO     Running search (release).
INFO     search stdin: output.sas
INFO     search time limit: 599.87s
INFO     search memory limit: 7000 MB
INFO     search command line string: /user/student.aau.dk/lkar18/downward-projects/downward/experiments/nopo_vs_nasutpo_195p/data/nopo_vs_nasutpo/code-94571df14dfaf5b06207d9589b12facdd93f580c_e5e41175/builds/release/bin/downward --search 'astar(merge_and_shrink(op_mutex=op_mutex(use_previous_ops=NaSUTPO, reachability_strategy=goal)))' --internal-plan-file sas_plan < output.sas
[t=3.6064e-05s, 22344 KB] reading input...
[t=0.0007888s, 22344 KB] done reading input!
[t=0.00224402s, 22600 KB] Initializing merge-and-shrink heuristic...
[t=0.00231276s, 22600 KB] Running merge-and-shrink algorithm...
[t=0.00233298s, 22600 KB] Merge strategy options:
[t=0.0023552s, 22600 KB] Type: stateless
[t=0.0023762s, 22600 KB] Merge selector options:
[t=0.00239642s, 22600 KB] Name: score based filtering
[t=0.00245624s, 22600 KB] Merge scoring function:
[t=0.00248073s, 22600 KB] Name: goal relevance
[t=0.00250117s, 22600 KB] Merge scoring function:
[t=0.00252057s, 22600 KB] Name: dfp
[t=0.00253987s, 22600 KB] Merge scoring function:
[t=0.002559s, 22600 KB] Name: total order
[t=0.00258856s, 22600 KB] Atomic transition system order: reverse level
[t=0.00260825s, 22600 KB] Product transition system order: new to old
[t=0.00262753s, 22600 KB] Consider atomic before product transition systems
[t=0.00264723s, 22600 KB] Random seed: -1

[t=0.00266927s, 22600 KB] Options related to size limits and shrinking: 
[t=0.00268968s, 22600 KB] Transition system size limit: 50000
[t=0.00270938s, 22600 KB] Transition system size limit right before merge: 50000
[t=0.00272864s, 22600 KB] Threshold to trigger shrinking right before merge: 1

[t=0.00275063s, 22600 KB] Pruning unreachable states: yes
[t=0.00277122s, 22600 KB] Pruning irrelevant states: yes

[t=0.00279392s, 22600 KB] Label reduction disabled

[t=0.0028168s, 22600 KB] Main loop max time in seconds: inf

[t=0.00284159s, 22600 KB] ===============================================================================
[t=0.00286151s, 22600 KB] WARNING! You did not enable label reduction.
This may drastically reduce the performance of merge-and-shrink!
[t=0.002882s, 22600 KB] ===============================================================================

[t=0.0029052s, 22600 KB] Building atomic transition systems... 
[t=0.00327931s, 23000 KB] M&S algorithm timer: 0.000999808s (after computation of atomic factors)

[t=0.00332553s, 23000 KB] Starting main loop without a time limit.
[t=0.00336858s, 23000 KB] Next pair of indices: (6, 10)
[t=0.00339558s, 23000 KB] M&S algorithm main loop timer: 8.9684e-05s (after computation of next merge)
[t=0.00349221s, 23000 KB] M&S algorithm main loop timer: 0.000193089s (after merging)

[t=0.00352974s, 23000 KB] Operator mutex starting iteration 0


[t=0.00361111s, 23000 KB] In ts_0_0 of size 2 found num new op-mutexes 9


[t=0.00369229s, 23000 KB] In ts_0_1 of size 3 found num new op-mutexes 8


[t=0.00377281s, 23000 KB] In ts_0_2 of size 4 found num new op-mutexes 12


[t=0.0038656s, 23000 KB] In ts_0_3 of size 5 found num new op-mutexes 16


[t=0.0039563s, 23000 KB] In ts_0_4 of size 6 found num new op-mutexes 20


[t=0.00406139s, 23000 KB] In ts_0_5 of size 7 found num new op-mutexes 24


[t=0.00418274s, 23000 KB] In ts_0_7 of size 7 found num new op-mutexes 0


[t=0.00429935s, 23000 KB] In ts_0_8 of size 7 found num new op-mutexes 0


[t=0.0043872s, 23000 KB] In ts_0_9 of size 4 found num new op-mutexes 0


[t=0.00462704s, 23000 KB] In ts_0_11 of size 42 found num new op-mutexes 0
[t=0.00466133s, 23000 KB] Operator mutex finished iteration 0. Found an additional 89 operator mutexes

[t=0.00470602s, 23000 KB] Next pair of indices: (0, 11)
[t=0.00473083s, 23000 KB] M&S algorithm main loop timer: 0.00142439s (after computation of next merge)
[t=0.00485011s, 23000 KB] M&S algorithm main loop timer: 0.00155012s (after merging)
[t=0.00489491s, 23000 KB] M&S algorithm main loop timer: 0.00159142s (after pruning)

[t=0.00492329s, 23000 KB] Operator mutex starting iteration 1


[t=0.00499803s, 23000 KB] In ts_1_1 of size 3 found num new op-mutexes 0


[t=0.00508434s, 23000 KB] In ts_1_2 of size 4 found num new op-mutexes 0


[t=0.0051706s, 23000 KB] In ts_1_3 of size 5 found num new op-mutexes 0


[t=0.00526204s, 23000 KB] In ts_1_4 of size 6 found num new op-mutexes 0


[t=0.00535928s, 23000 KB] In ts_1_5 of size 7 found num new op-mutexes 0


[t=0.00547286s, 23000 KB] In ts_1_7 of size 7 found num new op-mutexes 0


[t=0.00558474s, 23000 KB] In ts_1_8 of size 7 found num new op-mutexes 0


[t=0.00567284s, 23000 KB] In ts_1_9 of size 4 found num new op-mutexes 0


[t=0.00602494s, 23000 KB] In ts_1_12 of size 74 found num new op-mutexes 0
[t=0.00606262s, 23000 KB] Operator mutex finished iteration 1. Found an additional 0 operator mutexes

[t=0.00610607s, 23000 KB] Next pair of indices: (1, 12)
[t=0.00612987s, 23000 KB] M&S algorithm main loop timer: 0.00282357s (after computation of next merge)
[t=0.00632948s, 23000 KB] M&S algorithm main loop timer: 0.00303435s (after merging)
[t=0.00639239s, 23000 KB] M&S algorithm main loop timer: 0.00309073s (after pruning)

[t=0.00642269s, 23000 KB] Operator mutex starting iteration 2


[t=0.00650606s, 23000 KB] In ts_2_2 of size 4 found num new op-mutexes 0


[t=0.00660323s, 23000 KB] In ts_2_3 of size 5 found num new op-mutexes 0


[t=0.00670055s, 23000 KB] In ts_2_4 of size 6 found num new op-mutexes 0


[t=0.00681497s, 23000 KB] In ts_2_5 of size 7 found num new op-mutexes 0


[t=0.00693409s, 23000 KB] In ts_2_7 of size 7 found num new op-mutexes 0


[t=0.00704707s, 23000 KB] In ts_2_8 of size 7 found num new op-mutexes 0


[t=0.00714489s, 23000 KB] In ts_2_9 of size 4 found num new op-mutexes 0


[t=0.00868411s, 23000 KB] In ts_2_13 of size 192 found num new op-mutexes 0
[t=0.00872389s, 23000 KB] Operator mutex finished iteration 2. Found an additional 0 operator mutexes

[t=0.00876946s, 23000 KB] Next pair of indices: (2, 13)
[t=0.00879457s, 23000 KB] M&S algorithm main loop timer: 0.00548958s (after computation of next merge)
[t=0.00916654s, 23000 KB] M&S algorithm main loop timer: 0.00587491s (after shrinking)
[t=0.00946722s, 23000 KB] M&S algorithm main loop timer: 0.00618165s (after merging)
[t=0.00958719s, 23000 KB] M&S algorithm main loop timer: 0.00629136s (after pruning)

[t=0.00962395s, 23000 KB] Operator mutex starting iteration 3


[t=0.00971059s, 23000 KB] In ts_3_3 of size 5 found num new op-mutexes 0


[t=0.00980833s, 23000 KB] In ts_3_4 of size 6 found num new op-mutexes 0


[t=0.00990951s, 23000 KB] In ts_3_5 of size 7 found num new op-mutexes 0


[t=0.010026s, 23000 KB] In ts_3_7 of size 7 found num new op-mutexes 0


[t=0.0101398s, 23000 KB] In ts_3_8 of size 7 found num new op-mutexes 0


[t=0.0102308s, 23000 KB] In ts_3_9 of size 4 found num new op-mutexes 0


[t=0.0386424s, 23140 KB] In ts_3_14 of size 526 found num new op-mutexes 0
[t=0.0387376s, 23140 KB] Operator mutex finished iteration 3. Found an additional 0 operator mutexes

[t=0.0387956s, 23140 KB] Next pair of indices: (3, 14)
[t=0.0388214s, 23140 KB] M&S algorithm main loop timer: 0.0355153s (after computation of next merge)
[t=0.0400798s, 23140 KB] M&S algorithm main loop timer: 0.0367999s (after shrinking)
[t=0.0409034s, 23140 KB] M&S algorithm main loop timer: 0.0376095s (after merging)
[t=0.0410937s, 23140 KB] M&S algorithm main loop timer: 0.037803s (after pruning)

[t=0.0411363s, 23140 KB] Operator mutex starting iteration 4


[t=0.0412404s, 23140 KB] In ts_4_4 of size 6 found num new op-mutexes 0


[t=0.0413529s, 23140 KB] In ts_4_5 of size 7 found num new op-mutexes 0


[t=0.0414824s, 23140 KB] In ts_4_7 of size 7 found num new op-mutexes 0


[t=0.0416104s, 23140 KB] In ts_4_8 of size 7 found num new op-mutexes 0


[t=0.0417091s, 23140 KB] In ts_4_9 of size 4 found num new op-mutexes 0


[t=0.0752321s, 23360 KB] In ts_4_15 of size 960 found num new op-mutexes 22
[t=0.075302s, 23360 KB] Operator mutex finished iteration 4. Found an additional 22 operator mutexes

[t=0.0753612s, 23360 KB] Next pair of indices: (4, 15)
[t=0.0753874s, 23360 KB] M&S algorithm main loop timer: 0.0720814s (after computation of next merge)
[t=0.0777428s, 23360 KB] M&S algorithm main loop timer: 0.0744762s (after shrinking)
[t=0.0794284s, 23360 KB] M&S algorithm main loop timer: 0.0761377s (after merging)
[t=0.0798813s, 23360 KB] M&S algorithm main loop timer: 0.0766076s (after pruning)

[t=0.0799406s, 23360 KB] Operator mutex starting iteration 5


[t=0.0800453s, 23360 KB] In ts_5_5 of size 7 found num new op-mutexes 0


[t=0.0801679s, 23360 KB] In ts_5_7 of size 7 found num new op-mutexes 0


[t=0.0802851s, 23360 KB] In ts_5_8 of size 7 found num new op-mutexes 0


[t=0.0803784s, 23360 KB] In ts_5_9 of size 4 found num new op-mutexes 0


[t=1.21184s, 25436 KB] In ts_5_16 of size 3174 found num new op-mutexes 0
[t=1.21196s, 25436 KB] Operator mutex finished iteration 5. Found an additional 0 operator mutexes

[t=1.21202s, 25436 KB] Next pair of indices: (5, 16)
[t=1.21205s, 25436 KB] M&S algorithm main loop timer: 1.20874s (after computation of next merge)
[t=1.22051s, 25436 KB] M&S algorithm main loop timer: 1.2173s (after shrinking)
[t=1.22656s, 25436 KB] M&S algorithm main loop timer: 1.22331s (after merging)
[t=1.22734s, 25436 KB] M&S algorithm main loop timer: 1.22405s (after pruning)

[t=1.22738s, 25436 KB] Operator mutex starting iteration 6


[t=1.22751s, 25436 KB] In ts_6_7 of size 7 found num new op-mutexes 0


[t=1.22763s, 25436 KB] In ts_6_8 of size 7 found num new op-mutexes 0


[t=1.22772s, 25436 KB] In ts_6_9 of size 4 found num new op-mutexes 0


[t=2.54753s, 25988 KB] In ts_6_17 of size 3268 found num new op-mutexes 0
[t=2.54762s, 25988 KB] Operator mutex finished iteration 6. Found an additional 0 operator mutexes

[t=2.54769s, 25988 KB] Next pair of indices: (7, 17)
[t=2.54772s, 25988 KB] M&S algorithm main loop timer: 2.54441s (after computation of next merge)
[t=2.55574s, 25988 KB] M&S algorithm main loop timer: 2.5525s (after shrinking)
[t=2.56255s, 25988 KB] M&S algorithm main loop timer: 2.55927s (after merging)
[t=2.56427s, 25988 KB] M&S algorithm main loop timer: 2.56098s (after pruning)

[t=2.56431s, 25988 KB] Operator mutex starting iteration 7


[t=2.56443s, 25988 KB] In ts_7_8 of size 7 found num new op-mutexes 0


[t=2.56454s, 25988 KB] In ts_7_9 of size 4 found num new op-mutexes 0
[t=2.56462s, 25988 KB] Operator mutex finished iteration 7. Found an additional 0 operator mutexes

[t=2.56471s, 25988 KB] Next pair of indices: (8, 18)
[t=2.56474s, 25988 KB] M&S algorithm main loop timer: 2.56143s (after computation of next merge)
[t=2.58196s, 25988 KB] M&S algorithm main loop timer: 2.57872s (after shrinking)
[t=2.60129s, 27600 KB] M&S algorithm main loop timer: 2.59805s (after merging)
[t=2.60753s, 27600 KB] M&S algorithm main loop timer: 2.60426s (after pruning)

[t=2.6076s, 27600 KB] Operator mutex starting iteration 8


[t=2.60771s, 27600 KB] In ts_8_9 of size 4 found num new op-mutexes 0
[t=2.60791s, 27600 KB] Operator mutex finished iteration 8. Found an additional 0 operator mutexes

[t=2.60795s, 27600 KB] Next pair of indices: (9, 19)
[t=2.60797s, 27600 KB] M&S algorithm main loop timer: 2.60466s (after computation of next merge)
[t=2.65537s, 29256 KB] M&S algorithm main loop timer: 2.65214s (after shrinking)
[t=2.67351s, 29256 KB] M&S algorithm main loop timer: 2.67027s (after merging)
[t=2.67603s, 29256 KB] M&S algorithm main loop timer: 2.67274s (after pruning)

[t=2.67608s, 29256 KB] Operator mutex starting iteration 9
[t=2.67619s, 29256 KB] Operator mutex finished iteration 9. Found an additional 0 operator mutexes

[t=2.67622s, 29256 KB] End of merge-and-shrink algorithm, statistics:
[t=2.67627s, 29256 KB] Main loop runtime: 2.67297s
[t=2.6763s, 29256 KB] Maximum intermediate abstraction size: 46375
[t=2.67632s, 29256 KB] Final peak memory increase of merge-and-shrink algorithm: 6656 KB
[t=2.67635s, 29256 KB] Merge-and-shrink algorithm runtime: 2.67406s

[t=2.67638s, 29256 KB] Number of labels: 151
[t=2.6764s, 29256 KB] Total number of operator mutexes: 111
[t=2.67642s, 29256 KB] Operator Mutex total time: 2.52116s
[t=2.67645s, 29256 KB] Number of remaining factors: 1
[t=2.67651s, 29256 KB] Number of factors kept: 1
[t=2.67653s, 29256 KB] Done initializing merge-and-shrink heuristic.

[t=2.67665s, 29256 KB] Building successor generator...done!
[t=2.67681s, 29256 KB] peak memory difference for successor generator creation: 0 KB
[t=2.67683s, 29256 KB] time for successor generation creation: 8.971e-05s
[t=2.67686s, 29256 KB] Variables: 11
[t=2.67688s, 29256 KB] FactPairs: 58
[t=2.6769s, 29256 KB] Bytes per state: 4
[t=2.67702s, 29256 KB] Conducting best first search with reopening closed nodes, (real) bound = 2147483647
[t=2.67709s, 29256 KB] New best heuristic value for merge_and_shrink(op_mutex = op_mutex(use_previous_ops = nasutpo, reachability_strategy = goal)): 5
[t=2.67711s, 29256 KB] g=0, 1 evaluated, 0 expanded
[t=2.67713s, 29256 KB] f = 5, 1 evaluated, 0 expanded
[t=2.67716s, 29256 KB] Initial heuristic value for merge_and_shrink(op_mutex = op_mutex(use_previous_ops = nasutpo, reachability_strategy = goal)): 5
[t=2.67718s, 29256 KB] pruning method: none
[t=2.67721s, 29256 KB] New best heuristic value for merge_and_shrink(op_mutex = op_mutex(use_previous_ops = nasutpo, reachability_strategy = goal)): 4
[t=2.67724s, 29256 KB] g=1, 4 evaluated, 1 expanded
[t=2.67727s, 29256 KB] New best heuristic value for merge_and_shrink(op_mutex = op_mutex(use_previous_ops = nasutpo, reachability_strategy = goal)): 3
[t=2.67729s, 29256 KB] g=2, 5 evaluated, 2 expanded
[t=2.67732s, 29256 KB] New best heuristic value for merge_and_shrink(op_mutex = op_mutex(use_previous_ops = nasutpo, reachability_strategy = goal)): 2
[t=2.67735s, 29256 KB] g=3, 7 evaluated, 3 expanded
[t=2.67738s, 29256 KB] New best heuristic value for merge_and_shrink(op_mutex = op_mutex(use_previous_ops = nasutpo, reachability_strategy = goal)): 1
[t=2.6774s, 29256 KB] g=4, 11 evaluated, 4 expanded
[t=2.67744s, 29256 KB] New best heuristic value for merge_and_shrink(op_mutex = op_mutex(use_previous_ops = nasutpo, reachability_strategy = goal)): 0
[t=2.67746s, 29256 KB] g=5, 18 evaluated, 5 expanded
[t=2.67749s, 29256 KB] Solution found!
[t=2.67751s, 29256 KB] Actual search time: 0.00032733s
overcome abrasion rest pork uranus venus (1)
feast rest pork lamb alsace quebec (1)
feast rest lamb flounder surrey pennsylvania (1)
feast rest flounder rice pennsylvania alsace (1)
succumb abrasion rest rice uranus venus (1)
[t=2.67753s, 29256 KB] Plan length: 5 step(s).
[t=2.67753s, 29256 KB] Plan cost: 5
[t=2.67753s, 29256 KB] Expanded 6 state(s).
[t=2.67753s, 29256 KB] Reopened 0 state(s).
[t=2.67753s, 29256 KB] Evaluated 18 state(s).
[t=2.67753s, 29256 KB] Evaluations: 18
[t=2.67753s, 29256 KB] Generated 18 state(s).
[t=2.67753s, 29256 KB] Dead ends: 0 state(s).
[t=2.67753s, 29256 KB] Expanded until last jump: 0 state(s).
[t=2.67753s, 29256 KB] Reopened until last jump: 0 state(s).
[t=2.67753s, 29256 KB] Evaluated until last jump: 1 state(s).
[t=2.67753s, 29256 KB] Generated until last jump: 0 state(s).
[t=2.67753s, 29256 KB] Number of registered states: 18
[t=2.67753s, 29256 KB] Int hash set load factor: 18/32 = 0.5625
[t=2.67753s, 29256 KB] Int hash set resizes: 5
[t=2.67753s, 29256 KB] Search time: 0.000507189s
[t=2.67753s, 29256 KB] Total time: 2.67753s
Solution found.
Peak memory: 29256 KB
Remove intermediate file output.sas
search exit code: 0

INFO     Running validate.
INFO     validate stdin: None
INFO     validate time limit: None
INFO     validate memory limit: None
INFO     validate command line string: validate domain.pddl problem.pddl sas_plan
Checking plan: sas_plan
Plan executed successfully - checking goal
Plan valid
Final value: 5 

Successful plans:
Value: 5
 sas_plan 5 

validate exit code: 0

