INFO     Running translator.
INFO     translator stdin: None
INFO     translator time limit: 599.97s
INFO     translator memory limit: 7000 MB
INFO     translator command line string: /usr/bin/python3 /user/student.aau.dk/lkar18/downward-projects/downward/experiments/nopo_vs_nasutpo_195p/data/nopo_vs_nasutpo/code-94571df14dfaf5b06207d9589b12facdd93f580c_e5e41175/builds/release/bin/translate/translate.py domain.pddl problem.pddl --sas-file output.sas
Parsing...
Parsing: [0.010s CPU, 0.008s wall-clock]
Normalizing task... [0.000s CPU, 0.001s wall-clock]
Instantiating...
Generating Datalog program... [0.000s CPU, 0.001s wall-clock]
Normalizing Datalog program...
Normalizing Datalog program: [0.010s CPU, 0.008s wall-clock]
Preparing model... [0.010s CPU, 0.005s wall-clock]
Generated 350 rules.
Computing model... [0.000s CPU, 0.006s wall-clock]
338 relevant atoms
494 auxiliary atoms
832 final queue length
1036 total queue pushes
Completing instantiation... [0.010s CPU, 0.004s wall-clock]
Instantiating: [0.030s CPU, 0.026s wall-clock]
Computing fact groups...
Finding invariants...
20 initial candidates
Finding invariants: [0.010s CPU, 0.007s wall-clock]
Checking invariant weight... [0.000s CPU, 0.000s wall-clock]
Instantiating groups... [0.000s CPU, 0.000s wall-clock]
Collecting mutex groups... [0.000s CPU, 0.000s wall-clock]
Choosing groups...
38 uncovered facts
Choosing groups: [0.000s CPU, 0.000s wall-clock]
Building translation key... [0.000s CPU, 0.000s wall-clock]
Computing fact groups: [0.010s CPU, 0.009s wall-clock]
Building STRIPS to SAS dictionary... [0.000s CPU, 0.000s wall-clock]
Building dictionary for full mutex groups... [0.000s CPU, 0.000s wall-clock]
Building mutex information...
Building mutex information: [0.000s CPU, 0.000s wall-clock]
Translating task...
Processing axioms...
Simplifying axioms... [0.000s CPU, 0.000s wall-clock]
Translator axioms removed by simplifying: 0
Computing negative axioms... [0.000s CPU, 0.000s wall-clock]
Processing axioms: [0.000s CPU, 0.000s wall-clock]
Translating task: [0.000s CPU, 0.005s wall-clock]
57 effect conditions simplified
0 implied preconditions added
Detecting unreachable propositions...
0 operators removed
0 axioms removed
4 propositions removed
Detecting unreachable propositions: [0.000s CPU, 0.003s wall-clock]
Reordering and filtering variables...
33 of 39 variables necessary.
0 of 2 mutex groups necessary.
99 of 99 operators necessary.
0 of 0 axiom rules necessary.
Reordering and filtering variables: [0.010s CPU, 0.002s wall-clock]
Translator variables: 33
Translator derived variables: 0
Translator facts: 104
Translator goal facts: 12
Translator mutex groups: 0
Translator total mutex groups size: 0
Translator operators: 99
Translator axioms: 0
Translator task size: 739
Translator peak memory: 43036 KB
Writing output... [0.000s CPU, 0.002s wall-clock]
Done! [0.060s CPU, 0.055s wall-clock]
translate exit code: 0

INFO     Running search (release).
INFO     search stdin: output.sas
INFO     search time limit: 599.87s
INFO     search memory limit: 7000 MB
INFO     search command line string: /user/student.aau.dk/lkar18/downward-projects/downward/experiments/nopo_vs_nasutpo_195p/data/nopo_vs_nasutpo/code-94571df14dfaf5b06207d9589b12facdd93f580c_e5e41175/builds/release/bin/downward --search 'astar(merge_and_shrink(op_mutex=op_mutex(use_previous_ops=NaSUTPO, reachability_strategy=goal), merge_strategy=merge_sccs(order_of_sccs=topological, merge_tree=linear()), shrink_strategy=shrink_fh()))' --internal-plan-file sas_plan < output.sas
[t=3.9561e-05s, 22344 KB] reading input...
[t=0.000669645s, 22344 KB] done reading input!
[t=0.00206485s, 22600 KB] Initializing merge-and-shrink heuristic...
[t=0.00212923s, 22600 KB] Running merge-and-shrink algorithm...
[t=0.00214911s, 22600 KB] Merge strategy options:
[t=0.00216984s, 22600 KB] Type: sccs
[t=0.0021894s, 22600 KB] Merge order of sccs: topological
[t=0.00220886s, 22600 KB] Merge strategy for merging within sccs: 
[t=0.00222825s, 22600 KB] Merge tree options: 
[t=0.00224748s, 22600 KB] Type: linear
[t=0.00226641s, 22600 KB] Update option: use random
[t=0.00228618s, 22600 KB] Variable order type: CG/GOAL, tie breaking on level (main)

[t=0.0023079s, 22600 KB] Options related to size limits and shrinking: 
[t=0.00232814s, 22600 KB] Transition system size limit: 50000
[t=0.00234767s, 22600 KB] Transition system size limit right before merge: 50000
[t=0.00236688s, 22600 KB] Threshold to trigger shrinking right before merge: 1

[t=0.00238868s, 22600 KB] Pruning unreachable states: yes
[t=0.00240865s, 22600 KB] Pruning irrelevant states: yes

[t=0.00242979s, 22600 KB] Label reduction disabled

[t=0.00245187s, 22600 KB] Main loop max time in seconds: inf

[t=0.00247595s, 22600 KB] ===============================================================================
[t=0.00249573s, 22600 KB] WARNING! You did not enable label reduction.
This may drastically reduce the performance of merge-and-shrink!
[t=0.00251583s, 22600 KB] ===============================================================================

[t=0.00254285s, 22600 KB] Building atomic transition systems... 
[t=0.00310964s, 23264 KB] M&S algorithm timer: 0.00101377s (after computation of atomic factors)
[t=0.00316023s, 23264 KB] M&S algorithm timer: 0.00105366s (after pruning atomic factors)

[t=0.00318989s, 23264 KB] Starting main loop without a time limit.
[t=0.00321434s, 23264 KB] building causal graph...done! [t=0.000214297s]
[t=0.00346025s, 23264 KB] SCCs of the causal graph:
[t=0.00350275s, 23264 KB] [0, 1, 2, 3, 4, 5, 6, 7, 8, 9, 10, 11, 12, 13, 14]
[t=0.00352642s, 23264 KB] [16, 17, 15, 32, 18, 19, 20, 21, 22]
[t=0.00354753s, 23264 KB] [25, 23, 31, 24, 26, 27, 28, 29, 30]
[t=0.00357831s, 23264 KB] Next pair of indices: (14, 13)
[t=0.00360079s, 23264 KB] M&S algorithm main loop timer: 0.000429604s (after computation of next merge)
[t=0.00364782s, 23264 KB] M&S algorithm main loop timer: 0.000502242s (after merging)
[t=0.0037021s, 23264 KB] M&S algorithm main loop timer: 0.000534617s (after pruning)

[t=0.0037325s, 23264 KB] Operator mutex starting iteration 0


[t=0.00379928s, 23264 KB] In ts_0_0 of size 2 found num new op-mutexes 1


[t=0.00386674s, 23264 KB] In ts_0_1 of size 2 found num new op-mutexes 0


[t=0.00392964s, 23264 KB] In ts_0_2 of size 2 found num new op-mutexes 0


[t=0.00399063s, 23264 KB] In ts_0_3 of size 2 found num new op-mutexes 0


[t=0.0040503s, 23264 KB] In ts_0_4 of size 2 found num new op-mutexes 0


[t=0.00410955s, 23264 KB] In ts_0_5 of size 2 found num new op-mutexes 0


[t=0.00416775s, 23264 KB] In ts_0_6 of size 2 found num new op-mutexes 0


[t=0.00422627s, 23264 KB] In ts_0_7 of size 2 found num new op-mutexes 0


[t=0.00429488s, 23264 KB] In ts_0_8 of size 2 found num new op-mutexes 0


[t=0.00435364s, 23264 KB] In ts_0_9 of size 2 found num new op-mutexes 0


[t=0.00441184s, 23264 KB] In ts_0_10 of size 2 found num new op-mutexes 0


[t=0.00447005s, 23264 KB] In ts_0_11 of size 2 found num new op-mutexes 0


[t=0.0045278s, 23264 KB] In ts_0_12 of size 2 found num new op-mutexes 0


[t=0.00458622s, 23264 KB] In ts_0_15 of size 2 found num new op-mutexes 4


[t=0.00464977s, 23264 KB] In ts_0_16 of size 2 found num new op-mutexes 0


[t=0.00483983s, 23264 KB] In ts_0_17 of size 21 found num new op-mutexes 13


[t=0.00501189s, 23264 KB] In ts_0_18 of size 1 found num new op-mutexes 776


[t=0.00511747s, 23264 KB] In ts_0_19 of size 1 found num new op-mutexes 376


[t=0.00518631s, 23264 KB] In ts_0_20 of size 2 found num new op-mutexes 0


[t=0.00536554s, 23408 KB] In ts_0_21 of size 1 found num new op-mutexes 728


[t=0.00542884s, 23408 KB] In ts_0_22 of size 2 found num new op-mutexes 0


[t=0.00549071s, 23408 KB] In ts_0_23 of size 2 found num new op-mutexes 16


[t=0.00555571s, 23408 KB] In ts_0_24 of size 2 found num new op-mutexes 0


[t=0.00573753s, 23408 KB] In ts_0_25 of size 21 found num new op-mutexes 13


[t=0.00589496s, 23408 KB] In ts_0_26 of size 1 found num new op-mutexes 696


[t=0.00600971s, 23408 KB] In ts_0_27 of size 1 found num new op-mutexes 336


[t=0.00609025s, 23408 KB] In ts_0_28 of size 2 found num new op-mutexes 0


[t=0.00626209s, 23408 KB] In ts_0_29 of size 1 found num new op-mutexes 328


[t=0.00632827s, 23408 KB] In ts_0_30 of size 2 found num new op-mutexes 0


[t=0.0063914s, 23408 KB] In ts_0_31 of size 2 found num new op-mutexes 0


[t=0.00644921s, 23408 KB] In ts_0_32 of size 2 found num new op-mutexes 0


[t=0.00652176s, 23408 KB] In ts_0_33 of size 2 found num new op-mutexes 0
[t=0.00655092s, 23408 KB] Operator mutex finished iteration 0. Found an additional 3287 operator mutexes

[t=0.00658753s, 23408 KB] Next pair of indices: (33, 12)
[t=0.00660871s, 23408 KB] M&S algorithm main loop timer: 0.00343711s (after computation of next merge)
[t=0.00665361s, 23408 KB] M&S algorithm main loop timer: 0.00348743s (after merging)
[t=0.00668424s, 23408 KB] M&S algorithm main loop timer: 0.00351396s (after pruning)

[t=0.00671464s, 23408 KB] Operator mutex starting iteration 1


[t=0.00676674s, 23408 KB] In ts_1_0 of size 2 found num new op-mutexes 0


[t=0.00683373s, 23408 KB] In ts_1_1 of size 2 found num new op-mutexes 0


[t=0.00690895s, 23408 KB] In ts_1_2 of size 2 found num new op-mutexes 0


[t=0.00697183s, 23408 KB] In ts_1_3 of size 2 found num new op-mutexes 0


[t=0.0070402s, 23408 KB] In ts_1_4 of size 2 found num new op-mutexes 0


[t=0.00709921s, 23408 KB] In ts_1_5 of size 2 found num new op-mutexes 0


[t=0.00715784s, 23408 KB] In ts_1_6 of size 2 found num new op-mutexes 0


[t=0.00721614s, 23408 KB] In ts_1_7 of size 2 found num new op-mutexes 0


[t=0.00727507s, 23408 KB] In ts_1_8 of size 2 found num new op-mutexes 0


[t=0.00733769s, 23408 KB] In ts_1_9 of size 2 found num new op-mutexes 0


[t=0.00739659s, 23408 KB] In ts_1_10 of size 2 found num new op-mutexes 0


[t=0.00746633s, 23408 KB] In ts_1_11 of size 2 found num new op-mutexes 0


[t=0.00752394s, 23408 KB] In ts_1_15 of size 2 found num new op-mutexes 0


[t=0.00760969s, 23408 KB] In ts_1_16 of size 2 found num new op-mutexes 0


[t=0.00782461s, 23408 KB] In ts_1_17 of size 21 found num new op-mutexes 0


[t=0.00795837s, 23408 KB] In ts_1_18 of size 1 found num new op-mutexes 0


[t=0.00805912s, 23408 KB] In ts_1_19 of size 1 found num new op-mutexes 0


[t=0.00813138s, 23408 KB] In ts_1_20 of size 2 found num new op-mutexes 0


[t=0.00826024s, 23408 KB] In ts_1_21 of size 1 found num new op-mutexes 0


[t=0.00832142s, 23408 KB] In ts_1_22 of size 2 found num new op-mutexes 0


[t=0.00838882s, 23408 KB] In ts_1_23 of size 2 found num new op-mutexes 0


[t=0.00847666s, 23408 KB] In ts_1_24 of size 2 found num new op-mutexes 0


[t=0.00870014s, 23408 KB] In ts_1_25 of size 21 found num new op-mutexes 0


[t=0.00884723s, 23408 KB] In ts_1_26 of size 1 found num new op-mutexes 0


[t=0.00894686s, 23408 KB] In ts_1_27 of size 1 found num new op-mutexes 0


[t=0.00901471s, 23408 KB] In ts_1_28 of size 2 found num new op-mutexes 0


[t=0.00910886s, 23408 KB] In ts_1_29 of size 1 found num new op-mutexes 0


[t=0.00916987s, 23408 KB] In ts_1_30 of size 2 found num new op-mutexes 0


[t=0.00922672s, 23408 KB] In ts_1_31 of size 2 found num new op-mutexes 0


[t=0.0092829s, 23408 KB] In ts_1_32 of size 2 found num new op-mutexes 0


[t=0.00935296s, 23408 KB] In ts_1_34 of size 2 found num new op-mutexes 0
[t=0.00938239s, 23408 KB] Operator mutex finished iteration 1. Found an additional 0 operator mutexes

[t=0.00940978s, 23408 KB] Next pair of indices: (34, 11)
[t=0.00943112s, 23408 KB] M&S algorithm main loop timer: 0.00625971s (after computation of next merge)
[t=0.00947415s, 23408 KB] M&S algorithm main loop timer: 0.00630794s (after merging)
[t=0.00950469s, 23408 KB] M&S algorithm main loop timer: 0.00633459s (after pruning)

[t=0.00953067s, 23408 KB] Operator mutex starting iteration 2


[t=0.00958394s, 23408 KB] In ts_2_0 of size 2 found num new op-mutexes 0


[t=0.0096526s, 23408 KB] In ts_2_1 of size 2 found num new op-mutexes 0


[t=0.00972478s, 23408 KB] In ts_2_2 of size 2 found num new op-mutexes 0


[t=0.00978536s, 23408 KB] In ts_2_3 of size 2 found num new op-mutexes 0


[t=0.00985484s, 23408 KB] In ts_2_4 of size 2 found num new op-mutexes 0


[t=0.00991725s, 23408 KB] In ts_2_5 of size 2 found num new op-mutexes 0


[t=0.00997741s, 23408 KB] In ts_2_6 of size 2 found num new op-mutexes 0


[t=0.0100478s, 23408 KB] In ts_2_7 of size 2 found num new op-mutexes 0


[t=0.0101099s, 23408 KB] In ts_2_8 of size 2 found num new op-mutexes 0


[t=0.0101747s, 23408 KB] In ts_2_9 of size 2 found num new op-mutexes 0


[t=0.0102353s, 23408 KB] In ts_2_10 of size 2 found num new op-mutexes 0


[t=0.0102942s, 23408 KB] In ts_2_15 of size 2 found num new op-mutexes 0


[t=0.0103811s, 23408 KB] In ts_2_16 of size 2 found num new op-mutexes 0


[t=0.0106059s, 23408 KB] In ts_2_17 of size 21 found num new op-mutexes 0


[t=0.0107421s, 23408 KB] In ts_2_18 of size 1 found num new op-mutexes 0


[t=0.0108493s, 23408 KB] In ts_2_19 of size 1 found num new op-mutexes 0


[t=0.0109244s, 23408 KB] In ts_2_20 of size 2 found num new op-mutexes 0


[t=0.0110532s, 23408 KB] In ts_2_21 of size 1 found num new op-mutexes 0


[t=0.0111157s, 23408 KB] In ts_2_22 of size 2 found num new op-mutexes 0


[t=0.0111764s, 23408 KB] In ts_2_23 of size 2 found num new op-mutexes 0


[t=0.0112631s, 23408 KB] In ts_2_24 of size 2 found num new op-mutexes 0


[t=0.0114607s, 23408 KB] In ts_2_25 of size 21 found num new op-mutexes 0


[t=0.0116238s, 23408 KB] In ts_2_26 of size 1 found num new op-mutexes 0


[t=0.0117323s, 23408 KB] In ts_2_27 of size 1 found num new op-mutexes 0


[t=0.011803s, 23408 KB] In ts_2_28 of size 2 found num new op-mutexes 0


[t=0.0118996s, 23408 KB] In ts_2_29 of size 1 found num new op-mutexes 0


[t=0.0119714s, 23408 KB] In ts_2_30 of size 2 found num new op-mutexes 0


[t=0.0120301s, 23408 KB] In ts_2_31 of size 2 found num new op-mutexes 0


[t=0.0120874s, 23408 KB] In ts_2_32 of size 2 found num new op-mutexes 0


[t=0.0121595s, 23408 KB] In ts_2_35 of size 2 found num new op-mutexes 0
[t=0.0121883s, 23408 KB] Operator mutex finished iteration 2. Found an additional 0 operator mutexes

[t=0.012216s, 23408 KB] Next pair of indices: (35, 10)
[t=0.0122387s, 23408 KB] M&S algorithm main loop timer: 0.00907599s (after computation of next merge)
[t=0.0122924s, 23408 KB] M&S algorithm main loop timer: 0.00912654s (after merging)
[t=0.0123236s, 23408 KB] M&S algorithm main loop timer: 0.0091535s (after pruning)

[t=0.0123497s, 23408 KB] Operator mutex starting iteration 3


[t=0.0124018s, 23408 KB] In ts_3_0 of size 2 found num new op-mutexes 0


[t=0.0124687s, 23408 KB] In ts_3_1 of size 2 found num new op-mutexes 0


[t=0.0125302s, 23408 KB] In ts_3_2 of size 2 found num new op-mutexes 0


[t=0.0125901s, 23408 KB] In ts_3_3 of size 2 found num new op-mutexes 0


[t=0.0126587s, 23408 KB] In ts_3_4 of size 2 found num new op-mutexes 0


[t=0.0127188s, 23408 KB] In ts_3_5 of size 2 found num new op-mutexes 0


[t=0.012777s, 23408 KB] In ts_3_6 of size 2 found num new op-mutexes 0


[t=0.012835s, 23408 KB] In ts_3_7 of size 2 found num new op-mutexes 0


[t=0.0128935s, 23408 KB] In ts_3_8 of size 2 found num new op-mutexes 0


[t=0.0129556s, 23408 KB] In ts_3_9 of size 2 found num new op-mutexes 0


[t=0.0130135s, 23408 KB] In ts_3_15 of size 2 found num new op-mutexes 0


[t=0.013099s, 23408 KB] In ts_3_16 of size 2 found num new op-mutexes 0


[t=0.0133755s, 23408 KB] In ts_3_17 of size 21 found num new op-mutexes 0


[t=0.013518s, 23408 KB] In ts_3_18 of size 1 found num new op-mutexes 0


[t=0.0136193s, 23408 KB] In ts_3_19 of size 1 found num new op-mutexes 0


[t=0.0137013s, 23408 KB] In ts_3_20 of size 2 found num new op-mutexes 0


[t=0.0138296s, 23408 KB] In ts_3_21 of size 1 found num new op-mutexes 0


[t=0.0138917s, 23408 KB] In ts_3_22 of size 2 found num new op-mutexes 0


[t=0.0139516s, 23408 KB] In ts_3_23 of size 2 found num new op-mutexes 0


[t=0.0140459s, 23408 KB] In ts_3_24 of size 2 found num new op-mutexes 0


[t=0.0142446s, 23408 KB] In ts_3_25 of size 21 found num new op-mutexes 0


[t=0.0143776s, 23408 KB] In ts_3_26 of size 1 found num new op-mutexes 0


[t=0.0144768s, 23408 KB] In ts_3_27 of size 1 found num new op-mutexes 0


[t=0.0145445s, 23408 KB] In ts_3_28 of size 2 found num new op-mutexes 0


[t=0.0146391s, 23408 KB] In ts_3_29 of size 1 found num new op-mutexes 0


[t=0.0147117s, 23408 KB] In ts_3_30 of size 2 found num new op-mutexes 0


[t=0.0147721s, 23408 KB] In ts_3_31 of size 2 found num new op-mutexes 0


[t=0.0148281s, 23408 KB] In ts_3_32 of size 2 found num new op-mutexes 0


[t=0.0148986s, 23408 KB] In ts_3_36 of size 2 found num new op-mutexes 0
[t=0.0149279s, 23408 KB] Operator mutex finished iteration 3. Found an additional 0 operator mutexes

[t=0.0149549s, 23408 KB] Next pair of indices: (36, 9)
[t=0.0149765s, 23408 KB] M&S algorithm main loop timer: 0.0118051s (after computation of next merge)
[t=0.0150192s, 23408 KB] M&S algorithm main loop timer: 0.0118565s (after merging)
[t=0.0150535s, 23408 KB] M&S algorithm main loop timer: 0.0118832s (after pruning)

[t=0.0150794s, 23408 KB] Operator mutex starting iteration 4


[t=0.0151331s, 23408 KB] In ts_4_0 of size 2 found num new op-mutexes 0


[t=0.0152015s, 23408 KB] In ts_4_1 of size 2 found num new op-mutexes 0


[t=0.0152639s, 23408 KB] In ts_4_2 of size 2 found num new op-mutexes 0


[t=0.0153245s, 23408 KB] In ts_4_3 of size 2 found num new op-mutexes 0


[t=0.0153937s, 23408 KB] In ts_4_4 of size 2 found num new op-mutexes 0


[t=0.0154536s, 23408 KB] In ts_4_5 of size 2 found num new op-mutexes 0


[t=0.0155134s, 23408 KB] In ts_4_6 of size 2 found num new op-mutexes 0


[t=0.0155725s, 23408 KB] In ts_4_7 of size 2 found num new op-mutexes 0


[t=0.0156319s, 23408 KB] In ts_4_8 of size 2 found num new op-mutexes 0


[t=0.0156901s, 23408 KB] In ts_4_15 of size 2 found num new op-mutexes 0


[t=0.0157766s, 23408 KB] In ts_4_16 of size 2 found num new op-mutexes 0


[t=0.0160656s, 23408 KB] In ts_4_17 of size 21 found num new op-mutexes 0


[t=0.016277s, 23408 KB] In ts_4_18 of size 1 found num new op-mutexes 0


[t=0.0164195s, 23408 KB] In ts_4_19 of size 1 found num new op-mutexes 0


[t=0.0165005s, 23408 KB] In ts_4_20 of size 2 found num new op-mutexes 0


[t=0.0166304s, 23408 KB] In ts_4_21 of size 1 found num new op-mutexes 0


[t=0.016693s, 23408 KB] In ts_4_22 of size 2 found num new op-mutexes 0


[t=0.0167541s, 23408 KB] In ts_4_23 of size 2 found num new op-mutexes 0


[t=0.0168496s, 23408 KB] In ts_4_24 of size 2 found num new op-mutexes 0


[t=0.0170482s, 23408 KB] In ts_4_25 of size 21 found num new op-mutexes 0


[t=0.0171813s, 23408 KB] In ts_4_26 of size 1 found num new op-mutexes 0


[t=0.0172801s, 23408 KB] In ts_4_27 of size 1 found num new op-mutexes 0


[t=0.0173479s, 23408 KB] In ts_4_28 of size 2 found num new op-mutexes 0


[t=0.0174429s, 23408 KB] In ts_4_29 of size 1 found num new op-mutexes 0


[t=0.0175043s, 23408 KB] In ts_4_30 of size 2 found num new op-mutexes 0


[t=0.0175629s, 23408 KB] In ts_4_31 of size 2 found num new op-mutexes 0


[t=0.0176201s, 23408 KB] In ts_4_32 of size 2 found num new op-mutexes 0


[t=0.0176922s, 23408 KB] In ts_4_37 of size 2 found num new op-mutexes 0
[t=0.0177206s, 23408 KB] Operator mutex finished iteration 4. Found an additional 0 operator mutexes

[t=0.0177474s, 23408 KB] Next pair of indices: (37, 8)
[t=0.0177783s, 23408 KB] M&S algorithm main loop timer: 0.0146066s (after computation of next merge)
[t=0.0178216s, 23408 KB] M&S algorithm main loop timer: 0.0146565s (after merging)
[t=0.0178531s, 23408 KB] M&S algorithm main loop timer: 0.014683s (after pruning)

[t=0.0178789s, 23408 KB] Operator mutex starting iteration 5


[t=0.0179316s, 23408 KB] In ts_5_0 of size 2 found num new op-mutexes 0


[t=0.0179984s, 23408 KB] In ts_5_1 of size 2 found num new op-mutexes 0


[t=0.018059s, 23408 KB] In ts_5_2 of size 2 found num new op-mutexes 0


[t=0.0181185s, 23408 KB] In ts_5_3 of size 2 found num new op-mutexes 0


[t=0.0181866s, 23408 KB] In ts_5_4 of size 2 found num new op-mutexes 0


[t=0.0182453s, 23408 KB] In ts_5_5 of size 2 found num new op-mutexes 0


[t=0.0183036s, 23408 KB] In ts_5_6 of size 2 found num new op-mutexes 0


[t=0.0183619s, 23408 KB] In ts_5_7 of size 2 found num new op-mutexes 0


[t=0.0184192s, 23408 KB] In ts_5_15 of size 2 found num new op-mutexes 0


[t=0.0185048s, 23408 KB] In ts_5_16 of size 2 found num new op-mutexes 0


[t=0.0187263s, 23408 KB] In ts_5_17 of size 21 found num new op-mutexes 0


[t=0.0188613s, 23408 KB] In ts_5_18 of size 1 found num new op-mutexes 0


[t=0.0189637s, 23408 KB] In ts_5_19 of size 1 found num new op-mutexes 0


[t=0.0190354s, 23408 KB] In ts_5_20 of size 2 found num new op-mutexes 0


[t=0.0191628s, 23408 KB] In ts_5_21 of size 1 found num new op-mutexes 0


[t=0.0192239s, 23408 KB] In ts_5_22 of size 2 found num new op-mutexes 0


[t=0.0192845s, 23408 KB] In ts_5_23 of size 2 found num new op-mutexes 0


[t=0.0193699s, 23408 KB] In ts_5_24 of size 2 found num new op-mutexes 0


[t=0.0195709s, 23408 KB] In ts_5_25 of size 21 found num new op-mutexes 0


[t=0.0197122s, 23408 KB] In ts_5_26 of size 1 found num new op-mutexes 0


[t=0.0198144s, 23408 KB] In ts_5_27 of size 1 found num new op-mutexes 0


[t=0.0198823s, 23408 KB] In ts_5_28 of size 2 found num new op-mutexes 0


[t=0.0199868s, 23408 KB] In ts_5_29 of size 1 found num new op-mutexes 0


[t=0.020053s, 23408 KB] In ts_5_30 of size 2 found num new op-mutexes 0


[t=0.0201102s, 23408 KB] In ts_5_31 of size 2 found num new op-mutexes 0


[t=0.0201664s, 23408 KB] In ts_5_32 of size 2 found num new op-mutexes 0


[t=0.0202372s, 23408 KB] In ts_5_38 of size 2 found num new op-mutexes 0
[t=0.0202666s, 23408 KB] Operator mutex finished iteration 5. Found an additional 0 operator mutexes

[t=0.0202932s, 23408 KB] Next pair of indices: (38, 7)
[t=0.020315s, 23408 KB] M&S algorithm main loop timer: 0.0171437s (after computation of next merge)
[t=0.0203579s, 23408 KB] M&S algorithm main loop timer: 0.0171925s (after merging)
[t=0.0203887s, 23408 KB] M&S algorithm main loop timer: 0.0172183s (after pruning)

[t=0.0204141s, 23408 KB] Operator mutex starting iteration 6


[t=0.0204669s, 23408 KB] In ts_6_0 of size 2 found num new op-mutexes 0


[t=0.0205347s, 23408 KB] In ts_6_1 of size 2 found num new op-mutexes 0


[t=0.0205977s, 23408 KB] In ts_6_2 of size 2 found num new op-mutexes 0


[t=0.0206582s, 23408 KB] In ts_6_3 of size 2 found num new op-mutexes 0


[t=0.0207272s, 23408 KB] In ts_6_4 of size 2 found num new op-mutexes 0


[t=0.0207875s, 23408 KB] In ts_6_5 of size 2 found num new op-mutexes 0


[t=0.0208568s, 23408 KB] In ts_6_6 of size 2 found num new op-mutexes 0


[t=0.0209153s, 23408 KB] In ts_6_15 of size 2 found num new op-mutexes 0


[t=0.0210011s, 23408 KB] In ts_6_16 of size 2 found num new op-mutexes 0


[t=0.0212168s, 23408 KB] In ts_6_17 of size 21 found num new op-mutexes 0


[t=0.0213516s, 23408 KB] In ts_6_18 of size 1 found num new op-mutexes 0


[t=0.0214516s, 23408 KB] In ts_6_19 of size 1 found num new op-mutexes 0


[t=0.0215242s, 23408 KB] In ts_6_20 of size 2 found num new op-mutexes 0


[t=0.0216515s, 23408 KB] In ts_6_21 of size 1 found num new op-mutexes 0


[t=0.0217129s, 23408 KB] In ts_6_22 of size 2 found num new op-mutexes 0


[t=0.0217737s, 23408 KB] In ts_6_23 of size 2 found num new op-mutexes 0


[t=0.0218595s, 23408 KB] In ts_6_24 of size 2 found num new op-mutexes 0


[t=0.022062s, 23408 KB] In ts_6_25 of size 21 found num new op-mutexes 0


[t=0.0221981s, 23408 KB] In ts_6_26 of size 1 found num new op-mutexes 0


[t=0.0222977s, 23408 KB] In ts_6_27 of size 1 found num new op-mutexes 0


[t=0.0223655s, 23408 KB] In ts_6_28 of size 2 found num new op-mutexes 0


[t=0.0224598s, 23408 KB] In ts_6_29 of size 1 found num new op-mutexes 0


[t=0.0225202s, 23408 KB] In ts_6_30 of size 2 found num new op-mutexes 0


[t=0.0225778s, 23408 KB] In ts_6_31 of size 2 found num new op-mutexes 0


[t=0.0226342s, 23408 KB] In ts_6_32 of size 2 found num new op-mutexes 0


[t=0.0227155s, 23408 KB] In ts_6_39 of size 2 found num new op-mutexes 0
[t=0.0227442s, 23408 KB] Operator mutex finished iteration 6. Found an additional 0 operator mutexes

[t=0.022771s, 23408 KB] Next pair of indices: (39, 6)
[t=0.0228298s, 23408 KB] M&S algorithm main loop timer: 0.0196609s (after computation of next merge)
[t=0.022876s, 23408 KB] M&S algorithm main loop timer: 0.0197111s (after merging)
[t=0.0229077s, 23408 KB] M&S algorithm main loop timer: 0.0197377s (after pruning)

[t=0.0229353s, 23408 KB] Operator mutex starting iteration 7


[t=0.0229936s, 23408 KB] In ts_7_0 of size 2 found num new op-mutexes 0


[t=0.0230708s, 23408 KB] In ts_7_1 of size 2 found num new op-mutexes 0


[t=0.0231329s, 23408 KB] In ts_7_2 of size 2 found num new op-mutexes 0


[t=0.0231932s, 23408 KB] In ts_7_3 of size 2 found num new op-mutexes 0


[t=0.0232628s, 23408 KB] In ts_7_4 of size 2 found num new op-mutexes 0


[t=0.023331s, 23408 KB] In ts_7_5 of size 2 found num new op-mutexes 0


[t=0.0233889s, 23408 KB] In ts_7_15 of size 2 found num new op-mutexes 0


[t=0.0234753s, 23408 KB] In ts_7_16 of size 2 found num new op-mutexes 0


[t=0.0236905s, 23408 KB] In ts_7_17 of size 21 found num new op-mutexes 0


[t=0.0238256s, 23408 KB] In ts_7_18 of size 1 found num new op-mutexes 0


[t=0.0239383s, 23408 KB] In ts_7_19 of size 1 found num new op-mutexes 0


[t=0.0240096s, 23408 KB] In ts_7_20 of size 2 found num new op-mutexes 0


[t=0.0241369s, 23408 KB] In ts_7_21 of size 1 found num new op-mutexes 0


[t=0.0241976s, 23408 KB] In ts_7_22 of size 2 found num new op-mutexes 0


[t=0.0242575s, 23408 KB] In ts_7_23 of size 2 found num new op-mutexes 0


[t=0.0243532s, 23408 KB] In ts_7_24 of size 2 found num new op-mutexes 0


[t=0.0245517s, 23408 KB] In ts_7_25 of size 21 found num new op-mutexes 0


[t=0.0246858s, 23408 KB] In ts_7_26 of size 1 found num new op-mutexes 0


[t=0.0247854s, 23408 KB] In ts_7_27 of size 1 found num new op-mutexes 0


[t=0.0248587s, 23408 KB] In ts_7_28 of size 2 found num new op-mutexes 0


[t=0.0249633s, 23408 KB] In ts_7_29 of size 1 found num new op-mutexes 0


[t=0.0250239s, 23408 KB] In ts_7_30 of size 2 found num new op-mutexes 0


[t=0.0250802s, 23408 KB] In ts_7_31 of size 2 found num new op-mutexes 0


[t=0.0251354s, 23408 KB] In ts_7_32 of size 2 found num new op-mutexes 0


[t=0.0252054s, 23408 KB] In ts_7_40 of size 2 found num new op-mutexes 0
[t=0.0252347s, 23408 KB] Operator mutex finished iteration 7. Found an additional 0 operator mutexes

[t=0.0252614s, 23408 KB] Next pair of indices: (40, 5)
[t=0.0252821s, 23408 KB] M&S algorithm main loop timer: 0.0221104s (after computation of next merge)
[t=0.0253232s, 23408 KB] M&S algorithm main loop timer: 0.0221579s (after merging)
[t=0.0253541s, 23408 KB] M&S algorithm main loop timer: 0.0221834s (after pruning)

[t=0.0253793s, 23408 KB] Operator mutex starting iteration 8


[t=0.0254324s, 23408 KB] In ts_8_0 of size 2 found num new op-mutexes 0


[t=0.0254998s, 23408 KB] In ts_8_1 of size 2 found num new op-mutexes 0


[t=0.025561s, 23408 KB] In ts_8_2 of size 2 found num new op-mutexes 0


[t=0.0256211s, 23408 KB] In ts_8_3 of size 2 found num new op-mutexes 0


[t=0.0256898s, 23408 KB] In ts_8_4 of size 2 found num new op-mutexes 0


[t=0.0257484s, 23408 KB] In ts_8_15 of size 2 found num new op-mutexes 0


[t=0.0258341s, 23408 KB] In ts_8_16 of size 2 found num new op-mutexes 0


[t=0.0260625s, 23408 KB] In ts_8_17 of size 21 found num new op-mutexes 0


[t=0.0261999s, 23408 KB] In ts_8_18 of size 1 found num new op-mutexes 0


[t=0.0263022s, 23408 KB] In ts_8_19 of size 1 found num new op-mutexes 0


[t=0.0263754s, 23408 KB] In ts_8_20 of size 2 found num new op-mutexes 0


[t=0.0265045s, 23408 KB] In ts_8_21 of size 1 found num new op-mutexes 0


[t=0.0265671s, 23408 KB] In ts_8_22 of size 2 found num new op-mutexes 0


[t=0.0266277s, 23408 KB] In ts_8_23 of size 2 found num new op-mutexes 0


[t=0.0267218s, 23408 KB] In ts_8_24 of size 2 found num new op-mutexes 0


[t=0.0269225s, 23408 KB] In ts_8_25 of size 21 found num new op-mutexes 0


[t=0.0270579s, 23408 KB] In ts_8_26 of size 1 found num new op-mutexes 0


[t=0.0271581s, 23408 KB] In ts_8_27 of size 1 found num new op-mutexes 0


[t=0.0272362s, 23408 KB] In ts_8_28 of size 2 found num new op-mutexes 0


[t=0.0273308s, 23408 KB] In ts_8_29 of size 1 found num new op-mutexes 0


[t=0.0273916s, 23408 KB] In ts_8_30 of size 2 found num new op-mutexes 0


[t=0.0274543s, 23408 KB] In ts_8_31 of size 2 found num new op-mutexes 0


[t=0.0275325s, 23408 KB] In ts_8_32 of size 2 found num new op-mutexes 0


[t=0.0276122s, 23408 KB] In ts_8_41 of size 2 found num new op-mutexes 0
[t=0.027641s, 23408 KB] Operator mutex finished iteration 8. Found an additional 0 operator mutexes

[t=0.0276674s, 23408 KB] Next pair of indices: (41, 4)
[t=0.0276885s, 23408 KB] M&S algorithm main loop timer: 0.0245167s (after computation of next merge)
[t=0.0277308s, 23408 KB] M&S algorithm main loop timer: 0.0245647s (after merging)
[t=0.027761s, 23408 KB] M&S algorithm main loop timer: 0.0245903s (after pruning)

[t=0.027786s, 23408 KB] Operator mutex starting iteration 9


[t=0.0278462s, 23408 KB] In ts_9_0 of size 2 found num new op-mutexes 0


[t=0.0279137s, 23408 KB] In ts_9_1 of size 2 found num new op-mutexes 0


[t=0.0279753s, 23408 KB] In ts_9_2 of size 2 found num new op-mutexes 0


[t=0.0280353s, 23408 KB] In ts_9_3 of size 2 found num new op-mutexes 0


[t=0.0280935s, 23408 KB] In ts_9_15 of size 2 found num new op-mutexes 0


[t=0.0281897s, 23408 KB] In ts_9_16 of size 2 found num new op-mutexes 0


[t=0.0284045s, 23408 KB] In ts_9_17 of size 21 found num new op-mutexes 0


[t=0.0285376s, 23408 KB] In ts_9_18 of size 1 found num new op-mutexes 0


[t=0.0286389s, 23408 KB] In ts_9_19 of size 1 found num new op-mutexes 0


[t=0.0287106s, 23408 KB] In ts_9_20 of size 2 found num new op-mutexes 0


[t=0.0288376s, 23408 KB] In ts_9_21 of size 1 found num new op-mutexes 0


[t=0.0288981s, 23408 KB] In ts_9_22 of size 2 found num new op-mutexes 0


[t=0.0289581s, 23408 KB] In ts_9_23 of size 2 found num new op-mutexes 0


[t=0.029054s, 23408 KB] In ts_9_24 of size 2 found num new op-mutexes 0


[t=0.0292645s, 23408 KB] In ts_9_25 of size 21 found num new op-mutexes 0


[t=0.0294008s, 23408 KB] In ts_9_26 of size 1 found num new op-mutexes 0


[t=0.0294999s, 23408 KB] In ts_9_27 of size 1 found num new op-mutexes 0


[t=0.029568s, 23408 KB] In ts_9_28 of size 2 found num new op-mutexes 0


[t=0.0296627s, 23408 KB] In ts_9_29 of size 1 found num new op-mutexes 0


[t=0.0297229s, 23408 KB] In ts_9_30 of size 2 found num new op-mutexes 0


[t=0.0297799s, 23408 KB] In ts_9_31 of size 2 found num new op-mutexes 0


[t=0.0298356s, 23408 KB] In ts_9_32 of size 2 found num new op-mutexes 0


[t=0.0299056s, 23408 KB] In ts_9_42 of size 2 found num new op-mutexes 0
[t=0.0299538s, 23408 KB] Operator mutex finished iteration 9. Found an additional 0 operator mutexes

[t=0.0299823s, 23408 KB] Next pair of indices: (42, 3)
[t=0.0300046s, 23408 KB] M&S algorithm main loop timer: 0.0268338s (after computation of next merge)
[t=0.0300466s, 23408 KB] M&S algorithm main loop timer: 0.0268808s (after merging)
[t=0.0300776s, 23408 KB] M&S algorithm main loop timer: 0.026907s (after pruning)

[t=0.0301031s, 23408 KB] Operator mutex starting iteration 10


[t=0.0301557s, 23408 KB] In ts_10_0 of size 2 found num new op-mutexes 0


[t=0.0302223s, 23408 KB] In ts_10_1 of size 2 found num new op-mutexes 0


[t=0.0302839s, 23408 KB] In ts_10_2 of size 2 found num new op-mutexes 0


[t=0.0303422s, 23408 KB] In ts_10_15 of size 2 found num new op-mutexes 0


[t=0.0304286s, 23408 KB] In ts_10_16 of size 2 found num new op-mutexes 0


[t=0.0306423s, 23408 KB] In ts_10_17 of size 21 found num new op-mutexes 0


[t=0.0307761s, 23408 KB] In ts_10_18 of size 1 found num new op-mutexes 0


[t=0.0308766s, 23408 KB] In ts_10_19 of size 1 found num new op-mutexes 0


[t=0.030948s, 23408 KB] In ts_10_20 of size 2 found num new op-mutexes 0


[t=0.0310756s, 23408 KB] In ts_10_21 of size 1 found num new op-mutexes 0


[t=0.0311373s, 23408 KB] In ts_10_22 of size 2 found num new op-mutexes 0


[t=0.031198s, 23408 KB] In ts_10_23 of size 2 found num new op-mutexes 0


[t=0.0312944s, 23408 KB] In ts_10_24 of size 2 found num new op-mutexes 0


[t=0.0314915s, 23408 KB] In ts_10_25 of size 21 found num new op-mutexes 0


[t=0.0316249s, 23408 KB] In ts_10_26 of size 1 found num new op-mutexes 0


[t=0.0317233s, 23408 KB] In ts_10_27 of size 1 found num new op-mutexes 0


[t=0.0317911s, 23408 KB] In ts_10_28 of size 2 found num new op-mutexes 0


[t=0.0318941s, 23408 KB] In ts_10_29 of size 1 found num new op-mutexes 0


[t=0.0319583s, 23408 KB] In ts_10_30 of size 2 found num new op-mutexes 0


[t=0.0320163s, 23408 KB] In ts_10_31 of size 2 found num new op-mutexes 0


[t=0.0320726s, 23408 KB] In ts_10_32 of size 2 found num new op-mutexes 0


[t=0.0321546s, 23408 KB] In ts_10_43 of size 2 found num new op-mutexes 0
[t=0.0321838s, 23408 KB] Operator mutex finished iteration 10. Found an additional 0 operator mutexes

[t=0.0322103s, 23408 KB] Next pair of indices: (43, 2)
[t=0.0322317s, 23408 KB] M&S algorithm main loop timer: 0.0290603s (after computation of next merge)
[t=0.0322731s, 23408 KB] M&S algorithm main loop timer: 0.0291163s (after merging)
[t=0.0323141s, 23408 KB] M&S algorithm main loop timer: 0.029145s (after pruning)

[t=0.0323412s, 23408 KB] Operator mutex starting iteration 11


[t=0.0324366s, 23408 KB] In ts_11_0 of size 2 found num new op-mutexes 0


[t=0.0325058s, 23408 KB] In ts_11_1 of size 2 found num new op-mutexes 0


[t=0.0325647s, 23408 KB] In ts_11_15 of size 2 found num new op-mutexes 0


[t=0.0326524s, 23408 KB] In ts_11_16 of size 2 found num new op-mutexes 0


[t=0.0328695s, 23408 KB] In ts_11_17 of size 21 found num new op-mutexes 0


[t=0.0330052s, 23408 KB] In ts_11_18 of size 1 found num new op-mutexes 0


[t=0.0331166s, 23408 KB] In ts_11_19 of size 1 found num new op-mutexes 0


[t=0.0331886s, 23408 KB] In ts_11_20 of size 2 found num new op-mutexes 0


[t=0.033317s, 23408 KB] In ts_11_21 of size 1 found num new op-mutexes 0


[t=0.0333783s, 23408 KB] In ts_11_22 of size 2 found num new op-mutexes 0


[t=0.0334384s, 23408 KB] In ts_11_23 of size 2 found num new op-mutexes 0


[t=0.0335237s, 23408 KB] In ts_11_24 of size 2 found num new op-mutexes 0


[t=0.0337211s, 23408 KB] In ts_11_25 of size 21 found num new op-mutexes 0


[t=0.0338555s, 23408 KB] In ts_11_26 of size 1 found num new op-mutexes 0


[t=0.0339539s, 23408 KB] In ts_11_27 of size 1 found num new op-mutexes 0


[t=0.0340214s, 23408 KB] In ts_11_28 of size 2 found num new op-mutexes 0


[t=0.034116s, 23408 KB] In ts_11_29 of size 1 found num new op-mutexes 0


[t=0.0341767s, 23408 KB] In ts_11_30 of size 2 found num new op-mutexes 0


[t=0.0342338s, 23408 KB] In ts_11_31 of size 2 found num new op-mutexes 0


[t=0.0342893s, 23408 KB] In ts_11_32 of size 2 found num new op-mutexes 0


[t=0.03436s, 23408 KB] In ts_11_44 of size 2 found num new op-mutexes 0
[t=0.0343895s, 23408 KB] Operator mutex finished iteration 11. Found an additional 0 operator mutexes

[t=0.0344163s, 23408 KB] Next pair of indices: (44, 1)
[t=0.0344376s, 23408 KB] M&S algorithm main loop timer: 0.0312659s (after computation of next merge)
[t=0.034478s, 23408 KB] M&S algorithm main loop timer: 0.031313s (after merging)
[t=0.0345094s, 23408 KB] M&S algorithm main loop timer: 0.03134s (after pruning)

[t=0.034536s, 23408 KB] Operator mutex starting iteration 12


[t=0.0345883s, 23408 KB] In ts_12_0 of size 2 found num new op-mutexes 0


[t=0.0346472s, 23408 KB] In ts_12_15 of size 2 found num new op-mutexes 0


[t=0.0347423s, 23408 KB] In ts_12_16 of size 2 found num new op-mutexes 0


[t=0.0349619s, 23408 KB] In ts_12_17 of size 21 found num new op-mutexes 0


[t=0.0350964s, 23408 KB] In ts_12_18 of size 1 found num new op-mutexes 0


[t=0.0351977s, 23408 KB] In ts_12_19 of size 1 found num new op-mutexes 0


[t=0.0352691s, 23408 KB] In ts_12_20 of size 2 found num new op-mutexes 0


[t=0.0353973s, 23408 KB] In ts_12_21 of size 1 found num new op-mutexes 0


[t=0.0354591s, 23408 KB] In ts_12_22 of size 2 found num new op-mutexes 0


[t=0.0355248s, 23408 KB] In ts_12_23 of size 2 found num new op-mutexes 0


[t=0.035631s, 23408 KB] In ts_12_24 of size 2 found num new op-mutexes 0


[t=0.0358305s, 23408 KB] In ts_12_25 of size 21 found num new op-mutexes 0


[t=0.0359653s, 23408 KB] In ts_12_26 of size 1 found num new op-mutexes 0


[t=0.0360654s, 23408 KB] In ts_12_27 of size 1 found num new op-mutexes 0


[t=0.0361334s, 23408 KB] In ts_12_28 of size 2 found num new op-mutexes 0


[t=0.0362284s, 23408 KB] In ts_12_29 of size 1 found num new op-mutexes 0


[t=0.0362949s, 23408 KB] In ts_12_30 of size 2 found num new op-mutexes 0


[t=0.0363522s, 23408 KB] In ts_12_31 of size 2 found num new op-mutexes 0


[t=0.0364087s, 23408 KB] In ts_12_32 of size 2 found num new op-mutexes 0


[t=0.0364756s, 23408 KB] In ts_12_45 of size 2 found num new op-mutexes 0
[t=0.0365041s, 23408 KB] Operator mutex finished iteration 12. Found an additional 0 operator mutexes

[t=0.0365309s, 23408 KB] Next pair of indices: (45, 0)
[t=0.0365521s, 23408 KB] M&S algorithm main loop timer: 0.0333803s (after computation of next merge)
[t=0.036593s, 23408 KB] M&S algorithm main loop timer: 0.0334273s (after merging)
[t=0.0366227s, 23408 KB] M&S algorithm main loop timer: 0.033452s (after pruning)

[t=0.0366478s, 23408 KB] Operator mutex starting iteration 13


[t=0.0366999s, 23408 KB] In ts_13_15 of size 2 found num new op-mutexes 0


[t=0.0367871s, 23408 KB] In ts_13_16 of size 2 found num new op-mutexes 0


[t=0.0370041s, 23408 KB] In ts_13_17 of size 21 found num new op-mutexes 0


[t=0.0371384s, 23408 KB] In ts_13_18 of size 1 found num new op-mutexes 0


[t=0.0372393s, 23408 KB] In ts_13_19 of size 1 found num new op-mutexes 0


[t=0.037311s, 23408 KB] In ts_13_20 of size 2 found num new op-mutexes 0


[t=0.0374385s, 23408 KB] In ts_13_21 of size 1 found num new op-mutexes 0


[t=0.0375007s, 23408 KB] In ts_13_22 of size 2 found num new op-mutexes 0


[t=0.0375644s, 23408 KB] In ts_13_23 of size 2 found num new op-mutexes 0


[t=0.0376494s, 23408 KB] In ts_13_24 of size 2 found num new op-mutexes 0


[t=0.0378463s, 23408 KB] In ts_13_25 of size 21 found num new op-mutexes 0


[t=0.0379877s, 23408 KB] In ts_13_26 of size 1 found num new op-mutexes 0


[t=0.0380891s, 23408 KB] In ts_13_27 of size 1 found num new op-mutexes 0


[t=0.0381575s, 23408 KB] In ts_13_28 of size 2 found num new op-mutexes 0


[t=0.0382522s, 23408 KB] In ts_13_29 of size 1 found num new op-mutexes 0


[t=0.0383125s, 23408 KB] In ts_13_30 of size 2 found num new op-mutexes 0


[t=0.0383698s, 23408 KB] In ts_13_31 of size 2 found num new op-mutexes 0


[t=0.0384276s, 23408 KB] In ts_13_32 of size 2 found num new op-mutexes 0


[t=0.0384837s, 23408 KB] In ts_13_46 of size 2 found num new op-mutexes 0
[t=0.0385107s, 23408 KB] Operator mutex finished iteration 13. Found an additional 0 operator mutexes

[t=0.0385478s, 23408 KB] Next pair of indices: (32, 20)
[t=0.0385694s, 23408 KB] M&S algorithm main loop timer: 0.0353979s (after computation of next merge)
[t=0.0386153s, 23408 KB] M&S algorithm main loop timer: 0.0354489s (after merging)

[t=0.0386459s, 23408 KB] Operator mutex starting iteration 14


[t=0.0387008s, 23408 KB] In ts_14_15 of size 2 found num new op-mutexes 0


[t=0.0388001s, 23408 KB] In ts_14_16 of size 2 found num new op-mutexes 0


[t=0.0390224s, 23408 KB] In ts_14_17 of size 21 found num new op-mutexes 0


[t=0.0391566s, 23408 KB] In ts_14_18 of size 1 found num new op-mutexes 0


[t=0.0392572s, 23408 KB] In ts_14_19 of size 1 found num new op-mutexes 0


[t=0.0393854s, 23408 KB] In ts_14_21 of size 1 found num new op-mutexes 0


[t=0.0394472s, 23408 KB] In ts_14_22 of size 2 found num new op-mutexes 0


[t=0.0395211s, 23408 KB] In ts_14_23 of size 2 found num new op-mutexes 0


[t=0.0396145s, 23408 KB] In ts_14_24 of size 2 found num new op-mutexes 0


[t=0.0398253s, 23408 KB] In ts_14_25 of size 21 found num new op-mutexes 0


[t=0.0399691s, 23408 KB] In ts_14_26 of size 1 found num new op-mutexes 0


[t=0.0400725s, 23408 KB] In ts_14_27 of size 1 found num new op-mutexes 0


[t=0.0401438s, 23408 KB] In ts_14_28 of size 2 found num new op-mutexes 0


[t=0.0402444s, 23408 KB] In ts_14_29 of size 1 found num new op-mutexes 0


[t=0.0403097s, 23408 KB] In ts_14_30 of size 2 found num new op-mutexes 0


[t=0.0403789s, 23408 KB] In ts_14_31 of size 2 found num new op-mutexes 0


[t=0.0404416s, 23408 KB] In ts_14_46 of size 2 found num new op-mutexes 0


[t=0.0405323s, 23408 KB] In ts_14_47 of size 4 found num new op-mutexes 0
[t=0.0405608s, 23408 KB] Operator mutex finished iteration 14. Found an additional 0 operator mutexes

[t=0.040589s, 23408 KB] Next pair of indices: (47, 17)
[t=0.0406146s, 23408 KB] M&S algorithm main loop timer: 0.0374442s (after computation of next merge)
[t=0.0407254s, 23408 KB] M&S algorithm main loop timer: 0.0375601s (after merging)
[t=0.0407715s, 23408 KB] M&S algorithm main loop timer: 0.0376027s (after pruning)

[t=0.0407991s, 23408 KB] Operator mutex starting iteration 15


[t=0.0408546s, 23408 KB] In ts_15_15 of size 2 found num new op-mutexes 0


[t=0.0409584s, 23408 KB] In ts_15_16 of size 2 found num new op-mutexes 0


[t=0.0410871s, 23408 KB] In ts_15_18 of size 1 found num new op-mutexes 0


[t=0.0411861s, 23408 KB] In ts_15_19 of size 1 found num new op-mutexes 0


[t=0.0413137s, 23408 KB] In ts_15_21 of size 1 found num new op-mutexes 0


[t=0.0413754s, 23408 KB] In ts_15_22 of size 2 found num new op-mutexes 0


[t=0.0414355s, 23408 KB] In ts_15_23 of size 2 found num new op-mutexes 0


[t=0.0415212s, 23408 KB] In ts_15_24 of size 2 found num new op-mutexes 0


[t=0.0417194s, 23408 KB] In ts_15_25 of size 21 found num new op-mutexes 0


[t=0.0418526s, 23408 KB] In ts_15_26 of size 1 found num new op-mutexes 0


[t=0.041951s, 23408 KB] In ts_15_27 of size 1 found num new op-mutexes 0


[t=0.0420185s, 23408 KB] In ts_15_28 of size 2 found num new op-mutexes 0


[t=0.042126s, 23408 KB] In ts_15_29 of size 1 found num new op-mutexes 0


[t=0.0421876s, 23408 KB] In ts_15_30 of size 2 found num new op-mutexes 0


[t=0.0422456s, 23408 KB] In ts_15_31 of size 2 found num new op-mutexes 0


[t=0.0423038s, 23408 KB] In ts_15_46 of size 2 found num new op-mutexes 0


[t=0.0427559s, 23408 KB] In ts_15_48 of size 72 found num new op-mutexes 0
[t=0.0427946s, 23408 KB] Operator mutex finished iteration 15. Found an additional 0 operator mutexes

[t=0.0428329s, 23408 KB] Next pair of indices: (48, 21)
[t=0.0428562s, 23408 KB] M&S algorithm main loop timer: 0.0396848s (after computation of next merge)
[t=0.0429779s, 23408 KB] M&S algorithm main loop timer: 0.0398124s (after merging)

[t=0.0430149s, 23408 KB] Operator mutex starting iteration 16


[t=0.0430723s, 23408 KB] In ts_16_15 of size 2 found num new op-mutexes 0


[t=0.0431626s, 23408 KB] In ts_16_16 of size 2 found num new op-mutexes 0


[t=0.0433014s, 23408 KB] In ts_16_18 of size 1 found num new op-mutexes 0


[t=0.0434008s, 23408 KB] In ts_16_19 of size 1 found num new op-mutexes 0


[t=0.043462s, 23408 KB] In ts_16_22 of size 2 found num new op-mutexes 0


[t=0.0435231s, 23408 KB] In ts_16_23 of size 2 found num new op-mutexes 0


[t=0.04361s, 23408 KB] In ts_16_24 of size 2 found num new op-mutexes 0


[t=0.0438397s, 23408 KB] In ts_16_25 of size 21 found num new op-mutexes 0


[t=0.0439775s, 23408 KB] In ts_16_26 of size 1 found num new op-mutexes 0


[t=0.0440772s, 23408 KB] In ts_16_27 of size 1 found num new op-mutexes 0


[t=0.0441591s, 23408 KB] In ts_16_28 of size 2 found num new op-mutexes 0


[t=0.0442537s, 23408 KB] In ts_16_29 of size 1 found num new op-mutexes 0


[t=0.0443145s, 23408 KB] In ts_16_30 of size 2 found num new op-mutexes 0


[t=0.0443718s, 23408 KB] In ts_16_31 of size 2 found num new op-mutexes 0


[t=0.0444295s, 23408 KB] In ts_16_46 of size 2 found num new op-mutexes 0


[t=0.0448632s, 23408 KB] In ts_16_49 of size 72 found num new op-mutexes 0
[t=0.0449017s, 23408 KB] Operator mutex finished iteration 16. Found an additional 0 operator mutexes

[t=0.0449317s, 23408 KB] Next pair of indices: (49, 19)
[t=0.0449535s, 23408 KB] M&S algorithm main loop timer: 0.0417819s (after computation of next merge)
[t=0.0450763s, 23408 KB] M&S algorithm main loop timer: 0.0419214s (after merging)

[t=0.0451234s, 23408 KB] Operator mutex starting iteration 17


[t=0.0451807s, 23408 KB] In ts_17_15 of size 2 found num new op-mutexes 0


[t=0.0452699s, 23408 KB] In ts_17_16 of size 2 found num new op-mutexes 0


[t=0.0454382s, 23408 KB] In ts_17_18 of size 1 found num new op-mutexes 0


[t=0.0455037s, 23408 KB] In ts_17_22 of size 2 found num new op-mutexes 0


[t=0.0455645s, 23408 KB] In ts_17_23 of size 2 found num new op-mutexes 0


[t=0.0456502s, 23408 KB] In ts_17_24 of size 2 found num new op-mutexes 0


[t=0.0458476s, 23408 KB] In ts_17_25 of size 21 found num new op-mutexes 0


[t=0.0459807s, 23408 KB] In ts_17_26 of size 1 found num new op-mutexes 0


[t=0.0460788s, 23408 KB] In ts_17_27 of size 1 found num new op-mutexes 0


[t=0.0461647s, 23408 KB] In ts_17_28 of size 2 found num new op-mutexes 0


[t=0.0462606s, 23408 KB] In ts_17_29 of size 1 found num new op-mutexes 0


[t=0.0463211s, 23408 KB] In ts_17_30 of size 2 found num new op-mutexes 0


[t=0.0463782s, 23408 KB] In ts_17_31 of size 2 found num new op-mutexes 0


[t=0.0464349s, 23408 KB] In ts_17_46 of size 2 found num new op-mutexes 0


[t=0.0468854s, 23408 KB] In ts_17_50 of size 72 found num new op-mutexes 0
[t=0.0469227s, 23408 KB] Operator mutex finished iteration 17. Found an additional 0 operator mutexes

[t=0.0469518s, 23408 KB] Next pair of indices: (50, 18)
[t=0.0469734s, 23408 KB] M&S algorithm main loop timer: 0.0438016s (after computation of next merge)
[t=0.0470899s, 23408 KB] M&S algorithm main loop timer: 0.0439245s (after merging)
[t=0.0471338s, 23408 KB] M&S algorithm main loop timer: 0.0439651s (after pruning)

[t=0.0471608s, 23408 KB] Operator mutex starting iteration 18


[t=0.0472148s, 23408 KB] In ts_18_15 of size 2 found num new op-mutexes 0


[t=0.0473033s, 23408 KB] In ts_18_16 of size 2 found num new op-mutexes 0


[t=0.0473634s, 23408 KB] In ts_18_22 of size 2 found num new op-mutexes 0


[t=0.0474327s, 23408 KB] In ts_18_23 of size 2 found num new op-mutexes 0


[t=0.0475167s, 23408 KB] In ts_18_24 of size 2 found num new op-mutexes 0


[t=0.0477148s, 23408 KB] In ts_18_25 of size 21 found num new op-mutexes 0


[t=0.0478481s, 23408 KB] In ts_18_26 of size 1 found num new op-mutexes 0


[t=0.0479457s, 23408 KB] In ts_18_27 of size 1 found num new op-mutexes 0


[t=0.0480129s, 23408 KB] In ts_18_28 of size 2 found num new op-mutexes 0


[t=0.0481061s, 23408 KB] In ts_18_29 of size 1 found num new op-mutexes 0


[t=0.0481661s, 23408 KB] In ts_18_30 of size 2 found num new op-mutexes 0


[t=0.0482223s, 23408 KB] In ts_18_31 of size 2 found num new op-mutexes 0


[t=0.0482787s, 23408 KB] In ts_18_46 of size 2 found num new op-mutexes 0


[t=0.0489049s, 23408 KB] In ts_18_51 of size 39 found num new op-mutexes 1540
[t=0.0489439s, 23408 KB] Operator mutex finished iteration 18. Found an additional 1540 operator mutexes

[t=0.0489755s, 23408 KB] Next pair of indices: (51, 16)
[t=0.0489988s, 23408 KB] M&S algorithm main loop timer: 0.0458278s (after computation of next merge)
[t=0.0491002s, 23408 KB] M&S algorithm main loop timer: 0.0459343s (after merging)
[t=0.0491419s, 23408 KB] M&S algorithm main loop timer: 0.0459732s (after pruning)

[t=0.0491695s, 23408 KB] Operator mutex starting iteration 19


[t=0.0492247s, 23408 KB] In ts_19_15 of size 2 found num new op-mutexes 0


[t=0.0492849s, 23408 KB] In ts_19_22 of size 2 found num new op-mutexes 0


[t=0.0493448s, 23408 KB] In ts_19_23 of size 2 found num new op-mutexes 0


[t=0.0494354s, 23408 KB] In ts_19_24 of size 2 found num new op-mutexes 0


[t=0.04964s, 23408 KB] In ts_19_25 of size 21 found num new op-mutexes 0


[t=0.0497829s, 23408 KB] In ts_19_26 of size 1 found num new op-mutexes 0


[t=0.0498868s, 23408 KB] In ts_19_27 of size 1 found num new op-mutexes 0


[t=0.0499548s, 23408 KB] In ts_19_28 of size 2 found num new op-mutexes 0


[t=0.0500536s, 23408 KB] In ts_19_29 of size 1 found num new op-mutexes 0


[t=0.0501145s, 23408 KB] In ts_19_30 of size 2 found num new op-mutexes 0


[t=0.0501713s, 23408 KB] In ts_19_31 of size 2 found num new op-mutexes 0


[t=0.0502286s, 23408 KB] In ts_19_46 of size 2 found num new op-mutexes 0


[t=0.0506886s, 23408 KB] In ts_19_52 of size 39 found num new op-mutexes 292
[t=0.0507283s, 23408 KB] Operator mutex finished iteration 19. Found an additional 292 operator mutexes

[t=0.0507575s, 23408 KB] Next pair of indices: (52, 15)
[t=0.0507793s, 23408 KB] M&S algorithm main loop timer: 0.0476077s (after computation of next merge)
[t=0.0508723s, 23408 KB] M&S algorithm main loop timer: 0.0477073s (after merging)
[t=0.0509131s, 23408 KB] M&S algorithm main loop timer: 0.0477683s (after pruning)

[t=0.0509666s, 23408 KB] Operator mutex starting iteration 20


[t=0.0510236s, 23408 KB] In ts_20_22 of size 2 found num new op-mutexes 0


[t=0.0510862s, 23408 KB] In ts_20_23 of size 2 found num new op-mutexes 0


[t=0.0511777s, 23408 KB] In ts_20_24 of size 2 found num new op-mutexes 0


[t=0.0513842s, 23408 KB] In ts_20_25 of size 21 found num new op-mutexes 0


[t=0.0515307s, 23408 KB] In ts_20_26 of size 1 found num new op-mutexes 0


[t=0.051636s, 23408 KB] In ts_20_27 of size 1 found num new op-mutexes 0


[t=0.0517046s, 23408 KB] In ts_20_28 of size 2 found num new op-mutexes 0


[t=0.0518058s, 23408 KB] In ts_20_29 of size 1 found num new op-mutexes 0


[t=0.0518668s, 23408 KB] In ts_20_30 of size 2 found num new op-mutexes 0


[t=0.0519266s, 23408 KB] In ts_20_31 of size 2 found num new op-mutexes 0


[t=0.0519919s, 23408 KB] In ts_20_46 of size 2 found num new op-mutexes 0


[t=0.0525273s, 23408 KB] In ts_20_53 of size 39 found num new op-mutexes 40
[t=0.0525653s, 23408 KB] Operator mutex finished iteration 20. Found an additional 40 operator mutexes

[t=0.0525951s, 23408 KB] Next pair of indices: (53, 22)
[t=0.0526171s, 23408 KB] M&S algorithm main loop timer: 0.0494456s (after computation of next merge)
[t=0.0527135s, 23408 KB] M&S algorithm main loop timer: 0.0495476s (after merging)
[t=0.0527517s, 23408 KB] M&S algorithm main loop timer: 0.0495831s (after pruning)

[t=0.0527816s, 23408 KB] Operator mutex starting iteration 21


[t=0.0528379s, 23408 KB] In ts_21_23 of size 2 found num new op-mutexes 0


[t=0.0529305s, 23408 KB] In ts_21_24 of size 2 found num new op-mutexes 0


[t=0.0531373s, 23408 KB] In ts_21_25 of size 21 found num new op-mutexes 0


[t=0.0532823s, 23408 KB] In ts_21_26 of size 1 found num new op-mutexes 0


[t=0.0533938s, 23408 KB] In ts_21_27 of size 1 found num new op-mutexes 0


[t=0.0534729s, 23408 KB] In ts_21_28 of size 2 found num new op-mutexes 0


[t=0.053574s, 23408 KB] In ts_21_29 of size 1 found num new op-mutexes 0


[t=0.0536352s, 23408 KB] In ts_21_30 of size 2 found num new op-mutexes 0


[t=0.0536921s, 23408 KB] In ts_21_31 of size 2 found num new op-mutexes 0


[t=0.0537494s, 23408 KB] In ts_21_46 of size 2 found num new op-mutexes 0


[t=0.0542336s, 23408 KB] In ts_21_54 of size 26 found num new op-mutexes 484
[t=0.0542703s, 23408 KB] Operator mutex finished iteration 21. Found an additional 484 operator mutexes

[t=0.0543127s, 23408 KB] Next pair of indices: (31, 28)
[t=0.0543371s, 23408 KB] M&S algorithm main loop timer: 0.0511676s (after computation of next merge)
[t=0.0543924s, 23408 KB] M&S algorithm main loop timer: 0.0512383s (after merging)

[t=0.0544357s, 23408 KB] Operator mutex starting iteration 22


[t=0.0544962s, 23408 KB] In ts_22_23 of size 2 found num new op-mutexes 0


[t=0.0546005s, 23408 KB] In ts_22_24 of size 2 found num new op-mutexes 0


[t=0.0548121s, 23408 KB] In ts_22_25 of size 21 found num new op-mutexes 0


[t=0.054961s, 23408 KB] In ts_22_26 of size 1 found num new op-mutexes 0


[t=0.0550656s, 23408 KB] In ts_22_27 of size 1 found num new op-mutexes 0


[t=0.0551669s, 23408 KB] In ts_22_29 of size 1 found num new op-mutexes 0


[t=0.0552286s, 23408 KB] In ts_22_30 of size 2 found num new op-mutexes 0


[t=0.0552977s, 23408 KB] In ts_22_46 of size 2 found num new op-mutexes 0


[t=0.0558753s, 23408 KB] In ts_22_54 of size 26 found num new op-mutexes 0


[t=0.0559757s, 23408 KB] In ts_22_55 of size 4 found num new op-mutexes 0
[t=0.0560072s, 23408 KB] Operator mutex finished iteration 22. Found an additional 0 operator mutexes

[t=0.0560347s, 23408 KB] Next pair of indices: (55, 25)
[t=0.0560561s, 23408 KB] M&S algorithm main loop timer: 0.0528841s (after computation of next merge)
[t=0.0561622s, 23408 KB] M&S algorithm main loop timer: 0.0529965s (after merging)
[t=0.056207s, 23408 KB] M&S algorithm main loop timer: 0.0530381s (after pruning)

[t=0.0562342s, 23408 KB] Operator mutex starting iteration 23


[t=0.0562901s, 23408 KB] In ts_23_23 of size 2 found num new op-mutexes 0


[t=0.0563827s, 23408 KB] In ts_23_24 of size 2 found num new op-mutexes 0


[t=0.0565325s, 23408 KB] In ts_23_26 of size 1 found num new op-mutexes 0


[t=0.056642s, 23408 KB] In ts_23_27 of size 1 found num new op-mutexes 0


[t=0.0567526s, 23408 KB] In ts_23_29 of size 1 found num new op-mutexes 0


[t=0.0568134s, 23408 KB] In ts_23_30 of size 2 found num new op-mutexes 0


[t=0.0568712s, 23408 KB] In ts_23_46 of size 2 found num new op-mutexes 0


[t=0.0574056s, 23408 KB] In ts_23_54 of size 26 found num new op-mutexes 0


[t=0.0578605s, 23408 KB] In ts_23_56 of size 72 found num new op-mutexes 0
[t=0.0578992s, 23408 KB] Operator mutex finished iteration 23. Found an additional 0 operator mutexes

[t=0.0579294s, 23408 KB] Next pair of indices: (56, 29)
[t=0.0579515s, 23408 KB] M&S algorithm main loop timer: 0.0547802s (after computation of next merge)
[t=0.058073s, 23408 KB] M&S algorithm main loop timer: 0.0549083s (after merging)

[t=0.0581104s, 23408 KB] Operator mutex starting iteration 24


[t=0.058169s, 23408 KB] In ts_24_23 of size 2 found num new op-mutexes 0


[t=0.0582627s, 23408 KB] In ts_24_24 of size 2 found num new op-mutexes 0


[t=0.0584046s, 23408 KB] In ts_24_26 of size 1 found num new op-mutexes 0


[t=0.0585084s, 23408 KB] In ts_24_27 of size 1 found num new op-mutexes 0


[t=0.0585694s, 23408 KB] In ts_24_30 of size 2 found num new op-mutexes 0


[t=0.0586278s, 23408 KB] In ts_24_46 of size 2 found num new op-mutexes 0


[t=0.0591879s, 23408 KB] In ts_24_54 of size 26 found num new op-mutexes 0


[t=0.0596424s, 23408 KB] In ts_24_57 of size 72 found num new op-mutexes 0
[t=0.0596803s, 23408 KB] Operator mutex finished iteration 24. Found an additional 0 operator mutexes

[t=0.0597105s, 23408 KB] Next pair of indices: (57, 27)
[t=0.0597326s, 23408 KB] M&S algorithm main loop timer: 0.056561s (after computation of next merge)
[t=0.0598549s, 23408 KB] M&S algorithm main loop timer: 0.0566895s (after merging)

[t=0.0598913s, 23408 KB] Operator mutex starting iteration 25


[t=0.0599496s, 23408 KB] In ts_25_23 of size 2 found num new op-mutexes 0


[t=0.0600424s, 23408 KB] In ts_25_24 of size 2 found num new op-mutexes 0


[t=0.0601934s, 23408 KB] In ts_25_26 of size 1 found num new op-mutexes 0


[t=0.060255s, 23408 KB] In ts_25_30 of size 2 found num new op-mutexes 0


[t=0.0603134s, 23408 KB] In ts_25_46 of size 2 found num new op-mutexes 0


[t=0.0608661s, 23408 KB] In ts_25_54 of size 26 found num new op-mutexes 0


[t=0.0613435s, 23408 KB] In ts_25_58 of size 72 found num new op-mutexes 0
[t=0.0613821s, 23408 KB] Operator mutex finished iteration 25. Found an additional 0 operator mutexes

[t=0.0614131s, 23408 KB] Next pair of indices: (58, 26)
[t=0.0614348s, 23408 KB] M&S algorithm main loop timer: 0.0582632s (after computation of next merge)
[t=0.0615541s, 23408 KB] M&S algorithm main loop timer: 0.0583891s (after merging)
[t=0.0615996s, 23408 KB] M&S algorithm main loop timer: 0.058431s (after pruning)

[t=0.0616271s, 23408 KB] Operator mutex starting iteration 26


[t=0.0616829s, 23408 KB] In ts_26_23 of size 2 found num new op-mutexes 0


[t=0.0617752s, 23408 KB] In ts_26_24 of size 2 found num new op-mutexes 0


[t=0.0618353s, 23408 KB] In ts_26_30 of size 2 found num new op-mutexes 0


[t=0.0618931s, 23408 KB] In ts_26_46 of size 2 found num new op-mutexes 0


[t=0.0624289s, 23408 KB] In ts_26_54 of size 26 found num new op-mutexes 0


[t=0.0629699s, 23408 KB] In ts_26_59 of size 43 found num new op-mutexes 504
[t=0.0630139s, 23408 KB] Operator mutex finished iteration 26. Found an additional 504 operator mutexes

[t=0.0630441s, 23408 KB] Next pair of indices: (59, 24)
[t=0.063066s, 23408 KB] M&S algorithm main loop timer: 0.0598944s (after computation of next merge)
[t=0.0631746s, 23408 KB] M&S algorithm main loop timer: 0.0600125s (after merging)
[t=0.0632308s, 23408 KB] M&S algorithm main loop timer: 0.0600621s (after pruning)

[t=0.0632598s, 23408 KB] Operator mutex starting iteration 27


[t=0.0633227s, 23408 KB] In ts_27_23 of size 2 found num new op-mutexes 0


[t=0.0633869s, 23408 KB] In ts_27_30 of size 2 found num new op-mutexes 0


[t=0.0634496s, 23408 KB] In ts_27_46 of size 2 found num new op-mutexes 0


[t=0.0639945s, 23408 KB] In ts_27_54 of size 26 found num new op-mutexes 0


[t=0.0647025s, 23604 KB] In ts_27_60 of size 43 found num new op-mutexes 488
[t=0.0647418s, 23604 KB] Operator mutex finished iteration 27. Found an additional 488 operator mutexes

[t=0.0647716s, 23604 KB] Next pair of indices: (60, 23)
[t=0.0647935s, 23604 KB] M&S algorithm main loop timer: 0.061622s (after computation of next merge)
[t=0.0648986s, 23604 KB] M&S algorithm main loop timer: 0.0617429s (after merging)
[t=0.0649491s, 23604 KB] M&S algorithm main loop timer: 0.06178s (after pruning)

[t=0.0649762s, 23604 KB] Operator mutex starting iteration 28


[t=0.0650312s, 23604 KB] In ts_28_30 of size 2 found num new op-mutexes 0


[t=0.0650909s, 23604 KB] In ts_28_46 of size 2 found num new op-mutexes 0


[t=0.0656592s, 23604 KB] In ts_28_54 of size 26 found num new op-mutexes 0


[t=0.0662475s, 23604 KB] In ts_28_61 of size 43 found num new op-mutexes 144
[t=0.0662888s, 23604 KB] Operator mutex finished iteration 28. Found an additional 144 operator mutexes

[t=0.0663192s, 23604 KB] Next pair of indices: (61, 30)
[t=0.0663418s, 23604 KB] M&S algorithm main loop timer: 0.0631709s (after computation of next merge)
[t=0.0664476s, 23604 KB] M&S algorithm main loop timer: 0.0632826s (after merging)
[t=0.0664881s, 23604 KB] M&S algorithm main loop timer: 0.0633197s (after pruning)

[t=0.0665156s, 23604 KB] Operator mutex starting iteration 29


[t=0.0665685s, 23604 KB] In ts_29_46 of size 2 found num new op-mutexes 0


[t=0.0671515s, 23604 KB] In ts_29_54 of size 26 found num new op-mutexes 0


[t=0.0676803s, 23604 KB] In ts_29_62 of size 30 found num new op-mutexes 383
[t=0.0677177s, 23604 KB] Operator mutex finished iteration 29. Found an additional 383 operator mutexes

[t=0.0677659s, 23604 KB] Next pair of indices: (54, 46)
[t=0.0677881s, 23604 KB] M&S algorithm main loop timer: 0.0646175s (after computation of next merge)
[t=0.0678667s, 23604 KB] M&S algorithm main loop timer: 0.0647s (after merging)
[t=0.0679024s, 23604 KB] M&S algorithm main loop timer: 0.0647328s (after pruning)

[t=0.0679285s, 23604 KB] Operator mutex starting iteration 30


[t=0.0684976s, 23604 KB] In ts_30_62 of size 30 found num new op-mutexes 0


[t=0.0690602s, 23604 KB] In ts_30_63 of size 27 found num new op-mutexes 0
[t=0.0690997s, 23604 KB] Operator mutex finished iteration 30. Found an additional 0 operator mutexes

[t=0.0691287s, 23604 KB] Next pair of indices: (63, 62)
[t=0.0691507s, 23604 KB] M&S algorithm main loop timer: 0.0659793s (after computation of next merge)
[t=0.0695541s, 23604 KB] M&S algorithm main loop timer: 0.0664047s (after merging)
[t=0.0697115s, 23604 KB] M&S algorithm main loop timer: 0.0665544s (after pruning)

[t=0.0697517s, 23604 KB] Operator mutex starting iteration 31


[t=0.442782s, 23604 KB] In ts_31_64 of size 756 found num new op-mutexes 1
[t=0.442882s, 23604 KB] Operator mutex finished iteration 31. Found an additional 1 operator mutexes

[t=0.442915s, 23604 KB] End of merge-and-shrink algorithm, statistics:
[t=0.442938s, 23604 KB] Main loop runtime: 0.439767s
[t=0.44296s, 23604 KB] Maximum intermediate abstraction size: 810
[t=0.442981s, 23604 KB] Final peak memory increase of merge-and-shrink algorithm: 1004 KB
[t=0.443013s, 23604 KB] Merge-and-shrink algorithm runtime: 0.440901s

[t=0.443035s, 23604 KB] Number of labels: 99
[t=0.443055s, 23604 KB] Total number of operator mutexes: 7163
[t=0.443074s, 23604 KB] Operator Mutex total time: 0.433696s
[t=0.443099s, 23604 KB] Number of remaining factors: 1
[t=0.443126s, 23604 KB] Number of factors kept: 1
[t=0.443146s, 23604 KB] Done initializing merge-and-shrink heuristic.

[t=0.443455s, 23604 KB] Building successor generator...done!
[t=0.443594s, 23604 KB] peak memory difference for successor generator creation: 0 KB
[t=0.443613s, 23604 KB] time for successor generation creation: 6.9116e-05s
[t=0.443638s, 23604 KB] Variables: 33
[t=0.443659s, 23604 KB] FactPairs: 104
[t=0.443678s, 23604 KB] Bytes per state: 8
[t=0.443804s, 23604 KB] Conducting best first search with reopening closed nodes, (real) bound = 2147483647
[t=0.443863s, 23604 KB] New best heuristic value for merge_and_shrink(op_mutex = op_mutex(use_previous_ops = nasutpo, reachability_strategy = goal), merge_strategy = merge_sccs(order_of_sccs = topological, merge_tree = linear), shrink_strategy = shrink_fh): 510256
[t=0.443888s, 23604 KB] g=0, 1 evaluated, 0 expanded
[t=0.44391s, 23604 KB] f = 510256, 1 evaluated, 0 expanded
[t=0.443933s, 23604 KB] Initial heuristic value for merge_and_shrink(op_mutex = op_mutex(use_previous_ops = nasutpo, reachability_strategy = goal), merge_strategy = merge_sccs(order_of_sccs = topological, merge_tree = linear), shrink_strategy = shrink_fh): 510256
[t=0.443954s, 23604 KB] pruning method: none
[t=0.443991s, 23604 KB] New best heuristic value for merge_and_shrink(op_mutex = op_mutex(use_previous_ops = nasutpo, reachability_strategy = goal), merge_strategy = merge_sccs(order_of_sccs = topological, merge_tree = linear), shrink_strategy = shrink_fh): 509756
[t=0.444014s, 23604 KB] g=899, 3 evaluated, 2 expanded
[t=0.444048s, 23604 KB] New best heuristic value for merge_and_shrink(op_mutex = op_mutex(use_previous_ops = nasutpo, reachability_strategy = goal), merge_strategy = merge_sccs(order_of_sccs = topological, merge_tree = linear), shrink_strategy = shrink_fh): 506668
[t=0.444071s, 23604 KB] g=3588, 5 evaluated, 3 expanded
[t=0.444109s, 23604 KB] New best heuristic value for merge_and_shrink(op_mutex = op_mutex(use_previous_ops = nasutpo, reachability_strategy = goal), merge_strategy = merge_sccs(order_of_sccs = topological, merge_tree = linear), shrink_strategy = shrink_fh): 495778
[t=0.444132s, 23604 KB] g=14478, 9 evaluated, 4 expanded
[t=0.444166s, 23604 KB] New best heuristic value for merge_and_shrink(op_mutex = op_mutex(use_previous_ops = nasutpo, reachability_strategy = goal), merge_strategy = merge_sccs(order_of_sccs = topological, merge_tree = linear), shrink_strategy = shrink_fh): 478326
[t=0.444189s, 23604 KB] g=31930, 11 evaluated, 5 expanded
[t=0.444227s, 23604 KB] New best heuristic value for merge_and_shrink(op_mutex = op_mutex(use_previous_ops = nasutpo, reachability_strategy = goal), merge_strategy = merge_sccs(order_of_sccs = topological, merge_tree = linear), shrink_strategy = shrink_fh): 266477
[t=0.444249s, 23604 KB] g=243779, 14 evaluated, 6 expanded
[t=0.444285s, 23604 KB] New best heuristic value for merge_and_shrink(op_mutex = op_mutex(use_previous_ops = nasutpo, reachability_strategy = goal), merge_strategy = merge_sccs(order_of_sccs = topological, merge_tree = linear), shrink_strategy = shrink_fh): 187558
[t=0.444307s, 23604 KB] g=322698, 17 evaluated, 7 expanded
[t=0.444341s, 23604 KB] New best heuristic value for merge_and_shrink(op_mutex = op_mutex(use_previous_ops = nasutpo, reachability_strategy = goal), merge_strategy = merge_sccs(order_of_sccs = topological, merge_tree = linear), shrink_strategy = shrink_fh): 184307
[t=0.444373s, 23604 KB] g=325949, 20 evaluated, 8 expanded
[t=0.444407s, 23604 KB] New best heuristic value for merge_and_shrink(op_mutex = op_mutex(use_previous_ops = nasutpo, reachability_strategy = goal), merge_strategy = merge_sccs(order_of_sccs = topological, merge_tree = linear), shrink_strategy = shrink_fh): 182808
[t=0.44443s, 23604 KB] g=327448, 23 evaluated, 9 expanded
[t=0.44446s, 23604 KB] New best heuristic value for merge_and_shrink(op_mutex = op_mutex(use_previous_ops = nasutpo, reachability_strategy = goal), merge_strategy = merge_sccs(order_of_sccs = topological, merge_tree = linear), shrink_strategy = shrink_fh): 182308
[t=0.444483s, 23604 KB] g=328347, 25 evaluated, 10 expanded
[t=0.444511s, 23604 KB] New best heuristic value for merge_and_shrink(op_mutex = op_mutex(use_previous_ops = nasutpo, reachability_strategy = goal), merge_strategy = merge_sccs(order_of_sccs = topological, merge_tree = linear), shrink_strategy = shrink_fh): 179220
[t=0.444533s, 23604 KB] g=331036, 26 evaluated, 11 expanded
[t=0.444566s, 23604 KB] New best heuristic value for merge_and_shrink(op_mutex = op_mutex(use_previous_ops = nasutpo, reachability_strategy = goal), merge_strategy = merge_sccs(order_of_sccs = topological, merge_tree = linear), shrink_strategy = shrink_fh): 167415
[t=0.444592s, 23604 KB] g=342841, 28 evaluated, 12 expanded
[t=0.444623s, 23604 KB] New best heuristic value for merge_and_shrink(op_mutex = op_mutex(use_previous_ops = nasutpo, reachability_strategy = goal), merge_strategy = merge_sccs(order_of_sccs = topological, merge_tree = linear), shrink_strategy = shrink_fh): 43666
[t=0.444645s, 23604 KB] g=466590, 30 evaluated, 13 expanded
[t=0.444672s, 23604 KB] New best heuristic value for merge_and_shrink(op_mutex = op_mutex(use_previous_ops = nasutpo, reachability_strategy = goal), merge_strategy = merge_sccs(order_of_sccs = topological, merge_tree = linear), shrink_strategy = shrink_fh): 15957
[t=0.444693s, 23604 KB] g=494299, 31 evaluated, 14 expanded
[t=0.444728s, 23604 KB] New best heuristic value for merge_and_shrink(op_mutex = op_mutex(use_previous_ops = nasutpo, reachability_strategy = goal), merge_strategy = merge_sccs(order_of_sccs = topological, merge_tree = linear), shrink_strategy = shrink_fh): 4750
[t=0.44475s, 23604 KB] g=505506, 33 evaluated, 15 expanded
[t=0.444788s, 23604 KB] New best heuristic value for merge_and_shrink(op_mutex = op_mutex(use_previous_ops = nasutpo, reachability_strategy = goal), merge_strategy = merge_sccs(order_of_sccs = topological, merge_tree = linear), shrink_strategy = shrink_fh): 1499
[t=0.444813s, 23604 KB] g=508757, 35 evaluated, 16 expanded
[t=0.444861s, 23604 KB] New best heuristic value for merge_and_shrink(op_mutex = op_mutex(use_previous_ops = nasutpo, reachability_strategy = goal), merge_strategy = merge_sccs(order_of_sccs = topological, merge_tree = linear), shrink_strategy = shrink_fh): 0
[t=0.444886s, 23604 KB] g=510256, 37 evaluated, 17 expanded
[t=0.444909s, 23604 KB] Solution found!
[t=0.444931s, 23604 KB] Actual search time: 0.000974004s
initialize  (0)
fe1-feedmsi-letter sheet1 (500)
im1-movelower-letter sheet1 (3088)
lc1-fmove-letter sheet1 (10890)
lc2-divert-letter sheet1 back front (17452)
lre-simplex-letter sheet1 front image-1 (211849)
lc2-mergeinvert-letter sheet1 (78919)
om-lowerout-letter sheet1 (3251)
sys-stack-letter sheet1 dummy-sheet (1499)
fe1-feedmsi-letter sheet2 (500)
im1-movelower-letter sheet2 (3088)
lc1-divert-letter sheet2 back front (11805)
lbe-simplex-letter sheet2 front image-2 (123749)
lc1-merge-letter sheet2 (27709)
lc2-fmove-letter sheet2 (11207)
om-lowerout-letter sheet2 (3251)
sys-stack-letter sheet2 sheet1 (1499)
[t=0.444954s, 23604 KB] Plan length: 17 step(s).
[t=0.444954s, 23604 KB] Plan cost: 510256
[t=0.444954s, 23604 KB] Expanded 18 state(s).
[t=0.444954s, 23604 KB] Reopened 0 state(s).
[t=0.444954s, 23604 KB] Evaluated 37 state(s).
[t=0.444954s, 23604 KB] Evaluations: 37
[t=0.444954s, 23604 KB] Generated 46 state(s).
[t=0.444954s, 23604 KB] Dead ends: 5 state(s).
[t=0.444954s, 23604 KB] Expanded until last jump: 0 state(s).
[t=0.444954s, 23604 KB] Reopened until last jump: 0 state(s).
[t=0.444954s, 23604 KB] Evaluated until last jump: 1 state(s).
[t=0.444954s, 23604 KB] Generated until last jump: 0 state(s).
[t=0.444954s, 23604 KB] Number of registered states: 37
[t=0.444954s, 23604 KB] Int hash set load factor: 37/64 = 0.578125
[t=0.444954s, 23604 KB] Int hash set resizes: 6
[t=0.444954s, 23604 KB] Search time: 0.00115146s
[t=0.444954s, 23604 KB] Total time: 0.444954s
Solution found.
Peak memory: 23604 KB
Remove intermediate file output.sas
search exit code: 0

INFO     Running validate.
INFO     validate stdin: None
INFO     validate time limit: None
INFO     validate memory limit: None
INFO     validate command line string: validate domain.pddl problem.pddl sas_plan
Checking plan: sas_plan
Plan executed successfully - checking goal
Plan valid
Final value: 510256 

Successful plans:
Value: 510256
 sas_plan 510256 

validate exit code: 0

