INFO     Running translator.
INFO     translator stdin: None
INFO     translator time limit: 599.97s
INFO     translator memory limit: 7000 MB
INFO     translator command line string: /usr/bin/python3 /user/student.aau.dk/lkar18/downward-projects/downward/experiments/nopo_vs_nasutpo_195p/data/nopo_vs_nasutpo/code-94571df14dfaf5b06207d9589b12facdd93f580c_e5e41175/builds/release/bin/translate/translate.py domain.pddl problem.pddl --sas-file output.sas
Parsing...
Parsing: [0.010s CPU, 0.003s wall-clock]
Normalizing task... [0.000s CPU, 0.000s wall-clock]
Instantiating...
Generating Datalog program... [0.000s CPU, 0.000s wall-clock]
Normalizing Datalog program...
Normalizing Datalog program: [0.000s CPU, 0.005s wall-clock]
Preparing model... [0.000s CPU, 0.002s wall-clock]
Generated 91 rules.
Computing model... [0.010s CPU, 0.008s wall-clock]
252 relevant atoms
616 auxiliary atoms
868 final queue length
1218 total queue pushes
Completing instantiation... [0.010s CPU, 0.007s wall-clock]
Instantiating: [0.020s CPU, 0.023s wall-clock]
Computing fact groups...
Finding invariants...
18 initial candidates
Finding invariants: [0.010s CPU, 0.012s wall-clock]
Checking invariant weight... [0.000s CPU, 0.000s wall-clock]
Instantiating groups... [0.000s CPU, 0.000s wall-clock]
Collecting mutex groups... [0.000s CPU, 0.000s wall-clock]
Choosing groups...
42 uncovered facts
Choosing groups: [0.000s CPU, 0.000s wall-clock]
Building translation key... [0.000s CPU, 0.000s wall-clock]
Computing fact groups: [0.010s CPU, 0.013s wall-clock]
Building STRIPS to SAS dictionary... [0.000s CPU, 0.000s wall-clock]
Building dictionary for full mutex groups... [0.000s CPU, 0.000s wall-clock]
Building mutex information...
Building mutex information: [0.000s CPU, 0.000s wall-clock]
Translating task...
Processing axioms...
Simplifying axioms... [0.000s CPU, 0.000s wall-clock]
Translator axioms removed by simplifying: 0
Computing negative axioms... [0.000s CPU, 0.000s wall-clock]
Processing axioms: [0.000s CPU, 0.000s wall-clock]
Translating task: [0.010s CPU, 0.008s wall-clock]
336 effect conditions simplified
0 implied preconditions added
Detecting unreachable propositions...
0 operators removed
0 axioms removed
8 propositions removed
Detecting unreachable propositions: [0.000s CPU, 0.004s wall-clock]
Reordering and filtering variables...
42 of 42 variables necessary.
0 of 0 mutex groups necessary.
128 of 128 operators necessary.
0 of 0 axiom rules necessary.
Reordering and filtering variables: [0.010s CPU, 0.004s wall-clock]
Translator variables: 42
Translator derived variables: 0
Translator facts: 84
Translator goal facts: 4
Translator mutex groups: 0
Translator total mutex groups size: 0
Translator operators: 128
Translator axioms: 0
Translator task size: 1210
Translator peak memory: 42912 KB
Writing output... [0.000s CPU, 0.003s wall-clock]
Done! [0.060s CPU, 0.059s wall-clock]
translate exit code: 0

INFO     Running search (release).
INFO     search stdin: output.sas
INFO     search time limit: 599.86s
INFO     search memory limit: 7000 MB
INFO     search command line string: /user/student.aau.dk/lkar18/downward-projects/downward/experiments/nopo_vs_nasutpo_195p/data/nopo_vs_nasutpo/code-94571df14dfaf5b06207d9589b12facdd93f580c_e5e41175/builds/release/bin/downward --search 'astar(merge_and_shrink(op_mutex=op_mutex(use_previous_ops=NaSUTPO, reachability_strategy=goal), merge_strategy=merge_precomputed(linear()), shrink_strategy=shrink_bisimulation(greedy=true, at_limit=USE_UP)))' --internal-plan-file sas_plan < output.sas
[t=3.9222e-05s, 22344 KB] reading input...
[t=0.000921573s, 22344 KB] done reading input!
[t=0.00229804s, 22600 KB] Initializing merge-and-shrink heuristic...
[t=0.00236304s, 22600 KB] Running merge-and-shrink algorithm...
[t=0.00238276s, 22600 KB] Merge strategy options:
[t=0.0024134s, 22600 KB] Type: precomputed
[t=0.00244781s, 22600 KB] Merge tree options: 
[t=0.0024697s, 22600 KB] Type: linear
[t=0.00248919s, 22600 KB] Update option: use random
[t=0.00250864s, 22600 KB] Variable order type: CG/GOAL, tie breaking on level (main)

[t=0.00253033s, 22600 KB] Options related to size limits and shrinking: 
[t=0.00254987s, 22600 KB] Transition system size limit: 50000
[t=0.0025682s, 22600 KB] Transition system size limit right before merge: 50000
[t=0.00258635s, 22600 KB] Threshold to trigger shrinking right before merge: 1

[t=0.00260737s, 22600 KB] Pruning unreachable states: yes
[t=0.00262692s, 22600 KB] Pruning irrelevant states: yes

[t=0.00265254s, 22600 KB] Label reduction disabled

[t=0.00267438s, 22600 KB] Main loop max time in seconds: inf

[t=0.00269728s, 22600 KB] ===============================================================================
[t=0.00271599s, 22600 KB] WARNING! You did not enable label reduction.
This may drastically reduce the performance of merge-and-shrink!
[t=0.00273498s, 22600 KB] ===============================================================================

[t=0.00275612s, 22600 KB] Building atomic transition systems... 
[t=0.00359817s, 23664 KB] M&S algorithm timer: 0.00127991s (after computation of atomic factors)

[t=0.00365793s, 23664 KB] Starting main loop without a time limit.
[t=0.00368653s, 23664 KB] building causal graph...done! [t=0.000776491s]
[t=0.00453477s, 23796 KB] Next pair of indices: (41, 40)
[t=0.00462073s, 23796 KB] M&S algorithm main loop timer: 0.000984763s (after computation of next merge)
[t=0.00467293s, 23796 KB] M&S algorithm main loop timer: 0.00104032s (after merging)

[t=0.00470551s, 23796 KB] Operator mutex starting iteration 0


[t=0.00477097s, 23796 KB] In ts_0_0 of size 2 found num new op-mutexes 0


[t=0.00484383s, 23796 KB] In ts_0_1 of size 2 found num new op-mutexes 0


[t=0.00490971s, 23796 KB] In ts_0_2 of size 2 found num new op-mutexes 0


[t=0.00497284s, 23796 KB] In ts_0_3 of size 2 found num new op-mutexes 0


[t=0.00503696s, 23796 KB] In ts_0_4 of size 2 found num new op-mutexes 0


[t=0.0051008s, 23796 KB] In ts_0_5 of size 2 found num new op-mutexes 0


[t=0.00516339s, 23796 KB] In ts_0_6 of size 2 found num new op-mutexes 0


[t=0.00523522s, 23796 KB] In ts_0_7 of size 2 found num new op-mutexes 0


[t=0.00530659s, 23796 KB] In ts_0_8 of size 2 found num new op-mutexes 0


[t=0.00537126s, 23796 KB] In ts_0_9 of size 2 found num new op-mutexes 0


[t=0.00544136s, 23796 KB] In ts_0_10 of size 2 found num new op-mutexes 0


[t=0.00551108s, 23796 KB] In ts_0_11 of size 2 found num new op-mutexes 0


[t=0.00557444s, 23796 KB] In ts_0_12 of size 2 found num new op-mutexes 0


[t=0.00563659s, 23796 KB] In ts_0_13 of size 2 found num new op-mutexes 0


[t=0.00571758s, 23796 KB] In ts_0_14 of size 2 found num new op-mutexes 0


[t=0.00579496s, 23796 KB] In ts_0_15 of size 2 found num new op-mutexes 0


[t=0.00586448s, 23796 KB] In ts_0_16 of size 2 found num new op-mutexes 0


[t=0.00593666s, 23796 KB] In ts_0_17 of size 2 found num new op-mutexes 0


[t=0.00600669s, 23796 KB] In ts_0_18 of size 2 found num new op-mutexes 0


[t=0.00606974s, 23796 KB] In ts_0_19 of size 2 found num new op-mutexes 0


[t=0.00614876s, 23796 KB] In ts_0_20 of size 2 found num new op-mutexes 0


[t=0.00621962s, 23796 KB] In ts_0_21 of size 2 found num new op-mutexes 0


[t=0.00628807s, 23796 KB] In ts_0_22 of size 2 found num new op-mutexes 0


[t=0.00635652s, 23796 KB] In ts_0_23 of size 2 found num new op-mutexes 0


[t=0.006419s, 23796 KB] In ts_0_24 of size 2 found num new op-mutexes 0


[t=0.00648831s, 23796 KB] In ts_0_25 of size 2 found num new op-mutexes 0


[t=0.00655712s, 23796 KB] In ts_0_26 of size 2 found num new op-mutexes 0


[t=0.00664388s, 23796 KB] In ts_0_27 of size 2 found num new op-mutexes 0


[t=0.00671319s, 23796 KB] In ts_0_28 of size 2 found num new op-mutexes 0


[t=0.00677693s, 23796 KB] In ts_0_29 of size 2 found num new op-mutexes 0


[t=0.00684571s, 23796 KB] In ts_0_30 of size 2 found num new op-mutexes 0


[t=0.00694094s, 23796 KB] In ts_0_31 of size 2 found num new op-mutexes 0


[t=0.00701388s, 23796 KB] In ts_0_32 of size 2 found num new op-mutexes 0


[t=0.0070833s, 23796 KB] In ts_0_33 of size 2 found num new op-mutexes 0


[t=0.00715267s, 23796 KB] In ts_0_34 of size 2 found num new op-mutexes 0


[t=0.00722493s, 23796 KB] In ts_0_35 of size 2 found num new op-mutexes 0


[t=0.00729863s, 23796 KB] In ts_0_36 of size 2 found num new op-mutexes 0


[t=0.0073683s, 23796 KB] In ts_0_37 of size 2 found num new op-mutexes 0


[t=0.00743122s, 23796 KB] In ts_0_38 of size 2 found num new op-mutexes 0


[t=0.00749383s, 23796 KB] In ts_0_39 of size 2 found num new op-mutexes 0


[t=0.007579s, 23796 KB] In ts_0_42 of size 4 found num new op-mutexes 0
[t=0.00760715s, 23796 KB] Operator mutex finished iteration 0. Found an additional 0 operator mutexes

[t=0.00763347s, 23796 KB] Next pair of indices: (42, 39)
[t=0.00765383s, 23796 KB] M&S algorithm main loop timer: 0.00401352s (after computation of next merge)
[t=0.0077068s, 23796 KB] M&S algorithm main loop timer: 0.00407258s (after merging)

[t=0.00773812s, 23796 KB] Operator mutex starting iteration 1


[t=0.00779898s, 23796 KB] In ts_1_0 of size 2 found num new op-mutexes 0


[t=0.00786419s, 23796 KB] In ts_1_1 of size 2 found num new op-mutexes 0


[t=0.00793583s, 23796 KB] In ts_1_2 of size 2 found num new op-mutexes 0


[t=0.00799818s, 23796 KB] In ts_1_3 of size 2 found num new op-mutexes 0


[t=0.00806035s, 23796 KB] In ts_1_4 of size 2 found num new op-mutexes 0


[t=0.00812171s, 23796 KB] In ts_1_5 of size 2 found num new op-mutexes 0


[t=0.00818267s, 23796 KB] In ts_1_6 of size 2 found num new op-mutexes 0


[t=0.00825294s, 23796 KB] In ts_1_7 of size 2 found num new op-mutexes 0


[t=0.00832334s, 23796 KB] In ts_1_8 of size 2 found num new op-mutexes 0


[t=0.00838641s, 23796 KB] In ts_1_9 of size 2 found num new op-mutexes 0


[t=0.00845609s, 23796 KB] In ts_1_10 of size 2 found num new op-mutexes 0


[t=0.00852602s, 23796 KB] In ts_1_11 of size 2 found num new op-mutexes 0


[t=0.00858896s, 23796 KB] In ts_1_12 of size 2 found num new op-mutexes 0


[t=0.00865061s, 23796 KB] In ts_1_13 of size 2 found num new op-mutexes 0


[t=0.00872048s, 23796 KB] In ts_1_14 of size 2 found num new op-mutexes 0


[t=0.00880633s, 23796 KB] In ts_1_15 of size 2 found num new op-mutexes 0


[t=0.00887528s, 23796 KB] In ts_1_16 of size 2 found num new op-mutexes 0


[t=0.0089462s, 23796 KB] In ts_1_17 of size 2 found num new op-mutexes 0


[t=0.00901615s, 23796 KB] In ts_1_18 of size 2 found num new op-mutexes 0


[t=0.00907971s, 23796 KB] In ts_1_19 of size 2 found num new op-mutexes 0


[t=0.00916187s, 23796 KB] In ts_1_20 of size 2 found num new op-mutexes 0


[t=0.00923267s, 23796 KB] In ts_1_21 of size 2 found num new op-mutexes 0


[t=0.0093014s, 23796 KB] In ts_1_22 of size 2 found num new op-mutexes 0


[t=0.00937014s, 23796 KB] In ts_1_23 of size 2 found num new op-mutexes 0


[t=0.00943274s, 23796 KB] In ts_1_24 of size 2 found num new op-mutexes 0


[t=0.00950206s, 23796 KB] In ts_1_25 of size 2 found num new op-mutexes 0


[t=0.00957772s, 23796 KB] In ts_1_26 of size 2 found num new op-mutexes 0


[t=0.00964592s, 23796 KB] In ts_1_27 of size 2 found num new op-mutexes 0


[t=0.00971409s, 23796 KB] In ts_1_28 of size 2 found num new op-mutexes 0


[t=0.00977624s, 23796 KB] In ts_1_29 of size 2 found num new op-mutexes 0


[t=0.00984498s, 23796 KB] In ts_1_30 of size 2 found num new op-mutexes 0


[t=0.00991358s, 23796 KB] In ts_1_31 of size 2 found num new op-mutexes 0


[t=0.00998279s, 23796 KB] In ts_1_32 of size 2 found num new op-mutexes 0


[t=0.0100511s, 23796 KB] In ts_1_33 of size 2 found num new op-mutexes 0


[t=0.0101194s, 23796 KB] In ts_1_34 of size 2 found num new op-mutexes 0


[t=0.0101876s, 23796 KB] In ts_1_35 of size 2 found num new op-mutexes 0


[t=0.0102565s, 23796 KB] In ts_1_36 of size 2 found num new op-mutexes 0


[t=0.0103248s, 23796 KB] In ts_1_37 of size 2 found num new op-mutexes 0


[t=0.0103962s, 23796 KB] In ts_1_38 of size 2 found num new op-mutexes 0


[t=0.0105036s, 23796 KB] In ts_1_43 of size 8 found num new op-mutexes 0
[t=0.0105328s, 23796 KB] Operator mutex finished iteration 1. Found an additional 0 operator mutexes

[t=0.0105603s, 23796 KB] Next pair of indices: (43, 38)
[t=0.0105812s, 23796 KB] M&S algorithm main loop timer: 0.00694118s (after computation of next merge)
[t=0.0106401s, 23796 KB] M&S algorithm main loop timer: 0.00701105s (after merging)

[t=0.0106771s, 23796 KB] Operator mutex starting iteration 2


[t=0.0107385s, 23796 KB] In ts_2_0 of size 2 found num new op-mutexes 0


[t=0.0108035s, 23796 KB] In ts_2_1 of size 2 found num new op-mutexes 0


[t=0.0108665s, 23796 KB] In ts_2_2 of size 2 found num new op-mutexes 0


[t=0.0109287s, 23796 KB] In ts_2_3 of size 2 found num new op-mutexes 0


[t=0.0109902s, 23796 KB] In ts_2_4 of size 2 found num new op-mutexes 0


[t=0.0110512s, 23796 KB] In ts_2_5 of size 2 found num new op-mutexes 0


[t=0.0111118s, 23796 KB] In ts_2_6 of size 2 found num new op-mutexes 0


[t=0.011183s, 23796 KB] In ts_2_7 of size 2 found num new op-mutexes 0


[t=0.0112546s, 23796 KB] In ts_2_8 of size 2 found num new op-mutexes 0


[t=0.0113199s, 23796 KB] In ts_2_9 of size 2 found num new op-mutexes 0


[t=0.0113895s, 23796 KB] In ts_2_10 of size 2 found num new op-mutexes 0


[t=0.0114738s, 23796 KB] In ts_2_11 of size 2 found num new op-mutexes 0


[t=0.0115381s, 23796 KB] In ts_2_12 of size 2 found num new op-mutexes 0


[t=0.0116006s, 23796 KB] In ts_2_13 of size 2 found num new op-mutexes 0


[t=0.0116706s, 23796 KB] In ts_2_14 of size 2 found num new op-mutexes 0


[t=0.0117402s, 23796 KB] In ts_2_15 of size 2 found num new op-mutexes 0


[t=0.0118034s, 23796 KB] In ts_2_16 of size 2 found num new op-mutexes 0


[t=0.0118853s, 23796 KB] In ts_2_17 of size 2 found num new op-mutexes 0


[t=0.0119585s, 23796 KB] In ts_2_18 of size 2 found num new op-mutexes 0


[t=0.0120216s, 23796 KB] In ts_2_19 of size 2 found num new op-mutexes 0


[t=0.0120911s, 23796 KB] In ts_2_20 of size 2 found num new op-mutexes 0


[t=0.0121605s, 23796 KB] In ts_2_21 of size 2 found num new op-mutexes 0


[t=0.0122299s, 23796 KB] In ts_2_22 of size 2 found num new op-mutexes 0


[t=0.0122995s, 23796 KB] In ts_2_23 of size 2 found num new op-mutexes 0


[t=0.0123622s, 23796 KB] In ts_2_24 of size 2 found num new op-mutexes 0


[t=0.012431s, 23796 KB] In ts_2_25 of size 2 found num new op-mutexes 0


[t=0.0125049s, 23796 KB] In ts_2_26 of size 2 found num new op-mutexes 0


[t=0.0125731s, 23796 KB] In ts_2_27 of size 2 found num new op-mutexes 0


[t=0.0126416s, 23796 KB] In ts_2_28 of size 2 found num new op-mutexes 0


[t=0.0127038s, 23796 KB] In ts_2_29 of size 2 found num new op-mutexes 0


[t=0.0127839s, 23796 KB] In ts_2_30 of size 2 found num new op-mutexes 0


[t=0.0128556s, 23796 KB] In ts_2_31 of size 2 found num new op-mutexes 0


[t=0.0129249s, 23796 KB] In ts_2_32 of size 2 found num new op-mutexes 0


[t=0.0129943s, 23796 KB] In ts_2_33 of size 2 found num new op-mutexes 0


[t=0.0130633s, 23796 KB] In ts_2_34 of size 2 found num new op-mutexes 0


[t=0.0131321s, 23796 KB] In ts_2_35 of size 2 found num new op-mutexes 0


[t=0.0132011s, 23796 KB] In ts_2_36 of size 2 found num new op-mutexes 0


[t=0.0132692s, 23796 KB] In ts_2_37 of size 2 found num new op-mutexes 0


[t=0.013417s, 23796 KB] In ts_2_44 of size 16 found num new op-mutexes 0
[t=0.0134481s, 23796 KB] Operator mutex finished iteration 2. Found an additional 0 operator mutexes

[t=0.0134753s, 23796 KB] Next pair of indices: (44, 37)
[t=0.0134963s, 23796 KB] M&S algorithm main loop timer: 0.00985615s (after computation of next merge)
[t=0.0135373s, 23796 KB] M&S algorithm main loop timer: 0.00989998s (after shrinking)
[t=0.0135947s, 23796 KB] M&S algorithm main loop timer: 0.00996222s (after merging)

[t=0.0136277s, 23796 KB] Operator mutex starting iteration 3


[t=0.013689s, 23796 KB] In ts_3_0 of size 2 found num new op-mutexes 0


[t=0.0137627s, 23796 KB] In ts_3_1 of size 2 found num new op-mutexes 0


[t=0.0138286s, 23796 KB] In ts_3_2 of size 2 found num new op-mutexes 0


[t=0.013892s, 23796 KB] In ts_3_3 of size 2 found num new op-mutexes 0


[t=0.0139548s, 23796 KB] In ts_3_4 of size 2 found num new op-mutexes 0


[t=0.0140173s, 23796 KB] In ts_3_5 of size 2 found num new op-mutexes 0


[t=0.0140796s, 23796 KB] In ts_3_6 of size 2 found num new op-mutexes 0


[t=0.014155s, 23796 KB] In ts_3_7 of size 2 found num new op-mutexes 0


[t=0.0142305s, 23796 KB] In ts_3_8 of size 2 found num new op-mutexes 0


[t=0.0143059s, 23796 KB] In ts_3_9 of size 2 found num new op-mutexes 0


[t=0.0143772s, 23796 KB] In ts_3_10 of size 2 found num new op-mutexes 0


[t=0.0144475s, 23796 KB] In ts_3_11 of size 2 found num new op-mutexes 0


[t=0.0145534s, 23796 KB] In ts_3_12 of size 2 found num new op-mutexes 0


[t=0.0146232s, 23796 KB] In ts_3_13 of size 2 found num new op-mutexes 0


[t=0.0146956s, 23796 KB] In ts_3_14 of size 2 found num new op-mutexes 0


[t=0.0147669s, 23796 KB] In ts_3_15 of size 2 found num new op-mutexes 0


[t=0.0148309s, 23796 KB] In ts_3_16 of size 2 found num new op-mutexes 0


[t=0.0149517s, 23796 KB] In ts_3_17 of size 2 found num new op-mutexes 0


[t=0.0150256s, 23796 KB] In ts_3_18 of size 2 found num new op-mutexes 0


[t=0.0151004s, 23796 KB] In ts_3_19 of size 2 found num new op-mutexes 0


[t=0.0151711s, 23796 KB] In ts_3_20 of size 2 found num new op-mutexes 0


[t=0.0152416s, 23796 KB] In ts_3_21 of size 2 found num new op-mutexes 0


[t=0.0153117s, 23796 KB] In ts_3_22 of size 2 found num new op-mutexes 0


[t=0.0153818s, 23796 KB] In ts_3_23 of size 2 found num new op-mutexes 0


[t=0.0154456s, 23796 KB] In ts_3_24 of size 2 found num new op-mutexes 0


[t=0.0155258s, 23796 KB] In ts_3_25 of size 2 found num new op-mutexes 0


[t=0.0155959s, 23796 KB] In ts_3_26 of size 2 found num new op-mutexes 0


[t=0.0156655s, 23796 KB] In ts_3_27 of size 2 found num new op-mutexes 0


[t=0.0157345s, 23796 KB] In ts_3_28 of size 2 found num new op-mutexes 0


[t=0.0157979s, 23796 KB] In ts_3_29 of size 2 found num new op-mutexes 0


[t=0.015867s, 23796 KB] In ts_3_30 of size 2 found num new op-mutexes 0


[t=0.0159366s, 23796 KB] In ts_3_31 of size 2 found num new op-mutexes 0


[t=0.0160062s, 23796 KB] In ts_3_32 of size 2 found num new op-mutexes 0


[t=0.0160758s, 23796 KB] In ts_3_33 of size 2 found num new op-mutexes 0


[t=0.0161452s, 23796 KB] In ts_3_34 of size 2 found num new op-mutexes 0


[t=0.0162147s, 23796 KB] In ts_3_35 of size 2 found num new op-mutexes 0


[t=0.0162837s, 23796 KB] In ts_3_36 of size 2 found num new op-mutexes 0


[t=0.0164315s, 23796 KB] In ts_3_45 of size 16 found num new op-mutexes 0
[t=0.0164628s, 23796 KB] Operator mutex finished iteration 3. Found an additional 0 operator mutexes

[t=0.0164914s, 23796 KB] Next pair of indices: (45, 36)
[t=0.0165125s, 23796 KB] M&S algorithm main loop timer: 0.0128725s (after computation of next merge)
[t=0.0165526s, 23796 KB] M&S algorithm main loop timer: 0.0129152s (after shrinking)
[t=0.0166092s, 23796 KB] M&S algorithm main loop timer: 0.0129758s (after merging)

[t=0.0166414s, 23796 KB] Operator mutex starting iteration 4


[t=0.0167032s, 23796 KB] In ts_4_0 of size 2 found num new op-mutexes 0


[t=0.0167772s, 23796 KB] In ts_4_1 of size 2 found num new op-mutexes 0


[t=0.0168439s, 23796 KB] In ts_4_2 of size 2 found num new op-mutexes 0


[t=0.0169074s, 23796 KB] In ts_4_3 of size 2 found num new op-mutexes 0


[t=0.01697s, 23796 KB] In ts_4_4 of size 2 found num new op-mutexes 0


[t=0.0170321s, 23796 KB] In ts_4_5 of size 2 found num new op-mutexes 0


[t=0.0170937s, 23796 KB] In ts_4_6 of size 2 found num new op-mutexes 0


[t=0.0171647s, 23796 KB] In ts_4_7 of size 2 found num new op-mutexes 0


[t=0.0172444s, 23796 KB] In ts_4_8 of size 2 found num new op-mutexes 0


[t=0.0173077s, 23796 KB] In ts_4_9 of size 2 found num new op-mutexes 0


[t=0.0173774s, 23796 KB] In ts_4_10 of size 2 found num new op-mutexes 0


[t=0.0174474s, 23796 KB] In ts_4_11 of size 2 found num new op-mutexes 0


[t=0.0175105s, 23796 KB] In ts_4_12 of size 2 found num new op-mutexes 0


[t=0.0175728s, 23796 KB] In ts_4_13 of size 2 found num new op-mutexes 0


[t=0.0176426s, 23796 KB] In ts_4_14 of size 2 found num new op-mutexes 0


[t=0.0177125s, 23796 KB] In ts_4_15 of size 2 found num new op-mutexes 0


[t=0.0177755s, 23796 KB] In ts_4_16 of size 2 found num new op-mutexes 0


[t=0.0178449s, 23796 KB] In ts_4_17 of size 2 found num new op-mutexes 0


[t=0.0179151s, 23796 KB] In ts_4_18 of size 2 found num new op-mutexes 0


[t=0.0179898s, 23796 KB] In ts_4_19 of size 2 found num new op-mutexes 0


[t=0.0180658s, 23796 KB] In ts_4_20 of size 2 found num new op-mutexes 0


[t=0.0181437s, 23796 KB] In ts_4_21 of size 2 found num new op-mutexes 0


[t=0.0182142s, 23796 KB] In ts_4_22 of size 2 found num new op-mutexes 0


[t=0.0182839s, 23796 KB] In ts_4_23 of size 2 found num new op-mutexes 0


[t=0.0183473s, 23796 KB] In ts_4_24 of size 2 found num new op-mutexes 0


[t=0.0184168s, 23796 KB] In ts_4_25 of size 2 found num new op-mutexes 0


[t=0.0184865s, 23796 KB] In ts_4_26 of size 2 found num new op-mutexes 0


[t=0.0185652s, 23796 KB] In ts_4_27 of size 2 found num new op-mutexes 0


[t=0.0186341s, 23796 KB] In ts_4_28 of size 2 found num new op-mutexes 0


[t=0.0186968s, 23796 KB] In ts_4_29 of size 2 found num new op-mutexes 0


[t=0.018766s, 23796 KB] In ts_4_30 of size 2 found num new op-mutexes 0


[t=0.0188347s, 23796 KB] In ts_4_31 of size 2 found num new op-mutexes 0


[t=0.0189041s, 23796 KB] In ts_4_32 of size 2 found num new op-mutexes 0


[t=0.018974s, 23796 KB] In ts_4_33 of size 2 found num new op-mutexes 0


[t=0.0190437s, 23796 KB] In ts_4_34 of size 2 found num new op-mutexes 0


[t=0.0191179s, 23796 KB] In ts_4_35 of size 2 found num new op-mutexes 0


[t=0.0192672s, 23796 KB] In ts_4_46 of size 16 found num new op-mutexes 0
[t=0.019298s, 23796 KB] Operator mutex finished iteration 4. Found an additional 0 operator mutexes

[t=0.0193252s, 23796 KB] Next pair of indices: (46, 35)
[t=0.0193454s, 23796 KB] M&S algorithm main loop timer: 0.0157052s (after computation of next merge)
[t=0.0193858s, 23796 KB] M&S algorithm main loop timer: 0.0157485s (after shrinking)
[t=0.0194424s, 23796 KB] M&S algorithm main loop timer: 0.0158082s (after merging)

[t=0.0194736s, 23796 KB] Operator mutex starting iteration 5


[t=0.0195359s, 23796 KB] In ts_5_0 of size 2 found num new op-mutexes 0


[t=0.0196013s, 23796 KB] In ts_5_1 of size 2 found num new op-mutexes 0


[t=0.0196653s, 23796 KB] In ts_5_2 of size 2 found num new op-mutexes 0


[t=0.0197276s, 23796 KB] In ts_5_3 of size 2 found num new op-mutexes 0


[t=0.0197899s, 23796 KB] In ts_5_4 of size 2 found num new op-mutexes 0


[t=0.0198514s, 23796 KB] In ts_5_5 of size 2 found num new op-mutexes 0


[t=0.0199126s, 23796 KB] In ts_5_6 of size 2 found num new op-mutexes 0


[t=0.0199836s, 23796 KB] In ts_5_7 of size 2 found num new op-mutexes 0


[t=0.0200553s, 23796 KB] In ts_5_8 of size 2 found num new op-mutexes 0


[t=0.0201189s, 23796 KB] In ts_5_9 of size 2 found num new op-mutexes 0


[t=0.0201893s, 23796 KB] In ts_5_10 of size 2 found num new op-mutexes 0


[t=0.0202688s, 23796 KB] In ts_5_11 of size 2 found num new op-mutexes 0


[t=0.0203322s, 23796 KB] In ts_5_12 of size 2 found num new op-mutexes 0


[t=0.0203948s, 23796 KB] In ts_5_13 of size 2 found num new op-mutexes 0


[t=0.0204651s, 23796 KB] In ts_5_14 of size 2 found num new op-mutexes 0


[t=0.0205352s, 23796 KB] In ts_5_15 of size 2 found num new op-mutexes 0


[t=0.0205984s, 23796 KB] In ts_5_16 of size 2 found num new op-mutexes 0


[t=0.020669s, 23796 KB] In ts_5_17 of size 2 found num new op-mutexes 0


[t=0.0207385s, 23796 KB] In ts_5_18 of size 2 found num new op-mutexes 0


[t=0.0208014s, 23796 KB] In ts_5_19 of size 2 found num new op-mutexes 0


[t=0.0208711s, 23796 KB] In ts_5_20 of size 2 found num new op-mutexes 0


[t=0.0209402s, 23796 KB] In ts_5_21 of size 2 found num new op-mutexes 0


[t=0.0210094s, 23796 KB] In ts_5_22 of size 2 found num new op-mutexes 0


[t=0.0211119s, 23796 KB] In ts_5_23 of size 2 found num new op-mutexes 0


[t=0.0211779s, 23796 KB] In ts_5_24 of size 2 found num new op-mutexes 0


[t=0.0212474s, 23796 KB] In ts_5_25 of size 2 found num new op-mutexes 0


[t=0.0213166s, 23796 KB] In ts_5_26 of size 2 found num new op-mutexes 0


[t=0.0213858s, 23796 KB] In ts_5_27 of size 2 found num new op-mutexes 0


[t=0.0214639s, 23796 KB] In ts_5_28 of size 2 found num new op-mutexes 0


[t=0.0215318s, 23796 KB] In ts_5_29 of size 2 found num new op-mutexes 0


[t=0.0216047s, 23796 KB] In ts_5_30 of size 2 found num new op-mutexes 0


[t=0.0216745s, 23796 KB] In ts_5_31 of size 2 found num new op-mutexes 0


[t=0.0217447s, 23796 KB] In ts_5_32 of size 2 found num new op-mutexes 0


[t=0.0218144s, 23796 KB] In ts_5_33 of size 2 found num new op-mutexes 0


[t=0.0218931s, 23796 KB] In ts_5_34 of size 2 found num new op-mutexes 0


[t=0.0220386s, 23796 KB] In ts_5_47 of size 16 found num new op-mutexes 0
[t=0.0220697s, 23796 KB] Operator mutex finished iteration 5. Found an additional 0 operator mutexes

[t=0.0220964s, 23796 KB] Next pair of indices: (47, 34)
[t=0.0221181s, 23796 KB] M&S algorithm main loop timer: 0.0184777s (after computation of next merge)
[t=0.0221697s, 23796 KB] M&S algorithm main loop timer: 0.0185374s (after shrinking)
[t=0.0222345s, 23796 KB] M&S algorithm main loop timer: 0.0186015s (after merging)

[t=0.0222677s, 23796 KB] Operator mutex starting iteration 6


[t=0.0223308s, 23796 KB] In ts_6_0 of size 2 found num new op-mutexes 0


[t=0.0223965s, 23796 KB] In ts_6_1 of size 2 found num new op-mutexes 0


[t=0.0224608s, 23796 KB] In ts_6_2 of size 2 found num new op-mutexes 0


[t=0.0225249s, 23796 KB] In ts_6_3 of size 2 found num new op-mutexes 0


[t=0.0225878s, 23796 KB] In ts_6_4 of size 2 found num new op-mutexes 0


[t=0.0226503s, 23796 KB] In ts_6_5 of size 2 found num new op-mutexes 0


[t=0.022712s, 23796 KB] In ts_6_6 of size 2 found num new op-mutexes 0


[t=0.0227926s, 23796 KB] In ts_6_7 of size 2 found num new op-mutexes 0


[t=0.0228643s, 23796 KB] In ts_6_8 of size 2 found num new op-mutexes 0


[t=0.0229283s, 23796 KB] In ts_6_9 of size 2 found num new op-mutexes 0


[t=0.0229994s, 23796 KB] In ts_6_10 of size 2 found num new op-mutexes 0


[t=0.0230698s, 23796 KB] In ts_6_11 of size 2 found num new op-mutexes 0


[t=0.0231333s, 23796 KB] In ts_6_12 of size 2 found num new op-mutexes 0


[t=0.0231959s, 23796 KB] In ts_6_13 of size 2 found num new op-mutexes 0


[t=0.0232666s, 23796 KB] In ts_6_14 of size 2 found num new op-mutexes 0


[t=0.0233369s, 23796 KB] In ts_6_15 of size 2 found num new op-mutexes 0


[t=0.0234006s, 23796 KB] In ts_6_16 of size 2 found num new op-mutexes 0


[t=0.0234703s, 23796 KB] In ts_6_17 of size 2 found num new op-mutexes 0


[t=0.0235401s, 23796 KB] In ts_6_18 of size 2 found num new op-mutexes 0


[t=0.0236126s, 23796 KB] In ts_6_19 of size 2 found num new op-mutexes 0


[t=0.0236828s, 23796 KB] In ts_6_20 of size 2 found num new op-mutexes 0


[t=0.023753s, 23796 KB] In ts_6_21 of size 2 found num new op-mutexes 0


[t=0.0238223s, 23796 KB] In ts_6_22 of size 2 found num new op-mutexes 0


[t=0.0238911s, 23796 KB] In ts_6_23 of size 2 found num new op-mutexes 0


[t=0.0239544s, 23796 KB] In ts_6_24 of size 2 found num new op-mutexes 0


[t=0.0240237s, 23796 KB] In ts_6_25 of size 2 found num new op-mutexes 0


[t=0.0240936s, 23796 KB] In ts_6_26 of size 2 found num new op-mutexes 0


[t=0.0241754s, 23796 KB] In ts_6_27 of size 2 found num new op-mutexes 0


[t=0.0242471s, 23796 KB] In ts_6_28 of size 2 found num new op-mutexes 0


[t=0.02431s, 23796 KB] In ts_6_29 of size 2 found num new op-mutexes 0


[t=0.02438s, 23796 KB] In ts_6_30 of size 2 found num new op-mutexes 0


[t=0.0244498s, 23796 KB] In ts_6_31 of size 2 found num new op-mutexes 0


[t=0.0245281s, 23796 KB] In ts_6_32 of size 2 found num new op-mutexes 0


[t=0.0245988s, 23796 KB] In ts_6_33 of size 2 found num new op-mutexes 0


[t=0.0247441s, 23796 KB] In ts_6_48 of size 16 found num new op-mutexes 0
[t=0.0247752s, 23796 KB] Operator mutex finished iteration 6. Found an additional 0 operator mutexes

[t=0.024803s, 23796 KB] Next pair of indices: (48, 33)
[t=0.0248241s, 23796 KB] M&S algorithm main loop timer: 0.0211842s (after computation of next merge)
[t=0.0248631s, 23796 KB] M&S algorithm main loop timer: 0.0212259s (after shrinking)
[t=0.0249193s, 23796 KB] M&S algorithm main loop timer: 0.0212859s (after merging)

[t=0.0249513s, 23796 KB] Operator mutex starting iteration 7


[t=0.0250223s, 23796 KB] In ts_7_0 of size 2 found num new op-mutexes 0


[t=0.0250876s, 23796 KB] In ts_7_1 of size 2 found num new op-mutexes 0


[t=0.0251523s, 23796 KB] In ts_7_2 of size 2 found num new op-mutexes 0


[t=0.0252157s, 23796 KB] In ts_7_3 of size 2 found num new op-mutexes 0


[t=0.0252786s, 23796 KB] In ts_7_4 of size 2 found num new op-mutexes 0


[t=0.0253409s, 23796 KB] In ts_7_5 of size 2 found num new op-mutexes 0


[t=0.0254029s, 23796 KB] In ts_7_6 of size 2 found num new op-mutexes 0


[t=0.0254753s, 23796 KB] In ts_7_7 of size 2 found num new op-mutexes 0


[t=0.0255469s, 23796 KB] In ts_7_8 of size 2 found num new op-mutexes 0


[t=0.0256115s, 23796 KB] In ts_7_9 of size 2 found num new op-mutexes 0


[t=0.0256825s, 23796 KB] In ts_7_10 of size 2 found num new op-mutexes 0


[t=0.0257532s, 23796 KB] In ts_7_11 of size 2 found num new op-mutexes 0


[t=0.0258167s, 23796 KB] In ts_7_12 of size 2 found num new op-mutexes 0


[t=0.0258882s, 23796 KB] In ts_7_13 of size 2 found num new op-mutexes 0


[t=0.025959s, 23796 KB] In ts_7_14 of size 2 found num new op-mutexes 0


[t=0.0260295s, 23796 KB] In ts_7_15 of size 2 found num new op-mutexes 0


[t=0.0260931s, 23796 KB] In ts_7_16 of size 2 found num new op-mutexes 0


[t=0.0261636s, 23796 KB] In ts_7_17 of size 2 found num new op-mutexes 0


[t=0.0262337s, 23796 KB] In ts_7_18 of size 2 found num new op-mutexes 0


[t=0.0263061s, 23796 KB] In ts_7_19 of size 2 found num new op-mutexes 0


[t=0.0263764s, 23796 KB] In ts_7_20 of size 2 found num new op-mutexes 0


[t=0.0264463s, 23796 KB] In ts_7_21 of size 2 found num new op-mutexes 0


[t=0.0265158s, 23796 KB] In ts_7_22 of size 2 found num new op-mutexes 0


[t=0.0265847s, 23796 KB] In ts_7_23 of size 2 found num new op-mutexes 0


[t=0.0266474s, 23796 KB] In ts_7_24 of size 2 found num new op-mutexes 0


[t=0.0267167s, 23796 KB] In ts_7_25 of size 2 found num new op-mutexes 0


[t=0.0267864s, 23796 KB] In ts_7_26 of size 2 found num new op-mutexes 0


[t=0.0268639s, 23796 KB] In ts_7_27 of size 2 found num new op-mutexes 0


[t=0.0269342s, 23796 KB] In ts_7_28 of size 2 found num new op-mutexes 0


[t=0.0269972s, 23796 KB] In ts_7_29 of size 2 found num new op-mutexes 0


[t=0.027067s, 23796 KB] In ts_7_30 of size 2 found num new op-mutexes 0


[t=0.0271364s, 23796 KB] In ts_7_31 of size 2 found num new op-mutexes 0


[t=0.0272166s, 23796 KB] In ts_7_32 of size 2 found num new op-mutexes 0


[t=0.027375s, 23796 KB] In ts_7_49 of size 16 found num new op-mutexes 0
[t=0.0274078s, 23796 KB] Operator mutex finished iteration 7. Found an additional 0 operator mutexes

[t=0.0274353s, 23796 KB] Next pair of indices: (49, 32)
[t=0.0274559s, 23796 KB] M&S algorithm main loop timer: 0.0238157s (after computation of next merge)
[t=0.0274952s, 23796 KB] M&S algorithm main loop timer: 0.0238579s (after shrinking)
[t=0.0275511s, 23796 KB] M&S algorithm main loop timer: 0.023918s (after merging)

[t=0.0275835s, 23796 KB] Operator mutex starting iteration 8


[t=0.0276455s, 23796 KB] In ts_8_0 of size 2 found num new op-mutexes 0


[t=0.0277108s, 23796 KB] In ts_8_1 of size 2 found num new op-mutexes 0


[t=0.0277747s, 23796 KB] In ts_8_2 of size 2 found num new op-mutexes 0


[t=0.0278369s, 23796 KB] In ts_8_3 of size 2 found num new op-mutexes 0


[t=0.0278988s, 23796 KB] In ts_8_4 of size 2 found num new op-mutexes 0


[t=0.0279608s, 23796 KB] In ts_8_5 of size 2 found num new op-mutexes 0


[t=0.0280319s, 23796 KB] In ts_8_6 of size 2 found num new op-mutexes 0


[t=0.0281035s, 23796 KB] In ts_8_7 of size 2 found num new op-mutexes 0


[t=0.0281751s, 23796 KB] In ts_8_8 of size 2 found num new op-mutexes 0


[t=0.0282389s, 23796 KB] In ts_8_9 of size 2 found num new op-mutexes 0


[t=0.0283088s, 23796 KB] In ts_8_10 of size 2 found num new op-mutexes 0


[t=0.0283788s, 23796 KB] In ts_8_11 of size 2 found num new op-mutexes 0


[t=0.0284422s, 23796 KB] In ts_8_12 of size 2 found num new op-mutexes 0


[t=0.0285045s, 23796 KB] In ts_8_13 of size 2 found num new op-mutexes 0


[t=0.0285747s, 23796 KB] In ts_8_14 of size 2 found num new op-mutexes 0


[t=0.0286479s, 23796 KB] In ts_8_15 of size 2 found num new op-mutexes 0


[t=0.0287147s, 23796 KB] In ts_8_16 of size 2 found num new op-mutexes 0


[t=0.0287863s, 23796 KB] In ts_8_17 of size 2 found num new op-mutexes 0


[t=0.028858s, 23796 KB] In ts_8_18 of size 2 found num new op-mutexes 0


[t=0.0289217s, 23796 KB] In ts_8_19 of size 2 found num new op-mutexes 0


[t=0.0289919s, 23796 KB] In ts_8_20 of size 2 found num new op-mutexes 0


[t=0.0290624s, 23796 KB] In ts_8_21 of size 2 found num new op-mutexes 0


[t=0.0291407s, 23796 KB] In ts_8_22 of size 2 found num new op-mutexes 0


[t=0.0292117s, 23796 KB] In ts_8_23 of size 2 found num new op-mutexes 0


[t=0.0292747s, 23796 KB] In ts_8_24 of size 2 found num new op-mutexes 0


[t=0.0293525s, 23796 KB] In ts_8_25 of size 2 found num new op-mutexes 0


[t=0.0294216s, 23796 KB] In ts_8_26 of size 2 found num new op-mutexes 0


[t=0.0294906s, 23796 KB] In ts_8_27 of size 2 found num new op-mutexes 0


[t=0.0295593s, 23796 KB] In ts_8_28 of size 2 found num new op-mutexes 0


[t=0.0296217s, 23796 KB] In ts_8_29 of size 2 found num new op-mutexes 0


[t=0.0296908s, 23796 KB] In ts_8_30 of size 2 found num new op-mutexes 0


[t=0.0297601s, 23796 KB] In ts_8_31 of size 2 found num new op-mutexes 0


[t=0.0299324s, 23796 KB] In ts_8_50 of size 16 found num new op-mutexes 0
[t=0.029969s, 23796 KB] Operator mutex finished iteration 8. Found an additional 0 operator mutexes

[t=0.0299985s, 23796 KB] Next pair of indices: (50, 31)
[t=0.0300196s, 23796 KB] M&S algorithm main loop timer: 0.0263886s (after computation of next merge)
[t=0.0300683s, 23796 KB] M&S algorithm main loop timer: 0.0264313s (after shrinking)
[t=0.030126s, 23796 KB] M&S algorithm main loop timer: 0.0264928s (after merging)

[t=0.0301585s, 23796 KB] Operator mutex starting iteration 9


[t=0.030231s, 23796 KB] In ts_9_0 of size 2 found num new op-mutexes 0


[t=0.0302971s, 23796 KB] In ts_9_1 of size 2 found num new op-mutexes 0


[t=0.0303898s, 23796 KB] In ts_9_2 of size 2 found num new op-mutexes 0


[t=0.0304561s, 23796 KB] In ts_9_3 of size 2 found num new op-mutexes 0


[t=0.0305199s, 23796 KB] In ts_9_4 of size 2 found num new op-mutexes 0


[t=0.0305829s, 23796 KB] In ts_9_5 of size 2 found num new op-mutexes 0


[t=0.0306458s, 23796 KB] In ts_9_6 of size 2 found num new op-mutexes 0


[t=0.0307181s, 23796 KB] In ts_9_7 of size 2 found num new op-mutexes 0


[t=0.0307894s, 23796 KB] In ts_9_8 of size 2 found num new op-mutexes 0


[t=0.0308532s, 23796 KB] In ts_9_9 of size 2 found num new op-mutexes 0


[t=0.0309237s, 23796 KB] In ts_9_10 of size 2 found num new op-mutexes 0


[t=0.030994s, 23796 KB] In ts_9_11 of size 2 found num new op-mutexes 0


[t=0.0310575s, 23796 KB] In ts_9_12 of size 2 found num new op-mutexes 0


[t=0.0311203s, 23796 KB] In ts_9_13 of size 2 found num new op-mutexes 0


[t=0.031191s, 23796 KB] In ts_9_14 of size 2 found num new op-mutexes 0


[t=0.0312616s, 23796 KB] In ts_9_15 of size 2 found num new op-mutexes 0


[t=0.0313253s, 23796 KB] In ts_9_16 of size 2 found num new op-mutexes 0


[t=0.031395s, 23796 KB] In ts_9_17 of size 2 found num new op-mutexes 0


[t=0.0314646s, 23796 KB] In ts_9_18 of size 2 found num new op-mutexes 0


[t=0.0315269s, 23796 KB] In ts_9_19 of size 2 found num new op-mutexes 0


[t=0.0315962s, 23796 KB] In ts_9_20 of size 2 found num new op-mutexes 0


[t=0.0316654s, 23796 KB] In ts_9_21 of size 2 found num new op-mutexes 0


[t=0.0317343s, 23796 KB] In ts_9_22 of size 2 found num new op-mutexes 0


[t=0.0318035s, 23796 KB] In ts_9_23 of size 2 found num new op-mutexes 0


[t=0.0318662s, 23796 KB] In ts_9_24 of size 2 found num new op-mutexes 0


[t=0.0319352s, 23796 KB] In ts_9_25 of size 2 found num new op-mutexes 0


[t=0.032011s, 23796 KB] In ts_9_26 of size 2 found num new op-mutexes 0


[t=0.0320924s, 23796 KB] In ts_9_27 of size 2 found num new op-mutexes 0


[t=0.0321642s, 23796 KB] In ts_9_28 of size 2 found num new op-mutexes 0


[t=0.032232s, 23796 KB] In ts_9_29 of size 2 found num new op-mutexes 0


[t=0.0323039s, 23796 KB] In ts_9_30 of size 2 found num new op-mutexes 0


[t=0.0324503s, 23796 KB] In ts_9_51 of size 16 found num new op-mutexes 0
[t=0.0324819s, 23796 KB] Operator mutex finished iteration 9. Found an additional 0 operator mutexes

[t=0.0325098s, 23796 KB] Next pair of indices: (51, 30)
[t=0.0325304s, 23796 KB] M&S algorithm main loop timer: 0.02889s (after computation of next merge)
[t=0.0325697s, 23796 KB] M&S algorithm main loop timer: 0.0289328s (after shrinking)
[t=0.0326263s, 23796 KB] M&S algorithm main loop timer: 0.0289932s (after merging)

[t=0.032659s, 23796 KB] Operator mutex starting iteration 10


[t=0.0327201s, 23796 KB] In ts_10_0 of size 2 found num new op-mutexes 0


[t=0.032786s, 23796 KB] In ts_10_1 of size 2 found num new op-mutexes 0


[t=0.0328505s, 23796 KB] In ts_10_2 of size 2 found num new op-mutexes 0


[t=0.0329139s, 23796 KB] In ts_10_3 of size 2 found num new op-mutexes 0


[t=0.0329869s, 23796 KB] In ts_10_4 of size 2 found num new op-mutexes 0


[t=0.0330493s, 23796 KB] In ts_10_5 of size 2 found num new op-mutexes 0


[t=0.0331114s, 23796 KB] In ts_10_6 of size 2 found num new op-mutexes 0


[t=0.0331833s, 23796 KB] In ts_10_7 of size 2 found num new op-mutexes 0


[t=0.0332543s, 23796 KB] In ts_10_8 of size 2 found num new op-mutexes 0


[t=0.0333186s, 23796 KB] In ts_10_9 of size 2 found num new op-mutexes 0


[t=0.0333893s, 23796 KB] In ts_10_10 of size 2 found num new op-mutexes 0


[t=0.0334663s, 23796 KB] In ts_10_11 of size 2 found num new op-mutexes 0


[t=0.0335355s, 23796 KB] In ts_10_12 of size 2 found num new op-mutexes 0


[t=0.0335987s, 23796 KB] In ts_10_13 of size 2 found num new op-mutexes 0


[t=0.0336691s, 23796 KB] In ts_10_14 of size 2 found num new op-mutexes 0


[t=0.0337399s, 23796 KB] In ts_10_15 of size 2 found num new op-mutexes 0


[t=0.0338037s, 23796 KB] In ts_10_16 of size 2 found num new op-mutexes 0


[t=0.0338742s, 23796 KB] In ts_10_17 of size 2 found num new op-mutexes 0


[t=0.0339446s, 23796 KB] In ts_10_18 of size 2 found num new op-mutexes 0


[t=0.0340076s, 23796 KB] In ts_10_19 of size 2 found num new op-mutexes 0


[t=0.0340777s, 23796 KB] In ts_10_20 of size 2 found num new op-mutexes 0


[t=0.0341475s, 23796 KB] In ts_10_21 of size 2 found num new op-mutexes 0


[t=0.0342173s, 23796 KB] In ts_10_22 of size 2 found num new op-mutexes 0


[t=0.0342866s, 23796 KB] In ts_10_23 of size 2 found num new op-mutexes 0


[t=0.0343496s, 23796 KB] In ts_10_24 of size 2 found num new op-mutexes 0


[t=0.034419s, 23796 KB] In ts_10_25 of size 2 found num new op-mutexes 0


[t=0.0344896s, 23796 KB] In ts_10_26 of size 2 found num new op-mutexes 0


[t=0.0345626s, 23796 KB] In ts_10_27 of size 2 found num new op-mutexes 0


[t=0.0346322s, 23796 KB] In ts_10_28 of size 2 found num new op-mutexes 0


[t=0.0346956s, 23796 KB] In ts_10_29 of size 2 found num new op-mutexes 0


[t=0.0348414s, 23796 KB] In ts_10_52 of size 16 found num new op-mutexes 0
[t=0.0348714s, 23796 KB] Operator mutex finished iteration 10. Found an additional 0 operator mutexes

[t=0.0348989s, 23796 KB] Next pair of indices: (52, 29)
[t=0.0349195s, 23796 KB] M&S algorithm main loop timer: 0.0312791s (after computation of next merge)
[t=0.0349591s, 23796 KB] M&S algorithm main loop timer: 0.0313215s (after shrinking)
[t=0.0350152s, 23796 KB] M&S algorithm main loop timer: 0.0313817s (after merging)

[t=0.0350471s, 23796 KB] Operator mutex starting iteration 11


[t=0.0351077s, 23796 KB] In ts_11_0 of size 2 found num new op-mutexes 0


[t=0.0351836s, 23796 KB] In ts_11_1 of size 2 found num new op-mutexes 0


[t=0.0352487s, 23796 KB] In ts_11_2 of size 2 found num new op-mutexes 0


[t=0.0353126s, 23796 KB] In ts_11_3 of size 2 found num new op-mutexes 0


[t=0.0353842s, 23796 KB] In ts_11_4 of size 2 found num new op-mutexes 0


[t=0.0354465s, 23796 KB] In ts_11_5 of size 2 found num new op-mutexes 0


[t=0.0355086s, 23796 KB] In ts_11_6 of size 2 found num new op-mutexes 0


[t=0.035593s, 23796 KB] In ts_11_7 of size 2 found num new op-mutexes 0


[t=0.0356686s, 23796 KB] In ts_11_8 of size 2 found num new op-mutexes 0


[t=0.0357363s, 23796 KB] In ts_11_9 of size 2 found num new op-mutexes 0


[t=0.0358119s, 23796 KB] In ts_11_10 of size 2 found num new op-mutexes 0


[t=0.0358835s, 23796 KB] In ts_11_11 of size 2 found num new op-mutexes 0


[t=0.0359484s, 23796 KB] In ts_11_12 of size 2 found num new op-mutexes 0


[t=0.0360121s, 23796 KB] In ts_11_13 of size 2 found num new op-mutexes 0


[t=0.0360839s, 23796 KB] In ts_11_14 of size 2 found num new op-mutexes 0


[t=0.0361555s, 23796 KB] In ts_11_15 of size 2 found num new op-mutexes 0


[t=0.0362197s, 23796 KB] In ts_11_16 of size 2 found num new op-mutexes 0


[t=0.0362907s, 23796 KB] In ts_11_17 of size 2 found num new op-mutexes 0


[t=0.0363614s, 23796 KB] In ts_11_18 of size 2 found num new op-mutexes 0


[t=0.0364604s, 23796 KB] In ts_11_19 of size 2 found num new op-mutexes 0


[t=0.0365346s, 23796 KB] In ts_11_20 of size 2 found num new op-mutexes 0


[t=0.0366061s, 23796 KB] In ts_11_21 of size 2 found num new op-mutexes 0


[t=0.0366765s, 23796 KB] In ts_11_22 of size 2 found num new op-mutexes 0


[t=0.0367537s, 23796 KB] In ts_11_23 of size 2 found num new op-mutexes 0


[t=0.03682s, 23796 KB] In ts_11_24 of size 2 found num new op-mutexes 0


[t=0.0368918s, 23796 KB] In ts_11_25 of size 2 found num new op-mutexes 0


[t=0.0369622s, 23796 KB] In ts_11_26 of size 2 found num new op-mutexes 0


[t=0.0370324s, 23796 KB] In ts_11_27 of size 2 found num new op-mutexes 0


[t=0.0371024s, 23796 KB] In ts_11_28 of size 2 found num new op-mutexes 0


[t=0.0372492s, 23796 KB] In ts_11_53 of size 16 found num new op-mutexes 0
[t=0.0372804s, 23796 KB] Operator mutex finished iteration 11. Found an additional 0 operator mutexes

[t=0.0373176s, 23796 KB] Next pair of indices: (53, 28)
[t=0.037339s, 23796 KB] M&S algorithm main loop timer: 0.0336994s (after computation of next merge)
[t=0.0373798s, 23796 KB] M&S algorithm main loop timer: 0.0337425s (after shrinking)
[t=0.0374372s, 23796 KB] M&S algorithm main loop timer: 0.0338034s (after merging)

[t=0.0374691s, 23796 KB] Operator mutex starting iteration 12


[t=0.0375307s, 23796 KB] In ts_12_0 of size 2 found num new op-mutexes 0


[t=0.0376184s, 23796 KB] In ts_12_1 of size 2 found num new op-mutexes 0


[t=0.0376856s, 23796 KB] In ts_12_2 of size 2 found num new op-mutexes 0


[t=0.0377492s, 23796 KB] In ts_12_3 of size 2 found num new op-mutexes 0


[t=0.037813s, 23796 KB] In ts_12_4 of size 2 found num new op-mutexes 0


[t=0.0378761s, 23796 KB] In ts_12_5 of size 2 found num new op-mutexes 0


[t=0.0379384s, 23796 KB] In ts_12_6 of size 2 found num new op-mutexes 0


[t=0.0380106s, 23796 KB] In ts_12_7 of size 2 found num new op-mutexes 0


[t=0.0380828s, 23796 KB] In ts_12_8 of size 2 found num new op-mutexes 0


[t=0.0381472s, 23796 KB] In ts_12_9 of size 2 found num new op-mutexes 0


[t=0.0382181s, 23796 KB] In ts_12_10 of size 2 found num new op-mutexes 0


[t=0.0382926s, 23796 KB] In ts_12_11 of size 2 found num new op-mutexes 0


[t=0.0383563s, 23796 KB] In ts_12_12 of size 2 found num new op-mutexes 0


[t=0.0384196s, 23796 KB] In ts_12_13 of size 2 found num new op-mutexes 0


[t=0.0384902s, 23796 KB] In ts_12_14 of size 2 found num new op-mutexes 0


[t=0.0385603s, 23796 KB] In ts_12_15 of size 2 found num new op-mutexes 0


[t=0.0386237s, 23796 KB] In ts_12_16 of size 2 found num new op-mutexes 0


[t=0.0386979s, 23796 KB] In ts_12_17 of size 2 found num new op-mutexes 0


[t=0.0387677s, 23796 KB] In ts_12_18 of size 2 found num new op-mutexes 0


[t=0.0388307s, 23796 KB] In ts_12_19 of size 2 found num new op-mutexes 0


[t=0.038901s, 23796 KB] In ts_12_20 of size 2 found num new op-mutexes 0


[t=0.038971s, 23796 KB] In ts_12_21 of size 2 found num new op-mutexes 0


[t=0.0390408s, 23796 KB] In ts_12_22 of size 2 found num new op-mutexes 0


[t=0.0391104s, 23796 KB] In ts_12_23 of size 2 found num new op-mutexes 0


[t=0.0391735s, 23796 KB] In ts_12_24 of size 2 found num new op-mutexes 0


[t=0.0392425s, 23796 KB] In ts_12_25 of size 2 found num new op-mutexes 0


[t=0.0393116s, 23796 KB] In ts_12_26 of size 2 found num new op-mutexes 0


[t=0.0393809s, 23796 KB] In ts_12_27 of size 2 found num new op-mutexes 0


[t=0.0395375s, 23796 KB] In ts_12_54 of size 16 found num new op-mutexes 0
[t=0.0395793s, 23796 KB] Operator mutex finished iteration 12. Found an additional 0 operator mutexes

[t=0.03961s, 23796 KB] Next pair of indices: (54, 27)
[t=0.0396321s, 23796 KB] M&S algorithm main loop timer: 0.0359917s (after computation of next merge)
[t=0.039672s, 23796 KB] M&S algorithm main loop timer: 0.0360347s (after shrinking)
[t=0.0397292s, 23796 KB] M&S algorithm main loop timer: 0.0360957s (after merging)

[t=0.0397614s, 23796 KB] Operator mutex starting iteration 13


[t=0.0398235s, 23796 KB] In ts_13_0 of size 2 found num new op-mutexes 0


[t=0.0398995s, 23796 KB] In ts_13_1 of size 2 found num new op-mutexes 0


[t=0.0399778s, 23796 KB] In ts_13_2 of size 2 found num new op-mutexes 0


[t=0.0400428s, 23796 KB] In ts_13_3 of size 2 found num new op-mutexes 0


[t=0.0401063s, 23796 KB] In ts_13_4 of size 2 found num new op-mutexes 0


[t=0.0401696s, 23796 KB] In ts_13_5 of size 2 found num new op-mutexes 0


[t=0.0402319s, 23796 KB] In ts_13_6 of size 2 found num new op-mutexes 0


[t=0.0403044s, 23796 KB] In ts_13_7 of size 2 found num new op-mutexes 0


[t=0.0403764s, 23796 KB] In ts_13_8 of size 2 found num new op-mutexes 0


[t=0.040443s, 23796 KB] In ts_13_9 of size 2 found num new op-mutexes 0


[t=0.0405144s, 23796 KB] In ts_13_10 of size 2 found num new op-mutexes 0


[t=0.0405859s, 23796 KB] In ts_13_11 of size 2 found num new op-mutexes 0


[t=0.0406504s, 23796 KB] In ts_13_12 of size 2 found num new op-mutexes 0


[t=0.0407143s, 23796 KB] In ts_13_13 of size 2 found num new op-mutexes 0


[t=0.0407859s, 23796 KB] In ts_13_14 of size 2 found num new op-mutexes 0


[t=0.0408571s, 23796 KB] In ts_13_15 of size 2 found num new op-mutexes 0


[t=0.040921s, 23796 KB] In ts_13_16 of size 2 found num new op-mutexes 0


[t=0.0409918s, 23796 KB] In ts_13_17 of size 2 found num new op-mutexes 0


[t=0.0410625s, 23796 KB] In ts_13_18 of size 2 found num new op-mutexes 0


[t=0.0411264s, 23796 KB] In ts_13_19 of size 2 found num new op-mutexes 0


[t=0.041207s, 23796 KB] In ts_13_20 of size 2 found num new op-mutexes 0


[t=0.0412775s, 23796 KB] In ts_13_21 of size 2 found num new op-mutexes 0


[t=0.041348s, 23796 KB] In ts_13_22 of size 2 found num new op-mutexes 0


[t=0.0414186s, 23796 KB] In ts_13_23 of size 2 found num new op-mutexes 0


[t=0.0414826s, 23796 KB] In ts_13_24 of size 2 found num new op-mutexes 0


[t=0.0415525s, 23796 KB] In ts_13_25 of size 2 found num new op-mutexes 0


[t=0.0416224s, 23796 KB] In ts_13_26 of size 2 found num new op-mutexes 0


[t=0.0417684s, 23796 KB] In ts_13_55 of size 16 found num new op-mutexes 0
[t=0.0417992s, 23796 KB] Operator mutex finished iteration 13. Found an additional 0 operator mutexes

[t=0.0418269s, 23796 KB] Next pair of indices: (55, 26)
[t=0.0418478s, 23796 KB] M&S algorithm main loop timer: 0.038208s (after computation of next merge)
[t=0.0418934s, 23796 KB] M&S algorithm main loop timer: 0.0382556s (after shrinking)
[t=0.0419495s, 23796 KB] M&S algorithm main loop timer: 0.0383162s (after merging)

[t=0.0419819s, 23796 KB] Operator mutex starting iteration 14


[t=0.0420429s, 23796 KB] In ts_14_0 of size 2 found num new op-mutexes 0


[t=0.0421085s, 23796 KB] In ts_14_1 of size 2 found num new op-mutexes 0


[t=0.0421728s, 23796 KB] In ts_14_2 of size 2 found num new op-mutexes 0


[t=0.0422438s, 23796 KB] In ts_14_3 of size 2 found num new op-mutexes 0


[t=0.0423088s, 23796 KB] In ts_14_4 of size 2 found num new op-mutexes 0


[t=0.042372s, 23796 KB] In ts_14_5 of size 2 found num new op-mutexes 0


[t=0.0424345s, 23796 KB] In ts_14_6 of size 2 found num new op-mutexes 0


[t=0.0425134s, 23796 KB] In ts_14_7 of size 2 found num new op-mutexes 0


[t=0.0425847s, 23796 KB] In ts_14_8 of size 2 found num new op-mutexes 0


[t=0.0426482s, 23796 KB] In ts_14_9 of size 2 found num new op-mutexes 0


[t=0.042724s, 23796 KB] In ts_14_10 of size 2 found num new op-mutexes 0


[t=0.0428008s, 23796 KB] In ts_14_11 of size 2 found num new op-mutexes 0


[t=0.0428688s, 23796 KB] In ts_14_12 of size 2 found num new op-mutexes 0


[t=0.0429332s, 23796 KB] In ts_14_13 of size 2 found num new op-mutexes 0


[t=0.0430045s, 23796 KB] In ts_14_14 of size 2 found num new op-mutexes 0


[t=0.0430755s, 23796 KB] In ts_14_15 of size 2 found num new op-mutexes 0


[t=0.0431392s, 23796 KB] In ts_14_16 of size 2 found num new op-mutexes 0


[t=0.0432103s, 23796 KB] In ts_14_17 of size 2 found num new op-mutexes 0


[t=0.0432809s, 23796 KB] In ts_14_18 of size 2 found num new op-mutexes 0


[t=0.0433534s, 23796 KB] In ts_14_19 of size 2 found num new op-mutexes 0


[t=0.0434238s, 23796 KB] In ts_14_20 of size 2 found num new op-mutexes 0


[t=0.0434939s, 23796 KB] In ts_14_21 of size 2 found num new op-mutexes 0


[t=0.0435639s, 23796 KB] In ts_14_22 of size 2 found num new op-mutexes 0


[t=0.0436337s, 23796 KB] In ts_14_23 of size 2 found num new op-mutexes 0


[t=0.0436973s, 23796 KB] In ts_14_24 of size 2 found num new op-mutexes 0


[t=0.0437667s, 23796 KB] In ts_14_25 of size 2 found num new op-mutexes 0


[t=0.0439136s, 23796 KB] In ts_14_56 of size 16 found num new op-mutexes 0
[t=0.0439441s, 23796 KB] Operator mutex finished iteration 14. Found an additional 0 operator mutexes

[t=0.0439714s, 23796 KB] Next pair of indices: (56, 25)
[t=0.0439924s, 23796 KB] M&S algorithm main loop timer: 0.0403521s (after computation of next merge)
[t=0.0440321s, 23796 KB] M&S algorithm main loop timer: 0.0403946s (after shrinking)
[t=0.044089s, 23796 KB] M&S algorithm main loop timer: 0.0404551s (after merging)

[t=0.0441207s, 23796 KB] Operator mutex starting iteration 15


[t=0.0441821s, 23796 KB] In ts_15_0 of size 2 found num new op-mutexes 0


[t=0.0442482s, 23796 KB] In ts_15_1 of size 2 found num new op-mutexes 0


[t=0.0443138s, 23796 KB] In ts_15_2 of size 2 found num new op-mutexes 0


[t=0.0443779s, 23796 KB] In ts_15_3 of size 2 found num new op-mutexes 0


[t=0.0444414s, 23796 KB] In ts_15_4 of size 2 found num new op-mutexes 0


[t=0.0445122s, 23796 KB] In ts_15_5 of size 2 found num new op-mutexes 0


[t=0.0445769s, 23796 KB] In ts_15_6 of size 2 found num new op-mutexes 0


[t=0.0446573s, 23796 KB] In ts_15_7 of size 2 found num new op-mutexes 0


[t=0.0447386s, 23796 KB] In ts_15_8 of size 2 found num new op-mutexes 0


[t=0.0448111s, 23796 KB] In ts_15_9 of size 2 found num new op-mutexes 0


[t=0.0448898s, 23796 KB] In ts_15_10 of size 2 found num new op-mutexes 0


[t=0.0449687s, 23796 KB] In ts_15_11 of size 2 found num new op-mutexes 0


[t=0.0450397s, 23796 KB] In ts_15_12 of size 2 found num new op-mutexes 0


[t=0.04511s, 23796 KB] In ts_15_13 of size 2 found num new op-mutexes 0


[t=0.0451882s, 23796 KB] In ts_15_14 of size 2 found num new op-mutexes 0


[t=0.0452849s, 23796 KB] In ts_15_15 of size 2 found num new op-mutexes 0


[t=0.0453616s, 23796 KB] In ts_15_16 of size 2 found num new op-mutexes 0


[t=0.0454372s, 23796 KB] In ts_15_17 of size 2 found num new op-mutexes 0


[t=0.0455106s, 23796 KB] In ts_15_18 of size 2 found num new op-mutexes 0


[t=0.0455858s, 23796 KB] In ts_15_19 of size 2 found num new op-mutexes 0


[t=0.0456572s, 23796 KB] In ts_15_20 of size 2 found num new op-mutexes 0


[t=0.0457394s, 23796 KB] In ts_15_21 of size 2 found num new op-mutexes 0


[t=0.0458138s, 23796 KB] In ts_15_22 of size 2 found num new op-mutexes 0


[t=0.0458846s, 23796 KB] In ts_15_23 of size 2 found num new op-mutexes 0


[t=0.0459482s, 23796 KB] In ts_15_24 of size 2 found num new op-mutexes 0


[t=0.0460947s, 23796 KB] In ts_15_57 of size 16 found num new op-mutexes 0
[t=0.0461255s, 23796 KB] Operator mutex finished iteration 15. Found an additional 0 operator mutexes

[t=0.0461538s, 23796 KB] Next pair of indices: (57, 24)
[t=0.0461748s, 23796 KB] M&S algorithm main loop timer: 0.0425349s (after computation of next merge)
[t=0.0462147s, 23796 KB] M&S algorithm main loop timer: 0.042577s (after shrinking)
[t=0.046271s, 23796 KB] M&S algorithm main loop timer: 0.0426376s (after merging)

[t=0.0463034s, 23796 KB] Operator mutex starting iteration 16


[t=0.0463654s, 23796 KB] In ts_16_0 of size 2 found num new op-mutexes 0


[t=0.0464319s, 23796 KB] In ts_16_1 of size 2 found num new op-mutexes 0


[t=0.0465081s, 23796 KB] In ts_16_2 of size 2 found num new op-mutexes 0


[t=0.0465717s, 23796 KB] In ts_16_3 of size 2 found num new op-mutexes 0


[t=0.0466346s, 23796 KB] In ts_16_4 of size 2 found num new op-mutexes 0


[t=0.0466977s, 23796 KB] In ts_16_5 of size 2 found num new op-mutexes 0


[t=0.0467602s, 23796 KB] In ts_16_6 of size 2 found num new op-mutexes 0


[t=0.0468323s, 23796 KB] In ts_16_7 of size 2 found num new op-mutexes 0


[t=0.0469038s, 23796 KB] In ts_16_8 of size 2 found num new op-mutexes 0


[t=0.0469682s, 23796 KB] In ts_16_9 of size 2 found num new op-mutexes 0


[t=0.0470391s, 23796 KB] In ts_16_10 of size 2 found num new op-mutexes 0


[t=0.0471102s, 23796 KB] In ts_16_11 of size 2 found num new op-mutexes 0


[t=0.0471737s, 23796 KB] In ts_16_12 of size 2 found num new op-mutexes 0


[t=0.0472367s, 23796 KB] In ts_16_13 of size 2 found num new op-mutexes 0


[t=0.0473076s, 23796 KB] In ts_16_14 of size 2 found num new op-mutexes 0


[t=0.0473782s, 23796 KB] In ts_16_15 of size 2 found num new op-mutexes 0


[t=0.0474417s, 23796 KB] In ts_16_16 of size 2 found num new op-mutexes 0


[t=0.0475127s, 23796 KB] In ts_16_17 of size 2 found num new op-mutexes 0


[t=0.0475823s, 23796 KB] In ts_16_18 of size 2 found num new op-mutexes 0


[t=0.0476537s, 23796 KB] In ts_16_19 of size 2 found num new op-mutexes 0


[t=0.0477254s, 23796 KB] In ts_16_20 of size 2 found num new op-mutexes 0


[t=0.0477965s, 23796 KB] In ts_16_21 of size 2 found num new op-mutexes 0


[t=0.0478756s, 23796 KB] In ts_16_22 of size 2 found num new op-mutexes 0


[t=0.0479453s, 23796 KB] In ts_16_23 of size 2 found num new op-mutexes 0


[t=0.048091s, 23796 KB] In ts_16_58 of size 16 found num new op-mutexes 0
[t=0.048121s, 23796 KB] Operator mutex finished iteration 16. Found an additional 0 operator mutexes

[t=0.0481481s, 23796 KB] Next pair of indices: (58, 23)
[t=0.0481688s, 23796 KB] M&S algorithm main loop timer: 0.0445291s (after computation of next merge)
[t=0.0482081s, 23796 KB] M&S algorithm main loop timer: 0.0445708s (after shrinking)
[t=0.0482647s, 23796 KB] M&S algorithm main loop timer: 0.0446308s (after merging)

[t=0.048296s, 23796 KB] Operator mutex starting iteration 17


[t=0.0483569s, 23796 KB] In ts_17_0 of size 2 found num new op-mutexes 0


[t=0.0484226s, 23796 KB] In ts_17_1 of size 2 found num new op-mutexes 0


[t=0.0484867s, 23796 KB] In ts_17_2 of size 2 found num new op-mutexes 0


[t=0.0485496s, 23796 KB] In ts_17_3 of size 2 found num new op-mutexes 0


[t=0.0486131s, 23796 KB] In ts_17_4 of size 2 found num new op-mutexes 0


[t=0.0486765s, 23796 KB] In ts_17_5 of size 2 found num new op-mutexes 0


[t=0.0487384s, 23796 KB] In ts_17_6 of size 2 found num new op-mutexes 0


[t=0.0488101s, 23796 KB] In ts_17_7 of size 2 found num new op-mutexes 0


[t=0.048897s, 23796 KB] In ts_17_8 of size 2 found num new op-mutexes 0


[t=0.0489642s, 23796 KB] In ts_17_9 of size 2 found num new op-mutexes 0


[t=0.0490363s, 23796 KB] In ts_17_10 of size 2 found num new op-mutexes 0


[t=0.0491067s, 23796 KB] In ts_17_11 of size 2 found num new op-mutexes 0


[t=0.0491707s, 23796 KB] In ts_17_12 of size 2 found num new op-mutexes 0


[t=0.0492342s, 23796 KB] In ts_17_13 of size 2 found num new op-mutexes 0


[t=0.0493049s, 23796 KB] In ts_17_14 of size 2 found num new op-mutexes 0


[t=0.0493755s, 23796 KB] In ts_17_15 of size 2 found num new op-mutexes 0


[t=0.0494397s, 23796 KB] In ts_17_16 of size 2 found num new op-mutexes 0


[t=0.0495104s, 23796 KB] In ts_17_17 of size 2 found num new op-mutexes 0


[t=0.0495809s, 23796 KB] In ts_17_18 of size 2 found num new op-mutexes 0


[t=0.0496444s, 23796 KB] In ts_17_19 of size 2 found num new op-mutexes 0


[t=0.0497251s, 23796 KB] In ts_17_20 of size 2 found num new op-mutexes 0


[t=0.0497987s, 23796 KB] In ts_17_21 of size 2 found num new op-mutexes 0


[t=0.0498715s, 23796 KB] In ts_17_22 of size 2 found num new op-mutexes 0


[t=0.0500306s, 23796 KB] In ts_17_59 of size 16 found num new op-mutexes 0
[t=0.0500625s, 23796 KB] Operator mutex finished iteration 17. Found an additional 0 operator mutexes

[t=0.0500903s, 23796 KB] Next pair of indices: (59, 22)
[t=0.0501114s, 23796 KB] M&S algorithm main loop timer: 0.0464714s (after computation of next merge)
[t=0.0501507s, 23796 KB] M&S algorithm main loop timer: 0.046514s (after shrinking)
[t=0.0502083s, 23796 KB] M&S algorithm main loop timer: 0.0465746s (after merging)

[t=0.0502404s, 23796 KB] Operator mutex starting iteration 18


[t=0.0503026s, 23796 KB] In ts_18_0 of size 2 found num new op-mutexes 0


[t=0.0503693s, 23796 KB] In ts_18_1 of size 2 found num new op-mutexes 0


[t=0.0504339s, 23796 KB] In ts_18_2 of size 2 found num new op-mutexes 0


[t=0.0504969s, 23796 KB] In ts_18_3 of size 2 found num new op-mutexes 0


[t=0.05056s, 23796 KB] In ts_18_4 of size 2 found num new op-mutexes 0


[t=0.0506223s, 23796 KB] In ts_18_5 of size 2 found num new op-mutexes 0


[t=0.0506843s, 23796 KB] In ts_18_6 of size 2 found num new op-mutexes 0


[t=0.0507568s, 23796 KB] In ts_18_7 of size 2 found num new op-mutexes 0


[t=0.0508287s, 23796 KB] In ts_18_8 of size 2 found num new op-mutexes 0


[t=0.0508931s, 23796 KB] In ts_18_9 of size 2 found num new op-mutexes 0


[t=0.0509727s, 23796 KB] In ts_18_10 of size 2 found num new op-mutexes 0


[t=0.051044s, 23796 KB] In ts_18_11 of size 2 found num new op-mutexes 0


[t=0.0511088s, 23796 KB] In ts_18_12 of size 2 found num new op-mutexes 0


[t=0.051172s, 23796 KB] In ts_18_13 of size 2 found num new op-mutexes 0


[t=0.051243s, 23796 KB] In ts_18_14 of size 2 found num new op-mutexes 0


[t=0.051314s, 23796 KB] In ts_18_15 of size 2 found num new op-mutexes 0


[t=0.0513917s, 23796 KB] In ts_18_16 of size 2 found num new op-mutexes 0


[t=0.0514658s, 23796 KB] In ts_18_17 of size 2 found num new op-mutexes 0


[t=0.0515363s, 23796 KB] In ts_18_18 of size 2 found num new op-mutexes 0


[t=0.0516s, 23796 KB] In ts_18_19 of size 2 found num new op-mutexes 0


[t=0.0516712s, 23796 KB] In ts_18_20 of size 2 found num new op-mutexes 0


[t=0.0517421s, 23796 KB] In ts_18_21 of size 2 found num new op-mutexes 0


[t=0.0518897s, 23796 KB] In ts_18_60 of size 16 found num new op-mutexes 0
[t=0.0519549s, 23796 KB] Operator mutex finished iteration 18. Found an additional 0 operator mutexes

[t=0.0519837s, 23796 KB] Next pair of indices: (60, 21)
[t=0.0520051s, 23796 KB] M&S algorithm main loop timer: 0.0483655s (after computation of next merge)
[t=0.0520446s, 23796 KB] M&S algorithm main loop timer: 0.0484075s (after shrinking)
[t=0.0521018s, 23796 KB] M&S algorithm main loop timer: 0.0484686s (after merging)

[t=0.0521341s, 23796 KB] Operator mutex starting iteration 19


[t=0.052196s, 23796 KB] In ts_19_0 of size 2 found num new op-mutexes 0


[t=0.0522699s, 23796 KB] In ts_19_1 of size 2 found num new op-mutexes 0


[t=0.0523355s, 23796 KB] In ts_19_2 of size 2 found num new op-mutexes 0


[t=0.0523986s, 23796 KB] In ts_19_3 of size 2 found num new op-mutexes 0


[t=0.0524699s, 23796 KB] In ts_19_4 of size 2 found num new op-mutexes 0


[t=0.0525321s, 23796 KB] In ts_19_5 of size 2 found num new op-mutexes 0


[t=0.052594s, 23796 KB] In ts_19_6 of size 2 found num new op-mutexes 0


[t=0.0526664s, 23796 KB] In ts_19_7 of size 2 found num new op-mutexes 0


[t=0.0527382s, 23796 KB] In ts_19_8 of size 2 found num new op-mutexes 0


[t=0.0528033s, 23796 KB] In ts_19_9 of size 2 found num new op-mutexes 0


[t=0.0528739s, 23796 KB] In ts_19_10 of size 2 found num new op-mutexes 0


[t=0.0529444s, 23796 KB] In ts_19_11 of size 2 found num new op-mutexes 0


[t=0.0530294s, 23796 KB] In ts_19_12 of size 2 found num new op-mutexes 0


[t=0.0530986s, 23796 KB] In ts_19_13 of size 2 found num new op-mutexes 0


[t=0.0531706s, 23796 KB] In ts_19_14 of size 2 found num new op-mutexes 0


[t=0.0532523s, 23796 KB] In ts_19_15 of size 2 found num new op-mutexes 0


[t=0.0533159s, 23796 KB] In ts_19_16 of size 2 found num new op-mutexes 0


[t=0.0533869s, 23796 KB] In ts_19_17 of size 2 found num new op-mutexes 0


[t=0.0534569s, 23796 KB] In ts_19_18 of size 2 found num new op-mutexes 0


[t=0.0535205s, 23796 KB] In ts_19_19 of size 2 found num new op-mutexes 0


[t=0.0535911s, 23796 KB] In ts_19_20 of size 2 found num new op-mutexes 0


[t=0.0537372s, 23796 KB] In ts_19_61 of size 16 found num new op-mutexes 0
[t=0.0537695s, 23796 KB] Operator mutex finished iteration 19. Found an additional 0 operator mutexes

[t=0.0537974s, 23796 KB] Next pair of indices: (61, 20)
[t=0.0538186s, 23796 KB] M&S algorithm main loop timer: 0.0501785s (after computation of next merge)
[t=0.0538571s, 23796 KB] M&S algorithm main loop timer: 0.0502198s (after shrinking)
[t=0.0539138s, 23796 KB] M&S algorithm main loop timer: 0.050281s (after merging)

[t=0.0539467s, 23796 KB] Operator mutex starting iteration 20


[t=0.054008s, 23796 KB] In ts_20_0 of size 2 found num new op-mutexes 0


[t=0.0540743s, 23796 KB] In ts_20_1 of size 2 found num new op-mutexes 0


[t=0.0541388s, 23796 KB] In ts_20_2 of size 2 found num new op-mutexes 0


[t=0.0542134s, 23796 KB] In ts_20_3 of size 2 found num new op-mutexes 0


[t=0.0542768s, 23796 KB] In ts_20_4 of size 2 found num new op-mutexes 0


[t=0.0543401s, 23796 KB] In ts_20_5 of size 2 found num new op-mutexes 0


[t=0.0544027s, 23796 KB] In ts_20_6 of size 2 found num new op-mutexes 0


[t=0.0544748s, 23796 KB] In ts_20_7 of size 2 found num new op-mutexes 0


[t=0.0545465s, 23796 KB] In ts_20_8 of size 2 found num new op-mutexes 0


[t=0.0546106s, 23796 KB] In ts_20_9 of size 2 found num new op-mutexes 0


[t=0.0546821s, 23796 KB] In ts_20_10 of size 2 found num new op-mutexes 0


[t=0.0547527s, 23796 KB] In ts_20_11 of size 2 found num new op-mutexes 0


[t=0.054816s, 23796 KB] In ts_20_12 of size 2 found num new op-mutexes 0


[t=0.0548791s, 23796 KB] In ts_20_13 of size 2 found num new op-mutexes 0


[t=0.0549501s, 23796 KB] In ts_20_14 of size 2 found num new op-mutexes 0


[t=0.0550346s, 23796 KB] In ts_20_15 of size 2 found num new op-mutexes 0


[t=0.0551052s, 23796 KB] In ts_20_16 of size 2 found num new op-mutexes 0


[t=0.0551769s, 23796 KB] In ts_20_17 of size 2 found num new op-mutexes 0


[t=0.055248s, 23796 KB] In ts_20_18 of size 2 found num new op-mutexes 0


[t=0.0553121s, 23796 KB] In ts_20_19 of size 2 found num new op-mutexes 0


[t=0.0554683s, 23796 KB] In ts_20_62 of size 16 found num new op-mutexes 0
[t=0.0555002s, 23796 KB] Operator mutex finished iteration 20. Found an additional 0 operator mutexes

[t=0.0555278s, 23796 KB] Next pair of indices: (62, 19)
[t=0.0555488s, 23796 KB] M&S algorithm main loop timer: 0.0519086s (after computation of next merge)
[t=0.0555876s, 23796 KB] M&S algorithm main loop timer: 0.0519501s (after shrinking)
[t=0.0556437s, 23796 KB] M&S algorithm main loop timer: 0.0520098s (after merging)

[t=0.0556754s, 23796 KB] Operator mutex starting iteration 21


[t=0.0557367s, 23796 KB] In ts_21_0 of size 2 found num new op-mutexes 0


[t=0.0558029s, 23796 KB] In ts_21_1 of size 2 found num new op-mutexes 0


[t=0.0558671s, 23796 KB] In ts_21_2 of size 2 found num new op-mutexes 0


[t=0.0559303s, 23796 KB] In ts_21_3 of size 2 found num new op-mutexes 0


[t=0.0559931s, 23796 KB] In ts_21_4 of size 2 found num new op-mutexes 0


[t=0.0560552s, 23796 KB] In ts_21_5 of size 2 found num new op-mutexes 0


[t=0.056117s, 23796 KB] In ts_21_6 of size 2 found num new op-mutexes 0


[t=0.0561891s, 23796 KB] In ts_21_7 of size 2 found num new op-mutexes 0


[t=0.0562611s, 23796 KB] In ts_21_8 of size 2 found num new op-mutexes 0


[t=0.056326s, 23796 KB] In ts_21_9 of size 2 found num new op-mutexes 0


[t=0.0563969s, 23796 KB] In ts_21_10 of size 2 found num new op-mutexes 0


[t=0.0564678s, 23796 KB] In ts_21_11 of size 2 found num new op-mutexes 0


[t=0.0565315s, 23796 KB] In ts_21_12 of size 2 found num new op-mutexes 0


[t=0.0565949s, 23796 KB] In ts_21_13 of size 2 found num new op-mutexes 0


[t=0.0566661s, 23796 KB] In ts_21_14 of size 2 found num new op-mutexes 0


[t=0.0567407s, 23796 KB] In ts_21_15 of size 2 found num new op-mutexes 0


[t=0.0568086s, 23796 KB] In ts_21_16 of size 2 found num new op-mutexes 0


[t=0.0568808s, 23796 KB] In ts_21_17 of size 2 found num new op-mutexes 0


[t=0.0569517s, 23796 KB] In ts_21_18 of size 2 found num new op-mutexes 0


[t=0.0571083s, 23796 KB] In ts_21_63 of size 16 found num new op-mutexes 0
[t=0.0571389s, 23796 KB] Operator mutex finished iteration 21. Found an additional 0 operator mutexes

[t=0.0571659s, 23796 KB] Next pair of indices: (63, 18)
[t=0.0571868s, 23796 KB] M&S algorithm main loop timer: 0.0535466s (after computation of next merge)
[t=0.057225s, 23796 KB] M&S algorithm main loop timer: 0.0535879s (after shrinking)
[t=0.0572819s, 23796 KB] M&S algorithm main loop timer: 0.0536481s (after merging)

[t=0.0573138s, 23796 KB] Operator mutex starting iteration 22


[t=0.0573746s, 23796 KB] In ts_22_0 of size 2 found num new op-mutexes 0


[t=0.0574403s, 23796 KB] In ts_22_1 of size 2 found num new op-mutexes 0


[t=0.0575043s, 23796 KB] In ts_22_2 of size 2 found num new op-mutexes 0


[t=0.0575666s, 23796 KB] In ts_22_3 of size 2 found num new op-mutexes 0


[t=0.057639s, 23796 KB] In ts_22_4 of size 2 found num new op-mutexes 0


[t=0.0577031s, 23796 KB] In ts_22_5 of size 2 found num new op-mutexes 0


[t=0.0577652s, 23796 KB] In ts_22_6 of size 2 found num new op-mutexes 0


[t=0.0578444s, 23796 KB] In ts_22_7 of size 2 found num new op-mutexes 0


[t=0.0579165s, 23796 KB] In ts_22_8 of size 2 found num new op-mutexes 0


[t=0.0579912s, 23796 KB] In ts_22_9 of size 2 found num new op-mutexes 0


[t=0.0580622s, 23796 KB] In ts_22_10 of size 2 found num new op-mutexes 0


[t=0.0581613s, 23796 KB] In ts_22_11 of size 2 found num new op-mutexes 0


[t=0.0582276s, 23796 KB] In ts_22_12 of size 2 found num new op-mutexes 0


[t=0.0582912s, 23796 KB] In ts_22_13 of size 2 found num new op-mutexes 0


[t=0.0583623s, 23796 KB] In ts_22_14 of size 2 found num new op-mutexes 0


[t=0.0584339s, 23796 KB] In ts_22_15 of size 2 found num new op-mutexes 0


[t=0.0584978s, 23796 KB] In ts_22_16 of size 2 found num new op-mutexes 0


[t=0.0585684s, 23796 KB] In ts_22_17 of size 2 found num new op-mutexes 0


[t=0.058715s, 23796 KB] In ts_22_64 of size 16 found num new op-mutexes 0
[t=0.0587456s, 23796 KB] Operator mutex finished iteration 22. Found an additional 0 operator mutexes

[t=0.0587826s, 23796 KB] Next pair of indices: (64, 17)
[t=0.0588028s, 23796 KB] M&S algorithm main loop timer: 0.0551628s (after computation of next merge)
[t=0.0588412s, 23796 KB] M&S algorithm main loop timer: 0.0552044s (after shrinking)
[t=0.0588985s, 23796 KB] M&S algorithm main loop timer: 0.0552642s (after merging)

[t=0.0589296s, 23796 KB] Operator mutex starting iteration 23


[t=0.0589912s, 23796 KB] In ts_23_0 of size 2 found num new op-mutexes 0


[t=0.059058s, 23796 KB] In ts_23_1 of size 2 found num new op-mutexes 0


[t=0.0591229s, 23796 KB] In ts_23_2 of size 2 found num new op-mutexes 0


[t=0.0591865s, 23796 KB] In ts_23_3 of size 2 found num new op-mutexes 0


[t=0.0592497s, 23796 KB] In ts_23_4 of size 2 found num new op-mutexes 0


[t=0.0593118s, 23796 KB] In ts_23_5 of size 2 found num new op-mutexes 0


[t=0.0593737s, 23796 KB] In ts_23_6 of size 2 found num new op-mutexes 0


[t=0.0594467s, 23796 KB] In ts_23_7 of size 2 found num new op-mutexes 0


[t=0.0595184s, 23796 KB] In ts_23_8 of size 2 found num new op-mutexes 0


[t=0.0595832s, 23796 KB] In ts_23_9 of size 2 found num new op-mutexes 0


[t=0.059654s, 23796 KB] In ts_23_10 of size 2 found num new op-mutexes 0


[t=0.0597341s, 23796 KB] In ts_23_11 of size 2 found num new op-mutexes 0


[t=0.0597982s, 23796 KB] In ts_23_12 of size 2 found num new op-mutexes 0


[t=0.0598625s, 23796 KB] In ts_23_13 of size 2 found num new op-mutexes 0


[t=0.0599339s, 23796 KB] In ts_23_14 of size 2 found num new op-mutexes 0


[t=0.0600107s, 23796 KB] In ts_23_15 of size 2 found num new op-mutexes 0


[t=0.0600772s, 23796 KB] In ts_23_16 of size 2 found num new op-mutexes 0


[t=0.0602238s, 23796 KB] In ts_23_65 of size 16 found num new op-mutexes 0
[t=0.0602543s, 23796 KB] Operator mutex finished iteration 23. Found an additional 0 operator mutexes

[t=0.0602811s, 23796 KB] Next pair of indices: (65, 16)
[t=0.0603016s, 23796 KB] M&S algorithm main loop timer: 0.0566613s (after computation of next merge)
[t=0.0603407s, 23796 KB] M&S algorithm main loop timer: 0.0567032s (after shrinking)
[t=0.0603966s, 23796 KB] M&S algorithm main loop timer: 0.0567629s (after merging)

[t=0.0604283s, 23796 KB] Operator mutex starting iteration 24


[t=0.0604897s, 23796 KB] In ts_24_0 of size 2 found num new op-mutexes 0


[t=0.060556s, 23796 KB] In ts_24_1 of size 2 found num new op-mutexes 0


[t=0.0606215s, 23796 KB] In ts_24_2 of size 2 found num new op-mutexes 0


[t=0.0606889s, 23796 KB] In ts_24_3 of size 2 found num new op-mutexes 0


[t=0.0607725s, 23796 KB] In ts_24_4 of size 2 found num new op-mutexes 0


[t=0.060849s, 23796 KB] In ts_24_5 of size 2 found num new op-mutexes 0


[t=0.0609128s, 23796 KB] In ts_24_6 of size 2 found num new op-mutexes 0


[t=0.0609862s, 23796 KB] In ts_24_7 of size 2 found num new op-mutexes 0


[t=0.0610584s, 23796 KB] In ts_24_8 of size 2 found num new op-mutexes 0


[t=0.0611283s, 23796 KB] In ts_24_9 of size 2 found num new op-mutexes 0


[t=0.0612131s, 23796 KB] In ts_24_10 of size 2 found num new op-mutexes 0


[t=0.0612876s, 23796 KB] In ts_24_11 of size 2 found num new op-mutexes 0


[t=0.0613529s, 23796 KB] In ts_24_12 of size 2 found num new op-mutexes 0


[t=0.0614165s, 23796 KB] In ts_24_13 of size 2 found num new op-mutexes 0


[t=0.0614879s, 23796 KB] In ts_24_14 of size 2 found num new op-mutexes 0


[t=0.0615592s, 23796 KB] In ts_24_15 of size 2 found num new op-mutexes 0


[t=0.0617083s, 23796 KB] In ts_24_66 of size 16 found num new op-mutexes 0
[t=0.0617405s, 23796 KB] Operator mutex finished iteration 24. Found an additional 0 operator mutexes

[t=0.0617681s, 23796 KB] Next pair of indices: (66, 15)
[t=0.0617893s, 23796 KB] M&S algorithm main loop timer: 0.0581495s (after computation of next merge)
[t=0.0618288s, 23796 KB] M&S algorithm main loop timer: 0.0581918s (after shrinking)
[t=0.0618863s, 23796 KB] M&S algorithm main loop timer: 0.0582528s (after merging)

[t=0.0619181s, 23796 KB] Operator mutex starting iteration 25


[t=0.0619793s, 23796 KB] In ts_25_0 of size 2 found num new op-mutexes 0


[t=0.0620453s, 23796 KB] In ts_25_1 of size 2 found num new op-mutexes 0


[t=0.0621105s, 23796 KB] In ts_25_2 of size 2 found num new op-mutexes 0


[t=0.062175s, 23796 KB] In ts_25_3 of size 2 found num new op-mutexes 0


[t=0.0622388s, 23796 KB] In ts_25_4 of size 2 found num new op-mutexes 0


[t=0.0623227s, 23796 KB] In ts_25_5 of size 2 found num new op-mutexes 0


[t=0.0623906s, 23796 KB] In ts_25_6 of size 2 found num new op-mutexes 0


[t=0.0624638s, 23796 KB] In ts_25_7 of size 2 found num new op-mutexes 0


[t=0.0625363s, 23796 KB] In ts_25_8 of size 2 found num new op-mutexes 0


[t=0.0626008s, 23796 KB] In ts_25_9 of size 2 found num new op-mutexes 0


[t=0.0626723s, 23796 KB] In ts_25_10 of size 2 found num new op-mutexes 0


[t=0.0627436s, 23796 KB] In ts_25_11 of size 2 found num new op-mutexes 0


[t=0.0628076s, 23796 KB] In ts_25_12 of size 2 found num new op-mutexes 0


[t=0.0628703s, 23796 KB] In ts_25_13 of size 2 found num new op-mutexes 0


[t=0.0629418s, 23796 KB] In ts_25_14 of size 2 found num new op-mutexes 0


[t=0.0630889s, 23796 KB] In ts_25_67 of size 16 found num new op-mutexes 0
[t=0.0631195s, 23796 KB] Operator mutex finished iteration 25. Found an additional 0 operator mutexes

[t=0.0631464s, 23796 KB] Next pair of indices: (67, 14)
[t=0.063167s, 23796 KB] M&S algorithm main loop timer: 0.0595268s (after computation of next merge)
[t=0.0632048s, 23796 KB] M&S algorithm main loop timer: 0.0595674s (after shrinking)
[t=0.0632611s, 23796 KB] M&S algorithm main loop timer: 0.059627s (after merging)

[t=0.0632922s, 23796 KB] Operator mutex starting iteration 26


[t=0.0633636s, 23796 KB] In ts_26_0 of size 2 found num new op-mutexes 0


[t=0.0634292s, 23796 KB] In ts_26_1 of size 2 found num new op-mutexes 0


[t=0.0634972s, 23796 KB] In ts_26_2 of size 2 found num new op-mutexes 0


[t=0.0635641s, 23796 KB] In ts_26_3 of size 2 found num new op-mutexes 0


[t=0.0636281s, 23796 KB] In ts_26_4 of size 2 found num new op-mutexes 0


[t=0.0636912s, 23796 KB] In ts_26_5 of size 2 found num new op-mutexes 0


[t=0.0637625s, 23796 KB] In ts_26_6 of size 2 found num new op-mutexes 0


[t=0.0638437s, 23796 KB] In ts_26_7 of size 2 found num new op-mutexes 0


[t=0.0639252s, 23796 KB] In ts_26_8 of size 2 found num new op-mutexes 0


[t=0.0639983s, 23796 KB] In ts_26_9 of size 2 found num new op-mutexes 0


[t=0.0640786s, 23796 KB] In ts_26_10 of size 2 found num new op-mutexes 0


[t=0.064159s, 23796 KB] In ts_26_11 of size 2 found num new op-mutexes 0


[t=0.0642412s, 23796 KB] In ts_26_12 of size 2 found num new op-mutexes 0


[t=0.064315s, 23796 KB] In ts_26_13 of size 2 found num new op-mutexes 0


[t=0.06447s, 23796 KB] In ts_26_68 of size 16 found num new op-mutexes 0
[t=0.064503s, 23796 KB] Operator mutex finished iteration 26. Found an additional 0 operator mutexes

[t=0.0645309s, 23796 KB] Next pair of indices: (68, 13)
[t=0.0645517s, 23796 KB] M&S algorithm main loop timer: 0.0609115s (after computation of next merge)
[t=0.0645906s, 23796 KB] M&S algorithm main loop timer: 0.0609611s (after shrinking)
[t=0.0646568s, 23796 KB] M&S algorithm main loop timer: 0.0610236s (after merging)

[t=0.0646893s, 23796 KB] Operator mutex starting iteration 27


[t=0.0647518s, 23796 KB] In ts_27_0 of size 2 found num new op-mutexes 0


[t=0.0648181s, 23796 KB] In ts_27_1 of size 2 found num new op-mutexes 0


[t=0.0648825s, 23796 KB] In ts_27_2 of size 2 found num new op-mutexes 0


[t=0.0649459s, 23796 KB] In ts_27_3 of size 2 found num new op-mutexes 0


[t=0.0650087s, 23796 KB] In ts_27_4 of size 2 found num new op-mutexes 0


[t=0.0650806s, 23796 KB] In ts_27_5 of size 2 found num new op-mutexes 0


[t=0.0651425s, 23796 KB] In ts_27_6 of size 2 found num new op-mutexes 0


[t=0.0652149s, 23796 KB] In ts_27_7 of size 2 found num new op-mutexes 0


[t=0.0652864s, 23796 KB] In ts_27_8 of size 2 found num new op-mutexes 0


[t=0.0653508s, 23796 KB] In ts_27_9 of size 2 found num new op-mutexes 0


[t=0.0654214s, 23796 KB] In ts_27_10 of size 2 found num new op-mutexes 0


[t=0.0654917s, 23796 KB] In ts_27_11 of size 2 found num new op-mutexes 0


[t=0.0655553s, 23796 KB] In ts_27_12 of size 2 found num new op-mutexes 0


[t=0.0657011s, 23796 KB] In ts_27_69 of size 16 found num new op-mutexes 0
[t=0.0657327s, 23796 KB] Operator mutex finished iteration 27. Found an additional 0 operator mutexes

[t=0.0657603s, 23796 KB] Next pair of indices: (69, 12)
[t=0.0657809s, 23796 KB] M&S algorithm main loop timer: 0.0621413s (after computation of next merge)
[t=0.0658204s, 23796 KB] M&S algorithm main loop timer: 0.0621836s (after shrinking)
[t=0.0658903s, 23796 KB] M&S algorithm main loop timer: 0.0622572s (after merging)

[t=0.0659226s, 23796 KB] Operator mutex starting iteration 28


[t=0.0659841s, 23796 KB] In ts_28_0 of size 2 found num new op-mutexes 0


[t=0.0660495s, 23796 KB] In ts_28_1 of size 2 found num new op-mutexes 0


[t=0.0661135s, 23796 KB] In ts_28_2 of size 2 found num new op-mutexes 0


[t=0.0661762s, 23796 KB] In ts_28_3 of size 2 found num new op-mutexes 0


[t=0.0662386s, 23796 KB] In ts_28_4 of size 2 found num new op-mutexes 0


[t=0.0663093s, 23796 KB] In ts_28_5 of size 2 found num new op-mutexes 0


[t=0.0663809s, 23796 KB] In ts_28_6 of size 2 found num new op-mutexes 0


[t=0.0664606s, 23796 KB] In ts_28_7 of size 2 found num new op-mutexes 0


[t=0.0665407s, 23796 KB] In ts_28_8 of size 2 found num new op-mutexes 0


[t=0.0666132s, 23796 KB] In ts_28_9 of size 2 found num new op-mutexes 0


[t=0.0666925s, 23796 KB] In ts_28_10 of size 2 found num new op-mutexes 0


[t=0.0667718s, 23796 KB] In ts_28_11 of size 2 found num new op-mutexes 0


[t=0.0669284s, 23796 KB] In ts_28_70 of size 16 found num new op-mutexes 0
[t=0.0669685s, 23796 KB] Operator mutex finished iteration 28. Found an additional 0 operator mutexes

[t=0.0669993s, 23796 KB] Next pair of indices: (70, 11)
[t=0.0670207s, 23796 KB] M&S algorithm main loop timer: 0.0633807s (after computation of next merge)
[t=0.0670593s, 23796 KB] M&S algorithm main loop timer: 0.0634221s (after shrinking)
[t=0.0671151s, 23796 KB] M&S algorithm main loop timer: 0.0634814s (after merging)

[t=0.0671471s, 23796 KB] Operator mutex starting iteration 29


[t=0.0672091s, 23796 KB] In ts_29_0 of size 2 found num new op-mutexes 0


[t=0.0672757s, 23796 KB] In ts_29_1 of size 2 found num new op-mutexes 0


[t=0.067341s, 23796 KB] In ts_29_2 of size 2 found num new op-mutexes 0


[t=0.0674079s, 23796 KB] In ts_29_3 of size 2 found num new op-mutexes 0


[t=0.0674775s, 23796 KB] In ts_29_4 of size 2 found num new op-mutexes 0


[t=0.0675408s, 23796 KB] In ts_29_5 of size 2 found num new op-mutexes 0


[t=0.0676027s, 23796 KB] In ts_29_6 of size 2 found num new op-mutexes 0


[t=0.0676755s, 23796 KB] In ts_29_7 of size 2 found num new op-mutexes 0


[t=0.0677471s, 23796 KB] In ts_29_8 of size 2 found num new op-mutexes 0


[t=0.067812s, 23796 KB] In ts_29_9 of size 2 found num new op-mutexes 0


[t=0.0678829s, 23796 KB] In ts_29_10 of size 2 found num new op-mutexes 0


[t=0.0680295s, 23796 KB] In ts_29_71 of size 16 found num new op-mutexes 0
[t=0.0680693s, 23796 KB] Operator mutex finished iteration 29. Found an additional 0 operator mutexes

[t=0.068097s, 23796 KB] Next pair of indices: (71, 10)
[t=0.0681181s, 23796 KB] M&S algorithm main loop timer: 0.0644777s (after computation of next merge)
[t=0.0681571s, 23796 KB] M&S algorithm main loop timer: 0.0645195s (after shrinking)
[t=0.0682131s, 23796 KB] M&S algorithm main loop timer: 0.0645787s (after merging)

[t=0.0682441s, 23796 KB] Operator mutex starting iteration 30


[t=0.0683053s, 23796 KB] In ts_30_0 of size 2 found num new op-mutexes 0


[t=0.0683709s, 23796 KB] In ts_30_1 of size 2 found num new op-mutexes 0


[t=0.0684351s, 23796 KB] In ts_30_2 of size 2 found num new op-mutexes 0


[t=0.068502s, 23796 KB] In ts_30_3 of size 2 found num new op-mutexes 0


[t=0.068578s, 23796 KB] In ts_30_4 of size 2 found num new op-mutexes 0


[t=0.0686415s, 23796 KB] In ts_30_5 of size 2 found num new op-mutexes 0


[t=0.0687038s, 23796 KB] In ts_30_6 of size 2 found num new op-mutexes 0


[t=0.0687762s, 23796 KB] In ts_30_7 of size 2 found num new op-mutexes 0


[t=0.0688484s, 23796 KB] In ts_30_8 of size 2 found num new op-mutexes 0


[t=0.068913s, 23796 KB] In ts_30_9 of size 2 found num new op-mutexes 0


[t=0.0690603s, 23796 KB] In ts_30_72 of size 16 found num new op-mutexes 0
[t=0.0690918s, 23796 KB] Operator mutex finished iteration 30. Found an additional 0 operator mutexes

[t=0.0691198s, 23796 KB] Next pair of indices: (72, 9)
[t=0.0691409s, 23796 KB] M&S algorithm main loop timer: 0.0655007s (after computation of next merge)
[t=0.0691804s, 23796 KB] M&S algorithm main loop timer: 0.0655429s (after shrinking)
[t=0.0692372s, 23796 KB] M&S algorithm main loop timer: 0.0656033s (after merging)

[t=0.0692688s, 23796 KB] Operator mutex starting iteration 31


[t=0.0693302s, 23796 KB] In ts_31_0 of size 2 found num new op-mutexes 0


[t=0.0693961s, 23796 KB] In ts_31_1 of size 2 found num new op-mutexes 0


[t=0.069463s, 23796 KB] In ts_31_2 of size 2 found num new op-mutexes 0


[t=0.0695252s, 23796 KB] In ts_31_3 of size 2 found num new op-mutexes 0


[t=0.0695877s, 23796 KB] In ts_31_4 of size 2 found num new op-mutexes 0


[t=0.0696495s, 23796 KB] In ts_31_5 of size 2 found num new op-mutexes 0


[t=0.0697112s, 23796 KB] In ts_31_6 of size 2 found num new op-mutexes 0


[t=0.0697846s, 23796 KB] In ts_31_7 of size 2 found num new op-mutexes 0


[t=0.0698567s, 23796 KB] In ts_31_8 of size 2 found num new op-mutexes 0


[t=0.0700047s, 23796 KB] In ts_31_73 of size 16 found num new op-mutexes 0
[t=0.0700378s, 23796 KB] Operator mutex finished iteration 31. Found an additional 0 operator mutexes

[t=0.0700661s, 23796 KB] Next pair of indices: (73, 8)
[t=0.0700874s, 23796 KB] M&S algorithm main loop timer: 0.0664475s (after computation of next merge)
[t=0.070128s, 23796 KB] M&S algorithm main loop timer: 0.0664935s (after shrinking)
[t=0.0701882s, 23796 KB] M&S algorithm main loop timer: 0.0665548s (after merging)

[t=0.0702206s, 23796 KB] Operator mutex starting iteration 32


[t=0.0702906s, 23796 KB] In ts_32_0 of size 2 found num new op-mutexes 0


[t=0.070358s, 23796 KB] In ts_32_1 of size 2 found num new op-mutexes 0


[t=0.0704233s, 23796 KB] In ts_32_2 of size 2 found num new op-mutexes 0


[t=0.070512s, 23796 KB] In ts_32_3 of size 2 found num new op-mutexes 0


[t=0.0705787s, 23796 KB] In ts_32_4 of size 2 found num new op-mutexes 0


[t=0.0706421s, 23796 KB] In ts_32_5 of size 2 found num new op-mutexes 0


[t=0.0707048s, 23796 KB] In ts_32_6 of size 2 found num new op-mutexes 0


[t=0.070792s, 23796 KB] In ts_32_7 of size 2 found num new op-mutexes 0


[t=0.0709465s, 23796 KB] In ts_32_74 of size 16 found num new op-mutexes 0
[t=0.0709785s, 23796 KB] Operator mutex finished iteration 32. Found an additional 0 operator mutexes

[t=0.0710062s, 23796 KB] Next pair of indices: (74, 7)
[t=0.0710274s, 23796 KB] M&S algorithm main loop timer: 0.0673873s (after computation of next merge)
[t=0.0710668s, 23796 KB] M&S algorithm main loop timer: 0.0674294s (after shrinking)
[t=0.071123s, 23796 KB] M&S algorithm main loop timer: 0.0674892s (after merging)

[t=0.0711547s, 23796 KB] Operator mutex starting iteration 33


[t=0.0712166s, 23796 KB] In ts_33_0 of size 2 found num new op-mutexes 0


[t=0.0712828s, 23796 KB] In ts_33_1 of size 2 found num new op-mutexes 0


[t=0.0713484s, 23796 KB] In ts_33_2 of size 2 found num new op-mutexes 0


[t=0.0714132s, 23796 KB] In ts_33_3 of size 2 found num new op-mutexes 0


[t=0.0714779s, 23796 KB] In ts_33_4 of size 2 found num new op-mutexes 0


[t=0.0715425s, 23796 KB] In ts_33_5 of size 2 found num new op-mutexes 0


[t=0.0716064s, 23796 KB] In ts_33_6 of size 2 found num new op-mutexes 0


[t=0.0717566s, 23796 KB] In ts_33_75 of size 16 found num new op-mutexes 0
[t=0.0717881s, 23796 KB] Operator mutex finished iteration 33. Found an additional 0 operator mutexes

[t=0.0718152s, 23796 KB] Next pair of indices: (75, 6)
[t=0.0718356s, 23796 KB] M&S algorithm main loop timer: 0.0681955s (after computation of next merge)
[t=0.0718747s, 23796 KB] M&S algorithm main loop timer: 0.0682374s (after shrinking)
[t=0.0719311s, 23796 KB] M&S algorithm main loop timer: 0.0682975s (after merging)

[t=0.0719632s, 23796 KB] Operator mutex starting iteration 34


[t=0.0720426s, 23796 KB] In ts_34_0 of size 2 found num new op-mutexes 0


[t=0.0721116s, 23796 KB] In ts_34_1 of size 2 found num new op-mutexes 0


[t=0.0721774s, 23796 KB] In ts_34_2 of size 2 found num new op-mutexes 0


[t=0.0722443s, 23796 KB] In ts_34_3 of size 2 found num new op-mutexes 0


[t=0.0723089s, 23796 KB] In ts_34_4 of size 2 found num new op-mutexes 0


[t=0.0723716s, 23796 KB] In ts_34_5 of size 2 found num new op-mutexes 0


[t=0.072518s, 23796 KB] In ts_34_76 of size 16 found num new op-mutexes 0
[t=0.0725491s, 23796 KB] Operator mutex finished iteration 34. Found an additional 0 operator mutexes

[t=0.0725762s, 23796 KB] Next pair of indices: (76, 5)
[t=0.0725964s, 23796 KB] M&S algorithm main loop timer: 0.068956s (after computation of next merge)
[t=0.0726349s, 23796 KB] M&S algorithm main loop timer: 0.0689972s (after shrinking)
[t=0.0726906s, 23796 KB] M&S algorithm main loop timer: 0.0690567s (after merging)

[t=0.072722s, 23796 KB] Operator mutex starting iteration 35


[t=0.0727831s, 23796 KB] In ts_35_0 of size 2 found num new op-mutexes 0


[t=0.0728486s, 23796 KB] In ts_35_1 of size 2 found num new op-mutexes 0


[t=0.0729219s, 23796 KB] In ts_35_2 of size 2 found num new op-mutexes 0


[t=0.0729856s, 23796 KB] In ts_35_3 of size 2 found num new op-mutexes 0


[t=0.0730483s, 23796 KB] In ts_35_4 of size 2 found num new op-mutexes 0


[t=0.0732025s, 23796 KB] In ts_35_77 of size 16 found num new op-mutexes 0
[t=0.073236s, 23796 KB] Operator mutex finished iteration 35. Found an additional 0 operator mutexes

[t=0.0732637s, 23796 KB] Next pair of indices: (77, 4)
[t=0.0732843s, 23796 KB] M&S algorithm main loop timer: 0.0696445s (after computation of next merge)
[t=0.0733236s, 23796 KB] M&S algorithm main loop timer: 0.069686s (after shrinking)
[t=0.0733793s, 23796 KB] M&S algorithm main loop timer: 0.0697453s (after merging)

[t=0.0734109s, 23796 KB] Operator mutex starting iteration 36


[t=0.0734726s, 23796 KB] In ts_36_0 of size 2 found num new op-mutexes 0


[t=0.0735423s, 23796 KB] In ts_36_1 of size 2 found num new op-mutexes 0


[t=0.0736151s, 23796 KB] In ts_36_2 of size 2 found num new op-mutexes 0


[t=0.0736863s, 23796 KB] In ts_36_3 of size 2 found num new op-mutexes 0


[t=0.0738429s, 23796 KB] In ts_36_78 of size 16 found num new op-mutexes 0
[t=0.0738744s, 23796 KB] Operator mutex finished iteration 36. Found an additional 0 operator mutexes

[t=0.0739013s, 23796 KB] Next pair of indices: (78, 3)
[t=0.0739219s, 23796 KB] M&S algorithm main loop timer: 0.0702815s (after computation of next merge)
[t=0.0739616s, 23796 KB] M&S algorithm main loop timer: 0.0703244s (after shrinking)
[t=0.0740185s, 23796 KB] M&S algorithm main loop timer: 0.0703845s (after merging)

[t=0.0740499s, 23796 KB] Operator mutex starting iteration 37


[t=0.0741116s, 23796 KB] In ts_37_0 of size 2 found num new op-mutexes 0


[t=0.0741776s, 23796 KB] In ts_37_1 of size 2 found num new op-mutexes 0


[t=0.0742419s, 23796 KB] In ts_37_2 of size 2 found num new op-mutexes 0


[t=0.0743883s, 23796 KB] In ts_37_79 of size 16 found num new op-mutexes 0
[t=0.0744193s, 23796 KB] Operator mutex finished iteration 37. Found an additional 0 operator mutexes

[t=0.074446s, 23796 KB] Next pair of indices: (79, 2)
[t=0.0744659s, 23796 KB] M&S algorithm main loop timer: 0.0708254s (after computation of next merge)
[t=0.074504s, 23796 KB] M&S algorithm main loop timer: 0.0708663s (after shrinking)
[t=0.0745599s, 23796 KB] M&S algorithm main loop timer: 0.0709258s (after merging)

[t=0.0745909s, 23796 KB] Operator mutex starting iteration 38


[t=0.0746533s, 23796 KB] In ts_38_0 of size 2 found num new op-mutexes 0


[t=0.0747206s, 23796 KB] In ts_38_1 of size 2 found num new op-mutexes 0


[t=0.0748745s, 23796 KB] In ts_38_80 of size 16 found num new op-mutexes 0
[t=0.0749063s, 23796 KB] Operator mutex finished iteration 38. Found an additional 0 operator mutexes

[t=0.0749329s, 23796 KB] Next pair of indices: (80, 1)
[t=0.0749533s, 23796 KB] M&S algorithm main loop timer: 0.0713126s (after computation of next merge)
[t=0.074992s, 23796 KB] M&S algorithm main loop timer: 0.0713541s (after shrinking)
[t=0.0750467s, 23796 KB] M&S algorithm main loop timer: 0.0714218s (after merging)

[t=0.075087s, 23796 KB] Operator mutex starting iteration 39


[t=0.075149s, 23796 KB] In ts_39_0 of size 2 found num new op-mutexes 0


[t=0.0752979s, 23796 KB] In ts_39_81 of size 16 found num new op-mutexes 0
[t=0.0753309s, 23796 KB] Operator mutex finished iteration 39. Found an additional 0 operator mutexes

[t=0.0753582s, 23796 KB] Next pair of indices: (81, 0)
[t=0.0753784s, 23796 KB] M&S algorithm main loop timer: 0.0717377s (after computation of next merge)
[t=0.0754161s, 23796 KB] M&S algorithm main loop timer: 0.0717789s (after shrinking)
[t=0.0754723s, 23796 KB] M&S algorithm main loop timer: 0.0718378s (after merging)

[t=0.0755032s, 23796 KB] Operator mutex starting iteration 40


[t=0.0756542s, 23796 KB] In ts_40_82 of size 16 found num new op-mutexes 0
[t=0.0756864s, 23796 KB] Operator mutex finished iteration 40. Found an additional 0 operator mutexes

[t=0.075713s, 23796 KB] End of merge-and-shrink algorithm, statistics:
[t=0.0757343s, 23796 KB] Main loop runtime: 0.0721017s
[t=0.0757622s, 23796 KB] Maximum intermediate abstraction size: 16
[t=0.0757827s, 23796 KB] Final peak memory increase of merge-and-shrink algorithm: 1196 KB
[t=0.0758151s, 23796 KB] Merge-and-shrink algorithm runtime: 0.0734704s

[t=0.0758384s, 23796 KB] Number of labels: 128
[t=0.0758576s, 23796 KB] Total number of operator mutexes: 0
[t=0.0758772s, 23796 KB] Operator Mutex total time: 0.0650323s
[t=0.0759012s, 23796 KB] Number of remaining factors: 1
[t=0.0759445s, 23796 KB] Number of factors kept: 1
[t=0.0759688s, 23796 KB] Done initializing merge-and-shrink heuristic.

[t=0.076057s, 23796 KB] Building successor generator...done!
[t=0.0762072s, 23796 KB] peak memory difference for successor generator creation: 0 KB
[t=0.0762257s, 23796 KB] time for successor generation creation: 8.1014e-05s
[t=0.07625s, 23796 KB] Variables: 42
[t=0.0762703s, 23796 KB] FactPairs: 84
[t=0.0762889s, 23796 KB] Bytes per state: 8
[t=0.0764351s, 23796 KB] Conducting best first search with reopening closed nodes, (real) bound = 2147483647
[t=0.076496s, 23796 KB] New best heuristic value for merge_and_shrink(op_mutex = op_mutex(use_previous_ops = nasutpo, reachability_strategy = goal), merge_strategy = merge_precomputed(linear), shrink_strategy = shrink_bisimulation(greedy = true, at_limit = use_up)): 4
[t=0.0765199s, 23796 KB] g=0, 1 evaluated, 0 expanded
[t=0.0765414s, 23796 KB] f = 4, 1 evaluated, 0 expanded
[t=0.0765653s, 23796 KB] Initial heuristic value for merge_and_shrink(op_mutex = op_mutex(use_previous_ops = nasutpo, reachability_strategy = goal), merge_strategy = merge_precomputed(linear), shrink_strategy = shrink_bisimulation(greedy = true, at_limit = use_up)): 4
[t=0.0765861s, 23796 KB] pruning method: none
[t=0.0766309s, 23796 KB] f = 5, 7 evaluated, 1 expanded
[t=0.0766982s, 23796 KB] New best heuristic value for merge_and_shrink(op_mutex = op_mutex(use_previous_ops = nasutpo, reachability_strategy = goal), merge_strategy = merge_precomputed(linear), shrink_strategy = shrink_bisimulation(greedy = true, at_limit = use_up)): 3
[t=0.0767211s, 23796 KB] g=2, 22 evaluated, 5 expanded
[t=0.0768169s, 23796 KB] f = 6, 33 evaluated, 10 expanded
[t=0.0769286s, 23796 KB] New best heuristic value for merge_and_shrink(op_mutex = op_mutex(use_previous_ops = nasutpo, reachability_strategy = goal), merge_strategy = merge_precomputed(linear), shrink_strategy = shrink_bisimulation(greedy = true, at_limit = use_up)): 2
[t=0.0769523s, 23796 KB] g=4, 64 evaluated, 22 expanded
[t=0.0770892s, 23796 KB] f = 7, 101 evaluated, 40 expanded
[t=0.0774777s, 23796 KB] f = 8, 218 evaluated, 110 expanded
[t=0.0775199s, 23796 KB] New best heuristic value for merge_and_shrink(op_mutex = op_mutex(use_previous_ops = nasutpo, reachability_strategy = goal), merge_strategy = merge_precomputed(linear), shrink_strategy = shrink_bisimulation(greedy = true, at_limit = use_up)): 1
[t=0.0775429s, 23796 KB] g=7, 222 evaluated, 112 expanded
[t=0.0781632s, 23796 KB] f = 9, 409 evaluated, 222 expanded
[t=0.0790959s, 23796 KB] f = 10, 682 evaluated, 398 expanded
[t=0.080233s, 23796 KB] f = 11, 1002 evaluated, 645 expanded
[t=0.0817096s, 23796 KB] f = 12, 1358 evaluated, 969 expanded
[t=0.0817488s, 23796 KB] New best heuristic value for merge_and_shrink(op_mutex = op_mutex(use_previous_ops = nasutpo, reachability_strategy = goal), merge_strategy = merge_precomputed(linear), shrink_strategy = shrink_bisimulation(greedy = true, at_limit = use_up)): 0
[t=0.0817736s, 23796 KB] g=12, 1359 evaluated, 970 expanded
[t=0.0817963s, 23796 KB] Solution found!
[t=0.0818185s, 23796 KB] Actual search time: 0.00523021s
pop-unitarypipe s13 b1 a1 a3 b5 lco oca1 (1)
push-unitarypipe s12 b0 a1 a2 b4 oc1b lco (1)
push-unitarypipe s12 b5 a1 a2 b0 oca1 oc1b (1)
push-unitarypipe s12 b2 a1 a2 b5 gasoleo oca1 (1)
pop-unitarypipe s12 b4 a1 a2 b2 lco gasoleo (1)
push-unitarypipe s12 b3 a1 a2 b4 rat-a lco (1)
push-unitarypipe s12 b2 a1 a2 b3 gasoleo rat-a (1)
pop-unitarypipe s12 b4 a1 a2 b2 lco gasoleo (1)
pop-unitarypipe s12 b3 a1 a2 b4 rat-a lco (1)
push-unitarypipe s13 b2 a1 a3 b1 gasoleo lco (1)
push-unitarypipe s13 b4 a1 a3 b2 lco gasoleo (1)
pop-unitarypipe s13 b1 a1 a3 b4 lco lco (1)
[t=0.0818412s, 23796 KB] Plan length: 12 step(s).
[t=0.0818412s, 23796 KB] Plan cost: 12
[t=0.0818412s, 23796 KB] Expanded 971 state(s).
[t=0.0818412s, 23796 KB] Reopened 0 state(s).
[t=0.0818412s, 23796 KB] Evaluated 1359 state(s).
[t=0.0818412s, 23796 KB] Evaluations: 1359
[t=0.0818412s, 23796 KB] Generated 4566 state(s).
[t=0.0818412s, 23796 KB] Dead ends: 0 state(s).
[t=0.0818412s, 23796 KB] Expanded until last jump: 969 state(s).
[t=0.0818412s, 23796 KB] Reopened until last jump: 0 state(s).
[t=0.0818412s, 23796 KB] Evaluated until last jump: 1358 state(s).
[t=0.0818412s, 23796 KB] Generated until last jump: 4564 state(s).
[t=0.0818412s, 23796 KB] Number of registered states: 1359
[t=0.0818412s, 23796 KB] Int hash set load factor: 1359/2048 = 0.663574
[t=0.0818412s, 23796 KB] Int hash set resizes: 11
[t=0.0818412s, 23796 KB] Search time: 0.00540684s
[t=0.0818412s, 23796 KB] Total time: 0.0818412s
Solution found.
Peak memory: 23796 KB
Remove intermediate file output.sas
search exit code: 0

INFO     Running validate.
INFO     validate stdin: None
INFO     validate time limit: None
INFO     validate memory limit: None
INFO     validate command line string: validate domain.pddl problem.pddl sas_plan
Checking plan: sas_plan
Plan executed successfully - checking goal
Plan valid
Final value: 12 

Successful plans:
Value: 12
 sas_plan 12 

validate exit code: 0

