INFO     Running translator.
INFO     translator stdin: None
INFO     translator time limit: 599.97s
INFO     translator memory limit: 7000 MB
INFO     translator command line string: /usr/bin/python3 /user/student.aau.dk/lkar18/downward-projects/downward/experiments/nopo_vs_nasutpo_195p/data/nopo_vs_nasutpo/code-94571df14dfaf5b06207d9589b12facdd93f580c_e5e41175/builds/release/bin/translate/translate.py domain.pddl problem.pddl --sas-file output.sas
Parsing...
Parsing: [0.010s CPU, 0.003s wall-clock]
Normalizing task... [0.000s CPU, 0.000s wall-clock]
Instantiating...
Generating Datalog program... [0.000s CPU, 0.001s wall-clock]
Normalizing Datalog program...
Normalizing Datalog program: [0.000s CPU, 0.002s wall-clock]
Preparing model... [0.000s CPU, 0.001s wall-clock]
Generated 68 rules.
Computing model... [0.000s CPU, 0.004s wall-clock]
237 relevant atoms
198 auxiliary atoms
435 final queue length
617 total queue pushes
Completing instantiation... [0.010s CPU, 0.004s wall-clock]
Instantiating: [0.010s CPU, 0.012s wall-clock]
Computing fact groups...
Finding invariants...
12 initial candidates
Finding invariants: [0.000s CPU, 0.005s wall-clock]
Checking invariant weight... [0.000s CPU, 0.000s wall-clock]
Instantiating groups... [0.000s CPU, 0.000s wall-clock]
Collecting mutex groups... [0.000s CPU, 0.000s wall-clock]
Choosing groups...
0 uncovered facts
Choosing groups: [0.000s CPU, 0.000s wall-clock]
Building translation key... [0.000s CPU, 0.000s wall-clock]
Computing fact groups: [0.000s CPU, 0.006s wall-clock]
Building STRIPS to SAS dictionary... [0.000s CPU, 0.000s wall-clock]
Building dictionary for full mutex groups... [0.000s CPU, 0.000s wall-clock]
Building mutex information...
Building mutex information: [0.000s CPU, 0.000s wall-clock]
Translating task...
Processing axioms...
Simplifying axioms... [0.000s CPU, 0.000s wall-clock]
Translator axioms removed by simplifying: 0
Computing negative axioms... [0.000s CPU, 0.000s wall-clock]
Processing axioms: [0.000s CPU, 0.000s wall-clock]
Translating task: [0.010s CPU, 0.004s wall-clock]
0 effect conditions simplified
0 implied preconditions added
Detecting unreachable propositions...
0 operators removed
0 axioms removed
15 propositions removed
Detecting unreachable propositions: [0.000s CPU, 0.002s wall-clock]
Reordering and filtering variables...
15 of 15 variables necessary.
0 of 22 mutex groups necessary.
112 of 112 operators necessary.
0 of 0 axiom rules necessary.
Reordering and filtering variables: [0.000s CPU, 0.001s wall-clock]
Translator variables: 15
Translator derived variables: 0
Translator facts: 43
Translator goal facts: 7
Translator mutex groups: 0
Translator total mutex groups size: 0
Translator operators: 112
Translator axioms: 0
Translator task size: 661
Translator peak memory: 42524 KB
Writing output... [0.000s CPU, 0.002s wall-clock]
Done! [0.030s CPU, 0.030s wall-clock]
translate exit code: 0

INFO     Running search (release).
INFO     search stdin: output.sas
INFO     search time limit: 599.9s
INFO     search memory limit: 7000 MB
INFO     search command line string: /user/student.aau.dk/lkar18/downward-projects/downward/experiments/nopo_vs_nasutpo_195p/data/nopo_vs_nasutpo/code-94571df14dfaf5b06207d9589b12facdd93f580c_e5e41175/builds/release/bin/downward --search 'astar(merge_and_shrink(op_mutex=op_mutex(use_previous_ops=NaSUTPO, reachability_strategy=goal), merge_strategy=merge_sccs(order_of_sccs=topological, merge_tree=linear()), shrink_strategy=shrink_fh()))' --internal-plan-file sas_plan < output.sas
[t=3.8371e-05s, 22344 KB] reading input...
[t=0.000531947s, 22344 KB] done reading input!
[t=0.00193801s, 22600 KB] Initializing merge-and-shrink heuristic...
[t=0.00200293s, 22600 KB] Running merge-and-shrink algorithm...
[t=0.00202313s, 22600 KB] Merge strategy options:
[t=0.00204455s, 22600 KB] Type: sccs
[t=0.00206463s, 22600 KB] Merge order of sccs: topological
[t=0.00208456s, 22600 KB] Merge strategy for merging within sccs: 
[t=0.0021043s, 22600 KB] Merge tree options: 
[t=0.00212381s, 22600 KB] Type: linear
[t=0.0021441s, 22600 KB] Update option: use random
[t=0.00216421s, 22600 KB] Variable order type: CG/GOAL, tie breaking on level (main)

[t=0.00218617s, 22600 KB] Options related to size limits and shrinking: 
[t=0.00220678s, 22600 KB] Transition system size limit: 50000
[t=0.00222645s, 22600 KB] Transition system size limit right before merge: 50000
[t=0.00224612s, 22600 KB] Threshold to trigger shrinking right before merge: 1

[t=0.00226875s, 22600 KB] Pruning unreachable states: yes
[t=0.00228932s, 22600 KB] Pruning irrelevant states: yes

[t=0.00231105s, 22600 KB] Label reduction disabled

[t=0.00233337s, 22600 KB] Main loop max time in seconds: inf

[t=0.00235745s, 22600 KB] ===============================================================================
[t=0.00237758s, 22600 KB] WARNING! You did not enable label reduction.
This may drastically reduce the performance of merge-and-shrink!
[t=0.00239808s, 22600 KB] ===============================================================================

[t=0.00242041s, 22600 KB] Building atomic transition systems... 
[t=0.00275028s, 22996 KB] M&S algorithm timer: 0.00078472s (after computation of atomic factors)

[t=0.00279982s, 22996 KB] Starting main loop without a time limit.
[t=0.00282562s, 22996 KB] building causal graph...done! [t=7.3953e-05s]
[t=0.00291268s, 22996 KB] SCCs of the causal graph:
[t=0.00294145s, 22996 KB] [0, 7, 8, 6, 9, 10, 1, 11, 2, 12, 13, 5, 14, 3, 4]
[t=0.0029644s, 22996 KB] Only one single SCC
[t=0.00299286s, 22996 KB] Next pair of indices: (14, 7)
[t=0.00301553s, 22996 KB] M&S algorithm main loop timer: 0.00023447s (after computation of next merge)
[t=0.00309454s, 22996 KB] M&S algorithm main loop timer: 0.000321028s (after merging)

[t=0.00313062s, 22996 KB] Operator mutex starting iteration 0


[t=0.00320995s, 22996 KB] In ts_0_0 of size 2 found num new op-mutexes 1


[t=0.0032769s, 22996 KB] In ts_0_1 of size 2 found num new op-mutexes 1


[t=0.00334042s, 22996 KB] In ts_0_2 of size 2 found num new op-mutexes 1


[t=0.00340251s, 22996 KB] In ts_0_3 of size 2 found num new op-mutexes 1


[t=0.00347388s, 22996 KB] In ts_0_4 of size 2 found num new op-mutexes 1


[t=0.00353822s, 22996 KB] In ts_0_5 of size 2 found num new op-mutexes 1


[t=0.00360059s, 22996 KB] In ts_0_6 of size 2 found num new op-mutexes 1


[t=0.00368852s, 22996 KB] In ts_0_8 of size 3 found num new op-mutexes 98


[t=0.0037727s, 22996 KB] In ts_0_9 of size 3 found num new op-mutexes 98


[t=0.00385331s, 22996 KB] In ts_0_10 of size 3 found num new op-mutexes 98


[t=0.00393861s, 22996 KB] In ts_0_11 of size 3 found num new op-mutexes 98


[t=0.00401961s, 22996 KB] In ts_0_12 of size 3 found num new op-mutexes 98


[t=0.00409989s, 22996 KB] In ts_0_13 of size 3 found num new op-mutexes 98


[t=0.00437242s, 22996 KB] In ts_0_15 of size 24 found num new op-mutexes 98
[t=0.00440633s, 22996 KB] Operator mutex finished iteration 0. Found an additional 693 operator mutexes

[t=0.00443503s, 22996 KB] Next pair of indices: (15, 13)
[t=0.00446955s, 22996 KB] M&S algorithm main loop timer: 0.00169022s (after computation of next merge)
[t=0.00456998s, 22996 KB] M&S algorithm main loop timer: 0.00179441s (after merging)

[t=0.0046062s, 22996 KB] Operator mutex starting iteration 1


[t=0.00466926s, 22996 KB] In ts_1_0 of size 2 found num new op-mutexes 0


[t=0.00473459s, 22996 KB] In ts_1_1 of size 2 found num new op-mutexes 0


[t=0.00479804s, 22996 KB] In ts_1_2 of size 2 found num new op-mutexes 0


[t=0.00485967s, 22996 KB] In ts_1_3 of size 2 found num new op-mutexes 0


[t=0.00492032s, 22996 KB] In ts_1_4 of size 2 found num new op-mutexes 0


[t=0.00498067s, 22996 KB] In ts_1_5 of size 2 found num new op-mutexes 0


[t=0.00505007s, 22996 KB] In ts_1_6 of size 2 found num new op-mutexes 0


[t=0.00512875s, 22996 KB] In ts_1_8 of size 3 found num new op-mutexes 0


[t=0.00520847s, 22996 KB] In ts_1_9 of size 3 found num new op-mutexes 0


[t=0.00528809s, 22996 KB] In ts_1_10 of size 3 found num new op-mutexes 0


[t=0.00536382s, 22996 KB] In ts_1_11 of size 3 found num new op-mutexes 0


[t=0.00544305s, 22996 KB] In ts_1_12 of size 3 found num new op-mutexes 0


[t=0.0207232s, 22996 KB] In ts_1_16 of size 72 found num new op-mutexes 0
[t=0.0208079s, 22996 KB] Operator mutex finished iteration 1. Found an additional 0 operator mutexes

[t=0.0208416s, 22996 KB] Next pair of indices: (16, 12)
[t=0.0208755s, 22996 KB] M&S algorithm main loop timer: 0.0180952s (after computation of next merge)
[t=0.0210883s, 22996 KB] M&S algorithm main loop timer: 0.0183196s (after merging)

[t=0.0211417s, 22996 KB] Operator mutex starting iteration 2


[t=0.0212189s, 22996 KB] In ts_2_0 of size 2 found num new op-mutexes 0


[t=0.021287s, 22996 KB] In ts_2_1 of size 2 found num new op-mutexes 0


[t=0.021351s, 22996 KB] In ts_2_2 of size 2 found num new op-mutexes 0


[t=0.021413s, 22996 KB] In ts_2_3 of size 2 found num new op-mutexes 0


[t=0.021475s, 22996 KB] In ts_2_4 of size 2 found num new op-mutexes 0


[t=0.0215358s, 22996 KB] In ts_2_5 of size 2 found num new op-mutexes 0


[t=0.0215978s, 22996 KB] In ts_2_6 of size 2 found num new op-mutexes 0


[t=0.0216779s, 22996 KB] In ts_2_8 of size 3 found num new op-mutexes 0


[t=0.0217674s, 22996 KB] In ts_2_9 of size 3 found num new op-mutexes 0


[t=0.0218454s, 22996 KB] In ts_2_10 of size 3 found num new op-mutexes 0


[t=0.021921s, 22996 KB] In ts_2_11 of size 3 found num new op-mutexes 0


[t=10.6642s, 23120 KB] In ts_2_17 of size 216 found num new op-mutexes 0
[t=10.6643s, 23120 KB] Operator mutex finished iteration 2. Found an additional 0 operator mutexes

[t=10.6643s, 23120 KB] Next pair of indices: (17, 11)
[t=10.6643s, 23120 KB] M&S algorithm main loop timer: 10.6615s (after computation of next merge)
[t=10.6648s, 23120 KB] M&S algorithm main loop timer: 10.6621s (after merging)

[t=10.6649s, 23120 KB] Operator mutex starting iteration 3


[t=10.665s, 23120 KB] In ts_3_0 of size 2 found num new op-mutexes 0


[t=10.665s, 23120 KB] In ts_3_1 of size 2 found num new op-mutexes 0


[t=10.6651s, 23120 KB] In ts_3_2 of size 2 found num new op-mutexes 0


[t=10.6652s, 23120 KB] In ts_3_3 of size 2 found num new op-mutexes 0


[t=10.6652s, 23120 KB] In ts_3_4 of size 2 found num new op-mutexes 0


[t=10.6653s, 23120 KB] In ts_3_5 of size 2 found num new op-mutexes 0


[t=10.6654s, 23120 KB] In ts_3_6 of size 2 found num new op-mutexes 0


[t=10.6655s, 23120 KB] In ts_3_8 of size 3 found num new op-mutexes 0


[t=10.6655s, 23120 KB] In ts_3_9 of size 3 found num new op-mutexes 0


[t=10.6656s, 23120 KB] In ts_3_10 of size 3 found num new op-mutexes 0

Peak memory: 23508 KB
caught signal 24 -- exiting
Time limit has been reached.
Remove intermediate file output.sas
search exit code: 23

Driver aborting after search
