INFO     Running translator.
INFO     translator stdin: None
INFO     translator time limit: 599.97s
INFO     translator memory limit: 7000 MB
INFO     translator command line string: /usr/bin/python3 /user/student.aau.dk/lkar18/downward-projects/downward/experiments/nopo_vs_nasutpo_195p/data/nopo_vs_nasutpo/code-94571df14dfaf5b06207d9589b12facdd93f580c_e5e41175/builds/release/bin/translate/translate.py domain.pddl problem.pddl --sas-file output.sas
Parsing...
Parsing: [0.040s CPU, 0.043s wall-clock]
Normalizing task... [0.000s CPU, 0.003s wall-clock]
Instantiating...
Generating Datalog program... [0.010s CPU, 0.005s wall-clock]
Normalizing Datalog program...
Normalizing Datalog program: [0.060s CPU, 0.057s wall-clock]
Preparing model... [0.020s CPU, 0.022s wall-clock]
Generated 1345 rules.
Computing model... [5.350s CPU, 5.347s wall-clock]
152312 relevant atoms
21635 auxiliary atoms
173947 final queue length
1455141 total queue pushes
Completing instantiation... [4.250s CPU, 4.250s wall-clock]
Instantiating: [9.760s CPU, 9.753s wall-clock]
Computing fact groups...
Finding invariants...
9 initial candidates
Finding invariants: [0.740s CPU, 0.736s wall-clock]
Checking invariant weight... [0.000s CPU, 0.000s wall-clock]
Instantiating groups... [0.000s CPU, 0.000s wall-clock]
Collecting mutex groups... [0.000s CPU, 0.000s wall-clock]
Choosing groups...
60 uncovered facts
Choosing groups: [0.000s CPU, 0.000s wall-clock]
Building translation key... [0.000s CPU, 0.000s wall-clock]
Computing fact groups: [0.740s CPU, 0.737s wall-clock]
Building STRIPS to SAS dictionary... [0.000s CPU, 0.000s wall-clock]
Building dictionary for full mutex groups... [0.000s CPU, 0.000s wall-clock]
Building mutex information...
Building mutex information: [0.000s CPU, 0.000s wall-clock]
Translating task...
Processing axioms...
Simplifying axioms... [0.000s CPU, 0.000s wall-clock]
Translator axioms removed by simplifying: 0
Computing negative axioms... [0.000s CPU, 0.000s wall-clock]
Processing axioms: [0.030s CPU, 0.033s wall-clock]
Translating task: [0.970s CPU, 0.975s wall-clock]
35280 effect conditions simplified
0 implied preconditions added
Detecting unreachable propositions...
0 operators removed
0 axioms removed
56 propositions removed
Detecting unreachable propositions: [0.530s CPU, 0.536s wall-clock]
Reordering and filtering variables...
22 of 32 variables necessary.
0 of 0 mutex groups necessary.
5880 of 5880 operators necessary.
0 of 0 axiom rules necessary.
Reordering and filtering variables: [0.280s CPU, 0.274s wall-clock]
Translator variables: 22
Translator derived variables: 0
Translator facts: 44
Translator goal facts: 6
Translator mutex groups: 0
Translator total mutex groups size: 0
Translator operators: 5880
Translator axioms: 0
Translator task size: 106852
Translator peak memory: 144620 KB
Writing output... [0.180s CPU, 0.182s wall-clock]
Done! [12.540s CPU, 12.546s wall-clock]
translate exit code: 0

INFO     Running search (release).
INFO     search stdin: output.sas
INFO     search time limit: 587.36s
INFO     search memory limit: 7000 MB
INFO     search command line string: /user/student.aau.dk/lkar18/downward-projects/downward/experiments/nopo_vs_nasutpo_195p/data/nopo_vs_nasutpo/code-94571df14dfaf5b06207d9589b12facdd93f580c_e5e41175/builds/release/bin/downward --search 'astar(merge_and_shrink(op_mutex=op_mutex(use_previous_ops=NoPO, reachability_strategy=goal), merge_strategy=merge_sccs(order_of_sccs=topological, merge_tree=linear()), shrink_strategy=shrink_bisimulation(greedy=false, at_limit=RETURN)))' --internal-plan-file sas_plan < output.sas
[t=3.5109e-05s, 22344 KB] reading input...
[t=0.0529426s, 25924 KB] done reading input!
[t=0.0544646s, 26188 KB] Initializing merge-and-shrink heuristic...
[t=0.0545323s, 26188 KB] Running merge-and-shrink algorithm...
[t=0.0545523s, 26188 KB] Merge strategy options:
[t=0.054573s, 26188 KB] Type: sccs
[t=0.0545929s, 26188 KB] Merge order of sccs: topological
[t=0.0546124s, 26188 KB] Merge strategy for merging within sccs: 
[t=0.0546319s, 26188 KB] Merge tree options: 
[t=0.0546673s, 26188 KB] Type: linear
[t=0.0546912s, 26188 KB] Update option: use random
[t=0.0547116s, 26188 KB] Variable order type: CG/GOAL, tie breaking on level (main)

[t=0.0547337s, 26188 KB] Options related to size limits and shrinking: 
[t=0.054754s, 26188 KB] Transition system size limit: 50000
[t=0.054773s, 26188 KB] Transition system size limit right before merge: 50000
[t=0.054792s, 26188 KB] Threshold to trigger shrinking right before merge: 1

[t=0.0548136s, 26188 KB] Pruning unreachable states: yes
[t=0.0548419s, 26188 KB] Pruning irrelevant states: yes

[t=0.0548666s, 26188 KB] Label reduction disabled

[t=0.0548893s, 26188 KB] Main loop max time in seconds: inf

[t=0.0549143s, 26188 KB] ===============================================================================
[t=0.0549337s, 26188 KB] WARNING! You did not enable label reduction.
This may drastically reduce the performance of merge-and-shrink!
[t=0.0549529s, 26188 KB] ===============================================================================

[t=0.0549753s, 26188 KB] Building atomic transition systems... 
[t=0.0753269s, 50148 KB] M&S algorithm timer: 0.0208686s (after computation of atomic factors)

[t=0.0754191s, 50148 KB] Starting main loop without a time limit.
[t=0.0754485s, 50148 KB] building causal graph...done! [t=0.0306064s]
[t=0.106113s, 50148 KB] SCCs of the causal graph:
[t=0.106198s, 50148 KB] [0, 11, 1, 2, 3, 4, 5, 6, 7, 8, 12, 9, 13, 10, 14, 15, 16, 17, 18, 19, 20, 21]
[t=0.106225s, 50148 KB] Only one single SCC
[t=0.106261s, 50148 KB] Next pair of indices: (21, 20)
[t=0.106302s, 50148 KB] M&S algorithm main loop timer: 0.0309039s (after computation of next merge)
[t=0.10697s, 50516 KB] M&S algorithm main loop timer: 0.0316431s (after merging)
[t=0.107102s, 50516 KB] M&S algorithm main loop timer: 0.0317089s (after pruning)

[t=0.107136s, 50516 KB] Operator mutex starting iteration 0

[t=0.110271s, 51384 KB] In ts_0_0 of size 2 found num new op-mutexes 14400

[t=0.111032s, 51384 KB] In ts_0_1 of size 2 found num new op-mutexes 0

[t=0.111775s, 51384 KB] In ts_0_2 of size 2 found num new op-mutexes 0

[t=0.112512s, 51384 KB] In ts_0_3 of size 2 found num new op-mutexes 0

[t=1.23744s, 151408 KB] In ts_0_4 of size 2 found num new op-mutexes 2073600

[t=2.19881s, 255128 KB] In ts_0_5 of size 2 found num new op-mutexes 2073600

[t=2.7679s, 304592 KB] In ts_0_6 of size 2 found num new op-mutexes 2073600

[t=4.21248s, 465792 KB] In ts_0_7 of size 2 found num new op-mutexes 2073600

[t=4.21351s, 465792 KB] In ts_0_8 of size 2 found num new op-mutexes 0

[t=4.2143s, 465792 KB] In ts_0_9 of size 2 found num new op-mutexes 0

[t=4.21503s, 465792 KB] In ts_0_10 of size 2 found num new op-mutexes 0

[t=4.21576s, 465792 KB] In ts_0_11 of size 2 found num new op-mutexes 0

[t=4.21649s, 465792 KB] In ts_0_12 of size 2 found num new op-mutexes 0

[t=4.21724s, 465792 KB] In ts_0_13 of size 2 found num new op-mutexes 0

[t=4.218s, 465792 KB] In ts_0_14 of size 2 found num new op-mutexes 0

[t=4.21873s, 465792 KB] In ts_0_15 of size 2 found num new op-mutexes 0

[t=4.21946s, 465792 KB] In ts_0_16 of size 2 found num new op-mutexes 0

[t=4.22019s, 465792 KB] In ts_0_17 of size 2 found num new op-mutexes 0

[t=4.22093s, 465792 KB] In ts_0_18 of size 2 found num new op-mutexes 0

[t=4.22167s, 465792 KB] In ts_0_19 of size 2 found num new op-mutexes 0

[t=4.22256s, 465792 KB] In ts_0_22 of size 2 found num new op-mutexes 0
[t=4.22267s, 465792 KB] Operator mutex finished iteration 0. Found an additional 8308800 operator mutexes

[t=4.2227s, 465792 KB] Next pair of indices: (22, 19)
[t=4.22272s, 465792 KB] M&S algorithm main loop timer: 4.14732s (after computation of next merge)
[t=4.22327s, 465792 KB] M&S algorithm main loop timer: 4.14795s (after merging)

[t=4.22338s, 465792 KB] Operator mutex starting iteration 1

[t=4.22693s, 465792 KB] In ts_1_0 of size 2 found num new op-mutexes 0

[t=4.22773s, 465792 KB] In ts_1_1 of size 2 found num new op-mutexes 0

[t=4.22847s, 465792 KB] In ts_1_2 of size 2 found num new op-mutexes 0

[t=4.22922s, 465792 KB] In ts_1_3 of size 2 found num new op-mutexes 0

[t=5.03147s, 465792 KB] In ts_1_4 of size 2 found num new op-mutexes 0

[t=5.81846s, 465792 KB] In ts_1_5 of size 2 found num new op-mutexes 0

[t=6.67518s, 465792 KB] In ts_1_6 of size 2 found num new op-mutexes 0

[t=7.46759s, 465792 KB] In ts_1_7 of size 2 found num new op-mutexes 0

[t=7.46864s, 465792 KB] In ts_1_8 of size 2 found num new op-mutexes 0

[t=7.46949s, 465792 KB] In ts_1_9 of size 2 found num new op-mutexes 0

[t=7.47023s, 465792 KB] In ts_1_10 of size 2 found num new op-mutexes 0

[t=7.47097s, 465792 KB] In ts_1_11 of size 2 found num new op-mutexes 0

[t=7.4717s, 465792 KB] In ts_1_12 of size 2 found num new op-mutexes 0

[t=7.47246s, 465792 KB] In ts_1_13 of size 2 found num new op-mutexes 0

[t=7.4732s, 465792 KB] In ts_1_14 of size 2 found num new op-mutexes 0

[t=7.47392s, 465792 KB] In ts_1_15 of size 2 found num new op-mutexes 0

[t=7.47467s, 465792 KB] In ts_1_16 of size 2 found num new op-mutexes 0

[t=7.47542s, 465792 KB] In ts_1_17 of size 2 found num new op-mutexes 0

[t=7.47619s, 465792 KB] In ts_1_18 of size 2 found num new op-mutexes 0

[t=7.47695s, 465792 KB] In ts_1_23 of size 4 found num new op-mutexes 0
[t=7.47706s, 465792 KB] Operator mutex finished iteration 1. Found an additional 0 operator mutexes

[t=7.47709s, 465792 KB] Next pair of indices: (23, 18)
[t=7.47711s, 465792 KB] M&S algorithm main loop timer: 7.40171s (after computation of next merge)
[t=7.47715s, 465792 KB] M&S algorithm main loop timer: 7.40175s (after shrinking)
[t=7.47774s, 465792 KB] M&S algorithm main loop timer: 7.40238s (after merging)
[t=7.47782s, 465792 KB] M&S algorithm main loop timer: 7.40242s (after pruning)

[t=7.47785s, 465792 KB] Operator mutex starting iteration 2

[t=7.4814s, 465792 KB] In ts_2_0 of size 2 found num new op-mutexes 0

[t=7.48219s, 465792 KB] In ts_2_1 of size 2 found num new op-mutexes 0

[t=7.48293s, 465792 KB] In ts_2_2 of size 2 found num new op-mutexes 0

[t=7.48367s, 465792 KB] In ts_2_3 of size 2 found num new op-mutexes 0

[t=8.28141s, 465792 KB] In ts_2_4 of size 2 found num new op-mutexes 0

[t=9.06892s, 465792 KB] In ts_2_5 of size 2 found num new op-mutexes 0

[t=9.92708s, 465792 KB] In ts_2_6 of size 2 found num new op-mutexes 0

[t=10.7117s, 465792 KB] In ts_2_7 of size 2 found num new op-mutexes 0

[t=10.7127s, 465792 KB] In ts_2_8 of size 2 found num new op-mutexes 0

[t=10.7135s, 465792 KB] In ts_2_9 of size 2 found num new op-mutexes 0

[t=10.7143s, 465792 KB] In ts_2_10 of size 2 found num new op-mutexes 0

[t=10.715s, 465792 KB] In ts_2_11 of size 2 found num new op-mutexes 0

[t=10.7158s, 465792 KB] In ts_2_12 of size 2 found num new op-mutexes 0

[t=10.7165s, 465792 KB] In ts_2_13 of size 2 found num new op-mutexes 0

[t=10.7172s, 465792 KB] In ts_2_14 of size 2 found num new op-mutexes 0

[t=10.718s, 465792 KB] In ts_2_15 of size 2 found num new op-mutexes 0

[t=10.7187s, 465792 KB] In ts_2_16 of size 2 found num new op-mutexes 0

[t=10.7194s, 465792 KB] In ts_2_17 of size 2 found num new op-mutexes 0

[t=10.7203s, 465792 KB] In ts_2_24 of size 5 found num new op-mutexes 0
[t=10.7205s, 465792 KB] Operator mutex finished iteration 2. Found an additional 0 operator mutexes

[t=10.7205s, 465792 KB] Next pair of indices: (24, 17)
[t=10.7205s, 465792 KB] M&S algorithm main loop timer: 10.6451s (after computation of next merge)
[t=10.7211s, 465792 KB] M&S algorithm main loop timer: 10.6458s (after merging)
[t=10.7212s, 465792 KB] M&S algorithm main loop timer: 10.6458s (after pruning)

[t=10.7213s, 465792 KB] Operator mutex starting iteration 3

[t=10.7247s, 465792 KB] In ts_3_0 of size 2 found num new op-mutexes 0

[t=10.7255s, 465792 KB] In ts_3_1 of size 2 found num new op-mutexes 0

[t=10.7262s, 465792 KB] In ts_3_2 of size 2 found num new op-mutexes 0

[t=10.727s, 465792 KB] In ts_3_3 of size 2 found num new op-mutexes 0

[t=11.5186s, 465792 KB] In ts_3_4 of size 2 found num new op-mutexes 0

[t=12.2963s, 465792 KB] In ts_3_5 of size 2 found num new op-mutexes 0

[t=13.1424s, 465792 KB] In ts_3_6 of size 2 found num new op-mutexes 0

[t=13.926s, 465792 KB] In ts_3_7 of size 2 found num new op-mutexes 0

[t=13.927s, 465792 KB] In ts_3_8 of size 2 found num new op-mutexes 0

[t=13.9279s, 465792 KB] In ts_3_9 of size 2 found num new op-mutexes 0

[t=13.9286s, 465792 KB] In ts_3_10 of size 2 found num new op-mutexes 0

[t=13.9294s, 465792 KB] In ts_3_11 of size 2 found num new op-mutexes 0

[t=13.9301s, 465792 KB] In ts_3_12 of size 2 found num new op-mutexes 0

[t=13.9309s, 465792 KB] In ts_3_13 of size 2 found num new op-mutexes 0

[t=13.9316s, 465792 KB] In ts_3_14 of size 2 found num new op-mutexes 0

[t=13.9323s, 465792 KB] In ts_3_15 of size 2 found num new op-mutexes 0

[t=13.9331s, 465792 KB] In ts_3_16 of size 2 found num new op-mutexes 0

[t=13.9339s, 465792 KB] In ts_3_25 of size 6 found num new op-mutexes 0
[t=13.934s, 465792 KB] Operator mutex finished iteration 3. Found an additional 0 operator mutexes

[t=13.9341s, 465792 KB] Next pair of indices: (25, 16)
[t=13.9341s, 465792 KB] M&S algorithm main loop timer: 13.8587s (after computation of next merge)
[t=13.9347s, 465792 KB] M&S algorithm main loop timer: 13.8594s (after merging)
[t=13.9349s, 465792 KB] M&S algorithm main loop timer: 13.8595s (after pruning)

[t=13.9349s, 465792 KB] Operator mutex starting iteration 4

[t=13.9384s, 465792 KB] In ts_4_0 of size 2 found num new op-mutexes 0

[t=13.9392s, 465792 KB] In ts_4_1 of size 2 found num new op-mutexes 0

[t=13.94s, 465792 KB] In ts_4_2 of size 2 found num new op-mutexes 0

[t=13.9407s, 465792 KB] In ts_4_3 of size 2 found num new op-mutexes 0

[t=14.7332s, 465792 KB] In ts_4_4 of size 2 found num new op-mutexes 0

[t=15.5111s, 465792 KB] In ts_4_5 of size 2 found num new op-mutexes 0

[t=16.3568s, 465792 KB] In ts_4_6 of size 2 found num new op-mutexes 0

[t=17.1404s, 465792 KB] In ts_4_7 of size 2 found num new op-mutexes 0

[t=17.1415s, 465792 KB] In ts_4_8 of size 2 found num new op-mutexes 0

[t=17.1423s, 465792 KB] In ts_4_9 of size 2 found num new op-mutexes 0

[t=17.1431s, 465792 KB] In ts_4_10 of size 2 found num new op-mutexes 0

[t=17.1438s, 465792 KB] In ts_4_11 of size 2 found num new op-mutexes 0

[t=17.1446s, 465792 KB] In ts_4_12 of size 2 found num new op-mutexes 0

[t=17.1453s, 465792 KB] In ts_4_13 of size 2 found num new op-mutexes 0

[t=17.1461s, 465792 KB] In ts_4_14 of size 2 found num new op-mutexes 0

[t=17.1468s, 465792 KB] In ts_4_15 of size 2 found num new op-mutexes 0

[t=17.1484s, 465792 KB] In ts_4_26 of size 6 found num new op-mutexes 0
[t=17.1485s, 465792 KB] Operator mutex finished iteration 4. Found an additional 0 operator mutexes

[t=17.1486s, 465792 KB] Next pair of indices: (26, 15)
[t=17.1486s, 465792 KB] M&S algorithm main loop timer: 17.0732s (after computation of next merge)
[t=17.1493s, 465792 KB] M&S algorithm main loop timer: 17.0739s (after merging)
[t=17.1494s, 465792 KB] M&S algorithm main loop timer: 17.074s (after pruning)

[t=17.1494s, 465792 KB] Operator mutex starting iteration 5

[t=17.1529s, 465792 KB] In ts_5_0 of size 2 found num new op-mutexes 0

[t=17.1538s, 465792 KB] In ts_5_1 of size 2 found num new op-mutexes 0

[t=17.1545s, 465792 KB] In ts_5_2 of size 2 found num new op-mutexes 0

[t=17.1553s, 465792 KB] In ts_5_3 of size 2 found num new op-mutexes 0

[t=17.9453s, 465792 KB] In ts_5_4 of size 2 found num new op-mutexes 0

[t=18.7238s, 465792 KB] In ts_5_5 of size 2 found num new op-mutexes 0

[t=19.5727s, 465792 KB] In ts_5_6 of size 2 found num new op-mutexes 0

[t=20.3579s, 465792 KB] In ts_5_7 of size 2 found num new op-mutexes 0

[t=20.3589s, 465792 KB] In ts_5_8 of size 2 found num new op-mutexes 0

[t=20.3597s, 465792 KB] In ts_5_9 of size 2 found num new op-mutexes 0

[t=20.3604s, 465792 KB] In ts_5_10 of size 2 found num new op-mutexes 0

[t=20.3612s, 465792 KB] In ts_5_11 of size 2 found num new op-mutexes 0

[t=20.3619s, 465792 KB] In ts_5_12 of size 2 found num new op-mutexes 0

[t=20.3627s, 465792 KB] In ts_5_13 of size 2 found num new op-mutexes 0

[t=20.3634s, 465792 KB] In ts_5_14 of size 2 found num new op-mutexes 0

[t=20.3642s, 465792 KB] In ts_5_27 of size 10 found num new op-mutexes 0
[t=20.3644s, 465792 KB] Operator mutex finished iteration 5. Found an additional 0 operator mutexes

[t=20.3644s, 465792 KB] Next pair of indices: (27, 14)
[t=20.3644s, 465792 KB] M&S algorithm main loop timer: 20.289s (after computation of next merge)
[t=20.3651s, 465792 KB] M&S algorithm main loop timer: 20.2897s (after merging)
[t=20.3653s, 465792 KB] M&S algorithm main loop timer: 20.2899s (after pruning)

[t=20.3654s, 465792 KB] Operator mutex starting iteration 6

[t=20.3688s, 465792 KB] In ts_6_0 of size 2 found num new op-mutexes 0

[t=20.3696s, 465792 KB] In ts_6_1 of size 2 found num new op-mutexes 0

[t=20.3703s, 465792 KB] In ts_6_2 of size 2 found num new op-mutexes 0

[t=20.3711s, 465792 KB] In ts_6_3 of size 2 found num new op-mutexes 0

[t=21.1604s, 465792 KB] In ts_6_4 of size 2 found num new op-mutexes 0

[t=21.9368s, 465792 KB] In ts_6_5 of size 2 found num new op-mutexes 0

[t=22.7831s, 465792 KB] In ts_6_6 of size 2 found num new op-mutexes 0

[t=23.5649s, 465792 KB] In ts_6_7 of size 2 found num new op-mutexes 0

[t=23.5658s, 465792 KB] In ts_6_8 of size 2 found num new op-mutexes 0

[t=23.5666s, 465792 KB] In ts_6_9 of size 2 found num new op-mutexes 0

[t=23.5674s, 465792 KB] In ts_6_10 of size 2 found num new op-mutexes 0

[t=23.5681s, 465792 KB] In ts_6_11 of size 2 found num new op-mutexes 0

[t=23.5688s, 465792 KB] In ts_6_12 of size 2 found num new op-mutexes 0

[t=23.5696s, 465792 KB] In ts_6_13 of size 2 found num new op-mutexes 0

[t=41.1862s, 1756496 KB] In ts_6_28 of size 3 found num new op-mutexes 26246400
[t=41.1865s, 1756496 KB] Operator mutex finished iteration 6. Found an additional 26246400 operator mutexes

[t=41.1865s, 1756496 KB] Next pair of indices: (28, 13)
[t=41.1865s, 1756496 KB] M&S algorithm main loop timer: 41.1111s (after computation of next merge)
[t=41.1873s, 1756496 KB] M&S algorithm main loop timer: 41.1119s (after merging)
[t=41.1874s, 1756496 KB] M&S algorithm main loop timer: 41.112s (after pruning)

[t=41.1874s, 1756496 KB] Operator mutex starting iteration 7

[t=41.1904s, 1756496 KB] In ts_7_0 of size 2 found num new op-mutexes 0

[t=41.1912s, 1756496 KB] In ts_7_1 of size 2 found num new op-mutexes 0

[t=41.192s, 1756496 KB] In ts_7_2 of size 2 found num new op-mutexes 0

[t=41.1928s, 1756496 KB] In ts_7_3 of size 2 found num new op-mutexes 0

[t=42.0095s, 1756496 KB] In ts_7_4 of size 2 found num new op-mutexes 0

[t=42.8241s, 1756496 KB] In ts_7_5 of size 2 found num new op-mutexes 0

[t=43.6261s, 1756496 KB] In ts_7_6 of size 2 found num new op-mutexes 0

[t=44.4496s, 1756496 KB] In ts_7_7 of size 2 found num new op-mutexes 0

[t=44.4507s, 1756496 KB] In ts_7_8 of size 2 found num new op-mutexes 0

[t=44.4515s, 1756496 KB] In ts_7_9 of size 2 found num new op-mutexes 0

[t=44.4523s, 1756496 KB] In ts_7_10 of size 2 found num new op-mutexes 0

[t=44.453s, 1756496 KB] In ts_7_11 of size 2 found num new op-mutexes 0

[t=44.4538s, 1756496 KB] In ts_7_12 of size 2 found num new op-mutexes 0

[t=57.1702s, 1756496 KB] In ts_7_29 of size 3 found num new op-mutexes 0
[t=57.1704s, 1756496 KB] Operator mutex finished iteration 7. Found an additional 0 operator mutexes

[t=57.1705s, 1756496 KB] Next pair of indices: (29, 12)
[t=57.1705s, 1756496 KB] M&S algorithm main loop timer: 57.0951s (after computation of next merge)
[t=57.1713s, 1756496 KB] M&S algorithm main loop timer: 57.0959s (after merging)
[t=57.1713s, 1756496 KB] M&S algorithm main loop timer: 57.0959s (after pruning)

[t=57.1714s, 1756496 KB] Operator mutex starting iteration 8

[t=57.1745s, 1756496 KB] In ts_8_0 of size 2 found num new op-mutexes 0

[t=57.1754s, 1756496 KB] In ts_8_1 of size 2 found num new op-mutexes 0

[t=57.1762s, 1756496 KB] In ts_8_2 of size 2 found num new op-mutexes 0

[t=57.1769s, 1756496 KB] In ts_8_3 of size 2 found num new op-mutexes 0

[t=57.9883s, 1756496 KB] In ts_8_4 of size 2 found num new op-mutexes 0

[t=58.7999s, 1756496 KB] In ts_8_5 of size 2 found num new op-mutexes 0

[t=59.5978s, 1756496 KB] In ts_8_6 of size 2 found num new op-mutexes 0

[t=60.412s, 1756496 KB] In ts_8_7 of size 2 found num new op-mutexes 0

[t=60.4131s, 1756496 KB] In ts_8_8 of size 2 found num new op-mutexes 0

[t=60.4139s, 1756496 KB] In ts_8_9 of size 2 found num new op-mutexes 0

[t=60.4147s, 1756496 KB] In ts_8_10 of size 2 found num new op-mutexes 0

[t=60.4154s, 1756496 KB] In ts_8_11 of size 2 found num new op-mutexes 0

[t=73.5423s, 1756496 KB] In ts_8_30 of size 3 found num new op-mutexes 0
[t=73.5425s, 1756496 KB] Operator mutex finished iteration 8. Found an additional 0 operator mutexes

[t=73.5425s, 1756496 KB] Next pair of indices: (30, 11)
[t=73.5426s, 1756496 KB] M&S algorithm main loop timer: 73.4672s (after computation of next merge)
[t=73.5433s, 1756496 KB] M&S algorithm main loop timer: 73.468s (after merging)
[t=73.5436s, 1756496 KB] M&S algorithm main loop timer: 73.4683s (after pruning)

[t=73.5437s, 1756496 KB] Operator mutex starting iteration 9

[t=73.5468s, 1756496 KB] In ts_9_0 of size 2 found num new op-mutexes 0

[t=73.5477s, 1756496 KB] In ts_9_1 of size 2 found num new op-mutexes 0

[t=73.5484s, 1756496 KB] In ts_9_2 of size 2 found num new op-mutexes 0

[t=73.5491s, 1756496 KB] In ts_9_3 of size 2 found num new op-mutexes 0

[t=74.3719s, 1756496 KB] In ts_9_4 of size 2 found num new op-mutexes 0

[t=75.1898s, 1756496 KB] In ts_9_5 of size 2 found num new op-mutexes 0

[t=75.9983s, 1756496 KB] In ts_9_6 of size 2 found num new op-mutexes 0

[t=76.8225s, 1756496 KB] In ts_9_7 of size 2 found num new op-mutexes 0

[t=76.8235s, 1756496 KB] In ts_9_8 of size 2 found num new op-mutexes 0

[t=76.8243s, 1756496 KB] In ts_9_9 of size 2 found num new op-mutexes 0

[t=76.825s, 1756496 KB] In ts_9_10 of size 2 found num new op-mutexes 0

[t=90.1742s, 1756496 KB] In ts_9_31 of size 3 found num new op-mutexes 9600
[t=90.1744s, 1756496 KB] Operator mutex finished iteration 9. Found an additional 9600 operator mutexes

[t=90.1745s, 1756496 KB] Next pair of indices: (31, 10)
[t=90.1745s, 1756496 KB] M&S algorithm main loop timer: 90.0991s (after computation of next merge)
[t=90.1752s, 1756496 KB] M&S algorithm main loop timer: 90.0999s (after merging)
[t=90.1755s, 1756496 KB] M&S algorithm main loop timer: 90.1002s (after pruning)

[t=90.1756s, 1756496 KB] Operator mutex starting iteration 10

[t=90.1789s, 1756496 KB] In ts_10_0 of size 2 found num new op-mutexes 0

[t=90.1799s, 1756496 KB] In ts_10_1 of size 2 found num new op-mutexes 0

[t=90.1806s, 1756496 KB] In ts_10_2 of size 2 found num new op-mutexes 0

[t=90.1814s, 1756496 KB] In ts_10_3 of size 2 found num new op-mutexes 0

[t=91.0014s, 1756496 KB] In ts_10_4 of size 2 found num new op-mutexes 0

[t=91.8231s, 1756496 KB] In ts_10_5 of size 2 found num new op-mutexes 0

[t=92.6292s, 1756496 KB] In ts_10_6 of size 2 found num new op-mutexes 0

[t=93.4494s, 1756496 KB] In ts_10_7 of size 2 found num new op-mutexes 0

[t=93.4504s, 1756496 KB] In ts_10_8 of size 2 found num new op-mutexes 0

[t=93.4512s, 1756496 KB] In ts_10_9 of size 2 found num new op-mutexes 0

[t=120.258s, 1756496 KB] In ts_10_32 of size 3 found num new op-mutexes 3840
[t=120.258s, 1756496 KB] Operator mutex finished iteration 10. Found an additional 3840 operator mutexes

[t=120.258s, 1756496 KB] Next pair of indices: (32, 9)
[t=120.258s, 1756496 KB] M&S algorithm main loop timer: 120.183s (after computation of next merge)
[t=120.259s, 1756496 KB] M&S algorithm main loop timer: 120.183s (after merging)
[t=120.259s, 1756496 KB] M&S algorithm main loop timer: 120.184s (after pruning)

[t=120.259s, 1756496 KB] Operator mutex starting iteration 11

[t=120.262s, 1756496 KB] In ts_11_0 of size 2 found num new op-mutexes 0

[t=120.263s, 1756496 KB] In ts_11_1 of size 2 found num new op-mutexes 0

[t=120.264s, 1756496 KB] In ts_11_2 of size 2 found num new op-mutexes 0

[t=120.264s, 1756496 KB] In ts_11_3 of size 2 found num new op-mutexes 0

[t=121.086s, 1756496 KB] In ts_11_4 of size 2 found num new op-mutexes 0

[t=121.904s, 1756496 KB] In ts_11_5 of size 2 found num new op-mutexes 0

[t=122.709s, 1756496 KB] In ts_11_6 of size 2 found num new op-mutexes 0

[t=123.531s, 1756496 KB] In ts_11_7 of size 2 found num new op-mutexes 0

[t=123.532s, 1756496 KB] In ts_11_8 of size 2 found num new op-mutexes 0

[t=136.751s, 1756496 KB] In ts_11_33 of size 3 found num new op-mutexes 2880
[t=136.751s, 1756496 KB] Operator mutex finished iteration 11. Found an additional 2880 operator mutexes

[t=136.751s, 1756496 KB] Next pair of indices: (33, 8)
[t=136.751s, 1756496 KB] M&S algorithm main loop timer: 136.676s (after computation of next merge)
[t=136.752s, 1756496 KB] M&S algorithm main loop timer: 136.677s (after merging)
[t=136.752s, 1756496 KB] M&S algorithm main loop timer: 136.677s (after pruning)

[t=136.752s, 1756496 KB] Operator mutex starting iteration 12

[t=136.755s, 1756496 KB] In ts_12_0 of size 2 found num new op-mutexes 0

[t=136.756s, 1756496 KB] In ts_12_1 of size 2 found num new op-mutexes 0

[t=136.757s, 1756496 KB] In ts_12_2 of size 2 found num new op-mutexes 0

[t=136.758s, 1756496 KB] In ts_12_3 of size 2 found num new op-mutexes 0

[t=137.586s, 1756496 KB] In ts_12_4 of size 2 found num new op-mutexes 0

[t=138.402s, 1756496 KB] In ts_12_5 of size 2 found num new op-mutexes 0

[t=139.205s, 1756496 KB] In ts_12_6 of size 2 found num new op-mutexes 0

[t=140.026s, 1756496 KB] In ts_12_7 of size 2 found num new op-mutexes 0

[t=153.249s, 1756496 KB] In ts_12_34 of size 3 found num new op-mutexes 1920
[t=153.249s, 1756496 KB] Operator mutex finished iteration 12. Found an additional 1920 operator mutexes

[t=153.249s, 1756496 KB] Next pair of indices: (34, 7)
[t=153.249s, 1756496 KB] M&S algorithm main loop timer: 153.174s (after computation of next merge)
[t=153.25s, 1756496 KB] M&S algorithm main loop timer: 153.174s (after merging)
[t=153.25s, 1756496 KB] M&S algorithm main loop timer: 153.174s (after pruning)

[t=153.25s, 1756496 KB] Operator mutex starting iteration 13

[t=153.253s, 1756496 KB] In ts_13_0 of size 2 found num new op-mutexes 0

[t=153.254s, 1756496 KB] In ts_13_1 of size 2 found num new op-mutexes 0

[t=153.255s, 1756496 KB] In ts_13_2 of size 2 found num new op-mutexes 0

[t=153.255s, 1756496 KB] In ts_13_3 of size 2 found num new op-mutexes 0

[t=154.066s, 1756496 KB] In ts_13_4 of size 2 found num new op-mutexes 0

[t=154.872s, 1756496 KB] In ts_13_5 of size 2 found num new op-mutexes 0

[t=155.665s, 1756496 KB] In ts_13_6 of size 2 found num new op-mutexes 0

[t=168.441s, 1756496 KB] In ts_13_35 of size 3 found num new op-mutexes 0
[t=168.441s, 1756496 KB] Operator mutex finished iteration 13. Found an additional 0 operator mutexes

[t=168.441s, 1756496 KB] Next pair of indices: (35, 6)
[t=168.441s, 1756496 KB] M&S algorithm main loop timer: 168.366s (after computation of next merge)
[t=168.442s, 1756496 KB] M&S algorithm main loop timer: 168.367s (after merging)
[t=168.442s, 1756496 KB] M&S algorithm main loop timer: 168.367s (after pruning)

[t=168.442s, 1756496 KB] Operator mutex starting iteration 14

[t=168.445s, 1756496 KB] In ts_14_0 of size 2 found num new op-mutexes 0

[t=168.446s, 1756496 KB] In ts_14_1 of size 2 found num new op-mutexes 0

[t=168.447s, 1756496 KB] In ts_14_2 of size 2 found num new op-mutexes 0

[t=168.448s, 1756496 KB] In ts_14_3 of size 2 found num new op-mutexes 0

[t=169.25s, 1756496 KB] In ts_14_4 of size 2 found num new op-mutexes 0

[t=170.059s, 1756496 KB] In ts_14_5 of size 2 found num new op-mutexes 0

[t=183.07s, 1756496 KB] In ts_14_36 of size 3 found num new op-mutexes 0
[t=183.07s, 1756496 KB] Operator mutex finished iteration 14. Found an additional 0 operator mutexes

[t=183.07s, 1756496 KB] Next pair of indices: (36, 5)
[t=183.07s, 1756496 KB] M&S algorithm main loop timer: 182.995s (after computation of next merge)
[t=183.071s, 1756496 KB] M&S algorithm main loop timer: 182.996s (after merging)
[t=183.071s, 1756496 KB] M&S algorithm main loop timer: 182.996s (after pruning)

[t=183.071s, 1756496 KB] Operator mutex starting iteration 15

[t=183.074s, 1756496 KB] In ts_15_0 of size 2 found num new op-mutexes 0

[t=183.075s, 1756496 KB] In ts_15_1 of size 2 found num new op-mutexes 0

[t=183.076s, 1756496 KB] In ts_15_2 of size 2 found num new op-mutexes 0

[t=183.077s, 1756496 KB] In ts_15_3 of size 2 found num new op-mutexes 0

[t=183.904s, 1756496 KB] In ts_15_4 of size 2 found num new op-mutexes 0

[t=196.793s, 1756496 KB] In ts_15_37 of size 3 found num new op-mutexes 0
[t=196.794s, 1756496 KB] Operator mutex finished iteration 15. Found an additional 0 operator mutexes

[t=196.794s, 1756496 KB] Next pair of indices: (37, 4)
[t=196.794s, 1756496 KB] M&S algorithm main loop timer: 196.718s (after computation of next merge)
[t=196.794s, 1756496 KB] M&S algorithm main loop timer: 196.719s (after merging)
[t=196.795s, 1756496 KB] M&S algorithm main loop timer: 196.719s (after pruning)

[t=196.795s, 1756496 KB] Operator mutex starting iteration 16

[t=196.798s, 1756496 KB] In ts_16_0 of size 2 found num new op-mutexes 0

[t=196.798s, 1756496 KB] In ts_16_1 of size 2 found num new op-mutexes 0

[t=196.799s, 1756496 KB] In ts_16_2 of size 2 found num new op-mutexes 0

[t=196.8s, 1756496 KB] In ts_16_3 of size 2 found num new op-mutexes 0

[t=209.753s, 1756496 KB] In ts_16_38 of size 3 found num new op-mutexes 0
[t=209.753s, 1756496 KB] Operator mutex finished iteration 16. Found an additional 0 operator mutexes

[t=209.753s, 1756496 KB] Next pair of indices: (38, 3)
[t=209.753s, 1756496 KB] M&S algorithm main loop timer: 209.677s (after computation of next merge)
[t=209.754s, 1756496 KB] M&S algorithm main loop timer: 209.678s (after merging)
[t=209.754s, 1756496 KB] M&S algorithm main loop timer: 209.679s (after pruning)

[t=209.754s, 1756496 KB] Operator mutex starting iteration 17

[t=209.757s, 1756496 KB] In ts_17_0 of size 2 found num new op-mutexes 0

[t=209.758s, 1756496 KB] In ts_17_1 of size 2 found num new op-mutexes 0

[t=209.759s, 1756496 KB] In ts_17_2 of size 2 found num new op-mutexes 0

[t=223.591s, 1756496 KB] In ts_17_39 of size 3 found num new op-mutexes 384
[t=223.591s, 1756496 KB] Operator mutex finished iteration 17. Found an additional 384 operator mutexes

[t=223.592s, 1756496 KB] Next pair of indices: (39, 2)
[t=223.592s, 1756496 KB] M&S algorithm main loop timer: 223.516s (after computation of next merge)
[t=223.592s, 1756496 KB] M&S algorithm main loop timer: 223.517s (after merging)
[t=223.593s, 1756496 KB] M&S algorithm main loop timer: 223.517s (after pruning)

[t=223.593s, 1756496 KB] Operator mutex starting iteration 18

[t=223.596s, 1756496 KB] In ts_18_0 of size 2 found num new op-mutexes 0

[t=223.597s, 1756496 KB] In ts_18_1 of size 2 found num new op-mutexes 0

[t=238.961s, 1756496 KB] In ts_18_40 of size 3 found num new op-mutexes 288
[t=238.962s, 1756496 KB] Operator mutex finished iteration 18. Found an additional 288 operator mutexes

[t=238.962s, 1756496 KB] Next pair of indices: (40, 1)
[t=238.962s, 1756496 KB] M&S algorithm main loop timer: 238.886s (after computation of next merge)
[t=238.963s, 1756496 KB] M&S algorithm main loop timer: 238.887s (after merging)
[t=238.963s, 1756496 KB] M&S algorithm main loop timer: 238.888s (after pruning)

[t=238.963s, 1756496 KB] Operator mutex starting iteration 19

[t=238.966s, 1756496 KB] In ts_19_0 of size 2 found num new op-mutexes 0

[t=254.411s, 1756496 KB] In ts_19_41 of size 3 found num new op-mutexes 192
[t=254.411s, 1756496 KB] Operator mutex finished iteration 19. Found an additional 192 operator mutexes

[t=254.411s, 1756496 KB] Next pair of indices: (41, 0)
[t=254.411s, 1756496 KB] M&S algorithm main loop timer: 254.336s (after computation of next merge)
[t=254.412s, 1756496 KB] M&S algorithm main loop timer: 254.337s (after merging)
[t=254.412s, 1756496 KB] M&S algorithm main loop timer: 254.337s (after pruning)

[t=254.412s, 1756496 KB] Operator mutex starting iteration 20

[t=269.758s, 1756496 KB] In ts_20_42 of size 3 found num new op-mutexes 0
[t=269.759s, 1756496 KB] Operator mutex finished iteration 20. Found an additional 0 operator mutexes

[t=269.759s, 1756496 KB] End of merge-and-shrink algorithm, statistics:
[t=269.759s, 1756496 KB] Main loop runtime: 269.683s
[t=269.759s, 1756496 KB] Maximum intermediate abstraction size: 20
[t=269.759s, 1756496 KB] Final peak memory increase of merge-and-shrink algorithm: 1730308 KB
[t=269.759s, 1756496 KB] Merge-and-shrink algorithm runtime: 269.704s

[t=269.759s, 1756496 KB] Number of labels: 5880
[t=269.759s, 1756496 KB] Total number of operator mutexes: 34574304
[t=269.759s, 1756496 KB] Operator Mutex total time: 269.632s
[t=269.759s, 1756496 KB] Number of remaining factors: 1
[t=269.759s, 1756496 KB] Number of factors kept: 1
[t=269.759s, 1756496 KB] Done initializing merge-and-shrink heuristic.

[t=271.698s, 1756496 KB] Building successor generator...done!
[t=273.768s, 1756496 KB] peak memory difference for successor generator creation: 0 KB
[t=273.768s, 1756496 KB] time for successor generation creation: 0.00699306s
[t=273.768s, 1756496 KB] Variables: 22
[t=273.768s, 1756496 KB] FactPairs: 44
[t=273.768s, 1756496 KB] Bytes per state: 4
[t=273.768s, 1756496 KB] Conducting best first search with reopening closed nodes, (real) bound = 2147483647
[t=273.768s, 1756496 KB] New best heuristic value for merge_and_shrink(op_mutex = op_mutex(use_previous_ops = nopo, reachability_strategy = goal), merge_strategy = merge_sccs(order_of_sccs = topological, merge_tree = linear), shrink_strategy = shrink_bisimulation(greedy = false, at_limit = return)): 2
[t=273.768s, 1756496 KB] g=0, 1 evaluated, 0 expanded
[t=273.769s, 1756496 KB] f = 2, 1 evaluated, 0 expanded
[t=273.769s, 1756496 KB] Initial heuristic value for merge_and_shrink(op_mutex = op_mutex(use_previous_ops = nopo, reachability_strategy = goal), merge_strategy = merge_sccs(order_of_sccs = topological, merge_tree = linear), shrink_strategy = shrink_bisimulation(greedy = false, at_limit = return)): 2
[t=273.769s, 1756496 KB] pruning method: none
[t=273.769s, 1756496 KB] New best heuristic value for merge_and_shrink(op_mutex = op_mutex(use_previous_ops = nopo, reachability_strategy = goal), merge_strategy = merge_sccs(order_of_sccs = topological, merge_tree = linear), shrink_strategy = shrink_bisimulation(greedy = false, at_limit = return)): 1
[t=273.769s, 1756496 KB] g=1, 2 evaluated, 1 expanded
[t=273.769s, 1756496 KB] New best heuristic value for merge_and_shrink(op_mutex = op_mutex(use_previous_ops = nopo, reachability_strategy = goal), merge_strategy = merge_sccs(order_of_sccs = topological, merge_tree = linear), shrink_strategy = shrink_bisimulation(greedy = false, at_limit = return)): 0
[t=273.769s, 1756496 KB] g=2, 3 evaluated, 2 expanded
[t=273.769s, 1756496 KB] Solution found!
[t=273.769s, 1756496 KB] Actual search time: 0.0001893s
imineformation c17 o7 h50 n1 h51 c3 h24 h26 (1)
iminereductiontoamine al1 h50 o7 n1 c17 h15 c3 h24 h26 h51 h16 h17 h18 li1 (1)
[t=273.769s, 1756496 KB] Plan length: 2 step(s).
[t=273.769s, 1756496 KB] Plan cost: 2
[t=273.769s, 1756496 KB] Expanded 3 state(s).
[t=273.769s, 1756496 KB] Reopened 0 state(s).
[t=273.769s, 1756496 KB] Evaluated 10 state(s).
[t=273.769s, 1756496 KB] Evaluations: 10
[t=273.769s, 1756496 KB] Generated 100 state(s).
[t=273.769s, 1756496 KB] Dead ends: 7 state(s).
[t=273.769s, 1756496 KB] Expanded until last jump: 0 state(s).
[t=273.769s, 1756496 KB] Reopened until last jump: 0 state(s).
[t=273.769s, 1756496 KB] Evaluated until last jump: 1 state(s).
[t=273.769s, 1756496 KB] Generated until last jump: 0 state(s).
[t=273.769s, 1756496 KB] Number of registered states: 10
[t=273.769s, 1756496 KB] Int hash set load factor: 10/16 = 0.625
[t=273.769s, 1756496 KB] Int hash set resizes: 4
[t=273.769s, 1756496 KB] Search time: 0.00038232s
[t=273.769s, 1756496 KB] Total time: 273.769s
Solution found.
Peak memory: 1756496 KB
Remove intermediate file output.sas
search exit code: 0

INFO     Running validate.
INFO     validate stdin: None
INFO     validate time limit: None
INFO     validate memory limit: None
INFO     validate command line string: validate domain.pddl problem.pddl sas_plan
Checking plan: sas_plan
Plan executed successfully - checking goal
Plan valid
Final value: 2 

Successful plans:
Value: 2
 sas_plan 2 

validate exit code: 0

