INFO     Running translator.
INFO     translator stdin: None
INFO     translator time limit: 599.97s
INFO     translator memory limit: 7000 MB
INFO     translator command line string: /usr/bin/python3 /user/student.aau.dk/lkar18/downward-projects/downward/experiments/nopo_vs_nasutpo_195p/data/nopo_vs_nasutpo/code-94571df14dfaf5b06207d9589b12facdd93f580c_e5e41175/builds/release/bin/translate/translate.py domain.pddl problem.pddl --sas-file output.sas
Parsing...
Parsing: [0.010s CPU, 0.012s wall-clock]
Normalizing task... [0.000s CPU, 0.000s wall-clock]
Instantiating...
Generating Datalog program... [0.010s CPU, 0.004s wall-clock]
Normalizing Datalog program...
Normalizing Datalog program: [0.000s CPU, 0.002s wall-clock]
Preparing model... [0.020s CPU, 0.017s wall-clock]
Generated 23 rules.
Computing model... [0.050s CPU, 0.055s wall-clock]
3101 relevant atoms
5231 auxiliary atoms
8332 final queue length
9881 total queue pushes
Completing instantiation... [0.040s CPU, 0.036s wall-clock]
Instantiating: [0.120s CPU, 0.115s wall-clock]
Computing fact groups...
Finding invariants...
9 initial candidates
Finding invariants: [0.000s CPU, 0.003s wall-clock]
Checking invariant weight... [0.000s CPU, 0.001s wall-clock]
Instantiating groups... [0.000s CPU, 0.001s wall-clock]
Collecting mutex groups... [0.000s CPU, 0.000s wall-clock]
Choosing groups...
0 uncovered facts
Choosing groups: [0.000s CPU, 0.000s wall-clock]
Building translation key... [0.000s CPU, 0.000s wall-clock]
Computing fact groups: [0.000s CPU, 0.006s wall-clock]
Building STRIPS to SAS dictionary... [0.000s CPU, 0.000s wall-clock]
Building dictionary for full mutex groups... [0.000s CPU, 0.000s wall-clock]
Building mutex information...
Building mutex information: [0.000s CPU, 0.000s wall-clock]
Translating task...
Processing axioms...
Simplifying axioms... [0.000s CPU, 0.000s wall-clock]
Translator axioms removed by simplifying: 0
Computing negative axioms... [0.000s CPU, 0.000s wall-clock]
Processing axioms: [0.010s CPU, 0.001s wall-clock]
Translating task: [0.030s CPU, 0.025s wall-clock]
0 effect conditions simplified
0 implied preconditions added
Detecting unreachable propositions...
0 operators removed
0 axioms removed
7 propositions removed
Detecting unreachable propositions: [0.010s CPU, 0.013s wall-clock]
Reordering and filtering variables...
7 of 7 variables necessary.
0 of 7 mutex groups necessary.
850 of 850 operators necessary.
0 of 0 axiom rules necessary.
Reordering and filtering variables: [0.010s CPU, 0.003s wall-clock]
Translator variables: 7
Translator derived variables: 0
Translator facts: 98
Translator goal facts: 5
Translator mutex groups: 0
Translator total mutex groups size: 0
Translator operators: 850
Translator axioms: 0
Translator task size: 4300
Translator peak memory: 46840 KB
Writing output... [0.010s CPU, 0.008s wall-clock]
Done! [0.190s CPU, 0.184s wall-clock]
translate exit code: 0

INFO     Running search (release).
INFO     search stdin: output.sas
INFO     search time limit: 599.74s
INFO     search memory limit: 7000 MB
INFO     search command line string: /user/student.aau.dk/lkar18/downward-projects/downward/experiments/nopo_vs_nasutpo_195p/data/nopo_vs_nasutpo/code-94571df14dfaf5b06207d9589b12facdd93f580c_e5e41175/builds/release/bin/downward --search 'astar(merge_and_shrink(op_mutex=op_mutex(use_previous_ops=NoPO, reachability_strategy=goal), merge_strategy=merge_sccs(order_of_sccs=topological, merge_tree=linear()), shrink_strategy=shrink_fh()))' --internal-plan-file sas_plan < output.sas
[t=4.3162e-05s, 22344 KB] reading input...
[t=0.00277671s, 22468 KB] done reading input!
[t=0.00415718s, 22864 KB] Initializing merge-and-shrink heuristic...
[t=0.00422178s, 22864 KB] Running merge-and-shrink algorithm...
[t=0.00424149s, 22864 KB] Merge strategy options:
[t=0.00426226s, 22864 KB] Type: sccs
[t=0.00428179s, 22864 KB] Merge order of sccs: topological
[t=0.00430117s, 22864 KB] Merge strategy for merging within sccs: 
[t=0.00432019s, 22864 KB] Merge tree options: 
[t=0.00433929s, 22864 KB] Type: linear
[t=0.00435838s, 22864 KB] Update option: use random
[t=0.00437816s, 22864 KB] Variable order type: CG/GOAL, tie breaking on level (main)

[t=0.0043995s, 22864 KB] Options related to size limits and shrinking: 
[t=0.00441947s, 22864 KB] Transition system size limit: 50000
[t=0.0044387s, 22864 KB] Transition system size limit right before merge: 50000
[t=0.00445757s, 22864 KB] Threshold to trigger shrinking right before merge: 1

[t=0.00447973s, 22864 KB] Pruning unreachable states: yes
[t=0.00451093s, 22864 KB] Pruning irrelevant states: yes

[t=0.00453396s, 22864 KB] Label reduction disabled

[t=0.00455597s, 22864 KB] Main loop max time in seconds: inf

[t=0.0045799s, 22864 KB] ===============================================================================
[t=0.0045997s, 22864 KB] WARNING! You did not enable label reduction.
This may drastically reduce the performance of merge-and-shrink!
[t=0.00461953s, 22864 KB] ===============================================================================

[t=0.00464122s, 22864 KB] Building atomic transition systems... 
[t=0.00582439s, 24036 KB] M&S algorithm timer: 0.00163731s (after computation of atomic factors)

[t=0.0058748s, 24036 KB] Starting main loop without a time limit.
[t=0.00590071s, 24036 KB] building causal graph...done! [t=0.000197578s]
[t=0.00610913s, 24036 KB] SCCs of the causal graph:
[t=0.00613212s, 24036 KB] [0, 1]
[t=0.00615197s, 24036 KB] [6]
[t=0.00617083s, 24036 KB] [5]
[t=0.00618947s, 24036 KB] [4]
[t=0.00620802s, 24036 KB] [3]
[t=0.00622638s, 24036 KB] [2]
[t=0.00625098s, 24036 KB] Next pair of indices: (0, 1)
[t=0.00627183s, 24036 KB] M&S algorithm main loop timer: 0.000415095s (after computation of next merge)
[t=0.00667767s, 24188 KB] M&S algorithm main loop timer: 0.000835313s (after merging)
[t=0.00737216s, 24188 KB] M&S algorithm main loop timer: 0.00152976s (after pruning)

[t=0.0074119s, 24188 KB] Operator mutex starting iteration 0

[t=0.00759162s, 24188 KB] In ts_0_2 of size 7 found num new op-mutexes 0

[t=0.00774728s, 24188 KB] In ts_0_3 of size 7 found num new op-mutexes 0

[t=0.00789872s, 24188 KB] In ts_0_4 of size 7 found num new op-mutexes 0

[t=0.00804747s, 24188 KB] In ts_0_5 of size 7 found num new op-mutexes 0

[t=0.00820926s, 24188 KB] In ts_0_6 of size 7 found num new op-mutexes 0

[t=0.21537s, 56296 KB] In ts_0_7 of size 207 found num new op-mutexes 666610
[t=0.215513s, 56296 KB] Operator mutex finished iteration 0. Found an additional 666610 operator mutexes

[t=0.215567s, 56296 KB] Next pair of indices: (6, 7)
[t=0.215591s, 56296 KB] M&S algorithm main loop timer: 0.209735s (after computation of next merge)
[t=0.216358s, 56296 KB] M&S algorithm main loop timer: 0.210538s (after merging)
[t=0.216787s, 56296 KB] M&S algorithm main loop timer: 0.210945s (after pruning)

[t=0.216827s, 56296 KB] Operator mutex starting iteration 1

[t=0.216976s, 56296 KB] In ts_1_2 of size 7 found num new op-mutexes 0

[t=0.217133s, 56296 KB] In ts_1_3 of size 7 found num new op-mutexes 0

[t=0.217286s, 56296 KB] In ts_1_4 of size 7 found num new op-mutexes 0

[t=0.217437s, 56296 KB] In ts_1_5 of size 7 found num new op-mutexes 0

[t=0.480012s, 56296 KB] In ts_1_8 of size 429 found num new op-mutexes 19680
[t=0.480176s, 56296 KB] Operator mutex finished iteration 1. Found an additional 19680 operator mutexes

[t=0.480214s, 56296 KB] Next pair of indices: (8, 5)
[t=0.480238s, 56296 KB] M&S algorithm main loop timer: 0.474382s (after computation of next merge)
[t=0.481407s, 56296 KB] M&S algorithm main loop timer: 0.475564s (after merging)
[t=0.481839s, 56296 KB] M&S algorithm main loop timer: 0.476001s (after pruning)

[t=0.481883s, 56296 KB] Operator mutex starting iteration 2

[t=0.482052s, 56296 KB] In ts_2_2 of size 7 found num new op-mutexes 0

[t=0.482207s, 56296 KB] In ts_2_3 of size 7 found num new op-mutexes 0

[t=0.482359s, 56296 KB] In ts_2_4 of size 7 found num new op-mutexes 0

[t=0.638318s, 56296 KB] In ts_2_9 of size 1290 found num new op-mutexes 716
[t=0.638468s, 56296 KB] Operator mutex finished iteration 2. Found an additional 716 operator mutexes

[t=0.638526s, 56296 KB] Next pair of indices: (9, 4)
[t=0.638557s, 56296 KB] M&S algorithm main loop timer: 0.632709s (after computation of next merge)
[t=0.64207s, 56296 KB] M&S algorithm main loop timer: 0.636234s (after merging)
[t=0.642864s, 56296 KB] M&S algorithm main loop timer: 0.637019s (after pruning)

[t=0.642902s, 56296 KB] Operator mutex starting iteration 3

[t=0.643047s, 56296 KB] In ts_3_2 of size 7 found num new op-mutexes 0

[t=0.643199s, 56296 KB] In ts_3_3 of size 7 found num new op-mutexes 0

[t=0.840587s, 56296 KB] In ts_3_10 of size 3710 found num new op-mutexes 3892
[t=0.84076s, 56296 KB] Operator mutex finished iteration 3. Found an additional 3892 operator mutexes

[t=0.840804s, 56296 KB] Next pair of indices: (10, 3)
[t=0.840832s, 56296 KB] M&S algorithm main loop timer: 0.834979s (after computation of next merge)
[t=0.850476s, 56296 KB] M&S algorithm main loop timer: 0.844645s (after merging)
[t=0.851163s, 56296 KB] M&S algorithm main loop timer: 0.845321s (after pruning)

[t=0.851204s, 56296 KB] Operator mutex starting iteration 4

[t=0.851351s, 56296 KB] In ts_4_2 of size 7 found num new op-mutexes 0

[t=1.03257s, 56296 KB] In ts_4_11 of size 1858 found num new op-mutexes 19370
[t=1.03273s, 56296 KB] Operator mutex finished iteration 4. Found an additional 19370 operator mutexes

[t=1.03277s, 56296 KB] Next pair of indices: (11, 2)
[t=1.0328s, 56296 KB] M&S algorithm main loop timer: 1.02694s (after computation of next merge)
[t=1.037s, 56296 KB] M&S algorithm main loop timer: 1.03116s (after merging)
[t=1.03769s, 56296 KB] M&S algorithm main loop timer: 1.03185s (after pruning)

[t=1.03773s, 56296 KB] Operator mutex starting iteration 5

[t=1.24302s, 56296 KB] In ts_5_12 of size 3928 found num new op-mutexes 204
[t=1.24317s, 56296 KB] Operator mutex finished iteration 5. Found an additional 204 operator mutexes

[t=1.24322s, 56296 KB] End of merge-and-shrink algorithm, statistics:
[t=1.24325s, 56296 KB] Main loop runtime: 1.2374s
[t=1.24328s, 56296 KB] Maximum intermediate abstraction size: 25970
[t=1.2433s, 56296 KB] Final peak memory increase of merge-and-shrink algorithm: 33432 KB
[t=1.24334s, 56296 KB] Merge-and-shrink algorithm runtime: 1.23914s

[t=1.24337s, 56296 KB] Number of labels: 850
[t=1.24339s, 56296 KB] Total number of operator mutexes: 710472
[t=1.24341s, 56296 KB] Operator Mutex total time: 1.21313s
[t=1.24346s, 56296 KB] Number of remaining factors: 1
[t=1.24354s, 56296 KB] Number of factors kept: 1
[t=1.24357s, 56296 KB] Done initializing merge-and-shrink heuristic.

[t=1.26368s, 56296 KB] Building successor generator...done!
[t=1.28656s, 56296 KB] peak memory difference for successor generator creation: 0 KB
[t=1.28659s, 56296 KB] time for successor generation creation: 0.000306539s
[t=1.28663s, 56296 KB] Variables: 7
[t=1.28665s, 56296 KB] FactPairs: 98
[t=1.28667s, 56296 KB] Bytes per state: 4
[t=1.2868s, 56296 KB] Conducting best first search with reopening closed nodes, (real) bound = 2147483647
[t=1.28686s, 56296 KB] New best heuristic value for merge_and_shrink(op_mutex = op_mutex(use_previous_ops = nopo, reachability_strategy = goal), merge_strategy = merge_sccs(order_of_sccs = topological, merge_tree = linear), shrink_strategy = shrink_fh): 15
[t=1.28689s, 56296 KB] g=0, 1 evaluated, 0 expanded
[t=1.28691s, 56296 KB] f = 15, 1 evaluated, 0 expanded
[t=1.28694s, 56296 KB] Initial heuristic value for merge_and_shrink(op_mutex = op_mutex(use_previous_ops = nopo, reachability_strategy = goal), merge_strategy = merge_sccs(order_of_sccs = topological, merge_tree = linear), shrink_strategy = shrink_fh): 15
[t=1.28696s, 56296 KB] pruning method: none
[t=1.287s, 56296 KB] New best heuristic value for merge_and_shrink(op_mutex = op_mutex(use_previous_ops = nopo, reachability_strategy = goal), merge_strategy = merge_sccs(order_of_sccs = topological, merge_tree = linear), shrink_strategy = shrink_fh): 14
[t=1.28703s, 56296 KB] g=1, 6 evaluated, 1 expanded
[t=1.28706s, 56296 KB] New best heuristic value for merge_and_shrink(op_mutex = op_mutex(use_previous_ops = nopo, reachability_strategy = goal), merge_strategy = merge_sccs(order_of_sccs = topological, merge_tree = linear), shrink_strategy = shrink_fh): 13
[t=1.28709s, 56296 KB] g=2, 12 evaluated, 2 expanded
[t=1.28711s, 56296 KB] New best heuristic value for merge_and_shrink(op_mutex = op_mutex(use_previous_ops = nopo, reachability_strategy = goal), merge_strategy = merge_sccs(order_of_sccs = topological, merge_tree = linear), shrink_strategy = shrink_fh): 12
[t=1.28714s, 56296 KB] g=3, 14 evaluated, 3 expanded
[t=1.28717s, 56296 KB] New best heuristic value for merge_and_shrink(op_mutex = op_mutex(use_previous_ops = nopo, reachability_strategy = goal), merge_strategy = merge_sccs(order_of_sccs = topological, merge_tree = linear), shrink_strategy = shrink_fh): 11
[t=1.28719s, 56296 KB] g=4, 20 evaluated, 4 expanded
[t=1.28723s, 56296 KB] New best heuristic value for merge_and_shrink(op_mutex = op_mutex(use_previous_ops = nopo, reachability_strategy = goal), merge_strategy = merge_sccs(order_of_sccs = topological, merge_tree = linear), shrink_strategy = shrink_fh): 10
[t=1.28725s, 56296 KB] g=5, 24 evaluated, 5 expanded
[t=1.28728s, 56296 KB] New best heuristic value for merge_and_shrink(op_mutex = op_mutex(use_previous_ops = nopo, reachability_strategy = goal), merge_strategy = merge_sccs(order_of_sccs = topological, merge_tree = linear), shrink_strategy = shrink_fh): 9
[t=1.2873s, 56296 KB] g=6, 30 evaluated, 6 expanded
[t=1.28735s, 56296 KB] New best heuristic value for merge_and_shrink(op_mutex = op_mutex(use_previous_ops = nopo, reachability_strategy = goal), merge_strategy = merge_sccs(order_of_sccs = topological, merge_tree = linear), shrink_strategy = shrink_fh): 8
[t=1.28737s, 56296 KB] g=7, 36 evaluated, 7 expanded
[t=1.28741s, 56296 KB] New best heuristic value for merge_and_shrink(op_mutex = op_mutex(use_previous_ops = nopo, reachability_strategy = goal), merge_strategy = merge_sccs(order_of_sccs = topological, merge_tree = linear), shrink_strategy = shrink_fh): 7
[t=1.28743s, 56296 KB] g=8, 42 evaluated, 8 expanded
[t=1.28746s, 56296 KB] New best heuristic value for merge_and_shrink(op_mutex = op_mutex(use_previous_ops = nopo, reachability_strategy = goal), merge_strategy = merge_sccs(order_of_sccs = topological, merge_tree = linear), shrink_strategy = shrink_fh): 6
[t=1.28748s, 56296 KB] g=9, 47 evaluated, 9 expanded
[t=1.28752s, 56296 KB] New best heuristic value for merge_and_shrink(op_mutex = op_mutex(use_previous_ops = nopo, reachability_strategy = goal), merge_strategy = merge_sccs(order_of_sccs = topological, merge_tree = linear), shrink_strategy = shrink_fh): 5
[t=1.28754s, 56296 KB] g=10, 53 evaluated, 10 expanded
[t=1.28756s, 56296 KB] New best heuristic value for merge_and_shrink(op_mutex = op_mutex(use_previous_ops = nopo, reachability_strategy = goal), merge_strategy = merge_sccs(order_of_sccs = topological, merge_tree = linear), shrink_strategy = shrink_fh): 4
[t=1.28759s, 56296 KB] g=11, 54 evaluated, 11 expanded
[t=1.28763s, 56296 KB] New best heuristic value for merge_and_shrink(op_mutex = op_mutex(use_previous_ops = nopo, reachability_strategy = goal), merge_strategy = merge_sccs(order_of_sccs = topological, merge_tree = linear), shrink_strategy = shrink_fh): 3
[t=1.28765s, 56296 KB] g=12, 64 evaluated, 12 expanded
[t=1.28768s, 56296 KB] New best heuristic value for merge_and_shrink(op_mutex = op_mutex(use_previous_ops = nopo, reachability_strategy = goal), merge_strategy = merge_sccs(order_of_sccs = topological, merge_tree = linear), shrink_strategy = shrink_fh): 2
[t=1.2877s, 56296 KB] g=13, 66 evaluated, 13 expanded
[t=1.28774s, 56296 KB] New best heuristic value for merge_and_shrink(op_mutex = op_mutex(use_previous_ops = nopo, reachability_strategy = goal), merge_strategy = merge_sccs(order_of_sccs = topological, merge_tree = linear), shrink_strategy = shrink_fh): 1
[t=1.28776s, 56296 KB] g=14, 74 evaluated, 14 expanded
[t=1.28779s, 56296 KB] New best heuristic value for merge_and_shrink(op_mutex = op_mutex(use_previous_ops = nopo, reachability_strategy = goal), merge_strategy = merge_sccs(order_of_sccs = topological, merge_tree = linear), shrink_strategy = shrink_fh): 0
[t=1.28782s, 56296 KB] g=15, 79 evaluated, 15 expanded
[t=1.28784s, 56296 KB] Solution found!
[t=1.28787s, 56296 KB] Actual search time: 0.000898861s
load p1 t0 l2 (1)
load p0 t0 l2 (1)
drive t0 l2 l1 level57 level3 level60 (1)
load p2 t0 l1 (1)
drive t0 l1 l4 level45 level12 level57 (1)
drive t0 l4 l3 level40 level5 level45 (1)
load p4 t0 l3 (1)
load p3 t0 l3 (1)
unload p2 t0 l3 (1)
unload p0 t0 l3 (1)
drive t0 l3 l4 level35 level5 level40 (1)
unload p1 t0 l4 (1)
drive t0 l4 l2 level19 level16 level35 (1)
unload p4 t0 l2 (1)
unload p3 t0 l2 (1)
[t=1.28789s, 56296 KB] Plan length: 15 step(s).
[t=1.28789s, 56296 KB] Plan cost: 15
[t=1.28789s, 56296 KB] Expanded 16 state(s).
[t=1.28789s, 56296 KB] Reopened 0 state(s).
[t=1.28789s, 56296 KB] Evaluated 79 state(s).
[t=1.28789s, 56296 KB] Evaluations: 79
[t=1.28789s, 56296 KB] Generated 91 state(s).
[t=1.28789s, 56296 KB] Dead ends: 18 state(s).
[t=1.28789s, 56296 KB] Expanded until last jump: 0 state(s).
[t=1.28789s, 56296 KB] Reopened until last jump: 0 state(s).
[t=1.28789s, 56296 KB] Evaluated until last jump: 1 state(s).
[t=1.28789s, 56296 KB] Generated until last jump: 0 state(s).
[t=1.28789s, 56296 KB] Number of registered states: 79
[t=1.28789s, 56296 KB] Int hash set load factor: 79/128 = 0.617188
[t=1.28789s, 56296 KB] Int hash set resizes: 7
[t=1.28789s, 56296 KB] Search time: 0.00108687s
[t=1.28789s, 56296 KB] Total time: 1.28789s
Solution found.
Peak memory: 56296 KB
Remove intermediate file output.sas
search exit code: 0

INFO     Running validate.
INFO     validate stdin: None
INFO     validate time limit: None
INFO     validate memory limit: None
INFO     validate command line string: validate domain.pddl problem.pddl sas_plan
Checking plan: sas_plan
Plan executed successfully - checking goal
Plan valid
Final value: 15 

Successful plans:
Value: 15
 sas_plan 15 

validate exit code: 0

