INFO     Running translator.
INFO     translator stdin: None
INFO     translator time limit: 599.96s
INFO     translator memory limit: 7000 MB
INFO     translator command line string: /usr/bin/python3 /user/student.aau.dk/lkar18/downward-projects/downward/experiments/nopo_vs_nasutpo_195p/data/nopo_vs_nasutpo/code-94571df14dfaf5b06207d9589b12facdd93f580c_e5e41175/builds/release/bin/translate/translate.py domain.pddl problem.pddl --sas-file output.sas
Parsing...
Parsing: [0.010s CPU, 0.006s wall-clock]
Normalizing task... [0.000s CPU, 0.000s wall-clock]
Instantiating...
Generating Datalog program... [0.000s CPU, 0.001s wall-clock]
Normalizing Datalog program...
Normalizing Datalog program: [0.010s CPU, 0.008s wall-clock]
Preparing model... [0.000s CPU, 0.004s wall-clock]
Generated 198 rules.
Computing model... [0.020s CPU, 0.020s wall-clock]
679 relevant atoms
1476 auxiliary atoms
2155 final queue length
3548 total queue pushes
Completing instantiation... [0.030s CPU, 0.022s wall-clock]
Instantiating: [0.060s CPU, 0.057s wall-clock]
Computing fact groups...
Finding invariants...
24 initial candidates
Finding invariants: [0.010s CPU, 0.016s wall-clock]
Checking invariant weight... [0.000s CPU, 0.000s wall-clock]
Instantiating groups... [0.000s CPU, 0.001s wall-clock]
Collecting mutex groups... [0.000s CPU, 0.000s wall-clock]
Choosing groups...
37 uncovered facts
Choosing groups: [0.000s CPU, 0.000s wall-clock]
Building translation key... [0.000s CPU, 0.000s wall-clock]
Computing fact groups: [0.010s CPU, 0.018s wall-clock]
Building STRIPS to SAS dictionary... [0.000s CPU, 0.000s wall-clock]
Building dictionary for full mutex groups... [0.000s CPU, 0.000s wall-clock]
Building mutex information...
Building mutex information: [0.000s CPU, 0.000s wall-clock]
Translating task...
Processing axioms...
Simplifying axioms... [0.000s CPU, 0.000s wall-clock]
Translator axioms removed by simplifying: 0
Computing negative axioms... [0.000s CPU, 0.000s wall-clock]
Processing axioms: [0.010s CPU, 0.001s wall-clock]
Translating task: [0.030s CPU, 0.022s wall-clock]
284 effect conditions simplified
0 implied preconditions added
Detecting unreachable propositions...
0 operators removed
0 axioms removed
19 propositions removed
Detecting unreachable propositions: [0.010s CPU, 0.010s wall-clock]
Reordering and filtering variables...
40 of 46 variables necessary.
12 of 19 mutex groups necessary.
428 of 428 operators necessary.
0 of 0 axiom rules necessary.
Reordering and filtering variables: [0.000s CPU, 0.005s wall-clock]
Translator variables: 40
Translator derived variables: 0
Translator facts: 103
Translator goal facts: 15
Translator mutex groups: 12
Translator total mutex groups size: 34
Translator operators: 428
Translator axioms: 0
Translator task size: 3584
Translator peak memory: 44628 KB
Writing output... [0.010s CPU, 0.007s wall-clock]
Done! [0.130s CPU, 0.127s wall-clock]
translate exit code: 0

INFO     Running search (release).
INFO     search stdin: output.sas
INFO     search time limit: 599.79s
INFO     search memory limit: 7000 MB
INFO     search command line string: /user/student.aau.dk/lkar18/downward-projects/downward/experiments/nopo_vs_nasutpo_195p/data/nopo_vs_nasutpo/code-94571df14dfaf5b06207d9589b12facdd93f580c_e5e41175/builds/release/bin/downward --search 'astar(merge_and_shrink(op_mutex=op_mutex(use_previous_ops=NoPO, reachability_strategy=goal), merge_strategy=merge_precomputed(linear()), shrink_strategy=shrink_bisimulation(greedy=false, at_limit=RETURN)))' --internal-plan-file sas_plan < output.sas
[t=4.0699e-05s, 22344 KB] reading input...
[t=0.00226995s, 22468 KB] done reading input!
[t=0.00361551s, 22732 KB] Initializing merge-and-shrink heuristic...
[t=0.00368067s, 22732 KB] Running merge-and-shrink algorithm...
[t=0.00370035s, 22732 KB] Merge strategy options:
[t=0.0037216s, 22732 KB] Type: precomputed
[t=0.00374143s, 22732 KB] Merge tree options: 
[t=0.00376086s, 22732 KB] Type: linear
[t=0.00379509s, 22732 KB] Update option: use random
[t=0.00381466s, 22732 KB] Variable order type: CG/GOAL, tie breaking on level (main)

[t=0.00383625s, 22732 KB] Options related to size limits and shrinking: 
[t=0.00385658s, 22732 KB] Transition system size limit: 50000
[t=0.00387577s, 22732 KB] Transition system size limit right before merge: 50000
[t=0.00389503s, 22732 KB] Threshold to trigger shrinking right before merge: 1

[t=0.00391633s, 22732 KB] Pruning unreachable states: yes
[t=0.00393637s, 22732 KB] Pruning irrelevant states: yes

[t=0.00395785s, 22732 KB] Label reduction disabled

[t=0.00397984s, 22732 KB] Main loop max time in seconds: inf

[t=0.00400354s, 22732 KB] ===============================================================================
[t=0.0040231s, 22732 KB] WARNING! You did not enable label reduction.
This may drastically reduce the performance of merge-and-shrink!
[t=0.00404266s, 22732 KB] ===============================================================================

[t=0.00406454s, 22732 KB] Building atomic transition systems... 
[t=0.00609314s, 25844 KB] M&S algorithm timer: 0.00244877s (after computation of atomic factors)

[t=0.00614671s, 25844 KB] Starting main loop without a time limit.
[t=0.00617654s, 25844 KB] building causal graph...done! [t=0.000675114s]
[t=0.00689457s, 25844 KB] Next pair of indices: (39, 35)
[t=0.00695003s, 25844 KB] M&S algorithm main loop timer: 0.000825139s (after computation of next merge)
[t=0.00698887s, 25844 KB] M&S algorithm main loop timer: 0.000863664s (after shrinking)
[t=0.00707605s, 25992 KB] M&S algorithm main loop timer: 0.000956954s (after merging)
[t=0.0071109s, 25992 KB] M&S algorithm main loop timer: 0.000983884s (after pruning)

[t=0.00713696s, 25992 KB] Operator mutex starting iteration 0

[t=0.0072287s, 25992 KB] In ts_0_0 of size 2 found num new op-mutexes 0

[t=0.00733504s, 25992 KB] In ts_0_1 of size 3 found num new op-mutexes 0

[t=0.00742489s, 25992 KB] In ts_0_2 of size 2 found num new op-mutexes 0

[t=0.00751445s, 25992 KB] In ts_0_3 of size 2 found num new op-mutexes 0

[t=0.00760274s, 25992 KB] In ts_0_4 of size 2 found num new op-mutexes 0

[t=0.00768999s, 25992 KB] In ts_0_5 of size 2 found num new op-mutexes 0

[t=0.00777622s, 25992 KB] In ts_0_6 of size 2 found num new op-mutexes 0

[t=0.00786238s, 25992 KB] In ts_0_7 of size 2 found num new op-mutexes 0

[t=0.00794786s, 25992 KB] In ts_0_8 of size 2 found num new op-mutexes 0

[t=0.00803345s, 25992 KB] In ts_0_9 of size 2 found num new op-mutexes 0

[t=0.00813013s, 25992 KB] In ts_0_10 of size 2 found num new op-mutexes 0

[t=0.00821981s, 25992 KB] In ts_0_11 of size 2 found num new op-mutexes 0

[t=0.00830554s, 25992 KB] In ts_0_12 of size 2 found num new op-mutexes 0

[t=0.00838988s, 25992 KB] In ts_0_13 of size 2 found num new op-mutexes 0

[t=0.00847413s, 25992 KB] In ts_0_14 of size 2 found num new op-mutexes 0

[t=0.00855883s, 25992 KB] In ts_0_15 of size 2 found num new op-mutexes 0

[t=0.00865057s, 25992 KB] In ts_0_16 of size 2 found num new op-mutexes 0

[t=0.00873761s, 25992 KB] In ts_0_17 of size 2 found num new op-mutexes 0

[t=0.00883019s, 25992 KB] In ts_0_18 of size 4 found num new op-mutexes 0

[t=0.00896716s, 25992 KB] In ts_0_19 of size 5 found num new op-mutexes 324

[t=0.00905898s, 25992 KB] In ts_0_20 of size 2 found num new op-mutexes 0

[t=0.00918833s, 25992 KB] In ts_0_21 of size 5 found num new op-mutexes 256

[t=0.00927931s, 25992 KB] In ts_0_22 of size 2 found num new op-mutexes 0

[t=0.00936704s, 25992 KB] In ts_0_23 of size 2 found num new op-mutexes 0

[t=0.00945382s, 25992 KB] In ts_0_24 of size 2 found num new op-mutexes 0

[t=0.00954047s, 25992 KB] In ts_0_25 of size 2 found num new op-mutexes 0

[t=0.00962623s, 25992 KB] In ts_0_26 of size 2 found num new op-mutexes 0

[t=0.00971212s, 25992 KB] In ts_0_27 of size 2 found num new op-mutexes 0

[t=0.00979739s, 25992 KB] In ts_0_28 of size 2 found num new op-mutexes 0

[t=0.00988346s, 25992 KB] In ts_0_29 of size 2 found num new op-mutexes 0

[t=0.00996957s, 25992 KB] In ts_0_30 of size 2 found num new op-mutexes 0

[t=0.0100555s, 25992 KB] In ts_0_31 of size 2 found num new op-mutexes 0

[t=0.0101413s, 25992 KB] In ts_0_32 of size 2 found num new op-mutexes 0

[t=0.0102352s, 25992 KB] In ts_0_33 of size 4 found num new op-mutexes 0

[t=0.010331s, 25992 KB] In ts_0_34 of size 4 found num new op-mutexes 0

[t=0.0104228s, 25992 KB] In ts_0_36 of size 4 found num new op-mutexes 0

[t=0.0105578s, 25992 KB] In ts_0_37 of size 5 found num new op-mutexes 324

[t=0.0106593s, 25992 KB] In ts_0_38 of size 3 found num new op-mutexes 0

[t=0.0109595s, 25992 KB] In ts_0_40 of size 5 found num new op-mutexes 1904
[t=0.0109969s, 25992 KB] Operator mutex finished iteration 0. Found an additional 2808 operator mutexes

[t=0.0110268s, 25992 KB] Next pair of indices: (40, 34)
[t=0.0110478s, 25992 KB] M&S algorithm main loop timer: 0.00491931s (after computation of next merge)
[t=0.0111432s, 25992 KB] M&S algorithm main loop timer: 0.0050194s (after merging)
[t=0.01118s, 25992 KB] M&S algorithm main loop timer: 0.00505659s (after pruning)

[t=0.0112098s, 25992 KB] Operator mutex starting iteration 1

[t=0.011298s, 25992 KB] In ts_1_0 of size 2 found num new op-mutexes 0

[t=0.0113947s, 25992 KB] In ts_1_1 of size 3 found num new op-mutexes 0

[t=0.011506s, 25992 KB] In ts_1_2 of size 2 found num new op-mutexes 0

[t=0.0115986s, 25992 KB] In ts_1_3 of size 2 found num new op-mutexes 0

[t=0.0116893s, 25992 KB] In ts_1_4 of size 2 found num new op-mutexes 0

[t=0.0117788s, 25992 KB] In ts_1_5 of size 2 found num new op-mutexes 0

[t=0.0118672s, 25992 KB] In ts_1_6 of size 2 found num new op-mutexes 0

[t=0.0119554s, 25992 KB] In ts_1_7 of size 2 found num new op-mutexes 0

[t=0.0120434s, 25992 KB] In ts_1_8 of size 2 found num new op-mutexes 0

[t=0.012131s, 25992 KB] In ts_1_9 of size 2 found num new op-mutexes 0

[t=0.0122193s, 25992 KB] In ts_1_10 of size 2 found num new op-mutexes 0

[t=0.0123073s, 25992 KB] In ts_1_11 of size 2 found num new op-mutexes 0

[t=0.0123947s, 25992 KB] In ts_1_12 of size 2 found num new op-mutexes 0

[t=0.0124824s, 25992 KB] In ts_1_13 of size 2 found num new op-mutexes 0

[t=0.0125701s, 25992 KB] In ts_1_14 of size 2 found num new op-mutexes 0

[t=0.012658s, 25992 KB] In ts_1_15 of size 2 found num new op-mutexes 0

[t=0.0127454s, 25992 KB] In ts_1_16 of size 2 found num new op-mutexes 0

[t=0.0128328s, 25992 KB] In ts_1_17 of size 2 found num new op-mutexes 0

[t=0.0129264s, 25992 KB] In ts_1_18 of size 4 found num new op-mutexes 0

[t=0.0130577s, 25992 KB] In ts_1_19 of size 5 found num new op-mutexes 0

[t=0.0131511s, 25992 KB] In ts_1_20 of size 2 found num new op-mutexes 0

[t=0.0132733s, 25992 KB] In ts_1_21 of size 5 found num new op-mutexes 0

[t=0.0133659s, 25992 KB] In ts_1_22 of size 2 found num new op-mutexes 0

[t=0.0134636s, 25992 KB] In ts_1_23 of size 2 found num new op-mutexes 0

[t=0.0135534s, 25992 KB] In ts_1_24 of size 2 found num new op-mutexes 0

[t=0.0136421s, 25992 KB] In ts_1_25 of size 2 found num new op-mutexes 0

[t=0.0137371s, 25992 KB] In ts_1_26 of size 2 found num new op-mutexes 0

[t=0.0138276s, 25992 KB] In ts_1_27 of size 2 found num new op-mutexes 0

[t=0.0139173s, 25992 KB] In ts_1_28 of size 2 found num new op-mutexes 0

[t=0.0140071s, 25992 KB] In ts_1_29 of size 2 found num new op-mutexes 0

[t=0.0140955s, 25992 KB] In ts_1_30 of size 2 found num new op-mutexes 0

[t=0.0141837s, 25992 KB] In ts_1_31 of size 2 found num new op-mutexes 0

[t=0.0142713s, 25992 KB] In ts_1_32 of size 2 found num new op-mutexes 0

[t=0.0143643s, 25992 KB] In ts_1_33 of size 4 found num new op-mutexes 0

[t=0.0144648s, 25992 KB] In ts_1_36 of size 4 found num new op-mutexes 0

[t=0.0146091s, 25992 KB] In ts_1_37 of size 5 found num new op-mutexes 0

[t=0.0147058s, 25992 KB] In ts_1_38 of size 3 found num new op-mutexes 0

[t=0.0166197s, 26596 KB] In ts_1_41 of size 10 found num new op-mutexes 13440
[t=0.0166679s, 26596 KB] Operator mutex finished iteration 1. Found an additional 13440 operator mutexes

[t=0.0167014s, 26596 KB] Next pair of indices: (41, 30)
[t=0.0167231s, 26596 KB] M&S algorithm main loop timer: 0.0105947s (after computation of next merge)
[t=0.0168155s, 26596 KB] M&S algorithm main loop timer: 0.010691s (after merging)
[t=0.016847s, 26596 KB] M&S algorithm main loop timer: 0.0107197s (after pruning)

[t=0.0168724s, 26596 KB] Operator mutex starting iteration 2

[t=0.0169568s, 26596 KB] In ts_2_0 of size 2 found num new op-mutexes 0

[t=0.0170524s, 26596 KB] In ts_2_1 of size 3 found num new op-mutexes 0

[t=0.0171433s, 26596 KB] In ts_2_2 of size 2 found num new op-mutexes 0

[t=0.017243s, 26596 KB] In ts_2_3 of size 2 found num new op-mutexes 0

[t=0.0173325s, 26596 KB] In ts_2_4 of size 2 found num new op-mutexes 0

[t=0.0174292s, 26596 KB] In ts_2_5 of size 2 found num new op-mutexes 0

[t=0.0175184s, 26596 KB] In ts_2_6 of size 2 found num new op-mutexes 0

[t=0.0176056s, 26596 KB] In ts_2_7 of size 2 found num new op-mutexes 0

[t=0.0176924s, 26596 KB] In ts_2_8 of size 2 found num new op-mutexes 0

[t=0.0177791s, 26596 KB] In ts_2_9 of size 2 found num new op-mutexes 0

[t=0.017866s, 26596 KB] In ts_2_10 of size 2 found num new op-mutexes 0

[t=0.0179527s, 26596 KB] In ts_2_11 of size 2 found num new op-mutexes 0

[t=0.0180395s, 26596 KB] In ts_2_12 of size 2 found num new op-mutexes 0

[t=0.0181256s, 26596 KB] In ts_2_13 of size 2 found num new op-mutexes 0

[t=0.0182115s, 26596 KB] In ts_2_14 of size 2 found num new op-mutexes 0

[t=0.0182976s, 26596 KB] In ts_2_15 of size 2 found num new op-mutexes 0

[t=0.0183835s, 26596 KB] In ts_2_16 of size 2 found num new op-mutexes 0

[t=0.0184951s, 26596 KB] In ts_2_17 of size 2 found num new op-mutexes 0

[t=0.0185913s, 26596 KB] In ts_2_18 of size 4 found num new op-mutexes 0

[t=0.0187294s, 26596 KB] In ts_2_19 of size 5 found num new op-mutexes 0

[t=0.018822s, 26596 KB] In ts_2_20 of size 2 found num new op-mutexes 0

[t=0.0189456s, 26596 KB] In ts_2_21 of size 5 found num new op-mutexes 0

[t=0.0190369s, 26596 KB] In ts_2_22 of size 2 found num new op-mutexes 0

[t=0.0191257s, 26596 KB] In ts_2_23 of size 2 found num new op-mutexes 0

[t=0.0192138s, 26596 KB] In ts_2_24 of size 2 found num new op-mutexes 0

[t=0.0193019s, 26596 KB] In ts_2_25 of size 2 found num new op-mutexes 0

[t=0.019389s, 26596 KB] In ts_2_26 of size 2 found num new op-mutexes 0

[t=0.0194757s, 26596 KB] In ts_2_27 of size 2 found num new op-mutexes 0

[t=0.0195624s, 26596 KB] In ts_2_28 of size 2 found num new op-mutexes 0

[t=0.0196501s, 26596 KB] In ts_2_29 of size 2 found num new op-mutexes 0

[t=0.0197377s, 26596 KB] In ts_2_31 of size 2 found num new op-mutexes 0

[t=0.0198249s, 26596 KB] In ts_2_32 of size 2 found num new op-mutexes 0

[t=0.019923s, 26596 KB] In ts_2_33 of size 4 found num new op-mutexes 0

[t=0.020017s, 26596 KB] In ts_2_36 of size 4 found num new op-mutexes 0

[t=0.0201443s, 26596 KB] In ts_2_37 of size 5 found num new op-mutexes 0

[t=0.0202374s, 26596 KB] In ts_2_38 of size 3 found num new op-mutexes 0

[t=0.0210896s, 26596 KB] In ts_2_42 of size 10 found num new op-mutexes 0
[t=0.0211304s, 26596 KB] Operator mutex finished iteration 2. Found an additional 0 operator mutexes

[t=0.0211674s, 26596 KB] Next pair of indices: (42, 28)
[t=0.0211886s, 26596 KB] M&S algorithm main loop timer: 0.01506s (after computation of next merge)
[t=0.0212896s, 26596 KB] M&S algorithm main loop timer: 0.015165s (after merging)
[t=0.0213263s, 26596 KB] M&S algorithm main loop timer: 0.0151993s (after pruning)

[t=0.0213519s, 26596 KB] Operator mutex starting iteration 3

[t=0.0214435s, 26596 KB] In ts_3_0 of size 2 found num new op-mutexes 0

[t=0.0215409s, 26596 KB] In ts_3_1 of size 3 found num new op-mutexes 0

[t=0.0216357s, 26596 KB] In ts_3_2 of size 2 found num new op-mutexes 0

[t=0.0217293s, 26596 KB] In ts_3_3 of size 2 found num new op-mutexes 0

[t=0.0218211s, 26596 KB] In ts_3_4 of size 2 found num new op-mutexes 0

[t=0.0219127s, 26596 KB] In ts_3_5 of size 2 found num new op-mutexes 0

[t=0.0220149s, 26596 KB] In ts_3_6 of size 2 found num new op-mutexes 0

[t=0.0221176s, 26596 KB] In ts_3_7 of size 2 found num new op-mutexes 0

[t=0.0222087s, 26596 KB] In ts_3_8 of size 2 found num new op-mutexes 0

[t=0.0222996s, 26596 KB] In ts_3_9 of size 2 found num new op-mutexes 0

[t=0.0223902s, 26596 KB] In ts_3_10 of size 2 found num new op-mutexes 0

[t=0.0224844s, 26596 KB] In ts_3_11 of size 2 found num new op-mutexes 0

[t=0.0225857s, 26596 KB] In ts_3_12 of size 2 found num new op-mutexes 0

[t=0.0226782s, 26596 KB] In ts_3_13 of size 2 found num new op-mutexes 0

[t=0.0227685s, 26596 KB] In ts_3_14 of size 2 found num new op-mutexes 0

[t=0.0228584s, 26596 KB] In ts_3_15 of size 2 found num new op-mutexes 0

[t=0.0229482s, 26596 KB] In ts_3_16 of size 2 found num new op-mutexes 0

[t=0.0230381s, 26596 KB] In ts_3_17 of size 2 found num new op-mutexes 0

[t=0.0231438s, 26596 KB] In ts_3_18 of size 4 found num new op-mutexes 0

[t=0.0232795s, 26596 KB] In ts_3_19 of size 5 found num new op-mutexes 0

[t=0.023376s, 26596 KB] In ts_3_20 of size 2 found num new op-mutexes 0

[t=0.0235343s, 26596 KB] In ts_3_21 of size 5 found num new op-mutexes 0

[t=0.0236304s, 26596 KB] In ts_3_22 of size 2 found num new op-mutexes 0

[t=0.023724s, 26596 KB] In ts_3_23 of size 2 found num new op-mutexes 0

[t=0.0238158s, 26596 KB] In ts_3_24 of size 2 found num new op-mutexes 0

[t=0.0239069s, 26596 KB] In ts_3_25 of size 2 found num new op-mutexes 0

[t=0.0239973s, 26596 KB] In ts_3_26 of size 2 found num new op-mutexes 0

[t=0.0240971s, 26596 KB] In ts_3_27 of size 2 found num new op-mutexes 0

[t=0.0241877s, 26596 KB] In ts_3_29 of size 2 found num new op-mutexes 0

[t=0.0242779s, 26596 KB] In ts_3_31 of size 2 found num new op-mutexes 0

[t=0.0243673s, 26596 KB] In ts_3_32 of size 2 found num new op-mutexes 0

[t=0.0244724s, 26596 KB] In ts_3_33 of size 4 found num new op-mutexes 0

[t=0.0245672s, 26596 KB] In ts_3_36 of size 4 found num new op-mutexes 0

[t=0.0246965s, 26596 KB] In ts_3_37 of size 5 found num new op-mutexes 0

[t=0.0247924s, 26596 KB] In ts_3_38 of size 3 found num new op-mutexes 0

[t=0.0258028s, 26596 KB] In ts_3_43 of size 18 found num new op-mutexes 804
[t=0.0258491s, 26596 KB] Operator mutex finished iteration 3. Found an additional 804 operator mutexes

[t=0.0258822s, 26596 KB] Next pair of indices: (43, 24)
[t=0.025904s, 26596 KB] M&S algorithm main loop timer: 0.0197757s (after computation of next merge)
[t=0.0260252s, 26596 KB] M&S algorithm main loop timer: 0.0199018s (after merging)
[t=0.0260674s, 26596 KB] M&S algorithm main loop timer: 0.019949s (after pruning)

[t=0.0261028s, 26596 KB] Operator mutex starting iteration 4

[t=0.0261831s, 26596 KB] In ts_4_0 of size 2 found num new op-mutexes 0

[t=0.0262791s, 26596 KB] In ts_4_1 of size 3 found num new op-mutexes 0

[t=0.0263711s, 26596 KB] In ts_4_2 of size 2 found num new op-mutexes 0

[t=0.0264629s, 26596 KB] In ts_4_3 of size 2 found num new op-mutexes 0

[t=0.0265532s, 26596 KB] In ts_4_4 of size 2 found num new op-mutexes 0

[t=0.0266433s, 26596 KB] In ts_4_5 of size 2 found num new op-mutexes 0

[t=0.026732s, 26596 KB] In ts_4_6 of size 2 found num new op-mutexes 0

[t=0.0268214s, 26596 KB] In ts_4_7 of size 2 found num new op-mutexes 0

[t=0.02691s, 26596 KB] In ts_4_8 of size 2 found num new op-mutexes 0

[t=0.0269989s, 26596 KB] In ts_4_9 of size 2 found num new op-mutexes 0

[t=0.0270879s, 26596 KB] In ts_4_10 of size 2 found num new op-mutexes 0

[t=0.0271764s, 26596 KB] In ts_4_11 of size 2 found num new op-mutexes 0

[t=0.027264s, 26596 KB] In ts_4_12 of size 2 found num new op-mutexes 0

[t=0.0273521s, 26596 KB] In ts_4_13 of size 2 found num new op-mutexes 0

[t=0.0274398s, 26596 KB] In ts_4_14 of size 2 found num new op-mutexes 0

[t=0.0275275s, 26596 KB] In ts_4_15 of size 2 found num new op-mutexes 0

[t=0.0276205s, 26596 KB] In ts_4_16 of size 2 found num new op-mutexes 0

[t=0.0277079s, 26596 KB] In ts_4_17 of size 2 found num new op-mutexes 0

[t=0.0278021s, 26596 KB] In ts_4_18 of size 4 found num new op-mutexes 0

[t=0.0279382s, 26596 KB] In ts_4_19 of size 5 found num new op-mutexes 0

[t=0.0280314s, 26596 KB] In ts_4_20 of size 2 found num new op-mutexes 0

[t=0.0281611s, 26596 KB] In ts_4_21 of size 5 found num new op-mutexes 0

[t=0.0282536s, 26596 KB] In ts_4_22 of size 2 found num new op-mutexes 0

[t=0.0283447s, 26596 KB] In ts_4_23 of size 2 found num new op-mutexes 0

[t=0.0284346s, 26596 KB] In ts_4_25 of size 2 found num new op-mutexes 0

[t=0.0285233s, 26596 KB] In ts_4_26 of size 2 found num new op-mutexes 0

[t=0.0286119s, 26596 KB] In ts_4_27 of size 2 found num new op-mutexes 0

[t=0.0287096s, 26596 KB] In ts_4_29 of size 2 found num new op-mutexes 0

[t=0.0287995s, 26596 KB] In ts_4_31 of size 2 found num new op-mutexes 0

[t=0.0289153s, 26596 KB] In ts_4_32 of size 2 found num new op-mutexes 0

[t=0.0290112s, 26596 KB] In ts_4_33 of size 4 found num new op-mutexes 0

[t=0.0291052s, 26596 KB] In ts_4_36 of size 4 found num new op-mutexes 0

[t=0.0292428s, 26596 KB] In ts_4_37 of size 5 found num new op-mutexes 0

[t=0.0293361s, 26596 KB] In ts_4_38 of size 3 found num new op-mutexes 0

[t=0.0315477s, 26596 KB] In ts_4_44 of size 18 found num new op-mutexes 7268
[t=0.0316011s, 26596 KB] Operator mutex finished iteration 4. Found an additional 7268 operator mutexes

[t=0.0316359s, 26596 KB] Next pair of indices: (44, 17)
[t=0.0316603s, 26596 KB] M&S algorithm main loop timer: 0.0255319s (after computation of next merge)
[t=0.0317867s, 26596 KB] M&S algorithm main loop timer: 0.0256635s (after merging)
[t=0.0318318s, 26596 KB] M&S algorithm main loop timer: 0.0257059s (after pruning)

[t=0.0318589s, 26596 KB] Operator mutex starting iteration 5

[t=0.0319406s, 26596 KB] In ts_5_0 of size 2 found num new op-mutexes 0

[t=0.0320414s, 26596 KB] In ts_5_1 of size 3 found num new op-mutexes 0

[t=0.0321353s, 26596 KB] In ts_5_2 of size 2 found num new op-mutexes 0

[t=0.0322289s, 26596 KB] In ts_5_3 of size 2 found num new op-mutexes 0

[t=0.0323215s, 26596 KB] In ts_5_4 of size 2 found num new op-mutexes 0

[t=0.0324275s, 26596 KB] In ts_5_5 of size 2 found num new op-mutexes 0

[t=0.0325192s, 26596 KB] In ts_5_6 of size 2 found num new op-mutexes 0

[t=0.0326134s, 26596 KB] In ts_5_7 of size 2 found num new op-mutexes 0

[t=0.0327169s, 26596 KB] In ts_5_8 of size 2 found num new op-mutexes 0

[t=0.0328076s, 26596 KB] In ts_5_9 of size 2 found num new op-mutexes 0

[t=0.0328979s, 26596 KB] In ts_5_10 of size 2 found num new op-mutexes 0

[t=0.0329875s, 26596 KB] In ts_5_11 of size 2 found num new op-mutexes 0

[t=0.0330766s, 26596 KB] In ts_5_12 of size 2 found num new op-mutexes 0

[t=0.033166s, 26596 KB] In ts_5_13 of size 2 found num new op-mutexes 0

[t=0.0332551s, 26596 KB] In ts_5_14 of size 2 found num new op-mutexes 0

[t=0.0333436s, 26596 KB] In ts_5_15 of size 2 found num new op-mutexes 0

[t=0.0334324s, 26596 KB] In ts_5_16 of size 2 found num new op-mutexes 0

[t=0.0335279s, 26596 KB] In ts_5_18 of size 4 found num new op-mutexes 0

[t=0.0336822s, 26596 KB] In ts_5_19 of size 5 found num new op-mutexes 0

[t=0.0337781s, 26596 KB] In ts_5_20 of size 2 found num new op-mutexes 0

[t=0.033908s, 26596 KB] In ts_5_21 of size 5 found num new op-mutexes 0

[t=0.0340025s, 26596 KB] In ts_5_22 of size 2 found num new op-mutexes 0

[t=0.0340943s, 26596 KB] In ts_5_23 of size 2 found num new op-mutexes 0

[t=0.0341853s, 26596 KB] In ts_5_25 of size 2 found num new op-mutexes 0

[t=0.0342747s, 26596 KB] In ts_5_26 of size 2 found num new op-mutexes 0

[t=0.0343638s, 26596 KB] In ts_5_27 of size 2 found num new op-mutexes 0

[t=0.034455s, 26596 KB] In ts_5_29 of size 2 found num new op-mutexes 0

[t=0.0345449s, 26596 KB] In ts_5_31 of size 2 found num new op-mutexes 0

[t=0.0346436s, 26596 KB] In ts_5_32 of size 2 found num new op-mutexes 0

[t=0.0347377s, 26596 KB] In ts_5_33 of size 4 found num new op-mutexes 0

[t=0.0348325s, 26596 KB] In ts_5_36 of size 4 found num new op-mutexes 0

[t=0.0349767s, 26596 KB] In ts_5_37 of size 5 found num new op-mutexes 0

[t=0.0350814s, 26596 KB] In ts_5_38 of size 3 found num new op-mutexes 0

[t=0.0368482s, 26596 KB] In ts_5_45 of size 33 found num new op-mutexes 788
[t=0.0369029s, 26596 KB] Operator mutex finished iteration 5. Found an additional 788 operator mutexes

[t=0.0369379s, 26596 KB] Next pair of indices: (45, 16)
[t=0.0369601s, 26596 KB] M&S algorithm main loop timer: 0.0308316s (after computation of next merge)
[t=0.0371074s, 26596 KB] M&S algorithm main loop timer: 0.0309848s (after merging)
[t=0.0371549s, 26596 KB] M&S algorithm main loop timer: 0.0310418s (after pruning)

[t=0.037195s, 26596 KB] Operator mutex starting iteration 6

[t=0.037276s, 26596 KB] In ts_6_0 of size 2 found num new op-mutexes 0

[t=0.0373739s, 26596 KB] In ts_6_1 of size 3 found num new op-mutexes 0

[t=0.0374671s, 26596 KB] In ts_6_2 of size 2 found num new op-mutexes 0

[t=0.0375596s, 26596 KB] In ts_6_3 of size 2 found num new op-mutexes 0

[t=0.0376504s, 26596 KB] In ts_6_4 of size 2 found num new op-mutexes 0

[t=0.0377411s, 26596 KB] In ts_6_5 of size 2 found num new op-mutexes 0

[t=0.0378312s, 26596 KB] In ts_6_6 of size 2 found num new op-mutexes 0

[t=0.0379203s, 26596 KB] In ts_6_7 of size 2 found num new op-mutexes 0

[t=0.0380099s, 26596 KB] In ts_6_8 of size 2 found num new op-mutexes 0

[t=0.0380996s, 26596 KB] In ts_6_9 of size 2 found num new op-mutexes 0

[t=0.038199s, 26596 KB] In ts_6_10 of size 2 found num new op-mutexes 0

[t=0.0382888s, 26596 KB] In ts_6_11 of size 2 found num new op-mutexes 0

[t=0.0383781s, 26596 KB] In ts_6_12 of size 2 found num new op-mutexes 0

[t=0.0384666s, 26596 KB] In ts_6_13 of size 2 found num new op-mutexes 0

[t=0.0385669s, 26596 KB] In ts_6_14 of size 2 found num new op-mutexes 0

[t=0.0386572s, 26596 KB] In ts_6_15 of size 2 found num new op-mutexes 0

[t=0.038753s, 26596 KB] In ts_6_18 of size 4 found num new op-mutexes 0

[t=0.0388953s, 26596 KB] In ts_6_19 of size 5 found num new op-mutexes 0

[t=0.0389903s, 26596 KB] In ts_6_20 of size 2 found num new op-mutexes 0

[t=0.0391189s, 26596 KB] In ts_6_21 of size 5 found num new op-mutexes 0

[t=0.0392163s, 26596 KB] In ts_6_22 of size 2 found num new op-mutexes 0

[t=0.0393082s, 26596 KB] In ts_6_23 of size 2 found num new op-mutexes 0

[t=0.0393989s, 26596 KB] In ts_6_25 of size 2 found num new op-mutexes 0

[t=0.0394889s, 26596 KB] In ts_6_26 of size 2 found num new op-mutexes 0

[t=0.039578s, 26596 KB] In ts_6_27 of size 2 found num new op-mutexes 0

[t=0.0396895s, 26596 KB] In ts_6_29 of size 2 found num new op-mutexes 0

[t=0.039783s, 26596 KB] In ts_6_31 of size 2 found num new op-mutexes 0

[t=0.0398727s, 26596 KB] In ts_6_32 of size 2 found num new op-mutexes 0

[t=0.0399674s, 26596 KB] In ts_6_33 of size 4 found num new op-mutexes 0

[t=0.0400618s, 26596 KB] In ts_6_36 of size 4 found num new op-mutexes 0

[t=0.0402012s, 26596 KB] In ts_6_37 of size 5 found num new op-mutexes 0

[t=0.0402959s, 26596 KB] In ts_6_38 of size 3 found num new op-mutexes 0

[t=0.0445144s, 27200 KB] In ts_6_46 of size 18 found num new op-mutexes 17816
[t=0.0445702s, 27200 KB] Operator mutex finished iteration 6. Found an additional 17816 operator mutexes

[t=0.0446045s, 27200 KB] Next pair of indices: (46, 8)
[t=0.0446271s, 27200 KB] M&S algorithm main loop timer: 0.0384991s (after computation of next merge)
[t=0.0447519s, 27200 KB] M&S algorithm main loop timer: 0.03863s (after merging)

[t=0.0447866s, 27200 KB] Operator mutex starting iteration 7

[t=0.0448692s, 27200 KB] In ts_7_0 of size 2 found num new op-mutexes 0

[t=0.0449727s, 27200 KB] In ts_7_1 of size 3 found num new op-mutexes 0

[t=0.0450658s, 27200 KB] In ts_7_2 of size 2 found num new op-mutexes 0

[t=0.045159s, 27200 KB] In ts_7_3 of size 2 found num new op-mutexes 0

[t=0.0452514s, 27200 KB] In ts_7_4 of size 2 found num new op-mutexes 0

[t=0.0453425s, 27200 KB] In ts_7_5 of size 2 found num new op-mutexes 0

[t=0.0454328s, 27200 KB] In ts_7_6 of size 2 found num new op-mutexes 0

[t=0.0455235s, 27200 KB] In ts_7_7 of size 2 found num new op-mutexes 0

[t=0.0456229s, 27200 KB] In ts_7_9 of size 2 found num new op-mutexes 0

[t=0.0457218s, 27200 KB] In ts_7_10 of size 2 found num new op-mutexes 0

[t=0.0458285s, 27200 KB] In ts_7_11 of size 2 found num new op-mutexes 0

[t=0.0459255s, 27200 KB] In ts_7_12 of size 2 found num new op-mutexes 0

[t=0.0460225s, 27200 KB] In ts_7_13 of size 2 found num new op-mutexes 0

[t=0.0461194s, 27200 KB] In ts_7_14 of size 2 found num new op-mutexes 0

[t=0.046216s, 27200 KB] In ts_7_15 of size 2 found num new op-mutexes 0

[t=0.0463187s, 27200 KB] In ts_7_18 of size 4 found num new op-mutexes 0

[t=0.0464632s, 27200 KB] In ts_7_19 of size 5 found num new op-mutexes 0

[t=0.0465641s, 27200 KB] In ts_7_20 of size 2 found num new op-mutexes 0

[t=0.0466986s, 27200 KB] In ts_7_21 of size 5 found num new op-mutexes 0

[t=0.0468097s, 27200 KB] In ts_7_22 of size 2 found num new op-mutexes 0

[t=0.0469068s, 27200 KB] In ts_7_23 of size 2 found num new op-mutexes 0

[t=0.0470007s, 27200 KB] In ts_7_25 of size 2 found num new op-mutexes 0

[t=0.0471035s, 27200 KB] In ts_7_26 of size 2 found num new op-mutexes 0

[t=0.0472019s, 27200 KB] In ts_7_27 of size 2 found num new op-mutexes 0

[t=0.0472935s, 27200 KB] In ts_7_29 of size 2 found num new op-mutexes 0

[t=0.0473842s, 27200 KB] In ts_7_31 of size 2 found num new op-mutexes 0

[t=0.0474743s, 27200 KB] In ts_7_32 of size 2 found num new op-mutexes 0

[t=0.0475693s, 27200 KB] In ts_7_33 of size 4 found num new op-mutexes 0

[t=0.0476642s, 27200 KB] In ts_7_36 of size 4 found num new op-mutexes 0

[t=0.0477975s, 27200 KB] In ts_7_37 of size 5 found num new op-mutexes 0

[t=0.0478935s, 27200 KB] In ts_7_38 of size 3 found num new op-mutexes 0

[t=0.0503423s, 27200 KB] In ts_7_47 of size 36 found num new op-mutexes 0
[t=0.0503995s, 27200 KB] Operator mutex finished iteration 7. Found an additional 0 operator mutexes

[t=0.0504336s, 27200 KB] Next pair of indices: (47, 37)
[t=0.050456s, 27200 KB] M&S algorithm main loop timer: 0.0443284s (after computation of next merge)
[t=0.0507128s, 27200 KB] M&S algorithm main loop timer: 0.0445986s (after merging)

[t=0.0507654s, 27200 KB] Operator mutex starting iteration 8

[t=0.0508734s, 27200 KB] In ts_8_0 of size 2 found num new op-mutexes 0

[t=0.0509738s, 27200 KB] In ts_8_1 of size 3 found num new op-mutexes 0

[t=0.0510678s, 27200 KB] In ts_8_2 of size 2 found num new op-mutexes 0

[t=0.051161s, 27200 KB] In ts_8_3 of size 2 found num new op-mutexes 0

[t=0.0512538s, 27200 KB] In ts_8_4 of size 2 found num new op-mutexes 0

[t=0.0513532s, 27200 KB] In ts_8_5 of size 2 found num new op-mutexes 0

[t=0.0514438s, 27200 KB] In ts_8_6 of size 2 found num new op-mutexes 0

[t=0.0515344s, 27200 KB] In ts_8_7 of size 2 found num new op-mutexes 0

[t=0.0516245s, 27200 KB] In ts_8_9 of size 2 found num new op-mutexes 0

[t=0.0517146s, 27200 KB] In ts_8_10 of size 2 found num new op-mutexes 0

[t=0.0518131s, 27200 KB] In ts_8_11 of size 2 found num new op-mutexes 0

[t=0.0519028s, 27200 KB] In ts_8_12 of size 2 found num new op-mutexes 0

[t=0.0519921s, 27200 KB] In ts_8_13 of size 2 found num new op-mutexes 0

[t=0.0520817s, 27200 KB] In ts_8_14 of size 2 found num new op-mutexes 0

[t=0.0521711s, 27200 KB] In ts_8_15 of size 2 found num new op-mutexes 0

[t=0.0522673s, 27200 KB] In ts_8_18 of size 4 found num new op-mutexes 0

[t=0.0524087s, 27200 KB] In ts_8_19 of size 5 found num new op-mutexes 0

[t=0.0525039s, 27200 KB] In ts_8_20 of size 2 found num new op-mutexes 0

[t=0.0526315s, 27200 KB] In ts_8_21 of size 5 found num new op-mutexes 0

[t=0.0527258s, 27200 KB] In ts_8_22 of size 2 found num new op-mutexes 0

[t=0.0528256s, 27200 KB] In ts_8_23 of size 2 found num new op-mutexes 0

[t=0.0529168s, 27200 KB] In ts_8_25 of size 2 found num new op-mutexes 0

[t=0.0530069s, 27200 KB] In ts_8_26 of size 2 found num new op-mutexes 0

[t=0.0531043s, 27200 KB] In ts_8_27 of size 2 found num new op-mutexes 0

[t=0.0531981s, 27200 KB] In ts_8_29 of size 2 found num new op-mutexes 0

[t=0.0532892s, 27200 KB] In ts_8_31 of size 2 found num new op-mutexes 0

[t=0.0533795s, 27200 KB] In ts_8_32 of size 2 found num new op-mutexes 0

[t=0.0534748s, 27200 KB] In ts_8_33 of size 4 found num new op-mutexes 0

[t=0.0535703s, 27200 KB] In ts_8_36 of size 4 found num new op-mutexes 0

[t=0.0536646s, 27200 KB] In ts_8_38 of size 3 found num new op-mutexes 0

[t=0.056708s, 27200 KB] In ts_8_48 of size 180 found num new op-mutexes 0
[t=0.0567629s, 27200 KB] Operator mutex finished iteration 8. Found an additional 0 operator mutexes

[t=0.0567992s, 27200 KB] Next pair of indices: (48, 32)
[t=0.0568223s, 27200 KB] M&S algorithm main loop timer: 0.0506943s (after computation of next merge)
[t=0.0572179s, 27200 KB] M&S algorithm main loop timer: 0.051106s (after merging)
[t=0.0573019s, 27200 KB] M&S algorithm main loop timer: 0.0511802s (after pruning)

[t=0.0573332s, 27200 KB] Operator mutex starting iteration 9

[t=0.057415s, 27200 KB] In ts_9_0 of size 2 found num new op-mutexes 0

[t=0.0575226s, 27200 KB] In ts_9_1 of size 3 found num new op-mutexes 0

[t=0.0576173s, 27200 KB] In ts_9_2 of size 2 found num new op-mutexes 0

[t=0.0577119s, 27200 KB] In ts_9_3 of size 2 found num new op-mutexes 0

[t=0.0578047s, 27200 KB] In ts_9_4 of size 2 found num new op-mutexes 0

[t=0.0578962s, 27200 KB] In ts_9_5 of size 2 found num new op-mutexes 0

[t=0.0579868s, 27200 KB] In ts_9_6 of size 2 found num new op-mutexes 0

[t=0.0580879s, 27200 KB] In ts_9_7 of size 2 found num new op-mutexes 0

[t=0.0581801s, 27200 KB] In ts_9_9 of size 2 found num new op-mutexes 0

[t=0.0582708s, 27200 KB] In ts_9_10 of size 2 found num new op-mutexes 0

[t=0.0583612s, 27200 KB] In ts_9_11 of size 2 found num new op-mutexes 0

[t=0.0584508s, 27200 KB] In ts_9_12 of size 2 found num new op-mutexes 0

[t=0.0585452s, 27200 KB] In ts_9_13 of size 2 found num new op-mutexes 0

[t=0.0586422s, 27200 KB] In ts_9_14 of size 2 found num new op-mutexes 0

[t=0.0587342s, 27200 KB] In ts_9_15 of size 2 found num new op-mutexes 0

[t=0.058832s, 27200 KB] In ts_9_18 of size 4 found num new op-mutexes 0

[t=0.0589708s, 27200 KB] In ts_9_19 of size 5 found num new op-mutexes 0

[t=0.059067s, 27200 KB] In ts_9_20 of size 2 found num new op-mutexes 0

[t=0.0591937s, 27200 KB] In ts_9_21 of size 5 found num new op-mutexes 0

[t=0.0592881s, 27200 KB] In ts_9_22 of size 2 found num new op-mutexes 0

[t=0.0593801s, 27200 KB] In ts_9_23 of size 2 found num new op-mutexes 0

[t=0.0594803s, 27200 KB] In ts_9_25 of size 2 found num new op-mutexes 0

[t=0.0595957s, 27200 KB] In ts_9_26 of size 2 found num new op-mutexes 0

[t=0.0596889s, 27200 KB] In ts_9_27 of size 2 found num new op-mutexes 0

[t=0.0597806s, 27200 KB] In ts_9_29 of size 2 found num new op-mutexes 0

[t=0.0598711s, 27200 KB] In ts_9_31 of size 2 found num new op-mutexes 0

[t=0.0599721s, 27200 KB] In ts_9_33 of size 4 found num new op-mutexes 0

[t=0.0600675s, 27200 KB] In ts_9_36 of size 4 found num new op-mutexes 0

[t=0.060161s, 27200 KB] In ts_9_38 of size 3 found num new op-mutexes 0

[t=0.0631106s, 27200 KB] In ts_9_49 of size 180 found num new op-mutexes 0
[t=0.0631627s, 27200 KB] Operator mutex finished iteration 9. Found an additional 0 operator mutexes

[t=0.0631988s, 27200 KB] Next pair of indices: (49, 27)
[t=0.0632217s, 27200 KB] M&S algorithm main loop timer: 0.0570936s (after computation of next merge)
[t=0.063663s, 27200 KB] M&S algorithm main loop timer: 0.0575489s (after merging)
[t=0.0637717s, 27200 KB] M&S algorithm main loop timer: 0.0576512s (after pruning)

[t=0.0638046s, 27200 KB] Operator mutex starting iteration 10

[t=0.063886s, 27200 KB] In ts_10_0 of size 2 found num new op-mutexes 0

[t=0.063985s, 27200 KB] In ts_10_1 of size 3 found num new op-mutexes 0

[t=0.0640855s, 27200 KB] In ts_10_2 of size 2 found num new op-mutexes 0

[t=0.064179s, 27200 KB] In ts_10_3 of size 2 found num new op-mutexes 0

[t=0.0642718s, 27200 KB] In ts_10_4 of size 2 found num new op-mutexes 0

[t=0.0643632s, 27200 KB] In ts_10_5 of size 2 found num new op-mutexes 0

[t=0.064454s, 27200 KB] In ts_10_6 of size 2 found num new op-mutexes 0

[t=0.0645473s, 27200 KB] In ts_10_7 of size 2 found num new op-mutexes 0

[t=0.0646376s, 27200 KB] In ts_10_9 of size 2 found num new op-mutexes 0

[t=0.0647281s, 27200 KB] In ts_10_10 of size 2 found num new op-mutexes 0

[t=0.0648176s, 27200 KB] In ts_10_11 of size 2 found num new op-mutexes 0

[t=0.0649067s, 27200 KB] In ts_10_12 of size 2 found num new op-mutexes 0

[t=0.0649959s, 27200 KB] In ts_10_13 of size 2 found num new op-mutexes 0

[t=0.0650943s, 27200 KB] In ts_10_14 of size 2 found num new op-mutexes 0

[t=0.0651855s, 27200 KB] In ts_10_15 of size 2 found num new op-mutexes 0

[t=0.065282s, 27200 KB] In ts_10_18 of size 4 found num new op-mutexes 0

[t=0.0654322s, 27200 KB] In ts_10_19 of size 5 found num new op-mutexes 0

[t=0.0655389s, 27200 KB] In ts_10_20 of size 2 found num new op-mutexes 0

[t=0.0656663s, 27200 KB] In ts_10_21 of size 5 found num new op-mutexes 0

[t=0.0657603s, 27200 KB] In ts_10_22 of size 2 found num new op-mutexes 0

[t=0.0658521s, 27200 KB] In ts_10_23 of size 2 found num new op-mutexes 0

[t=0.0659436s, 27200 KB] In ts_10_25 of size 2 found num new op-mutexes 0

[t=0.0660341s, 27200 KB] In ts_10_26 of size 2 found num new op-mutexes 0

[t=0.0661249s, 27200 KB] In ts_10_29 of size 2 found num new op-mutexes 0

[t=0.0662155s, 27200 KB] In ts_10_31 of size 2 found num new op-mutexes 0

[t=0.0663104s, 27200 KB] In ts_10_33 of size 4 found num new op-mutexes 0

[t=0.066405s, 27200 KB] In ts_10_36 of size 4 found num new op-mutexes 0

[t=0.0665096s, 27200 KB] In ts_10_38 of size 3 found num new op-mutexes 0

[t=0.0698668s, 27200 KB] In ts_10_50 of size 324 found num new op-mutexes 0
[t=0.0699221s, 27200 KB] Operator mutex finished iteration 10. Found an additional 0 operator mutexes

[t=0.0699571s, 27200 KB] Next pair of indices: (50, 23)
[t=0.0699794s, 27200 KB] M&S algorithm main loop timer: 0.0638515s (after computation of next merge)
[t=0.0706813s, 27200 KB] M&S algorithm main loop timer: 0.0645696s (after merging)
[t=0.0708078s, 27200 KB] M&S algorithm main loop timer: 0.0646879s (after pruning)

[t=0.0708411s, 27200 KB] Operator mutex starting iteration 11

[t=0.0709283s, 27200 KB] In ts_11_0 of size 2 found num new op-mutexes 0

[t=0.0710259s, 27200 KB] In ts_11_1 of size 3 found num new op-mutexes 0

[t=0.0711186s, 27200 KB] In ts_11_2 of size 2 found num new op-mutexes 0

[t=0.0712111s, 27200 KB] In ts_11_3 of size 2 found num new op-mutexes 0

[t=0.0713096s, 27200 KB] In ts_11_4 of size 2 found num new op-mutexes 0

[t=0.0713992s, 27200 KB] In ts_11_5 of size 2 found num new op-mutexes 0

[t=0.0714887s, 27200 KB] In ts_11_6 of size 2 found num new op-mutexes 0

[t=0.071584s, 27200 KB] In ts_11_7 of size 2 found num new op-mutexes 0

[t=0.0716753s, 27200 KB] In ts_11_9 of size 2 found num new op-mutexes 0

[t=0.0717652s, 27200 KB] In ts_11_10 of size 2 found num new op-mutexes 0

[t=0.0718544s, 27200 KB] In ts_11_11 of size 2 found num new op-mutexes 0

[t=0.0719425s, 27200 KB] In ts_11_12 of size 2 found num new op-mutexes 0

[t=0.0720308s, 27200 KB] In ts_11_13 of size 2 found num new op-mutexes 0

[t=0.072118s, 27200 KB] In ts_11_14 of size 2 found num new op-mutexes 0

[t=0.0722059s, 27200 KB] In ts_11_15 of size 2 found num new op-mutexes 0

[t=0.0723099s, 27200 KB] In ts_11_18 of size 4 found num new op-mutexes 0

[t=0.0724456s, 27200 KB] In ts_11_19 of size 5 found num new op-mutexes 0

[t=0.0725394s, 27200 KB] In ts_11_20 of size 2 found num new op-mutexes 0

[t=0.0726643s, 27200 KB] In ts_11_21 of size 5 found num new op-mutexes 0

[t=0.0727635s, 27200 KB] In ts_11_22 of size 2 found num new op-mutexes 0

[t=0.072857s, 27200 KB] In ts_11_25 of size 2 found num new op-mutexes 0

[t=0.0729462s, 27200 KB] In ts_11_26 of size 2 found num new op-mutexes 0

[t=0.0730362s, 27200 KB] In ts_11_29 of size 2 found num new op-mutexes 0

[t=0.0731245s, 27200 KB] In ts_11_31 of size 2 found num new op-mutexes 0

[t=0.0732178s, 27200 KB] In ts_11_33 of size 4 found num new op-mutexes 0

[t=0.0733111s, 27200 KB] In ts_11_36 of size 4 found num new op-mutexes 0

[t=0.073403s, 27200 KB] In ts_11_38 of size 3 found num new op-mutexes 0

[t=0.0777567s, 27332 KB] In ts_11_51 of size 324 found num new op-mutexes 7420
[t=0.0778087s, 27332 KB] Operator mutex finished iteration 11. Found an additional 7420 operator mutexes

[t=0.0778434s, 27332 KB] Next pair of indices: (51, 21)
[t=0.0778664s, 27332 KB] M&S algorithm main loop timer: 0.0717385s (after computation of next merge)
[t=0.079439s, 27464 KB] M&S algorithm main loop timer: 0.0733396s (after merging)

[t=0.0795815s, 27464 KB] Operator mutex starting iteration 12

[t=0.0796921s, 27464 KB] In ts_12_0 of size 2 found num new op-mutexes 0

[t=0.0797886s, 27464 KB] In ts_12_1 of size 3 found num new op-mutexes 0

[t=0.0798857s, 27464 KB] In ts_12_2 of size 2 found num new op-mutexes 0

[t=0.0799825s, 27464 KB] In ts_12_3 of size 2 found num new op-mutexes 0

[t=0.0800994s, 27464 KB] In ts_12_4 of size 2 found num new op-mutexes 0

[t=0.0801968s, 27464 KB] In ts_12_5 of size 2 found num new op-mutexes 0

[t=0.0802882s, 27464 KB] In ts_12_6 of size 2 found num new op-mutexes 0

[t=0.0803922s, 27464 KB] In ts_12_7 of size 2 found num new op-mutexes 0

[t=0.080484s, 27464 KB] In ts_12_9 of size 2 found num new op-mutexes 0

[t=0.0805821s, 27464 KB] In ts_12_10 of size 2 found num new op-mutexes 0

[t=0.0806723s, 27464 KB] In ts_12_11 of size 2 found num new op-mutexes 0

[t=0.0807695s, 27464 KB] In ts_12_12 of size 2 found num new op-mutexes 0

[t=0.0808665s, 27464 KB] In ts_12_13 of size 2 found num new op-mutexes 0

[t=0.0809618s, 27464 KB] In ts_12_14 of size 2 found num new op-mutexes 0

[t=0.0810566s, 27464 KB] In ts_12_15 of size 2 found num new op-mutexes 0

[t=0.0811589s, 27464 KB] In ts_12_18 of size 4 found num new op-mutexes 0

[t=0.081307s, 27464 KB] In ts_12_19 of size 5 found num new op-mutexes 0

[t=0.0814078s, 27464 KB] In ts_12_20 of size 2 found num new op-mutexes 0

[t=0.0815053s, 27464 KB] In ts_12_22 of size 2 found num new op-mutexes 0

[t=0.0816112s, 27464 KB] In ts_12_25 of size 2 found num new op-mutexes 0

[t=0.0817074s, 27464 KB] In ts_12_26 of size 2 found num new op-mutexes 0

[t=0.0818033s, 27464 KB] In ts_12_29 of size 2 found num new op-mutexes 0

[t=0.0819002s, 27464 KB] In ts_12_31 of size 2 found num new op-mutexes 0

[t=0.0820009s, 27464 KB] In ts_12_33 of size 4 found num new op-mutexes 0

[t=0.0821028s, 27464 KB] In ts_12_36 of size 4 found num new op-mutexes 0

[t=0.0822018s, 27464 KB] In ts_12_38 of size 3 found num new op-mutexes 0

[t=0.0901304s, 28404 KB] In ts_12_52 of size 1620 found num new op-mutexes 0
[t=0.0901796s, 28404 KB] Operator mutex finished iteration 12. Found an additional 0 operator mutexes

[t=0.0902152s, 28404 KB] Next pair of indices: (52, 33)
[t=0.0902384s, 28404 KB] M&S algorithm main loop timer: 0.0841106s (after computation of next merge)
[t=0.0966437s, 28684 KB] M&S algorithm main loop timer: 0.0905315s (after merging)
[t=0.097505s, 28684 KB] M&S algorithm main loop timer: 0.0914072s (after pruning)

[t=0.0975611s, 28684 KB] Operator mutex starting iteration 13

[t=0.0976665s, 28684 KB] In ts_13_0 of size 2 found num new op-mutexes 0

[t=0.0977654s, 28684 KB] In ts_13_1 of size 3 found num new op-mutexes 0

[t=0.0978566s, 28684 KB] In ts_13_2 of size 2 found num new op-mutexes 0

[t=0.0979469s, 28684 KB] In ts_13_3 of size 2 found num new op-mutexes 0

[t=0.0980365s, 28684 KB] In ts_13_4 of size 2 found num new op-mutexes 0

[t=0.0981247s, 28684 KB] In ts_13_5 of size 2 found num new op-mutexes 0

[t=0.0982124s, 28684 KB] In ts_13_6 of size 2 found num new op-mutexes 0

[t=0.098306s, 28684 KB] In ts_13_7 of size 2 found num new op-mutexes 0

[t=0.0983941s, 28684 KB] In ts_13_9 of size 2 found num new op-mutexes 0

[t=0.0984824s, 28684 KB] In ts_13_10 of size 2 found num new op-mutexes 0

[t=0.0985694s, 28684 KB] In ts_13_11 of size 2 found num new op-mutexes 0

[t=0.0986558s, 28684 KB] In ts_13_12 of size 2 found num new op-mutexes 0

[t=0.098742s, 28684 KB] In ts_13_13 of size 2 found num new op-mutexes 0

[t=0.0988278s, 28684 KB] In ts_13_14 of size 2 found num new op-mutexes 0

[t=0.0989136s, 28684 KB] In ts_13_15 of size 2 found num new op-mutexes 0

[t=0.0990065s, 28684 KB] In ts_13_18 of size 4 found num new op-mutexes 0

[t=0.0991494s, 28684 KB] In ts_13_19 of size 5 found num new op-mutexes 0

[t=0.0992508s, 28684 KB] In ts_13_20 of size 2 found num new op-mutexes 0

[t=0.0993407s, 28684 KB] In ts_13_22 of size 2 found num new op-mutexes 0

[t=0.0994298s, 28684 KB] In ts_13_25 of size 2 found num new op-mutexes 0

[t=0.0995172s, 28684 KB] In ts_13_26 of size 2 found num new op-mutexes 0

[t=0.0996199s, 28684 KB] In ts_13_29 of size 2 found num new op-mutexes 0

[t=0.0997195s, 28684 KB] In ts_13_31 of size 2 found num new op-mutexes 0

[t=0.0998123s, 28684 KB] In ts_13_36 of size 4 found num new op-mutexes 0

[t=0.099904s, 28684 KB] In ts_13_38 of size 3 found num new op-mutexes 0

[t=0.116803s, 30708 KB] In ts_13_53 of size 3240 found num new op-mutexes 11520
[t=0.116865s, 30708 KB] Operator mutex finished iteration 13. Found an additional 11520 operator mutexes

[t=0.116901s, 30708 KB] Next pair of indices: (53, 29)
[t=0.116924s, 30708 KB] M&S algorithm main loop timer: 0.110796s (after computation of next merge)
[t=0.124092s, 30708 KB] M&S algorithm main loop timer: 0.117981s (after merging)
[t=0.124936s, 30708 KB] M&S algorithm main loop timer: 0.118836s (after pruning)

[t=0.12499s, 30708 KB] Operator mutex starting iteration 14

[t=0.125073s, 30708 KB] In ts_14_0 of size 2 found num new op-mutexes 0

[t=0.125172s, 30708 KB] In ts_14_1 of size 3 found num new op-mutexes 0

[t=0.125265s, 30708 KB] In ts_14_2 of size 2 found num new op-mutexes 0

[t=0.125356s, 30708 KB] In ts_14_3 of size 2 found num new op-mutexes 0

[t=0.125451s, 30708 KB] In ts_14_4 of size 2 found num new op-mutexes 0

[t=0.12554s, 30708 KB] In ts_14_5 of size 2 found num new op-mutexes 0

[t=0.125629s, 30708 KB] In ts_14_6 of size 2 found num new op-mutexes 0

[t=0.125716s, 30708 KB] In ts_14_7 of size 2 found num new op-mutexes 0

[t=0.125805s, 30708 KB] In ts_14_9 of size 2 found num new op-mutexes 0

[t=0.125901s, 30708 KB] In ts_14_10 of size 2 found num new op-mutexes 0

[t=0.12599s, 30708 KB] In ts_14_11 of size 2 found num new op-mutexes 0

[t=0.126078s, 30708 KB] In ts_14_12 of size 2 found num new op-mutexes 0

[t=0.126166s, 30708 KB] In ts_14_13 of size 2 found num new op-mutexes 0

[t=0.126253s, 30708 KB] In ts_14_14 of size 2 found num new op-mutexes 0

[t=0.12634s, 30708 KB] In ts_14_15 of size 2 found num new op-mutexes 0

[t=0.126442s, 30708 KB] In ts_14_18 of size 4 found num new op-mutexes 0

[t=0.126579s, 30708 KB] In ts_14_19 of size 5 found num new op-mutexes 0

[t=0.126693s, 30708 KB] In ts_14_20 of size 2 found num new op-mutexes 0

[t=0.12688s, 30708 KB] In ts_14_22 of size 2 found num new op-mutexes 0

[t=0.126985s, 30708 KB] In ts_14_25 of size 2 found num new op-mutexes 0

[t=0.127076s, 30708 KB] In ts_14_26 of size 2 found num new op-mutexes 0

[t=0.127167s, 30708 KB] In ts_14_31 of size 2 found num new op-mutexes 0

[t=0.127261s, 30708 KB] In ts_14_36 of size 4 found num new op-mutexes 0

[t=0.127364s, 30708 KB] In ts_14_38 of size 3 found num new op-mutexes 0

[t=0.142254s, 30928 KB] In ts_14_54 of size 3240 found num new op-mutexes 0
[t=0.142326s, 30928 KB] Operator mutex finished iteration 14. Found an additional 0 operator mutexes

[t=0.142362s, 30928 KB] Next pair of indices: (54, 26)
[t=0.142384s, 30928 KB] M&S algorithm main loop timer: 0.136256s (after computation of next merge)
[t=0.151559s, 30928 KB] M&S algorithm main loop timer: 0.145476s (after merging)
[t=0.153225s, 30928 KB] M&S algorithm main loop timer: 0.147142s (after pruning)

[t=0.153297s, 30928 KB] Operator mutex starting iteration 15

[t=0.153397s, 30928 KB] In ts_15_0 of size 2 found num new op-mutexes 0

[t=0.1535s, 30928 KB] In ts_15_1 of size 3 found num new op-mutexes 0

[t=0.1536s, 30928 KB] In ts_15_2 of size 2 found num new op-mutexes 0

[t=0.153698s, 30928 KB] In ts_15_3 of size 2 found num new op-mutexes 0

[t=0.153795s, 30928 KB] In ts_15_4 of size 2 found num new op-mutexes 0

[t=0.15389s, 30928 KB] In ts_15_5 of size 2 found num new op-mutexes 0

[t=0.153984s, 30928 KB] In ts_15_6 of size 2 found num new op-mutexes 0

[t=0.154078s, 30928 KB] In ts_15_7 of size 2 found num new op-mutexes 0

[t=0.154173s, 30928 KB] In ts_15_9 of size 2 found num new op-mutexes 0

[t=0.154266s, 30928 KB] In ts_15_10 of size 2 found num new op-mutexes 0

[t=0.154369s, 30928 KB] In ts_15_11 of size 2 found num new op-mutexes 0

[t=0.154463s, 30928 KB] In ts_15_12 of size 2 found num new op-mutexes 0

[t=0.15457s, 30928 KB] In ts_15_13 of size 2 found num new op-mutexes 0

[t=0.154663s, 30928 KB] In ts_15_14 of size 2 found num new op-mutexes 0

[t=0.154753s, 30928 KB] In ts_15_15 of size 2 found num new op-mutexes 0

[t=0.154852s, 30928 KB] In ts_15_18 of size 4 found num new op-mutexes 0

[t=0.155021s, 30928 KB] In ts_15_19 of size 5 found num new op-mutexes 0

[t=0.155121s, 30928 KB] In ts_15_20 of size 2 found num new op-mutexes 0

[t=0.155215s, 30928 KB] In ts_15_22 of size 2 found num new op-mutexes 0

[t=0.155305s, 30928 KB] In ts_15_25 of size 2 found num new op-mutexes 0

[t=0.155395s, 30928 KB] In ts_15_31 of size 2 found num new op-mutexes 0

[t=0.155489s, 30928 KB] In ts_15_36 of size 4 found num new op-mutexes 0

[t=0.155581s, 30928 KB] In ts_15_38 of size 3 found num new op-mutexes 0
[t=0.155702s, 30928 KB] Operator mutex finished iteration 15. Found an additional 0 operator mutexes

[t=0.155736s, 30928 KB] Next pair of indices: (55, 22)
[t=0.155757s, 30928 KB] M&S algorithm main loop timer: 0.149628s (after computation of next merge)
[t=0.172714s, 31728 KB] M&S algorithm main loop timer: 0.16661s (after merging)
[t=0.174546s, 31728 KB] M&S algorithm main loop timer: 0.168429s (after pruning)

[t=0.174584s, 31728 KB] Operator mutex starting iteration 16

[t=0.174668s, 31728 KB] In ts_16_0 of size 2 found num new op-mutexes 0

[t=0.174765s, 31728 KB] In ts_16_1 of size 3 found num new op-mutexes 0

[t=0.174874s, 31728 KB] In ts_16_2 of size 2 found num new op-mutexes 0

[t=0.174967s, 31728 KB] In ts_16_3 of size 2 found num new op-mutexes 0

[t=0.175058s, 31728 KB] In ts_16_4 of size 2 found num new op-mutexes 0

[t=0.175147s, 31728 KB] In ts_16_5 of size 2 found num new op-mutexes 0

[t=0.175234s, 31728 KB] In ts_16_6 of size 2 found num new op-mutexes 0

[t=0.175321s, 31728 KB] In ts_16_7 of size 2 found num new op-mutexes 0

[t=0.175409s, 31728 KB] In ts_16_9 of size 2 found num new op-mutexes 0

[t=0.175496s, 31728 KB] In ts_16_10 of size 2 found num new op-mutexes 0

[t=0.175583s, 31728 KB] In ts_16_11 of size 2 found num new op-mutexes 0

[t=0.17569s, 31728 KB] In ts_16_12 of size 2 found num new op-mutexes 0

[t=0.175785s, 31728 KB] In ts_16_13 of size 2 found num new op-mutexes 0

[t=0.175873s, 31728 KB] In ts_16_14 of size 2 found num new op-mutexes 0

[t=0.17596s, 31728 KB] In ts_16_15 of size 2 found num new op-mutexes 0

[t=0.176054s, 31728 KB] In ts_16_18 of size 4 found num new op-mutexes 0

[t=0.176214s, 31728 KB] In ts_16_19 of size 5 found num new op-mutexes 0

[t=0.176306s, 31728 KB] In ts_16_20 of size 2 found num new op-mutexes 0

[t=0.176403s, 31728 KB] In ts_16_25 of size 2 found num new op-mutexes 0

[t=0.176493s, 31728 KB] In ts_16_31 of size 2 found num new op-mutexes 0

[t=0.176586s, 31728 KB] In ts_16_36 of size 4 found num new op-mutexes 0

[t=0.176678s, 31728 KB] In ts_16_38 of size 3 found num new op-mutexes 0
[t=0.1768s, 31728 KB] Operator mutex finished iteration 16. Found an additional 0 operator mutexes

[t=0.176833s, 31728 KB] Next pair of indices: (56, 19)
[t=0.176855s, 31728 KB] M&S algorithm main loop timer: 0.170726s (after computation of next merge)
[t=0.215886s, 36788 KB] M&S algorithm main loop timer: 0.209812s (after merging)
[t=0.224455s, 36788 KB] M&S algorithm main loop timer: 0.218342s (after pruning)

[t=0.224498s, 36788 KB] Operator mutex starting iteration 17

[t=0.224593s, 36788 KB] In ts_17_0 of size 2 found num new op-mutexes 0

[t=0.224693s, 36788 KB] In ts_17_1 of size 3 found num new op-mutexes 0

[t=0.224785s, 36788 KB] In ts_17_2 of size 2 found num new op-mutexes 0

[t=0.224876s, 36788 KB] In ts_17_3 of size 2 found num new op-mutexes 0

[t=0.224965s, 36788 KB] In ts_17_4 of size 2 found num new op-mutexes 0

[t=0.225054s, 36788 KB] In ts_17_5 of size 2 found num new op-mutexes 0

[t=0.225141s, 36788 KB] In ts_17_6 of size 2 found num new op-mutexes 0

[t=0.225235s, 36788 KB] In ts_17_7 of size 2 found num new op-mutexes 0

[t=0.225351s, 36788 KB] In ts_17_9 of size 2 found num new op-mutexes 0

[t=0.225442s, 36788 KB] In ts_17_10 of size 2 found num new op-mutexes 0

[t=0.225533s, 36788 KB] In ts_17_11 of size 2 found num new op-mutexes 0

[t=0.225625s, 36788 KB] In ts_17_12 of size 2 found num new op-mutexes 0

[t=0.225712s, 36788 KB] In ts_17_13 of size 2 found num new op-mutexes 0

[t=0.225798s, 36788 KB] In ts_17_14 of size 2 found num new op-mutexes 0

[t=0.225885s, 36788 KB] In ts_17_15 of size 2 found num new op-mutexes 0

[t=0.22598s, 36788 KB] In ts_17_18 of size 4 found num new op-mutexes 0

[t=0.22607s, 36788 KB] In ts_17_20 of size 2 found num new op-mutexes 0

[t=0.226167s, 36788 KB] In ts_17_25 of size 2 found num new op-mutexes 0

[t=0.226256s, 36788 KB] In ts_17_31 of size 2 found num new op-mutexes 0

[t=0.226349s, 36788 KB] In ts_17_36 of size 4 found num new op-mutexes 0

[t=0.226441s, 36788 KB] In ts_17_38 of size 3 found num new op-mutexes 0
[t=0.226782s, 36788 KB] Operator mutex finished iteration 17. Found an additional 0 operator mutexes

[t=0.226819s, 36788 KB] Next pair of indices: (57, 36)
[t=0.226841s, 36788 KB] M&S algorithm main loop timer: 0.220713s (after computation of next merge)
[t=0.282212s, 37052 KB] M&S algorithm main loop timer: 0.276148s (after shrinking)
[t=0.346322s, 44548 KB] M&S algorithm main loop timer: 0.340253s (after merging)

[t=0.348689s, 44548 KB] Operator mutex starting iteration 18

[t=0.348785s, 44548 KB] In ts_18_0 of size 2 found num new op-mutexes 0

[t=0.348888s, 44548 KB] In ts_18_1 of size 3 found num new op-mutexes 0

[t=0.34899s, 44548 KB] In ts_18_2 of size 2 found num new op-mutexes 0

[t=0.349091s, 44548 KB] In ts_18_3 of size 2 found num new op-mutexes 0

[t=0.349182s, 44548 KB] In ts_18_4 of size 2 found num new op-mutexes 0

[t=0.34927s, 44548 KB] In ts_18_5 of size 2 found num new op-mutexes 0

[t=0.349357s, 44548 KB] In ts_18_6 of size 2 found num new op-mutexes 0

[t=0.349443s, 44548 KB] In ts_18_7 of size 2 found num new op-mutexes 0

[t=0.34953s, 44548 KB] In ts_18_9 of size 2 found num new op-mutexes 0

[t=0.349617s, 44548 KB] In ts_18_10 of size 2 found num new op-mutexes 0

[t=0.349702s, 44548 KB] In ts_18_11 of size 2 found num new op-mutexes 0

[t=0.349788s, 44548 KB] In ts_18_12 of size 2 found num new op-mutexes 0

[t=0.349874s, 44548 KB] In ts_18_13 of size 2 found num new op-mutexes 0

[t=0.349959s, 44548 KB] In ts_18_14 of size 2 found num new op-mutexes 0

[t=0.350045s, 44548 KB] In ts_18_15 of size 2 found num new op-mutexes 0

[t=0.350138s, 44548 KB] In ts_18_18 of size 4 found num new op-mutexes 0

[t=0.350228s, 44548 KB] In ts_18_20 of size 2 found num new op-mutexes 0

[t=0.350316s, 44548 KB] In ts_18_25 of size 2 found num new op-mutexes 0

[t=0.350404s, 44548 KB] In ts_18_31 of size 2 found num new op-mutexes 0

[t=0.350501s, 44548 KB] In ts_18_38 of size 3 found num new op-mutexes 0
[t=0.351312s, 44548 KB] Operator mutex finished iteration 18. Found an additional 0 operator mutexes

[t=0.351351s, 44548 KB] Next pair of indices: (58, 31)
[t=0.351373s, 44548 KB] M&S algorithm main loop timer: 0.345245s (after computation of next merge)
[t=0.449266s, 45328 KB] M&S algorithm main loop timer: 0.443198s (after shrinking)
[t=0.529089s, 48600 KB] M&S algorithm main loop timer: 0.523024s (after merging)

[t=0.531837s, 48600 KB] Operator mutex starting iteration 19

[t=0.531936s, 48600 KB] In ts_19_0 of size 2 found num new op-mutexes 0

[t=0.532037s, 48600 KB] In ts_19_1 of size 3 found num new op-mutexes 0

[t=0.53213s, 48600 KB] In ts_19_2 of size 2 found num new op-mutexes 0

[t=0.532221s, 48600 KB] In ts_19_3 of size 2 found num new op-mutexes 0

[t=0.532311s, 48600 KB] In ts_19_4 of size 2 found num new op-mutexes 0

[t=0.5324s, 48600 KB] In ts_19_5 of size 2 found num new op-mutexes 0

[t=0.532503s, 48600 KB] In ts_19_6 of size 2 found num new op-mutexes 0

[t=0.532593s, 48600 KB] In ts_19_7 of size 2 found num new op-mutexes 0

[t=0.532682s, 48600 KB] In ts_19_9 of size 2 found num new op-mutexes 0

[t=0.532769s, 48600 KB] In ts_19_10 of size 2 found num new op-mutexes 0

[t=0.532887s, 48600 KB] In ts_19_11 of size 2 found num new op-mutexes 0

[t=0.532977s, 48600 KB] In ts_19_12 of size 2 found num new op-mutexes 0

[t=0.533063s, 48600 KB] In ts_19_13 of size 2 found num new op-mutexes 0

[t=0.53315s, 48600 KB] In ts_19_14 of size 2 found num new op-mutexes 0

[t=0.533237s, 48600 KB] In ts_19_15 of size 2 found num new op-mutexes 0

[t=0.533334s, 48600 KB] In ts_19_18 of size 4 found num new op-mutexes 0

[t=0.533438s, 48600 KB] In ts_19_20 of size 2 found num new op-mutexes 0

[t=0.533527s, 48600 KB] In ts_19_25 of size 2 found num new op-mutexes 0

[t=0.533619s, 48600 KB] In ts_19_38 of size 3 found num new op-mutexes 0
[t=0.534813s, 48600 KB] Operator mutex finished iteration 19. Found an additional 0 operator mutexes

[t=0.534856s, 48600 KB] Next pair of indices: (59, 25)
[t=0.53489s, 48600 KB] M&S algorithm main loop timer: 0.528762s (after computation of next merge)
[t=0.640603s, 49156 KB] M&S algorithm main loop timer: 0.634539s (after shrinking)
[t=0.721124s, 51968 KB] M&S algorithm main loop timer: 0.715058s (after merging)

[t=0.723868s, 51968 KB] Operator mutex starting iteration 20

[t=0.723982s, 51968 KB] In ts_20_0 of size 2 found num new op-mutexes 0

[t=0.724085s, 51968 KB] In ts_20_1 of size 3 found num new op-mutexes 0

[t=0.724184s, 51968 KB] In ts_20_2 of size 2 found num new op-mutexes 0

[t=0.724274s, 51968 KB] In ts_20_3 of size 2 found num new op-mutexes 0

[t=0.724365s, 51968 KB] In ts_20_4 of size 2 found num new op-mutexes 0

[t=0.724452s, 51968 KB] In ts_20_5 of size 2 found num new op-mutexes 0

[t=0.72454s, 51968 KB] In ts_20_6 of size 2 found num new op-mutexes 0

[t=0.724627s, 51968 KB] In ts_20_7 of size 2 found num new op-mutexes 0

[t=0.724723s, 51968 KB] In ts_20_9 of size 2 found num new op-mutexes 0

[t=0.72481s, 51968 KB] In ts_20_10 of size 2 found num new op-mutexes 0

[t=0.724897s, 51968 KB] In ts_20_11 of size 2 found num new op-mutexes 0

[t=0.724983s, 51968 KB] In ts_20_12 of size 2 found num new op-mutexes 0

[t=0.725069s, 51968 KB] In ts_20_13 of size 2 found num new op-mutexes 0

[t=0.725154s, 51968 KB] In ts_20_14 of size 2 found num new op-mutexes 0

[t=0.72524s, 51968 KB] In ts_20_15 of size 2 found num new op-mutexes 0

[t=0.725332s, 51968 KB] In ts_20_18 of size 4 found num new op-mutexes 0

[t=0.725423s, 51968 KB] In ts_20_20 of size 2 found num new op-mutexes 0

[t=0.725514s, 51968 KB] In ts_20_38 of size 3 found num new op-mutexes 0
[t=0.726727s, 51968 KB] Operator mutex finished iteration 20. Found an additional 0 operator mutexes

[t=0.726768s, 51968 KB] Next pair of indices: (60, 20)
[t=0.726791s, 51968 KB] M&S algorithm main loop timer: 0.720663s (after computation of next merge)
[t=0.842659s, 52716 KB] M&S algorithm main loop timer: 0.836597s (after shrinking)
[t=0.916526s, 52716 KB] M&S algorithm main loop timer: 0.91046s (after merging)

[t=0.918678s, 52716 KB] Operator mutex starting iteration 21

[t=0.918776s, 52716 KB] In ts_21_0 of size 2 found num new op-mutexes 0

[t=0.918883s, 52716 KB] In ts_21_1 of size 3 found num new op-mutexes 0

[t=0.918976s, 52716 KB] In ts_21_2 of size 2 found num new op-mutexes 0

[t=0.919075s, 52716 KB] In ts_21_3 of size 2 found num new op-mutexes 0

[t=0.919167s, 52716 KB] In ts_21_4 of size 2 found num new op-mutexes 0

[t=0.919255s, 52716 KB] In ts_21_5 of size 2 found num new op-mutexes 0

[t=0.91935s, 52716 KB] In ts_21_6 of size 2 found num new op-mutexes 0

[t=0.919442s, 52716 KB] In ts_21_7 of size 2 found num new op-mutexes 0

[t=0.919539s, 52716 KB] In ts_21_9 of size 2 found num new op-mutexes 0

[t=0.919626s, 52716 KB] In ts_21_10 of size 2 found num new op-mutexes 0

[t=0.919713s, 52716 KB] In ts_21_11 of size 2 found num new op-mutexes 0

[t=0.9198s, 52716 KB] In ts_21_12 of size 2 found num new op-mutexes 0

[t=0.919887s, 52716 KB] In ts_21_13 of size 2 found num new op-mutexes 0

[t=0.919973s, 52716 KB] In ts_21_14 of size 2 found num new op-mutexes 0

[t=0.92006s, 52716 KB] In ts_21_15 of size 2 found num new op-mutexes 0

[t=0.920154s, 52716 KB] In ts_21_18 of size 4 found num new op-mutexes 0

[t=0.920249s, 52716 KB] In ts_21_38 of size 3 found num new op-mutexes 0
[t=0.9214s, 52716 KB] Operator mutex finished iteration 21. Found an additional 0 operator mutexes

[t=0.921439s, 52716 KB] Next pair of indices: (61, 18)
[t=0.921462s, 52716 KB] M&S algorithm main loop timer: 0.915334s (after computation of next merge)
[t=1.01563s, 52716 KB] M&S algorithm main loop timer: 1.00957s (after shrinking)
[t=1.11315s, 56520 KB] M&S algorithm main loop timer: 1.10709s (after merging)

[t=1.11563s, 56520 KB] Operator mutex starting iteration 22

[t=1.11573s, 56520 KB] In ts_22_0 of size 2 found num new op-mutexes 0

[t=1.11584s, 56520 KB] In ts_22_1 of size 3 found num new op-mutexes 0

[t=1.11594s, 56520 KB] In ts_22_2 of size 2 found num new op-mutexes 0

[t=1.11604s, 56520 KB] In ts_22_3 of size 2 found num new op-mutexes 0

[t=1.11613s, 56520 KB] In ts_22_4 of size 2 found num new op-mutexes 0

[t=1.11623s, 56520 KB] In ts_22_5 of size 2 found num new op-mutexes 0

[t=1.11632s, 56520 KB] In ts_22_6 of size 2 found num new op-mutexes 0

[t=1.11642s, 56520 KB] In ts_22_7 of size 2 found num new op-mutexes 0

[t=1.11651s, 56520 KB] In ts_22_9 of size 2 found num new op-mutexes 0

[t=1.11661s, 56520 KB] In ts_22_10 of size 2 found num new op-mutexes 0

[t=1.11671s, 56520 KB] In ts_22_11 of size 2 found num new op-mutexes 0

[t=1.11681s, 56520 KB] In ts_22_12 of size 2 found num new op-mutexes 0

[t=1.1169s, 56520 KB] In ts_22_13 of size 2 found num new op-mutexes 0

[t=1.11698s, 56520 KB] In ts_22_14 of size 2 found num new op-mutexes 0

[t=1.11707s, 56520 KB] In ts_22_15 of size 2 found num new op-mutexes 0

[t=1.11716s, 56520 KB] In ts_22_38 of size 3 found num new op-mutexes 0
[t=1.11864s, 56520 KB] Operator mutex finished iteration 22. Found an additional 0 operator mutexes

[t=1.11869s, 56520 KB] Next pair of indices: (62, 15)
[t=1.11871s, 56520 KB] M&S algorithm main loop timer: 1.11258s (after computation of next merge)
[t=1.25291s, 57176 KB] M&S algorithm main loop timer: 1.24685s (after shrinking)
[t=1.35375s, 59852 KB] M&S algorithm main loop timer: 1.34769s (after merging)

[t=1.35614s, 59852 KB] Operator mutex starting iteration 23

[t=1.35624s, 59852 KB] In ts_23_0 of size 2 found num new op-mutexes 0

[t=1.35636s, 59852 KB] In ts_23_1 of size 3 found num new op-mutexes 0

[t=1.35646s, 59852 KB] In ts_23_2 of size 2 found num new op-mutexes 0

[t=1.35655s, 59852 KB] In ts_23_3 of size 2 found num new op-mutexes 0

[t=1.35664s, 59852 KB] In ts_23_4 of size 2 found num new op-mutexes 0

[t=1.35672s, 59852 KB] In ts_23_5 of size 2 found num new op-mutexes 0

[t=1.35681s, 59852 KB] In ts_23_6 of size 2 found num new op-mutexes 0

[t=1.3569s, 59852 KB] In ts_23_7 of size 2 found num new op-mutexes 0

[t=1.35699s, 59852 KB] In ts_23_9 of size 2 found num new op-mutexes 0

[t=1.35708s, 59852 KB] In ts_23_10 of size 2 found num new op-mutexes 0

[t=1.35717s, 59852 KB] In ts_23_11 of size 2 found num new op-mutexes 0

[t=1.35725s, 59852 KB] In ts_23_12 of size 2 found num new op-mutexes 0

[t=1.35734s, 59852 KB] In ts_23_13 of size 2 found num new op-mutexes 0

[t=1.35742s, 59852 KB] In ts_23_14 of size 2 found num new op-mutexes 0

[t=1.35751s, 59852 KB] In ts_23_38 of size 3 found num new op-mutexes 0
[t=1.35926s, 59852 KB] Operator mutex finished iteration 23. Found an additional 0 operator mutexes

[t=1.35931s, 59852 KB] Next pair of indices: (63, 14)
[t=1.35933s, 59852 KB] M&S algorithm main loop timer: 1.3532s (after computation of next merge)
[t=1.50106s, 60516 KB] M&S algorithm main loop timer: 1.495s (after shrinking)
[t=1.60704s, 62184 KB] M&S algorithm main loop timer: 1.60098s (after merging)

[t=1.60941s, 62184 KB] Operator mutex starting iteration 24

[t=1.60951s, 62184 KB] In ts_24_0 of size 2 found num new op-mutexes 0

[t=1.60961s, 62184 KB] In ts_24_1 of size 3 found num new op-mutexes 0

[t=1.60972s, 62184 KB] In ts_24_2 of size 2 found num new op-mutexes 0

[t=1.60981s, 62184 KB] In ts_24_3 of size 2 found num new op-mutexes 0

[t=1.60991s, 62184 KB] In ts_24_4 of size 2 found num new op-mutexes 0

[t=1.61001s, 62184 KB] In ts_24_5 of size 2 found num new op-mutexes 0

[t=1.61009s, 62184 KB] In ts_24_6 of size 2 found num new op-mutexes 0

[t=1.61018s, 62184 KB] In ts_24_7 of size 2 found num new op-mutexes 0

[t=1.61027s, 62184 KB] In ts_24_9 of size 2 found num new op-mutexes 0

[t=1.61037s, 62184 KB] In ts_24_10 of size 2 found num new op-mutexes 0

[t=1.61046s, 62184 KB] In ts_24_11 of size 2 found num new op-mutexes 0

[t=1.61055s, 62184 KB] In ts_24_12 of size 2 found num new op-mutexes 0

[t=1.61063s, 62184 KB] In ts_24_13 of size 2 found num new op-mutexes 0

[t=1.61072s, 62184 KB] In ts_24_38 of size 3 found num new op-mutexes 0
[t=1.61253s, 62184 KB] Operator mutex finished iteration 24. Found an additional 0 operator mutexes

[t=1.61258s, 62184 KB] Next pair of indices: (64, 13)
[t=1.6126s, 62184 KB] M&S algorithm main loop timer: 1.60647s (after computation of next merge)
[t=1.75188s, 62480 KB] M&S algorithm main loop timer: 1.74582s (after shrinking)
[t=1.83365s, 62480 KB] M&S algorithm main loop timer: 1.82759s (after merging)

[t=1.83559s, 62480 KB] Operator mutex starting iteration 25

[t=1.8357s, 62480 KB] In ts_25_0 of size 2 found num new op-mutexes 0

[t=1.8358s, 62480 KB] In ts_25_1 of size 3 found num new op-mutexes 0

[t=1.83589s, 62480 KB] In ts_25_2 of size 2 found num new op-mutexes 0

[t=1.83598s, 62480 KB] In ts_25_3 of size 2 found num new op-mutexes 0

[t=1.83607s, 62480 KB] In ts_25_4 of size 2 found num new op-mutexes 0

[t=1.83617s, 62480 KB] In ts_25_5 of size 2 found num new op-mutexes 0

[t=1.83626s, 62480 KB] In ts_25_6 of size 2 found num new op-mutexes 0

[t=1.83634s, 62480 KB] In ts_25_7 of size 2 found num new op-mutexes 0

[t=1.83643s, 62480 KB] In ts_25_9 of size 2 found num new op-mutexes 0

[t=1.83652s, 62480 KB] In ts_25_10 of size 2 found num new op-mutexes 0

[t=1.8366s, 62480 KB] In ts_25_11 of size 2 found num new op-mutexes 0

[t=1.83669s, 62480 KB] In ts_25_12 of size 2 found num new op-mutexes 0

[t=1.83679s, 62480 KB] In ts_25_38 of size 3 found num new op-mutexes 0
[t=1.83816s, 62480 KB] Operator mutex finished iteration 25. Found an additional 0 operator mutexes

[t=1.8382s, 62480 KB] Next pair of indices: (65, 12)
[t=1.83823s, 62480 KB] M&S algorithm main loop timer: 1.8321s (after computation of next merge)
[t=1.96779s, 62480 KB] M&S algorithm main loop timer: 1.96173s (after shrinking)
[t=2.07094s, 64656 KB] M&S algorithm main loop timer: 2.06487s (after merging)

[t=2.07338s, 64656 KB] Operator mutex starting iteration 26

[t=2.07349s, 64656 KB] In ts_26_0 of size 2 found num new op-mutexes 0

[t=2.07359s, 64656 KB] In ts_26_1 of size 3 found num new op-mutexes 0

[t=2.07369s, 64656 KB] In ts_26_2 of size 2 found num new op-mutexes 0

[t=2.07378s, 64656 KB] In ts_26_3 of size 2 found num new op-mutexes 0

[t=2.07387s, 64656 KB] In ts_26_4 of size 2 found num new op-mutexes 0

[t=2.07395s, 64656 KB] In ts_26_5 of size 2 found num new op-mutexes 0

[t=2.07404s, 64656 KB] In ts_26_6 of size 2 found num new op-mutexes 0

[t=2.07413s, 64656 KB] In ts_26_7 of size 2 found num new op-mutexes 0

[t=2.07421s, 64656 KB] In ts_26_9 of size 2 found num new op-mutexes 0

[t=2.07431s, 64656 KB] In ts_26_10 of size 2 found num new op-mutexes 0

[t=2.0744s, 64656 KB] In ts_26_11 of size 2 found num new op-mutexes 0

[t=2.07449s, 64656 KB] In ts_26_38 of size 3 found num new op-mutexes 0
[t=2.07631s, 64656 KB] Operator mutex finished iteration 26. Found an additional 0 operator mutexes

[t=2.07636s, 64656 KB] Next pair of indices: (66, 11)
[t=2.07638s, 64656 KB] M&S algorithm main loop timer: 2.07025s (after computation of next merge)
[t=2.21335s, 64656 KB] M&S algorithm main loop timer: 2.20729s (after shrinking)
[t=2.29595s, 64656 KB] M&S algorithm main loop timer: 2.28989s (after merging)

[t=2.29808s, 64656 KB] Operator mutex starting iteration 27

[t=2.29818s, 64656 KB] In ts_27_0 of size 2 found num new op-mutexes 0

[t=2.29828s, 64656 KB] In ts_27_1 of size 3 found num new op-mutexes 0

[t=2.29837s, 64656 KB] In ts_27_2 of size 2 found num new op-mutexes 0

[t=2.29846s, 64656 KB] In ts_27_3 of size 2 found num new op-mutexes 0

[t=2.29855s, 64656 KB] In ts_27_4 of size 2 found num new op-mutexes 0

[t=2.29864s, 64656 KB] In ts_27_5 of size 2 found num new op-mutexes 0

[t=2.29873s, 64656 KB] In ts_27_6 of size 2 found num new op-mutexes 0

[t=2.29882s, 64656 KB] In ts_27_7 of size 2 found num new op-mutexes 0

[t=2.2989s, 64656 KB] In ts_27_9 of size 2 found num new op-mutexes 0

[t=2.299s, 64656 KB] In ts_27_10 of size 2 found num new op-mutexes 0

[t=2.29909s, 64656 KB] In ts_27_38 of size 3 found num new op-mutexes 0
[t=2.30058s, 64656 KB] Operator mutex finished iteration 27. Found an additional 0 operator mutexes

[t=2.30063s, 64656 KB] Next pair of indices: (67, 10)
[t=2.30065s, 64656 KB] M&S algorithm main loop timer: 2.29452s (after computation of next merge)
[t=2.43136s, 64656 KB] M&S algorithm main loop timer: 2.42531s (after shrinking)
[t=2.51672s, 64656 KB] M&S algorithm main loop timer: 2.51065s (after merging)

[t=2.51896s, 64656 KB] Operator mutex starting iteration 28

[t=2.51907s, 64656 KB] In ts_28_0 of size 2 found num new op-mutexes 0

[t=2.51917s, 64656 KB] In ts_28_1 of size 3 found num new op-mutexes 0

[t=2.51926s, 64656 KB] In ts_28_2 of size 2 found num new op-mutexes 0

[t=2.51935s, 64656 KB] In ts_28_3 of size 2 found num new op-mutexes 0

[t=2.51946s, 64656 KB] In ts_28_4 of size 2 found num new op-mutexes 0

[t=2.51955s, 64656 KB] In ts_28_5 of size 2 found num new op-mutexes 0

[t=2.51964s, 64656 KB] In ts_28_6 of size 2 found num new op-mutexes 0

[t=2.51975s, 64656 KB] In ts_28_7 of size 2 found num new op-mutexes 0

[t=2.51984s, 64656 KB] In ts_28_9 of size 2 found num new op-mutexes 0

[t=2.51993s, 64656 KB] In ts_28_38 of size 3 found num new op-mutexes 0
[t=2.52147s, 64656 KB] Operator mutex finished iteration 28. Found an additional 0 operator mutexes

[t=2.52151s, 64656 KB] Next pair of indices: (68, 9)
[t=2.52153s, 64656 KB] M&S algorithm main loop timer: 2.5154s (after computation of next merge)
[t=2.64122s, 64656 KB] M&S algorithm main loop timer: 2.63516s (after shrinking)
[t=2.71595s, 64656 KB] M&S algorithm main loop timer: 2.70989s (after merging)

[t=2.71809s, 64656 KB] Operator mutex starting iteration 29

[t=2.71819s, 64656 KB] In ts_29_0 of size 2 found num new op-mutexes 0

[t=2.7183s, 64656 KB] In ts_29_1 of size 3 found num new op-mutexes 0

[t=2.71839s, 64656 KB] In ts_29_2 of size 2 found num new op-mutexes 0

[t=2.71849s, 64656 KB] In ts_29_3 of size 2 found num new op-mutexes 0

[t=2.71858s, 64656 KB] In ts_29_4 of size 2 found num new op-mutexes 0

[t=2.71866s, 64656 KB] In ts_29_5 of size 2 found num new op-mutexes 0

[t=2.71875s, 64656 KB] In ts_29_6 of size 2 found num new op-mutexes 0

[t=2.71883s, 64656 KB] In ts_29_7 of size 2 found num new op-mutexes 0

[t=2.71892s, 64656 KB] In ts_29_38 of size 3 found num new op-mutexes 0
[t=2.72039s, 64656 KB] Operator mutex finished iteration 29. Found an additional 0 operator mutexes

[t=2.72043s, 64656 KB] Next pair of indices: (69, 7)
[t=2.72045s, 64656 KB] M&S algorithm main loop timer: 2.71432s (after computation of next merge)
[t=2.90841s, 64656 KB] M&S algorithm main loop timer: 2.90235s (after shrinking)
[t=3.02363s, 75024 KB] M&S algorithm main loop timer: 3.01758s (after merging)

[t=3.02588s, 75024 KB] Operator mutex starting iteration 30

[t=3.02598s, 75024 KB] In ts_30_0 of size 2 found num new op-mutexes 0

[t=3.02608s, 75024 KB] In ts_30_1 of size 3 found num new op-mutexes 0

[t=3.02618s, 75024 KB] In ts_30_2 of size 2 found num new op-mutexes 0

[t=3.02627s, 75024 KB] In ts_30_3 of size 2 found num new op-mutexes 0

[t=3.02636s, 75024 KB] In ts_30_4 of size 2 found num new op-mutexes 0

[t=3.02645s, 75024 KB] In ts_30_5 of size 2 found num new op-mutexes 0

[t=3.02653s, 75024 KB] In ts_30_6 of size 2 found num new op-mutexes 0

[t=3.02663s, 75024 KB] In ts_30_38 of size 3 found num new op-mutexes 0
[t=3.02895s, 75024 KB] Operator mutex finished iteration 30. Found an additional 0 operator mutexes

[t=3.029s, 75024 KB] Next pair of indices: (70, 6)
[t=3.02902s, 75024 KB] M&S algorithm main loop timer: 3.02289s (after computation of next merge)
[t=3.34446s, 75632 KB] M&S algorithm main loop timer: 3.33841s (after shrinking)
[t=3.55212s, 99656 KB] M&S algorithm main loop timer: 3.54608s (after merging)

[t=3.55467s, 99656 KB] Operator mutex starting iteration 31

[t=3.55477s, 99656 KB] In ts_31_0 of size 2 found num new op-mutexes 0

[t=3.55488s, 99656 KB] In ts_31_1 of size 3 found num new op-mutexes 0

[t=3.55497s, 99656 KB] In ts_31_2 of size 2 found num new op-mutexes 0

[t=3.55506s, 99656 KB] In ts_31_3 of size 2 found num new op-mutexes 0

[t=3.55515s, 99656 KB] In ts_31_4 of size 2 found num new op-mutexes 0

[t=3.55524s, 99656 KB] In ts_31_5 of size 2 found num new op-mutexes 0

[t=3.55533s, 99656 KB] In ts_31_38 of size 3 found num new op-mutexes 0
[t=3.56502s, 99656 KB] Operator mutex finished iteration 31. Found an additional 0 operator mutexes

[t=3.5651s, 99656 KB] Next pair of indices: (71, 5)
[t=3.56512s, 99656 KB] M&S algorithm main loop timer: 3.55899s (after computation of next merge)
[t=3.80364s, 99972 KB] M&S algorithm main loop timer: 3.79758s (after shrinking)
[t=3.84418s, 99972 KB] M&S algorithm main loop timer: 3.83812s (after merging)

[t=3.84556s, 99972 KB] Operator mutex starting iteration 32

[t=3.84566s, 99972 KB] In ts_32_0 of size 2 found num new op-mutexes 0

[t=3.84577s, 99972 KB] In ts_32_1 of size 3 found num new op-mutexes 0

[t=3.84586s, 99972 KB] In ts_32_2 of size 2 found num new op-mutexes 0

[t=3.84597s, 99972 KB] In ts_32_3 of size 2 found num new op-mutexes 0

[t=3.84606s, 99972 KB] In ts_32_4 of size 2 found num new op-mutexes 0

[t=3.84615s, 99972 KB] In ts_32_38 of size 3 found num new op-mutexes 0
[t=3.84704s, 99972 KB] Operator mutex finished iteration 32. Found an additional 0 operator mutexes

[t=3.84708s, 99972 KB] Next pair of indices: (72, 4)
[t=3.8471s, 99972 KB] M&S algorithm main loop timer: 3.84097s (after computation of next merge)
[t=3.97401s, 99972 KB] M&S algorithm main loop timer: 3.96794s (after merging)
[t=3.99468s, 99972 KB] M&S algorithm main loop timer: 3.98859s (after pruning)

[t=3.99475s, 99972 KB] Operator mutex starting iteration 33

[t=3.99485s, 99972 KB] In ts_33_0 of size 2 found num new op-mutexes 0

[t=3.99495s, 99972 KB] In ts_33_1 of size 3 found num new op-mutexes 0

[t=3.99505s, 99972 KB] In ts_33_2 of size 2 found num new op-mutexes 0

[t=3.99515s, 99972 KB] In ts_33_3 of size 2 found num new op-mutexes 0

[t=3.99525s, 99972 KB] In ts_33_38 of size 3 found num new op-mutexes 0
[t=3.99623s, 99972 KB] Operator mutex finished iteration 33. Found an additional 0 operator mutexes

[t=3.99627s, 99972 KB] Next pair of indices: (73, 3)
[t=3.9963s, 99972 KB] M&S algorithm main loop timer: 3.99017s (after computation of next merge)
[t=4.13922s, 99972 KB] M&S algorithm main loop timer: 4.13319s (after shrinking)
[t=4.23422s, 99972 KB] M&S algorithm main loop timer: 4.22816s (after merging)

[t=4.23624s, 99972 KB] Operator mutex starting iteration 34

[t=4.23634s, 99972 KB] In ts_34_0 of size 2 found num new op-mutexes 0

[t=4.23645s, 99972 KB] In ts_34_1 of size 3 found num new op-mutexes 0

[t=4.23654s, 99972 KB] In ts_34_2 of size 2 found num new op-mutexes 0

[t=4.23664s, 99972 KB] In ts_34_38 of size 3 found num new op-mutexes 0
[t=4.24037s, 99972 KB] Operator mutex finished iteration 34. Found an additional 0 operator mutexes

[t=4.24044s, 99972 KB] Next pair of indices: (74, 2)
[t=4.24047s, 99972 KB] M&S algorithm main loop timer: 4.23434s (after computation of next merge)
[t=4.37322s, 99972 KB] M&S algorithm main loop timer: 4.36718s (after shrinking)
[t=4.43987s, 99972 KB] M&S algorithm main loop timer: 4.43381s (after merging)

[t=4.44212s, 99972 KB] Operator mutex starting iteration 35

[t=4.44222s, 99972 KB] In ts_35_0 of size 2 found num new op-mutexes 0

[t=4.44232s, 99972 KB] In ts_35_1 of size 3 found num new op-mutexes 0

[t=4.44242s, 99972 KB] In ts_35_38 of size 3 found num new op-mutexes 0
[t=4.44372s, 99972 KB] Operator mutex finished iteration 35. Found an additional 0 operator mutexes

[t=4.44376s, 99972 KB] Next pair of indices: (75, 1)
[t=4.44378s, 99972 KB] M&S algorithm main loop timer: 4.43765s (after computation of next merge)
[t=4.51411s, 99972 KB] M&S algorithm main loop timer: 4.50832s (after shrinking)
[t=4.51514s, 99972 KB] M&S algorithm main loop timer: 4.50903s (after merging)

[t=4.51519s, 99972 KB] Operator mutex starting iteration 36

[t=4.51529s, 99972 KB] In ts_36_0 of size 2 found num new op-mutexes 0

[t=4.51539s, 99972 KB] In ts_36_38 of size 3 found num new op-mutexes 0

[t=4.52484s, 99972 KB] In ts_36_76 of size 153 found num new op-mutexes 6872
[t=4.5249s, 99972 KB] Operator mutex finished iteration 36. Found an additional 6872 operator mutexes

[t=4.52493s, 99972 KB] Next pair of indices: (76, 0)
[t=4.52496s, 99972 KB] M&S algorithm main loop timer: 4.51883s (after computation of next merge)
[t=4.52648s, 99972 KB] M&S algorithm main loop timer: 4.52036s (after merging)
[t=4.52681s, 99972 KB] M&S algorithm main loop timer: 4.52069s (after pruning)

[t=4.52684s, 99972 KB] Operator mutex starting iteration 37

[t=4.52693s, 99972 KB] In ts_37_38 of size 3 found num new op-mutexes 0

[t=4.53301s, 99972 KB] In ts_37_77 of size 153 found num new op-mutexes 0
[t=4.53306s, 99972 KB] Operator mutex finished iteration 37. Found an additional 0 operator mutexes

[t=4.53309s, 99972 KB] Next pair of indices: (77, 38)
[t=4.53311s, 99972 KB] M&S algorithm main loop timer: 4.52699s (after computation of next merge)
[t=4.5335s, 99972 KB] M&S algorithm main loop timer: 4.52738s (after shrinking)
[t=4.53471s, 99972 KB] M&S algorithm main loop timer: 4.5286s (after merging)

[t=4.53477s, 99972 KB] Operator mutex starting iteration 38

[t=4.54308s, 99972 KB] In ts_38_78 of size 306 found num new op-mutexes 0
[t=4.54314s, 99972 KB] Operator mutex finished iteration 38. Found an additional 0 operator mutexes

[t=4.54317s, 99972 KB] End of merge-and-shrink algorithm, statistics:
[t=4.5432s, 99972 KB] Main loop runtime: 4.53707s
[t=4.54322s, 99972 KB] Maximum intermediate abstraction size: 49672
[t=4.54324s, 99972 KB] Final peak memory increase of merge-and-shrink algorithm: 77240 KB
[t=4.54327s, 99972 KB] Merge-and-shrink algorithm runtime: 4.5396s

[t=4.54329s, 99972 KB] Number of labels: 428
[t=4.54331s, 99972 KB] Total number of operator mutexes: 68736
[t=4.54333s, 99972 KB] Operator Mutex total time: 0.201776s
[t=4.54336s, 99972 KB] Number of remaining factors: 1
[t=4.54339s, 99972 KB] Number of factors kept: 1
[t=4.54341s, 99972 KB] Done initializing merge-and-shrink heuristic.

[t=4.54461s, 99972 KB] Building successor generator...done!
[t=4.54615s, 99972 KB] peak memory difference for successor generator creation: 0 KB
[t=4.54617s, 99972 KB] time for successor generation creation: 0.000208677s
[t=4.5462s, 99972 KB] Variables: 40
[t=4.54622s, 99972 KB] FactPairs: 103
[t=4.54624s, 99972 KB] Bytes per state: 8
[t=4.54637s, 99972 KB] Conducting best first search with reopening closed nodes, (real) bound = 2147483647
[t=4.54644s, 99972 KB] New best heuristic value for merge_and_shrink(op_mutex = op_mutex(use_previous_ops = nopo, reachability_strategy = goal), merge_strategy = merge_precomputed(linear), shrink_strategy = shrink_bisimulation(greedy = false, at_limit = return)): 195
[t=4.54646s, 99972 KB] g=0, 1 evaluated, 0 expanded
[t=4.5465s, 99972 KB] f = 195, 1 evaluated, 0 expanded
[t=4.54652s, 99972 KB] Initial heuristic value for merge_and_shrink(op_mutex = op_mutex(use_previous_ops = nopo, reachability_strategy = goal), merge_strategy = merge_precomputed(linear), shrink_strategy = shrink_bisimulation(greedy = false, at_limit = return)): 195
[t=4.54654s, 99972 KB] pruning method: none
[t=4.54658s, 99972 KB] New best heuristic value for merge_and_shrink(op_mutex = op_mutex(use_previous_ops = nopo, reachability_strategy = goal), merge_strategy = merge_precomputed(linear), shrink_strategy = shrink_bisimulation(greedy = false, at_limit = return)): 185
[t=4.5466s, 99972 KB] g=30, 3 evaluated, 1 expanded
[t=4.54664s, 99972 KB] New best heuristic value for merge_and_shrink(op_mutex = op_mutex(use_previous_ops = nopo, reachability_strategy = goal), merge_strategy = merge_precomputed(linear), shrink_strategy = shrink_bisimulation(greedy = false, at_limit = return)): 175
[t=4.54666s, 99972 KB] g=30, 7 evaluated, 1 expanded
[t=4.54669s, 99972 KB] New best heuristic value for merge_and_shrink(op_mutex = op_mutex(use_previous_ops = nopo, reachability_strategy = goal), merge_strategy = merge_precomputed(linear), shrink_strategy = shrink_bisimulation(greedy = false, at_limit = return)): 165
[t=4.54671s, 99972 KB] g=30, 11 evaluated, 1 expanded
[t=4.54676s, 99972 KB] New best heuristic value for merge_and_shrink(op_mutex = op_mutex(use_previous_ops = nopo, reachability_strategy = goal), merge_strategy = merge_precomputed(linear), shrink_strategy = shrink_bisimulation(greedy = false, at_limit = return)): 155
[t=4.54678s, 99972 KB] g=60, 13 evaluated, 2 expanded
[t=4.54684s, 99972 KB] f = 200, 23 evaluated, 2 expanded
[t=4.54686s, 99972 KB] New best heuristic value for merge_and_shrink(op_mutex = op_mutex(use_previous_ops = nopo, reachability_strategy = goal), merge_strategy = merge_precomputed(linear), shrink_strategy = shrink_bisimulation(greedy = false, at_limit = return)): 150
[t=4.54688s, 99972 KB] g=75, 24 evaluated, 3 expanded
[t=4.5469s, 99972 KB] New best heuristic value for merge_and_shrink(op_mutex = op_mutex(use_previous_ops = nopo, reachability_strategy = goal), merge_strategy = merge_precomputed(linear), shrink_strategy = shrink_bisimulation(greedy = false, at_limit = return)): 140
[t=4.54691s, 99972 KB] g=75, 25 evaluated, 3 expanded
[t=4.54694s, 99972 KB] f = 205, 31 evaluated, 3 expanded
[t=4.54702s, 99972 KB] New best heuristic value for merge_and_shrink(op_mutex = op_mutex(use_previous_ops = nopo, reachability_strategy = goal), merge_strategy = merge_precomputed(linear), shrink_strategy = shrink_bisimulation(greedy = false, at_limit = return)): 135
[t=4.54703s, 99972 KB] g=90, 49 evaluated, 6 expanded
[t=4.54709s, 99972 KB] New best heuristic value for merge_and_shrink(op_mutex = op_mutex(use_previous_ops = nopo, reachability_strategy = goal), merge_strategy = merge_precomputed(linear), shrink_strategy = shrink_bisimulation(greedy = false, at_limit = return)): 125
[t=4.5471s, 99972 KB] g=100, 62 evaluated, 7 expanded
[t=4.54716s, 99972 KB] New best heuristic value for merge_and_shrink(op_mutex = op_mutex(use_previous_ops = nopo, reachability_strategy = goal), merge_strategy = merge_precomputed(linear), shrink_strategy = shrink_bisimulation(greedy = false, at_limit = return)): 105
[t=4.54717s, 99972 KB] g=100, 73 evaluated, 7 expanded
[t=4.54721s, 99972 KB] New best heuristic value for merge_and_shrink(op_mutex = op_mutex(use_previous_ops = nopo, reachability_strategy = goal), merge_strategy = merge_precomputed(linear), shrink_strategy = shrink_bisimulation(greedy = false, at_limit = return)): 95
[t=4.54722s, 99972 KB] g=130, 77 evaluated, 8 expanded
[t=4.5473s, 99972 KB] New best heuristic value for merge_and_shrink(op_mutex = op_mutex(use_previous_ops = nopo, reachability_strategy = goal), merge_strategy = merge_precomputed(linear), shrink_strategy = shrink_bisimulation(greedy = false, at_limit = return)): 85
[t=4.54731s, 99972 KB] g=140, 94 evaluated, 9 expanded
[t=4.54742s, 99972 KB] New best heuristic value for merge_and_shrink(op_mutex = op_mutex(use_previous_ops = nopo, reachability_strategy = goal), merge_strategy = merge_precomputed(linear), shrink_strategy = shrink_bisimulation(greedy = false, at_limit = return)): 80
[t=4.54745s, 99972 KB] g=125, 111 evaluated, 9 expanded
[t=4.5475s, 99972 KB] New best heuristic value for merge_and_shrink(op_mutex = op_mutex(use_previous_ops = nopo, reachability_strategy = goal), merge_strategy = merge_precomputed(linear), shrink_strategy = shrink_bisimulation(greedy = false, at_limit = return)): 70
[t=4.54753s, 99972 KB] g=155, 113 evaluated, 10 expanded
[t=4.54761s, 99972 KB] New best heuristic value for merge_and_shrink(op_mutex = op_mutex(use_previous_ops = nopo, reachability_strategy = goal), merge_strategy = merge_precomputed(linear), shrink_strategy = shrink_bisimulation(greedy = false, at_limit = return)): 60
[t=4.54763s, 99972 KB] g=165, 128 evaluated, 11 expanded
[t=4.5477s, 99972 KB] New best heuristic value for merge_and_shrink(op_mutex = op_mutex(use_previous_ops = nopo, reachability_strategy = goal), merge_strategy = merge_precomputed(linear), shrink_strategy = shrink_bisimulation(greedy = false, at_limit = return)): 50
[t=4.54773s, 99972 KB] g=175, 139 evaluated, 12 expanded
[t=4.54879s, 99972 KB] f = 210, 515 evaluated, 51 expanded
[t=4.54926s, 99972 KB] f = 215, 679 evaluated, 75 expanded
[t=4.55138s, 99972 KB] f = 220, 1479 evaluated, 168 expanded
[t=4.55247s, 99972 KB] f = 225, 1899 evaluated, 238 expanded
[t=4.55253s, 99972 KB] New best heuristic value for merge_and_shrink(op_mutex = op_mutex(use_previous_ops = nopo, reachability_strategy = goal), merge_strategy = merge_precomputed(linear), shrink_strategy = shrink_bisimulation(greedy = false, at_limit = return)): 20
[t=4.55255s, 99972 KB] g=205, 1903 evaluated, 239 expanded
[t=4.55266s, 99972 KB] New best heuristic value for merge_and_shrink(op_mutex = op_mutex(use_previous_ops = nopo, reachability_strategy = goal), merge_strategy = merge_precomputed(linear), shrink_strategy = shrink_bisimulation(greedy = false, at_limit = return)): 0
[t=4.55268s, 99972 KB] g=225, 1918 evaluated, 240 expanded
[t=4.55271s, 99972 KB] Solution found!
[t=4.55273s, 99972 KB] Actual search time: 0.00619214s
load-highspeed-saw b1 highspeed-saw0 (30)
cut-board-medium b1 p0 highspeed-saw0 pine rough s3 s2 s1 (10)
do-plane p0 planer0 rough natural untreated (20)
cut-board-large b1 p1 highspeed-saw0 pine rough s3 s1 s2 s0 (10)
do-plane p1 planer0 rough natural untreated (30)
cut-board-medium b1 p3 highspeed-saw0 pine rough s3 s2 s1 (10)
do-glaze p3 glazer0 mauve (15)
do-immersion-varnish p0 immersion-varnisher0 mauve smooth (10)
do-immersion-varnish p1 immersion-varnisher0 blue smooth (10)
do-saw-large b0 p2 saw0 oak rough s10 s8 s9 s7 (30)
do-plane p2 planer0 rough natural untreated (30)
do-glaze p2 glazer0 white (20)
[t=4.55276s, 99972 KB] Plan length: 12 step(s).
[t=4.55276s, 99972 KB] Plan cost: 225
[t=4.55276s, 99972 KB] Expanded 241 state(s).
[t=4.55276s, 99972 KB] Reopened 0 state(s).
[t=4.55276s, 99972 KB] Evaluated 1918 state(s).
[t=4.55276s, 99972 KB] Evaluations: 1918
[t=4.55276s, 99972 KB] Generated 2965 state(s).
[t=4.55276s, 99972 KB] Dead ends: 229 state(s).
[t=4.55276s, 99972 KB] Expanded until last jump: 238 state(s).
[t=4.55276s, 99972 KB] Reopened until last jump: 0 state(s).
[t=4.55276s, 99972 KB] Evaluated until last jump: 1899 state(s).
[t=4.55276s, 99972 KB] Generated until last jump: 2941 state(s).
[t=4.55276s, 99972 KB] Number of registered states: 1918
[t=4.55276s, 99972 KB] Int hash set load factor: 1918/2048 = 0.936523
[t=4.55276s, 99972 KB] Int hash set resizes: 11
[t=4.55276s, 99972 KB] Search time: 0.00639146s
[t=4.55276s, 99972 KB] Total time: 4.55276s
Solution found.
Peak memory: 99972 KB
Remove intermediate file output.sas
search exit code: 0

INFO     Running validate.
INFO     validate stdin: None
INFO     validate time limit: None
INFO     validate memory limit: None
INFO     validate command line string: validate domain.pddl problem.pddl sas_plan
Checking plan: sas_plan
Plan executed successfully - checking goal
Plan valid
Final value: 225 

Successful plans:
Value: 225
 sas_plan 225 

validate exit code: 0

