INFO     Running translator.
INFO     translator stdin: None
INFO     translator time limit: 599.97s
INFO     translator memory limit: 7000 MB
INFO     translator command line string: /usr/bin/python3 /user/student.aau.dk/lkar18/downward-projects/downward/experiments/nopo_vs_nasutpo_195p/data/nopo_vs_nasutpo/code-94571df14dfaf5b06207d9589b12facdd93f580c_e5e41175/builds/release/bin/translate/translate.py domain.pddl problem.pddl --sas-file output.sas
Parsing...
Parsing: [0.000s CPU, 0.003s wall-clock]
Normalizing task... [0.000s CPU, 0.000s wall-clock]
Instantiating...
Generating Datalog program... [0.010s CPU, 0.000s wall-clock]
Normalizing Datalog program...
Normalizing Datalog program: [0.000s CPU, 0.005s wall-clock]
Preparing model... [0.000s CPU, 0.002s wall-clock]
Generated 91 rules.
Computing model... [0.010s CPU, 0.008s wall-clock]
252 relevant atoms
616 auxiliary atoms
868 final queue length
1218 total queue pushes
Completing instantiation... [0.010s CPU, 0.007s wall-clock]
Instantiating: [0.030s CPU, 0.023s wall-clock]
Computing fact groups...
Finding invariants...
18 initial candidates
Finding invariants: [0.010s CPU, 0.012s wall-clock]
Checking invariant weight... [0.000s CPU, 0.000s wall-clock]
Instantiating groups... [0.000s CPU, 0.000s wall-clock]
Collecting mutex groups... [0.000s CPU, 0.000s wall-clock]
Choosing groups...
42 uncovered facts
Choosing groups: [0.000s CPU, 0.000s wall-clock]
Building translation key... [0.000s CPU, 0.000s wall-clock]
Computing fact groups: [0.010s CPU, 0.013s wall-clock]
Building STRIPS to SAS dictionary... [0.000s CPU, 0.000s wall-clock]
Building dictionary for full mutex groups... [0.000s CPU, 0.000s wall-clock]
Building mutex information...
Building mutex information: [0.000s CPU, 0.000s wall-clock]
Translating task...
Processing axioms...
Simplifying axioms... [0.000s CPU, 0.000s wall-clock]
Translator axioms removed by simplifying: 0
Computing negative axioms... [0.000s CPU, 0.000s wall-clock]
Processing axioms: [0.000s CPU, 0.000s wall-clock]
Translating task: [0.010s CPU, 0.008s wall-clock]
336 effect conditions simplified
0 implied preconditions added
Detecting unreachable propositions...
0 operators removed
0 axioms removed
8 propositions removed
Detecting unreachable propositions: [0.010s CPU, 0.004s wall-clock]
Reordering and filtering variables...
42 of 42 variables necessary.
0 of 0 mutex groups necessary.
128 of 128 operators necessary.
0 of 0 axiom rules necessary.
Reordering and filtering variables: [0.000s CPU, 0.004s wall-clock]
Translator variables: 42
Translator derived variables: 0
Translator facts: 84
Translator goal facts: 4
Translator mutex groups: 0
Translator total mutex groups size: 0
Translator operators: 128
Translator axioms: 0
Translator task size: 1210
Translator peak memory: 42912 KB
Writing output... [0.000s CPU, 0.003s wall-clock]
Done! [0.060s CPU, 0.059s wall-clock]
translate exit code: 0

INFO     Running search (release).
INFO     search stdin: output.sas
INFO     search time limit: 599.86s
INFO     search memory limit: 7000 MB
INFO     search command line string: /user/student.aau.dk/lkar18/downward-projects/downward/experiments/nopo_vs_nasutpo_195p/data/nopo_vs_nasutpo/code-94571df14dfaf5b06207d9589b12facdd93f580c_e5e41175/builds/release/bin/downward --search 'astar(merge_and_shrink(op_mutex=op_mutex(use_previous_ops=NoPO, reachability_strategy=goal), merge_strategy=merge_sccs(order_of_sccs=topological, merge_tree=linear()), shrink_strategy=shrink_bisimulation(greedy=false, at_limit=RETURN)))' --internal-plan-file sas_plan < output.sas
[t=3.6294e-05s, 22344 KB] reading input...
[t=0.000953842s, 22344 KB] done reading input!
[t=0.00236759s, 22600 KB] Initializing merge-and-shrink heuristic...
[t=0.00243384s, 22600 KB] Running merge-and-shrink algorithm...
[t=0.00245314s, 22600 KB] Merge strategy options:
[t=0.00247309s, 22600 KB] Type: sccs
[t=0.00249201s, 22600 KB] Merge order of sccs: topological
[t=0.00251049s, 22600 KB] Merge strategy for merging within sccs: 
[t=0.0025284s, 22600 KB] Merge tree options: 
[t=0.00254652s, 22600 KB] Type: linear
[t=0.0025644s, 22600 KB] Update option: use random
[t=0.00258251s, 22600 KB] Variable order type: CG/GOAL, tie breaking on level (main)

[t=0.00260318s, 22600 KB] Options related to size limits and shrinking: 
[t=0.00262217s, 22600 KB] Transition system size limit: 50000
[t=0.00264015s, 22600 KB] Transition system size limit right before merge: 50000
[t=0.00265838s, 22600 KB] Threshold to trigger shrinking right before merge: 1

[t=0.00267869s, 22600 KB] Pruning unreachable states: yes
[t=0.0026976s, 22600 KB] Pruning irrelevant states: yes

[t=0.00271799s, 22600 KB] Label reduction disabled

[t=0.00273891s, 22600 KB] Main loop max time in seconds: inf

[t=0.00276452s, 22600 KB] ===============================================================================
[t=0.00278802s, 22600 KB] WARNING! You did not enable label reduction.
This may drastically reduce the performance of merge-and-shrink!
[t=0.00280767s, 22600 KB] ===============================================================================

[t=0.00283411s, 22600 KB] Building atomic transition systems... 
[t=0.00368115s, 23664 KB] M&S algorithm timer: 0.00128017s (after computation of atomic factors)

[t=0.00372843s, 23664 KB] Starting main loop without a time limit.
[t=0.00375308s, 23664 KB] building causal graph...done! [t=0.000796583s]
[t=0.0046278s, 23796 KB] SCCs of the causal graph:
[t=0.00471448s, 23796 KB] [0, 7, 4, 8, 6, 9, 1, 10, 5, 11, 13, 14, 2, 15, 3, 16, 12, 19, 17, 18, 20, 21, 22, 23, 24, 25, 26, 29, 27, 28, 40, 41, 30, 31, 32, 33, 34, 35, 36, 37, 38, 39]
[t=0.00474158s, 23796 KB] Only one single SCC
[t=0.00477792s, 23796 KB] Next pair of indices: (41, 40)
[t=0.00480137s, 23796 KB] M&S algorithm main loop timer: 0.00109287s (after computation of next merge)
[t=0.00485015s, 23796 KB] M&S algorithm main loop timer: 0.00114456s (after merging)

[t=0.00488008s, 23796 KB] Operator mutex starting iteration 0

[t=0.00493337s, 23796 KB] In ts_0_0 of size 2 found num new op-mutexes 0

[t=0.00498864s, 23796 KB] In ts_0_1 of size 2 found num new op-mutexes 0

[t=0.00503993s, 23796 KB] In ts_0_2 of size 2 found num new op-mutexes 0

[t=0.00508939s, 23796 KB] In ts_0_3 of size 2 found num new op-mutexes 0

[t=0.00513794s, 23796 KB] In ts_0_4 of size 2 found num new op-mutexes 0

[t=0.00518608s, 23796 KB] In ts_0_5 of size 2 found num new op-mutexes 0

[t=0.00523428s, 23796 KB] In ts_0_6 of size 2 found num new op-mutexes 0

[t=0.00528589s, 23796 KB] In ts_0_7 of size 2 found num new op-mutexes 0

[t=0.00533626s, 23796 KB] In ts_0_8 of size 2 found num new op-mutexes 0

[t=0.00539057s, 23796 KB] In ts_0_9 of size 2 found num new op-mutexes 0

[t=0.00544455s, 23796 KB] In ts_0_10 of size 2 found num new op-mutexes 0

[t=0.00549591s, 23796 KB] In ts_0_11 of size 2 found num new op-mutexes 0

[t=0.00554599s, 23796 KB] In ts_0_12 of size 2 found num new op-mutexes 0

[t=0.00559504s, 23796 KB] In ts_0_13 of size 2 found num new op-mutexes 0

[t=0.00564515s, 23796 KB] In ts_0_14 of size 2 found num new op-mutexes 0

[t=0.00569534s, 23796 KB] In ts_0_15 of size 2 found num new op-mutexes 0

[t=0.00574463s, 23796 KB] In ts_0_16 of size 2 found num new op-mutexes 0

[t=0.0057943s, 23796 KB] In ts_0_17 of size 2 found num new op-mutexes 0

[t=0.00584431s, 23796 KB] In ts_0_18 of size 2 found num new op-mutexes 0

[t=0.00590166s, 23796 KB] In ts_0_19 of size 2 found num new op-mutexes 0

[t=0.00595579s, 23796 KB] In ts_0_20 of size 2 found num new op-mutexes 0

[t=0.00600891s, 23796 KB] In ts_0_21 of size 2 found num new op-mutexes 0

[t=0.00605889s, 23796 KB] In ts_0_22 of size 2 found num new op-mutexes 0

[t=0.00610831s, 23796 KB] In ts_0_23 of size 2 found num new op-mutexes 0

[t=0.00615682s, 23796 KB] In ts_0_24 of size 2 found num new op-mutexes 0

[t=0.00620625s, 23796 KB] In ts_0_25 of size 2 found num new op-mutexes 0

[t=0.00625558s, 23796 KB] In ts_0_26 of size 2 found num new op-mutexes 0

[t=0.00630455s, 23796 KB] In ts_0_27 of size 2 found num new op-mutexes 0

[t=0.00636634s, 23796 KB] In ts_0_28 of size 2 found num new op-mutexes 0

[t=0.0064169s, 23796 KB] In ts_0_29 of size 2 found num new op-mutexes 0

[t=0.00647053s, 23796 KB] In ts_0_30 of size 2 found num new op-mutexes 0

[t=0.00652474s, 23796 KB] In ts_0_31 of size 2 found num new op-mutexes 0

[t=0.00657549s, 23796 KB] In ts_0_32 of size 2 found num new op-mutexes 0

[t=0.00662535s, 23796 KB] In ts_0_33 of size 2 found num new op-mutexes 0

[t=0.00667496s, 23796 KB] In ts_0_34 of size 2 found num new op-mutexes 0

[t=0.00674501s, 23796 KB] In ts_0_35 of size 2 found num new op-mutexes 0

[t=0.00679788s, 23796 KB] In ts_0_36 of size 2 found num new op-mutexes 0

[t=0.00684871s, 23796 KB] In ts_0_37 of size 2 found num new op-mutexes 0

[t=0.00689824s, 23796 KB] In ts_0_38 of size 2 found num new op-mutexes 0

[t=0.0069471s, 23796 KB] In ts_0_39 of size 2 found num new op-mutexes 0

[t=0.00700433s, 23796 KB] In ts_0_42 of size 4 found num new op-mutexes 0
[t=0.00703084s, 23796 KB] Operator mutex finished iteration 0. Found an additional 0 operator mutexes

[t=0.00705722s, 23796 KB] Next pair of indices: (42, 39)
[t=0.00707746s, 23796 KB] M&S algorithm main loop timer: 0.00336647s (after computation of next merge)
[t=0.00713004s, 23796 KB] M&S algorithm main loop timer: 0.00342515s (after merging)

[t=0.00716079s, 23796 KB] Operator mutex starting iteration 1

[t=0.00720681s, 23796 KB] In ts_1_0 of size 2 found num new op-mutexes 0

[t=0.00726769s, 23796 KB] In ts_1_1 of size 2 found num new op-mutexes 0

[t=0.00732037s, 23796 KB] In ts_1_2 of size 2 found num new op-mutexes 0

[t=0.00736987s, 23796 KB] In ts_1_3 of size 2 found num new op-mutexes 0

[t=0.00741865s, 23796 KB] In ts_1_4 of size 2 found num new op-mutexes 0

[t=0.00746686s, 23796 KB] In ts_1_5 of size 2 found num new op-mutexes 0

[t=0.00751483s, 23796 KB] In ts_1_6 of size 2 found num new op-mutexes 0

[t=0.0075651s, 23796 KB] In ts_1_7 of size 2 found num new op-mutexes 0

[t=0.00761581s, 23796 KB] In ts_1_8 of size 2 found num new op-mutexes 0

[t=0.00767539s, 23796 KB] In ts_1_9 of size 2 found num new op-mutexes 0

[t=0.00772597s, 23796 KB] In ts_1_10 of size 2 found num new op-mutexes 0

[t=0.00777626s, 23796 KB] In ts_1_11 of size 2 found num new op-mutexes 0

[t=0.00782549s, 23796 KB] In ts_1_12 of size 2 found num new op-mutexes 0

[t=0.00787379s, 23796 KB] In ts_1_13 of size 2 found num new op-mutexes 0

[t=0.0079237s, 23796 KB] In ts_1_14 of size 2 found num new op-mutexes 0

[t=0.00797386s, 23796 KB] In ts_1_15 of size 2 found num new op-mutexes 0

[t=0.00802316s, 23796 KB] In ts_1_16 of size 2 found num new op-mutexes 0

[t=0.00807302s, 23796 KB] In ts_1_17 of size 2 found num new op-mutexes 0

[t=0.00812246s, 23796 KB] In ts_1_18 of size 2 found num new op-mutexes 0

[t=0.00817092s, 23796 KB] In ts_1_19 of size 2 found num new op-mutexes 0

[t=0.00824644s, 23796 KB] In ts_1_20 of size 2 found num new op-mutexes 0

[t=0.00830258s, 23796 KB] In ts_1_21 of size 2 found num new op-mutexes 0

[t=0.00835304s, 23796 KB] In ts_1_22 of size 2 found num new op-mutexes 0

[t=0.00841209s, 23796 KB] In ts_1_23 of size 2 found num new op-mutexes 0

[t=0.00846565s, 23796 KB] In ts_1_24 of size 2 found num new op-mutexes 0

[t=0.00851554s, 23796 KB] In ts_1_25 of size 2 found num new op-mutexes 0

[t=0.0085648s, 23796 KB] In ts_1_26 of size 2 found num new op-mutexes 0

[t=0.0086142s, 23796 KB] In ts_1_27 of size 2 found num new op-mutexes 0

[t=0.00866349s, 23796 KB] In ts_1_28 of size 2 found num new op-mutexes 0

[t=0.00871198s, 23796 KB] In ts_1_29 of size 2 found num new op-mutexes 0

[t=0.00876172s, 23796 KB] In ts_1_30 of size 2 found num new op-mutexes 0

[t=0.00881461s, 23796 KB] In ts_1_31 of size 2 found num new op-mutexes 0

[t=0.00886916s, 23796 KB] In ts_1_32 of size 2 found num new op-mutexes 0

[t=0.00891913s, 23796 KB] In ts_1_33 of size 2 found num new op-mutexes 0

[t=0.00896831s, 23796 KB] In ts_1_34 of size 2 found num new op-mutexes 0

[t=0.00902344s, 23796 KB] In ts_1_35 of size 2 found num new op-mutexes 0

[t=0.00907223s, 23796 KB] In ts_1_36 of size 2 found num new op-mutexes 0

[t=0.00912101s, 23796 KB] In ts_1_37 of size 2 found num new op-mutexes 0

[t=0.00916913s, 23796 KB] In ts_1_38 of size 2 found num new op-mutexes 0

[t=0.00923619s, 23796 KB] In ts_1_43 of size 8 found num new op-mutexes 0
[t=0.00926396s, 23796 KB] Operator mutex finished iteration 1. Found an additional 0 operator mutexes

[t=0.00929062s, 23796 KB] Next pair of indices: (43, 38)
[t=0.00931095s, 23796 KB] M&S algorithm main loop timer: 0.00560877s (after computation of next merge)
[t=0.00937998s, 23796 KB] M&S algorithm main loop timer: 0.00567523s (after merging)

[t=0.00941112s, 23796 KB] Operator mutex starting iteration 2

[t=0.00945798s, 23796 KB] In ts_2_0 of size 2 found num new op-mutexes 0

[t=0.00950919s, 23796 KB] In ts_2_1 of size 2 found num new op-mutexes 0

[t=0.00955941s, 23796 KB] In ts_2_2 of size 2 found num new op-mutexes 0

[t=0.00960809s, 23796 KB] In ts_2_3 of size 2 found num new op-mutexes 0

[t=0.0096568s, 23796 KB] In ts_2_4 of size 2 found num new op-mutexes 0

[t=0.00970491s, 23796 KB] In ts_2_5 of size 2 found num new op-mutexes 0

[t=0.00975272s, 23796 KB] In ts_2_6 of size 2 found num new op-mutexes 0

[t=0.00980322s, 23796 KB] In ts_2_7 of size 2 found num new op-mutexes 0

[t=0.00985349s, 23796 KB] In ts_2_8 of size 2 found num new op-mutexes 0

[t=0.00990789s, 23796 KB] In ts_2_9 of size 2 found num new op-mutexes 0

[t=0.00995782s, 23796 KB] In ts_2_10 of size 2 found num new op-mutexes 0

[t=0.0100076s, 23796 KB] In ts_2_11 of size 2 found num new op-mutexes 0

[t=0.0100563s, 23796 KB] In ts_2_12 of size 2 found num new op-mutexes 0

[t=0.0101047s, 23796 KB] In ts_2_13 of size 2 found num new op-mutexes 0

[t=0.0101543s, 23796 KB] In ts_2_14 of size 2 found num new op-mutexes 0

[t=0.0102041s, 23796 KB] In ts_2_15 of size 2 found num new op-mutexes 0

[t=0.0102525s, 23796 KB] In ts_2_16 of size 2 found num new op-mutexes 0

[t=0.0103027s, 23796 KB] In ts_2_17 of size 2 found num new op-mutexes 0

[t=0.0103524s, 23796 KB] In ts_2_18 of size 2 found num new op-mutexes 0

[t=0.0104012s, 23796 KB] In ts_2_19 of size 2 found num new op-mutexes 0

[t=0.010451s, 23796 KB] In ts_2_20 of size 2 found num new op-mutexes 0

[t=0.0105006s, 23796 KB] In ts_2_21 of size 2 found num new op-mutexes 0

[t=0.0105589s, 23796 KB] In ts_2_22 of size 2 found num new op-mutexes 0

[t=0.0106101s, 23796 KB] In ts_2_23 of size 2 found num new op-mutexes 0

[t=0.0106587s, 23796 KB] In ts_2_24 of size 2 found num new op-mutexes 0

[t=0.0107083s, 23796 KB] In ts_2_25 of size 2 found num new op-mutexes 0

[t=0.0107575s, 23796 KB] In ts_2_26 of size 2 found num new op-mutexes 0

[t=0.0108064s, 23796 KB] In ts_2_27 of size 2 found num new op-mutexes 0

[t=0.0108562s, 23796 KB] In ts_2_28 of size 2 found num new op-mutexes 0

[t=0.0109053s, 23796 KB] In ts_2_29 of size 2 found num new op-mutexes 0

[t=0.0109545s, 23796 KB] In ts_2_30 of size 2 found num new op-mutexes 0

[t=0.0110033s, 23796 KB] In ts_2_31 of size 2 found num new op-mutexes 0

[t=0.0110526s, 23796 KB] In ts_2_32 of size 2 found num new op-mutexes 0

[t=0.0111027s, 23796 KB] In ts_2_33 of size 2 found num new op-mutexes 0

[t=0.0111518s, 23796 KB] In ts_2_34 of size 2 found num new op-mutexes 0

[t=0.0112008s, 23796 KB] In ts_2_35 of size 2 found num new op-mutexes 0

[t=0.0112497s, 23796 KB] In ts_2_36 of size 2 found num new op-mutexes 0

[t=0.0113085s, 23796 KB] In ts_2_37 of size 2 found num new op-mutexes 0

[t=0.0113987s, 23796 KB] In ts_2_44 of size 16 found num new op-mutexes 0
[t=0.0114269s, 23796 KB] Operator mutex finished iteration 2. Found an additional 0 operator mutexes

[t=0.0114529s, 23796 KB] Next pair of indices: (44, 37)
[t=0.0114727s, 23796 KB] M&S algorithm main loop timer: 0.00777268s (after computation of next merge)
[t=0.0115666s, 23796 KB] M&S algorithm main loop timer: 0.00786214s (after merging)

[t=0.011601s, 23796 KB] Operator mutex starting iteration 3

[t=0.0116494s, 23796 KB] In ts_3_0 of size 2 found num new op-mutexes 0

[t=0.0117011s, 23796 KB] In ts_3_1 of size 2 found num new op-mutexes 0

[t=0.0117514s, 23796 KB] In ts_3_2 of size 2 found num new op-mutexes 0

[t=0.0117996s, 23796 KB] In ts_3_3 of size 2 found num new op-mutexes 0

[t=0.011851s, 23796 KB] In ts_3_4 of size 2 found num new op-mutexes 0

[t=0.0119029s, 23796 KB] In ts_3_5 of size 2 found num new op-mutexes 0

[t=0.0119519s, 23796 KB] In ts_3_6 of size 2 found num new op-mutexes 0

[t=0.0120035s, 23796 KB] In ts_3_7 of size 2 found num new op-mutexes 0

[t=0.0120551s, 23796 KB] In ts_3_8 of size 2 found num new op-mutexes 0

[t=0.0121132s, 23796 KB] In ts_3_9 of size 2 found num new op-mutexes 0

[t=0.0121637s, 23796 KB] In ts_3_10 of size 2 found num new op-mutexes 0

[t=0.0122138s, 23796 KB] In ts_3_11 of size 2 found num new op-mutexes 0

[t=0.0122631s, 23796 KB] In ts_3_12 of size 2 found num new op-mutexes 0

[t=0.0123117s, 23796 KB] In ts_3_13 of size 2 found num new op-mutexes 0

[t=0.0123616s, 23796 KB] In ts_3_14 of size 2 found num new op-mutexes 0

[t=0.0124117s, 23796 KB] In ts_3_15 of size 2 found num new op-mutexes 0

[t=0.0124608s, 23796 KB] In ts_3_16 of size 2 found num new op-mutexes 0

[t=0.0125108s, 23796 KB] In ts_3_17 of size 2 found num new op-mutexes 0

[t=0.0125606s, 23796 KB] In ts_3_18 of size 2 found num new op-mutexes 0

[t=0.0126094s, 23796 KB] In ts_3_19 of size 2 found num new op-mutexes 0

[t=0.0126588s, 23796 KB] In ts_3_20 of size 2 found num new op-mutexes 0

[t=0.0127087s, 23796 KB] In ts_3_21 of size 2 found num new op-mutexes 0

[t=0.0127585s, 23796 KB] In ts_3_22 of size 2 found num new op-mutexes 0

[t=0.0128155s, 23796 KB] In ts_3_23 of size 2 found num new op-mutexes 0

[t=0.0128671s, 23796 KB] In ts_3_24 of size 2 found num new op-mutexes 0

[t=0.0129181s, 23796 KB] In ts_3_25 of size 2 found num new op-mutexes 0

[t=0.0129675s, 23796 KB] In ts_3_26 of size 2 found num new op-mutexes 0

[t=0.0130266s, 23796 KB] In ts_3_27 of size 2 found num new op-mutexes 0

[t=0.0130757s, 23796 KB] In ts_3_28 of size 2 found num new op-mutexes 0

[t=0.0131244s, 23796 KB] In ts_3_29 of size 2 found num new op-mutexes 0

[t=0.0131739s, 23796 KB] In ts_3_30 of size 2 found num new op-mutexes 0

[t=0.0132232s, 23796 KB] In ts_3_31 of size 2 found num new op-mutexes 0

[t=0.0132725s, 23796 KB] In ts_3_32 of size 2 found num new op-mutexes 0

[t=0.0133218s, 23796 KB] In ts_3_33 of size 2 found num new op-mutexes 0

[t=0.0133706s, 23796 KB] In ts_3_34 of size 2 found num new op-mutexes 0

[t=0.0134197s, 23796 KB] In ts_3_35 of size 2 found num new op-mutexes 0

[t=0.0134686s, 23796 KB] In ts_3_36 of size 2 found num new op-mutexes 0

[t=0.013617s, 23796 KB] In ts_3_45 of size 32 found num new op-mutexes 0
[t=0.013648s, 23796 KB] Operator mutex finished iteration 3. Found an additional 0 operator mutexes

[t=0.0136749s, 23796 KB] Next pair of indices: (45, 36)
[t=0.0136966s, 23796 KB] M&S algorithm main loop timer: 0.00998601s (after computation of next merge)
[t=0.0138196s, 23796 KB] M&S algorithm main loop timer: 0.0101138s (after merging)
[t=0.0138597s, 23796 KB] M&S algorithm main loop timer: 0.0101513s (after pruning)

[t=0.0138851s, 23796 KB] Operator mutex starting iteration 4

[t=0.0139404s, 23796 KB] In ts_4_0 of size 2 found num new op-mutexes 0

[t=0.0139919s, 23796 KB] In ts_4_1 of size 2 found num new op-mutexes 0

[t=0.0140422s, 23796 KB] In ts_4_2 of size 2 found num new op-mutexes 0

[t=0.014091s, 23796 KB] In ts_4_3 of size 2 found num new op-mutexes 0

[t=0.01414s, 23796 KB] In ts_4_4 of size 2 found num new op-mutexes 0

[t=0.0141886s, 23796 KB] In ts_4_5 of size 2 found num new op-mutexes 0

[t=0.014237s, 23796 KB] In ts_4_6 of size 2 found num new op-mutexes 0

[t=0.0142917s, 23796 KB] In ts_4_7 of size 2 found num new op-mutexes 0

[t=0.0143428s, 23796 KB] In ts_4_8 of size 2 found num new op-mutexes 0

[t=0.0143922s, 23796 KB] In ts_4_9 of size 2 found num new op-mutexes 0

[t=0.0144426s, 23796 KB] In ts_4_10 of size 2 found num new op-mutexes 0

[t=0.0144926s, 23796 KB] In ts_4_11 of size 2 found num new op-mutexes 0

[t=0.0145535s, 23796 KB] In ts_4_12 of size 2 found num new op-mutexes 0

[t=0.0146554s, 23796 KB] In ts_4_13 of size 2 found num new op-mutexes 0

[t=0.0147095s, 23796 KB] In ts_4_14 of size 2 found num new op-mutexes 0

[t=0.01476s, 23796 KB] In ts_4_15 of size 2 found num new op-mutexes 0

[t=0.0148098s, 23796 KB] In ts_4_16 of size 2 found num new op-mutexes 0

[t=0.0148701s, 23796 KB] In ts_4_17 of size 2 found num new op-mutexes 0

[t=0.0149224s, 23796 KB] In ts_4_18 of size 2 found num new op-mutexes 0

[t=0.0149717s, 23796 KB] In ts_4_19 of size 2 found num new op-mutexes 0

[t=0.0150214s, 23796 KB] In ts_4_20 of size 2 found num new op-mutexes 0

[t=0.0150708s, 23796 KB] In ts_4_21 of size 2 found num new op-mutexes 0

[t=0.0151204s, 23796 KB] In ts_4_22 of size 2 found num new op-mutexes 0

[t=0.015176s, 23796 KB] In ts_4_23 of size 2 found num new op-mutexes 0

[t=0.0152297s, 23796 KB] In ts_4_24 of size 2 found num new op-mutexes 0

[t=0.0152912s, 23796 KB] In ts_4_25 of size 2 found num new op-mutexes 0

[t=0.0153409s, 23796 KB] In ts_4_26 of size 2 found num new op-mutexes 0

[t=0.0153899s, 23796 KB] In ts_4_27 of size 2 found num new op-mutexes 0

[t=0.0154391s, 23796 KB] In ts_4_28 of size 2 found num new op-mutexes 0

[t=0.0154876s, 23796 KB] In ts_4_29 of size 2 found num new op-mutexes 0

[t=0.0155468s, 23796 KB] In ts_4_30 of size 2 found num new op-mutexes 0

[t=0.0155986s, 23796 KB] In ts_4_31 of size 2 found num new op-mutexes 0

[t=0.0156493s, 23796 KB] In ts_4_32 of size 2 found num new op-mutexes 0

[t=0.0156993s, 23796 KB] In ts_4_33 of size 2 found num new op-mutexes 0

[t=0.0157491s, 23796 KB] In ts_4_34 of size 2 found num new op-mutexes 0

[t=0.0157987s, 23796 KB] In ts_4_35 of size 2 found num new op-mutexes 0

[t=0.0159487s, 23796 KB] In ts_4_46 of size 32 found num new op-mutexes 0
[t=0.0160022s, 23796 KB] Operator mutex finished iteration 4. Found an additional 0 operator mutexes

[t=0.0160306s, 23796 KB] Next pair of indices: (46, 35)
[t=0.0160518s, 23796 KB] M&S algorithm main loop timer: 0.0123416s (after computation of next merge)
[t=0.0161978s, 23796 KB] M&S algorithm main loop timer: 0.0124944s (after merging)

[t=0.0162336s, 23796 KB] Operator mutex starting iteration 5

[t=0.0162827s, 23796 KB] In ts_5_0 of size 2 found num new op-mutexes 0

[t=0.016336s, 23796 KB] In ts_5_1 of size 2 found num new op-mutexes 0

[t=0.0163868s, 23796 KB] In ts_5_2 of size 2 found num new op-mutexes 0

[t=0.0164369s, 23796 KB] In ts_5_3 of size 2 found num new op-mutexes 0

[t=0.0164857s, 23796 KB] In ts_5_4 of size 2 found num new op-mutexes 0

[t=0.0165347s, 23796 KB] In ts_5_5 of size 2 found num new op-mutexes 0

[t=0.0165829s, 23796 KB] In ts_5_6 of size 2 found num new op-mutexes 0

[t=0.016635s, 23796 KB] In ts_5_7 of size 2 found num new op-mutexes 0

[t=0.0166866s, 23796 KB] In ts_5_8 of size 2 found num new op-mutexes 0

[t=0.0167454s, 23796 KB] In ts_5_9 of size 2 found num new op-mutexes 0

[t=0.0167966s, 23796 KB] In ts_5_10 of size 2 found num new op-mutexes 0

[t=0.0168469s, 23796 KB] In ts_5_11 of size 2 found num new op-mutexes 0

[t=0.0168971s, 23796 KB] In ts_5_12 of size 2 found num new op-mutexes 0

[t=0.0169462s, 23796 KB] In ts_5_13 of size 2 found num new op-mutexes 0

[t=0.0169972s, 23796 KB] In ts_5_14 of size 2 found num new op-mutexes 0

[t=0.0170476s, 23796 KB] In ts_5_15 of size 2 found num new op-mutexes 0

[t=0.0170976s, 23796 KB] In ts_5_16 of size 2 found num new op-mutexes 0

[t=0.0171481s, 23796 KB] In ts_5_17 of size 2 found num new op-mutexes 0

[t=0.0171991s, 23796 KB] In ts_5_18 of size 2 found num new op-mutexes 0

[t=0.0172487s, 23796 KB] In ts_5_19 of size 2 found num new op-mutexes 0

[t=0.017299s, 23796 KB] In ts_5_20 of size 2 found num new op-mutexes 0

[t=0.0173492s, 23796 KB] In ts_5_21 of size 2 found num new op-mutexes 0

[t=0.0173999s, 23796 KB] In ts_5_22 of size 2 found num new op-mutexes 0

[t=0.0174501s, 23796 KB] In ts_5_23 of size 2 found num new op-mutexes 0

[t=0.0174997s, 23796 KB] In ts_5_24 of size 2 found num new op-mutexes 0

[t=0.01755s, 23796 KB] In ts_5_25 of size 2 found num new op-mutexes 0

[t=0.0176004s, 23796 KB] In ts_5_26 of size 2 found num new op-mutexes 0

[t=0.017651s, 23796 KB] In ts_5_27 of size 2 found num new op-mutexes 0

[t=0.0177009s, 23796 KB] In ts_5_28 of size 2 found num new op-mutexes 0

[t=0.017764s, 23796 KB] In ts_5_29 of size 2 found num new op-mutexes 0

[t=0.0178389s, 23796 KB] In ts_5_30 of size 2 found num new op-mutexes 0

[t=0.0178938s, 23796 KB] In ts_5_31 of size 2 found num new op-mutexes 0

[t=0.0179449s, 23796 KB] In ts_5_32 of size 2 found num new op-mutexes 0

[t=0.0179957s, 23796 KB] In ts_5_33 of size 2 found num new op-mutexes 0

[t=0.0180469s, 23796 KB] In ts_5_34 of size 2 found num new op-mutexes 0

[t=0.0183507s, 23796 KB] In ts_5_47 of size 64 found num new op-mutexes 0
[t=0.0183854s, 23796 KB] Operator mutex finished iteration 5. Found an additional 0 operator mutexes

[t=0.018414s, 23796 KB] Next pair of indices: (47, 34)
[t=0.0184346s, 23796 KB] M&S algorithm main loop timer: 0.014724s (after computation of next merge)
[t=0.0186602s, 23796 KB] M&S algorithm main loop timer: 0.0149591s (after merging)
[t=0.018719s, 23796 KB] M&S algorithm main loop timer: 0.0150126s (after pruning)

[t=0.0187468s, 23796 KB] Operator mutex starting iteration 6

[t=0.018795s, 23796 KB] In ts_6_0 of size 2 found num new op-mutexes 0

[t=0.0188487s, 23796 KB] In ts_6_1 of size 2 found num new op-mutexes 0

[t=0.0189004s, 23796 KB] In ts_6_2 of size 2 found num new op-mutexes 0

[t=0.0189509s, 23796 KB] In ts_6_3 of size 2 found num new op-mutexes 0

[t=0.0190009s, 23796 KB] In ts_6_4 of size 2 found num new op-mutexes 0

[t=0.0190505s, 23796 KB] In ts_6_5 of size 2 found num new op-mutexes 0

[t=0.0190996s, 23796 KB] In ts_6_6 of size 2 found num new op-mutexes 0

[t=0.019152s, 23796 KB] In ts_6_7 of size 2 found num new op-mutexes 0

[t=0.0192178s, 23796 KB] In ts_6_8 of size 2 found num new op-mutexes 0

[t=0.019271s, 23796 KB] In ts_6_9 of size 2 found num new op-mutexes 0

[t=0.0193228s, 23796 KB] In ts_6_10 of size 2 found num new op-mutexes 0

[t=0.0193742s, 23796 KB] In ts_6_11 of size 2 found num new op-mutexes 0

[t=0.0194243s, 23796 KB] In ts_6_12 of size 2 found num new op-mutexes 0

[t=0.0194831s, 23796 KB] In ts_6_13 of size 2 found num new op-mutexes 0

[t=0.0195341s, 23796 KB] In ts_6_14 of size 2 found num new op-mutexes 0

[t=0.0195851s, 23796 KB] In ts_6_15 of size 2 found num new op-mutexes 0

[t=0.0196352s, 23796 KB] In ts_6_16 of size 2 found num new op-mutexes 0

[t=0.0196859s, 23796 KB] In ts_6_17 of size 2 found num new op-mutexes 0

[t=0.0197363s, 23796 KB] In ts_6_18 of size 2 found num new op-mutexes 0

[t=0.0197861s, 23796 KB] In ts_6_19 of size 2 found num new op-mutexes 0

[t=0.0198366s, 23796 KB] In ts_6_20 of size 2 found num new op-mutexes 0

[t=0.0198871s, 23796 KB] In ts_6_21 of size 2 found num new op-mutexes 0

[t=0.0199432s, 23796 KB] In ts_6_22 of size 2 found num new op-mutexes 0

[t=0.0199933s, 23796 KB] In ts_6_23 of size 2 found num new op-mutexes 0

[t=0.0200429s, 23796 KB] In ts_6_24 of size 2 found num new op-mutexes 0

[t=0.0200941s, 23796 KB] In ts_6_25 of size 2 found num new op-mutexes 0

[t=0.0201447s, 23796 KB] In ts_6_26 of size 2 found num new op-mutexes 0

[t=0.0201953s, 23796 KB] In ts_6_27 of size 2 found num new op-mutexes 0

[t=0.0202452s, 23796 KB] In ts_6_28 of size 2 found num new op-mutexes 0

[t=0.0202945s, 23796 KB] In ts_6_29 of size 2 found num new op-mutexes 0

[t=0.0203446s, 23796 KB] In ts_6_30 of size 2 found num new op-mutexes 0

[t=0.0203943s, 23796 KB] In ts_6_31 of size 2 found num new op-mutexes 0

[t=0.0204449s, 23796 KB] In ts_6_32 of size 2 found num new op-mutexes 0

[t=0.0204955s, 23796 KB] In ts_6_33 of size 2 found num new op-mutexes 0

[t=0.0207805s, 23796 KB] In ts_6_48 of size 64 found num new op-mutexes 0
[t=0.020814s, 23796 KB] Operator mutex finished iteration 6. Found an additional 0 operator mutexes

[t=0.0208414s, 23796 KB] Next pair of indices: (48, 33)
[t=0.020862s, 23796 KB] M&S algorithm main loop timer: 0.0171511s (after computation of next merge)
[t=0.0211247s, 23796 KB] M&S algorithm main loop timer: 0.0174303s (after merging)

[t=0.0211751s, 23796 KB] Operator mutex starting iteration 7

[t=0.0212287s, 23796 KB] In ts_7_0 of size 2 found num new op-mutexes 0

[t=0.0212825s, 23796 KB] In ts_7_1 of size 2 found num new op-mutexes 0

[t=0.0213348s, 23796 KB] In ts_7_2 of size 2 found num new op-mutexes 0

[t=0.0213856s, 23796 KB] In ts_7_3 of size 2 found num new op-mutexes 0

[t=0.0214357s, 23796 KB] In ts_7_4 of size 2 found num new op-mutexes 0

[t=0.0214952s, 23796 KB] In ts_7_5 of size 2 found num new op-mutexes 0

[t=0.0215481s, 23796 KB] In ts_7_6 of size 2 found num new op-mutexes 0

[t=0.0216027s, 23796 KB] In ts_7_7 of size 2 found num new op-mutexes 0

[t=0.0216659s, 23796 KB] In ts_7_8 of size 2 found num new op-mutexes 0

[t=0.0217192s, 23796 KB] In ts_7_9 of size 2 found num new op-mutexes 0

[t=0.0217714s, 23796 KB] In ts_7_10 of size 2 found num new op-mutexes 0

[t=0.0218338s, 23796 KB] In ts_7_11 of size 2 found num new op-mutexes 0

[t=0.0218846s, 23796 KB] In ts_7_12 of size 2 found num new op-mutexes 0

[t=0.0219349s, 23796 KB] In ts_7_13 of size 2 found num new op-mutexes 0

[t=0.0220009s, 23796 KB] In ts_7_14 of size 2 found num new op-mutexes 0

[t=0.0220568s, 23796 KB] In ts_7_15 of size 2 found num new op-mutexes 0

[t=0.0221077s, 23796 KB] In ts_7_16 of size 2 found num new op-mutexes 0

[t=0.0221597s, 23796 KB] In ts_7_17 of size 2 found num new op-mutexes 0

[t=0.0222111s, 23796 KB] In ts_7_18 of size 2 found num new op-mutexes 0

[t=0.0222612s, 23796 KB] In ts_7_19 of size 2 found num new op-mutexes 0

[t=0.022322s, 23796 KB] In ts_7_20 of size 2 found num new op-mutexes 0

[t=0.0223727s, 23796 KB] In ts_7_21 of size 2 found num new op-mutexes 0

[t=0.0224244s, 23796 KB] In ts_7_22 of size 2 found num new op-mutexes 0

[t=0.0224751s, 23796 KB] In ts_7_23 of size 2 found num new op-mutexes 0

[t=0.0225256s, 23796 KB] In ts_7_24 of size 2 found num new op-mutexes 0

[t=0.0225768s, 23796 KB] In ts_7_25 of size 2 found num new op-mutexes 0

[t=0.0226276s, 23796 KB] In ts_7_26 of size 2 found num new op-mutexes 0

[t=0.022679s, 23796 KB] In ts_7_27 of size 2 found num new op-mutexes 0

[t=0.0227296s, 23796 KB] In ts_7_28 of size 2 found num new op-mutexes 0

[t=0.0227792s, 23796 KB] In ts_7_29 of size 2 found num new op-mutexes 0

[t=0.0228302s, 23796 KB] In ts_7_30 of size 2 found num new op-mutexes 0

[t=0.0228808s, 23796 KB] In ts_7_31 of size 2 found num new op-mutexes 0

[t=0.022932s, 23796 KB] In ts_7_32 of size 2 found num new op-mutexes 0

[t=0.0235887s, 23936 KB] In ts_7_49 of size 128 found num new op-mutexes 0
[t=0.0236267s, 23936 KB] Operator mutex finished iteration 7. Found an additional 0 operator mutexes

[t=0.0236583s, 23936 KB] Next pair of indices: (49, 32)
[t=0.0236805s, 23936 KB] M&S algorithm main loop timer: 0.01997s (after computation of next merge)
[t=0.0241114s, 23936 KB] M&S algorithm main loop timer: 0.0204287s (after merging)
[t=0.024219s, 23936 KB] M&S algorithm main loop timer: 0.0205151s (after pruning)

[t=0.0242495s, 23936 KB] Operator mutex starting iteration 8

[t=0.0243496s, 23936 KB] In ts_8_0 of size 2 found num new op-mutexes 0

[t=0.0244088s, 23936 KB] In ts_8_1 of size 2 found num new op-mutexes 0

[t=0.0244613s, 23936 KB] In ts_8_2 of size 2 found num new op-mutexes 0

[t=0.0245116s, 23936 KB] In ts_8_3 of size 2 found num new op-mutexes 0

[t=0.0245613s, 23936 KB] In ts_8_4 of size 2 found num new op-mutexes 0

[t=0.0246106s, 23936 KB] In ts_8_5 of size 2 found num new op-mutexes 0

[t=0.0246594s, 23936 KB] In ts_8_6 of size 2 found num new op-mutexes 0

[t=0.0247114s, 23936 KB] In ts_8_7 of size 2 found num new op-mutexes 0

[t=0.0247626s, 23936 KB] In ts_8_8 of size 2 found num new op-mutexes 0

[t=0.0248129s, 23936 KB] In ts_8_9 of size 2 found num new op-mutexes 0

[t=0.0248734s, 23936 KB] In ts_8_10 of size 2 found num new op-mutexes 0

[t=0.0249238s, 23936 KB] In ts_8_11 of size 2 found num new op-mutexes 0

[t=0.0249733s, 23936 KB] In ts_8_12 of size 2 found num new op-mutexes 0

[t=0.0250223s, 23936 KB] In ts_8_13 of size 2 found num new op-mutexes 0

[t=0.025073s, 23936 KB] In ts_8_14 of size 2 found num new op-mutexes 0

[t=0.0251235s, 23936 KB] In ts_8_15 of size 2 found num new op-mutexes 0

[t=0.0251733s, 23936 KB] In ts_8_16 of size 2 found num new op-mutexes 0

[t=0.0252268s, 23936 KB] In ts_8_17 of size 2 found num new op-mutexes 0

[t=0.0252807s, 23936 KB] In ts_8_18 of size 2 found num new op-mutexes 0

[t=0.0253305s, 23936 KB] In ts_8_19 of size 2 found num new op-mutexes 0

[t=0.0253809s, 23936 KB] In ts_8_20 of size 2 found num new op-mutexes 0

[t=0.0254312s, 23936 KB] In ts_8_21 of size 2 found num new op-mutexes 0

[t=0.0254814s, 23936 KB] In ts_8_22 of size 2 found num new op-mutexes 0

[t=0.0255309s, 23936 KB] In ts_8_23 of size 2 found num new op-mutexes 0

[t=0.0255799s, 23936 KB] In ts_8_24 of size 2 found num new op-mutexes 0

[t=0.0256295s, 23936 KB] In ts_8_25 of size 2 found num new op-mutexes 0

[t=0.0256897s, 23936 KB] In ts_8_26 of size 2 found num new op-mutexes 0

[t=0.0257394s, 23936 KB] In ts_8_27 of size 2 found num new op-mutexes 0

[t=0.0257884s, 23936 KB] In ts_8_28 of size 2 found num new op-mutexes 0

[t=0.0258374s, 23936 KB] In ts_8_29 of size 2 found num new op-mutexes 0

[t=0.0258869s, 23936 KB] In ts_8_30 of size 2 found num new op-mutexes 0

[t=0.025936s, 23936 KB] In ts_8_31 of size 2 found num new op-mutexes 0

[t=0.0265213s, 23936 KB] In ts_8_50 of size 128 found num new op-mutexes 0
[t=0.0265618s, 23936 KB] Operator mutex finished iteration 8. Found an additional 0 operator mutexes

[t=0.0265932s, 23936 KB] Next pair of indices: (50, 31)
[t=0.0266148s, 23936 KB] M&S algorithm main loop timer: 0.0229046s (after computation of next merge)
[t=0.027109s, 23936 KB] M&S algorithm main loop timer: 0.0234149s (after merging)

[t=0.0271664s, 23936 KB] Operator mutex starting iteration 9

[t=0.0272204s, 23936 KB] In ts_9_0 of size 2 found num new op-mutexes 0

[t=0.0272739s, 23936 KB] In ts_9_1 of size 2 found num new op-mutexes 0

[t=0.0273254s, 23936 KB] In ts_9_2 of size 2 found num new op-mutexes 0

[t=0.0273849s, 23936 KB] In ts_9_3 of size 2 found num new op-mutexes 0

[t=0.0274341s, 23936 KB] In ts_9_4 of size 2 found num new op-mutexes 0

[t=0.0274831s, 23936 KB] In ts_9_5 of size 2 found num new op-mutexes 0

[t=0.0275318s, 23936 KB] In ts_9_6 of size 2 found num new op-mutexes 0

[t=0.0275949s, 23936 KB] In ts_9_7 of size 2 found num new op-mutexes 0

[t=0.0276486s, 23936 KB] In ts_9_8 of size 2 found num new op-mutexes 0

[t=0.0276994s, 23936 KB] In ts_9_9 of size 2 found num new op-mutexes 0

[t=0.0277506s, 23936 KB] In ts_9_10 of size 2 found num new op-mutexes 0

[t=0.0278012s, 23936 KB] In ts_9_11 of size 2 found num new op-mutexes 0

[t=0.0278513s, 23936 KB] In ts_9_12 of size 2 found num new op-mutexes 0

[t=0.0279005s, 23936 KB] In ts_9_13 of size 2 found num new op-mutexes 0

[t=0.0279519s, 23936 KB] In ts_9_14 of size 2 found num new op-mutexes 0

[t=0.0280028s, 23936 KB] In ts_9_15 of size 2 found num new op-mutexes 0

[t=0.0280525s, 23936 KB] In ts_9_16 of size 2 found num new op-mutexes 0

[t=0.0281029s, 23936 KB] In ts_9_17 of size 2 found num new op-mutexes 0

[t=0.0281531s, 23936 KB] In ts_9_18 of size 2 found num new op-mutexes 0

[t=0.028211s, 23936 KB] In ts_9_19 of size 2 found num new op-mutexes 0

[t=0.0282611s, 23936 KB] In ts_9_20 of size 2 found num new op-mutexes 0

[t=0.0283107s, 23936 KB] In ts_9_21 of size 2 found num new op-mutexes 0

[t=0.0283608s, 23936 KB] In ts_9_22 of size 2 found num new op-mutexes 0

[t=0.0284107s, 23936 KB] In ts_9_23 of size 2 found num new op-mutexes 0

[t=0.0284598s, 23936 KB] In ts_9_24 of size 2 found num new op-mutexes 0

[t=0.0285099s, 23936 KB] In ts_9_25 of size 2 found num new op-mutexes 0

[t=0.0285595s, 23936 KB] In ts_9_26 of size 2 found num new op-mutexes 0

[t=0.0286094s, 23936 KB] In ts_9_27 of size 2 found num new op-mutexes 0

[t=0.0286589s, 23936 KB] In ts_9_28 of size 2 found num new op-mutexes 0

[t=0.0287077s, 23936 KB] In ts_9_29 of size 2 found num new op-mutexes 0

[t=0.0287573s, 23936 KB] In ts_9_30 of size 2 found num new op-mutexes 0

[t=0.0304911s, 24164 KB] In ts_9_51 of size 256 found num new op-mutexes 0
[t=0.030539s, 24164 KB] Operator mutex finished iteration 9. Found an additional 0 operator mutexes

[t=0.0305716s, 24164 KB] Next pair of indices: (51, 30)
[t=0.0305933s, 24164 KB] M&S algorithm main loop timer: 0.0268826s (after computation of next merge)
[t=0.0315478s, 24164 KB] M&S algorithm main loop timer: 0.027863s (after merging)
[t=0.0317412s, 24164 KB] M&S algorithm main loop timer: 0.0280398s (after pruning)

[t=0.0317745s, 24164 KB] Operator mutex starting iteration 10

[t=0.0318282s, 24164 KB] In ts_10_0 of size 2 found num new op-mutexes 0

[t=0.0318854s, 24164 KB] In ts_10_1 of size 2 found num new op-mutexes 0

[t=0.0319371s, 24164 KB] In ts_10_2 of size 2 found num new op-mutexes 0

[t=0.0319873s, 24164 KB] In ts_10_3 of size 2 found num new op-mutexes 0

[t=0.032036s, 24164 KB] In ts_10_4 of size 2 found num new op-mutexes 0

[t=0.0320847s, 24164 KB] In ts_10_5 of size 2 found num new op-mutexes 0

[t=0.0321461s, 24164 KB] In ts_10_6 of size 2 found num new op-mutexes 0

[t=0.0322001s, 24164 KB] In ts_10_7 of size 2 found num new op-mutexes 0

[t=0.0322512s, 24164 KB] In ts_10_8 of size 2 found num new op-mutexes 0

[t=0.0323014s, 24164 KB] In ts_10_9 of size 2 found num new op-mutexes 0

[t=0.032352s, 24164 KB] In ts_10_10 of size 2 found num new op-mutexes 0

[t=0.0324073s, 24164 KB] In ts_10_11 of size 2 found num new op-mutexes 0

[t=0.032461s, 24164 KB] In ts_10_12 of size 2 found num new op-mutexes 0

[t=0.0325101s, 24164 KB] In ts_10_13 of size 2 found num new op-mutexes 0

[t=0.0325609s, 24164 KB] In ts_10_14 of size 2 found num new op-mutexes 0

[t=0.032631s, 24164 KB] In ts_10_15 of size 2 found num new op-mutexes 0

[t=0.0326863s, 24164 KB] In ts_10_16 of size 2 found num new op-mutexes 0

[t=0.0327584s, 24164 KB] In ts_10_17 of size 2 found num new op-mutexes 0

[t=0.032811s, 24164 KB] In ts_10_18 of size 2 found num new op-mutexes 0

[t=0.0328616s, 24164 KB] In ts_10_19 of size 2 found num new op-mutexes 0

[t=0.0329119s, 24164 KB] In ts_10_20 of size 2 found num new op-mutexes 0

[t=0.0329619s, 24164 KB] In ts_10_21 of size 2 found num new op-mutexes 0

[t=0.0330118s, 24164 KB] In ts_10_22 of size 2 found num new op-mutexes 0

[t=0.0330767s, 24164 KB] In ts_10_23 of size 2 found num new op-mutexes 0

[t=0.033128s, 24164 KB] In ts_10_24 of size 2 found num new op-mutexes 0

[t=0.0331786s, 24164 KB] In ts_10_25 of size 2 found num new op-mutexes 0

[t=0.0332282s, 24164 KB] In ts_10_26 of size 2 found num new op-mutexes 0

[t=0.0332775s, 24164 KB] In ts_10_27 of size 2 found num new op-mutexes 0

[t=0.0333268s, 24164 KB] In ts_10_28 of size 2 found num new op-mutexes 0

[t=0.0333759s, 24164 KB] In ts_10_29 of size 2 found num new op-mutexes 0

[t=0.0349188s, 24228 KB] In ts_10_52 of size 256 found num new op-mutexes 0
[t=0.0349622s, 24228 KB] Operator mutex finished iteration 10. Found an additional 0 operator mutexes

[t=0.0349944s, 24228 KB] Next pair of indices: (52, 29)
[t=0.0350176s, 24228 KB] M&S algorithm main loop timer: 0.0313079s (after computation of next merge)
[t=0.0360101s, 24228 KB] M&S algorithm main loop timer: 0.0323259s (after merging)

[t=0.0360914s, 24228 KB] Operator mutex starting iteration 11

[t=0.0361483s, 24228 KB] In ts_11_0 of size 2 found num new op-mutexes 0

[t=0.0362018s, 24228 KB] In ts_11_1 of size 2 found num new op-mutexes 0

[t=0.0362525s, 24228 KB] In ts_11_2 of size 2 found num new op-mutexes 0

[t=0.0363025s, 24228 KB] In ts_11_3 of size 2 found num new op-mutexes 0

[t=0.0363525s, 24228 KB] In ts_11_4 of size 2 found num new op-mutexes 0

[t=0.0364016s, 24228 KB] In ts_11_5 of size 2 found num new op-mutexes 0

[t=0.0364503s, 24228 KB] In ts_11_6 of size 2 found num new op-mutexes 0

[t=0.0365019s, 24228 KB] In ts_11_7 of size 2 found num new op-mutexes 0

[t=0.0365532s, 24228 KB] In ts_11_8 of size 2 found num new op-mutexes 0

[t=0.0366033s, 24228 KB] In ts_11_9 of size 2 found num new op-mutexes 0

[t=0.0366537s, 24228 KB] In ts_11_10 of size 2 found num new op-mutexes 0

[t=0.036704s, 24228 KB] In ts_11_11 of size 2 found num new op-mutexes 0

[t=0.036754s, 24228 KB] In ts_11_12 of size 2 found num new op-mutexes 0

[t=0.0368091s, 24228 KB] In ts_11_13 of size 2 found num new op-mutexes 0

[t=0.0368633s, 24228 KB] In ts_11_14 of size 2 found num new op-mutexes 0

[t=0.0369166s, 24228 KB] In ts_11_15 of size 2 found num new op-mutexes 0

[t=0.0369696s, 24228 KB] In ts_11_16 of size 2 found num new op-mutexes 0

[t=0.0370206s, 24228 KB] In ts_11_17 of size 2 found num new op-mutexes 0

[t=0.0370709s, 24228 KB] In ts_11_18 of size 2 found num new op-mutexes 0

[t=0.0371206s, 24228 KB] In ts_11_19 of size 2 found num new op-mutexes 0

[t=0.0371707s, 24228 KB] In ts_11_20 of size 2 found num new op-mutexes 0

[t=0.0372205s, 24228 KB] In ts_11_21 of size 2 found num new op-mutexes 0

[t=0.0372703s, 24228 KB] In ts_11_22 of size 2 found num new op-mutexes 0

[t=0.0373203s, 24228 KB] In ts_11_23 of size 2 found num new op-mutexes 0

[t=0.0373698s, 24228 KB] In ts_11_24 of size 2 found num new op-mutexes 0

[t=0.0374195s, 24228 KB] In ts_11_25 of size 2 found num new op-mutexes 0

[t=0.0374714s, 24228 KB] In ts_11_26 of size 2 found num new op-mutexes 0

[t=0.0375212s, 24228 KB] In ts_11_27 of size 2 found num new op-mutexes 0

[t=0.0375709s, 24228 KB] In ts_11_28 of size 2 found num new op-mutexes 0

[t=0.0410493s, 24856 KB] In ts_11_53 of size 512 found num new op-mutexes 0
[t=0.0410986s, 24856 KB] Operator mutex finished iteration 11. Found an additional 0 operator mutexes

[t=0.0411316s, 24856 KB] Next pair of indices: (53, 28)
[t=0.0411531s, 24856 KB] M&S algorithm main loop timer: 0.0374429s (after computation of next merge)
[t=0.0432351s, 24856 KB] M&S algorithm main loop timer: 0.0395438s (after merging)

[t=0.0433364s, 24856 KB] Operator mutex starting iteration 12

[t=0.0434004s, 24856 KB] In ts_12_0 of size 2 found num new op-mutexes 0

[t=0.0434546s, 24856 KB] In ts_12_1 of size 2 found num new op-mutexes 0

[t=0.0435062s, 24856 KB] In ts_12_2 of size 2 found num new op-mutexes 0

[t=0.0435566s, 24856 KB] In ts_12_3 of size 2 found num new op-mutexes 0

[t=0.0436059s, 24856 KB] In ts_12_4 of size 2 found num new op-mutexes 0

[t=0.043656s, 24856 KB] In ts_12_5 of size 2 found num new op-mutexes 0

[t=0.043731s, 24856 KB] In ts_12_6 of size 2 found num new op-mutexes 0

[t=0.0437935s, 24856 KB] In ts_12_7 of size 2 found num new op-mutexes 0

[t=0.0438446s, 24856 KB] In ts_12_8 of size 2 found num new op-mutexes 0

[t=0.0438948s, 24856 KB] In ts_12_9 of size 2 found num new op-mutexes 0

[t=0.0439453s, 24856 KB] In ts_12_10 of size 2 found num new op-mutexes 0

[t=0.0439956s, 24856 KB] In ts_12_11 of size 2 found num new op-mutexes 0

[t=0.0440457s, 24856 KB] In ts_12_12 of size 2 found num new op-mutexes 0

[t=0.0440947s, 24856 KB] In ts_12_13 of size 2 found num new op-mutexes 0

[t=0.0441444s, 24856 KB] In ts_12_14 of size 2 found num new op-mutexes 0

[t=0.0441946s, 24856 KB] In ts_12_15 of size 2 found num new op-mutexes 0

[t=0.0442439s, 24856 KB] In ts_12_16 of size 2 found num new op-mutexes 0

[t=0.0442941s, 24856 KB] In ts_12_17 of size 2 found num new op-mutexes 0

[t=0.0443452s, 24856 KB] In ts_12_18 of size 2 found num new op-mutexes 0

[t=0.0443945s, 24856 KB] In ts_12_19 of size 2 found num new op-mutexes 0

[t=0.0444445s, 24856 KB] In ts_12_20 of size 2 found num new op-mutexes 0

[t=0.0444944s, 24856 KB] In ts_12_21 of size 2 found num new op-mutexes 0

[t=0.0445442s, 24856 KB] In ts_12_22 of size 2 found num new op-mutexes 0

[t=0.0445936s, 24856 KB] In ts_12_23 of size 2 found num new op-mutexes 0

[t=0.0446426s, 24856 KB] In ts_12_24 of size 2 found num new op-mutexes 0

[t=0.0446925s, 24856 KB] In ts_12_25 of size 2 found num new op-mutexes 0

[t=0.0447423s, 24856 KB] In ts_12_26 of size 2 found num new op-mutexes 0

[t=0.0447927s, 24856 KB] In ts_12_27 of size 2 found num new op-mutexes 0

[t=0.0519133s, 26092 KB] In ts_12_54 of size 1024 found num new op-mutexes 0
[t=0.0519781s, 26092 KB] Operator mutex finished iteration 12. Found an additional 0 operator mutexes

[t=0.0520149s, 26092 KB] Next pair of indices: (54, 27)
[t=0.0520479s, 26092 KB] M&S algorithm main loop timer: 0.0483401s (after computation of next merge)
[t=0.0562557s, 26092 KB] M&S algorithm main loop timer: 0.0525673s (after merging)
[t=0.0568797s, 26092 KB] M&S algorithm main loop timer: 0.0531839s (after pruning)

[t=0.0569191s, 26092 KB] Operator mutex starting iteration 13

[t=0.0569814s, 26092 KB] In ts_13_0 of size 2 found num new op-mutexes 0

[t=0.0570354s, 26092 KB] In ts_13_1 of size 2 found num new op-mutexes 0

[t=0.0570866s, 26092 KB] In ts_13_2 of size 2 found num new op-mutexes 0

[t=0.0571369s, 26092 KB] In ts_13_3 of size 2 found num new op-mutexes 0

[t=0.0571866s, 26092 KB] In ts_13_4 of size 2 found num new op-mutexes 0

[t=0.0572413s, 26092 KB] In ts_13_5 of size 2 found num new op-mutexes 0

[t=0.0572964s, 26092 KB] In ts_13_6 of size 2 found num new op-mutexes 0

[t=0.0573494s, 26092 KB] In ts_13_7 of size 2 found num new op-mutexes 0

[t=0.0574097s, 26092 KB] In ts_13_8 of size 2 found num new op-mutexes 0

[t=0.0574595s, 26092 KB] In ts_13_9 of size 2 found num new op-mutexes 0

[t=0.0575096s, 26092 KB] In ts_13_10 of size 2 found num new op-mutexes 0

[t=0.0575605s, 26092 KB] In ts_13_11 of size 2 found num new op-mutexes 0

[t=0.0576093s, 26092 KB] In ts_13_12 of size 2 found num new op-mutexes 0

[t=0.0576584s, 26092 KB] In ts_13_13 of size 2 found num new op-mutexes 0

[t=0.0577084s, 26092 KB] In ts_13_14 of size 2 found num new op-mutexes 0

[t=0.0577589s, 26092 KB] In ts_13_15 of size 2 found num new op-mutexes 0

[t=0.0578271s, 26092 KB] In ts_13_16 of size 2 found num new op-mutexes 0

[t=0.0578787s, 26092 KB] In ts_13_17 of size 2 found num new op-mutexes 0

[t=0.0579291s, 26092 KB] In ts_13_18 of size 2 found num new op-mutexes 0

[t=0.0579779s, 26092 KB] In ts_13_19 of size 2 found num new op-mutexes 0

[t=0.0580278s, 26092 KB] In ts_13_20 of size 2 found num new op-mutexes 0

[t=0.0580778s, 26092 KB] In ts_13_21 of size 2 found num new op-mutexes 0

[t=0.0581276s, 26092 KB] In ts_13_22 of size 2 found num new op-mutexes 0

[t=0.0581771s, 26092 KB] In ts_13_23 of size 2 found num new op-mutexes 0

[t=0.0582259s, 26092 KB] In ts_13_24 of size 2 found num new op-mutexes 0

[t=0.0582753s, 26092 KB] In ts_13_25 of size 2 found num new op-mutexes 0

[t=0.0583243s, 26092 KB] In ts_13_26 of size 2 found num new op-mutexes 0

[t=0.0650656s, 26284 KB] In ts_13_55 of size 1024 found num new op-mutexes 0
[t=0.0651568s, 26284 KB] Operator mutex finished iteration 13. Found an additional 0 operator mutexes

[t=0.0651931s, 26284 KB] Next pair of indices: (55, 26)
[t=0.0652166s, 26284 KB] M&S algorithm main loop timer: 0.0615068s (after computation of next merge)
[t=0.0701096s, 26284 KB] M&S algorithm main loop timer: 0.0664232s (after merging)

[t=0.070267s, 26284 KB] Operator mutex starting iteration 14

[t=0.0703466s, 26284 KB] In ts_14_0 of size 2 found num new op-mutexes 0

[t=0.0704012s, 26284 KB] In ts_14_1 of size 2 found num new op-mutexes 0

[t=0.0704527s, 26284 KB] In ts_14_2 of size 2 found num new op-mutexes 0

[t=0.0705349s, 26284 KB] In ts_14_3 of size 2 found num new op-mutexes 0

[t=0.0705872s, 26284 KB] In ts_14_4 of size 2 found num new op-mutexes 0

[t=0.0706365s, 26284 KB] In ts_14_5 of size 2 found num new op-mutexes 0

[t=0.0706845s, 26284 KB] In ts_14_6 of size 2 found num new op-mutexes 0

[t=0.0707374s, 26284 KB] In ts_14_7 of size 2 found num new op-mutexes 0

[t=0.0707881s, 26284 KB] In ts_14_8 of size 2 found num new op-mutexes 0

[t=0.0708377s, 26284 KB] In ts_14_9 of size 2 found num new op-mutexes 0

[t=0.0708874s, 26284 KB] In ts_14_10 of size 2 found num new op-mutexes 0

[t=0.0709379s, 26284 KB] In ts_14_11 of size 2 found num new op-mutexes 0

[t=0.0709863s, 26284 KB] In ts_14_12 of size 2 found num new op-mutexes 0

[t=0.0710341s, 26284 KB] In ts_14_13 of size 2 found num new op-mutexes 0

[t=0.0710834s, 26284 KB] In ts_14_14 of size 2 found num new op-mutexes 0

[t=0.0711347s, 26284 KB] In ts_14_15 of size 2 found num new op-mutexes 0

[t=0.0711838s, 26284 KB] In ts_14_16 of size 2 found num new op-mutexes 0

[t=0.071234s, 26284 KB] In ts_14_17 of size 2 found num new op-mutexes 0

[t=0.0712843s, 26284 KB] In ts_14_18 of size 2 found num new op-mutexes 0

[t=0.0713331s, 26284 KB] In ts_14_19 of size 2 found num new op-mutexes 0

[t=0.0713821s, 26284 KB] In ts_14_20 of size 2 found num new op-mutexes 0

[t=0.0714341s, 26284 KB] In ts_14_21 of size 2 found num new op-mutexes 0

[t=0.0714882s, 26284 KB] In ts_14_22 of size 2 found num new op-mutexes 0

[t=0.0715384s, 26284 KB] In ts_14_23 of size 2 found num new op-mutexes 0

[t=0.0715875s, 26284 KB] In ts_14_24 of size 2 found num new op-mutexes 0

[t=0.071637s, 26284 KB] In ts_14_25 of size 2 found num new op-mutexes 0

[t=0.0903491s, 31564 KB] In ts_14_56 of size 2048 found num new op-mutexes 0
[t=0.0904529s, 31564 KB] Operator mutex finished iteration 14. Found an additional 0 operator mutexes

[t=0.0904894s, 31564 KB] Next pair of indices: (56, 25)
[t=0.0905121s, 31564 KB] M&S algorithm main loop timer: 0.0868019s (after computation of next merge)
[t=0.10162s, 31564 KB] M&S algorithm main loop timer: 0.0979642s (after merging)
[t=0.103078s, 31564 KB] M&S algorithm main loop timer: 0.0994071s (after pruning)

[t=0.103145s, 31564 KB] Operator mutex starting iteration 15

[t=0.103208s, 31564 KB] In ts_15_0 of size 2 found num new op-mutexes 0

[t=0.103262s, 31564 KB] In ts_15_1 of size 2 found num new op-mutexes 0

[t=0.103314s, 31564 KB] In ts_15_2 of size 2 found num new op-mutexes 0

[t=0.103364s, 31564 KB] In ts_15_3 of size 2 found num new op-mutexes 0

[t=0.103413s, 31564 KB] In ts_15_4 of size 2 found num new op-mutexes 0

[t=0.103461s, 31564 KB] In ts_15_5 of size 2 found num new op-mutexes 0

[t=0.10351s, 31564 KB] In ts_15_6 of size 2 found num new op-mutexes 0

[t=0.103564s, 31564 KB] In ts_15_7 of size 2 found num new op-mutexes 0

[t=0.103616s, 31564 KB] In ts_15_8 of size 2 found num new op-mutexes 0

[t=0.103666s, 31564 KB] In ts_15_9 of size 2 found num new op-mutexes 0

[t=0.103716s, 31564 KB] In ts_15_10 of size 2 found num new op-mutexes 0

[t=0.103767s, 31564 KB] In ts_15_11 of size 2 found num new op-mutexes 0

[t=0.103816s, 31564 KB] In ts_15_12 of size 2 found num new op-mutexes 0

[t=0.103889s, 31564 KB] In ts_15_13 of size 2 found num new op-mutexes 0

[t=0.103941s, 31564 KB] In ts_15_14 of size 2 found num new op-mutexes 0

[t=0.103992s, 31564 KB] In ts_15_15 of size 2 found num new op-mutexes 0

[t=0.10405s, 31564 KB] In ts_15_16 of size 2 found num new op-mutexes 0

[t=0.1041s, 31564 KB] In ts_15_17 of size 2 found num new op-mutexes 0

[t=0.10415s, 31564 KB] In ts_15_18 of size 2 found num new op-mutexes 0

[t=0.104199s, 31564 KB] In ts_15_19 of size 2 found num new op-mutexes 0

[t=0.104249s, 31564 KB] In ts_15_20 of size 2 found num new op-mutexes 0

[t=0.104298s, 31564 KB] In ts_15_21 of size 2 found num new op-mutexes 0

[t=0.104348s, 31564 KB] In ts_15_22 of size 2 found num new op-mutexes 0

[t=0.104397s, 31564 KB] In ts_15_23 of size 2 found num new op-mutexes 0

[t=0.104445s, 31564 KB] In ts_15_24 of size 2 found num new op-mutexes 0

[t=0.119212s, 31564 KB] In ts_15_57 of size 2048 found num new op-mutexes 0
[t=0.119333s, 31564 KB] Operator mutex finished iteration 15. Found an additional 0 operator mutexes

[t=0.119375s, 31564 KB] Next pair of indices: (57, 24)
[t=0.1194s, 31564 KB] M&S algorithm main loop timer: 0.11569s (after computation of next merge)
[t=0.133376s, 31564 KB] M&S algorithm main loop timer: 0.129733s (after merging)

[t=0.133689s, 31564 KB] Operator mutex starting iteration 16

[t=0.133781s, 31564 KB] In ts_16_0 of size 2 found num new op-mutexes 0

[t=0.133837s, 31564 KB] In ts_16_1 of size 2 found num new op-mutexes 0

[t=0.133889s, 31564 KB] In ts_16_2 of size 2 found num new op-mutexes 0

[t=0.13394s, 31564 KB] In ts_16_3 of size 2 found num new op-mutexes 0

[t=0.13399s, 31564 KB] In ts_16_4 of size 2 found num new op-mutexes 0

[t=0.134039s, 31564 KB] In ts_16_5 of size 2 found num new op-mutexes 0

[t=0.134087s, 31564 KB] In ts_16_6 of size 2 found num new op-mutexes 0

[t=0.13414s, 31564 KB] In ts_16_7 of size 2 found num new op-mutexes 0

[t=0.134191s, 31564 KB] In ts_16_8 of size 2 found num new op-mutexes 0

[t=0.134241s, 31564 KB] In ts_16_9 of size 2 found num new op-mutexes 0

[t=0.134292s, 31564 KB] In ts_16_10 of size 2 found num new op-mutexes 0

[t=0.134352s, 31564 KB] In ts_16_11 of size 2 found num new op-mutexes 0

[t=0.134401s, 31564 KB] In ts_16_12 of size 2 found num new op-mutexes 0

[t=0.13445s, 31564 KB] In ts_16_13 of size 2 found num new op-mutexes 0

[t=0.1345s, 31564 KB] In ts_16_14 of size 2 found num new op-mutexes 0

[t=0.134551s, 31564 KB] In ts_16_15 of size 2 found num new op-mutexes 0

[t=0.1346s, 31564 KB] In ts_16_16 of size 2 found num new op-mutexes 0

[t=0.13465s, 31564 KB] In ts_16_17 of size 2 found num new op-mutexes 0

[t=0.1347s, 31564 KB] In ts_16_18 of size 2 found num new op-mutexes 0

[t=0.134749s, 31564 KB] In ts_16_19 of size 2 found num new op-mutexes 0

[t=0.134799s, 31564 KB] In ts_16_20 of size 2 found num new op-mutexes 0

[t=0.134866s, 31564 KB] In ts_16_21 of size 2 found num new op-mutexes 0

[t=0.134918s, 31564 KB] In ts_16_22 of size 2 found num new op-mutexes 0

[t=0.134969s, 31564 KB] In ts_16_23 of size 2 found num new op-mutexes 0

[t=0.172065s, 39780 KB] In ts_16_58 of size 4096 found num new op-mutexes 0
[t=0.172169s, 39780 KB] Operator mutex finished iteration 16. Found an additional 0 operator mutexes

[t=0.172205s, 39780 KB] Next pair of indices: (58, 23)
[t=0.172229s, 39780 KB] M&S algorithm main loop timer: 0.16852s (after computation of next merge)
[t=0.206712s, 39780 KB] M&S algorithm main loop timer: 0.203094s (after merging)

[t=0.207284s, 39780 KB] Operator mutex starting iteration 17

[t=0.207352s, 39780 KB] In ts_17_0 of size 2 found num new op-mutexes 0

[t=0.207408s, 39780 KB] In ts_17_1 of size 2 found num new op-mutexes 0

[t=0.207473s, 39780 KB] In ts_17_2 of size 2 found num new op-mutexes 0

[t=0.207529s, 39780 KB] In ts_17_3 of size 2 found num new op-mutexes 0

[t=0.207583s, 39780 KB] In ts_17_4 of size 2 found num new op-mutexes 0

[t=0.207636s, 39780 KB] In ts_17_5 of size 2 found num new op-mutexes 0

[t=0.207688s, 39780 KB] In ts_17_6 of size 2 found num new op-mutexes 0

[t=0.207742s, 39780 KB] In ts_17_7 of size 2 found num new op-mutexes 0

[t=0.207796s, 39780 KB] In ts_17_8 of size 2 found num new op-mutexes 0

[t=0.207859s, 39780 KB] In ts_17_9 of size 2 found num new op-mutexes 0

[t=0.207913s, 39780 KB] In ts_17_10 of size 2 found num new op-mutexes 0

[t=0.207966s, 39780 KB] In ts_17_11 of size 2 found num new op-mutexes 0

[t=0.208019s, 39780 KB] In ts_17_12 of size 2 found num new op-mutexes 0

[t=0.208071s, 39780 KB] In ts_17_13 of size 2 found num new op-mutexes 0

[t=0.208125s, 39780 KB] In ts_17_14 of size 2 found num new op-mutexes 0

[t=0.208179s, 39780 KB] In ts_17_15 of size 2 found num new op-mutexes 0

[t=0.208246s, 39780 KB] In ts_17_16 of size 2 found num new op-mutexes 0

[t=0.208301s, 39780 KB] In ts_17_17 of size 2 found num new op-mutexes 0

[t=0.208354s, 39780 KB] In ts_17_18 of size 2 found num new op-mutexes 0

[t=0.208405s, 39780 KB] In ts_17_19 of size 2 found num new op-mutexes 0

[t=0.208458s, 39780 KB] In ts_17_20 of size 2 found num new op-mutexes 0

[t=0.208511s, 39780 KB] In ts_17_21 of size 2 found num new op-mutexes 0

[t=0.208565s, 39780 KB] In ts_17_22 of size 2 found num new op-mutexes 0
[t=0.209087s, 39780 KB] Operator mutex finished iteration 17. Found an additional 0 operator mutexes

[t=0.209125s, 39780 KB] Next pair of indices: (59, 22)
[t=0.209149s, 39780 KB] M&S algorithm main loop timer: 0.205439s (after computation of next merge)
[t=0.284902s, 39780 KB] M&S algorithm main loop timer: 0.281259s (after merging)
[t=0.292007s, 39780 KB] M&S algorithm main loop timer: 0.288352s (after pruning)

[t=0.292093s, 39780 KB] Operator mutex starting iteration 18

[t=0.292155s, 39780 KB] In ts_18_0 of size 2 found num new op-mutexes 0

[t=0.292211s, 39780 KB] In ts_18_1 of size 2 found num new op-mutexes 0

[t=0.292262s, 39780 KB] In ts_18_2 of size 2 found num new op-mutexes 0

[t=0.292311s, 39780 KB] In ts_18_3 of size 2 found num new op-mutexes 0

[t=0.29236s, 39780 KB] In ts_18_4 of size 2 found num new op-mutexes 0

[t=0.292409s, 39780 KB] In ts_18_5 of size 2 found num new op-mutexes 0

[t=0.292466s, 39780 KB] In ts_18_6 of size 2 found num new op-mutexes 0

[t=0.292527s, 39780 KB] In ts_18_7 of size 2 found num new op-mutexes 0

[t=0.29258s, 39780 KB] In ts_18_8 of size 2 found num new op-mutexes 0

[t=0.292634s, 39780 KB] In ts_18_9 of size 2 found num new op-mutexes 0

[t=0.292694s, 39780 KB] In ts_18_10 of size 2 found num new op-mutexes 0

[t=0.292746s, 39780 KB] In ts_18_11 of size 2 found num new op-mutexes 0

[t=0.292795s, 39780 KB] In ts_18_12 of size 2 found num new op-mutexes 0

[t=0.292853s, 39780 KB] In ts_18_13 of size 2 found num new op-mutexes 0

[t=0.292902s, 39780 KB] In ts_18_14 of size 2 found num new op-mutexes 0

[t=0.292952s, 39780 KB] In ts_18_15 of size 2 found num new op-mutexes 0

[t=0.293013s, 39780 KB] In ts_18_16 of size 2 found num new op-mutexes 0

[t=0.293065s, 39780 KB] In ts_18_17 of size 2 found num new op-mutexes 0

[t=0.293115s, 39780 KB] In ts_18_18 of size 2 found num new op-mutexes 0

[t=0.293164s, 39780 KB] In ts_18_19 of size 2 found num new op-mutexes 0

[t=0.293213s, 39780 KB] In ts_18_20 of size 2 found num new op-mutexes 0

[t=0.293262s, 39780 KB] In ts_18_21 of size 2 found num new op-mutexes 0
[t=0.293761s, 39780 KB] Operator mutex finished iteration 18. Found an additional 0 operator mutexes

[t=0.293798s, 39780 KB] Next pair of indices: (60, 21)
[t=0.29382s, 39780 KB] M&S algorithm main loop timer: 0.290109s (after computation of next merge)
[t=0.372969s, 39780 KB] M&S algorithm main loop timer: 0.369338s (after merging)

[t=0.373977s, 39780 KB] Operator mutex starting iteration 19

[t=0.374046s, 39780 KB] In ts_19_0 of size 2 found num new op-mutexes 0

[t=0.374102s, 39780 KB] In ts_19_1 of size 2 found num new op-mutexes 0

[t=0.374154s, 39780 KB] In ts_19_2 of size 2 found num new op-mutexes 0

[t=0.374204s, 39780 KB] In ts_19_3 of size 2 found num new op-mutexes 0

[t=0.374254s, 39780 KB] In ts_19_4 of size 2 found num new op-mutexes 0

[t=0.374303s, 39780 KB] In ts_19_5 of size 2 found num new op-mutexes 0

[t=0.374351s, 39780 KB] In ts_19_6 of size 2 found num new op-mutexes 0

[t=0.374404s, 39780 KB] In ts_19_7 of size 2 found num new op-mutexes 0

[t=0.374455s, 39780 KB] In ts_19_8 of size 2 found num new op-mutexes 0

[t=0.374505s, 39780 KB] In ts_19_9 of size 2 found num new op-mutexes 0

[t=0.374555s, 39780 KB] In ts_19_10 of size 2 found num new op-mutexes 0

[t=0.374606s, 39780 KB] In ts_19_11 of size 2 found num new op-mutexes 0

[t=0.374655s, 39780 KB] In ts_19_12 of size 2 found num new op-mutexes 0

[t=0.374714s, 39780 KB] In ts_19_13 of size 2 found num new op-mutexes 0

[t=0.374763s, 39780 KB] In ts_19_14 of size 2 found num new op-mutexes 0

[t=0.374813s, 39780 KB] In ts_19_15 of size 2 found num new op-mutexes 0

[t=0.374862s, 39780 KB] In ts_19_16 of size 2 found num new op-mutexes 0

[t=0.374912s, 39780 KB] In ts_19_17 of size 2 found num new op-mutexes 0

[t=0.374971s, 39780 KB] In ts_19_18 of size 2 found num new op-mutexes 0

[t=0.375023s, 39780 KB] In ts_19_19 of size 2 found num new op-mutexes 0

[t=0.375074s, 39780 KB] In ts_19_20 of size 2 found num new op-mutexes 0
[t=0.376355s, 39780 KB] Operator mutex finished iteration 19. Found an additional 0 operator mutexes

[t=0.376396s, 39780 KB] Next pair of indices: (61, 20)
[t=0.376419s, 39780 KB] M&S algorithm main loop timer: 0.372708s (after computation of next merge)
[t=0.55821s, 45948 KB] M&S algorithm main loop timer: 0.554575s (after merging)
[t=0.573451s, 45948 KB] M&S algorithm main loop timer: 0.569798s (after pruning)

[t=0.57354s, 45948 KB] Operator mutex starting iteration 20

[t=0.573604s, 45948 KB] In ts_20_0 of size 2 found num new op-mutexes 0

[t=0.573659s, 45948 KB] In ts_20_1 of size 2 found num new op-mutexes 0

[t=0.573711s, 45948 KB] In ts_20_2 of size 2 found num new op-mutexes 0

[t=0.573762s, 45948 KB] In ts_20_3 of size 2 found num new op-mutexes 0

[t=0.573811s, 45948 KB] In ts_20_4 of size 2 found num new op-mutexes 0

[t=0.57386s, 45948 KB] In ts_20_5 of size 2 found num new op-mutexes 0

[t=0.573907s, 45948 KB] In ts_20_6 of size 2 found num new op-mutexes 0

[t=0.57396s, 45948 KB] In ts_20_7 of size 2 found num new op-mutexes 0

[t=0.57401s, 45948 KB] In ts_20_8 of size 2 found num new op-mutexes 0

[t=0.57406s, 45948 KB] In ts_20_9 of size 2 found num new op-mutexes 0

[t=0.574109s, 45948 KB] In ts_20_10 of size 2 found num new op-mutexes 0

[t=0.574159s, 45948 KB] In ts_20_11 of size 2 found num new op-mutexes 0

[t=0.574207s, 45948 KB] In ts_20_12 of size 2 found num new op-mutexes 0

[t=0.574255s, 45948 KB] In ts_20_13 of size 2 found num new op-mutexes 0

[t=0.574304s, 45948 KB] In ts_20_14 of size 2 found num new op-mutexes 0

[t=0.574353s, 45948 KB] In ts_20_15 of size 2 found num new op-mutexes 0

[t=0.574401s, 45948 KB] In ts_20_16 of size 2 found num new op-mutexes 0

[t=0.57445s, 45948 KB] In ts_20_17 of size 2 found num new op-mutexes 0

[t=0.574499s, 45948 KB] In ts_20_18 of size 2 found num new op-mutexes 0

[t=0.574547s, 45948 KB] In ts_20_19 of size 2 found num new op-mutexes 0
[t=0.575707s, 45948 KB] Operator mutex finished iteration 20. Found an additional 0 operator mutexes

[t=0.575749s, 45948 KB] Next pair of indices: (62, 19)
[t=0.575773s, 45948 KB] M&S algorithm main loop timer: 0.572063s (after computation of next merge)
[t=0.77664s, 49772 KB] M&S algorithm main loop timer: 0.773006s (after merging)

[t=0.778711s, 49772 KB] Operator mutex starting iteration 21

[t=0.778787s, 49772 KB] In ts_21_0 of size 2 found num new op-mutexes 0

[t=0.778847s, 49772 KB] In ts_21_1 of size 2 found num new op-mutexes 0

[t=0.778899s, 49772 KB] In ts_21_2 of size 2 found num new op-mutexes 0

[t=0.778949s, 49772 KB] In ts_21_3 of size 2 found num new op-mutexes 0

[t=0.778998s, 49772 KB] In ts_21_4 of size 2 found num new op-mutexes 0

[t=0.779047s, 49772 KB] In ts_21_5 of size 2 found num new op-mutexes 0

[t=0.779095s, 49772 KB] In ts_21_6 of size 2 found num new op-mutexes 0

[t=0.779148s, 49772 KB] In ts_21_7 of size 2 found num new op-mutexes 0

[t=0.779199s, 49772 KB] In ts_21_8 of size 2 found num new op-mutexes 0

[t=0.77925s, 49772 KB] In ts_21_9 of size 2 found num new op-mutexes 0

[t=0.7793s, 49772 KB] In ts_21_10 of size 2 found num new op-mutexes 0

[t=0.77935s, 49772 KB] In ts_21_11 of size 2 found num new op-mutexes 0

[t=0.779409s, 49772 KB] In ts_21_12 of size 2 found num new op-mutexes 0

[t=0.779458s, 49772 KB] In ts_21_13 of size 2 found num new op-mutexes 0

[t=0.779508s, 49772 KB] In ts_21_14 of size 2 found num new op-mutexes 0

[t=0.779557s, 49772 KB] In ts_21_15 of size 2 found num new op-mutexes 0

[t=0.779606s, 49772 KB] In ts_21_16 of size 2 found num new op-mutexes 0

[t=0.779656s, 49772 KB] In ts_21_17 of size 2 found num new op-mutexes 0

[t=0.779705s, 49772 KB] In ts_21_18 of size 2 found num new op-mutexes 0
[t=0.78301s, 51308 KB] Operator mutex finished iteration 21. Found an additional 0 operator mutexes

[t=0.783081s, 51308 KB] Next pair of indices: (63, 18)
[t=0.783103s, 51308 KB] M&S algorithm main loop timer: 0.779393s (after computation of next merge)
[t=1.01714s, 57380 KB] M&S algorithm main loop timer: 1.0135s (after shrinking)
[t=1.22643s, 61616 KB] M&S algorithm main loop timer: 1.22279s (after merging)

[t=1.22896s, 61616 KB] Operator mutex starting iteration 22

[t=1.22903s, 61616 KB] In ts_22_0 of size 2 found num new op-mutexes 0

[t=1.22909s, 61616 KB] In ts_22_1 of size 2 found num new op-mutexes 0

[t=1.22914s, 61616 KB] In ts_22_2 of size 2 found num new op-mutexes 0

[t=1.22919s, 61616 KB] In ts_22_3 of size 2 found num new op-mutexes 0

[t=1.22924s, 61616 KB] In ts_22_4 of size 2 found num new op-mutexes 0

[t=1.22929s, 61616 KB] In ts_22_5 of size 2 found num new op-mutexes 0

[t=1.22935s, 61616 KB] In ts_22_6 of size 2 found num new op-mutexes 0

[t=1.22941s, 61616 KB] In ts_22_7 of size 2 found num new op-mutexes 0

[t=1.22946s, 61616 KB] In ts_22_8 of size 2 found num new op-mutexes 0

[t=1.22951s, 61616 KB] In ts_22_9 of size 2 found num new op-mutexes 0

[t=1.22956s, 61616 KB] In ts_22_10 of size 2 found num new op-mutexes 0

[t=1.22961s, 61616 KB] In ts_22_11 of size 2 found num new op-mutexes 0

[t=1.22966s, 61616 KB] In ts_22_12 of size 2 found num new op-mutexes 0

[t=1.22971s, 61616 KB] In ts_22_13 of size 2 found num new op-mutexes 0

[t=1.22976s, 61616 KB] In ts_22_14 of size 2 found num new op-mutexes 0

[t=1.22981s, 61616 KB] In ts_22_15 of size 2 found num new op-mutexes 0

[t=1.22986s, 61616 KB] In ts_22_16 of size 2 found num new op-mutexes 0

[t=1.22992s, 61616 KB] In ts_22_17 of size 2 found num new op-mutexes 0
[t=1.23592s, 65720 KB] Operator mutex finished iteration 22. Found an additional 0 operator mutexes

[t=1.236s, 65720 KB] Next pair of indices: (64, 17)
[t=1.23604s, 65720 KB] M&S algorithm main loop timer: 1.23233s (after computation of next merge)
[t=1.51263s, 74772 KB] M&S algorithm main loop timer: 1.50898s (after shrinking)
[t=1.62674s, 74772 KB] M&S algorithm main loop timer: 1.6231s (after merging)

[t=1.62827s, 74772 KB] Operator mutex starting iteration 23

[t=1.62834s, 74772 KB] In ts_23_0 of size 2 found num new op-mutexes 0

[t=1.6284s, 74772 KB] In ts_23_1 of size 2 found num new op-mutexes 0

[t=1.62845s, 74772 KB] In ts_23_2 of size 2 found num new op-mutexes 0

[t=1.6285s, 74772 KB] In ts_23_3 of size 2 found num new op-mutexes 0

[t=1.62855s, 74772 KB] In ts_23_4 of size 2 found num new op-mutexes 0

[t=1.6286s, 74772 KB] In ts_23_5 of size 2 found num new op-mutexes 0

[t=1.62864s, 74772 KB] In ts_23_6 of size 2 found num new op-mutexes 0

[t=1.6287s, 74772 KB] In ts_23_7 of size 2 found num new op-mutexes 0

[t=1.62875s, 74772 KB] In ts_23_8 of size 2 found num new op-mutexes 0

[t=1.6288s, 74772 KB] In ts_23_9 of size 2 found num new op-mutexes 0

[t=1.62885s, 74772 KB] In ts_23_10 of size 2 found num new op-mutexes 0

[t=1.6289s, 74772 KB] In ts_23_11 of size 2 found num new op-mutexes 0

[t=1.62895s, 74772 KB] In ts_23_12 of size 2 found num new op-mutexes 0

[t=1.62901s, 74772 KB] In ts_23_13 of size 2 found num new op-mutexes 0

[t=1.62906s, 74772 KB] In ts_23_14 of size 2 found num new op-mutexes 0

[t=1.62911s, 74772 KB] In ts_23_15 of size 2 found num new op-mutexes 0

[t=1.62918s, 74772 KB] In ts_23_16 of size 2 found num new op-mutexes 0
[t=1.63187s, 74772 KB] Operator mutex finished iteration 23. Found an additional 0 operator mutexes

[t=1.63194s, 74772 KB] Next pair of indices: (65, 16)
[t=1.63196s, 74772 KB] M&S algorithm main loop timer: 1.62825s (after computation of next merge)
[t=1.79632s, 74772 KB] M&S algorithm main loop timer: 1.79268s (after shrinking)
[t=1.86488s, 74772 KB] M&S algorithm main loop timer: 1.86124s (after merging)

[t=1.86587s, 74772 KB] Operator mutex starting iteration 24

[t=1.86594s, 74772 KB] In ts_24_0 of size 2 found num new op-mutexes 0

[t=1.866s, 74772 KB] In ts_24_1 of size 2 found num new op-mutexes 0

[t=1.86605s, 74772 KB] In ts_24_2 of size 2 found num new op-mutexes 0

[t=1.8661s, 74772 KB] In ts_24_3 of size 2 found num new op-mutexes 0

[t=1.86615s, 74772 KB] In ts_24_4 of size 2 found num new op-mutexes 0

[t=1.86619s, 74772 KB] In ts_24_5 of size 2 found num new op-mutexes 0

[t=1.86624s, 74772 KB] In ts_24_6 of size 2 found num new op-mutexes 0

[t=1.86629s, 74772 KB] In ts_24_7 of size 2 found num new op-mutexes 0

[t=1.86634s, 74772 KB] In ts_24_8 of size 2 found num new op-mutexes 0

[t=1.86639s, 74772 KB] In ts_24_9 of size 2 found num new op-mutexes 0

[t=1.86644s, 74772 KB] In ts_24_10 of size 2 found num new op-mutexes 0

[t=1.86649s, 74772 KB] In ts_24_11 of size 2 found num new op-mutexes 0

[t=1.86654s, 74772 KB] In ts_24_12 of size 2 found num new op-mutexes 0

[t=1.86659s, 74772 KB] In ts_24_13 of size 2 found num new op-mutexes 0

[t=1.86664s, 74772 KB] In ts_24_14 of size 2 found num new op-mutexes 0

[t=1.86669s, 74772 KB] In ts_24_15 of size 2 found num new op-mutexes 0
[t=1.86849s, 74772 KB] Operator mutex finished iteration 24. Found an additional 0 operator mutexes

[t=1.86854s, 74772 KB] Next pair of indices: (66, 15)
[t=1.86856s, 74772 KB] M&S algorithm main loop timer: 1.86486s (after computation of next merge)
[t=2.09442s, 74772 KB] M&S algorithm main loop timer: 2.09079s (after merging)

[t=2.09641s, 74772 KB] Operator mutex starting iteration 25

[t=2.09648s, 74772 KB] In ts_25_0 of size 2 found num new op-mutexes 0

[t=2.09654s, 74772 KB] In ts_25_1 of size 2 found num new op-mutexes 0

[t=2.09659s, 74772 KB] In ts_25_2 of size 2 found num new op-mutexes 0

[t=2.09664s, 74772 KB] In ts_25_3 of size 2 found num new op-mutexes 0

[t=2.09669s, 74772 KB] In ts_25_4 of size 2 found num new op-mutexes 0

[t=2.09674s, 74772 KB] In ts_25_5 of size 2 found num new op-mutexes 0

[t=2.09679s, 74772 KB] In ts_25_6 of size 2 found num new op-mutexes 0

[t=2.09684s, 74772 KB] In ts_25_7 of size 2 found num new op-mutexes 0

[t=2.09689s, 74772 KB] In ts_25_8 of size 2 found num new op-mutexes 0

[t=2.09695s, 74772 KB] In ts_25_9 of size 2 found num new op-mutexes 0

[t=2.097s, 74772 KB] In ts_25_10 of size 2 found num new op-mutexes 0

[t=2.09705s, 74772 KB] In ts_25_11 of size 2 found num new op-mutexes 0

[t=2.0971s, 74772 KB] In ts_25_12 of size 2 found num new op-mutexes 0

[t=2.09714s, 74772 KB] In ts_25_13 of size 2 found num new op-mutexes 0

[t=2.0972s, 74772 KB] In ts_25_14 of size 2 found num new op-mutexes 0
[t=2.10102s, 74772 KB] Operator mutex finished iteration 25. Found an additional 0 operator mutexes

[t=2.10109s, 74772 KB] Next pair of indices: (67, 14)
[t=2.10112s, 74772 KB] M&S algorithm main loop timer: 2.09741s (after computation of next merge)
[t=2.3168s, 74772 KB] M&S algorithm main loop timer: 2.3134s (after shrinking)
[t=2.31731s, 74772 KB] M&S algorithm main loop timer: 2.31361s (after merging)

[t=2.31735s, 74772 KB] Operator mutex starting iteration 26

[t=2.31741s, 74772 KB] In ts_26_0 of size 2 found num new op-mutexes 0

[t=2.31747s, 74772 KB] In ts_26_1 of size 2 found num new op-mutexes 0

[t=2.31752s, 74772 KB] In ts_26_2 of size 2 found num new op-mutexes 0

[t=2.31757s, 74772 KB] In ts_26_3 of size 2 found num new op-mutexes 0

[t=2.31762s, 74772 KB] In ts_26_4 of size 2 found num new op-mutexes 0

[t=2.31767s, 74772 KB] In ts_26_5 of size 2 found num new op-mutexes 0

[t=2.31772s, 74772 KB] In ts_26_6 of size 2 found num new op-mutexes 0

[t=2.31777s, 74772 KB] In ts_26_7 of size 2 found num new op-mutexes 0

[t=2.31783s, 74772 KB] In ts_26_8 of size 2 found num new op-mutexes 0

[t=2.31788s, 74772 KB] In ts_26_9 of size 2 found num new op-mutexes 0

[t=2.31793s, 74772 KB] In ts_26_10 of size 2 found num new op-mutexes 0

[t=2.31798s, 74772 KB] In ts_26_11 of size 2 found num new op-mutexes 0

[t=2.31803s, 74772 KB] In ts_26_12 of size 2 found num new op-mutexes 0

[t=2.31808s, 74772 KB] In ts_26_13 of size 2 found num new op-mutexes 0

[t=2.31854s, 74772 KB] In ts_26_68 of size 20 found num new op-mutexes 0
[t=2.31858s, 74772 KB] Operator mutex finished iteration 26. Found an additional 0 operator mutexes

[t=2.31861s, 74772 KB] Next pair of indices: (68, 13)
[t=2.31863s, 74772 KB] M&S algorithm main loop timer: 2.31492s (after computation of next merge)
[t=2.31896s, 74772 KB] M&S algorithm main loop timer: 2.31525s (after merging)

[t=2.319s, 74772 KB] Operator mutex starting iteration 27

[t=2.31905s, 74772 KB] In ts_27_0 of size 2 found num new op-mutexes 0

[t=2.31912s, 74772 KB] In ts_27_1 of size 2 found num new op-mutexes 0

[t=2.31917s, 74772 KB] In ts_27_2 of size 2 found num new op-mutexes 0

[t=2.31922s, 74772 KB] In ts_27_3 of size 2 found num new op-mutexes 0

[t=2.31927s, 74772 KB] In ts_27_4 of size 2 found num new op-mutexes 0

[t=2.31932s, 74772 KB] In ts_27_5 of size 2 found num new op-mutexes 0

[t=2.31937s, 74772 KB] In ts_27_6 of size 2 found num new op-mutexes 0

[t=2.31942s, 74772 KB] In ts_27_7 of size 2 found num new op-mutexes 0

[t=2.31947s, 74772 KB] In ts_27_8 of size 2 found num new op-mutexes 0

[t=2.31952s, 74772 KB] In ts_27_9 of size 2 found num new op-mutexes 0

[t=2.31958s, 74772 KB] In ts_27_10 of size 2 found num new op-mutexes 0

[t=2.31963s, 74772 KB] In ts_27_11 of size 2 found num new op-mutexes 0

[t=2.31969s, 74772 KB] In ts_27_12 of size 2 found num new op-mutexes 0

[t=2.32057s, 74772 KB] In ts_27_69 of size 40 found num new op-mutexes 0
[t=2.32061s, 74772 KB] Operator mutex finished iteration 27. Found an additional 0 operator mutexes

[t=2.32064s, 74772 KB] Next pair of indices: (69, 12)
[t=2.32066s, 74772 KB] M&S algorithm main loop timer: 2.31696s (after computation of next merge)
[t=2.32127s, 74772 KB] M&S algorithm main loop timer: 2.31757s (after merging)

[t=2.32132s, 74772 KB] Operator mutex starting iteration 28

[t=2.32137s, 74772 KB] In ts_28_0 of size 2 found num new op-mutexes 0

[t=2.32143s, 74772 KB] In ts_28_1 of size 2 found num new op-mutexes 0

[t=2.32148s, 74772 KB] In ts_28_2 of size 2 found num new op-mutexes 0

[t=2.32153s, 74772 KB] In ts_28_3 of size 2 found num new op-mutexes 0

[t=2.32158s, 74772 KB] In ts_28_4 of size 2 found num new op-mutexes 0

[t=2.32163s, 74772 KB] In ts_28_5 of size 2 found num new op-mutexes 0

[t=2.32168s, 74772 KB] In ts_28_6 of size 2 found num new op-mutexes 0

[t=2.32173s, 74772 KB] In ts_28_7 of size 2 found num new op-mutexes 0

[t=2.32178s, 74772 KB] In ts_28_8 of size 2 found num new op-mutexes 0

[t=2.32184s, 74772 KB] In ts_28_9 of size 2 found num new op-mutexes 0

[t=2.3219s, 74772 KB] In ts_28_10 of size 2 found num new op-mutexes 0

[t=2.32195s, 74772 KB] In ts_28_11 of size 2 found num new op-mutexes 0

[t=2.32382s, 74772 KB] In ts_28_70 of size 80 found num new op-mutexes 0
[t=2.32387s, 74772 KB] Operator mutex finished iteration 28. Found an additional 0 operator mutexes

[t=2.3239s, 74772 KB] Next pair of indices: (70, 11)
[t=2.32392s, 74772 KB] M&S algorithm main loop timer: 2.32021s (after computation of next merge)
[t=2.32508s, 74772 KB] M&S algorithm main loop timer: 2.32138s (after merging)

[t=2.32513s, 74772 KB] Operator mutex starting iteration 29

[t=2.32518s, 74772 KB] In ts_29_0 of size 2 found num new op-mutexes 0

[t=2.32524s, 74772 KB] In ts_29_1 of size 2 found num new op-mutexes 0

[t=2.32529s, 74772 KB] In ts_29_2 of size 2 found num new op-mutexes 0

[t=2.32534s, 74772 KB] In ts_29_3 of size 2 found num new op-mutexes 0

[t=2.32539s, 74772 KB] In ts_29_4 of size 2 found num new op-mutexes 0

[t=2.32544s, 74772 KB] In ts_29_5 of size 2 found num new op-mutexes 0

[t=2.32549s, 74772 KB] In ts_29_6 of size 2 found num new op-mutexes 0

[t=2.32554s, 74772 KB] In ts_29_7 of size 2 found num new op-mutexes 0

[t=2.32559s, 74772 KB] In ts_29_8 of size 2 found num new op-mutexes 0

[t=2.32565s, 74772 KB] In ts_29_9 of size 2 found num new op-mutexes 0

[t=2.3257s, 74772 KB] In ts_29_10 of size 2 found num new op-mutexes 0

[t=2.32977s, 74772 KB] In ts_29_71 of size 160 found num new op-mutexes 0
[t=2.32983s, 74772 KB] Operator mutex finished iteration 29. Found an additional 0 operator mutexes

[t=2.32989s, 74772 KB] Next pair of indices: (71, 10)
[t=2.32992s, 74772 KB] M&S algorithm main loop timer: 2.32621s (after computation of next merge)
[t=2.3323s, 74772 KB] M&S algorithm main loop timer: 2.32861s (after merging)
[t=2.33283s, 74772 KB] M&S algorithm main loop timer: 2.32913s (after pruning)

[t=2.33286s, 74772 KB] Operator mutex starting iteration 30

[t=2.33292s, 74772 KB] In ts_30_0 of size 2 found num new op-mutexes 0

[t=2.33297s, 74772 KB] In ts_30_1 of size 2 found num new op-mutexes 0

[t=2.33303s, 74772 KB] In ts_30_2 of size 2 found num new op-mutexes 0

[t=2.33308s, 74772 KB] In ts_30_3 of size 2 found num new op-mutexes 0

[t=2.33313s, 74772 KB] In ts_30_4 of size 2 found num new op-mutexes 0

[t=2.33318s, 74772 KB] In ts_30_5 of size 2 found num new op-mutexes 0

[t=2.33323s, 74772 KB] In ts_30_6 of size 2 found num new op-mutexes 0

[t=2.33328s, 74772 KB] In ts_30_7 of size 2 found num new op-mutexes 0

[t=2.33333s, 74772 KB] In ts_30_8 of size 2 found num new op-mutexes 0

[t=2.33338s, 74772 KB] In ts_30_9 of size 2 found num new op-mutexes 0

[t=2.3373s, 74772 KB] In ts_30_72 of size 160 found num new op-mutexes 0
[t=2.33735s, 74772 KB] Operator mutex finished iteration 30. Found an additional 0 operator mutexes

[t=2.33739s, 74772 KB] Next pair of indices: (72, 9)
[t=2.33741s, 74772 KB] M&S algorithm main loop timer: 2.3337s (after computation of next merge)
[t=2.33992s, 74772 KB] M&S algorithm main loop timer: 2.33623s (after merging)

[t=2.33999s, 74772 KB] Operator mutex starting iteration 31

[t=2.34005s, 74772 KB] In ts_31_0 of size 2 found num new op-mutexes 0

[t=2.3401s, 74772 KB] In ts_31_1 of size 2 found num new op-mutexes 0

[t=2.34015s, 74772 KB] In ts_31_2 of size 2 found num new op-mutexes 0

[t=2.3402s, 74772 KB] In ts_31_3 of size 2 found num new op-mutexes 0

[t=2.34025s, 74772 KB] In ts_31_4 of size 2 found num new op-mutexes 0

[t=2.3403s, 74772 KB] In ts_31_5 of size 2 found num new op-mutexes 0

[t=2.34035s, 74772 KB] In ts_31_6 of size 2 found num new op-mutexes 0

[t=2.3404s, 74772 KB] In ts_31_7 of size 2 found num new op-mutexes 0

[t=2.34046s, 74772 KB] In ts_31_8 of size 2 found num new op-mutexes 0

[t=2.34888s, 74772 KB] In ts_31_73 of size 320 found num new op-mutexes 0
[t=2.34897s, 74772 KB] Operator mutex finished iteration 31. Found an additional 0 operator mutexes

[t=2.349s, 74772 KB] Next pair of indices: (73, 8)
[t=2.34902s, 74772 KB] M&S algorithm main loop timer: 2.34531s (after computation of next merge)
[t=2.35434s, 74772 KB] M&S algorithm main loop timer: 2.35067s (after merging)

[t=2.35444s, 74772 KB] Operator mutex starting iteration 32

[t=2.35451s, 74772 KB] In ts_32_0 of size 2 found num new op-mutexes 0

[t=2.35456s, 74772 KB] In ts_32_1 of size 2 found num new op-mutexes 0

[t=2.35462s, 74772 KB] In ts_32_2 of size 2 found num new op-mutexes 0

[t=2.35467s, 74772 KB] In ts_32_3 of size 2 found num new op-mutexes 0

[t=2.35472s, 74772 KB] In ts_32_4 of size 2 found num new op-mutexes 0

[t=2.35477s, 74772 KB] In ts_32_5 of size 2 found num new op-mutexes 0

[t=2.35481s, 74772 KB] In ts_32_6 of size 2 found num new op-mutexes 0

[t=2.35487s, 74772 KB] In ts_32_7 of size 2 found num new op-mutexes 0

[t=2.37197s, 74772 KB] In ts_32_74 of size 640 found num new op-mutexes 0
[t=2.37208s, 74772 KB] Operator mutex finished iteration 32. Found an additional 0 operator mutexes

[t=2.37212s, 74772 KB] Next pair of indices: (74, 7)
[t=2.37214s, 74772 KB] M&S algorithm main loop timer: 2.36843s (after computation of next merge)
[t=2.38275s, 74772 KB] M&S algorithm main loop timer: 2.37909s (after merging)
[t=2.3847s, 74772 KB] M&S algorithm main loop timer: 2.38101s (after pruning)

[t=2.38474s, 74772 KB] Operator mutex starting iteration 33

[t=2.38481s, 74772 KB] In ts_33_0 of size 2 found num new op-mutexes 0

[t=2.38487s, 74772 KB] In ts_33_1 of size 2 found num new op-mutexes 0

[t=2.38492s, 74772 KB] In ts_33_2 of size 2 found num new op-mutexes 0

[t=2.38497s, 74772 KB] In ts_33_3 of size 2 found num new op-mutexes 0

[t=2.38502s, 74772 KB] In ts_33_4 of size 2 found num new op-mutexes 0

[t=2.38509s, 74772 KB] In ts_33_5 of size 2 found num new op-mutexes 0

[t=2.38514s, 74772 KB] In ts_33_6 of size 2 found num new op-mutexes 0

[t=2.40186s, 74772 KB] In ts_33_75 of size 640 found num new op-mutexes 0
[t=2.40197s, 74772 KB] Operator mutex finished iteration 33. Found an additional 0 operator mutexes

[t=2.402s, 74772 KB] Next pair of indices: (75, 6)
[t=2.40203s, 74772 KB] M&S algorithm main loop timer: 2.39832s (after computation of next merge)
[t=2.41264s, 74772 KB] M&S algorithm main loop timer: 2.40898s (after merging)

[t=2.41279s, 74772 KB] Operator mutex starting iteration 34

[t=2.41287s, 74772 KB] In ts_34_0 of size 2 found num new op-mutexes 0

[t=2.41293s, 74772 KB] In ts_34_1 of size 2 found num new op-mutexes 0

[t=2.41298s, 74772 KB] In ts_34_2 of size 2 found num new op-mutexes 0

[t=2.41303s, 74772 KB] In ts_34_3 of size 2 found num new op-mutexes 0

[t=2.41308s, 74772 KB] In ts_34_4 of size 2 found num new op-mutexes 0

[t=2.41313s, 74772 KB] In ts_34_5 of size 2 found num new op-mutexes 0

[t=2.44707s, 74772 KB] In ts_34_76 of size 1280 found num new op-mutexes 0
[t=2.44718s, 74772 KB] Operator mutex finished iteration 34. Found an additional 0 operator mutexes

[t=2.44722s, 74772 KB] Next pair of indices: (76, 5)
[t=2.44724s, 74772 KB] M&S algorithm main loop timer: 2.44353s (after computation of next merge)
[t=2.47184s, 74772 KB] M&S algorithm main loop timer: 2.46819s (after merging)

[t=2.47206s, 74772 KB] Operator mutex starting iteration 35

[t=2.47215s, 74772 KB] In ts_35_0 of size 2 found num new op-mutexes 0

[t=2.47221s, 74772 KB] In ts_35_1 of size 2 found num new op-mutexes 0

[t=2.47226s, 74772 KB] In ts_35_2 of size 2 found num new op-mutexes 0

[t=2.47231s, 74772 KB] In ts_35_3 of size 2 found num new op-mutexes 0

[t=2.47236s, 74772 KB] In ts_35_4 of size 2 found num new op-mutexes 0

[t=2.54776s, 74772 KB] In ts_35_77 of size 2560 found num new op-mutexes 0
[t=2.54789s, 74772 KB] Operator mutex finished iteration 35. Found an additional 0 operator mutexes

[t=2.54795s, 74772 KB] Next pair of indices: (77, 4)
[t=2.54798s, 74772 KB] M&S algorithm main loop timer: 2.54427s (after computation of next merge)
[t=2.60441s, 74772 KB] M&S algorithm main loop timer: 2.60076s (after merging)

[t=2.60476s, 74772 KB] Operator mutex starting iteration 36

[t=2.60487s, 74772 KB] In ts_36_0 of size 2 found num new op-mutexes 0

[t=2.60492s, 74772 KB] In ts_36_1 of size 2 found num new op-mutexes 0

[t=2.60498s, 74772 KB] In ts_36_2 of size 2 found num new op-mutexes 0

[t=2.60503s, 74772 KB] In ts_36_3 of size 2 found num new op-mutexes 0
[t=2.60605s, 74772 KB] Operator mutex finished iteration 36. Found an additional 0 operator mutexes

[t=2.60609s, 74772 KB] Next pair of indices: (78, 3)
[t=2.60611s, 74772 KB] M&S algorithm main loop timer: 2.6024s (after computation of next merge)
[t=2.72788s, 74772 KB] M&S algorithm main loop timer: 2.72424s (after merging)

[t=2.72866s, 74772 KB] Operator mutex starting iteration 37

[t=2.72874s, 74772 KB] In ts_37_0 of size 2 found num new op-mutexes 0

[t=2.7288s, 74772 KB] In ts_37_1 of size 2 found num new op-mutexes 0

[t=2.72886s, 74772 KB] In ts_37_2 of size 2 found num new op-mutexes 0
[t=2.73109s, 74772 KB] Operator mutex finished iteration 37. Found an additional 0 operator mutexes

[t=2.73114s, 74772 KB] Next pair of indices: (79, 2)
[t=2.73116s, 74772 KB] M&S algorithm main loop timer: 2.72745s (after computation of next merge)
[t=2.99902s, 74772 KB] M&S algorithm main loop timer: 2.99539s (after merging)

[t=3.00042s, 74772 KB] Operator mutex starting iteration 38

[t=3.00049s, 74772 KB] In ts_38_0 of size 2 found num new op-mutexes 0

[t=3.00056s, 74772 KB] In ts_38_1 of size 2 found num new op-mutexes 0
[t=3.00742s, 74772 KB] Operator mutex finished iteration 38. Found an additional 0 operator mutexes

[t=3.00751s, 74772 KB] Next pair of indices: (80, 1)
[t=3.00753s, 74772 KB] M&S algorithm main loop timer: 3.00382s (after computation of next merge)
[t=3.62506s, 104908 KB] M&S algorithm main loop timer: 3.62143s (after merging)

[t=3.62751s, 104908 KB] Operator mutex starting iteration 39

[t=3.62759s, 104908 KB] In ts_39_0 of size 2 found num new op-mutexes 0
[t=3.64161s, 114388 KB] Operator mutex finished iteration 39. Found an additional 0 operator mutexes

[t=3.6417s, 114388 KB] Next pair of indices: (81, 0)
[t=3.64172s, 114388 KB] M&S algorithm main loop timer: 3.63801s (after computation of next merge)
[t=4.49607s, 137380 KB] M&S algorithm main loop timer: 4.49242s (after shrinking)
[t=5.16222s, 137380 KB] M&S algorithm main loop timer: 5.15858s (after merging)

[t=5.16525s, 137380 KB] Operator mutex starting iteration 40
[t=5.18403s, 147616 KB] Operator mutex finished iteration 40. Found an additional 0 operator mutexes

[t=5.18412s, 147616 KB] End of merge-and-shrink algorithm, statistics:
[t=5.18415s, 147616 KB] Main loop runtime: 5.18044s
[t=5.18417s, 147616 KB] Maximum intermediate abstraction size: 49160
[t=5.18419s, 147616 KB] Final peak memory increase of merge-and-shrink algorithm: 125016 KB
[t=5.18422s, 147616 KB] Merge-and-shrink algorithm runtime: 5.1818s

[t=5.18424s, 147616 KB] Number of labels: 128
[t=5.18426s, 147616 KB] Total number of operator mutexes: 0
[t=5.18428s, 147616 KB] Operator Mutex total time: 0.366737s
[t=5.18431s, 147616 KB] Number of remaining factors: 1
[t=5.18482s, 147616 KB] Number of factors kept: 1
[t=5.18485s, 147616 KB] Done initializing merge-and-shrink heuristic.

[t=5.1876s, 147616 KB] Building successor generator...done!
[t=5.18775s, 147616 KB] peak memory difference for successor generator creation: 0 KB
[t=5.18777s, 147616 KB] time for successor generation creation: 7.9461e-05s
[t=5.1878s, 147616 KB] Variables: 42
[t=5.18781s, 147616 KB] FactPairs: 84
[t=5.18783s, 147616 KB] Bytes per state: 8
[t=5.18797s, 147616 KB] Conducting best first search with reopening closed nodes, (real) bound = 2147483647
[t=5.18804s, 147616 KB] New best heuristic value for merge_and_shrink(op_mutex = op_mutex(use_previous_ops = nopo, reachability_strategy = goal), merge_strategy = merge_sccs(order_of_sccs = topological, merge_tree = linear), shrink_strategy = shrink_bisimulation(greedy = false, at_limit = return)): 7
[t=5.18807s, 147616 KB] g=0, 1 evaluated, 0 expanded
[t=5.18809s, 147616 KB] f = 7, 1 evaluated, 0 expanded
[t=5.18811s, 147616 KB] Initial heuristic value for merge_and_shrink(op_mutex = op_mutex(use_previous_ops = nopo, reachability_strategy = goal), merge_strategy = merge_sccs(order_of_sccs = topological, merge_tree = linear), shrink_strategy = shrink_bisimulation(greedy = false, at_limit = return)): 7
[t=5.18813s, 147616 KB] pruning method: none
[t=5.18817s, 147616 KB] New best heuristic value for merge_and_shrink(op_mutex = op_mutex(use_previous_ops = nopo, reachability_strategy = goal), merge_strategy = merge_sccs(order_of_sccs = topological, merge_tree = linear), shrink_strategy = shrink_bisimulation(greedy = false, at_limit = return)): 6
[t=5.18819s, 147616 KB] g=1, 2 evaluated, 1 expanded
[t=5.18827s, 147616 KB] New best heuristic value for merge_and_shrink(op_mutex = op_mutex(use_previous_ops = nopo, reachability_strategy = goal), merge_strategy = merge_sccs(order_of_sccs = topological, merge_tree = linear), shrink_strategy = shrink_bisimulation(greedy = false, at_limit = return)): 5
[t=5.18829s, 147616 KB] g=2, 13 evaluated, 2 expanded
[t=5.18833s, 147616 KB] New best heuristic value for merge_and_shrink(op_mutex = op_mutex(use_previous_ops = nopo, reachability_strategy = goal), merge_strategy = merge_sccs(order_of_sccs = topological, merge_tree = linear), shrink_strategy = shrink_bisimulation(greedy = false, at_limit = return)): 4
[t=5.18835s, 147616 KB] g=3, 15 evaluated, 3 expanded
[t=5.18848s, 147616 KB] f = 8, 37 evaluated, 11 expanded
[t=5.18853s, 147616 KB] New best heuristic value for merge_and_shrink(op_mutex = op_mutex(use_previous_ops = nopo, reachability_strategy = goal), merge_strategy = merge_sccs(order_of_sccs = topological, merge_tree = linear), shrink_strategy = shrink_bisimulation(greedy = false, at_limit = return)): 3
[t=5.18856s, 147616 KB] g=5, 42 evaluated, 13 expanded
[t=5.18881s, 147616 KB] New best heuristic value for merge_and_shrink(op_mutex = op_mutex(use_previous_ops = nopo, reachability_strategy = goal), merge_strategy = merge_sccs(order_of_sccs = topological, merge_tree = linear), shrink_strategy = shrink_bisimulation(greedy = false, at_limit = return)): 2
[t=5.18884s, 147616 KB] g=6, 93 evaluated, 35 expanded
[t=5.18889s, 147616 KB] New best heuristic value for merge_and_shrink(op_mutex = op_mutex(use_previous_ops = nopo, reachability_strategy = goal), merge_strategy = merge_sccs(order_of_sccs = topological, merge_tree = linear), shrink_strategy = shrink_bisimulation(greedy = false, at_limit = return)): 1
[t=5.18892s, 147616 KB] g=7, 96 evaluated, 36 expanded
[t=5.18902s, 147616 KB] f = 9, 112 evaluated, 42 expanded
[t=5.18956s, 147616 KB] f = 10, 230 evaluated, 108 expanded
[t=5.19028s, 147616 KB] f = 11, 407 evaluated, 206 expanded
[t=5.19127s, 147616 KB] f = 12, 633 evaluated, 358 expanded
[t=5.19133s, 147616 KB] New best heuristic value for merge_and_shrink(op_mutex = op_mutex(use_previous_ops = nopo, reachability_strategy = goal), merge_strategy = merge_sccs(order_of_sccs = topological, merge_tree = linear), shrink_strategy = shrink_bisimulation(greedy = false, at_limit = return)): 0
[t=5.19136s, 147616 KB] g=12, 636 evaluated, 360 expanded
[t=5.19138s, 147616 KB] Solution found!
[t=5.1914s, 147616 KB] Actual search time: 0.00326756s
pop-unitarypipe s13 b1 a1 a3 b5 lco oca1 (1)
push-unitarypipe s12 b0 a1 a2 b4 oc1b lco (1)
push-unitarypipe s12 b5 a1 a2 b0 oca1 oc1b (1)
push-unitarypipe s12 b2 a1 a2 b5 gasoleo oca1 (1)
pop-unitarypipe s12 b4 a1 a2 b2 lco gasoleo (1)
push-unitarypipe s13 b2 a1 a3 b1 gasoleo lco (1)
push-unitarypipe s13 b3 a1 a3 b2 rat-a gasoleo (1)
pop-unitarypipe s13 b1 a1 a3 b3 lco rat-a (1)
pop-unitarypipe s13 b2 a1 a3 b1 gasoleo lco (1)
push-unitarypipe s13 b3 a1 a3 b2 rat-a gasoleo (1)
pop-unitarypipe s12 b0 a1 a2 b4 oc1b lco (1)
push-unitarypipe s12 b1 a1 a2 b0 lco oc1b (1)
[t=5.19142s, 147616 KB] Plan length: 12 step(s).
[t=5.19142s, 147616 KB] Plan cost: 12
[t=5.19142s, 147616 KB] Expanded 361 state(s).
[t=5.19142s, 147616 KB] Reopened 0 state(s).
[t=5.19142s, 147616 KB] Evaluated 636 state(s).
[t=5.19142s, 147616 KB] Evaluations: 636
[t=5.19142s, 147616 KB] Generated 1705 state(s).
[t=5.19142s, 147616 KB] Dead ends: 0 state(s).
[t=5.19142s, 147616 KB] Expanded until last jump: 358 state(s).
[t=5.19142s, 147616 KB] Reopened until last jump: 0 state(s).
[t=5.19142s, 147616 KB] Evaluated until last jump: 633 state(s).
[t=5.19142s, 147616 KB] Generated until last jump: 1695 state(s).
[t=5.19142s, 147616 KB] Number of registered states: 636
[t=5.19142s, 147616 KB] Int hash set load factor: 636/1024 = 0.621094
[t=5.19142s, 147616 KB] Int hash set resizes: 10
[t=5.19142s, 147616 KB] Search time: 0.00345572s
[t=5.19142s, 147616 KB] Total time: 5.19142s
Solution found.
Peak memory: 147616 KB
Remove intermediate file output.sas
search exit code: 0

INFO     Running validate.
INFO     validate stdin: None
INFO     validate time limit: None
INFO     validate memory limit: None
INFO     validate command line string: validate domain.pddl problem.pddl sas_plan
Checking plan: sas_plan
Plan executed successfully - checking goal
Plan valid
Final value: 12 

Successful plans:
Value: 12
 sas_plan 12 

validate exit code: 0

