INFO     Running translator.
INFO     translator stdin: None
INFO     translator time limit: 599.96s
INFO     translator memory limit: 7000 MB
INFO     translator command line string: /usr/bin/python3 /user/student.aau.dk/lkar18/downward-projects/downward/experiments/nopo_vs_nasutpo_vs_nelutpo/data/nopo_vs_nasutpo_vs_nelutpo/code-f7902f30c0f47512f07fb7c64cdaf652032f674a_e5e41175/builds/release/bin/translate/translate.py domain.pddl problem.pddl --sas-file output.sas
Parsing...
Parsing: [0.100s CPU, 0.092s wall-clock]
Normalizing task... [0.000s CPU, 0.004s wall-clock]
Instantiating...
Generating Datalog program... [0.040s CPU, 0.040s wall-clock]
Normalizing Datalog program...
Normalizing Datalog program: [0.000s CPU, 0.002s wall-clock]
Preparing model... [0.180s CPU, 0.182s wall-clock]
Generated 23 rules.
Computing model... [0.450s CPU, 0.448s wall-clock]
21007 relevant atoms
38196 auxiliary atoms
59203 final queue length
67141 total queue pushes
Completing instantiation... [0.220s CPU, 0.220s wall-clock]
Instantiating: [0.910s CPU, 0.913s wall-clock]
Computing fact groups...
Finding invariants...
9 initial candidates
Finding invariants: [0.010s CPU, 0.005s wall-clock]
Checking invariant weight... [0.000s CPU, 0.006s wall-clock]
Instantiating groups... [0.010s CPU, 0.004s wall-clock]
Collecting mutex groups... [0.000s CPU, 0.000s wall-clock]
Choosing groups...
0 uncovered facts
Choosing groups: [0.000s CPU, 0.001s wall-clock]
Building translation key... [0.000s CPU, 0.000s wall-clock]
Computing fact groups: [0.020s CPU, 0.019s wall-clock]
Building STRIPS to SAS dictionary... [0.000s CPU, 0.000s wall-clock]
Building dictionary for full mutex groups... [0.000s CPU, 0.000s wall-clock]
Building mutex information...
Building mutex information: [0.000s CPU, 0.000s wall-clock]
Translating task...
Processing axioms...
Simplifying axioms... [0.000s CPU, 0.000s wall-clock]
Translator axioms removed by simplifying: 0
Computing negative axioms... [0.000s CPU, 0.000s wall-clock]
Processing axioms: [0.010s CPU, 0.009s wall-clock]
Translating task: [0.170s CPU, 0.167s wall-clock]
0 effect conditions simplified
0 implied preconditions added
Detecting unreachable propositions...
0 operators removed
0 axioms removed
10 propositions removed
Detecting unreachable propositions: [0.070s CPU, 0.068s wall-clock]
Reordering and filtering variables...
10 of 10 variables necessary.
0 of 10 mutex groups necessary.
4166 of 4166 operators necessary.
0 of 0 axiom rules necessary.
Reordering and filtering variables: [0.010s CPU, 0.017s wall-clock]
Translator variables: 10
Translator derived variables: 0
Translator facts: 260
Translator goal facts: 8
Translator mutex groups: 0
Translator total mutex groups size: 0
Translator operators: 4166
Translator axioms: 0
Translator task size: 20964
Translator peak memory: 71392 KB
Writing output... [0.040s CPU, 0.042s wall-clock]
Done! [1.330s CPU, 1.332s wall-clock]
translate exit code: 0

INFO     Running search (release).
INFO     search stdin: output.sas
INFO     search time limit: 598.58s
INFO     search memory limit: 7000 MB
INFO     search command line string: /user/student.aau.dk/lkar18/downward-projects/downward/experiments/nopo_vs_nasutpo_vs_nelutpo/data/nopo_vs_nasutpo_vs_nelutpo/code-f7902f30c0f47512f07fb7c64cdaf652032f674a_e5e41175/builds/release/bin/downward --search 'astar(merge_and_shrink(op_mutex=op_mutex(use_previous_ops=NaSUTPO, reachability_strategy=goal)))' --internal-plan-file sas_plan < output.sas
[t=3.483e-05s, 22344 KB] reading input...
[t=0.0131095s, 23520 KB] done reading input!
[t=0.0146114s, 23784 KB] Initializing merge-and-shrink heuristic...
[t=0.0146893s, 23784 KB] Running merge-and-shrink algorithm...
[t=0.0147098s, 23784 KB] Merge strategy options:
[t=0.014732s, 23784 KB] Type: stateless
[t=0.0147537s, 23784 KB] Merge selector options:
[t=0.0147743s, 23784 KB] Name: score based filtering
[t=0.014795s, 23784 KB] Merge scoring function:
[t=0.014815s, 23784 KB] Name: goal relevance
[t=0.0148351s, 23784 KB] Merge scoring function:
[t=0.0148547s, 23784 KB] Name: dfp
[t=0.0148746s, 23784 KB] Merge scoring function:
[t=0.0148939s, 23784 KB] Name: total order
[t=0.0149139s, 23784 KB] Atomic transition system order: reverse level
[t=0.0149339s, 23784 KB] Product transition system order: new to old
[t=0.0149544s, 23784 KB] Consider atomic before product transition systems
[t=0.014975s, 23784 KB] Random seed: -1

[t=0.0149972s, 23784 KB] Options related to size limits and shrinking: 
[t=0.0150179s, 23784 KB] Transition system size limit: 50000
[t=0.0150379s, 23784 KB] Transition system size limit right before merge: 50000
[t=0.0150578s, 23784 KB] Threshold to trigger shrinking right before merge: 1

[t=0.01508s, 23784 KB] Pruning unreachable states: yes
[t=0.0151004s, 23784 KB] Pruning irrelevant states: yes

[t=0.0151224s, 23784 KB] Label reduction disabled

[t=0.0151452s, 23784 KB] Main loop max time in seconds: inf

[t=0.0151707s, 23784 KB] ===============================================================================
[t=0.0151911s, 23784 KB] WARNING! You did not enable label reduction.
This may drastically reduce the performance of merge-and-shrink!
[t=0.0152115s, 23784 KB] ===============================================================================

[t=0.0152357s, 23784 KB] Building atomic transition systems... 
[t=0.0248633s, 31968 KB] M&S algorithm timer: 0.010227s (after computation of atomic factors)

[t=0.0249412s, 31968 KB] Starting main loop without a time limit.
[t=0.0252431s, 31968 KB] Next pair of indices: (0, 2)
[t=0.0252694s, 31968 KB] M&S algorithm main loop timer: 0.00034806s (after computation of next merge)
[t=0.0257419s, 32428 KB] M&S algorithm main loop timer: 0.00083268s (after merging)

[t=0.0257877s, 32428 KB] Operator mutex starting iteration 0
[t=2.01227s, 241440 KB] In ts_0_1 of size 171 found num new op-mutexes 4303924
[t=2.01466s, 241440 KB] In ts_0_3 of size 10 found num new op-mutexes 0
[t=2.01687s, 241440 KB] In ts_0_4 of size 10 found num new op-mutexes 0
[t=2.01906s, 241440 KB] In ts_0_5 of size 10 found num new op-mutexes 0
[t=2.02126s, 241440 KB] In ts_0_6 of size 10 found num new op-mutexes 0
[t=2.02345s, 241440 KB] In ts_0_7 of size 10 found num new op-mutexes 0
[t=2.02567s, 241440 KB] In ts_0_8 of size 10 found num new op-mutexes 0
[t=2.02788s, 241440 KB] In ts_0_9 of size 10 found num new op-mutexes 0
[t=2.03342s, 241440 KB] In ts_0_10 of size 90 found num new op-mutexes 0
[t=2.03353s, 241440 KB] Operator mutex finished iteration 0. Found an additional 4303924 operator mutexes

[t=2.03387s, 241440 KB] Next pair of indices: (1, 10)
[t=2.0339s, 241440 KB] M&S algorithm main loop timer: 2.00898s (after computation of next merge)
[t=2.03761s, 241440 KB] M&S algorithm main loop timer: 2.0127s (after shrinking)
[t=2.04409s, 241440 KB] M&S algorithm main loop timer: 2.01921s (after merging)
[t=2.06056s, 241440 KB] M&S algorithm main loop timer: 2.03568s (after pruning)

[t=2.06063s, 241440 KB] Operator mutex starting iteration 1
[t=2.063s, 241440 KB] In ts_1_3 of size 10 found num new op-mutexes 0
[t=2.06534s, 241440 KB] In ts_1_4 of size 10 found num new op-mutexes 0
[t=2.06769s, 241440 KB] In ts_1_5 of size 10 found num new op-mutexes 0
[t=2.07003s, 241440 KB] In ts_1_6 of size 10 found num new op-mutexes 0
[t=2.07234s, 241440 KB] In ts_1_7 of size 10 found num new op-mutexes 0
[t=2.07469s, 241440 KB] In ts_1_8 of size 10 found num new op-mutexes 0
[t=2.07702s, 241440 KB] In ts_1_9 of size 10 found num new op-mutexes 0
[t=17.9716s, 1008244 KB] In ts_1_11 of size 4519 found num new op-mutexes 11094194
[t=17.972s, 1008244 KB] Operator mutex finished iteration 1. Found an additional 11094194 operator mutexes

[t=17.9724s, 1008244 KB] Next pair of indices: (3, 11)
[t=17.9725s, 1008244 KB] M&S algorithm main loop timer: 17.9475s (after computation of next merge)
[t=17.9957s, 1008244 KB] M&S algorithm main loop timer: 17.9708s (after shrinking)
[t=18.0145s, 1008244 KB] M&S algorithm main loop timer: 17.9896s (after merging)
[t=18.0205s, 1008244 KB] M&S algorithm main loop timer: 17.9956s (after pruning)

[t=18.0206s, 1008244 KB] Operator mutex starting iteration 2
[t=18.0342s, 1008244 KB] In ts_2_4 of size 10 found num new op-mutexes 0
[t=18.0369s, 1008244 KB] In ts_2_5 of size 10 found num new op-mutexes 0
[t=18.0394s, 1008244 KB] In ts_2_6 of size 10 found num new op-mutexes 0
[t=18.0419s, 1008244 KB] In ts_2_7 of size 10 found num new op-mutexes 0
[t=18.0444s, 1008244 KB] In ts_2_8 of size 10 found num new op-mutexes 0
[t=18.0469s, 1008244 KB] In ts_2_9 of size 10 found num new op-mutexes 0
[t=27.9542s, 1024336 KB] In ts_2_12 of size 3022 found num new op-mutexes 1526342
[t=27.9546s, 1024336 KB] Operator mutex finished iteration 2. Found an additional 1526342 operator mutexes

[t=27.955s, 1024336 KB] Next pair of indices: (4, 12)
[t=27.9551s, 1024336 KB] M&S algorithm main loop timer: 27.9301s (after computation of next merge)
[t=27.9727s, 1024336 KB] M&S algorithm main loop timer: 27.9478s (after merging)
[t=27.9769s, 1024336 KB] M&S algorithm main loop timer: 27.952s (after pruning)

[t=27.977s, 1024336 KB] Operator mutex starting iteration 3
[t=27.9794s, 1024336 KB] In ts_3_5 of size 10 found num new op-mutexes 0
[t=27.9819s, 1024336 KB] In ts_3_6 of size 10 found num new op-mutexes 0
[t=27.9844s, 1024336 KB] In ts_3_7 of size 10 found num new op-mutexes 0
[t=27.9868s, 1024336 KB] In ts_3_8 of size 10 found num new op-mutexes 0
[t=27.9893s, 1024336 KB] In ts_3_9 of size 10 found num new op-mutexes 0
[t=27.9899s, 1024336 KB] Operator mutex finished iteration 3. Found an additional 0 operator mutexes

[t=27.9902s, 1024336 KB] Next pair of indices: (9, 13)
[t=27.9902s, 1024336 KB] M&S algorithm main loop timer: 27.9653s (after computation of next merge)
[t=28.0033s, 1024336 KB] M&S algorithm main loop timer: 27.9786s (after shrinking)
[t=28.0255s, 1024336 KB] M&S algorithm main loop timer: 28.0006s (after merging)
[t=28.034s, 1024336 KB] M&S algorithm main loop timer: 28.0091s (after pruning)

[t=28.0341s, 1024336 KB] Operator mutex starting iteration 4
[t=28.0364s, 1024336 KB] In ts_4_5 of size 10 found num new op-mutexes 0
[t=28.0388s, 1024336 KB] In ts_4_6 of size 10 found num new op-mutexes 0
[t=28.0413s, 1024336 KB] In ts_4_7 of size 10 found num new op-mutexes 0
[t=28.0437s, 1024336 KB] In ts_4_8 of size 10 found num new op-mutexes 0
[t=28.0446s, 1024336 KB] Operator mutex finished iteration 4. Found an additional 0 operator mutexes

[t=28.045s, 1024336 KB] Next pair of indices: (5, 14)
[t=28.045s, 1024336 KB] M&S algorithm main loop timer: 28.0201s (after computation of next merge)
[t=28.0771s, 1024336 KB] M&S algorithm main loop timer: 28.0526s (after shrinking)
[t=28.0995s, 1024336 KB] M&S algorithm main loop timer: 28.0746s (after merging)
[t=28.1096s, 1024336 KB] M&S algorithm main loop timer: 28.0847s (after pruning)

[t=28.1097s, 1024336 KB] Operator mutex starting iteration 5
[t=28.1122s, 1024336 KB] In ts_5_6 of size 10 found num new op-mutexes 0
[t=28.1147s, 1024336 KB] In ts_5_7 of size 10 found num new op-mutexes 0
[t=28.1173s, 1024336 KB] In ts_5_8 of size 10 found num new op-mutexes 0
[t=28.1183s, 1024336 KB] Operator mutex finished iteration 5. Found an additional 0 operator mutexes

[t=28.1188s, 1024336 KB] Next pair of indices: (6, 15)
[t=28.1188s, 1024336 KB] M&S algorithm main loop timer: 28.0939s (after computation of next merge)
[t=28.1554s, 1024336 KB] M&S algorithm main loop timer: 28.1306s (after shrinking)
[t=28.187s, 1024336 KB] M&S algorithm main loop timer: 28.1621s (after merging)
[t=28.2019s, 1024336 KB] M&S algorithm main loop timer: 28.1771s (after pruning)

[t=28.202s, 1024336 KB] Operator mutex starting iteration 6
[t=28.2045s, 1024336 KB] In ts_6_7 of size 10 found num new op-mutexes 0
[t=28.2071s, 1024336 KB] In ts_6_8 of size 10 found num new op-mutexes 0
[t=28.2082s, 1024336 KB] Operator mutex finished iteration 6. Found an additional 0 operator mutexes

[t=28.2087s, 1024336 KB] Next pair of indices: (7, 16)
[t=28.2088s, 1024336 KB] M&S algorithm main loop timer: 28.1838s (after computation of next merge)
[t=28.2611s, 1024336 KB] M&S algorithm main loop timer: 28.2366s (after shrinking)
[t=28.2962s, 1024336 KB] M&S algorithm main loop timer: 28.2714s (after merging)
[t=28.3132s, 1024336 KB] M&S algorithm main loop timer: 28.2883s (after pruning)

[t=28.3133s, 1024336 KB] Operator mutex starting iteration 7
[t=28.3157s, 1024336 KB] In ts_7_8 of size 10 found num new op-mutexes 0
[t=28.317s, 1024336 KB] Operator mutex finished iteration 7. Found an additional 0 operator mutexes

[t=28.3171s, 1024336 KB] Next pair of indices: (8, 17)
[t=28.3171s, 1024336 KB] M&S algorithm main loop timer: 28.2922s (after computation of next merge)
[t=28.3759s, 1024336 KB] M&S algorithm main loop timer: 28.351s (after shrinking)
[t=28.4144s, 1024336 KB] M&S algorithm main loop timer: 28.3895s (after merging)
[t=28.4343s, 1024336 KB] M&S algorithm main loop timer: 28.4095s (after pruning)

[t=28.4344s, 1024336 KB] Operator mutex starting iteration 8
[t=28.4358s, 1024336 KB] Operator mutex finished iteration 8. Found an additional 0 operator mutexes

[t=28.4358s, 1024336 KB] End of merge-and-shrink algorithm, statistics:
[t=28.4359s, 1024336 KB] Main loop runtime: 28.411s
[t=28.4359s, 1024336 KB] Maximum intermediate abstraction size: 45990
[t=28.4359s, 1024336 KB] Final peak memory increase of merge-and-shrink algorithm: 1000552 KB
[t=28.4359s, 1024336 KB] Merge-and-shrink algorithm runtime: 28.4213s

[t=28.436s, 1024336 KB] Number of labels: 4166
[t=28.436s, 1024336 KB] Total number of operator mutexes: 16924460
[t=28.436s, 1024336 KB] Operator Mutex total time: 27.897s
[t=28.4362s, 1024336 KB] Number of remaining factors: 1
[t=28.4363s, 1024336 KB] Number of factors kept: 1
[t=28.4363s, 1024336 KB] Done initializing merge-and-shrink heuristic.

[t=30.041s, 1024336 KB] Building successor generator...done!
[t=32.6813s, 1024336 KB] peak memory difference for successor generator creation: 0 KB
[t=32.6813s, 1024336 KB] time for successor generation creation: 0.00134128s
[t=32.6814s, 1024336 KB] Variables: 10
[t=32.6814s, 1024336 KB] FactPairs: 260
[t=32.6814s, 1024336 KB] Bytes per state: 8
[t=32.6816s, 1024336 KB] Conducting best first search with reopening closed nodes, (real) bound = 2147483647
[t=32.6816s, 1024336 KB] New best heuristic value for merge_and_shrink(op_mutex = op_mutex(use_previous_ops = nasutpo, reachability_strategy = goal)): 24
[t=32.6817s, 1024336 KB] g=0, 1 evaluated, 0 expanded
[t=32.6817s, 1024336 KB] f = 24, 1 evaluated, 0 expanded
[t=32.6817s, 1024336 KB] Initial heuristic value for merge_and_shrink(op_mutex = op_mutex(use_previous_ops = nasutpo, reachability_strategy = goal)): 24
[t=32.6817s, 1024336 KB] pruning method: none
[t=32.6818s, 1024336 KB] New best heuristic value for merge_and_shrink(op_mutex = op_mutex(use_previous_ops = nasutpo, reachability_strategy = goal)): 23
[t=32.6818s, 1024336 KB] g=1, 2 evaluated, 1 expanded
[t=32.6818s, 1024336 KB] New best heuristic value for merge_and_shrink(op_mutex = op_mutex(use_previous_ops = nasutpo, reachability_strategy = goal)): 22
[t=32.6819s, 1024336 KB] g=2, 8 evaluated, 2 expanded
[t=32.6819s, 1024336 KB] New best heuristic value for merge_and_shrink(op_mutex = op_mutex(use_previous_ops = nasutpo, reachability_strategy = goal)): 21
[t=32.6819s, 1024336 KB] g=3, 11 evaluated, 3 expanded
[t=32.6819s, 1024336 KB] New best heuristic value for merge_and_shrink(op_mutex = op_mutex(use_previous_ops = nasutpo, reachability_strategy = goal)): 20
[t=32.682s, 1024336 KB] g=4, 20 evaluated, 4 expanded
[t=32.682s, 1024336 KB] New best heuristic value for merge_and_shrink(op_mutex = op_mutex(use_previous_ops = nasutpo, reachability_strategy = goal)): 19
[t=32.682s, 1024336 KB] g=5, 28 evaluated, 5 expanded
[t=32.6821s, 1024336 KB] New best heuristic value for merge_and_shrink(op_mutex = op_mutex(use_previous_ops = nasutpo, reachability_strategy = goal)): 18
[t=32.6821s, 1024336 KB] g=6, 44 evaluated, 8 expanded
[t=32.6823s, 1024336 KB] New best heuristic value for merge_and_shrink(op_mutex = op_mutex(use_previous_ops = nasutpo, reachability_strategy = goal)): 17
[t=32.6823s, 1024336 KB] g=7, 137 evaluated, 24 expanded
[t=32.6824s, 1024336 KB] New best heuristic value for merge_and_shrink(op_mutex = op_mutex(use_previous_ops = nasutpo, reachability_strategy = goal)): 16
[t=32.6824s, 1024336 KB] g=8, 167 evaluated, 29 expanded
[t=32.6825s, 1024336 KB] f = 25, 208 evaluated, 37 expanded
[t=32.6825s, 1024336 KB] New best heuristic value for merge_and_shrink(op_mutex = op_mutex(use_previous_ops = nasutpo, reachability_strategy = goal)): 15
[t=32.6825s, 1024336 KB] g=10, 215 evaluated, 38 expanded
[t=32.6826s, 1024336 KB] New best heuristic value for merge_and_shrink(op_mutex = op_mutex(use_previous_ops = nasutpo, reachability_strategy = goal)): 14
[t=32.6826s, 1024336 KB] g=11, 230 evaluated, 41 expanded
[t=32.6827s, 1024336 KB] New best heuristic value for merge_and_shrink(op_mutex = op_mutex(use_previous_ops = nasutpo, reachability_strategy = goal)): 13
[t=32.6827s, 1024336 KB] g=12, 241 evaluated, 42 expanded
[t=32.6827s, 1024336 KB] New best heuristic value for merge_and_shrink(op_mutex = op_mutex(use_previous_ops = nasutpo, reachability_strategy = goal)): 12
[t=32.6827s, 1024336 KB] g=13, 242 evaluated, 43 expanded
[t=32.6857s, 1024336 KB] f = 26, 2302 evaluated, 385 expanded
[t=32.6858s, 1024336 KB] New best heuristic value for merge_and_shrink(op_mutex = op_mutex(use_previous_ops = nasutpo, reachability_strategy = goal)): 11
[t=32.6858s, 1024336 KB] g=15, 2315 evaluated, 387 expanded
[t=32.6859s, 1024336 KB] New best heuristic value for merge_and_shrink(op_mutex = op_mutex(use_previous_ops = nasutpo, reachability_strategy = goal)): 10
[t=32.6859s, 1024336 KB] g=16, 2324 evaluated, 388 expanded
[t=32.6859s, 1024336 KB] New best heuristic value for merge_and_shrink(op_mutex = op_mutex(use_previous_ops = nasutpo, reachability_strategy = goal)): 9
[t=32.686s, 1024336 KB] g=17, 2332 evaluated, 389 expanded
[t=32.686s, 1024336 KB] New best heuristic value for merge_and_shrink(op_mutex = op_mutex(use_previous_ops = nasutpo, reachability_strategy = goal)): 8
[t=32.686s, 1024336 KB] g=18, 2334 evaluated, 390 expanded
[t=32.686s, 1024336 KB] New best heuristic value for merge_and_shrink(op_mutex = op_mutex(use_previous_ops = nasutpo, reachability_strategy = goal)): 7
[t=32.6861s, 1024336 KB] g=19, 2347 evaluated, 391 expanded
[t=32.6861s, 1024336 KB] New best heuristic value for merge_and_shrink(op_mutex = op_mutex(use_previous_ops = nasutpo, reachability_strategy = goal)): 6
[t=32.6861s, 1024336 KB] g=20, 2351 evaluated, 392 expanded
[t=32.6862s, 1024336 KB] New best heuristic value for merge_and_shrink(op_mutex = op_mutex(use_previous_ops = nasutpo, reachability_strategy = goal)): 5
[t=32.6862s, 1024336 KB] g=21, 2358 evaluated, 393 expanded
[t=32.6862s, 1024336 KB] New best heuristic value for merge_and_shrink(op_mutex = op_mutex(use_previous_ops = nasutpo, reachability_strategy = goal)): 4
[t=32.6862s, 1024336 KB] g=22, 2367 evaluated, 394 expanded
[t=32.6863s, 1024336 KB] New best heuristic value for merge_and_shrink(op_mutex = op_mutex(use_previous_ops = nasutpo, reachability_strategy = goal)): 3
[t=32.6863s, 1024336 KB] g=23, 2369 evaluated, 395 expanded
[t=32.6863s, 1024336 KB] New best heuristic value for merge_and_shrink(op_mutex = op_mutex(use_previous_ops = nasutpo, reachability_strategy = goal)): 2
[t=32.6864s, 1024336 KB] g=24, 2374 evaluated, 396 expanded
[t=32.6864s, 1024336 KB] New best heuristic value for merge_and_shrink(op_mutex = op_mutex(use_previous_ops = nasutpo, reachability_strategy = goal)): 1
[t=32.6864s, 1024336 KB] g=25, 2377 evaluated, 397 expanded
[t=32.6864s, 1024336 KB] New best heuristic value for merge_and_shrink(op_mutex = op_mutex(use_previous_ops = nasutpo, reachability_strategy = goal)): 0
[t=32.6865s, 1024336 KB] g=26, 2379 evaluated, 398 expanded
[t=32.6865s, 1024336 KB] Solution found!
[t=32.6865s, 1024336 KB] Actual search time: 0.0047622s
drive t0 l7 l5 level163 level14 level177 (1)
load p7 t0 l5 (1)
load p5 t0 l5 (1)
load p4 t0 l5 (1)
drive t0 l5 l0 level142 level21 level163 (1)
load p2 t0 l0 (1)
drive t0 l0 l6 level132 level10 level142 (1)
load p6 t0 l6 (1)
unload p4 t0 l6 (1)
load p3 t0 l6 (1)
drive t0 l6 l3 level108 level24 level132 (1)
unload p7 t0 l3 (1)
load p0 t0 l3 (1)
drive t0 l3 l2 level94 level14 level108 (1)
unload p3 t0 l2 (1)
unload p2 t0 l2 (1)
load p1 t0 l2 (1)
drive t0 l2 l0 level84 level10 level94 (1)
unload p1 t0 l0 (1)
drive t0 l0 l5 level63 level21 level84 (1)
drive t0 l5 l4 level38 level25 level63 (1)
unload p0 t0 l4 (1)
drive t0 l4 l8 level20 level18 level38 (1)
unload p6 t0 l8 (1)
drive t0 l8 l7 level1 level19 level20 (1)
unload p5 t0 l7 (1)
[t=32.6865s, 1024336 KB] Plan length: 26 step(s).
[t=32.6865s, 1024336 KB] Plan cost: 26
[t=32.6865s, 1024336 KB] Expanded 399 state(s).
[t=32.6865s, 1024336 KB] Reopened 0 state(s).
[t=32.6865s, 1024336 KB] Evaluated 2379 state(s).
[t=32.6865s, 1024336 KB] Evaluations: 2379
[t=32.6865s, 1024336 KB] Generated 2832 state(s).
[t=32.6865s, 1024336 KB] Dead ends: 164 state(s).
[t=32.6865s, 1024336 KB] Expanded until last jump: 385 state(s).
[t=32.6865s, 1024336 KB] Reopened until last jump: 0 state(s).
[t=32.6865s, 1024336 KB] Evaluated until last jump: 2302 state(s).
[t=32.6865s, 1024336 KB] Generated until last jump: 2746 state(s).
[t=32.6865s, 1024336 KB] Number of registered states: 2379
[t=32.6865s, 1024336 KB] Int hash set load factor: 2379/4096 = 0.580811
[t=32.6865s, 1024336 KB] Int hash set resizes: 12
[t=32.6865s, 1024336 KB] Search time: 0.00496183s
[t=32.6865s, 1024336 KB] Total time: 32.6865s
Solution found.
Peak memory: 1024336 KB
Remove intermediate file output.sas
search exit code: 0

INFO     Running validate.
INFO     validate stdin: None
INFO     validate time limit: None
INFO     validate memory limit: None
INFO     validate command line string: validate domain.pddl problem.pddl sas_plan
Checking plan: sas_plan
Plan executed successfully - checking goal
Plan valid
Final value: 26 

Successful plans:
Value: 26
 sas_plan 26 

validate exit code: 0

