INFO     Running translator.
INFO     translator stdin: None
INFO     translator time limit: 599.96s
INFO     translator memory limit: 7000 MB
INFO     translator command line string: /usr/bin/python3 /user/student.aau.dk/lkar18/downward-projects/downward/experiments/nopo_vs_nasutpo_vs_nelutpo/data/nopo_vs_nasutpo_vs_nelutpo/code-f7902f30c0f47512f07fb7c64cdaf652032f674a_e5e41175/builds/release/bin/translate/translate.py domain.pddl problem.pddl --sas-file output.sas
Parsing...
Parsing: [0.000s CPU, 0.002s wall-clock]
Normalizing task... [0.000s CPU, 0.000s wall-clock]
Instantiating...
Generating Datalog program... [0.000s CPU, 0.000s wall-clock]
Normalizing Datalog program...
Normalizing Datalog program: [0.010s CPU, 0.002s wall-clock]
Preparing model... [0.000s CPU, 0.001s wall-clock]
Generated 26 rules.
Computing model... [0.000s CPU, 0.007s wall-clock]
428 relevant atoms
466 auxiliary atoms
894 final queue length
1455 total queue pushes
Completing instantiation... [0.010s CPU, 0.012s wall-clock]
Instantiating: [0.020s CPU, 0.022s wall-clock]
Computing fact groups...
Finding invariants...
9 initial candidates
Finding invariants: [0.010s CPU, 0.002s wall-clock]
Checking invariant weight... [0.000s CPU, 0.000s wall-clock]
Instantiating groups... [0.000s CPU, 0.000s wall-clock]
Collecting mutex groups... [0.000s CPU, 0.000s wall-clock]
Choosing groups...
0 uncovered facts
Choosing groups: [0.000s CPU, 0.000s wall-clock]
Building translation key... [0.000s CPU, 0.000s wall-clock]
Computing fact groups: [0.010s CPU, 0.003s wall-clock]
Building STRIPS to SAS dictionary... [0.000s CPU, 0.000s wall-clock]
Building dictionary for full mutex groups... [0.000s CPU, 0.000s wall-clock]
Building mutex information...
Building mutex information: [0.000s CPU, 0.000s wall-clock]
Translating task...
Processing axioms...
Simplifying axioms... [0.000s CPU, 0.000s wall-clock]
Translator axioms removed by simplifying: 0
Computing negative axioms... [0.000s CPU, 0.000s wall-clock]
Processing axioms: [0.000s CPU, 0.001s wall-clock]
Translating task: [0.010s CPU, 0.010s wall-clock]
0 effect conditions simplified
0 implied preconditions added
Detecting unreachable propositions...
0 operators removed
0 axioms removed
7 propositions removed
Detecting unreachable propositions: [0.000s CPU, 0.006s wall-clock]
Reordering and filtering variables...
7 of 7 variables necessary.
0 of 7 mutex groups necessary.
312 of 312 operators necessary.
0 of 0 axiom rules necessary.
Reordering and filtering variables: [0.010s CPU, 0.002s wall-clock]
Translator variables: 7
Translator derived variables: 0
Translator facts: 46
Translator goal facts: 3
Translator mutex groups: 0
Translator total mutex groups size: 0
Translator operators: 312
Translator axioms: 0
Translator task size: 1856
Translator peak memory: 43292 KB
Writing output... [0.000s CPU, 0.004s wall-clock]
Done! [0.050s CPU, 0.049s wall-clock]
translate exit code: 0

INFO     Running search (release).
INFO     search stdin: output.sas
INFO     search time limit: 599.87s
INFO     search memory limit: 7000 MB
INFO     search command line string: /user/student.aau.dk/lkar18/downward-projects/downward/experiments/nopo_vs_nasutpo_vs_nelutpo/data/nopo_vs_nasutpo_vs_nelutpo/code-f7902f30c0f47512f07fb7c64cdaf652032f674a_e5e41175/builds/release/bin/downward --search 'astar(merge_and_shrink(op_mutex=op_mutex(use_previous_ops=NoPO, reachability_strategy=goal)))' --internal-plan-file sas_plan < output.sas
[t=3.5665e-05s, 22344 KB] reading input...
[t=0.00127801s, 22344 KB] done reading input!
[t=0.00270061s, 22732 KB] Initializing merge-and-shrink heuristic...
[t=0.00276562s, 22732 KB] Running merge-and-shrink algorithm...
[t=0.00278536s, 22732 KB] Merge strategy options:
[t=0.00280589s, 22732 KB] Type: stateless
[t=0.00282594s, 22732 KB] Merge selector options:
[t=0.00284496s, 22732 KB] Name: score based filtering
[t=0.00286443s, 22732 KB] Merge scoring function:
[t=0.00288333s, 22732 KB] Name: goal relevance
[t=0.00290208s, 22732 KB] Merge scoring function:
[t=0.00292064s, 22732 KB] Name: dfp
[t=0.00293908s, 22732 KB] Merge scoring function:
[t=0.00295765s, 22732 KB] Name: total order
[t=0.00297637s, 22732 KB] Atomic transition system order: reverse level
[t=0.00299533s, 22732 KB] Product transition system order: new to old
[t=0.00301425s, 22732 KB] Consider atomic before product transition systems
[t=0.00304273s, 22732 KB] Random seed: -1

[t=0.00306418s, 22732 KB] Options related to size limits and shrinking: 
[t=0.00308404s, 22732 KB] Transition system size limit: 50000
[t=0.00310301s, 22732 KB] Transition system size limit right before merge: 50000
[t=0.00312175s, 22732 KB] Threshold to trigger shrinking right before merge: 1

[t=0.00314311s, 22732 KB] Pruning unreachable states: yes
[t=0.00316268s, 22732 KB] Pruning irrelevant states: yes

[t=0.00318464s, 22732 KB] Label reduction disabled

[t=0.00320648s, 22732 KB] Main loop max time in seconds: inf

[t=0.00322982s, 22732 KB] ===============================================================================
[t=0.0032489s, 22732 KB] WARNING! You did not enable label reduction.
This may drastically reduce the performance of merge-and-shrink!
[t=0.00326839s, 22732 KB] ===============================================================================

[t=0.00329059s, 22732 KB] Building atomic transition systems... 
[t=0.00379081s, 23132 KB] M&S algorithm timer: 0.00106479s (after computation of atomic factors)

[t=0.00384375s, 23132 KB] Starting main loop without a time limit.
[t=0.00389704s, 23132 KB] Next pair of indices: (0, 4)
[t=0.00393443s, 23132 KB] M&S algorithm main loop timer: 0.000113249s (after computation of next merge)
[t=0.00407412s, 23132 KB] M&S algorithm main loop timer: 0.000259327s (after merging)

[t=0.00411378s, 23132 KB] Operator mutex starting iteration 0
[t=0.00419922s, 23132 KB] In ts_0_1 of size 6 found num new op-mutexes 0
[t=0.00428037s, 23132 KB] In ts_0_2 of size 5 found num new op-mutexes 0
[t=0.00435597s, 23132 KB] In ts_0_3 of size 5 found num new op-mutexes 0
[t=0.00444527s, 23132 KB] In ts_0_5 of size 8 found num new op-mutexes 0
[t=0.00452996s, 23132 KB] In ts_0_6 of size 8 found num new op-mutexes 0
[t=0.00468897s, 23264 KB] In ts_0_7 of size 48 found num new op-mutexes 0
[t=0.00472441s, 23264 KB] Operator mutex finished iteration 0. Found an additional 0 operator mutexes

[t=0.00477254s, 23264 KB] Next pair of indices: (1, 5)
[t=0.00479608s, 23264 KB] M&S algorithm main loop timer: 0.000970973s (after computation of next merge)
[t=0.00490685s, 23264 KB] M&S algorithm main loop timer: 0.00108778s (after merging)

[t=0.00494237s, 23264 KB] Operator mutex starting iteration 1
[t=0.00501789s, 23264 KB] In ts_1_2 of size 5 found num new op-mutexes 0
[t=0.00509835s, 23264 KB] In ts_1_3 of size 5 found num new op-mutexes 0
[t=0.0051846s, 23264 KB] In ts_1_6 of size 8 found num new op-mutexes 0
[t=0.00533595s, 23264 KB] In ts_1_7 of size 48 found num new op-mutexes 0
[t=0.00548446s, 23264 KB] In ts_1_8 of size 48 found num new op-mutexes 0
[t=0.00552001s, 23264 KB] Operator mutex finished iteration 1. Found an additional 0 operator mutexes

[t=0.00556531s, 23264 KB] Next pair of indices: (2, 6)
[t=0.00558897s, 23264 KB] M&S algorithm main loop timer: 0.00176356s (after computation of next merge)
[t=0.00568741s, 23264 KB] M&S algorithm main loop timer: 0.00187147s (after merging)

[t=0.00572482s, 23264 KB] Operator mutex starting iteration 2
[t=0.0057974s, 23264 KB] In ts_2_3 of size 5 found num new op-mutexes 0
[t=0.0059561s, 23264 KB] In ts_2_7 of size 48 found num new op-mutexes 0
[t=0.00610564s, 23264 KB] In ts_2_8 of size 48 found num new op-mutexes 0
[t=0.0062617s, 23264 KB] In ts_2_9 of size 40 found num new op-mutexes 0
[t=0.00630033s, 23264 KB] Operator mutex finished iteration 2. Found an additional 0 operator mutexes

[t=0.00634515s, 23264 KB] Next pair of indices: (3, 9)
[t=0.00636876s, 23264 KB] M&S algorithm main loop timer: 0.00255368s (after computation of next merge)
[t=0.0066381s, 23264 KB] M&S algorithm main loop timer: 0.0028292s (after merging)

[t=0.00669385s, 23264 KB] Operator mutex starting iteration 3
[t=0.00684602s, 23264 KB] In ts_3_7 of size 48 found num new op-mutexes 0
[t=0.00700345s, 23264 KB] In ts_3_8 of size 48 found num new op-mutexes 0
[t=0.00743655s, 23264 KB] In ts_3_10 of size 200 found num new op-mutexes 0
[t=0.00750346s, 23264 KB] Operator mutex finished iteration 3. Found an additional 0 operator mutexes

[t=0.0075493s, 23264 KB] Next pair of indices: (8, 10)
[t=0.00757349s, 23264 KB] M&S algorithm main loop timer: 0.00374849s (after computation of next merge)
[t=0.0169531s, 25140 KB] M&S algorithm main loop timer: 0.0131483s (after merging)

[t=0.0175366s, 25140 KB] Operator mutex starting iteration 4
[t=0.017689s, 25140 KB] In ts_4_7 of size 48 found num new op-mutexes 0
[t=0.0178431s, 25140 KB] Operator mutex finished iteration 4. Found an additional 0 operator mutexes

[t=0.017879s, 25140 KB] Next pair of indices: (7, 11)
[t=0.017902s, 25140 KB] M&S algorithm main loop timer: 0.0140765s (after computation of next merge)
[t=0.0282213s, 25420 KB] M&S algorithm main loop timer: 0.0245217s (after shrinking)
[t=0.0435711s, 26860 KB] M&S algorithm main loop timer: 0.0397781s (after merging)
[t=0.047704s, 26860 KB] M&S algorithm main loop timer: 0.0438941s (after pruning)

[t=0.0477471s, 26860 KB] Operator mutex starting iteration 5
[t=0.0479186s, 26860 KB] Operator mutex finished iteration 5. Found an additional 0 operator mutexes

[t=0.0479534s, 26860 KB] End of merge-and-shrink algorithm, statistics:
[t=0.0479746s, 26860 KB] Main loop runtime: 0.0441489s
[t=0.0479955s, 26860 KB] Maximum intermediate abstraction size: 21024
[t=0.0480162s, 26860 KB] Final peak memory increase of merge-and-shrink algorithm: 4128 KB
[t=0.0480476s, 26860 KB] Merge-and-shrink algorithm runtime: 0.0452995s

[t=0.0480706s, 26860 KB] Number of labels: 312
[t=0.0480896s, 26860 KB] Total number of operator mutexes: 0
[t=0.0481085s, 26860 KB] Operator Mutex total time: 0.00324066s
[t=0.048142s, 26860 KB] Number of remaining factors: 1
[t=0.0481868s, 26860 KB] Number of factors kept: 1
[t=0.0482088s, 26860 KB] Done initializing merge-and-shrink heuristic.

[t=0.0483086s, 26860 KB] Building successor generator...done!
[t=0.0485359s, 26860 KB] peak memory difference for successor generator creation: 0 KB
[t=0.0485546s, 26860 KB] time for successor generation creation: 0.000148514s
[t=0.0485788s, 26860 KB] Variables: 7
[t=0.0485999s, 26860 KB] FactPairs: 46
[t=0.0486194s, 26860 KB] Bytes per state: 4
[t=0.048743s, 26860 KB] Conducting best first search with reopening closed nodes, (real) bound = 2147483647
[t=0.0488076s, 26860 KB] New best heuristic value for merge_and_shrink(op_mutex = op_mutex(use_previous_ops = nopo, reachability_strategy = goal)): 22
[t=0.0488324s, 26860 KB] g=0, 1 evaluated, 0 expanded
[t=0.0488624s, 26860 KB] f = 22, 1 evaluated, 0 expanded
[t=0.0488858s, 26860 KB] Initial heuristic value for merge_and_shrink(op_mutex = op_mutex(use_previous_ops = nopo, reachability_strategy = goal)): 22
[t=0.0489069s, 26860 KB] pruning method: none
[t=0.0489451s, 26860 KB] f = 23, 6 evaluated, 1 expanded
[t=0.0489836s, 26860 KB] f = 25, 13 evaluated, 3 expanded
[t=0.0490141s, 26860 KB] f = 34, 16 evaluated, 4 expanded
[t=0.0490445s, 26860 KB] f = 35, 18 evaluated, 5 expanded
[t=0.0490787s, 26860 KB] f = 36, 24 evaluated, 7 expanded
[t=0.0491227s, 26860 KB] New best heuristic value for merge_and_shrink(op_mutex = op_mutex(use_previous_ops = nopo, reachability_strategy = goal)): 21
[t=0.0491457s, 26860 KB] g=25, 34 evaluated, 10 expanded
[t=0.0491707s, 26860 KB] f = 37, 35 evaluated, 10 expanded
[t=0.0492254s, 26860 KB] f = 38, 54 evaluated, 15 expanded
[t=0.0492778s, 26860 KB] f = 39, 67 evaluated, 19 expanded
[t=0.0493132s, 26860 KB] f = 40, 73 evaluated, 21 expanded
[t=0.0493434s, 26860 KB] f = 41, 76 evaluated, 22 expanded
[t=0.0493718s, 26860 KB] f = 42, 78 evaluated, 23 expanded
[t=0.0494099s, 26860 KB] f = 44, 82 evaluated, 25 expanded
[t=0.0494406s, 26860 KB] f = 46, 84 evaluated, 26 expanded
[t=0.0494671s, 26860 KB] New best heuristic value for merge_and_shrink(op_mutex = op_mutex(use_previous_ops = nopo, reachability_strategy = goal)): 20
[t=0.0494886s, 26860 KB] g=26, 85 evaluated, 27 expanded
[t=0.0495222s, 26860 KB] f = 47, 91 evaluated, 28 expanded
[t=0.04957s, 26860 KB] f = 48, 100 evaluated, 32 expanded
[t=0.0496294s, 26860 KB] f = 49, 116 evaluated, 40 expanded
[t=0.0497002s, 26860 KB] f = 50, 133 evaluated, 49 expanded
[t=0.0497502s, 26860 KB] f = 51, 147 evaluated, 54 expanded
[t=0.0498028s, 26860 KB] f = 52, 159 evaluated, 57 expanded
[t=0.0498339s, 26860 KB] f = 53, 163 evaluated, 58 expanded
[t=0.0498613s, 26860 KB] f = 54, 164 evaluated, 59 expanded
[t=0.0498908s, 26860 KB] f = 55, 166 evaluated, 61 expanded
[t=0.049927s, 26860 KB] f = 56, 172 evaluated, 64 expanded
[t=0.0499711s, 26860 KB] f = 57, 181 evaluated, 69 expanded
[t=0.0500117s, 26860 KB] f = 58, 189 evaluated, 73 expanded
[t=0.0500466s, 26860 KB] f = 59, 194 evaluated, 76 expanded
[t=0.0500799s, 26860 KB] f = 60, 198 evaluated, 79 expanded
[t=0.050109s, 26860 KB] f = 61, 200 evaluated, 81 expanded
[t=0.0501412s, 26860 KB] f = 62, 203 evaluated, 84 expanded
[t=0.0501687s, 26860 KB] f = 65, 204 evaluated, 85 expanded
[t=0.0502004s, 26860 KB] f = 66, 207 evaluated, 87 expanded
[t=0.0502395s, 26860 KB] f = 67, 213 evaluated, 91 expanded
[t=0.0502895s, 26860 KB] f = 68, 224 evaluated, 99 expanded
[t=0.0503439s, 26860 KB] f = 69, 238 evaluated, 108 expanded
[t=0.0503903s, 26860 KB] f = 70, 250 evaluated, 113 expanded
[t=0.0504205s, 26860 KB] New best heuristic value for merge_and_shrink(op_mutex = op_mutex(use_previous_ops = nopo, reachability_strategy = goal)): 5
[t=0.0504452s, 26860 KB] g=82, 251 evaluated, 114 expanded
[t=0.0505087s, 26860 KB] f = 71, 261 evaluated, 117 expanded
[t=0.0505491s, 26860 KB] f = 72, 269 evaluated, 120 expanded
[t=0.0505909s, 26860 KB] f = 73, 278 evaluated, 125 expanded
[t=0.0506537s, 26860 KB] New best heuristic value for merge_and_shrink(op_mutex = op_mutex(use_previous_ops = nopo, reachability_strategy = goal)): 4
[t=0.0506761s, 26860 KB] g=84, 295 evaluated, 134 expanded
[t=0.0507123s, 26860 KB] f = 74, 304 evaluated, 136 expanded
[t=0.0507976s, 26860 KB] f = 75, 344 evaluated, 150 expanded
[t=0.0509071s, 26860 KB] f = 76, 402 evaluated, 168 expanded
[t=0.0510139s, 26860 KB] f = 77, 457 evaluated, 185 expanded
[t=0.0510873s, 26860 KB] f = 78, 488 evaluated, 196 expanded
[t=0.0511226s, 26860 KB] f = 79, 491 evaluated, 200 expanded
[t=0.0511517s, 26860 KB] f = 80, 493 evaluated, 202 expanded
[t=0.0511843s, 26860 KB] f = 81, 496 evaluated, 205 expanded
[t=0.051212s, 26860 KB] f = 87, 497 evaluated, 206 expanded
[t=0.0512471s, 26860 KB] f = 88, 500 evaluated, 210 expanded
[t=0.0513405s, 26860 KB] f = 89, 515 evaluated, 218 expanded
[t=0.0514115s, 26860 KB] f = 90, 537 evaluated, 232 expanded
[t=0.0515106s, 26860 KB] f = 91, 578 evaluated, 250 expanded
[t=0.0515969s, 26860 KB] f = 92, 611 evaluated, 268 expanded
[t=0.051667s, 26860 KB] f = 93, 633 evaluated, 281 expanded
[t=0.0517513s, 26860 KB] f = 94, 666 evaluated, 296 expanded
[t=0.0518632s, 26860 KB] f = 95, 717 evaluated, 316 expanded
[t=0.051895s, 26860 KB] New best heuristic value for merge_and_shrink(op_mutex = op_mutex(use_previous_ops = nopo, reachability_strategy = goal)): 3
[t=0.051917s, 26860 KB] g=109, 720 evaluated, 318 expanded
[t=0.052037s, 26860 KB] f = 96, 777 evaluated, 340 expanded
[t=0.0521756s, 26860 KB] f = 97, 843 evaluated, 367 expanded
[t=0.0522269s, 26860 KB] New best heuristic value for merge_and_shrink(op_mutex = op_mutex(use_previous_ops = nopo, reachability_strategy = goal)): 2
[t=0.0522499s, 26860 KB] g=110, 852 evaluated, 372 expanded
[t=0.0523781s, 26860 KB] f = 98, 920 evaluated, 400 expanded
[t=0.0525422s, 26860 KB] f = 99, 1010 evaluated, 431 expanded
[t=0.0527657s, 26860 KB] f = 100, 1081 evaluated, 465 expanded
[t=0.0528218s, 26860 KB] f = 101, 1088 evaluated, 476 expanded
[t=0.0528881s, 26860 KB] f = 102, 1095 evaluated, 496 expanded
[t=0.0529432s, 26860 KB] f = 103, 1102 evaluated, 510 expanded
[t=0.0529894s, 26860 KB] f = 104, 1109 evaluated, 519 expanded
[t=0.0530251s, 26860 KB] f = 105, 1113 evaluated, 522 expanded
[t=0.0530536s, 26860 KB] f = 106, 1115 evaluated, 523 expanded
[t=0.0530866s, 26860 KB] f = 107, 1117 evaluated, 527 expanded
[t=0.0531588s, 26860 KB] f = 108, 1134 evaluated, 538 expanded
[t=0.0532297s, 26860 KB] f = 109, 1153 evaluated, 554 expanded
[t=0.0533711s, 26860 KB] f = 110, 1220 evaluated, 583 expanded
[t=0.0534685s, 26860 KB] f = 111, 1256 evaluated, 608 expanded
[t=0.0535632s, 26860 KB] f = 112, 1295 evaluated, 625 expanded
[t=0.0537073s, 26860 KB] f = 113, 1361 evaluated, 659 expanded
[t=0.0538831s, 26860 KB] f = 114, 1454 evaluated, 698 expanded
[t=0.053972s, 26860 KB] New best heuristic value for merge_and_shrink(op_mutex = op_mutex(use_previous_ops = nopo, reachability_strategy = goal)): 1
[t=0.0539961s, 26860 KB] g=130, 1489 evaluated, 710 expanded
[t=0.0542798s, 26860 KB] f = 115, 1649 evaluated, 776 expanded
[t=0.0545694s, 26860 KB] f = 116, 1820 evaluated, 841 expanded
[t=0.0550046s, 26860 KB] f = 117, 1982 evaluated, 920 expanded
[t=0.0551268s, 26860 KB] f = 118, 2029 evaluated, 950 expanded
[t=0.0552767s, 26860 KB] f = 119, 2088 evaluated, 986 expanded
[t=0.0553707s, 26860 KB] f = 120, 2122 evaluated, 1006 expanded
[t=0.0554887s, 26860 KB] f = 121, 2166 evaluated, 1036 expanded
[t=0.0556068s, 26860 KB] f = 122, 2214 evaluated, 1064 expanded
[t=0.055665s, 26860 KB] f = 123, 2228 evaluated, 1075 expanded
[t=0.0557307s, 26860 KB] f = 124, 2249 evaluated, 1085 expanded
[t=0.0558271s, 26860 KB] f = 125, 2283 evaluated, 1100 expanded
[t=0.0559078s, 26860 KB] f = 126, 2315 evaluated, 1113 expanded
[t=0.0560186s, 26860 KB] f = 127, 2355 evaluated, 1139 expanded
[t=0.0561254s, 26860 KB] f = 128, 2393 evaluated, 1165 expanded
[t=0.0563031s, 26860 KB] f = 129, 2458 evaluated, 1212 expanded
[t=0.0564173s, 26860 KB] f = 130, 2495 evaluated, 1244 expanded
[t=0.0565318s, 26860 KB] f = 131, 2529 evaluated, 1276 expanded
[t=0.0565587s, 26860 KB] New best heuristic value for merge_and_shrink(op_mutex = op_mutex(use_previous_ops = nopo, reachability_strategy = goal)): 0
[t=0.0565808s, 26860 KB] g=131, 2530 evaluated, 1277 expanded
[t=0.0566058s, 26860 KB] Solution found!
[t=0.0566291s, 26860 KB] Actual search time: 0.0077194s
drive truck-2 city-loc-4 city-loc-5 (12)
pick-up truck-2 city-loc-5 package-1 capacity-2 capacity-3 (1)
drive truck-2 city-loc-5 city-loc-4 (12)
drop truck-2 city-loc-4 package-1 capacity-2 capacity-3 (1)
pick-up truck-2 city-loc-4 package-2 capacity-2 capacity-3 (1)
pick-up truck-2 city-loc-4 package-3 capacity-1 capacity-2 (1)
drive truck-2 city-loc-4 city-loc-1 (26)
drive truck-2 city-loc-1 city-loc-3 (22)
drive truck-2 city-loc-3 city-loc-6 (34)
drop truck-2 city-loc-6 package-3 capacity-1 capacity-2 (1)
drive truck-2 city-loc-6 city-loc-2 (19)
drop truck-2 city-loc-2 package-2 capacity-2 capacity-3 (1)
[t=0.0566516s, 26860 KB] Plan length: 12 step(s).
[t=0.0566516s, 26860 KB] Plan cost: 131
[t=0.0566516s, 26860 KB] Expanded 1278 state(s).
[t=0.0566516s, 26860 KB] Reopened 0 state(s).
[t=0.0566516s, 26860 KB] Evaluated 2531 state(s).
[t=0.0566516s, 26860 KB] Evaluations: 2531
[t=0.0566516s, 26860 KB] Generated 6400 state(s).
[t=0.0566516s, 26860 KB] Dead ends: 0 state(s).
[t=0.0566516s, 26860 KB] Expanded until last jump: 1276 state(s).
[t=0.0566516s, 26860 KB] Reopened until last jump: 0 state(s).
[t=0.0566516s, 26860 KB] Evaluated until last jump: 2529 state(s).
[t=0.0566516s, 26860 KB] Generated until last jump: 6397 state(s).
[t=0.0566516s, 26860 KB] Number of registered states: 2531
[t=0.0566516s, 26860 KB] Int hash set load factor: 2531/4096 = 0.61792
[t=0.0566516s, 26860 KB] Int hash set resizes: 12
[t=0.0566516s, 26860 KB] Search time: 0.0079094s
[t=0.0566516s, 26860 KB] Total time: 0.0566516s
Solution found.
Peak memory: 26860 KB
Remove intermediate file output.sas
search exit code: 0

INFO     Running validate.
INFO     validate stdin: None
INFO     validate time limit: None
INFO     validate memory limit: None
INFO     validate command line string: validate domain.pddl problem.pddl sas_plan
Checking plan: sas_plan
Plan executed successfully - checking goal
Plan valid
Final value: 131 

Successful plans:
Value: 131
 sas_plan 131 

validate exit code: 0

