INFO     Running translator.
INFO     translator stdin: None
INFO     translator time limit: 599.97s
INFO     translator memory limit: 7000 MB
INFO     translator command line string: /usr/bin/python3 /user/student.aau.dk/lkar18/downward-projects/downward/experiments/nopo_vs_nasutpo_vs_nelutpo/data/nopo_vs_nasutpo_vs_nelutpo/code-f7902f30c0f47512f07fb7c64cdaf652032f674a_e5e41175/builds/release/bin/translate/translate.py domain.pddl problem.pddl --sas-file output.sas
Parsing...
Parsing: [0.010s CPU, 0.005s wall-clock]
Normalizing task... [0.000s CPU, 0.000s wall-clock]
Instantiating...
Generating Datalog program... [0.000s CPU, 0.001s wall-clock]
Normalizing Datalog program...
Duplicate arguments: Adding equality conditions.
Normalizing Datalog program: [0.000s CPU, 0.004s wall-clock]
Preparing model... [0.000s CPU, 0.002s wall-clock]
Generated 129 rules.
Computing model... [0.020s CPU, 0.019s wall-clock]
1066 relevant atoms
1127 auxiliary atoms
2193 final queue length
4461 total queue pushes
Completing instantiation... [0.040s CPU, 0.034s wall-clock]
Instantiating: [0.060s CPU, 0.060s wall-clock]
Computing fact groups...
Finding invariants...
36 initial candidates
Finding invariants: [0.150s CPU, 0.155s wall-clock]
Checking invariant weight... [0.000s CPU, 0.000s wall-clock]
Instantiating groups... [0.000s CPU, 0.001s wall-clock]
Collecting mutex groups... [0.000s CPU, 0.000s wall-clock]
Choosing groups...
0 uncovered facts
Choosing groups: [0.000s CPU, 0.001s wall-clock]
Building translation key... [0.000s CPU, 0.000s wall-clock]
Computing fact groups: [0.150s CPU, 0.159s wall-clock]
Building STRIPS to SAS dictionary... [0.000s CPU, 0.000s wall-clock]
Building dictionary for full mutex groups... [0.000s CPU, 0.000s wall-clock]
Building mutex information...
Building mutex information: [0.000s CPU, 0.000s wall-clock]
Translating task...
Processing axioms...
Simplifying axioms... [0.000s CPU, 0.000s wall-clock]
Translator axioms removed by simplifying: 0
Computing negative axioms... [0.000s CPU, 0.000s wall-clock]
Processing axioms: [0.010s CPU, 0.002s wall-clock]
Translating task: [0.040s CPU, 0.041s wall-clock]
0 effect conditions simplified
0 implied preconditions added
Detecting unreachable propositions...
0 operators removed
0 axioms removed
15 propositions removed
Detecting unreachable propositions: [0.020s CPU, 0.018s wall-clock]
Reordering and filtering variables...
18 of 18 variables necessary.
22 of 30 mutex groups necessary.
798 of 798 operators necessary.
0 of 0 axiom rules necessary.
Reordering and filtering variables: [0.010s CPU, 0.006s wall-clock]
Translator variables: 18
Translator derived variables: 0
Translator facts: 186
Translator goal facts: 14
Translator mutex groups: 22
Translator total mutex groups size: 360
Translator operators: 798
Translator axioms: 0
Translator task size: 6465
Translator peak memory: 46320 KB
Writing output... [0.010s CPU, 0.011s wall-clock]
Done! [0.300s CPU, 0.304s wall-clock]
translate exit code: 0

INFO     Running search (release).
INFO     search stdin: output.sas
INFO     search time limit: 599.62s
INFO     search memory limit: 7000 MB
INFO     search command line string: /user/student.aau.dk/lkar18/downward-projects/downward/experiments/nopo_vs_nasutpo_vs_nelutpo/data/nopo_vs_nasutpo_vs_nelutpo/code-f7902f30c0f47512f07fb7c64cdaf652032f674a_e5e41175/builds/release/bin/downward --search 'astar(merge_and_shrink(op_mutex=op_mutex(use_previous_ops=NeLUTPO, reachability_strategy=goal)))' --internal-plan-file sas_plan < output.sas
[t=3.1106e-05s, 22344 KB] reading input...
[t=0.00350098s, 22600 KB] done reading input!
[t=0.00496054s, 22996 KB] Initializing merge-and-shrink heuristic...
[t=0.00502862s, 22996 KB] Running merge-and-shrink algorithm...
[t=0.00504788s, 22996 KB] Merge strategy options:
[t=0.00506854s, 22996 KB] Type: stateless
[t=0.00508881s, 22996 KB] Merge selector options:
[t=0.00510788s, 22996 KB] Name: score based filtering
[t=0.00512713s, 22996 KB] Merge scoring function:
[t=0.00514603s, 22996 KB] Name: goal relevance
[t=0.00516519s, 22996 KB] Merge scoring function:
[t=0.00518433s, 22996 KB] Name: dfp
[t=0.00520324s, 22996 KB] Merge scoring function:
[t=0.00522202s, 22996 KB] Name: total order
[t=0.00524103s, 22996 KB] Atomic transition system order: reverse level
[t=0.00526795s, 22996 KB] Product transition system order: new to old
[t=0.00528662s, 22996 KB] Consider atomic before product transition systems
[t=0.00530531s, 22996 KB] Random seed: -1

[t=0.00532618s, 22996 KB] Options related to size limits and shrinking: 
[t=0.00534542s, 22996 KB] Transition system size limit: 50000
[t=0.00536441s, 22996 KB] Transition system size limit right before merge: 50000
[t=0.00538316s, 22996 KB] Threshold to trigger shrinking right before merge: 1

[t=0.00540376s, 22996 KB] Pruning unreachable states: yes
[t=0.00542331s, 22996 KB] Pruning irrelevant states: yes

[t=0.00544533s, 22996 KB] Label reduction disabled

[t=0.00546747s, 22996 KB] Main loop max time in seconds: inf

[t=0.0054911s, 22996 KB] ===============================================================================
[t=0.00551045s, 22996 KB] WARNING! You did not enable label reduction.
This may drastically reduce the performance of merge-and-shrink!
[t=0.00553026s, 22996 KB] ===============================================================================

[t=0.00555267s, 22996 KB] Building atomic transition systems... 
[t=0.00770797s, 25696 KB] M&S algorithm timer: 0.00272219s (after computation of atomic factors)

[t=0.00777172s, 25696 KB] Starting main loop without a time limit.
[t=0.00799386s, 25696 KB] Next pair of indices: (0, 11)
[t=0.00802068s, 25696 KB] M&S algorithm main loop timer: 0.000267901s (after computation of next merge)
[t=0.00833471s, 25696 KB] M&S algorithm main loop timer: 0.000592463s (after merging)

[t=0.00838146s, 25696 KB] Operator mutex starting iteration 0
[t=0.00964348s, 25836 KB] In ts_0_1 of size 8 found num new op-mutexes 0
[t=0.0109531s, 25836 KB] In ts_0_2 of size 9 found num new op-mutexes 0
[t=0.0119659s, 25836 KB] In ts_0_3 of size 28 found num new op-mutexes 0
[t=0.0121715s, 25836 KB] In ts_0_4 of size 2 found num new op-mutexes 0
[t=0.0123547s, 25836 KB] In ts_0_5 of size 2 found num new op-mutexes 0
[t=0.0125326s, 25836 KB] In ts_0_6 of size 2 found num new op-mutexes 0
[t=0.0127146s, 25836 KB] In ts_0_7 of size 2 found num new op-mutexes 0
[t=0.0128905s, 25836 KB] In ts_0_8 of size 2 found num new op-mutexes 0
[t=0.013066s, 25836 KB] In ts_0_9 of size 2 found num new op-mutexes 0
[t=0.0132558s, 25836 KB] In ts_0_10 of size 2 found num new op-mutexes 0
[t=0.0145594s, 25836 KB] In ts_0_12 of size 17 found num new op-mutexes 0
[t=0.0159204s, 25836 KB] In ts_0_13 of size 17 found num new op-mutexes 0
[t=0.0172375s, 25836 KB] In ts_0_14 of size 17 found num new op-mutexes 0
[t=0.0185418s, 25836 KB] In ts_0_15 of size 17 found num new op-mutexes 0
[t=0.0198729s, 25836 KB] In ts_0_16 of size 17 found num new op-mutexes 0
[t=0.0211794s, 25836 KB] In ts_0_17 of size 17 found num new op-mutexes 0
[t=0.0236387s, 25988 KB] In ts_0_18 of size 136 found num new op-mutexes 0
[t=0.0236962s, 25988 KB] Operator mutex finished iteration 0. Found an additional 0 operator mutexes

[t=0.0239211s, 25988 KB] Next pair of indices: (1, 4)
[t=0.0239471s, 25988 KB] M&S algorithm main loop timer: 0.0161947s (after computation of next merge)
[t=0.0241093s, 25988 KB] M&S algorithm main loop timer: 0.0163617s (after merging)

[t=0.0241428s, 25988 KB] Operator mutex starting iteration 1
[t=0.0254607s, 25988 KB] In ts_1_2 of size 9 found num new op-mutexes 0
[t=0.0265051s, 25988 KB] In ts_1_3 of size 28 found num new op-mutexes 0
[t=0.0266954s, 25988 KB] In ts_1_5 of size 2 found num new op-mutexes 0
[t=0.0268943s, 25988 KB] In ts_1_6 of size 2 found num new op-mutexes 0
[t=0.0270717s, 25988 KB] In ts_1_7 of size 2 found num new op-mutexes 0
[t=0.0272448s, 25988 KB] In ts_1_8 of size 2 found num new op-mutexes 0
[t=0.0274237s, 25988 KB] In ts_1_9 of size 2 found num new op-mutexes 0
[t=0.0275958s, 25988 KB] In ts_1_10 of size 2 found num new op-mutexes 0
[t=0.0289055s, 25988 KB] In ts_1_12 of size 17 found num new op-mutexes 0
[t=0.0302034s, 25988 KB] In ts_1_13 of size 17 found num new op-mutexes 0
[t=0.0315354s, 25988 KB] In ts_1_14 of size 17 found num new op-mutexes 0
[t=0.0328851s, 25988 KB] In ts_1_15 of size 17 found num new op-mutexes 0
[t=0.0341938s, 25988 KB] In ts_1_16 of size 17 found num new op-mutexes 0
[t=0.0355046s, 25988 KB] In ts_1_17 of size 17 found num new op-mutexes 0
[t=0.0378667s, 25988 KB] In ts_1_18 of size 136 found num new op-mutexes 0
[t=0.0394472s, 25988 KB] In ts_1_19 of size 16 found num new op-mutexes 0
[t=0.0394977s, 25988 KB] Operator mutex finished iteration 1. Found an additional 0 operator mutexes

[t=0.0397275s, 25988 KB] Next pair of indices: (2, 5)
[t=0.0397541s, 25988 KB] M&S algorithm main loop timer: 0.0320019s (after computation of next merge)
[t=0.039917s, 25988 KB] M&S algorithm main loop timer: 0.0321714s (after merging)

[t=0.0399528s, 25988 KB] Operator mutex starting iteration 2
[t=0.0409688s, 25988 KB] In ts_2_3 of size 28 found num new op-mutexes 0
[t=0.0411531s, 25988 KB] In ts_2_6 of size 2 found num new op-mutexes 0
[t=0.0413366s, 25988 KB] In ts_2_7 of size 2 found num new op-mutexes 0
[t=0.0415194s, 25988 KB] In ts_2_8 of size 2 found num new op-mutexes 0
[t=0.0416965s, 25988 KB] In ts_2_9 of size 2 found num new op-mutexes 0
[t=0.0418697s, 25988 KB] In ts_2_10 of size 2 found num new op-mutexes 0
[t=0.0431982s, 25988 KB] In ts_2_12 of size 17 found num new op-mutexes 0
[t=0.0445075s, 25988 KB] In ts_2_13 of size 17 found num new op-mutexes 0
[t=0.045811s, 25988 KB] In ts_2_14 of size 17 found num new op-mutexes 0
[t=0.047119s, 25988 KB] In ts_2_15 of size 17 found num new op-mutexes 0
[t=0.0484232s, 25988 KB] In ts_2_16 of size 17 found num new op-mutexes 0
[t=0.0497197s, 25988 KB] In ts_2_17 of size 17 found num new op-mutexes 0
[t=0.0521022s, 25988 KB] In ts_2_18 of size 136 found num new op-mutexes 0
[t=0.053686s, 25988 KB] In ts_2_19 of size 16 found num new op-mutexes 0
[t=0.0553415s, 25988 KB] In ts_2_20 of size 18 found num new op-mutexes 0
[t=0.0553863s, 25988 KB] Operator mutex finished iteration 2. Found an additional 0 operator mutexes

[t=0.0556043s, 25988 KB] Next pair of indices: (3, 6)
[t=0.0556312s, 25988 KB] M&S algorithm main loop timer: 0.0478792s (after computation of next merge)
[t=0.0557891s, 25988 KB] M&S algorithm main loop timer: 0.0480428s (after merging)

[t=0.0558258s, 25988 KB] Operator mutex starting iteration 3
[t=0.0560042s, 25988 KB] In ts_3_7 of size 2 found num new op-mutexes 0
[t=0.0561893s, 25988 KB] In ts_3_8 of size 2 found num new op-mutexes 0
[t=0.056362s, 25988 KB] In ts_3_9 of size 2 found num new op-mutexes 0
[t=0.0565333s, 25988 KB] In ts_3_10 of size 2 found num new op-mutexes 0
[t=0.0578348s, 25988 KB] In ts_3_12 of size 17 found num new op-mutexes 0
[t=0.0591611s, 25988 KB] In ts_3_13 of size 17 found num new op-mutexes 0
[t=0.0604632s, 25988 KB] In ts_3_14 of size 17 found num new op-mutexes 0
[t=0.0617695s, 25988 KB] In ts_3_15 of size 17 found num new op-mutexes 0
[t=0.0631117s, 25988 KB] In ts_3_16 of size 17 found num new op-mutexes 0
[t=0.0644201s, 25988 KB] In ts_3_17 of size 17 found num new op-mutexes 0
[t=0.0668372s, 25988 KB] In ts_3_18 of size 136 found num new op-mutexes 0
[t=0.0683979s, 25988 KB] In ts_3_19 of size 16 found num new op-mutexes 0
[t=0.0700195s, 25988 KB] In ts_3_20 of size 18 found num new op-mutexes 0
[t=0.0711573s, 25988 KB] In ts_3_21 of size 56 found num new op-mutexes 0
[t=0.0712028s, 25988 KB] Operator mutex finished iteration 3. Found an additional 0 operator mutexes

[t=0.0714128s, 25988 KB] Next pair of indices: (7, 14)
[t=0.0714397s, 25988 KB] M&S algorithm main loop timer: 0.0636873s (after computation of next merge)
[t=0.071612s, 25988 KB] M&S algorithm main loop timer: 0.0638654s (after merging)

[t=0.071647s, 25988 KB] Operator mutex starting iteration 4
[t=0.071836s, 25988 KB] In ts_4_8 of size 2 found num new op-mutexes 0
[t=0.0720342s, 25988 KB] In ts_4_9 of size 2 found num new op-mutexes 0
[t=0.0722277s, 25988 KB] In ts_4_10 of size 2 found num new op-mutexes 0
[t=0.073528s, 25988 KB] In ts_4_12 of size 17 found num new op-mutexes 0
[t=0.0748684s, 25988 KB] In ts_4_13 of size 17 found num new op-mutexes 0
[t=0.0761751s, 25988 KB] In ts_4_15 of size 17 found num new op-mutexes 0
[t=0.0774773s, 25988 KB] In ts_4_16 of size 17 found num new op-mutexes 0
[t=0.0788085s, 25988 KB] In ts_4_17 of size 17 found num new op-mutexes 0
[t=0.0812019s, 25988 KB] In ts_4_18 of size 136 found num new op-mutexes 0
[t=0.0828005s, 25988 KB] In ts_4_19 of size 16 found num new op-mutexes 0
[t=0.0844606s, 25988 KB] In ts_4_20 of size 18 found num new op-mutexes 0
[t=0.0855909s, 25988 KB] In ts_4_21 of size 56 found num new op-mutexes 0
[t=0.0873579s, 25988 KB] In ts_4_22 of size 34 found num new op-mutexes 0
[t=0.0874081s, 25988 KB] Operator mutex finished iteration 4. Found an additional 0 operator mutexes

[t=0.0876027s, 25988 KB] Next pair of indices: (8, 15)
[t=0.0876293s, 25988 KB] M&S algorithm main loop timer: 0.0798771s (after computation of next merge)
[t=0.0878127s, 25988 KB] M&S algorithm main loop timer: 0.0800676s (after merging)

[t=0.0878503s, 25988 KB] Operator mutex starting iteration 5
[t=0.0880538s, 25988 KB] In ts_5_9 of size 2 found num new op-mutexes 0
[t=0.0882313s, 25988 KB] In ts_5_10 of size 2 found num new op-mutexes 0
[t=0.0895332s, 25988 KB] In ts_5_12 of size 17 found num new op-mutexes 0
[t=0.0908571s, 25988 KB] In ts_5_13 of size 17 found num new op-mutexes 0
[t=0.0921865s, 25988 KB] In ts_5_16 of size 17 found num new op-mutexes 0
[t=0.0935058s, 25988 KB] In ts_5_17 of size 17 found num new op-mutexes 0
[t=0.095881s, 25988 KB] In ts_5_18 of size 136 found num new op-mutexes 0
[t=0.0974406s, 25988 KB] In ts_5_19 of size 16 found num new op-mutexes 0
[t=0.0991074s, 25988 KB] In ts_5_20 of size 18 found num new op-mutexes 0
[t=0.100223s, 25988 KB] In ts_5_21 of size 56 found num new op-mutexes 0
[t=0.102008s, 25988 KB] In ts_5_22 of size 34 found num new op-mutexes 0
[t=0.103783s, 25988 KB] In ts_5_23 of size 34 found num new op-mutexes 0
[t=0.103826s, 25988 KB] Operator mutex finished iteration 5. Found an additional 0 operator mutexes

[t=0.104014s, 25988 KB] Next pair of indices: (9, 16)
[t=0.10404s, 25988 KB] M&S algorithm main loop timer: 0.0962875s (after computation of next merge)
[t=0.104212s, 25988 KB] M&S algorithm main loop timer: 0.0964663s (after merging)

[t=0.104248s, 25988 KB] Operator mutex starting iteration 6
[t=0.10444s, 25988 KB] In ts_6_10 of size 2 found num new op-mutexes 0
[t=0.105784s, 25988 KB] In ts_6_12 of size 17 found num new op-mutexes 0
[t=0.107089s, 25988 KB] In ts_6_13 of size 17 found num new op-mutexes 0
[t=0.108409s, 25988 KB] In ts_6_17 of size 17 found num new op-mutexes 0
[t=0.110783s, 25988 KB] In ts_6_18 of size 136 found num new op-mutexes 0
[t=0.112367s, 25988 KB] In ts_6_19 of size 16 found num new op-mutexes 0
[t=0.114035s, 25988 KB] In ts_6_20 of size 18 found num new op-mutexes 0
[t=0.115156s, 25988 KB] In ts_6_21 of size 56 found num new op-mutexes 0
[t=0.116915s, 25988 KB] In ts_6_22 of size 34 found num new op-mutexes 0
[t=0.118695s, 25988 KB] In ts_6_23 of size 34 found num new op-mutexes 0
[t=0.120453s, 25988 KB] In ts_6_24 of size 34 found num new op-mutexes 0
[t=0.120503s, 25988 KB] Operator mutex finished iteration 6. Found an additional 0 operator mutexes

[t=0.120676s, 25988 KB] Next pair of indices: (10, 17)
[t=0.120703s, 25988 KB] M&S algorithm main loop timer: 0.11295s (after computation of next merge)
[t=0.12088s, 25988 KB] M&S algorithm main loop timer: 0.113134s (after merging)

[t=0.120916s, 25988 KB] Operator mutex starting iteration 7
[t=0.122255s, 25988 KB] In ts_7_12 of size 17 found num new op-mutexes 0
[t=0.123574s, 25988 KB] In ts_7_13 of size 17 found num new op-mutexes 0
[t=0.125974s, 25988 KB] In ts_7_18 of size 136 found num new op-mutexes 0
[t=0.127535s, 25988 KB] In ts_7_19 of size 16 found num new op-mutexes 0
[t=0.129182s, 25988 KB] In ts_7_20 of size 18 found num new op-mutexes 0
[t=0.13037s, 25988 KB] In ts_7_21 of size 56 found num new op-mutexes 0
[t=0.132139s, 25988 KB] In ts_7_22 of size 34 found num new op-mutexes 0
[t=0.133917s, 25988 KB] In ts_7_23 of size 34 found num new op-mutexes 0
[t=0.135681s, 25988 KB] In ts_7_24 of size 34 found num new op-mutexes 0
[t=0.137447s, 25988 KB] In ts_7_25 of size 34 found num new op-mutexes 0
[t=0.137498s, 25988 KB] Operator mutex finished iteration 7. Found an additional 0 operator mutexes

[t=0.137664s, 25988 KB] Next pair of indices: (12, 13)
[t=0.13769s, 25988 KB] M&S algorithm main loop timer: 0.129948s (after computation of next merge)
[t=0.138197s, 25988 KB] M&S algorithm main loop timer: 0.130458s (after merging)

[t=0.138254s, 25988 KB] Operator mutex starting iteration 8
[t=0.140628s, 25988 KB] In ts_8_18 of size 136 found num new op-mutexes 0
[t=0.143359s, 25988 KB] In ts_8_19 of size 16 found num new op-mutexes 0
[t=0.145206s, 25988 KB] In ts_8_20 of size 18 found num new op-mutexes 0
[t=0.14633s, 25988 KB] In ts_8_21 of size 56 found num new op-mutexes 0
[t=0.148096s, 25988 KB] In ts_8_22 of size 34 found num new op-mutexes 0
[t=0.149877s, 25988 KB] In ts_8_23 of size 34 found num new op-mutexes 0
[t=0.151663s, 25988 KB] In ts_8_24 of size 34 found num new op-mutexes 0
[t=0.153435s, 25988 KB] In ts_8_25 of size 34 found num new op-mutexes 0
[t=0.157289s, 25988 KB] In ts_8_26 of size 289 found num new op-mutexes 0
[t=0.157349s, 25988 KB] Operator mutex finished iteration 8. Found an additional 0 operator mutexes

[t=0.15751s, 25988 KB] Next pair of indices: (25, 26)
[t=0.157536s, 25988 KB] M&S algorithm main loop timer: 0.149784s (after computation of next merge)
[t=0.183202s, 31624 KB] M&S algorithm main loop timer: 0.175474s (after merging)

[t=0.183811s, 31624 KB] Operator mutex starting iteration 9
[t=0.186179s, 31624 KB] In ts_9_18 of size 136 found num new op-mutexes 0
[t=0.187768s, 31624 KB] In ts_9_19 of size 16 found num new op-mutexes 0
[t=0.189427s, 31624 KB] In ts_9_20 of size 18 found num new op-mutexes 0
[t=0.190585s, 31624 KB] In ts_9_21 of size 56 found num new op-mutexes 0
[t=0.192371s, 31624 KB] In ts_9_22 of size 34 found num new op-mutexes 0
[t=0.194163s, 31624 KB] In ts_9_23 of size 34 found num new op-mutexes 0
[t=0.195941s, 31624 KB] In ts_9_24 of size 34 found num new op-mutexes 0
[t=0.196452s, 31624 KB] Operator mutex finished iteration 9. Found an additional 0 operator mutexes

[t=0.196846s, 31624 KB] Next pair of indices: (24, 27)
[t=0.196877s, 31624 KB] M&S algorithm main loop timer: 0.189126s (after computation of next merge)
[t=0.221996s, 31760 KB] M&S algorithm main loop timer: 0.214343s (after shrinking)
[t=0.222338s, 31760 KB] M&S algorithm main loop timer: 0.214596s (after merging)

[t=0.222381s, 31760 KB] Operator mutex starting iteration 10
[t=0.224734s, 31760 KB] In ts_10_18 of size 136 found num new op-mutexes 0
[t=0.226298s, 31760 KB] In ts_10_19 of size 16 found num new op-mutexes 0
[t=0.227961s, 31760 KB] In ts_10_20 of size 18 found num new op-mutexes 0
[t=0.229095s, 31760 KB] In ts_10_21 of size 56 found num new op-mutexes 0
[t=0.230881s, 31760 KB] In ts_10_22 of size 34 found num new op-mutexes 0
[t=0.232677s, 31760 KB] In ts_10_23 of size 34 found num new op-mutexes 0
[t=0.234689s, 31760 KB] In ts_10_28 of size 68 found num new op-mutexes 0
[t=0.234741s, 31760 KB] Operator mutex finished iteration 10. Found an additional 0 operator mutexes

[t=0.23486s, 31760 KB] Next pair of indices: (23, 28)
[t=0.234886s, 31760 KB] M&S algorithm main loop timer: 0.227133s (after computation of next merge)
[t=0.239376s, 31760 KB] M&S algorithm main loop timer: 0.231638s (after merging)

[t=0.239544s, 31760 KB] Operator mutex starting iteration 11
[t=0.241946s, 31760 KB] In ts_11_18 of size 136 found num new op-mutexes 0
[t=0.243533s, 31760 KB] In ts_11_19 of size 16 found num new op-mutexes 0
[t=0.245185s, 31760 KB] In ts_11_20 of size 18 found num new op-mutexes 0
[t=0.246322s, 31760 KB] In ts_11_21 of size 56 found num new op-mutexes 0
[t=0.248094s, 31760 KB] In ts_11_22 of size 34 found num new op-mutexes 0
[t=0.267857s, 33524 KB] In ts_11_29 of size 2312 found num new op-mutexes 0
[t=0.267961s, 33524 KB] Operator mutex finished iteration 11. Found an additional 0 operator mutexes

[t=0.268173s, 33524 KB] Next pair of indices: (22, 29)
[t=0.268203s, 33524 KB] M&S algorithm main loop timer: 0.260451s (after computation of next merge)
[t=0.27295s, 33524 KB] M&S algorithm main loop timer: 0.265265s (after shrinking)
[t=0.273247s, 33524 KB] M&S algorithm main loop timer: 0.265505s (after merging)

[t=0.27329s, 33524 KB] Operator mutex starting iteration 12
[t=0.275608s, 33524 KB] In ts_12_18 of size 136 found num new op-mutexes 0
[t=0.277203s, 33524 KB] In ts_12_19 of size 16 found num new op-mutexes 0
[t=0.27888s, 33524 KB] In ts_12_20 of size 18 found num new op-mutexes 0
[t=0.280059s, 33524 KB] In ts_12_21 of size 56 found num new op-mutexes 0
[t=0.282074s, 33524 KB] In ts_12_30 of size 68 found num new op-mutexes 0
[t=0.282143s, 33524 KB] Operator mutex finished iteration 12. Found an additional 0 operator mutexes

[t=0.28224s, 33524 KB] Next pair of indices: (21, 30)
[t=0.282266s, 33524 KB] M&S algorithm main loop timer: 0.274514s (after computation of next merge)
[t=0.284643s, 33524 KB] M&S algorithm main loop timer: 0.276907s (after merging)
[t=0.285249s, 33524 KB] M&S algorithm main loop timer: 0.277526s (after pruning)

[t=0.285305s, 33524 KB] Operator mutex starting iteration 13
[t=0.287645s, 33524 KB] In ts_13_18 of size 136 found num new op-mutexes 0
[t=0.289245s, 33524 KB] In ts_13_19 of size 16 found num new op-mutexes 0
[t=0.29094s, 33524 KB] In ts_13_20 of size 18 found num new op-mutexes 0
[t=0.299766s, 33524 KB] In ts_13_31 of size 2584 found num new op-mutexes 0
[t=0.299878s, 33524 KB] Operator mutex finished iteration 13. Found an additional 0 operator mutexes

[t=0.300006s, 33524 KB] Next pair of indices: (20, 31)
[t=0.300033s, 33524 KB] M&S algorithm main loop timer: 0.29228s (after computation of next merge)
[t=0.321211s, 33524 KB] M&S algorithm main loop timer: 0.313527s (after merging)
[t=0.32432s, 33524 KB] M&S algorithm main loop timer: 0.316599s (after pruning)

[t=0.324381s, 33524 KB] Operator mutex starting iteration 14
[t=0.326749s, 33524 KB] In ts_14_18 of size 136 found num new op-mutexes 0
[t=0.328372s, 33524 KB] In ts_14_19 of size 16 found num new op-mutexes 0
[t=0.328633s, 33524 KB] Operator mutex finished iteration 14. Found an additional 0 operator mutexes

[t=0.328775s, 33524 KB] Next pair of indices: (19, 32)
[t=0.32881s, 33524 KB] M&S algorithm main loop timer: 0.321057s (after computation of next merge)
[t=0.346944s, 33524 KB] M&S algorithm main loop timer: 0.33944s (after shrinking)
[t=0.372967s, 33524 KB] M&S algorithm main loop timer: 0.365285s (after merging)
[t=0.379848s, 33524 KB] M&S algorithm main loop timer: 0.372142s (after pruning)

[t=0.379925s, 33524 KB] Operator mutex starting iteration 15
[t=0.382342s, 33524 KB] In ts_15_18 of size 136 found num new op-mutexes 0
[t=0.382752s, 33524 KB] Operator mutex finished iteration 15. Found an additional 0 operator mutexes

[t=0.382805s, 33524 KB] Next pair of indices: (18, 33)
[t=0.382829s, 33524 KB] M&S algorithm main loop timer: 0.375076s (after computation of next merge)
[t=0.400523s, 33524 KB] M&S algorithm main loop timer: 0.39296s (after shrinking)
[t=0.404667s, 33524 KB] M&S algorithm main loop timer: 0.396938s (after merging)
[t=0.406164s, 33524 KB] M&S algorithm main loop timer: 0.398437s (after pruning)

[t=0.406218s, 33524 KB] Operator mutex starting iteration 16
[t=0.424551s, 33524 KB] In ts_16_34 of size 1444 found num new op-mutexes 3188
[t=0.424686s, 33524 KB] Operator mutex finished iteration 16. Found an additional 3188 operator mutexes

[t=0.424733s, 33524 KB] End of merge-and-shrink algorithm, statistics:
[t=0.424756s, 33524 KB] Main loop runtime: 0.417002s
[t=0.424777s, 33524 KB] Maximum intermediate abstraction size: 46512
[t=0.424797s, 33524 KB] Final peak memory increase of merge-and-shrink algorithm: 10528 KB
[t=0.424828s, 33524 KB] Merge-and-shrink algorithm runtime: 0.419817s

[t=0.424851s, 33524 KB] Number of labels: 798
[t=0.42487s, 33524 KB] Total number of operator mutexes: 3188
[t=0.424889s, 33524 KB] Operator Mutex total time: 0.248158s
[t=0.424935s, 33524 KB] Number of remaining factors: 1
[t=0.424989s, 33524 KB] Number of factors kept: 1
[t=0.425026s, 33524 KB] Done initializing merge-and-shrink heuristic.

[t=0.425202s, 33524 KB] Building successor generator...done!
[t=0.425695s, 33524 KB] peak memory difference for successor generator creation: 0 KB
[t=0.425716s, 33524 KB] time for successor generation creation: 0.000349789s
[t=0.42574s, 33524 KB] Variables: 18
[t=0.42576s, 33524 KB] FactPairs: 186
[t=0.425779s, 33524 KB] Bytes per state: 8
[t=0.425905s, 33524 KB] Conducting best first search with reopening closed nodes, (real) bound = 2147483647
[t=0.425963s, 33524 KB] New best heuristic value for merge_and_shrink(op_mutex = op_mutex(use_previous_ops = nelutpo, reachability_strategy = goal)): 1
[t=0.425988s, 33524 KB] g=0, 1 evaluated, 0 expanded
[t=0.426008s, 33524 KB] f = 1, 1 evaluated, 0 expanded
[t=0.426031s, 33524 KB] Initial heuristic value for merge_and_shrink(op_mutex = op_mutex(use_previous_ops = nelutpo, reachability_strategy = goal)): 1
[t=0.426063s, 33524 KB] pruning method: none
[t=0.426227s, 33524 KB] New best heuristic value for merge_and_shrink(op_mutex = op_mutex(use_previous_ops = nelutpo, reachability_strategy = goal)): 0
[t=0.42625s, 33524 KB] g=2, 70 evaluated, 30 expanded
[t=0.426934s, 33524 KB] f = 2, 396 evaluated, 262 expanded
[t=0.456947s, 33524 KB] f = 3, 16436 evaluated, 9367 expanded
[t=0.872672s, 38340 KB] f = 4, 225997 evaluated, 135582 expanded
[t=4.67049s, 123348 KB] f = 5, 2024668 evaluated, 1260889 expanded
[t=4.67083s, 123348 KB] Solution found!
[t=4.67087s, 123348 KB] Actual search time: 4.24481s
begin-cut sub2 sub5 (0)
continue-cut sub5 sub4 (0)
end-cut-1 sub4 g40 (0)
end-cut-2 sub2 g40 (0)
begin-inverse-splice sub2 g40 (1)
continue-inverse-splice-1a sub4 sub5 (0)
continue-inverse-splice-2 sub4 sub2 (0)
end-inverse-splice-1a sub5 sub4 (0)
end-inverse-splice-2 sub5 g40 (0)
reset-1 sub2 (0)
begin-cut g40 sub3 (0)
end-cut-1 sub3 sub6 (0)
end-cut-2 g40 sub6 (0)
begin-transverse-splice sub5 g40 (2)
end-inverse-splice-1a sub3 sub5 (0)
end-inverse-splice-2 sub3 g40 (0)
reset-1 g40 (0)
invert-single-gene-b sub5 (1)
invert-single-gene-a sub6 (1)
[t=4.6709s, 123348 KB] Plan length: 19 step(s).
[t=4.6709s, 123348 KB] Plan cost: 5
[t=4.6709s, 123348 KB] Expanded 1260905 state(s).
[t=4.6709s, 123348 KB] Reopened 0 state(s).
[t=4.6709s, 123348 KB] Evaluated 2024825 state(s).
[t=4.6709s, 123348 KB] Evaluations: 2024825
[t=4.6709s, 123348 KB] Generated 2271141 state(s).
[t=4.6709s, 123348 KB] Dead ends: 0 state(s).
[t=4.6709s, 123348 KB] Expanded until last jump: 1260889 state(s).
[t=4.6709s, 123348 KB] Reopened until last jump: 0 state(s).
[t=4.6709s, 123348 KB] Evaluated until last jump: 2024668 state(s).
[t=4.6709s, 123348 KB] Generated until last jump: 2270931 state(s).
[t=4.6709s, 123348 KB] Number of registered states: 2024825
[t=4.6709s, 123348 KB] Int hash set load factor: 2024825/4194304 = 0.482756
[t=4.6709s, 123348 KB] Int hash set resizes: 22
[t=4.6709s, 123348 KB] Search time: 4.24499s
[t=4.6709s, 123348 KB] Total time: 4.6709s
Solution found.
Peak memory: 123348 KB
Remove intermediate file output.sas
search exit code: 0

INFO     Running validate.
INFO     validate stdin: None
INFO     validate time limit: None
INFO     validate memory limit: None
INFO     validate command line string: validate domain.pddl problem.pddl sas_plan
Checking plan: sas_plan
Plan executed successfully - checking goal
Plan valid
Final value: 5 

Successful plans:
Value: 5
 sas_plan 5 

validate exit code: 0

