INFO     Running translator.
INFO     translator stdin: None
INFO     translator time limit: 599.97s
INFO     translator memory limit: 7000 MB
INFO     translator command line string: /usr/bin/python3 /user/student.aau.dk/lkar18/downward-projects/downward/experiments/nopo_vs_nasutpo_vs_nelutpo/data/nopo_vs_nasutpo_vs_nelutpo/code-f7902f30c0f47512f07fb7c64cdaf652032f674a_e5e41175/builds/release/bin/translate/translate.py domain.pddl problem.pddl --sas-file output.sas
Parsing...
Parsing: [0.010s CPU, 0.004s wall-clock]
Normalizing task... [0.000s CPU, 0.000s wall-clock]
Instantiating...
Generating Datalog program... [0.000s CPU, 0.001s wall-clock]
Normalizing Datalog program...
Normalizing Datalog program: [0.000s CPU, 0.005s wall-clock]
Preparing model... [0.010s CPU, 0.003s wall-clock]
Generated 125 rules.
Computing model... [0.100s CPU, 0.104s wall-clock]
7654 relevant atoms
1810 auxiliary atoms
9464 final queue length
33365 total queue pushes
Completing instantiation... [0.400s CPU, 0.404s wall-clock]
Instantiating: [0.510s CPU, 0.519s wall-clock]
Computing fact groups...
Finding invariants...
15 initial candidates
Finding invariants: [0.020s CPU, 0.018s wall-clock]
Checking invariant weight... [0.000s CPU, 0.001s wall-clock]
Instantiating groups... [0.000s CPU, 0.003s wall-clock]
Collecting mutex groups... [0.000s CPU, 0.000s wall-clock]
Choosing groups...
16 uncovered facts
Choosing groups: [0.000s CPU, 0.001s wall-clock]
Building translation key... [0.000s CPU, 0.000s wall-clock]
Computing fact groups: [0.020s CPU, 0.024s wall-clock]
Building STRIPS to SAS dictionary... [0.000s CPU, 0.000s wall-clock]
Building dictionary for full mutex groups... [0.000s CPU, 0.000s wall-clock]
Building mutex information...
not in strips_to_sas, left out: Atom bottomcol(c0)
not in strips_to_sas, left out: Atom bottomcol(d0)
not in strips_to_sas, left out: Atom bottomcol(h0)
not in strips_to_sas, left out: Atom bottomcol(s0)
Building mutex information: [0.000s CPU, 0.000s wall-clock]
Translating task...
Processing axioms...
Simplifying axioms... [0.000s CPU, 0.000s wall-clock]
Translator axioms removed by simplifying: 0
Computing negative axioms... [0.000s CPU, 0.000s wall-clock]
Processing axioms: [0.020s CPU, 0.018s wall-clock]
Translating task: [0.440s CPU, 0.427s wall-clock]
3244 effect conditions simplified
0 implied preconditions added
Detecting unreachable propositions...
0 operators removed
0 axioms removed
14 propositions removed
Detecting unreachable propositions: [0.220s CPU, 0.229s wall-clock]
Reordering and filtering variables...
38 of 38 variables necessary.
40 of 66 mutex groups necessary.
7348 of 7348 operators necessary.
0 of 0 axiom rules necessary.
Reordering and filtering variables: [0.070s CPU, 0.064s wall-clock]
Translator variables: 38
Translator derived variables: 0
Translator facts: 160
Translator goal facts: 4
Translator mutex groups: 40
Translator total mutex groups size: 168
Translator operators: 7348
Translator axioms: 0
Translator task size: 60792
Translator peak memory: 80280 KB
Writing output... [0.100s CPU, 0.102s wall-clock]
Done! [1.390s CPU, 1.391s wall-clock]
translate exit code: 0

INFO     Running search (release).
INFO     search stdin: output.sas
INFO     search time limit: 598.53s
INFO     search memory limit: 7000 MB
INFO     search command line string: /user/student.aau.dk/lkar18/downward-projects/downward/experiments/nopo_vs_nasutpo_vs_nelutpo/data/nopo_vs_nasutpo_vs_nelutpo/code-f7902f30c0f47512f07fb7c64cdaf652032f674a_e5e41175/builds/release/bin/downward --search 'astar(merge_and_shrink(op_mutex=op_mutex(use_previous_ops=NeLUTPO, reachability_strategy=goal)))' --internal-plan-file sas_plan < output.sas
[t=3.7665e-05s, 22344 KB] reading input...
[t=0.0304203s, 24744 KB] done reading input!
[t=0.0320032s, 25144 KB] Initializing merge-and-shrink heuristic...
[t=0.0320848s, 25144 KB] Running merge-and-shrink algorithm...
[t=0.0321056s, 25144 KB] Merge strategy options:
[t=0.0321273s, 25144 KB] Type: stateless
[t=0.0321483s, 25144 KB] Merge selector options:
[t=0.0321685s, 25144 KB] Name: score based filtering
[t=0.0321896s, 25144 KB] Merge scoring function:
[t=0.0322098s, 25144 KB] Name: goal relevance
[t=0.0322295s, 25144 KB] Merge scoring function:
[t=0.0322492s, 25144 KB] Name: dfp
[t=0.032269s, 25144 KB] Merge scoring function:
[t=0.0322886s, 25144 KB] Name: total order
[t=0.0323086s, 25144 KB] Atomic transition system order: reverse level
[t=0.0323287s, 25144 KB] Product transition system order: new to old
[t=0.0323488s, 25144 KB] Consider atomic before product transition systems
[t=0.0323691s, 25144 KB] Random seed: -1

[t=0.0323913s, 25144 KB] Options related to size limits and shrinking: 
[t=0.0324123s, 25144 KB] Transition system size limit: 50000
[t=0.0324324s, 25144 KB] Transition system size limit right before merge: 50000
[t=0.0324523s, 25144 KB] Threshold to trigger shrinking right before merge: 1

[t=0.0324744s, 25144 KB] Pruning unreachable states: yes
[t=0.0324949s, 25144 KB] Pruning irrelevant states: yes

[t=0.0325182s, 25144 KB] Label reduction disabled

[t=0.0325421s, 25144 KB] Main loop max time in seconds: inf

[t=0.0325676s, 25144 KB] ===============================================================================
[t=0.0325879s, 25144 KB] WARNING! You did not enable label reduction.
This may drastically reduce the performance of merge-and-shrink!
[t=0.0326088s, 25144 KB] ===============================================================================

[t=0.032638s, 25144 KB] Building atomic transition systems... 
[t=0.0583298s, 75504 KB] M&S algorithm timer: 0.0263209s (after computation of atomic factors)

[t=0.0584313s, 75504 KB] Starting main loop without a time limit.
[t=0.0604743s, 75504 KB] Next pair of indices: (4, 37)
[t=0.0605075s, 75504 KB] M&S algorithm main loop timer: 0.00209864s (after computation of next merge)
[t=0.0611945s, 75736 KB] M&S algorithm main loop timer: 0.00287283s (after merging)
[t=0.0613154s, 75736 KB] M&S algorithm main loop timer: 0.00290708s (after pruning)

[t=0.0613455s, 75736 KB] Operator mutex starting iteration 0
[t=0.0628355s, 75736 KB] In ts_0_0 of size 2 found num new op-mutexes 784
[t=0.0642177s, 75736 KB] In ts_0_1 of size 2 found num new op-mutexes 784
[t=0.0654505s, 75736 KB] In ts_0_2 of size 2 found num new op-mutexes 841
[t=0.0667565s, 75916 KB] In ts_0_3 of size 2 found num new op-mutexes 841
[t=0.068059s, 75916 KB] In ts_0_5 of size 2 found num new op-mutexes 0
[t=0.0693451s, 75916 KB] In ts_0_6 of size 2 found num new op-mutexes 0
[t=0.0706668s, 75916 KB] In ts_0_7 of size 2 found num new op-mutexes 0
[t=0.0729673s, 75916 KB] In ts_0_8 of size 5 found num new op-mutexes 1625
[t=0.0742807s, 75916 KB] In ts_0_9 of size 2 found num new op-mutexes 0
[t=0.0757399s, 75916 KB] In ts_0_10 of size 2 found num new op-mutexes 0
[t=0.0782789s, 75916 KB] In ts_0_11 of size 4 found num new op-mutexes 0
[t=0.079735s, 75916 KB] In ts_0_12 of size 2 found num new op-mutexes 0
[t=0.0835347s, 75916 KB] In ts_0_13 of size 6 found num new op-mutexes 784
[t=0.0848422s, 75916 KB] In ts_0_14 of size 2 found num new op-mutexes 0
[t=0.087096s, 75916 KB] In ts_0_15 of size 4 found num new op-mutexes 0
[t=0.0885409s, 75916 KB] In ts_0_16 of size 2 found num new op-mutexes 0
[t=0.092997s, 75916 KB] In ts_0_17 of size 6 found num new op-mutexes 0
[t=0.0952497s, 75916 KB] In ts_0_18 of size 4 found num new op-mutexes 0
[t=0.0965572s, 75916 KB] In ts_0_19 of size 2 found num new op-mutexes 0
[t=0.0978536s, 75916 KB] In ts_0_20 of size 2 found num new op-mutexes 0
[t=0.100943s, 76100 KB] In ts_0_21 of size 7 found num new op-mutexes 1513
[t=0.102268s, 76100 KB] In ts_0_22 of size 2 found num new op-mutexes 0
[t=0.105196s, 76100 KB] In ts_0_23 of size 7 found num new op-mutexes 1517
[t=0.107926s, 76100 KB] In ts_0_24 of size 6 found num new op-mutexes 1569
[t=0.109237s, 76100 KB] In ts_0_25 of size 2 found num new op-mutexes 0
[t=0.112217s, 76100 KB] In ts_0_26 of size 7 found num new op-mutexes 1681
[t=0.113547s, 76100 KB] In ts_0_27 of size 2 found num new op-mutexes 0
[t=0.1166s, 76460 KB] In ts_0_28 of size 6 found num new op-mutexes 1516
[t=0.117914s, 76460 KB] In ts_0_29 of size 2 found num new op-mutexes 0
[t=0.120832s, 76460 KB] In ts_0_30 of size 7 found num new op-mutexes 2409
[t=0.122155s, 76460 KB] In ts_0_31 of size 2 found num new op-mutexes 0
[t=0.126999s, 76460 KB] In ts_0_32 of size 14 found num new op-mutexes 0
[t=0.131851s, 76460 KB] In ts_0_33 of size 14 found num new op-mutexes 0
[t=0.134324s, 76460 KB] In ts_0_34 of size 5 found num new op-mutexes 0
[t=0.136891s, 76460 KB] In ts_0_35 of size 6 found num new op-mutexes 840
[t=0.139632s, 76460 KB] In ts_0_36 of size 6 found num new op-mutexes 728
[t=0.14226s, 76460 KB] In ts_0_38 of size 6 found num new op-mutexes 840
[t=0.142403s, 76460 KB] Operator mutex finished iteration 0. Found an additional 18272 operator mutexes

[t=0.144843s, 76460 KB] Next pair of indices: (5, 35)
[t=0.144877s, 76460 KB] M&S algorithm main loop timer: 0.0864674s (after computation of next merge)
[t=0.145507s, 76460 KB] M&S algorithm main loop timer: 0.0871841s (after merging)
[t=0.145626s, 76460 KB] M&S algorithm main loop timer: 0.0872167s (after pruning)

[t=0.145655s, 76460 KB] Operator mutex starting iteration 1
[t=0.14702s, 76460 KB] In ts_1_0 of size 2 found num new op-mutexes 0
[t=0.148414s, 76460 KB] In ts_1_1 of size 2 found num new op-mutexes 0
[t=0.149838s, 76460 KB] In ts_1_2 of size 2 found num new op-mutexes 0
[t=0.15123s, 76460 KB] In ts_1_3 of size 2 found num new op-mutexes 0
[t=0.152679s, 76460 KB] In ts_1_6 of size 2 found num new op-mutexes 0
[t=0.154134s, 76460 KB] In ts_1_7 of size 2 found num new op-mutexes 0
[t=0.156617s, 76460 KB] In ts_1_8 of size 5 found num new op-mutexes 0
[t=0.158074s, 76460 KB] In ts_1_9 of size 2 found num new op-mutexes 0
[t=0.159709s, 76460 KB] In ts_1_10 of size 2 found num new op-mutexes 0
[t=0.162424s, 76460 KB] In ts_1_11 of size 4 found num new op-mutexes 0
[t=0.164029s, 76460 KB] In ts_1_12 of size 2 found num new op-mutexes 0
[t=0.168016s, 76460 KB] In ts_1_13 of size 6 found num new op-mutexes 0
[t=0.16951s, 76460 KB] In ts_1_14 of size 2 found num new op-mutexes 0
[t=0.171912s, 76460 KB] In ts_1_15 of size 4 found num new op-mutexes 0
[t=0.17353s, 76460 KB] In ts_1_16 of size 2 found num new op-mutexes 0
[t=0.178185s, 76460 KB] In ts_1_17 of size 6 found num new op-mutexes 0
[t=0.180586s, 76460 KB] In ts_1_18 of size 4 found num new op-mutexes 0
[t=0.18205s, 76460 KB] In ts_1_19 of size 2 found num new op-mutexes 0
[t=0.183503s, 76460 KB] In ts_1_20 of size 2 found num new op-mutexes 0
[t=0.186669s, 76460 KB] In ts_1_21 of size 7 found num new op-mutexes 0
[t=0.188126s, 76460 KB] In ts_1_22 of size 2 found num new op-mutexes 0
[t=0.19126s, 76460 KB] In ts_1_23 of size 7 found num new op-mutexes 0
[t=0.194148s, 76460 KB] In ts_1_24 of size 6 found num new op-mutexes 0
[t=0.19562s, 76460 KB] In ts_1_25 of size 2 found num new op-mutexes 0
[t=0.198724s, 76460 KB] In ts_1_26 of size 7 found num new op-mutexes 0
[t=0.200198s, 76460 KB] In ts_1_27 of size 2 found num new op-mutexes 0
[t=0.203075s, 76460 KB] In ts_1_28 of size 6 found num new op-mutexes 0
[t=0.204534s, 76460 KB] In ts_1_29 of size 2 found num new op-mutexes 0
[t=0.207604s, 76460 KB] In ts_1_30 of size 7 found num new op-mutexes 0
[t=0.209074s, 76460 KB] In ts_1_31 of size 2 found num new op-mutexes 0
[t=0.214046s, 76460 KB] In ts_1_32 of size 14 found num new op-mutexes 0
[t=0.219061s, 76460 KB] In ts_1_33 of size 14 found num new op-mutexes 0
[t=0.221683s, 76460 KB] In ts_1_34 of size 5 found num new op-mutexes 0
[t=0.224554s, 76460 KB] In ts_1_36 of size 6 found num new op-mutexes 0
[t=0.227257s, 76460 KB] In ts_1_38 of size 6 found num new op-mutexes 0
[t=0.229922s, 76460 KB] In ts_1_39 of size 6 found num new op-mutexes 0
[t=0.230065s, 76460 KB] Operator mutex finished iteration 1. Found an additional 0 operator mutexes

[t=0.232326s, 76460 KB] Next pair of indices: (6, 34)
[t=0.23238s, 76460 KB] M&S algorithm main loop timer: 0.173972s (after computation of next merge)
[t=0.232987s, 76460 KB] M&S algorithm main loop timer: 0.174664s (after merging)

[t=0.233106s, 76460 KB] Operator mutex starting iteration 2
[t=0.234385s, 76460 KB] In ts_2_0 of size 2 found num new op-mutexes 0
[t=0.235754s, 76460 KB] In ts_2_1 of size 2 found num new op-mutexes 0
[t=0.237134s, 76460 KB] In ts_2_2 of size 2 found num new op-mutexes 0
[t=0.238494s, 76460 KB] In ts_2_3 of size 2 found num new op-mutexes 0
[t=0.23993s, 76460 KB] In ts_2_7 of size 2 found num new op-mutexes 0
[t=0.242375s, 76460 KB] In ts_2_8 of size 5 found num new op-mutexes 0
[t=0.243685s, 76460 KB] In ts_2_9 of size 2 found num new op-mutexes 0
[t=0.245168s, 76460 KB] In ts_2_10 of size 2 found num new op-mutexes 0
[t=0.247838s, 76460 KB] In ts_2_11 of size 4 found num new op-mutexes 0
[t=0.249429s, 76460 KB] In ts_2_12 of size 2 found num new op-mutexes 0
[t=0.253378s, 76460 KB] In ts_2_13 of size 6 found num new op-mutexes 0
[t=0.25469s, 76460 KB] In ts_2_14 of size 2 found num new op-mutexes 0
[t=0.256937s, 76460 KB] In ts_2_15 of size 4 found num new op-mutexes 0
[t=0.2584s, 76460 KB] In ts_2_16 of size 2 found num new op-mutexes 0
[t=0.262915s, 76460 KB] In ts_2_17 of size 6 found num new op-mutexes 0
[t=0.265175s, 76460 KB] In ts_2_18 of size 4 found num new op-mutexes 0
[t=0.266469s, 76460 KB] In ts_2_19 of size 2 found num new op-mutexes 0
[t=0.267764s, 76460 KB] In ts_2_20 of size 2 found num new op-mutexes 0
[t=0.270787s, 76460 KB] In ts_2_21 of size 7 found num new op-mutexes 0
[t=0.272117s, 76460 KB] In ts_2_22 of size 2 found num new op-mutexes 0
[t=0.275074s, 76460 KB] In ts_2_23 of size 7 found num new op-mutexes 0
[t=0.277796s, 76460 KB] In ts_2_24 of size 6 found num new op-mutexes 0
[t=0.27912s, 76460 KB] In ts_2_25 of size 2 found num new op-mutexes 0
[t=0.282077s, 76460 KB] In ts_2_26 of size 7 found num new op-mutexes 0
[t=0.283523s, 76460 KB] In ts_2_27 of size 2 found num new op-mutexes 0
[t=0.286335s, 76460 KB] In ts_2_28 of size 6 found num new op-mutexes 0
[t=0.287649s, 76460 KB] In ts_2_29 of size 2 found num new op-mutexes 0
[t=0.290579s, 76460 KB] In ts_2_30 of size 7 found num new op-mutexes 0
[t=0.291902s, 76460 KB] In ts_2_31 of size 2 found num new op-mutexes 0
[t=0.296693s, 76460 KB] In ts_2_32 of size 14 found num new op-mutexes 0
[t=0.301538s, 76460 KB] In ts_2_33 of size 14 found num new op-mutexes 0
[t=0.304257s, 76460 KB] In ts_2_36 of size 6 found num new op-mutexes 0
[t=0.306796s, 76460 KB] In ts_2_38 of size 6 found num new op-mutexes 0
[t=0.309443s, 76460 KB] In ts_2_39 of size 6 found num new op-mutexes 0
[t=0.312309s, 76460 KB] In ts_2_40 of size 10 found num new op-mutexes 0
[t=0.312448s, 76460 KB] Operator mutex finished iteration 2. Found an additional 0 operator mutexes

[t=0.314571s, 76460 KB] Next pair of indices: (7, 36)
[t=0.314603s, 76460 KB] M&S algorithm main loop timer: 0.256194s (after computation of next merge)
[t=0.315235s, 76460 KB] M&S algorithm main loop timer: 0.256911s (after merging)
[t=0.315354s, 76460 KB] M&S algorithm main loop timer: 0.256945s (after pruning)

[t=0.315382s, 76460 KB] Operator mutex starting iteration 3
[t=0.316614s, 76460 KB] In ts_3_0 of size 2 found num new op-mutexes 0
[t=0.317918s, 76460 KB] In ts_3_1 of size 2 found num new op-mutexes 0
[t=0.319212s, 76460 KB] In ts_3_2 of size 2 found num new op-mutexes 0
[t=0.320483s, 76460 KB] In ts_3_3 of size 2 found num new op-mutexes 0
[t=0.322834s, 76460 KB] In ts_3_8 of size 5 found num new op-mutexes 0
[t=0.32418s, 76460 KB] In ts_3_9 of size 2 found num new op-mutexes 0
[t=0.325647s, 76460 KB] In ts_3_10 of size 2 found num new op-mutexes 0
[t=0.328251s, 76460 KB] In ts_3_11 of size 4 found num new op-mutexes 0
[t=0.329716s, 76460 KB] In ts_3_12 of size 2 found num new op-mutexes 0
[t=0.333552s, 76460 KB] In ts_3_13 of size 6 found num new op-mutexes 0
[t=0.334885s, 76460 KB] In ts_3_14 of size 2 found num new op-mutexes 0
[t=0.337164s, 76460 KB] In ts_3_15 of size 4 found num new op-mutexes 0
[t=0.338652s, 76460 KB] In ts_3_16 of size 2 found num new op-mutexes 0
[t=0.343177s, 76460 KB] In ts_3_17 of size 6 found num new op-mutexes 0
[t=0.345434s, 76460 KB] In ts_3_18 of size 4 found num new op-mutexes 0
[t=0.346762s, 76460 KB] In ts_3_19 of size 2 found num new op-mutexes 0
[t=0.348109s, 76460 KB] In ts_3_20 of size 2 found num new op-mutexes 0
[t=0.351152s, 76460 KB] In ts_3_21 of size 7 found num new op-mutexes 0
[t=0.352503s, 76460 KB] In ts_3_22 of size 2 found num new op-mutexes 0
[t=0.355511s, 76460 KB] In ts_3_23 of size 7 found num new op-mutexes 0
[t=0.358262s, 76460 KB] In ts_3_24 of size 6 found num new op-mutexes 0
[t=0.35962s, 76460 KB] In ts_3_25 of size 2 found num new op-mutexes 0
[t=0.362587s, 76460 KB] In ts_3_26 of size 7 found num new op-mutexes 0
[t=0.363934s, 76460 KB] In ts_3_27 of size 2 found num new op-mutexes 0
[t=0.366671s, 76460 KB] In ts_3_28 of size 6 found num new op-mutexes 0
[t=0.368029s, 76460 KB] In ts_3_29 of size 2 found num new op-mutexes 0
[t=0.370958s, 76460 KB] In ts_3_30 of size 7 found num new op-mutexes 0
[t=0.372288s, 76460 KB] In ts_3_31 of size 2 found num new op-mutexes 0
[t=0.37713s, 76460 KB] In ts_3_32 of size 14 found num new op-mutexes 0
[t=0.381979s, 76460 KB] In ts_3_33 of size 14 found num new op-mutexes 0
[t=0.384579s, 76460 KB] In ts_3_38 of size 6 found num new op-mutexes 0
[t=0.387086s, 76460 KB] In ts_3_39 of size 6 found num new op-mutexes 0
[t=0.38989s, 76460 KB] In ts_3_40 of size 10 found num new op-mutexes 0
[t=0.392944s, 76460 KB] In ts_3_41 of size 11 found num new op-mutexes 0
[t=0.393096s, 76460 KB] Operator mutex finished iteration 3. Found an additional 0 operator mutexes

[t=0.395178s, 76460 KB] Next pair of indices: (21, 41)
[t=0.39521s, 76460 KB] M&S algorithm main loop timer: 0.336801s (after computation of next merge)
[t=0.395262s, 76460 KB] M&S algorithm main loop timer: 0.336852s (after shrinking)
[t=0.395937s, 76460 KB] M&S algorithm main loop timer: 0.337536s (after merging)
[t=0.395983s, 76460 KB] M&S algorithm main loop timer: 0.337575s (after pruning)

[t=0.396013s, 76460 KB] Operator mutex starting iteration 4
[t=0.397292s, 76460 KB] In ts_4_0 of size 2 found num new op-mutexes 0
[t=0.398571s, 76460 KB] In ts_4_1 of size 2 found num new op-mutexes 0
[t=0.399875s, 76460 KB] In ts_4_2 of size 2 found num new op-mutexes 0
[t=0.401157s, 76460 KB] In ts_4_3 of size 2 found num new op-mutexes 0
[t=0.403539s, 76460 KB] In ts_4_8 of size 5 found num new op-mutexes 0
[t=0.404863s, 76460 KB] In ts_4_9 of size 2 found num new op-mutexes 0
[t=0.406346s, 76460 KB] In ts_4_10 of size 2 found num new op-mutexes 0
[t=0.408958s, 76460 KB] In ts_4_11 of size 4 found num new op-mutexes 0
[t=0.410443s, 76460 KB] In ts_4_12 of size 2 found num new op-mutexes 0
[t=0.414318s, 76460 KB] In ts_4_13 of size 6 found num new op-mutexes 0
[t=0.415659s, 76460 KB] In ts_4_14 of size 2 found num new op-mutexes 0
[t=0.417954s, 76460 KB] In ts_4_15 of size 4 found num new op-mutexes 0
[t=0.419448s, 76460 KB] In ts_4_16 of size 2 found num new op-mutexes 0
[t=0.423982s, 76460 KB] In ts_4_17 of size 6 found num new op-mutexes 0
[t=0.426242s, 76460 KB] In ts_4_18 of size 4 found num new op-mutexes 0
[t=0.427606s, 76460 KB] In ts_4_19 of size 2 found num new op-mutexes 0
[t=0.428944s, 76460 KB] In ts_4_20 of size 2 found num new op-mutexes 0
[t=0.430279s, 76460 KB] In ts_4_22 of size 2 found num new op-mutexes 0
[t=0.433308s, 76460 KB] In ts_4_23 of size 7 found num new op-mutexes 0
[t=0.436093s, 76460 KB] In ts_4_24 of size 6 found num new op-mutexes 0
[t=0.437447s, 76460 KB] In ts_4_25 of size 2 found num new op-mutexes 0
[t=0.440433s, 76460 KB] In ts_4_26 of size 7 found num new op-mutexes 0
[t=0.441775s, 76460 KB] In ts_4_27 of size 2 found num new op-mutexes 0
[t=0.444517s, 76460 KB] In ts_4_28 of size 6 found num new op-mutexes 0
[t=0.445852s, 76460 KB] In ts_4_29 of size 2 found num new op-mutexes 0
[t=0.448862s, 76460 KB] In ts_4_30 of size 7 found num new op-mutexes 0
[t=0.45021s, 76460 KB] In ts_4_31 of size 2 found num new op-mutexes 0
[t=0.455063s, 76460 KB] In ts_4_32 of size 14 found num new op-mutexes 0
[t=0.459956s, 76460 KB] In ts_4_33 of size 14 found num new op-mutexes 0
[t=0.462579s, 76460 KB] In ts_4_38 of size 6 found num new op-mutexes 0
[t=0.465068s, 76460 KB] In ts_4_39 of size 6 found num new op-mutexes 0
[t=0.467911s, 76460 KB] In ts_4_40 of size 10 found num new op-mutexes 0
[t=0.472946s, 76460 KB] In ts_4_42 of size 34 found num new op-mutexes 676
[t=0.473092s, 76460 KB] Operator mutex finished iteration 4. Found an additional 676 operator mutexes

[t=0.475079s, 76460 KB] Next pair of indices: (0, 42)
[t=0.475112s, 76460 KB] M&S algorithm main loop timer: 0.416704s (after computation of next merge)
[t=0.475841s, 76460 KB] M&S algorithm main loop timer: 0.417443s (after merging)

[t=0.475888s, 76460 KB] Operator mutex starting iteration 5
[t=0.477073s, 76460 KB] In ts_5_1 of size 2 found num new op-mutexes 0
[t=0.478352s, 76460 KB] In ts_5_2 of size 2 found num new op-mutexes 0
[t=0.479598s, 76460 KB] In ts_5_3 of size 2 found num new op-mutexes 0
[t=0.4819s, 76460 KB] In ts_5_8 of size 5 found num new op-mutexes 0
[t=0.483218s, 76460 KB] In ts_5_9 of size 2 found num new op-mutexes 0
[t=0.484676s, 76460 KB] In ts_5_10 of size 2 found num new op-mutexes 0
[t=0.487266s, 76460 KB] In ts_5_11 of size 4 found num new op-mutexes 0
[t=0.488741s, 76460 KB] In ts_5_12 of size 2 found num new op-mutexes 0
[t=0.49255s, 76460 KB] In ts_5_13 of size 6 found num new op-mutexes 0
[t=0.493863s, 76460 KB] In ts_5_14 of size 2 found num new op-mutexes 0
[t=0.496137s, 76460 KB] In ts_5_15 of size 4 found num new op-mutexes 0
[t=0.497617s, 76460 KB] In ts_5_16 of size 2 found num new op-mutexes 0
[t=0.50215s, 76460 KB] In ts_5_17 of size 6 found num new op-mutexes 0
[t=0.504408s, 76460 KB] In ts_5_18 of size 4 found num new op-mutexes 0
[t=0.505722s, 76460 KB] In ts_5_19 of size 2 found num new op-mutexes 0
[t=0.507059s, 76460 KB] In ts_5_20 of size 2 found num new op-mutexes 0
[t=0.508362s, 76460 KB] In ts_5_22 of size 2 found num new op-mutexes 0
[t=0.511399s, 76460 KB] In ts_5_23 of size 7 found num new op-mutexes 0
[t=0.514167s, 76460 KB] In ts_5_24 of size 6 found num new op-mutexes 0
[t=0.515491s, 76460 KB] In ts_5_25 of size 2 found num new op-mutexes 0
[t=0.51849s, 76460 KB] In ts_5_26 of size 7 found num new op-mutexes 0
[t=0.519812s, 76460 KB] In ts_5_27 of size 2 found num new op-mutexes 0
[t=0.522539s, 76460 KB] In ts_5_28 of size 6 found num new op-mutexes 0
[t=0.523847s, 76460 KB] In ts_5_29 of size 2 found num new op-mutexes 0
[t=0.526793s, 76460 KB] In ts_5_30 of size 7 found num new op-mutexes 0
[t=0.528112s, 76460 KB] In ts_5_31 of size 2 found num new op-mutexes 0
[t=0.532931s, 76460 KB] In ts_5_32 of size 14 found num new op-mutexes 0
[t=0.537789s, 76460 KB] In ts_5_33 of size 14 found num new op-mutexes 0
[t=0.540403s, 76460 KB] In ts_5_38 of size 6 found num new op-mutexes 0
[t=0.54289s, 76460 KB] In ts_5_39 of size 6 found num new op-mutexes 0
[t=0.545686s, 76460 KB] In ts_5_40 of size 10 found num new op-mutexes 0
[t=0.551216s, 76460 KB] In ts_5_43 of size 68 found num new op-mutexes 0
[t=0.551367s, 76460 KB] Operator mutex finished iteration 5. Found an additional 0 operator mutexes

[t=0.553352s, 76460 KB] Next pair of indices: (2, 43)
[t=0.553396s, 76460 KB] M&S algorithm main loop timer: 0.494988s (after computation of next merge)
[t=0.554229s, 76460 KB] M&S algorithm main loop timer: 0.495833s (after merging)

[t=0.554283s, 76460 KB] Operator mutex starting iteration 6
[t=0.555474s, 76460 KB] In ts_6_1 of size 2 found num new op-mutexes 0
[t=0.556757s, 76460 KB] In ts_6_3 of size 2 found num new op-mutexes 0
[t=0.559158s, 76460 KB] In ts_6_8 of size 5 found num new op-mutexes 0
[t=0.56049s, 76460 KB] In ts_6_9 of size 2 found num new op-mutexes 0
[t=0.561994s, 76460 KB] In ts_6_10 of size 2 found num new op-mutexes 0
[t=0.564563s, 76460 KB] In ts_6_11 of size 4 found num new op-mutexes 0
[t=0.566101s, 76460 KB] In ts_6_12 of size 2 found num new op-mutexes 0
[t=0.569944s, 76460 KB] In ts_6_13 of size 6 found num new op-mutexes 0
[t=0.571266s, 76460 KB] In ts_6_14 of size 2 found num new op-mutexes 0
[t=0.573554s, 76460 KB] In ts_6_15 of size 4 found num new op-mutexes 0
[t=0.575055s, 76460 KB] In ts_6_16 of size 2 found num new op-mutexes 0
[t=0.579614s, 76460 KB] In ts_6_17 of size 6 found num new op-mutexes 0
[t=0.581909s, 76460 KB] In ts_6_18 of size 4 found num new op-mutexes 0
[t=0.583239s, 76460 KB] In ts_6_19 of size 2 found num new op-mutexes 0
[t=0.584575s, 76460 KB] In ts_6_20 of size 2 found num new op-mutexes 0
[t=0.585949s, 76460 KB] In ts_6_22 of size 2 found num new op-mutexes 0
[t=0.588977s, 76460 KB] In ts_6_23 of size 7 found num new op-mutexes 0
[t=0.591749s, 76460 KB] In ts_6_24 of size 6 found num new op-mutexes 0
[t=0.593097s, 76460 KB] In ts_6_25 of size 2 found num new op-mutexes 0
[t=0.596127s, 76460 KB] In ts_6_26 of size 7 found num new op-mutexes 0
[t=0.597478s, 76460 KB] In ts_6_27 of size 2 found num new op-mutexes 0
[t=0.600232s, 76460 KB] In ts_6_28 of size 6 found num new op-mutexes 0
[t=0.601583s, 76460 KB] In ts_6_29 of size 2 found num new op-mutexes 0
[t=0.604543s, 76460 KB] In ts_6_30 of size 7 found num new op-mutexes 0
[t=0.605906s, 76460 KB] In ts_6_31 of size 2 found num new op-mutexes 0
[t=0.610759s, 76460 KB] In ts_6_32 of size 14 found num new op-mutexes 0
[t=0.615635s, 76460 KB] In ts_6_33 of size 14 found num new op-mutexes 0
[t=0.618252s, 76460 KB] In ts_6_38 of size 6 found num new op-mutexes 0
[t=0.620767s, 76460 KB] In ts_6_39 of size 6 found num new op-mutexes 0
[t=0.623591s, 76460 KB] In ts_6_40 of size 10 found num new op-mutexes 0
[t=0.630787s, 76460 KB] In ts_6_44 of size 136 found num new op-mutexes 0
[t=0.630954s, 76460 KB] Operator mutex finished iteration 6. Found an additional 0 operator mutexes

[t=0.632963s, 76460 KB] Next pair of indices: (8, 44)
[t=0.633001s, 76460 KB] M&S algorithm main loop timer: 0.574594s (after computation of next merge)
[t=0.634146s, 76460 KB] M&S algorithm main loop timer: 0.575766s (after merging)
[t=0.634272s, 76460 KB] M&S algorithm main loop timer: 0.57587s (after pruning)

[t=0.634309s, 76460 KB] Operator mutex starting iteration 7
[t=0.635588s, 76460 KB] In ts_7_1 of size 2 found num new op-mutexes 0
[t=0.636912s, 76460 KB] In ts_7_3 of size 2 found num new op-mutexes 0
[t=0.638308s, 76460 KB] In ts_7_9 of size 2 found num new op-mutexes 0
[t=0.639874s, 76460 KB] In ts_7_10 of size 2 found num new op-mutexes 0
[t=0.642593s, 76460 KB] In ts_7_11 of size 4 found num new op-mutexes 0
[t=0.644112s, 76460 KB] In ts_7_12 of size 2 found num new op-mutexes 0
[t=0.648316s, 76460 KB] In ts_7_13 of size 6 found num new op-mutexes 0
[t=0.649687s, 76460 KB] In ts_7_14 of size 2 found num new op-mutexes 0
[t=0.651988s, 76460 KB] In ts_7_15 of size 4 found num new op-mutexes 0
[t=0.653512s, 76460 KB] In ts_7_16 of size 2 found num new op-mutexes 0
[t=0.658206s, 76460 KB] In ts_7_17 of size 6 found num new op-mutexes 0
[t=0.660496s, 76460 KB] In ts_7_18 of size 4 found num new op-mutexes 0
[t=0.661846s, 76460 KB] In ts_7_19 of size 2 found num new op-mutexes 0
[t=0.663196s, 76460 KB] In ts_7_20 of size 2 found num new op-mutexes 0
[t=0.664545s, 76460 KB] In ts_7_22 of size 2 found num new op-mutexes 0
[t=0.667612s, 76460 KB] In ts_7_23 of size 7 found num new op-mutexes 0
[t=0.671548s, 76460 KB] In ts_7_24 of size 6 found num new op-mutexes 0
[t=0.673284s, 76460 KB] In ts_7_25 of size 2 found num new op-mutexes 0
[t=0.676328s, 76460 KB] In ts_7_26 of size 7 found num new op-mutexes 0
[t=0.677671s, 76460 KB] In ts_7_27 of size 2 found num new op-mutexes 0
[t=0.680447s, 76460 KB] In ts_7_28 of size 6 found num new op-mutexes 0
[t=0.681809s, 76460 KB] In ts_7_29 of size 2 found num new op-mutexes 0
[t=0.685483s, 76460 KB] In ts_7_30 of size 7 found num new op-mutexes 0
[t=0.687907s, 76460 KB] In ts_7_31 of size 2 found num new op-mutexes 0
[t=0.692837s, 76460 KB] In ts_7_32 of size 14 found num new op-mutexes 0
[t=0.697851s, 76460 KB] In ts_7_33 of size 14 found num new op-mutexes 0
[t=0.701034s, 76460 KB] In ts_7_38 of size 6 found num new op-mutexes 0
[t=0.703553s, 76460 KB] In ts_7_39 of size 6 found num new op-mutexes 0
[t=0.706407s, 76460 KB] In ts_7_40 of size 10 found num new op-mutexes 0
[t=0.714817s, 76460 KB] In ts_7_45 of size 330 found num new op-mutexes 0
[t=0.714972s, 76460 KB] Operator mutex finished iteration 7. Found an additional 0 operator mutexes

[t=0.716816s, 76460 KB] Next pair of indices: (9, 45)
[t=0.71685s, 76460 KB] M&S algorithm main loop timer: 0.658441s (after computation of next merge)
[t=0.717418s, 76460 KB] M&S algorithm main loop timer: 0.659028s (after shrinking)
[t=0.718441s, 76460 KB] M&S algorithm main loop timer: 0.660057s (after merging)
[t=0.718603s, 76460 KB] M&S algorithm main loop timer: 0.660202s (after pruning)

[t=0.718641s, 76460 KB] Operator mutex starting iteration 8
[t=0.719848s, 76460 KB] In ts_8_1 of size 2 found num new op-mutexes 0
[t=0.721143s, 76460 KB] In ts_8_3 of size 2 found num new op-mutexes 0
[t=0.722645s, 76460 KB] In ts_8_10 of size 2 found num new op-mutexes 0
[t=0.725301s, 76460 KB] In ts_8_11 of size 4 found num new op-mutexes 0
[t=0.7268s, 76460 KB] In ts_8_12 of size 2 found num new op-mutexes 0
[t=0.730671s, 76460 KB] In ts_8_13 of size 6 found num new op-mutexes 0
[t=0.732034s, 76460 KB] In ts_8_14 of size 2 found num new op-mutexes 0
[t=0.734348s, 76460 KB] In ts_8_15 of size 4 found num new op-mutexes 0
[t=0.735862s, 76460 KB] In ts_8_16 of size 2 found num new op-mutexes 0
[t=0.740427s, 76460 KB] In ts_8_17 of size 6 found num new op-mutexes 0
[t=0.742698s, 76460 KB] In ts_8_18 of size 4 found num new op-mutexes 0
[t=0.74406s, 76460 KB] In ts_8_19 of size 2 found num new op-mutexes 0
[t=0.745428s, 76460 KB] In ts_8_20 of size 2 found num new op-mutexes 0
[t=0.746773s, 76460 KB] In ts_8_22 of size 2 found num new op-mutexes 0
[t=0.749873s, 76460 KB] In ts_8_23 of size 7 found num new op-mutexes 0
[t=0.752691s, 76460 KB] In ts_8_24 of size 6 found num new op-mutexes 0
[t=0.754064s, 76460 KB] In ts_8_25 of size 2 found num new op-mutexes 0
[t=0.757124s, 76460 KB] In ts_8_26 of size 7 found num new op-mutexes 0
[t=0.758477s, 76460 KB] In ts_8_27 of size 2 found num new op-mutexes 0
[t=0.76127s, 76460 KB] In ts_8_28 of size 6 found num new op-mutexes 0
[t=0.762629s, 76460 KB] In ts_8_29 of size 2 found num new op-mutexes 0
[t=0.765649s, 76460 KB] In ts_8_30 of size 7 found num new op-mutexes 0
[t=0.767009s, 76460 KB] In ts_8_31 of size 2 found num new op-mutexes 0
[t=0.771867s, 76460 KB] In ts_8_32 of size 14 found num new op-mutexes 0
[t=0.776785s, 76460 KB] In ts_8_33 of size 14 found num new op-mutexes 0
[t=0.779402s, 76460 KB] In ts_8_38 of size 6 found num new op-mutexes 0
[t=0.781935s, 76460 KB] In ts_8_39 of size 6 found num new op-mutexes 0
[t=0.784799s, 76460 KB] In ts_8_40 of size 10 found num new op-mutexes 0
[t=0.801287s, 76460 KB] In ts_8_46 of size 562 found num new op-mutexes 0
[t=0.801476s, 76460 KB] Operator mutex finished iteration 8. Found an additional 0 operator mutexes

[t=0.80345s, 76460 KB] Next pair of indices: (10, 46)
[t=0.803489s, 76460 KB] M&S algorithm main loop timer: 0.745082s (after computation of next merge)
[t=0.80456s, 76460 KB] M&S algorithm main loop timer: 0.746184s (after shrinking)
[t=0.805902s, 76460 KB] M&S algorithm main loop timer: 0.747537s (after merging)

[t=0.806028s, 76460 KB] Operator mutex starting iteration 9
[t=0.807271s, 76460 KB] In ts_9_1 of size 2 found num new op-mutexes 0
[t=0.808569s, 76460 KB] In ts_9_3 of size 2 found num new op-mutexes 0
[t=0.811394s, 76460 KB] In ts_9_11 of size 4 found num new op-mutexes 0
[t=0.812958s, 76460 KB] In ts_9_12 of size 2 found num new op-mutexes 0
[t=0.817156s, 76460 KB] In ts_9_13 of size 6 found num new op-mutexes 0
[t=0.818874s, 76460 KB] In ts_9_14 of size 2 found num new op-mutexes 0
[t=0.821315s, 76460 KB] In ts_9_15 of size 4 found num new op-mutexes 0
[t=0.822824s, 76460 KB] In ts_9_16 of size 2 found num new op-mutexes 0
[t=0.827431s, 76460 KB] In ts_9_17 of size 6 found num new op-mutexes 0
[t=0.829737s, 76460 KB] In ts_9_18 of size 4 found num new op-mutexes 0
[t=0.831098s, 76460 KB] In ts_9_19 of size 2 found num new op-mutexes 0
[t=0.832465s, 76460 KB] In ts_9_20 of size 2 found num new op-mutexes 0
[t=0.833835s, 76460 KB] In ts_9_22 of size 2 found num new op-mutexes 0
[t=0.836942s, 76460 KB] In ts_9_23 of size 7 found num new op-mutexes 0
[t=0.839768s, 76460 KB] In ts_9_24 of size 6 found num new op-mutexes 0
[t=0.841121s, 76460 KB] In ts_9_25 of size 2 found num new op-mutexes 0
[t=0.844202s, 76460 KB] In ts_9_26 of size 7 found num new op-mutexes 0
[t=0.845559s, 76460 KB] In ts_9_27 of size 2 found num new op-mutexes 0
[t=0.848353s, 76460 KB] In ts_9_28 of size 6 found num new op-mutexes 0
[t=0.849711s, 76460 KB] In ts_9_29 of size 2 found num new op-mutexes 0
[t=0.852698s, 76460 KB] In ts_9_30 of size 7 found num new op-mutexes 0
[t=0.854087s, 76460 KB] In ts_9_31 of size 2 found num new op-mutexes 0
[t=0.858961s, 76460 KB] In ts_9_32 of size 14 found num new op-mutexes 0
[t=0.863908s, 76460 KB] In ts_9_33 of size 14 found num new op-mutexes 0
[t=0.866534s, 76460 KB] In ts_9_38 of size 6 found num new op-mutexes 0
[t=0.869054s, 76460 KB] In ts_9_39 of size 6 found num new op-mutexes 0
[t=0.871907s, 76460 KB] In ts_9_40 of size 10 found num new op-mutexes 0
[t=0.884526s, 76460 KB] In ts_9_47 of size 892 found num new op-mutexes 0
[t=0.884698s, 76460 KB] Operator mutex finished iteration 9. Found an additional 0 operator mutexes

[t=0.88644s, 76460 KB] Next pair of indices: (11, 47)
[t=0.886472s, 76460 KB] M&S algorithm main loop timer: 0.828064s (after computation of next merge)
[t=0.890445s, 76460 KB] M&S algorithm main loop timer: 0.832054s (after merging)
[t=0.890838s, 76460 KB] M&S algorithm main loop timer: 0.832446s (after pruning)

[t=0.890885s, 76460 KB] Operator mutex starting iteration 10
[t=0.892098s, 76460 KB] In ts_10_1 of size 2 found num new op-mutexes 0
[t=0.893427s, 76460 KB] In ts_10_3 of size 2 found num new op-mutexes 0
[t=0.89495s, 76460 KB] In ts_10_12 of size 2 found num new op-mutexes 0
[t=0.898861s, 76460 KB] In ts_10_13 of size 6 found num new op-mutexes 0
[t=0.900255s, 76460 KB] In ts_10_14 of size 2 found num new op-mutexes 0
[t=0.902583s, 76460 KB] In ts_10_15 of size 4 found num new op-mutexes 0
[t=0.904124s, 76460 KB] In ts_10_16 of size 2 found num new op-mutexes 0
[t=0.908734s, 76460 KB] In ts_10_17 of size 6 found num new op-mutexes 0
[t=0.911052s, 76460 KB] In ts_10_18 of size 4 found num new op-mutexes 0
[t=0.912425s, 76460 KB] In ts_10_19 of size 2 found num new op-mutexes 0
[t=0.913817s, 76460 KB] In ts_10_20 of size 2 found num new op-mutexes 0
[t=0.915586s, 76460 KB] In ts_10_22 of size 2 found num new op-mutexes 0
[t=0.91876s, 76460 KB] In ts_10_23 of size 7 found num new op-mutexes 0
[t=0.92157s, 76460 KB] In ts_10_24 of size 6 found num new op-mutexes 0
[t=0.92298s, 76460 KB] In ts_10_25 of size 2 found num new op-mutexes 0
[t=0.926042s, 76460 KB] In ts_10_26 of size 7 found num new op-mutexes 0
[t=0.927427s, 76460 KB] In ts_10_27 of size 2 found num new op-mutexes 0
[t=0.930241s, 76460 KB] In ts_10_28 of size 6 found num new op-mutexes 0
[t=0.931611s, 76460 KB] In ts_10_29 of size 2 found num new op-mutexes 0
[t=0.934641s, 76460 KB] In ts_10_30 of size 7 found num new op-mutexes 0
[t=0.936017s, 76460 KB] In ts_10_31 of size 2 found num new op-mutexes 0
[t=0.940919s, 76460 KB] In ts_10_32 of size 14 found num new op-mutexes 0
[t=0.945896s, 76460 KB] In ts_10_33 of size 14 found num new op-mutexes 0
[t=0.94861s, 76460 KB] In ts_10_38 of size 6 found num new op-mutexes 0
[t=0.95118s, 76460 KB] In ts_10_39 of size 6 found num new op-mutexes 0
[t=0.95408s, 76460 KB] In ts_10_40 of size 10 found num new op-mutexes 0
[t=0.969318s, 76460 KB] In ts_10_48 of size 1115 found num new op-mutexes 784
[t=0.96951s, 76460 KB] Operator mutex finished iteration 10. Found an additional 784 operator mutexes

[t=0.971242s, 76460 KB] Next pair of indices: (13, 48)
[t=0.971275s, 76460 KB] M&S algorithm main loop timer: 0.912866s (after computation of next merge)
[t=0.973809s, 76460 KB] M&S algorithm main loop timer: 0.915471s (after shrinking)
[t=0.979991s, 76460 KB] M&S algorithm main loop timer: 0.921601s (after merging)
[t=0.981483s, 76460 KB] M&S algorithm main loop timer: 0.923125s (after pruning)

[t=0.981565s, 76460 KB] Operator mutex starting iteration 11
[t=0.98284s, 76460 KB] In ts_11_1 of size 2 found num new op-mutexes 0
[t=0.984168s, 76460 KB] In ts_11_3 of size 2 found num new op-mutexes 0
[t=0.985716s, 76460 KB] In ts_11_12 of size 2 found num new op-mutexes 0
[t=0.987092s, 76460 KB] In ts_11_14 of size 2 found num new op-mutexes 0
[t=0.989422s, 76460 KB] In ts_11_15 of size 4 found num new op-mutexes 0
[t=0.990965s, 76460 KB] In ts_11_16 of size 2 found num new op-mutexes 0
[t=0.995605s, 76460 KB] In ts_11_17 of size 6 found num new op-mutexes 0
[t=0.997946s, 76460 KB] In ts_11_18 of size 4 found num new op-mutexes 0
[t=0.999328s, 76460 KB] In ts_11_19 of size 2 found num new op-mutexes 0
[t=1.00073s, 76460 KB] In ts_11_20 of size 2 found num new op-mutexes 0
[t=1.00214s, 76460 KB] In ts_11_22 of size 2 found num new op-mutexes 0
[t=1.0053s, 76460 KB] In ts_11_23 of size 7 found num new op-mutexes 0
[t=1.00814s, 76460 KB] In ts_11_24 of size 6 found num new op-mutexes 0
[t=1.00954s, 76460 KB] In ts_11_25 of size 2 found num new op-mutexes 0
[t=1.01265s, 76460 KB] In ts_11_26 of size 7 found num new op-mutexes 0
[t=1.01405s, 76460 KB] In ts_11_27 of size 2 found num new op-mutexes 0
[t=1.01685s, 76460 KB] In ts_11_28 of size 6 found num new op-mutexes 0
[t=1.0185s, 76460 KB] In ts_11_29 of size 2 found num new op-mutexes 0
[t=1.02154s, 76460 KB] In ts_11_30 of size 7 found num new op-mutexes 0
[t=1.02296s, 76460 KB] In ts_11_31 of size 2 found num new op-mutexes 0
[t=1.02787s, 76460 KB] In ts_11_32 of size 14 found num new op-mutexes 0
[t=1.03285s, 76460 KB] In ts_11_33 of size 14 found num new op-mutexes 0
[t=1.03556s, 76460 KB] In ts_11_38 of size 6 found num new op-mutexes 0
[t=1.03814s, 76460 KB] In ts_11_39 of size 6 found num new op-mutexes 0
[t=1.041s, 76460 KB] In ts_11_40 of size 10 found num new op-mutexes 0
[t=1.07567s, 76460 KB] In ts_11_49 of size 4325 found num new op-mutexes 0
[t=1.07593s, 76460 KB] Operator mutex finished iteration 11. Found an additional 0 operator mutexes

[t=1.07772s, 76460 KB] Next pair of indices: (1, 49)
[t=1.07776s, 76460 KB] M&S algorithm main loop timer: 1.01935s (after computation of next merge)
[t=1.09103s, 76460 KB] M&S algorithm main loop timer: 1.03273s (after shrinking)
[t=1.09982s, 76460 KB] M&S algorithm main loop timer: 1.04145s (after merging)
[t=1.10128s, 76460 KB] M&S algorithm main loop timer: 1.04288s (after pruning)

[t=1.10132s, 76460 KB] Operator mutex starting iteration 12
[t=1.10262s, 76460 KB] In ts_12_3 of size 2 found num new op-mutexes 0
[t=1.10412s, 76460 KB] In ts_12_12 of size 2 found num new op-mutexes 0
[t=1.1055s, 76460 KB] In ts_12_14 of size 2 found num new op-mutexes 0
[t=1.10781s, 76460 KB] In ts_12_15 of size 4 found num new op-mutexes 0
[t=1.10934s, 76460 KB] In ts_12_16 of size 2 found num new op-mutexes 0
[t=1.11401s, 76460 KB] In ts_12_17 of size 6 found num new op-mutexes 0
[t=1.11635s, 76460 KB] In ts_12_18 of size 4 found num new op-mutexes 0
[t=1.11772s, 76460 KB] In ts_12_19 of size 2 found num new op-mutexes 0
[t=1.11934s, 76460 KB] In ts_12_20 of size 2 found num new op-mutexes 0
[t=1.12117s, 76460 KB] In ts_12_22 of size 2 found num new op-mutexes 0
[t=1.12438s, 76460 KB] In ts_12_23 of size 7 found num new op-mutexes 0
[t=1.12723s, 76460 KB] In ts_12_24 of size 6 found num new op-mutexes 0
[t=1.1286s, 76460 KB] In ts_12_25 of size 2 found num new op-mutexes 0
[t=1.13169s, 76460 KB] In ts_12_26 of size 7 found num new op-mutexes 0
[t=1.13308s, 76460 KB] In ts_12_27 of size 2 found num new op-mutexes 0
[t=1.13588s, 76460 KB] In ts_12_28 of size 6 found num new op-mutexes 0
[t=1.13725s, 76460 KB] In ts_12_29 of size 2 found num new op-mutexes 0
[t=1.14028s, 76460 KB] In ts_12_30 of size 7 found num new op-mutexes 0
[t=1.14169s, 76460 KB] In ts_12_31 of size 2 found num new op-mutexes 0
[t=1.14659s, 76460 KB] In ts_12_32 of size 14 found num new op-mutexes 0
[t=1.15153s, 76460 KB] In ts_12_33 of size 14 found num new op-mutexes 0
[t=1.15424s, 76460 KB] In ts_12_38 of size 6 found num new op-mutexes 0
[t=1.1568s, 76460 KB] In ts_12_39 of size 6 found num new op-mutexes 0
[t=1.15963s, 76460 KB] In ts_12_40 of size 10 found num new op-mutexes 0
[t=1.19435s, 76460 KB] In ts_12_50 of size 4225 found num new op-mutexes 0
[t=1.19461s, 76460 KB] Operator mutex finished iteration 12. Found an additional 0 operator mutexes

[t=1.19634s, 76460 KB] Next pair of indices: (12, 50)
[t=1.19639s, 76460 KB] M&S algorithm main loop timer: 1.13798s (after computation of next merge)
[t=1.21064s, 76460 KB] M&S algorithm main loop timer: 1.15229s (after merging)
[t=1.21208s, 76460 KB] M&S algorithm main loop timer: 1.15369s (after pruning)

[t=1.21213s, 76460 KB] Operator mutex starting iteration 13
[t=1.21343s, 76460 KB] In ts_13_3 of size 2 found num new op-mutexes 0
[t=1.21479s, 76460 KB] In ts_13_14 of size 2 found num new op-mutexes 0
[t=1.21712s, 76460 KB] In ts_13_15 of size 4 found num new op-mutexes 0
[t=1.21863s, 76460 KB] In ts_13_16 of size 2 found num new op-mutexes 0
[t=1.22328s, 76460 KB] In ts_13_17 of size 6 found num new op-mutexes 0
[t=1.22562s, 76460 KB] In ts_13_18 of size 4 found num new op-mutexes 0
[t=1.22698s, 76460 KB] In ts_13_19 of size 2 found num new op-mutexes 0
[t=1.22833s, 76460 KB] In ts_13_20 of size 2 found num new op-mutexes 0
[t=1.2297s, 76460 KB] In ts_13_22 of size 2 found num new op-mutexes 0
[t=1.23283s, 76460 KB] In ts_13_23 of size 7 found num new op-mutexes 0
[t=1.23567s, 76460 KB] In ts_13_24 of size 6 found num new op-mutexes 0
[t=1.23707s, 76460 KB] In ts_13_25 of size 2 found num new op-mutexes 0
[t=1.24016s, 76460 KB] In ts_13_26 of size 7 found num new op-mutexes 0
[t=1.24155s, 76460 KB] In ts_13_27 of size 2 found num new op-mutexes 0
[t=1.24436s, 76460 KB] In ts_13_28 of size 6 found num new op-mutexes 0
[t=1.24572s, 76460 KB] In ts_13_29 of size 2 found num new op-mutexes 0
[t=1.24873s, 76460 KB] In ts_13_30 of size 7 found num new op-mutexes 0
[t=1.2501s, 76460 KB] In ts_13_31 of size 2 found num new op-mutexes 0
[t=1.25499s, 76460 KB] In ts_13_32 of size 14 found num new op-mutexes 0
[t=1.25989s, 76460 KB] In ts_13_33 of size 14 found num new op-mutexes 0
[t=1.26257s, 76460 KB] In ts_13_38 of size 6 found num new op-mutexes 0
[t=1.26515s, 76460 KB] In ts_13_39 of size 6 found num new op-mutexes 0
[t=1.26801s, 76460 KB] In ts_13_40 of size 10 found num new op-mutexes 0
[t=1.30082s, 76460 KB] In ts_13_51 of size 4225 found num new op-mutexes 0
[t=1.30108s, 76460 KB] Operator mutex finished iteration 13. Found an additional 0 operator mutexes

[t=1.30271s, 76460 KB] Next pair of indices: (14, 51)
[t=1.30274s, 76460 KB] M&S algorithm main loop timer: 1.24433s (after computation of next merge)
[t=1.31857s, 76460 KB] M&S algorithm main loop timer: 1.26021s (after merging)

[t=1.31914s, 76460 KB] Operator mutex starting iteration 14
[t=1.32042s, 76460 KB] In ts_14_3 of size 2 found num new op-mutexes 0
[t=1.32322s, 76460 KB] In ts_14_15 of size 4 found num new op-mutexes 0
[t=1.32474s, 76460 KB] In ts_14_16 of size 2 found num new op-mutexes 0
[t=1.32937s, 76460 KB] In ts_14_17 of size 6 found num new op-mutexes 0
[t=1.33173s, 76460 KB] In ts_14_18 of size 4 found num new op-mutexes 0
[t=1.33309s, 76460 KB] In ts_14_19 of size 2 found num new op-mutexes 0
[t=1.33444s, 76460 KB] In ts_14_20 of size 2 found num new op-mutexes 0
[t=1.3358s, 76460 KB] In ts_14_22 of size 2 found num new op-mutexes 0
[t=1.33892s, 76460 KB] In ts_14_23 of size 7 found num new op-mutexes 0
[t=1.34176s, 76460 KB] In ts_14_24 of size 6 found num new op-mutexes 0
[t=1.34314s, 76460 KB] In ts_14_25 of size 2 found num new op-mutexes 0
[t=1.34619s, 76460 KB] In ts_14_26 of size 7 found num new op-mutexes 0
[t=1.34755s, 76460 KB] In ts_14_27 of size 2 found num new op-mutexes 0
[t=1.35035s, 76460 KB] In ts_14_28 of size 6 found num new op-mutexes 0
[t=1.35174s, 76460 KB] In ts_14_29 of size 2 found num new op-mutexes 0
[t=1.35474s, 76460 KB] In ts_14_30 of size 7 found num new op-mutexes 0
[t=1.35612s, 76460 KB] In ts_14_31 of size 2 found num new op-mutexes 0
[t=1.36101s, 76460 KB] In ts_14_32 of size 14 found num new op-mutexes 0
[t=1.36594s, 76460 KB] In ts_14_33 of size 14 found num new op-mutexes 0
[t=1.36862s, 76460 KB] In ts_14_38 of size 6 found num new op-mutexes 0
[t=1.37121s, 76460 KB] In ts_14_39 of size 6 found num new op-mutexes 0
[t=1.37408s, 76460 KB] In ts_14_40 of size 10 found num new op-mutexes 0
[t=1.37482s, 76460 KB] Operator mutex finished iteration 14. Found an additional 0 operator mutexes

[t=1.37632s, 76460 KB] Next pair of indices: (15, 52)
[t=1.37635s, 76460 KB] M&S algorithm main loop timer: 1.31794s (after computation of next merge)
[t=1.4323s, 76460 KB] M&S algorithm main loop timer: 1.37396s (after merging)
[t=1.44278s, 76460 KB] M&S algorithm main loop timer: 1.38442s (after pruning)

[t=1.44286s, 76460 KB] Operator mutex starting iteration 15
[t=1.44413s, 76460 KB] In ts_15_3 of size 2 found num new op-mutexes 0
[t=1.44567s, 76460 KB] In ts_15_16 of size 2 found num new op-mutexes 0
[t=1.45034s, 76460 KB] In ts_15_17 of size 6 found num new op-mutexes 0
[t=1.45268s, 76460 KB] In ts_15_18 of size 4 found num new op-mutexes 0
[t=1.45403s, 76460 KB] In ts_15_19 of size 2 found num new op-mutexes 0
[t=1.4554s, 76460 KB] In ts_15_20 of size 2 found num new op-mutexes 0
[t=1.45676s, 76460 KB] In ts_15_22 of size 2 found num new op-mutexes 0
[t=1.45998s, 76460 KB] In ts_15_23 of size 7 found num new op-mutexes 0
[t=1.46285s, 76460 KB] In ts_15_24 of size 6 found num new op-mutexes 0
[t=1.46425s, 76460 KB] In ts_15_25 of size 2 found num new op-mutexes 0
[t=1.46734s, 76460 KB] In ts_15_26 of size 7 found num new op-mutexes 0
[t=1.46871s, 76460 KB] In ts_15_27 of size 2 found num new op-mutexes 0
[t=1.47155s, 76460 KB] In ts_15_28 of size 6 found num new op-mutexes 0
[t=1.47294s, 76460 KB] In ts_15_29 of size 2 found num new op-mutexes 0
[t=1.47599s, 76460 KB] In ts_15_30 of size 7 found num new op-mutexes 0
[t=1.47737s, 76460 KB] In ts_15_31 of size 2 found num new op-mutexes 0
[t=1.4823s, 76460 KB] In ts_15_32 of size 14 found num new op-mutexes 0
[t=1.48725s, 76460 KB] In ts_15_33 of size 14 found num new op-mutexes 0
[t=1.48995s, 76460 KB] In ts_15_38 of size 6 found num new op-mutexes 0
[t=1.49252s, 76460 KB] In ts_15_39 of size 6 found num new op-mutexes 0
[t=1.49539s, 76460 KB] In ts_15_40 of size 10 found num new op-mutexes 0
[t=1.49684s, 76460 KB] Operator mutex finished iteration 15. Found an additional 0 operator mutexes

[t=1.49856s, 76460 KB] Next pair of indices: (3, 53)
[t=1.49859s, 76460 KB] M&S algorithm main loop timer: 1.44018s (after computation of next merge)
[t=1.58886s, 76460 KB] M&S algorithm main loop timer: 1.53055s (after shrinking)
[t=1.64755s, 76460 KB] M&S algorithm main loop timer: 1.58922s (after merging)

[t=1.64982s, 76460 KB] Operator mutex starting iteration 16
[t=1.65132s, 76460 KB] In ts_16_16 of size 2 found num new op-mutexes 0
[t=1.65598s, 76460 KB] In ts_16_17 of size 6 found num new op-mutexes 0
[t=1.65833s, 76460 KB] In ts_16_18 of size 4 found num new op-mutexes 0
[t=1.65974s, 76460 KB] In ts_16_19 of size 2 found num new op-mutexes 0
[t=1.66109s, 76460 KB] In ts_16_20 of size 2 found num new op-mutexes 0
[t=1.66245s, 76460 KB] In ts_16_22 of size 2 found num new op-mutexes 0
[t=1.66559s, 76460 KB] In ts_16_23 of size 7 found num new op-mutexes 0
[t=1.66845s, 76460 KB] In ts_16_24 of size 6 found num new op-mutexes 0
[t=1.66985s, 76460 KB] In ts_16_25 of size 2 found num new op-mutexes 0
[t=1.67293s, 76460 KB] In ts_16_26 of size 7 found num new op-mutexes 0
[t=1.67431s, 76460 KB] In ts_16_27 of size 2 found num new op-mutexes 0
[t=1.67709s, 76460 KB] In ts_16_28 of size 6 found num new op-mutexes 0
[t=1.67849s, 76460 KB] In ts_16_29 of size 2 found num new op-mutexes 0
[t=1.6815s, 76460 KB] In ts_16_30 of size 7 found num new op-mutexes 0
[t=1.68289s, 76460 KB] In ts_16_31 of size 2 found num new op-mutexes 0
[t=1.68776s, 76460 KB] In ts_16_32 of size 14 found num new op-mutexes 0
[t=1.69266s, 76460 KB] In ts_16_33 of size 14 found num new op-mutexes 0
[t=1.69534s, 76460 KB] In ts_16_38 of size 6 found num new op-mutexes 0
[t=1.69789s, 76460 KB] In ts_16_39 of size 6 found num new op-mutexes 0
[t=1.70076s, 76460 KB] In ts_16_40 of size 10 found num new op-mutexes 0
[t=1.70306s, 76460 KB] Operator mutex finished iteration 16. Found an additional 0 operator mutexes

[t=1.70509s, 76460 KB] Next pair of indices: (16, 54)
[t=1.70512s, 76460 KB] M&S algorithm main loop timer: 1.64671s (after computation of next merge)
[t=1.80718s, 76460 KB] M&S algorithm main loop timer: 1.74884s (after shrinking)
[t=1.85403s, 76460 KB] M&S algorithm main loop timer: 1.79569s (after merging)

[t=1.85574s, 76460 KB] Operator mutex starting iteration 17
[t=1.86035s, 76460 KB] In ts_17_17 of size 6 found num new op-mutexes 0
[t=1.86267s, 76460 KB] In ts_17_18 of size 4 found num new op-mutexes 0
[t=1.86403s, 76460 KB] In ts_17_19 of size 2 found num new op-mutexes 0
[t=1.86537s, 76460 KB] In ts_17_20 of size 2 found num new op-mutexes 0
[t=1.86672s, 76460 KB] In ts_17_22 of size 2 found num new op-mutexes 0
[t=1.86987s, 76460 KB] In ts_17_23 of size 7 found num new op-mutexes 0
[t=1.87269s, 76460 KB] In ts_17_24 of size 6 found num new op-mutexes 0
[t=1.87406s, 76460 KB] In ts_17_25 of size 2 found num new op-mutexes 0
[t=1.8771s, 76460 KB] In ts_17_26 of size 7 found num new op-mutexes 0
[t=1.87849s, 76460 KB] In ts_17_27 of size 2 found num new op-mutexes 0
[t=1.88127s, 76460 KB] In ts_17_28 of size 6 found num new op-mutexes 0
[t=1.88262s, 76460 KB] In ts_17_29 of size 2 found num new op-mutexes 0
[t=1.88562s, 76460 KB] In ts_17_30 of size 7 found num new op-mutexes 0
[t=1.88697s, 76460 KB] In ts_17_31 of size 2 found num new op-mutexes 0
[t=1.89185s, 76460 KB] In ts_17_32 of size 14 found num new op-mutexes 0
[t=1.89678s, 76460 KB] In ts_17_33 of size 14 found num new op-mutexes 0
[t=1.89943s, 76460 KB] In ts_17_38 of size 6 found num new op-mutexes 0
[t=1.90198s, 76460 KB] In ts_17_39 of size 6 found num new op-mutexes 0
[t=1.90483s, 76460 KB] In ts_17_40 of size 10 found num new op-mutexes 0
[t=1.90647s, 76460 KB] Operator mutex finished iteration 17. Found an additional 0 operator mutexes

[t=1.90832s, 76460 KB] Next pair of indices: (17, 55)
[t=1.90836s, 76460 KB] M&S algorithm main loop timer: 1.84995s (after computation of next merge)
[t=1.96645s, 76460 KB] M&S algorithm main loop timer: 1.90833s (after shrinking)
[t=1.96743s, 76460 KB] M&S algorithm main loop timer: 1.90904s (after merging)

[t=1.96749s, 76460 KB] Operator mutex starting iteration 18
[t=1.96972s, 76460 KB] In ts_18_18 of size 4 found num new op-mutexes 0
[t=1.97108s, 76460 KB] In ts_18_19 of size 2 found num new op-mutexes 0
[t=1.97242s, 76460 KB] In ts_18_20 of size 2 found num new op-mutexes 0
[t=1.97376s, 76460 KB] In ts_18_22 of size 2 found num new op-mutexes 0
[t=1.9769s, 76460 KB] In ts_18_23 of size 7 found num new op-mutexes 0
[t=1.97969s, 76460 KB] In ts_18_24 of size 6 found num new op-mutexes 0
[t=1.98107s, 76460 KB] In ts_18_25 of size 2 found num new op-mutexes 0
[t=1.9841s, 76460 KB] In ts_18_26 of size 7 found num new op-mutexes 0
[t=1.98548s, 76460 KB] In ts_18_27 of size 2 found num new op-mutexes 0
[t=1.98828s, 76460 KB] In ts_18_28 of size 6 found num new op-mutexes 0
[t=1.98966s, 76460 KB] In ts_18_29 of size 2 found num new op-mutexes 0
[t=1.99269s, 76460 KB] In ts_18_30 of size 7 found num new op-mutexes 0
[t=1.99408s, 76460 KB] In ts_18_31 of size 2 found num new op-mutexes 0
[t=1.99902s, 76460 KB] In ts_18_32 of size 14 found num new op-mutexes 0
[t=2.00395s, 76460 KB] In ts_18_33 of size 14 found num new op-mutexes 0
[t=2.00663s, 76460 KB] In ts_18_38 of size 6 found num new op-mutexes 0
[t=2.00918s, 76460 KB] In ts_18_39 of size 6 found num new op-mutexes 0
[t=2.01202s, 76460 KB] In ts_18_40 of size 10 found num new op-mutexes 0
[t=2.01981s, 76460 KB] In ts_18_56 of size 18 found num new op-mutexes 14582
[t=2.01997s, 76460 KB] Operator mutex finished iteration 18. Found an additional 14582 operator mutexes

[t=2.02121s, 76460 KB] Next pair of indices: (18, 56)
[t=2.02125s, 76460 KB] M&S algorithm main loop timer: 1.96284s (after computation of next merge)
[t=2.02204s, 76460 KB] M&S algorithm main loop timer: 1.96364s (after merging)

[t=2.02209s, 76460 KB] Operator mutex starting iteration 19
[t=2.02334s, 76460 KB] In ts_19_19 of size 2 found num new op-mutexes 0
[t=2.02468s, 76460 KB] In ts_19_20 of size 2 found num new op-mutexes 0
[t=2.02602s, 76460 KB] In ts_19_22 of size 2 found num new op-mutexes 0
[t=2.02901s, 76460 KB] In ts_19_23 of size 7 found num new op-mutexes 0
[t=2.03178s, 76460 KB] In ts_19_24 of size 6 found num new op-mutexes 0
[t=2.03314s, 76460 KB] In ts_19_25 of size 2 found num new op-mutexes 0
[t=2.03614s, 76460 KB] In ts_19_26 of size 7 found num new op-mutexes 0
[t=2.03761s, 76460 KB] In ts_19_27 of size 2 found num new op-mutexes 0
[t=2.04055s, 76460 KB] In ts_19_28 of size 6 found num new op-mutexes 0
[t=2.0419s, 76460 KB] In ts_19_29 of size 2 found num new op-mutexes 0
[t=2.04511s, 76460 KB] In ts_19_30 of size 7 found num new op-mutexes 0
[t=2.04648s, 76460 KB] In ts_19_31 of size 2 found num new op-mutexes 0
[t=2.05148s, 76460 KB] In ts_19_32 of size 14 found num new op-mutexes 0
[t=2.05647s, 76460 KB] In ts_19_33 of size 14 found num new op-mutexes 0
[t=2.05918s, 76460 KB] In ts_19_38 of size 6 found num new op-mutexes 0
[t=2.06174s, 76460 KB] In ts_19_39 of size 6 found num new op-mutexes 0
[t=2.06461s, 76460 KB] In ts_19_40 of size 10 found num new op-mutexes 0
[t=2.07359s, 76460 KB] In ts_19_57 of size 72 found num new op-mutexes 0
[t=2.07377s, 76460 KB] Operator mutex finished iteration 19. Found an additional 0 operator mutexes

[t=2.07494s, 76460 KB] Next pair of indices: (19, 57)
[t=2.07497s, 76460 KB] M&S algorithm main loop timer: 2.01657s (after computation of next merge)
[t=2.07617s, 76460 KB] M&S algorithm main loop timer: 2.01777s (after merging)

[t=2.07623s, 76460 KB] Operator mutex starting iteration 20
[t=2.07752s, 76460 KB] In ts_20_20 of size 2 found num new op-mutexes 0
[t=2.07885s, 76460 KB] In ts_20_22 of size 2 found num new op-mutexes 0
[t=2.08188s, 76460 KB] In ts_20_23 of size 7 found num new op-mutexes 0
[t=2.08468s, 76460 KB] In ts_20_24 of size 6 found num new op-mutexes 0
[t=2.08602s, 76460 KB] In ts_20_25 of size 2 found num new op-mutexes 0
[t=2.08905s, 76460 KB] In ts_20_26 of size 7 found num new op-mutexes 0
[t=2.0904s, 76460 KB] In ts_20_27 of size 2 found num new op-mutexes 0
[t=2.0932s, 76460 KB] In ts_20_28 of size 6 found num new op-mutexes 0
[t=2.09455s, 76460 KB] In ts_20_29 of size 2 found num new op-mutexes 0
[t=2.09766s, 76460 KB] In ts_20_30 of size 7 found num new op-mutexes 0
[t=2.09901s, 76460 KB] In ts_20_31 of size 2 found num new op-mutexes 0
[t=2.10389s, 76460 KB] In ts_20_32 of size 14 found num new op-mutexes 0
[t=2.10879s, 76460 KB] In ts_20_33 of size 14 found num new op-mutexes 0
[t=2.11149s, 76460 KB] In ts_20_38 of size 6 found num new op-mutexes 0
[t=2.11405s, 76460 KB] In ts_20_39 of size 6 found num new op-mutexes 0
[t=2.11696s, 76460 KB] In ts_20_40 of size 10 found num new op-mutexes 0
[t=2.12686s, 76460 KB] In ts_20_58 of size 144 found num new op-mutexes 0
[t=2.12703s, 76460 KB] Operator mutex finished iteration 20. Found an additional 0 operator mutexes

[t=2.12812s, 76460 KB] Next pair of indices: (23, 58)
[t=2.12816s, 76460 KB] M&S algorithm main loop timer: 2.06975s (after computation of next merge)
[t=2.12995s, 76460 KB] M&S algorithm main loop timer: 2.07158s (after merging)

[t=2.13008s, 76460 KB] Operator mutex starting iteration 21
[t=2.13134s, 76460 KB] In ts_21_20 of size 2 found num new op-mutexes 0
[t=2.13269s, 76460 KB] In ts_21_22 of size 2 found num new op-mutexes 0
[t=2.13545s, 76460 KB] In ts_21_24 of size 6 found num new op-mutexes 0
[t=2.13681s, 76460 KB] In ts_21_25 of size 2 found num new op-mutexes 0
[t=2.1403s, 76460 KB] In ts_21_26 of size 7 found num new op-mutexes 0
[t=2.14165s, 76460 KB] In ts_21_27 of size 2 found num new op-mutexes 0
[t=2.14442s, 76460 KB] In ts_21_28 of size 6 found num new op-mutexes 0
[t=2.14578s, 76460 KB] In ts_21_29 of size 2 found num new op-mutexes 0
[t=2.14883s, 76460 KB] In ts_21_30 of size 7 found num new op-mutexes 0
[t=2.15018s, 76460 KB] In ts_21_31 of size 2 found num new op-mutexes 0
[t=2.15503s, 76460 KB] In ts_21_32 of size 14 found num new op-mutexes 0
[t=2.15993s, 76460 KB] In ts_21_33 of size 14 found num new op-mutexes 0
[t=2.16268s, 76460 KB] In ts_21_38 of size 6 found num new op-mutexes 0
[t=2.16521s, 76460 KB] In ts_21_39 of size 6 found num new op-mutexes 0
[t=2.16814s, 76460 KB] In ts_21_40 of size 10 found num new op-mutexes 0
[t=2.18385s, 76460 KB] In ts_21_59 of size 1008 found num new op-mutexes 0
[t=2.18406s, 76460 KB] Operator mutex finished iteration 21. Found an additional 0 operator mutexes

[t=2.18507s, 76460 KB] Next pair of indices: (22, 59)
[t=2.1851s, 76460 KB] M&S algorithm main loop timer: 2.1267s (after computation of next merge)
[t=2.18898s, 76460 KB] M&S algorithm main loop timer: 2.13064s (after merging)
[t=2.18969s, 76460 KB] M&S algorithm main loop timer: 2.1313s (after pruning)

[t=2.18974s, 76460 KB] Operator mutex starting iteration 22
[t=2.19098s, 76460 KB] In ts_22_20 of size 2 found num new op-mutexes 0
[t=2.19375s, 76460 KB] In ts_22_24 of size 6 found num new op-mutexes 0
[t=2.19512s, 76460 KB] In ts_22_25 of size 2 found num new op-mutexes 0
[t=2.19815s, 76460 KB] In ts_22_26 of size 7 found num new op-mutexes 0
[t=2.19952s, 76460 KB] In ts_22_27 of size 2 found num new op-mutexes 0
[t=2.20231s, 76460 KB] In ts_22_28 of size 6 found num new op-mutexes 0
[t=2.20366s, 76460 KB] In ts_22_29 of size 2 found num new op-mutexes 0
[t=2.20675s, 76460 KB] In ts_22_30 of size 7 found num new op-mutexes 0
[t=2.20812s, 76460 KB] In ts_22_31 of size 2 found num new op-mutexes 0
[t=2.213s, 76460 KB] In ts_22_32 of size 14 found num new op-mutexes 0
[t=2.21791s, 76460 KB] In ts_22_33 of size 14 found num new op-mutexes 0
[t=2.22063s, 76460 KB] In ts_22_38 of size 6 found num new op-mutexes 0
[t=2.22322s, 76460 KB] In ts_22_39 of size 6 found num new op-mutexes 0
[t=2.22611s, 76460 KB] In ts_22_40 of size 10 found num new op-mutexes 0
[t=2.24709s, 76460 KB] In ts_22_60 of size 1872 found num new op-mutexes 0
[t=2.24734s, 76460 KB] Operator mutex finished iteration 22. Found an additional 0 operator mutexes

[t=2.24832s, 76460 KB] Next pair of indices: (24, 60)
[t=2.24835s, 76460 KB] M&S algorithm main loop timer: 2.18994s (after computation of next merge)
[t=2.25466s, 76460 KB] M&S algorithm main loop timer: 2.19629s (after shrinking)
[t=2.265s, 76460 KB] M&S algorithm main loop timer: 2.20661s (after merging)
[t=2.26646s, 76460 KB] M&S algorithm main loop timer: 2.20806s (after pruning)

[t=2.2665s, 76460 KB] Operator mutex starting iteration 23
[t=2.26779s, 76460 KB] In ts_23_20 of size 2 found num new op-mutexes 0
[t=2.26916s, 76460 KB] In ts_23_25 of size 2 found num new op-mutexes 0
[t=2.27232s, 76460 KB] In ts_23_26 of size 7 found num new op-mutexes 0
[t=2.27369s, 76460 KB] In ts_23_27 of size 2 found num new op-mutexes 0
[t=2.27657s, 76460 KB] In ts_23_28 of size 6 found num new op-mutexes 0
[t=2.27795s, 76460 KB] In ts_23_29 of size 2 found num new op-mutexes 0
[t=2.28107s, 76460 KB] In ts_23_30 of size 7 found num new op-mutexes 0
[t=2.28243s, 76460 KB] In ts_23_31 of size 2 found num new op-mutexes 0
[t=2.28739s, 76460 KB] In ts_23_32 of size 14 found num new op-mutexes 0
[t=2.29233s, 76460 KB] In ts_23_33 of size 14 found num new op-mutexes 0
[t=2.29507s, 76460 KB] In ts_23_38 of size 6 found num new op-mutexes 0
[t=2.29763s, 76460 KB] In ts_23_39 of size 6 found num new op-mutexes 0
[t=2.30053s, 76460 KB] In ts_23_40 of size 10 found num new op-mutexes 0
[t=2.33033s, 76460 KB] In ts_23_61 of size 3348 found num new op-mutexes 0
[t=2.33057s, 76460 KB] Operator mutex finished iteration 23. Found an additional 0 operator mutexes

[t=2.33155s, 76460 KB] Next pair of indices: (26, 61)
[t=2.33158s, 76460 KB] M&S algorithm main loop timer: 2.27317s (after computation of next merge)
[t=2.36839s, 76460 KB] M&S algorithm main loop timer: 2.31004s (after merging)
[t=2.37429s, 76460 KB] M&S algorithm main loop timer: 2.31593s (after pruning)

[t=2.37437s, 76460 KB] Operator mutex starting iteration 24
[t=2.37566s, 76460 KB] In ts_24_20 of size 2 found num new op-mutexes 0
[t=2.37703s, 76460 KB] In ts_24_25 of size 2 found num new op-mutexes 0
[t=2.37841s, 76460 KB] In ts_24_27 of size 2 found num new op-mutexes 0
[t=2.38132s, 76460 KB] In ts_24_28 of size 6 found num new op-mutexes 0
[t=2.38269s, 76460 KB] In ts_24_29 of size 2 found num new op-mutexes 0
[t=2.38587s, 76460 KB] In ts_24_30 of size 7 found num new op-mutexes 0
[t=2.38726s, 76460 KB] In ts_24_31 of size 2 found num new op-mutexes 0
[t=2.39221s, 76460 KB] In ts_24_32 of size 14 found num new op-mutexes 0
[t=2.39717s, 76460 KB] In ts_24_33 of size 14 found num new op-mutexes 0
[t=2.39994s, 76460 KB] In ts_24_38 of size 6 found num new op-mutexes 0
[t=2.40258s, 76460 KB] In ts_24_39 of size 6 found num new op-mutexes 0
[t=2.40554s, 76460 KB] In ts_24_40 of size 10 found num new op-mutexes 0
[t=2.40649s, 76460 KB] Operator mutex finished iteration 24. Found an additional 0 operator mutexes

[t=2.40746s, 76460 KB] Next pair of indices: (28, 62)
[t=2.40749s, 76460 KB] M&S algorithm main loop timer: 2.34908s (after computation of next merge)
[t=2.4525s, 76460 KB] M&S algorithm main loop timer: 2.39433s (after shrinking)
[t=2.5312s, 76460 KB] M&S algorithm main loop timer: 2.47286s (after merging)
[t=2.55589s, 76460 KB] M&S algorithm main loop timer: 2.49755s (after pruning)

[t=2.556s, 76460 KB] Operator mutex starting iteration 25
[t=2.55736s, 76460 KB] In ts_25_20 of size 2 found num new op-mutexes 0
[t=2.55874s, 76460 KB] In ts_25_25 of size 2 found num new op-mutexes 0
[t=2.56012s, 76460 KB] In ts_25_27 of size 2 found num new op-mutexes 0
[t=2.56147s, 76460 KB] In ts_25_29 of size 2 found num new op-mutexes 0
[t=2.5647s, 76460 KB] In ts_25_30 of size 7 found num new op-mutexes 0
[t=2.5661s, 76460 KB] In ts_25_31 of size 2 found num new op-mutexes 0
[t=2.57102s, 76460 KB] In ts_25_32 of size 14 found num new op-mutexes 0
[t=2.5761s, 76460 KB] In ts_25_33 of size 14 found num new op-mutexes 0
[t=2.57885s, 76460 KB] In ts_25_38 of size 6 found num new op-mutexes 0
[t=2.58145s, 76460 KB] In ts_25_39 of size 6 found num new op-mutexes 0
[t=2.58441s, 76460 KB] In ts_25_40 of size 10 found num new op-mutexes 0
[t=2.58729s, 76460 KB] Operator mutex finished iteration 25. Found an additional 0 operator mutexes

[t=2.58897s, 76460 KB] Next pair of indices: (20, 63)
[t=2.58901s, 76460 KB] M&S algorithm main loop timer: 2.5306s (after computation of next merge)
[t=2.73345s, 76460 KB] M&S algorithm main loop timer: 2.67511s (after shrinking)
[t=2.82098s, 76460 KB] M&S algorithm main loop timer: 2.76264s (after merging)

[t=2.82346s, 76460 KB] Operator mutex starting iteration 26
[t=2.82477s, 76460 KB] In ts_26_25 of size 2 found num new op-mutexes 0
[t=2.82614s, 76460 KB] In ts_26_27 of size 2 found num new op-mutexes 0
[t=2.82752s, 76460 KB] In ts_26_29 of size 2 found num new op-mutexes 0
[t=2.83072s, 76460 KB] In ts_26_30 of size 7 found num new op-mutexes 0
[t=2.83209s, 76460 KB] In ts_26_31 of size 2 found num new op-mutexes 0
[t=2.83703s, 76460 KB] In ts_26_32 of size 14 found num new op-mutexes 0
[t=2.84199s, 76460 KB] In ts_26_33 of size 14 found num new op-mutexes 0
[t=2.84474s, 76460 KB] In ts_26_38 of size 6 found num new op-mutexes 0
[t=2.84735s, 76460 KB] In ts_26_39 of size 6 found num new op-mutexes 0
[t=2.85025s, 76460 KB] In ts_26_40 of size 10 found num new op-mutexes 0
[t=2.85267s, 76460 KB] Operator mutex finished iteration 26. Found an additional 0 operator mutexes

[t=2.85958s, 76460 KB] Next pair of indices: (29, 64)
[t=2.85963s, 76460 KB] M&S algorithm main loop timer: 2.80123s (after computation of next merge)
[t=3.01578s, 76460 KB] M&S algorithm main loop timer: 2.95745s (after shrinking)
[t=3.11848s, 76460 KB] M&S algorithm main loop timer: 3.06014s (after merging)

[t=3.12126s, 76460 KB] Operator mutex starting iteration 27
[t=3.12259s, 76460 KB] In ts_27_25 of size 2 found num new op-mutexes 0
[t=3.12397s, 76460 KB] In ts_27_27 of size 2 found num new op-mutexes 0
[t=3.12719s, 76460 KB] In ts_27_30 of size 7 found num new op-mutexes 0
[t=3.12856s, 76460 KB] In ts_27_31 of size 2 found num new op-mutexes 0
[t=3.13351s, 76460 KB] In ts_27_32 of size 14 found num new op-mutexes 0
[t=3.13848s, 76460 KB] In ts_27_33 of size 14 found num new op-mutexes 0
[t=3.14123s, 76460 KB] In ts_27_38 of size 6 found num new op-mutexes 0
[t=3.14384s, 76460 KB] In ts_27_39 of size 6 found num new op-mutexes 0
[t=3.14678s, 76460 KB] In ts_27_40 of size 10 found num new op-mutexes 0
[t=3.14952s, 76460 KB] Operator mutex finished iteration 27. Found an additional 0 operator mutexes

[t=3.1515s, 76460 KB] Next pair of indices: (30, 65)
[t=3.15154s, 76460 KB] M&S algorithm main loop timer: 3.09314s (after computation of next merge)
[t=3.28012s, 76460 KB] M&S algorithm main loop timer: 3.22216s (after shrinking)
[t=3.31664s, 76460 KB] M&S algorithm main loop timer: 3.2583s (after merging)

[t=3.31807s, 76460 KB] Operator mutex starting iteration 28
[t=3.31939s, 76460 KB] In ts_28_25 of size 2 found num new op-mutexes 0
[t=3.32077s, 76460 KB] In ts_28_27 of size 2 found num new op-mutexes 0
[t=3.32213s, 76460 KB] In ts_28_31 of size 2 found num new op-mutexes 0
[t=3.32708s, 76460 KB] In ts_28_32 of size 14 found num new op-mutexes 0
[t=3.33287s, 76460 KB] In ts_28_33 of size 14 found num new op-mutexes 0
[t=3.33564s, 76460 KB] In ts_28_38 of size 6 found num new op-mutexes 0
[t=3.33826s, 76460 KB] In ts_28_39 of size 6 found num new op-mutexes 0
[t=3.34119s, 76460 KB] In ts_28_40 of size 10 found num new op-mutexes 0
[t=3.34258s, 76460 KB] Operator mutex finished iteration 28. Found an additional 0 operator mutexes

[t=3.34351s, 76460 KB] Next pair of indices: (31, 66)
[t=3.34354s, 76460 KB] M&S algorithm main loop timer: 3.28513s (after computation of next merge)
[t=3.51356s, 76460 KB] M&S algorithm main loop timer: 3.45523s (after shrinking)
[t=3.5885s, 76460 KB] M&S algorithm main loop timer: 3.53018s (after merging)
[t=3.61143s, 76460 KB] M&S algorithm main loop timer: 3.55309s (after pruning)

[t=3.61153s, 76460 KB] Operator mutex starting iteration 29
[t=3.61287s, 76460 KB] In ts_29_25 of size 2 found num new op-mutexes 0
[t=3.61425s, 76460 KB] In ts_29_27 of size 2 found num new op-mutexes 0
[t=3.61919s, 76460 KB] In ts_29_32 of size 14 found num new op-mutexes 0
[t=3.62421s, 76460 KB] In ts_29_33 of size 14 found num new op-mutexes 0
[t=3.62696s, 76460 KB] In ts_29_38 of size 6 found num new op-mutexes 0
[t=3.62958s, 76460 KB] In ts_29_39 of size 6 found num new op-mutexes 0
[t=3.63254s, 76460 KB] In ts_29_40 of size 10 found num new op-mutexes 0
[t=3.63454s, 76460 KB] Operator mutex finished iteration 29. Found an additional 0 operator mutexes

[t=3.63586s, 76460 KB] Next pair of indices: (32, 67)
[t=3.63589s, 76460 KB] M&S algorithm main loop timer: 3.57748s (after computation of next merge)
[t=3.71697s, 76460 KB] M&S algorithm main loop timer: 3.65891s (after shrinking)
[t=3.71865s, 76460 KB] M&S algorithm main loop timer: 3.66025s (after merging)

[t=3.71871s, 76460 KB] Operator mutex starting iteration 30
[t=3.71996s, 76460 KB] In ts_30_25 of size 2 found num new op-mutexes 0
[t=3.72132s, 76460 KB] In ts_30_27 of size 2 found num new op-mutexes 0
[t=3.7263s, 76460 KB] In ts_30_33 of size 14 found num new op-mutexes 0
[t=3.72904s, 76460 KB] In ts_30_38 of size 6 found num new op-mutexes 0
[t=3.73163s, 76460 KB] In ts_30_39 of size 6 found num new op-mutexes 0
[t=3.73456s, 76460 KB] In ts_30_40 of size 10 found num new op-mutexes 0
[t=3.81701s, 76460 KB] In ts_30_68 of size 140 found num new op-mutexes 0
[t=3.8173s, 76460 KB] Operator mutex finished iteration 30. Found an additional 0 operator mutexes

[t=3.81781s, 76460 KB] Next pair of indices: (33, 68)
[t=3.81784s, 76460 KB] M&S algorithm main loop timer: 3.75943s (after computation of next merge)
[t=3.82833s, 76460 KB] M&S algorithm main loop timer: 3.76995s (after merging)

[t=3.8285s, 76460 KB] Operator mutex starting iteration 31
[t=3.8298s, 76460 KB] In ts_31_25 of size 2 found num new op-mutexes 0
[t=3.83119s, 76460 KB] In ts_31_27 of size 2 found num new op-mutexes 0
[t=3.83384s, 76460 KB] In ts_31_38 of size 6 found num new op-mutexes 0
[t=3.83641s, 76460 KB] In ts_31_39 of size 6 found num new op-mutexes 0
[t=3.8393s, 76460 KB] In ts_31_40 of size 10 found num new op-mutexes 0
[t=4.58466s, 76460 KB] In ts_31_69 of size 1960 found num new op-mutexes 0
[t=4.58515s, 76460 KB] Operator mutex finished iteration 31. Found an additional 0 operator mutexes

[t=4.58579s, 76460 KB] Next pair of indices: (40, 69)
[t=4.58582s, 76460 KB] M&S algorithm main loop timer: 4.52742s (after computation of next merge)
[t=4.59204s, 76460 KB] M&S algorithm main loop timer: 4.53368s (after shrinking)
[t=4.69536s, 76460 KB] M&S algorithm main loop timer: 4.63703s (after merging)
[t=4.73815s, 76460 KB] M&S algorithm main loop timer: 4.67985s (after pruning)

[t=4.7383s, 76460 KB] Operator mutex starting iteration 32
[t=4.73971s, 76460 KB] In ts_32_25 of size 2 found num new op-mutexes 0
[t=4.74123s, 76460 KB] In ts_32_27 of size 2 found num new op-mutexes 0
[t=4.74416s, 76460 KB] In ts_32_38 of size 6 found num new op-mutexes 0
[t=4.74717s, 76460 KB] In ts_32_39 of size 6 found num new op-mutexes 0
[t=4.75171s, 76460 KB] Operator mutex finished iteration 32. Found an additional 0 operator mutexes

[t=4.75352s, 76460 KB] Next pair of indices: (39, 70)
[t=4.75356s, 76460 KB] M&S algorithm main loop timer: 4.69515s (after computation of next merge)
[t=4.95926s, 76460 KB] M&S algorithm main loop timer: 4.90128s (after shrinking)
[t=5.46887s, 104428 KB] M&S algorithm main loop timer: 5.41056s (after merging)
[t=5.60163s, 104428 KB] M&S algorithm main loop timer: 5.54333s (after pruning)

[t=5.60178s, 104428 KB] Operator mutex starting iteration 33
[t=5.60324s, 104428 KB] In ts_33_25 of size 2 found num new op-mutexes 0
[t=5.60475s, 104428 KB] In ts_33_27 of size 2 found num new op-mutexes 0
[t=5.60774s, 104428 KB] In ts_33_38 of size 6 found num new op-mutexes 0
[t=5.6207s, 110256 KB] Operator mutex finished iteration 33. Found an additional 0 operator mutexes

[t=5.62802s, 110256 KB] Next pair of indices: (38, 71)
[t=5.62809s, 110256 KB] M&S algorithm main loop timer: 5.56968s (after computation of next merge)
[t=6.15667s, 135044 KB] M&S algorithm main loop timer: 6.09881s (after shrinking)
[t=6.29311s, 135044 KB] M&S algorithm main loop timer: 6.23479s (after merging)
[t=6.34996s, 135044 KB] M&S algorithm main loop timer: 6.29168s (after pruning)

[t=6.35012s, 135044 KB] Operator mutex starting iteration 34
[t=6.35165s, 135044 KB] In ts_34_25 of size 2 found num new op-mutexes 0
[t=6.35329s, 135044 KB] In ts_34_27 of size 2 found num new op-mutexes 0
[t=6.35806s, 135044 KB] Operator mutex finished iteration 34. Found an additional 0 operator mutexes

[t=6.36057s, 135044 KB] Next pair of indices: (25, 72)
[t=6.36061s, 135044 KB] M&S algorithm main loop timer: 6.3022s (after computation of next merge)
[t=6.92302s, 135044 KB] M&S algorithm main loop timer: 6.86474s (after merging)

[t=6.92592s, 135044 KB] Operator mutex starting iteration 35
[t=6.92735s, 135044 KB] In ts_35_27 of size 2 found num new op-mutexes 0
[t=6.9349s, 135044 KB] Operator mutex finished iteration 35. Found an additional 0 operator mutexes

[t=6.93509s, 135044 KB] Next pair of indices: (27, 73)
[t=6.93512s, 135044 KB] M&S algorithm main loop timer: 6.87671s (after computation of next merge)
[t=7.68643s, 135044 KB] M&S algorithm main loop timer: 7.62817s (after shrinking)
[t=8.10132s, 135044 KB] M&S algorithm main loop timer: 8.04304s (after merging)

[t=8.1048s, 135044 KB] Operator mutex starting iteration 36
[t=8.11576s, 135044 KB] Operator mutex finished iteration 36. Found an additional 0 operator mutexes

[t=8.11597s, 135044 KB] End of merge-and-shrink algorithm, statistics:
[t=8.11601s, 135044 KB] Main loop runtime: 8.0576s
[t=8.11603s, 135044 KB] Maximum intermediate abstraction size: 48774
[t=8.11606s, 135044 KB] Final peak memory increase of merge-and-shrink algorithm: 109900 KB
[t=8.11609s, 135044 KB] Merge-and-shrink algorithm runtime: 8.08402s

[t=8.11611s, 135044 KB] Number of labels: 7348
[t=8.11614s, 135044 KB] Total number of operator mutexes: 34314
[t=8.11616s, 135044 KB] Operator Mutex total time: 2.77937s
[t=8.11643s, 135044 KB] Number of remaining factors: 1
[t=8.11655s, 135044 KB] Number of factors kept: 1
[t=8.11658s, 135044 KB] Done initializing merge-and-shrink heuristic.

[t=8.11918s, 135044 KB] Building successor generator...done!
[t=8.12207s, 135044 KB] peak memory difference for successor generator creation: 0 KB
[t=8.12209s, 135044 KB] time for successor generation creation: 0.00278209s
[t=8.12215s, 135044 KB] Variables: 38
[t=8.12218s, 135044 KB] FactPairs: 160
[t=8.1222s, 135044 KB] Bytes per state: 12
[t=8.12234s, 135044 KB] Conducting best first search with reopening closed nodes, (real) bound = 2147483647
[t=8.12241s, 135044 KB] New best heuristic value for merge_and_shrink(op_mutex = op_mutex(use_previous_ops = nelutpo, reachability_strategy = goal)): 8
[t=8.12243s, 135044 KB] g=0, 1 evaluated, 0 expanded
[t=8.12246s, 135044 KB] f = 8, 1 evaluated, 0 expanded
[t=8.12248s, 135044 KB] Initial heuristic value for merge_and_shrink(op_mutex = op_mutex(use_previous_ops = nelutpo, reachability_strategy = goal)): 8
[t=8.1225s, 135044 KB] pruning method: none
[t=8.12256s, 135044 KB] New best heuristic value for merge_and_shrink(op_mutex = op_mutex(use_previous_ops = nelutpo, reachability_strategy = goal)): 7
[t=8.12258s, 135044 KB] g=1, 4 evaluated, 1 expanded
[t=8.12268s, 135044 KB] New best heuristic value for merge_and_shrink(op_mutex = op_mutex(use_previous_ops = nelutpo, reachability_strategy = goal)): 6
[t=8.12271s, 135044 KB] g=2, 34 evaluated, 2 expanded
[t=8.12277s, 135044 KB] New best heuristic value for merge_and_shrink(op_mutex = op_mutex(use_previous_ops = nelutpo, reachability_strategy = goal)): 5
[t=8.12279s, 135044 KB] g=3, 49 evaluated, 3 expanded
[t=8.12287s, 135044 KB] New best heuristic value for merge_and_shrink(op_mutex = op_mutex(use_previous_ops = nelutpo, reachability_strategy = goal)): 4
[t=8.1229s, 135044 KB] g=4, 71 evaluated, 4 expanded
[t=8.12326s, 135044 KB] f = 9, 226 evaluated, 14 expanded
[t=8.12835s, 135044 KB] f = 10, 2406 evaluated, 235 expanded
[t=8.16514s, 135044 KB] f = 11, 17337 evaluated, 2221 expanded
[t=8.16855s, 135044 KB] New best heuristic value for merge_and_shrink(op_mutex = op_mutex(use_previous_ops = nelutpo, reachability_strategy = goal)): 3
[t=8.16859s, 135044 KB] g=8, 18636 evaluated, 2438 expanded
[t=8.37144s, 135044 KB] f = 12, 93418 evaluated, 15194 expanded
[t=8.38614s, 135044 KB] New best heuristic value for merge_and_shrink(op_mutex = op_mutex(use_previous_ops = nelutpo, reachability_strategy = goal)): 2
[t=8.38621s, 135044 KB] g=10, 98955 evaluated, 16271 expanded
[t=9.3056s, 135044 KB] f = 13, 385837 evaluated, 78890 expanded
[t=12.7141s, 135044 KB] f = 14, 1267373 evaluated, 319195 expanded
[t=22.3331s, 179136 KB] f = 15, 3398458 evaluated, 1037395 expanded
[t=22.3337s, 179136 KB] New best heuristic value for merge_and_shrink(op_mutex = op_mutex(use_previous_ops = nelutpo, reachability_strategy = goal)): 1
[t=22.3337s, 179136 KB] g=14, 3398638 evaluated, 1037449 expanded
[t=45.0927s, 460856 KB] f = 16, 7584123 evaluated, 2783842 expanded
[t=88.2524s, 861004 KB] f = 17, 14267557 evaluated, 6277801 expanded
[t=88.2526s, 861004 KB] New best heuristic value for merge_and_shrink(op_mutex = op_mutex(use_previous_ops = nelutpo, reachability_strategy = goal)): 0
[t=88.2526s, 861004 KB] g=17, 14267568 evaluated, 6277817 expanded
[t=88.2527s, 861004 KB] Solution found!
[t=88.2527s, 861004 KB] Actual search time: 80.1302s
sendtohome sa h3 s n1 s0 n0 (1)
sendtohome-b da d n1 d0 n0 n1 n2 (1)
sendtohome ca d2 c n1 c0 n0 (1)
sendtohome-b d2 d n2 da n1 n2 n3 (1)
sendtohome d3 s2 d n3 d2 n2 (1)
sendtohome s2 c3 s n2 sa n1 (1)
sendtohome s3 c4 s n3 s2 n2 (1)
sendtofree h3 ha n4 n3 (1)
sendtohome ha d4 h n1 h0 n0 (1)
sendtohome-b d4 d n4 d3 n3 n3 n4 (1)
sendtohome-b h2 h n2 ha n1 n4 n5 (1)
homefromfreecell h3 h n3 h2 n2 n3 n4 (1)
sendtohome h4 s4 h n4 h3 n3 (1)
sendtohome s4 c2 s n4 s3 n3 (1)
sendtohome-b c2 c n2 ca n1 n5 n6 (1)
sendtohome-b c3 c n3 c2 n2 n6 n7 (1)
sendtohome-b c4 c n4 c3 n3 n7 n8 (1)
[t=88.2527s, 861004 KB] Plan length: 17 step(s).
[t=88.2527s, 861004 KB] Plan cost: 17
[t=88.2527s, 861004 KB] Expanded 6277818 state(s).
[t=88.2527s, 861004 KB] Reopened 0 state(s).
[t=88.2527s, 861004 KB] Evaluated 14267568 state(s).
[t=88.2527s, 861004 KB] Evaluations: 14267568
[t=88.2527s, 861004 KB] Generated 113982918 state(s).
[t=88.2527s, 861004 KB] Dead ends: 0 state(s).
[t=88.2527s, 861004 KB] Expanded until last jump: 6277801 state(s).
[t=88.2527s, 861004 KB] Reopened until last jump: 0 state(s).
[t=88.2527s, 861004 KB] Evaluated until last jump: 14267557 state(s).
[t=88.2527s, 861004 KB] Generated until last jump: 113982853 state(s).
[t=88.2527s, 861004 KB] Number of registered states: 14267568
[t=88.2527s, 861004 KB] Int hash set load factor: 14267568/33554432 = 0.425207
[t=88.2527s, 861004 KB] Int hash set resizes: 25
[t=88.2527s, 861004 KB] Search time: 80.1304s
[t=88.2527s, 861004 KB] Total time: 88.2527s
Solution found.
Peak memory: 861004 KB
Remove intermediate file output.sas
search exit code: 0

INFO     Running validate.
INFO     validate stdin: None
INFO     validate time limit: None
INFO     validate memory limit: None
INFO     validate command line string: validate domain.pddl problem.pddl sas_plan
Checking plan: sas_plan
Plan executed successfully - checking goal
Plan valid
Final value: 17 

Successful plans:
Value: 17
 sas_plan 17 

validate exit code: 0

