INFO     Running translator.
INFO     translator stdin: None
INFO     translator time limit: 599.96s
INFO     translator memory limit: 7000 MB
INFO     translator command line string: /usr/bin/python3 /user/student.aau.dk/lkar18/downward-projects/downward/experiments/nopo_vs_nasutpo_195p/data/nopo_vs_nasutpo/code-94571df14dfaf5b06207d9589b12facdd93f580c_e5e41175/builds/release/bin/translate/translate.py domain.pddl problem.pddl --sas-file output.sas
Parsing...
Parsing: [0.010s CPU, 0.012s wall-clock]
Normalizing task... [0.000s CPU, 0.001s wall-clock]
Instantiating...
Generating Datalog program... [0.000s CPU, 0.001s wall-clock]
Normalizing Datalog program...
Normalizing Datalog program: [0.010s CPU, 0.011s wall-clock]
Preparing model... [0.010s CPU, 0.006s wall-clock]
Generated 277 rules.
Computing model... [0.080s CPU, 0.074s wall-clock]
1137 relevant atoms
5020 auxiliary atoms
6157 final queue length
11571 total queue pushes
Completing instantiation... [0.040s CPU, 0.040s wall-clock]
Instantiating: [0.140s CPU, 0.135s wall-clock]
Computing fact groups...
Finding invariants...
6 initial candidates
Finding invariants: [0.010s CPU, 0.015s wall-clock]
Checking invariant weight... [0.000s CPU, 0.000s wall-clock]
Instantiating groups... [0.000s CPU, 0.000s wall-clock]
Collecting mutex groups... [0.000s CPU, 0.000s wall-clock]
Choosing groups...
58 uncovered facts
Choosing groups: [0.000s CPU, 0.000s wall-clock]
Building translation key... [0.000s CPU, 0.000s wall-clock]
Computing fact groups: [0.010s CPU, 0.016s wall-clock]
Building STRIPS to SAS dictionary... [0.000s CPU, 0.000s wall-clock]
Building dictionary for full mutex groups... [0.000s CPU, 0.000s wall-clock]
Building mutex information...
Building mutex information: [0.000s CPU, 0.000s wall-clock]
Translating task...
Processing axioms...
Simplifying axioms... [0.000s CPU, 0.000s wall-clock]
Translator axioms removed by simplifying: 0
Computing negative axioms... [0.000s CPU, 0.000s wall-clock]
Processing axioms: [0.010s CPU, 0.002s wall-clock]
Translating task: [0.050s CPU, 0.044s wall-clock]
1760 effect conditions simplified
0 implied preconditions added
Detecting unreachable propositions...
80 operators removed
0 axioms removed
90 propositions removed
Detecting unreachable propositions: [0.020s CPU, 0.022s wall-clock]
Reordering and filtering variables...
11 of 13 variables necessary.
0 of 0 mutex groups necessary.
360 of 360 operators necessary.
0 of 0 axiom rules necessary.
Reordering and filtering variables: [0.000s CPU, 0.007s wall-clock]
Translator variables: 11
Translator derived variables: 0
Translator facts: 22
Translator goal facts: 6
Translator mutex groups: 0
Translator total mutex groups size: 0
Translator operators: 360
Translator axioms: 0
Translator task size: 4611
Translator peak memory: 46860 KB
Writing output... [0.010s CPU, 0.009s wall-clock]
Done! [0.240s CPU, 0.249s wall-clock]
translate exit code: 0

INFO     Running search (release).
INFO     search stdin: output.sas
INFO     search time limit: 599.66s
INFO     search memory limit: 7000 MB
INFO     search command line string: /user/student.aau.dk/lkar18/downward-projects/downward/experiments/nopo_vs_nasutpo_195p/data/nopo_vs_nasutpo/code-94571df14dfaf5b06207d9589b12facdd93f580c_e5e41175/builds/release/bin/downward --search 'astar(merge_and_shrink(op_mutex=op_mutex(use_previous_ops=NaSUTPO, reachability_strategy=goal), merge_strategy=merge_sccs(order_of_sccs=topological, merge_tree=linear()), shrink_strategy=shrink_fh()))' --internal-plan-file sas_plan < output.sas
[t=3.8409e-05s, 22344 KB] reading input...
[t=0.00285299s, 22468 KB] done reading input!
[t=0.00424107s, 22732 KB] Initializing merge-and-shrink heuristic...
[t=0.00431259s, 22732 KB] Running merge-and-shrink algorithm...
[t=0.00433323s, 22732 KB] Merge strategy options:
[t=0.00435591s, 22732 KB] Type: sccs
[t=0.00437745s, 22732 KB] Merge order of sccs: topological
[t=0.00439851s, 22732 KB] Merge strategy for merging within sccs: 
[t=0.00441902s, 22732 KB] Merge tree options: 
[t=0.00443983s, 22732 KB] Type: linear
[t=0.0044607s, 22732 KB] Update option: use random
[t=0.00450579s, 22732 KB] Variable order type: CG/GOAL, tie breaking on level (main)

[t=0.00453384s, 22732 KB] Options related to size limits and shrinking: 
[t=0.00455621s, 22732 KB] Transition system size limit: 50000
[t=0.00457705s, 22732 KB] Transition system size limit right before merge: 50000
[t=0.00459765s, 22732 KB] Threshold to trigger shrinking right before merge: 1

[t=0.00462114s, 22732 KB] Pruning unreachable states: yes
[t=0.00464281s, 22732 KB] Pruning irrelevant states: yes

[t=0.00467224s, 22732 KB] Label reduction disabled

[t=0.00469609s, 22732 KB] Main loop max time in seconds: inf

[t=0.00472196s, 22732 KB] ===============================================================================
[t=0.00474794s, 22732 KB] WARNING! You did not enable label reduction.
This may drastically reduce the performance of merge-and-shrink!
[t=0.00476912s, 22732 KB] ===============================================================================

[t=0.00479852s, 22732 KB] Building atomic transition systems... 
[t=0.00566057s, 23548 KB] M&S algorithm timer: 0.00137602s (after computation of atomic factors)
[t=0.00569935s, 23548 KB] M&S algorithm timer: 0.00140994s (after pruning atomic factors)

[t=0.00573971s, 23548 KB] Starting main loop without a time limit.
[t=0.00576443s, 23548 KB] building causal graph...done! [t=0.00110606s]
[t=0.00688756s, 23548 KB] SCCs of the causal graph:
[t=0.00692497s, 23548 KB] [1]
[t=0.00694856s, 23548 KB] [0]
[t=0.00696954s, 23548 KB] [2, 3, 4, 5, 6, 7, 8, 9, 10]
[t=0.00699865s, 23548 KB] Next pair of indices: (10, 8)
[t=0.00702151s, 23548 KB] M&S algorithm main loop timer: 0.00130167s (after computation of next merge)
[t=0.00709249s, 23548 KB] M&S algorithm main loop timer: 0.00138117s (after merging)
[t=0.00712692s, 23548 KB] M&S algorithm main loop timer: 0.0014086s (after pruning)

[t=0.00715464s, 23548 KB] Operator mutex starting iteration 0


[t=0.0149408s, 25500 KB] In ts_0_0 of size 1 found num new op-mutexes 46656


[t=0.023935s, 26984 KB] In ts_0_1 of size 1 found num new op-mutexes 36288


[t=0.0240487s, 26984 KB] In ts_0_2 of size 2 found num new op-mutexes 0


[t=0.024136s, 26984 KB] In ts_0_3 of size 2 found num new op-mutexes 0


[t=0.024237s, 26984 KB] In ts_0_4 of size 2 found num new op-mutexes 0


[t=0.0243368s, 26984 KB] In ts_0_5 of size 2 found num new op-mutexes 0


[t=0.0244453s, 26984 KB] In ts_0_6 of size 2 found num new op-mutexes 0


[t=0.0245428s, 26984 KB] In ts_0_7 of size 2 found num new op-mutexes 0


[t=0.0246261s, 26984 KB] In ts_0_9 of size 2 found num new op-mutexes 0


[t=0.0247243s, 26984 KB] In ts_0_11 of size 2 found num new op-mutexes 0
[t=0.0247576s, 26984 KB] Operator mutex finished iteration 0. Found an additional 82944 operator mutexes

[t=0.0247868s, 26984 KB] Next pair of indices: (11, 7)
[t=0.0248095s, 26984 KB] M&S algorithm main loop timer: 0.0190893s (after computation of next merge)
[t=0.0248728s, 26984 KB] M&S algorithm main loop timer: 0.0191671s (after merging)
[t=0.0249196s, 26984 KB] M&S algorithm main loop timer: 0.0192021s (after pruning)

[t=0.0249477s, 26984 KB] Operator mutex starting iteration 1


[t=0.0305995s, 26984 KB] In ts_1_0 of size 1 found num new op-mutexes 0


[t=0.0375661s, 26984 KB] In ts_1_1 of size 1 found num new op-mutexes 0


[t=0.0376695s, 26984 KB] In ts_1_2 of size 2 found num new op-mutexes 0


[t=0.0377558s, 26984 KB] In ts_1_3 of size 2 found num new op-mutexes 0


[t=0.0378629s, 26984 KB] In ts_1_4 of size 2 found num new op-mutexes 0


[t=0.0379641s, 26984 KB] In ts_1_5 of size 2 found num new op-mutexes 0


[t=0.0380637s, 26984 KB] In ts_1_6 of size 2 found num new op-mutexes 0


[t=0.0381533s, 26984 KB] In ts_1_9 of size 2 found num new op-mutexes 0


[t=0.0382897s, 26984 KB] In ts_1_12 of size 2 found num new op-mutexes 0
[t=0.0383255s, 26984 KB] Operator mutex finished iteration 1. Found an additional 0 operator mutexes

[t=0.0383559s, 26984 KB] Next pair of indices: (12, 6)
[t=0.0383793s, 26984 KB] M&S algorithm main loop timer: 0.0326595s (after computation of next merge)
[t=0.0384507s, 26984 KB] M&S algorithm main loop timer: 0.0327473s (after merging)
[t=0.0385005s, 26984 KB] M&S algorithm main loop timer: 0.0327834s (after pruning)

[t=0.0385304s, 26984 KB] Operator mutex starting iteration 2


[t=0.0442395s, 26984 KB] In ts_2_0 of size 1 found num new op-mutexes 0


[t=0.0511782s, 26984 KB] In ts_2_1 of size 1 found num new op-mutexes 0


[t=0.0512768s, 26984 KB] In ts_2_2 of size 2 found num new op-mutexes 0


[t=0.0513847s, 26984 KB] In ts_2_3 of size 2 found num new op-mutexes 0


[t=0.0514904s, 26984 KB] In ts_2_4 of size 2 found num new op-mutexes 0


[t=0.0515992s, 26984 KB] In ts_2_5 of size 2 found num new op-mutexes 0


[t=0.0516832s, 26984 KB] In ts_2_9 of size 2 found num new op-mutexes 0


[t=0.0518206s, 26984 KB] In ts_2_13 of size 2 found num new op-mutexes 0
[t=0.0518569s, 26984 KB] Operator mutex finished iteration 2. Found an additional 0 operator mutexes

[t=0.0518866s, 26984 KB] Next pair of indices: (13, 5)
[t=0.05191s, 26984 KB] M&S algorithm main loop timer: 0.0461902s (after computation of next merge)
[t=0.0519837s, 26984 KB] M&S algorithm main loop timer: 0.0462734s (after merging)
[t=0.0520295s, 26984 KB] M&S algorithm main loop timer: 0.0463126s (after pruning)

[t=0.0520583s, 26984 KB] Operator mutex starting iteration 3


[t=0.0577053s, 26984 KB] In ts_3_0 of size 1 found num new op-mutexes 0


[t=0.0647151s, 26984 KB] In ts_3_1 of size 1 found num new op-mutexes 0


[t=0.0648186s, 26984 KB] In ts_3_2 of size 2 found num new op-mutexes 0


[t=0.0649054s, 26984 KB] In ts_3_3 of size 2 found num new op-mutexes 0


[t=0.0650071s, 26984 KB] In ts_3_4 of size 2 found num new op-mutexes 0


[t=0.0650928s, 26984 KB] In ts_3_9 of size 2 found num new op-mutexes 0


[t=0.0652333s, 26984 KB] In ts_3_14 of size 2 found num new op-mutexes 0
[t=0.0652701s, 26984 KB] Operator mutex finished iteration 3. Found an additional 0 operator mutexes

[t=0.0653001s, 26984 KB] Next pair of indices: (14, 4)
[t=0.0653233s, 26984 KB] M&S algorithm main loop timer: 0.0596034s (after computation of next merge)
[t=0.0653918s, 26984 KB] M&S algorithm main loop timer: 0.0596817s (after merging)
[t=0.0654279s, 26984 KB] M&S algorithm main loop timer: 0.0597093s (after pruning)

[t=0.0654552s, 26984 KB] Operator mutex starting iteration 4


[t=0.0711437s, 26984 KB] In ts_4_0 of size 1 found num new op-mutexes 0


[t=0.0780707s, 26984 KB] In ts_4_1 of size 1 found num new op-mutexes 0


[t=0.0781711s, 26984 KB] In ts_4_2 of size 2 found num new op-mutexes 0


[t=0.0782631s, 26984 KB] In ts_4_3 of size 2 found num new op-mutexes 0


[t=0.0783502s, 26984 KB] In ts_4_9 of size 2 found num new op-mutexes 0


[t=0.0859085s, 27512 KB] In ts_4_15 of size 2 found num new op-mutexes 23616
[t=0.0859574s, 27512 KB] Operator mutex finished iteration 4. Found an additional 23616 operator mutexes

[t=0.0859903s, 27512 KB] Next pair of indices: (15, 3)
[t=0.0860225s, 27512 KB] M&S algorithm main loop timer: 0.0803027s (after computation of next merge)
[t=0.086111s, 27512 KB] M&S algorithm main loop timer: 0.0804005s (after merging)
[t=0.0861528s, 27512 KB] M&S algorithm main loop timer: 0.0804356s (after pruning)

[t=0.0861816s, 27512 KB] Operator mutex starting iteration 5


[t=0.0920629s, 27512 KB] In ts_5_0 of size 1 found num new op-mutexes 0


[t=0.0998536s, 27512 KB] In ts_5_1 of size 1 found num new op-mutexes 0


[t=0.0999523s, 27512 KB] In ts_5_2 of size 2 found num new op-mutexes 0


[t=0.10004s, 27512 KB] In ts_5_9 of size 2 found num new op-mutexes 0


[t=0.126683s, 29224 KB] In ts_5_16 of size 2 found num new op-mutexes 22848
[t=0.126763s, 29224 KB] Operator mutex finished iteration 5. Found an additional 22848 operator mutexes

[t=0.126807s, 29224 KB] Next pair of indices: (16, 2)
[t=0.126831s, 29224 KB] M&S algorithm main loop timer: 0.121111s (after computation of next merge)
[t=0.126933s, 29224 KB] M&S algorithm main loop timer: 0.121224s (after merging)
[t=0.126971s, 29224 KB] M&S algorithm main loop timer: 0.121253s (after pruning)

[t=0.126999s, 29224 KB] Operator mutex starting iteration 6


[t=0.131816s, 29224 KB] In ts_6_0 of size 1 found num new op-mutexes 0


[t=0.138447s, 29224 KB] In ts_6_1 of size 1 found num new op-mutexes 0


[t=0.138549s, 29224 KB] In ts_6_9 of size 2 found num new op-mutexes 0


[t=0.15039s, 29224 KB] In ts_6_17 of size 2 found num new op-mutexes 0
[t=0.150441s, 29224 KB] Operator mutex finished iteration 6. Found an additional 0 operator mutexes

[t=0.150473s, 29224 KB] Next pair of indices: (17, 9)
[t=0.150497s, 29224 KB] M&S algorithm main loop timer: 0.144777s (after computation of next merge)
[t=0.150599s, 29224 KB] M&S algorithm main loop timer: 0.144884s (after merging)
[t=0.150631s, 29224 KB] M&S algorithm main loop timer: 0.144912s (after pruning)

[t=0.150657s, 29224 KB] Operator mutex starting iteration 7


[t=0.155554s, 29224 KB] In ts_7_0 of size 1 found num new op-mutexes 0


[t=0.162273s, 29224 KB] In ts_7_1 of size 1 found num new op-mutexes 0


[t=0.174328s, 29224 KB] In ts_7_18 of size 2 found num new op-mutexes 0
[t=0.174403s, 29224 KB] Operator mutex finished iteration 7. Found an additional 0 operator mutexes

[t=0.174444s, 29224 KB] Next pair of indices: (18, 1)
[t=0.174469s, 29224 KB] M&S algorithm main loop timer: 0.168749s (after computation of next merge)
[t=0.174567s, 29224 KB] M&S algorithm main loop timer: 0.168858s (after merging)

[t=0.174606s, 29224 KB] Operator mutex starting iteration 8


[t=0.179435s, 29224 KB] In ts_8_0 of size 1 found num new op-mutexes 0


[t=0.19237s, 29224 KB] In ts_8_19 of size 2 found num new op-mutexes 0
[t=0.192439s, 29224 KB] Operator mutex finished iteration 8. Found an additional 0 operator mutexes

[t=0.192472s, 29224 KB] Next pair of indices: (19, 0)
[t=0.192495s, 29224 KB] M&S algorithm main loop timer: 0.186775s (after computation of next merge)
[t=0.192589s, 29224 KB] M&S algorithm main loop timer: 0.186879s (after merging)

[t=0.192626s, 29224 KB] Operator mutex starting iteration 9


[t=0.205645s, 29224 KB] In ts_9_20 of size 2 found num new op-mutexes 0
[t=0.205715s, 29224 KB] Operator mutex finished iteration 9. Found an additional 0 operator mutexes

[t=0.205746s, 29224 KB] End of merge-and-shrink algorithm, statistics:
[t=0.205769s, 29224 KB] Main loop runtime: 0.200049s
[t=0.205792s, 29224 KB] Maximum intermediate abstraction size: 4
[t=0.205814s, 29224 KB] Final peak memory increase of merge-and-shrink algorithm: 6492 KB
[t=0.205847s, 29224 KB] Merge-and-shrink algorithm runtime: 0.201554s

[t=0.205872s, 29224 KB] Number of labels: 360
[t=0.205893s, 29224 KB] Total number of operator mutexes: 129408
[t=0.205914s, 29224 KB] Operator Mutex total time: 0.197025s
[t=0.205951s, 29224 KB] Number of remaining factors: 1
[t=0.205982s, 29224 KB] Number of factors kept: 1
[t=0.206004s, 29224 KB] Done initializing merge-and-shrink heuristic.

[t=0.208041s, 29224 KB] Building successor generator...done!
[t=0.210149s, 29224 KB] peak memory difference for successor generator creation: 0 KB
[t=0.21017s, 29224 KB] time for successor generation creation: 0.000162275s
[t=0.2102s, 29224 KB] Variables: 11
[t=0.210222s, 29224 KB] FactPairs: 22
[t=0.210243s, 29224 KB] Bytes per state: 4
[t=0.210378s, 29224 KB] Conducting best first search with reopening closed nodes, (real) bound = 2147483647
[t=0.21044s, 29224 KB] New best heuristic value for merge_and_shrink(op_mutex = op_mutex(use_previous_ops = nasutpo, reachability_strategy = goal), merge_strategy = merge_sccs(order_of_sccs = topological, merge_tree = linear), shrink_strategy = shrink_fh): 1
[t=0.210466s, 29224 KB] g=0, 1 evaluated, 0 expanded
[t=0.210499s, 29224 KB] f = 1, 1 evaluated, 0 expanded
[t=0.210524s, 29224 KB] Initial heuristic value for merge_and_shrink(op_mutex = op_mutex(use_previous_ops = nasutpo, reachability_strategy = goal), merge_strategy = merge_sccs(order_of_sccs = topological, merge_tree = linear), shrink_strategy = shrink_fh): 1
[t=0.210546s, 29224 KB] pruning method: none
[t=0.210578s, 29224 KB] New best heuristic value for merge_and_shrink(op_mutex = op_mutex(use_previous_ops = nasutpo, reachability_strategy = goal), merge_strategy = merge_sccs(order_of_sccs = topological, merge_tree = linear), shrink_strategy = shrink_fh): 0
[t=0.210603s, 29224 KB] g=1, 2 evaluated, 1 expanded
[t=0.210638s, 29224 KB] Solution found!
[t=0.210661s, 29224 KB] Actual search time: 0.000111218s
additionofrohacrossgemdisubstitutedalkene c033 c032 h061 o066 c034 h133 c034 h134 c016 (1)
[t=0.210685s, 29224 KB] Plan length: 1 step(s).
[t=0.210685s, 29224 KB] Plan cost: 1
[t=0.210685s, 29224 KB] Expanded 2 state(s).
[t=0.210685s, 29224 KB] Reopened 0 state(s).
[t=0.210685s, 29224 KB] Evaluated 2 state(s).
[t=0.210685s, 29224 KB] Evaluations: 2
[t=0.210685s, 29224 KB] Generated 16 state(s).
[t=0.210685s, 29224 KB] Dead ends: 0 state(s).
[t=0.210685s, 29224 KB] Expanded until last jump: 0 state(s).
[t=0.210685s, 29224 KB] Reopened until last jump: 0 state(s).
[t=0.210685s, 29224 KB] Evaluated until last jump: 1 state(s).
[t=0.210685s, 29224 KB] Generated until last jump: 0 state(s).
[t=0.210685s, 29224 KB] Number of registered states: 2
[t=0.210685s, 29224 KB] Int hash set load factor: 2/2 = 1
[t=0.210685s, 29224 KB] Int hash set resizes: 1
[t=0.210685s, 29224 KB] Search time: 0.00030755s
[t=0.210685s, 29224 KB] Total time: 0.210685s
Solution found.
Peak memory: 29224 KB
Remove intermediate file output.sas
search exit code: 0

INFO     Running validate.
INFO     validate stdin: None
INFO     validate time limit: None
INFO     validate memory limit: None
INFO     validate command line string: validate domain.pddl problem.pddl sas_plan
Checking plan: sas_plan
Plan executed successfully - checking goal
Plan valid
Final value: 1 

Successful plans:
Value: 1
 sas_plan 1 

validate exit code: 0

