INFO     Running translator.
INFO     translator stdin: None
INFO     translator time limit: 599.97s
INFO     translator memory limit: 7000 MB
INFO     translator command line string: /usr/bin/python3 /user/student.aau.dk/lkar18/downward-projects/downward/experiments/nopo_vs_nasutpo_vs_nelutpo/data/nopo_vs_nasutpo_vs_nelutpo/code-f7902f30c0f47512f07fb7c64cdaf652032f674a_e5e41175/builds/release/bin/translate/translate.py domain.pddl problem.pddl --sas-file output.sas
Parsing...
Parsing: [0.010s CPU, 0.002s wall-clock]
Normalizing task... [0.000s CPU, 0.000s wall-clock]
Instantiating...
Generating Datalog program... [0.000s CPU, 0.000s wall-clock]
Normalizing Datalog program...
Normalizing Datalog program: [0.000s CPU, 0.003s wall-clock]
Preparing model... [0.000s CPU, 0.002s wall-clock]
Generated 42 rules.
Computing model... [0.050s CPU, 0.049s wall-clock]
4036 relevant atoms
1687 auxiliary atoms
5723 final queue length
12658 total queue pushes
Completing instantiation... [0.160s CPU, 0.160s wall-clock]
Instantiating: [0.210s CPU, 0.214s wall-clock]
Computing fact groups...
Finding invariants...
12 initial candidates
Finding invariants: [0.000s CPU, 0.005s wall-clock]
Checking invariant weight... [0.000s CPU, 0.000s wall-clock]
Instantiating groups... [0.000s CPU, 0.003s wall-clock]
Collecting mutex groups... [0.000s CPU, 0.000s wall-clock]
Choosing groups...
0 uncovered facts
Choosing groups: [0.010s CPU, 0.001s wall-clock]
Building translation key... [0.000s CPU, 0.000s wall-clock]
Computing fact groups: [0.010s CPU, 0.011s wall-clock]
Building STRIPS to SAS dictionary... [0.000s CPU, 0.000s wall-clock]
Building dictionary for full mutex groups... [0.000s CPU, 0.000s wall-clock]
Building mutex information...
Building mutex information: [0.000s CPU, 0.000s wall-clock]
Translating task...
Processing axioms...
Simplifying axioms... [0.000s CPU, 0.000s wall-clock]
Translator axioms removed by simplifying: 0
Computing negative axioms... [0.000s CPU, 0.000s wall-clock]
Processing axioms: [0.000s CPU, 0.007s wall-clock]
Translating task: [0.130s CPU, 0.128s wall-clock]
0 effect conditions simplified
0 implied preconditions added
Detecting unreachable propositions...
0 operators removed
0 axioms removed
35 propositions removed
Detecting unreachable propositions: [0.070s CPU, 0.073s wall-clock]
Reordering and filtering variables...
35 of 35 variables necessary.
0 of 35 mutex groups necessary.
3596 of 3596 operators necessary.
0 of 0 axiom rules necessary.
Reordering and filtering variables: [0.020s CPU, 0.018s wall-clock]
Translator variables: 35
Translator derived variables: 0
Translator facts: 292
Translator goal facts: 2
Translator mutex groups: 0
Translator total mutex groups size: 0
Translator operators: 3596
Translator axioms: 0
Translator task size: 21669
Translator peak memory: 56460 KB
Writing output... [0.040s CPU, 0.039s wall-clock]
Done! [0.500s CPU, 0.493s wall-clock]
translate exit code: 0

INFO     Running search (release).
INFO     search stdin: output.sas
INFO     search time limit: 599.42s
INFO     search memory limit: 7000 MB
INFO     search command line string: /user/student.aau.dk/lkar18/downward-projects/downward/experiments/nopo_vs_nasutpo_vs_nelutpo/data/nopo_vs_nasutpo_vs_nelutpo/code-f7902f30c0f47512f07fb7c64cdaf652032f674a_e5e41175/builds/release/bin/downward --search 'astar(merge_and_shrink(op_mutex=op_mutex(use_previous_ops=NeLUTPO, reachability_strategy=goal)))' --internal-plan-file sas_plan < output.sas
[t=3.6394e-05s, 22344 KB] reading input...
[t=0.0130682s, 23336 KB] done reading input!
[t=0.0145324s, 23732 KB] Initializing merge-and-shrink heuristic...
[t=0.0145993s, 23732 KB] Running merge-and-shrink algorithm...
[t=0.0146191s, 23732 KB] Merge strategy options:
[t=0.0146475s, 23732 KB] Type: stateless
[t=0.0146679s, 23732 KB] Merge selector options:
[t=0.0146868s, 23732 KB] Name: score based filtering
[t=0.0147061s, 23732 KB] Merge scoring function:
[t=0.0147251s, 23732 KB] Name: goal relevance
[t=0.0147441s, 23732 KB] Merge scoring function:
[t=0.0147627s, 23732 KB] Name: dfp
[t=0.0147812s, 23732 KB] Merge scoring function:
[t=0.0147997s, 23732 KB] Name: total order
[t=0.0148185s, 23732 KB] Atomic transition system order: reverse level
[t=0.0148406s, 23732 KB] Product transition system order: new to old
[t=0.0148691s, 23732 KB] Consider atomic before product transition systems
[t=0.014889s, 23732 KB] Random seed: -1

[t=0.0149109s, 23732 KB] Options related to size limits and shrinking: 
[t=0.0149305s, 23732 KB] Transition system size limit: 50000
[t=0.0149495s, 23732 KB] Transition system size limit right before merge: 50000
[t=0.0149681s, 23732 KB] Threshold to trigger shrinking right before merge: 1

[t=0.0149892s, 23732 KB] Pruning unreachable states: yes
[t=0.0150086s, 23732 KB] Pruning irrelevant states: yes

[t=0.01503s, 23732 KB] Label reduction disabled

[t=0.0150529s, 23732 KB] Main loop max time in seconds: inf

[t=0.0150769s, 23732 KB] ===============================================================================
[t=0.0150964s, 23732 KB] WARNING! You did not enable label reduction.
This may drastically reduce the performance of merge-and-shrink!
[t=0.0151159s, 23732 KB] ===============================================================================

[t=0.0151381s, 23732 KB] Building atomic transition systems... 
[t=0.0270983s, 46708 KB] M&S algorithm timer: 0.0125509s (after computation of atomic factors)

[t=0.0271769s, 46708 KB] Starting main loop without a time limit.
[t=0.0278515s, 46708 KB] Next pair of indices: (4, 33)
[t=0.027881s, 46708 KB] M&S algorithm main loop timer: 0.00072383s (after computation of next merge)
[t=0.0283043s, 46708 KB] M&S algorithm main loop timer: 0.00115819s (after merging)

[t=0.0283484s, 46708 KB] Operator mutex starting iteration 0
[t=0.0292098s, 46780 KB] In ts_0_0 of size 3 found num new op-mutexes 128
[t=0.0300239s, 46912 KB] In ts_0_1 of size 3 found num new op-mutexes 288
[t=0.0308683s, 46912 KB] In ts_0_2 of size 5 found num new op-mutexes 256
[t=0.0316102s, 46912 KB] In ts_0_3 of size 3 found num new op-mutexes 512
[t=0.0324233s, 46912 KB] In ts_0_5 of size 4 found num new op-mutexes 432
[t=0.0349805s, 46912 KB] In ts_0_6 of size 7 found num new op-mutexes 0
[t=0.0375084s, 46912 KB] In ts_0_7 of size 7 found num new op-mutexes 0
[t=0.0383867s, 46912 KB] In ts_0_8 of size 5 found num new op-mutexes 576
[t=0.0392707s, 46912 KB] In ts_0_9 of size 5 found num new op-mutexes 576
[t=0.0418055s, 46912 KB] In ts_0_10 of size 7 found num new op-mutexes 0
[t=0.0466175s, 46912 KB] In ts_0_11 of size 11 found num new op-mutexes 0
[t=0.0514362s, 46912 KB] In ts_0_12 of size 11 found num new op-mutexes 0
[t=0.0562983s, 47124 KB] In ts_0_13 of size 11 found num new op-mutexes 0
[t=0.0611757s, 47124 KB] In ts_0_14 of size 11 found num new op-mutexes 0
[t=0.0659872s, 47124 KB] In ts_0_15 of size 11 found num new op-mutexes 0
[t=0.0708252s, 47124 KB] In ts_0_16 of size 11 found num new op-mutexes 0
[t=0.0756633s, 47124 KB] In ts_0_17 of size 11 found num new op-mutexes 0
[t=0.0805149s, 47124 KB] In ts_0_18 of size 11 found num new op-mutexes 0
[t=0.0853431s, 47124 KB] In ts_0_19 of size 11 found num new op-mutexes 0
[t=0.0901613s, 47124 KB] In ts_0_20 of size 11 found num new op-mutexes 0
[t=0.0949755s, 47124 KB] In ts_0_21 of size 11 found num new op-mutexes 0
[t=0.0997832s, 47124 KB] In ts_0_22 of size 11 found num new op-mutexes 0
[t=0.10459s, 47124 KB] In ts_0_23 of size 11 found num new op-mutexes 0
[t=0.109401s, 47124 KB] In ts_0_24 of size 11 found num new op-mutexes 0
[t=0.114219s, 47124 KB] In ts_0_25 of size 11 found num new op-mutexes 0
[t=0.119032s, 47124 KB] In ts_0_26 of size 11 found num new op-mutexes 0
[t=0.123832s, 47124 KB] In ts_0_27 of size 11 found num new op-mutexes 0
[t=0.124819s, 47124 KB] In ts_0_28 of size 4 found num new op-mutexes 0
[t=0.125767s, 47124 KB] In ts_0_29 of size 4 found num new op-mutexes 0
[t=0.130581s, 47124 KB] In ts_0_30 of size 11 found num new op-mutexes 0
[t=0.131552s, 47124 KB] In ts_0_31 of size 4 found num new op-mutexes 0
[t=0.132497s, 47124 KB] In ts_0_32 of size 4 found num new op-mutexes 0
[t=0.137308s, 47124 KB] In ts_0_34 of size 11 found num new op-mutexes 0
[t=0.144347s, 47124 KB] In ts_0_35 of size 77 found num new op-mutexes 0
[t=0.144446s, 47124 KB] Operator mutex finished iteration 0. Found an additional 2768 operator mutexes

[t=0.145338s, 47124 KB] Next pair of indices: (0, 35)
[t=0.145367s, 47124 KB] M&S algorithm main loop timer: 0.11821s (after computation of next merge)
[t=0.146031s, 47124 KB] M&S algorithm main loop timer: 0.118892s (after merging)

[t=0.146091s, 47124 KB] Operator mutex starting iteration 1
[t=0.146796s, 47124 KB] In ts_1_1 of size 3 found num new op-mutexes 0
[t=0.147653s, 47124 KB] In ts_1_2 of size 5 found num new op-mutexes 0
[t=0.148408s, 47124 KB] In ts_1_3 of size 3 found num new op-mutexes 0
[t=0.149212s, 47124 KB] In ts_1_5 of size 4 found num new op-mutexes 0
[t=0.151763s, 47124 KB] In ts_1_6 of size 7 found num new op-mutexes 0
[t=0.154298s, 47124 KB] In ts_1_7 of size 7 found num new op-mutexes 0
[t=0.155188s, 47124 KB] In ts_1_8 of size 5 found num new op-mutexes 0
[t=0.156043s, 47124 KB] In ts_1_9 of size 5 found num new op-mutexes 0
[t=0.15863s, 47124 KB] In ts_1_10 of size 7 found num new op-mutexes 0
[t=0.163455s, 47124 KB] In ts_1_11 of size 11 found num new op-mutexes 0
[t=0.168278s, 47124 KB] In ts_1_12 of size 11 found num new op-mutexes 0
[t=0.173115s, 47124 KB] In ts_1_13 of size 11 found num new op-mutexes 0
[t=0.177982s, 47124 KB] In ts_1_14 of size 11 found num new op-mutexes 0
[t=0.182827s, 47124 KB] In ts_1_15 of size 11 found num new op-mutexes 0
[t=0.187709s, 47124 KB] In ts_1_16 of size 11 found num new op-mutexes 0
[t=0.192574s, 47124 KB] In ts_1_17 of size 11 found num new op-mutexes 0
[t=0.197413s, 47124 KB] In ts_1_18 of size 11 found num new op-mutexes 0
[t=0.202262s, 47124 KB] In ts_1_19 of size 11 found num new op-mutexes 0
[t=0.207072s, 47124 KB] In ts_1_20 of size 11 found num new op-mutexes 0
[t=0.211906s, 47124 KB] In ts_1_21 of size 11 found num new op-mutexes 0
[t=0.216738s, 47124 KB] In ts_1_22 of size 11 found num new op-mutexes 0
[t=0.221607s, 47124 KB] In ts_1_23 of size 11 found num new op-mutexes 0
[t=0.226442s, 47124 KB] In ts_1_24 of size 11 found num new op-mutexes 0
[t=0.231285s, 47124 KB] In ts_1_25 of size 11 found num new op-mutexes 0
[t=0.236114s, 47124 KB] In ts_1_26 of size 11 found num new op-mutexes 0
[t=0.240971s, 47124 KB] In ts_1_27 of size 11 found num new op-mutexes 0
[t=0.241948s, 47124 KB] In ts_1_28 of size 4 found num new op-mutexes 0
[t=0.242916s, 47124 KB] In ts_1_29 of size 4 found num new op-mutexes 0
[t=0.247766s, 47124 KB] In ts_1_30 of size 11 found num new op-mutexes 0
[t=0.248764s, 47124 KB] In ts_1_31 of size 4 found num new op-mutexes 0
[t=0.249734s, 47124 KB] In ts_1_32 of size 4 found num new op-mutexes 0
[t=0.254561s, 47124 KB] In ts_1_34 of size 11 found num new op-mutexes 0
[t=0.26251s, 47124 KB] In ts_1_36 of size 231 found num new op-mutexes 0
[t=0.262615s, 47124 KB] Operator mutex finished iteration 1. Found an additional 0 operator mutexes

[t=0.263587s, 47124 KB] Next pair of indices: (1, 36)
[t=0.263617s, 47124 KB] M&S algorithm main loop timer: 0.23646s (after computation of next merge)
[t=0.26463s, 47124 KB] M&S algorithm main loop timer: 0.237513s (after merging)

[t=0.264739s, 47124 KB] Operator mutex starting iteration 2
[t=0.265566s, 47124 KB] In ts_2_2 of size 5 found num new op-mutexes 0
[t=0.266287s, 47124 KB] In ts_2_3 of size 3 found num new op-mutexes 0
[t=0.267092s, 47124 KB] In ts_2_5 of size 4 found num new op-mutexes 0
[t=0.269633s, 47124 KB] In ts_2_6 of size 7 found num new op-mutexes 0
[t=0.272187s, 47124 KB] In ts_2_7 of size 7 found num new op-mutexes 0
[t=0.273069s, 47124 KB] In ts_2_8 of size 5 found num new op-mutexes 0
[t=0.273928s, 47124 KB] In ts_2_9 of size 5 found num new op-mutexes 0
[t=0.276482s, 47124 KB] In ts_2_10 of size 7 found num new op-mutexes 0
[t=0.281317s, 47124 KB] In ts_2_11 of size 11 found num new op-mutexes 0
[t=0.286144s, 47124 KB] In ts_2_12 of size 11 found num new op-mutexes 0
[t=0.290991s, 47124 KB] In ts_2_13 of size 11 found num new op-mutexes 0
[t=0.295848s, 47124 KB] In ts_2_14 of size 11 found num new op-mutexes 0
[t=0.300685s, 47124 KB] In ts_2_15 of size 11 found num new op-mutexes 0
[t=0.305514s, 47124 KB] In ts_2_16 of size 11 found num new op-mutexes 0
[t=0.310377s, 47124 KB] In ts_2_17 of size 11 found num new op-mutexes 0
[t=0.315196s, 47124 KB] In ts_2_18 of size 11 found num new op-mutexes 0
[t=0.320059s, 47124 KB] In ts_2_19 of size 11 found num new op-mutexes 0
[t=0.32488s, 47124 KB] In ts_2_20 of size 11 found num new op-mutexes 0
[t=0.32973s, 47124 KB] In ts_2_21 of size 11 found num new op-mutexes 0
[t=0.334554s, 47124 KB] In ts_2_22 of size 11 found num new op-mutexes 0
[t=0.339393s, 47124 KB] In ts_2_23 of size 11 found num new op-mutexes 0
[t=0.344224s, 47124 KB] In ts_2_24 of size 11 found num new op-mutexes 0
[t=0.349088s, 47124 KB] In ts_2_25 of size 11 found num new op-mutexes 0
[t=0.35392s, 47124 KB] In ts_2_26 of size 11 found num new op-mutexes 0
[t=0.358771s, 47124 KB] In ts_2_27 of size 11 found num new op-mutexes 0
[t=0.359789s, 47124 KB] In ts_2_28 of size 4 found num new op-mutexes 0
[t=0.360746s, 47124 KB] In ts_2_29 of size 4 found num new op-mutexes 0
[t=0.365564s, 47124 KB] In ts_2_30 of size 11 found num new op-mutexes 0
[t=0.366539s, 47124 KB] In ts_2_31 of size 4 found num new op-mutexes 0
[t=0.367515s, 47124 KB] In ts_2_32 of size 4 found num new op-mutexes 0
[t=0.372315s, 47124 KB] In ts_2_34 of size 11 found num new op-mutexes 0
[t=0.382735s, 47124 KB] In ts_2_37 of size 693 found num new op-mutexes 0
[t=0.382855s, 47124 KB] Operator mutex finished iteration 2. Found an additional 0 operator mutexes

[t=0.383781s, 47124 KB] Next pair of indices: (2, 37)
[t=0.383811s, 47124 KB] M&S algorithm main loop timer: 0.356654s (after computation of next merge)
[t=0.387297s, 47124 KB] M&S algorithm main loop timer: 0.360174s (after merging)

[t=0.387566s, 47124 KB] Operator mutex starting iteration 3
[t=0.388276s, 47124 KB] In ts_3_3 of size 3 found num new op-mutexes 0
[t=0.389075s, 47124 KB] In ts_3_5 of size 4 found num new op-mutexes 0
[t=0.391681s, 47124 KB] In ts_3_6 of size 7 found num new op-mutexes 0
[t=0.394243s, 47124 KB] In ts_3_7 of size 7 found num new op-mutexes 0
[t=0.395153s, 47124 KB] In ts_3_8 of size 5 found num new op-mutexes 0
[t=0.396031s, 47124 KB] In ts_3_9 of size 5 found num new op-mutexes 0
[t=0.398616s, 47124 KB] In ts_3_10 of size 7 found num new op-mutexes 0
[t=0.403485s, 47124 KB] In ts_3_11 of size 11 found num new op-mutexes 0
[t=0.408382s, 47124 KB] In ts_3_12 of size 11 found num new op-mutexes 0
[t=0.41324s, 47124 KB] In ts_3_13 of size 11 found num new op-mutexes 0
[t=0.418124s, 47124 KB] In ts_3_14 of size 11 found num new op-mutexes 0
[t=0.423002s, 47124 KB] In ts_3_15 of size 11 found num new op-mutexes 0
[t=0.427889s, 47124 KB] In ts_3_16 of size 11 found num new op-mutexes 0
[t=0.432755s, 47124 KB] In ts_3_17 of size 11 found num new op-mutexes 0
[t=0.43764s, 47124 KB] In ts_3_18 of size 11 found num new op-mutexes 0
[t=0.442506s, 47124 KB] In ts_3_19 of size 11 found num new op-mutexes 0
[t=0.4474s, 47124 KB] In ts_3_20 of size 11 found num new op-mutexes 0
[t=0.452251s, 47124 KB] In ts_3_21 of size 11 found num new op-mutexes 0
[t=0.457142s, 47124 KB] In ts_3_22 of size 11 found num new op-mutexes 0
[t=0.461992s, 47124 KB] In ts_3_23 of size 11 found num new op-mutexes 0
[t=0.466885s, 47124 KB] In ts_3_24 of size 11 found num new op-mutexes 0
[t=0.471753s, 47124 KB] In ts_3_25 of size 11 found num new op-mutexes 0
[t=0.476647s, 47124 KB] In ts_3_26 of size 11 found num new op-mutexes 0
[t=0.481511s, 47124 KB] In ts_3_27 of size 11 found num new op-mutexes 0
[t=0.482507s, 47124 KB] In ts_3_28 of size 4 found num new op-mutexes 0
[t=0.483489s, 47124 KB] In ts_3_29 of size 4 found num new op-mutexes 0
[t=0.488399s, 47124 KB] In ts_3_30 of size 11 found num new op-mutexes 0
[t=0.4894s, 47124 KB] In ts_3_31 of size 4 found num new op-mutexes 0
[t=0.490377s, 47124 KB] In ts_3_32 of size 4 found num new op-mutexes 0
[t=0.49526s, 47124 KB] In ts_3_34 of size 11 found num new op-mutexes 0
[t=0.525278s, 48732 KB] In ts_3_38 of size 3465 found num new op-mutexes 0
[t=0.525523s, 48732 KB] Operator mutex finished iteration 3. Found an additional 0 operator mutexes

[t=0.52651s, 48732 KB] Next pair of indices: (3, 38)
[t=0.526541s, 48732 KB] M&S algorithm main loop timer: 0.499384s (after computation of next merge)
[t=0.538306s, 48732 KB] M&S algorithm main loop timer: 0.511174s (after merging)
[t=0.541114s, 48732 KB] M&S algorithm main loop timer: 0.513969s (after pruning)

[t=0.541154s, 48732 KB] Operator mutex starting iteration 4
[t=0.541934s, 48732 KB] In ts_4_5 of size 4 found num new op-mutexes 0
[t=0.544527s, 48732 KB] In ts_4_6 of size 7 found num new op-mutexes 0
[t=0.54712s, 48732 KB] In ts_4_7 of size 7 found num new op-mutexes 0
[t=0.548014s, 48732 KB] In ts_4_8 of size 5 found num new op-mutexes 0
[t=0.548889s, 48732 KB] In ts_4_9 of size 5 found num new op-mutexes 0
[t=0.55146s, 48732 KB] In ts_4_10 of size 7 found num new op-mutexes 0
[t=0.556334s, 48732 KB] In ts_4_11 of size 11 found num new op-mutexes 0
[t=0.561216s, 48732 KB] In ts_4_12 of size 11 found num new op-mutexes 0
[t=0.566099s, 48732 KB] In ts_4_13 of size 11 found num new op-mutexes 0
[t=0.570962s, 48732 KB] In ts_4_14 of size 11 found num new op-mutexes 0
[t=0.575854s, 48732 KB] In ts_4_15 of size 11 found num new op-mutexes 0
[t=0.58073s, 48732 KB] In ts_4_16 of size 11 found num new op-mutexes 0
[t=0.585627s, 48732 KB] In ts_4_17 of size 11 found num new op-mutexes 0
[t=0.590509s, 48732 KB] In ts_4_18 of size 11 found num new op-mutexes 0
[t=0.595375s, 48732 KB] In ts_4_19 of size 11 found num new op-mutexes 0
[t=0.600241s, 48732 KB] In ts_4_20 of size 11 found num new op-mutexes 0
[t=0.605118s, 48732 KB] In ts_4_21 of size 11 found num new op-mutexes 0
[t=0.610013s, 48732 KB] In ts_4_22 of size 11 found num new op-mutexes 0
[t=0.614861s, 48732 KB] In ts_4_23 of size 11 found num new op-mutexes 0
[t=0.619755s, 48732 KB] In ts_4_24 of size 11 found num new op-mutexes 0
[t=0.624675s, 48732 KB] In ts_4_25 of size 11 found num new op-mutexes 0
[t=0.629606s, 48732 KB] In ts_4_26 of size 11 found num new op-mutexes 0
[t=0.634476s, 48732 KB] In ts_4_27 of size 11 found num new op-mutexes 0
[t=0.635459s, 48732 KB] In ts_4_28 of size 4 found num new op-mutexes 0
[t=0.636425s, 48732 KB] In ts_4_29 of size 4 found num new op-mutexes 0
[t=0.641274s, 48732 KB] In ts_4_30 of size 11 found num new op-mutexes 0
[t=0.642248s, 48732 KB] In ts_4_31 of size 4 found num new op-mutexes 0
[t=0.643237s, 48732 KB] In ts_4_32 of size 4 found num new op-mutexes 0
[t=0.648104s, 48732 KB] In ts_4_34 of size 11 found num new op-mutexes 0
[t=0.6486s, 48732 KB] Operator mutex finished iteration 4. Found an additional 0 operator mutexes

[t=0.649462s, 48732 KB] Next pair of indices: (5, 39)
[t=0.64949s, 48732 KB] M&S algorithm main loop timer: 0.622332s (after computation of next merge)
[t=0.701477s, 51532 KB] M&S algorithm main loop timer: 0.674397s (after merging)
[t=0.713866s, 51532 KB] M&S algorithm main loop timer: 0.686747s (after pruning)

[t=0.713935s, 51532 KB] Operator mutex starting iteration 5
[t=0.716511s, 51532 KB] In ts_5_6 of size 7 found num new op-mutexes 0
[t=0.719133s, 51532 KB] In ts_5_7 of size 7 found num new op-mutexes 0
[t=0.720044s, 51532 KB] In ts_5_8 of size 5 found num new op-mutexes 0
[t=0.72094s, 51532 KB] In ts_5_9 of size 5 found num new op-mutexes 0
[t=0.72354s, 51532 KB] In ts_5_10 of size 7 found num new op-mutexes 0
[t=0.728465s, 51532 KB] In ts_5_11 of size 11 found num new op-mutexes 0
[t=0.733365s, 51532 KB] In ts_5_12 of size 11 found num new op-mutexes 0
[t=0.738313s, 51532 KB] In ts_5_13 of size 11 found num new op-mutexes 0
[t=0.743199s, 51532 KB] In ts_5_14 of size 11 found num new op-mutexes 0
[t=0.748131s, 51532 KB] In ts_5_15 of size 11 found num new op-mutexes 0
[t=0.753012s, 51532 KB] In ts_5_16 of size 11 found num new op-mutexes 0
[t=0.75797s, 51532 KB] In ts_5_17 of size 11 found num new op-mutexes 0
[t=0.762861s, 51532 KB] In ts_5_18 of size 11 found num new op-mutexes 0
[t=0.767763s, 51532 KB] In ts_5_19 of size 11 found num new op-mutexes 0
[t=0.772647s, 51532 KB] In ts_5_20 of size 11 found num new op-mutexes 0
[t=0.777612s, 51532 KB] In ts_5_21 of size 11 found num new op-mutexes 0
[t=0.782618s, 51532 KB] In ts_5_22 of size 11 found num new op-mutexes 0
[t=0.787552s, 51532 KB] In ts_5_23 of size 11 found num new op-mutexes 0
[t=0.79244s, 51532 KB] In ts_5_24 of size 11 found num new op-mutexes 0
[t=0.797394s, 51532 KB] In ts_5_25 of size 11 found num new op-mutexes 0
[t=0.802307s, 51532 KB] In ts_5_26 of size 11 found num new op-mutexes 0
[t=0.807272s, 51532 KB] In ts_5_27 of size 11 found num new op-mutexes 0
[t=0.808282s, 51532 KB] In ts_5_28 of size 4 found num new op-mutexes 0
[t=0.809288s, 51532 KB] In ts_5_29 of size 4 found num new op-mutexes 0
[t=0.814226s, 51532 KB] In ts_5_30 of size 11 found num new op-mutexes 0
[t=0.815242s, 51532 KB] In ts_5_31 of size 4 found num new op-mutexes 0
[t=0.816226s, 51532 KB] In ts_5_32 of size 4 found num new op-mutexes 0
[t=0.821156s, 51532 KB] In ts_5_34 of size 11 found num new op-mutexes 0
[t=0.822329s, 51532 KB] Operator mutex finished iteration 5. Found an additional 0 operator mutexes

[t=0.823662s, 51532 KB] Next pair of indices: (6, 34)
[t=0.823693s, 51532 KB] M&S algorithm main loop timer: 0.796536s (after computation of next merge)
[t=0.824252s, 51532 KB] M&S algorithm main loop timer: 0.797108s (after merging)

[t=0.824299s, 51532 KB] Operator mutex starting iteration 6
[t=0.826856s, 51532 KB] In ts_6_7 of size 7 found num new op-mutexes 0
[t=0.827739s, 51532 KB] In ts_6_8 of size 5 found num new op-mutexes 0
[t=0.828605s, 51532 KB] In ts_6_9 of size 5 found num new op-mutexes 0
[t=0.831161s, 51532 KB] In ts_6_10 of size 7 found num new op-mutexes 0
[t=0.83608s, 51532 KB] In ts_6_11 of size 11 found num new op-mutexes 0
[t=0.841024s, 51532 KB] In ts_6_12 of size 11 found num new op-mutexes 0
[t=0.845939s, 51532 KB] In ts_6_13 of size 11 found num new op-mutexes 0
[t=0.850879s, 51532 KB] In ts_6_14 of size 11 found num new op-mutexes 0
[t=0.855805s, 51532 KB] In ts_6_15 of size 11 found num new op-mutexes 0
[t=0.860725s, 51532 KB] In ts_6_16 of size 11 found num new op-mutexes 0
[t=0.865659s, 51532 KB] In ts_6_17 of size 11 found num new op-mutexes 0
[t=0.87057s, 51532 KB] In ts_6_18 of size 11 found num new op-mutexes 0
[t=0.875485s, 51532 KB] In ts_6_19 of size 11 found num new op-mutexes 0
[t=0.880404s, 51532 KB] In ts_6_20 of size 11 found num new op-mutexes 0
[t=0.885416s, 51532 KB] In ts_6_21 of size 11 found num new op-mutexes 0
[t=0.890362s, 51532 KB] In ts_6_22 of size 11 found num new op-mutexes 0
[t=0.895283s, 51532 KB] In ts_6_23 of size 11 found num new op-mutexes 0
[t=0.900191s, 51532 KB] In ts_6_24 of size 11 found num new op-mutexes 0
[t=0.905105s, 51532 KB] In ts_6_25 of size 11 found num new op-mutexes 0
[t=0.910008s, 51532 KB] In ts_6_26 of size 11 found num new op-mutexes 0
[t=0.914914s, 51532 KB] In ts_6_27 of size 11 found num new op-mutexes 0
[t=0.9159s, 51532 KB] In ts_6_28 of size 4 found num new op-mutexes 0
[t=0.916876s, 51532 KB] In ts_6_29 of size 4 found num new op-mutexes 0
[t=0.921754s, 51532 KB] In ts_6_30 of size 11 found num new op-mutexes 0
[t=0.922732s, 51532 KB] In ts_6_31 of size 4 found num new op-mutexes 0
[t=0.923704s, 51532 KB] In ts_6_32 of size 4 found num new op-mutexes 0
[t=0.931911s, 51532 KB] In ts_6_41 of size 77 found num new op-mutexes 0
[t=0.932025s, 51532 KB] Operator mutex finished iteration 6. Found an additional 0 operator mutexes

[t=0.933494s, 51532 KB] Next pair of indices: (7, 41)
[t=0.933526s, 51532 KB] M&S algorithm main loop timer: 0.906368s (after computation of next merge)
[t=0.934488s, 51532 KB] M&S algorithm main loop timer: 0.90737s (after merging)

[t=0.934585s, 51532 KB] Operator mutex starting iteration 7
[t=0.935446s, 51532 KB] In ts_7_8 of size 5 found num new op-mutexes 0
[t=0.936359s, 51532 KB] In ts_7_9 of size 5 found num new op-mutexes 0
[t=0.938963s, 51532 KB] In ts_7_10 of size 7 found num new op-mutexes 0
[t=0.943882s, 51532 KB] In ts_7_11 of size 11 found num new op-mutexes 0
[t=0.948793s, 51532 KB] In ts_7_12 of size 11 found num new op-mutexes 0
[t=0.953733s, 51532 KB] In ts_7_13 of size 11 found num new op-mutexes 0
[t=0.958661s, 51532 KB] In ts_7_14 of size 11 found num new op-mutexes 0
[t=0.963626s, 51532 KB] In ts_7_15 of size 11 found num new op-mutexes 0
[t=0.968509s, 51532 KB] In ts_7_16 of size 11 found num new op-mutexes 0
[t=0.973448s, 51532 KB] In ts_7_17 of size 11 found num new op-mutexes 0
[t=0.978356s, 51532 KB] In ts_7_18 of size 11 found num new op-mutexes 0
[t=0.983284s, 51532 KB] In ts_7_19 of size 11 found num new op-mutexes 0
[t=0.988178s, 51532 KB] In ts_7_20 of size 11 found num new op-mutexes 0
[t=0.993103s, 51532 KB] In ts_7_21 of size 11 found num new op-mutexes 0
[t=0.997982s, 51532 KB] In ts_7_22 of size 11 found num new op-mutexes 0
[t=1.0029s, 51532 KB] In ts_7_23 of size 11 found num new op-mutexes 0
[t=1.0078s, 51532 KB] In ts_7_24 of size 11 found num new op-mutexes 0
[t=1.01271s, 51532 KB] In ts_7_25 of size 11 found num new op-mutexes 0
[t=1.0176s, 51532 KB] In ts_7_26 of size 11 found num new op-mutexes 0
[t=1.0225s, 51532 KB] In ts_7_27 of size 11 found num new op-mutexes 0
[t=1.02351s, 51532 KB] In ts_7_28 of size 4 found num new op-mutexes 0
[t=1.0245s, 51532 KB] In ts_7_29 of size 4 found num new op-mutexes 0
[t=1.02937s, 51532 KB] In ts_7_30 of size 11 found num new op-mutexes 0
[t=1.03038s, 51532 KB] In ts_7_31 of size 4 found num new op-mutexes 0
[t=1.03138s, 51532 KB] In ts_7_32 of size 4 found num new op-mutexes 0
[t=1.043s, 51532 KB] In ts_7_42 of size 539 found num new op-mutexes 0
[t=1.04319s, 51532 KB] Operator mutex finished iteration 7. Found an additional 0 operator mutexes

[t=1.04462s, 51532 KB] Next pair of indices: (8, 42)
[t=1.04466s, 51532 KB] M&S algorithm main loop timer: 1.0175s (after computation of next merge)
[t=1.04779s, 51532 KB] M&S algorithm main loop timer: 1.02066s (after merging)

[t=1.04798s, 51532 KB] Operator mutex starting iteration 8
[t=1.04887s, 51532 KB] In ts_8_9 of size 5 found num new op-mutexes 0
[t=1.05145s, 51532 KB] In ts_8_10 of size 7 found num new op-mutexes 0
[t=1.05639s, 51532 KB] In ts_8_11 of size 11 found num new op-mutexes 0
[t=1.06135s, 51532 KB] In ts_8_12 of size 11 found num new op-mutexes 0
[t=1.06635s, 51532 KB] In ts_8_13 of size 11 found num new op-mutexes 0
[t=1.07139s, 51532 KB] In ts_8_14 of size 11 found num new op-mutexes 0
[t=1.07644s, 51532 KB] In ts_8_15 of size 11 found num new op-mutexes 0
[t=1.08144s, 51532 KB] In ts_8_16 of size 11 found num new op-mutexes 0
[t=1.08643s, 51532 KB] In ts_8_17 of size 11 found num new op-mutexes 0
[t=1.09141s, 51532 KB] In ts_8_18 of size 11 found num new op-mutexes 0
[t=1.09642s, 51532 KB] In ts_8_19 of size 11 found num new op-mutexes 0
[t=1.1014s, 51532 KB] In ts_8_20 of size 11 found num new op-mutexes 0
[t=1.10641s, 51532 KB] In ts_8_21 of size 11 found num new op-mutexes 0
[t=1.11143s, 51532 KB] In ts_8_22 of size 11 found num new op-mutexes 0
[t=1.11648s, 51532 KB] In ts_8_23 of size 11 found num new op-mutexes 0
[t=1.12153s, 51532 KB] In ts_8_24 of size 11 found num new op-mutexes 0
[t=1.1266s, 51532 KB] In ts_8_25 of size 11 found num new op-mutexes 0
[t=1.13164s, 51532 KB] In ts_8_26 of size 11 found num new op-mutexes 0
[t=1.13667s, 51532 KB] In ts_8_27 of size 11 found num new op-mutexes 0
[t=1.13775s, 51532 KB] In ts_8_28 of size 4 found num new op-mutexes 0
[t=1.13873s, 51532 KB] In ts_8_29 of size 4 found num new op-mutexes 0
[t=1.1437s, 51532 KB] In ts_8_30 of size 11 found num new op-mutexes 0
[t=1.14475s, 51532 KB] In ts_8_31 of size 4 found num new op-mutexes 0
[t=1.14571s, 51532 KB] In ts_8_32 of size 4 found num new op-mutexes 0
[t=1.167s, 51532 KB] In ts_8_43 of size 2695 found num new op-mutexes 0
[t=1.16719s, 51532 KB] Operator mutex finished iteration 8. Found an additional 0 operator mutexes

[t=1.1687s, 51532 KB] Next pair of indices: (9, 43)
[t=1.16873s, 51532 KB] M&S algorithm main loop timer: 1.14158s (after computation of next merge)
[t=1.18563s, 51532 KB] M&S algorithm main loop timer: 1.15853s (after merging)

[t=1.18649s, 51532 KB] Operator mutex starting iteration 9
[t=1.18912s, 51532 KB] In ts_9_10 of size 7 found num new op-mutexes 0
[t=1.19416s, 51532 KB] In ts_9_11 of size 11 found num new op-mutexes 0
[t=1.19917s, 51532 KB] In ts_9_12 of size 11 found num new op-mutexes 0
[t=1.20422s, 51532 KB] In ts_9_13 of size 11 found num new op-mutexes 0
[t=1.20924s, 51532 KB] In ts_9_14 of size 11 found num new op-mutexes 0
[t=1.21431s, 51532 KB] In ts_9_15 of size 11 found num new op-mutexes 0
[t=1.21935s, 51532 KB] In ts_9_16 of size 11 found num new op-mutexes 0
[t=1.22441s, 51532 KB] In ts_9_17 of size 11 found num new op-mutexes 0
[t=1.22944s, 51532 KB] In ts_9_18 of size 11 found num new op-mutexes 0
[t=1.23449s, 51532 KB] In ts_9_19 of size 11 found num new op-mutexes 0
[t=1.2395s, 51532 KB] In ts_9_20 of size 11 found num new op-mutexes 0
[t=1.24456s, 51532 KB] In ts_9_21 of size 11 found num new op-mutexes 0
[t=1.24963s, 51532 KB] In ts_9_22 of size 11 found num new op-mutexes 0
[t=1.25469s, 51532 KB] In ts_9_23 of size 11 found num new op-mutexes 0
[t=1.25977s, 51532 KB] In ts_9_24 of size 11 found num new op-mutexes 0
[t=1.26482s, 51532 KB] In ts_9_25 of size 11 found num new op-mutexes 0
[t=1.2699s, 51532 KB] In ts_9_26 of size 11 found num new op-mutexes 0
[t=1.27496s, 51532 KB] In ts_9_27 of size 11 found num new op-mutexes 0
[t=1.27607s, 51532 KB] In ts_9_28 of size 4 found num new op-mutexes 0
[t=1.2771s, 51532 KB] In ts_9_29 of size 4 found num new op-mutexes 0
[t=1.28211s, 51532 KB] In ts_9_30 of size 11 found num new op-mutexes 0
[t=1.28319s, 51532 KB] In ts_9_31 of size 4 found num new op-mutexes 0
[t=1.28423s, 51532 KB] In ts_9_32 of size 4 found num new op-mutexes 0
[t=1.28592s, 51532 KB] Operator mutex finished iteration 9. Found an additional 0 operator mutexes

[t=1.28733s, 51532 KB] Next pair of indices: (10, 44)
[t=1.28737s, 51532 KB] M&S algorithm main loop timer: 1.26021s (after computation of next merge)
[t=1.31131s, 51532 KB] M&S algorithm main loop timer: 1.28439s (after shrinking)
[t=1.34596s, 51532 KB] M&S algorithm main loop timer: 1.31884s (after merging)

[t=1.34754s, 51532 KB] Operator mutex starting iteration 10
[t=1.35249s, 51532 KB] In ts_10_11 of size 11 found num new op-mutexes 0
[t=1.35745s, 51532 KB] In ts_10_12 of size 11 found num new op-mutexes 0
[t=1.36254s, 51532 KB] In ts_10_13 of size 11 found num new op-mutexes 0
[t=1.36749s, 51532 KB] In ts_10_14 of size 11 found num new op-mutexes 0
[t=1.37261s, 51532 KB] In ts_10_15 of size 11 found num new op-mutexes 0
[t=1.37755s, 51532 KB] In ts_10_16 of size 11 found num new op-mutexes 0
[t=1.38251s, 51532 KB] In ts_10_17 of size 11 found num new op-mutexes 0
[t=1.38744s, 51532 KB] In ts_10_18 of size 11 found num new op-mutexes 0
[t=1.39238s, 51532 KB] In ts_10_19 of size 11 found num new op-mutexes 0
[t=1.39732s, 51532 KB] In ts_10_20 of size 11 found num new op-mutexes 0
[t=1.40226s, 51532 KB] In ts_10_21 of size 11 found num new op-mutexes 0
[t=1.40719s, 51532 KB] In ts_10_22 of size 11 found num new op-mutexes 0
[t=1.41212s, 51532 KB] In ts_10_23 of size 11 found num new op-mutexes 0
[t=1.41706s, 51532 KB] In ts_10_24 of size 11 found num new op-mutexes 0
[t=1.42199s, 51532 KB] In ts_10_25 of size 11 found num new op-mutexes 0
[t=1.42691s, 51532 KB] In ts_10_26 of size 11 found num new op-mutexes 0
[t=1.43184s, 51532 KB] In ts_10_27 of size 11 found num new op-mutexes 0
[t=1.43285s, 51532 KB] In ts_10_28 of size 4 found num new op-mutexes 0
[t=1.43383s, 51532 KB] In ts_10_29 of size 4 found num new op-mutexes 0
[t=1.43874s, 51532 KB] In ts_10_30 of size 11 found num new op-mutexes 0
[t=1.43974s, 51532 KB] In ts_10_31 of size 4 found num new op-mutexes 0
[t=1.44074s, 51532 KB] In ts_10_32 of size 4 found num new op-mutexes 0
[t=1.44293s, 52252 KB] Operator mutex finished iteration 10. Found an additional 0 operator mutexes

[t=1.4446s, 52252 KB] Next pair of indices: (11, 45)
[t=1.44464s, 52252 KB] M&S algorithm main loop timer: 1.41748s (after computation of next merge)
[t=1.4877s, 54364 KB] M&S algorithm main loop timer: 1.46078s (after shrinking)
[t=1.4884s, 54364 KB] M&S algorithm main loop timer: 1.46126s (after merging)

[t=1.48845s, 54364 KB] Operator mutex starting iteration 11
[t=1.49337s, 54364 KB] In ts_11_12 of size 11 found num new op-mutexes 0
[t=1.49827s, 54364 KB] In ts_11_13 of size 11 found num new op-mutexes 0
[t=1.50316s, 54364 KB] In ts_11_14 of size 11 found num new op-mutexes 0
[t=1.50805s, 54364 KB] In ts_11_15 of size 11 found num new op-mutexes 0
[t=1.51297s, 54364 KB] In ts_11_16 of size 11 found num new op-mutexes 0
[t=1.51785s, 54364 KB] In ts_11_17 of size 11 found num new op-mutexes 0
[t=1.52277s, 54364 KB] In ts_11_18 of size 11 found num new op-mutexes 0
[t=1.52767s, 54364 KB] In ts_11_19 of size 11 found num new op-mutexes 0
[t=1.53263s, 54364 KB] In ts_11_20 of size 11 found num new op-mutexes 0
[t=1.53752s, 54364 KB] In ts_11_21 of size 11 found num new op-mutexes 0
[t=1.54243s, 54364 KB] In ts_11_22 of size 11 found num new op-mutexes 0
[t=1.54731s, 54364 KB] In ts_11_23 of size 11 found num new op-mutexes 0
[t=1.55223s, 54364 KB] In ts_11_24 of size 11 found num new op-mutexes 0
[t=1.55709s, 54364 KB] In ts_11_25 of size 11 found num new op-mutexes 0
[t=1.56203s, 54364 KB] In ts_11_26 of size 11 found num new op-mutexes 0
[t=1.56691s, 54364 KB] In ts_11_27 of size 11 found num new op-mutexes 0
[t=1.56792s, 54364 KB] In ts_11_28 of size 4 found num new op-mutexes 0
[t=1.56894s, 54364 KB] In ts_11_29 of size 4 found num new op-mutexes 0
[t=1.57385s, 54364 KB] In ts_11_30 of size 11 found num new op-mutexes 0
[t=1.57484s, 54364 KB] In ts_11_31 of size 4 found num new op-mutexes 0
[t=1.57585s, 54364 KB] In ts_11_32 of size 4 found num new op-mutexes 0
[t=1.58304s, 54364 KB] In ts_11_46 of size 44 found num new op-mutexes 0
[t=1.58315s, 54364 KB] Operator mutex finished iteration 11. Found an additional 0 operator mutexes

[t=1.58434s, 54364 KB] Next pair of indices: (12, 40)
[t=1.58437s, 54364 KB] M&S algorithm main loop timer: 1.55721s (after computation of next merge)
[t=1.64338s, 54364 KB] M&S algorithm main loop timer: 1.61667s (after shrinking)
[t=1.68096s, 54364 KB] M&S algorithm main loop timer: 1.65383s (after merging)

[t=1.68318s, 54364 KB] Operator mutex starting iteration 12
[t=1.68808s, 54364 KB] In ts_12_13 of size 11 found num new op-mutexes 0
[t=1.69299s, 54364 KB] In ts_12_14 of size 11 found num new op-mutexes 0
[t=1.69796s, 54364 KB] In ts_12_15 of size 11 found num new op-mutexes 0
[t=1.7029s, 54364 KB] In ts_12_16 of size 11 found num new op-mutexes 0
[t=1.70783s, 54364 KB] In ts_12_17 of size 11 found num new op-mutexes 0
[t=1.71275s, 54364 KB] In ts_12_18 of size 11 found num new op-mutexes 0
[t=1.71765s, 54364 KB] In ts_12_19 of size 11 found num new op-mutexes 0
[t=1.72258s, 54364 KB] In ts_12_20 of size 11 found num new op-mutexes 0
[t=1.72749s, 54364 KB] In ts_12_21 of size 11 found num new op-mutexes 0
[t=1.73239s, 54364 KB] In ts_12_22 of size 11 found num new op-mutexes 0
[t=1.73727s, 54364 KB] In ts_12_23 of size 11 found num new op-mutexes 0
[t=1.74218s, 54364 KB] In ts_12_24 of size 11 found num new op-mutexes 0
[t=1.74709s, 54364 KB] In ts_12_25 of size 11 found num new op-mutexes 0
[t=1.752s, 54364 KB] In ts_12_26 of size 11 found num new op-mutexes 0
[t=1.75699s, 54364 KB] In ts_12_27 of size 11 found num new op-mutexes 0
[t=1.758s, 54364 KB] In ts_12_28 of size 4 found num new op-mutexes 0
[t=1.75901s, 54364 KB] In ts_12_29 of size 4 found num new op-mutexes 0
[t=1.76394s, 54364 KB] In ts_12_30 of size 11 found num new op-mutexes 0
[t=1.76493s, 54364 KB] In ts_12_31 of size 4 found num new op-mutexes 0
[t=1.76591s, 54364 KB] In ts_12_32 of size 4 found num new op-mutexes 0
[t=1.77213s, 54364 KB] In ts_12_46 of size 44 found num new op-mutexes 0
[t=1.77346s, 54364 KB] Operator mutex finished iteration 12. Found an additional 0 operator mutexes

[t=1.77458s, 54364 KB] Next pair of indices: (13, 47)
[t=1.77462s, 54364 KB] M&S algorithm main loop timer: 1.74747s (after computation of next merge)
[t=1.8282s, 54364 KB] M&S algorithm main loop timer: 1.80137s (after shrinking)
[t=1.82897s, 54364 KB] M&S algorithm main loop timer: 1.80182s (after merging)

[t=1.82901s, 54364 KB] Operator mutex starting iteration 13
[t=1.83394s, 54364 KB] In ts_13_14 of size 11 found num new op-mutexes 0
[t=1.83886s, 54364 KB] In ts_13_15 of size 11 found num new op-mutexes 0
[t=1.84374s, 54364 KB] In ts_13_16 of size 11 found num new op-mutexes 0
[t=1.84863s, 54364 KB] In ts_13_17 of size 11 found num new op-mutexes 0
[t=1.8535s, 54364 KB] In ts_13_18 of size 11 found num new op-mutexes 0
[t=1.85842s, 54364 KB] In ts_13_19 of size 11 found num new op-mutexes 0
[t=1.8633s, 54364 KB] In ts_13_20 of size 11 found num new op-mutexes 0
[t=1.86822s, 54364 KB] In ts_13_21 of size 11 found num new op-mutexes 0
[t=1.87312s, 54364 KB] In ts_13_22 of size 11 found num new op-mutexes 0
[t=1.87803s, 54364 KB] In ts_13_23 of size 11 found num new op-mutexes 0
[t=1.88292s, 54364 KB] In ts_13_24 of size 11 found num new op-mutexes 0
[t=1.88784s, 54364 KB] In ts_13_25 of size 11 found num new op-mutexes 0
[t=1.89272s, 54364 KB] In ts_13_26 of size 11 found num new op-mutexes 0
[t=1.89763s, 54364 KB] In ts_13_27 of size 11 found num new op-mutexes 0
[t=1.89864s, 54364 KB] In ts_13_28 of size 4 found num new op-mutexes 0
[t=1.89962s, 54364 KB] In ts_13_29 of size 4 found num new op-mutexes 0
[t=1.90453s, 54364 KB] In ts_13_30 of size 11 found num new op-mutexes 0
[t=1.90551s, 54364 KB] In ts_13_31 of size 4 found num new op-mutexes 0
[t=1.9065s, 54364 KB] In ts_13_32 of size 4 found num new op-mutexes 0
[t=1.91272s, 54364 KB] In ts_13_46 of size 44 found num new op-mutexes 0
[t=1.91909s, 54364 KB] In ts_13_48 of size 44 found num new op-mutexes 0
[t=1.9192s, 54364 KB] Operator mutex finished iteration 13. Found an additional 0 operator mutexes

[t=1.91979s, 54364 KB] Next pair of indices: (14, 48)
[t=1.91981s, 54364 KB] M&S algorithm main loop timer: 1.89266s (after computation of next merge)
[t=1.92083s, 54364 KB] M&S algorithm main loop timer: 1.8937s (after merging)

[t=1.92092s, 54364 KB] Operator mutex starting iteration 14
[t=1.92577s, 54364 KB] In ts_14_15 of size 11 found num new op-mutexes 0
[t=1.93069s, 54364 KB] In ts_14_16 of size 11 found num new op-mutexes 0
[t=1.93558s, 54364 KB] In ts_14_17 of size 11 found num new op-mutexes 0
[t=1.94049s, 54364 KB] In ts_14_18 of size 11 found num new op-mutexes 0
[t=1.94539s, 54364 KB] In ts_14_19 of size 11 found num new op-mutexes 0
[t=1.95032s, 54364 KB] In ts_14_20 of size 11 found num new op-mutexes 0
[t=1.95522s, 54364 KB] In ts_14_21 of size 11 found num new op-mutexes 0
[t=1.96015s, 54364 KB] In ts_14_22 of size 11 found num new op-mutexes 0
[t=1.96505s, 54364 KB] In ts_14_23 of size 11 found num new op-mutexes 0
[t=1.97001s, 54364 KB] In ts_14_24 of size 11 found num new op-mutexes 0
[t=1.97506s, 54364 KB] In ts_14_25 of size 11 found num new op-mutexes 0
[t=1.97999s, 54364 KB] In ts_14_26 of size 11 found num new op-mutexes 0
[t=1.98498s, 54364 KB] In ts_14_27 of size 11 found num new op-mutexes 0
[t=1.98599s, 54364 KB] In ts_14_28 of size 4 found num new op-mutexes 0
[t=1.987s, 54364 KB] In ts_14_29 of size 4 found num new op-mutexes 0
[t=1.9919s, 54364 KB] In ts_14_30 of size 11 found num new op-mutexes 0
[t=1.99289s, 54364 KB] In ts_14_31 of size 4 found num new op-mutexes 0
[t=1.99388s, 54364 KB] In ts_14_32 of size 4 found num new op-mutexes 0
[t=2.00008s, 54364 KB] In ts_14_46 of size 44 found num new op-mutexes 0
[t=2.01327s, 54364 KB] In ts_14_49 of size 484 found num new op-mutexes 0
[t=2.01338s, 54364 KB] Operator mutex finished iteration 14. Found an additional 0 operator mutexes

[t=2.01393s, 54364 KB] Next pair of indices: (15, 49)
[t=2.01396s, 54364 KB] M&S algorithm main loop timer: 1.9868s (after computation of next merge)
[t=2.02378s, 54364 KB] M&S algorithm main loop timer: 1.99666s (after merging)

[t=2.02412s, 54364 KB] Operator mutex starting iteration 15
[t=2.029s, 54364 KB] In ts_15_16 of size 11 found num new op-mutexes 0
[t=2.03391s, 54364 KB] In ts_15_17 of size 11 found num new op-mutexes 0
[t=2.03882s, 54364 KB] In ts_15_18 of size 11 found num new op-mutexes 0
[t=2.04372s, 54364 KB] In ts_15_19 of size 11 found num new op-mutexes 0
[t=2.04863s, 54364 KB] In ts_15_20 of size 11 found num new op-mutexes 0
[t=2.05353s, 54364 KB] In ts_15_21 of size 11 found num new op-mutexes 0
[t=2.05847s, 54364 KB] In ts_15_22 of size 11 found num new op-mutexes 0
[t=2.06338s, 54364 KB] In ts_15_23 of size 11 found num new op-mutexes 0
[t=2.0683s, 54364 KB] In ts_15_24 of size 11 found num new op-mutexes 0
[t=2.07321s, 54364 KB] In ts_15_25 of size 11 found num new op-mutexes 0
[t=2.07811s, 54364 KB] In ts_15_26 of size 11 found num new op-mutexes 0
[t=2.08303s, 54364 KB] In ts_15_27 of size 11 found num new op-mutexes 0
[t=2.08403s, 54364 KB] In ts_15_28 of size 4 found num new op-mutexes 0
[t=2.08501s, 54364 KB] In ts_15_29 of size 4 found num new op-mutexes 0
[t=2.08995s, 54364 KB] In ts_15_30 of size 11 found num new op-mutexes 0
[t=2.09094s, 54364 KB] In ts_15_31 of size 4 found num new op-mutexes 0
[t=2.09193s, 54364 KB] In ts_15_32 of size 4 found num new op-mutexes 0
[t=2.09816s, 54364 KB] In ts_15_46 of size 44 found num new op-mutexes 0
[t=2.09872s, 54364 KB] Operator mutex finished iteration 15. Found an additional 0 operator mutexes

[t=2.09935s, 54364 KB] Next pair of indices: (16, 50)
[t=2.09938s, 54364 KB] M&S algorithm main loop timer: 2.07222s (after computation of next merge)
[t=2.11765s, 54364 KB] M&S algorithm main loop timer: 2.09058s (after shrinking)
[t=2.23682s, 61220 KB] M&S algorithm main loop timer: 2.2097s (after merging)

[t=2.23932s, 61220 KB] Operator mutex starting iteration 16
[t=2.24426s, 61220 KB] In ts_16_17 of size 11 found num new op-mutexes 0
[t=2.24924s, 61220 KB] In ts_16_18 of size 11 found num new op-mutexes 0
[t=2.25415s, 61220 KB] In ts_16_19 of size 11 found num new op-mutexes 0
[t=2.25913s, 61220 KB] In ts_16_20 of size 11 found num new op-mutexes 0
[t=2.26406s, 61220 KB] In ts_16_21 of size 11 found num new op-mutexes 0
[t=2.26904s, 61220 KB] In ts_16_22 of size 11 found num new op-mutexes 0
[t=2.27411s, 61220 KB] In ts_16_23 of size 11 found num new op-mutexes 0
[t=2.27908s, 61220 KB] In ts_16_24 of size 11 found num new op-mutexes 0
[t=2.284s, 61220 KB] In ts_16_25 of size 11 found num new op-mutexes 0
[t=2.289s, 61220 KB] In ts_16_26 of size 11 found num new op-mutexes 0
[t=2.29395s, 61220 KB] In ts_16_27 of size 11 found num new op-mutexes 0
[t=2.29495s, 61220 KB] In ts_16_28 of size 4 found num new op-mutexes 0
[t=2.29597s, 61220 KB] In ts_16_29 of size 4 found num new op-mutexes 0
[t=2.30092s, 61220 KB] In ts_16_30 of size 11 found num new op-mutexes 0
[t=2.30193s, 61220 KB] In ts_16_31 of size 4 found num new op-mutexes 0
[t=2.30292s, 61220 KB] In ts_16_32 of size 4 found num new op-mutexes 0
[t=2.30921s, 61220 KB] In ts_16_46 of size 44 found num new op-mutexes 0
[t=2.31346s, 63184 KB] Operator mutex finished iteration 16. Found an additional 0 operator mutexes

[t=2.31576s, 63184 KB] Next pair of indices: (17, 51)
[t=2.31579s, 63184 KB] M&S algorithm main loop timer: 2.28864s (after computation of next merge)
[t=2.46872s, 72064 KB] M&S algorithm main loop timer: 2.44191s (after shrinking)
[t=2.46951s, 72064 KB] M&S algorithm main loop timer: 2.44237s (after merging)

[t=2.46956s, 72064 KB] Operator mutex starting iteration 17
[t=2.47448s, 72064 KB] In ts_17_18 of size 11 found num new op-mutexes 0
[t=2.47939s, 72064 KB] In ts_17_19 of size 11 found num new op-mutexes 0
[t=2.48429s, 72064 KB] In ts_17_20 of size 11 found num new op-mutexes 0
[t=2.48917s, 72064 KB] In ts_17_21 of size 11 found num new op-mutexes 0
[t=2.49406s, 72064 KB] In ts_17_22 of size 11 found num new op-mutexes 0
[t=2.49897s, 72064 KB] In ts_17_23 of size 11 found num new op-mutexes 0
[t=2.50386s, 72064 KB] In ts_17_24 of size 11 found num new op-mutexes 0
[t=2.50878s, 72064 KB] In ts_17_25 of size 11 found num new op-mutexes 0
[t=2.51364s, 72064 KB] In ts_17_26 of size 11 found num new op-mutexes 0
[t=2.51856s, 72064 KB] In ts_17_27 of size 11 found num new op-mutexes 0
[t=2.51954s, 72064 KB] In ts_17_28 of size 4 found num new op-mutexes 0
[t=2.52053s, 72064 KB] In ts_17_29 of size 4 found num new op-mutexes 0
[t=2.52542s, 72064 KB] In ts_17_30 of size 11 found num new op-mutexes 0
[t=2.52641s, 72064 KB] In ts_17_31 of size 4 found num new op-mutexes 0
[t=2.52737s, 72064 KB] In ts_17_32 of size 4 found num new op-mutexes 0
[t=2.53357s, 72064 KB] In ts_17_46 of size 44 found num new op-mutexes 0
[t=2.53995s, 72064 KB] In ts_17_52 of size 44 found num new op-mutexes 0
[t=2.54007s, 72064 KB] Operator mutex finished iteration 17. Found an additional 0 operator mutexes

[t=2.54058s, 72064 KB] Next pair of indices: (18, 52)
[t=2.54061s, 72064 KB] M&S algorithm main loop timer: 2.51345s (after computation of next merge)
[t=2.54163s, 72064 KB] M&S algorithm main loop timer: 2.51451s (after merging)

[t=2.54172s, 72064 KB] Operator mutex starting iteration 18
[t=2.54657s, 72064 KB] In ts_18_19 of size 11 found num new op-mutexes 0
[t=2.55146s, 72064 KB] In ts_18_20 of size 11 found num new op-mutexes 0
[t=2.55637s, 72064 KB] In ts_18_21 of size 11 found num new op-mutexes 0
[t=2.56125s, 72064 KB] In ts_18_22 of size 11 found num new op-mutexes 0
[t=2.56617s, 72064 KB] In ts_18_23 of size 11 found num new op-mutexes 0
[t=2.57104s, 72064 KB] In ts_18_24 of size 11 found num new op-mutexes 0
[t=2.57595s, 72064 KB] In ts_18_25 of size 11 found num new op-mutexes 0
[t=2.58084s, 72064 KB] In ts_18_26 of size 11 found num new op-mutexes 0
[t=2.58575s, 72064 KB] In ts_18_27 of size 11 found num new op-mutexes 0
[t=2.58674s, 72064 KB] In ts_18_28 of size 4 found num new op-mutexes 0
[t=2.58774s, 72064 KB] In ts_18_29 of size 4 found num new op-mutexes 0
[t=2.5926s, 72064 KB] In ts_18_30 of size 11 found num new op-mutexes 0
[t=2.5936s, 72064 KB] In ts_18_31 of size 4 found num new op-mutexes 0
[t=2.5946s, 72064 KB] In ts_18_32 of size 4 found num new op-mutexes 0
[t=2.60079s, 72064 KB] In ts_18_46 of size 44 found num new op-mutexes 0
[t=2.614s, 72064 KB] In ts_18_53 of size 484 found num new op-mutexes 0
[t=2.61413s, 72064 KB] Operator mutex finished iteration 18. Found an additional 0 operator mutexes

[t=2.61464s, 72064 KB] Next pair of indices: (19, 53)
[t=2.61467s, 72064 KB] M&S algorithm main loop timer: 2.58752s (after computation of next merge)
[t=2.62553s, 72064 KB] M&S algorithm main loop timer: 2.59841s (after merging)

[t=2.62591s, 72064 KB] Operator mutex starting iteration 19
[t=2.63088s, 72064 KB] In ts_19_20 of size 11 found num new op-mutexes 0
[t=2.63584s, 72064 KB] In ts_19_21 of size 11 found num new op-mutexes 0
[t=2.64077s, 72064 KB] In ts_19_22 of size 11 found num new op-mutexes 0
[t=2.64575s, 72064 KB] In ts_19_23 of size 11 found num new op-mutexes 0
[t=2.65067s, 72064 KB] In ts_19_24 of size 11 found num new op-mutexes 0
[t=2.6556s, 72064 KB] In ts_19_25 of size 11 found num new op-mutexes 0
[t=2.66052s, 72064 KB] In ts_19_26 of size 11 found num new op-mutexes 0
[t=2.66547s, 72064 KB] In ts_19_27 of size 11 found num new op-mutexes 0
[t=2.66648s, 72064 KB] In ts_19_28 of size 4 found num new op-mutexes 0
[t=2.6675s, 72064 KB] In ts_19_29 of size 4 found num new op-mutexes 0
[t=2.67241s, 72064 KB] In ts_19_30 of size 11 found num new op-mutexes 0
[t=2.67345s, 72064 KB] In ts_19_31 of size 4 found num new op-mutexes 0
[t=2.67447s, 72064 KB] In ts_19_32 of size 4 found num new op-mutexes 0
[t=2.68065s, 72064 KB] In ts_19_46 of size 44 found num new op-mutexes 0
[t=2.68122s, 72064 KB] Operator mutex finished iteration 19. Found an additional 0 operator mutexes

[t=2.68178s, 72064 KB] Next pair of indices: (20, 54)
[t=2.68181s, 72064 KB] M&S algorithm main loop timer: 2.65465s (after computation of next merge)
[t=2.70008s, 72064 KB] M&S algorithm main loop timer: 2.67296s (after shrinking)
[t=2.81764s, 72064 KB] M&S algorithm main loop timer: 2.79052s (after merging)

[t=2.82014s, 72064 KB] Operator mutex starting iteration 20
[t=2.82512s, 72064 KB] In ts_20_21 of size 11 found num new op-mutexes 0
[t=2.83008s, 72064 KB] In ts_20_22 of size 11 found num new op-mutexes 0
[t=2.83508s, 72064 KB] In ts_20_23 of size 11 found num new op-mutexes 0
[t=2.84004s, 72064 KB] In ts_20_24 of size 11 found num new op-mutexes 0
[t=2.84498s, 72064 KB] In ts_20_25 of size 11 found num new op-mutexes 0
[t=2.84993s, 72064 KB] In ts_20_26 of size 11 found num new op-mutexes 0
[t=2.8549s, 72064 KB] In ts_20_27 of size 11 found num new op-mutexes 0
[t=2.85591s, 72064 KB] In ts_20_28 of size 4 found num new op-mutexes 0
[t=2.85692s, 72064 KB] In ts_20_29 of size 4 found num new op-mutexes 0
[t=2.86191s, 72064 KB] In ts_20_30 of size 11 found num new op-mutexes 0
[t=2.86293s, 72064 KB] In ts_20_31 of size 4 found num new op-mutexes 0
[t=2.86395s, 72064 KB] In ts_20_32 of size 4 found num new op-mutexes 0
[t=2.87023s, 72064 KB] In ts_20_46 of size 44 found num new op-mutexes 0
[t=2.87421s, 72064 KB] Operator mutex finished iteration 20. Found an additional 0 operator mutexes

[t=2.87646s, 72064 KB] Next pair of indices: (21, 55)
[t=2.8765s, 72064 KB] M&S algorithm main loop timer: 2.84934s (after computation of next merge)
[t=3.02004s, 72064 KB] M&S algorithm main loop timer: 2.99324s (after shrinking)
[t=3.02087s, 72064 KB] M&S algorithm main loop timer: 2.99373s (after merging)

[t=3.02091s, 72064 KB] Operator mutex starting iteration 21
[t=3.02584s, 72064 KB] In ts_21_22 of size 11 found num new op-mutexes 0
[t=3.03072s, 72064 KB] In ts_21_23 of size 11 found num new op-mutexes 0
[t=3.03563s, 72064 KB] In ts_21_24 of size 11 found num new op-mutexes 0
[t=3.04055s, 72064 KB] In ts_21_25 of size 11 found num new op-mutexes 0
[t=3.04547s, 72064 KB] In ts_21_26 of size 11 found num new op-mutexes 0
[t=3.05038s, 72064 KB] In ts_21_27 of size 11 found num new op-mutexes 0
[t=3.05137s, 72064 KB] In ts_21_28 of size 4 found num new op-mutexes 0
[t=3.05235s, 72064 KB] In ts_21_29 of size 4 found num new op-mutexes 0
[t=3.05727s, 72064 KB] In ts_21_30 of size 11 found num new op-mutexes 0
[t=3.05828s, 72064 KB] In ts_21_31 of size 4 found num new op-mutexes 0
[t=3.05927s, 72064 KB] In ts_21_32 of size 4 found num new op-mutexes 0
[t=3.06551s, 72064 KB] In ts_21_46 of size 44 found num new op-mutexes 0
[t=3.0719s, 72064 KB] In ts_21_56 of size 44 found num new op-mutexes 0
[t=3.072s, 72064 KB] Operator mutex finished iteration 21. Found an additional 0 operator mutexes

[t=3.0724s, 72064 KB] Next pair of indices: (22, 56)
[t=3.07243s, 72064 KB] M&S algorithm main loop timer: 3.04527s (after computation of next merge)
[t=3.0735s, 72064 KB] M&S algorithm main loop timer: 3.04638s (after merging)

[t=3.07359s, 72064 KB] Operator mutex starting iteration 22
[t=3.07843s, 72064 KB] In ts_22_23 of size 11 found num new op-mutexes 0
[t=3.08335s, 72064 KB] In ts_22_24 of size 11 found num new op-mutexes 0
[t=3.08825s, 72064 KB] In ts_22_25 of size 11 found num new op-mutexes 0
[t=3.09318s, 72064 KB] In ts_22_26 of size 11 found num new op-mutexes 0
[t=3.09809s, 72064 KB] In ts_22_27 of size 11 found num new op-mutexes 0
[t=3.09909s, 72064 KB] In ts_22_28 of size 4 found num new op-mutexes 0
[t=3.10008s, 72064 KB] In ts_22_29 of size 4 found num new op-mutexes 0
[t=3.10499s, 72064 KB] In ts_22_30 of size 11 found num new op-mutexes 0
[t=3.10602s, 72064 KB] In ts_22_31 of size 4 found num new op-mutexes 0
[t=3.10701s, 72064 KB] In ts_22_32 of size 4 found num new op-mutexes 0
[t=3.11322s, 72064 KB] In ts_22_46 of size 44 found num new op-mutexes 0
[t=3.1265s, 72064 KB] In ts_22_57 of size 484 found num new op-mutexes 0
[t=3.12664s, 72064 KB] Operator mutex finished iteration 22. Found an additional 0 operator mutexes

[t=3.127s, 72064 KB] Next pair of indices: (23, 57)
[t=3.12703s, 72064 KB] M&S algorithm main loop timer: 3.09987s (after computation of next merge)
[t=3.13725s, 72064 KB] M&S algorithm main loop timer: 3.11012s (after merging)

[t=3.13759s, 72064 KB] Operator mutex starting iteration 23
[t=3.1425s, 72064 KB] In ts_23_24 of size 11 found num new op-mutexes 0
[t=3.14741s, 72064 KB] In ts_23_25 of size 11 found num new op-mutexes 0
[t=3.15231s, 72064 KB] In ts_23_26 of size 11 found num new op-mutexes 0
[t=3.15725s, 72064 KB] In ts_23_27 of size 11 found num new op-mutexes 0
[t=3.15825s, 72064 KB] In ts_23_28 of size 4 found num new op-mutexes 0
[t=3.15923s, 72064 KB] In ts_23_29 of size 4 found num new op-mutexes 0
[t=3.16413s, 72064 KB] In ts_23_30 of size 11 found num new op-mutexes 0
[t=3.16518s, 72064 KB] In ts_23_31 of size 4 found num new op-mutexes 0
[t=3.16616s, 72064 KB] In ts_23_32 of size 4 found num new op-mutexes 0
[t=3.17236s, 72064 KB] In ts_23_46 of size 44 found num new op-mutexes 0
[t=3.17292s, 72064 KB] Operator mutex finished iteration 23. Found an additional 0 operator mutexes

[t=3.17332s, 72064 KB] Next pair of indices: (24, 58)
[t=3.17335s, 72064 KB] M&S algorithm main loop timer: 3.14619s (after computation of next merge)
[t=3.19161s, 72064 KB] M&S algorithm main loop timer: 3.16449s (after shrinking)
[t=3.30544s, 72064 KB] M&S algorithm main loop timer: 3.27835s (after merging)

[t=3.30796s, 72064 KB] Operator mutex starting iteration 24
[t=3.31297s, 72064 KB] In ts_24_25 of size 11 found num new op-mutexes 0
[t=3.31794s, 72064 KB] In ts_24_26 of size 11 found num new op-mutexes 0
[t=3.32292s, 72064 KB] In ts_24_27 of size 11 found num new op-mutexes 0
[t=3.32395s, 72064 KB] In ts_24_28 of size 4 found num new op-mutexes 0
[t=3.32496s, 72064 KB] In ts_24_29 of size 4 found num new op-mutexes 0
[t=3.32992s, 72064 KB] In ts_24_30 of size 11 found num new op-mutexes 0
[t=3.33094s, 72064 KB] In ts_24_31 of size 4 found num new op-mutexes 0
[t=3.33197s, 72064 KB] In ts_24_32 of size 4 found num new op-mutexes 0
[t=3.33825s, 72064 KB] In ts_24_46 of size 44 found num new op-mutexes 0
[t=3.34247s, 72064 KB] Operator mutex finished iteration 24. Found an additional 0 operator mutexes

[t=3.34449s, 72064 KB] Next pair of indices: (25, 59)
[t=3.34453s, 72064 KB] M&S algorithm main loop timer: 3.31738s (after computation of next merge)
[t=3.4916s, 72064 KB] M&S algorithm main loop timer: 3.46483s (after shrinking)
[t=3.49245s, 72064 KB] M&S algorithm main loop timer: 3.46531s (after merging)

[t=3.4925s, 72064 KB] Operator mutex starting iteration 25
[t=3.4974s, 72064 KB] In ts_25_26 of size 11 found num new op-mutexes 0
[t=3.50231s, 72064 KB] In ts_25_27 of size 11 found num new op-mutexes 0
[t=3.5033s, 72064 KB] In ts_25_28 of size 4 found num new op-mutexes 0
[t=3.5043s, 72064 KB] In ts_25_29 of size 4 found num new op-mutexes 0
[t=3.50918s, 72064 KB] In ts_25_30 of size 11 found num new op-mutexes 0
[t=3.51017s, 72064 KB] In ts_25_31 of size 4 found num new op-mutexes 0
[t=3.51117s, 72064 KB] In ts_25_32 of size 4 found num new op-mutexes 0
[t=3.51738s, 72064 KB] In ts_25_46 of size 44 found num new op-mutexes 0
[t=3.52376s, 72064 KB] In ts_25_60 of size 44 found num new op-mutexes 0
[t=3.52386s, 72064 KB] Operator mutex finished iteration 25. Found an additional 0 operator mutexes

[t=3.52415s, 72064 KB] Next pair of indices: (26, 60)
[t=3.52418s, 72064 KB] M&S algorithm main loop timer: 3.49702s (after computation of next merge)
[t=3.52519s, 72064 KB] M&S algorithm main loop timer: 3.49806s (after merging)

[t=3.52528s, 72064 KB] Operator mutex starting iteration 26
[t=3.53015s, 72064 KB] In ts_26_27 of size 11 found num new op-mutexes 0
[t=3.53117s, 72064 KB] In ts_26_28 of size 4 found num new op-mutexes 0
[t=3.53218s, 72064 KB] In ts_26_29 of size 4 found num new op-mutexes 0
[t=3.53707s, 72064 KB] In ts_26_30 of size 11 found num new op-mutexes 0
[t=3.53806s, 72064 KB] In ts_26_31 of size 4 found num new op-mutexes 0
[t=3.53906s, 72064 KB] In ts_26_32 of size 4 found num new op-mutexes 0
[t=3.54528s, 72064 KB] In ts_26_46 of size 44 found num new op-mutexes 0
[t=3.55867s, 72064 KB] In ts_26_61 of size 484 found num new op-mutexes 0
[t=3.55883s, 72064 KB] Operator mutex finished iteration 26. Found an additional 0 operator mutexes

[t=3.55912s, 72064 KB] Next pair of indices: (27, 61)
[t=3.55914s, 72064 KB] M&S algorithm main loop timer: 3.53198s (after computation of next merge)
[t=3.56953s, 72064 KB] M&S algorithm main loop timer: 3.54241s (after merging)

[t=3.56988s, 72064 KB] Operator mutex starting iteration 27
[t=3.57089s, 72064 KB] In ts_27_28 of size 4 found num new op-mutexes 0
[t=3.57191s, 72064 KB] In ts_27_29 of size 4 found num new op-mutexes 0
[t=3.57686s, 72064 KB] In ts_27_30 of size 11 found num new op-mutexes 0
[t=3.57786s, 72064 KB] In ts_27_31 of size 4 found num new op-mutexes 0
[t=3.57884s, 72064 KB] In ts_27_32 of size 4 found num new op-mutexes 0
[t=3.58511s, 72064 KB] In ts_27_46 of size 44 found num new op-mutexes 0
[t=3.58561s, 72064 KB] Operator mutex finished iteration 27. Found an additional 0 operator mutexes

[t=3.58593s, 72064 KB] Next pair of indices: (28, 62)
[t=3.58596s, 72064 KB] M&S algorithm main loop timer: 3.5588s (after computation of next merge)
[t=3.63677s, 72064 KB] M&S algorithm main loop timer: 3.60966s (after merging)

[t=3.63805s, 72064 KB] Operator mutex starting iteration 28
[t=3.63901s, 72064 KB] In ts_28_29 of size 4 found num new op-mutexes 0
[t=3.64407s, 72064 KB] In ts_28_30 of size 11 found num new op-mutexes 0
[t=3.64509s, 72064 KB] In ts_28_31 of size 4 found num new op-mutexes 0
[t=3.64609s, 72064 KB] In ts_28_32 of size 4 found num new op-mutexes 0
[t=3.65235s, 72064 KB] In ts_28_46 of size 44 found num new op-mutexes 0
[t=3.65367s, 72064 KB] Operator mutex finished iteration 28. Found an additional 0 operator mutexes

[t=3.65438s, 72064 KB] Next pair of indices: (29, 63)
[t=3.65441s, 72064 KB] M&S algorithm main loop timer: 3.62725s (after computation of next merge)
[t=3.73332s, 72064 KB] M&S algorithm main loop timer: 3.70623s (after shrinking)
[t=3.8404s, 72064 KB] M&S algorithm main loop timer: 3.81332s (after merging)

[t=3.8429s, 72064 KB] Operator mutex starting iteration 29
[t=3.84791s, 72064 KB] In ts_29_30 of size 11 found num new op-mutexes 0
[t=3.84893s, 72064 KB] In ts_29_31 of size 4 found num new op-mutexes 0
[t=3.84994s, 72064 KB] In ts_29_32 of size 4 found num new op-mutexes 0
[t=3.85622s, 72064 KB] In ts_29_46 of size 44 found num new op-mutexes 0
[t=3.85884s, 72064 KB] Operator mutex finished iteration 29. Found an additional 0 operator mutexes

[t=3.86043s, 72064 KB] Next pair of indices: (30, 64)
[t=3.86046s, 72064 KB] M&S algorithm main loop timer: 3.83331s (after computation of next merge)
[t=3.98694s, 72064 KB] M&S algorithm main loop timer: 3.96016s (after shrinking)
[t=3.98778s, 72064 KB] M&S algorithm main loop timer: 3.96064s (after merging)

[t=3.98783s, 72064 KB] Operator mutex starting iteration 30
[t=3.98884s, 72064 KB] In ts_30_31 of size 4 found num new op-mutexes 0
[t=3.98986s, 72064 KB] In ts_30_32 of size 4 found num new op-mutexes 0
[t=3.99617s, 72064 KB] In ts_30_46 of size 44 found num new op-mutexes 0
[t=4.00259s, 72064 KB] In ts_30_65 of size 44 found num new op-mutexes 0
[t=4.00269s, 72064 KB] Operator mutex finished iteration 30. Found an additional 0 operator mutexes

[t=4.00282s, 72064 KB] Next pair of indices: (31, 65)
[t=4.00285s, 72064 KB] M&S algorithm main loop timer: 3.97569s (after computation of next merge)
[t=4.00353s, 72064 KB] M&S algorithm main loop timer: 3.9764s (after merging)

[t=4.00359s, 72064 KB] Operator mutex starting iteration 31
[t=4.00454s, 72064 KB] In ts_31_32 of size 4 found num new op-mutexes 0
[t=4.0108s, 72064 KB] In ts_31_46 of size 44 found num new op-mutexes 0
[t=4.02165s, 72064 KB] In ts_31_66 of size 176 found num new op-mutexes 0
[t=4.0218s, 72064 KB] Operator mutex finished iteration 31. Found an additional 0 operator mutexes

[t=4.02195s, 72064 KB] Next pair of indices: (32, 66)
[t=4.02197s, 72064 KB] M&S algorithm main loop timer: 3.99482s (after computation of next merge)
[t=4.02356s, 72064 KB] M&S algorithm main loop timer: 3.99645s (after merging)

[t=4.02368s, 72064 KB] Operator mutex starting iteration 32
[t=4.02992s, 72064 KB] In ts_32_46 of size 44 found num new op-mutexes 0
[t=4.04713s, 72064 KB] In ts_32_67 of size 704 found num new op-mutexes 0
[t=4.04745s, 72064 KB] Operator mutex finished iteration 32. Found an additional 0 operator mutexes

[t=4.04749s, 72064 KB] Next pair of indices: (46, 67)
[t=4.04752s, 72064 KB] M&S algorithm main loop timer: 4.02036s (after computation of next merge)
[t=4.16518s, 72064 KB] M&S algorithm main loop timer: 4.1381s (after merging)

[t=4.1672s, 72064 KB] Operator mutex starting iteration 33
[t=4.16964s, 72064 KB] Operator mutex finished iteration 33. Found an additional 0 operator mutexes

[t=4.1697s, 72064 KB] End of merge-and-shrink algorithm, statistics:
[t=4.16974s, 72064 KB] Main loop runtime: 4.14258s
[t=4.16976s, 72064 KB] Maximum intermediate abstraction size: 43934
[t=4.16978s, 72064 KB] Final peak memory increase of merge-and-shrink algorithm: 48332 KB
[t=4.16981s, 72064 KB] Merge-and-shrink algorithm runtime: 4.15523s

[t=4.16984s, 72064 KB] Number of labels: 3596
[t=4.16986s, 72064 KB] Total number of operator mutexes: 2768
[t=4.16987s, 72064 KB] Operator Mutex total time: 2.3505s
[t=4.16998s, 72064 KB] Number of remaining factors: 1
[t=4.17036s, 72064 KB] Number of factors kept: 1
[t=4.17038s, 72064 KB] Done initializing merge-and-shrink heuristic.

[t=4.17066s, 72064 KB] Building successor generator...done!
[t=4.17227s, 72064 KB] peak memory difference for successor generator creation: 0 KB
[t=4.17229s, 72064 KB] time for successor generation creation: 0.0014746s
[t=4.17233s, 72064 KB] Variables: 35
[t=4.17235s, 72064 KB] FactPairs: 292
[t=4.17237s, 72064 KB] Bytes per state: 16
[t=4.1725s, 72064 KB] Conducting best first search with reopening closed nodes, (real) bound = 2147483647
[t=4.17256s, 72064 KB] New best heuristic value for merge_and_shrink(op_mutex = op_mutex(use_previous_ops = nelutpo, reachability_strategy = goal)): 4
[t=4.17259s, 72064 KB] g=0, 1 evaluated, 0 expanded
[t=4.17261s, 72064 KB] f = 4, 1 evaluated, 0 expanded
[t=4.17264s, 72064 KB] Initial heuristic value for merge_and_shrink(op_mutex = op_mutex(use_previous_ops = nelutpo, reachability_strategy = goal)): 4
[t=4.17266s, 72064 KB] pruning method: none
[t=4.17273s, 72064 KB] f = 5, 21 evaluated, 1 expanded
[t=4.17286s, 72064 KB] New best heuristic value for merge_and_shrink(op_mutex = op_mutex(use_previous_ops = nelutpo, reachability_strategy = goal)): 3
[t=4.17289s, 72064 KB] g=2, 76 evaluated, 4 expanded
[t=4.17333s, 72064 KB] f = 6, 288 evaluated, 22 expanded
[t=4.17866s, 72064 KB] New best heuristic value for merge_and_shrink(op_mutex = op_mutex(use_previous_ops = nelutpo, reachability_strategy = goal)): 2
[t=4.1787s, 72064 KB] g=4, 2868 evaluated, 277 expanded
[t=4.17877s, 72064 KB] f = 7, 2895 evaluated, 278 expanded
[t=4.17911s, 72064 KB] New best heuristic value for merge_and_shrink(op_mutex = op_mutex(use_previous_ops = nelutpo, reachability_strategy = goal)): 1
[t=4.17914s, 72064 KB] g=6, 3072 evaluated, 287 expanded
[t=4.2259s, 72064 KB] New best heuristic value for merge_and_shrink(op_mutex = op_mutex(use_previous_ops = nelutpo, reachability_strategy = goal)): 0
[t=4.22599s, 72064 KB] g=7, 25273 evaluated, 2755 expanded
[t=4.22603s, 72064 KB] Solution found!
[t=4.22605s, 72064 KB] Actual search time: 0.0533901s
overcome grief-7 entertainment ham pluto jupiter (1)
feast entertainment ham muffin bosnia surrey (1)
overcome depression-1 entertainment muffin vulcan pluto (1)
feast entertainment muffin onion arizona kentucky (1)
feast entertainment onion beef kentucky bosnia (1)
succumb depression-1 entertainment beef vulcan pluto (1)
succumb grief-7 entertainment beef pluto jupiter (1)
[t=4.22608s, 72064 KB] Plan length: 7 step(s).
[t=4.22608s, 72064 KB] Plan cost: 7
[t=4.22608s, 72064 KB] Expanded 2756 state(s).
[t=4.22608s, 72064 KB] Reopened 0 state(s).
[t=4.22608s, 72064 KB] Evaluated 25278 state(s).
[t=4.22608s, 72064 KB] Evaluations: 25278
[t=4.22608s, 72064 KB] Generated 56954 state(s).
[t=4.22608s, 72064 KB] Dead ends: 0 state(s).
[t=4.22608s, 72064 KB] Expanded until last jump: 278 state(s).
[t=4.22608s, 72064 KB] Reopened until last jump: 0 state(s).
[t=4.22608s, 72064 KB] Evaluated until last jump: 2895 state(s).
[t=4.22608s, 72064 KB] Generated until last jump: 5624 state(s).
[t=4.22608s, 72064 KB] Number of registered states: 25278
[t=4.22608s, 72064 KB] Int hash set load factor: 25278/32768 = 0.771423
[t=4.22608s, 72064 KB] Int hash set resizes: 15
[t=4.22608s, 72064 KB] Search time: 0.0535765s
[t=4.22608s, 72064 KB] Total time: 4.22608s
Solution found.
Peak memory: 72064 KB
Remove intermediate file output.sas
search exit code: 0

INFO     Running validate.
INFO     validate stdin: None
INFO     validate time limit: None
INFO     validate memory limit: None
INFO     validate command line string: validate domain.pddl problem.pddl sas_plan
Checking plan: sas_plan
Plan executed successfully - checking goal
Plan valid
Final value: 7 

Successful plans:
Value: 7
 sas_plan 7 

validate exit code: 0

