INFO     Running translator.
INFO     translator stdin: None
INFO     translator time limit: 599.97s
INFO     translator memory limit: 7000 MB
INFO     translator command line string: /usr/bin/python3 /user/student.aau.dk/lkar18/downward-projects/downward/experiments/nopo_vs_nasutpo_195p/data/nopo_vs_nasutpo/code-94571df14dfaf5b06207d9589b12facdd93f580c_e5e41175/builds/release/bin/translate/translate.py domain.pddl problem.pddl --sas-file output.sas
Parsing...
Parsing: [0.080s CPU, 0.086s wall-clock]
Normalizing task... [0.010s CPU, 0.011s wall-clock]
Instantiating...
Generating Datalog program... [0.020s CPU, 0.018s wall-clock]
Normalizing Datalog program...
Normalizing Datalog program: [0.030s CPU, 0.028s wall-clock]
Preparing model... [0.020s CPU, 0.018s wall-clock]
Generated 2338 rules.
Computing model... [0.010s CPU, 0.010s wall-clock]
981 relevant atoms
0 auxiliary atoms
981 final queue length
2348 total queue pushes
Completing instantiation... [0.020s CPU, 0.018s wall-clock]
Instantiating: [0.100s CPU, 0.095s wall-clock]
Computing fact groups...
Finding invariants...
190 initial candidates
Finding invariants: [1.030s CPU, 1.025s wall-clock]
Checking invariant weight... [0.000s CPU, 0.003s wall-clock]
Instantiating groups... [0.000s CPU, 0.001s wall-clock]
Collecting mutex groups... [0.000s CPU, 0.000s wall-clock]
Choosing groups...
145 uncovered facts
Choosing groups: [0.000s CPU, 0.002s wall-clock]
Building translation key... [0.000s CPU, 0.000s wall-clock]
Computing fact groups: [1.040s CPU, 1.035s wall-clock]
Building STRIPS to SAS dictionary... [0.000s CPU, 0.000s wall-clock]
Building dictionary for full mutex groups... [0.000s CPU, 0.001s wall-clock]
Building mutex information...
Building mutex information: [0.000s CPU, 0.001s wall-clock]
Translating task...
Processing axioms...
Simplifying axioms... [0.000s CPU, 0.000s wall-clock]
Translator axioms removed by simplifying: 0
Computing negative axioms... [0.000s CPU, 0.000s wall-clock]
Processing axioms: [0.000s CPU, 0.002s wall-clock]
Translating task: [0.050s CPU, 0.045s wall-clock]
0 effect conditions simplified
0 implied preconditions added
Detecting unreachable propositions...
0 operators removed
0 axioms removed
4 propositions removed
Detecting unreachable propositions: [0.010s CPU, 0.016s wall-clock]
Reordering and filtering variables...
14 of 154 variables necessary.
155 of 167 mutex groups necessary.
789 of 789 operators necessary.
0 of 0 axiom rules necessary.
Reordering and filtering variables: [0.010s CPU, 0.005s wall-clock]
Translator variables: 14
Translator derived variables: 0
Translator facts: 60
Translator goal facts: 5
Translator mutex groups: 155
Translator total mutex groups size: 785
Translator operators: 789
Translator axioms: 0
Translator task size: 4377
Translator peak memory: 51864 KB
Writing output... [0.010s CPU, 0.009s wall-clock]
Done! [1.310s CPU, 1.306s wall-clock]
translate exit code: 0

INFO     Running search (release).
INFO     search stdin: output.sas
INFO     search time limit: 598.61s
INFO     search memory limit: 7000 MB
INFO     search command line string: /user/student.aau.dk/lkar18/downward-projects/downward/experiments/nopo_vs_nasutpo_195p/data/nopo_vs_nasutpo/code-94571df14dfaf5b06207d9589b12facdd93f580c_e5e41175/builds/release/bin/downward --search 'astar(merge_and_shrink(op_mutex=op_mutex(use_previous_ops=NaSUTPO, reachability_strategy=goal), merge_strategy=merge_sccs(order_of_sccs=topological, merge_tree=linear()), shrink_strategy=shrink_bisimulation(greedy=true, at_limit=USE_UP)))' --internal-plan-file sas_plan < output.sas
[t=3.9732e-05s, 22344 KB] reading input...
[t=0.00274305s, 22468 KB] done reading input!
[t=0.00411626s, 22732 KB] Initializing merge-and-shrink heuristic...
[t=0.00418018s, 22732 KB] Running merge-and-shrink algorithm...
[t=0.0042003s, 22732 KB] Merge strategy options:
[t=0.00422042s, 22732 KB] Type: sccs
[t=0.00423939s, 22732 KB] Merge order of sccs: topological
[t=0.00425819s, 22732 KB] Merge strategy for merging within sccs: 
[t=0.00427702s, 22732 KB] Merge tree options: 
[t=0.00429561s, 22732 KB] Type: linear
[t=0.00431437s, 22732 KB] Update option: use random
[t=0.00433327s, 22732 KB] Variable order type: CG/GOAL, tie breaking on level (main)

[t=0.00435452s, 22732 KB] Options related to size limits and shrinking: 
[t=0.00437418s, 22732 KB] Transition system size limit: 50000
[t=0.00439299s, 22732 KB] Transition system size limit right before merge: 50000
[t=0.00441153s, 22732 KB] Threshold to trigger shrinking right before merge: 1

[t=0.00443245s, 22732 KB] Pruning unreachable states: yes
[t=0.00445183s, 22732 KB] Pruning irrelevant states: yes

[t=0.00447239s, 22732 KB] Label reduction disabled

[t=0.00449366s, 22732 KB] Main loop max time in seconds: inf

[t=0.00451684s, 22732 KB] ===============================================================================
[t=0.00453675s, 22732 KB] WARNING! You did not enable label reduction.
This may drastically reduce the performance of merge-and-shrink!
[t=0.00455586s, 22732 KB] ===============================================================================

[t=0.00458237s, 22732 KB] Building atomic transition systems... 
[t=0.00587154s, 24780 KB] M&S algorithm timer: 0.00172179s (after computation of atomic factors)

[t=0.00591528s, 24780 KB] Starting main loop without a time limit.
[t=0.00594187s, 24780 KB] building causal graph...done! [t=0.000183352s]
[t=0.00614172s, 24780 KB] SCCs of the causal graph:
[t=0.00617127s, 24780 KB] [0, 1]
[t=0.00619239s, 24780 KB] [3, 2, 4, 7, 5, 11, 6, 10, 8, 9, 12, 13]
[t=0.00622859s, 24780 KB] Next pair of indices: (1, 0)
[t=0.00625351s, 24780 KB] M&S algorithm main loop timer: 0.000358395s (after computation of next merge)
[t=0.00634324s, 24780 KB] M&S algorithm main loop timer: 0.000454075s (after shrinking)
[t=0.00645021s, 24936 KB] M&S algorithm main loop timer: 0.000557929s (after merging)

[t=0.00648011s, 24936 KB] Operator mutex starting iteration 0


[t=0.00682954s, 24936 KB] In ts_0_2 of size 6 found num new op-mutexes 0


[t=0.00711262s, 24936 KB] In ts_0_3 of size 5 found num new op-mutexes 0


[t=0.00738186s, 24936 KB] In ts_0_4 of size 5 found num new op-mutexes 0


[t=0.00765854s, 24936 KB] In ts_0_5 of size 5 found num new op-mutexes 0


[t=0.00792378s, 24936 KB] In ts_0_6 of size 5 found num new op-mutexes 0


[t=0.00824812s, 24936 KB] In ts_0_7 of size 6 found num new op-mutexes 0


[t=0.00851854s, 24936 KB] In ts_0_8 of size 5 found num new op-mutexes 0


[t=0.00868633s, 24936 KB] In ts_0_9 of size 2 found num new op-mutexes 0


[t=0.00885051s, 24936 KB] In ts_0_10 of size 2 found num new op-mutexes 0


[t=0.00901407s, 24936 KB] In ts_0_11 of size 2 found num new op-mutexes 0


[t=0.00917728s, 24936 KB] In ts_0_12 of size 2 found num new op-mutexes 0


[t=0.00933879s, 24936 KB] In ts_0_13 of size 2 found num new op-mutexes 0


[t=0.00947127s, 24936 KB] In ts_0_14 of size 1 found num new op-mutexes 0
[t=0.00950786s, 24936 KB] Operator mutex finished iteration 0. Found an additional 0 operator mutexes

[t=0.00954188s, 24936 KB] Next pair of indices: (13, 3)
[t=0.00956677s, 24936 KB] M&S algorithm main loop timer: 0.00367027s (after computation of next merge)
[t=0.00962519s, 24936 KB] M&S algorithm main loop timer: 0.00373576s (after shrinking)
[t=0.00972208s, 24936 KB] M&S algorithm main loop timer: 0.0038296s (after merging)

[t=0.0097518s, 24936 KB] Operator mutex starting iteration 1


[t=0.0101058s, 24936 KB] In ts_1_2 of size 6 found num new op-mutexes 0


[t=0.0103816s, 24936 KB] In ts_1_4 of size 5 found num new op-mutexes 0


[t=0.0106499s, 24936 KB] In ts_1_5 of size 5 found num new op-mutexes 0


[t=0.010915s, 24936 KB] In ts_1_6 of size 5 found num new op-mutexes 0


[t=0.0112381s, 24936 KB] In ts_1_7 of size 6 found num new op-mutexes 0


[t=0.0115061s, 24936 KB] In ts_1_8 of size 5 found num new op-mutexes 0


[t=0.0116742s, 24936 KB] In ts_1_9 of size 2 found num new op-mutexes 0


[t=0.0118385s, 24936 KB] In ts_1_10 of size 2 found num new op-mutexes 0


[t=0.0120021s, 24936 KB] In ts_1_11 of size 2 found num new op-mutexes 0


[t=0.0121654s, 24936 KB] In ts_1_12 of size 2 found num new op-mutexes 0


[t=0.0123012s, 24936 KB] In ts_1_14 of size 1 found num new op-mutexes 0


[t=0.0124786s, 24936 KB] In ts_1_15 of size 2 found num new op-mutexes 0
[t=0.0125181s, 24936 KB] Operator mutex finished iteration 1. Found an additional 0 operator mutexes

[t=0.0125453s, 24936 KB] Next pair of indices: (15, 7)
[t=0.0125669s, 24936 KB] M&S algorithm main loop timer: 0.00666984s (after computation of next merge)
[t=0.0126387s, 24936 KB] M&S algorithm main loop timer: 0.00674937s (after shrinking)
[t=0.0127322s, 24936 KB] M&S algorithm main loop timer: 0.00683967s (after merging)

[t=0.0127621s, 24936 KB] Operator mutex starting iteration 2


[t=0.0131213s, 24936 KB] In ts_2_2 of size 6 found num new op-mutexes 0


[t=0.0133986s, 24936 KB] In ts_2_4 of size 5 found num new op-mutexes 0


[t=0.0136685s, 24936 KB] In ts_2_5 of size 5 found num new op-mutexes 0


[t=0.0139354s, 24936 KB] In ts_2_6 of size 5 found num new op-mutexes 0


[t=0.0142121s, 24936 KB] In ts_2_8 of size 5 found num new op-mutexes 0


[t=0.0143799s, 24936 KB] In ts_2_9 of size 2 found num new op-mutexes 0


[t=0.0145445s, 24936 KB] In ts_2_10 of size 2 found num new op-mutexes 0


[t=0.0147076s, 24936 KB] In ts_2_11 of size 2 found num new op-mutexes 0


[t=0.014871s, 24936 KB] In ts_2_12 of size 2 found num new op-mutexes 0


[t=0.0150048s, 24936 KB] In ts_2_14 of size 1 found num new op-mutexes 0


[t=0.0151766s, 24936 KB] In ts_2_16 of size 2 found num new op-mutexes 0
[t=0.0152249s, 24936 KB] Operator mutex finished iteration 2. Found an additional 0 operator mutexes

[t=0.0152512s, 24936 KB] Next pair of indices: (16, 8)
[t=0.0152722s, 24936 KB] M&S algorithm main loop timer: 0.0093749s (after computation of next merge)
[t=0.0153297s, 24936 KB] M&S algorithm main loop timer: 0.00943968s (after shrinking)
[t=0.0154231s, 24936 KB] M&S algorithm main loop timer: 0.00953028s (after merging)

[t=0.0154524s, 24936 KB] Operator mutex starting iteration 3


[t=0.0157722s, 24936 KB] In ts_3_2 of size 6 found num new op-mutexes 0


[t=0.0160417s, 24936 KB] In ts_3_4 of size 5 found num new op-mutexes 0


[t=0.0163096s, 24936 KB] In ts_3_5 of size 5 found num new op-mutexes 0


[t=0.0165757s, 24936 KB] In ts_3_6 of size 5 found num new op-mutexes 0


[t=0.0167625s, 24936 KB] In ts_3_9 of size 2 found num new op-mutexes 0


[t=0.016929s, 24936 KB] In ts_3_10 of size 2 found num new op-mutexes 0


[t=0.0170937s, 24936 KB] In ts_3_11 of size 2 found num new op-mutexes 0


[t=0.017257s, 24936 KB] In ts_3_12 of size 2 found num new op-mutexes 0


[t=0.0173903s, 24936 KB] In ts_3_14 of size 1 found num new op-mutexes 0


[t=0.0175532s, 24936 KB] In ts_3_17 of size 2 found num new op-mutexes 0
[t=0.0175898s, 24936 KB] Operator mutex finished iteration 3. Found an additional 0 operator mutexes

[t=0.0176149s, 24936 KB] Next pair of indices: (17, 6)
[t=0.0176358s, 24936 KB] M&S algorithm main loop timer: 0.0117387s (after computation of next merge)
[t=0.017693s, 24936 KB] M&S algorithm main loop timer: 0.0118028s (after shrinking)
[t=0.017805s, 24936 KB] M&S algorithm main loop timer: 0.0119138s (after merging)

[t=0.0178364s, 24936 KB] Operator mutex starting iteration 4


[t=0.0181719s, 24936 KB] In ts_4_2 of size 6 found num new op-mutexes 0


[t=0.0184429s, 24936 KB] In ts_4_4 of size 5 found num new op-mutexes 0


[t=0.0187298s, 24936 KB] In ts_4_5 of size 5 found num new op-mutexes 0


[t=0.0189071s, 24936 KB] In ts_4_9 of size 2 found num new op-mutexes 0


[t=0.0190739s, 24936 KB] In ts_4_10 of size 2 found num new op-mutexes 0


[t=0.0192391s, 24936 KB] In ts_4_11 of size 2 found num new op-mutexes 0


[t=0.0194139s, 24936 KB] In ts_4_12 of size 2 found num new op-mutexes 0


[t=0.0195476s, 24936 KB] In ts_4_14 of size 1 found num new op-mutexes 0


[t=0.0197111s, 24936 KB] In ts_4_18 of size 2 found num new op-mutexes 0
[t=0.0197478s, 24936 KB] Operator mutex finished iteration 4. Found an additional 0 operator mutexes

[t=0.0197731s, 24936 KB] Next pair of indices: (18, 5)
[t=0.0197945s, 24936 KB] M&S algorithm main loop timer: 0.0138973s (after computation of next merge)
[t=0.0198554s, 24936 KB] M&S algorithm main loop timer: 0.0139651s (after shrinking)
[t=0.0199494s, 24936 KB] M&S algorithm main loop timer: 0.0140565s (after merging)

[t=0.0199789s, 24936 KB] Operator mutex starting iteration 5


[t=0.020315s, 24936 KB] In ts_5_2 of size 6 found num new op-mutexes 0


[t=0.0206443s, 24936 KB] In ts_5_4 of size 5 found num new op-mutexes 0


[t=0.0208259s, 24936 KB] In ts_5_9 of size 2 found num new op-mutexes 0


[t=0.0209931s, 24936 KB] In ts_5_10 of size 2 found num new op-mutexes 0


[t=0.0211588s, 24936 KB] In ts_5_11 of size 2 found num new op-mutexes 0


[t=0.0213325s, 24936 KB] In ts_5_12 of size 2 found num new op-mutexes 0


[t=0.021467s, 24936 KB] In ts_5_14 of size 1 found num new op-mutexes 0


[t=0.0216314s, 24936 KB] In ts_5_19 of size 2 found num new op-mutexes 0
[t=0.021669s, 24936 KB] Operator mutex finished iteration 5. Found an additional 0 operator mutexes

[t=0.0216951s, 24936 KB] Next pair of indices: (19, 4)
[t=0.021716s, 24936 KB] M&S algorithm main loop timer: 0.0158186s (after computation of next merge)
[t=0.0217763s, 24936 KB] M&S algorithm main loop timer: 0.0158862s (after shrinking)
[t=0.0218706s, 24936 KB] M&S algorithm main loop timer: 0.0159784s (after merging)

[t=0.0219006s, 24936 KB] Operator mutex starting iteration 6


[t=0.0222332s, 24936 KB] In ts_6_2 of size 6 found num new op-mutexes 0


[t=0.0224018s, 24936 KB] In ts_6_9 of size 2 found num new op-mutexes 0


[t=0.022568s, 24936 KB] In ts_6_10 of size 2 found num new op-mutexes 0


[t=0.0227335s, 24936 KB] In ts_6_11 of size 2 found num new op-mutexes 0


[t=0.0228987s, 24936 KB] In ts_6_12 of size 2 found num new op-mutexes 0


[t=0.0230339s, 24936 KB] In ts_6_14 of size 1 found num new op-mutexes 0


[t=0.0232175s, 24936 KB] In ts_6_20 of size 2 found num new op-mutexes 0
[t=0.0232565s, 24936 KB] Operator mutex finished iteration 6. Found an additional 0 operator mutexes

[t=0.0232823s, 24936 KB] Next pair of indices: (20, 2)
[t=0.0233029s, 24936 KB] M&S algorithm main loop timer: 0.0174058s (after computation of next merge)
[t=0.0233633s, 24936 KB] M&S algorithm main loop timer: 0.0174745s (after shrinking)
[t=0.0234582s, 24936 KB] M&S algorithm main loop timer: 0.0175662s (after merging)

[t=0.0234882s, 24936 KB] Operator mutex starting iteration 7


[t=0.0236749s, 24936 KB] In ts_7_9 of size 2 found num new op-mutexes 0


[t=0.0238527s, 24936 KB] In ts_7_10 of size 2 found num new op-mutexes 0


[t=0.0240186s, 24936 KB] In ts_7_11 of size 2 found num new op-mutexes 0


[t=0.0241912s, 24936 KB] In ts_7_12 of size 2 found num new op-mutexes 0


[t=0.0243259s, 24936 KB] In ts_7_14 of size 1 found num new op-mutexes 0


[t=0.0244907s, 24936 KB] In ts_7_21 of size 2 found num new op-mutexes 0
[t=0.0245278s, 24936 KB] Operator mutex finished iteration 7. Found an additional 0 operator mutexes

[t=0.0245536s, 24936 KB] Next pair of indices: (21, 12)
[t=0.0245745s, 24936 KB] M&S algorithm main loop timer: 0.0186772s (after computation of next merge)
[t=0.0246695s, 24936 KB] M&S algorithm main loop timer: 0.0187763s (after merging)

[t=0.0246987s, 24936 KB] Operator mutex starting iteration 8


[t=0.0248483s, 24936 KB] In ts_8_9 of size 2 found num new op-mutexes 0


[t=0.0250099s, 24936 KB] In ts_8_10 of size 2 found num new op-mutexes 0


[t=0.0251712s, 24936 KB] In ts_8_11 of size 2 found num new op-mutexes 0


[t=0.0253028s, 24936 KB] In ts_8_14 of size 1 found num new op-mutexes 0


[t=0.0254923s, 24936 KB] In ts_8_22 of size 4 found num new op-mutexes 0
[t=0.0255298s, 24936 KB] Operator mutex finished iteration 8. Found an additional 0 operator mutexes

[t=0.0255547s, 24936 KB] Next pair of indices: (22, 11)
[t=0.0255754s, 24936 KB] M&S algorithm main loop timer: 0.0196778s (after computation of next merge)
[t=0.0256867s, 24936 KB] M&S algorithm main loop timer: 0.0197952s (after merging)

[t=0.0257187s, 24936 KB] Operator mutex starting iteration 9


[t=0.0258724s, 24936 KB] In ts_9_9 of size 2 found num new op-mutexes 0


[t=0.026039s, 24936 KB] In ts_9_10 of size 2 found num new op-mutexes 0


[t=0.0261771s, 24936 KB] In ts_9_14 of size 1 found num new op-mutexes 0


[t=0.0264075s, 24936 KB] In ts_9_23 of size 8 found num new op-mutexes 0
[t=0.0264485s, 24936 KB] Operator mutex finished iteration 9. Found an additional 0 operator mutexes

[t=0.0264748s, 24936 KB] Next pair of indices: (23, 10)
[t=0.026496s, 24936 KB] M&S algorithm main loop timer: 0.0206076s (after computation of next merge)
[t=0.0266091s, 24936 KB] M&S algorithm main loop timer: 0.0207172s (after merging)

[t=0.0266404s, 24936 KB] Operator mutex starting iteration 10


[t=0.0267918s, 24936 KB] In ts_10_9 of size 2 found num new op-mutexes 0


[t=0.0269259s, 24936 KB] In ts_10_14 of size 1 found num new op-mutexes 0


[t=0.0272407s, 24936 KB] In ts_10_24 of size 16 found num new op-mutexes 0
[t=0.0272844s, 24936 KB] Operator mutex finished iteration 10. Found an additional 0 operator mutexes

[t=0.0273109s, 24936 KB] Next pair of indices: (24, 9)
[t=0.0273344s, 24936 KB] M&S algorithm main loop timer: 0.0214427s (after computation of next merge)
[t=0.0274591s, 24936 KB] M&S algorithm main loop timer: 0.021568s (after merging)

[t=0.0274928s, 24936 KB] Operator mutex starting iteration 11


[t=0.027617s, 24936 KB] In ts_11_14 of size 1 found num new op-mutexes 0


[t=0.0281311s, 24936 KB] In ts_11_25 of size 32 found num new op-mutexes 0
[t=0.0281748s, 24936 KB] Operator mutex finished iteration 11. Found an additional 0 operator mutexes

[t=0.0282087s, 24936 KB] Next pair of indices: (25, 14)
[t=0.0282312s, 24936 KB] M&S algorithm main loop timer: 0.0223343s (after computation of next merge)
[t=0.0283691s, 24936 KB] M&S algorithm main loop timer: 0.0224806s (after merging)

[t=0.0284054s, 24936 KB] Operator mutex starting iteration 12


[t=0.0288977s, 24936 KB] In ts_12_26 of size 32 found num new op-mutexes 0
[t=0.0289412s, 24936 KB] Operator mutex finished iteration 12. Found an additional 0 operator mutexes

[t=0.0289675s, 24936 KB] End of merge-and-shrink algorithm, statistics:
[t=0.0289884s, 24936 KB] Main loop runtime: 0.0230909s
[t=0.0290089s, 24936 KB] Maximum intermediate abstraction size: 32
[t=0.0290285s, 24936 KB] Final peak memory increase of merge-and-shrink algorithm: 2204 KB
[t=0.0290596s, 24936 KB] Merge-and-shrink algorithm runtime: 0.0248967s

[t=0.0290822s, 24936 KB] Number of labels: 789
[t=0.0291006s, 24936 KB] Total number of operator mutexes: 0
[t=0.0291193s, 24936 KB] Operator Mutex total time: 0.0201449s
[t=0.0291655s, 24936 KB] Number of remaining factors: 1
[t=0.0291983s, 24936 KB] Number of factors kept: 1
[t=0.0292184s, 24936 KB] Done initializing merge-and-shrink heuristic.

[t=0.0293141s, 24936 KB] Building successor generator...done!
[t=0.0296124s, 24936 KB] peak memory difference for successor generator creation: 0 KB
[t=0.0296316s, 24936 KB] time for successor generation creation: 0.000221996s
[t=0.0296585s, 24936 KB] Variables: 14
[t=0.0296796s, 24936 KB] FactPairs: 60
[t=0.0296987s, 24936 KB] Bytes per state: 4
[t=0.0298171s, 24936 KB] Conducting best first search with reopening closed nodes, (real) bound = 2147483647
[t=0.0298742s, 24936 KB] New best heuristic value for merge_and_shrink(op_mutex = op_mutex(use_previous_ops = nasutpo, reachability_strategy = goal), merge_strategy = merge_sccs(order_of_sccs = topological, merge_tree = linear), shrink_strategy = shrink_bisimulation(greedy = true, at_limit = use_up)): 5
[t=0.0298967s, 24936 KB] g=0, 1 evaluated, 0 expanded
[t=0.0299174s, 24936 KB] f = 5, 1 evaluated, 0 expanded
[t=0.0299425s, 24936 KB] Initial heuristic value for merge_and_shrink(op_mutex = op_mutex(use_previous_ops = nasutpo, reachability_strategy = goal), merge_strategy = merge_sccs(order_of_sccs = topological, merge_tree = linear), shrink_strategy = shrink_bisimulation(greedy = true, at_limit = use_up)): 5
[t=0.0299665s, 24936 KB] pruning method: none
[t=0.0300051s, 24936 KB] f = 6, 5 evaluated, 1 expanded
[t=0.0300801s, 24936 KB] f = 7, 30 evaluated, 5 expanded
[t=0.0304301s, 24936 KB] f = 8, 164 evaluated, 30 expanded
[t=0.0315824s, 24936 KB] New best heuristic value for merge_and_shrink(op_mutex = op_mutex(use_previous_ops = nasutpo, reachability_strategy = goal), merge_strategy = merge_sccs(order_of_sccs = topological, merge_tree = linear), shrink_strategy = shrink_bisimulation(greedy = true, at_limit = use_up)): 4
[t=0.0316127s, 24936 KB] g=4, 560 evaluated, 150 expanded
[t=0.0317453s, 24936 KB] f = 9, 592 evaluated, 165 expanded
[t=0.0348123s, 24936 KB] f = 10, 1610 evaluated, 597 expanded
[t=0.0414644s, 24936 KB] f = 11, 3824 evaluated, 1628 expanded
[t=0.0433323s, 24936 KB] New best heuristic value for merge_and_shrink(op_mutex = op_mutex(use_previous_ops = nasutpo, reachability_strategy = goal), merge_strategy = merge_sccs(order_of_sccs = topological, merge_tree = linear), shrink_strategy = shrink_bisimulation(greedy = true, at_limit = use_up)): 3
[t=0.0433645s, 24936 KB] g=8, 4454 evaluated, 1849 expanded
[t=0.0559255s, 24936 KB] f = 12, 8400 evaluated, 3850 expanded
[t=0.0832625s, 24936 KB] f = 13, 17211 evaluated, 8450 expanded
[t=0.132586s, 25412 KB] f = 14, 32410 evaluated, 17267 expanded
[t=0.13296s, 25412 KB] New best heuristic value for merge_and_shrink(op_mutex = op_mutex(use_previous_ops = nasutpo, reachability_strategy = goal), merge_strategy = merge_sccs(order_of_sccs = topological, merge_tree = linear), shrink_strategy = shrink_bisimulation(greedy = true, at_limit = use_up)): 2
[t=0.13299s, 25412 KB] g=12, 32526 evaluated, 17317 expanded
[t=0.209345s, 25412 KB] f = 15, 56111 evaluated, 32499 expanded
[t=0.323735s, 26440 KB] f = 16, 89558 evaluated, 56150 expanded
[t=0.477981s, 28652 KB] f = 17, 133476 evaluated, 89659 expanded
[t=0.478993s, 28652 KB] New best heuristic value for merge_and_shrink(op_mutex = op_mutex(use_previous_ops = nasutpo, reachability_strategy = goal), merge_strategy = merge_sccs(order_of_sccs = topological, merge_tree = linear), shrink_strategy = shrink_bisimulation(greedy = true, at_limit = use_up)): 1
[t=0.479027s, 28652 KB] g=16, 133876 evaluated, 89900 expanded
[t=0.657953s, 29388 KB] f = 18, 186755 evaluated, 133582 expanded
[t=0.878986s, 33896 KB] f = 19, 246222 evaluated, 186838 expanded
[t=1.09933s, 34296 KB] f = 20, 306909 evaluated, 246325 expanded
[t=1.0996s, 34296 KB] New best heuristic value for merge_and_shrink(op_mutex = op_mutex(use_previous_ops = nasutpo, reachability_strategy = goal), merge_strategy = merge_sccs(order_of_sccs = topological, merge_tree = linear), shrink_strategy = shrink_bisimulation(greedy = true, at_limit = use_up)): 0
[t=1.09963s, 34296 KB] g=20, 306979 evaluated, 246377 expanded
[t=1.09966s, 34296 KB] Solution found!
[t=1.09968s, 34296 KB] Actual search time: 1.06971s
drive_truck1_l2_l1_t0_t1  (1)
load_package1_truck1_a2_l1  (1)
load_package2_truck1_a1_l1  (1)
drive_truck1_l1_l2_t1_t2  (1)
unload_package2_truck1_a1_l2  (1)
deliver_package2_l2_t2_t3  (1)
unload_package1_truck1_a2_l2  (1)
deliver_package1_l2_t2_t2  (1)
load_package5_truck1_a2_l2  (1)
drive_truck1_l2_l3_t2_t3  (1)
unload_package5_truck1_a2_l3  (1)
deliver_package5_l3_t3_t3  (1)
drive_truck1_l3_l1_t3_t4  (1)
load_package3_truck1_a2_l1  (1)
load_package4_truck1_a1_l1  (1)
drive_truck1_l1_l3_t4_t5  (1)
unload_package4_truck1_a1_l3  (1)
deliver_package4_l3_t5_t5  (1)
unload_package3_truck1_a2_l3  (1)
deliver_package3_l3_t5_t5  (1)
[t=1.0997s, 34296 KB] Plan length: 20 step(s).
[t=1.0997s, 34296 KB] Plan cost: 20
[t=1.0997s, 34296 KB] Expanded 246378 state(s).
[t=1.0997s, 34296 KB] Reopened 0 state(s).
[t=1.0997s, 34296 KB] Evaluated 306979 state(s).
[t=1.0997s, 34296 KB] Evaluations: 306979
[t=1.0997s, 34296 KB] Generated 3271227 state(s).
[t=1.0997s, 34296 KB] Dead ends: 0 state(s).
[t=1.0997s, 34296 KB] Expanded until last jump: 246325 state(s).
[t=1.0997s, 34296 KB] Reopened until last jump: 0 state(s).
[t=1.0997s, 34296 KB] Evaluated until last jump: 306909 state(s).
[t=1.0997s, 34296 KB] Generated until last jump: 3271039 state(s).
[t=1.0997s, 34296 KB] Number of registered states: 306979
[t=1.0997s, 34296 KB] Int hash set load factor: 306979/524288 = 0.585516
[t=1.0997s, 34296 KB] Int hash set resizes: 19
[t=1.0997s, 34296 KB] Search time: 1.06989s
[t=1.0997s, 34296 KB] Total time: 1.0997s
Solution found.
Peak memory: 34296 KB
Remove intermediate file output.sas
search exit code: 0

INFO     Running validate.
INFO     validate stdin: None
INFO     validate time limit: None
INFO     validate memory limit: None
INFO     validate command line string: validate domain.pddl problem.pddl sas_plan
Checking plan: sas_plan
Plan executed successfully - checking goal
Plan valid
Final value: 20 

Successful plans:
Value: 20
 sas_plan 20 

validate exit code: 0

