INFO     Running translator.
INFO     translator stdin: None
INFO     translator time limit: 599.97s
INFO     translator memory limit: 7000 MB
INFO     translator command line string: /usr/bin/python3 /user/student.aau.dk/lkar18/downward-projects/downward/experiments/nopo_vs_nasutpo_vs_nelutpo/data/nopo_vs_nasutpo_vs_nelutpo/code-f7902f30c0f47512f07fb7c64cdaf652032f674a_e5e41175/builds/release/bin/translate/translate.py domain.pddl problem.pddl --sas-file output.sas
Parsing...
Parsing: [0.000s CPU, 0.005s wall-clock]
Normalizing task... [0.000s CPU, 0.001s wall-clock]
Instantiating...
Generating Datalog program... [0.000s CPU, 0.001s wall-clock]
Normalizing Datalog program...
Normalizing Datalog program: [0.010s CPU, 0.005s wall-clock]
Preparing model... [0.010s CPU, 0.003s wall-clock]
Generated 212 rules.
Computing model... [0.000s CPU, 0.002s wall-clock]
197 relevant atoms
142 auxiliary atoms
339 final queue length
376 total queue pushes
Completing instantiation... [0.000s CPU, 0.001s wall-clock]
Instantiating: [0.020s CPU, 0.012s wall-clock]
Computing fact groups...
Finding invariants...
20 initial candidates
Finding invariants: [0.010s CPU, 0.005s wall-clock]
Checking invariant weight... [0.000s CPU, 0.000s wall-clock]
Instantiating groups... [0.000s CPU, 0.000s wall-clock]
Collecting mutex groups... [0.000s CPU, 0.000s wall-clock]
Choosing groups...
25 uncovered facts
Choosing groups: [0.000s CPU, 0.000s wall-clock]
Building translation key... [0.000s CPU, 0.000s wall-clock]
Computing fact groups: [0.010s CPU, 0.006s wall-clock]
Building STRIPS to SAS dictionary... [0.000s CPU, 0.000s wall-clock]
Building dictionary for full mutex groups... [0.000s CPU, 0.000s wall-clock]
Building mutex information...
Building mutex information: [0.000s CPU, 0.000s wall-clock]
Translating task...
Processing axioms...
Simplifying axioms... [0.000s CPU, 0.000s wall-clock]
Translator axioms removed by simplifying: 0
Computing negative axioms... [0.000s CPU, 0.000s wall-clock]
Processing axioms: [0.000s CPU, 0.000s wall-clock]
Translating task: [0.000s CPU, 0.001s wall-clock]
9 effect conditions simplified
0 implied preconditions added
Detecting unreachable propositions...
0 operators removed
0 axioms removed
7 propositions removed
Detecting unreachable propositions: [0.000s CPU, 0.001s wall-clock]
Reordering and filtering variables...
21 of 23 variables necessary.
0 of 1 mutex groups necessary.
25 of 25 operators necessary.
0 of 0 axiom rules necessary.
Reordering and filtering variables: [0.000s CPU, 0.000s wall-clock]
Translator variables: 21
Translator derived variables: 0
Translator facts: 58
Translator goal facts: 4
Translator mutex groups: 0
Translator total mutex groups size: 0
Translator operators: 25
Translator axioms: 0
Translator task size: 223
Translator peak memory: 42524 KB
Writing output... [0.000s CPU, 0.001s wall-clock]
Done! [0.030s CPU, 0.029s wall-clock]
translate exit code: 0

INFO     Running search (release).
INFO     search stdin: output.sas
INFO     search time limit: 599.89s
INFO     search memory limit: 7000 MB
INFO     search command line string: /user/student.aau.dk/lkar18/downward-projects/downward/experiments/nopo_vs_nasutpo_vs_nelutpo/data/nopo_vs_nasutpo_vs_nelutpo/code-f7902f30c0f47512f07fb7c64cdaf652032f674a_e5e41175/builds/release/bin/downward --search 'astar(merge_and_shrink(op_mutex=op_mutex(use_previous_ops=NeLUTPO, reachability_strategy=goal)))' --internal-plan-file sas_plan < output.sas
[t=3.9714e-05s, 22344 KB] reading input...
[t=0.000320589s, 22344 KB] done reading input!
[t=0.00178796s, 22600 KB] Initializing merge-and-shrink heuristic...
[t=0.00185468s, 22600 KB] Running merge-and-shrink algorithm...
[t=0.00187416s, 22600 KB] Merge strategy options:
[t=0.00189426s, 22600 KB] Type: stateless
[t=0.00191352s, 22600 KB] Merge selector options:
[t=0.00193206s, 22600 KB] Name: score based filtering
[t=0.00195117s, 22600 KB] Merge scoring function:
[t=0.00196924s, 22600 KB] Name: goal relevance
[t=0.00198795s, 22600 KB] Merge scoring function:
[t=0.00200642s, 22600 KB] Name: dfp
[t=0.00202434s, 22600 KB] Merge scoring function:
[t=0.00204236s, 22600 KB] Name: total order
[t=0.0020607s, 22600 KB] Atomic transition system order: reverse level
[t=0.00207914s, 22600 KB] Product transition system order: new to old
[t=0.00209799s, 22600 KB] Consider atomic before product transition systems
[t=0.00211699s, 22600 KB] Random seed: -1

[t=0.00213755s, 22600 KB] Options related to size limits and shrinking: 
[t=0.00215683s, 22600 KB] Transition system size limit: 50000
[t=0.00217533s, 22600 KB] Transition system size limit right before merge: 50000
[t=0.00219358s, 22600 KB] Threshold to trigger shrinking right before merge: 1

[t=0.00221428s, 22600 KB] Pruning unreachable states: yes
[t=0.00223319s, 22600 KB] Pruning irrelevant states: yes

[t=0.00225872s, 22600 KB] Label reduction disabled

[t=0.00227958s, 22600 KB] Main loop max time in seconds: inf

[t=0.00230241s, 22600 KB] ===============================================================================
[t=0.00232122s, 22600 KB] WARNING! You did not enable label reduction.
This may drastically reduce the performance of merge-and-shrink!
[t=0.00234039s, 22600 KB] ===============================================================================

[t=0.00236741s, 22600 KB] Building atomic transition systems... 
[t=0.00253744s, 22732 KB] M&S algorithm timer: 0.000712681s (after computation of atomic factors)
[t=0.00257952s, 22732 KB] M&S algorithm timer: 0.000744593s (after pruning atomic factors)

[t=0.00260533s, 22732 KB] Starting main loop without a time limit.
[t=0.00265564s, 22732 KB] Next pair of indices: (5, 19)
[t=0.00268133s, 22732 KB] M&S algorithm main loop timer: 9.4855e-05s (after computation of next merge)
[t=0.00272213s, 22732 KB] M&S algorithm main loop timer: 0.000137946s (after merging)
[t=0.00274971s, 22732 KB] M&S algorithm main loop timer: 0.000163447s (after pruning)

[t=0.00277525s, 22732 KB] Operator mutex starting iteration 0
[t=0.00282902s, 22732 KB] In ts_0_0 of size 2 found num new op-mutexes 1
[t=0.00287736s, 22732 KB] In ts_0_1 of size 2 found num new op-mutexes 0
[t=0.00291832s, 22732 KB] In ts_0_2 of size 2 found num new op-mutexes 0
[t=0.00295521s, 22732 KB] In ts_0_3 of size 2 found num new op-mutexes 0
[t=0.00299167s, 22732 KB] In ts_0_4 of size 2 found num new op-mutexes 0
[t=0.00302735s, 22732 KB] In ts_0_6 of size 2 found num new op-mutexes 0
[t=0.00306284s, 22732 KB] In ts_0_7 of size 2 found num new op-mutexes 0
[t=0.00309856s, 22732 KB] In ts_0_8 of size 2 found num new op-mutexes 0
[t=0.00313407s, 22732 KB] In ts_0_9 of size 2 found num new op-mutexes 0
[t=0.00316906s, 22732 KB] In ts_0_10 of size 2 found num new op-mutexes 0
[t=0.00320516s, 22732 KB] In ts_0_11 of size 2 found num new op-mutexes 0
[t=0.00324032s, 22732 KB] In ts_0_12 of size 2 found num new op-mutexes 0
[t=0.00328546s, 22732 KB] In ts_0_13 of size 2 found num new op-mutexes 0
[t=0.00332272s, 22732 KB] In ts_0_14 of size 2 found num new op-mutexes 0
[t=0.00336096s, 22732 KB] In ts_0_15 of size 2 found num new op-mutexes 9
[t=0.00348203s, 22732 KB] In ts_0_16 of size 18 found num new op-mutexes 129
[t=0.00354587s, 22732 KB] In ts_0_17 of size 1 found num new op-mutexes 112
[t=0.00359051s, 22732 KB] In ts_0_18 of size 2 found num new op-mutexes 0
[t=0.00362897s, 22732 KB] In ts_0_20 of size 2 found num new op-mutexes 0
[t=0.00367402s, 22732 KB] In ts_0_21 of size 3 found num new op-mutexes 0
[t=0.00369776s, 22732 KB] Operator mutex finished iteration 0. Found an additional 251 operator mutexes

[t=0.0037506s, 22732 KB] Next pair of indices: (0, 21)
[t=0.00377257s, 22732 KB] M&S algorithm main loop timer: 0.00118488s (after computation of next merge)
[t=0.00381072s, 22732 KB] M&S algorithm main loop timer: 0.00122688s (after merging)
[t=0.00383864s, 22732 KB] M&S algorithm main loop timer: 0.00125099s (after pruning)

[t=0.00386244s, 22732 KB] Operator mutex starting iteration 1
[t=0.00389908s, 22732 KB] In ts_1_1 of size 2 found num new op-mutexes 0
[t=0.0039371s, 22732 KB] In ts_1_2 of size 2 found num new op-mutexes 0
[t=0.00397351s, 22732 KB] In ts_1_3 of size 2 found num new op-mutexes 0
[t=0.00404037s, 22732 KB] In ts_1_4 of size 2 found num new op-mutexes 0
[t=0.00408467s, 22732 KB] In ts_1_6 of size 2 found num new op-mutexes 0
[t=0.00412226s, 22732 KB] In ts_1_7 of size 2 found num new op-mutexes 0
[t=0.00415909s, 22732 KB] In ts_1_8 of size 2 found num new op-mutexes 0
[t=0.00419445s, 22732 KB] In ts_1_9 of size 2 found num new op-mutexes 0
[t=0.00422984s, 22732 KB] In ts_1_10 of size 2 found num new op-mutexes 0
[t=0.00426599s, 22732 KB] In ts_1_11 of size 2 found num new op-mutexes 0
[t=0.00430171s, 22732 KB] In ts_1_12 of size 2 found num new op-mutexes 0
[t=0.00433759s, 22732 KB] In ts_1_13 of size 2 found num new op-mutexes 0
[t=0.00438071s, 22732 KB] In ts_1_14 of size 2 found num new op-mutexes 0
[t=0.00441875s, 22732 KB] In ts_1_15 of size 2 found num new op-mutexes 0
[t=0.00455558s, 22732 KB] In ts_1_16 of size 18 found num new op-mutexes 0
[t=0.00461335s, 22732 KB] In ts_1_17 of size 1 found num new op-mutexes 0
[t=0.00465635s, 22732 KB] In ts_1_18 of size 2 found num new op-mutexes 0
[t=0.00469334s, 22732 KB] In ts_1_20 of size 2 found num new op-mutexes 0
[t=0.00474536s, 22732 KB] In ts_1_22 of size 3 found num new op-mutexes 0
[t=0.00476894s, 22732 KB] Operator mutex finished iteration 1. Found an additional 0 operator mutexes

[t=0.00481766s, 22732 KB] Next pair of indices: (8, 18)
[t=0.00484003s, 22732 KB] M&S algorithm main loop timer: 0.00225221s (after computation of next merge)
[t=0.0048776s, 22732 KB] M&S algorithm main loop timer: 0.00229243s (after merging)

[t=0.00490499s, 22732 KB] Operator mutex starting iteration 2
[t=0.00494216s, 22732 KB] In ts_2_1 of size 2 found num new op-mutexes 0
[t=0.00498174s, 22732 KB] In ts_2_2 of size 2 found num new op-mutexes 0
[t=0.00501841s, 22732 KB] In ts_2_3 of size 2 found num new op-mutexes 0
[t=0.005054s, 22732 KB] In ts_2_4 of size 2 found num new op-mutexes 0
[t=0.0050896s, 22732 KB] In ts_2_6 of size 2 found num new op-mutexes 0
[t=0.00512602s, 22732 KB] In ts_2_7 of size 2 found num new op-mutexes 0
[t=0.00516295s, 22732 KB] In ts_2_9 of size 2 found num new op-mutexes 0
[t=0.00519902s, 22732 KB] In ts_2_10 of size 2 found num new op-mutexes 0
[t=0.00523569s, 22732 KB] In ts_2_11 of size 2 found num new op-mutexes 0
[t=0.00527118s, 22732 KB] In ts_2_12 of size 2 found num new op-mutexes 0
[t=0.00530638s, 22732 KB] In ts_2_13 of size 2 found num new op-mutexes 0
[t=0.00534888s, 22732 KB] In ts_2_14 of size 2 found num new op-mutexes 0
[t=0.00538657s, 22732 KB] In ts_2_15 of size 2 found num new op-mutexes 0
[t=0.00550926s, 22732 KB] In ts_2_16 of size 18 found num new op-mutexes 0
[t=0.00556418s, 22732 KB] In ts_2_17 of size 1 found num new op-mutexes 0
[t=0.00560316s, 22732 KB] In ts_2_20 of size 2 found num new op-mutexes 0
[t=0.00565837s, 22732 KB] In ts_2_22 of size 3 found num new op-mutexes 0
[t=0.00571367s, 22732 KB] In ts_2_23 of size 4 found num new op-mutexes 0
[t=0.0057375s, 22732 KB] Operator mutex finished iteration 2. Found an additional 0 operator mutexes

[t=0.00578733s, 22732 KB] Next pair of indices: (1, 23)
[t=0.0058088s, 22732 KB] M&S algorithm main loop timer: 0.00322103s (after computation of next merge)
[t=0.0058495s, 22732 KB] M&S algorithm main loop timer: 0.00326449s (after merging)
[t=0.00587688s, 22732 KB] M&S algorithm main loop timer: 0.00328953s (after pruning)

[t=0.00590079s, 22732 KB] Operator mutex starting iteration 3
[t=0.00593751s, 22732 KB] In ts_3_2 of size 2 found num new op-mutexes 0
[t=0.00597528s, 22732 KB] In ts_3_3 of size 2 found num new op-mutexes 0
[t=0.00601135s, 22732 KB] In ts_3_4 of size 2 found num new op-mutexes 0
[t=0.00604683s, 22732 KB] In ts_3_6 of size 2 found num new op-mutexes 0
[t=0.00609239s, 22732 KB] In ts_3_7 of size 2 found num new op-mutexes 0
[t=0.00612851s, 22732 KB] In ts_3_9 of size 2 found num new op-mutexes 0
[t=0.00616331s, 22732 KB] In ts_3_10 of size 2 found num new op-mutexes 0
[t=0.00619917s, 22732 KB] In ts_3_11 of size 2 found num new op-mutexes 0
[t=0.00623402s, 22732 KB] In ts_3_12 of size 2 found num new op-mutexes 0
[t=0.00626919s, 22732 KB] In ts_3_13 of size 2 found num new op-mutexes 0
[t=0.00631078s, 22732 KB] In ts_3_14 of size 2 found num new op-mutexes 0
[t=0.00634816s, 22732 KB] In ts_3_15 of size 2 found num new op-mutexes 0
[t=0.00648009s, 22732 KB] In ts_3_16 of size 18 found num new op-mutexes 0
[t=0.00653678s, 22732 KB] In ts_3_17 of size 1 found num new op-mutexes 0
[t=0.00657587s, 22732 KB] In ts_3_20 of size 2 found num new op-mutexes 0
[t=0.00662502s, 22732 KB] In ts_3_22 of size 3 found num new op-mutexes 0
[t=0.00668967s, 22732 KB] In ts_3_24 of size 4 found num new op-mutexes 0
[t=0.00671491s, 22732 KB] Operator mutex finished iteration 3. Found an additional 0 operator mutexes

[t=0.00676585s, 22732 KB] Next pair of indices: (2, 24)
[t=0.006788s, 22732 KB] M&S algorithm main loop timer: 0.00420031s (after computation of next merge)
[t=0.00682938s, 22732 KB] M&S algorithm main loop timer: 0.00424525s (after merging)
[t=0.0068574s, 22732 KB] M&S algorithm main loop timer: 0.00426985s (after pruning)

[t=0.00688098s, 22732 KB] Operator mutex starting iteration 4
[t=0.00691775s, 22732 KB] In ts_4_3 of size 2 found num new op-mutexes 0
[t=0.00695611s, 22732 KB] In ts_4_4 of size 2 found num new op-mutexes 0
[t=0.00700237s, 22732 KB] In ts_4_6 of size 2 found num new op-mutexes 0
[t=0.00703994s, 22732 KB] In ts_4_7 of size 2 found num new op-mutexes 0
[t=0.0070758s, 22732 KB] In ts_4_9 of size 2 found num new op-mutexes 0
[t=0.0071111s, 22732 KB] In ts_4_10 of size 2 found num new op-mutexes 0
[t=0.00714699s, 22732 KB] In ts_4_11 of size 2 found num new op-mutexes 0
[t=0.00718182s, 22732 KB] In ts_4_12 of size 2 found num new op-mutexes 0
[t=0.00721719s, 22732 KB] In ts_4_13 of size 2 found num new op-mutexes 0
[t=0.0072595s, 22732 KB] In ts_4_14 of size 2 found num new op-mutexes 0
[t=0.00729675s, 22732 KB] In ts_4_15 of size 2 found num new op-mutexes 0
[t=0.00742054s, 22732 KB] In ts_4_16 of size 18 found num new op-mutexes 0
[t=0.00747505s, 22732 KB] In ts_4_17 of size 1 found num new op-mutexes 0
[t=0.00751378s, 22732 KB] In ts_4_20 of size 2 found num new op-mutexes 0
[t=0.00755814s, 22732 KB] In ts_4_22 of size 3 found num new op-mutexes 0
[t=0.0076157s, 22732 KB] In ts_4_25 of size 4 found num new op-mutexes 0
[t=0.00764051s, 22732 KB] Operator mutex finished iteration 4. Found an additional 0 operator mutexes

[t=0.00768913s, 22732 KB] Next pair of indices: (3, 25)
[t=0.00771096s, 22732 KB] M&S algorithm main loop timer: 0.00513698s (after computation of next merge)
[t=0.00776687s, 22732 KB] M&S algorithm main loop timer: 0.00518429s (after merging)
[t=0.00779729s, 22732 KB] M&S algorithm main loop timer: 0.00521021s (after pruning)

[t=0.00782134s, 22732 KB] Operator mutex starting iteration 5
[t=0.00785871s, 22732 KB] In ts_5_4 of size 2 found num new op-mutexes 0
[t=0.00790757s, 22732 KB] In ts_5_6 of size 2 found num new op-mutexes 0
[t=0.00794589s, 22732 KB] In ts_5_7 of size 2 found num new op-mutexes 0
[t=0.00798255s, 22732 KB] In ts_5_9 of size 2 found num new op-mutexes 0
[t=0.00801936s, 22732 KB] In ts_5_10 of size 2 found num new op-mutexes 0
[t=0.00805645s, 22732 KB] In ts_5_11 of size 2 found num new op-mutexes 0
[t=0.00809168s, 22732 KB] In ts_5_12 of size 2 found num new op-mutexes 0
[t=0.00812731s, 22732 KB] In ts_5_13 of size 2 found num new op-mutexes 0
[t=0.00816944s, 22732 KB] In ts_5_14 of size 2 found num new op-mutexes 0
[t=0.00820681s, 22732 KB] In ts_5_15 of size 2 found num new op-mutexes 0
[t=0.00833037s, 22732 KB] In ts_5_16 of size 18 found num new op-mutexes 0
[t=0.00838468s, 22732 KB] In ts_5_17 of size 1 found num new op-mutexes 0
[t=0.00842294s, 22732 KB] In ts_5_20 of size 2 found num new op-mutexes 0
[t=0.00846774s, 22732 KB] In ts_5_22 of size 3 found num new op-mutexes 0
[t=0.00852629s, 22732 KB] In ts_5_26 of size 4 found num new op-mutexes 0
[t=0.00855027s, 22732 KB] Operator mutex finished iteration 5. Found an additional 0 operator mutexes

[t=0.00859821s, 22732 KB] Next pair of indices: (4, 26)
[t=0.00862007s, 22732 KB] M&S algorithm main loop timer: 0.00603236s (after computation of next merge)
[t=0.00866045s, 22732 KB] M&S algorithm main loop timer: 0.00607612s (after merging)
[t=0.00868997s, 22732 KB] M&S algorithm main loop timer: 0.00610681s (after pruning)

[t=0.00871897s, 22732 KB] Operator mutex starting iteration 6
[t=0.00875793s, 22732 KB] In ts_6_6 of size 2 found num new op-mutexes 0
[t=0.00880085s, 22732 KB] In ts_6_7 of size 2 found num new op-mutexes 0
[t=0.00884155s, 22732 KB] In ts_6_9 of size 2 found num new op-mutexes 0
[t=0.00887874s, 22732 KB] In ts_6_10 of size 2 found num new op-mutexes 0
[t=0.00891605s, 22732 KB] In ts_6_11 of size 2 found num new op-mutexes 0
[t=0.00895137s, 22732 KB] In ts_6_12 of size 2 found num new op-mutexes 0
[t=0.00898651s, 22732 KB] In ts_6_13 of size 2 found num new op-mutexes 0
[t=0.00902891s, 22732 KB] In ts_6_14 of size 2 found num new op-mutexes 0
[t=0.00906675s, 22732 KB] In ts_6_15 of size 2 found num new op-mutexes 0
[t=0.00918966s, 22732 KB] In ts_6_16 of size 18 found num new op-mutexes 0
[t=0.00924392s, 22732 KB] In ts_6_17 of size 1 found num new op-mutexes 0
[t=0.00928194s, 22732 KB] In ts_6_20 of size 2 found num new op-mutexes 0
[t=0.00932622s, 22732 KB] In ts_6_22 of size 3 found num new op-mutexes 0
[t=0.00938356s, 22732 KB] In ts_6_27 of size 4 found num new op-mutexes 0
[t=0.0094081s, 22732 KB] Operator mutex finished iteration 6. Found an additional 0 operator mutexes

[t=0.00945583s, 22732 KB] Next pair of indices: (6, 27)
[t=0.00947765s, 22732 KB] M&S algorithm main loop timer: 0.00688986s (after computation of next merge)
[t=0.00951916s, 22732 KB] M&S algorithm main loop timer: 0.00693515s (after merging)
[t=0.00954772s, 22732 KB] M&S algorithm main loop timer: 0.00696042s (after pruning)

[t=0.00957146s, 22732 KB] Operator mutex starting iteration 7
[t=0.00960881s, 22732 KB] In ts_7_7 of size 2 found num new op-mutexes 0
[t=0.00964785s, 22732 KB] In ts_7_9 of size 2 found num new op-mutexes 0
[t=0.00969416s, 22732 KB] In ts_7_10 of size 2 found num new op-mutexes 0
[t=0.00973198s, 22732 KB] In ts_7_11 of size 2 found num new op-mutexes 0
[t=0.00976825s, 22732 KB] In ts_7_12 of size 2 found num new op-mutexes 0
[t=0.00980376s, 22732 KB] In ts_7_13 of size 2 found num new op-mutexes 0
[t=0.00984659s, 22732 KB] In ts_7_14 of size 2 found num new op-mutexes 0
[t=0.00988447s, 22732 KB] In ts_7_15 of size 2 found num new op-mutexes 0
[t=0.0100071s, 22732 KB] In ts_7_16 of size 18 found num new op-mutexes 0
[t=0.0100614s, 22732 KB] In ts_7_17 of size 1 found num new op-mutexes 0
[t=0.0100997s, 22732 KB] In ts_7_20 of size 2 found num new op-mutexes 0
[t=0.0101442s, 22732 KB] In ts_7_22 of size 3 found num new op-mutexes 0
[t=0.0102014s, 22732 KB] In ts_7_28 of size 4 found num new op-mutexes 0
[t=0.0102256s, 22732 KB] Operator mutex finished iteration 7. Found an additional 0 operator mutexes

[t=0.0102711s, 22732 KB] Next pair of indices: (7, 28)
[t=0.0102923s, 22732 KB] M&S algorithm main loop timer: 0.00770446s (after computation of next merge)
[t=0.0103323s, 22732 KB] M&S algorithm main loop timer: 0.00774751s (after merging)
[t=0.01036s, 22732 KB] M&S algorithm main loop timer: 0.00777279s (after pruning)

[t=0.0103838s, 22732 KB] Operator mutex starting iteration 8
[t=0.0104216s, 22732 KB] In ts_8_9 of size 2 found num new op-mutexes 0
[t=0.0104602s, 22732 KB] In ts_8_10 of size 2 found num new op-mutexes 0
[t=0.0104983s, 22732 KB] In ts_8_11 of size 2 found num new op-mutexes 0
[t=0.0105346s, 22732 KB] In ts_8_12 of size 2 found num new op-mutexes 0
[t=0.0105699s, 22732 KB] In ts_8_13 of size 2 found num new op-mutexes 0
[t=0.0106117s, 22732 KB] In ts_8_14 of size 2 found num new op-mutexes 0
[t=0.0106495s, 22732 KB] In ts_8_15 of size 2 found num new op-mutexes 0
[t=0.0107734s, 22732 KB] In ts_8_16 of size 18 found num new op-mutexes 0
[t=0.010828s, 22732 KB] In ts_8_17 of size 1 found num new op-mutexes 0
[t=0.0108668s, 22732 KB] In ts_8_20 of size 2 found num new op-mutexes 0
[t=0.0109112s, 22732 KB] In ts_8_22 of size 3 found num new op-mutexes 0
[t=0.0110084s, 22732 KB] In ts_8_29 of size 4 found num new op-mutexes 0
[t=0.0110365s, 22732 KB] Operator mutex finished iteration 8. Found an additional 0 operator mutexes

[t=0.0110834s, 22732 KB] Next pair of indices: (9, 29)
[t=0.0111144s, 22732 KB] M&S algorithm main loop timer: 0.00852646s (after computation of next merge)
[t=0.0111548s, 22732 KB] M&S algorithm main loop timer: 0.00857003s (after merging)
[t=0.0111821s, 22732 KB] M&S algorithm main loop timer: 0.00859512s (after pruning)

[t=0.0112062s, 22732 KB] Operator mutex starting iteration 9
[t=0.0112466s, 22732 KB] In ts_9_10 of size 2 found num new op-mutexes 0
[t=0.0112903s, 22732 KB] In ts_9_11 of size 2 found num new op-mutexes 0
[t=0.0113282s, 22732 KB] In ts_9_12 of size 2 found num new op-mutexes 0
[t=0.0113646s, 22732 KB] In ts_9_13 of size 2 found num new op-mutexes 0
[t=0.0114068s, 22732 KB] In ts_9_14 of size 2 found num new op-mutexes 0
[t=0.0114447s, 22732 KB] In ts_9_15 of size 2 found num new op-mutexes 0
[t=0.0115683s, 22732 KB] In ts_9_16 of size 18 found num new op-mutexes 0
[t=0.0116231s, 22732 KB] In ts_9_17 of size 1 found num new op-mutexes 0
[t=0.0116618s, 22732 KB] In ts_9_20 of size 2 found num new op-mutexes 0
[t=0.0117065s, 22732 KB] In ts_9_22 of size 3 found num new op-mutexes 0
[t=0.0117629s, 22732 KB] In ts_9_30 of size 4 found num new op-mutexes 0
[t=0.0117873s, 22732 KB] Operator mutex finished iteration 9. Found an additional 0 operator mutexes

[t=0.0118306s, 22732 KB] Next pair of indices: (10, 30)
[t=0.0118521s, 22732 KB] M&S algorithm main loop timer: 0.00926421s (after computation of next merge)
[t=0.0118944s, 22732 KB] M&S algorithm main loop timer: 0.00930981s (after merging)
[t=0.0119226s, 22732 KB] M&S algorithm main loop timer: 0.00933542s (after pruning)

[t=0.0119464s, 22732 KB] Operator mutex starting iteration 10
[t=0.0119948s, 22732 KB] In ts_10_11 of size 2 found num new op-mutexes 0
[t=0.0120323s, 22732 KB] In ts_10_12 of size 2 found num new op-mutexes 0
[t=0.0120942s, 22732 KB] In ts_10_13 of size 2 found num new op-mutexes 0
[t=0.0121411s, 22732 KB] In ts_10_14 of size 2 found num new op-mutexes 0
[t=0.01218s, 22732 KB] In ts_10_15 of size 2 found num new op-mutexes 0
[t=0.0123041s, 22732 KB] In ts_10_16 of size 18 found num new op-mutexes 0
[t=0.0123583s, 22732 KB] In ts_10_17 of size 1 found num new op-mutexes 0
[t=0.0123965s, 22732 KB] In ts_10_20 of size 2 found num new op-mutexes 0
[t=0.012441s, 22732 KB] In ts_10_22 of size 3 found num new op-mutexes 0
[t=0.0125028s, 22732 KB] In ts_10_31 of size 4 found num new op-mutexes 0
[t=0.0125276s, 22732 KB] Operator mutex finished iteration 10. Found an additional 0 operator mutexes

[t=0.0125695s, 22732 KB] Next pair of indices: (11, 20)
[t=0.0125912s, 22732 KB] M&S algorithm main loop timer: 0.0100032s (after computation of next merge)
[t=0.0126277s, 22732 KB] M&S algorithm main loop timer: 0.0100431s (after merging)

[t=0.0126554s, 22732 KB] Operator mutex starting iteration 11
[t=0.0126926s, 22732 KB] In ts_11_12 of size 2 found num new op-mutexes 0
[t=0.0127308s, 22732 KB] In ts_11_13 of size 2 found num new op-mutexes 0
[t=0.0127745s, 22732 KB] In ts_11_14 of size 2 found num new op-mutexes 0
[t=0.0128126s, 22732 KB] In ts_11_15 of size 2 found num new op-mutexes 0
[t=0.0129448s, 22732 KB] In ts_11_16 of size 18 found num new op-mutexes 0
[t=0.0129989s, 22732 KB] In ts_11_17 of size 1 found num new op-mutexes 0
[t=0.0130453s, 22732 KB] In ts_11_22 of size 3 found num new op-mutexes 0
[t=0.0131069s, 22732 KB] In ts_11_31 of size 4 found num new op-mutexes 0
[t=0.0131611s, 22732 KB] In ts_11_32 of size 4 found num new op-mutexes 0
[t=0.0131851s, 22732 KB] Operator mutex finished iteration 11. Found an additional 0 operator mutexes

[t=0.0132267s, 22732 KB] Next pair of indices: (12, 32)
[t=0.0132476s, 22732 KB] M&S algorithm main loop timer: 0.0106597s (after computation of next merge)
[t=0.0132874s, 22732 KB] M&S algorithm main loop timer: 0.010703s (after merging)
[t=0.0133151s, 22732 KB] M&S algorithm main loop timer: 0.0107281s (after pruning)

[t=0.013339s, 22732 KB] Operator mutex starting iteration 12
[t=0.0133766s, 22732 KB] In ts_12_13 of size 2 found num new op-mutexes 0
[t=0.0134211s, 22732 KB] In ts_12_14 of size 2 found num new op-mutexes 0
[t=0.0134615s, 22732 KB] In ts_12_15 of size 2 found num new op-mutexes 0
[t=0.0135877s, 22732 KB] In ts_12_16 of size 18 found num new op-mutexes 0
[t=0.0136428s, 22732 KB] In ts_12_17 of size 1 found num new op-mutexes 0
[t=0.0136892s, 22732 KB] In ts_12_22 of size 3 found num new op-mutexes 0
[t=0.0137502s, 22732 KB] In ts_12_31 of size 4 found num new op-mutexes 0
[t=0.0138057s, 22732 KB] In ts_12_33 of size 4 found num new op-mutexes 0
[t=0.0138301s, 22732 KB] Operator mutex finished iteration 12. Found an additional 0 operator mutexes

[t=0.0138703s, 22732 KB] Next pair of indices: (13, 33)
[t=0.0138915s, 22732 KB] M&S algorithm main loop timer: 0.0113036s (after computation of next merge)
[t=0.0139314s, 22732 KB] M&S algorithm main loop timer: 0.0113468s (after merging)
[t=0.0139588s, 22732 KB] M&S algorithm main loop timer: 0.0113714s (after pruning)

[t=0.0139825s, 22732 KB] Operator mutex starting iteration 13
[t=0.0140251s, 22732 KB] In ts_13_14 of size 2 found num new op-mutexes 0
[t=0.0140649s, 22732 KB] In ts_13_15 of size 2 found num new op-mutexes 0
[t=0.0141881s, 22732 KB] In ts_13_16 of size 18 found num new op-mutexes 0
[t=0.0142551s, 22732 KB] In ts_13_17 of size 1 found num new op-mutexes 0
[t=0.0143052s, 22732 KB] In ts_13_22 of size 3 found num new op-mutexes 0
[t=0.0143673s, 22732 KB] In ts_13_31 of size 4 found num new op-mutexes 0
[t=0.0144228s, 22732 KB] In ts_13_34 of size 4 found num new op-mutexes 0
[t=0.0144471s, 22732 KB] Operator mutex finished iteration 13. Found an additional 0 operator mutexes

[t=0.0144847s, 22732 KB] Next pair of indices: (14, 34)
[t=0.014515s, 22732 KB] M&S algorithm main loop timer: 0.011929s (after computation of next merge)
[t=0.0145583s, 22732 KB] M&S algorithm main loop timer: 0.0119743s (after merging)
[t=0.0145865s, 22732 KB] M&S algorithm main loop timer: 0.0119993s (after pruning)

[t=0.0146103s, 22732 KB] Operator mutex starting iteration 14
[t=0.0146467s, 22732 KB] In ts_14_15 of size 2 found num new op-mutexes 0
[t=0.0147715s, 22732 KB] In ts_14_16 of size 18 found num new op-mutexes 0
[t=0.0148257s, 22732 KB] In ts_14_17 of size 1 found num new op-mutexes 0
[t=0.014872s, 22732 KB] In ts_14_22 of size 3 found num new op-mutexes 0
[t=0.0149329s, 22732 KB] In ts_14_31 of size 4 found num new op-mutexes 0
[t=0.0150057s, 22732 KB] In ts_14_35 of size 5 found num new op-mutexes 0
[t=0.0150309s, 22732 KB] Operator mutex finished iteration 14. Found an additional 0 operator mutexes

[t=0.0150667s, 22732 KB] Next pair of indices: (15, 35)
[t=0.0150877s, 22732 KB] M&S algorithm main loop timer: 0.0124996s (after computation of next merge)
[t=0.0151291s, 22732 KB] M&S algorithm main loop timer: 0.0125443s (after merging)
[t=0.0151561s, 22732 KB] M&S algorithm main loop timer: 0.0125686s (after pruning)

[t=0.0151796s, 22732 KB] Operator mutex starting iteration 15
[t=0.0153089s, 22732 KB] In ts_15_16 of size 18 found num new op-mutexes 0
[t=0.0153647s, 22732 KB] In ts_15_17 of size 1 found num new op-mutexes 0
[t=0.0154118s, 22732 KB] In ts_15_22 of size 3 found num new op-mutexes 0
[t=0.0154733s, 22732 KB] In ts_15_31 of size 4 found num new op-mutexes 0
[t=0.0155288s, 22732 KB] Unusable transitions: 1
[t=0.0155551s, 22732 KB] (3 -5> 4)
[t=0.0155929s, 22732 KB] In ts_15_36 of size 5 found num new op-mutexes 0
[t=0.0156167s, 22732 KB] Operator mutex finished iteration 15. Found an additional 0 operator mutexes

[t=0.0156501s, 22732 KB] Next pair of indices: (16, 36)
[t=0.0156706s, 22732 KB] M&S algorithm main loop timer: 0.0130824s (after computation of next merge)
[t=0.0157166s, 22732 KB] M&S algorithm main loop timer: 0.0131311s (after shrinking)
[t=0.0157814s, 22732 KB] M&S algorithm main loop timer: 0.0131974s (after merging)
[t=0.0158166s, 22732 KB] M&S algorithm main loop timer: 0.0132299s (after pruning)

[t=0.015841s, 22732 KB] Operator mutex starting iteration 16
[t=0.015889s, 22732 KB] In ts_16_17 of size 1 found num new op-mutexes 0
[t=0.0159358s, 22732 KB] In ts_16_22 of size 3 found num new op-mutexes 0
[t=0.0159972s, 22732 KB] In ts_16_31 of size 4 found num new op-mutexes 0
[t=0.0161362s, 22732 KB] Unusable transitions: 1
[t=0.0161668s, 22732 KB] (35 -10> 36)
[t=0.0162776s, 22732 KB] In ts_16_37 of size 41 found num new op-mutexes 52
[t=0.0163038s, 22732 KB] Operator mutex finished iteration 16. Found an additional 52 operator mutexes

[t=0.0163354s, 22732 KB] Next pair of indices: (31, 37)
[t=0.0163561s, 22732 KB] M&S algorithm main loop timer: 0.013768s (after computation of next merge)
[t=0.016416s, 22732 KB] M&S algorithm main loop timer: 0.0138316s (after shrinking)
[t=0.0164884s, 22732 KB] M&S algorithm main loop timer: 0.0139065s (after merging)
[t=0.0165241s, 22732 KB] M&S algorithm main loop timer: 0.0139376s (after pruning)

[t=0.0165491s, 22732 KB] Operator mutex starting iteration 17
[t=0.0166006s, 22732 KB] In ts_17_17 of size 1 found num new op-mutexes 0
[t=0.0166492s, 22732 KB] In ts_17_22 of size 3 found num new op-mutexes 0
[t=0.0168127s, 22732 KB] In ts_17_38 of size 19 found num new op-mutexes 30
[t=0.0168403s, 22732 KB] Operator mutex finished iteration 17. Found an additional 30 operator mutexes

[t=0.0168693s, 22732 KB] Next pair of indices: (22, 38)
[t=0.0168903s, 22732 KB] M&S algorithm main loop timer: 0.0143024s (after computation of next merge)
[t=0.0169506s, 22732 KB] M&S algorithm main loop timer: 0.0143659s (after merging)
[t=0.0169807s, 22732 KB] M&S algorithm main loop timer: 0.0144015s (after pruning)

[t=0.0170138s, 22732 KB] Operator mutex starting iteration 18
[t=0.0170663s, 22732 KB] In ts_18_17 of size 1 found num new op-mutexes 0
[t=0.0172146s, 22732 KB] In ts_18_39 of size 17 found num new op-mutexes 128
[t=0.0172421s, 22732 KB] Operator mutex finished iteration 18. Found an additional 128 operator mutexes

[t=0.0172682s, 22732 KB] Next pair of indices: (17, 39)
[t=0.0172884s, 22732 KB] M&S algorithm main loop timer: 0.0147005s (after computation of next merge)
[t=0.0173334s, 22732 KB] M&S algorithm main loop timer: 0.0147496s (after merging)

[t=0.0173624s, 22732 KB] Operator mutex starting iteration 19
[t=0.017479s, 22732 KB] In ts_19_40 of size 17 found num new op-mutexes 0
[t=0.0175055s, 22732 KB] Operator mutex finished iteration 19. Found an additional 0 operator mutexes

[t=0.0175294s, 22732 KB] End of merge-and-shrink algorithm, statistics:
[t=0.0175639s, 22732 KB] Main loop runtime: 0.014979s
[t=0.0175874s, 22732 KB] Maximum intermediate abstraction size: 85
[t=0.0176156s, 22732 KB] Final peak memory increase of merge-and-shrink algorithm: 132 KB
[t=0.0176472s, 22732 KB] Merge-and-shrink algorithm runtime: 0.0158098s

[t=0.0176699s, 22732 KB] Number of labels: 25
[t=0.0176881s, 22732 KB] Total number of operator mutexes: 461
[t=0.0177065s, 22732 KB] Operator Mutex total time: 0.0120597s
[t=0.017728s, 22732 KB] Number of remaining factors: 1
[t=0.0177492s, 22732 KB] Number of factors kept: 1
[t=0.0177684s, 22732 KB] Done initializing merge-and-shrink heuristic.

[t=0.0178529s, 22732 KB] Building successor generator...done!
[t=0.0179443s, 22732 KB] peak memory difference for successor generator creation: 0 KB
[t=0.0179619s, 22732 KB] time for successor generation creation: 2.298e-05s
[t=0.0179845s, 22732 KB] Variables: 21
[t=0.0180038s, 22732 KB] FactPairs: 58
[t=0.0180227s, 22732 KB] Bytes per state: 4
[t=0.0181334s, 22732 KB] Conducting best first search with reopening closed nodes, (real) bound = 2147483647
[t=0.0181874s, 22732 KB] New best heuristic value for merge_and_shrink(op_mutex = op_mutex(use_previous_ops = nelutpo, reachability_strategy = goal)): 169009
[t=0.0182106s, 22732 KB] g=0, 1 evaluated, 0 expanded
[t=0.0182321s, 22732 KB] f = 169009, 1 evaluated, 0 expanded
[t=0.0182549s, 22732 KB] Initial heuristic value for merge_and_shrink(op_mutex = op_mutex(use_previous_ops = nelutpo, reachability_strategy = goal)): 169009
[t=0.018275s, 22732 KB] pruning method: none
[t=0.0183087s, 22732 KB] New best heuristic value for merge_and_shrink(op_mutex = op_mutex(use_previous_ops = nelutpo, reachability_strategy = goal)): 161009
[t=0.0183312s, 22732 KB] g=8000, 4 evaluated, 2 expanded
[t=0.0183565s, 22732 KB] New best heuristic value for merge_and_shrink(op_mutex = op_mutex(use_previous_ops = nelutpo, reachability_strategy = goal)): 159009
[t=0.0183786s, 22732 KB] g=10000, 5 evaluated, 3 expanded
[t=0.0184097s, 22732 KB] New best heuristic value for merge_and_shrink(op_mutex = op_mutex(use_previous_ops = nelutpo, reachability_strategy = goal)): 45996
[t=0.0184415s, 22732 KB] g=123013, 6 evaluated, 4 expanded
[t=0.018467s, 22732 KB] New best heuristic value for merge_and_shrink(op_mutex = op_mutex(use_previous_ops = nelutpo, reachability_strategy = goal)): 43996
[t=0.018488s, 22732 KB] g=125013, 8 evaluated, 5 expanded
[t=0.0185133s, 22732 KB] New best heuristic value for merge_and_shrink(op_mutex = op_mutex(use_previous_ops = nelutpo, reachability_strategy = goal)): 41996
[t=0.0185343s, 22732 KB] g=127013, 9 evaluated, 6 expanded
[t=0.0185582s, 22732 KB] New best heuristic value for merge_and_shrink(op_mutex = op_mutex(use_previous_ops = nelutpo, reachability_strategy = goal)): 23997
[t=0.018579s, 22732 KB] g=145012, 10 evaluated, 7 expanded
[t=0.0186046s, 22732 KB] New best heuristic value for merge_and_shrink(op_mutex = op_mutex(use_previous_ops = nelutpo, reachability_strategy = goal)): 20998
[t=0.0186257s, 22732 KB] g=148011, 12 evaluated, 8 expanded
[t=0.0186495s, 22732 KB] New best heuristic value for merge_and_shrink(op_mutex = op_mutex(use_previous_ops = nelutpo, reachability_strategy = goal)): 10999
[t=0.0186699s, 22732 KB] g=158010, 13 evaluated, 9 expanded
[t=0.0186935s, 22732 KB] New best heuristic value for merge_and_shrink(op_mutex = op_mutex(use_previous_ops = nelutpo, reachability_strategy = goal)): 8000
[t=0.0187143s, 22732 KB] g=161009, 14 evaluated, 10 expanded
[t=0.0187399s, 22732 KB] New best heuristic value for merge_and_shrink(op_mutex = op_mutex(use_previous_ops = nelutpo, reachability_strategy = goal)): 0
[t=0.0187606s, 22732 KB] g=169009, 16 evaluated, 11 expanded
[t=0.0187812s, 22732 KB] Solution found!
[t=0.0188023s, 22732 KB] Actual search time: 0.00052386s
initialize  (0)
blackfeeder-feed-letter sheet1 (8000)
blackcontainer-toime-letter sheet1 (2000)
blackprinter-simplex-letter sheet1 front image-1 (113013)
blackcontainer-fromime-letter sheet1 (2000)
endcap-move-letter sheet1 (2000)
htmoverblack-move-letter sheet1 (17999)
down-movetop-letter sheet1 (2999)
htmovercolor-move-letter sheet1 (9999)
up-movetop-letter sheet1 (2999)
finisher1-stack-letter sheet1 dummy-sheet (8000)
[t=0.0188237s, 22732 KB] Plan length: 11 step(s).
[t=0.0188237s, 22732 KB] Plan cost: 169009
[t=0.0188237s, 22732 KB] Expanded 12 state(s).
[t=0.0188237s, 22732 KB] Reopened 0 state(s).
[t=0.0188237s, 22732 KB] Evaluated 16 state(s).
[t=0.0188237s, 22732 KB] Evaluations: 16
[t=0.0188237s, 22732 KB] Generated 15 state(s).
[t=0.0188237s, 22732 KB] Dead ends: 3 state(s).
[t=0.0188237s, 22732 KB] Expanded until last jump: 0 state(s).
[t=0.0188237s, 22732 KB] Reopened until last jump: 0 state(s).
[t=0.0188237s, 22732 KB] Evaluated until last jump: 1 state(s).
[t=0.0188237s, 22732 KB] Generated until last jump: 0 state(s).
[t=0.0188237s, 22732 KB] Number of registered states: 16
[t=0.0188237s, 22732 KB] Int hash set load factor: 16/16 = 1
[t=0.0188237s, 22732 KB] Int hash set resizes: 4
[t=0.0188237s, 22732 KB] Search time: 0.000691197s
[t=0.0188237s, 22732 KB] Total time: 0.0188237s
Solution found.
Peak memory: 22732 KB
Remove intermediate file output.sas
search exit code: 0

INFO     Running validate.
INFO     validate stdin: None
INFO     validate time limit: None
INFO     validate memory limit: None
INFO     validate command line string: validate domain.pddl problem.pddl sas_plan
Checking plan: sas_plan
Plan executed successfully - checking goal
Plan valid
Final value: 169009 

Successful plans:
Value: 169009
 sas_plan 169009 

validate exit code: 0

