INFO     Running translator.
INFO     translator stdin: None
INFO     translator time limit: 599.96s
INFO     translator memory limit: 7000 MB
INFO     translator command line string: /usr/bin/python3 /user/student.aau.dk/lkar18/downward-projects/downward/experiments/nopo_vs_nasutpo_195p/data/nopo_vs_nasutpo/code-94571df14dfaf5b06207d9589b12facdd93f580c_e5e41175/builds/release/bin/translate/translate.py domain.pddl problem.pddl --sas-file output.sas
Parsing...
Parsing: [0.000s CPU, 0.002s wall-clock]
Normalizing task... [0.000s CPU, 0.000s wall-clock]
Instantiating...
Generating Datalog program... [0.000s CPU, 0.000s wall-clock]
Normalizing Datalog program...
Normalizing Datalog program: [0.000s CPU, 0.004s wall-clock]
Preparing model... [0.000s CPU, 0.001s wall-clock]
Generated 61 rules.
Computing model... [0.020s CPU, 0.011s wall-clock]
565 relevant atoms
603 auxiliary atoms
1168 final queue length
2022 total queue pushes
Completing instantiation... [0.010s CPU, 0.019s wall-clock]
Instantiating: [0.030s CPU, 0.036s wall-clock]
Computing fact groups...
Finding invariants...
16 initial candidates
Finding invariants: [0.010s CPU, 0.008s wall-clock]
Checking invariant weight... [0.000s CPU, 0.000s wall-clock]
Instantiating groups... [0.000s CPU, 0.002s wall-clock]
Collecting mutex groups... [0.000s CPU, 0.000s wall-clock]
Choosing groups...
18 uncovered facts
Choosing groups: [0.010s CPU, 0.001s wall-clock]
Building translation key... [0.000s CPU, 0.000s wall-clock]
Computing fact groups: [0.020s CPU, 0.012s wall-clock]
Building STRIPS to SAS dictionary... [0.000s CPU, 0.000s wall-clock]
Building dictionary for full mutex groups... [0.000s CPU, 0.000s wall-clock]
Building mutex information...
Building mutex information: [0.000s CPU, 0.000s wall-clock]
Translating task...
Processing axioms...
Simplifying axioms... [0.000s CPU, 0.000s wall-clock]
Translator axioms removed by simplifying: 0
Computing negative axioms... [0.000s CPU, 0.000s wall-clock]
Processing axioms: [0.000s CPU, 0.001s wall-clock]
Translating task: [0.020s CPU, 0.021s wall-clock]
432 effect conditions simplified
0 implied preconditions added
Detecting unreachable propositions...
0 operators removed
0 axioms removed
26 propositions removed
Detecting unreachable propositions: [0.010s CPU, 0.009s wall-clock]
Reordering and filtering variables...
26 of 26 variables necessary.
18 of 26 mutex groups necessary.
336 of 336 operators necessary.
0 of 0 axiom rules necessary.
Reordering and filtering variables: [0.000s CPU, 0.005s wall-clock]
Translator variables: 26
Translator derived variables: 0
Translator facts: 132
Translator goal facts: 6
Translator mutex groups: 18
Translator total mutex groups size: 156
Translator operators: 336
Translator axioms: 0
Translator task size: 3146
Translator peak memory: 44192 KB
Writing output... [0.010s CPU, 0.006s wall-clock]
Done! [0.090s CPU, 0.093s wall-clock]
translate exit code: 0

INFO     Running search (release).
INFO     search stdin: output.sas
INFO     search time limit: 599.83s
INFO     search memory limit: 7000 MB
INFO     search command line string: /user/student.aau.dk/lkar18/downward-projects/downward/experiments/nopo_vs_nasutpo_195p/data/nopo_vs_nasutpo/code-94571df14dfaf5b06207d9589b12facdd93f580c_e5e41175/builds/release/bin/downward --search 'astar(merge_and_shrink(op_mutex=op_mutex(use_previous_ops=NaSUTPO, reachability_strategy=goal), merge_strategy=merge_sccs(order_of_sccs=topological, merge_tree=linear()), shrink_strategy=shrink_bisimulation(greedy=true, at_limit=USE_UP)))' --internal-plan-file sas_plan < output.sas
[t=3.7541e-05s, 22344 KB] reading input...
[t=0.0019025s, 22468 KB] done reading input!
[t=0.00327884s, 22732 KB] Initializing merge-and-shrink heuristic...
[t=0.00335693s, 22732 KB] Running merge-and-shrink algorithm...
[t=0.00337839s, 22732 KB] Merge strategy options:
[t=0.00340039s, 22732 KB] Type: sccs
[t=0.00342145s, 22732 KB] Merge order of sccs: topological
[t=0.00344274s, 22732 KB] Merge strategy for merging within sccs: 
[t=0.00346374s, 22732 KB] Merge tree options: 
[t=0.00348487s, 22732 KB] Type: linear
[t=0.00350559s, 22732 KB] Update option: use random
[t=0.00352651s, 22732 KB] Variable order type: CG/GOAL, tie breaking on level (main)

[t=0.00354949s, 22732 KB] Options related to size limits and shrinking: 
[t=0.00357097s, 22732 KB] Transition system size limit: 50000
[t=0.00359134s, 22732 KB] Transition system size limit right before merge: 50000
[t=0.0036116s, 22732 KB] Threshold to trigger shrinking right before merge: 1

[t=0.00363461s, 22732 KB] Pruning unreachable states: yes
[t=0.00365576s, 22732 KB] Pruning irrelevant states: yes

[t=0.00367763s, 22732 KB] Label reduction disabled

[t=0.00370134s, 22732 KB] Main loop max time in seconds: inf

[t=0.00372656s, 22732 KB] ===============================================================================
[t=0.00374736s, 22732 KB] WARNING! You did not enable label reduction.
This may drastically reduce the performance of merge-and-shrink!
[t=0.00376858s, 22732 KB] ===============================================================================

[t=0.00379171s, 22732 KB] Building atomic transition systems... 
[t=0.00502948s, 24380 KB] M&S algorithm timer: 0.00171213s (after computation of atomic factors)

[t=0.00508641s, 24380 KB] Starting main loop without a time limit.
[t=0.0051146s, 24380 KB] building causal graph...done! [t=0.000688492s]
[t=0.00585122s, 24512 KB] SCCs of the causal graph:
[t=0.00592813s, 24512 KB] [1]
[t=0.00595459s, 24512 KB] [0]
[t=0.00597618s, 24512 KB] [17, 2, 5, 3, 6, 4, 7, 8, 9, 10, 11, 12, 13, 14, 15, 16, 18, 20, 19, 21, 22, 23, 24, 25]
[t=0.00600996s, 24512 KB] Next pair of indices: (25, 19)
[t=0.0060343s, 24512 KB] M&S algorithm main loop timer: 0.000968101s (after computation of next merge)
[t=0.0060822s, 24512 KB] M&S algorithm main loop timer: 0.00101927s (after shrinking)
[t=0.00616663s, 24512 KB] M&S algorithm main loop timer: 0.00111075s (after merging)

[t=0.00620519s, 24512 KB] Operator mutex starting iteration 0


[t=0.00637609s, 24512 KB] In ts_0_0 of size 3 found num new op-mutexes 0


[t=0.00654486s, 24512 KB] In ts_0_1 of size 3 found num new op-mutexes 0


[t=0.00665848s, 24512 KB] In ts_0_2 of size 2 found num new op-mutexes 0


[t=0.00676685s, 24512 KB] In ts_0_3 of size 2 found num new op-mutexes 0


[t=0.00688466s, 24512 KB] In ts_0_4 of size 2 found num new op-mutexes 0


[t=0.00705614s, 24512 KB] In ts_0_5 of size 4 found num new op-mutexes 0


[t=0.007224s, 24512 KB] In ts_0_6 of size 4 found num new op-mutexes 0


[t=0.00739018s, 24512 KB] In ts_0_7 of size 4 found num new op-mutexes 0


[t=0.00755594s, 24512 KB] In ts_0_8 of size 4 found num new op-mutexes 0


[t=0.00772041s, 24512 KB] In ts_0_9 of size 4 found num new op-mutexes 0


[t=0.0078852s, 24512 KB] In ts_0_10 of size 4 found num new op-mutexes 0


[t=0.0079964s, 24512 KB] In ts_0_11 of size 2 found num new op-mutexes 0


[t=0.00810549s, 24512 KB] In ts_0_12 of size 2 found num new op-mutexes 0


[t=0.00821255s, 24512 KB] In ts_0_13 of size 2 found num new op-mutexes 0


[t=0.00831766s, 24512 KB] In ts_0_14 of size 2 found num new op-mutexes 0


[t=0.00842273s, 24512 KB] In ts_0_15 of size 2 found num new op-mutexes 0


[t=0.00852738s, 24512 KB] In ts_0_16 of size 2 found num new op-mutexes 0


[t=0.00863283s, 24512 KB] In ts_0_17 of size 2 found num new op-mutexes 0


[t=0.00874599s, 24512 KB] In ts_0_18 of size 2 found num new op-mutexes 0


[t=0.00926246s, 24512 KB] In ts_0_20 of size 13 found num new op-mutexes 0


[t=0.00980859s, 24512 KB] In ts_0_21 of size 13 found num new op-mutexes 0


[t=0.0103323s, 24512 KB] In ts_0_22 of size 13 found num new op-mutexes 0


[t=0.010852s, 24512 KB] In ts_0_23 of size 13 found num new op-mutexes 0


[t=0.0113801s, 24512 KB] In ts_0_24 of size 13 found num new op-mutexes 0


[t=0.0118971s, 24512 KB] In ts_0_26 of size 13 found num new op-mutexes 0
[t=0.0119383s, 24512 KB] Operator mutex finished iteration 0. Found an additional 0 operator mutexes

[t=0.011972s, 24512 KB] Next pair of indices: (26, 24)
[t=0.0119964s, 24512 KB] M&S algorithm main loop timer: 0.00693013s (after computation of next merge)
[t=0.0121929s, 24512 KB] M&S algorithm main loop timer: 0.00713968s (after merging)

[t=0.0122446s, 24512 KB] Operator mutex starting iteration 1


[t=0.0124151s, 24512 KB] In ts_1_0 of size 3 found num new op-mutexes 0


[t=0.0125837s, 24512 KB] In ts_1_1 of size 3 found num new op-mutexes 0


[t=0.0126992s, 24512 KB] In ts_1_2 of size 2 found num new op-mutexes 0


[t=0.0128124s, 24512 KB] In ts_1_3 of size 2 found num new op-mutexes 0


[t=0.0129386s, 24512 KB] In ts_1_4 of size 2 found num new op-mutexes 0


[t=0.013127s, 24512 KB] In ts_1_5 of size 4 found num new op-mutexes 0


[t=0.0132978s, 24512 KB] In ts_1_6 of size 4 found num new op-mutexes 0


[t=0.0134662s, 24512 KB] In ts_1_7 of size 4 found num new op-mutexes 0


[t=0.0136335s, 24512 KB] In ts_1_8 of size 4 found num new op-mutexes 0


[t=0.013804s, 24512 KB] In ts_1_9 of size 4 found num new op-mutexes 0


[t=0.0139708s, 24512 KB] In ts_1_10 of size 4 found num new op-mutexes 0


[t=0.0140853s, 24512 KB] In ts_1_11 of size 2 found num new op-mutexes 0


[t=0.0141965s, 24512 KB] In ts_1_12 of size 2 found num new op-mutexes 0


[t=0.0143063s, 24512 KB] In ts_1_13 of size 2 found num new op-mutexes 0


[t=0.0144148s, 24512 KB] In ts_1_14 of size 2 found num new op-mutexes 0


[t=0.0145228s, 24512 KB] In ts_1_15 of size 2 found num new op-mutexes 0


[t=0.0146302s, 24512 KB] In ts_1_16 of size 2 found num new op-mutexes 0


[t=0.0147385s, 24512 KB] In ts_1_17 of size 2 found num new op-mutexes 0


[t=0.0148544s, 24512 KB] In ts_1_18 of size 2 found num new op-mutexes 0


[t=0.0153783s, 24512 KB] In ts_1_20 of size 13 found num new op-mutexes 0


[t=0.0159102s, 24512 KB] In ts_1_21 of size 13 found num new op-mutexes 0


[t=0.0164349s, 24512 KB] In ts_1_22 of size 13 found num new op-mutexes 0


[t=0.0169643s, 24512 KB] In ts_1_23 of size 13 found num new op-mutexes 0


[t=0.0183124s, 24512 KB] In ts_1_27 of size 169 found num new op-mutexes 0
[t=0.0183713s, 24512 KB] Operator mutex finished iteration 1. Found an additional 0 operator mutexes

[t=0.0184071s, 24512 KB] Next pair of indices: (27, 23)
[t=0.0184396s, 24512 KB] M&S algorithm main loop timer: 0.0133765s (after computation of next merge)
[t=0.0203214s, 24688 KB] M&S algorithm main loop timer: 0.0153096s (after merging)

[t=0.0205256s, 24688 KB] Operator mutex starting iteration 2


[t=0.0207022s, 24688 KB] In ts_2_0 of size 3 found num new op-mutexes 0


[t=0.0208702s, 24688 KB] In ts_2_1 of size 3 found num new op-mutexes 0


[t=0.020983s, 24688 KB] In ts_2_2 of size 2 found num new op-mutexes 0


[t=0.0211018s, 24688 KB] In ts_2_3 of size 2 found num new op-mutexes 0


[t=0.02121s, 24688 KB] In ts_2_4 of size 2 found num new op-mutexes 0


[t=0.021386s, 24688 KB] In ts_2_5 of size 4 found num new op-mutexes 0


[t=0.0215564s, 24688 KB] In ts_2_6 of size 4 found num new op-mutexes 0


[t=0.021723s, 24688 KB] In ts_2_7 of size 4 found num new op-mutexes 0


[t=0.0218887s, 24688 KB] In ts_2_8 of size 4 found num new op-mutexes 0


[t=0.0220632s, 24688 KB] In ts_2_9 of size 4 found num new op-mutexes 0


[t=0.0222465s, 24688 KB] In ts_2_10 of size 4 found num new op-mutexes 0


[t=0.0223631s, 24688 KB] In ts_2_11 of size 2 found num new op-mutexes 0


[t=0.0224728s, 24688 KB] In ts_2_12 of size 2 found num new op-mutexes 0


[t=0.02258s, 24688 KB] In ts_2_13 of size 2 found num new op-mutexes 0


[t=0.022688s, 24688 KB] In ts_2_14 of size 2 found num new op-mutexes 0


[t=0.0227949s, 24688 KB] In ts_2_15 of size 2 found num new op-mutexes 0


[t=0.0229014s, 24688 KB] In ts_2_16 of size 2 found num new op-mutexes 0


[t=0.0230078s, 24688 KB] In ts_2_17 of size 2 found num new op-mutexes 0


[t=0.0231209s, 24688 KB] In ts_2_18 of size 2 found num new op-mutexes 0


[t=0.023646s, 24688 KB] In ts_2_20 of size 13 found num new op-mutexes 0


[t=0.0241919s, 24688 KB] In ts_2_21 of size 13 found num new op-mutexes 0


[t=0.0247164s, 24688 KB] In ts_2_22 of size 13 found num new op-mutexes 0


[t=0.0342471s, 26976 KB] In ts_2_28 of size 2197 found num new op-mutexes 0
[t=0.0343086s, 26976 KB] Operator mutex finished iteration 2. Found an additional 0 operator mutexes

[t=0.0343494s, 26976 KB] Next pair of indices: (28, 22)
[t=0.0343739s, 26976 KB] M&S algorithm main loop timer: 0.0293079s (after computation of next merge)
[t=0.074301s, 33020 KB] M&S algorithm main loop timer: 0.069297s (after merging)

[t=0.0759188s, 33020 KB] Operator mutex starting iteration 3


[t=0.0760916s, 33020 KB] In ts_3_0 of size 3 found num new op-mutexes 0


[t=0.0762613s, 33020 KB] In ts_3_1 of size 3 found num new op-mutexes 0


[t=0.0763753s, 33020 KB] In ts_3_2 of size 2 found num new op-mutexes 0


[t=0.0764866s, 33020 KB] In ts_3_3 of size 2 found num new op-mutexes 0


[t=0.0766022s, 33020 KB] In ts_3_4 of size 2 found num new op-mutexes 0


[t=0.0767705s, 33020 KB] In ts_3_5 of size 4 found num new op-mutexes 0


[t=0.0769402s, 33020 KB] In ts_3_6 of size 4 found num new op-mutexes 0


[t=0.0771075s, 33020 KB] In ts_3_7 of size 4 found num new op-mutexes 0


[t=0.0772742s, 33020 KB] In ts_3_8 of size 4 found num new op-mutexes 0


[t=0.0774493s, 33020 KB] In ts_3_9 of size 4 found num new op-mutexes 0


[t=0.077664s, 33020 KB] In ts_3_10 of size 4 found num new op-mutexes 0


[t=0.0778451s, 33020 KB] In ts_3_11 of size 2 found num new op-mutexes 0


[t=0.0780242s, 33020 KB] In ts_3_12 of size 2 found num new op-mutexes 0


[t=0.0782023s, 33020 KB] In ts_3_13 of size 2 found num new op-mutexes 0


[t=0.0783796s, 33020 KB] In ts_3_14 of size 2 found num new op-mutexes 0


[t=0.0785549s, 33020 KB] In ts_3_15 of size 2 found num new op-mutexes 0


[t=0.0787304s, 33020 KB] In ts_3_16 of size 2 found num new op-mutexes 0


[t=0.0789071s, 33020 KB] In ts_3_17 of size 2 found num new op-mutexes 0


[t=0.0791074s, 33020 KB] In ts_3_18 of size 2 found num new op-mutexes 0


[t=0.0796432s, 33020 KB] In ts_3_20 of size 13 found num new op-mutexes 0


[t=0.0801724s, 33020 KB] In ts_3_21 of size 13 found num new op-mutexes 0
[t=0.0807916s, 33020 KB] Operator mutex finished iteration 3. Found an additional 0 operator mutexes

[t=0.0808305s, 33020 KB] Next pair of indices: (29, 21)
[t=0.080855s, 33020 KB] M&S algorithm main loop timer: 0.0757889s (after computation of next merge)
[t=0.124457s, 33860 KB] M&S algorithm main loop timer: 0.119744s (after shrinking)
[t=0.262001s, 49352 KB] M&S algorithm main loop timer: 0.257008s (after merging)

[t=0.264787s, 49352 KB] Operator mutex starting iteration 4


[t=0.264972s, 49352 KB] In ts_4_0 of size 3 found num new op-mutexes 0


[t=0.265143s, 49352 KB] In ts_4_1 of size 3 found num new op-mutexes 0


[t=0.265266s, 49352 KB] In ts_4_2 of size 2 found num new op-mutexes 0


[t=0.265377s, 49352 KB] In ts_4_3 of size 2 found num new op-mutexes 0


[t=0.265488s, 49352 KB] In ts_4_4 of size 2 found num new op-mutexes 0


[t=0.265657s, 49352 KB] In ts_4_5 of size 4 found num new op-mutexes 0


[t=0.265828s, 49352 KB] In ts_4_6 of size 4 found num new op-mutexes 0


[t=0.266002s, 49352 KB] In ts_4_7 of size 4 found num new op-mutexes 0


[t=0.26617s, 49352 KB] In ts_4_8 of size 4 found num new op-mutexes 0


[t=0.266345s, 49352 KB] In ts_4_9 of size 4 found num new op-mutexes 0


[t=0.266529s, 49352 KB] In ts_4_10 of size 4 found num new op-mutexes 0


[t=0.266644s, 49352 KB] In ts_4_11 of size 2 found num new op-mutexes 0


[t=0.266764s, 49352 KB] In ts_4_12 of size 2 found num new op-mutexes 0


[t=0.266873s, 49352 KB] In ts_4_13 of size 2 found num new op-mutexes 0


[t=0.26698s, 49352 KB] In ts_4_14 of size 2 found num new op-mutexes 0


[t=0.267087s, 49352 KB] In ts_4_15 of size 2 found num new op-mutexes 0


[t=0.267194s, 49352 KB] In ts_4_16 of size 2 found num new op-mutexes 0


[t=0.267301s, 49352 KB] In ts_4_17 of size 2 found num new op-mutexes 0


[t=0.267409s, 49352 KB] In ts_4_18 of size 2 found num new op-mutexes 0


[t=0.267931s, 49352 KB] In ts_4_20 of size 13 found num new op-mutexes 0
[t=0.271154s, 51344 KB] Operator mutex finished iteration 4. Found an additional 0 operator mutexes

[t=0.271217s, 51344 KB] Next pair of indices: (30, 20)
[t=0.271243s, 51344 KB] M&S algorithm main loop timer: 0.266177s (after computation of next merge)
[t=0.376134s, 51344 KB] M&S algorithm main loop timer: 0.371575s (after shrinking)
[t=0.545767s, 57728 KB] M&S algorithm main loop timer: 0.540764s (after merging)

[t=0.548558s, 57728 KB] Operator mutex starting iteration 5


[t=0.548736s, 57728 KB] In ts_5_0 of size 3 found num new op-mutexes 0


[t=0.548919s, 57728 KB] In ts_5_1 of size 3 found num new op-mutexes 0


[t=0.549038s, 57728 KB] In ts_5_2 of size 2 found num new op-mutexes 0


[t=0.549161s, 57728 KB] In ts_5_3 of size 2 found num new op-mutexes 0


[t=0.549273s, 57728 KB] In ts_5_4 of size 2 found num new op-mutexes 0


[t=0.549444s, 57728 KB] In ts_5_5 of size 4 found num new op-mutexes 0


[t=0.549615s, 57728 KB] In ts_5_6 of size 4 found num new op-mutexes 0


[t=0.549811s, 57728 KB] In ts_5_7 of size 4 found num new op-mutexes 0


[t=0.549982s, 57728 KB] In ts_5_8 of size 4 found num new op-mutexes 0


[t=0.550151s, 57728 KB] In ts_5_9 of size 4 found num new op-mutexes 0


[t=0.550318s, 57728 KB] In ts_5_10 of size 4 found num new op-mutexes 0


[t=0.550432s, 57728 KB] In ts_5_11 of size 2 found num new op-mutexes 0


[t=0.550543s, 57728 KB] In ts_5_12 of size 2 found num new op-mutexes 0


[t=0.550654s, 57728 KB] In ts_5_13 of size 2 found num new op-mutexes 0


[t=0.550763s, 57728 KB] In ts_5_14 of size 2 found num new op-mutexes 0


[t=0.550872s, 57728 KB] In ts_5_15 of size 2 found num new op-mutexes 0


[t=0.55098s, 57728 KB] In ts_5_16 of size 2 found num new op-mutexes 0


[t=0.551088s, 57728 KB] In ts_5_17 of size 2 found num new op-mutexes 0


[t=0.551206s, 57728 KB] In ts_5_18 of size 2 found num new op-mutexes 0
[t=0.55581s, 57956 KB] Operator mutex finished iteration 5. Found an additional 0 operator mutexes

[t=0.555882s, 57956 KB] Next pair of indices: (31, 18)
[t=0.555908s, 57956 KB] M&S algorithm main loop timer: 0.550842s (after computation of next merge)
[t=0.732579s, 61568 KB] M&S algorithm main loop timer: 0.727573s (after shrinking)
[t=0.803313s, 61568 KB] M&S algorithm main loop timer: 0.798308s (after merging)

[t=0.80473s, 61568 KB] Operator mutex starting iteration 6


[t=0.804905s, 61568 KB] In ts_6_0 of size 3 found num new op-mutexes 0


[t=0.805117s, 61568 KB] In ts_6_1 of size 3 found num new op-mutexes 0


[t=0.805236s, 61568 KB] In ts_6_2 of size 2 found num new op-mutexes 0


[t=0.805345s, 61568 KB] In ts_6_3 of size 2 found num new op-mutexes 0


[t=0.805452s, 61568 KB] In ts_6_4 of size 2 found num new op-mutexes 0


[t=0.805618s, 61568 KB] In ts_6_5 of size 4 found num new op-mutexes 0


[t=0.805786s, 61568 KB] In ts_6_6 of size 4 found num new op-mutexes 0


[t=0.805956s, 61568 KB] In ts_6_7 of size 4 found num new op-mutexes 0


[t=0.806129s, 61568 KB] In ts_6_8 of size 4 found num new op-mutexes 0


[t=0.806291s, 61568 KB] In ts_6_9 of size 4 found num new op-mutexes 0


[t=0.806452s, 61568 KB] In ts_6_10 of size 4 found num new op-mutexes 0


[t=0.806561s, 61568 KB] In ts_6_11 of size 2 found num new op-mutexes 0


[t=0.806668s, 61568 KB] In ts_6_12 of size 2 found num new op-mutexes 0


[t=0.806774s, 61568 KB] In ts_6_13 of size 2 found num new op-mutexes 0


[t=0.806879s, 61568 KB] In ts_6_14 of size 2 found num new op-mutexes 0


[t=0.806983s, 61568 KB] In ts_6_15 of size 2 found num new op-mutexes 0


[t=0.807087s, 61568 KB] In ts_6_16 of size 2 found num new op-mutexes 0


[t=0.807191s, 61568 KB] In ts_6_17 of size 2 found num new op-mutexes 0
[t=0.809193s, 61568 KB] Operator mutex finished iteration 6. Found an additional 0 operator mutexes

[t=0.809245s, 61568 KB] Next pair of indices: (32, 17)
[t=0.809271s, 61568 KB] M&S algorithm main loop timer: 0.804204s (after computation of next merge)
[t=0.840623s, 61568 KB] M&S algorithm main loop timer: 0.835612s (after shrinking)
[t=0.908917s, 61568 KB] M&S algorithm main loop timer: 0.90391s (after merging)

[t=0.910327s, 61568 KB] Operator mutex starting iteration 7


[t=0.9105s, 61568 KB] In ts_7_0 of size 3 found num new op-mutexes 0


[t=0.910667s, 61568 KB] In ts_7_1 of size 3 found num new op-mutexes 0


[t=0.91078s, 61568 KB] In ts_7_2 of size 2 found num new op-mutexes 0


[t=0.910888s, 61568 KB] In ts_7_3 of size 2 found num new op-mutexes 0


[t=0.910996s, 61568 KB] In ts_7_4 of size 2 found num new op-mutexes 0


[t=0.911172s, 61568 KB] In ts_7_5 of size 4 found num new op-mutexes 0


[t=0.911351s, 61568 KB] In ts_7_6 of size 4 found num new op-mutexes 0


[t=0.911518s, 61568 KB] In ts_7_7 of size 4 found num new op-mutexes 0


[t=0.911682s, 61568 KB] In ts_7_8 of size 4 found num new op-mutexes 0


[t=0.911843s, 61568 KB] In ts_7_9 of size 4 found num new op-mutexes 0


[t=0.912004s, 61568 KB] In ts_7_10 of size 4 found num new op-mutexes 0


[t=0.912128s, 61568 KB] In ts_7_11 of size 2 found num new op-mutexes 0


[t=0.912239s, 61568 KB] In ts_7_12 of size 2 found num new op-mutexes 0


[t=0.912345s, 61568 KB] In ts_7_13 of size 2 found num new op-mutexes 0


[t=0.91245s, 61568 KB] In ts_7_14 of size 2 found num new op-mutexes 0


[t=0.912555s, 61568 KB] In ts_7_15 of size 2 found num new op-mutexes 0


[t=0.912659s, 61568 KB] In ts_7_16 of size 2 found num new op-mutexes 0
[t=0.914479s, 61568 KB] Operator mutex finished iteration 7. Found an additional 0 operator mutexes

[t=0.914521s, 61568 KB] Next pair of indices: (33, 16)
[t=0.914546s, 61568 KB] M&S algorithm main loop timer: 0.90948s (after computation of next merge)
[t=0.945219s, 61568 KB] M&S algorithm main loop timer: 0.940209s (after shrinking)
[t=1.01413s, 61568 KB] M&S algorithm main loop timer: 1.00913s (after merging)

[t=1.01555s, 61568 KB] Operator mutex starting iteration 8


[t=1.01572s, 61568 KB] In ts_8_0 of size 3 found num new op-mutexes 0


[t=1.01592s, 61568 KB] In ts_8_1 of size 3 found num new op-mutexes 0


[t=1.01604s, 61568 KB] In ts_8_2 of size 2 found num new op-mutexes 0


[t=1.01615s, 61568 KB] In ts_8_3 of size 2 found num new op-mutexes 0


[t=1.01625s, 61568 KB] In ts_8_4 of size 2 found num new op-mutexes 0


[t=1.01642s, 61568 KB] In ts_8_5 of size 4 found num new op-mutexes 0


[t=1.01659s, 61568 KB] In ts_8_6 of size 4 found num new op-mutexes 0


[t=1.01676s, 61568 KB] In ts_8_7 of size 4 found num new op-mutexes 0


[t=1.01693s, 61568 KB] In ts_8_8 of size 4 found num new op-mutexes 0


[t=1.01709s, 61568 KB] In ts_8_9 of size 4 found num new op-mutexes 0


[t=1.01725s, 61568 KB] In ts_8_10 of size 4 found num new op-mutexes 0


[t=1.01736s, 61568 KB] In ts_8_11 of size 2 found num new op-mutexes 0


[t=1.01747s, 61568 KB] In ts_8_12 of size 2 found num new op-mutexes 0


[t=1.0176s, 61568 KB] In ts_8_13 of size 2 found num new op-mutexes 0


[t=1.01771s, 61568 KB] In ts_8_14 of size 2 found num new op-mutexes 0


[t=1.01782s, 61568 KB] In ts_8_15 of size 2 found num new op-mutexes 0
[t=1.01963s, 61568 KB] Operator mutex finished iteration 8. Found an additional 0 operator mutexes

[t=1.01967s, 61568 KB] Next pair of indices: (34, 15)
[t=1.0197s, 61568 KB] M&S algorithm main loop timer: 1.01463s (after computation of next merge)
[t=1.05051s, 61568 KB] M&S algorithm main loop timer: 1.0455s (after shrinking)
[t=1.12042s, 61568 KB] M&S algorithm main loop timer: 1.11541s (after merging)

[t=1.12183s, 61568 KB] Operator mutex starting iteration 9


[t=1.122s, 61568 KB] In ts_9_0 of size 3 found num new op-mutexes 0


[t=1.12217s, 61568 KB] In ts_9_1 of size 3 found num new op-mutexes 0


[t=1.12228s, 61568 KB] In ts_9_2 of size 2 found num new op-mutexes 0


[t=1.12239s, 61568 KB] In ts_9_3 of size 2 found num new op-mutexes 0


[t=1.1225s, 61568 KB] In ts_9_4 of size 2 found num new op-mutexes 0


[t=1.12266s, 61568 KB] In ts_9_5 of size 4 found num new op-mutexes 0


[t=1.12283s, 61568 KB] In ts_9_6 of size 4 found num new op-mutexes 0


[t=1.12301s, 61568 KB] In ts_9_7 of size 4 found num new op-mutexes 0


[t=1.12319s, 61568 KB] In ts_9_8 of size 4 found num new op-mutexes 0


[t=1.12335s, 61568 KB] In ts_9_9 of size 4 found num new op-mutexes 0


[t=1.12351s, 61568 KB] In ts_9_10 of size 4 found num new op-mutexes 0


[t=1.12362s, 61568 KB] In ts_9_11 of size 2 found num new op-mutexes 0


[t=1.12373s, 61568 KB] In ts_9_12 of size 2 found num new op-mutexes 0


[t=1.12383s, 61568 KB] In ts_9_13 of size 2 found num new op-mutexes 0


[t=1.12394s, 61568 KB] In ts_9_14 of size 2 found num new op-mutexes 0
[t=1.12592s, 61568 KB] Operator mutex finished iteration 9. Found an additional 0 operator mutexes

[t=1.12598s, 61568 KB] Next pair of indices: (35, 14)
[t=1.126s, 61568 KB] M&S algorithm main loop timer: 1.12094s (after computation of next merge)
[t=1.15754s, 61568 KB] M&S algorithm main loop timer: 1.15254s (after shrinking)
[t=1.22571s, 61568 KB] M&S algorithm main loop timer: 1.2207s (after merging)

[t=1.22716s, 61568 KB] Operator mutex starting iteration 10


[t=1.22733s, 61568 KB] In ts_10_0 of size 3 found num new op-mutexes 0


[t=1.2275s, 61568 KB] In ts_10_1 of size 3 found num new op-mutexes 0


[t=1.22761s, 61568 KB] In ts_10_2 of size 2 found num new op-mutexes 0


[t=1.22772s, 61568 KB] In ts_10_3 of size 2 found num new op-mutexes 0


[t=1.22783s, 61568 KB] In ts_10_4 of size 2 found num new op-mutexes 0


[t=1.228s, 61568 KB] In ts_10_5 of size 4 found num new op-mutexes 0


[t=1.22817s, 61568 KB] In ts_10_6 of size 4 found num new op-mutexes 0


[t=1.22833s, 61568 KB] In ts_10_7 of size 4 found num new op-mutexes 0


[t=1.22849s, 61568 KB] In ts_10_8 of size 4 found num new op-mutexes 0


[t=1.22865s, 61568 KB] In ts_10_9 of size 4 found num new op-mutexes 0


[t=1.22882s, 61568 KB] In ts_10_10 of size 4 found num new op-mutexes 0


[t=1.22893s, 61568 KB] In ts_10_11 of size 2 found num new op-mutexes 0


[t=1.22904s, 61568 KB] In ts_10_12 of size 2 found num new op-mutexes 0


[t=1.22914s, 61568 KB] In ts_10_13 of size 2 found num new op-mutexes 0
[t=1.23082s, 61568 KB] Operator mutex finished iteration 10. Found an additional 0 operator mutexes

[t=1.23086s, 61568 KB] Next pair of indices: (36, 13)
[t=1.23089s, 61568 KB] M&S algorithm main loop timer: 1.22582s (after computation of next merge)
[t=1.26065s, 61568 KB] M&S algorithm main loop timer: 1.25564s (after shrinking)
[t=1.32797s, 61568 KB] M&S algorithm main loop timer: 1.32296s (after merging)

[t=1.32939s, 61568 KB] Operator mutex starting iteration 11


[t=1.32957s, 61568 KB] In ts_11_0 of size 3 found num new op-mutexes 0


[t=1.32974s, 61568 KB] In ts_11_1 of size 3 found num new op-mutexes 0


[t=1.32985s, 61568 KB] In ts_11_2 of size 2 found num new op-mutexes 0


[t=1.32997s, 61568 KB] In ts_11_3 of size 2 found num new op-mutexes 0


[t=1.33008s, 61568 KB] In ts_11_4 of size 2 found num new op-mutexes 0


[t=1.33025s, 61568 KB] In ts_11_5 of size 4 found num new op-mutexes 0


[t=1.33042s, 61568 KB] In ts_11_6 of size 4 found num new op-mutexes 0


[t=1.33059s, 61568 KB] In ts_11_7 of size 4 found num new op-mutexes 0


[t=1.33075s, 61568 KB] In ts_11_8 of size 4 found num new op-mutexes 0


[t=1.33091s, 61568 KB] In ts_11_9 of size 4 found num new op-mutexes 0


[t=1.33108s, 61568 KB] In ts_11_10 of size 4 found num new op-mutexes 0


[t=1.33119s, 61568 KB] In ts_11_11 of size 2 found num new op-mutexes 0


[t=1.33129s, 61568 KB] In ts_11_12 of size 2 found num new op-mutexes 0
[t=1.33287s, 61568 KB] Operator mutex finished iteration 11. Found an additional 0 operator mutexes

[t=1.33292s, 61568 KB] Next pair of indices: (37, 12)
[t=1.33295s, 61568 KB] M&S algorithm main loop timer: 1.32788s (after computation of next merge)
[t=1.36315s, 61568 KB] M&S algorithm main loop timer: 1.35814s (after shrinking)
[t=1.43042s, 61568 KB] M&S algorithm main loop timer: 1.42541s (after merging)

[t=1.43183s, 61568 KB] Operator mutex starting iteration 12


[t=1.43202s, 61568 KB] In ts_12_0 of size 3 found num new op-mutexes 0


[t=1.43218s, 61568 KB] In ts_12_1 of size 3 found num new op-mutexes 0


[t=1.43229s, 61568 KB] In ts_12_2 of size 2 found num new op-mutexes 0


[t=1.4324s, 61568 KB] In ts_12_3 of size 2 found num new op-mutexes 0


[t=1.43251s, 61568 KB] In ts_12_4 of size 2 found num new op-mutexes 0


[t=1.43268s, 61568 KB] In ts_12_5 of size 4 found num new op-mutexes 0


[t=1.43284s, 61568 KB] In ts_12_6 of size 4 found num new op-mutexes 0


[t=1.43301s, 61568 KB] In ts_12_7 of size 4 found num new op-mutexes 0


[t=1.43317s, 61568 KB] In ts_12_8 of size 4 found num new op-mutexes 0


[t=1.43335s, 61568 KB] In ts_12_9 of size 4 found num new op-mutexes 0


[t=1.43351s, 61568 KB] In ts_12_10 of size 4 found num new op-mutexes 0


[t=1.43362s, 61568 KB] In ts_12_11 of size 2 found num new op-mutexes 0
[t=1.43526s, 61568 KB] Operator mutex finished iteration 12. Found an additional 0 operator mutexes

[t=1.43531s, 61568 KB] Next pair of indices: (38, 11)
[t=1.43533s, 61568 KB] M&S algorithm main loop timer: 1.43026s (after computation of next merge)
[t=1.46564s, 61568 KB] M&S algorithm main loop timer: 1.46064s (after shrinking)
[t=1.53332s, 61568 KB] M&S algorithm main loop timer: 1.52831s (after merging)

[t=1.53475s, 61568 KB] Operator mutex starting iteration 13


[t=1.53492s, 61568 KB] In ts_13_0 of size 3 found num new op-mutexes 0


[t=1.53511s, 61568 KB] In ts_13_1 of size 3 found num new op-mutexes 0


[t=1.53523s, 61568 KB] In ts_13_2 of size 2 found num new op-mutexes 0


[t=1.53534s, 61568 KB] In ts_13_3 of size 2 found num new op-mutexes 0


[t=1.53544s, 61568 KB] In ts_13_4 of size 2 found num new op-mutexes 0


[t=1.53561s, 61568 KB] In ts_13_5 of size 4 found num new op-mutexes 0


[t=1.53578s, 61568 KB] In ts_13_6 of size 4 found num new op-mutexes 0


[t=1.53595s, 61568 KB] In ts_13_7 of size 4 found num new op-mutexes 0


[t=1.53611s, 61568 KB] In ts_13_8 of size 4 found num new op-mutexes 0


[t=1.53627s, 61568 KB] In ts_13_9 of size 4 found num new op-mutexes 0


[t=1.53643s, 61568 KB] In ts_13_10 of size 4 found num new op-mutexes 0
[t=1.53804s, 61568 KB] Operator mutex finished iteration 13. Found an additional 0 operator mutexes

[t=1.53808s, 61568 KB] Next pair of indices: (39, 10)
[t=1.53811s, 61568 KB] M&S algorithm main loop timer: 1.53304s (after computation of next merge)
[t=1.60889s, 61568 KB] M&S algorithm main loop timer: 1.60388s (after shrinking)
[t=1.64094s, 61568 KB] M&S algorithm main loop timer: 1.63594s (after merging)

[t=1.64171s, 61568 KB] Operator mutex starting iteration 14


[t=1.64188s, 61568 KB] In ts_14_0 of size 3 found num new op-mutexes 0


[t=1.64205s, 61568 KB] In ts_14_1 of size 3 found num new op-mutexes 0


[t=1.64216s, 61568 KB] In ts_14_2 of size 2 found num new op-mutexes 0


[t=1.64227s, 61568 KB] In ts_14_3 of size 2 found num new op-mutexes 0


[t=1.64239s, 61568 KB] In ts_14_4 of size 2 found num new op-mutexes 0


[t=1.64256s, 61568 KB] In ts_14_5 of size 4 found num new op-mutexes 0


[t=1.64273s, 61568 KB] In ts_14_6 of size 4 found num new op-mutexes 0


[t=1.64289s, 61568 KB] In ts_14_7 of size 4 found num new op-mutexes 0


[t=1.64306s, 61568 KB] In ts_14_8 of size 4 found num new op-mutexes 0


[t=1.64323s, 61568 KB] In ts_14_9 of size 4 found num new op-mutexes 0
[t=1.64404s, 61568 KB] Operator mutex finished iteration 14. Found an additional 0 operator mutexes

[t=1.64408s, 61568 KB] Next pair of indices: (40, 9)
[t=1.64412s, 61568 KB] M&S algorithm main loop timer: 1.63906s (after computation of next merge)
[t=1.65854s, 61568 KB] M&S algorithm main loop timer: 1.65352s (after shrinking)
[t=1.68967s, 61568 KB] M&S algorithm main loop timer: 1.68466s (after merging)

[t=1.69043s, 61568 KB] Operator mutex starting iteration 15


[t=1.69061s, 61568 KB] In ts_15_0 of size 3 found num new op-mutexes 0


[t=1.69077s, 61568 KB] In ts_15_1 of size 3 found num new op-mutexes 0


[t=1.69089s, 61568 KB] In ts_15_2 of size 2 found num new op-mutexes 0


[t=1.69101s, 61568 KB] In ts_15_3 of size 2 found num new op-mutexes 0


[t=1.69111s, 61568 KB] In ts_15_4 of size 2 found num new op-mutexes 0


[t=1.69128s, 61568 KB] In ts_15_5 of size 4 found num new op-mutexes 0


[t=1.69145s, 61568 KB] In ts_15_6 of size 4 found num new op-mutexes 0


[t=1.69161s, 61568 KB] In ts_15_7 of size 4 found num new op-mutexes 0


[t=1.69179s, 61568 KB] In ts_15_8 of size 4 found num new op-mutexes 0
[t=1.69245s, 61568 KB] Operator mutex finished iteration 15. Found an additional 0 operator mutexes

[t=1.6925s, 61568 KB] Next pair of indices: (41, 8)
[t=1.69253s, 61568 KB] M&S algorithm main loop timer: 1.68746s (after computation of next merge)
[t=1.70632s, 61568 KB] M&S algorithm main loop timer: 1.70129s (after shrinking)
[t=1.73744s, 61568 KB] M&S algorithm main loop timer: 1.73244s (after merging)

[t=1.7382s, 61568 KB] Operator mutex starting iteration 16


[t=1.73837s, 61568 KB] In ts_16_0 of size 3 found num new op-mutexes 0


[t=1.73855s, 61568 KB] In ts_16_1 of size 3 found num new op-mutexes 0


[t=1.73867s, 61568 KB] In ts_16_2 of size 2 found num new op-mutexes 0


[t=1.73878s, 61568 KB] In ts_16_3 of size 2 found num new op-mutexes 0


[t=1.73888s, 61568 KB] In ts_16_4 of size 2 found num new op-mutexes 0


[t=1.73906s, 61568 KB] In ts_16_5 of size 4 found num new op-mutexes 0


[t=1.73922s, 61568 KB] In ts_16_6 of size 4 found num new op-mutexes 0


[t=1.73941s, 61568 KB] In ts_16_7 of size 4 found num new op-mutexes 0
[t=1.74019s, 61568 KB] Operator mutex finished iteration 16. Found an additional 0 operator mutexes

[t=1.74023s, 61568 KB] Next pair of indices: (42, 7)
[t=1.74025s, 61568 KB] M&S algorithm main loop timer: 1.73519s (after computation of next merge)
[t=1.75427s, 61568 KB] M&S algorithm main loop timer: 1.74922s (after shrinking)
[t=1.78498s, 61568 KB] M&S algorithm main loop timer: 1.77996s (after merging)

[t=1.78574s, 61568 KB] Operator mutex starting iteration 17


[t=1.78591s, 61568 KB] In ts_17_0 of size 3 found num new op-mutexes 0


[t=1.78608s, 61568 KB] In ts_17_1 of size 3 found num new op-mutexes 0


[t=1.7862s, 61568 KB] In ts_17_2 of size 2 found num new op-mutexes 0


[t=1.78631s, 61568 KB] In ts_17_3 of size 2 found num new op-mutexes 0


[t=1.78642s, 61568 KB] In ts_17_4 of size 2 found num new op-mutexes 0


[t=1.78659s, 61568 KB] In ts_17_5 of size 4 found num new op-mutexes 0


[t=1.78675s, 61568 KB] In ts_17_6 of size 4 found num new op-mutexes 0
[t=1.78757s, 61568 KB] Operator mutex finished iteration 17. Found an additional 0 operator mutexes

[t=1.78761s, 61568 KB] Next pair of indices: (43, 6)
[t=1.78763s, 61568 KB] M&S algorithm main loop timer: 1.78257s (after computation of next merge)
[t=1.80175s, 61568 KB] M&S algorithm main loop timer: 1.79672s (after shrinking)
[t=1.83277s, 61568 KB] M&S algorithm main loop timer: 1.82775s (after merging)

[t=1.83353s, 61568 KB] Operator mutex starting iteration 18


[t=1.83371s, 61568 KB] In ts_18_0 of size 3 found num new op-mutexes 0


[t=1.83388s, 61568 KB] In ts_18_1 of size 3 found num new op-mutexes 0


[t=1.83399s, 61568 KB] In ts_18_2 of size 2 found num new op-mutexes 0


[t=1.8341s, 61568 KB] In ts_18_3 of size 2 found num new op-mutexes 0


[t=1.83421s, 61568 KB] In ts_18_4 of size 2 found num new op-mutexes 0


[t=1.83437s, 61568 KB] In ts_18_5 of size 4 found num new op-mutexes 0
[t=1.83513s, 61568 KB] Operator mutex finished iteration 18. Found an additional 0 operator mutexes

[t=1.83518s, 61568 KB] Next pair of indices: (44, 5)
[t=1.8352s, 61568 KB] M&S algorithm main loop timer: 1.83013s (after computation of next merge)
[t=1.84939s, 61568 KB] M&S algorithm main loop timer: 1.84437s (after shrinking)
[t=1.88078s, 61568 KB] M&S algorithm main loop timer: 1.87577s (after merging)

[t=1.88154s, 61568 KB] Operator mutex starting iteration 19


[t=1.8817s, 61568 KB] In ts_19_0 of size 3 found num new op-mutexes 0


[t=1.88188s, 61568 KB] In ts_19_1 of size 3 found num new op-mutexes 0


[t=1.88199s, 61568 KB] In ts_19_2 of size 2 found num new op-mutexes 0


[t=1.8821s, 61568 KB] In ts_19_3 of size 2 found num new op-mutexes 0


[t=1.88221s, 61568 KB] In ts_19_4 of size 2 found num new op-mutexes 0
[t=1.88288s, 61568 KB] Operator mutex finished iteration 19. Found an additional 0 operator mutexes

[t=1.88293s, 61568 KB] Next pair of indices: (45, 4)
[t=1.88295s, 61568 KB] M&S algorithm main loop timer: 1.87789s (after computation of next merge)
[t=1.89693s, 61568 KB] M&S algorithm main loop timer: 1.8919s (after shrinking)
[t=1.92747s, 61568 KB] M&S algorithm main loop timer: 1.92244s (after merging)

[t=1.9282s, 61568 KB] Operator mutex starting iteration 20


[t=1.92837s, 61568 KB] In ts_20_0 of size 3 found num new op-mutexes 0


[t=1.92854s, 61568 KB] In ts_20_1 of size 3 found num new op-mutexes 0


[t=1.92865s, 61568 KB] In ts_20_2 of size 2 found num new op-mutexes 0


[t=1.92876s, 61568 KB] In ts_20_3 of size 2 found num new op-mutexes 0
[t=1.92929s, 61568 KB] Operator mutex finished iteration 20. Found an additional 0 operator mutexes

[t=1.92933s, 61568 KB] Next pair of indices: (46, 3)
[t=1.92936s, 61568 KB] M&S algorithm main loop timer: 1.92429s (after computation of next merge)
[t=1.94307s, 61568 KB] M&S algorithm main loop timer: 1.93802s (after shrinking)
[t=1.97444s, 61568 KB] M&S algorithm main loop timer: 1.96943s (after merging)

[t=1.9752s, 61568 KB] Operator mutex starting iteration 21


[t=1.97537s, 61568 KB] In ts_21_0 of size 3 found num new op-mutexes 0


[t=1.97554s, 61568 KB] In ts_21_1 of size 3 found num new op-mutexes 0


[t=1.97565s, 61568 KB] In ts_21_2 of size 2 found num new op-mutexes 0
[t=1.97634s, 61568 KB] Operator mutex finished iteration 21. Found an additional 0 operator mutexes

[t=1.97638s, 61568 KB] Next pair of indices: (47, 2)
[t=1.9764s, 61568 KB] M&S algorithm main loop timer: 1.97134s (after computation of next merge)
[t=1.99047s, 61568 KB] M&S algorithm main loop timer: 1.98543s (after shrinking)
[t=2.02149s, 61568 KB] M&S algorithm main loop timer: 2.01647s (after merging)

[t=2.02227s, 61568 KB] Operator mutex starting iteration 22


[t=2.02245s, 61568 KB] In ts_22_0 of size 3 found num new op-mutexes 0


[t=2.02262s, 61568 KB] In ts_22_1 of size 3 found num new op-mutexes 0
[t=2.02343s, 61568 KB] Operator mutex finished iteration 22. Found an additional 0 operator mutexes

[t=2.02348s, 61568 KB] Next pair of indices: (48, 1)
[t=2.02351s, 61568 KB] M&S algorithm main loop timer: 2.01844s (after computation of next merge)
[t=2.03759s, 61568 KB] M&S algorithm main loop timer: 2.03255s (after shrinking)
[t=2.06792s, 61568 KB] M&S algorithm main loop timer: 2.06289s (after merging)

[t=2.06866s, 61568 KB] Operator mutex starting iteration 23


[t=2.06883s, 61568 KB] In ts_23_0 of size 3 found num new op-mutexes 0
[t=2.06944s, 61568 KB] Operator mutex finished iteration 23. Found an additional 0 operator mutexes

[t=2.06949s, 61568 KB] Next pair of indices: (49, 0)
[t=2.06951s, 61568 KB] M&S algorithm main loop timer: 2.06444s (after computation of next merge)
[t=2.08355s, 61568 KB] M&S algorithm main loop timer: 2.07852s (after shrinking)
[t=2.11503s, 61568 KB] M&S algorithm main loop timer: 2.11002s (after merging)

[t=2.11579s, 61568 KB] Operator mutex starting iteration 24
[t=2.11663s, 61568 KB] Operator mutex finished iteration 24. Found an additional 0 operator mutexes

[t=2.11667s, 61568 KB] End of merge-and-shrink algorithm, statistics:
[t=2.1167s, 61568 KB] Main loop runtime: 2.11163s
[t=2.11672s, 61568 KB] Maximum intermediate abstraction size: 49998
[t=2.11674s, 61568 KB] Final peak memory increase of merge-and-shrink algorithm: 38836 KB
[t=2.11678s, 61568 KB] Merge-and-shrink algorithm runtime: 2.11344s

[t=2.1168s, 61568 KB] Number of labels: 336
[t=2.11682s, 61568 KB] Total number of operator mutexes: 0
[t=2.11684s, 61568 KB] Operator Mutex total time: 0.0919752s
[t=2.11688s, 61568 KB] Number of remaining factors: 1
[t=2.11886s, 61568 KB] Number of factors kept: 1
[t=2.11891s, 61568 KB] Done initializing merge-and-shrink heuristic.

[t=2.11907s, 61568 KB] Building successor generator...done!
[t=2.11933s, 61568 KB] peak memory difference for successor generator creation: 0 KB
[t=2.11936s, 61568 KB] time for successor generation creation: 0.000170957s
[t=2.11939s, 61568 KB] Variables: 26
[t=2.11942s, 61568 KB] FactPairs: 132
[t=2.11945s, 61568 KB] Bytes per state: 8
[t=2.11958s, 61568 KB] Conducting best first search with reopening closed nodes, (real) bound = 2147483647
[t=2.11964s, 61568 KB] New best heuristic value for merge_and_shrink(op_mutex = op_mutex(use_previous_ops = nasutpo, reachability_strategy = goal), merge_strategy = merge_sccs(order_of_sccs = topological, merge_tree = linear), shrink_strategy = shrink_bisimulation(greedy = true, at_limit = use_up)): 12
[t=2.11966s, 61568 KB] g=0, 1 evaluated, 0 expanded
[t=2.11969s, 61568 KB] f = 12, 1 evaluated, 0 expanded
[t=2.11972s, 61568 KB] Initial heuristic value for merge_and_shrink(op_mutex = op_mutex(use_previous_ops = nasutpo, reachability_strategy = goal), merge_strategy = merge_sccs(order_of_sccs = topological, merge_tree = linear), shrink_strategy = shrink_bisimulation(greedy = true, at_limit = use_up)): 12
[t=2.11974s, 61568 KB] pruning method: none
[t=2.11979s, 61568 KB] New best heuristic value for merge_and_shrink(op_mutex = op_mutex(use_previous_ops = nasutpo, reachability_strategy = goal), merge_strategy = merge_sccs(order_of_sccs = topological, merge_tree = linear), shrink_strategy = shrink_bisimulation(greedy = true, at_limit = use_up)): 11
[t=2.11982s, 61568 KB] g=1, 7 evaluated, 1 expanded
[t=2.11986s, 61568 KB] New best heuristic value for merge_and_shrink(op_mutex = op_mutex(use_previous_ops = nasutpo, reachability_strategy = goal), merge_strategy = merge_sccs(order_of_sccs = topological, merge_tree = linear), shrink_strategy = shrink_bisimulation(greedy = true, at_limit = use_up)): 10
[t=2.1199s, 61568 KB] g=2, 15 evaluated, 2 expanded
[t=2.11996s, 61568 KB] f = 13, 26 evaluated, 4 expanded
[t=2.1201s, 61568 KB] f = 14, 68 evaluated, 20 expanded
[t=2.12031s, 61568 KB] f = 15, 138 evaluated, 48 expanded
[t=2.12073s, 61568 KB] f = 16, 285 evaluated, 110 expanded
[t=2.12157s, 61568 KB] f = 17, 576 evaluated, 236 expanded
[t=2.12168s, 61568 KB] New best heuristic value for merge_and_shrink(op_mutex = op_mutex(use_previous_ops = nasutpo, reachability_strategy = goal), merge_strategy = merge_sccs(order_of_sccs = topological, merge_tree = linear), shrink_strategy = shrink_bisimulation(greedy = true, at_limit = use_up)): 9
[t=2.1217s, 61568 KB] g=8, 599 evaluated, 248 expanded
[t=2.12311s, 61568 KB] f = 18, 1167 evaluated, 442 expanded
[t=2.12419s, 61568 KB] New best heuristic value for merge_and_shrink(op_mutex = op_mutex(use_previous_ops = nasutpo, reachability_strategy = goal), merge_strategy = merge_sccs(order_of_sccs = topological, merge_tree = linear), shrink_strategy = shrink_bisimulation(greedy = true, at_limit = use_up)): 8
[t=2.12422s, 61568 KB] g=10, 1636 evaluated, 585 expanded
[t=2.12656s, 61568 KB] f = 19, 2494 evaluated, 953 expanded
[t=2.12661s, 61568 KB] New best heuristic value for merge_and_shrink(op_mutex = op_mutex(use_previous_ops = nasutpo, reachability_strategy = goal), merge_strategy = merge_sccs(order_of_sccs = topological, merge_tree = linear), shrink_strategy = shrink_bisimulation(greedy = true, at_limit = use_up)): 7
[t=2.12663s, 61568 KB] g=12, 2495 evaluated, 954 expanded
[t=2.12675s, 61568 KB] New best heuristic value for merge_and_shrink(op_mutex = op_mutex(use_previous_ops = nasutpo, reachability_strategy = goal), merge_strategy = merge_sccs(order_of_sccs = topological, merge_tree = linear), shrink_strategy = shrink_bisimulation(greedy = true, at_limit = use_up)): 6
[t=2.12677s, 61568 KB] g=13, 2529 evaluated, 960 expanded
[t=2.13327s, 61568 KB] f = 20, 5048 evaluated, 1943 expanded
[t=2.14773s, 61568 KB] f = 21, 10534 evaluated, 4105 expanded
[t=2.17218s, 61568 KB] f = 22, 18968 evaluated, 8329 expanded
[t=2.17286s, 61568 KB] New best heuristic value for merge_and_shrink(op_mutex = op_mutex(use_previous_ops = nasutpo, reachability_strategy = goal), merge_strategy = merge_sccs(order_of_sccs = topological, merge_tree = linear), shrink_strategy = shrink_bisimulation(greedy = true, at_limit = use_up)): 5
[t=2.1729s, 61568 KB] g=17, 19203 evaluated, 8416 expanded
[t=2.17446s, 61568 KB] New best heuristic value for merge_and_shrink(op_mutex = op_mutex(use_previous_ops = nasutpo, reachability_strategy = goal), merge_strategy = merge_sccs(order_of_sccs = topological, merge_tree = linear), shrink_strategy = shrink_bisimulation(greedy = true, at_limit = use_up)): 4
[t=2.17449s, 61568 KB] g=18, 19805 evaluated, 8660 expanded
[t=2.21349s, 61568 KB] f = 23, 33718 evaluated, 14882 expanded
[t=2.29019s, 61568 KB] f = 24, 58982 evaluated, 27865 expanded
[t=2.40293s, 61568 KB] f = 25, 97733 evaluated, 46687 expanded
[t=2.40941s, 61568 KB] New best heuristic value for merge_and_shrink(op_mutex = op_mutex(use_previous_ops = nasutpo, reachability_strategy = goal), merge_strategy = merge_sccs(order_of_sccs = topological, merge_tree = linear), shrink_strategy = shrink_bisimulation(greedy = true, at_limit = use_up)): 3
[t=2.40946s, 61568 KB] g=22, 100139 evaluated, 47561 expanded
[t=2.62195s, 61568 KB] f = 26, 165991 evaluated, 81872 expanded
[t=2.94945s, 61568 KB] f = 27, 261256 evaluated, 133938 expanded
[t=2.94956s, 61568 KB] New best heuristic value for merge_and_shrink(op_mutex = op_mutex(use_previous_ops = nasutpo, reachability_strategy = goal), merge_strategy = merge_sccs(order_of_sccs = topological, merge_tree = linear), shrink_strategy = shrink_bisimulation(greedy = true, at_limit = use_up)): 2
[t=2.9496s, 61568 KB] g=25, 261263 evaluated, 133942 expanded
[t=2.94964s, 61568 KB] New best heuristic value for merge_and_shrink(op_mutex = op_mutex(use_previous_ops = nasutpo, reachability_strategy = goal), merge_strategy = merge_sccs(order_of_sccs = topological, merge_tree = linear), shrink_strategy = shrink_bisimulation(greedy = true, at_limit = use_up)): 1
[t=2.94967s, 61568 KB] g=26, 261269 evaluated, 133943 expanded
[t=2.95164s, 61568 KB] New best heuristic value for merge_and_shrink(op_mutex = op_mutex(use_previous_ops = nasutpo, reachability_strategy = goal), merge_strategy = merge_sccs(order_of_sccs = topological, merge_tree = linear), shrink_strategy = shrink_bisimulation(greedy = true, at_limit = use_up)): 0
[t=2.95167s, 61568 KB] g=27, 261764 evaluated, 134098 expanded
[t=2.95173s, 61568 KB] Solution found!
[t=2.95176s, 61568 KB] Actual search time: 0.832017s
lift hoist1 crate4 crate3 distributor0 (1)
lift hoist2 crate5 crate2 distributor1 (1)
load hoist1 crate4 truck1 distributor0 (1)
lift hoist1 crate3 crate0 distributor0 (1)
load hoist1 crate3 truck1 distributor0 (1)
lift hoist1 crate0 pallet1 distributor0 (1)
load hoist1 crate0 truck1 distributor0 (1)
unload hoist1 crate4 truck1 distributor0 (1)
drop hoist1 crate4 pallet1 distributor0 (1)
lift hoist0 crate1 pallet0 depot0 (1)
load hoist0 crate1 truck0 depot0 (1)
drive truck1 distributor0 distributor1 (1)
load hoist2 crate5 truck1 distributor1 (1)
lift hoist2 crate2 pallet2 distributor1 (1)
load hoist2 crate2 truck1 distributor1 (1)
drive truck0 depot0 distributor1 (1)
unload hoist2 crate1 truck0 distributor1 (1)
drop hoist2 crate1 pallet2 distributor1 (1)
unload hoist2 crate0 truck1 distributor1 (1)
drop hoist2 crate0 crate1 distributor1 (1)
unload hoist2 crate5 truck1 distributor1 (1)
drop hoist2 crate5 crate0 distributor1 (1)
drive truck1 distributor1 depot0 (1)
unload hoist0 crate2 truck1 depot0 (1)
drop hoist0 crate2 pallet0 depot0 (1)
unload hoist0 crate3 truck1 depot0 (1)
drop hoist0 crate3 crate2 depot0 (1)
[t=2.95179s, 61568 KB] Plan length: 27 step(s).
[t=2.95179s, 61568 KB] Plan cost: 27
[t=2.95179s, 61568 KB] Expanded 134099 state(s).
[t=2.95179s, 61568 KB] Reopened 0 state(s).
[t=2.95179s, 61568 KB] Evaluated 261766 state(s).
[t=2.95179s, 61568 KB] Evaluations: 261766
[t=2.95179s, 61568 KB] Generated 1128261 state(s).
[t=2.95179s, 61568 KB] Dead ends: 0 state(s).
[t=2.95179s, 61568 KB] Expanded until last jump: 133938 state(s).
[t=2.95179s, 61568 KB] Reopened until last jump: 0 state(s).
[t=2.95179s, 61568 KB] Evaluated until last jump: 261256 state(s).
[t=2.95179s, 61568 KB] Generated until last jump: 1126975 state(s).
[t=2.95179s, 61568 KB] Number of registered states: 261766
[t=2.95179s, 61568 KB] Int hash set load factor: 261766/524288 = 0.499279
[t=2.95179s, 61568 KB] Int hash set resizes: 19
[t=2.95179s, 61568 KB] Search time: 0.83222s
[t=2.95179s, 61568 KB] Total time: 2.95179s
Solution found.
Peak memory: 61568 KB
Remove intermediate file output.sas
search exit code: 0

INFO     Running validate.
INFO     validate stdin: None
INFO     validate time limit: None
INFO     validate memory limit: None
INFO     validate command line string: validate domain.pddl problem.pddl sas_plan
Checking plan: sas_plan
Plan executed successfully - checking goal
Plan valid
Final value: 27 

Successful plans:
Value: 27
 sas_plan 27 

validate exit code: 0

