INFO     Running translator.
INFO     translator stdin: None
INFO     translator time limit: 599.97s
INFO     translator memory limit: 7000 MB
INFO     translator command line string: /usr/bin/python3 /user/student.aau.dk/lkar18/downward-projects/downward/experiments/nopo_vs_nasutpo_195p/data/nopo_vs_nasutpo/code-94571df14dfaf5b06207d9589b12facdd93f580c_e5e41175/builds/release/bin/translate/translate.py domain.pddl problem.pddl --sas-file output.sas
Parsing...
Parsing: [0.010s CPU, 0.010s wall-clock]
Normalizing task... [0.000s CPU, 0.001s wall-clock]
Instantiating...
Generating Datalog program... [0.000s CPU, 0.001s wall-clock]
Normalizing Datalog program...
Normalizing Datalog program: [0.010s CPU, 0.008s wall-clock]
Preparing model... [0.010s CPU, 0.004s wall-clock]
Generated 360 rules.
Computing model... [0.000s CPU, 0.002s wall-clock]
170 relevant atoms
141 auxiliary atoms
311 final queue length
364 total queue pushes
Completing instantiation... [0.000s CPU, 0.002s wall-clock]
Instantiating: [0.020s CPU, 0.017s wall-clock]
Computing fact groups...
Finding invariants...
26 initial candidates
Finding invariants: [0.030s CPU, 0.029s wall-clock]
Checking invariant weight... [0.000s CPU, 0.000s wall-clock]
Instantiating groups... [0.000s CPU, 0.001s wall-clock]
Collecting mutex groups... [0.000s CPU, 0.000s wall-clock]
Choosing groups...
61 uncovered facts
Choosing groups: [0.000s CPU, 0.000s wall-clock]
Building translation key... [0.000s CPU, 0.000s wall-clock]
Computing fact groups: [0.030s CPU, 0.031s wall-clock]
Building STRIPS to SAS dictionary... [0.000s CPU, 0.000s wall-clock]
Building dictionary for full mutex groups... [0.000s CPU, 0.000s wall-clock]
Building mutex information...
Building mutex information: [0.000s CPU, 0.000s wall-clock]
Translating task...
Processing axioms...
Simplifying axioms... [0.000s CPU, 0.000s wall-clock]
Translator axioms removed by simplifying: 0
Computing negative axioms... [0.000s CPU, 0.000s wall-clock]
Processing axioms: [0.000s CPU, 0.000s wall-clock]
Translating task: [0.000s CPU, 0.002s wall-clock]
73 effect conditions simplified
0 implied preconditions added
Detecting unreachable propositions...
0 operators removed
0 axioms removed
17 propositions removed
Detecting unreachable propositions: [0.000s CPU, 0.002s wall-clock]
Reordering and filtering variables...
29 of 57 variables necessary.
14 of 18 mutex groups necessary.
19 of 19 operators necessary.
0 of 0 axiom rules necessary.
Reordering and filtering variables: [0.010s CPU, 0.002s wall-clock]
Translator variables: 29
Translator derived variables: 0
Translator facts: 72
Translator goal facts: 1
Translator mutex groups: 14
Translator total mutex groups size: 29
Translator operators: 19
Translator axioms: 0
Translator task size: 337
Translator peak memory: 42780 KB
Writing output... [0.000s CPU, 0.001s wall-clock]
Done! [0.070s CPU, 0.067s wall-clock]
translate exit code: 0

INFO     Running search (release).
INFO     search stdin: output.sas
INFO     search time limit: 599.85s
INFO     search memory limit: 7000 MB
INFO     search command line string: /user/student.aau.dk/lkar18/downward-projects/downward/experiments/nopo_vs_nasutpo_195p/data/nopo_vs_nasutpo/code-94571df14dfaf5b06207d9589b12facdd93f580c_e5e41175/builds/release/bin/downward --search 'astar(merge_and_shrink(op_mutex=op_mutex(use_previous_ops=NaSUTPO, reachability_strategy=goal), merge_strategy=merge_sccs(order_of_sccs=topological, merge_tree=linear()), shrink_strategy=shrink_bisimulation(greedy=false, at_limit=RETURN)))' --internal-plan-file sas_plan < output.sas
[t=3.8791e-05s, 22344 KB] reading input...
[t=0.000391858s, 22344 KB] done reading input!
[t=0.00177228s, 22600 KB] Initializing merge-and-shrink heuristic...
[t=0.00184414s, 22600 KB] Running merge-and-shrink algorithm...
[t=0.00186393s, 22600 KB] Merge strategy options:
[t=0.00188406s, 22600 KB] Type: sccs
[t=0.00190311s, 22600 KB] Merge order of sccs: topological
[t=0.00192204s, 22600 KB] Merge strategy for merging within sccs: 
[t=0.0019406s, 22600 KB] Merge tree options: 
[t=0.0019595s, 22600 KB] Type: linear
[t=0.00197827s, 22600 KB] Update option: use random
[t=0.00199747s, 22600 KB] Variable order type: CG/GOAL, tie breaking on level (main)

[t=0.00201865s, 22600 KB] Options related to size limits and shrinking: 
[t=0.0020385s, 22600 KB] Transition system size limit: 50000
[t=0.00205754s, 22600 KB] Transition system size limit right before merge: 50000
[t=0.00207628s, 22600 KB] Threshold to trigger shrinking right before merge: 1

[t=0.00209793s, 22600 KB] Pruning unreachable states: yes
[t=0.00214024s, 22600 KB] Pruning irrelevant states: yes

[t=0.00216258s, 22600 KB] Label reduction disabled

[t=0.00218452s, 22600 KB] Main loop max time in seconds: inf

[t=0.00220884s, 22600 KB] ===============================================================================
[t=0.00222789s, 22600 KB] WARNING! You did not enable label reduction.
This may drastically reduce the performance of merge-and-shrink!
[t=0.00224728s, 22600 KB] ===============================================================================

[t=0.00226866s, 22600 KB] Building atomic transition systems... 
[t=0.00247373s, 22732 KB] M&S algorithm timer: 0.000658905s (after computation of atomic factors)
[t=0.00251628s, 22732 KB] M&S algorithm timer: 0.000694368s (after pruning atomic factors)

[t=0.00254501s, 22732 KB] Starting main loop without a time limit.
[t=0.00256746s, 22732 KB] building causal graph...done! [t=0.000249505s]
[t=0.00284896s, 22732 KB] SCCs of the causal graph:
[t=0.00289255s, 22732 KB] [0, 6, 4, 5, 11, 15, 17, 7, 2, 1, 3, 10, 9, 21, 22, 8, 12, 14, 13, 16, 18, 19, 27, 20, 23, 24, 25, 26, 28]
[t=0.0029179s, 22732 KB] Only one single SCC
[t=0.00294961s, 22732 KB] Next pair of indices: (28, 27)
[t=0.00297156s, 22732 KB] M&S algorithm main loop timer: 0.000444729s (after computation of next merge)
[t=0.00301032s, 22732 KB] M&S algorithm main loop timer: 0.000501714s (after shrinking)
[t=0.00306852s, 22732 KB] M&S algorithm main loop timer: 0.000547107s (after merging)
[t=0.00309972s, 22732 KB] M&S algorithm main loop timer: 0.000574313s (after pruning)

[t=0.00312525s, 22732 KB] Operator mutex starting iteration 0


[t=0.00317095s, 22732 KB] In ts_0_0 of size 2 found num new op-mutexes 0


[t=0.00322242s, 22732 KB] In ts_0_1 of size 2 found num new op-mutexes 0


[t=0.00326254s, 22732 KB] In ts_0_2 of size 2 found num new op-mutexes 0


[t=0.00330489s, 22732 KB] In ts_0_3 of size 2 found num new op-mutexes 0


[t=0.00334535s, 22732 KB] In ts_0_4 of size 2 found num new op-mutexes 0


[t=0.00338427s, 22732 KB] In ts_0_5 of size 2 found num new op-mutexes 0


[t=0.00342187s, 22732 KB] In ts_0_6 of size 2 found num new op-mutexes 0


[t=0.00345902s, 22732 KB] In ts_0_7 of size 2 found num new op-mutexes 0


[t=0.00349728s, 22732 KB] In ts_0_8 of size 2 found num new op-mutexes 0


[t=0.00353435s, 22732 KB] In ts_0_9 of size 2 found num new op-mutexes 0


[t=0.00357178s, 22732 KB] In ts_0_10 of size 2 found num new op-mutexes 0


[t=0.00361554s, 22732 KB] In ts_0_11 of size 2 found num new op-mutexes 0


[t=0.00365244s, 22732 KB] In ts_0_12 of size 2 found num new op-mutexes 0


[t=0.00368896s, 22732 KB] In ts_0_13 of size 2 found num new op-mutexes 0


[t=0.00372617s, 22732 KB] In ts_0_14 of size 2 found num new op-mutexes 0


[t=0.00376319s, 22732 KB] In ts_0_15 of size 2 found num new op-mutexes 0


[t=0.00380244s, 22732 KB] In ts_0_16 of size 2 found num new op-mutexes 0


[t=0.00383987s, 22732 KB] In ts_0_17 of size 2 found num new op-mutexes 0


[t=0.00387735s, 22732 KB] In ts_0_18 of size 2 found num new op-mutexes 0


[t=0.00391376s, 22732 KB] In ts_0_19 of size 2 found num new op-mutexes 0


[t=0.00395031s, 22732 KB] In ts_0_20 of size 2 found num new op-mutexes 0


[t=0.00398686s, 22732 KB] In ts_0_21 of size 2 found num new op-mutexes 0


[t=0.00402679s, 22732 KB] In ts_0_22 of size 2 found num new op-mutexes 0


[t=0.00406627s, 22732 KB] In ts_0_23 of size 2 found num new op-mutexes 0


[t=0.00410447s, 22732 KB] In ts_0_24 of size 2 found num new op-mutexes 0


[t=0.00414396s, 22732 KB] In ts_0_25 of size 2 found num new op-mutexes 0


[t=0.00418744s, 22732 KB] In ts_0_26 of size 2 found num new op-mutexes 0


[t=0.00426539s, 22732 KB] In ts_0_29 of size 14 found num new op-mutexes 72
[t=0.00430033s, 22732 KB] Operator mutex finished iteration 0. Found an additional 72 operator mutexes

[t=0.00432764s, 22732 KB] Next pair of indices: (29, 26)
[t=0.00434868s, 22732 KB] M&S algorithm main loop timer: 0.00182168s (after computation of next merge)
[t=0.00439091s, 22732 KB] M&S algorithm main loop timer: 0.00186804s (after merging)
[t=0.00442183s, 22732 KB] M&S algorithm main loop timer: 0.00189616s (after pruning)

[t=0.00444727s, 22732 KB] Operator mutex starting iteration 1


[t=0.00448646s, 22732 KB] In ts_1_0 of size 2 found num new op-mutexes 0


[t=0.00452652s, 22732 KB] In ts_1_1 of size 2 found num new op-mutexes 0


[t=0.00456437s, 22732 KB] In ts_1_2 of size 2 found num new op-mutexes 0


[t=0.00460461s, 22732 KB] In ts_1_3 of size 2 found num new op-mutexes 0


[t=0.0046427s, 22732 KB] In ts_1_4 of size 2 found num new op-mutexes 0


[t=0.00468022s, 22732 KB] In ts_1_5 of size 2 found num new op-mutexes 0


[t=0.00471709s, 22732 KB] In ts_1_6 of size 2 found num new op-mutexes 0


[t=0.00475399s, 22732 KB] In ts_1_7 of size 2 found num new op-mutexes 0


[t=0.00479117s, 22732 KB] In ts_1_8 of size 2 found num new op-mutexes 0


[t=0.00482813s, 22732 KB] In ts_1_9 of size 2 found num new op-mutexes 0


[t=0.00486388s, 22732 KB] In ts_1_10 of size 2 found num new op-mutexes 0


[t=0.00489979s, 22732 KB] In ts_1_11 of size 2 found num new op-mutexes 0


[t=0.00493587s, 22732 KB] In ts_1_12 of size 2 found num new op-mutexes 0


[t=0.00497174s, 22732 KB] In ts_1_13 of size 2 found num new op-mutexes 0


[t=0.00500802s, 22732 KB] In ts_1_14 of size 2 found num new op-mutexes 0


[t=0.0050449s, 22732 KB] In ts_1_15 of size 2 found num new op-mutexes 0


[t=0.0050837s, 22732 KB] In ts_1_16 of size 2 found num new op-mutexes 0


[t=0.00512108s, 22732 KB] In ts_1_17 of size 2 found num new op-mutexes 0


[t=0.00516628s, 22732 KB] In ts_1_18 of size 2 found num new op-mutexes 0


[t=0.0052037s, 22732 KB] In ts_1_19 of size 2 found num new op-mutexes 0


[t=0.00524117s, 22732 KB] In ts_1_20 of size 2 found num new op-mutexes 0


[t=0.00527815s, 22732 KB] In ts_1_21 of size 2 found num new op-mutexes 0


[t=0.0053177s, 22732 KB] In ts_1_22 of size 2 found num new op-mutexes 0


[t=0.00535718s, 22732 KB] In ts_1_23 of size 2 found num new op-mutexes 0


[t=0.00539424s, 22732 KB] In ts_1_24 of size 2 found num new op-mutexes 0


[t=0.00543368s, 22732 KB] In ts_1_25 of size 2 found num new op-mutexes 0


[t=0.00551414s, 22732 KB] In ts_1_30 of size 16 found num new op-mutexes 0
[t=0.00553921s, 22732 KB] Operator mutex finished iteration 1. Found an additional 0 operator mutexes

[t=0.00556419s, 22732 KB] Next pair of indices: (30, 25)
[t=0.00558448s, 22732 KB] M&S algorithm main loop timer: 0.00305761s (after computation of next merge)
[t=0.00562298s, 22732 KB] M&S algorithm main loop timer: 0.00309873s (after shrinking)
[t=0.00566247s, 22732 KB] M&S algorithm main loop timer: 0.00313839s (after merging)
[t=0.00569187s, 22732 KB] M&S algorithm main loop timer: 0.00316584s (after pruning)

[t=0.00571676s, 22732 KB] Operator mutex starting iteration 2


[t=0.00576869s, 22732 KB] In ts_2_0 of size 2 found num new op-mutexes 0


[t=0.00581179s, 22732 KB] In ts_2_1 of size 2 found num new op-mutexes 0


[t=0.0058506s, 22732 KB] In ts_2_2 of size 2 found num new op-mutexes 0


[t=0.00589163s, 22732 KB] In ts_2_3 of size 2 found num new op-mutexes 0


[t=0.00593051s, 22732 KB] In ts_2_4 of size 2 found num new op-mutexes 0


[t=0.00596791s, 22732 KB] In ts_2_5 of size 2 found num new op-mutexes 0


[t=0.0060059s, 22732 KB] In ts_2_6 of size 2 found num new op-mutexes 0


[t=0.00604333s, 22732 KB] In ts_2_7 of size 2 found num new op-mutexes 0


[t=0.00608085s, 22732 KB] In ts_2_8 of size 2 found num new op-mutexes 0


[t=0.00611756s, 22732 KB] In ts_2_9 of size 2 found num new op-mutexes 0


[t=0.00615481s, 22732 KB] In ts_2_10 of size 2 found num new op-mutexes 0


[t=0.00619185s, 22732 KB] In ts_2_11 of size 2 found num new op-mutexes 0


[t=0.00622915s, 22732 KB] In ts_2_12 of size 2 found num new op-mutexes 0


[t=0.00626607s, 22732 KB] In ts_2_13 of size 2 found num new op-mutexes 0


[t=0.00630494s, 22732 KB] In ts_2_14 of size 2 found num new op-mutexes 0


[t=0.0063434s, 22732 KB] In ts_2_15 of size 2 found num new op-mutexes 0


[t=0.00639292s, 22732 KB] In ts_2_16 of size 2 found num new op-mutexes 0


[t=0.0064319s, 22732 KB] In ts_2_17 of size 2 found num new op-mutexes 0


[t=0.00646941s, 22732 KB] In ts_2_18 of size 2 found num new op-mutexes 0


[t=0.00650653s, 22732 KB] In ts_2_19 of size 2 found num new op-mutexes 0


[t=0.00654356s, 22732 KB] In ts_2_20 of size 2 found num new op-mutexes 0


[t=0.00658077s, 22732 KB] In ts_2_21 of size 2 found num new op-mutexes 0


[t=0.00662143s, 22732 KB] In ts_2_22 of size 2 found num new op-mutexes 0


[t=0.00666075s, 22732 KB] In ts_2_23 of size 2 found num new op-mutexes 0


[t=0.0066986s, 22732 KB] In ts_2_24 of size 2 found num new op-mutexes 0


[t=0.00679157s, 22732 KB] In ts_2_31 of size 15 found num new op-mutexes 69
[t=0.00681687s, 22732 KB] Operator mutex finished iteration 2. Found an additional 69 operator mutexes

[t=0.00684202s, 22732 KB] Next pair of indices: (31, 24)
[t=0.00686279s, 22732 KB] M&S algorithm main loop timer: 0.00433592s (after computation of next merge)
[t=0.00689507s, 22732 KB] M&S algorithm main loop timer: 0.00437036s (after shrinking)
[t=0.00693415s, 22732 KB] M&S algorithm main loop timer: 0.00441006s (after merging)
[t=0.0069621s, 22732 KB] M&S algorithm main loop timer: 0.00443597s (after pruning)

[t=0.00698681s, 22732 KB] Operator mutex starting iteration 3


[t=0.00702567s, 22732 KB] In ts_3_0 of size 2 found num new op-mutexes 0


[t=0.00706545s, 22732 KB] In ts_3_1 of size 2 found num new op-mutexes 0


[t=0.00710375s, 22732 KB] In ts_3_2 of size 2 found num new op-mutexes 0


[t=0.00714562s, 22732 KB] In ts_3_3 of size 2 found num new op-mutexes 0


[t=0.00718449s, 22732 KB] In ts_3_4 of size 2 found num new op-mutexes 0


[t=0.00722179s, 22732 KB] In ts_3_5 of size 2 found num new op-mutexes 0


[t=0.00725894s, 22732 KB] In ts_3_6 of size 2 found num new op-mutexes 0


[t=0.00729543s, 22732 KB] In ts_3_7 of size 2 found num new op-mutexes 0


[t=0.00733213s, 22732 KB] In ts_3_8 of size 2 found num new op-mutexes 0


[t=0.00737774s, 22732 KB] In ts_3_9 of size 2 found num new op-mutexes 0


[t=0.00741661s, 22732 KB] In ts_3_10 of size 2 found num new op-mutexes 0


[t=0.00745378s, 22732 KB] In ts_3_11 of size 2 found num new op-mutexes 0


[t=0.00749034s, 22732 KB] In ts_3_12 of size 2 found num new op-mutexes 0


[t=0.00752705s, 22732 KB] In ts_3_13 of size 2 found num new op-mutexes 0


[t=0.00756378s, 22732 KB] In ts_3_14 of size 2 found num new op-mutexes 0


[t=0.0076014s, 22732 KB] In ts_3_15 of size 2 found num new op-mutexes 0


[t=0.00764114s, 22732 KB] In ts_3_16 of size 2 found num new op-mutexes 0


[t=0.0076782s, 22732 KB] In ts_3_17 of size 2 found num new op-mutexes 0


[t=0.00771507s, 22732 KB] In ts_3_18 of size 2 found num new op-mutexes 0


[t=0.00775193s, 22732 KB] In ts_3_19 of size 2 found num new op-mutexes 0


[t=0.00778847s, 22732 KB] In ts_3_20 of size 2 found num new op-mutexes 0


[t=0.00782592s, 22732 KB] In ts_3_21 of size 2 found num new op-mutexes 0


[t=0.00786671s, 22732 KB] In ts_3_22 of size 2 found num new op-mutexes 0


[t=0.00790652s, 22732 KB] In ts_3_23 of size 2 found num new op-mutexes 0


[t=0.00798334s, 22732 KB] In ts_3_32 of size 14 found num new op-mutexes 0
[t=0.00800901s, 22732 KB] Operator mutex finished iteration 3. Found an additional 0 operator mutexes

[t=0.0080337s, 22732 KB] Next pair of indices: (32, 23)
[t=0.0080539s, 22732 KB] M&S algorithm main loop timer: 0.0055269s (after computation of next merge)
[t=0.00809461s, 22732 KB] M&S algorithm main loop timer: 0.00557164s (after merging)
[t=0.00812405s, 22732 KB] M&S algorithm main loop timer: 0.00559807s (after pruning)

[t=0.00814905s, 22732 KB] Operator mutex starting iteration 4


[t=0.00819082s, 22732 KB] In ts_4_0 of size 2 found num new op-mutexes 0


[t=0.00823631s, 22732 KB] In ts_4_1 of size 2 found num new op-mutexes 0


[t=0.00827507s, 22732 KB] In ts_4_2 of size 2 found num new op-mutexes 0


[t=0.00831732s, 22732 KB] In ts_4_3 of size 2 found num new op-mutexes 0


[t=0.00835663s, 22732 KB] In ts_4_4 of size 2 found num new op-mutexes 0


[t=0.0083949s, 22732 KB] In ts_4_5 of size 2 found num new op-mutexes 0


[t=0.00844288s, 22732 KB] In ts_4_6 of size 2 found num new op-mutexes 0


[t=0.00849776s, 22732 KB] In ts_4_7 of size 2 found num new op-mutexes 0


[t=0.00854288s, 22732 KB] In ts_4_8 of size 2 found num new op-mutexes 0


[t=0.00858363s, 22732 KB] In ts_4_9 of size 2 found num new op-mutexes 0


[t=0.00862299s, 22732 KB] In ts_4_10 of size 2 found num new op-mutexes 0


[t=0.00866036s, 22732 KB] In ts_4_11 of size 2 found num new op-mutexes 0


[t=0.00869749s, 22732 KB] In ts_4_12 of size 2 found num new op-mutexes 0


[t=0.00873416s, 22732 KB] In ts_4_13 of size 2 found num new op-mutexes 0


[t=0.00877051s, 22732 KB] In ts_4_14 of size 2 found num new op-mutexes 0


[t=0.00880751s, 22732 KB] In ts_4_15 of size 2 found num new op-mutexes 0


[t=0.00884671s, 22732 KB] In ts_4_16 of size 2 found num new op-mutexes 0


[t=0.00888383s, 22732 KB] In ts_4_17 of size 2 found num new op-mutexes 0


[t=0.00892084s, 22732 KB] In ts_4_18 of size 2 found num new op-mutexes 0


[t=0.00895814s, 22732 KB] In ts_4_19 of size 2 found num new op-mutexes 0


[t=0.00899526s, 22732 KB] In ts_4_20 of size 2 found num new op-mutexes 0


[t=0.00903244s, 22732 KB] In ts_4_21 of size 2 found num new op-mutexes 0


[t=0.00907255s, 22732 KB] In ts_4_22 of size 2 found num new op-mutexes 0


[t=0.00917288s, 22732 KB] In ts_4_33 of size 14 found num new op-mutexes 0
[t=0.00920169s, 22732 KB] Operator mutex finished iteration 4. Found an additional 0 operator mutexes

[t=0.00922709s, 22732 KB] Next pair of indices: (33, 22)
[t=0.00924819s, 22732 KB] M&S algorithm main loop timer: 0.00672116s (after computation of next merge)
[t=0.00929055s, 22732 KB] M&S algorithm main loop timer: 0.00676792s (after merging)
[t=0.00932156s, 22732 KB] M&S algorithm main loop timer: 0.0067962s (after pruning)

[t=0.00934713s, 22732 KB] Operator mutex starting iteration 5


[t=0.00938556s, 22732 KB] In ts_5_0 of size 2 found num new op-mutexes 0


[t=0.00942464s, 22732 KB] In ts_5_1 of size 2 found num new op-mutexes 0


[t=0.00946232s, 22732 KB] In ts_5_2 of size 2 found num new op-mutexes 0


[t=0.00950386s, 22732 KB] In ts_5_3 of size 2 found num new op-mutexes 0


[t=0.00954224s, 22732 KB] In ts_5_4 of size 2 found num new op-mutexes 0


[t=0.00957986s, 22732 KB] In ts_5_5 of size 2 found num new op-mutexes 0


[t=0.00961668s, 22732 KB] In ts_5_6 of size 2 found num new op-mutexes 0


[t=0.00965298s, 22732 KB] In ts_5_7 of size 2 found num new op-mutexes 0


[t=0.00968969s, 22732 KB] In ts_5_8 of size 2 found num new op-mutexes 0


[t=0.00972863s, 22732 KB] In ts_5_9 of size 2 found num new op-mutexes 0


[t=0.00976707s, 22732 KB] In ts_5_10 of size 2 found num new op-mutexes 0


[t=0.00981137s, 22732 KB] In ts_5_11 of size 2 found num new op-mutexes 0


[t=0.0098479s, 22732 KB] In ts_5_12 of size 2 found num new op-mutexes 0


[t=0.00988465s, 22732 KB] In ts_5_13 of size 2 found num new op-mutexes 0


[t=0.00992144s, 22732 KB] In ts_5_14 of size 2 found num new op-mutexes 0


[t=0.00995854s, 22732 KB] In ts_5_15 of size 2 found num new op-mutexes 0


[t=0.00999773s, 22732 KB] In ts_5_16 of size 2 found num new op-mutexes 0


[t=0.010035s, 22732 KB] In ts_5_17 of size 2 found num new op-mutexes 0


[t=0.0100717s, 22732 KB] In ts_5_18 of size 2 found num new op-mutexes 0


[t=0.0101083s, 22732 KB] In ts_5_19 of size 2 found num new op-mutexes 0


[t=0.010145s, 22732 KB] In ts_5_20 of size 2 found num new op-mutexes 0


[t=0.0101958s, 22732 KB] In ts_5_21 of size 2 found num new op-mutexes 0


[t=0.0102909s, 22732 KB] In ts_5_34 of size 14 found num new op-mutexes 27
[t=0.0103192s, 22732 KB] Operator mutex finished iteration 5. Found an additional 27 operator mutexes

[t=0.0103461s, 22732 KB] Next pair of indices: (34, 21)
[t=0.0103685s, 22732 KB] M&S algorithm main loop timer: 0.00784271s (after computation of next merge)
[t=0.0104128s, 22732 KB] M&S algorithm main loop timer: 0.00789118s (after merging)
[t=0.0104444s, 22732 KB] M&S algorithm main loop timer: 0.00791997s (after pruning)

[t=0.0104712s, 22732 KB] Operator mutex starting iteration 6


[t=0.0105121s, 22732 KB] In ts_6_0 of size 2 found num new op-mutexes 0


[t=0.0105549s, 22732 KB] In ts_6_1 of size 2 found num new op-mutexes 0


[t=0.0106037s, 22732 KB] In ts_6_2 of size 2 found num new op-mutexes 0


[t=0.0106482s, 22732 KB] In ts_6_3 of size 2 found num new op-mutexes 0


[t=0.0106893s, 22732 KB] In ts_6_4 of size 2 found num new op-mutexes 0


[t=0.0107298s, 22732 KB] In ts_6_5 of size 2 found num new op-mutexes 0


[t=0.0107708s, 22732 KB] In ts_6_6 of size 2 found num new op-mutexes 0


[t=0.010811s, 22732 KB] In ts_6_7 of size 2 found num new op-mutexes 0


[t=0.0108512s, 22732 KB] In ts_6_8 of size 2 found num new op-mutexes 0


[t=0.010893s, 22732 KB] In ts_6_9 of size 2 found num new op-mutexes 0


[t=0.0109366s, 22732 KB] In ts_6_10 of size 2 found num new op-mutexes 0


[t=0.0109772s, 22732 KB] In ts_6_11 of size 2 found num new op-mutexes 0


[t=0.0110172s, 22732 KB] In ts_6_12 of size 2 found num new op-mutexes 0


[t=0.0110574s, 22732 KB] In ts_6_13 of size 2 found num new op-mutexes 0


[t=0.0110974s, 22732 KB] In ts_6_14 of size 2 found num new op-mutexes 0


[t=0.0111377s, 22732 KB] In ts_6_15 of size 2 found num new op-mutexes 0


[t=0.0111835s, 22732 KB] In ts_6_16 of size 2 found num new op-mutexes 0


[t=0.011227s, 22732 KB] In ts_6_17 of size 2 found num new op-mutexes 0


[t=0.0113206s, 22732 KB] In ts_6_18 of size 2 found num new op-mutexes 0


[t=0.0113598s, 22732 KB] In ts_6_19 of size 2 found num new op-mutexes 0


[t=0.0113976s, 22732 KB] In ts_6_20 of size 2 found num new op-mutexes 0


[t=0.0114842s, 22732 KB] In ts_6_35 of size 14 found num new op-mutexes 0
[t=0.011509s, 22732 KB] Operator mutex finished iteration 6. Found an additional 0 operator mutexes

[t=0.0115339s, 22732 KB] Next pair of indices: (35, 20)
[t=0.0115549s, 22732 KB] M&S algorithm main loop timer: 0.00902783s (after computation of next merge)
[t=0.0115967s, 22732 KB] M&S algorithm main loop timer: 0.00907366s (after merging)
[t=0.0116263s, 22732 KB] M&S algorithm main loop timer: 0.00910025s (after pruning)

[t=0.0116509s, 22732 KB] Operator mutex starting iteration 7


[t=0.0116886s, 22732 KB] In ts_7_0 of size 2 found num new op-mutexes 0


[t=0.0117288s, 22732 KB] In ts_7_1 of size 2 found num new op-mutexes 0


[t=0.0117674s, 22732 KB] In ts_7_2 of size 2 found num new op-mutexes 0


[t=0.0118079s, 22732 KB] In ts_7_3 of size 2 found num new op-mutexes 0


[t=0.0118455s, 22732 KB] In ts_7_4 of size 2 found num new op-mutexes 0


[t=0.0118824s, 22732 KB] In ts_7_5 of size 2 found num new op-mutexes 0


[t=0.0119186s, 22732 KB] In ts_7_6 of size 2 found num new op-mutexes 0


[t=0.0119546s, 22732 KB] In ts_7_7 of size 2 found num new op-mutexes 0


[t=0.0119902s, 22732 KB] In ts_7_8 of size 2 found num new op-mutexes 0


[t=0.0120275s, 22732 KB] In ts_7_9 of size 2 found num new op-mutexes 0


[t=0.0120649s, 22732 KB] In ts_7_10 of size 2 found num new op-mutexes 0


[t=0.0121012s, 22732 KB] In ts_7_11 of size 2 found num new op-mutexes 0


[t=0.012137s, 22732 KB] In ts_7_12 of size 2 found num new op-mutexes 0


[t=0.0121728s, 22732 KB] In ts_7_13 of size 2 found num new op-mutexes 0


[t=0.012209s, 22732 KB] In ts_7_14 of size 2 found num new op-mutexes 0


[t=0.0122452s, 22732 KB] In ts_7_15 of size 2 found num new op-mutexes 0


[t=0.0122832s, 22732 KB] In ts_7_16 of size 2 found num new op-mutexes 0


[t=0.0123197s, 22732 KB] In ts_7_17 of size 2 found num new op-mutexes 0


[t=0.0123569s, 22732 KB] In ts_7_18 of size 2 found num new op-mutexes 0


[t=0.0123931s, 22732 KB] In ts_7_19 of size 2 found num new op-mutexes 0


[t=0.0124692s, 22732 KB] In ts_7_36 of size 14 found num new op-mutexes 0
[t=0.0124952s, 22732 KB] Operator mutex finished iteration 7. Found an additional 0 operator mutexes

[t=0.0125252s, 22732 KB] Next pair of indices: (36, 19)
[t=0.0125467s, 22732 KB] M&S algorithm main loop timer: 0.0100287s (after computation of next merge)
[t=0.0126057s, 22732 KB] M&S algorithm main loop timer: 0.010093s (after merging)
[t=0.0126491s, 22732 KB] M&S algorithm main loop timer: 0.0101331s (after pruning)

[t=0.0126861s, 22732 KB] Operator mutex starting iteration 8


[t=0.0127413s, 22732 KB] In ts_8_0 of size 2 found num new op-mutexes 0


[t=0.0127986s, 22732 KB] In ts_8_1 of size 2 found num new op-mutexes 0


[t=0.0128541s, 22732 KB] In ts_8_2 of size 2 found num new op-mutexes 0


[t=0.0129141s, 22732 KB] In ts_8_3 of size 2 found num new op-mutexes 0


[t=0.0129701s, 22732 KB] In ts_8_4 of size 2 found num new op-mutexes 0


[t=0.0130252s, 22732 KB] In ts_8_5 of size 2 found num new op-mutexes 0


[t=0.0130797s, 22732 KB] In ts_8_6 of size 2 found num new op-mutexes 0


[t=0.0131345s, 22732 KB] In ts_8_7 of size 2 found num new op-mutexes 0


[t=0.0131891s, 22732 KB] In ts_8_8 of size 2 found num new op-mutexes 0


[t=0.0132463s, 22732 KB] In ts_8_9 of size 2 found num new op-mutexes 0


[t=0.013331s, 22732 KB] In ts_8_10 of size 2 found num new op-mutexes 0


[t=0.0133748s, 22732 KB] In ts_8_11 of size 2 found num new op-mutexes 0


[t=0.0134118s, 22732 KB] In ts_8_12 of size 2 found num new op-mutexes 0


[t=0.0134483s, 22732 KB] In ts_8_13 of size 2 found num new op-mutexes 0


[t=0.0134845s, 22732 KB] In ts_8_14 of size 2 found num new op-mutexes 0


[t=0.013521s, 22732 KB] In ts_8_15 of size 2 found num new op-mutexes 0


[t=0.0135598s, 22732 KB] In ts_8_16 of size 2 found num new op-mutexes 0


[t=0.0135968s, 22732 KB] In ts_8_17 of size 2 found num new op-mutexes 0


[t=0.0136339s, 22732 KB] In ts_8_18 of size 2 found num new op-mutexes 0


[t=0.0137205s, 22732 KB] In ts_8_37 of size 14 found num new op-mutexes 0
[t=0.0137452s, 22732 KB] Operator mutex finished iteration 8. Found an additional 0 operator mutexes

[t=0.0137699s, 22732 KB] Next pair of indices: (37, 18)
[t=0.0137903s, 22732 KB] M&S algorithm main loop timer: 0.011263s (after computation of next merge)
[t=0.0138329s, 22732 KB] M&S algorithm main loop timer: 0.0113096s (after merging)
[t=0.0138624s, 22732 KB] M&S algorithm main loop timer: 0.0113368s (after pruning)

[t=0.0138876s, 22732 KB] Operator mutex starting iteration 9


[t=0.0139256s, 22732 KB] In ts_9_0 of size 2 found num new op-mutexes 0


[t=0.0139648s, 22732 KB] In ts_9_1 of size 2 found num new op-mutexes 0


[t=0.0140024s, 22732 KB] In ts_9_2 of size 2 found num new op-mutexes 0


[t=0.0140428s, 22732 KB] In ts_9_3 of size 2 found num new op-mutexes 0


[t=0.0140961s, 22732 KB] In ts_9_4 of size 2 found num new op-mutexes 0


[t=0.0141343s, 22732 KB] In ts_9_5 of size 2 found num new op-mutexes 0


[t=0.0141709s, 22732 KB] In ts_9_6 of size 2 found num new op-mutexes 0


[t=0.0142072s, 22732 KB] In ts_9_7 of size 2 found num new op-mutexes 0


[t=0.0142432s, 22732 KB] In ts_9_8 of size 2 found num new op-mutexes 0


[t=0.0142809s, 22732 KB] In ts_9_9 of size 2 found num new op-mutexes 0


[t=0.0143192s, 22732 KB] In ts_9_10 of size 2 found num new op-mutexes 0


[t=0.0143558s, 22732 KB] In ts_9_11 of size 2 found num new op-mutexes 0


[t=0.0143919s, 22732 KB] In ts_9_12 of size 2 found num new op-mutexes 0


[t=0.0144279s, 22732 KB] In ts_9_13 of size 2 found num new op-mutexes 0


[t=0.0144642s, 22732 KB] In ts_9_14 of size 2 found num new op-mutexes 0


[t=0.0145004s, 22732 KB] In ts_9_15 of size 2 found num new op-mutexes 0


[t=0.0145485s, 22732 KB] In ts_9_16 of size 2 found num new op-mutexes 0


[t=0.014585s, 22732 KB] In ts_9_17 of size 2 found num new op-mutexes 0


[t=0.014661s, 22732 KB] In ts_9_38 of size 14 found num new op-mutexes 0
[t=0.0146855s, 22732 KB] Operator mutex finished iteration 9. Found an additional 0 operator mutexes

[t=0.0147097s, 22732 KB] Next pair of indices: (38, 17)
[t=0.0147298s, 22732 KB] M&S algorithm main loop timer: 0.0122026s (after computation of next merge)
[t=0.0147706s, 22732 KB] M&S algorithm main loop timer: 0.0122476s (after merging)
[t=0.0147999s, 22732 KB] M&S algorithm main loop timer: 0.0122741s (after pruning)

[t=0.0148247s, 22732 KB] Operator mutex starting iteration 10


[t=0.0148616s, 22732 KB] In ts_10_0 of size 2 found num new op-mutexes 0


[t=0.0148999s, 22732 KB] In ts_10_1 of size 2 found num new op-mutexes 0


[t=0.0149377s, 22732 KB] In ts_10_2 of size 2 found num new op-mutexes 0


[t=0.014978s, 22732 KB] In ts_10_3 of size 2 found num new op-mutexes 0


[t=0.0150151s, 22732 KB] In ts_10_4 of size 2 found num new op-mutexes 0


[t=0.0150517s, 22732 KB] In ts_10_5 of size 2 found num new op-mutexes 0


[t=0.0150884s, 22732 KB] In ts_10_6 of size 2 found num new op-mutexes 0


[t=0.0151246s, 22732 KB] In ts_10_7 of size 2 found num new op-mutexes 0


[t=0.0151607s, 22732 KB] In ts_10_8 of size 2 found num new op-mutexes 0


[t=0.0151985s, 22732 KB] In ts_10_9 of size 2 found num new op-mutexes 0


[t=0.0152365s, 22732 KB] In ts_10_10 of size 2 found num new op-mutexes 0


[t=0.0152727s, 22732 KB] In ts_10_11 of size 2 found num new op-mutexes 0


[t=0.0153083s, 22732 KB] In ts_10_12 of size 2 found num new op-mutexes 0


[t=0.0153438s, 22732 KB] In ts_10_13 of size 2 found num new op-mutexes 0


[t=0.0153996s, 22732 KB] In ts_10_14 of size 2 found num new op-mutexes 0


[t=0.0154374s, 22732 KB] In ts_10_15 of size 2 found num new op-mutexes 0


[t=0.0154755s, 22732 KB] In ts_10_16 of size 2 found num new op-mutexes 0


[t=0.0155514s, 22732 KB] In ts_10_39 of size 14 found num new op-mutexes 0
[t=0.015576s, 22732 KB] Operator mutex finished iteration 10. Found an additional 0 operator mutexes

[t=0.0156009s, 22732 KB] Next pair of indices: (39, 16)
[t=0.0156253s, 22732 KB] M&S algorithm main loop timer: 0.0130984s (after computation of next merge)
[t=0.0156654s, 22732 KB] M&S algorithm main loop timer: 0.0131422s (after merging)
[t=0.0156946s, 22732 KB] M&S algorithm main loop timer: 0.0131685s (after pruning)

[t=0.0157193s, 22732 KB] Operator mutex starting iteration 11


[t=0.0157564s, 22732 KB] In ts_11_0 of size 2 found num new op-mutexes 0


[t=0.0157955s, 22732 KB] In ts_11_1 of size 2 found num new op-mutexes 0


[t=0.0158325s, 22732 KB] In ts_11_2 of size 2 found num new op-mutexes 0


[t=0.0158728s, 22732 KB] In ts_11_3 of size 2 found num new op-mutexes 0


[t=0.0159104s, 22732 KB] In ts_11_4 of size 2 found num new op-mutexes 0


[t=0.0159465s, 22732 KB] In ts_11_5 of size 2 found num new op-mutexes 0


[t=0.015983s, 22732 KB] In ts_11_6 of size 2 found num new op-mutexes 0


[t=0.0160188s, 22732 KB] In ts_11_7 of size 2 found num new op-mutexes 0


[t=0.0160544s, 22732 KB] In ts_11_8 of size 2 found num new op-mutexes 0


[t=0.016117s, 22732 KB] In ts_11_9 of size 2 found num new op-mutexes 0


[t=0.0161605s, 22732 KB] In ts_11_10 of size 2 found num new op-mutexes 0


[t=0.0161972s, 22732 KB] In ts_11_11 of size 2 found num new op-mutexes 0


[t=0.016233s, 22732 KB] In ts_11_12 of size 2 found num new op-mutexes 0


[t=0.016269s, 22732 KB] In ts_11_13 of size 2 found num new op-mutexes 0


[t=0.0163049s, 22732 KB] In ts_11_14 of size 2 found num new op-mutexes 0


[t=0.0163416s, 22732 KB] In ts_11_15 of size 2 found num new op-mutexes 0


[t=0.0164184s, 22732 KB] In ts_11_40 of size 14 found num new op-mutexes 0
[t=0.0164433s, 22732 KB] Operator mutex finished iteration 11. Found an additional 0 operator mutexes

[t=0.016468s, 22732 KB] Next pair of indices: (40, 15)
[t=0.0164886s, 22732 KB] M&S algorithm main loop timer: 0.0139616s (after computation of next merge)
[t=0.0165303s, 22732 KB] M&S algorithm main loop timer: 0.014007s (after merging)
[t=0.0165593s, 22732 KB] M&S algorithm main loop timer: 0.0140335s (after pruning)

[t=0.0165844s, 22732 KB] Operator mutex starting iteration 12


[t=0.0166212s, 22732 KB] In ts_12_0 of size 2 found num new op-mutexes 0


[t=0.0166595s, 22732 KB] In ts_12_1 of size 2 found num new op-mutexes 0


[t=0.0166969s, 22732 KB] In ts_12_2 of size 2 found num new op-mutexes 0


[t=0.0167411s, 22732 KB] In ts_12_3 of size 2 found num new op-mutexes 0


[t=0.0167858s, 22732 KB] In ts_12_4 of size 2 found num new op-mutexes 0


[t=0.016828s, 22732 KB] In ts_12_5 of size 2 found num new op-mutexes 0


[t=0.0168707s, 22732 KB] In ts_12_6 of size 2 found num new op-mutexes 0


[t=0.016909s, 22732 KB] In ts_12_7 of size 2 found num new op-mutexes 0


[t=0.0169454s, 22732 KB] In ts_12_8 of size 2 found num new op-mutexes 0


[t=0.0169843s, 22732 KB] In ts_12_9 of size 2 found num new op-mutexes 0


[t=0.0170237s, 22732 KB] In ts_12_10 of size 2 found num new op-mutexes 0


[t=0.0170614s, 22732 KB] In ts_12_11 of size 2 found num new op-mutexes 0


[t=0.0170982s, 22732 KB] In ts_12_12 of size 2 found num new op-mutexes 0


[t=0.0171344s, 22732 KB] In ts_12_13 of size 2 found num new op-mutexes 0


[t=0.0171707s, 22732 KB] In ts_12_14 of size 2 found num new op-mutexes 0


[t=0.0172477s, 22732 KB] In ts_12_41 of size 14 found num new op-mutexes 0
[t=0.0172723s, 22732 KB] Operator mutex finished iteration 12. Found an additional 0 operator mutexes

[t=0.017297s, 22732 KB] Next pair of indices: (41, 14)
[t=0.017318s, 22732 KB] M&S algorithm main loop timer: 0.0147905s (after computation of next merge)
[t=0.0173592s, 22732 KB] M&S algorithm main loop timer: 0.0148359s (after merging)
[t=0.0173888s, 22732 KB] M&S algorithm main loop timer: 0.0148627s (after pruning)

[t=0.0174138s, 22732 KB] Operator mutex starting iteration 13


[t=0.017451s, 22732 KB] In ts_13_0 of size 2 found num new op-mutexes 0


[t=0.0174901s, 22732 KB] In ts_13_1 of size 2 found num new op-mutexes 0


[t=0.0175274s, 22732 KB] In ts_13_2 of size 2 found num new op-mutexes 0


[t=0.0175689s, 22732 KB] In ts_13_3 of size 2 found num new op-mutexes 0


[t=0.0176067s, 22732 KB] In ts_13_4 of size 2 found num new op-mutexes 0


[t=0.0176436s, 22732 KB] In ts_13_5 of size 2 found num new op-mutexes 0


[t=0.01768s, 22732 KB] In ts_13_6 of size 2 found num new op-mutexes 0


[t=0.0177165s, 22732 KB] In ts_13_7 of size 2 found num new op-mutexes 0


[t=0.0177535s, 22732 KB] In ts_13_8 of size 2 found num new op-mutexes 0


[t=0.0177922s, 22732 KB] In ts_13_9 of size 2 found num new op-mutexes 0


[t=0.0178305s, 22732 KB] In ts_13_10 of size 2 found num new op-mutexes 0


[t=0.0178673s, 22732 KB] In ts_13_11 of size 2 found num new op-mutexes 0


[t=0.0179033s, 22732 KB] In ts_13_12 of size 2 found num new op-mutexes 0


[t=0.0179392s, 22732 KB] In ts_13_13 of size 2 found num new op-mutexes 0


[t=0.0180157s, 22732 KB] In ts_13_42 of size 14 found num new op-mutexes 0
[t=0.0180405s, 22732 KB] Operator mutex finished iteration 13. Found an additional 0 operator mutexes

[t=0.0180648s, 22732 KB] Next pair of indices: (42, 13)
[t=0.0180849s, 22732 KB] M&S algorithm main loop timer: 0.0155579s (after computation of next merge)
[t=0.0181335s, 22732 KB] M&S algorithm main loop timer: 0.0156121s (after merging)
[t=0.0181652s, 22732 KB] M&S algorithm main loop timer: 0.0156399s (after pruning)

[t=0.0181907s, 22732 KB] Operator mutex starting iteration 14


[t=0.0182292s, 22732 KB] In ts_14_0 of size 2 found num new op-mutexes 0


[t=0.0182682s, 22732 KB] In ts_14_1 of size 2 found num new op-mutexes 0


[t=0.0183062s, 22732 KB] In ts_14_2 of size 2 found num new op-mutexes 0


[t=0.0183477s, 22732 KB] In ts_14_3 of size 2 found num new op-mutexes 0


[t=0.0183857s, 22732 KB] In ts_14_4 of size 2 found num new op-mutexes 0


[t=0.0184226s, 22732 KB] In ts_14_5 of size 2 found num new op-mutexes 0


[t=0.0184597s, 22732 KB] In ts_14_6 of size 2 found num new op-mutexes 0


[t=0.0184963s, 22732 KB] In ts_14_7 of size 2 found num new op-mutexes 0


[t=0.0185328s, 22732 KB] In ts_14_8 of size 2 found num new op-mutexes 0


[t=0.0185759s, 22732 KB] In ts_14_9 of size 2 found num new op-mutexes 0


[t=0.0186193s, 22732 KB] In ts_14_10 of size 2 found num new op-mutexes 0


[t=0.0186567s, 22732 KB] In ts_14_11 of size 2 found num new op-mutexes 0


[t=0.0186932s, 22732 KB] In ts_14_12 of size 2 found num new op-mutexes 0


[t=0.0187696s, 22732 KB] In ts_14_43 of size 14 found num new op-mutexes 0
[t=0.0187943s, 22732 KB] Operator mutex finished iteration 14. Found an additional 0 operator mutexes

[t=0.0188189s, 22732 KB] Next pair of indices: (43, 12)
[t=0.0188396s, 22732 KB] M&S algorithm main loop timer: 0.0163126s (after computation of next merge)
[t=0.0188812s, 22732 KB] M&S algorithm main loop timer: 0.0163585s (after merging)
[t=0.0189111s, 22732 KB] M&S algorithm main loop timer: 0.0163854s (after pruning)

[t=0.0189361s, 22732 KB] Operator mutex starting iteration 15


[t=0.0189737s, 22732 KB] In ts_15_0 of size 2 found num new op-mutexes 0


[t=0.0190124s, 22732 KB] In ts_15_1 of size 2 found num new op-mutexes 0


[t=0.0190496s, 22732 KB] In ts_15_2 of size 2 found num new op-mutexes 0


[t=0.0190902s, 22732 KB] In ts_15_3 of size 2 found num new op-mutexes 0


[t=0.019128s, 22732 KB] In ts_15_4 of size 2 found num new op-mutexes 0


[t=0.019165s, 22732 KB] In ts_15_5 of size 2 found num new op-mutexes 0


[t=0.0192016s, 22732 KB] In ts_15_6 of size 2 found num new op-mutexes 0


[t=0.0192381s, 22732 KB] In ts_15_7 of size 2 found num new op-mutexes 0


[t=0.0192747s, 22732 KB] In ts_15_8 of size 2 found num new op-mutexes 0


[t=0.0193128s, 22732 KB] In ts_15_9 of size 2 found num new op-mutexes 0


[t=0.0193507s, 22732 KB] In ts_15_10 of size 2 found num new op-mutexes 0


[t=0.0193872s, 22732 KB] In ts_15_11 of size 2 found num new op-mutexes 0


[t=0.019462s, 22732 KB] In ts_15_44 of size 14 found num new op-mutexes 0
[t=0.0194868s, 22732 KB] Operator mutex finished iteration 15. Found an additional 0 operator mutexes

[t=0.0195337s, 22732 KB] Next pair of indices: (44, 11)
[t=0.0195598s, 22732 KB] M&S algorithm main loop timer: 0.0170411s (after computation of next merge)
[t=0.0196461s, 22732 KB] M&S algorithm main loop timer: 0.0171253s (after merging)
[t=0.0196782s, 22732 KB] M&S algorithm main loop timer: 0.0171526s (after pruning)

[t=0.0197035s, 22732 KB] Operator mutex starting iteration 16


[t=0.0197419s, 22732 KB] In ts_16_0 of size 2 found num new op-mutexes 0


[t=0.0197811s, 22732 KB] In ts_16_1 of size 2 found num new op-mutexes 0


[t=0.0198196s, 22732 KB] In ts_16_2 of size 2 found num new op-mutexes 0


[t=0.0198611s, 22732 KB] In ts_16_3 of size 2 found num new op-mutexes 0


[t=0.0198994s, 22732 KB] In ts_16_4 of size 2 found num new op-mutexes 0


[t=0.0199367s, 22732 KB] In ts_16_5 of size 2 found num new op-mutexes 0


[t=0.0199733s, 22732 KB] In ts_16_6 of size 2 found num new op-mutexes 0


[t=0.02001s, 22732 KB] In ts_16_7 of size 2 found num new op-mutexes 0


[t=0.020046s, 22732 KB] In ts_16_8 of size 2 found num new op-mutexes 0


[t=0.0200837s, 22732 KB] In ts_16_9 of size 2 found num new op-mutexes 0


[t=0.0201219s, 22732 KB] In ts_16_10 of size 2 found num new op-mutexes 0


[t=0.020198s, 22732 KB] In ts_16_45 of size 14 found num new op-mutexes 0
[t=0.0202224s, 22732 KB] Operator mutex finished iteration 16. Found an additional 0 operator mutexes

[t=0.0202467s, 22732 KB] Next pair of indices: (45, 10)
[t=0.0202672s, 22732 KB] M&S algorithm main loop timer: 0.0177398s (after computation of next merge)
[t=0.020306s, 22732 KB] M&S algorithm main loop timer: 0.0177827s (after merging)
[t=0.0203348s, 22732 KB] M&S algorithm main loop timer: 0.0178089s (after pruning)

[t=0.0203597s, 22732 KB] Operator mutex starting iteration 17


[t=0.0203973s, 22732 KB] In ts_17_0 of size 2 found num new op-mutexes 0


[t=0.0204367s, 22732 KB] In ts_17_1 of size 2 found num new op-mutexes 0


[t=0.0204833s, 22732 KB] In ts_17_2 of size 2 found num new op-mutexes 0


[t=0.020524s, 22732 KB] In ts_17_3 of size 2 found num new op-mutexes 0


[t=0.0205619s, 22732 KB] In ts_17_4 of size 2 found num new op-mutexes 0


[t=0.0205988s, 22732 KB] In ts_17_5 of size 2 found num new op-mutexes 0


[t=0.0206421s, 22732 KB] In ts_17_6 of size 2 found num new op-mutexes 0


[t=0.0206785s, 22732 KB] In ts_17_7 of size 2 found num new op-mutexes 0


[t=0.0207146s, 22732 KB] In ts_17_8 of size 2 found num new op-mutexes 0


[t=0.0207532s, 22732 KB] In ts_17_9 of size 2 found num new op-mutexes 0


[t=0.0208316s, 22732 KB] In ts_17_46 of size 14 found num new op-mutexes 0
[t=0.0208601s, 22732 KB] Operator mutex finished iteration 17. Found an additional 0 operator mutexes

[t=0.0208847s, 22732 KB] Next pair of indices: (46, 9)
[t=0.0209051s, 22732 KB] M&S algorithm main loop timer: 0.0183776s (after computation of next merge)
[t=0.0209455s, 22732 KB] M&S algorithm main loop timer: 0.0184223s (after merging)
[t=0.0209749s, 22732 KB] M&S algorithm main loop timer: 0.0184488s (after pruning)

[t=0.0209996s, 22732 KB] Operator mutex starting iteration 18


[t=0.0210374s, 22732 KB] In ts_18_0 of size 2 found num new op-mutexes 0


[t=0.0210772s, 22732 KB] In ts_18_1 of size 2 found num new op-mutexes 0


[t=0.0211151s, 22732 KB] In ts_18_2 of size 2 found num new op-mutexes 0


[t=0.0211559s, 22732 KB] In ts_18_3 of size 2 found num new op-mutexes 0


[t=0.0212037s, 22732 KB] In ts_18_4 of size 2 found num new op-mutexes 0


[t=0.0212409s, 22732 KB] In ts_18_5 of size 2 found num new op-mutexes 0


[t=0.0212778s, 22732 KB] In ts_18_6 of size 2 found num new op-mutexes 0


[t=0.0213146s, 22732 KB] In ts_18_7 of size 2 found num new op-mutexes 0


[t=0.021351s, 22732 KB] In ts_18_8 of size 2 found num new op-mutexes 0


[t=0.0214332s, 22732 KB] In ts_18_47 of size 14 found num new op-mutexes 0
[t=0.0214576s, 22732 KB] Operator mutex finished iteration 18. Found an additional 0 operator mutexes

[t=0.0214819s, 22732 KB] Next pair of indices: (47, 8)
[t=0.0215021s, 22732 KB] M&S algorithm main loop timer: 0.0189749s (after computation of next merge)
[t=0.0215418s, 22732 KB] M&S algorithm main loop timer: 0.0190185s (after merging)
[t=0.0215707s, 22732 KB] M&S algorithm main loop timer: 0.0190448s (after pruning)

[t=0.0215956s, 22732 KB] Operator mutex starting iteration 19


[t=0.0216417s, 22732 KB] In ts_19_0 of size 2 found num new op-mutexes 0


[t=0.0216821s, 22732 KB] In ts_19_1 of size 2 found num new op-mutexes 0


[t=0.02172s, 22732 KB] In ts_19_2 of size 2 found num new op-mutexes 0


[t=0.0217614s, 22732 KB] In ts_19_3 of size 2 found num new op-mutexes 0


[t=0.0217995s, 22732 KB] In ts_19_4 of size 2 found num new op-mutexes 0


[t=0.0218365s, 22732 KB] In ts_19_5 of size 2 found num new op-mutexes 0


[t=0.021873s, 22732 KB] In ts_19_6 of size 2 found num new op-mutexes 0


[t=0.021909s, 22732 KB] In ts_19_7 of size 2 found num new op-mutexes 0


[t=0.0219845s, 22732 KB] In ts_19_48 of size 14 found num new op-mutexes 0
[t=0.0220089s, 22732 KB] Operator mutex finished iteration 19. Found an additional 0 operator mutexes

[t=0.0220328s, 22732 KB] Next pair of indices: (48, 7)
[t=0.0220533s, 22732 KB] M&S algorithm main loop timer: 0.019526s (after computation of next merge)
[t=0.0220926s, 22732 KB] M&S algorithm main loop timer: 0.0195696s (after merging)
[t=0.0221221s, 22732 KB] M&S algorithm main loop timer: 0.019596s (after pruning)

[t=0.0221474s, 22732 KB] Operator mutex starting iteration 20


[t=0.0221845s, 22732 KB] In ts_20_0 of size 2 found num new op-mutexes 0


[t=0.0222235s, 22732 KB] In ts_20_1 of size 2 found num new op-mutexes 0


[t=0.0222614s, 22732 KB] In ts_20_2 of size 2 found num new op-mutexes 0


[t=0.0223019s, 22732 KB] In ts_20_3 of size 2 found num new op-mutexes 0


[t=0.0223403s, 22732 KB] In ts_20_4 of size 2 found num new op-mutexes 0


[t=0.0223775s, 22732 KB] In ts_20_5 of size 2 found num new op-mutexes 0


[t=0.0224299s, 22732 KB] In ts_20_6 of size 2 found num new op-mutexes 0


[t=0.0225068s, 22732 KB] In ts_20_49 of size 14 found num new op-mutexes 0
[t=0.0225315s, 22732 KB] Operator mutex finished iteration 20. Found an additional 0 operator mutexes

[t=0.0225557s, 22732 KB] Next pair of indices: (49, 6)
[t=0.0225761s, 22732 KB] M&S algorithm main loop timer: 0.0200488s (after computation of next merge)
[t=0.0226157s, 22732 KB] M&S algorithm main loop timer: 0.0200927s (after merging)
[t=0.022645s, 22732 KB] M&S algorithm main loop timer: 0.0201192s (after pruning)

[t=0.0226699s, 22732 KB] Operator mutex starting iteration 21


[t=0.0227065s, 22732 KB] In ts_21_0 of size 2 found num new op-mutexes 0


[t=0.0227453s, 22732 KB] In ts_21_1 of size 2 found num new op-mutexes 0


[t=0.0227828s, 22732 KB] In ts_21_2 of size 2 found num new op-mutexes 0


[t=0.0228244s, 22732 KB] In ts_21_3 of size 2 found num new op-mutexes 0


[t=0.0228621s, 22732 KB] In ts_21_4 of size 2 found num new op-mutexes 0


[t=0.0228983s, 22732 KB] In ts_21_5 of size 2 found num new op-mutexes 0


[t=0.0229726s, 22732 KB] In ts_21_50 of size 14 found num new op-mutexes 0
[t=0.0229969s, 22732 KB] Operator mutex finished iteration 21. Found an additional 0 operator mutexes

[t=0.0230326s, 22732 KB] Next pair of indices: (50, 5)
[t=0.0230556s, 22732 KB] M&S algorithm main loop timer: 0.020529s (after computation of next merge)
[t=0.0230971s, 22732 KB] M&S algorithm main loop timer: 0.0205738s (after merging)
[t=0.0231261s, 22732 KB] M&S algorithm main loop timer: 0.0206001s (after pruning)

[t=0.0231509s, 22732 KB] Operator mutex starting iteration 22


[t=0.0231948s, 22732 KB] In ts_22_0 of size 2 found num new op-mutexes 0


[t=0.0232338s, 22732 KB] In ts_22_1 of size 2 found num new op-mutexes 0


[t=0.0232723s, 22732 KB] In ts_22_2 of size 2 found num new op-mutexes 0


[t=0.0233132s, 22732 KB] In ts_22_3 of size 2 found num new op-mutexes 0


[t=0.0233507s, 22732 KB] In ts_22_4 of size 2 found num new op-mutexes 0


[t=0.0234253s, 22732 KB] In ts_22_51 of size 14 found num new op-mutexes 0
[t=0.0234499s, 22732 KB] Operator mutex finished iteration 22. Found an additional 0 operator mutexes

[t=0.0234739s, 22732 KB] Next pair of indices: (51, 4)
[t=0.0235024s, 22732 KB] M&S algorithm main loop timer: 0.020975s (after computation of next merge)
[t=0.0235425s, 22732 KB] M&S algorithm main loop timer: 0.0210193s (after merging)
[t=0.0235714s, 22732 KB] M&S algorithm main loop timer: 0.0210453s (after pruning)

[t=0.0235961s, 22732 KB] Operator mutex starting iteration 23


[t=0.023633s, 22732 KB] In ts_23_0 of size 2 found num new op-mutexes 0


[t=0.0236717s, 22732 KB] In ts_23_1 of size 2 found num new op-mutexes 0


[t=0.0237092s, 22732 KB] In ts_23_2 of size 2 found num new op-mutexes 0


[t=0.0237494s, 22732 KB] In ts_23_3 of size 2 found num new op-mutexes 0


[t=0.023824s, 22732 KB] In ts_23_52 of size 14 found num new op-mutexes 0
[t=0.0238487s, 22732 KB] Operator mutex finished iteration 23. Found an additional 0 operator mutexes

[t=0.0238729s, 22732 KB] Next pair of indices: (52, 3)
[t=0.0238931s, 22732 KB] M&S algorithm main loop timer: 0.0213658s (after computation of next merge)
[t=0.0239329s, 22732 KB] M&S algorithm main loop timer: 0.0214098s (after merging)
[t=0.0239619s, 22732 KB] M&S algorithm main loop timer: 0.0214356s (after pruning)

[t=0.0239865s, 22732 KB] Operator mutex starting iteration 24


[t=0.0240235s, 22732 KB] In ts_24_0 of size 2 found num new op-mutexes 0


[t=0.0240624s, 22732 KB] In ts_24_1 of size 2 found num new op-mutexes 0


[t=0.0241005s, 22732 KB] In ts_24_2 of size 2 found num new op-mutexes 0


[t=0.0241747s, 22732 KB] In ts_24_53 of size 14 found num new op-mutexes 0
[t=0.0241997s, 22732 KB] Operator mutex finished iteration 24. Found an additional 0 operator mutexes

[t=0.0242239s, 22732 KB] Next pair of indices: (53, 2)
[t=0.0242439s, 22732 KB] M&S algorithm main loop timer: 0.0217167s (after computation of next merge)
[t=0.0242832s, 22732 KB] M&S algorithm main loop timer: 0.0217595s (after merging)
[t=0.0243116s, 22732 KB] M&S algorithm main loop timer: 0.0217858s (after pruning)

[t=0.0243364s, 22732 KB] Operator mutex starting iteration 25


[t=0.0243736s, 22732 KB] In ts_25_0 of size 2 found num new op-mutexes 0


[t=0.0244223s, 22732 KB] In ts_25_1 of size 2 found num new op-mutexes 0


[t=0.0244966s, 22732 KB] In ts_25_54 of size 14 found num new op-mutexes 0
[t=0.0245213s, 22732 KB] Operator mutex finished iteration 25. Found an additional 0 operator mutexes

[t=0.0245455s, 22732 KB] Next pair of indices: (54, 1)
[t=0.0245664s, 22732 KB] M&S algorithm main loop timer: 0.0220392s (after computation of next merge)
[t=0.0246048s, 22732 KB] M&S algorithm main loop timer: 0.0220811s (after merging)
[t=0.024635s, 22732 KB] M&S algorithm main loop timer: 0.022114s (after pruning)

[t=0.0246655s, 22732 KB] Operator mutex starting iteration 26


[t=0.0247056s, 22732 KB] In ts_26_0 of size 2 found num new op-mutexes 0


[t=0.0247825s, 22732 KB] In ts_26_55 of size 14 found num new op-mutexes 0
[t=0.0248075s, 22732 KB] Operator mutex finished iteration 26. Found an additional 0 operator mutexes

[t=0.0248323s, 22732 KB] Next pair of indices: (55, 0)
[t=0.0248527s, 22732 KB] M&S algorithm main loop timer: 0.0223252s (after computation of next merge)
[t=0.0248924s, 22732 KB] M&S algorithm main loop timer: 0.0223696s (after merging)
[t=0.0249217s, 22732 KB] M&S algorithm main loop timer: 0.0223961s (after pruning)

[t=0.0249468s, 22732 KB] Operator mutex starting iteration 27


[t=0.0250177s, 22732 KB] In ts_27_56 of size 14 found num new op-mutexes 0
[t=0.0250429s, 22732 KB] Operator mutex finished iteration 27. Found an additional 0 operator mutexes

[t=0.0250665s, 22732 KB] End of merge-and-shrink algorithm, statistics:
[t=0.0250864s, 22732 KB] Main loop runtime: 0.0225593s
[t=0.0251071s, 22732 KB] Maximum intermediate abstraction size: 30
[t=0.0251268s, 22732 KB] Final peak memory increase of merge-and-shrink algorithm: 132 KB
[t=0.0251586s, 22732 KB] Merge-and-shrink algorithm runtime: 0.0233327s

[t=0.0251821s, 22732 KB] Number of labels: 19
[t=0.0252101s, 22732 KB] Total number of operator mutexes: 168
[t=0.0252312s, 22732 KB] Operator Mutex total time: 0.0185908s
[t=0.0252532s, 22732 KB] Number of remaining factors: 1
[t=0.0252787s, 22732 KB] Number of factors kept: 1
[t=0.025307s, 22732 KB] Done initializing merge-and-shrink heuristic.

[t=0.025405s, 22732 KB] Building successor generator...done!
[t=0.0254983s, 22732 KB] peak memory difference for successor generator creation: 0 KB
[t=0.0255159s, 22732 KB] time for successor generation creation: 2.6836e-05s
[t=0.0255398s, 22732 KB] Variables: 29
[t=0.0255595s, 22732 KB] FactPairs: 72
[t=0.0255784s, 22732 KB] Bytes per state: 8
[t=0.0257049s, 22732 KB] Conducting best first search with reopening closed nodes, (real) bound = 2147483647
[t=0.0257653s, 22732 KB] New best heuristic value for merge_and_shrink(op_mutex = op_mutex(use_previous_ops = nasutpo, reachability_strategy = goal), merge_strategy = merge_sccs(order_of_sccs = topological, merge_tree = linear), shrink_strategy = shrink_bisimulation(greedy = false, at_limit = return)): 8
[t=0.0257893s, 22732 KB] g=0, 1 evaluated, 0 expanded
[t=0.02581s, 22732 KB] f = 8, 1 evaluated, 0 expanded
[t=0.0258339s, 22732 KB] Initial heuristic value for merge_and_shrink(op_mutex = op_mutex(use_previous_ops = nasutpo, reachability_strategy = goal), merge_strategy = merge_sccs(order_of_sccs = topological, merge_tree = linear), shrink_strategy = shrink_bisimulation(greedy = false, at_limit = return)): 8
[t=0.0258549s, 22732 KB] pruning method: none
[t=0.0258873s, 22732 KB] New best heuristic value for merge_and_shrink(op_mutex = op_mutex(use_previous_ops = nasutpo, reachability_strategy = goal), merge_strategy = merge_sccs(order_of_sccs = topological, merge_tree = linear), shrink_strategy = shrink_bisimulation(greedy = false, at_limit = return)): 7
[t=0.0259093s, 22732 KB] g=1, 2 evaluated, 1 expanded
[t=0.0259384s, 22732 KB] New best heuristic value for merge_and_shrink(op_mutex = op_mutex(use_previous_ops = nasutpo, reachability_strategy = goal), merge_strategy = merge_sccs(order_of_sccs = topological, merge_tree = linear), shrink_strategy = shrink_bisimulation(greedy = false, at_limit = return)): 6
[t=0.0259599s, 22732 KB] g=2, 3 evaluated, 2 expanded
[t=0.0259869s, 22732 KB] New best heuristic value for merge_and_shrink(op_mutex = op_mutex(use_previous_ops = nasutpo, reachability_strategy = goal), merge_strategy = merge_sccs(order_of_sccs = topological, merge_tree = linear), shrink_strategy = shrink_bisimulation(greedy = false, at_limit = return)): 5
[t=0.0260083s, 22732 KB] g=3, 4 evaluated, 3 expanded
[t=0.0260359s, 22732 KB] New best heuristic value for merge_and_shrink(op_mutex = op_mutex(use_previous_ops = nasutpo, reachability_strategy = goal), merge_strategy = merge_sccs(order_of_sccs = topological, merge_tree = linear), shrink_strategy = shrink_bisimulation(greedy = false, at_limit = return)): 4
[t=0.0260575s, 22732 KB] g=4, 5 evaluated, 4 expanded
[t=0.026084s, 22732 KB] New best heuristic value for merge_and_shrink(op_mutex = op_mutex(use_previous_ops = nasutpo, reachability_strategy = goal), merge_strategy = merge_sccs(order_of_sccs = topological, merge_tree = linear), shrink_strategy = shrink_bisimulation(greedy = false, at_limit = return)): 3
[t=0.0261051s, 22732 KB] g=5, 6 evaluated, 5 expanded
[t=0.0261307s, 22732 KB] New best heuristic value for merge_and_shrink(op_mutex = op_mutex(use_previous_ops = nasutpo, reachability_strategy = goal), merge_strategy = merge_sccs(order_of_sccs = topological, merge_tree = linear), shrink_strategy = shrink_bisimulation(greedy = false, at_limit = return)): 2
[t=0.0261518s, 22732 KB] g=6, 7 evaluated, 6 expanded
[t=0.0261816s, 22732 KB] New best heuristic value for merge_and_shrink(op_mutex = op_mutex(use_previous_ops = nasutpo, reachability_strategy = goal), merge_strategy = merge_sccs(order_of_sccs = topological, merge_tree = linear), shrink_strategy = shrink_bisimulation(greedy = false, at_limit = return)): 1
[t=0.0262029s, 22732 KB] g=7, 9 evaluated, 7 expanded
[t=0.0262282s, 22732 KB] New best heuristic value for merge_and_shrink(op_mutex = op_mutex(use_previous_ops = nasutpo, reachability_strategy = goal), merge_strategy = merge_sccs(order_of_sccs = topological, merge_tree = linear), shrink_strategy = shrink_bisimulation(greedy = false, at_limit = return)): 0
[t=0.0262492s, 22732 KB] g=8, 10 evaluated, 8 expanded
[t=0.0262702s, 22732 KB] Solution found!
[t=0.026292s, 22732 KB] Actual search time: 0.000434421s
move_seg_rw_0_400_seg_rww_0_50_south_south_medium airplane_cfbeg (1)
move_seg_rww_0_50_seg_tww4_0_50_south_north_medium airplane_cfbeg (1)
move_seg_tww4_0_50_seg_tww3_0_50_north_north_medium airplane_cfbeg (1)
move_seg_tww3_0_50_seg_tww2_0_50_north_north_medium airplane_cfbeg (1)
move_seg_tww2_0_50_seg_tww1_0_200_north_north_medium airplane_cfbeg (1)
move_seg_tww1_0_200_seg_ppdoor_0_40_north_south_medium airplane_cfbeg (1)
move_seg_ppdoor_0_40_seg_pp_0_60_south_south_medium airplane_cfbeg (1)
park_seg_pp_0_60_south airplane_cfbeg (1)
[t=0.0263143s, 22732 KB] Plan length: 8 step(s).
[t=0.0263143s, 22732 KB] Plan cost: 8
[t=0.0263143s, 22732 KB] Expanded 9 state(s).
[t=0.0263143s, 22732 KB] Reopened 0 state(s).
[t=0.0263143s, 22732 KB] Evaluated 10 state(s).
[t=0.0263143s, 22732 KB] Evaluations: 10
[t=0.0263143s, 22732 KB] Generated 9 state(s).
[t=0.0263143s, 22732 KB] Dead ends: 0 state(s).
[t=0.0263143s, 22732 KB] Expanded until last jump: 0 state(s).
[t=0.0263143s, 22732 KB] Reopened until last jump: 0 state(s).
[t=0.0263143s, 22732 KB] Evaluated until last jump: 1 state(s).
[t=0.0263143s, 22732 KB] Generated until last jump: 0 state(s).
[t=0.0263143s, 22732 KB] Number of registered states: 10
[t=0.0263143s, 22732 KB] Int hash set load factor: 10/16 = 0.625
[t=0.0263143s, 22732 KB] Int hash set resizes: 4
[t=0.0263143s, 22732 KB] Search time: 0.000610505s
[t=0.0263143s, 22732 KB] Total time: 0.0263143s
Solution found.
Peak memory: 22732 KB
Remove intermediate file output.sas
search exit code: 0

INFO     Running validate.
INFO     validate stdin: None
INFO     validate time limit: None
INFO     validate memory limit: None
INFO     validate command line string: validate domain.pddl problem.pddl sas_plan
Checking plan: sas_plan
Plan executed successfully - checking goal
Plan valid
Final value: 8 

Successful plans:
Value: 8
 sas_plan 8 

validate exit code: 0

