INFO     Running translator.
INFO     translator stdin: None
INFO     translator time limit: 599.96s
INFO     translator memory limit: 7000 MB
INFO     translator command line string: /usr/bin/python3 /user/student.aau.dk/lkar18/downward-projects/downward/experiments/nopo_vs_nasutpo_195p/data/nopo_vs_nasutpo/code-94571df14dfaf5b06207d9589b12facdd93f580c_e5e41175/builds/release/bin/translate/translate.py domain.pddl problem.pddl --sas-file output.sas
Parsing...
Parsing: [0.000s CPU, 0.005s wall-clock]
Normalizing task... [0.000s CPU, 0.000s wall-clock]
Instantiating...
Generating Datalog program... [0.000s CPU, 0.001s wall-clock]
Normalizing Datalog program...
Normalizing Datalog program: [0.010s CPU, 0.008s wall-clock]
Preparing model... [0.010s CPU, 0.004s wall-clock]
Generated 198 rules.
Computing model... [0.010s CPU, 0.010s wall-clock]
372 relevant atoms
774 auxiliary atoms
1146 final queue length
1704 total queue pushes
Completing instantiation... [0.010s CPU, 0.010s wall-clock]
Instantiating: [0.040s CPU, 0.034s wall-clock]
Computing fact groups...
Finding invariants...
24 initial candidates
Finding invariants: [0.010s CPU, 0.013s wall-clock]
Checking invariant weight... [0.000s CPU, 0.000s wall-clock]
Instantiating groups... [0.000s CPU, 0.001s wall-clock]
Collecting mutex groups... [0.000s CPU, 0.000s wall-clock]
Choosing groups...
21 uncovered facts
Choosing groups: [0.000s CPU, 0.000s wall-clock]
Building translation key... [0.000s CPU, 0.000s wall-clock]
Computing fact groups: [0.010s CPU, 0.014s wall-clock]
Building STRIPS to SAS dictionary... [0.000s CPU, 0.000s wall-clock]
Building dictionary for full mutex groups... [0.000s CPU, 0.000s wall-clock]
Building mutex information...
Building mutex information: [0.000s CPU, 0.000s wall-clock]
Translating task...
Processing axioms...
Simplifying axioms... [0.000s CPU, 0.000s wall-clock]
Translator axioms removed by simplifying: 0
Computing negative axioms... [0.000s CPU, 0.000s wall-clock]
Processing axioms: [0.000s CPU, 0.001s wall-clock]
Translating task: [0.020s CPU, 0.010s wall-clock]
130 effect conditions simplified
0 implied preconditions added
Detecting unreachable propositions...
0 operators removed
0 axioms removed
24 propositions removed
Detecting unreachable propositions: [0.000s CPU, 0.004s wall-clock]
Reordering and filtering variables...
22 of 24 variables necessary.
8 of 13 mutex groups necessary.
192 of 192 operators necessary.
0 of 0 axiom rules necessary.
Reordering and filtering variables: [0.000s CPU, 0.002s wall-clock]
Translator variables: 22
Translator derived variables: 0
Translator facts: 59
Translator goal facts: 11
Translator mutex groups: 8
Translator total mutex groups size: 22
Translator operators: 192
Translator axioms: 0
Translator task size: 1520
Translator peak memory: 43292 KB
Writing output... [0.010s CPU, 0.003s wall-clock]
Done! [0.080s CPU, 0.074s wall-clock]
translate exit code: 0

INFO     Running search (release).
INFO     search stdin: output.sas
INFO     search time limit: 599.84s
INFO     search memory limit: 7000 MB
INFO     search command line string: /user/student.aau.dk/lkar18/downward-projects/downward/experiments/nopo_vs_nasutpo_195p/data/nopo_vs_nasutpo/code-94571df14dfaf5b06207d9589b12facdd93f580c_e5e41175/builds/release/bin/downward --search 'astar(merge_and_shrink(op_mutex=op_mutex(use_previous_ops=NaSUTPO, reachability_strategy=goal), merge_strategy=merge_precomputed(linear()), shrink_strategy=shrink_fh()))' --internal-plan-file sas_plan < output.sas
[t=3.6697e-05s, 22344 KB] reading input...
[t=0.00104943s, 22344 KB] done reading input!
[t=0.00240808s, 22600 KB] Initializing merge-and-shrink heuristic...
[t=0.00247203s, 22600 KB] Running merge-and-shrink algorithm...
[t=0.00249163s, 22600 KB] Merge strategy options:
[t=0.0025122s, 22600 KB] Type: precomputed
[t=0.00253224s, 22600 KB] Merge tree options: 
[t=0.00255177s, 22600 KB] Type: linear
[t=0.00257093s, 22600 KB] Update option: use random
[t=0.0025906s, 22600 KB] Variable order type: CG/GOAL, tie breaking on level (main)

[t=0.00261218s, 22600 KB] Options related to size limits and shrinking: 
[t=0.00263208s, 22600 KB] Transition system size limit: 50000
[t=0.00265149s, 22600 KB] Transition system size limit right before merge: 50000
[t=0.00267073s, 22600 KB] Threshold to trigger shrinking right before merge: 1

[t=0.00269226s, 22600 KB] Pruning unreachable states: yes
[t=0.00271196s, 22600 KB] Pruning irrelevant states: yes

[t=0.00273335s, 22600 KB] Label reduction disabled

[t=0.00275535s, 22600 KB] Main loop max time in seconds: inf

[t=0.00277932s, 22600 KB] ===============================================================================
[t=0.00279868s, 22600 KB] WARNING! You did not enable label reduction.
This may drastically reduce the performance of merge-and-shrink!
[t=0.00281934s, 22600 KB] ===============================================================================

[t=0.00284168s, 22600 KB] Building atomic transition systems... 
[t=0.00353824s, 23400 KB] M&S algorithm timer: 0.00110984s (after computation of atomic factors)

[t=0.00359551s, 23400 KB] Starting main loop without a time limit.
[t=0.003623s, 23400 KB] building causal graph...done! [t=0.000216654s]
[t=0.00386061s, 23532 KB] Next pair of indices: (21, 20)
[t=0.00390227s, 23532 KB] M&S algorithm main loop timer: 0.000327388s (after computation of next merge)
[t=0.00397405s, 23532 KB] M&S algorithm main loop timer: 0.000410303s (after merging)
[t=0.00401403s, 23532 KB] M&S algorithm main loop timer: 0.000438027s (after pruning)

[t=0.00403947s, 23532 KB] Operator mutex starting iteration 0


[t=0.00411949s, 23532 KB] In ts_0_0 of size 2 found num new op-mutexes 0


[t=0.00420774s, 23532 KB] In ts_0_1 of size 2 found num new op-mutexes 0


[t=0.0043096s, 23532 KB] In ts_0_2 of size 4 found num new op-mutexes 0


[t=0.00439038s, 23532 KB] In ts_0_3 of size 2 found num new op-mutexes 0


[t=0.00446448s, 23532 KB] In ts_0_4 of size 2 found num new op-mutexes 0


[t=0.0045421s, 23532 KB] In ts_0_5 of size 2 found num new op-mutexes 0


[t=0.00464556s, 23532 KB] In ts_0_6 of size 3 found num new op-mutexes 0


[t=0.0047226s, 23532 KB] In ts_0_7 of size 2 found num new op-mutexes 0


[t=0.00481579s, 23532 KB] In ts_0_8 of size 2 found num new op-mutexes 0


[t=0.0049005s, 23532 KB] In ts_0_9 of size 2 found num new op-mutexes 0


[t=0.00497688s, 23532 KB] In ts_0_10 of size 2 found num new op-mutexes 0


[t=0.00505024s, 23532 KB] In ts_0_11 of size 2 found num new op-mutexes 0


[t=0.00514655s, 23532 KB] In ts_0_12 of size 4 found num new op-mutexes 0


[t=0.00525761s, 23532 KB] In ts_0_13 of size 5 found num new op-mutexes 16


[t=0.00533787s, 23532 KB] In ts_0_14 of size 3 found num new op-mutexes 0


[t=0.00541325s, 23532 KB] In ts_0_15 of size 2 found num new op-mutexes 0


[t=0.00549234s, 23532 KB] In ts_0_16 of size 2 found num new op-mutexes 0


[t=0.00556798s, 23532 KB] In ts_0_17 of size 2 found num new op-mutexes 0


[t=0.005641s, 23532 KB] In ts_0_18 of size 2 found num new op-mutexes 0


[t=0.00573677s, 23532 KB] In ts_0_19 of size 4 found num new op-mutexes 0


[t=0.0059423s, 23532 KB] In ts_0_22 of size 5 found num new op-mutexes 768
[t=0.00597342s, 23532 KB] Operator mutex finished iteration 0. Found an additional 784 operator mutexes

[t=0.00600312s, 23532 KB] Next pair of indices: (22, 19)
[t=0.00602441s, 23532 KB] M&S algorithm main loop timer: 0.00244705s (after computation of next merge)
[t=0.00609606s, 23532 KB] M&S algorithm main loop timer: 0.00252268s (after merging)
[t=0.00612886s, 23532 KB] M&S algorithm main loop timer: 0.0025572s (after pruning)

[t=0.00615861s, 23532 KB] Operator mutex starting iteration 1


[t=0.00623416s, 23532 KB] In ts_1_0 of size 2 found num new op-mutexes 0


[t=0.00632251s, 23532 KB] In ts_1_1 of size 2 found num new op-mutexes 0


[t=0.00643066s, 23532 KB] In ts_1_2 of size 4 found num new op-mutexes 0


[t=0.00651208s, 23532 KB] In ts_1_3 of size 2 found num new op-mutexes 0


[t=0.00658593s, 23532 KB] In ts_1_4 of size 2 found num new op-mutexes 0


[t=0.00667443s, 23532 KB] In ts_1_5 of size 2 found num new op-mutexes 0


[t=0.00678211s, 23532 KB] In ts_1_6 of size 3 found num new op-mutexes 0


[t=0.00688647s, 23532 KB] In ts_1_7 of size 2 found num new op-mutexes 0


[t=0.0069663s, 23532 KB] In ts_1_8 of size 2 found num new op-mutexes 0


[t=0.00705397s, 23532 KB] In ts_1_9 of size 2 found num new op-mutexes 0


[t=0.00713032s, 23532 KB] In ts_1_10 of size 2 found num new op-mutexes 0


[t=0.00720923s, 23532 KB] In ts_1_11 of size 2 found num new op-mutexes 0


[t=0.007311s, 23532 KB] In ts_1_12 of size 4 found num new op-mutexes 0


[t=0.00742297s, 23532 KB] In ts_1_13 of size 5 found num new op-mutexes 0


[t=0.00750435s, 23532 KB] In ts_1_14 of size 3 found num new op-mutexes 0


[t=0.00758019s, 23532 KB] In ts_1_15 of size 2 found num new op-mutexes 0


[t=0.00766068s, 23532 KB] In ts_1_16 of size 2 found num new op-mutexes 0


[t=0.00773657s, 23532 KB] In ts_1_17 of size 2 found num new op-mutexes 0


[t=0.00782098s, 23532 KB] In ts_1_18 of size 2 found num new op-mutexes 0


[t=0.00855723s, 23696 KB] In ts_1_23 of size 10 found num new op-mutexes 4452
[t=0.00859553s, 23696 KB] Operator mutex finished iteration 1. Found an additional 4452 operator mutexes

[t=0.0086248s, 23696 KB] Next pair of indices: (23, 18)
[t=0.00864619s, 23696 KB] M&S algorithm main loop timer: 0.00506913s (after computation of next merge)
[t=0.00873601s, 23696 KB] M&S algorithm main loop timer: 0.00516556s (after merging)
[t=0.00877531s, 23696 KB] M&S algorithm main loop timer: 0.00520023s (after pruning)

[t=0.00880152s, 23696 KB] Operator mutex starting iteration 2


[t=0.0088734s, 23696 KB] In ts_2_0 of size 2 found num new op-mutexes 0


[t=0.00896009s, 23696 KB] In ts_2_1 of size 2 found num new op-mutexes 0


[t=0.00906314s, 23696 KB] In ts_2_2 of size 4 found num new op-mutexes 0


[t=0.0091435s, 23696 KB] In ts_2_3 of size 2 found num new op-mutexes 0


[t=0.00921845s, 23696 KB] In ts_2_4 of size 2 found num new op-mutexes 0


[t=0.00929723s, 23696 KB] In ts_2_5 of size 2 found num new op-mutexes 0


[t=0.00940324s, 23696 KB] In ts_2_6 of size 3 found num new op-mutexes 0


[t=0.00949434s, 23696 KB] In ts_2_7 of size 2 found num new op-mutexes 0


[t=0.00956898s, 23696 KB] In ts_2_8 of size 2 found num new op-mutexes 0


[t=0.00965638s, 23696 KB] In ts_2_9 of size 2 found num new op-mutexes 0


[t=0.00973956s, 23696 KB] In ts_2_10 of size 2 found num new op-mutexes 0


[t=0.009816s, 23696 KB] In ts_2_11 of size 2 found num new op-mutexes 0


[t=0.0099133s, 23696 KB] In ts_2_12 of size 4 found num new op-mutexes 0


[t=0.0100348s, 23696 KB] In ts_2_13 of size 5 found num new op-mutexes 0


[t=0.0101266s, 23696 KB] In ts_2_14 of size 3 found num new op-mutexes 0


[t=0.0102099s, 23696 KB] In ts_2_15 of size 2 found num new op-mutexes 0


[t=0.0102957s, 23696 KB] In ts_2_16 of size 2 found num new op-mutexes 0


[t=0.0103713s, 23696 KB] In ts_2_17 of size 2 found num new op-mutexes 0


[t=0.0109996s, 23696 KB] In ts_2_24 of size 16 found num new op-mutexes 344
[t=0.0110366s, 23696 KB] Operator mutex finished iteration 2. Found an additional 344 operator mutexes

[t=0.0110678s, 23696 KB] Next pair of indices: (24, 17)
[t=0.0110996s, 23696 KB] M&S algorithm main loop timer: 0.00752299s (after computation of next merge)
[t=0.0111821s, 23696 KB] M&S algorithm main loop timer: 0.00760895s (after merging)
[t=0.011217s, 23696 KB] M&S algorithm main loop timer: 0.00764112s (after pruning)

[t=0.0112423s, 23696 KB] Operator mutex starting iteration 3


[t=0.011316s, 23696 KB] In ts_3_0 of size 2 found num new op-mutexes 0


[t=0.0114036s, 23696 KB] In ts_3_1 of size 2 found num new op-mutexes 0


[t=0.011507s, 23696 KB] In ts_3_2 of size 4 found num new op-mutexes 0


[t=0.0115887s, 23696 KB] In ts_3_3 of size 2 found num new op-mutexes 0


[t=0.011663s, 23696 KB] In ts_3_4 of size 2 found num new op-mutexes 0


[t=0.0117421s, 23696 KB] In ts_3_5 of size 2 found num new op-mutexes 0


[t=0.0118503s, 23696 KB] In ts_3_6 of size 3 found num new op-mutexes 0


[t=0.0119424s, 23696 KB] In ts_3_7 of size 2 found num new op-mutexes 0


[t=0.0120172s, 23696 KB] In ts_3_8 of size 2 found num new op-mutexes 0


[t=0.0120968s, 23696 KB] In ts_3_9 of size 2 found num new op-mutexes 0


[t=0.0121728s, 23696 KB] In ts_3_10 of size 2 found num new op-mutexes 0


[t=0.0122546s, 23696 KB] In ts_3_11 of size 2 found num new op-mutexes 0


[t=0.0123548s, 23696 KB] In ts_3_12 of size 4 found num new op-mutexes 0


[t=0.0124675s, 23696 KB] In ts_3_13 of size 5 found num new op-mutexes 0


[t=0.0125486s, 23696 KB] In ts_3_14 of size 3 found num new op-mutexes 0


[t=0.0126344s, 23696 KB] In ts_3_15 of size 2 found num new op-mutexes 0


[t=0.0127222s, 23696 KB] In ts_3_16 of size 2 found num new op-mutexes 0


[t=0.0135124s, 23696 KB] In ts_3_25 of size 16 found num new op-mutexes 0
[t=0.0135605s, 23696 KB] Operator mutex finished iteration 3. Found an additional 0 operator mutexes

[t=0.0136013s, 23696 KB] Next pair of indices: (25, 16)
[t=0.013623s, 23696 KB] M&S algorithm main loop timer: 0.0100459s (after computation of next merge)
[t=0.0137153s, 23696 KB] M&S algorithm main loop timer: 0.0101425s (after merging)
[t=0.0137565s, 23696 KB] M&S algorithm main loop timer: 0.0101811s (after pruning)

[t=0.0137825s, 23696 KB] Operator mutex starting iteration 4


[t=0.0138534s, 23696 KB] In ts_4_0 of size 2 found num new op-mutexes 0


[t=0.013941s, 23696 KB] In ts_4_1 of size 2 found num new op-mutexes 0


[t=0.0140447s, 23696 KB] In ts_4_2 of size 4 found num new op-mutexes 0


[t=0.0141283s, 23696 KB] In ts_4_3 of size 2 found num new op-mutexes 0


[t=0.0142031s, 23696 KB] In ts_4_4 of size 2 found num new op-mutexes 0


[t=0.0142817s, 23696 KB] In ts_4_5 of size 2 found num new op-mutexes 0


[t=0.0143891s, 23696 KB] In ts_4_6 of size 3 found num new op-mutexes 0


[t=0.0144806s, 23696 KB] In ts_4_7 of size 2 found num new op-mutexes 0


[t=0.0145553s, 23696 KB] In ts_4_8 of size 2 found num new op-mutexes 0


[t=0.0146342s, 23696 KB] In ts_4_9 of size 2 found num new op-mutexes 0


[t=0.0147096s, 23696 KB] In ts_4_10 of size 2 found num new op-mutexes 0


[t=0.0147831s, 23696 KB] In ts_4_11 of size 2 found num new op-mutexes 0


[t=0.0148801s, 23696 KB] In ts_4_12 of size 4 found num new op-mutexes 0


[t=0.0149907s, 23696 KB] In ts_4_13 of size 5 found num new op-mutexes 0


[t=0.0150716s, 23696 KB] In ts_4_14 of size 3 found num new op-mutexes 0


[t=0.0151558s, 23696 KB] In ts_4_15 of size 2 found num new op-mutexes 0


[t=0.0164343s, 23836 KB] In ts_4_26 of size 16 found num new op-mutexes 3096
[t=0.0164757s, 23836 KB] Operator mutex finished iteration 4. Found an additional 3096 operator mutexes

[t=0.0165064s, 23836 KB] Next pair of indices: (26, 15)
[t=0.0165294s, 23836 KB] M&S algorithm main loop timer: 0.0129526s (after computation of next merge)
[t=0.0166183s, 23836 KB] M&S algorithm main loop timer: 0.013045s (after merging)
[t=0.0166552s, 23836 KB] M&S algorithm main loop timer: 0.0130798s (after pruning)

[t=0.0166811s, 23836 KB] Operator mutex starting iteration 5


[t=0.016753s, 23836 KB] In ts_5_0 of size 2 found num new op-mutexes 0


[t=0.016842s, 23836 KB] In ts_5_1 of size 2 found num new op-mutexes 0


[t=0.0169572s, 23836 KB] In ts_5_2 of size 4 found num new op-mutexes 0


[t=0.0170415s, 23836 KB] In ts_5_3 of size 2 found num new op-mutexes 0


[t=0.0171174s, 23836 KB] In ts_5_4 of size 2 found num new op-mutexes 0


[t=0.017205s, 23836 KB] In ts_5_5 of size 2 found num new op-mutexes 0


[t=0.0173118s, 23836 KB] In ts_5_6 of size 3 found num new op-mutexes 0


[t=0.0174022s, 23836 KB] In ts_5_7 of size 2 found num new op-mutexes 0


[t=0.0174773s, 23836 KB] In ts_5_8 of size 2 found num new op-mutexes 0


[t=0.0175565s, 23836 KB] In ts_5_9 of size 2 found num new op-mutexes 0


[t=0.017633s, 23836 KB] In ts_5_10 of size 2 found num new op-mutexes 0


[t=0.0177072s, 23836 KB] In ts_5_11 of size 2 found num new op-mutexes 0


[t=0.0178057s, 23836 KB] In ts_5_12 of size 4 found num new op-mutexes 0


[t=0.0179172s, 23836 KB] In ts_5_13 of size 5 found num new op-mutexes 0


[t=0.0179985s, 23836 KB] In ts_5_14 of size 3 found num new op-mutexes 0


[t=0.0196694s, 24044 KB] In ts_5_27 of size 13 found num new op-mutexes 5416
[t=0.0197109s, 24044 KB] Operator mutex finished iteration 5. Found an additional 5416 operator mutexes

[t=0.0197432s, 24044 KB] Next pair of indices: (27, 7)
[t=0.0197712s, 24044 KB] M&S algorithm main loop timer: 0.0161943s (after computation of next merge)
[t=0.019866s, 24044 KB] M&S algorithm main loop timer: 0.0162931s (after merging)

[t=0.019897s, 24044 KB] Operator mutex starting iteration 6


[t=0.0199698s, 24044 KB] In ts_6_0 of size 2 found num new op-mutexes 0


[t=0.0200574s, 24044 KB] In ts_6_1 of size 2 found num new op-mutexes 0


[t=0.0201606s, 24044 KB] In ts_6_2 of size 4 found num new op-mutexes 0


[t=0.0202422s, 24044 KB] In ts_6_3 of size 2 found num new op-mutexes 0


[t=0.0203174s, 24044 KB] In ts_6_4 of size 2 found num new op-mutexes 0


[t=0.0204074s, 24044 KB] In ts_6_5 of size 2 found num new op-mutexes 0


[t=0.0205173s, 24044 KB] In ts_6_6 of size 3 found num new op-mutexes 0


[t=0.020594s, 24044 KB] In ts_6_8 of size 2 found num new op-mutexes 0


[t=0.020674s, 24044 KB] In ts_6_9 of size 2 found num new op-mutexes 0


[t=0.0207601s, 24044 KB] In ts_6_10 of size 2 found num new op-mutexes 0


[t=0.0208345s, 24044 KB] In ts_6_11 of size 2 found num new op-mutexes 0


[t=0.0209412s, 24044 KB] In ts_6_12 of size 4 found num new op-mutexes 0


[t=0.0210549s, 24044 KB] In ts_6_13 of size 5 found num new op-mutexes 0


[t=0.021137s, 24044 KB] In ts_6_14 of size 3 found num new op-mutexes 0


[t=0.022289s, 24044 KB] In ts_6_28 of size 26 found num new op-mutexes 0
[t=0.022337s, 24044 KB] Operator mutex finished iteration 6. Found an additional 0 operator mutexes

[t=0.0223678s, 24044 KB] Next pair of indices: (28, 6)
[t=0.0223894s, 24044 KB] M&S algorithm main loop timer: 0.0188121s (after computation of next merge)
[t=0.022513s, 24044 KB] M&S algorithm main loop timer: 0.0189415s (after merging)
[t=0.0225539s, 24044 KB] M&S algorithm main loop timer: 0.0189789s (after pruning)

[t=0.0225802s, 24044 KB] Operator mutex starting iteration 7


[t=0.0226535s, 24044 KB] In ts_7_0 of size 2 found num new op-mutexes 0


[t=0.0227424s, 24044 KB] In ts_7_1 of size 2 found num new op-mutexes 0


[t=0.0228469s, 24044 KB] In ts_7_2 of size 4 found num new op-mutexes 0


[t=0.0229303s, 24044 KB] In ts_7_3 of size 2 found num new op-mutexes 0


[t=0.0230071s, 24044 KB] In ts_7_4 of size 2 found num new op-mutexes 0


[t=0.0230882s, 24044 KB] In ts_7_5 of size 2 found num new op-mutexes 0


[t=0.0231642s, 24044 KB] In ts_7_8 of size 2 found num new op-mutexes 0


[t=0.0232536s, 24044 KB] In ts_7_9 of size 2 found num new op-mutexes 0


[t=0.0233308s, 24044 KB] In ts_7_10 of size 2 found num new op-mutexes 0


[t=0.0234057s, 24044 KB] In ts_7_11 of size 2 found num new op-mutexes 0


[t=0.0235044s, 24044 KB] In ts_7_12 of size 4 found num new op-mutexes 0


[t=0.0236166s, 24044 KB] In ts_7_13 of size 5 found num new op-mutexes 0


[t=0.0236991s, 24044 KB] In ts_7_14 of size 3 found num new op-mutexes 0


[t=0.0249154s, 24044 KB] In ts_7_29 of size 39 found num new op-mutexes 0
[t=0.0249579s, 24044 KB] Operator mutex finished iteration 7. Found an additional 0 operator mutexes

[t=0.0249881s, 24044 KB] Next pair of indices: (29, 5)
[t=0.0250095s, 24044 KB] M&S algorithm main loop timer: 0.0214323s (after computation of next merge)
[t=0.0251404s, 24044 KB] M&S algorithm main loop timer: 0.0215688s (after merging)
[t=0.0251816s, 24044 KB] M&S algorithm main loop timer: 0.0216064s (after pruning)

[t=0.0252077s, 24044 KB] Operator mutex starting iteration 8


[t=0.0252805s, 24044 KB] In ts_8_0 of size 2 found num new op-mutexes 0


[t=0.0253799s, 24044 KB] In ts_8_1 of size 2 found num new op-mutexes 0


[t=0.0254833s, 24044 KB] In ts_8_2 of size 4 found num new op-mutexes 0


[t=0.0255664s, 24044 KB] In ts_8_3 of size 2 found num new op-mutexes 0


[t=0.0256429s, 24044 KB] In ts_8_4 of size 2 found num new op-mutexes 0


[t=0.0257175s, 24044 KB] In ts_8_8 of size 2 found num new op-mutexes 0


[t=0.0258082s, 24044 KB] In ts_8_9 of size 2 found num new op-mutexes 0


[t=0.0258856s, 24044 KB] In ts_8_10 of size 2 found num new op-mutexes 0


[t=0.0259606s, 24044 KB] In ts_8_11 of size 2 found num new op-mutexes 0


[t=0.026059s, 24044 KB] In ts_8_12 of size 4 found num new op-mutexes 0


[t=0.0261708s, 24044 KB] In ts_8_13 of size 5 found num new op-mutexes 0


[t=0.0262533s, 24044 KB] In ts_8_14 of size 3 found num new op-mutexes 0


[t=0.0275413s, 24044 KB] In ts_8_30 of size 39 found num new op-mutexes 0
[t=0.0275854s, 24044 KB] Operator mutex finished iteration 8. Found an additional 0 operator mutexes

[t=0.0276162s, 24044 KB] Next pair of indices: (30, 14)
[t=0.027638s, 24044 KB] M&S algorithm main loop timer: 0.024061s (after computation of next merge)
[t=0.0277988s, 24044 KB] M&S algorithm main loop timer: 0.0242283s (after merging)

[t=0.0278384s, 24044 KB] Operator mutex starting iteration 9


[t=0.0279134s, 24044 KB] In ts_9_0 of size 2 found num new op-mutexes 0


[t=0.0280029s, 24044 KB] In ts_9_1 of size 2 found num new op-mutexes 0


[t=0.0281071s, 24044 KB] In ts_9_2 of size 4 found num new op-mutexes 0


[t=0.028191s, 24044 KB] In ts_9_3 of size 2 found num new op-mutexes 0


[t=0.0282678s, 24044 KB] In ts_9_4 of size 2 found num new op-mutexes 0


[t=0.0283436s, 24044 KB] In ts_9_8 of size 2 found num new op-mutexes 0


[t=0.0284243s, 24044 KB] In ts_9_9 of size 2 found num new op-mutexes 0


[t=0.0285019s, 24044 KB] In ts_9_10 of size 2 found num new op-mutexes 0


[t=0.0285771s, 24044 KB] In ts_9_11 of size 2 found num new op-mutexes 0


[t=0.0286764s, 24044 KB] In ts_9_12 of size 4 found num new op-mutexes 0


[t=0.0287882s, 24044 KB] In ts_9_13 of size 5 found num new op-mutexes 0


[t=0.030301s, 24044 KB] In ts_9_31 of size 117 found num new op-mutexes 0
[t=0.0303439s, 24044 KB] Operator mutex finished iteration 9. Found an additional 0 operator mutexes

[t=0.0303744s, 24044 KB] Next pair of indices: (31, 13)
[t=0.0303959s, 24044 KB] M&S algorithm main loop timer: 0.026819s (after computation of next merge)
[t=0.030851s, 24044 KB] M&S algorithm main loop timer: 0.0272918s (after merging)
[t=0.0309407s, 24044 KB] M&S algorithm main loop timer: 0.0273711s (after pruning)

[t=0.0309731s, 24044 KB] Operator mutex starting iteration 10


[t=0.0310582s, 24044 KB] In ts_10_0 of size 2 found num new op-mutexes 0


[t=0.03116s, 24044 KB] In ts_10_1 of size 2 found num new op-mutexes 0


[t=0.031266s, 24044 KB] In ts_10_2 of size 4 found num new op-mutexes 0


[t=0.0313506s, 24044 KB] In ts_10_3 of size 2 found num new op-mutexes 0


[t=0.0314282s, 24044 KB] In ts_10_4 of size 2 found num new op-mutexes 0


[t=0.0315041s, 24044 KB] In ts_10_8 of size 2 found num new op-mutexes 0


[t=0.0315855s, 24044 KB] In ts_10_9 of size 2 found num new op-mutexes 0


[t=0.0316635s, 24044 KB] In ts_10_10 of size 2 found num new op-mutexes 0


[t=0.03174s, 24044 KB] In ts_10_11 of size 2 found num new op-mutexes 0


[t=0.0318402s, 24044 KB] In ts_10_12 of size 4 found num new op-mutexes 0


[t=0.033401s, 24044 KB] In ts_10_32 of size 195 found num new op-mutexes 588
[t=0.033455s, 24044 KB] Operator mutex finished iteration 10. Found an additional 588 operator mutexes

[t=0.0334877s, 24044 KB] Next pair of indices: (32, 12)
[t=0.0335099s, 24044 KB] M&S algorithm main loop timer: 0.0299329s (after computation of next merge)
[t=0.0340586s, 24044 KB] M&S algorithm main loop timer: 0.0304982s (after merging)
[t=0.0341832s, 24044 KB] M&S algorithm main loop timer: 0.0306158s (after pruning)

[t=0.0342176s, 24044 KB] Operator mutex starting iteration 11


[t=0.034293s, 24044 KB] In ts_11_0 of size 2 found num new op-mutexes 0


[t=0.034383s, 24044 KB] In ts_11_1 of size 2 found num new op-mutexes 0


[t=0.0344884s, 24044 KB] In ts_11_2 of size 4 found num new op-mutexes 0


[t=0.0345726s, 24044 KB] In ts_11_3 of size 2 found num new op-mutexes 0


[t=0.0346698s, 24044 KB] In ts_11_4 of size 2 found num new op-mutexes 0


[t=0.0347558s, 24044 KB] In ts_11_8 of size 2 found num new op-mutexes 0


[t=0.0348454s, 24044 KB] In ts_11_9 of size 2 found num new op-mutexes 0


[t=0.0349326s, 24044 KB] In ts_11_10 of size 2 found num new op-mutexes 0


[t=0.0350088s, 24044 KB] In ts_11_11 of size 2 found num new op-mutexes 0


[t=0.0382833s, 24252 KB] In ts_11_33 of size 390 found num new op-mutexes 3468
[t=0.038331s, 24252 KB] Operator mutex finished iteration 11. Found an additional 3468 operator mutexes

[t=0.0383699s, 24252 KB] Next pair of indices: (33, 11)
[t=0.0383999s, 24252 KB] M&S algorithm main loop timer: 0.0348231s (after computation of next merge)
[t=0.0391251s, 24252 KB] M&S algorithm main loop timer: 0.0355681s (after merging)
[t=0.0393153s, 24252 KB] M&S algorithm main loop timer: 0.0357492s (after pruning)

[t=0.0393515s, 24252 KB] Operator mutex starting iteration 12


[t=0.0394274s, 24252 KB] In ts_12_0 of size 2 found num new op-mutexes 0


[t=0.0395178s, 24252 KB] In ts_12_1 of size 2 found num new op-mutexes 0


[t=0.0396232s, 24252 KB] In ts_12_2 of size 4 found num new op-mutexes 0


[t=0.0397124s, 24252 KB] In ts_12_3 of size 2 found num new op-mutexes 0


[t=0.0397896s, 24252 KB] In ts_12_4 of size 2 found num new op-mutexes 0


[t=0.0398966s, 24252 KB] In ts_12_8 of size 2 found num new op-mutexes 0


[t=0.0399989s, 24252 KB] In ts_12_9 of size 2 found num new op-mutexes 0


[t=0.0400862s, 24252 KB] In ts_12_10 of size 2 found num new op-mutexes 0


[t=0.0458241s, 24556 KB] In ts_12_34 of size 702 found num new op-mutexes 262
[t=0.0458817s, 24556 KB] Operator mutex finished iteration 12. Found an additional 262 operator mutexes

[t=0.0459134s, 24556 KB] Next pair of indices: (34, 10)
[t=0.0459358s, 24556 KB] M&S algorithm main loop timer: 0.0423586s (after computation of next merge)
[t=0.0469233s, 24556 KB] M&S algorithm main loop timer: 0.0433736s (after merging)
[t=0.047123s, 24556 KB] M&S algorithm main loop timer: 0.0435568s (after pruning)

[t=0.0471591s, 24556 KB] Operator mutex starting iteration 13


[t=0.0472355s, 24556 KB] In ts_13_0 of size 2 found num new op-mutexes 0


[t=0.0473265s, 24556 KB] In ts_13_1 of size 2 found num new op-mutexes 0


[t=0.0474428s, 24556 KB] In ts_13_2 of size 4 found num new op-mutexes 0


[t=0.0475259s, 24556 KB] In ts_13_3 of size 2 found num new op-mutexes 0


[t=0.0476017s, 24556 KB] In ts_13_4 of size 2 found num new op-mutexes 0


[t=0.0476858s, 24556 KB] In ts_13_8 of size 2 found num new op-mutexes 0


[t=0.0477811s, 24556 KB] In ts_13_9 of size 2 found num new op-mutexes 0


[t=0.0535552s, 24628 KB] In ts_13_35 of size 702 found num new op-mutexes 0
[t=0.0536127s, 24628 KB] Operator mutex finished iteration 13. Found an additional 0 operator mutexes

[t=0.0536453s, 24628 KB] Next pair of indices: (35, 9)
[t=0.0536681s, 24628 KB] M&S algorithm main loop timer: 0.0500913s (after computation of next merge)
[t=0.0548436s, 24628 KB] M&S algorithm main loop timer: 0.0512924s (after merging)
[t=0.0550596s, 24628 KB] M&S algorithm main loop timer: 0.0514938s (after pruning)

[t=0.0550965s, 24628 KB] Operator mutex starting iteration 14


[t=0.0551724s, 24628 KB] In ts_14_0 of size 2 found num new op-mutexes 0


[t=0.0552617s, 24628 KB] In ts_14_1 of size 2 found num new op-mutexes 0


[t=0.0553744s, 24628 KB] In ts_14_2 of size 4 found num new op-mutexes 0


[t=0.0554593s, 24628 KB] In ts_14_3 of size 2 found num new op-mutexes 0


[t=0.0555356s, 24628 KB] In ts_14_4 of size 2 found num new op-mutexes 0


[t=0.0556209s, 24628 KB] In ts_14_8 of size 2 found num new op-mutexes 0


[t=0.0620522s, 24660 KB] In ts_14_36 of size 702 found num new op-mutexes 2358
[t=0.0621209s, 24660 KB] Operator mutex finished iteration 14. Found an additional 2358 operator mutexes

[t=0.0621603s, 24660 KB] Next pair of indices: (36, 8)
[t=0.0621843s, 24660 KB] M&S algorithm main loop timer: 0.0586075s (after computation of next merge)
[t=0.0632659s, 24660 KB] M&S algorithm main loop timer: 0.0597157s (after merging)
[t=0.0634356s, 24660 KB] M&S algorithm main loop timer: 0.0598689s (after pruning)

[t=0.0634715s, 24660 KB] Operator mutex starting iteration 15


[t=0.0635479s, 24660 KB] In ts_15_0 of size 2 found num new op-mutexes 0


[t=0.0636463s, 24660 KB] In ts_15_1 of size 2 found num new op-mutexes 0


[t=0.0637512s, 24660 KB] In ts_15_2 of size 4 found num new op-mutexes 0


[t=0.0638345s, 24660 KB] In ts_15_3 of size 2 found num new op-mutexes 0


[t=0.0639112s, 24660 KB] In ts_15_4 of size 2 found num new op-mutexes 0


[t=0.0689091s, 24660 KB] In ts_15_37 of size 507 found num new op-mutexes 4022
[t=0.0689825s, 24660 KB] Operator mutex finished iteration 15. Found an additional 4022 operator mutexes

[t=0.069016s, 24660 KB] Next pair of indices: (37, 4)
[t=0.0690387s, 24660 KB] M&S algorithm main loop timer: 0.0654619s (after computation of next merge)
[t=0.0699403s, 24660 KB] M&S algorithm main loop timer: 0.0663862s (after merging)

[t=0.0700445s, 24660 KB] Operator mutex starting iteration 16


[t=0.0701302s, 24660 KB] In ts_16_0 of size 2 found num new op-mutexes 0


[t=0.070223s, 24660 KB] In ts_16_1 of size 2 found num new op-mutexes 0


[t=0.0703284s, 24660 KB] In ts_16_2 of size 4 found num new op-mutexes 0


[t=0.0704109s, 24660 KB] In ts_16_3 of size 2 found num new op-mutexes 0


[t=0.0769104s, 25160 KB] In ts_16_38 of size 1014 found num new op-mutexes 0
[t=0.0769796s, 25160 KB] Operator mutex finished iteration 16. Found an additional 0 operator mutexes

[t=0.0770113s, 25160 KB] Next pair of indices: (38, 2)
[t=0.0770506s, 25160 KB] M&S algorithm main loop timer: 0.0734755s (after computation of next merge)
[t=0.0804587s, 25160 KB] M&S algorithm main loop timer: 0.0768992s (after merging)
[t=0.0812236s, 25160 KB] M&S algorithm main loop timer: 0.077678s (after pruning)

[t=0.0812816s, 25160 KB] Operator mutex starting iteration 17


[t=0.0813615s, 25160 KB] In ts_17_0 of size 2 found num new op-mutexes 0


[t=0.0814516s, 25160 KB] In ts_17_1 of size 2 found num new op-mutexes 0


[t=0.0815334s, 25160 KB] In ts_17_3 of size 2 found num new op-mutexes 0


[t=0.0955803s, 26956 KB] In ts_17_39 of size 3549 found num new op-mutexes 0
[t=0.0956739s, 26956 KB] Operator mutex finished iteration 17. Found an additional 0 operator mutexes

[t=0.0957079s, 26956 KB] Next pair of indices: (39, 3)
[t=0.0957303s, 26956 KB] M&S algorithm main loop timer: 0.0921539s (after computation of next merge)
[t=0.101791s, 26956 KB] M&S algorithm main loop timer: 0.0982544s (after merging)
[t=0.102687s, 26956 KB] M&S algorithm main loop timer: 0.0991408s (after pruning)

[t=0.102745s, 26956 KB] Operator mutex starting iteration 18


[t=0.102828s, 26956 KB] In ts_18_0 of size 2 found num new op-mutexes 0


[t=0.10292s, 26956 KB] In ts_18_1 of size 2 found num new op-mutexes 0


[t=0.117624s, 27412 KB] In ts_18_40 of size 3549 found num new op-mutexes 1696
[t=0.117719s, 27412 KB] Operator mutex finished iteration 18. Found an additional 1696 operator mutexes

[t=0.117754s, 27412 KB] Next pair of indices: (40, 1)
[t=0.117776s, 27412 KB] M&S algorithm main loop timer: 0.114199s (after computation of next merge)
[t=0.124511s, 27412 KB] M&S algorithm main loop timer: 0.120971s (after merging)
[t=0.126035s, 27412 KB] M&S algorithm main loop timer: 0.122469s (after pruning)

[t=0.126072s, 27412 KB] Operator mutex starting iteration 19


[t=0.126177s, 27412 KB] In ts_19_0 of size 2 found num new op-mutexes 0
[t=0.126279s, 27412 KB] Operator mutex finished iteration 19. Found an additional 0 operator mutexes

[t=0.126311s, 27412 KB] Next pair of indices: (41, 0)
[t=0.126332s, 27412 KB] M&S algorithm main loop timer: 0.122755s (after computation of next merge)
[t=0.137617s, 28140 KB] M&S algorithm main loop timer: 0.134093s (after merging)
[t=0.138812s, 28140 KB] M&S algorithm main loop timer: 0.135251s (after pruning)

[t=0.138855s, 28140 KB] Operator mutex starting iteration 20


[t=0.156097s, 29900 KB] In ts_20_42 of size 4563 found num new op-mutexes 4004
[t=0.156209s, 29900 KB] Operator mutex finished iteration 20. Found an additional 4004 operator mutexes

[t=0.156242s, 29900 KB] End of merge-and-shrink algorithm, statistics:
[t=0.156266s, 29900 KB] Main loop runtime: 0.152689s
[t=0.156288s, 29900 KB] Maximum intermediate abstraction size: 12168
[t=0.156309s, 29900 KB] Final peak memory increase of merge-and-shrink algorithm: 7300 KB
[t=0.156341s, 29900 KB] Merge-and-shrink algorithm runtime: 0.153887s

[t=0.156365s, 29900 KB] Number of labels: 192
[t=0.156383s, 29900 KB] Total number of operator mutexes: 30490
[t=0.156404s, 29900 KB] Operator Mutex total time: 0.11099s
[t=0.156438s, 29900 KB] Number of remaining factors: 1
[t=0.15651s, 29900 KB] Number of factors kept: 1
[t=0.156533s, 29900 KB] Done initializing merge-and-shrink heuristic.

[t=0.157647s, 29900 KB] Building successor generator...done!
[t=0.157817s, 29900 KB] peak memory difference for successor generator creation: 0 KB
[t=0.157837s, 29900 KB] time for successor generation creation: 9.0203e-05s
[t=0.157861s, 29900 KB] Variables: 22
[t=0.157881s, 29900 KB] FactPairs: 59
[t=0.1579s, 29900 KB] Bytes per state: 4
[t=0.158037s, 29900 KB] Conducting best first search with reopening closed nodes, (real) bound = 2147483647
[t=0.158102s, 29900 KB] New best heuristic value for merge_and_shrink(op_mutex = op_mutex(use_previous_ops = nasutpo, reachability_strategy = goal), merge_strategy = merge_precomputed(linear), shrink_strategy = shrink_fh): 170
[t=0.158126s, 29900 KB] g=0, 1 evaluated, 0 expanded
[t=0.158147s, 29900 KB] f = 170, 1 evaluated, 0 expanded
[t=0.158171s, 29900 KB] Initial heuristic value for merge_and_shrink(op_mutex = op_mutex(use_previous_ops = nasutpo, reachability_strategy = goal), merge_strategy = merge_precomputed(linear), shrink_strategy = shrink_fh): 170
[t=0.158192s, 29900 KB] pruning method: none
[t=0.158224s, 29900 KB] New best heuristic value for merge_and_shrink(op_mutex = op_mutex(use_previous_ops = nasutpo, reachability_strategy = goal), merge_strategy = merge_precomputed(linear), shrink_strategy = shrink_fh): 160
[t=0.158247s, 29900 KB] g=15, 2 evaluated, 1 expanded
[t=0.158275s, 29900 KB] New best heuristic value for merge_and_shrink(op_mutex = op_mutex(use_previous_ops = nasutpo, reachability_strategy = goal), merge_strategy = merge_precomputed(linear), shrink_strategy = shrink_fh): 150
[t=0.158296s, 29900 KB] g=30, 4 evaluated, 1 expanded
[t=0.158325s, 29900 KB] New best heuristic value for merge_and_shrink(op_mutex = op_mutex(use_previous_ops = nasutpo, reachability_strategy = goal), merge_strategy = merge_precomputed(linear), shrink_strategy = shrink_fh): 140
[t=0.158345s, 29900 KB] g=30, 6 evaluated, 1 expanded
[t=0.158383s, 29900 KB] New best heuristic value for merge_and_shrink(op_mutex = op_mutex(use_previous_ops = nasutpo, reachability_strategy = goal), merge_strategy = merge_precomputed(linear), shrink_strategy = shrink_fh): 130
[t=0.158415s, 29900 KB] g=45, 10 evaluated, 2 expanded
[t=0.158448s, 29900 KB] New best heuristic value for merge_and_shrink(op_mutex = op_mutex(use_previous_ops = nasutpo, reachability_strategy = goal), merge_strategy = merge_precomputed(linear), shrink_strategy = shrink_fh): 120
[t=0.158469s, 29900 KB] g=60, 14 evaluated, 2 expanded
[t=0.158494s, 29900 KB] New best heuristic value for merge_and_shrink(op_mutex = op_mutex(use_previous_ops = nasutpo, reachability_strategy = goal), merge_strategy = merge_precomputed(linear), shrink_strategy = shrink_fh): 110
[t=0.158515s, 29900 KB] g=60, 15 evaluated, 2 expanded
[t=0.158557s, 29900 KB] New best heuristic value for merge_and_shrink(op_mutex = op_mutex(use_previous_ops = nasutpo, reachability_strategy = goal), merge_strategy = merge_precomputed(linear), shrink_strategy = shrink_fh): 100
[t=0.158579s, 29900 KB] g=75, 19 evaluated, 3 expanded
[t=0.158613s, 29900 KB] New best heuristic value for merge_and_shrink(op_mutex = op_mutex(use_previous_ops = nasutpo, reachability_strategy = goal), merge_strategy = merge_precomputed(linear), shrink_strategy = shrink_fh): 90
[t=0.158634s, 29900 KB] g=80, 23 evaluated, 3 expanded
[t=0.158676s, 29900 KB] New best heuristic value for merge_and_shrink(op_mutex = op_mutex(use_previous_ops = nasutpo, reachability_strategy = goal), merge_strategy = merge_precomputed(linear), shrink_strategy = shrink_fh): 80
[t=0.158697s, 29900 KB] g=95, 29 evaluated, 4 expanded
[t=0.158741s, 29900 KB] New best heuristic value for merge_and_shrink(op_mutex = op_mutex(use_previous_ops = nasutpo, reachability_strategy = goal), merge_strategy = merge_precomputed(linear), shrink_strategy = shrink_fh): 75
[t=0.158762s, 29900 KB] g=95, 35 evaluated, 4 expanded
[t=0.15879s, 29900 KB] New best heuristic value for merge_and_shrink(op_mutex = op_mutex(use_previous_ops = nasutpo, reachability_strategy = goal), merge_strategy = merge_precomputed(linear), shrink_strategy = shrink_fh): 70
[t=0.15881s, 29900 KB] g=100, 37 evaluated, 4 expanded
[t=0.158843s, 29900 KB] New best heuristic value for merge_and_shrink(op_mutex = op_mutex(use_previous_ops = nasutpo, reachability_strategy = goal), merge_strategy = merge_precomputed(linear), shrink_strategy = shrink_fh): 60
[t=0.158864s, 29900 KB] g=115, 40 evaluated, 5 expanded
[t=0.158905s, 29900 KB] New best heuristic value for merge_and_shrink(op_mutex = op_mutex(use_previous_ops = nasutpo, reachability_strategy = goal), merge_strategy = merge_precomputed(linear), shrink_strategy = shrink_fh): 55
[t=0.158925s, 29900 KB] g=115, 46 evaluated, 5 expanded
[t=0.158954s, 29900 KB] New best heuristic value for merge_and_shrink(op_mutex = op_mutex(use_previous_ops = nasutpo, reachability_strategy = goal), merge_strategy = merge_precomputed(linear), shrink_strategy = shrink_fh): 40
[t=0.158974s, 29900 KB] g=130, 48 evaluated, 5 expanded
[t=0.159013s, 29900 KB] New best heuristic value for merge_and_shrink(op_mutex = op_mutex(use_previous_ops = nasutpo, reachability_strategy = goal), merge_strategy = merge_precomputed(linear), shrink_strategy = shrink_fh): 30
[t=0.159035s, 29900 KB] g=145, 52 evaluated, 6 expanded
[t=0.159075s, 29900 KB] New best heuristic value for merge_and_shrink(op_mutex = op_mutex(use_previous_ops = nasutpo, reachability_strategy = goal), merge_strategy = merge_precomputed(linear), shrink_strategy = shrink_fh): 25
[t=0.159096s, 29900 KB] g=145, 58 evaluated, 6 expanded
[t=0.159138s, 29900 KB] New best heuristic value for merge_and_shrink(op_mutex = op_mutex(use_previous_ops = nasutpo, reachability_strategy = goal), merge_strategy = merge_precomputed(linear), shrink_strategy = shrink_fh): 15
[t=0.15916s, 29900 KB] g=160, 63 evaluated, 7 expanded
[t=0.159215s, 29900 KB] New best heuristic value for merge_and_shrink(op_mutex = op_mutex(use_previous_ops = nasutpo, reachability_strategy = goal), merge_strategy = merge_precomputed(linear), shrink_strategy = shrink_fh): 10
[t=0.159247s, 29900 KB] g=165, 70 evaluated, 8 expanded
[t=0.159288s, 29900 KB] New best heuristic value for merge_and_shrink(op_mutex = op_mutex(use_previous_ops = nasutpo, reachability_strategy = goal), merge_strategy = merge_precomputed(linear), shrink_strategy = shrink_fh): 5
[t=0.159318s, 29900 KB] g=165, 77 evaluated, 8 expanded
[t=0.15935s, 29900 KB] New best heuristic value for merge_and_shrink(op_mutex = op_mutex(use_previous_ops = nasutpo, reachability_strategy = goal), merge_strategy = merge_precomputed(linear), shrink_strategy = shrink_fh): 0
[t=0.159372s, 29900 KB] g=175, 80 evaluated, 9 expanded
[t=0.15942s, 29900 KB] Solution found!
[t=0.159443s, 29900 KB] Actual search time: 0.00125474s
do-saw-medium b0 p0 saw0 beech rough s3 s2 s1 (30)
do-saw-medium b1 p1 saw0 cherry rough s3 s2 s1 (30)
do-plane p1 planer0 rough natural untreated (20)
do-plane p0 planer0 rough natural untreated (20)
do-grind p0 grinder0 smooth natural untreated untreated (30)
do-glaze p1 glazer0 green (15)
do-plane p2 planer0 verysmooth natural colourfragments (10)
do-immersion-varnish p0 immersion-varnisher0 mauve verysmooth (10)
do-spray-varnish p2 spray-varnisher0 mauve smooth (5)
[t=0.159486s, 29900 KB] Plan length: 9 step(s).
[t=0.159486s, 29900 KB] Plan cost: 170
[t=0.159486s, 29900 KB] Expanded 10 state(s).
[t=0.159486s, 29900 KB] Reopened 0 state(s).
[t=0.159486s, 29900 KB] Evaluated 88 state(s).
[t=0.159486s, 29900 KB] Evaluations: 88
[t=0.159486s, 29900 KB] Generated 103 state(s).
[t=0.159486s, 29900 KB] Dead ends: 3 state(s).
[t=0.159486s, 29900 KB] Expanded until last jump: 0 state(s).
[t=0.159486s, 29900 KB] Reopened until last jump: 0 state(s).
[t=0.159486s, 29900 KB] Evaluated until last jump: 1 state(s).
[t=0.159486s, 29900 KB] Generated until last jump: 0 state(s).
[t=0.159486s, 29900 KB] Number of registered states: 88
[t=0.159486s, 29900 KB] Int hash set load factor: 88/128 = 0.6875
[t=0.159486s, 29900 KB] Int hash set resizes: 7
[t=0.159486s, 29900 KB] Search time: 0.00144954s
[t=0.159486s, 29900 KB] Total time: 0.159486s
Solution found.
Peak memory: 29900 KB
Remove intermediate file output.sas
search exit code: 0

INFO     Running validate.
INFO     validate stdin: None
INFO     validate time limit: None
INFO     validate memory limit: None
INFO     validate command line string: validate domain.pddl problem.pddl sas_plan
Checking plan: sas_plan
Plan executed successfully - checking goal
Plan valid
Final value: 170 

Successful plans:
Value: 170
 sas_plan 170 

validate exit code: 0

