INFO     Running translator.
INFO     translator stdin: None
INFO     translator time limit: 599.96s
INFO     translator memory limit: 7000 MB
INFO     translator command line string: /usr/bin/python3 /user/student.aau.dk/lkar18/downward-projects/downward/experiments/nopo_vs_nasutpo_vs_nelutpo/data/nopo_vs_nasutpo_vs_nelutpo/code-f7902f30c0f47512f07fb7c64cdaf652032f674a_e5e41175/builds/release/bin/translate/translate.py domain.pddl problem.pddl --sas-file output.sas
Parsing...
Parsing: [0.010s CPU, 0.005s wall-clock]
Normalizing task... [0.000s CPU, 0.000s wall-clock]
Instantiating...
Generating Datalog program... [0.000s CPU, 0.001s wall-clock]
Normalizing Datalog program...
Normalizing Datalog program: [0.000s CPU, 0.003s wall-clock]
Preparing model... [0.000s CPU, 0.002s wall-clock]
Generated 116 rules.
Computing model... [0.020s CPU, 0.011s wall-clock]
597 relevant atoms
600 auxiliary atoms
1197 final queue length
1847 total queue pushes
Completing instantiation... [0.010s CPU, 0.012s wall-clock]
Instantiating: [0.030s CPU, 0.031s wall-clock]
Computing fact groups...
Finding invariants...
12 initial candidates
Finding invariants: [0.010s CPU, 0.007s wall-clock]
Checking invariant weight... [0.000s CPU, 0.000s wall-clock]
Instantiating groups... [0.000s CPU, 0.000s wall-clock]
Collecting mutex groups... [0.000s CPU, 0.000s wall-clock]
Choosing groups...
0 uncovered facts
Choosing groups: [0.000s CPU, 0.000s wall-clock]
Building translation key... [0.000s CPU, 0.000s wall-clock]
Computing fact groups: [0.010s CPU, 0.009s wall-clock]
Building STRIPS to SAS dictionary... [0.000s CPU, 0.000s wall-clock]
Building dictionary for full mutex groups... [0.000s CPU, 0.000s wall-clock]
Building mutex information...
Building mutex information: [0.000s CPU, 0.000s wall-clock]
Translating task...
Processing axioms...
Simplifying axioms... [0.000s CPU, 0.000s wall-clock]
Translator axioms removed by simplifying: 0
Computing negative axioms... [0.000s CPU, 0.000s wall-clock]
Processing axioms: [0.000s CPU, 0.001s wall-clock]
Translating task: [0.010s CPU, 0.013s wall-clock]
0 effect conditions simplified
0 implied preconditions added
Detecting unreachable propositions...
0 operators removed
0 axioms removed
27 propositions removed
Detecting unreachable propositions: [0.010s CPU, 0.006s wall-clock]
Reordering and filtering variables...
27 of 27 variables necessary.
0 of 40 mutex groups necessary.
364 of 364 operators necessary.
0 of 0 axiom rules necessary.
Reordering and filtering variables: [0.000s CPU, 0.002s wall-clock]
Translator variables: 27
Translator derived variables: 0
Translator facts: 79
Translator goal facts: 13
Translator mutex groups: 0
Translator total mutex groups size: 0
Translator operators: 364
Translator axioms: 0
Translator task size: 2167
Translator peak memory: 43680 KB
Writing output... [0.010s CPU, 0.004s wall-clock]
Done! [0.080s CPU, 0.073s wall-clock]
translate exit code: 0

INFO     Running search (release).
INFO     search stdin: output.sas
INFO     search time limit: 599.84s
INFO     search memory limit: 7000 MB
INFO     search command line string: /user/student.aau.dk/lkar18/downward-projects/downward/experiments/nopo_vs_nasutpo_vs_nelutpo/data/nopo_vs_nasutpo_vs_nelutpo/code-f7902f30c0f47512f07fb7c64cdaf652032f674a_e5e41175/builds/release/bin/downward --search 'astar(merge_and_shrink(op_mutex=op_mutex(use_previous_ops=NeLUTPO, reachability_strategy=goal)))' --internal-plan-file sas_plan < output.sas
[t=4.8305e-05s, 22344 KB] reading input...
[t=0.00129791s, 22344 KB] done reading input!
[t=0.00273109s, 22732 KB] Initializing merge-and-shrink heuristic...
[t=0.00279978s, 22732 KB] Running merge-and-shrink algorithm...
[t=0.00281937s, 22732 KB] Merge strategy options:
[t=0.00284028s, 22732 KB] Type: stateless
[t=0.00286032s, 22732 KB] Merge selector options:
[t=0.00288014s, 22732 KB] Name: score based filtering
[t=0.00290016s, 22732 KB] Merge scoring function:
[t=0.00291918s, 22732 KB] Name: goal relevance
[t=0.00293812s, 22732 KB] Merge scoring function:
[t=0.00295693s, 22732 KB] Name: dfp
[t=0.00297559s, 22732 KB] Merge scoring function:
[t=0.00299437s, 22732 KB] Name: total order
[t=0.00301355s, 22732 KB] Atomic transition system order: reverse level
[t=0.00303296s, 22732 KB] Product transition system order: new to old
[t=0.00305195s, 22732 KB] Consider atomic before product transition systems
[t=0.0030711s, 22732 KB] Random seed: -1

[t=0.00309248s, 22732 KB] Options related to size limits and shrinking: 
[t=0.0031121s, 22732 KB] Transition system size limit: 50000
[t=0.0031312s, 22732 KB] Transition system size limit right before merge: 50000
[t=0.00315047s, 22732 KB] Threshold to trigger shrinking right before merge: 1

[t=0.00317178s, 22732 KB] Pruning unreachable states: yes
[t=0.00319151s, 22732 KB] Pruning irrelevant states: yes

[t=0.00321336s, 22732 KB] Label reduction disabled

[t=0.00323558s, 22732 KB] Main loop max time in seconds: inf

[t=0.00325927s, 22732 KB] ===============================================================================
[t=0.0032787s, 22732 KB] WARNING! You did not enable label reduction.
This may drastically reduce the performance of merge-and-shrink!
[t=0.00329876s, 22732 KB] ===============================================================================

[t=0.00332174s, 22732 KB] Building atomic transition systems... 
[t=0.00445592s, 24488 KB] M&S algorithm timer: 0.00168782s (after computation of atomic factors)

[t=0.00450271s, 24488 KB] Starting main loop without a time limit.
[t=0.00468429s, 24488 KB] Next pair of indices: (0, 26)
[t=0.00471822s, 24488 KB] M&S algorithm main loop timer: 0.000235055s (after computation of next merge)
[t=0.00479423s, 24488 KB] M&S algorithm main loop timer: 0.000318713s (after merging)
[t=0.00482905s, 24488 KB] M&S algorithm main loop timer: 0.00034682s (after pruning)

[t=0.00485572s, 24488 KB] Operator mutex starting iteration 0
[t=0.00496108s, 24488 KB] In ts_0_1 of size 2 found num new op-mutexes 1
[t=0.00507178s, 24488 KB] In ts_0_2 of size 2 found num new op-mutexes 1
[t=0.00517223s, 24488 KB] In ts_0_3 of size 2 found num new op-mutexes 1
[t=0.00526969s, 24488 KB] In ts_0_4 of size 2 found num new op-mutexes 1
[t=0.00536639s, 24488 KB] In ts_0_5 of size 2 found num new op-mutexes 1
[t=0.0054642s, 24488 KB] In ts_0_6 of size 2 found num new op-mutexes 1
[t=0.00556244s, 24488 KB] In ts_0_7 of size 2 found num new op-mutexes 1
[t=0.00566038s, 24488 KB] In ts_0_8 of size 2 found num new op-mutexes 1
[t=0.00576509s, 24488 KB] In ts_0_9 of size 2 found num new op-mutexes 1
[t=0.00586334s, 24488 KB] In ts_0_10 of size 2 found num new op-mutexes 1
[t=0.00596114s, 24488 KB] In ts_0_11 of size 2 found num new op-mutexes 1
[t=0.00605863s, 24488 KB] In ts_0_12 of size 2 found num new op-mutexes 1
[t=0.0063529s, 24488 KB] In ts_0_13 of size 14 found num new op-mutexes 0
[t=0.0065107s, 24488 KB] In ts_0_14 of size 3 found num new op-mutexes 338
[t=0.00665343s, 24488 KB] In ts_0_15 of size 3 found num new op-mutexes 338
[t=0.00682298s, 24620 KB] In ts_0_16 of size 3 found num new op-mutexes 338
[t=0.00697299s, 24620 KB] In ts_0_17 of size 3 found num new op-mutexes 338
[t=0.00714972s, 24620 KB] In ts_0_18 of size 3 found num new op-mutexes 338
[t=0.00730923s, 24620 KB] In ts_0_19 of size 3 found num new op-mutexes 338
[t=0.00746037s, 24620 KB] In ts_0_20 of size 3 found num new op-mutexes 338
[t=0.00760829s, 24620 KB] In ts_0_21 of size 3 found num new op-mutexes 338
[t=0.00775764s, 24620 KB] In ts_0_22 of size 3 found num new op-mutexes 338
[t=0.0079836s, 24752 KB] In ts_0_23 of size 3 found num new op-mutexes 338
[t=0.00812715s, 24752 KB] In ts_0_24 of size 3 found num new op-mutexes 338
[t=0.00827112s, 24752 KB] In ts_0_25 of size 3 found num new op-mutexes 338
[t=0.00843051s, 24752 KB] In ts_0_27 of size 4 found num new op-mutexes 339
[t=0.00846559s, 24752 KB] Operator mutex finished iteration 0. Found an additional 4407 operator mutexes

[t=0.00864333s, 24752 KB] Next pair of indices: (1, 27)
[t=0.00866759s, 24752 KB] M&S algorithm main loop timer: 0.00418365s (after computation of next merge)
[t=0.00875523s, 24752 KB] M&S algorithm main loop timer: 0.00428536s (after merging)
[t=0.00879764s, 24752 KB] M&S algorithm main loop timer: 0.00431865s (after pruning)

[t=0.00882818s, 24752 KB] Operator mutex starting iteration 1
[t=0.00893105s, 24752 KB] In ts_1_2 of size 2 found num new op-mutexes 0
[t=0.00903613s, 24752 KB] In ts_1_3 of size 2 found num new op-mutexes 0
[t=0.00913812s, 24752 KB] In ts_1_4 of size 2 found num new op-mutexes 0
[t=0.00923827s, 24752 KB] In ts_1_5 of size 2 found num new op-mutexes 0
[t=0.00934414s, 24752 KB] In ts_1_6 of size 2 found num new op-mutexes 0
[t=0.00944288s, 24752 KB] In ts_1_7 of size 2 found num new op-mutexes 0
[t=0.00954124s, 24752 KB] In ts_1_8 of size 2 found num new op-mutexes 0
[t=0.00963977s, 24752 KB] In ts_1_9 of size 2 found num new op-mutexes 0
[t=0.00973867s, 24752 KB] In ts_1_10 of size 2 found num new op-mutexes 0
[t=0.00983727s, 24752 KB] In ts_1_11 of size 2 found num new op-mutexes 0
[t=0.00993556s, 24752 KB] In ts_1_12 of size 2 found num new op-mutexes 0
[t=0.0102326s, 24752 KB] In ts_1_13 of size 14 found num new op-mutexes 0
[t=0.0103706s, 24752 KB] In ts_1_14 of size 3 found num new op-mutexes 0
[t=0.0105125s, 24752 KB] In ts_1_15 of size 3 found num new op-mutexes 0
[t=0.0106447s, 24752 KB] In ts_1_16 of size 3 found num new op-mutexes 0
[t=0.0107751s, 24752 KB] In ts_1_17 of size 3 found num new op-mutexes 0
[t=0.010929s, 24752 KB] In ts_1_18 of size 3 found num new op-mutexes 0
[t=0.0110646s, 24752 KB] In ts_1_19 of size 3 found num new op-mutexes 0
[t=0.0111978s, 24752 KB] In ts_1_20 of size 3 found num new op-mutexes 0
[t=0.0113303s, 24752 KB] In ts_1_21 of size 3 found num new op-mutexes 0
[t=0.0114701s, 24752 KB] In ts_1_22 of size 3 found num new op-mutexes 0
[t=0.0116045s, 24752 KB] In ts_1_23 of size 3 found num new op-mutexes 0
[t=0.0117347s, 24752 KB] In ts_1_24 of size 3 found num new op-mutexes 0
[t=0.011865s, 24752 KB] In ts_1_25 of size 3 found num new op-mutexes 0
[t=0.0120296s, 24752 KB] In ts_1_28 of size 6 found num new op-mutexes 0
[t=0.0120648s, 24752 KB] Operator mutex finished iteration 1. Found an additional 0 operator mutexes

[t=0.0122383s, 24752 KB] Next pair of indices: (2, 23)
[t=0.0122628s, 24752 KB] M&S algorithm main loop timer: 0.00777907s (after computation of next merge)
[t=0.0123267s, 24752 KB] M&S algorithm main loop timer: 0.007851s (after merging)
[t=0.01236s, 24752 KB] M&S algorithm main loop timer: 0.00787706s (after pruning)

[t=0.0123858s, 24752 KB] Operator mutex starting iteration 2
[t=0.0124895s, 24752 KB] In ts_2_3 of size 2 found num new op-mutexes 0
[t=0.0125912s, 24752 KB] In ts_2_4 of size 2 found num new op-mutexes 0
[t=0.0126907s, 24752 KB] In ts_2_5 of size 2 found num new op-mutexes 0
[t=0.012789s, 24752 KB] In ts_2_6 of size 2 found num new op-mutexes 0
[t=0.0128863s, 24752 KB] In ts_2_7 of size 2 found num new op-mutexes 0
[t=0.0129828s, 24752 KB] In ts_2_8 of size 2 found num new op-mutexes 0
[t=0.0130902s, 24752 KB] In ts_2_9 of size 2 found num new op-mutexes 0
[t=0.013187s, 24752 KB] In ts_2_10 of size 2 found num new op-mutexes 0
[t=0.0132838s, 24752 KB] In ts_2_11 of size 2 found num new op-mutexes 0
[t=0.0133799s, 24752 KB] In ts_2_12 of size 2 found num new op-mutexes 0
[t=0.0136747s, 24752 KB] In ts_2_13 of size 14 found num new op-mutexes 0
[t=0.0138101s, 24752 KB] In ts_2_14 of size 3 found num new op-mutexes 0
[t=0.0139414s, 24752 KB] In ts_2_15 of size 3 found num new op-mutexes 0
[t=0.0140816s, 24752 KB] In ts_2_16 of size 3 found num new op-mutexes 0
[t=0.0142192s, 24752 KB] In ts_2_17 of size 3 found num new op-mutexes 0
[t=0.0143496s, 24752 KB] In ts_2_18 of size 3 found num new op-mutexes 0
[t=0.0144813s, 24752 KB] In ts_2_19 of size 3 found num new op-mutexes 0
[t=0.0146275s, 24752 KB] In ts_2_20 of size 3 found num new op-mutexes 0
[t=0.0147586s, 24752 KB] In ts_2_21 of size 3 found num new op-mutexes 0
[t=0.0148885s, 24752 KB] In ts_2_22 of size 3 found num new op-mutexes 0
[t=0.0150163s, 24752 KB] In ts_2_24 of size 3 found num new op-mutexes 0
[t=0.0151544s, 24752 KB] In ts_2_25 of size 3 found num new op-mutexes 0
[t=0.0153104s, 24752 KB] In ts_2_28 of size 6 found num new op-mutexes 0
[t=0.0154594s, 24752 KB] In ts_2_29 of size 4 found num new op-mutexes 0
[t=0.0154936s, 24752 KB] Operator mutex finished iteration 2. Found an additional 0 operator mutexes

[t=0.0156702s, 24752 KB] Next pair of indices: (3, 16)
[t=0.0156944s, 24752 KB] M&S algorithm main loop timer: 0.0112104s (after computation of next merge)
[t=0.0157605s, 24752 KB] M&S algorithm main loop timer: 0.011282s (after merging)
[t=0.0157909s, 24752 KB] M&S algorithm main loop timer: 0.0113081s (after pruning)

[t=0.0158167s, 24752 KB] Operator mutex starting iteration 3
[t=0.0159132s, 24752 KB] In ts_3_4 of size 2 found num new op-mutexes 0
[t=0.0160136s, 24752 KB] In ts_3_5 of size 2 found num new op-mutexes 0
[t=0.0161128s, 24752 KB] In ts_3_6 of size 2 found num new op-mutexes 0
[t=0.0162111s, 24752 KB] In ts_3_7 of size 2 found num new op-mutexes 0
[t=0.0163088s, 24752 KB] In ts_3_8 of size 2 found num new op-mutexes 0
[t=0.0164062s, 24752 KB] In ts_3_9 of size 2 found num new op-mutexes 0
[t=0.0165037s, 24752 KB] In ts_3_10 of size 2 found num new op-mutexes 0
[t=0.0166111s, 24752 KB] In ts_3_11 of size 2 found num new op-mutexes 0
[t=0.0167077s, 24752 KB] In ts_3_12 of size 2 found num new op-mutexes 0
[t=0.0170148s, 24752 KB] In ts_3_13 of size 14 found num new op-mutexes 0
[t=0.0171529s, 24752 KB] In ts_3_14 of size 3 found num new op-mutexes 0
[t=0.0172854s, 24752 KB] In ts_3_15 of size 3 found num new op-mutexes 0
[t=0.0174162s, 24752 KB] In ts_3_17 of size 3 found num new op-mutexes 0
[t=0.0175447s, 24752 KB] In ts_3_18 of size 3 found num new op-mutexes 0
[t=0.0176874s, 24752 KB] In ts_3_19 of size 3 found num new op-mutexes 0
[t=0.017836s, 24752 KB] In ts_3_20 of size 3 found num new op-mutexes 0
[t=0.017977s, 24752 KB] In ts_3_21 of size 3 found num new op-mutexes 0
[t=0.0181094s, 24752 KB] In ts_3_22 of size 3 found num new op-mutexes 0
[t=0.0182879s, 24752 KB] In ts_3_24 of size 3 found num new op-mutexes 0
[t=0.0184187s, 24752 KB] In ts_3_25 of size 3 found num new op-mutexes 0
[t=0.0185756s, 24752 KB] In ts_3_28 of size 6 found num new op-mutexes 0
[t=0.0187328s, 24752 KB] In ts_3_29 of size 4 found num new op-mutexes 0
[t=0.0188685s, 24752 KB] In ts_3_30 of size 4 found num new op-mutexes 0
[t=0.0189022s, 24752 KB] Operator mutex finished iteration 3. Found an additional 0 operator mutexes

[t=0.0190625s, 24752 KB] Next pair of indices: (4, 24)
[t=0.0190872s, 24752 KB] M&S algorithm main loop timer: 0.0146035s (after computation of next merge)
[t=0.0191651s, 24752 KB] M&S algorithm main loop timer: 0.0146871s (after merging)
[t=0.0191962s, 24752 KB] M&S algorithm main loop timer: 0.014713s (after pruning)

[t=0.0192218s, 24752 KB] Operator mutex starting iteration 4
[t=0.0193259s, 24752 KB] In ts_4_5 of size 2 found num new op-mutexes 0
[t=0.0194262s, 24752 KB] In ts_4_6 of size 2 found num new op-mutexes 0
[t=0.0195277s, 24752 KB] In ts_4_7 of size 2 found num new op-mutexes 0
[t=0.0196257s, 24752 KB] In ts_4_8 of size 2 found num new op-mutexes 0
[t=0.0197222s, 24752 KB] In ts_4_9 of size 2 found num new op-mutexes 0
[t=0.0198197s, 24752 KB] In ts_4_10 of size 2 found num new op-mutexes 0
[t=0.0199176s, 24752 KB] In ts_4_11 of size 2 found num new op-mutexes 0
[t=0.0200142s, 24752 KB] In ts_4_12 of size 2 found num new op-mutexes 0
[t=0.0203095s, 24752 KB] In ts_4_13 of size 14 found num new op-mutexes 0
[t=0.0204519s, 24752 KB] In ts_4_14 of size 3 found num new op-mutexes 0
[t=0.020591s, 24752 KB] In ts_4_15 of size 3 found num new op-mutexes 0
[t=0.0207231s, 24752 KB] In ts_4_17 of size 3 found num new op-mutexes 0
[t=0.0208524s, 24752 KB] In ts_4_18 of size 3 found num new op-mutexes 0
[t=0.0209825s, 24752 KB] In ts_4_19 of size 3 found num new op-mutexes 0
[t=0.021113s, 24752 KB] In ts_4_20 of size 3 found num new op-mutexes 0
[t=0.0212434s, 24752 KB] In ts_4_21 of size 3 found num new op-mutexes 0
[t=0.0213824s, 24752 KB] In ts_4_22 of size 3 found num new op-mutexes 0
[t=0.021512s, 24752 KB] In ts_4_25 of size 3 found num new op-mutexes 0
[t=0.0216673s, 24752 KB] In ts_4_28 of size 6 found num new op-mutexes 0
[t=0.0218302s, 24752 KB] In ts_4_29 of size 4 found num new op-mutexes 0
[t=0.0219695s, 24752 KB] In ts_4_30 of size 4 found num new op-mutexes 0
[t=0.0221181s, 24752 KB] In ts_4_31 of size 4 found num new op-mutexes 0
[t=0.0221517s, 24752 KB] Operator mutex finished iteration 4. Found an additional 0 operator mutexes

[t=0.0223166s, 24752 KB] Next pair of indices: (5, 25)
[t=0.0223407s, 24752 KB] M&S algorithm main loop timer: 0.0178569s (after computation of next merge)
[t=0.022407s, 24752 KB] M&S algorithm main loop timer: 0.0179286s (after merging)
[t=0.0224379s, 24752 KB] M&S algorithm main loop timer: 0.0179548s (after pruning)

[t=0.0224635s, 24752 KB] Operator mutex starting iteration 5
[t=0.0225601s, 24752 KB] In ts_5_6 of size 2 found num new op-mutexes 0
[t=0.0226604s, 24752 KB] In ts_5_7 of size 2 found num new op-mutexes 0
[t=0.0227582s, 24752 KB] In ts_5_8 of size 2 found num new op-mutexes 0
[t=0.0228665s, 24752 KB] In ts_5_9 of size 2 found num new op-mutexes 0
[t=0.0229637s, 24752 KB] In ts_5_10 of size 2 found num new op-mutexes 0
[t=0.02306s, 24752 KB] In ts_5_11 of size 2 found num new op-mutexes 0
[t=0.0231568s, 24752 KB] In ts_5_12 of size 2 found num new op-mutexes 0
[t=0.0234587s, 24752 KB] In ts_5_13 of size 14 found num new op-mutexes 0
[t=0.0235947s, 24752 KB] In ts_5_14 of size 3 found num new op-mutexes 0
[t=0.0237257s, 24752 KB] In ts_5_15 of size 3 found num new op-mutexes 0
[t=0.0238616s, 24752 KB] In ts_5_17 of size 3 found num new op-mutexes 0
[t=0.0239903s, 24752 KB] In ts_5_18 of size 3 found num new op-mutexes 0
[t=0.0241209s, 24752 KB] In ts_5_19 of size 3 found num new op-mutexes 0
[t=0.0242514s, 24752 KB] In ts_5_20 of size 3 found num new op-mutexes 0
[t=0.0243816s, 24752 KB] In ts_5_21 of size 3 found num new op-mutexes 0
[t=0.0245108s, 24752 KB] In ts_5_22 of size 3 found num new op-mutexes 0
[t=0.0246662s, 24752 KB] In ts_5_28 of size 6 found num new op-mutexes 0
[t=0.0248133s, 24752 KB] In ts_5_29 of size 4 found num new op-mutexes 0
[t=0.0249479s, 24752 KB] In ts_5_30 of size 4 found num new op-mutexes 0
[t=0.0250888s, 24752 KB] In ts_5_31 of size 4 found num new op-mutexes 0
[t=0.0252292s, 24752 KB] In ts_5_32 of size 4 found num new op-mutexes 0
[t=0.0252621s, 24752 KB] Operator mutex finished iteration 5. Found an additional 0 operator mutexes

[t=0.0254124s, 24752 KB] Next pair of indices: (6, 20)
[t=0.0254358s, 24752 KB] M&S algorithm main loop timer: 0.0209751s (after computation of next merge)
[t=0.025523s, 24752 KB] M&S algorithm main loop timer: 0.0210445s (after merging)
[t=0.0255533s, 24752 KB] M&S algorithm main loop timer: 0.0210701s (after pruning)

[t=0.0255787s, 24752 KB] Operator mutex starting iteration 6
[t=0.0256845s, 24752 KB] In ts_6_7 of size 2 found num new op-mutexes 0
[t=0.0257854s, 24752 KB] In ts_6_8 of size 2 found num new op-mutexes 0
[t=0.0258946s, 24752 KB] In ts_6_9 of size 2 found num new op-mutexes 0
[t=0.026s, 24752 KB] In ts_6_10 of size 2 found num new op-mutexes 0
[t=0.0260995s, 24752 KB] In ts_6_11 of size 2 found num new op-mutexes 0
[t=0.026197s, 24752 KB] In ts_6_12 of size 2 found num new op-mutexes 0
[t=0.0264925s, 24752 KB] In ts_6_13 of size 14 found num new op-mutexes 0
[t=0.0266279s, 24752 KB] In ts_6_14 of size 3 found num new op-mutexes 0
[t=0.0267589s, 24752 KB] In ts_6_15 of size 3 found num new op-mutexes 0
[t=0.0268988s, 24752 KB] In ts_6_17 of size 3 found num new op-mutexes 0
[t=0.0270529s, 24752 KB] In ts_6_18 of size 3 found num new op-mutexes 0
[t=0.0271871s, 24752 KB] In ts_6_19 of size 3 found num new op-mutexes 0
[t=0.0273178s, 24752 KB] In ts_6_21 of size 3 found num new op-mutexes 0
[t=0.0274467s, 24752 KB] In ts_6_22 of size 3 found num new op-mutexes 0
[t=0.0276021s, 24752 KB] In ts_6_28 of size 6 found num new op-mutexes 0
[t=0.0277498s, 24752 KB] In ts_6_29 of size 4 found num new op-mutexes 0
[t=0.0278918s, 24752 KB] In ts_6_30 of size 4 found num new op-mutexes 0
[t=0.028032s, 24752 KB] In ts_6_31 of size 4 found num new op-mutexes 0
[t=0.0281709s, 24752 KB] In ts_6_32 of size 4 found num new op-mutexes 0
[t=0.0283047s, 24752 KB] In ts_6_33 of size 4 found num new op-mutexes 0
[t=0.0283371s, 24752 KB] Operator mutex finished iteration 6. Found an additional 0 operator mutexes

[t=0.0284983s, 24752 KB] Next pair of indices: (7, 28)
[t=0.0285253s, 24752 KB] M&S algorithm main loop timer: 0.0240438s (after computation of next merge)
[t=0.0285956s, 24752 KB] M&S algorithm main loop timer: 0.0241229s (after merging)
[t=0.0286333s, 24752 KB] M&S algorithm main loop timer: 0.0241527s (after pruning)

[t=0.0286615s, 24752 KB] Operator mutex starting iteration 7
[t=0.0287711s, 24752 KB] In ts_7_8 of size 2 found num new op-mutexes 0
[t=0.0288883s, 24752 KB] In ts_7_9 of size 2 found num new op-mutexes 0
[t=0.028991s, 24752 KB] In ts_7_10 of size 2 found num new op-mutexes 0
[t=0.0291026s, 24752 KB] In ts_7_11 of size 2 found num new op-mutexes 0
[t=0.029205s, 24752 KB] In ts_7_12 of size 2 found num new op-mutexes 0
[t=0.0295165s, 24752 KB] In ts_7_13 of size 14 found num new op-mutexes 0
[t=0.0296543s, 24752 KB] In ts_7_14 of size 3 found num new op-mutexes 0
[t=0.0297961s, 24752 KB] In ts_7_15 of size 3 found num new op-mutexes 0
[t=0.0299292s, 24752 KB] In ts_7_17 of size 3 found num new op-mutexes 0
[t=0.0300612s, 24752 KB] In ts_7_18 of size 3 found num new op-mutexes 0
[t=0.0301949s, 24752 KB] In ts_7_19 of size 3 found num new op-mutexes 0
[t=0.0303387s, 24752 KB] In ts_7_21 of size 3 found num new op-mutexes 0
[t=0.0304714s, 24752 KB] In ts_7_22 of size 3 found num new op-mutexes 0
[t=0.0306201s, 24752 KB] In ts_7_29 of size 4 found num new op-mutexes 0
[t=0.0307566s, 24752 KB] In ts_7_30 of size 4 found num new op-mutexes 0
[t=0.0309005s, 24752 KB] In ts_7_31 of size 4 found num new op-mutexes 0
[t=0.0310431s, 24752 KB] In ts_7_32 of size 4 found num new op-mutexes 0
[t=0.0311797s, 24752 KB] In ts_7_33 of size 4 found num new op-mutexes 0
[t=0.0313694s, 24752 KB] In ts_7_34 of size 10 found num new op-mutexes 0
[t=0.0314059s, 24752 KB] Operator mutex finished iteration 7. Found an additional 0 operator mutexes

[t=0.0315449s, 24752 KB] Next pair of indices: (8, 34)
[t=0.031569s, 24752 KB] M&S algorithm main loop timer: 0.027085s (after computation of next merge)
[t=0.0316421s, 24752 KB] M&S algorithm main loop timer: 0.0271677s (after merging)
[t=0.0316794s, 24752 KB] M&S algorithm main loop timer: 0.0271973s (after pruning)

[t=0.031706s, 24752 KB] Operator mutex starting iteration 8
[t=0.0318062s, 24752 KB] In ts_8_9 of size 2 found num new op-mutexes 0
[t=0.0319093s, 24752 KB] In ts_8_10 of size 2 found num new op-mutexes 0
[t=0.0320151s, 24752 KB] In ts_8_11 of size 2 found num new op-mutexes 0
[t=0.0321147s, 24752 KB] In ts_8_12 of size 2 found num new op-mutexes 0
[t=0.0324208s, 24752 KB] In ts_8_13 of size 14 found num new op-mutexes 0
[t=0.0325671s, 24752 KB] In ts_8_14 of size 3 found num new op-mutexes 0
[t=0.0327014s, 24752 KB] In ts_8_15 of size 3 found num new op-mutexes 0
[t=0.0328448s, 24752 KB] In ts_8_17 of size 3 found num new op-mutexes 0
[t=0.032988s, 24752 KB] In ts_8_18 of size 3 found num new op-mutexes 0
[t=0.033121s, 24752 KB] In ts_8_19 of size 3 found num new op-mutexes 0
[t=0.033253s, 24752 KB] In ts_8_21 of size 3 found num new op-mutexes 0
[t=0.0333849s, 24752 KB] In ts_8_22 of size 3 found num new op-mutexes 0
[t=0.0335321s, 24752 KB] In ts_8_29 of size 4 found num new op-mutexes 0
[t=0.0336676s, 24752 KB] In ts_8_30 of size 4 found num new op-mutexes 0
[t=0.0338102s, 24752 KB] In ts_8_31 of size 4 found num new op-mutexes 0
[t=0.0339581s, 24752 KB] In ts_8_32 of size 4 found num new op-mutexes 0
[t=0.0340937s, 24752 KB] In ts_8_33 of size 4 found num new op-mutexes 0
[t=0.034321s, 24752 KB] In ts_8_35 of size 18 found num new op-mutexes 0
[t=0.0343582s, 24752 KB] Operator mutex finished iteration 8. Found an additional 0 operator mutexes

[t=0.0344932s, 24752 KB] Next pair of indices: (9, 32)
[t=0.0345179s, 24752 KB] M&S algorithm main loop timer: 0.0300343s (after computation of next merge)
[t=0.0345847s, 24752 KB] M&S algorithm main loop timer: 0.0301104s (after merging)
[t=0.0346201s, 24752 KB] M&S algorithm main loop timer: 0.0301377s (after pruning)

[t=0.0346476s, 24752 KB] Operator mutex starting iteration 9
[t=0.0347443s, 24752 KB] In ts_9_10 of size 2 found num new op-mutexes 0
[t=0.0348474s, 24752 KB] In ts_9_11 of size 2 found num new op-mutexes 0
[t=0.0349483s, 24752 KB] In ts_9_12 of size 2 found num new op-mutexes 0
[t=0.0352576s, 24752 KB] In ts_9_13 of size 14 found num new op-mutexes 0
[t=0.035397s, 24752 KB] In ts_9_14 of size 3 found num new op-mutexes 0
[t=0.0355316s, 24752 KB] In ts_9_15 of size 3 found num new op-mutexes 0
[t=0.0356663s, 24752 KB] In ts_9_17 of size 3 found num new op-mutexes 0
[t=0.0357979s, 24752 KB] In ts_9_18 of size 3 found num new op-mutexes 0
[t=0.0359422s, 24752 KB] In ts_9_19 of size 3 found num new op-mutexes 0
[t=0.036094s, 24752 KB] In ts_9_21 of size 3 found num new op-mutexes 0
[t=0.0362383s, 24752 KB] In ts_9_22 of size 3 found num new op-mutexes 0
[t=0.0363881s, 24752 KB] In ts_9_29 of size 4 found num new op-mutexes 0
[t=0.0365315s, 24752 KB] In ts_9_30 of size 4 found num new op-mutexes 0
[t=0.0366791s, 24752 KB] In ts_9_31 of size 4 found num new op-mutexes 0
[t=0.0368167s, 24752 KB] In ts_9_33 of size 4 found num new op-mutexes 0
[t=0.0370434s, 24752 KB] In ts_9_35 of size 18 found num new op-mutexes 0
[t=0.0372083s, 24752 KB] In ts_9_36 of size 6 found num new op-mutexes 0
[t=0.0372445s, 24752 KB] Operator mutex finished iteration 9. Found an additional 0 operator mutexes

[t=0.0373753s, 24752 KB] Next pair of indices: (10, 14)
[t=0.0373999s, 24752 KB] M&S algorithm main loop timer: 0.0329162s (after computation of next merge)
[t=0.0374683s, 24752 KB] M&S algorithm main loop timer: 0.0329923s (after merging)
[t=0.0375013s, 24752 KB] M&S algorithm main loop timer: 0.0330187s (after pruning)

[t=0.0375272s, 24752 KB] Operator mutex starting iteration 10
[t=0.0376292s, 24752 KB] In ts_10_11 of size 2 found num new op-mutexes 0
[t=0.0377314s, 24752 KB] In ts_10_12 of size 2 found num new op-mutexes 0
[t=0.0380296s, 24752 KB] In ts_10_13 of size 14 found num new op-mutexes 0
[t=0.0381661s, 24752 KB] In ts_10_15 of size 3 found num new op-mutexes 0
[t=0.0382984s, 24752 KB] In ts_10_17 of size 3 found num new op-mutexes 0
[t=0.0384288s, 24752 KB] In ts_10_18 of size 3 found num new op-mutexes 0
[t=0.0385692s, 24752 KB] In ts_10_19 of size 3 found num new op-mutexes 0
[t=0.0387017s, 24752 KB] In ts_10_21 of size 3 found num new op-mutexes 0
[t=0.0388404s, 24752 KB] In ts_10_22 of size 3 found num new op-mutexes 0
[t=0.0389904s, 24752 KB] In ts_10_29 of size 4 found num new op-mutexes 0
[t=0.0391262s, 24752 KB] In ts_10_30 of size 4 found num new op-mutexes 0
[t=0.0392695s, 24752 KB] In ts_10_31 of size 4 found num new op-mutexes 0
[t=0.0394057s, 24752 KB] In ts_10_33 of size 4 found num new op-mutexes 0
[t=0.0396237s, 24752 KB] In ts_10_35 of size 18 found num new op-mutexes 0
[t=0.0397981s, 24752 KB] In ts_10_36 of size 6 found num new op-mutexes 0
[t=0.0399477s, 24752 KB] In ts_10_37 of size 4 found num new op-mutexes 0
[t=0.039983s, 24752 KB] Operator mutex finished iteration 10. Found an additional 0 operator mutexes

[t=0.0401288s, 24752 KB] Next pair of indices: (11, 21)
[t=0.0401548s, 24752 KB] M&S algorithm main loop timer: 0.0356721s (after computation of next merge)
[t=0.0402182s, 24752 KB] M&S algorithm main loop timer: 0.0357417s (after merging)
[t=0.0402508s, 24752 KB] M&S algorithm main loop timer: 0.0357675s (after pruning)

[t=0.0402759s, 24752 KB] Operator mutex starting iteration 11
[t=0.040377s, 24752 KB] In ts_11_12 of size 2 found num new op-mutexes 0
[t=0.0406929s, 24752 KB] In ts_11_13 of size 14 found num new op-mutexes 0
[t=0.0408286s, 24752 KB] In ts_11_15 of size 3 found num new op-mutexes 0
[t=0.0409606s, 24752 KB] In ts_11_17 of size 3 found num new op-mutexes 0
[t=0.0410905s, 24752 KB] In ts_11_18 of size 3 found num new op-mutexes 0
[t=0.0412236s, 24752 KB] In ts_11_19 of size 3 found num new op-mutexes 0
[t=0.041355s, 24752 KB] In ts_11_22 of size 3 found num new op-mutexes 0
[t=0.0415017s, 24752 KB] In ts_11_29 of size 4 found num new op-mutexes 0
[t=0.0416447s, 24752 KB] In ts_11_30 of size 4 found num new op-mutexes 0
[t=0.0417889s, 24752 KB] In ts_11_31 of size 4 found num new op-mutexes 0
[t=0.0419248s, 24752 KB] In ts_11_33 of size 4 found num new op-mutexes 0
[t=0.0421518s, 24752 KB] In ts_11_35 of size 18 found num new op-mutexes 0
[t=0.0423151s, 24752 KB] In ts_11_36 of size 6 found num new op-mutexes 0
[t=0.0424641s, 24752 KB] In ts_11_37 of size 4 found num new op-mutexes 0
[t=0.0426123s, 24752 KB] In ts_11_38 of size 4 found num new op-mutexes 0
[t=0.0426463s, 24752 KB] Operator mutex finished iteration 11. Found an additional 0 operator mutexes

[t=0.0427624s, 24752 KB] Next pair of indices: (12, 17)
[t=0.0427856s, 24752 KB] M&S algorithm main loop timer: 0.0383013s (after computation of next merge)
[t=0.0428496s, 24752 KB] M&S algorithm main loop timer: 0.0383732s (after merging)
[t=0.0428822s, 24752 KB] M&S algorithm main loop timer: 0.0383989s (after pruning)

[t=0.0429075s, 24752 KB] Operator mutex starting iteration 12
[t=0.043203s, 24752 KB] In ts_12_13 of size 14 found num new op-mutexes 0
[t=0.0433521s, 24752 KB] In ts_12_15 of size 3 found num new op-mutexes 0
[t=0.0434842s, 24752 KB] In ts_12_18 of size 3 found num new op-mutexes 0
[t=0.0436169s, 24752 KB] In ts_12_19 of size 3 found num new op-mutexes 0
[t=0.0437481s, 24752 KB] In ts_12_22 of size 3 found num new op-mutexes 0
[t=0.0439064s, 24752 KB] In ts_12_29 of size 4 found num new op-mutexes 0
[t=0.0440433s, 24752 KB] In ts_12_30 of size 4 found num new op-mutexes 0
[t=0.0441844s, 24752 KB] In ts_12_31 of size 4 found num new op-mutexes 0
[t=0.0443288s, 24752 KB] In ts_12_33 of size 4 found num new op-mutexes 0
[t=0.0445552s, 24752 KB] In ts_12_35 of size 18 found num new op-mutexes 0
[t=0.0447192s, 24752 KB] In ts_12_36 of size 6 found num new op-mutexes 0
[t=0.0448677s, 24752 KB] In ts_12_37 of size 4 found num new op-mutexes 0
[t=0.0450154s, 24752 KB] In ts_12_38 of size 4 found num new op-mutexes 0
[t=0.0451588s, 24752 KB] In ts_12_39 of size 4 found num new op-mutexes 0
[t=0.0451924s, 24752 KB] Operator mutex finished iteration 12. Found an additional 0 operator mutexes

[t=0.0453305s, 24752 KB] Next pair of indices: (13, 15)
[t=0.0453604s, 24752 KB] M&S algorithm main loop timer: 0.0408776s (after computation of next merge)
[t=0.0454673s, 24752 KB] M&S algorithm main loop timer: 0.0409877s (after merging)

[t=0.0455005s, 24752 KB] Operator mutex starting iteration 13
[t=0.0456373s, 24752 KB] In ts_13_18 of size 3 found num new op-mutexes 0
[t=0.045781s, 24752 KB] In ts_13_19 of size 3 found num new op-mutexes 0
[t=0.0459151s, 24752 KB] In ts_13_22 of size 3 found num new op-mutexes 0
[t=0.0460636s, 24752 KB] In ts_13_29 of size 4 found num new op-mutexes 0
[t=0.046199s, 24752 KB] In ts_13_30 of size 4 found num new op-mutexes 0
[t=0.0463414s, 24752 KB] In ts_13_31 of size 4 found num new op-mutexes 0
[t=0.0464777s, 24752 KB] In ts_13_33 of size 4 found num new op-mutexes 0
[t=0.0466971s, 24752 KB] In ts_13_35 of size 18 found num new op-mutexes 0
[t=0.0468678s, 24752 KB] In ts_13_36 of size 6 found num new op-mutexes 0
[t=0.0470173s, 24752 KB] In ts_13_37 of size 4 found num new op-mutexes 0
[t=0.0471657s, 24752 KB] In ts_13_38 of size 4 found num new op-mutexes 0
[t=0.0473101s, 24752 KB] In ts_13_39 of size 4 found num new op-mutexes 0
[t=0.048021s, 24752 KB] In ts_13_40 of size 42 found num new op-mutexes 0
[t=0.0480639s, 24752 KB] Operator mutex finished iteration 13. Found an additional 0 operator mutexes

[t=0.0481841s, 24752 KB] Next pair of indices: (18, 19)
[t=0.0482089s, 24752 KB] M&S algorithm main loop timer: 0.0437248s (after computation of next merge)
[t=0.0482733s, 24752 KB] M&S algorithm main loop timer: 0.0437969s (after merging)

[t=0.0483074s, 24752 KB] Operator mutex starting iteration 14
[t=0.0484492s, 24752 KB] In ts_14_22 of size 3 found num new op-mutexes 0
[t=0.0485994s, 24752 KB] In ts_14_29 of size 4 found num new op-mutexes 0
[t=0.0487358s, 24752 KB] In ts_14_30 of size 4 found num new op-mutexes 0
[t=0.0488783s, 24752 KB] In ts_14_31 of size 4 found num new op-mutexes 0
[t=0.0490203s, 24752 KB] In ts_14_33 of size 4 found num new op-mutexes 0
[t=0.0492408s, 24752 KB] In ts_14_35 of size 18 found num new op-mutexes 0
[t=0.0494068s, 24752 KB] In ts_14_36 of size 6 found num new op-mutexes 0
[t=0.0495557s, 24752 KB] In ts_14_37 of size 4 found num new op-mutexes 0
[t=0.0497034s, 24752 KB] In ts_14_38 of size 4 found num new op-mutexes 0
[t=0.0498469s, 24752 KB] In ts_14_39 of size 4 found num new op-mutexes 0
[t=0.0505323s, 24752 KB] In ts_14_40 of size 42 found num new op-mutexes 0
[t=0.0507193s, 24752 KB] In ts_14_41 of size 9 found num new op-mutexes 0
[t=0.0507559s, 24752 KB] Operator mutex finished iteration 14. Found an additional 0 operator mutexes

[t=0.050866s, 24752 KB] Next pair of indices: (22, 40)
[t=0.0508911s, 24752 KB] M&S algorithm main loop timer: 0.046408s (after computation of next merge)
[t=0.0510589s, 24752 KB] M&S algorithm main loop timer: 0.0465822s (after merging)

[t=0.0511004s, 24752 KB] Operator mutex starting iteration 15
[t=0.0512547s, 24752 KB] In ts_15_29 of size 4 found num new op-mutexes 0
[t=0.0513964s, 24752 KB] In ts_15_30 of size 4 found num new op-mutexes 0
[t=0.0515508s, 24752 KB] In ts_15_31 of size 4 found num new op-mutexes 0
[t=0.0516885s, 24752 KB] In ts_15_33 of size 4 found num new op-mutexes 0
[t=0.0519085s, 24752 KB] In ts_15_35 of size 18 found num new op-mutexes 0
[t=0.052074s, 24752 KB] In ts_15_36 of size 6 found num new op-mutexes 0
[t=0.0522248s, 24752 KB] In ts_15_37 of size 4 found num new op-mutexes 0
[t=0.0523752s, 24752 KB] In ts_15_38 of size 4 found num new op-mutexes 0
[t=0.0525287s, 24752 KB] In ts_15_39 of size 4 found num new op-mutexes 0
[t=0.0527075s, 24752 KB] In ts_15_41 of size 9 found num new op-mutexes 0
[t=0.0539788s, 24752 KB] In ts_15_42 of size 126 found num new op-mutexes 0
[t=0.0540253s, 24752 KB] Operator mutex finished iteration 15. Found an additional 0 operator mutexes

[t=0.0541284s, 24752 KB] Next pair of indices: (41, 42)
[t=0.0541631s, 24752 KB] M&S algorithm main loop timer: 0.0496795s (after computation of next merge)
[t=0.0549344s, 24752 KB] M&S algorithm main loop timer: 0.0504977s (after merging)

[t=0.055074s, 24752 KB] Operator mutex starting iteration 16
[t=0.0552384s, 24752 KB] In ts_16_29 of size 4 found num new op-mutexes 0
[t=0.0553838s, 24752 KB] In ts_16_30 of size 4 found num new op-mutexes 0
[t=0.055532s, 24752 KB] In ts_16_31 of size 4 found num new op-mutexes 0
[t=0.0556736s, 24752 KB] In ts_16_33 of size 4 found num new op-mutexes 0
[t=0.0558974s, 24752 KB] In ts_16_35 of size 18 found num new op-mutexes 0
[t=0.0560655s, 24752 KB] In ts_16_36 of size 6 found num new op-mutexes 0
[t=0.0562181s, 24752 KB] In ts_16_37 of size 4 found num new op-mutexes 0
[t=0.0563741s, 24752 KB] In ts_16_38 of size 4 found num new op-mutexes 0
[t=0.0565211s, 24752 KB] In ts_16_39 of size 4 found num new op-mutexes 0
[t=0.0698171s, 24752 KB] In ts_16_43 of size 1134 found num new op-mutexes 0
[t=0.069882s, 24752 KB] Operator mutex finished iteration 16. Found an additional 0 operator mutexes

[t=0.0700115s, 24752 KB] Next pair of indices: (39, 43)
[t=0.0700366s, 24752 KB] M&S algorithm main loop timer: 0.0655531s (after computation of next merge)
[t=0.0735556s, 24752 KB] M&S algorithm main loop timer: 0.069089s (after merging)
[t=0.0739524s, 24752 KB] M&S algorithm main loop timer: 0.0694917s (after pruning)

[t=0.074002s, 24752 KB] Operator mutex starting iteration 17
[t=0.0741648s, 24752 KB] In ts_17_29 of size 4 found num new op-mutexes 0
[t=0.0743324s, 24752 KB] In ts_17_30 of size 4 found num new op-mutexes 0
[t=0.0745148s, 24752 KB] In ts_17_31 of size 4 found num new op-mutexes 0
[t=0.0746681s, 24752 KB] In ts_17_33 of size 4 found num new op-mutexes 0
[t=0.0749094s, 24752 KB] In ts_17_35 of size 18 found num new op-mutexes 0
[t=0.0750935s, 24752 KB] In ts_17_36 of size 6 found num new op-mutexes 0
[t=0.0752543s, 24752 KB] In ts_17_37 of size 4 found num new op-mutexes 0
[t=0.0754106s, 24752 KB] In ts_17_38 of size 4 found num new op-mutexes 0
[t=0.108328s, 25544 KB] In ts_17_44 of size 2016 found num new op-mutexes 0
[t=0.108414s, 25544 KB] Operator mutex finished iteration 17. Found an additional 0 operator mutexes

[t=0.108557s, 25544 KB] Next pair of indices: (38, 44)
[t=0.108583s, 25544 KB] M&S algorithm main loop timer: 0.1041s (after computation of next merge)
[t=0.116019s, 25544 KB] M&S algorithm main loop timer: 0.111558s (after merging)

[t=0.11647s, 25544 KB] Operator mutex starting iteration 18
[t=0.116692s, 25544 KB] In ts_18_29 of size 4 found num new op-mutexes 0
[t=0.116862s, 25544 KB] In ts_18_30 of size 4 found num new op-mutexes 0
[t=0.117019s, 25544 KB] In ts_18_31 of size 4 found num new op-mutexes 0
[t=0.117179s, 25544 KB] In ts_18_33 of size 4 found num new op-mutexes 0
[t=0.117419s, 25544 KB] In ts_18_35 of size 18 found num new op-mutexes 0
[t=0.117594s, 25544 KB] In ts_18_36 of size 6 found num new op-mutexes 0
[t=0.117753s, 25544 KB] In ts_18_37 of size 4 found num new op-mutexes 0
[t=0.117884s, 25544 KB] Operator mutex finished iteration 18. Found an additional 0 operator mutexes

[t=0.118017s, 25544 KB] Next pair of indices: (37, 45)
[t=0.118042s, 25544 KB] M&S algorithm main loop timer: 0.113558s (after computation of next merge)
[t=0.150567s, 29436 KB] M&S algorithm main loop timer: 0.146114s (after merging)
[t=0.153615s, 29436 KB] M&S algorithm main loop timer: 0.149148s (after pruning)

[t=0.15366s, 29436 KB] Operator mutex starting iteration 19
[t=0.153835s, 29436 KB] In ts_19_29 of size 4 found num new op-mutexes 0
[t=0.154019s, 29436 KB] In ts_19_30 of size 4 found num new op-mutexes 0
[t=0.154186s, 29436 KB] In ts_19_31 of size 4 found num new op-mutexes 0
[t=0.154353s, 29436 KB] In ts_19_33 of size 4 found num new op-mutexes 0
[t=0.154595s, 29436 KB] In ts_19_35 of size 18 found num new op-mutexes 0
[t=0.15477s, 29436 KB] In ts_19_36 of size 6 found num new op-mutexes 0
[t=0.154954s, 29436 KB] Operator mutex finished iteration 19. Found an additional 0 operator mutexes

[t=0.155116s, 29436 KB] Next pair of indices: (36, 46)
[t=0.155142s, 29436 KB] M&S algorithm main loop timer: 0.150658s (after computation of next merge)
[t=0.166976s, 29436 KB] M&S algorithm main loop timer: 0.16262s (after shrinking)
[t=0.167288s, 29436 KB] M&S algorithm main loop timer: 0.162816s (after merging)

[t=0.167334s, 29436 KB] Operator mutex starting iteration 20
[t=0.167503s, 29436 KB] In ts_20_29 of size 4 found num new op-mutexes 0
[t=0.16767s, 29436 KB] In ts_20_30 of size 4 found num new op-mutexes 0
[t=0.167847s, 29436 KB] In ts_20_31 of size 4 found num new op-mutexes 0
[t=0.168008s, 29436 KB] In ts_20_33 of size 4 found num new op-mutexes 0
[t=0.168256s, 29436 KB] In ts_20_35 of size 18 found num new op-mutexes 0
[t=0.170032s, 29436 KB] In ts_20_47 of size 90 found num new op-mutexes 0
[t=0.170082s, 29436 KB] Operator mutex finished iteration 20. Found an additional 0 operator mutexes

[t=0.170159s, 29436 KB] Next pair of indices: (35, 47)
[t=0.170184s, 29436 KB] M&S algorithm main loop timer: 0.165701s (after computation of next merge)
[t=0.171683s, 29436 KB] M&S algorithm main loop timer: 0.167242s (after merging)

[t=0.171843s, 29436 KB] Operator mutex starting iteration 21
[t=0.172012s, 29436 KB] In ts_21_29 of size 4 found num new op-mutexes 0
[t=0.172175s, 29436 KB] In ts_21_30 of size 4 found num new op-mutexes 0
[t=0.172342s, 29436 KB] In ts_21_31 of size 4 found num new op-mutexes 0
[t=0.172503s, 29436 KB] In ts_21_33 of size 4 found num new op-mutexes 0
[t=0.199693s, 29436 KB] In ts_21_48 of size 1620 found num new op-mutexes 0
[t=0.199778s, 29436 KB] Operator mutex finished iteration 21. Found an additional 0 operator mutexes

[t=0.19987s, 29436 KB] Next pair of indices: (33, 48)
[t=0.199897s, 29436 KB] M&S algorithm main loop timer: 0.195416s (after computation of next merge)
[t=0.208329s, 29436 KB] M&S algorithm main loop timer: 0.203879s (after merging)

[t=0.20872s, 29436 KB] Operator mutex starting iteration 22
[t=0.208932s, 29436 KB] In ts_22_29 of size 4 found num new op-mutexes 0
[t=0.209092s, 29436 KB] In ts_22_30 of size 4 found num new op-mutexes 0
[t=0.209251s, 29436 KB] In ts_22_31 of size 4 found num new op-mutexes 0
[t=0.209382s, 29436 KB] Operator mutex finished iteration 22. Found an additional 0 operator mutexes

[t=0.209503s, 29436 KB] Next pair of indices: (31, 49)
[t=0.209531s, 29436 KB] M&S algorithm main loop timer: 0.205047s (after computation of next merge)
[t=0.245741s, 30528 KB] M&S algorithm main loop timer: 0.241291s (after merging)
[t=0.251783s, 30528 KB] M&S algorithm main loop timer: 0.247319s (after pruning)

[t=0.251831s, 30528 KB] Operator mutex starting iteration 23
[t=0.252002s, 30528 KB] In ts_23_29 of size 4 found num new op-mutexes 0
[t=0.252175s, 30528 KB] In ts_23_30 of size 4 found num new op-mutexes 0
[t=0.252458s, 30528 KB] Operator mutex finished iteration 23. Found an additional 0 operator mutexes

[t=0.252692s, 30528 KB] Next pair of indices: (30, 50)
[t=0.252719s, 30528 KB] M&S algorithm main loop timer: 0.248235s (after computation of next merge)
[t=0.275266s, 30528 KB] M&S algorithm main loop timer: 0.270952s (after shrinking)
[t=0.275584s, 30528 KB] M&S algorithm main loop timer: 0.271111s (after merging)

[t=0.275627s, 30528 KB] Operator mutex starting iteration 24
[t=0.275789s, 30528 KB] In ts_24_29 of size 4 found num new op-mutexes 0
[t=0.276935s, 30528 KB] In ts_24_51 of size 60 found num new op-mutexes 0
[t=0.276983s, 30528 KB] Operator mutex finished iteration 24. Found an additional 0 operator mutexes

[t=0.27702s, 30528 KB] Next pair of indices: (29, 51)
[t=0.277043s, 30528 KB] M&S algorithm main loop timer: 0.272559s (after computation of next merge)
[t=0.277286s, 30528 KB] M&S algorithm main loop timer: 0.272814s (after merging)
[t=0.277373s, 30528 KB] M&S algorithm main loop timer: 0.272908s (after pruning)

[t=0.277418s, 30528 KB] Operator mutex starting iteration 25
[t=0.280344s, 30528 KB] In ts_25_52 of size 220 found num new op-mutexes 0
[t=0.280396s, 30528 KB] Operator mutex finished iteration 25. Found an additional 0 operator mutexes

[t=0.28043s, 30528 KB] End of merge-and-shrink algorithm, statistics:
[t=0.280452s, 30528 KB] Main loop runtime: 0.275967s
[t=0.280473s, 30528 KB] Maximum intermediate abstraction size: 32256
[t=0.280492s, 30528 KB] Final peak memory increase of merge-and-shrink algorithm: 7796 KB
[t=0.280524s, 30528 KB] Merge-and-shrink algorithm runtime: 0.277741s

[t=0.280546s, 30528 KB] Number of labels: 364
[t=0.280565s, 30528 KB] Total number of operator mutexes: 4407
[t=0.280584s, 30528 KB] Operator Mutex total time: 0.133628s
[t=0.280613s, 30528 KB] Number of remaining factors: 1
[t=0.280641s, 30528 KB] Number of factors kept: 1
[t=0.280661s, 30528 KB] Done initializing merge-and-shrink heuristic.

[t=0.280799s, 30528 KB] Building successor generator...done!
[t=0.281095s, 30528 KB] peak memory difference for successor generator creation: 0 KB
[t=0.281114s, 30528 KB] time for successor generation creation: 0.000172325s
[t=0.281147s, 30528 KB] Variables: 27
[t=0.281167s, 30528 KB] FactPairs: 79
[t=0.2812s, 30528 KB] Bytes per state: 8
[t=0.28133s, 30528 KB] Conducting best first search with reopening closed nodes, (real) bound = 2147483647
[t=0.281387s, 30528 KB] New best heuristic value for merge_and_shrink(op_mutex = op_mutex(use_previous_ops = nelutpo, reachability_strategy = goal)): 0
[t=0.281411s, 30528 KB] g=0, 1 evaluated, 0 expanded
[t=0.281432s, 30528 KB] f = 0, 1 evaluated, 0 expanded
[t=0.281455s, 30528 KB] Initial heuristic value for merge_and_shrink(op_mutex = op_mutex(use_previous_ops = nelutpo, reachability_strategy = goal)): 0
[t=0.281475s, 30528 KB] pruning method: none
[t=0.281507s, 30528 KB] f = 1, 2 evaluated, 1 expanded
[t=0.282051s, 30528 KB] f = 2, 257 evaluated, 129 expanded
[t=0.29383s, 30528 KB] f = 3, 6113 evaluated, 3121 expanded
[t=0.800953s, 36680 KB] Solution found!
[t=0.801054s, 36680 KB] Actual search time: 0.519582s
open-new-stack n0 n1 (1)
start-order o13 n1 n0 (0)
make-product-p12  (0)
ship-order-o13 n0 n1 (0)
start-order o7 n1 n0 (0)
make-product-p2  (0)
ship-order-o7 n0 n1 (0)
start-order o4 n1 n0 (0)
make-product-p5  (0)
open-new-stack n0 n1 (1)
start-order o6 n1 n0 (0)
make-product-p11  (0)
make-product-p9  (0)
ship-order-o4 n0 n1 (0)
ship-order-o6 n1 n2 (0)
start-order o10 n2 n1 (0)
make-product-p13  (0)
start-order o12 n1 n0 (0)
make-product-p1  (0)
make-product-p3  (0)
make-product-p6  (0)
make-product-p8  (0)
open-new-stack n0 n1 (1)
start-order o8 n1 n0 (0)
make-product-p4  (0)
ship-order-o12 n0 n1 (0)
ship-order-o10 n1 n2 (0)
ship-order-o8 n2 n3 (0)
start-order o1 n3 n2 (0)
start-order o11 n2 n1 (0)
start-order o9 n1 n0 (0)
make-product-p10  (0)
ship-order-o1 n0 n1 (0)
ship-order-o11 n1 n2 (0)
ship-order-o9 n2 n3 (0)
start-order o2 n3 n2 (0)
start-order o3 n2 n1 (0)
start-order o5 n1 n0 (0)
make-product-p7  (0)
ship-order-o2 n0 n1 (0)
ship-order-o3 n1 n2 (0)
ship-order-o5 n2 n3 (0)
[t=0.801082s, 36680 KB] Plan length: 42 step(s).
[t=0.801082s, 36680 KB] Plan cost: 3
[t=0.801082s, 36680 KB] Expanded 116425 state(s).
[t=0.801082s, 36680 KB] Reopened 0 state(s).
[t=0.801082s, 36680 KB] Evaluated 232738 state(s).
[t=0.801082s, 36680 KB] Evaluations: 232738
[t=0.801082s, 36680 KB] Generated 561566 state(s).
[t=0.801082s, 36680 KB] Dead ends: 0 state(s).
[t=0.801082s, 36680 KB] Expanded until last jump: 3121 state(s).
[t=0.801082s, 36680 KB] Reopened until last jump: 0 state(s).
[t=0.801082s, 36680 KB] Evaluated until last jump: 6113 state(s).
[t=0.801082s, 36680 KB] Generated until last jump: 11477 state(s).
[t=0.801082s, 36680 KB] Number of registered states: 232738
[t=0.801082s, 36680 KB] Int hash set load factor: 232738/524288 = 0.443913
[t=0.801082s, 36680 KB] Int hash set resizes: 19
[t=0.801082s, 36680 KB] Search time: 0.519754s
[t=0.801082s, 36680 KB] Total time: 0.801082s
Solution found.
Peak memory: 36680 KB
Remove intermediate file output.sas
search exit code: 0

INFO     Running validate.
INFO     validate stdin: None
INFO     validate time limit: None
INFO     validate memory limit: None
INFO     validate command line string: validate domain.pddl problem.pddl sas_plan
Checking plan: sas_plan
Plan executed successfully - checking goal
Plan valid
Final value: 3 

Successful plans:
Value: 3
 sas_plan 3 

validate exit code: 0

