INFO     Running translator.
INFO     translator stdin: None
INFO     translator time limit: 599.97s
INFO     translator memory limit: 7000 MB
INFO     translator command line string: /usr/bin/python3 /user/student.aau.dk/lkar18/downward-projects/downward/experiments/nopo_vs_nasutpo_195p/data/nopo_vs_nasutpo/code-94571df14dfaf5b06207d9589b12facdd93f580c_e5e41175/builds/release/bin/translate/translate.py domain.pddl problem.pddl --sas-file output.sas
Parsing...
Parsing: [0.000s CPU, 0.002s wall-clock]
Normalizing task... [0.000s CPU, 0.000s wall-clock]
Instantiating...
Generating Datalog program... [0.000s CPU, 0.000s wall-clock]
Normalizing Datalog program...
Normalizing Datalog program: [0.010s CPU, 0.003s wall-clock]
Preparing model... [0.000s CPU, 0.001s wall-clock]
Generated 51 rules.
Computing model... [0.010s CPU, 0.011s wall-clock]
449 relevant atoms
862 auxiliary atoms
1311 final queue length
2031 total queue pushes
Completing instantiation... [0.010s CPU, 0.012s wall-clock]
Instantiating: [0.030s CPU, 0.028s wall-clock]
Computing fact groups...
Finding invariants...
5 initial candidates
Finding invariants: [0.020s CPU, 0.016s wall-clock]
Checking invariant weight... [0.000s CPU, 0.000s wall-clock]
Instantiating groups... [0.000s CPU, 0.000s wall-clock]
Collecting mutex groups... [0.000s CPU, 0.000s wall-clock]
Choosing groups...
6 uncovered facts
Choosing groups: [0.000s CPU, 0.000s wall-clock]
Building translation key... [0.000s CPU, 0.000s wall-clock]
Computing fact groups: [0.020s CPU, 0.017s wall-clock]
Building STRIPS to SAS dictionary... [0.000s CPU, 0.000s wall-clock]
Building dictionary for full mutex groups... [0.000s CPU, 0.000s wall-clock]
Building mutex information...
Building mutex information: [0.000s CPU, 0.000s wall-clock]
Translating task...
Processing axioms...
Simplifying axioms... [0.000s CPU, 0.000s wall-clock]
Translator axioms removed by simplifying: 0
Computing negative axioms... [0.000s CPU, 0.000s wall-clock]
Processing axioms: [0.000s CPU, 0.001s wall-clock]
Translating task: [0.010s CPU, 0.010s wall-clock]
0 effect conditions simplified
0 implied preconditions added
Detecting unreachable propositions...
0 operators removed
0 axioms removed
6 propositions removed
Detecting unreachable propositions: [0.000s CPU, 0.005s wall-clock]
Reordering and filtering variables...
12 of 12 variables necessary.
6 of 12 mutex groups necessary.
300 of 300 operators necessary.
0 of 0 axiom rules necessary.
Reordering and filtering variables: [0.010s CPU, 0.002s wall-clock]
Translator variables: 12
Translator derived variables: 0
Translator facts: 48
Translator goal facts: 12
Translator mutex groups: 6
Translator total mutex groups size: 36
Translator operators: 300
Translator axioms: 0
Translator task size: 1638
Translator peak memory: 43292 KB
Writing output... [0.000s CPU, 0.003s wall-clock]
Done! [0.070s CPU, 0.068s wall-clock]
translate exit code: 0

INFO     Running search (release).
INFO     search stdin: output.sas
INFO     search time limit: 599.86s
INFO     search memory limit: 7000 MB
INFO     search command line string: /user/student.aau.dk/lkar18/downward-projects/downward/experiments/nopo_vs_nasutpo_195p/data/nopo_vs_nasutpo/code-94571df14dfaf5b06207d9589b12facdd93f580c_e5e41175/builds/release/bin/downward --search 'astar(merge_and_shrink(op_mutex=op_mutex(use_previous_ops=NoPO, reachability_strategy=goal), merge_strategy=merge_sccs(order_of_sccs=topological, merge_tree=linear()), shrink_strategy=shrink_bisimulation(greedy=false, at_limit=RETURN)))' --internal-plan-file sas_plan < output.sas
[t=3.8698e-05s, 22344 KB] reading input...
[t=0.00117025s, 22344 KB] done reading input!
[t=0.0025631s, 22732 KB] Initializing merge-and-shrink heuristic...
[t=0.00263019s, 22732 KB] Running merge-and-shrink algorithm...
[t=0.00264954s, 22732 KB] Merge strategy options:
[t=0.0026698s, 22732 KB] Type: sccs
[t=0.0026889s, 22732 KB] Merge order of sccs: topological
[t=0.0027077s, 22732 KB] Merge strategy for merging within sccs: 
[t=0.00272605s, 22732 KB] Merge tree options: 
[t=0.00274465s, 22732 KB] Type: linear
[t=0.00276367s, 22732 KB] Update option: use random
[t=0.00278291s, 22732 KB] Variable order type: CG/GOAL, tie breaking on level (main)

[t=0.00280403s, 22732 KB] Options related to size limits and shrinking: 
[t=0.00282331s, 22732 KB] Transition system size limit: 50000
[t=0.00284223s, 22732 KB] Transition system size limit right before merge: 50000
[t=0.00286084s, 22732 KB] Threshold to trigger shrinking right before merge: 1

[t=0.00288195s, 22732 KB] Pruning unreachable states: yes
[t=0.00290114s, 22732 KB] Pruning irrelevant states: yes

[t=0.00292128s, 22732 KB] Label reduction disabled

[t=0.00294251s, 22732 KB] Main loop max time in seconds: inf

[t=0.00296541s, 22732 KB] ===============================================================================
[t=0.00298425s, 22732 KB] WARNING! You did not enable label reduction.
This may drastically reduce the performance of merge-and-shrink!
[t=0.00300349s, 22732 KB] ===============================================================================

[t=0.00302439s, 22732 KB] Building atomic transition systems... 
[t=0.00360765s, 23396 KB] M&S algorithm timer: 0.00100928s (after computation of atomic factors)

[t=0.00365222s, 23396 KB] Starting main loop without a time limit.
[t=0.00367761s, 23396 KB] building causal graph...done! [t=0.000138027s]
[t=0.00383061s, 23396 KB] SCCs of the causal graph:
[t=0.00386126s, 23396 KB] [0, 1, 2, 3, 4, 5, 6, 7, 8, 9, 10, 11]
[t=0.00389294s, 23396 KB] Only one single SCC
[t=0.00391865s, 23396 KB] Next pair of indices: (11, 5)
[t=0.00393986s, 23396 KB] M&S algorithm main loop timer: 0.000305534s (after computation of next merge)
[t=0.00402182s, 23396 KB] M&S algorithm main loop timer: 0.000398372s (after merging)

[t=0.00405872s, 23396 KB] Operator mutex starting iteration 0

[t=0.00415318s, 23396 KB] In ts_0_0 of size 6 found num new op-mutexes 0

[t=0.00424155s, 23396 KB] In ts_0_1 of size 6 found num new op-mutexes 0

[t=0.00432452s, 23396 KB] In ts_0_2 of size 6 found num new op-mutexes 0

[t=0.00440598s, 23396 KB] In ts_0_3 of size 6 found num new op-mutexes 0

[t=0.00448564s, 23396 KB] In ts_0_4 of size 6 found num new op-mutexes 0

[t=0.00456632s, 23396 KB] In ts_0_6 of size 2 found num new op-mutexes 0

[t=0.00464102s, 23396 KB] In ts_0_7 of size 2 found num new op-mutexes 0

[t=0.00471242s, 23396 KB] In ts_0_8 of size 2 found num new op-mutexes 0

[t=0.00478267s, 23396 KB] In ts_0_9 of size 2 found num new op-mutexes 0

[t=0.00485246s, 23396 KB] In ts_0_10 of size 2 found num new op-mutexes 0

[t=0.00495345s, 23396 KB] In ts_0_12 of size 12 found num new op-mutexes 0
[t=0.00498614s, 23396 KB] Operator mutex finished iteration 0. Found an additional 0 operator mutexes

[t=0.00501354s, 23396 KB] Next pair of indices: (12, 4)
[t=0.00503445s, 23396 KB] M&S algorithm main loop timer: 0.0014s (after computation of next merge)
[t=0.0051763s, 23396 KB] M&S algorithm main loop timer: 0.00155292s (after merging)

[t=0.00521716s, 23396 KB] Operator mutex starting iteration 1

[t=0.00530246s, 23396 KB] In ts_1_0 of size 6 found num new op-mutexes 0

[t=0.00542449s, 23396 KB] In ts_1_1 of size 6 found num new op-mutexes 0

[t=0.00551811s, 23396 KB] In ts_1_2 of size 6 found num new op-mutexes 0

[t=0.00561486s, 23396 KB] In ts_1_3 of size 6 found num new op-mutexes 0

[t=0.00569234s, 23396 KB] In ts_1_6 of size 2 found num new op-mutexes 0

[t=0.00576582s, 23396 KB] In ts_1_7 of size 2 found num new op-mutexes 0

[t=0.0058378s, 23396 KB] In ts_1_8 of size 2 found num new op-mutexes 0

[t=0.00591889s, 23396 KB] In ts_1_9 of size 2 found num new op-mutexes 0

[t=0.00599617s, 23396 KB] In ts_1_10 of size 2 found num new op-mutexes 0

[t=0.00626724s, 23396 KB] In ts_1_13 of size 72 found num new op-mutexes 0
[t=0.0063075s, 23396 KB] Operator mutex finished iteration 1. Found an additional 0 operator mutexes

[t=0.00633831s, 23396 KB] Next pair of indices: (13, 3)
[t=0.00635955s, 23396 KB] M&S algorithm main loop timer: 0.00272585s (after computation of next merge)
[t=0.00688522s, 23396 KB] M&S algorithm main loop timer: 0.00327104s (after merging)

[t=0.00695883s, 23396 KB] Operator mutex starting iteration 2

[t=0.00704859s, 23396 KB] In ts_2_0 of size 6 found num new op-mutexes 0

[t=0.0071385s, 23396 KB] In ts_2_1 of size 6 found num new op-mutexes 0

[t=0.00722524s, 23396 KB] In ts_2_2 of size 6 found num new op-mutexes 0

[t=0.00730248s, 23396 KB] In ts_2_6 of size 2 found num new op-mutexes 0

[t=0.00737628s, 23396 KB] In ts_2_7 of size 2 found num new op-mutexes 0

[t=0.0074496s, 23396 KB] In ts_2_8 of size 2 found num new op-mutexes 0

[t=0.00752192s, 23396 KB] In ts_2_9 of size 2 found num new op-mutexes 0

[t=0.00759419s, 23396 KB] In ts_2_10 of size 2 found num new op-mutexes 0

[t=0.00909952s, 23920 KB] In ts_2_14 of size 432 found num new op-mutexes 0
[t=0.00916287s, 23920 KB] Operator mutex finished iteration 2. Found an additional 0 operator mutexes

[t=0.00919894s, 23920 KB] Next pair of indices: (14, 2)
[t=0.00922208s, 23920 KB] M&S algorithm main loop timer: 0.00558792s (after computation of next merge)
[t=0.0134412s, 24404 KB] M&S algorithm main loop timer: 0.009823s (after merging)

[t=0.0136167s, 24404 KB] Operator mutex starting iteration 3

[t=0.0137179s, 24404 KB] In ts_3_0 of size 6 found num new op-mutexes 0

[t=0.0138077s, 24404 KB] In ts_3_1 of size 6 found num new op-mutexes 0

[t=0.0138911s, 24404 KB] In ts_3_6 of size 2 found num new op-mutexes 0

[t=0.0139662s, 24404 KB] In ts_3_7 of size 2 found num new op-mutexes 0

[t=0.0140384s, 24404 KB] In ts_3_8 of size 2 found num new op-mutexes 0

[t=0.0141097s, 24404 KB] In ts_3_9 of size 2 found num new op-mutexes 0

[t=0.0141809s, 24404 KB] In ts_3_10 of size 2 found num new op-mutexes 0

[t=0.0256517s, 27712 KB] In ts_3_15 of size 2592 found num new op-mutexes 0
[t=0.0257032s, 27712 KB] Operator mutex finished iteration 3. Found an additional 0 operator mutexes

[t=0.0257356s, 27712 KB] Next pair of indices: (15, 1)
[t=0.0257598s, 27712 KB] M&S algorithm main loop timer: 0.0221258s (after computation of next merge)
[t=0.057926s, 30864 KB] M&S algorithm main loop timer: 0.0543153s (after merging)

[t=0.0588021s, 30864 KB] Operator mutex starting iteration 4

[t=0.0588897s, 30864 KB] In ts_4_0 of size 6 found num new op-mutexes 0

[t=0.0589686s, 30864 KB] In ts_4_6 of size 2 found num new op-mutexes 0

[t=0.0590429s, 30864 KB] In ts_4_7 of size 2 found num new op-mutexes 0

[t=0.0591152s, 30864 KB] In ts_4_8 of size 2 found num new op-mutexes 0

[t=0.0591864s, 30864 KB] In ts_4_9 of size 2 found num new op-mutexes 0

[t=0.0592571s, 30864 KB] In ts_4_10 of size 2 found num new op-mutexes 0
[t=0.0595636s, 30864 KB] Operator mutex finished iteration 4. Found an additional 0 operator mutexes

[t=0.0595974s, 30864 KB] Next pair of indices: (16, 0)
[t=0.059619s, 30864 KB] M&S algorithm main loop timer: 0.0559847s (after computation of next merge)
[t=0.1046s, 31136 KB] M&S algorithm main loop timer: 0.100996s (after shrinking)
[t=0.146709s, 33324 KB] M&S algorithm main loop timer: 0.143099s (after merging)
[t=0.155469s, 33324 KB] M&S algorithm main loop timer: 0.151852s (after pruning)

[t=0.155513s, 33324 KB] Operator mutex starting iteration 5

[t=0.155588s, 33324 KB] In ts_5_6 of size 2 found num new op-mutexes 0

[t=0.155674s, 33324 KB] In ts_5_7 of size 2 found num new op-mutexes 0

[t=0.155748s, 33324 KB] In ts_5_8 of size 2 found num new op-mutexes 0

[t=0.155821s, 33324 KB] In ts_5_9 of size 2 found num new op-mutexes 0

[t=0.155893s, 33324 KB] In ts_5_10 of size 2 found num new op-mutexes 0
[t=0.156209s, 33324 KB] Operator mutex finished iteration 5. Found an additional 0 operator mutexes

[t=0.156243s, 33324 KB] Next pair of indices: (17, 10)
[t=0.156265s, 33324 KB] M&S algorithm main loop timer: 0.152631s (after computation of next merge)
[t=0.2101s, 34628 KB] M&S algorithm main loop timer: 0.206533s (after shrinking)
[t=0.237402s, 34628 KB] M&S algorithm main loop timer: 0.233789s (after merging)

[t=0.238639s, 34628 KB] Operator mutex starting iteration 6

[t=0.238718s, 34628 KB] In ts_6_6 of size 2 found num new op-mutexes 0

[t=0.238795s, 34628 KB] In ts_6_7 of size 2 found num new op-mutexes 0

[t=0.238868s, 34628 KB] In ts_6_8 of size 2 found num new op-mutexes 0

[t=0.23894s, 34628 KB] In ts_6_9 of size 2 found num new op-mutexes 0
[t=0.239243s, 34628 KB] Operator mutex finished iteration 6. Found an additional 0 operator mutexes

[t=0.23928s, 34628 KB] Next pair of indices: (18, 9)
[t=0.239311s, 34628 KB] M&S algorithm main loop timer: 0.235678s (after computation of next merge)
[t=0.319948s, 41224 KB] M&S algorithm main loop timer: 0.316371s (after merging)

[t=0.322395s, 41224 KB] Operator mutex starting iteration 7

[t=0.322477s, 41224 KB] In ts_7_6 of size 2 found num new op-mutexes 0

[t=0.322554s, 41224 KB] In ts_7_7 of size 2 found num new op-mutexes 0

[t=0.322627s, 41224 KB] In ts_7_8 of size 2 found num new op-mutexes 0
[t=0.323371s, 41224 KB] Operator mutex finished iteration 7. Found an additional 0 operator mutexes

[t=0.323409s, 41224 KB] Next pair of indices: (19, 8)
[t=0.323432s, 41224 KB] M&S algorithm main loop timer: 0.319798s (after computation of next merge)
[t=0.402561s, 41612 KB] M&S algorithm main loop timer: 0.398967s (after shrinking)
[t=0.435296s, 41612 KB] M&S algorithm main loop timer: 0.431682s (after merging)

[t=0.436668s, 41612 KB] Operator mutex starting iteration 8

[t=0.43675s, 41612 KB] In ts_8_6 of size 2 found num new op-mutexes 0

[t=0.436827s, 41612 KB] In ts_8_7 of size 2 found num new op-mutexes 0
[t=0.437195s, 41612 KB] Operator mutex finished iteration 8. Found an additional 0 operator mutexes

[t=0.43723s, 41612 KB] Next pair of indices: (20, 7)
[t=0.437252s, 41612 KB] M&S algorithm main loop timer: 0.433618s (after computation of next merge)
[t=0.552345s, 46364 KB] M&S algorithm main loop timer: 0.548808s (after merging)

[t=0.555728s, 46364 KB] Operator mutex starting iteration 9

[t=0.555824s, 46364 KB] In ts_9_6 of size 2 found num new op-mutexes 0
[t=0.556819s, 46364 KB] Operator mutex finished iteration 9. Found an additional 0 operator mutexes

[t=0.556861s, 46364 KB] Next pair of indices: (21, 6)
[t=0.556884s, 46364 KB] M&S algorithm main loop timer: 0.55325s (after computation of next merge)
[t=0.661744s, 46932 KB] M&S algorithm main loop timer: 0.658192s (after shrinking)
[t=0.704812s, 46932 KB] M&S algorithm main loop timer: 0.701219s (after merging)

[t=0.706304s, 46932 KB] Operator mutex starting iteration 10
[t=0.706737s, 46932 KB] Operator mutex finished iteration 10. Found an additional 0 operator mutexes

[t=0.706774s, 46932 KB] End of merge-and-shrink algorithm, statistics:
[t=0.706803s, 46932 KB] Main loop runtime: 0.703168s
[t=0.706824s, 46932 KB] Maximum intermediate abstraction size: 49184
[t=0.706844s, 46932 KB] Final peak memory increase of merge-and-shrink algorithm: 24200 KB
[t=0.706875s, 46932 KB] Merge-and-shrink algorithm runtime: 0.704262s

[t=0.706898s, 46932 KB] Number of labels: 300
[t=0.706917s, 46932 KB] Total number of operator mutexes: 0
[t=0.706936s, 46932 KB] Operator Mutex total time: 0.021766s
[t=0.706966s, 46932 KB] Number of remaining factors: 1
[t=0.707499s, 46932 KB] Number of factors kept: 1
[t=0.707529s, 46932 KB] Done initializing merge-and-shrink heuristic.

[t=0.707646s, 46932 KB] Building successor generator...done!
[t=0.707859s, 46932 KB] peak memory difference for successor generator creation: 0 KB
[t=0.707877s, 46932 KB] time for successor generation creation: 0.000139346s
[t=0.707901s, 46932 KB] Variables: 12
[t=0.707921s, 46932 KB] FactPairs: 48
[t=0.707939s, 46932 KB] Bytes per state: 4
[t=0.708069s, 46932 KB] Conducting best first search with reopening closed nodes, (real) bound = 2147483647
[t=0.708131s, 46932 KB] New best heuristic value for merge_and_shrink(op_mutex = op_mutex(use_previous_ops = nopo, reachability_strategy = goal), merge_strategy = merge_sccs(order_of_sccs = topological, merge_tree = linear), shrink_strategy = shrink_bisimulation(greedy = false, at_limit = return)): 19
[t=0.708155s, 46932 KB] g=0, 1 evaluated, 0 expanded
[t=0.708176s, 46932 KB] f = 19, 1 evaluated, 0 expanded
[t=0.708199s, 46932 KB] Initial heuristic value for merge_and_shrink(op_mutex = op_mutex(use_previous_ops = nopo, reachability_strategy = goal), merge_strategy = merge_sccs(order_of_sccs = topological, merge_tree = linear), shrink_strategy = shrink_bisimulation(greedy = false, at_limit = return)): 19
[t=0.708221s, 46932 KB] pruning method: none
[t=0.70826s, 46932 KB] New best heuristic value for merge_and_shrink(op_mutex = op_mutex(use_previous_ops = nopo, reachability_strategy = goal), merge_strategy = merge_sccs(order_of_sccs = topological, merge_tree = linear), shrink_strategy = shrink_bisimulation(greedy = false, at_limit = return)): 17
[t=0.708284s, 46932 KB] g=3, 2 evaluated, 1 expanded
[t=0.708354s, 46932 KB] New best heuristic value for merge_and_shrink(op_mutex = op_mutex(use_previous_ops = nopo, reachability_strategy = goal), merge_strategy = merge_sccs(order_of_sccs = topological, merge_tree = linear), shrink_strategy = shrink_bisimulation(greedy = false, at_limit = return)): 15
[t=0.708375s, 46932 KB] g=5, 24 evaluated, 3 expanded
[t=0.708959s, 46932 KB] f = 20, 298 evaluated, 62 expanded
[t=0.708999s, 46932 KB] New best heuristic value for merge_and_shrink(op_mutex = op_mutex(use_previous_ops = nopo, reachability_strategy = goal), merge_strategy = merge_sccs(order_of_sccs = topological, merge_tree = linear), shrink_strategy = shrink_bisimulation(greedy = false, at_limit = return)): 13
[t=0.709023s, 46932 KB] g=8, 302 evaluated, 63 expanded
[t=0.709101s, 46932 KB] New best heuristic value for merge_and_shrink(op_mutex = op_mutex(use_previous_ops = nopo, reachability_strategy = goal), merge_strategy = merge_sccs(order_of_sccs = topological, merge_tree = linear), shrink_strategy = shrink_bisimulation(greedy = false, at_limit = return)): 12
[t=0.709122s, 46932 KB] g=8, 339 evaluated, 67 expanded
[t=0.710558s, 46932 KB] f = 21, 977 evaluated, 281 expanded
[t=0.710827s, 46932 KB] New best heuristic value for merge_and_shrink(op_mutex = op_mutex(use_previous_ops = nopo, reachability_strategy = goal), merge_strategy = merge_sccs(order_of_sccs = topological, merge_tree = linear), shrink_strategy = shrink_bisimulation(greedy = false, at_limit = return)): 11
[t=0.710855s, 46932 KB] g=11, 1130 evaluated, 302 expanded
[t=0.713325s, 46932 KB] f = 22, 2283 evaluated, 663 expanded
[t=0.713561s, 46932 KB] New best heuristic value for merge_and_shrink(op_mutex = op_mutex(use_previous_ops = nopo, reachability_strategy = goal), merge_strategy = merge_sccs(order_of_sccs = topological, merge_tree = linear), shrink_strategy = shrink_bisimulation(greedy = false, at_limit = return)): 10
[t=0.713589s, 46932 KB] g=13, 2407 evaluated, 680 expanded
[t=0.722051s, 46932 KB] f = 23, 5941 evaluated, 1963 expanded
[t=0.722118s, 46932 KB] New best heuristic value for merge_and_shrink(op_mutex = op_mutex(use_previous_ops = nopo, reachability_strategy = goal), merge_strategy = merge_sccs(order_of_sccs = topological, merge_tree = linear), shrink_strategy = shrink_bisimulation(greedy = false, at_limit = return)): 8
[t=0.722145s, 46932 KB] g=16, 5959 evaluated, 1965 expanded
[t=0.733607s, 46932 KB] f = 24, 9569 evaluated, 3519 expanded
[t=0.733767s, 46932 KB] New best heuristic value for merge_and_shrink(op_mutex = op_mutex(use_previous_ops = nopo, reachability_strategy = goal), merge_strategy = merge_sccs(order_of_sccs = topological, merge_tree = linear), shrink_strategy = shrink_bisimulation(greedy = false, at_limit = return)): 7
[t=0.733795s, 46932 KB] g=19, 9640 evaluated, 3529 expanded
[t=0.758271s, 46932 KB] f = 25, 18620 evaluated, 8241 expanded
[t=0.77116s, 46932 KB] f = 26, 22761 evaluated, 11476 expanded
[t=0.771211s, 46932 KB] New best heuristic value for merge_and_shrink(op_mutex = op_mutex(use_previous_ops = nopo, reachability_strategy = goal), merge_strategy = merge_sccs(order_of_sccs = topological, merge_tree = linear), shrink_strategy = shrink_bisimulation(greedy = false, at_limit = return)): 6
[t=0.771237s, 46932 KB] g=20, 22766 evaluated, 11477 expanded
[t=0.771279s, 46932 KB] New best heuristic value for merge_and_shrink(op_mutex = op_mutex(use_previous_ops = nopo, reachability_strategy = goal), merge_strategy = merge_sccs(order_of_sccs = topological, merge_tree = linear), shrink_strategy = shrink_bisimulation(greedy = false, at_limit = return)): 5
[t=0.771301s, 46932 KB] g=21, 22775 evaluated, 11478 expanded
[t=0.771341s, 46932 KB] New best heuristic value for merge_and_shrink(op_mutex = op_mutex(use_previous_ops = nopo, reachability_strategy = goal), merge_strategy = merge_sccs(order_of_sccs = topological, merge_tree = linear), shrink_strategy = shrink_bisimulation(greedy = false, at_limit = return)): 4
[t=0.771363s, 46932 KB] g=22, 22783 evaluated, 11479 expanded
[t=0.771393s, 46932 KB] New best heuristic value for merge_and_shrink(op_mutex = op_mutex(use_previous_ops = nopo, reachability_strategy = goal), merge_strategy = merge_sccs(order_of_sccs = topological, merge_tree = linear), shrink_strategy = shrink_bisimulation(greedy = false, at_limit = return)): 1
[t=0.771414s, 46932 KB] g=25, 22787 evaluated, 11480 expanded
[t=0.771464s, 46932 KB] New best heuristic value for merge_and_shrink(op_mutex = op_mutex(use_previous_ops = nopo, reachability_strategy = goal), merge_strategy = merge_sccs(order_of_sccs = topological, merge_tree = linear), shrink_strategy = shrink_bisimulation(greedy = false, at_limit = return)): 0
[t=0.771486s, 46932 KB] g=26, 22801 evaluated, 11481 expanded
[t=0.771512s, 46932 KB] Solution found!
[t=0.771534s, 46932 KB] Actual search time: 0.0633049s
rotate-2 seg-in-1 seg-out-2 car-in-1 car-out-2 (1)
analyze-2 seg-in-1 seg-out-1 car-out-2 car-out-1 (3)
rotate-2 seg-in-2 seg-out-1 car-in-2 car-out-2 (1)
analyze-2 seg-in-1 seg-out-1 car-out-1 car-in-2 (3)
analyze-2 seg-in-1 seg-out-1 car-in-2 car-out-1 (3)
rotate-2 seg-in-1 seg-out-3 car-out-1 car-out-3 (1)
analyze-2 seg-in-1 seg-out-1 car-out-3 car-in-2 (3)
rotate-2 seg-in-1 seg-out-2 car-in-2 car-in-1 (1)
analyze-2 seg-in-1 seg-out-1 car-in-1 car-out-3 (3)
rotate-2 seg-in-2 seg-out-2 car-out-2 car-in-2 (1)
rotate-2 seg-in-3 seg-out-3 car-in-3 car-out-1 (1)
rotate-2 seg-in-1 seg-out-3 car-out-3 car-in-3 (1)
analyze-2 seg-in-1 seg-out-1 car-in-3 car-in-1 (3)
rotate-2 seg-in-3 seg-out-1 car-out-1 car-in-3 (1)
[t=0.771563s, 46932 KB] Plan length: 14 step(s).
[t=0.771563s, 46932 KB] Plan cost: 26
[t=0.771563s, 46932 KB] Expanded 11482 state(s).
[t=0.771563s, 46932 KB] Reopened 0 state(s).
[t=0.771563s, 46932 KB] Evaluated 22803 state(s).
[t=0.771563s, 46932 KB] Evaluations: 22803
[t=0.771563s, 46932 KB] Generated 114810 state(s).
[t=0.771563s, 46932 KB] Dead ends: 0 state(s).
[t=0.771563s, 46932 KB] Expanded until last jump: 11476 state(s).
[t=0.771563s, 46932 KB] Reopened until last jump: 0 state(s).
[t=0.771563s, 46932 KB] Evaluated until last jump: 22761 state(s).
[t=0.771563s, 46932 KB] Generated until last jump: 114760 state(s).
[t=0.771563s, 46932 KB] Number of registered states: 22803
[t=0.771563s, 46932 KB] Int hash set load factor: 22803/32768 = 0.695892
[t=0.771563s, 46932 KB] Int hash set resizes: 15
[t=0.771563s, 46932 KB] Search time: 0.0634948s
[t=0.771563s, 46932 KB] Total time: 0.771563s
Solution found.
Peak memory: 46932 KB
Remove intermediate file output.sas
search exit code: 0

INFO     Running validate.
INFO     validate stdin: None
INFO     validate time limit: None
INFO     validate memory limit: None
INFO     validate command line string: validate domain.pddl problem.pddl sas_plan
Checking plan: sas_plan
Plan executed successfully - checking goal
Plan valid
Final value: 26 

Successful plans:
Value: 26
 sas_plan 26 

validate exit code: 0

