INFO     Running translator.
INFO     translator stdin: None
INFO     translator time limit: 599.96s
INFO     translator memory limit: 7000 MB
INFO     translator command line string: /usr/bin/python3 /user/student.aau.dk/lkar18/downward-projects/downward/experiments/nopo_vs_nasutpo_195p/data/nopo_vs_nasutpo/code-94571df14dfaf5b06207d9589b12facdd93f580c_e5e41175/builds/release/bin/translate/translate.py domain.pddl problem.pddl --sas-file output.sas
Parsing...
Parsing: [0.000s CPU, 0.002s wall-clock]
Normalizing task... [0.000s CPU, 0.000s wall-clock]
Instantiating...
Generating Datalog program... [0.000s CPU, 0.000s wall-clock]
Normalizing Datalog program...
Normalizing Datalog program: [0.010s CPU, 0.003s wall-clock]
Preparing model... [0.000s CPU, 0.001s wall-clock]
Generated 51 rules.
Computing model... [0.010s CPU, 0.012s wall-clock]
449 relevant atoms
862 auxiliary atoms
1311 final queue length
2031 total queue pushes
Completing instantiation... [0.010s CPU, 0.013s wall-clock]
Instantiating: [0.030s CPU, 0.030s wall-clock]
Computing fact groups...
Finding invariants...
5 initial candidates
Finding invariants: [0.020s CPU, 0.015s wall-clock]
Checking invariant weight... [0.000s CPU, 0.000s wall-clock]
Instantiating groups... [0.000s CPU, 0.000s wall-clock]
Collecting mutex groups... [0.000s CPU, 0.000s wall-clock]
Choosing groups...
6 uncovered facts
Choosing groups: [0.000s CPU, 0.000s wall-clock]
Building translation key... [0.000s CPU, 0.000s wall-clock]
Computing fact groups: [0.020s CPU, 0.016s wall-clock]
Building STRIPS to SAS dictionary... [0.000s CPU, 0.000s wall-clock]
Building dictionary for full mutex groups... [0.000s CPU, 0.000s wall-clock]
Building mutex information...
Building mutex information: [0.000s CPU, 0.000s wall-clock]
Translating task...
Processing axioms...
Simplifying axioms... [0.000s CPU, 0.000s wall-clock]
Translator axioms removed by simplifying: 0
Computing negative axioms... [0.000s CPU, 0.000s wall-clock]
Processing axioms: [0.000s CPU, 0.001s wall-clock]
Translating task: [0.010s CPU, 0.011s wall-clock]
0 effect conditions simplified
0 implied preconditions added
Detecting unreachable propositions...
0 operators removed
0 axioms removed
6 propositions removed
Detecting unreachable propositions: [0.000s CPU, 0.005s wall-clock]
Reordering and filtering variables...
12 of 12 variables necessary.
6 of 12 mutex groups necessary.
300 of 300 operators necessary.
0 of 0 axiom rules necessary.
Reordering and filtering variables: [0.010s CPU, 0.002s wall-clock]
Translator variables: 12
Translator derived variables: 0
Translator facts: 48
Translator goal facts: 12
Translator mutex groups: 6
Translator total mutex groups size: 36
Translator operators: 300
Translator axioms: 0
Translator task size: 1638
Translator peak memory: 43292 KB
Writing output... [0.000s CPU, 0.004s wall-clock]
Done! [0.070s CPU, 0.070s wall-clock]
translate exit code: 0

INFO     Running search (release).
INFO     search stdin: output.sas
INFO     search time limit: 599.84s
INFO     search memory limit: 7000 MB
INFO     search command line string: /user/student.aau.dk/lkar18/downward-projects/downward/experiments/nopo_vs_nasutpo_195p/data/nopo_vs_nasutpo/code-94571df14dfaf5b06207d9589b12facdd93f580c_e5e41175/builds/release/bin/downward --search 'astar(merge_and_shrink(op_mutex=op_mutex(use_previous_ops=NaSUTPO, reachability_strategy=goal)))' --internal-plan-file sas_plan < output.sas
[t=3.9685e-05s, 22344 KB] reading input...
[t=0.00118638s, 22344 KB] done reading input!
[t=0.00262008s, 22732 KB] Initializing merge-and-shrink heuristic...
[t=0.00269079s, 22732 KB] Running merge-and-shrink algorithm...
[t=0.00271104s, 22732 KB] Merge strategy options:
[t=0.00273171s, 22732 KB] Type: stateless
[t=0.00275166s, 22732 KB] Merge selector options:
[t=0.00277082s, 22732 KB] Name: score based filtering
[t=0.00279034s, 22732 KB] Merge scoring function:
[t=0.00280893s, 22732 KB] Name: goal relevance
[t=0.0028281s, 22732 KB] Merge scoring function:
[t=0.00284674s, 22732 KB] Name: dfp
[t=0.00286571s, 22732 KB] Merge scoring function:
[t=0.00288455s, 22732 KB] Name: total order
[t=0.00290455s, 22732 KB] Atomic transition system order: reverse level
[t=0.00292438s, 22732 KB] Product transition system order: new to old
[t=0.00294327s, 22732 KB] Consider atomic before product transition systems
[t=0.00296215s, 22732 KB] Random seed: -1

[t=0.00298329s, 22732 KB] Options related to size limits and shrinking: 
[t=0.00300285s, 22732 KB] Transition system size limit: 50000
[t=0.0030218s, 22732 KB] Transition system size limit right before merge: 50000
[t=0.00304058s, 22732 KB] Threshold to trigger shrinking right before merge: 1

[t=0.00306214s, 22732 KB] Pruning unreachable states: yes
[t=0.00308149s, 22732 KB] Pruning irrelevant states: yes

[t=0.00310423s, 22732 KB] Label reduction disabled

[t=0.00312613s, 22732 KB] Main loop max time in seconds: inf

[t=0.00315965s, 22732 KB] ===============================================================================
[t=0.00317877s, 22732 KB] WARNING! You did not enable label reduction.
This may drastically reduce the performance of merge-and-shrink!
[t=0.00319826s, 22732 KB] ===============================================================================

[t=0.00323366s, 22732 KB] Building atomic transition systems... 
[t=0.00383082s, 23396 KB] M&S algorithm timer: 0.00117511s (after computation of atomic factors)

[t=0.00388186s, 23396 KB] Starting main loop without a time limit.
[t=0.00396422s, 23396 KB] Next pair of indices: (0, 3)
[t=0.00398942s, 23396 KB] M&S algorithm main loop timer: 0.000126273s (after computation of next merge)
[t=0.00409915s, 23396 KB] M&S algorithm main loop timer: 0.000249966s (after merging)

[t=0.00414157s, 23396 KB] Operator mutex starting iteration 0


[t=0.00435794s, 23396 KB] In ts_0_1 of size 6 found num new op-mutexes 0


[t=0.00457062s, 23396 KB] In ts_0_2 of size 6 found num new op-mutexes 0


[t=0.00477754s, 23396 KB] In ts_0_4 of size 6 found num new op-mutexes 0


[t=0.00498219s, 23396 KB] In ts_0_5 of size 6 found num new op-mutexes 0


[t=0.00507421s, 23396 KB] In ts_0_6 of size 2 found num new op-mutexes 0


[t=0.00516236s, 23396 KB] In ts_0_7 of size 2 found num new op-mutexes 0


[t=0.00524848s, 23396 KB] In ts_0_8 of size 2 found num new op-mutexes 0


[t=0.00533424s, 23396 KB] In ts_0_9 of size 2 found num new op-mutexes 0


[t=0.0054192s, 23396 KB] In ts_0_10 of size 2 found num new op-mutexes 0


[t=0.00550501s, 23396 KB] In ts_0_11 of size 2 found num new op-mutexes 0


[t=0.00607277s, 23396 KB] In ts_0_12 of size 36 found num new op-mutexes 0
[t=0.00611867s, 23396 KB] Operator mutex finished iteration 0. Found an additional 0 operator mutexes

[t=0.00619014s, 23396 KB] Next pair of indices: (1, 4)
[t=0.00621495s, 23396 KB] M&S algorithm main loop timer: 0.00235198s (after computation of next merge)
[t=0.00630675s, 23396 KB] M&S algorithm main loop timer: 0.00245637s (after merging)

[t=0.00634743s, 23396 KB] Operator mutex starting iteration 1


[t=0.00655565s, 23396 KB] In ts_1_2 of size 6 found num new op-mutexes 0


[t=0.0067736s, 23396 KB] In ts_1_5 of size 6 found num new op-mutexes 0


[t=0.0068663s, 23396 KB] In ts_1_6 of size 2 found num new op-mutexes 0


[t=0.00695888s, 23396 KB] In ts_1_7 of size 2 found num new op-mutexes 0


[t=0.00705154s, 23396 KB] In ts_1_8 of size 2 found num new op-mutexes 0


[t=0.00713702s, 23396 KB] In ts_1_9 of size 2 found num new op-mutexes 0


[t=0.00722183s, 23396 KB] In ts_1_10 of size 2 found num new op-mutexes 0


[t=0.00730709s, 23396 KB] In ts_1_11 of size 2 found num new op-mutexes 0


[t=0.00783997s, 23396 KB] In ts_1_12 of size 36 found num new op-mutexes 0


[t=0.00839224s, 23396 KB] In ts_1_13 of size 36 found num new op-mutexes 0
[t=0.00843095s, 23396 KB] Operator mutex finished iteration 1. Found an additional 0 operator mutexes

[t=0.00849681s, 23396 KB] Next pair of indices: (2, 5)
[t=0.00852062s, 23396 KB] M&S algorithm main loop timer: 0.0046574s (after computation of next merge)
[t=0.00861159s, 23396 KB] M&S algorithm main loop timer: 0.00476331s (after merging)

[t=0.0086542s, 23396 KB] Operator mutex starting iteration 2


[t=0.00874935s, 23396 KB] In ts_2_6 of size 2 found num new op-mutexes 0


[t=0.00884276s, 23396 KB] In ts_2_7 of size 2 found num new op-mutexes 0


[t=0.00892997s, 23396 KB] In ts_2_8 of size 2 found num new op-mutexes 0


[t=0.00901579s, 23396 KB] In ts_2_9 of size 2 found num new op-mutexes 0


[t=0.00910615s, 23396 KB] In ts_2_10 of size 2 found num new op-mutexes 0


[t=0.009194s, 23396 KB] In ts_2_11 of size 2 found num new op-mutexes 0


[t=0.00974079s, 23396 KB] In ts_2_12 of size 36 found num new op-mutexes 0


[t=0.0102844s, 23396 KB] In ts_2_13 of size 36 found num new op-mutexes 0


[t=0.0108365s, 23396 KB] In ts_2_14 of size 36 found num new op-mutexes 0
[t=0.0108783s, 23396 KB] Operator mutex finished iteration 2. Found an additional 0 operator mutexes

[t=0.0109402s, 23396 KB] Next pair of indices: (6, 12)
[t=0.0109644s, 23396 KB] M&S algorithm main loop timer: 0.00710121s (after computation of next merge)
[t=0.0111246s, 23396 KB] M&S algorithm main loop timer: 0.00726874s (after merging)

[t=0.0111619s, 23396 KB] Operator mutex starting iteration 3


[t=0.0112523s, 23396 KB] In ts_3_7 of size 2 found num new op-mutexes 0


[t=0.011343s, 23396 KB] In ts_3_8 of size 2 found num new op-mutexes 0


[t=0.0114342s, 23396 KB] In ts_3_9 of size 2 found num new op-mutexes 0


[t=0.0115215s, 23396 KB] In ts_3_10 of size 2 found num new op-mutexes 0


[t=0.0116086s, 23396 KB] In ts_3_11 of size 2 found num new op-mutexes 0


[t=0.0121537s, 23396 KB] In ts_3_13 of size 36 found num new op-mutexes 0


[t=0.0126884s, 23396 KB] In ts_3_14 of size 36 found num new op-mutexes 0


[t=0.0133888s, 23396 KB] In ts_3_15 of size 72 found num new op-mutexes 0
[t=0.0134321s, 23396 KB] Operator mutex finished iteration 3. Found an additional 0 operator mutexes

[t=0.0134919s, 23396 KB] Next pair of indices: (7, 15)
[t=0.013516s, 23396 KB] M&S algorithm main loop timer: 0.00965305s (after computation of next merge)
[t=0.0137566s, 23396 KB] M&S algorithm main loop timer: 0.00990419s (after merging)

[t=0.0138022s, 23396 KB] Operator mutex starting iteration 4


[t=0.0138876s, 23396 KB] In ts_4_8 of size 2 found num new op-mutexes 0


[t=0.0139894s, 23396 KB] In ts_4_9 of size 2 found num new op-mutexes 0


[t=0.0141205s, 23396 KB] In ts_4_10 of size 2 found num new op-mutexes 0


[t=0.0142131s, 23396 KB] In ts_4_11 of size 2 found num new op-mutexes 0


[t=0.0147753s, 23396 KB] In ts_4_13 of size 36 found num new op-mutexes 0


[t=0.0153214s, 23396 KB] In ts_4_14 of size 36 found num new op-mutexes 0


[t=0.0163399s, 23396 KB] In ts_4_16 of size 144 found num new op-mutexes 0
[t=0.0163833s, 23396 KB] Operator mutex finished iteration 4. Found an additional 0 operator mutexes

[t=0.0164417s, 23396 KB] Next pair of indices: (8, 16)
[t=0.0164663s, 23396 KB] M&S algorithm main loop timer: 0.0126035s (after computation of next merge)
[t=0.0168759s, 23396 KB] M&S algorithm main loop timer: 0.01303s (after merging)

[t=0.0169368s, 23396 KB] Operator mutex starting iteration 5


[t=0.0170256s, 23396 KB] In ts_5_9 of size 2 found num new op-mutexes 0


[t=0.0171189s, 23396 KB] In ts_5_10 of size 2 found num new op-mutexes 0


[t=0.0172099s, 23396 KB] In ts_5_11 of size 2 found num new op-mutexes 0


[t=0.0177602s, 23396 KB] In ts_5_13 of size 36 found num new op-mutexes 0


[t=0.0183095s, 23396 KB] In ts_5_14 of size 36 found num new op-mutexes 0


[t=0.0200893s, 23396 KB] In ts_5_17 of size 288 found num new op-mutexes 0
[t=0.0201341s, 23396 KB] Operator mutex finished iteration 5. Found an additional 0 operator mutexes

[t=0.0202061s, 23396 KB] Next pair of indices: (9, 17)
[t=0.0202324s, 23396 KB] M&S algorithm main loop timer: 0.0163703s (after computation of next merge)
[t=0.02096s, 23396 KB] M&S algorithm main loop timer: 0.0171221s (after merging)

[t=0.0210448s, 23396 KB] Operator mutex starting iteration 6


[t=0.0211382s, 23396 KB] In ts_6_10 of size 2 found num new op-mutexes 0


[t=0.0212333s, 23396 KB] In ts_6_11 of size 2 found num new op-mutexes 0


[t=0.0217998s, 23396 KB] In ts_6_13 of size 36 found num new op-mutexes 0


[t=0.0223448s, 23396 KB] In ts_6_14 of size 36 found num new op-mutexes 0


[t=0.0286857s, 23784 KB] In ts_6_18 of size 576 found num new op-mutexes 0
[t=0.0287759s, 23784 KB] Operator mutex finished iteration 6. Found an additional 0 operator mutexes

[t=0.0288442s, 23784 KB] Next pair of indices: (10, 18)
[t=0.0288703s, 23784 KB] M&S algorithm main loop timer: 0.0250085s (after computation of next merge)
[t=0.030393s, 23784 KB] M&S algorithm main loop timer: 0.0265739s (after merging)

[t=0.0305277s, 23784 KB] Operator mutex starting iteration 7


[t=0.0306306s, 23784 KB] In ts_7_11 of size 2 found num new op-mutexes 0


[t=0.0311743s, 23784 KB] In ts_7_13 of size 36 found num new op-mutexes 0


[t=0.0317152s, 23784 KB] In ts_7_14 of size 36 found num new op-mutexes 0


[t=0.100501s, 24424 KB] In ts_7_19 of size 1152 found num new op-mutexes 0
[t=0.100615s, 24424 KB] Operator mutex finished iteration 7. Found an additional 0 operator mutexes

[t=0.100689s, 24424 KB] Next pair of indices: (14, 19)
[t=0.100715s, 24424 KB] M&S algorithm main loop timer: 0.0968529s (after computation of next merge)
[t=0.224953s, 42952 KB] M&S algorithm main loop timer: 0.221182s (after merging)

[t=0.227498s, 42952 KB] Operator mutex starting iteration 8


[t=0.227616s, 42952 KB] In ts_8_11 of size 2 found num new op-mutexes 0


[t=0.228163s, 42952 KB] In ts_8_13 of size 36 found num new op-mutexes 0
[t=0.229704s, 42952 KB] Operator mutex finished iteration 8. Found an additional 0 operator mutexes

[t=0.230695s, 42952 KB] Next pair of indices: (13, 20)
[t=0.230726s, 42952 KB] M&S algorithm main loop timer: 0.226864s (after computation of next merge)
[t=0.352025s, 43320 KB] M&S algorithm main loop timer: 0.348781s (after shrinking)
[t=0.427581s, 43320 KB] M&S algorithm main loop timer: 0.423791s (after merging)
[t=0.445591s, 43320 KB] M&S algorithm main loop timer: 0.441789s (after pruning)

[t=0.445685s, 43320 KB] Operator mutex starting iteration 9


[t=0.445783s, 43320 KB] In ts_9_11 of size 2 found num new op-mutexes 0
[t=0.446845s, 43320 KB] Operator mutex finished iteration 9. Found an additional 0 operator mutexes

[t=0.446888s, 43320 KB] Next pair of indices: (11, 21)
[t=0.446911s, 43320 KB] M&S algorithm main loop timer: 0.443048s (after computation of next merge)
[t=0.542755s, 43320 KB] M&S algorithm main loop timer: 0.538992s (after shrinking)
[t=0.589072s, 43320 KB] M&S algorithm main loop timer: 0.585277s (after merging)

[t=0.590605s, 43320 KB] Operator mutex starting iteration 10
[t=0.591389s, 43320 KB] Operator mutex finished iteration 10. Found an additional 0 operator mutexes

[t=0.591428s, 43320 KB] End of merge-and-shrink algorithm, statistics:
[t=0.591457s, 43320 KB] Main loop runtime: 0.587594s
[t=0.591478s, 43320 KB] Maximum intermediate abstraction size: 42552
[t=0.591499s, 43320 KB] Final peak memory increase of merge-and-shrink algorithm: 20588 KB
[t=0.591531s, 43320 KB] Merge-and-shrink algorithm runtime: 0.588865s

[t=0.591562s, 43320 KB] Number of labels: 300
[t=0.591583s, 43320 KB] Total number of operator mutexes: 0
[t=0.591602s, 43320 KB] Operator Mutex total time: 0.0966795s
[t=0.591635s, 43320 KB] Number of remaining factors: 1
[t=0.5917s, 43320 KB] Number of factors kept: 1
[t=0.591723s, 43320 KB] Done initializing merge-and-shrink heuristic.

[t=0.591841s, 43320 KB] Building successor generator...done!
[t=0.592073s, 43320 KB] peak memory difference for successor generator creation: 0 KB
[t=0.592093s, 43320 KB] time for successor generation creation: 0.000152258s
[t=0.592117s, 43320 KB] Variables: 12
[t=0.592137s, 43320 KB] FactPairs: 48
[t=0.592156s, 43320 KB] Bytes per state: 4
[t=0.592296s, 43320 KB] Conducting best first search with reopening closed nodes, (real) bound = 2147483647
[t=0.592355s, 43320 KB] New best heuristic value for merge_and_shrink(op_mutex = op_mutex(use_previous_ops = nasutpo, reachability_strategy = goal)): 21
[t=0.592382s, 43320 KB] g=0, 1 evaluated, 0 expanded
[t=0.592409s, 43320 KB] f = 21, 1 evaluated, 0 expanded
[t=0.592434s, 43320 KB] Initial heuristic value for merge_and_shrink(op_mutex = op_mutex(use_previous_ops = nasutpo, reachability_strategy = goal)): 21
[t=0.592457s, 43320 KB] pruning method: none
[t=0.592497s, 43320 KB] New best heuristic value for merge_and_shrink(op_mutex = op_mutex(use_previous_ops = nasutpo, reachability_strategy = goal)): 19
[t=0.592521s, 43320 KB] g=3, 2 evaluated, 1 expanded
[t=0.592577s, 43320 KB] New best heuristic value for merge_and_shrink(op_mutex = op_mutex(use_previous_ops = nasutpo, reachability_strategy = goal)): 17
[t=0.5926s, 43320 KB] g=4, 18 evaluated, 2 expanded
[t=0.592632s, 43320 KB] New best heuristic value for merge_and_shrink(op_mutex = op_mutex(use_previous_ops = nasutpo, reachability_strategy = goal)): 16
[t=0.592654s, 43320 KB] g=5, 22 evaluated, 3 expanded
[t=0.592686s, 43320 KB] New best heuristic value for merge_and_shrink(op_mutex = op_mutex(use_previous_ops = nasutpo, reachability_strategy = goal)): 14
[t=0.592706s, 43320 KB] g=7, 29 evaluated, 3 expanded
[t=0.592735s, 43320 KB] New best heuristic value for merge_and_shrink(op_mutex = op_mutex(use_previous_ops = nasutpo, reachability_strategy = goal)): 13
[t=0.592756s, 43320 KB] g=8, 32 evaluated, 4 expanded
[t=0.592804s, 43320 KB] New best heuristic value for merge_and_shrink(op_mutex = op_mutex(use_previous_ops = nasutpo, reachability_strategy = goal)): 12
[t=0.592825s, 43320 KB] g=9, 45 evaluated, 5 expanded
[t=0.592863s, 43320 KB] New best heuristic value for merge_and_shrink(op_mutex = op_mutex(use_previous_ops = nasutpo, reachability_strategy = goal)): 10
[t=0.592885s, 43320 KB] g=12, 54 evaluated, 6 expanded
[t=0.593083s, 43320 KB] New best heuristic value for merge_and_shrink(op_mutex = op_mutex(use_previous_ops = nasutpo, reachability_strategy = goal)): 9
[t=0.593118s, 43320 KB] g=13, 153 evaluated, 19 expanded
[t=0.593235s, 43320 KB] f = 22, 220 evaluated, 26 expanded
[t=0.593265s, 43320 KB] New best heuristic value for merge_and_shrink(op_mutex = op_mutex(use_previous_ops = nasutpo, reachability_strategy = goal)): 6
[t=0.593287s, 43320 KB] g=16, 223 evaluated, 27 expanded
[t=0.594753s, 43320 KB] f = 23, 1119 evaluated, 165 expanded
[t=0.596143s, 43320 KB] New best heuristic value for merge_and_shrink(op_mutex = op_mutex(use_previous_ops = nasutpo, reachability_strategy = goal)): 5
[t=0.596176s, 43320 KB] g=19, 1990 evaluated, 323 expanded
[t=0.600267s, 43320 KB] f = 24, 4254 evaluated, 787 expanded
[t=0.618064s, 43320 KB] f = 25, 13555 evaluated, 3300 expanded
[t=0.618159s, 43320 KB] New best heuristic value for merge_and_shrink(op_mutex = op_mutex(use_previous_ops = nasutpo, reachability_strategy = goal)): 3
[t=0.618187s, 43320 KB] g=23, 13570 evaluated, 3303 expanded
[t=0.653843s, 43320 KB] f = 26, 27975 evaluated, 9722 expanded
[t=0.653916s, 43320 KB] New best heuristic value for merge_and_shrink(op_mutex = op_mutex(use_previous_ops = nasutpo, reachability_strategy = goal)): 2
[t=0.653949s, 43320 KB] g=24, 27981 evaluated, 9723 expanded
[t=0.653991s, 43320 KB] New best heuristic value for merge_and_shrink(op_mutex = op_mutex(use_previous_ops = nasutpo, reachability_strategy = goal)): 1
[t=0.654013s, 43320 KB] g=25, 27989 evaluated, 9724 expanded
[t=0.654049s, 43320 KB] New best heuristic value for merge_and_shrink(op_mutex = op_mutex(use_previous_ops = nasutpo, reachability_strategy = goal)): 0
[t=0.654072s, 43320 KB] g=26, 27995 evaluated, 9725 expanded
[t=0.654098s, 43320 KB] Solution found!
[t=0.654122s, 43320 KB] Actual search time: 0.0616566s
rotate-2 seg-in-1 seg-out-3 car-in-1 car-out-3 (1)
analyze-2 seg-in-1 seg-out-1 car-out-3 car-out-1 (3)
rotate-2 seg-in-3 seg-out-1 car-in-3 car-out-3 (1)
analyze-2 seg-in-1 seg-out-1 car-out-1 car-in-3 (3)
rotate-2 seg-in-2 seg-out-1 car-in-2 car-out-1 (1)
analyze-2 seg-in-1 seg-out-1 car-in-3 car-in-2 (3)
analyze-2 seg-in-1 seg-out-1 car-in-2 car-in-3 (3)
rotate-2 seg-in-1 seg-out-3 car-in-3 car-in-1 (1)
analyze-2 seg-in-1 seg-out-1 car-in-1 car-in-2 (3)
rotate-2 seg-in-1 seg-out-2 car-in-2 car-out-2 (1)
analyze-2 seg-in-1 seg-out-1 car-out-2 car-in-1 (3)
rotate-2 seg-in-3 seg-out-3 car-out-3 car-in-3 (1)
rotate-2 seg-in-2 seg-out-1 car-out-1 car-out-2 (1)
rotate-2 seg-in-2 seg-out-2 car-out-2 car-in-2 (1)
[t=0.654147s, 43320 KB] Plan length: 14 step(s).
[t=0.654147s, 43320 KB] Plan cost: 26
[t=0.654147s, 43320 KB] Expanded 9726 state(s).
[t=0.654147s, 43320 KB] Reopened 0 state(s).
[t=0.654147s, 43320 KB] Evaluated 27997 state(s).
[t=0.654147s, 43320 KB] Evaluations: 27997
[t=0.654147s, 43320 KB] Generated 97250 state(s).
[t=0.654147s, 43320 KB] Dead ends: 0 state(s).
[t=0.654147s, 43320 KB] Expanded until last jump: 9722 state(s).
[t=0.654147s, 43320 KB] Reopened until last jump: 0 state(s).
[t=0.654147s, 43320 KB] Evaluated until last jump: 27975 state(s).
[t=0.654147s, 43320 KB] Generated until last jump: 97220 state(s).
[t=0.654147s, 43320 KB] Number of registered states: 27997
[t=0.654147s, 43320 KB] Int hash set load factor: 27997/32768 = 0.854401
[t=0.654147s, 43320 KB] Int hash set resizes: 15
[t=0.654147s, 43320 KB] Search time: 0.0618524s
[t=0.654147s, 43320 KB] Total time: 0.654147s
Solution found.
Peak memory: 43320 KB
Remove intermediate file output.sas
search exit code: 0

INFO     Running validate.
INFO     validate stdin: None
INFO     validate time limit: None
INFO     validate memory limit: None
INFO     validate command line string: validate domain.pddl problem.pddl sas_plan
Checking plan: sas_plan
Plan executed successfully - checking goal
Plan valid
Final value: 26 

Successful plans:
Value: 26
 sas_plan 26 

validate exit code: 0

