INFO     Running translator.
INFO     translator stdin: None
INFO     translator time limit: 599.96s
INFO     translator memory limit: 7000 MB
INFO     translator command line string: /usr/bin/python3 /user/student.aau.dk/lkar18/downward-projects/downward/experiments/nopo_vs_nasutpo_195p/data/nopo_vs_nasutpo/code-94571df14dfaf5b06207d9589b12facdd93f580c_e5e41175/builds/release/bin/translate/translate.py domain.pddl problem.pddl --sas-file output.sas
Parsing...
Parsing: [0.010s CPU, 0.005s wall-clock]
Normalizing task... [0.000s CPU, 0.000s wall-clock]
Instantiating...
Generating Datalog program... [0.000s CPU, 0.001s wall-clock]
Normalizing Datalog program...
Normalizing Datalog program: [0.010s CPU, 0.008s wall-clock]
Preparing model... [0.000s CPU, 0.004s wall-clock]
Generated 198 rules.
Computing model... [0.020s CPU, 0.021s wall-clock]
679 relevant atoms
1476 auxiliary atoms
2155 final queue length
3548 total queue pushes
Completing instantiation... [0.030s CPU, 0.023s wall-clock]
Instantiating: [0.060s CPU, 0.058s wall-clock]
Computing fact groups...
Finding invariants...
24 initial candidates
Finding invariants: [0.010s CPU, 0.014s wall-clock]
Checking invariant weight... [0.000s CPU, 0.000s wall-clock]
Instantiating groups... [0.000s CPU, 0.001s wall-clock]
Collecting mutex groups... [0.000s CPU, 0.000s wall-clock]
Choosing groups...
37 uncovered facts
Choosing groups: [0.000s CPU, 0.000s wall-clock]
Building translation key... [0.000s CPU, 0.000s wall-clock]
Computing fact groups: [0.010s CPU, 0.017s wall-clock]
Building STRIPS to SAS dictionary... [0.000s CPU, 0.000s wall-clock]
Building dictionary for full mutex groups... [0.000s CPU, 0.000s wall-clock]
Building mutex information...
Building mutex information: [0.000s CPU, 0.000s wall-clock]
Translating task...
Processing axioms...
Simplifying axioms... [0.000s CPU, 0.000s wall-clock]
Translator axioms removed by simplifying: 0
Computing negative axioms... [0.000s CPU, 0.000s wall-clock]
Processing axioms: [0.000s CPU, 0.001s wall-clock]
Translating task: [0.030s CPU, 0.024s wall-clock]
284 effect conditions simplified
0 implied preconditions added
Detecting unreachable propositions...
0 operators removed
0 axioms removed
19 propositions removed
Detecting unreachable propositions: [0.010s CPU, 0.010s wall-clock]
Reordering and filtering variables...
40 of 46 variables necessary.
12 of 19 mutex groups necessary.
428 of 428 operators necessary.
0 of 0 axiom rules necessary.
Reordering and filtering variables: [0.000s CPU, 0.005s wall-clock]
Translator variables: 40
Translator derived variables: 0
Translator facts: 103
Translator goal facts: 15
Translator mutex groups: 12
Translator total mutex groups size: 34
Translator operators: 428
Translator axioms: 0
Translator task size: 3584
Translator peak memory: 44628 KB
Writing output... [0.010s CPU, 0.007s wall-clock]
Done! [0.130s CPU, 0.130s wall-clock]
translate exit code: 0

INFO     Running search (release).
INFO     search stdin: output.sas
INFO     search time limit: 599.78s
INFO     search memory limit: 7000 MB
INFO     search command line string: /user/student.aau.dk/lkar18/downward-projects/downward/experiments/nopo_vs_nasutpo_195p/data/nopo_vs_nasutpo/code-94571df14dfaf5b06207d9589b12facdd93f580c_e5e41175/builds/release/bin/downward --search 'astar(merge_and_shrink(op_mutex=op_mutex(use_previous_ops=NoPO, reachability_strategy=goal), merge_strategy=merge_sccs(order_of_sccs=topological, merge_tree=linear()), shrink_strategy=shrink_bisimulation(greedy=false, at_limit=RETURN)))' --internal-plan-file sas_plan < output.sas
[t=3.2668e-05s, 22344 KB] reading input...
[t=0.00233082s, 22468 KB] done reading input!
[t=0.00371248s, 22732 KB] Initializing merge-and-shrink heuristic...
[t=0.00377844s, 22732 KB] Running merge-and-shrink algorithm...
[t=0.00379893s, 22732 KB] Merge strategy options:
[t=0.00382036s, 22732 KB] Type: sccs
[t=0.00384061s, 22732 KB] Merge order of sccs: topological
[t=0.00387055s, 22732 KB] Merge strategy for merging within sccs: 
[t=0.00389053s, 22732 KB] Merge tree options: 
[t=0.00391026s, 22732 KB] Type: linear
[t=0.00393016s, 22732 KB] Update option: use random
[t=0.0039503s, 22732 KB] Variable order type: CG/GOAL, tie breaking on level (main)

[t=0.00398585s, 22732 KB] Options related to size limits and shrinking: 
[t=0.00400924s, 22732 KB] Transition system size limit: 50000
[t=0.00402958s, 22732 KB] Transition system size limit right before merge: 50000
[t=0.00404957s, 22732 KB] Threshold to trigger shrinking right before merge: 1

[t=0.00407235s, 22732 KB] Pruning unreachable states: yes
[t=0.00409264s, 22732 KB] Pruning irrelevant states: yes

[t=0.00411436s, 22732 KB] Label reduction disabled

[t=0.00413683s, 22732 KB] Main loop max time in seconds: inf

[t=0.00416168s, 22732 KB] ===============================================================================
[t=0.00418218s, 22732 KB] WARNING! You did not enable label reduction.
This may drastically reduce the performance of merge-and-shrink!
[t=0.00420279s, 22732 KB] ===============================================================================

[t=0.00423072s, 22732 KB] Building atomic transition systems... 
[t=0.00618308s, 25844 KB] M&S algorithm timer: 0.00243839s (after computation of atomic factors)

[t=0.0062329s, 25844 KB] Starting main loop without a time limit.
[t=0.00626057s, 25844 KB] building causal graph...done! [t=0.00066675s]
[t=0.006969s, 25844 KB] SCCs of the causal graph:
[t=0.00702294s, 25844 KB] [0, 1, 2]
[t=0.00704665s, 25844 KB] [18, 4, 5, 7, 9, 19, 6, 8, 20, 12, 36, 13, 25, 31, 21, 3, 22, 10, 33, 15, 26, 29, 23, 11, 37, 14, 27, 32, 38, 24, 16, 34, 17, 35, 28, 30, 39]
[t=0.00708087s, 25844 KB] Next pair of indices: (2, 1)
[t=0.00710561s, 25844 KB] M&S algorithm main loop timer: 0.000892692s (after computation of next merge)
[t=0.00719737s, 25992 KB] M&S algorithm main loop timer: 0.000993391s (after merging)
[t=0.00723432s, 25992 KB] M&S algorithm main loop timer: 0.0010216s (after pruning)

[t=0.00726091s, 25992 KB] Operator mutex starting iteration 0

[t=0.00735344s, 25992 KB] In ts_0_0 of size 2 found num new op-mutexes 0

[t=0.00744769s, 25992 KB] In ts_0_3 of size 2 found num new op-mutexes 0

[t=0.00754822s, 25992 KB] In ts_0_4 of size 2 found num new op-mutexes 0

[t=0.00766052s, 25992 KB] In ts_0_5 of size 2 found num new op-mutexes 0

[t=0.00775952s, 25992 KB] In ts_0_6 of size 2 found num new op-mutexes 0

[t=0.00784748s, 25992 KB] In ts_0_7 of size 2 found num new op-mutexes 0

[t=0.00793417s, 25992 KB] In ts_0_8 of size 2 found num new op-mutexes 0

[t=0.0080208s, 25992 KB] In ts_0_9 of size 2 found num new op-mutexes 0

[t=0.00810679s, 25992 KB] In ts_0_10 of size 2 found num new op-mutexes 0

[t=0.00819212s, 25992 KB] In ts_0_11 of size 2 found num new op-mutexes 0

[t=0.00827764s, 25992 KB] In ts_0_12 of size 2 found num new op-mutexes 0

[t=0.00836349s, 25992 KB] In ts_0_13 of size 2 found num new op-mutexes 0

[t=0.00845805s, 25992 KB] In ts_0_14 of size 2 found num new op-mutexes 0

[t=0.00854321s, 25992 KB] In ts_0_15 of size 2 found num new op-mutexes 0

[t=0.00862865s, 25992 KB] In ts_0_16 of size 2 found num new op-mutexes 0

[t=0.00871384s, 25992 KB] In ts_0_17 of size 2 found num new op-mutexes 0

[t=0.00880592s, 25992 KB] In ts_0_18 of size 4 found num new op-mutexes 0

[t=0.0089488s, 25992 KB] In ts_0_19 of size 5 found num new op-mutexes 324

[t=0.00905213s, 25992 KB] In ts_0_20 of size 2 found num new op-mutexes 0

[t=0.00917951s, 25992 KB] In ts_0_21 of size 5 found num new op-mutexes 256

[t=0.00927169s, 25992 KB] In ts_0_22 of size 2 found num new op-mutexes 0

[t=0.00936097s, 25992 KB] In ts_0_23 of size 2 found num new op-mutexes 0

[t=0.00947334s, 25992 KB] In ts_0_24 of size 2 found num new op-mutexes 0

[t=0.00956493s, 25992 KB] In ts_0_25 of size 2 found num new op-mutexes 0

[t=0.00965189s, 25992 KB] In ts_0_26 of size 2 found num new op-mutexes 0

[t=0.00973782s, 25992 KB] In ts_0_27 of size 2 found num new op-mutexes 0

[t=0.00982408s, 25992 KB] In ts_0_28 of size 2 found num new op-mutexes 0

[t=0.00991815s, 25992 KB] In ts_0_29 of size 2 found num new op-mutexes 0

[t=0.0100051s, 25992 KB] In ts_0_30 of size 2 found num new op-mutexes 0

[t=0.0100952s, 25992 KB] In ts_0_31 of size 2 found num new op-mutexes 0

[t=0.0101861s, 25992 KB] In ts_0_32 of size 2 found num new op-mutexes 0

[t=0.010279s, 25992 KB] In ts_0_33 of size 4 found num new op-mutexes 0

[t=0.0103712s, 25992 KB] In ts_0_34 of size 4 found num new op-mutexes 0

[t=0.0105045s, 25992 KB] In ts_0_35 of size 5 found num new op-mutexes 256

[t=0.0106s, 25992 KB] In ts_0_36 of size 4 found num new op-mutexes 0

[t=0.0107267s, 25992 KB] In ts_0_37 of size 5 found num new op-mutexes 324

[t=0.0108289s, 25992 KB] In ts_0_38 of size 3 found num new op-mutexes 0

[t=0.0109273s, 25992 KB] In ts_0_39 of size 3 found num new op-mutexes 0

[t=0.0110583s, 25992 KB] In ts_0_40 of size 3 found num new op-mutexes 0
[t=0.0110973s, 25992 KB] Operator mutex finished iteration 0. Found an additional 1160 operator mutexes

[t=0.0111274s, 25992 KB] Next pair of indices: (40, 0)
[t=0.01115s, 25992 KB] M&S algorithm main loop timer: 0.00493652s (after computation of next merge)
[t=0.0112467s, 25992 KB] M&S algorithm main loop timer: 0.00504228s (after merging)
[t=0.011283s, 25992 KB] M&S algorithm main loop timer: 0.00507042s (after pruning)

[t=0.0113095s, 25992 KB] Operator mutex starting iteration 1

[t=0.011402s, 25992 KB] In ts_1_3 of size 2 found num new op-mutexes 0

[t=0.0114963s, 25992 KB] In ts_1_4 of size 2 found num new op-mutexes 0

[t=0.0115885s, 25992 KB] In ts_1_5 of size 2 found num new op-mutexes 0

[t=0.0116793s, 25992 KB] In ts_1_6 of size 2 found num new op-mutexes 0

[t=0.0117789s, 25992 KB] In ts_1_7 of size 2 found num new op-mutexes 0

[t=0.0118833s, 25992 KB] In ts_1_8 of size 2 found num new op-mutexes 0

[t=0.0119767s, 25992 KB] In ts_1_9 of size 2 found num new op-mutexes 0

[t=0.0120679s, 25992 KB] In ts_1_10 of size 2 found num new op-mutexes 0

[t=0.0121578s, 25992 KB] In ts_1_11 of size 2 found num new op-mutexes 0

[t=0.0122478s, 25992 KB] In ts_1_12 of size 2 found num new op-mutexes 0

[t=0.0123373s, 25992 KB] In ts_1_13 of size 2 found num new op-mutexes 0

[t=0.0124263s, 25992 KB] In ts_1_14 of size 2 found num new op-mutexes 0

[t=0.0125155s, 25992 KB] In ts_1_15 of size 2 found num new op-mutexes 0

[t=0.0126039s, 25992 KB] In ts_1_16 of size 2 found num new op-mutexes 0

[t=0.0127034s, 25992 KB] In ts_1_17 of size 2 found num new op-mutexes 0

[t=0.0128062s, 25992 KB] In ts_1_18 of size 4 found num new op-mutexes 0

[t=0.0129359s, 25992 KB] In ts_1_19 of size 5 found num new op-mutexes 0

[t=0.0130309s, 25992 KB] In ts_1_20 of size 2 found num new op-mutexes 0

[t=0.0131577s, 25992 KB] In ts_1_21 of size 5 found num new op-mutexes 0

[t=0.0132594s, 25992 KB] In ts_1_22 of size 2 found num new op-mutexes 0

[t=0.0133598s, 25992 KB] In ts_1_23 of size 2 found num new op-mutexes 0

[t=0.0134589s, 25992 KB] In ts_1_24 of size 2 found num new op-mutexes 0

[t=0.0135581s, 25992 KB] In ts_1_25 of size 2 found num new op-mutexes 0

[t=0.0136564s, 25992 KB] In ts_1_26 of size 2 found num new op-mutexes 0

[t=0.0137542s, 25992 KB] In ts_1_27 of size 2 found num new op-mutexes 0

[t=0.0138511s, 25992 KB] In ts_1_28 of size 2 found num new op-mutexes 0

[t=0.0139497s, 25992 KB] In ts_1_29 of size 2 found num new op-mutexes 0

[t=0.0140475s, 25992 KB] In ts_1_30 of size 2 found num new op-mutexes 0

[t=0.0141458s, 25992 KB] In ts_1_31 of size 2 found num new op-mutexes 0

[t=0.0142519s, 25992 KB] In ts_1_32 of size 2 found num new op-mutexes 0

[t=0.0143684s, 25992 KB] In ts_1_33 of size 4 found num new op-mutexes 0

[t=0.0144804s, 25992 KB] In ts_1_34 of size 4 found num new op-mutexes 0

[t=0.0146094s, 25992 KB] In ts_1_35 of size 5 found num new op-mutexes 0

[t=0.0147144s, 25992 KB] In ts_1_36 of size 4 found num new op-mutexes 0

[t=0.0148388s, 25992 KB] In ts_1_37 of size 5 found num new op-mutexes 0

[t=0.0149406s, 25992 KB] In ts_1_38 of size 3 found num new op-mutexes 0

[t=0.0150406s, 25992 KB] In ts_1_39 of size 3 found num new op-mutexes 0

[t=0.0151544s, 25992 KB] In ts_1_41 of size 3 found num new op-mutexes 0
[t=0.0151883s, 25992 KB] Operator mutex finished iteration 1. Found an additional 0 operator mutexes

[t=0.0152353s, 25992 KB] Next pair of indices: (39, 35)
[t=0.0152588s, 25992 KB] M&S algorithm main loop timer: 0.00904731s (after computation of next merge)
[t=0.0152979s, 25992 KB] M&S algorithm main loop timer: 0.00908733s (after shrinking)
[t=0.0153854s, 25992 KB] M&S algorithm main loop timer: 0.00917698s (after merging)
[t=0.015417s, 25992 KB] M&S algorithm main loop timer: 0.00920422s (after pruning)

[t=0.0154431s, 25992 KB] Operator mutex starting iteration 2

[t=0.015542s, 25992 KB] In ts_2_3 of size 2 found num new op-mutexes 0

[t=0.015632s, 25992 KB] In ts_2_4 of size 2 found num new op-mutexes 0

[t=0.0157199s, 25992 KB] In ts_2_5 of size 2 found num new op-mutexes 0

[t=0.0158073s, 25992 KB] In ts_2_6 of size 2 found num new op-mutexes 0

[t=0.0158929s, 25992 KB] In ts_2_7 of size 2 found num new op-mutexes 0

[t=0.0159786s, 25992 KB] In ts_2_8 of size 2 found num new op-mutexes 0

[t=0.0160749s, 25992 KB] In ts_2_9 of size 2 found num new op-mutexes 0

[t=0.0161612s, 25992 KB] In ts_2_10 of size 2 found num new op-mutexes 0

[t=0.0162464s, 25992 KB] In ts_2_11 of size 2 found num new op-mutexes 0

[t=0.0163319s, 25992 KB] In ts_2_12 of size 2 found num new op-mutexes 0

[t=0.016417s, 25992 KB] In ts_2_13 of size 2 found num new op-mutexes 0

[t=0.0165016s, 25992 KB] In ts_2_14 of size 2 found num new op-mutexes 0

[t=0.0165865s, 25992 KB] In ts_2_15 of size 2 found num new op-mutexes 0

[t=0.0166707s, 25992 KB] In ts_2_16 of size 2 found num new op-mutexes 0

[t=0.0167557s, 25992 KB] In ts_2_17 of size 2 found num new op-mutexes 0

[t=0.0168464s, 25992 KB] In ts_2_18 of size 4 found num new op-mutexes 0

[t=0.016983s, 25992 KB] In ts_2_19 of size 5 found num new op-mutexes 0

[t=0.0170755s, 25992 KB] In ts_2_20 of size 2 found num new op-mutexes 0

[t=0.0171912s, 25992 KB] In ts_2_21 of size 5 found num new op-mutexes 0

[t=0.0172808s, 25992 KB] In ts_2_22 of size 2 found num new op-mutexes 0

[t=0.017369s, 25992 KB] In ts_2_23 of size 2 found num new op-mutexes 0

[t=0.0174556s, 25992 KB] In ts_2_24 of size 2 found num new op-mutexes 0

[t=0.0175418s, 25992 KB] In ts_2_25 of size 2 found num new op-mutexes 0

[t=0.017627s, 25992 KB] In ts_2_26 of size 2 found num new op-mutexes 0

[t=0.0177117s, 25992 KB] In ts_2_27 of size 2 found num new op-mutexes 0

[t=0.0178365s, 25992 KB] In ts_2_28 of size 2 found num new op-mutexes 0

[t=0.0179328s, 25992 KB] In ts_2_29 of size 2 found num new op-mutexes 0

[t=0.0180188s, 25992 KB] In ts_2_30 of size 2 found num new op-mutexes 0

[t=0.0181037s, 25992 KB] In ts_2_31 of size 2 found num new op-mutexes 0

[t=0.018188s, 25992 KB] In ts_2_32 of size 2 found num new op-mutexes 0

[t=0.0182782s, 25992 KB] In ts_2_33 of size 4 found num new op-mutexes 0

[t=0.0183682s, 25992 KB] In ts_2_34 of size 4 found num new op-mutexes 0

[t=0.0184698s, 25992 KB] In ts_2_36 of size 4 found num new op-mutexes 0

[t=0.0185905s, 25992 KB] In ts_2_37 of size 5 found num new op-mutexes 0

[t=0.0186804s, 25992 KB] In ts_2_38 of size 3 found num new op-mutexes 0

[t=0.0187738s, 25992 KB] In ts_2_41 of size 3 found num new op-mutexes 0

[t=0.0190481s, 25992 KB] In ts_2_42 of size 5 found num new op-mutexes 1648
[t=0.0190851s, 25992 KB] Operator mutex finished iteration 2. Found an additional 1648 operator mutexes

[t=0.0191171s, 25992 KB] Next pair of indices: (42, 34)
[t=0.0191395s, 25992 KB] M&S algorithm main loop timer: 0.0129258s (after computation of next merge)
[t=0.0192431s, 25992 KB] M&S algorithm main loop timer: 0.0130338s (after merging)
[t=0.0192776s, 25992 KB] M&S algorithm main loop timer: 0.0130656s (after pruning)

[t=0.0193045s, 25992 KB] Operator mutex starting iteration 3

[t=0.0193838s, 25992 KB] In ts_3_3 of size 2 found num new op-mutexes 0

[t=0.0194854s, 25992 KB] In ts_3_4 of size 2 found num new op-mutexes 0

[t=0.0195755s, 25992 KB] In ts_3_5 of size 2 found num new op-mutexes 0

[t=0.0196643s, 25992 KB] In ts_3_6 of size 2 found num new op-mutexes 0

[t=0.0197528s, 25992 KB] In ts_3_7 of size 2 found num new op-mutexes 0

[t=0.0198407s, 25992 KB] In ts_3_8 of size 2 found num new op-mutexes 0

[t=0.0199321s, 25992 KB] In ts_3_9 of size 2 found num new op-mutexes 0

[t=0.0200337s, 25992 KB] In ts_3_10 of size 2 found num new op-mutexes 0

[t=0.0201227s, 25992 KB] In ts_3_11 of size 2 found num new op-mutexes 0

[t=0.0202106s, 25992 KB] In ts_3_12 of size 2 found num new op-mutexes 0

[t=0.0203035s, 25992 KB] In ts_3_13 of size 2 found num new op-mutexes 0

[t=0.0204035s, 25992 KB] In ts_3_14 of size 2 found num new op-mutexes 0

[t=0.020493s, 25992 KB] In ts_3_15 of size 2 found num new op-mutexes 0

[t=0.0205806s, 25992 KB] In ts_3_16 of size 2 found num new op-mutexes 0

[t=0.0206723s, 25992 KB] In ts_3_17 of size 2 found num new op-mutexes 0

[t=0.0207725s, 25992 KB] In ts_3_18 of size 4 found num new op-mutexes 0

[t=0.0209115s, 25992 KB] In ts_3_19 of size 5 found num new op-mutexes 0

[t=0.0210108s, 25992 KB] In ts_3_20 of size 2 found num new op-mutexes 0

[t=0.021152s, 25992 KB] In ts_3_21 of size 5 found num new op-mutexes 0

[t=0.0212515s, 25992 KB] In ts_3_22 of size 2 found num new op-mutexes 0

[t=0.0213442s, 25992 KB] In ts_3_23 of size 2 found num new op-mutexes 0

[t=0.0214356s, 25992 KB] In ts_3_24 of size 2 found num new op-mutexes 0

[t=0.0215257s, 25992 KB] In ts_3_25 of size 2 found num new op-mutexes 0

[t=0.0216145s, 25992 KB] In ts_3_26 of size 2 found num new op-mutexes 0

[t=0.0217036s, 25992 KB] In ts_3_27 of size 2 found num new op-mutexes 0

[t=0.0217921s, 25992 KB] In ts_3_28 of size 2 found num new op-mutexes 0

[t=0.0218812s, 25992 KB] In ts_3_29 of size 2 found num new op-mutexes 0

[t=0.02198s, 25992 KB] In ts_3_30 of size 2 found num new op-mutexes 0

[t=0.0220679s, 25992 KB] In ts_3_31 of size 2 found num new op-mutexes 0

[t=0.0221552s, 25992 KB] In ts_3_32 of size 2 found num new op-mutexes 0

[t=0.0222486s, 25992 KB] In ts_3_33 of size 4 found num new op-mutexes 0

[t=0.022342s, 25992 KB] In ts_3_36 of size 4 found num new op-mutexes 0

[t=0.022486s, 25992 KB] In ts_3_37 of size 5 found num new op-mutexes 0

[t=0.0225796s, 25992 KB] In ts_3_38 of size 3 found num new op-mutexes 0

[t=0.0226758s, 25992 KB] In ts_3_41 of size 3 found num new op-mutexes 0

[t=0.0245682s, 26436 KB] In ts_3_43 of size 10 found num new op-mutexes 13440
[t=0.0246262s, 26436 KB] Operator mutex finished iteration 3. Found an additional 13440 operator mutexes

[t=0.0246605s, 26436 KB] Next pair of indices: (43, 30)
[t=0.0246852s, 26436 KB] M&S algorithm main loop timer: 0.0184731s (after computation of next merge)
[t=0.0248077s, 26436 KB] M&S algorithm main loop timer: 0.0186024s (after merging)
[t=0.0248455s, 26436 KB] M&S algorithm main loop timer: 0.0186343s (after pruning)

[t=0.0248734s, 26436 KB] Operator mutex starting iteration 4

[t=0.0249537s, 26436 KB] In ts_4_3 of size 2 found num new op-mutexes 0

[t=0.0250446s, 26436 KB] In ts_4_4 of size 2 found num new op-mutexes 0

[t=0.0251393s, 26436 KB] In ts_4_5 of size 2 found num new op-mutexes 0

[t=0.0252341s, 26436 KB] In ts_4_6 of size 2 found num new op-mutexes 0

[t=0.0253277s, 26436 KB] In ts_4_7 of size 2 found num new op-mutexes 0

[t=0.0254205s, 26436 KB] In ts_4_8 of size 2 found num new op-mutexes 0

[t=0.0255136s, 26436 KB] In ts_4_9 of size 2 found num new op-mutexes 0

[t=0.0256175s, 26436 KB] In ts_4_10 of size 2 found num new op-mutexes 0

[t=0.025717s, 26436 KB] In ts_4_11 of size 2 found num new op-mutexes 0

[t=0.0258097s, 26436 KB] In ts_4_12 of size 2 found num new op-mutexes 0

[t=0.0258977s, 26436 KB] In ts_4_13 of size 2 found num new op-mutexes 0

[t=0.0259845s, 26436 KB] In ts_4_14 of size 2 found num new op-mutexes 0

[t=0.0260813s, 26436 KB] In ts_4_15 of size 2 found num new op-mutexes 0

[t=0.0261675s, 26436 KB] In ts_4_16 of size 2 found num new op-mutexes 0

[t=0.0262536s, 26436 KB] In ts_4_17 of size 2 found num new op-mutexes 0

[t=0.0263465s, 26436 KB] In ts_4_18 of size 4 found num new op-mutexes 0

[t=0.0264796s, 26436 KB] In ts_4_19 of size 5 found num new op-mutexes 0

[t=0.0265918s, 26436 KB] In ts_4_20 of size 2 found num new op-mutexes 0

[t=0.0267257s, 26436 KB] In ts_4_21 of size 5 found num new op-mutexes 0

[t=0.0268176s, 26436 KB] In ts_4_22 of size 2 found num new op-mutexes 0

[t=0.0269067s, 26436 KB] In ts_4_23 of size 2 found num new op-mutexes 0

[t=0.0270057s, 26436 KB] In ts_4_24 of size 2 found num new op-mutexes 0

[t=0.0270943s, 26436 KB] In ts_4_25 of size 2 found num new op-mutexes 0

[t=0.0271816s, 26436 KB] In ts_4_26 of size 2 found num new op-mutexes 0

[t=0.0272685s, 26436 KB] In ts_4_27 of size 2 found num new op-mutexes 0

[t=0.027355s, 26436 KB] In ts_4_28 of size 2 found num new op-mutexes 0

[t=0.0274431s, 26436 KB] In ts_4_29 of size 2 found num new op-mutexes 0

[t=0.0275302s, 26436 KB] In ts_4_31 of size 2 found num new op-mutexes 0

[t=0.0276169s, 26436 KB] In ts_4_32 of size 2 found num new op-mutexes 0

[t=0.027708s, 26436 KB] In ts_4_33 of size 4 found num new op-mutexes 0

[t=0.0277998s, 26436 KB] In ts_4_36 of size 4 found num new op-mutexes 0

[t=0.0279273s, 26436 KB] In ts_4_37 of size 5 found num new op-mutexes 0

[t=0.0280199s, 26436 KB] In ts_4_38 of size 3 found num new op-mutexes 0

[t=0.0281145s, 26436 KB] In ts_4_41 of size 3 found num new op-mutexes 0

[t=0.0290558s, 26436 KB] In ts_4_44 of size 10 found num new op-mutexes 0
[t=0.0290984s, 26436 KB] Operator mutex finished iteration 4. Found an additional 0 operator mutexes

[t=0.0291309s, 26436 KB] Next pair of indices: (44, 28)
[t=0.0291535s, 26436 KB] M&S algorithm main loop timer: 0.0229398s (after computation of next merge)
[t=0.02927s, 26436 KB] M&S algorithm main loop timer: 0.0230619s (after merging)
[t=0.0293096s, 26436 KB] M&S algorithm main loop timer: 0.0230985s (after pruning)

[t=0.0293376s, 26436 KB] Operator mutex starting iteration 5

[t=0.0294185s, 26436 KB] In ts_5_3 of size 2 found num new op-mutexes 0

[t=0.0295125s, 26436 KB] In ts_5_4 of size 2 found num new op-mutexes 0

[t=0.0296044s, 26436 KB] In ts_5_5 of size 2 found num new op-mutexes 0

[t=0.0296952s, 26436 KB] In ts_5_6 of size 2 found num new op-mutexes 0

[t=0.0297853s, 26436 KB] In ts_5_7 of size 2 found num new op-mutexes 0

[t=0.0298746s, 26436 KB] In ts_5_8 of size 2 found num new op-mutexes 0

[t=0.0299648s, 26436 KB] In ts_5_9 of size 2 found num new op-mutexes 0

[t=0.0300543s, 26436 KB] In ts_5_10 of size 2 found num new op-mutexes 0

[t=0.0301437s, 26436 KB] In ts_5_11 of size 2 found num new op-mutexes 0

[t=0.0302333s, 26436 KB] In ts_5_12 of size 2 found num new op-mutexes 0

[t=0.0303229s, 26436 KB] In ts_5_13 of size 2 found num new op-mutexes 0

[t=0.0304122s, 26436 KB] In ts_5_14 of size 2 found num new op-mutexes 0

[t=0.0305011s, 26436 KB] In ts_5_15 of size 2 found num new op-mutexes 0

[t=0.03059s, 26436 KB] In ts_5_16 of size 2 found num new op-mutexes 0

[t=0.0306789s, 26436 KB] In ts_5_17 of size 2 found num new op-mutexes 0

[t=0.0307737s, 26436 KB] In ts_5_18 of size 4 found num new op-mutexes 0

[t=0.0309089s, 26436 KB] In ts_5_19 of size 5 found num new op-mutexes 0

[t=0.0310035s, 26436 KB] In ts_5_20 of size 2 found num new op-mutexes 0

[t=0.03113s, 26436 KB] In ts_5_21 of size 5 found num new op-mutexes 0

[t=0.0312239s, 26436 KB] In ts_5_22 of size 2 found num new op-mutexes 0

[t=0.0313157s, 26436 KB] In ts_5_23 of size 2 found num new op-mutexes 0

[t=0.031407s, 26436 KB] In ts_5_24 of size 2 found num new op-mutexes 0

[t=0.0315069s, 26436 KB] In ts_5_25 of size 2 found num new op-mutexes 0

[t=0.0315966s, 26436 KB] In ts_5_26 of size 2 found num new op-mutexes 0

[t=0.0317004s, 26436 KB] In ts_5_27 of size 2 found num new op-mutexes 0

[t=0.0318019s, 26436 KB] In ts_5_29 of size 2 found num new op-mutexes 0

[t=0.0318937s, 26436 KB] In ts_5_31 of size 2 found num new op-mutexes 0

[t=0.0319834s, 26436 KB] In ts_5_32 of size 2 found num new op-mutexes 0

[t=0.0320782s, 26436 KB] In ts_5_33 of size 4 found num new op-mutexes 0

[t=0.0321736s, 26436 KB] In ts_5_36 of size 4 found num new op-mutexes 0

[t=0.0323028s, 26436 KB] In ts_5_37 of size 5 found num new op-mutexes 0

[t=0.0324059s, 26436 KB] In ts_5_38 of size 3 found num new op-mutexes 0

[t=0.0325032s, 26436 KB] In ts_5_41 of size 3 found num new op-mutexes 0

[t=0.0335686s, 26436 KB] In ts_5_45 of size 18 found num new op-mutexes 804
[t=0.033617s, 26436 KB] Operator mutex finished iteration 5. Found an additional 804 operator mutexes

[t=0.0336503s, 26436 KB] Next pair of indices: (45, 24)
[t=0.0336723s, 26436 KB] M&S algorithm main loop timer: 0.0274587s (after computation of next merge)
[t=0.0338005s, 26436 KB] M&S algorithm main loop timer: 0.0275923s (after merging)
[t=0.0338438s, 26436 KB] M&S algorithm main loop timer: 0.0276325s (after pruning)

[t=0.0338713s, 26436 KB] Operator mutex starting iteration 6

[t=0.0339544s, 26436 KB] In ts_6_3 of size 2 found num new op-mutexes 0

[t=0.0340583s, 26436 KB] In ts_6_4 of size 2 found num new op-mutexes 0

[t=0.0341496s, 26436 KB] In ts_6_5 of size 2 found num new op-mutexes 0

[t=0.0342391s, 26436 KB] In ts_6_6 of size 2 found num new op-mutexes 0

[t=0.0343281s, 26436 KB] In ts_6_7 of size 2 found num new op-mutexes 0

[t=0.0344228s, 26436 KB] In ts_6_8 of size 2 found num new op-mutexes 0

[t=0.0345149s, 26436 KB] In ts_6_9 of size 2 found num new op-mutexes 0

[t=0.0346044s, 26436 KB] In ts_6_10 of size 2 found num new op-mutexes 0

[t=0.0346932s, 26436 KB] In ts_6_11 of size 2 found num new op-mutexes 0

[t=0.0347819s, 26436 KB] In ts_6_12 of size 2 found num new op-mutexes 0

[t=0.0348698s, 26436 KB] In ts_6_13 of size 2 found num new op-mutexes 0

[t=0.034967s, 26436 KB] In ts_6_14 of size 2 found num new op-mutexes 0

[t=0.0350545s, 26436 KB] In ts_6_15 of size 2 found num new op-mutexes 0

[t=0.0351721s, 26436 KB] In ts_6_16 of size 2 found num new op-mutexes 0

[t=0.0352693s, 26436 KB] In ts_6_17 of size 2 found num new op-mutexes 0

[t=0.0353704s, 26436 KB] In ts_6_18 of size 4 found num new op-mutexes 0

[t=0.0355123s, 26436 KB] In ts_6_19 of size 5 found num new op-mutexes 0

[t=0.0356063s, 26436 KB] In ts_6_20 of size 2 found num new op-mutexes 0

[t=0.0357344s, 26436 KB] In ts_6_21 of size 5 found num new op-mutexes 0

[t=0.0358269s, 26436 KB] In ts_6_22 of size 2 found num new op-mutexes 0

[t=0.035927s, 26436 KB] In ts_6_23 of size 2 found num new op-mutexes 0

[t=0.0360168s, 26436 KB] In ts_6_25 of size 2 found num new op-mutexes 0

[t=0.0361058s, 26436 KB] In ts_6_26 of size 2 found num new op-mutexes 0

[t=0.0361945s, 26436 KB] In ts_6_27 of size 2 found num new op-mutexes 0

[t=0.0362889s, 26436 KB] In ts_6_29 of size 2 found num new op-mutexes 0

[t=0.0363862s, 26436 KB] In ts_6_31 of size 2 found num new op-mutexes 0

[t=0.0364828s, 26436 KB] In ts_6_32 of size 2 found num new op-mutexes 0

[t=0.0365832s, 26436 KB] In ts_6_33 of size 4 found num new op-mutexes 0

[t=0.0366845s, 26436 KB] In ts_6_36 of size 4 found num new op-mutexes 0

[t=0.0368355s, 26436 KB] In ts_6_37 of size 5 found num new op-mutexes 0

[t=0.0369357s, 26436 KB] In ts_6_38 of size 3 found num new op-mutexes 0

[t=0.037047s, 26436 KB] In ts_6_41 of size 3 found num new op-mutexes 0

[t=0.0392832s, 26436 KB] In ts_6_46 of size 18 found num new op-mutexes 7268
[t=0.0393392s, 26436 KB] Operator mutex finished iteration 6. Found an additional 7268 operator mutexes

[t=0.039376s, 26436 KB] Next pair of indices: (46, 17)
[t=0.0393991s, 26436 KB] M&S algorithm main loop timer: 0.0331857s (after computation of next merge)
[t=0.0395573s, 26436 KB] M&S algorithm main loop timer: 0.0333593s (after merging)
[t=0.0396151s, 26436 KB] M&S algorithm main loop timer: 0.0334043s (after pruning)

[t=0.0396435s, 26436 KB] Operator mutex starting iteration 7

[t=0.0397303s, 26436 KB] In ts_7_3 of size 2 found num new op-mutexes 0

[t=0.0398256s, 26436 KB] In ts_7_4 of size 2 found num new op-mutexes 0

[t=0.0399206s, 26436 KB] In ts_7_5 of size 2 found num new op-mutexes 0

[t=0.0400134s, 26436 KB] In ts_7_6 of size 2 found num new op-mutexes 0

[t=0.0401056s, 26436 KB] In ts_7_7 of size 2 found num new op-mutexes 0

[t=0.0401975s, 26436 KB] In ts_7_8 of size 2 found num new op-mutexes 0

[t=0.0402896s, 26436 KB] In ts_7_9 of size 2 found num new op-mutexes 0

[t=0.0403816s, 26436 KB] In ts_7_10 of size 2 found num new op-mutexes 0

[t=0.0404722s, 26436 KB] In ts_7_11 of size 2 found num new op-mutexes 0

[t=0.040574s, 26436 KB] In ts_7_12 of size 2 found num new op-mutexes 0

[t=0.040673s, 26436 KB] In ts_7_13 of size 2 found num new op-mutexes 0

[t=0.0407677s, 26436 KB] In ts_7_14 of size 2 found num new op-mutexes 0

[t=0.0408583s, 26436 KB] In ts_7_15 of size 2 found num new op-mutexes 0

[t=0.0409483s, 26436 KB] In ts_7_16 of size 2 found num new op-mutexes 0

[t=0.0410447s, 26436 KB] In ts_7_18 of size 4 found num new op-mutexes 0

[t=0.0412096s, 26436 KB] In ts_7_19 of size 5 found num new op-mutexes 0

[t=0.0413066s, 26436 KB] In ts_7_20 of size 2 found num new op-mutexes 0

[t=0.0414456s, 26436 KB] In ts_7_21 of size 5 found num new op-mutexes 0

[t=0.0415421s, 26436 KB] In ts_7_22 of size 2 found num new op-mutexes 0

[t=0.0416346s, 26436 KB] In ts_7_23 of size 2 found num new op-mutexes 0

[t=0.0417271s, 26436 KB] In ts_7_25 of size 2 found num new op-mutexes 0

[t=0.041819s, 26436 KB] In ts_7_26 of size 2 found num new op-mutexes 0

[t=0.0419094s, 26436 KB] In ts_7_27 of size 2 found num new op-mutexes 0

[t=0.0420016s, 26436 KB] In ts_7_29 of size 2 found num new op-mutexes 0

[t=0.0420934s, 26436 KB] In ts_7_31 of size 2 found num new op-mutexes 0

[t=0.0421838s, 26436 KB] In ts_7_32 of size 2 found num new op-mutexes 0

[t=0.0422872s, 26436 KB] In ts_7_33 of size 4 found num new op-mutexes 0

[t=0.0423904s, 26436 KB] In ts_7_36 of size 4 found num new op-mutexes 0

[t=0.0425521s, 26436 KB] In ts_7_37 of size 5 found num new op-mutexes 0

[t=0.0426491s, 26436 KB] In ts_7_38 of size 3 found num new op-mutexes 0

[t=0.0427479s, 26436 KB] In ts_7_41 of size 3 found num new op-mutexes 0

[t=0.0449179s, 26436 KB] In ts_7_47 of size 33 found num new op-mutexes 788
[t=0.0449756s, 26436 KB] Operator mutex finished iteration 7. Found an additional 788 operator mutexes

[t=0.0450133s, 26436 KB] Next pair of indices: (47, 16)
[t=0.0450374s, 26436 KB] M&S algorithm main loop timer: 0.0388249s (after computation of next merge)
[t=0.0452229s, 26436 KB] M&S algorithm main loop timer: 0.0390191s (after merging)
[t=0.0452744s, 26436 KB] M&S algorithm main loop timer: 0.0390649s (after pruning)

[t=0.0453042s, 26436 KB] Operator mutex starting iteration 8

[t=0.0453881s, 26436 KB] In ts_8_3 of size 2 found num new op-mutexes 0

[t=0.0454835s, 26436 KB] In ts_8_4 of size 2 found num new op-mutexes 0

[t=0.0455773s, 26436 KB] In ts_8_5 of size 2 found num new op-mutexes 0

[t=0.04567s, 26436 KB] In ts_8_6 of size 2 found num new op-mutexes 0

[t=0.0457624s, 26436 KB] In ts_8_7 of size 2 found num new op-mutexes 0

[t=0.0458624s, 26436 KB] In ts_8_8 of size 2 found num new op-mutexes 0

[t=0.0459712s, 26436 KB] In ts_8_9 of size 2 found num new op-mutexes 0

[t=0.0460707s, 26436 KB] In ts_8_10 of size 2 found num new op-mutexes 0

[t=0.0461697s, 26436 KB] In ts_8_11 of size 2 found num new op-mutexes 0

[t=0.0462673s, 26436 KB] In ts_8_12 of size 2 found num new op-mutexes 0

[t=0.0463646s, 26436 KB] In ts_8_13 of size 2 found num new op-mutexes 0

[t=0.0464618s, 26436 KB] In ts_8_14 of size 2 found num new op-mutexes 0

[t=0.0465586s, 26436 KB] In ts_8_15 of size 2 found num new op-mutexes 0

[t=0.0466606s, 26436 KB] In ts_8_18 of size 4 found num new op-mutexes 0

[t=0.046813s, 26436 KB] In ts_8_19 of size 5 found num new op-mutexes 0

[t=0.0469236s, 26436 KB] In ts_8_20 of size 2 found num new op-mutexes 0

[t=0.0470586s, 26436 KB] In ts_8_21 of size 5 found num new op-mutexes 0

[t=0.0471594s, 26436 KB] In ts_8_22 of size 2 found num new op-mutexes 0

[t=0.0472584s, 26436 KB] In ts_8_23 of size 2 found num new op-mutexes 0

[t=0.0473575s, 26436 KB] In ts_8_25 of size 2 found num new op-mutexes 0

[t=0.0474549s, 26436 KB] In ts_8_26 of size 2 found num new op-mutexes 0

[t=0.0475516s, 26436 KB] In ts_8_27 of size 2 found num new op-mutexes 0

[t=0.0476492s, 26436 KB] In ts_8_29 of size 2 found num new op-mutexes 0

[t=0.047747s, 26436 KB] In ts_8_31 of size 2 found num new op-mutexes 0

[t=0.0478448s, 26436 KB] In ts_8_32 of size 2 found num new op-mutexes 0

[t=0.0479473s, 26436 KB] In ts_8_33 of size 4 found num new op-mutexes 0

[t=0.0480521s, 26436 KB] In ts_8_36 of size 4 found num new op-mutexes 0

[t=0.0482027s, 26436 KB] In ts_8_37 of size 5 found num new op-mutexes 0

[t=0.0483146s, 26436 KB] In ts_8_38 of size 3 found num new op-mutexes 0

[t=0.0484195s, 26436 KB] In ts_8_41 of size 3 found num new op-mutexes 0

[t=0.0528015s, 27040 KB] In ts_8_48 of size 18 found num new op-mutexes 17816
[t=0.0528741s, 27040 KB] Operator mutex finished iteration 8. Found an additional 17816 operator mutexes

[t=0.0529122s, 27040 KB] Next pair of indices: (48, 8)
[t=0.0529362s, 27040 KB] M&S algorithm main loop timer: 0.0467228s (after computation of next merge)
[t=0.0530936s, 27040 KB] M&S algorithm main loop timer: 0.0468866s (after merging)

[t=0.0531302s, 27040 KB] Operator mutex starting iteration 9

[t=0.0532172s, 27040 KB] In ts_9_3 of size 2 found num new op-mutexes 0

[t=0.0533405s, 27040 KB] In ts_9_4 of size 2 found num new op-mutexes 0

[t=0.0534787s, 27040 KB] In ts_9_5 of size 2 found num new op-mutexes 0

[t=0.0535832s, 27040 KB] In ts_9_6 of size 2 found num new op-mutexes 0

[t=0.0536834s, 27040 KB] In ts_9_7 of size 2 found num new op-mutexes 0

[t=0.0537823s, 27040 KB] In ts_9_9 of size 2 found num new op-mutexes 0

[t=0.05389s, 27040 KB] In ts_9_10 of size 2 found num new op-mutexes 0

[t=0.0539875s, 27040 KB] In ts_9_11 of size 2 found num new op-mutexes 0

[t=0.0540854s, 27040 KB] In ts_9_12 of size 2 found num new op-mutexes 0

[t=0.0541827s, 27040 KB] In ts_9_13 of size 2 found num new op-mutexes 0

[t=0.0542794s, 27040 KB] In ts_9_14 of size 2 found num new op-mutexes 0

[t=0.0543743s, 27040 KB] In ts_9_15 of size 2 found num new op-mutexes 0

[t=0.0544797s, 27040 KB] In ts_9_18 of size 4 found num new op-mutexes 0

[t=0.0546332s, 27040 KB] In ts_9_19 of size 5 found num new op-mutexes 0

[t=0.0547354s, 27040 KB] In ts_9_20 of size 2 found num new op-mutexes 0

[t=0.0548841s, 27040 KB] In ts_9_21 of size 5 found num new op-mutexes 0

[t=0.0549853s, 27040 KB] In ts_9_22 of size 2 found num new op-mutexes 0

[t=0.0550849s, 27040 KB] In ts_9_23 of size 2 found num new op-mutexes 0

[t=0.0551827s, 27040 KB] In ts_9_25 of size 2 found num new op-mutexes 0

[t=0.0552805s, 27040 KB] In ts_9_26 of size 2 found num new op-mutexes 0

[t=0.0553785s, 27040 KB] In ts_9_27 of size 2 found num new op-mutexes 0

[t=0.0554762s, 27040 KB] In ts_9_29 of size 2 found num new op-mutexes 0

[t=0.0555742s, 27040 KB] In ts_9_31 of size 2 found num new op-mutexes 0

[t=0.0556717s, 27040 KB] In ts_9_32 of size 2 found num new op-mutexes 0

[t=0.0557746s, 27040 KB] In ts_9_33 of size 4 found num new op-mutexes 0

[t=0.0558777s, 27040 KB] In ts_9_36 of size 4 found num new op-mutexes 0

[t=0.0560319s, 27040 KB] In ts_9_37 of size 5 found num new op-mutexes 0

[t=0.0561363s, 27040 KB] In ts_9_38 of size 3 found num new op-mutexes 0

[t=0.0562376s, 27040 KB] In ts_9_41 of size 3 found num new op-mutexes 0

[t=0.0592154s, 27040 KB] In ts_9_49 of size 36 found num new op-mutexes 0
[t=0.0592667s, 27040 KB] Operator mutex finished iteration 9. Found an additional 0 operator mutexes

[t=0.0593034s, 27040 KB] Next pair of indices: (49, 37)
[t=0.059327s, 27040 KB] M&S algorithm main loop timer: 0.0531136s (after computation of next merge)
[t=0.0595985s, 27040 KB] M&S algorithm main loop timer: 0.053394s (after merging)

[t=0.0596651s, 27040 KB] Operator mutex starting iteration 10

[t=0.059754s, 27040 KB] In ts_10_3 of size 2 found num new op-mutexes 0

[t=0.0598508s, 27040 KB] In ts_10_4 of size 2 found num new op-mutexes 0

[t=0.0599452s, 27040 KB] In ts_10_5 of size 2 found num new op-mutexes 0

[t=0.0600382s, 27040 KB] In ts_10_6 of size 2 found num new op-mutexes 0

[t=0.0601301s, 27040 KB] In ts_10_7 of size 2 found num new op-mutexes 0

[t=0.0602227s, 27040 KB] In ts_10_9 of size 2 found num new op-mutexes 0

[t=0.0603153s, 27040 KB] In ts_10_10 of size 2 found num new op-mutexes 0

[t=0.0604067s, 27040 KB] In ts_10_11 of size 2 found num new op-mutexes 0

[t=0.060498s, 27040 KB] In ts_10_12 of size 2 found num new op-mutexes 0

[t=0.0606187s, 27040 KB] In ts_10_13 of size 2 found num new op-mutexes 0

[t=0.0607123s, 27040 KB] In ts_10_14 of size 2 found num new op-mutexes 0

[t=0.060803s, 27040 KB] In ts_10_15 of size 2 found num new op-mutexes 0

[t=0.0609004s, 27040 KB] In ts_10_18 of size 4 found num new op-mutexes 0

[t=0.0610484s, 27040 KB] In ts_10_19 of size 5 found num new op-mutexes 0

[t=0.0611449s, 27040 KB] In ts_10_20 of size 2 found num new op-mutexes 0

[t=0.0612903s, 27040 KB] In ts_10_21 of size 5 found num new op-mutexes 0

[t=0.0613864s, 27040 KB] In ts_10_22 of size 2 found num new op-mutexes 0

[t=0.0614802s, 27040 KB] In ts_10_23 of size 2 found num new op-mutexes 0

[t=0.0615818s, 27040 KB] In ts_10_25 of size 2 found num new op-mutexes 0

[t=0.0616771s, 27040 KB] In ts_10_26 of size 2 found num new op-mutexes 0

[t=0.061768s, 27040 KB] In ts_10_27 of size 2 found num new op-mutexes 0

[t=0.0618604s, 27040 KB] In ts_10_29 of size 2 found num new op-mutexes 0

[t=0.0619525s, 27040 KB] In ts_10_31 of size 2 found num new op-mutexes 0

[t=0.0620437s, 27040 KB] In ts_10_32 of size 2 found num new op-mutexes 0

[t=0.0621414s, 27040 KB] In ts_10_33 of size 4 found num new op-mutexes 0

[t=0.0622377s, 27040 KB] In ts_10_36 of size 4 found num new op-mutexes 0

[t=0.0623324s, 27040 KB] In ts_10_38 of size 3 found num new op-mutexes 0

[t=0.0624595s, 27040 KB] In ts_10_41 of size 3 found num new op-mutexes 0

[t=0.0663681s, 27040 KB] In ts_10_50 of size 180 found num new op-mutexes 0
[t=0.0664228s, 27040 KB] Operator mutex finished iteration 10. Found an additional 0 operator mutexes

[t=0.0664616s, 27040 KB] Next pair of indices: (50, 32)
[t=0.0664853s, 27040 KB] M&S algorithm main loop timer: 0.0602722s (after computation of next merge)
[t=0.0669119s, 27040 KB] M&S algorithm main loop timer: 0.0607124s (after merging)
[t=0.0669944s, 27040 KB] M&S algorithm main loop timer: 0.0607864s (after pruning)

[t=0.0670263s, 27040 KB] Operator mutex starting iteration 11

[t=0.0671178s, 27040 KB] In ts_11_3 of size 2 found num new op-mutexes 0

[t=0.0672147s, 27040 KB] In ts_11_4 of size 2 found num new op-mutexes 0

[t=0.0673087s, 27040 KB] In ts_11_5 of size 2 found num new op-mutexes 0

[t=0.0674013s, 27040 KB] In ts_11_6 of size 2 found num new op-mutexes 0

[t=0.0674923s, 27040 KB] In ts_11_7 of size 2 found num new op-mutexes 0

[t=0.067584s, 27040 KB] In ts_11_9 of size 2 found num new op-mutexes 0

[t=0.0676755s, 27040 KB] In ts_11_10 of size 2 found num new op-mutexes 0

[t=0.0677663s, 27040 KB] In ts_11_11 of size 2 found num new op-mutexes 0

[t=0.0678563s, 27040 KB] In ts_11_12 of size 2 found num new op-mutexes 0

[t=0.0679462s, 27040 KB] In ts_11_13 of size 2 found num new op-mutexes 0

[t=0.0680701s, 27040 KB] In ts_11_14 of size 2 found num new op-mutexes 0

[t=0.0681642s, 27040 KB] In ts_11_15 of size 2 found num new op-mutexes 0

[t=0.0682619s, 27040 KB] In ts_11_18 of size 4 found num new op-mutexes 0

[t=0.0684059s, 27040 KB] In ts_11_19 of size 5 found num new op-mutexes 0

[t=0.0685033s, 27040 KB] In ts_11_20 of size 2 found num new op-mutexes 0

[t=0.0686439s, 27040 KB] In ts_11_21 of size 5 found num new op-mutexes 0

[t=0.0687395s, 27040 KB] In ts_11_22 of size 2 found num new op-mutexes 0

[t=0.0688321s, 27040 KB] In ts_11_23 of size 2 found num new op-mutexes 0

[t=0.0689241s, 27040 KB] In ts_11_25 of size 2 found num new op-mutexes 0

[t=0.0690154s, 27040 KB] In ts_11_26 of size 2 found num new op-mutexes 0

[t=0.0691057s, 27040 KB] In ts_11_27 of size 2 found num new op-mutexes 0

[t=0.0691973s, 27040 KB] In ts_11_29 of size 2 found num new op-mutexes 0

[t=0.0692884s, 27040 KB] In ts_11_31 of size 2 found num new op-mutexes 0

[t=0.0693841s, 27040 KB] In ts_11_33 of size 4 found num new op-mutexes 0

[t=0.0694786s, 27040 KB] In ts_11_36 of size 4 found num new op-mutexes 0

[t=0.0695732s, 27040 KB] In ts_11_38 of size 3 found num new op-mutexes 0

[t=0.0696709s, 27040 KB] In ts_11_41 of size 3 found num new op-mutexes 0

[t=0.0728295s, 27040 KB] In ts_11_51 of size 180 found num new op-mutexes 0
[t=0.0728884s, 27040 KB] Operator mutex finished iteration 11. Found an additional 0 operator mutexes

[t=0.0729276s, 27040 KB] Next pair of indices: (51, 27)
[t=0.072955s, 27040 KB] M&S algorithm main loop timer: 0.066742s (after computation of next merge)
[t=0.0734299s, 27040 KB] M&S algorithm main loop timer: 0.0672303s (after merging)
[t=0.0735404s, 27040 KB] M&S algorithm main loop timer: 0.0673353s (after pruning)

[t=0.0735753s, 27040 KB] Operator mutex starting iteration 12

[t=0.0736679s, 27040 KB] In ts_12_3 of size 2 found num new op-mutexes 0

[t=0.0737694s, 27040 KB] In ts_12_4 of size 2 found num new op-mutexes 0

[t=0.0738707s, 27040 KB] In ts_12_5 of size 2 found num new op-mutexes 0

[t=0.0739712s, 27040 KB] In ts_12_6 of size 2 found num new op-mutexes 0

[t=0.0740708s, 27040 KB] In ts_12_7 of size 2 found num new op-mutexes 0

[t=0.0741708s, 27040 KB] In ts_12_9 of size 2 found num new op-mutexes 0

[t=0.0742707s, 27040 KB] In ts_12_10 of size 2 found num new op-mutexes 0

[t=0.07437s, 27040 KB] In ts_12_11 of size 2 found num new op-mutexes 0

[t=0.0744869s, 27040 KB] In ts_12_12 of size 2 found num new op-mutexes 0

[t=0.0745932s, 27040 KB] In ts_12_13 of size 2 found num new op-mutexes 0

[t=0.0746872s, 27040 KB] In ts_12_14 of size 2 found num new op-mutexes 0

[t=0.074779s, 27040 KB] In ts_12_15 of size 2 found num new op-mutexes 0

[t=0.0748786s, 27040 KB] In ts_12_18 of size 4 found num new op-mutexes 0

[t=0.0750193s, 27040 KB] In ts_12_19 of size 5 found num new op-mutexes 0

[t=0.0751166s, 27040 KB] In ts_12_20 of size 2 found num new op-mutexes 0

[t=0.0752619s, 27040 KB] In ts_12_21 of size 5 found num new op-mutexes 0

[t=0.0753722s, 27040 KB] In ts_12_22 of size 2 found num new op-mutexes 0

[t=0.0754665s, 27040 KB] In ts_12_23 of size 2 found num new op-mutexes 0

[t=0.0755599s, 27040 KB] In ts_12_25 of size 2 found num new op-mutexes 0

[t=0.0756525s, 27040 KB] In ts_12_26 of size 2 found num new op-mutexes 0

[t=0.0757451s, 27040 KB] In ts_12_29 of size 2 found num new op-mutexes 0

[t=0.0758371s, 27040 KB] In ts_12_31 of size 2 found num new op-mutexes 0

[t=0.0759337s, 27040 KB] In ts_12_33 of size 4 found num new op-mutexes 0

[t=0.076031s, 27040 KB] In ts_12_36 of size 4 found num new op-mutexes 0

[t=0.0761261s, 27040 KB] In ts_12_38 of size 3 found num new op-mutexes 0

[t=0.076225s, 27040 KB] In ts_12_41 of size 3 found num new op-mutexes 0

[t=0.0797033s, 27040 KB] In ts_12_52 of size 324 found num new op-mutexes 0
[t=0.0797573s, 27040 KB] Operator mutex finished iteration 12. Found an additional 0 operator mutexes

[t=0.0798034s, 27040 KB] Next pair of indices: (52, 23)
[t=0.0798271s, 27040 KB] M&S algorithm main loop timer: 0.0736139s (after computation of next merge)
[t=0.0805423s, 27040 KB] M&S algorithm main loop timer: 0.0743468s (after merging)
[t=0.0806713s, 27040 KB] M&S algorithm main loop timer: 0.0744665s (after pruning)

[t=0.0807062s, 27040 KB] Operator mutex starting iteration 13

[t=0.0807898s, 27040 KB] In ts_13_3 of size 2 found num new op-mutexes 0

[t=0.0808943s, 27040 KB] In ts_13_4 of size 2 found num new op-mutexes 0

[t=0.0809876s, 27040 KB] In ts_13_5 of size 2 found num new op-mutexes 0

[t=0.0811055s, 27040 KB] In ts_13_6 of size 2 found num new op-mutexes 0

[t=0.0812009s, 27040 KB] In ts_13_7 of size 2 found num new op-mutexes 0

[t=0.0812914s, 27040 KB] In ts_13_9 of size 2 found num new op-mutexes 0

[t=0.0813821s, 27040 KB] In ts_13_10 of size 2 found num new op-mutexes 0

[t=0.0814716s, 27040 KB] In ts_13_11 of size 2 found num new op-mutexes 0

[t=0.0815604s, 27040 KB] In ts_13_12 of size 2 found num new op-mutexes 0

[t=0.0816491s, 27040 KB] In ts_13_13 of size 2 found num new op-mutexes 0

[t=0.0817378s, 27040 KB] In ts_13_14 of size 2 found num new op-mutexes 0

[t=0.0818267s, 27040 KB] In ts_13_15 of size 2 found num new op-mutexes 0

[t=0.08193s, 27040 KB] In ts_13_18 of size 4 found num new op-mutexes 0

[t=0.0820727s, 27040 KB] In ts_13_19 of size 5 found num new op-mutexes 0

[t=0.0821686s, 27040 KB] In ts_13_20 of size 2 found num new op-mutexes 0

[t=0.0822974s, 27040 KB] In ts_13_21 of size 5 found num new op-mutexes 0

[t=0.0823924s, 27040 KB] In ts_13_22 of size 2 found num new op-mutexes 0

[t=0.0824932s, 27040 KB] In ts_13_25 of size 2 found num new op-mutexes 0

[t=0.0825839s, 27040 KB] In ts_13_26 of size 2 found num new op-mutexes 0

[t=0.0826895s, 27040 KB] In ts_13_29 of size 2 found num new op-mutexes 0

[t=0.0827837s, 27040 KB] In ts_13_31 of size 2 found num new op-mutexes 0

[t=0.0828787s, 27040 KB] In ts_13_33 of size 4 found num new op-mutexes 0

[t=0.0829735s, 27040 KB] In ts_13_36 of size 4 found num new op-mutexes 0

[t=0.0830675s, 27040 KB] In ts_13_38 of size 3 found num new op-mutexes 0

[t=0.0831647s, 27040 KB] In ts_13_41 of size 3 found num new op-mutexes 0

[t=0.0878364s, 27172 KB] In ts_13_53 of size 324 found num new op-mutexes 7420
[t=0.087894s, 27172 KB] Operator mutex finished iteration 13. Found an additional 7420 operator mutexes

[t=0.08793s, 27172 KB] Next pair of indices: (53, 21)
[t=0.0879536s, 27172 KB] M&S algorithm main loop timer: 0.0817404s (after computation of next merge)
[t=0.0895364s, 27308 KB] M&S algorithm main loop timer: 0.0833599s (after merging)

[t=0.0896878s, 27308 KB] Operator mutex starting iteration 14

[t=0.0897899s, 27308 KB] In ts_14_3 of size 2 found num new op-mutexes 0

[t=0.0898867s, 27308 KB] In ts_14_4 of size 2 found num new op-mutexes 0

[t=0.0899807s, 27308 KB] In ts_14_5 of size 2 found num new op-mutexes 0

[t=0.0900735s, 27308 KB] In ts_14_6 of size 2 found num new op-mutexes 0

[t=0.0901743s, 27308 KB] In ts_14_7 of size 2 found num new op-mutexes 0

[t=0.0902656s, 27308 KB] In ts_14_9 of size 2 found num new op-mutexes 0

[t=0.0903726s, 27308 KB] In ts_14_10 of size 2 found num new op-mutexes 0

[t=0.0904792s, 27308 KB] In ts_14_11 of size 2 found num new op-mutexes 0

[t=0.0905718s, 27308 KB] In ts_14_12 of size 2 found num new op-mutexes 0

[t=0.0906622s, 27308 KB] In ts_14_13 of size 2 found num new op-mutexes 0

[t=0.0907527s, 27308 KB] In ts_14_14 of size 2 found num new op-mutexes 0

[t=0.0908429s, 27308 KB] In ts_14_15 of size 2 found num new op-mutexes 0

[t=0.0909404s, 27308 KB] In ts_14_18 of size 4 found num new op-mutexes 0

[t=0.0910841s, 27308 KB] In ts_14_19 of size 5 found num new op-mutexes 0

[t=0.0911909s, 27308 KB] In ts_14_20 of size 2 found num new op-mutexes 0

[t=0.0912838s, 27308 KB] In ts_14_22 of size 2 found num new op-mutexes 0

[t=0.0913766s, 27308 KB] In ts_14_25 of size 2 found num new op-mutexes 0

[t=0.0914673s, 27308 KB] In ts_14_26 of size 2 found num new op-mutexes 0

[t=0.0915668s, 27308 KB] In ts_14_29 of size 2 found num new op-mutexes 0

[t=0.0916579s, 27308 KB] In ts_14_31 of size 2 found num new op-mutexes 0

[t=0.0917532s, 27308 KB] In ts_14_33 of size 4 found num new op-mutexes 0

[t=0.091859s, 27308 KB] In ts_14_36 of size 4 found num new op-mutexes 0

[t=0.091953s, 27308 KB] In ts_14_38 of size 3 found num new op-mutexes 0

[t=0.092051s, 27308 KB] In ts_14_41 of size 3 found num new op-mutexes 0

[t=0.101214s, 28260 KB] In ts_14_54 of size 1620 found num new op-mutexes 0
[t=0.101303s, 28260 KB] Operator mutex finished iteration 14. Found an additional 0 operator mutexes

[t=0.101341s, 28260 KB] Next pair of indices: (54, 33)
[t=0.101365s, 28260 KB] M&S algorithm main loop timer: 0.095152s (after computation of next merge)
[t=0.107889s, 28544 KB] M&S algorithm main loop timer: 0.101699s (after merging)
[t=0.10879s, 28544 KB] M&S algorithm main loop timer: 0.102586s (after pruning)

[t=0.108826s, 28544 KB] Operator mutex starting iteration 15

[t=0.108912s, 28544 KB] In ts_15_3 of size 2 found num new op-mutexes 0

[t=0.109012s, 28544 KB] In ts_15_4 of size 2 found num new op-mutexes 0

[t=0.109107s, 28544 KB] In ts_15_5 of size 2 found num new op-mutexes 0

[t=0.109197s, 28544 KB] In ts_15_6 of size 2 found num new op-mutexes 0

[t=0.109286s, 28544 KB] In ts_15_7 of size 2 found num new op-mutexes 0

[t=0.109375s, 28544 KB] In ts_15_9 of size 2 found num new op-mutexes 0

[t=0.109465s, 28544 KB] In ts_15_10 of size 2 found num new op-mutexes 0

[t=0.109554s, 28544 KB] In ts_15_11 of size 2 found num new op-mutexes 0

[t=0.109643s, 28544 KB] In ts_15_12 of size 2 found num new op-mutexes 0

[t=0.10977s, 28544 KB] In ts_15_13 of size 2 found num new op-mutexes 0

[t=0.109869s, 28544 KB] In ts_15_14 of size 2 found num new op-mutexes 0

[t=0.109958s, 28544 KB] In ts_15_15 of size 2 found num new op-mutexes 0

[t=0.110054s, 28544 KB] In ts_15_18 of size 4 found num new op-mutexes 0

[t=0.110232s, 28544 KB] In ts_15_19 of size 5 found num new op-mutexes 0

[t=0.110328s, 28544 KB] In ts_15_20 of size 2 found num new op-mutexes 0

[t=0.110419s, 28544 KB] In ts_15_22 of size 2 found num new op-mutexes 0

[t=0.11051s, 28544 KB] In ts_15_25 of size 2 found num new op-mutexes 0

[t=0.1106s, 28544 KB] In ts_15_26 of size 2 found num new op-mutexes 0

[t=0.110704s, 28544 KB] In ts_15_29 of size 2 found num new op-mutexes 0

[t=0.110794s, 28544 KB] In ts_15_31 of size 2 found num new op-mutexes 0

[t=0.110888s, 28544 KB] In ts_15_36 of size 4 found num new op-mutexes 0

[t=0.110982s, 28544 KB] In ts_15_38 of size 3 found num new op-mutexes 0

[t=0.111081s, 28544 KB] In ts_15_41 of size 3 found num new op-mutexes 0

[t=0.130015s, 30564 KB] In ts_15_55 of size 3240 found num new op-mutexes 11520
[t=0.130128s, 30564 KB] Operator mutex finished iteration 15. Found an additional 11520 operator mutexes

[t=0.130169s, 30564 KB] Next pair of indices: (55, 29)
[t=0.130193s, 30564 KB] M&S algorithm main loop timer: 0.12398s (after computation of next merge)
[t=0.137606s, 30564 KB] M&S algorithm main loop timer: 0.131425s (after merging)
[t=0.138485s, 30564 KB] M&S algorithm main loop timer: 0.132306s (after pruning)

[t=0.138547s, 30564 KB] Operator mutex starting iteration 16

[t=0.138638s, 30564 KB] In ts_16_3 of size 2 found num new op-mutexes 0

[t=0.138733s, 30564 KB] In ts_16_4 of size 2 found num new op-mutexes 0

[t=0.138823s, 30564 KB] In ts_16_5 of size 2 found num new op-mutexes 0

[t=0.138912s, 30564 KB] In ts_16_6 of size 2 found num new op-mutexes 0

[t=0.139s, 30564 KB] In ts_16_7 of size 2 found num new op-mutexes 0

[t=0.139089s, 30564 KB] In ts_16_9 of size 2 found num new op-mutexes 0

[t=0.139201s, 30564 KB] In ts_16_10 of size 2 found num new op-mutexes 0

[t=0.139302s, 30564 KB] In ts_16_11 of size 2 found num new op-mutexes 0

[t=0.139391s, 30564 KB] In ts_16_12 of size 2 found num new op-mutexes 0

[t=0.139479s, 30564 KB] In ts_16_13 of size 2 found num new op-mutexes 0

[t=0.139567s, 30564 KB] In ts_16_14 of size 2 found num new op-mutexes 0

[t=0.139655s, 30564 KB] In ts_16_15 of size 2 found num new op-mutexes 0

[t=0.139751s, 30564 KB] In ts_16_18 of size 4 found num new op-mutexes 0

[t=0.139932s, 30564 KB] In ts_16_19 of size 5 found num new op-mutexes 0

[t=0.140025s, 30564 KB] In ts_16_20 of size 2 found num new op-mutexes 0

[t=0.140116s, 30564 KB] In ts_16_22 of size 2 found num new op-mutexes 0

[t=0.140206s, 30564 KB] In ts_16_25 of size 2 found num new op-mutexes 0

[t=0.140294s, 30564 KB] In ts_16_26 of size 2 found num new op-mutexes 0

[t=0.140384s, 30564 KB] In ts_16_31 of size 2 found num new op-mutexes 0

[t=0.140477s, 30564 KB] In ts_16_36 of size 4 found num new op-mutexes 0

[t=0.140569s, 30564 KB] In ts_16_38 of size 3 found num new op-mutexes 0

[t=0.140669s, 30564 KB] In ts_16_41 of size 3 found num new op-mutexes 0

[t=0.158154s, 30784 KB] In ts_16_56 of size 3240 found num new op-mutexes 0
[t=0.158263s, 30784 KB] Operator mutex finished iteration 16. Found an additional 0 operator mutexes

[t=0.158302s, 30784 KB] Next pair of indices: (56, 26)
[t=0.158327s, 30784 KB] M&S algorithm main loop timer: 0.152114s (after computation of next merge)
[t=0.16715s, 30784 KB] M&S algorithm main loop timer: 0.160988s (after merging)
[t=0.168884s, 30784 KB] M&S algorithm main loop timer: 0.162736s (after pruning)

[t=0.168979s, 30784 KB] Operator mutex starting iteration 17

[t=0.169071s, 30784 KB] In ts_17_3 of size 2 found num new op-mutexes 0

[t=0.169167s, 30784 KB] In ts_17_4 of size 2 found num new op-mutexes 0

[t=0.16926s, 30784 KB] In ts_17_5 of size 2 found num new op-mutexes 0

[t=0.169352s, 30784 KB] In ts_17_6 of size 2 found num new op-mutexes 0

[t=0.169441s, 30784 KB] In ts_17_7 of size 2 found num new op-mutexes 0

[t=0.169532s, 30784 KB] In ts_17_9 of size 2 found num new op-mutexes 0

[t=0.169635s, 30784 KB] In ts_17_10 of size 2 found num new op-mutexes 0

[t=0.169732s, 30784 KB] In ts_17_11 of size 2 found num new op-mutexes 0

[t=0.169828s, 30784 KB] In ts_17_12 of size 2 found num new op-mutexes 0

[t=0.169923s, 30784 KB] In ts_17_13 of size 2 found num new op-mutexes 0

[t=0.170018s, 30784 KB] In ts_17_14 of size 2 found num new op-mutexes 0

[t=0.170123s, 30784 KB] In ts_17_15 of size 2 found num new op-mutexes 0

[t=0.170226s, 30784 KB] In ts_17_18 of size 4 found num new op-mutexes 0

[t=0.170413s, 30784 KB] In ts_17_19 of size 5 found num new op-mutexes 0

[t=0.170514s, 30784 KB] In ts_17_20 of size 2 found num new op-mutexes 0

[t=0.170611s, 30784 KB] In ts_17_22 of size 2 found num new op-mutexes 0

[t=0.170707s, 30784 KB] In ts_17_25 of size 2 found num new op-mutexes 0

[t=0.170803s, 30784 KB] In ts_17_31 of size 2 found num new op-mutexes 0

[t=0.170904s, 30784 KB] In ts_17_36 of size 4 found num new op-mutexes 0

[t=0.171002s, 30784 KB] In ts_17_38 of size 3 found num new op-mutexes 0

[t=0.171116s, 30784 KB] In ts_17_41 of size 3 found num new op-mutexes 0
[t=0.171257s, 30784 KB] Operator mutex finished iteration 17. Found an additional 0 operator mutexes

[t=0.171294s, 30784 KB] Next pair of indices: (57, 22)
[t=0.171328s, 30784 KB] M&S algorithm main loop timer: 0.165116s (after computation of next merge)
[t=0.188235s, 31592 KB] M&S algorithm main loop timer: 0.1821s (after merging)
[t=0.190153s, 31592 KB] M&S algorithm main loop timer: 0.183954s (after pruning)

[t=0.190207s, 31592 KB] Operator mutex starting iteration 18

[t=0.190298s, 31592 KB] In ts_18_3 of size 2 found num new op-mutexes 0

[t=0.190395s, 31592 KB] In ts_18_4 of size 2 found num new op-mutexes 0

[t=0.190488s, 31592 KB] In ts_18_5 of size 2 found num new op-mutexes 0

[t=0.190578s, 31592 KB] In ts_18_6 of size 2 found num new op-mutexes 0

[t=0.190668s, 31592 KB] In ts_18_7 of size 2 found num new op-mutexes 0

[t=0.190768s, 31592 KB] In ts_18_9 of size 2 found num new op-mutexes 0

[t=0.190858s, 31592 KB] In ts_18_10 of size 2 found num new op-mutexes 0

[t=0.190947s, 31592 KB] In ts_18_11 of size 2 found num new op-mutexes 0

[t=0.191044s, 31592 KB] In ts_18_12 of size 2 found num new op-mutexes 0

[t=0.191135s, 31592 KB] In ts_18_13 of size 2 found num new op-mutexes 0

[t=0.191224s, 31592 KB] In ts_18_14 of size 2 found num new op-mutexes 0

[t=0.191313s, 31592 KB] In ts_18_15 of size 2 found num new op-mutexes 0

[t=0.191413s, 31592 KB] In ts_18_18 of size 4 found num new op-mutexes 0

[t=0.191596s, 31592 KB] In ts_18_19 of size 5 found num new op-mutexes 0

[t=0.191702s, 31592 KB] In ts_18_20 of size 2 found num new op-mutexes 0

[t=0.191794s, 31592 KB] In ts_18_25 of size 2 found num new op-mutexes 0

[t=0.191903s, 31592 KB] In ts_18_31 of size 2 found num new op-mutexes 0

[t=0.192s, 31592 KB] In ts_18_36 of size 4 found num new op-mutexes 0

[t=0.192094s, 31592 KB] In ts_18_38 of size 3 found num new op-mutexes 0

[t=0.192195s, 31592 KB] In ts_18_41 of size 3 found num new op-mutexes 0
[t=0.192337s, 31592 KB] Operator mutex finished iteration 18. Found an additional 0 operator mutexes

[t=0.192371s, 31592 KB] Next pair of indices: (58, 19)
[t=0.192396s, 31592 KB] M&S algorithm main loop timer: 0.186183s (after computation of next merge)
[t=0.23154s, 36600 KB] M&S algorithm main loop timer: 0.225389s (after merging)
[t=0.240195s, 36600 KB] M&S algorithm main loop timer: 0.234021s (after pruning)

[t=0.240264s, 36600 KB] Operator mutex starting iteration 19

[t=0.24036s, 36600 KB] In ts_19_3 of size 2 found num new op-mutexes 0

[t=0.240454s, 36600 KB] In ts_19_4 of size 2 found num new op-mutexes 0

[t=0.240545s, 36600 KB] In ts_19_5 of size 2 found num new op-mutexes 0

[t=0.24064s, 36600 KB] In ts_19_6 of size 2 found num new op-mutexes 0

[t=0.240732s, 36600 KB] In ts_19_7 of size 2 found num new op-mutexes 0

[t=0.24082s, 36600 KB] In ts_19_9 of size 2 found num new op-mutexes 0

[t=0.240909s, 36600 KB] In ts_19_10 of size 2 found num new op-mutexes 0

[t=0.240999s, 36600 KB] In ts_19_11 of size 2 found num new op-mutexes 0

[t=0.24109s, 36600 KB] In ts_19_12 of size 2 found num new op-mutexes 0

[t=0.241178s, 36600 KB] In ts_19_13 of size 2 found num new op-mutexes 0

[t=0.241265s, 36600 KB] In ts_19_14 of size 2 found num new op-mutexes 0

[t=0.241351s, 36600 KB] In ts_19_15 of size 2 found num new op-mutexes 0

[t=0.241447s, 36600 KB] In ts_19_18 of size 4 found num new op-mutexes 0

[t=0.241548s, 36600 KB] In ts_19_20 of size 2 found num new op-mutexes 0

[t=0.241637s, 36600 KB] In ts_19_25 of size 2 found num new op-mutexes 0

[t=0.241728s, 36600 KB] In ts_19_31 of size 2 found num new op-mutexes 0

[t=0.241822s, 36600 KB] In ts_19_36 of size 4 found num new op-mutexes 0

[t=0.241914s, 36600 KB] In ts_19_38 of size 3 found num new op-mutexes 0

[t=0.242016s, 36600 KB] In ts_19_41 of size 3 found num new op-mutexes 0
[t=0.242403s, 36600 KB] Operator mutex finished iteration 19. Found an additional 0 operator mutexes

[t=0.242443s, 36600 KB] Next pair of indices: (59, 36)
[t=0.242466s, 36600 KB] M&S algorithm main loop timer: 0.236253s (after computation of next merge)
[t=0.298967s, 36856 KB] M&S algorithm main loop timer: 0.292829s (after shrinking)
[t=0.365179s, 44332 KB] M&S algorithm main loop timer: 0.359029s (after merging)

[t=0.36758s, 44332 KB] Operator mutex starting iteration 20

[t=0.367697s, 44332 KB] In ts_20_3 of size 2 found num new op-mutexes 0

[t=0.367803s, 44332 KB] In ts_20_4 of size 2 found num new op-mutexes 0

[t=0.367894s, 44332 KB] In ts_20_5 of size 2 found num new op-mutexes 0

[t=0.367984s, 44332 KB] In ts_20_6 of size 2 found num new op-mutexes 0

[t=0.368073s, 44332 KB] In ts_20_7 of size 2 found num new op-mutexes 0

[t=0.368162s, 44332 KB] In ts_20_9 of size 2 found num new op-mutexes 0

[t=0.368251s, 44332 KB] In ts_20_10 of size 2 found num new op-mutexes 0

[t=0.368338s, 44332 KB] In ts_20_11 of size 2 found num new op-mutexes 0

[t=0.368426s, 44332 KB] In ts_20_12 of size 2 found num new op-mutexes 0

[t=0.368513s, 44332 KB] In ts_20_13 of size 2 found num new op-mutexes 0

[t=0.3686s, 44332 KB] In ts_20_14 of size 2 found num new op-mutexes 0

[t=0.368686s, 44332 KB] In ts_20_15 of size 2 found num new op-mutexes 0

[t=0.368782s, 44332 KB] In ts_20_18 of size 4 found num new op-mutexes 0

[t=0.368874s, 44332 KB] In ts_20_20 of size 2 found num new op-mutexes 0

[t=0.368965s, 44332 KB] In ts_20_25 of size 2 found num new op-mutexes 0

[t=0.369054s, 44332 KB] In ts_20_31 of size 2 found num new op-mutexes 0

[t=0.369147s, 44332 KB] In ts_20_38 of size 3 found num new op-mutexes 0

[t=0.369249s, 44332 KB] In ts_20_41 of size 3 found num new op-mutexes 0
[t=0.370366s, 44332 KB] Operator mutex finished iteration 20. Found an additional 0 operator mutexes

[t=0.370409s, 44332 KB] Next pair of indices: (60, 31)
[t=0.370433s, 44332 KB] M&S algorithm main loop timer: 0.36422s (after computation of next merge)
[t=0.477726s, 45180 KB] M&S algorithm main loop timer: 0.471581s (after shrinking)
[t=0.55336s, 48364 KB] M&S algorithm main loop timer: 0.547209s (after merging)

[t=0.556109s, 48364 KB] Operator mutex starting iteration 21

[t=0.556215s, 48364 KB] In ts_21_3 of size 2 found num new op-mutexes 0

[t=0.55631s, 48364 KB] In ts_21_4 of size 2 found num new op-mutexes 0

[t=0.556411s, 48364 KB] In ts_21_5 of size 2 found num new op-mutexes 0

[t=0.556501s, 48364 KB] In ts_21_6 of size 2 found num new op-mutexes 0

[t=0.556596s, 48364 KB] In ts_21_7 of size 2 found num new op-mutexes 0

[t=0.556692s, 48364 KB] In ts_21_9 of size 2 found num new op-mutexes 0

[t=0.556786s, 48364 KB] In ts_21_10 of size 2 found num new op-mutexes 0

[t=0.55688s, 48364 KB] In ts_21_11 of size 2 found num new op-mutexes 0

[t=0.55698s, 48364 KB] In ts_21_12 of size 2 found num new op-mutexes 0

[t=0.557072s, 48364 KB] In ts_21_13 of size 2 found num new op-mutexes 0

[t=0.557161s, 48364 KB] In ts_21_14 of size 2 found num new op-mutexes 0

[t=0.557249s, 48364 KB] In ts_21_15 of size 2 found num new op-mutexes 0

[t=0.557345s, 48364 KB] In ts_21_18 of size 4 found num new op-mutexes 0

[t=0.557437s, 48364 KB] In ts_21_20 of size 2 found num new op-mutexes 0

[t=0.557526s, 48364 KB] In ts_21_25 of size 2 found num new op-mutexes 0

[t=0.557616s, 48364 KB] In ts_21_38 of size 3 found num new op-mutexes 0

[t=0.557717s, 48364 KB] In ts_21_41 of size 3 found num new op-mutexes 0
[t=0.558922s, 48364 KB] Operator mutex finished iteration 21. Found an additional 0 operator mutexes

[t=0.558964s, 48364 KB] Next pair of indices: (61, 25)
[t=0.558988s, 48364 KB] M&S algorithm main loop timer: 0.552774s (after computation of next merge)
[t=0.674285s, 49004 KB] M&S algorithm main loop timer: 0.66814s (after shrinking)
[t=0.780167s, 51808 KB] M&S algorithm main loop timer: 0.774027s (after merging)

[t=0.783145s, 51808 KB] Operator mutex starting iteration 22

[t=0.783273s, 51808 KB] In ts_22_3 of size 2 found num new op-mutexes 0

[t=0.783373s, 51808 KB] In ts_22_4 of size 2 found num new op-mutexes 0

[t=0.783509s, 51808 KB] In ts_22_5 of size 2 found num new op-mutexes 0

[t=0.783609s, 51808 KB] In ts_22_6 of size 2 found num new op-mutexes 0

[t=0.783699s, 51808 KB] In ts_22_7 of size 2 found num new op-mutexes 0

[t=0.783788s, 51808 KB] In ts_22_9 of size 2 found num new op-mutexes 0

[t=0.783887s, 51808 KB] In ts_22_10 of size 2 found num new op-mutexes 0

[t=0.783976s, 51808 KB] In ts_22_11 of size 2 found num new op-mutexes 0

[t=0.784064s, 51808 KB] In ts_22_12 of size 2 found num new op-mutexes 0

[t=0.784151s, 51808 KB] In ts_22_13 of size 2 found num new op-mutexes 0

[t=0.784238s, 51808 KB] In ts_22_14 of size 2 found num new op-mutexes 0

[t=0.784325s, 51808 KB] In ts_22_15 of size 2 found num new op-mutexes 0

[t=0.784422s, 51808 KB] In ts_22_18 of size 4 found num new op-mutexes 0

[t=0.784517s, 51808 KB] In ts_22_20 of size 2 found num new op-mutexes 0

[t=0.784614s, 51808 KB] In ts_22_38 of size 3 found num new op-mutexes 0

[t=0.784722s, 51808 KB] In ts_22_41 of size 3 found num new op-mutexes 0
[t=0.786394s, 51808 KB] Operator mutex finished iteration 22. Found an additional 0 operator mutexes

[t=0.786454s, 51808 KB] Next pair of indices: (62, 20)
[t=0.786479s, 51808 KB] M&S algorithm main loop timer: 0.780266s (after computation of next merge)
[t=0.918447s, 52448 KB] M&S algorithm main loop timer: 0.912307s (after shrinking)
[t=1.01251s, 52448 KB] M&S algorithm main loop timer: 1.00637s (after merging)

[t=1.01471s, 52448 KB] Operator mutex starting iteration 23

[t=1.01483s, 52448 KB] In ts_23_3 of size 2 found num new op-mutexes 0

[t=1.01494s, 52448 KB] In ts_23_4 of size 2 found num new op-mutexes 0

[t=1.01503s, 52448 KB] In ts_23_5 of size 2 found num new op-mutexes 0

[t=1.01512s, 52448 KB] In ts_23_6 of size 2 found num new op-mutexes 0

[t=1.01521s, 52448 KB] In ts_23_7 of size 2 found num new op-mutexes 0

[t=1.0153s, 52448 KB] In ts_23_9 of size 2 found num new op-mutexes 0

[t=1.01539s, 52448 KB] In ts_23_10 of size 2 found num new op-mutexes 0

[t=1.01549s, 52448 KB] In ts_23_11 of size 2 found num new op-mutexes 0

[t=1.01557s, 52448 KB] In ts_23_12 of size 2 found num new op-mutexes 0

[t=1.01566s, 52448 KB] In ts_23_13 of size 2 found num new op-mutexes 0

[t=1.01576s, 52448 KB] In ts_23_14 of size 2 found num new op-mutexes 0

[t=1.01585s, 52448 KB] In ts_23_15 of size 2 found num new op-mutexes 0

[t=1.01594s, 52448 KB] In ts_23_18 of size 4 found num new op-mutexes 0

[t=1.01604s, 52448 KB] In ts_23_38 of size 3 found num new op-mutexes 0

[t=1.01614s, 52448 KB] In ts_23_41 of size 3 found num new op-mutexes 0
[t=1.01774s, 52448 KB] Operator mutex finished iteration 23. Found an additional 0 operator mutexes

[t=1.01779s, 52448 KB] Next pair of indices: (63, 18)
[t=1.01781s, 52448 KB] M&S algorithm main loop timer: 1.0116s (after computation of next merge)
[t=1.12753s, 52448 KB] M&S algorithm main loop timer: 1.12139s (after shrinking)
[t=1.24667s, 56316 KB] M&S algorithm main loop timer: 1.24054s (after merging)

[t=1.24923s, 56316 KB] Operator mutex starting iteration 24

[t=1.24933s, 56316 KB] In ts_24_3 of size 2 found num new op-mutexes 0

[t=1.24942s, 56316 KB] In ts_24_4 of size 2 found num new op-mutexes 0

[t=1.24953s, 56316 KB] In ts_24_5 of size 2 found num new op-mutexes 0

[t=1.24962s, 56316 KB] In ts_24_6 of size 2 found num new op-mutexes 0

[t=1.24971s, 56316 KB] In ts_24_7 of size 2 found num new op-mutexes 0

[t=1.2498s, 56316 KB] In ts_24_9 of size 2 found num new op-mutexes 0

[t=1.24989s, 56316 KB] In ts_24_10 of size 2 found num new op-mutexes 0

[t=1.24999s, 56316 KB] In ts_24_11 of size 2 found num new op-mutexes 0

[t=1.25008s, 56316 KB] In ts_24_12 of size 2 found num new op-mutexes 0

[t=1.25018s, 56316 KB] In ts_24_13 of size 2 found num new op-mutexes 0

[t=1.25026s, 56316 KB] In ts_24_14 of size 2 found num new op-mutexes 0

[t=1.25035s, 56316 KB] In ts_24_15 of size 2 found num new op-mutexes 0

[t=1.25044s, 56316 KB] In ts_24_38 of size 3 found num new op-mutexes 0

[t=1.25054s, 56316 KB] In ts_24_41 of size 3 found num new op-mutexes 0
[t=1.25252s, 56316 KB] Operator mutex finished iteration 24. Found an additional 0 operator mutexes

[t=1.25258s, 56316 KB] Next pair of indices: (64, 15)
[t=1.25261s, 56316 KB] M&S algorithm main loop timer: 1.2464s (after computation of next merge)
[t=1.38602s, 57044 KB] M&S algorithm main loop timer: 1.37986s (after shrinking)
[t=1.49815s, 59700 KB] M&S algorithm main loop timer: 1.49201s (after merging)

[t=1.50058s, 59700 KB] Operator mutex starting iteration 25

[t=1.50068s, 59700 KB] In ts_25_3 of size 2 found num new op-mutexes 0

[t=1.50079s, 59700 KB] In ts_25_4 of size 2 found num new op-mutexes 0

[t=1.50088s, 59700 KB] In ts_25_5 of size 2 found num new op-mutexes 0

[t=1.50097s, 59700 KB] In ts_25_6 of size 2 found num new op-mutexes 0

[t=1.50106s, 59700 KB] In ts_25_7 of size 2 found num new op-mutexes 0

[t=1.50115s, 59700 KB] In ts_25_9 of size 2 found num new op-mutexes 0

[t=1.50124s, 59700 KB] In ts_25_10 of size 2 found num new op-mutexes 0

[t=1.50133s, 59700 KB] In ts_25_11 of size 2 found num new op-mutexes 0

[t=1.50141s, 59700 KB] In ts_25_12 of size 2 found num new op-mutexes 0

[t=1.50152s, 59700 KB] In ts_25_13 of size 2 found num new op-mutexes 0

[t=1.50163s, 59700 KB] In ts_25_14 of size 2 found num new op-mutexes 0

[t=1.50173s, 59700 KB] In ts_25_38 of size 3 found num new op-mutexes 0

[t=1.50183s, 59700 KB] In ts_25_41 of size 3 found num new op-mutexes 0
[t=1.50389s, 59700 KB] Operator mutex finished iteration 25. Found an additional 0 operator mutexes

[t=1.50394s, 59700 KB] Next pair of indices: (65, 14)
[t=1.50397s, 59700 KB] M&S algorithm main loop timer: 1.49776s (after computation of next merge)
[t=1.65589s, 60388 KB] M&S algorithm main loop timer: 1.64974s (after shrinking)
[t=1.78976s, 62040 KB] M&S algorithm main loop timer: 1.78363s (after merging)

[t=1.79221s, 62040 KB] Operator mutex starting iteration 26

[t=1.79232s, 62040 KB] In ts_26_3 of size 2 found num new op-mutexes 0

[t=1.79242s, 62040 KB] In ts_26_4 of size 2 found num new op-mutexes 0

[t=1.79251s, 62040 KB] In ts_26_5 of size 2 found num new op-mutexes 0

[t=1.79261s, 62040 KB] In ts_26_6 of size 2 found num new op-mutexes 0

[t=1.7927s, 62040 KB] In ts_26_7 of size 2 found num new op-mutexes 0

[t=1.79279s, 62040 KB] In ts_26_9 of size 2 found num new op-mutexes 0

[t=1.79288s, 62040 KB] In ts_26_10 of size 2 found num new op-mutexes 0

[t=1.79297s, 62040 KB] In ts_26_11 of size 2 found num new op-mutexes 0

[t=1.79308s, 62040 KB] In ts_26_12 of size 2 found num new op-mutexes 0

[t=1.79317s, 62040 KB] In ts_26_13 of size 2 found num new op-mutexes 0

[t=1.79326s, 62040 KB] In ts_26_38 of size 3 found num new op-mutexes 0

[t=1.79336s, 62040 KB] In ts_26_41 of size 3 found num new op-mutexes 0
[t=1.79546s, 62040 KB] Operator mutex finished iteration 26. Found an additional 0 operator mutexes

[t=1.79552s, 62040 KB] Next pair of indices: (66, 13)
[t=1.79555s, 62040 KB] M&S algorithm main loop timer: 1.78934s (after computation of next merge)
[t=1.9539s, 62040 KB] M&S algorithm main loop timer: 1.94774s (after shrinking)
[t=2.0492s, 62040 KB] M&S algorithm main loop timer: 2.04305s (after merging)

[t=2.05122s, 62040 KB] Operator mutex starting iteration 27

[t=2.05131s, 62040 KB] In ts_27_3 of size 2 found num new op-mutexes 0

[t=2.05141s, 62040 KB] In ts_27_4 of size 2 found num new op-mutexes 0

[t=2.0515s, 62040 KB] In ts_27_5 of size 2 found num new op-mutexes 0

[t=2.0516s, 62040 KB] In ts_27_6 of size 2 found num new op-mutexes 0

[t=2.05169s, 62040 KB] In ts_27_7 of size 2 found num new op-mutexes 0

[t=2.05178s, 62040 KB] In ts_27_9 of size 2 found num new op-mutexes 0

[t=2.05187s, 62040 KB] In ts_27_10 of size 2 found num new op-mutexes 0

[t=2.05196s, 62040 KB] In ts_27_11 of size 2 found num new op-mutexes 0

[t=2.05205s, 62040 KB] In ts_27_12 of size 2 found num new op-mutexes 0

[t=2.05216s, 62040 KB] In ts_27_38 of size 3 found num new op-mutexes 0

[t=2.05226s, 62040 KB] In ts_27_41 of size 3 found num new op-mutexes 0
[t=2.05395s, 62040 KB] Operator mutex finished iteration 27. Found an additional 0 operator mutexes

[t=2.054s, 62040 KB] Next pair of indices: (67, 12)
[t=2.05402s, 62040 KB] M&S algorithm main loop timer: 2.04781s (after computation of next merge)
[t=2.1913s, 62040 KB] M&S algorithm main loop timer: 2.18515s (after shrinking)
[t=2.29736s, 64520 KB] M&S algorithm main loop timer: 2.29118s (after merging)

[t=2.2998s, 64520 KB] Operator mutex starting iteration 28

[t=2.29989s, 64520 KB] In ts_28_3 of size 2 found num new op-mutexes 0

[t=2.3s, 64520 KB] In ts_28_4 of size 2 found num new op-mutexes 0

[t=2.30012s, 64520 KB] In ts_28_5 of size 2 found num new op-mutexes 0

[t=2.30022s, 64520 KB] In ts_28_6 of size 2 found num new op-mutexes 0

[t=2.30031s, 64520 KB] In ts_28_7 of size 2 found num new op-mutexes 0

[t=2.30041s, 64520 KB] In ts_28_9 of size 2 found num new op-mutexes 0

[t=2.3005s, 64520 KB] In ts_28_10 of size 2 found num new op-mutexes 0

[t=2.30059s, 64520 KB] In ts_28_11 of size 2 found num new op-mutexes 0

[t=2.30068s, 64520 KB] In ts_28_38 of size 3 found num new op-mutexes 0

[t=2.30078s, 64520 KB] In ts_28_41 of size 3 found num new op-mutexes 0
[t=2.3027s, 64520 KB] Operator mutex finished iteration 28. Found an additional 0 operator mutexes

[t=2.30274s, 64520 KB] Next pair of indices: (68, 11)
[t=2.30277s, 64520 KB] M&S algorithm main loop timer: 2.29655s (after computation of next merge)
[t=2.45336s, 64520 KB] M&S algorithm main loop timer: 2.4472s (after shrinking)
[t=2.54266s, 64520 KB] M&S algorithm main loop timer: 2.53653s (after merging)

[t=2.54503s, 64520 KB] Operator mutex starting iteration 29

[t=2.54514s, 64520 KB] In ts_29_3 of size 2 found num new op-mutexes 0

[t=2.54525s, 64520 KB] In ts_29_4 of size 2 found num new op-mutexes 0

[t=2.54534s, 64520 KB] In ts_29_5 of size 2 found num new op-mutexes 0

[t=2.54543s, 64520 KB] In ts_29_6 of size 2 found num new op-mutexes 0

[t=2.54552s, 64520 KB] In ts_29_7 of size 2 found num new op-mutexes 0

[t=2.54562s, 64520 KB] In ts_29_9 of size 2 found num new op-mutexes 0

[t=2.54572s, 64520 KB] In ts_29_10 of size 2 found num new op-mutexes 0

[t=2.54582s, 64520 KB] In ts_29_38 of size 3 found num new op-mutexes 0

[t=2.54592s, 64520 KB] In ts_29_41 of size 3 found num new op-mutexes 0
[t=2.54791s, 64520 KB] Operator mutex finished iteration 29. Found an additional 0 operator mutexes

[t=2.54798s, 64520 KB] Next pair of indices: (69, 10)
[t=2.548s, 64520 KB] M&S algorithm main loop timer: 2.54179s (after computation of next merge)
[t=2.6877s, 64520 KB] M&S algorithm main loop timer: 2.68156s (after shrinking)
[t=2.78844s, 64520 KB] M&S algorithm main loop timer: 2.7823s (after merging)

[t=2.7907s, 64520 KB] Operator mutex starting iteration 30

[t=2.7908s, 64520 KB] In ts_30_3 of size 2 found num new op-mutexes 0

[t=2.7909s, 64520 KB] In ts_30_4 of size 2 found num new op-mutexes 0

[t=2.79099s, 64520 KB] In ts_30_5 of size 2 found num new op-mutexes 0

[t=2.7911s, 64520 KB] In ts_30_6 of size 2 found num new op-mutexes 0

[t=2.7912s, 64520 KB] In ts_30_7 of size 2 found num new op-mutexes 0

[t=2.79129s, 64520 KB] In ts_30_9 of size 2 found num new op-mutexes 0

[t=2.79138s, 64520 KB] In ts_30_38 of size 3 found num new op-mutexes 0

[t=2.79148s, 64520 KB] In ts_30_41 of size 3 found num new op-mutexes 0
[t=2.79333s, 64520 KB] Operator mutex finished iteration 30. Found an additional 0 operator mutexes

[t=2.79338s, 64520 KB] Next pair of indices: (70, 9)
[t=2.7934s, 64520 KB] M&S algorithm main loop timer: 2.78719s (after computation of next merge)
[t=2.91738s, 64520 KB] M&S algorithm main loop timer: 2.91124s (after shrinking)
[t=2.99897s, 64520 KB] M&S algorithm main loop timer: 2.99282s (after merging)

[t=3.00111s, 64520 KB] Operator mutex starting iteration 31

[t=3.00121s, 64520 KB] In ts_31_3 of size 2 found num new op-mutexes 0

[t=3.00132s, 64520 KB] In ts_31_4 of size 2 found num new op-mutexes 0

[t=3.00141s, 64520 KB] In ts_31_5 of size 2 found num new op-mutexes 0

[t=3.00151s, 64520 KB] In ts_31_6 of size 2 found num new op-mutexes 0

[t=3.00161s, 64520 KB] In ts_31_7 of size 2 found num new op-mutexes 0

[t=3.00172s, 64520 KB] In ts_31_38 of size 3 found num new op-mutexes 0

[t=3.00183s, 64520 KB] In ts_31_41 of size 3 found num new op-mutexes 0
[t=3.00352s, 64520 KB] Operator mutex finished iteration 31. Found an additional 0 operator mutexes

[t=3.00357s, 64520 KB] Next pair of indices: (71, 7)
[t=3.00359s, 64520 KB] M&S algorithm main loop timer: 2.99738s (after computation of next merge)
[t=3.2043s, 64520 KB] M&S algorithm main loop timer: 3.19816s (after shrinking)
[t=3.32654s, 74872 KB] M&S algorithm main loop timer: 3.3204s (after merging)

[t=3.32904s, 74872 KB] Operator mutex starting iteration 32

[t=3.32915s, 74872 KB] In ts_32_3 of size 2 found num new op-mutexes 0

[t=3.32925s, 74872 KB] In ts_32_4 of size 2 found num new op-mutexes 0

[t=3.32935s, 74872 KB] In ts_32_5 of size 2 found num new op-mutexes 0

[t=3.32944s, 74872 KB] In ts_32_6 of size 2 found num new op-mutexes 0

[t=3.32954s, 74872 KB] In ts_32_38 of size 3 found num new op-mutexes 0

[t=3.32965s, 74872 KB] In ts_32_41 of size 3 found num new op-mutexes 0
[t=3.33244s, 74872 KB] Operator mutex finished iteration 32. Found an additional 0 operator mutexes

[t=3.3325s, 74872 KB] Next pair of indices: (72, 6)
[t=3.33252s, 74872 KB] M&S algorithm main loop timer: 3.32631s (after computation of next merge)
[t=3.6463s, 75488 KB] M&S algorithm main loop timer: 3.64015s (after shrinking)
[t=3.87212s, 99620 KB] M&S algorithm main loop timer: 3.86598s (after merging)

[t=3.87474s, 99620 KB] Operator mutex starting iteration 33

[t=3.87484s, 99620 KB] In ts_33_3 of size 2 found num new op-mutexes 0

[t=3.87494s, 99620 KB] In ts_33_4 of size 2 found num new op-mutexes 0

[t=3.87503s, 99620 KB] In ts_33_5 of size 2 found num new op-mutexes 0

[t=3.87512s, 99620 KB] In ts_33_38 of size 3 found num new op-mutexes 0

[t=3.87523s, 99620 KB] In ts_33_41 of size 3 found num new op-mutexes 0
[t=3.88543s, 99620 KB] Operator mutex finished iteration 33. Found an additional 0 operator mutexes

[t=3.88553s, 99620 KB] Next pair of indices: (73, 5)
[t=3.88556s, 99620 KB] M&S algorithm main loop timer: 3.87937s (after computation of next merge)
[t=4.14347s, 99832 KB] M&S algorithm main loop timer: 4.13734s (after shrinking)
[t=4.18155s, 99832 KB] M&S algorithm main loop timer: 4.1754s (after merging)

[t=4.18286s, 99832 KB] Operator mutex starting iteration 34

[t=4.18296s, 99832 KB] In ts_34_3 of size 2 found num new op-mutexes 0

[t=4.18306s, 99832 KB] In ts_34_4 of size 2 found num new op-mutexes 0

[t=4.18316s, 99832 KB] In ts_34_38 of size 3 found num new op-mutexes 0

[t=4.18327s, 99832 KB] In ts_34_41 of size 3 found num new op-mutexes 0
[t=4.18418s, 99832 KB] Operator mutex finished iteration 34. Found an additional 0 operator mutexes

[t=4.18422s, 99832 KB] Next pair of indices: (74, 4)
[t=4.18425s, 99832 KB] M&S algorithm main loop timer: 4.17803s (after computation of next merge)
[t=4.31259s, 99832 KB] M&S algorithm main loop timer: 4.30645s (after merging)
[t=4.33353s, 99832 KB] M&S algorithm main loop timer: 4.32737s (after pruning)

[t=4.33362s, 99832 KB] Operator mutex starting iteration 35

[t=4.33372s, 99832 KB] In ts_35_3 of size 2 found num new op-mutexes 0

[t=4.33383s, 99832 KB] In ts_35_38 of size 3 found num new op-mutexes 0

[t=4.33394s, 99832 KB] In ts_35_41 of size 3 found num new op-mutexes 0
[t=4.33513s, 99832 KB] Operator mutex finished iteration 35. Found an additional 0 operator mutexes

[t=4.33517s, 99832 KB] Next pair of indices: (75, 3)
[t=4.3352s, 99832 KB] M&S algorithm main loop timer: 4.32899s (after computation of next merge)
[t=4.47924s, 99832 KB] M&S algorithm main loop timer: 4.47309s (after shrinking)
[t=4.57615s, 99832 KB] M&S algorithm main loop timer: 4.57s (after merging)

[t=4.57821s, 99832 KB] Operator mutex starting iteration 36

[t=4.57831s, 99832 KB] In ts_36_38 of size 3 found num new op-mutexes 0

[t=4.57842s, 99832 KB] In ts_36_41 of size 3 found num new op-mutexes 0
[t=4.58079s, 99832 KB] Operator mutex finished iteration 36. Found an additional 0 operator mutexes

[t=4.58084s, 99832 KB] Next pair of indices: (76, 38)
[t=4.58086s, 99832 KB] M&S algorithm main loop timer: 4.57465s (after computation of next merge)
[t=4.68378s, 99832 KB] M&S algorithm main loop timer: 4.67788s (after shrinking)
[t=4.68463s, 99832 KB] M&S algorithm main loop timer: 4.67843s (after merging)

[t=4.68468s, 99832 KB] Operator mutex starting iteration 37

[t=4.6848s, 99832 KB] In ts_37_41 of size 3 found num new op-mutexes 0

[t=4.69369s, 99832 KB] In ts_37_77 of size 102 found num new op-mutexes 6872
[t=4.69375s, 99832 KB] Operator mutex finished iteration 37. Found an additional 6872 operator mutexes

[t=4.6938s, 99832 KB] Next pair of indices: (77, 41)
[t=4.69382s, 99832 KB] M&S algorithm main loop timer: 4.68761s (after computation of next merge)
[t=4.69618s, 99832 KB] M&S algorithm main loop timer: 4.68999s (after merging)

[t=4.69625s, 99832 KB] Operator mutex starting iteration 38

[t=4.70469s, 99832 KB] In ts_38_78 of size 306 found num new op-mutexes 0
[t=4.70475s, 99832 KB] Operator mutex finished iteration 38. Found an additional 0 operator mutexes

[t=4.70478s, 99832 KB] End of merge-and-shrink algorithm, statistics:
[t=4.70481s, 99832 KB] Main loop runtime: 4.69859s
[t=4.70483s, 99832 KB] Maximum intermediate abstraction size: 49672
[t=4.70485s, 99832 KB] Final peak memory increase of merge-and-shrink algorithm: 77100 KB
[t=4.70488s, 99832 KB] Merge-and-shrink algorithm runtime: 4.70112s

[t=4.70491s, 99832 KB] Number of labels: 428
[t=4.70493s, 99832 KB] Total number of operator mutexes: 68736
[t=4.70495s, 99832 KB] Operator Mutex total time: 0.208808s
[t=4.70498s, 99832 KB] Number of remaining factors: 1
[t=4.70514s, 99832 KB] Number of factors kept: 1
[t=4.70516s, 99832 KB] Done initializing merge-and-shrink heuristic.

[t=4.70643s, 99832 KB] Building successor generator...done!
[t=4.70798s, 99832 KB] peak memory difference for successor generator creation: 0 KB
[t=4.70801s, 99832 KB] time for successor generation creation: 0.00020647s
[t=4.70803s, 99832 KB] Variables: 40
[t=4.70806s, 99832 KB] FactPairs: 103
[t=4.70808s, 99832 KB] Bytes per state: 8
[t=4.70823s, 99832 KB] Conducting best first search with reopening closed nodes, (real) bound = 2147483647
[t=4.70831s, 99832 KB] New best heuristic value for merge_and_shrink(op_mutex = op_mutex(use_previous_ops = nopo, reachability_strategy = goal), merge_strategy = merge_sccs(order_of_sccs = topological, merge_tree = linear), shrink_strategy = shrink_bisimulation(greedy = false, at_limit = return)): 195
[t=4.70834s, 99832 KB] g=0, 1 evaluated, 0 expanded
[t=4.70836s, 99832 KB] f = 195, 1 evaluated, 0 expanded
[t=4.70839s, 99832 KB] Initial heuristic value for merge_and_shrink(op_mutex = op_mutex(use_previous_ops = nopo, reachability_strategy = goal), merge_strategy = merge_sccs(order_of_sccs = topological, merge_tree = linear), shrink_strategy = shrink_bisimulation(greedy = false, at_limit = return)): 195
[t=4.70841s, 99832 KB] pruning method: none
[t=4.70845s, 99832 KB] New best heuristic value for merge_and_shrink(op_mutex = op_mutex(use_previous_ops = nopo, reachability_strategy = goal), merge_strategy = merge_sccs(order_of_sccs = topological, merge_tree = linear), shrink_strategy = shrink_bisimulation(greedy = false, at_limit = return)): 185
[t=4.70847s, 99832 KB] g=30, 3 evaluated, 1 expanded
[t=4.70852s, 99832 KB] New best heuristic value for merge_and_shrink(op_mutex = op_mutex(use_previous_ops = nopo, reachability_strategy = goal), merge_strategy = merge_sccs(order_of_sccs = topological, merge_tree = linear), shrink_strategy = shrink_bisimulation(greedy = false, at_limit = return)): 175
[t=4.70855s, 99832 KB] g=30, 7 evaluated, 1 expanded
[t=4.70858s, 99832 KB] New best heuristic value for merge_and_shrink(op_mutex = op_mutex(use_previous_ops = nopo, reachability_strategy = goal), merge_strategy = merge_sccs(order_of_sccs = topological, merge_tree = linear), shrink_strategy = shrink_bisimulation(greedy = false, at_limit = return)): 165
[t=4.7086s, 99832 KB] g=30, 11 evaluated, 1 expanded
[t=4.70863s, 99832 KB] New best heuristic value for merge_and_shrink(op_mutex = op_mutex(use_previous_ops = nopo, reachability_strategy = goal), merge_strategy = merge_sccs(order_of_sccs = topological, merge_tree = linear), shrink_strategy = shrink_bisimulation(greedy = false, at_limit = return)): 155
[t=4.70864s, 99832 KB] g=60, 13 evaluated, 2 expanded
[t=4.7087s, 99832 KB] f = 200, 23 evaluated, 2 expanded
[t=4.70873s, 99832 KB] New best heuristic value for merge_and_shrink(op_mutex = op_mutex(use_previous_ops = nopo, reachability_strategy = goal), merge_strategy = merge_sccs(order_of_sccs = topological, merge_tree = linear), shrink_strategy = shrink_bisimulation(greedy = false, at_limit = return)): 150
[t=4.70874s, 99832 KB] g=75, 24 evaluated, 3 expanded
[t=4.70877s, 99832 KB] New best heuristic value for merge_and_shrink(op_mutex = op_mutex(use_previous_ops = nopo, reachability_strategy = goal), merge_strategy = merge_sccs(order_of_sccs = topological, merge_tree = linear), shrink_strategy = shrink_bisimulation(greedy = false, at_limit = return)): 140
[t=4.70878s, 99832 KB] g=75, 25 evaluated, 3 expanded
[t=4.70881s, 99832 KB] f = 205, 31 evaluated, 3 expanded
[t=4.70889s, 99832 KB] New best heuristic value for merge_and_shrink(op_mutex = op_mutex(use_previous_ops = nopo, reachability_strategy = goal), merge_strategy = merge_sccs(order_of_sccs = topological, merge_tree = linear), shrink_strategy = shrink_bisimulation(greedy = false, at_limit = return)): 135
[t=4.70891s, 99832 KB] g=90, 49 evaluated, 6 expanded
[t=4.70896s, 99832 KB] New best heuristic value for merge_and_shrink(op_mutex = op_mutex(use_previous_ops = nopo, reachability_strategy = goal), merge_strategy = merge_sccs(order_of_sccs = topological, merge_tree = linear), shrink_strategy = shrink_bisimulation(greedy = false, at_limit = return)): 125
[t=4.70898s, 99832 KB] g=100, 62 evaluated, 7 expanded
[t=4.70903s, 99832 KB] New best heuristic value for merge_and_shrink(op_mutex = op_mutex(use_previous_ops = nopo, reachability_strategy = goal), merge_strategy = merge_sccs(order_of_sccs = topological, merge_tree = linear), shrink_strategy = shrink_bisimulation(greedy = false, at_limit = return)): 105
[t=4.70905s, 99832 KB] g=100, 73 evaluated, 7 expanded
[t=4.70908s, 99832 KB] New best heuristic value for merge_and_shrink(op_mutex = op_mutex(use_previous_ops = nopo, reachability_strategy = goal), merge_strategy = merge_sccs(order_of_sccs = topological, merge_tree = linear), shrink_strategy = shrink_bisimulation(greedy = false, at_limit = return)): 95
[t=4.7091s, 99832 KB] g=130, 77 evaluated, 8 expanded
[t=4.70917s, 99832 KB] New best heuristic value for merge_and_shrink(op_mutex = op_mutex(use_previous_ops = nopo, reachability_strategy = goal), merge_strategy = merge_sccs(order_of_sccs = topological, merge_tree = linear), shrink_strategy = shrink_bisimulation(greedy = false, at_limit = return)): 85
[t=4.70919s, 99832 KB] g=140, 94 evaluated, 9 expanded
[t=4.70926s, 99832 KB] New best heuristic value for merge_and_shrink(op_mutex = op_mutex(use_previous_ops = nopo, reachability_strategy = goal), merge_strategy = merge_sccs(order_of_sccs = topological, merge_tree = linear), shrink_strategy = shrink_bisimulation(greedy = false, at_limit = return)): 80
[t=4.70927s, 99832 KB] g=125, 111 evaluated, 9 expanded
[t=4.7093s, 99832 KB] New best heuristic value for merge_and_shrink(op_mutex = op_mutex(use_previous_ops = nopo, reachability_strategy = goal), merge_strategy = merge_sccs(order_of_sccs = topological, merge_tree = linear), shrink_strategy = shrink_bisimulation(greedy = false, at_limit = return)): 70
[t=4.70932s, 99832 KB] g=155, 113 evaluated, 10 expanded
[t=4.70943s, 99832 KB] New best heuristic value for merge_and_shrink(op_mutex = op_mutex(use_previous_ops = nopo, reachability_strategy = goal), merge_strategy = merge_sccs(order_of_sccs = topological, merge_tree = linear), shrink_strategy = shrink_bisimulation(greedy = false, at_limit = return)): 60
[t=4.70947s, 99832 KB] g=165, 128 evaluated, 11 expanded
[t=4.70954s, 99832 KB] New best heuristic value for merge_and_shrink(op_mutex = op_mutex(use_previous_ops = nopo, reachability_strategy = goal), merge_strategy = merge_sccs(order_of_sccs = topological, merge_tree = linear), shrink_strategy = shrink_bisimulation(greedy = false, at_limit = return)): 50
[t=4.70957s, 99832 KB] g=175, 139 evaluated, 12 expanded
[t=4.71063s, 99832 KB] f = 210, 515 evaluated, 51 expanded
[t=4.71112s, 99832 KB] f = 215, 679 evaluated, 75 expanded
[t=4.71322s, 99832 KB] f = 220, 1479 evaluated, 168 expanded
[t=4.71426s, 99832 KB] f = 225, 1899 evaluated, 238 expanded
[t=4.71432s, 99832 KB] New best heuristic value for merge_and_shrink(op_mutex = op_mutex(use_previous_ops = nopo, reachability_strategy = goal), merge_strategy = merge_sccs(order_of_sccs = topological, merge_tree = linear), shrink_strategy = shrink_bisimulation(greedy = false, at_limit = return)): 20
[t=4.71435s, 99832 KB] g=205, 1903 evaluated, 239 expanded
[t=4.71446s, 99832 KB] New best heuristic value for merge_and_shrink(op_mutex = op_mutex(use_previous_ops = nopo, reachability_strategy = goal), merge_strategy = merge_sccs(order_of_sccs = topological, merge_tree = linear), shrink_strategy = shrink_bisimulation(greedy = false, at_limit = return)): 0
[t=4.71449s, 99832 KB] g=225, 1918 evaluated, 240 expanded
[t=4.71451s, 99832 KB] Solution found!
[t=4.71453s, 99832 KB] Actual search time: 0.00612275s
load-highspeed-saw b1 highspeed-saw0 (30)
cut-board-medium b1 p0 highspeed-saw0 pine rough s3 s2 s1 (10)
do-plane p0 planer0 rough natural untreated (20)
cut-board-large b1 p1 highspeed-saw0 pine rough s3 s1 s2 s0 (10)
do-plane p1 planer0 rough natural untreated (30)
cut-board-medium b1 p3 highspeed-saw0 pine rough s3 s2 s1 (10)
do-glaze p3 glazer0 mauve (15)
do-immersion-varnish p0 immersion-varnisher0 mauve smooth (10)
do-immersion-varnish p1 immersion-varnisher0 blue smooth (10)
do-saw-large b0 p2 saw0 oak rough s10 s8 s9 s7 (30)
do-plane p2 planer0 rough natural untreated (30)
do-glaze p2 glazer0 white (20)
[t=4.71456s, 99832 KB] Plan length: 12 step(s).
[t=4.71456s, 99832 KB] Plan cost: 225
[t=4.71456s, 99832 KB] Expanded 241 state(s).
[t=4.71456s, 99832 KB] Reopened 0 state(s).
[t=4.71456s, 99832 KB] Evaluated 1918 state(s).
[t=4.71456s, 99832 KB] Evaluations: 1918
[t=4.71456s, 99832 KB] Generated 2965 state(s).
[t=4.71456s, 99832 KB] Dead ends: 229 state(s).
[t=4.71456s, 99832 KB] Expanded until last jump: 238 state(s).
[t=4.71456s, 99832 KB] Reopened until last jump: 0 state(s).
[t=4.71456s, 99832 KB] Evaluated until last jump: 1899 state(s).
[t=4.71456s, 99832 KB] Generated until last jump: 2941 state(s).
[t=4.71456s, 99832 KB] Number of registered states: 1918
[t=4.71456s, 99832 KB] Int hash set load factor: 1918/2048 = 0.936523
[t=4.71456s, 99832 KB] Int hash set resizes: 11
[t=4.71456s, 99832 KB] Search time: 0.00633182s
[t=4.71456s, 99832 KB] Total time: 4.71456s
Solution found.
Peak memory: 99832 KB
Remove intermediate file output.sas
search exit code: 0

INFO     Running validate.
INFO     validate stdin: None
INFO     validate time limit: None
INFO     validate memory limit: None
INFO     validate command line string: validate domain.pddl problem.pddl sas_plan
Checking plan: sas_plan
Plan executed successfully - checking goal
Plan valid
Final value: 225 

Successful plans:
Value: 225
 sas_plan 225 

validate exit code: 0

