INFO     Running translator.
INFO     translator stdin: None
INFO     translator time limit: 599.96s
INFO     translator memory limit: 7000 MB
INFO     translator command line string: /usr/bin/python3 /user/student.aau.dk/lkar18/downward-projects/downward/experiments/nopo_vs_nasutpo_195p/data/nopo_vs_nasutpo/code-94571df14dfaf5b06207d9589b12facdd93f580c_e5e41175/builds/release/bin/translate/translate.py domain.pddl problem.pddl --sas-file output.sas
Parsing...
Parsing: [0.010s CPU, 0.010s wall-clock]
Normalizing task... [0.000s CPU, 0.001s wall-clock]
Instantiating...
Generating Datalog program... [0.000s CPU, 0.001s wall-clock]
Normalizing Datalog program...
Normalizing Datalog program: [0.010s CPU, 0.008s wall-clock]
Preparing model... [0.000s CPU, 0.004s wall-clock]
Generated 360 rules.
Computing model... [0.010s CPU, 0.002s wall-clock]
170 relevant atoms
141 auxiliary atoms
311 final queue length
364 total queue pushes
Completing instantiation... [0.000s CPU, 0.002s wall-clock]
Instantiating: [0.020s CPU, 0.018s wall-clock]
Computing fact groups...
Finding invariants...
26 initial candidates
Finding invariants: [0.030s CPU, 0.030s wall-clock]
Checking invariant weight... [0.000s CPU, 0.000s wall-clock]
Instantiating groups... [0.000s CPU, 0.001s wall-clock]
Collecting mutex groups... [0.000s CPU, 0.000s wall-clock]
Choosing groups...
61 uncovered facts
Choosing groups: [0.000s CPU, 0.000s wall-clock]
Building translation key... [0.000s CPU, 0.000s wall-clock]
Computing fact groups: [0.030s CPU, 0.032s wall-clock]
Building STRIPS to SAS dictionary... [0.000s CPU, 0.000s wall-clock]
Building dictionary for full mutex groups... [0.000s CPU, 0.000s wall-clock]
Building mutex information...
Building mutex information: [0.000s CPU, 0.000s wall-clock]
Translating task...
Processing axioms...
Simplifying axioms... [0.000s CPU, 0.000s wall-clock]
Translator axioms removed by simplifying: 0
Computing negative axioms... [0.000s CPU, 0.000s wall-clock]
Processing axioms: [0.000s CPU, 0.000s wall-clock]
Translating task: [0.000s CPU, 0.002s wall-clock]
73 effect conditions simplified
0 implied preconditions added
Detecting unreachable propositions...
0 operators removed
0 axioms removed
17 propositions removed
Detecting unreachable propositions: [0.000s CPU, 0.002s wall-clock]
Reordering and filtering variables...
29 of 57 variables necessary.
14 of 18 mutex groups necessary.
19 of 19 operators necessary.
0 of 0 axiom rules necessary.
Reordering and filtering variables: [0.010s CPU, 0.002s wall-clock]
Translator variables: 29
Translator derived variables: 0
Translator facts: 72
Translator goal facts: 1
Translator mutex groups: 14
Translator total mutex groups size: 29
Translator operators: 19
Translator axioms: 0
Translator task size: 337
Translator peak memory: 42780 KB
Writing output... [0.000s CPU, 0.001s wall-clock]
Done! [0.070s CPU, 0.068s wall-clock]
translate exit code: 0

INFO     Running search (release).
INFO     search stdin: output.sas
INFO     search time limit: 599.85s
INFO     search memory limit: 7000 MB
INFO     search command line string: /user/student.aau.dk/lkar18/downward-projects/downward/experiments/nopo_vs_nasutpo_195p/data/nopo_vs_nasutpo/code-94571df14dfaf5b06207d9589b12facdd93f580c_e5e41175/builds/release/bin/downward --search 'astar(merge_and_shrink(op_mutex=op_mutex(use_previous_ops=NaSUTPO, reachability_strategy=goal), merge_strategy=merge_precomputed(linear()), shrink_strategy=shrink_fh()))' --internal-plan-file sas_plan < output.sas
[t=4.7502e-05s, 22344 KB] reading input...
[t=0.000410415s, 22344 KB] done reading input!
[t=0.0017918s, 22600 KB] Initializing merge-and-shrink heuristic...
[t=0.00185961s, 22600 KB] Running merge-and-shrink algorithm...
[t=0.00187943s, 22600 KB] Merge strategy options:
[t=0.0019003s, 22600 KB] Type: precomputed
[t=0.00192068s, 22600 KB] Merge tree options: 
[t=0.00194005s, 22600 KB] Type: linear
[t=0.00195925s, 22600 KB] Update option: use random
[t=0.00197911s, 22600 KB] Variable order type: CG/GOAL, tie breaking on level (main)

[t=0.00200059s, 22600 KB] Options related to size limits and shrinking: 
[t=0.0020208s, 22600 KB] Transition system size limit: 50000
[t=0.00204004s, 22600 KB] Transition system size limit right before merge: 50000
[t=0.00205932s, 22600 KB] Threshold to trigger shrinking right before merge: 1

[t=0.00208063s, 22600 KB] Pruning unreachable states: yes
[t=0.00210035s, 22600 KB] Pruning irrelevant states: yes

[t=0.00212175s, 22600 KB] Label reduction disabled

[t=0.00214343s, 22600 KB] Main loop max time in seconds: inf

[t=0.00216721s, 22600 KB] ===============================================================================
[t=0.00219741s, 22600 KB] WARNING! You did not enable label reduction.
This may drastically reduce the performance of merge-and-shrink!
[t=0.002219s, 22600 KB] ===============================================================================

[t=0.00224605s, 22600 KB] Building atomic transition systems... 
[t=0.00245129s, 22732 KB] M&S algorithm timer: 0.000619427s (after computation of atomic factors)
[t=0.00249158s, 22732 KB] M&S algorithm timer: 0.000652218s (after pruning atomic factors)

[t=0.00251842s, 22732 KB] Starting main loop without a time limit.
[t=0.00254193s, 22732 KB] building causal graph...done! [t=0.000257978s]
[t=0.00283239s, 22732 KB] Next pair of indices: (28, 27)
[t=0.00287798s, 22732 KB] M&S algorithm main loop timer: 0.000380236s (after computation of next merge)
[t=0.00292957s, 22732 KB] M&S algorithm main loop timer: 0.000438856s (after merging)
[t=0.00296582s, 22732 KB] M&S algorithm main loop timer: 0.000466751s (after pruning)

[t=0.0029914s, 22732 KB] Operator mutex starting iteration 0


[t=0.00303833s, 22732 KB] In ts_0_0 of size 2 found num new op-mutexes 0


[t=0.00308156s, 22732 KB] In ts_0_1 of size 2 found num new op-mutexes 0


[t=0.00312051s, 22732 KB] In ts_0_2 of size 2 found num new op-mutexes 0


[t=0.00316179s, 22732 KB] In ts_0_3 of size 2 found num new op-mutexes 0


[t=0.00320123s, 22732 KB] In ts_0_4 of size 2 found num new op-mutexes 0


[t=0.00323877s, 22732 KB] In ts_0_5 of size 2 found num new op-mutexes 0


[t=0.00327639s, 22732 KB] In ts_0_6 of size 2 found num new op-mutexes 0


[t=0.00331304s, 22732 KB] In ts_0_7 of size 2 found num new op-mutexes 0


[t=0.00334935s, 22732 KB] In ts_0_8 of size 2 found num new op-mutexes 0


[t=0.00338585s, 22732 KB] In ts_0_9 of size 2 found num new op-mutexes 0


[t=0.00342231s, 22732 KB] In ts_0_10 of size 2 found num new op-mutexes 0


[t=0.00345854s, 22732 KB] In ts_0_11 of size 2 found num new op-mutexes 0


[t=0.00349441s, 22732 KB] In ts_0_12 of size 2 found num new op-mutexes 0


[t=0.00354038s, 22732 KB] In ts_0_13 of size 2 found num new op-mutexes 0


[t=0.00357638s, 22732 KB] In ts_0_14 of size 2 found num new op-mutexes 0


[t=0.00361364s, 22732 KB] In ts_0_15 of size 2 found num new op-mutexes 0


[t=0.00365321s, 22732 KB] In ts_0_16 of size 2 found num new op-mutexes 0


[t=0.0036901s, 22732 KB] In ts_0_17 of size 2 found num new op-mutexes 0


[t=0.00372657s, 22732 KB] In ts_0_18 of size 2 found num new op-mutexes 0


[t=0.00376262s, 22732 KB] In ts_0_19 of size 2 found num new op-mutexes 0


[t=0.00379868s, 22732 KB] In ts_0_20 of size 2 found num new op-mutexes 0


[t=0.00383462s, 22732 KB] In ts_0_21 of size 2 found num new op-mutexes 0


[t=0.00388171s, 22732 KB] In ts_0_22 of size 2 found num new op-mutexes 0


[t=0.00392098s, 22732 KB] In ts_0_23 of size 2 found num new op-mutexes 0


[t=0.00395799s, 22732 KB] In ts_0_24 of size 2 found num new op-mutexes 0


[t=0.00400429s, 22732 KB] In ts_0_25 of size 2 found num new op-mutexes 0


[t=0.00404258s, 22732 KB] In ts_0_26 of size 2 found num new op-mutexes 0


[t=0.00411471s, 22732 KB] In ts_0_29 of size 14 found num new op-mutexes 72
[t=0.00413987s, 22732 KB] Operator mutex finished iteration 0. Found an additional 72 operator mutexes

[t=0.00416498s, 22732 KB] Next pair of indices: (29, 26)
[t=0.00418506s, 22732 KB] M&S algorithm main loop timer: 0.00168472s (after computation of next merge)
[t=0.00423228s, 22732 KB] M&S algorithm main loop timer: 0.00173599s (after merging)
[t=0.00426306s, 22732 KB] M&S algorithm main loop timer: 0.00176353s (after pruning)

[t=0.00428982s, 22732 KB] Operator mutex starting iteration 1


[t=0.00433499s, 22732 KB] In ts_1_0 of size 2 found num new op-mutexes 0


[t=0.00439455s, 22732 KB] In ts_1_1 of size 2 found num new op-mutexes 0


[t=0.00443944s, 22732 KB] In ts_1_2 of size 2 found num new op-mutexes 0


[t=0.00448019s, 22732 KB] In ts_1_3 of size 2 found num new op-mutexes 0


[t=0.00451742s, 22732 KB] In ts_1_4 of size 2 found num new op-mutexes 0


[t=0.00455458s, 22732 KB] In ts_1_5 of size 2 found num new op-mutexes 0


[t=0.00459178s, 22732 KB] In ts_1_6 of size 2 found num new op-mutexes 0


[t=0.0046385s, 22732 KB] In ts_1_7 of size 2 found num new op-mutexes 0


[t=0.00467463s, 22732 KB] In ts_1_8 of size 2 found num new op-mutexes 0


[t=0.00471829s, 22732 KB] In ts_1_9 of size 2 found num new op-mutexes 0


[t=0.00475378s, 22732 KB] In ts_1_10 of size 2 found num new op-mutexes 0


[t=0.00478957s, 22732 KB] In ts_1_11 of size 2 found num new op-mutexes 0


[t=0.00482514s, 22732 KB] In ts_1_12 of size 2 found num new op-mutexes 0


[t=0.00486066s, 22732 KB] In ts_1_13 of size 2 found num new op-mutexes 0


[t=0.00489675s, 22732 KB] In ts_1_14 of size 2 found num new op-mutexes 0


[t=0.00493301s, 22732 KB] In ts_1_15 of size 2 found num new op-mutexes 0


[t=0.00497117s, 22732 KB] In ts_1_16 of size 2 found num new op-mutexes 0


[t=0.0050081s, 22732 KB] In ts_1_17 of size 2 found num new op-mutexes 0


[t=0.00504424s, 22732 KB] In ts_1_18 of size 2 found num new op-mutexes 0


[t=0.00508062s, 22732 KB] In ts_1_19 of size 2 found num new op-mutexes 0


[t=0.00511662s, 22732 KB] In ts_1_20 of size 2 found num new op-mutexes 0


[t=0.00515278s, 22732 KB] In ts_1_21 of size 2 found num new op-mutexes 0


[t=0.00519236s, 22732 KB] In ts_1_22 of size 2 found num new op-mutexes 0


[t=0.00523173s, 22732 KB] In ts_1_23 of size 2 found num new op-mutexes 0


[t=0.00526845s, 22732 KB] In ts_1_24 of size 2 found num new op-mutexes 0


[t=0.0053075s, 22732 KB] In ts_1_25 of size 2 found num new op-mutexes 0


[t=0.00539026s, 22732 KB] In ts_1_30 of size 16 found num new op-mutexes 0
[t=0.00541541s, 22732 KB] Operator mutex finished iteration 1. Found an additional 0 operator mutexes

[t=0.00544089s, 22732 KB] Next pair of indices: (30, 25)
[t=0.0054621s, 22732 KB] M&S algorithm main loop timer: 0.00296874s (after computation of next merge)
[t=0.00551911s, 22732 KB] M&S algorithm main loop timer: 0.00302326s (after merging)
[t=0.005551s, 22732 KB] M&S algorithm main loop timer: 0.00305219s (after pruning)

[t=0.00557674s, 22732 KB] Operator mutex starting iteration 2


[t=0.00561664s, 22732 KB] In ts_2_0 of size 2 found num new op-mutexes 0


[t=0.00565571s, 22732 KB] In ts_2_1 of size 2 found num new op-mutexes 0


[t=0.00569318s, 22732 KB] In ts_2_2 of size 2 found num new op-mutexes 0


[t=0.00573291s, 22732 KB] In ts_2_3 of size 2 found num new op-mutexes 0


[t=0.00577076s, 22732 KB] In ts_2_4 of size 2 found num new op-mutexes 0


[t=0.00580772s, 22732 KB] In ts_2_5 of size 2 found num new op-mutexes 0


[t=0.00584449s, 22732 KB] In ts_2_6 of size 2 found num new op-mutexes 0


[t=0.0058809s, 22732 KB] In ts_2_7 of size 2 found num new op-mutexes 0


[t=0.0059171s, 22732 KB] In ts_2_8 of size 2 found num new op-mutexes 0


[t=0.00595299s, 22732 KB] In ts_2_9 of size 2 found num new op-mutexes 0


[t=0.00598869s, 22732 KB] In ts_2_10 of size 2 found num new op-mutexes 0


[t=0.00602522s, 22732 KB] In ts_2_11 of size 2 found num new op-mutexes 0


[t=0.00606113s, 22732 KB] In ts_2_12 of size 2 found num new op-mutexes 0


[t=0.00609792s, 22732 KB] In ts_2_13 of size 2 found num new op-mutexes 0


[t=0.00613413s, 22732 KB] In ts_2_14 of size 2 found num new op-mutexes 0


[t=0.00617057s, 22732 KB] In ts_2_15 of size 2 found num new op-mutexes 0


[t=0.006209s, 22732 KB] In ts_2_16 of size 2 found num new op-mutexes 0


[t=0.00625655s, 22732 KB] In ts_2_17 of size 2 found num new op-mutexes 0


[t=0.00629303s, 22732 KB] In ts_2_18 of size 2 found num new op-mutexes 0


[t=0.00632906s, 22732 KB] In ts_2_19 of size 2 found num new op-mutexes 0


[t=0.00636486s, 22732 KB] In ts_2_20 of size 2 found num new op-mutexes 0


[t=0.0064048s, 22732 KB] In ts_2_21 of size 2 found num new op-mutexes 0


[t=0.00645035s, 22732 KB] In ts_2_22 of size 2 found num new op-mutexes 0


[t=0.00648982s, 22732 KB] In ts_2_23 of size 2 found num new op-mutexes 0


[t=0.00652684s, 22732 KB] In ts_2_24 of size 2 found num new op-mutexes 0


[t=0.00662292s, 22732 KB] In ts_2_31 of size 15 found num new op-mutexes 69
[t=0.00664827s, 22732 KB] Operator mutex finished iteration 2. Found an additional 69 operator mutexes

[t=0.00668106s, 22732 KB] Next pair of indices: (31, 24)
[t=0.00670177s, 22732 KB] M&S algorithm main loop timer: 0.00420147s (after computation of next merge)
[t=0.00674924s, 22732 KB] M&S algorithm main loop timer: 0.00425234s (after merging)
[t=0.00677931s, 22732 KB] M&S algorithm main loop timer: 0.00427969s (after pruning)

[t=0.00680411s, 22732 KB] Operator mutex starting iteration 3


[t=0.00684288s, 22732 KB] In ts_3_0 of size 2 found num new op-mutexes 0


[t=0.00688184s, 22732 KB] In ts_3_1 of size 2 found num new op-mutexes 0


[t=0.0069196s, 22732 KB] In ts_3_2 of size 2 found num new op-mutexes 0


[t=0.00696047s, 22732 KB] In ts_3_3 of size 2 found num new op-mutexes 0


[t=0.00699785s, 22732 KB] In ts_3_4 of size 2 found num new op-mutexes 0


[t=0.00703427s, 22732 KB] In ts_3_5 of size 2 found num new op-mutexes 0


[t=0.00707101s, 22732 KB] In ts_3_6 of size 2 found num new op-mutexes 0


[t=0.00710724s, 22732 KB] In ts_3_7 of size 2 found num new op-mutexes 0


[t=0.00714953s, 22732 KB] In ts_3_8 of size 2 found num new op-mutexes 0


[t=0.00719659s, 22732 KB] In ts_3_9 of size 2 found num new op-mutexes 0


[t=0.0072358s, 22732 KB] In ts_3_10 of size 2 found num new op-mutexes 0


[t=0.0072727s, 22732 KB] In ts_3_11 of size 2 found num new op-mutexes 0


[t=0.00730936s, 22732 KB] In ts_3_12 of size 2 found num new op-mutexes 0


[t=0.00734514s, 22732 KB] In ts_3_13 of size 2 found num new op-mutexes 0


[t=0.00738101s, 22732 KB] In ts_3_14 of size 2 found num new op-mutexes 0


[t=0.00741733s, 22732 KB] In ts_3_15 of size 2 found num new op-mutexes 0


[t=0.00746649s, 22732 KB] In ts_3_16 of size 2 found num new op-mutexes 0


[t=0.00751011s, 22732 KB] In ts_3_17 of size 2 found num new op-mutexes 0


[t=0.00754669s, 22732 KB] In ts_3_18 of size 2 found num new op-mutexes 0


[t=0.00758264s, 22732 KB] In ts_3_19 of size 2 found num new op-mutexes 0


[t=0.00761847s, 22732 KB] In ts_3_20 of size 2 found num new op-mutexes 0


[t=0.00765494s, 22732 KB] In ts_3_21 of size 2 found num new op-mutexes 0


[t=0.00769481s, 22732 KB] In ts_3_22 of size 2 found num new op-mutexes 0


[t=0.0077343s, 22732 KB] In ts_3_23 of size 2 found num new op-mutexes 0


[t=0.00781561s, 22732 KB] In ts_3_32 of size 15 found num new op-mutexes 0
[t=0.00784046s, 22732 KB] Operator mutex finished iteration 3. Found an additional 0 operator mutexes

[t=0.00786586s, 22732 KB] Next pair of indices: (32, 23)
[t=0.00788656s, 22732 KB] M&S algorithm main loop timer: 0.00538691s (after computation of next merge)
[t=0.00793398s, 22732 KB] M&S algorithm main loop timer: 0.00543692s (after merging)
[t=0.00796736s, 22732 KB] M&S algorithm main loop timer: 0.00546772s (after pruning)

[t=0.00799211s, 22732 KB] Operator mutex starting iteration 4


[t=0.00803066s, 22732 KB] In ts_4_0 of size 2 found num new op-mutexes 0


[t=0.00806991s, 22732 KB] In ts_4_1 of size 2 found num new op-mutexes 0


[t=0.00810762s, 22732 KB] In ts_4_2 of size 2 found num new op-mutexes 0


[t=0.00814808s, 22732 KB] In ts_4_3 of size 2 found num new op-mutexes 0


[t=0.00819651s, 22732 KB] In ts_4_4 of size 2 found num new op-mutexes 0


[t=0.00823323s, 22732 KB] In ts_4_5 of size 2 found num new op-mutexes 0


[t=0.00826956s, 22732 KB] In ts_4_6 of size 2 found num new op-mutexes 0


[t=0.00830559s, 22732 KB] In ts_4_7 of size 2 found num new op-mutexes 0


[t=0.00834201s, 22732 KB] In ts_4_8 of size 2 found num new op-mutexes 0


[t=0.00838054s, 22732 KB] In ts_4_9 of size 2 found num new op-mutexes 0


[t=0.00841903s, 22732 KB] In ts_4_10 of size 2 found num new op-mutexes 0


[t=0.00846287s, 22732 KB] In ts_4_11 of size 2 found num new op-mutexes 0


[t=0.00850749s, 22732 KB] In ts_4_12 of size 2 found num new op-mutexes 0


[t=0.00854464s, 22732 KB] In ts_4_13 of size 2 found num new op-mutexes 0


[t=0.00858162s, 22732 KB] In ts_4_14 of size 2 found num new op-mutexes 0


[t=0.00861824s, 22732 KB] In ts_4_15 of size 2 found num new op-mutexes 0


[t=0.00865739s, 22732 KB] In ts_4_16 of size 2 found num new op-mutexes 0


[t=0.00869477s, 22732 KB] In ts_4_17 of size 2 found num new op-mutexes 0


[t=0.00873366s, 22732 KB] In ts_4_18 of size 2 found num new op-mutexes 0


[t=0.00876964s, 22732 KB] In ts_4_19 of size 2 found num new op-mutexes 0


[t=0.00880564s, 22732 KB] In ts_4_20 of size 2 found num new op-mutexes 0


[t=0.00884277s, 22732 KB] In ts_4_21 of size 2 found num new op-mutexes 0


[t=0.0088939s, 22732 KB] In ts_4_22 of size 2 found num new op-mutexes 0


[t=0.00897319s, 22732 KB] In ts_4_33 of size 15 found num new op-mutexes 0
[t=0.00899809s, 22732 KB] Operator mutex finished iteration 4. Found an additional 0 operator mutexes

[t=0.0090232s, 22732 KB] Next pair of indices: (33, 22)
[t=0.00904467s, 22732 KB] M&S algorithm main loop timer: 0.00654416s (after computation of next merge)
[t=0.00908926s, 22732 KB] M&S algorithm main loop timer: 0.00659274s (after merging)
[t=0.00911961s, 22732 KB] M&S algorithm main loop timer: 0.0066206s (after pruning)

[t=0.00914507s, 22732 KB] Operator mutex starting iteration 5


[t=0.00918366s, 22732 KB] In ts_5_0 of size 2 found num new op-mutexes 0


[t=0.00922276s, 22732 KB] In ts_5_1 of size 2 found num new op-mutexes 0


[t=0.00926123s, 22732 KB] In ts_5_2 of size 2 found num new op-mutexes 0


[t=0.00930246s, 22732 KB] In ts_5_3 of size 2 found num new op-mutexes 0


[t=0.00934058s, 22732 KB] In ts_5_4 of size 2 found num new op-mutexes 0


[t=0.00937786s, 22732 KB] In ts_5_5 of size 2 found num new op-mutexes 0


[t=0.00941447s, 22732 KB] In ts_5_6 of size 2 found num new op-mutexes 0


[t=0.00945079s, 22732 KB] In ts_5_7 of size 2 found num new op-mutexes 0


[t=0.00948675s, 22732 KB] In ts_5_8 of size 2 found num new op-mutexes 0


[t=0.00952539s, 22732 KB] In ts_5_9 of size 2 found num new op-mutexes 0


[t=0.0095637s, 22732 KB] In ts_5_10 of size 2 found num new op-mutexes 0


[t=0.00960034s, 22732 KB] In ts_5_11 of size 2 found num new op-mutexes 0


[t=0.00964702s, 22732 KB] In ts_5_12 of size 2 found num new op-mutexes 0


[t=0.00968481s, 22732 KB] In ts_5_13 of size 2 found num new op-mutexes 0


[t=0.00972195s, 22732 KB] In ts_5_14 of size 2 found num new op-mutexes 0


[t=0.0097583s, 22732 KB] In ts_5_15 of size 2 found num new op-mutexes 0


[t=0.00979738s, 22732 KB] In ts_5_16 of size 2 found num new op-mutexes 0


[t=0.00983402s, 22732 KB] In ts_5_17 of size 2 found num new op-mutexes 0


[t=0.00992254s, 22732 KB] In ts_5_18 of size 2 found num new op-mutexes 0


[t=0.00996213s, 22732 KB] In ts_5_19 of size 2 found num new op-mutexes 0


[t=0.009999s, 22732 KB] In ts_5_20 of size 2 found num new op-mutexes 0


[t=0.0100459s, 22732 KB] In ts_5_21 of size 2 found num new op-mutexes 0


[t=0.0101308s, 22732 KB] In ts_5_34 of size 14 found num new op-mutexes 27
[t=0.0101556s, 22732 KB] Operator mutex finished iteration 5. Found an additional 27 operator mutexes

[t=0.0101805s, 22732 KB] Next pair of indices: (34, 21)
[t=0.0102005s, 22732 KB] M&S algorithm main loop timer: 0.00769991s (after computation of next merge)
[t=0.0102439s, 22732 KB] M&S algorithm main loop timer: 0.0077471s (after merging)
[t=0.0102737s, 22732 KB] M&S algorithm main loop timer: 0.00777389s (after pruning)

[t=0.0102983s, 22732 KB] Operator mutex starting iteration 6


[t=0.0103364s, 22732 KB] In ts_6_0 of size 2 found num new op-mutexes 0


[t=0.010376s, 22732 KB] In ts_6_1 of size 2 found num new op-mutexes 0


[t=0.0104146s, 22732 KB] In ts_6_2 of size 2 found num new op-mutexes 0


[t=0.0104558s, 22732 KB] In ts_6_3 of size 2 found num new op-mutexes 0


[t=0.0104934s, 22732 KB] In ts_6_4 of size 2 found num new op-mutexes 0


[t=0.01053s, 22732 KB] In ts_6_5 of size 2 found num new op-mutexes 0


[t=0.010571s, 22732 KB] In ts_6_6 of size 2 found num new op-mutexes 0


[t=0.0106117s, 22732 KB] In ts_6_7 of size 2 found num new op-mutexes 0


[t=0.0106484s, 22732 KB] In ts_6_8 of size 2 found num new op-mutexes 0


[t=0.0106869s, 22732 KB] In ts_6_9 of size 2 found num new op-mutexes 0


[t=0.0107253s, 22732 KB] In ts_6_10 of size 2 found num new op-mutexes 0


[t=0.0107622s, 22732 KB] In ts_6_11 of size 2 found num new op-mutexes 0


[t=0.0107983s, 22732 KB] In ts_6_12 of size 2 found num new op-mutexes 0


[t=0.010844s, 22732 KB] In ts_6_13 of size 2 found num new op-mutexes 0


[t=0.0108806s, 22732 KB] In ts_6_14 of size 2 found num new op-mutexes 0


[t=0.0109168s, 22732 KB] In ts_6_15 of size 2 found num new op-mutexes 0


[t=0.0109553s, 22732 KB] In ts_6_16 of size 2 found num new op-mutexes 0


[t=0.0109928s, 22732 KB] In ts_6_17 of size 2 found num new op-mutexes 0


[t=0.0110302s, 22732 KB] In ts_6_18 of size 2 found num new op-mutexes 0


[t=0.0110671s, 22732 KB] In ts_6_19 of size 2 found num new op-mutexes 0


[t=0.0111039s, 22732 KB] In ts_6_20 of size 2 found num new op-mutexes 0


[t=0.011182s, 22732 KB] In ts_6_35 of size 14 found num new op-mutexes 0
[t=0.0112068s, 22732 KB] Operator mutex finished iteration 6. Found an additional 0 operator mutexes

[t=0.0112343s, 22732 KB] Next pair of indices: (35, 20)
[t=0.0112618s, 22732 KB] M&S algorithm main loop timer: 0.00876213s (after computation of next merge)
[t=0.0113066s, 22732 KB] M&S algorithm main loop timer: 0.00880961s (after merging)
[t=0.0113359s, 22732 KB] M&S algorithm main loop timer: 0.00883604s (after pruning)

[t=0.0113606s, 22732 KB] Operator mutex starting iteration 7


[t=0.0113994s, 22732 KB] In ts_7_0 of size 2 found num new op-mutexes 0


[t=0.0114386s, 22732 KB] In ts_7_1 of size 2 found num new op-mutexes 0


[t=0.0114765s, 22732 KB] In ts_7_2 of size 2 found num new op-mutexes 0


[t=0.0115166s, 22732 KB] In ts_7_3 of size 2 found num new op-mutexes 0


[t=0.0115542s, 22732 KB] In ts_7_4 of size 2 found num new op-mutexes 0


[t=0.0115908s, 22732 KB] In ts_7_5 of size 2 found num new op-mutexes 0


[t=0.0116372s, 22732 KB] In ts_7_6 of size 2 found num new op-mutexes 0


[t=0.0116738s, 22732 KB] In ts_7_7 of size 2 found num new op-mutexes 0


[t=0.0117102s, 22732 KB] In ts_7_8 of size 2 found num new op-mutexes 0


[t=0.0117481s, 22732 KB] In ts_7_9 of size 2 found num new op-mutexes 0


[t=0.0117863s, 22732 KB] In ts_7_10 of size 2 found num new op-mutexes 0


[t=0.0118233s, 22732 KB] In ts_7_11 of size 2 found num new op-mutexes 0


[t=0.0118597s, 22732 KB] In ts_7_12 of size 2 found num new op-mutexes 0


[t=0.0118956s, 22732 KB] In ts_7_13 of size 2 found num new op-mutexes 0


[t=0.0119316s, 22732 KB] In ts_7_14 of size 2 found num new op-mutexes 0


[t=0.0119679s, 22732 KB] In ts_7_15 of size 2 found num new op-mutexes 0


[t=0.0120063s, 22732 KB] In ts_7_16 of size 2 found num new op-mutexes 0


[t=0.0120431s, 22732 KB] In ts_7_17 of size 2 found num new op-mutexes 0


[t=0.0120793s, 22732 KB] In ts_7_18 of size 2 found num new op-mutexes 0


[t=0.0121159s, 22732 KB] In ts_7_19 of size 2 found num new op-mutexes 0


[t=0.0121924s, 22732 KB] In ts_7_36 of size 14 found num new op-mutexes 0
[t=0.0122172s, 22732 KB] Operator mutex finished iteration 7. Found an additional 0 operator mutexes

[t=0.0122422s, 22732 KB] Next pair of indices: (36, 19)
[t=0.0122626s, 22732 KB] M&S algorithm main loop timer: 0.00976186s (after computation of next merge)
[t=0.0123049s, 22732 KB] M&S algorithm main loop timer: 0.00980781s (after merging)
[t=0.0123334s, 22732 KB] M&S algorithm main loop timer: 0.00983351s (after pruning)

[t=0.0123579s, 22732 KB] Operator mutex starting iteration 8


[t=0.0123958s, 22732 KB] In ts_8_0 of size 2 found num new op-mutexes 0


[t=0.0124345s, 22732 KB] In ts_8_1 of size 2 found num new op-mutexes 0


[t=0.0124818s, 22732 KB] In ts_8_2 of size 2 found num new op-mutexes 0


[t=0.012522s, 22732 KB] In ts_8_3 of size 2 found num new op-mutexes 0


[t=0.0125596s, 22732 KB] In ts_8_4 of size 2 found num new op-mutexes 0


[t=0.0126133s, 22732 KB] In ts_8_5 of size 2 found num new op-mutexes 0


[t=0.0126587s, 22732 KB] In ts_8_6 of size 2 found num new op-mutexes 0


[t=0.0126972s, 22732 KB] In ts_8_7 of size 2 found num new op-mutexes 0


[t=0.0127337s, 22732 KB] In ts_8_8 of size 2 found num new op-mutexes 0


[t=0.0127726s, 22732 KB] In ts_8_9 of size 2 found num new op-mutexes 0


[t=0.0128216s, 22732 KB] In ts_8_10 of size 2 found num new op-mutexes 0


[t=0.0128583s, 22732 KB] In ts_8_11 of size 2 found num new op-mutexes 0


[t=0.0128957s, 22732 KB] In ts_8_12 of size 2 found num new op-mutexes 0


[t=0.0129325s, 22732 KB] In ts_8_13 of size 2 found num new op-mutexes 0


[t=0.0129689s, 22732 KB] In ts_8_14 of size 2 found num new op-mutexes 0


[t=0.0130056s, 22732 KB] In ts_8_15 of size 2 found num new op-mutexes 0


[t=0.0130441s, 22732 KB] In ts_8_16 of size 2 found num new op-mutexes 0


[t=0.013081s, 22732 KB] In ts_8_17 of size 2 found num new op-mutexes 0


[t=0.0131178s, 22732 KB] In ts_8_18 of size 2 found num new op-mutexes 0


[t=0.0131941s, 22732 KB] In ts_8_37 of size 14 found num new op-mutexes 0
[t=0.0132186s, 22732 KB] Operator mutex finished iteration 8. Found an additional 0 operator mutexes

[t=0.0132431s, 22732 KB] Next pair of indices: (37, 18)
[t=0.0132637s, 22732 KB] M&S algorithm main loop timer: 0.0107712s (after computation of next merge)
[t=0.0133166s, 22732 KB] M&S algorithm main loop timer: 0.0108203s (after merging)
[t=0.0133465s, 22732 KB] M&S algorithm main loop timer: 0.0108467s (after pruning)

[t=0.0133712s, 22732 KB] Operator mutex starting iteration 9


[t=0.0134093s, 22732 KB] In ts_9_0 of size 2 found num new op-mutexes 0


[t=0.0134494s, 22732 KB] In ts_9_1 of size 2 found num new op-mutexes 0


[t=0.013487s, 22732 KB] In ts_9_2 of size 2 found num new op-mutexes 0


[t=0.0135388s, 22732 KB] In ts_9_3 of size 2 found num new op-mutexes 0


[t=0.013577s, 22732 KB] In ts_9_4 of size 2 found num new op-mutexes 0


[t=0.0136136s, 22732 KB] In ts_9_5 of size 2 found num new op-mutexes 0


[t=0.0136502s, 22732 KB] In ts_9_6 of size 2 found num new op-mutexes 0


[t=0.0136865s, 22732 KB] In ts_9_7 of size 2 found num new op-mutexes 0


[t=0.0137225s, 22732 KB] In ts_9_8 of size 2 found num new op-mutexes 0


[t=0.013761s, 22732 KB] In ts_9_9 of size 2 found num new op-mutexes 0


[t=0.013799s, 22732 KB] In ts_9_10 of size 2 found num new op-mutexes 0


[t=0.0138362s, 22732 KB] In ts_9_11 of size 2 found num new op-mutexes 0


[t=0.0138731s, 22732 KB] In ts_9_12 of size 2 found num new op-mutexes 0


[t=0.0139099s, 22732 KB] In ts_9_13 of size 2 found num new op-mutexes 0


[t=0.0139463s, 22732 KB] In ts_9_14 of size 2 found num new op-mutexes 0


[t=0.0139832s, 22732 KB] In ts_9_15 of size 2 found num new op-mutexes 0


[t=0.0140312s, 22732 KB] In ts_9_16 of size 2 found num new op-mutexes 0


[t=0.0140866s, 22732 KB] In ts_9_17 of size 2 found num new op-mutexes 0


[t=0.0142008s, 22732 KB] In ts_9_38 of size 14 found num new op-mutexes 0
[t=0.0142371s, 22732 KB] Operator mutex finished iteration 9. Found an additional 0 operator mutexes

[t=0.014279s, 22732 KB] Next pair of indices: (38, 17)
[t=0.0143093s, 22732 KB] M&S algorithm main loop timer: 0.0118184s (after computation of next merge)
[t=0.0143707s, 22732 KB] M&S algorithm main loop timer: 0.0118943s (after merging)
[t=0.014423s, 22732 KB] M&S algorithm main loop timer: 0.0119329s (after pruning)

[t=0.014459s, 22732 KB] Operator mutex starting iteration 10


[t=0.0145137s, 22732 KB] In ts_10_0 of size 2 found num new op-mutexes 0


[t=0.0145704s, 22732 KB] In ts_10_1 of size 2 found num new op-mutexes 0


[t=0.0146255s, 22732 KB] In ts_10_2 of size 2 found num new op-mutexes 0


[t=0.0146851s, 22732 KB] In ts_10_3 of size 2 found num new op-mutexes 0


[t=0.0147416s, 22732 KB] In ts_10_4 of size 2 found num new op-mutexes 0


[t=0.0147969s, 22732 KB] In ts_10_5 of size 2 found num new op-mutexes 0


[t=0.0148515s, 22732 KB] In ts_10_6 of size 2 found num new op-mutexes 0


[t=0.0149059s, 22732 KB] In ts_10_7 of size 2 found num new op-mutexes 0


[t=0.0149602s, 22732 KB] In ts_10_8 of size 2 found num new op-mutexes 0


[t=0.0150175s, 22732 KB] In ts_10_9 of size 2 found num new op-mutexes 0


[t=0.0150743s, 22732 KB] In ts_10_10 of size 2 found num new op-mutexes 0


[t=0.0151299s, 22732 KB] In ts_10_11 of size 2 found num new op-mutexes 0


[t=0.0151841s, 22732 KB] In ts_10_12 of size 2 found num new op-mutexes 0


[t=0.0152381s, 22732 KB] In ts_10_13 of size 2 found num new op-mutexes 0


[t=0.015292s, 22732 KB] In ts_10_14 of size 2 found num new op-mutexes 0


[t=0.0153462s, 22732 KB] In ts_10_15 of size 2 found num new op-mutexes 0


[t=0.0154477s, 22732 KB] In ts_10_16 of size 2 found num new op-mutexes 0


[t=0.0155357s, 22732 KB] In ts_10_39 of size 14 found num new op-mutexes 0
[t=0.0155611s, 22732 KB] Operator mutex finished iteration 10. Found an additional 0 operator mutexes

[t=0.0155859s, 22732 KB] Next pair of indices: (39, 16)
[t=0.0156062s, 22732 KB] M&S algorithm main loop timer: 0.0131053s (after computation of next merge)
[t=0.0156496s, 22732 KB] M&S algorithm main loop timer: 0.0131628s (after merging)
[t=0.0156891s, 22732 KB] M&S algorithm main loop timer: 0.0131892s (after pruning)

[t=0.0157134s, 22732 KB] Operator mutex starting iteration 11


[t=0.0157512s, 22732 KB] In ts_11_0 of size 2 found num new op-mutexes 0


[t=0.0157903s, 22732 KB] In ts_11_1 of size 2 found num new op-mutexes 0


[t=0.0158277s, 22732 KB] In ts_11_2 of size 2 found num new op-mutexes 0


[t=0.015868s, 22732 KB] In ts_11_3 of size 2 found num new op-mutexes 0


[t=0.0159141s, 22732 KB] In ts_11_4 of size 2 found num new op-mutexes 0


[t=0.0159507s, 22732 KB] In ts_11_5 of size 2 found num new op-mutexes 0


[t=0.0159866s, 22732 KB] In ts_11_6 of size 2 found num new op-mutexes 0


[t=0.0160228s, 22732 KB] In ts_11_7 of size 2 found num new op-mutexes 0


[t=0.0160589s, 22732 KB] In ts_11_8 of size 2 found num new op-mutexes 0


[t=0.0160972s, 22732 KB] In ts_11_9 of size 2 found num new op-mutexes 0


[t=0.0161349s, 22732 KB] In ts_11_10 of size 2 found num new op-mutexes 0


[t=0.0161714s, 22732 KB] In ts_11_11 of size 2 found num new op-mutexes 0


[t=0.0162074s, 22732 KB] In ts_11_12 of size 2 found num new op-mutexes 0


[t=0.0162429s, 22732 KB] In ts_11_13 of size 2 found num new op-mutexes 0


[t=0.0162786s, 22732 KB] In ts_11_14 of size 2 found num new op-mutexes 0


[t=0.0163142s, 22732 KB] In ts_11_15 of size 2 found num new op-mutexes 0


[t=0.0163891s, 22732 KB] In ts_11_40 of size 14 found num new op-mutexes 0
[t=0.0164129s, 22732 KB] Operator mutex finished iteration 11. Found an additional 0 operator mutexes

[t=0.0164368s, 22732 KB] Next pair of indices: (40, 15)
[t=0.0164566s, 22732 KB] M&S algorithm main loop timer: 0.0139559s (after computation of next merge)
[t=0.0165099s, 22732 KB] M&S algorithm main loop timer: 0.0140128s (after merging)
[t=0.0165386s, 22732 KB] M&S algorithm main loop timer: 0.0140386s (after pruning)

[t=0.0165629s, 22732 KB] Operator mutex starting iteration 12


[t=0.0165993s, 22732 KB] In ts_12_0 of size 2 found num new op-mutexes 0


[t=0.0166371s, 22732 KB] In ts_12_1 of size 2 found num new op-mutexes 0


[t=0.0166741s, 22732 KB] In ts_12_2 of size 2 found num new op-mutexes 0


[t=0.016714s, 22732 KB] In ts_12_3 of size 2 found num new op-mutexes 0


[t=0.0167511s, 22732 KB] In ts_12_4 of size 2 found num new op-mutexes 0


[t=0.0167873s, 22732 KB] In ts_12_5 of size 2 found num new op-mutexes 0


[t=0.0168235s, 22732 KB] In ts_12_6 of size 2 found num new op-mutexes 0


[t=0.0168595s, 22732 KB] In ts_12_7 of size 2 found num new op-mutexes 0


[t=0.0168953s, 22732 KB] In ts_12_8 of size 2 found num new op-mutexes 0


[t=0.016933s, 22732 KB] In ts_12_9 of size 2 found num new op-mutexes 0


[t=0.0169709s, 22732 KB] In ts_12_10 of size 2 found num new op-mutexes 0


[t=0.0170073s, 22732 KB] In ts_12_11 of size 2 found num new op-mutexes 0


[t=0.0170434s, 22732 KB] In ts_12_12 of size 2 found num new op-mutexes 0


[t=0.0170791s, 22732 KB] In ts_12_13 of size 2 found num new op-mutexes 0


[t=0.017115s, 22732 KB] In ts_12_14 of size 2 found num new op-mutexes 0


[t=0.0171926s, 22732 KB] In ts_12_41 of size 14 found num new op-mutexes 0
[t=0.017221s, 22732 KB] Operator mutex finished iteration 12. Found an additional 0 operator mutexes

[t=0.0172456s, 22732 KB] Next pair of indices: (41, 14)
[t=0.0172762s, 22732 KB] M&S algorithm main loop timer: 0.0147756s (after computation of next merge)
[t=0.0173183s, 22732 KB] M&S algorithm main loop timer: 0.0148216s (after merging)
[t=0.0173477s, 22732 KB] M&S algorithm main loop timer: 0.014848s (after pruning)

[t=0.0173722s, 22732 KB] Operator mutex starting iteration 13


[t=0.0174105s, 22732 KB] In ts_13_0 of size 2 found num new op-mutexes 0


[t=0.0174489s, 22732 KB] In ts_13_1 of size 2 found num new op-mutexes 0


[t=0.0174947s, 22732 KB] In ts_13_2 of size 2 found num new op-mutexes 0


[t=0.0175382s, 22732 KB] In ts_13_3 of size 2 found num new op-mutexes 0


[t=0.017577s, 22732 KB] In ts_13_4 of size 2 found num new op-mutexes 0


[t=0.0176141s, 22732 KB] In ts_13_5 of size 2 found num new op-mutexes 0


[t=0.0176507s, 22732 KB] In ts_13_6 of size 2 found num new op-mutexes 0


[t=0.0176865s, 22732 KB] In ts_13_7 of size 2 found num new op-mutexes 0


[t=0.0177228s, 22732 KB] In ts_13_8 of size 2 found num new op-mutexes 0


[t=0.017761s, 22732 KB] In ts_13_9 of size 2 found num new op-mutexes 0


[t=0.0177989s, 22732 KB] In ts_13_10 of size 2 found num new op-mutexes 0


[t=0.0178363s, 22732 KB] In ts_13_11 of size 2 found num new op-mutexes 0


[t=0.0178728s, 22732 KB] In ts_13_12 of size 2 found num new op-mutexes 0


[t=0.0179095s, 22732 KB] In ts_13_13 of size 2 found num new op-mutexes 0


[t=0.0179859s, 22732 KB] In ts_13_42 of size 14 found num new op-mutexes 0
[t=0.0180105s, 22732 KB] Operator mutex finished iteration 13. Found an additional 0 operator mutexes

[t=0.0180348s, 22732 KB] Next pair of indices: (42, 13)
[t=0.0180549s, 22732 KB] M&S algorithm main loop timer: 0.0155544s (after computation of next merge)
[t=0.0180963s, 22732 KB] M&S algorithm main loop timer: 0.0155993s (after merging)
[t=0.0181253s, 22732 KB] M&S algorithm main loop timer: 0.0156253s (after pruning)

[t=0.0181496s, 22732 KB] Operator mutex starting iteration 14


[t=0.0182252s, 22732 KB] In ts_14_0 of size 2 found num new op-mutexes 0


[t=0.0182745s, 22732 KB] In ts_14_1 of size 2 found num new op-mutexes 0


[t=0.0183132s, 22732 KB] In ts_14_2 of size 2 found num new op-mutexes 0


[t=0.0183646s, 22732 KB] In ts_14_3 of size 2 found num new op-mutexes 0


[t=0.0184025s, 22732 KB] In ts_14_4 of size 2 found num new op-mutexes 0


[t=0.0184392s, 22732 KB] In ts_14_5 of size 2 found num new op-mutexes 0


[t=0.0184756s, 22732 KB] In ts_14_6 of size 2 found num new op-mutexes 0


[t=0.0185117s, 22732 KB] In ts_14_7 of size 2 found num new op-mutexes 0


[t=0.0185474s, 22732 KB] In ts_14_8 of size 2 found num new op-mutexes 0


[t=0.0185855s, 22732 KB] In ts_14_9 of size 2 found num new op-mutexes 0


[t=0.0186233s, 22732 KB] In ts_14_10 of size 2 found num new op-mutexes 0


[t=0.0186598s, 22732 KB] In ts_14_11 of size 2 found num new op-mutexes 0


[t=0.0186958s, 22732 KB] In ts_14_12 of size 2 found num new op-mutexes 0


[t=0.0187715s, 22732 KB] In ts_14_43 of size 14 found num new op-mutexes 0
[t=0.0187958s, 22732 KB] Operator mutex finished iteration 14. Found an additional 0 operator mutexes

[t=0.0188202s, 22732 KB] Next pair of indices: (43, 12)
[t=0.0188406s, 22732 KB] M&S algorithm main loop timer: 0.01634s (after computation of next merge)
[t=0.0188848s, 22732 KB] M&S algorithm main loop timer: 0.0163876s (after merging)
[t=0.0189137s, 22732 KB] M&S algorithm main loop timer: 0.0164137s (after pruning)

[t=0.018938s, 22732 KB] Operator mutex starting iteration 15


[t=0.0189752s, 22732 KB] In ts_15_0 of size 2 found num new op-mutexes 0


[t=0.0190133s, 22732 KB] In ts_15_1 of size 2 found num new op-mutexes 0


[t=0.0190503s, 22732 KB] In ts_15_2 of size 2 found num new op-mutexes 0


[t=0.0191007s, 22732 KB] In ts_15_3 of size 2 found num new op-mutexes 0


[t=0.0191382s, 22732 KB] In ts_15_4 of size 2 found num new op-mutexes 0


[t=0.0191752s, 22732 KB] In ts_15_5 of size 2 found num new op-mutexes 0


[t=0.019212s, 22732 KB] In ts_15_6 of size 2 found num new op-mutexes 0


[t=0.0192483s, 22732 KB] In ts_15_7 of size 2 found num new op-mutexes 0


[t=0.0192838s, 22732 KB] In ts_15_8 of size 2 found num new op-mutexes 0


[t=0.0193216s, 22732 KB] In ts_15_9 of size 2 found num new op-mutexes 0


[t=0.0193594s, 22732 KB] In ts_15_10 of size 2 found num new op-mutexes 0


[t=0.0193961s, 22732 KB] In ts_15_11 of size 2 found num new op-mutexes 0


[t=0.0194714s, 22732 KB] In ts_15_44 of size 14 found num new op-mutexes 0
[t=0.0194957s, 22732 KB] Operator mutex finished iteration 15. Found an additional 0 operator mutexes

[t=0.0195197s, 22732 KB] Next pair of indices: (44, 11)
[t=0.0195394s, 22732 KB] M&S algorithm main loop timer: 0.0170388s (after computation of next merge)
[t=0.0195809s, 22732 KB] M&S algorithm main loop timer: 0.0170835s (after merging)
[t=0.0196089s, 22732 KB] M&S algorithm main loop timer: 0.017109s (after pruning)

[t=0.0196331s, 22732 KB] Operator mutex starting iteration 16


[t=0.0196705s, 22732 KB] In ts_16_0 of size 2 found num new op-mutexes 0


[t=0.0197088s, 22732 KB] In ts_16_1 of size 2 found num new op-mutexes 0


[t=0.0197459s, 22732 KB] In ts_16_2 of size 2 found num new op-mutexes 0


[t=0.0197863s, 22732 KB] In ts_16_3 of size 2 found num new op-mutexes 0


[t=0.0198238s, 22732 KB] In ts_16_4 of size 2 found num new op-mutexes 0


[t=0.0198603s, 22732 KB] In ts_16_5 of size 2 found num new op-mutexes 0


[t=0.0199071s, 22732 KB] In ts_16_6 of size 2 found num new op-mutexes 0


[t=0.0199431s, 22732 KB] In ts_16_7 of size 2 found num new op-mutexes 0


[t=0.0199789s, 22732 KB] In ts_16_8 of size 2 found num new op-mutexes 0


[t=0.0200203s, 22732 KB] In ts_16_9 of size 2 found num new op-mutexes 0


[t=0.0200579s, 22732 KB] In ts_16_10 of size 2 found num new op-mutexes 0


[t=0.0201324s, 22732 KB] In ts_16_45 of size 14 found num new op-mutexes 0
[t=0.020157s, 22732 KB] Operator mutex finished iteration 16. Found an additional 0 operator mutexes

[t=0.0201809s, 22732 KB] Next pair of indices: (45, 10)
[t=0.0202007s, 22732 KB] M&S algorithm main loop timer: 0.0176998s (after computation of next merge)
[t=0.0202413s, 22732 KB] M&S algorithm main loop timer: 0.0177438s (after merging)
[t=0.0202693s, 22732 KB] M&S algorithm main loop timer: 0.0177694s (after pruning)

[t=0.0203028s, 22732 KB] Operator mutex starting iteration 17


[t=0.0203462s, 22732 KB] In ts_17_0 of size 2 found num new op-mutexes 0


[t=0.0203855s, 22732 KB] In ts_17_1 of size 2 found num new op-mutexes 0


[t=0.0204229s, 22732 KB] In ts_17_2 of size 2 found num new op-mutexes 0


[t=0.0204634s, 22732 KB] In ts_17_3 of size 2 found num new op-mutexes 0


[t=0.020501s, 22732 KB] In ts_17_4 of size 2 found num new op-mutexes 0


[t=0.0205372s, 22732 KB] In ts_17_5 of size 2 found num new op-mutexes 0


[t=0.0205738s, 22732 KB] In ts_17_6 of size 2 found num new op-mutexes 0


[t=0.0206105s, 22732 KB] In ts_17_7 of size 2 found num new op-mutexes 0


[t=0.0206464s, 22732 KB] In ts_17_8 of size 2 found num new op-mutexes 0


[t=0.0206844s, 22732 KB] In ts_17_9 of size 2 found num new op-mutexes 0


[t=0.0207599s, 22732 KB] In ts_17_46 of size 14 found num new op-mutexes 0
[t=0.0207849s, 22732 KB] Operator mutex finished iteration 17. Found an additional 0 operator mutexes

[t=0.0208093s, 22732 KB] Next pair of indices: (46, 9)
[t=0.0208297s, 22732 KB] M&S algorithm main loop timer: 0.0183292s (after computation of next merge)
[t=0.0208729s, 22732 KB] M&S algorithm main loop timer: 0.0183756s (after merging)
[t=0.0209015s, 22732 KB] M&S algorithm main loop timer: 0.0184018s (after pruning)

[t=0.0209261s, 22732 KB] Operator mutex starting iteration 18


[t=0.0209637s, 22732 KB] In ts_18_0 of size 2 found num new op-mutexes 0


[t=0.0210023s, 22732 KB] In ts_18_1 of size 2 found num new op-mutexes 0


[t=0.0210597s, 22732 KB] In ts_18_2 of size 2 found num new op-mutexes 0


[t=0.0211019s, 22732 KB] In ts_18_3 of size 2 found num new op-mutexes 0


[t=0.0211426s, 22732 KB] In ts_18_4 of size 2 found num new op-mutexes 0


[t=0.0211834s, 22732 KB] In ts_18_5 of size 2 found num new op-mutexes 0


[t=0.0212206s, 22732 KB] In ts_18_6 of size 2 found num new op-mutexes 0


[t=0.0212571s, 22732 KB] In ts_18_7 of size 2 found num new op-mutexes 0


[t=0.0212931s, 22732 KB] In ts_18_8 of size 2 found num new op-mutexes 0


[t=0.0213682s, 22732 KB] In ts_18_47 of size 14 found num new op-mutexes 0
[t=0.0213929s, 22732 KB] Operator mutex finished iteration 18. Found an additional 0 operator mutexes

[t=0.021417s, 22732 KB] Next pair of indices: (47, 8)
[t=0.0214369s, 22732 KB] M&S algorithm main loop timer: 0.018936s (after computation of next merge)
[t=0.0214884s, 22732 KB] M&S algorithm main loop timer: 0.0189915s (after merging)
[t=0.0215174s, 22732 KB] M&S algorithm main loop timer: 0.0190174s (after pruning)

[t=0.0215418s, 22732 KB] Operator mutex starting iteration 19


[t=0.0215793s, 22732 KB] In ts_19_0 of size 2 found num new op-mutexes 0


[t=0.0216175s, 22732 KB] In ts_19_1 of size 2 found num new op-mutexes 0


[t=0.0216544s, 22732 KB] In ts_19_2 of size 2 found num new op-mutexes 0


[t=0.0216948s, 22732 KB] In ts_19_3 of size 2 found num new op-mutexes 0


[t=0.0217321s, 22732 KB] In ts_19_4 of size 2 found num new op-mutexes 0


[t=0.0217684s, 22732 KB] In ts_19_5 of size 2 found num new op-mutexes 0


[t=0.0218044s, 22732 KB] In ts_19_6 of size 2 found num new op-mutexes 0


[t=0.0218402s, 22732 KB] In ts_19_7 of size 2 found num new op-mutexes 0


[t=0.021915s, 22732 KB] In ts_19_48 of size 14 found num new op-mutexes 0
[t=0.0219395s, 22732 KB] Operator mutex finished iteration 19. Found an additional 0 operator mutexes

[t=0.0219639s, 22732 KB] Next pair of indices: (48, 7)
[t=0.0219842s, 22732 KB] M&S algorithm main loop timer: 0.0194834s (after computation of next merge)
[t=0.0220257s, 22732 KB] M&S algorithm main loop timer: 0.0195288s (after merging)
[t=0.0220545s, 22732 KB] M&S algorithm main loop timer: 0.0195547s (after pruning)

[t=0.022079s, 22732 KB] Operator mutex starting iteration 20


[t=0.0221161s, 22732 KB] In ts_20_0 of size 2 found num new op-mutexes 0


[t=0.0221539s, 22732 KB] In ts_20_1 of size 2 found num new op-mutexes 0


[t=0.0221912s, 22732 KB] In ts_20_2 of size 2 found num new op-mutexes 0


[t=0.0222314s, 22732 KB] In ts_20_3 of size 2 found num new op-mutexes 0


[t=0.0222689s, 22732 KB] In ts_20_4 of size 2 found num new op-mutexes 0


[t=0.0223054s, 22732 KB] In ts_20_5 of size 2 found num new op-mutexes 0


[t=0.0223419s, 22732 KB] In ts_20_6 of size 2 found num new op-mutexes 0


[t=0.0224269s, 22732 KB] In ts_20_49 of size 14 found num new op-mutexes 0
[t=0.0224524s, 22732 KB] Operator mutex finished iteration 20. Found an additional 0 operator mutexes

[t=0.0224762s, 22732 KB] Next pair of indices: (49, 6)
[t=0.0224961s, 22732 KB] M&S algorithm main loop timer: 0.0199953s (after computation of next merge)
[t=0.0225379s, 22732 KB] M&S algorithm main loop timer: 0.0200405s (after merging)
[t=0.0225662s, 22732 KB] M&S algorithm main loop timer: 0.0200661s (after pruning)

[t=0.0225903s, 22732 KB] Operator mutex starting iteration 21


[t=0.0226272s, 22732 KB] In ts_21_0 of size 2 found num new op-mutexes 0


[t=0.0226653s, 22732 KB] In ts_21_1 of size 2 found num new op-mutexes 0


[t=0.0227024s, 22732 KB] In ts_21_2 of size 2 found num new op-mutexes 0


[t=0.0227425s, 22732 KB] In ts_21_3 of size 2 found num new op-mutexes 0


[t=0.0227795s, 22732 KB] In ts_21_4 of size 2 found num new op-mutexes 0


[t=0.0228165s, 22732 KB] In ts_21_5 of size 2 found num new op-mutexes 0


[t=0.0228906s, 22732 KB] In ts_21_50 of size 14 found num new op-mutexes 0
[t=0.022915s, 22732 KB] Operator mutex finished iteration 21. Found an additional 0 operator mutexes

[t=0.0229386s, 22732 KB] Next pair of indices: (50, 5)
[t=0.0229585s, 22732 KB] M&S algorithm main loop timer: 0.0204577s (after computation of next merge)
[t=0.0229991s, 22732 KB] M&S algorithm main loop timer: 0.0205017s (after merging)
[t=0.0230273s, 22732 KB] M&S algorithm main loop timer: 0.0205272s (after pruning)

[t=0.0230514s, 22732 KB] Operator mutex starting iteration 22


[t=0.0230886s, 22732 KB] In ts_22_0 of size 2 found num new op-mutexes 0


[t=0.0231266s, 22732 KB] In ts_22_1 of size 2 found num new op-mutexes 0


[t=0.0231639s, 22732 KB] In ts_22_2 of size 2 found num new op-mutexes 0


[t=0.0232037s, 22732 KB] In ts_22_3 of size 2 found num new op-mutexes 0


[t=0.0232413s, 22732 KB] In ts_22_4 of size 2 found num new op-mutexes 0


[t=0.0233146s, 22732 KB] In ts_22_51 of size 14 found num new op-mutexes 0
[t=0.0233386s, 22732 KB] Operator mutex finished iteration 22. Found an additional 0 operator mutexes

[t=0.0233622s, 22732 KB] Next pair of indices: (51, 4)
[t=0.0233821s, 22732 KB] M&S algorithm main loop timer: 0.0208813s (after computation of next merge)
[t=0.0234226s, 22732 KB] M&S algorithm main loop timer: 0.0209252s (after merging)
[t=0.0234507s, 22732 KB] M&S algorithm main loop timer: 0.0209507s (after pruning)

[t=0.0234749s, 22732 KB] Operator mutex starting iteration 23


[t=0.0235233s, 22732 KB] In ts_23_0 of size 2 found num new op-mutexes 0


[t=0.0235621s, 22732 KB] In ts_23_1 of size 2 found num new op-mutexes 0


[t=0.0235992s, 22732 KB] In ts_23_2 of size 2 found num new op-mutexes 0


[t=0.0236388s, 22732 KB] In ts_23_3 of size 2 found num new op-mutexes 0


[t=0.0237139s, 22732 KB] In ts_23_52 of size 14 found num new op-mutexes 0
[t=0.0237382s, 22732 KB] Operator mutex finished iteration 23. Found an additional 0 operator mutexes

[t=0.0237621s, 22732 KB] Next pair of indices: (52, 3)
[t=0.0237818s, 22732 KB] M&S algorithm main loop timer: 0.021281s (after computation of next merge)
[t=0.0238596s, 22732 KB] M&S algorithm main loop timer: 0.0213647s (after merging)
[t=0.0238913s, 22732 KB] M&S algorithm main loop timer: 0.0213924s (after pruning)

[t=0.0239168s, 22732 KB] Operator mutex starting iteration 24


[t=0.0239548s, 22732 KB] In ts_24_0 of size 2 found num new op-mutexes 0


[t=0.0239931s, 22732 KB] In ts_24_1 of size 2 found num new op-mutexes 0


[t=0.0240304s, 22732 KB] In ts_24_2 of size 2 found num new op-mutexes 0


[t=0.024105s, 22732 KB] In ts_24_53 of size 14 found num new op-mutexes 0
[t=0.0241296s, 22732 KB] Operator mutex finished iteration 24. Found an additional 0 operator mutexes

[t=0.0241534s, 22732 KB] Next pair of indices: (53, 2)
[t=0.0241731s, 22732 KB] M&S algorithm main loop timer: 0.0216722s (after computation of next merge)
[t=0.0242134s, 22732 KB] M&S algorithm main loop timer: 0.0217158s (after merging)
[t=0.0242413s, 22732 KB] M&S algorithm main loop timer: 0.0217411s (after pruning)

[t=0.0242657s, 22732 KB] Operator mutex starting iteration 25


[t=0.0243026s, 22732 KB] In ts_25_0 of size 2 found num new op-mutexes 0


[t=0.0243406s, 22732 KB] In ts_25_1 of size 2 found num new op-mutexes 0


[t=0.024415s, 22732 KB] In ts_25_54 of size 14 found num new op-mutexes 0
[t=0.0244392s, 22732 KB] Operator mutex finished iteration 25. Found an additional 0 operator mutexes

[t=0.0244628s, 22732 KB] Next pair of indices: (54, 1)
[t=0.0244828s, 22732 KB] M&S algorithm main loop timer: 0.0219822s (after computation of next merge)
[t=0.0245285s, 22732 KB] M&S algorithm main loop timer: 0.022035s (after merging)
[t=0.0245614s, 22732 KB] M&S algorithm main loop timer: 0.0220615s (after pruning)

[t=0.0245859s, 22732 KB] Operator mutex starting iteration 26


[t=0.0246238s, 22732 KB] In ts_26_0 of size 2 found num new op-mutexes 0


[t=0.0246993s, 22732 KB] In ts_26_55 of size 14 found num new op-mutexes 0
[t=0.0247336s, 22732 KB] Operator mutex finished iteration 26. Found an additional 0 operator mutexes

[t=0.0247574s, 22732 KB] Next pair of indices: (55, 0)
[t=0.0247784s, 22732 KB] M&S algorithm main loop timer: 0.0222774s (after computation of next merge)
[t=0.0248181s, 22732 KB] M&S algorithm main loop timer: 0.0223209s (after merging)
[t=0.0248467s, 22732 KB] M&S algorithm main loop timer: 0.0223468s (after pruning)

[t=0.024871s, 22732 KB] Operator mutex starting iteration 27


[t=0.0249422s, 22732 KB] In ts_27_56 of size 14 found num new op-mutexes 0
[t=0.0249673s, 22732 KB] Operator mutex finished iteration 27. Found an additional 0 operator mutexes

[t=0.0249948s, 22732 KB] End of merge-and-shrink algorithm, statistics:
[t=0.025015s, 22732 KB] Main loop runtime: 0.0225144s
[t=0.0250358s, 22732 KB] Maximum intermediate abstraction size: 32
[t=0.0250552s, 22732 KB] Final peak memory increase of merge-and-shrink algorithm: 132 KB
[t=0.0250864s, 22732 KB] Merge-and-shrink algorithm runtime: 0.023245s

[t=0.0251101s, 22732 KB] Number of labels: 19
[t=0.0251287s, 22732 KB] Total number of operator mutexes: 168
[t=0.0251478s, 22732 KB] Operator Mutex total time: 0.0186315s
[t=0.0251698s, 22732 KB] Number of remaining factors: 1
[t=0.025192s, 22732 KB] Number of factors kept: 1
[t=0.0252143s, 22732 KB] Done initializing merge-and-shrink heuristic.

[t=0.0253141s, 22732 KB] Building successor generator...done!
[t=0.0254069s, 22732 KB] peak memory difference for successor generator creation: 0 KB
[t=0.0254244s, 22732 KB] time for successor generation creation: 2.6998e-05s
[t=0.0254477s, 22732 KB] Variables: 29
[t=0.0254673s, 22732 KB] FactPairs: 72
[t=0.0254864s, 22732 KB] Bytes per state: 8
[t=0.0256148s, 22732 KB] Conducting best first search with reopening closed nodes, (real) bound = 2147483647
[t=0.0256842s, 22732 KB] New best heuristic value for merge_and_shrink(op_mutex = op_mutex(use_previous_ops = nasutpo, reachability_strategy = goal), merge_strategy = merge_precomputed(linear), shrink_strategy = shrink_fh): 8
[t=0.0257078s, 22732 KB] g=0, 1 evaluated, 0 expanded
[t=0.025729s, 22732 KB] f = 8, 1 evaluated, 0 expanded
[t=0.0257527s, 22732 KB] Initial heuristic value for merge_and_shrink(op_mutex = op_mutex(use_previous_ops = nasutpo, reachability_strategy = goal), merge_strategy = merge_precomputed(linear), shrink_strategy = shrink_fh): 8
[t=0.025774s, 22732 KB] pruning method: none
[t=0.0258073s, 22732 KB] New best heuristic value for merge_and_shrink(op_mutex = op_mutex(use_previous_ops = nasutpo, reachability_strategy = goal), merge_strategy = merge_precomputed(linear), shrink_strategy = shrink_fh): 7
[t=0.0258293s, 22732 KB] g=1, 2 evaluated, 1 expanded
[t=0.0258583s, 22732 KB] New best heuristic value for merge_and_shrink(op_mutex = op_mutex(use_previous_ops = nasutpo, reachability_strategy = goal), merge_strategy = merge_precomputed(linear), shrink_strategy = shrink_fh): 6
[t=0.0258796s, 22732 KB] g=2, 3 evaluated, 2 expanded
[t=0.0259068s, 22732 KB] New best heuristic value for merge_and_shrink(op_mutex = op_mutex(use_previous_ops = nasutpo, reachability_strategy = goal), merge_strategy = merge_precomputed(linear), shrink_strategy = shrink_fh): 5
[t=0.0259278s, 22732 KB] g=3, 4 evaluated, 3 expanded
[t=0.0259555s, 22732 KB] New best heuristic value for merge_and_shrink(op_mutex = op_mutex(use_previous_ops = nasutpo, reachability_strategy = goal), merge_strategy = merge_precomputed(linear), shrink_strategy = shrink_fh): 4
[t=0.0259766s, 22732 KB] g=4, 5 evaluated, 4 expanded
[t=0.0260033s, 22732 KB] New best heuristic value for merge_and_shrink(op_mutex = op_mutex(use_previous_ops = nasutpo, reachability_strategy = goal), merge_strategy = merge_precomputed(linear), shrink_strategy = shrink_fh): 3
[t=0.0260243s, 22732 KB] g=5, 6 evaluated, 5 expanded
[t=0.0260503s, 22732 KB] New best heuristic value for merge_and_shrink(op_mutex = op_mutex(use_previous_ops = nasutpo, reachability_strategy = goal), merge_strategy = merge_precomputed(linear), shrink_strategy = shrink_fh): 2
[t=0.0260714s, 22732 KB] g=6, 7 evaluated, 6 expanded
[t=0.0261007s, 22732 KB] New best heuristic value for merge_and_shrink(op_mutex = op_mutex(use_previous_ops = nasutpo, reachability_strategy = goal), merge_strategy = merge_precomputed(linear), shrink_strategy = shrink_fh): 1
[t=0.0261218s, 22732 KB] g=7, 9 evaluated, 7 expanded
[t=0.0261479s, 22732 KB] New best heuristic value for merge_and_shrink(op_mutex = op_mutex(use_previous_ops = nasutpo, reachability_strategy = goal), merge_strategy = merge_precomputed(linear), shrink_strategy = shrink_fh): 0
[t=0.0261688s, 22732 KB] g=8, 10 evaluated, 8 expanded
[t=0.0261899s, 22732 KB] Solution found!
[t=0.0262111s, 22732 KB] Actual search time: 0.000434322s
move_seg_rw_0_400_seg_rww_0_50_south_south_medium airplane_cfbeg (1)
move_seg_rww_0_50_seg_tww4_0_50_south_north_medium airplane_cfbeg (1)
move_seg_tww4_0_50_seg_tww3_0_50_north_north_medium airplane_cfbeg (1)
move_seg_tww3_0_50_seg_tww2_0_50_north_north_medium airplane_cfbeg (1)
move_seg_tww2_0_50_seg_tww1_0_200_north_north_medium airplane_cfbeg (1)
move_seg_tww1_0_200_seg_ppdoor_0_40_north_south_medium airplane_cfbeg (1)
move_seg_ppdoor_0_40_seg_pp_0_60_south_south_medium airplane_cfbeg (1)
park_seg_pp_0_60_south airplane_cfbeg (1)
[t=0.0262331s, 22732 KB] Plan length: 8 step(s).
[t=0.0262331s, 22732 KB] Plan cost: 8
[t=0.0262331s, 22732 KB] Expanded 9 state(s).
[t=0.0262331s, 22732 KB] Reopened 0 state(s).
[t=0.0262331s, 22732 KB] Evaluated 10 state(s).
[t=0.0262331s, 22732 KB] Evaluations: 10
[t=0.0262331s, 22732 KB] Generated 9 state(s).
[t=0.0262331s, 22732 KB] Dead ends: 0 state(s).
[t=0.0262331s, 22732 KB] Expanded until last jump: 0 state(s).
[t=0.0262331s, 22732 KB] Reopened until last jump: 0 state(s).
[t=0.0262331s, 22732 KB] Evaluated until last jump: 1 state(s).
[t=0.0262331s, 22732 KB] Generated until last jump: 0 state(s).
[t=0.0262331s, 22732 KB] Number of registered states: 10
[t=0.0262331s, 22732 KB] Int hash set load factor: 10/16 = 0.625
[t=0.0262331s, 22732 KB] Int hash set resizes: 4
[t=0.0262331s, 22732 KB] Search time: 0.000619281s
[t=0.0262331s, 22732 KB] Total time: 0.0262331s
Solution found.
Peak memory: 22732 KB
Remove intermediate file output.sas
search exit code: 0

INFO     Running validate.
INFO     validate stdin: None
INFO     validate time limit: None
INFO     validate memory limit: None
INFO     validate command line string: validate domain.pddl problem.pddl sas_plan
Checking plan: sas_plan
Plan executed successfully - checking goal
Plan valid
Final value: 8 

Successful plans:
Value: 8
 sas_plan 8 

validate exit code: 0

