INFO     Running translator.
INFO     translator stdin: None
INFO     translator time limit: 599.97s
INFO     translator memory limit: 7000 MB
INFO     translator command line string: /usr/bin/python3 /user/student.aau.dk/lkar18/downward-projects/downward/experiments/nopo_vs_nasutpo_195p/data/nopo_vs_nasutpo/code-94571df14dfaf5b06207d9589b12facdd93f580c_e5e41175/builds/release/bin/translate/translate.py domain.pddl problem.pddl --sas-file output.sas
Parsing...
Parsing: [0.000s CPU, 0.002s wall-clock]
Normalizing task... [0.000s CPU, 0.000s wall-clock]
Instantiating...
Generating Datalog program... [0.000s CPU, 0.000s wall-clock]
Normalizing Datalog program...
Normalizing Datalog program: [0.000s CPU, 0.002s wall-clock]
Preparing model... [0.010s CPU, 0.001s wall-clock]
Generated 26 rules.
Computing model... [0.000s CPU, 0.003s wall-clock]
179 relevant atoms
210 auxiliary atoms
389 final queue length
569 total queue pushes
Completing instantiation... [0.000s CPU, 0.004s wall-clock]
Instantiating: [0.010s CPU, 0.010s wall-clock]
Computing fact groups...
Finding invariants...
9 initial candidates
Finding invariants: [0.010s CPU, 0.002s wall-clock]
Checking invariant weight... [0.000s CPU, 0.000s wall-clock]
Instantiating groups... [0.000s CPU, 0.000s wall-clock]
Collecting mutex groups... [0.000s CPU, 0.000s wall-clock]
Choosing groups...
0 uncovered facts
Choosing groups: [0.000s CPU, 0.000s wall-clock]
Building translation key... [0.000s CPU, 0.000s wall-clock]
Computing fact groups: [0.010s CPU, 0.003s wall-clock]
Building STRIPS to SAS dictionary... [0.000s CPU, 0.000s wall-clock]
Building dictionary for full mutex groups... [0.000s CPU, 0.000s wall-clock]
Building mutex information...
Building mutex information: [0.000s CPU, 0.000s wall-clock]
Translating task...
Processing axioms...
Simplifying axioms... [0.000s CPU, 0.000s wall-clock]
Translator axioms removed by simplifying: 0
Computing negative axioms... [0.000s CPU, 0.000s wall-clock]
Processing axioms: [0.000s CPU, 0.000s wall-clock]
Translating task: [0.000s CPU, 0.004s wall-clock]
0 effect conditions simplified
0 implied preconditions added
Detecting unreachable propositions...
0 operators removed
0 axioms removed
6 propositions removed
Detecting unreachable propositions: [0.000s CPU, 0.002s wall-clock]
Reordering and filtering variables...
6 of 6 variables necessary.
0 of 6 mutex groups necessary.
104 of 104 operators necessary.
0 of 0 axiom rules necessary.
Reordering and filtering variables: [0.000s CPU, 0.001s wall-clock]
Translator variables: 6
Translator derived variables: 0
Translator facts: 26
Translator goal facts: 2
Translator mutex groups: 0
Translator total mutex groups size: 0
Translator operators: 104
Translator axioms: 0
Translator task size: 634
Translator peak memory: 42268 KB
Writing output... [0.000s CPU, 0.001s wall-clock]
Done! [0.020s CPU, 0.024s wall-clock]
translate exit code: 0

INFO     Running search (release).
INFO     search stdin: output.sas
INFO     search time limit: 599.9s
INFO     search memory limit: 7000 MB
INFO     search command line string: /user/student.aau.dk/lkar18/downward-projects/downward/experiments/nopo_vs_nasutpo_195p/data/nopo_vs_nasutpo/code-94571df14dfaf5b06207d9589b12facdd93f580c_e5e41175/builds/release/bin/downward --search 'astar(merge_and_shrink(op_mutex=op_mutex(use_previous_ops=NaSUTPO, reachability_strategy=goal), merge_strategy=merge_precomputed(linear()), shrink_strategy=shrink_bisimulation(greedy=false, at_limit=RETURN)))' --internal-plan-file sas_plan < output.sas
[t=3.7413e-05s, 22344 KB] reading input...
[t=0.000529782s, 22344 KB] done reading input!
[t=0.00184859s, 22600 KB] Initializing merge-and-shrink heuristic...
[t=0.0019152s, 22600 KB] Running merge-and-shrink algorithm...
[t=0.00193474s, 22600 KB] Merge strategy options:
[t=0.00195444s, 22600 KB] Type: precomputed
[t=0.00198331s, 22600 KB] Merge tree options: 
[t=0.00200172s, 22600 KB] Type: linear
[t=0.00202034s, 22600 KB] Update option: use random
[t=0.00203939s, 22600 KB] Variable order type: CG/GOAL, tie breaking on level (main)

[t=0.00206043s, 22600 KB] Options related to size limits and shrinking: 
[t=0.00207969s, 22600 KB] Transition system size limit: 50000
[t=0.00209826s, 22600 KB] Transition system size limit right before merge: 50000
[t=0.00211631s, 22600 KB] Threshold to trigger shrinking right before merge: 1

[t=0.00213705s, 22600 KB] Pruning unreachable states: yes
[t=0.00215574s, 22600 KB] Pruning irrelevant states: yes

[t=0.00217601s, 22600 KB] Label reduction disabled

[t=0.00219694s, 22600 KB] Main loop max time in seconds: inf

[t=0.0022201s, 22600 KB] ===============================================================================
[t=0.00223863s, 22600 KB] WARNING! You did not enable label reduction.
This may drastically reduce the performance of merge-and-shrink!
[t=0.00225782s, 22600 KB] ===============================================================================

[t=0.00228364s, 22600 KB] Building atomic transition systems... 
[t=0.00249493s, 22732 KB] M&S algorithm timer: 0.000606798s (after computation of atomic factors)

[t=0.00253215s, 22732 KB] Starting main loop without a time limit.
[t=0.00255677s, 22732 KB] building causal graph...done! [t=6.4078e-05s]
[t=0.00263074s, 22732 KB] Next pair of indices: (5, 3)
[t=0.00265593s, 22732 KB] M&S algorithm main loop timer: 0.00014159s (after computation of next merge)
[t=0.00272962s, 22732 KB] M&S algorithm main loop timer: 0.000223054s (after merging)

[t=0.00276434s, 22732 KB] Operator mutex starting iteration 0


[t=0.00284698s, 22732 KB] In ts_0_0 of size 3 found num new op-mutexes 0


[t=0.0029267s, 22732 KB] In ts_0_1 of size 3 found num new op-mutexes 0


[t=0.00300646s, 22732 KB] In ts_0_2 of size 5 found num new op-mutexes 0


[t=0.00309726s, 22732 KB] In ts_0_4 of size 5 found num new op-mutexes 0


[t=0.00329924s, 22732 KB] In ts_0_6 of size 25 found num new op-mutexes 0
[t=0.0033312s, 22732 KB] Operator mutex finished iteration 0. Found an additional 0 operator mutexes

[t=0.00335869s, 22732 KB] Next pair of indices: (6, 4)
[t=0.00337897s, 22732 KB] M&S algorithm main loop timer: 0.000885519s (after computation of next merge)
[t=0.00354798s, 22732 KB] M&S algorithm main loop timer: 0.00104565s (after merging)
[t=0.00360076s, 22732 KB] M&S algorithm main loop timer: 0.00109178s (after pruning)

[t=0.00362993s, 22732 KB] Operator mutex starting iteration 1


[t=0.00370346s, 22732 KB] In ts_1_0 of size 3 found num new op-mutexes 0


[t=0.00377942s, 22732 KB] In ts_1_1 of size 3 found num new op-mutexes 0


[t=0.00385845s, 22732 KB] In ts_1_2 of size 5 found num new op-mutexes 0


[t=0.00491528s, 23032 KB] In ts_1_7 of size 25 found num new op-mutexes 4416
[t=0.00495381s, 23032 KB] Operator mutex finished iteration 1. Found an additional 4416 operator mutexes

[t=0.00498204s, 23032 KB] Next pair of indices: (7, 2)
[t=0.00500248s, 23032 KB] M&S algorithm main loop timer: 0.00248805s (after computation of next merge)
[t=0.00514512s, 23032 KB] M&S algorithm main loop timer: 0.00264031s (after merging)
[t=0.00520013s, 23032 KB] M&S algorithm main loop timer: 0.00269046s (after pruning)

[t=0.00522854s, 23032 KB] Operator mutex starting iteration 2


[t=0.00531663s, 23032 KB] In ts_2_0 of size 3 found num new op-mutexes 0


[t=0.00539535s, 23032 KB] In ts_2_1 of size 3 found num new op-mutexes 0


[t=0.00679762s, 23200 KB] In ts_2_8 of size 25 found num new op-mutexes 3264
[t=0.00683798s, 23200 KB] Operator mutex finished iteration 2. Found an additional 3264 operator mutexes

[t=0.00686742s, 23200 KB] Next pair of indices: (8, 1)
[t=0.00688866s, 23200 KB] M&S algorithm main loop timer: 0.00437435s (after computation of next merge)
[t=0.00701509s, 23200 KB] M&S algorithm main loop timer: 0.00451612s (after merging)

[t=0.00707294s, 23200 KB] Operator mutex starting iteration 3


[t=0.00719168s, 23200 KB] In ts_3_0 of size 3 found num new op-mutexes 0


[t=0.0081567s, 23200 KB] In ts_3_9 of size 75 found num new op-mutexes 0
[t=0.00819447s, 23200 KB] Operator mutex finished iteration 3. Found an additional 0 operator mutexes

[t=0.00822321s, 23200 KB] Next pair of indices: (9, 0)
[t=0.00824561s, 23200 KB] M&S algorithm main loop timer: 0.00573714s (after computation of next merge)
[t=0.00848658s, 23200 KB] M&S algorithm main loop timer: 0.00598401s (after merging)

[t=0.00853773s, 23200 KB] Operator mutex starting iteration 4


[t=0.00966276s, 23200 KB] In ts_4_10 of size 225 found num new op-mutexes 0
[t=0.00970863s, 23200 KB] Operator mutex finished iteration 4. Found an additional 0 operator mutexes

[t=0.0097376s, 23200 KB] End of merge-and-shrink algorithm, statistics:
[t=0.00975809s, 23200 KB] Main loop runtime: 0.0072432s
[t=0.00977808s, 23200 KB] Maximum intermediate abstraction size: 225
[t=0.00979678s, 23200 KB] Final peak memory increase of merge-and-shrink algorithm: 600 KB
[t=0.0098269s, 23200 KB] Merge-and-shrink algorithm runtime: 0.00792905s

[t=0.00984908s, 23200 KB] Number of labels: 104
[t=0.00986723s, 23200 KB] Total number of operator mutexes: 7680
[t=0.00989348s, 23200 KB] Operator Mutex total time: 0.00593343s
[t=0.00991857s, 23200 KB] Number of remaining factors: 1
[t=0.00994183s, 23200 KB] Number of factors kept: 1
[t=0.00996137s, 23200 KB] Done initializing merge-and-shrink heuristic.

[t=0.0102115s, 23200 KB] Building successor generator...done!
[t=0.0103326s, 23200 KB] peak memory difference for successor generator creation: 0 KB
[t=0.0103509s, 23200 KB] time for successor generation creation: 5.4375e-05s
[t=0.0103731s, 23200 KB] Variables: 6
[t=0.0103921s, 23200 KB] FactPairs: 26
[t=0.0104103s, 23200 KB] Bytes per state: 4
[t=0.0104807s, 23200 KB] Conducting best first search with reopening closed nodes, (real) bound = 2147483647
[t=0.0105342s, 23200 KB] New best heuristic value for merge_and_shrink(op_mutex = op_mutex(use_previous_ops = nasutpo, reachability_strategy = goal), merge_strategy = merge_precomputed(linear), shrink_strategy = shrink_bisimulation(greedy = false, at_limit = return)): 54
[t=0.0105562s, 23200 KB] g=0, 1 evaluated, 0 expanded
[t=0.0105869s, 23200 KB] f = 54, 1 evaluated, 0 expanded
[t=0.0106096s, 23200 KB] Initial heuristic value for merge_and_shrink(op_mutex = op_mutex(use_previous_ops = nasutpo, reachability_strategy = goal), merge_strategy = merge_precomputed(linear), shrink_strategy = shrink_bisimulation(greedy = false, at_limit = return)): 54
[t=0.0106322s, 23200 KB] pruning method: none
[t=0.010674s, 23200 KB] New best heuristic value for merge_and_shrink(op_mutex = op_mutex(use_previous_ops = nasutpo, reachability_strategy = goal), merge_strategy = merge_precomputed(linear), shrink_strategy = shrink_bisimulation(greedy = false, at_limit = return)): 53
[t=0.0106968s, 23200 KB] g=1, 5 evaluated, 1 expanded
[t=0.0107298s, 23200 KB] New best heuristic value for merge_and_shrink(op_mutex = op_mutex(use_previous_ops = nasutpo, reachability_strategy = goal), merge_strategy = merge_precomputed(linear), shrink_strategy = shrink_bisimulation(greedy = false, at_limit = return)): 52
[t=0.0107507s, 23200 KB] g=2, 10 evaluated, 2 expanded
[t=0.0107783s, 23200 KB] New best heuristic value for merge_and_shrink(op_mutex = op_mutex(use_previous_ops = nasutpo, reachability_strategy = goal), merge_strategy = merge_precomputed(linear), shrink_strategy = shrink_bisimulation(greedy = false, at_limit = return)): 2
[t=0.0107991s, 23200 KB] g=52, 13 evaluated, 3 expanded
[t=0.0108263s, 23200 KB] New best heuristic value for merge_and_shrink(op_mutex = op_mutex(use_previous_ops = nasutpo, reachability_strategy = goal), merge_strategy = merge_precomputed(linear), shrink_strategy = shrink_bisimulation(greedy = false, at_limit = return)): 1
[t=0.0108466s, 23200 KB] g=53, 15 evaluated, 4 expanded
[t=0.0108768s, 23200 KB] New best heuristic value for merge_and_shrink(op_mutex = op_mutex(use_previous_ops = nasutpo, reachability_strategy = goal), merge_strategy = merge_precomputed(linear), shrink_strategy = shrink_bisimulation(greedy = false, at_limit = return)): 0
[t=0.0108975s, 23200 KB] g=54, 19 evaluated, 5 expanded
[t=0.0109186s, 23200 KB] Solution found!
[t=0.01094s, 23200 KB] Actual search time: 0.000298083s
pick-up truck-1 city-loc-3 package-1 capacity-3 capacity-4 (1)
pick-up truck-1 city-loc-3 package-2 capacity-2 capacity-3 (1)
drive truck-1 city-loc-3 city-loc-2 (50)
drop truck-1 city-loc-2 package-1 capacity-2 capacity-3 (1)
drop truck-1 city-loc-2 package-2 capacity-3 capacity-4 (1)
[t=0.0109621s, 23200 KB] Plan length: 5 step(s).
[t=0.0109621s, 23200 KB] Plan cost: 54
[t=0.0109621s, 23200 KB] Expanded 6 state(s).
[t=0.0109621s, 23200 KB] Reopened 0 state(s).
[t=0.0109621s, 23200 KB] Evaluated 19 state(s).
[t=0.0109621s, 23200 KB] Evaluations: 19
[t=0.0109621s, 23200 KB] Generated 23 state(s).
[t=0.0109621s, 23200 KB] Dead ends: 0 state(s).
[t=0.0109621s, 23200 KB] Expanded until last jump: 0 state(s).
[t=0.0109621s, 23200 KB] Reopened until last jump: 0 state(s).
[t=0.0109621s, 23200 KB] Evaluated until last jump: 1 state(s).
[t=0.0109621s, 23200 KB] Generated until last jump: 0 state(s).
[t=0.0109621s, 23200 KB] Number of registered states: 19
[t=0.0109621s, 23200 KB] Int hash set load factor: 19/32 = 0.59375
[t=0.0109621s, 23200 KB] Int hash set resizes: 5
[t=0.0109621s, 23200 KB] Search time: 0.000482147s
[t=0.0109621s, 23200 KB] Total time: 0.0109621s
Solution found.
Peak memory: 23200 KB
Remove intermediate file output.sas
search exit code: 0

INFO     Running validate.
INFO     validate stdin: None
INFO     validate time limit: None
INFO     validate memory limit: None
INFO     validate command line string: validate domain.pddl problem.pddl sas_plan
Checking plan: sas_plan
Plan executed successfully - checking goal
Plan valid
Final value: 54 

Successful plans:
Value: 54
 sas_plan 54 

validate exit code: 0

