INFO     Running translator.
INFO     translator stdin: None
INFO     translator time limit: 599.96s
INFO     translator memory limit: 7000 MB
INFO     translator command line string: /usr/bin/python3 /user/student.aau.dk/lkar18/downward-projects/downward/experiments/nopo_vs_nasutpo_195p/data/nopo_vs_nasutpo/code-94571df14dfaf5b06207d9589b12facdd93f580c_e5e41175/builds/release/bin/translate/translate.py domain.pddl problem.pddl --sas-file output.sas
Parsing...
Parsing: [0.000s CPU, 0.002s wall-clock]
Normalizing task... [0.000s CPU, 0.000s wall-clock]
Instantiating...
Generating Datalog program... [0.000s CPU, 0.001s wall-clock]
Normalizing Datalog program...
Normalizing Datalog program: [0.000s CPU, 0.001s wall-clock]
Preparing model... [0.010s CPU, 0.002s wall-clock]
Generated 25 rules.
Computing model... [0.000s CPU, 0.010s wall-clock]
461 relevant atoms
611 auxiliary atoms
1072 final queue length
1647 total queue pushes
Completing instantiation... [0.010s CPU, 0.010s wall-clock]
Instantiating: [0.020s CPU, 0.023s wall-clock]
Computing fact groups...
Finding invariants...
7 initial candidates
Finding invariants: [0.010s CPU, 0.004s wall-clock]
Checking invariant weight... [0.000s CPU, 0.000s wall-clock]
Instantiating groups... [0.000s CPU, 0.000s wall-clock]
Collecting mutex groups... [0.000s CPU, 0.000s wall-clock]
Choosing groups...
0 uncovered facts
Choosing groups: [0.000s CPU, 0.000s wall-clock]
Building translation key... [0.000s CPU, 0.000s wall-clock]
Computing fact groups: [0.010s CPU, 0.005s wall-clock]
Building STRIPS to SAS dictionary... [0.000s CPU, 0.000s wall-clock]
Building dictionary for full mutex groups... [0.000s CPU, 0.000s wall-clock]
Building mutex information...
Building mutex information: [0.000s CPU, 0.000s wall-clock]
Translating task...
Processing axioms...
Simplifying axioms... [0.000s CPU, 0.000s wall-clock]
Translator axioms removed by simplifying: 0
Computing negative axioms... [0.000s CPU, 0.000s wall-clock]
Processing axioms: [0.000s CPU, 0.001s wall-clock]
Translating task: [0.010s CPU, 0.009s wall-clock]
0 effect conditions simplified
0 implied preconditions added
Detecting unreachable propositions...
0 operators removed
0 axioms removed
34 propositions removed
Detecting unreachable propositions: [0.000s CPU, 0.005s wall-clock]
Reordering and filtering variables...
34 of 34 variables necessary.
0 of 34 mutex groups necessary.
185 of 185 operators necessary.
0 of 0 axiom rules necessary.
Reordering and filtering variables: [0.010s CPU, 0.003s wall-clock]
Translator variables: 34
Translator derived variables: 0
Translator facts: 100
Translator goal facts: 33
Translator mutex groups: 0
Translator total mutex groups size: 0
Translator operators: 185
Translator axioms: 0
Translator task size: 1634
Translator peak memory: 43036 KB
Writing output... [0.000s CPU, 0.003s wall-clock]
Done! [0.050s CPU, 0.052s wall-clock]
translate exit code: 0

INFO     Running search (release).
INFO     search stdin: output.sas
INFO     search time limit: 599.86s
INFO     search memory limit: 7000 MB
INFO     search command line string: /user/student.aau.dk/lkar18/downward-projects/downward/experiments/nopo_vs_nasutpo_195p/data/nopo_vs_nasutpo/code-94571df14dfaf5b06207d9589b12facdd93f580c_e5e41175/builds/release/bin/downward --search 'astar(merge_and_shrink(op_mutex=op_mutex(use_previous_ops=NaSUTPO, reachability_strategy=goal), merge_strategy=merge_sccs(order_of_sccs=topological, merge_tree=linear()), shrink_strategy=shrink_bisimulation(greedy=false, at_limit=RETURN)))' --internal-plan-file sas_plan < output.sas
[t=3.5277e-05s, 22344 KB] reading input...
[t=0.000984839s, 22344 KB] done reading input!
[t=0.00237047s, 22600 KB] Initializing merge-and-shrink heuristic...
[t=0.00243752s, 22600 KB] Running merge-and-shrink algorithm...
[t=0.00245776s, 22600 KB] Merge strategy options:
[t=0.0024791s, 22600 KB] Type: sccs
[t=0.00250959s, 22600 KB] Merge order of sccs: topological
[t=0.00253193s, 22600 KB] Merge strategy for merging within sccs: 
[t=0.00255263s, 22600 KB] Merge tree options: 
[t=0.00257309s, 22600 KB] Type: linear
[t=0.00259341s, 22600 KB] Update option: use random
[t=0.00261361s, 22600 KB] Variable order type: CG/GOAL, tie breaking on level (main)

[t=0.00263617s, 22600 KB] Options related to size limits and shrinking: 
[t=0.00265679s, 22600 KB] Transition system size limit: 50000
[t=0.00267645s, 22600 KB] Transition system size limit right before merge: 50000
[t=0.00269607s, 22600 KB] Threshold to trigger shrinking right before merge: 1

[t=0.00271827s, 22600 KB] Pruning unreachable states: yes
[t=0.00273868s, 22600 KB] Pruning irrelevant states: yes

[t=0.00277021s, 22600 KB] Label reduction disabled

[t=0.00279262s, 22600 KB] Main loop max time in seconds: inf

[t=0.00281712s, 22600 KB] ===============================================================================
[t=0.00283667s, 22600 KB] WARNING! You did not enable label reduction.
This may drastically reduce the performance of merge-and-shrink!
[t=0.00285701s, 22600 KB] ===============================================================================

[t=0.00288476s, 22600 KB] Building atomic transition systems... 
[t=0.00380909s, 23804 KB] M&S algorithm timer: 0.00141531s (after computation of atomic factors)

[t=0.00386884s, 23804 KB] Starting main loop without a time limit.
[t=0.00389706s, 23804 KB] building causal graph...done! [t=0.000343506s]
[t=0.00426968s, 23804 KB] SCCs of the causal graph:
[t=0.00431591s, 23804 KB] [0, 1, 2, 3, 15, 13, 14, 26, 16, 4, 5, 6, 18, 17, 28, 22, 10, 11, 12, 24, 23, 30, 20, 8, 7, 9, 21, 19, 27, 25, 29, 32, 33, 31]
[t=0.00434254s, 23804 KB] Only one single SCC
[t=0.00437677s, 23804 KB] Next pair of indices: (33, 32)
[t=0.00440115s, 23804 KB] M&S algorithm main loop timer: 0.000551463s (after computation of next merge)
[t=0.0044586s, 23940 KB] M&S algorithm main loop timer: 0.000614878s (after merging)

[t=0.00449149s, 23940 KB] Operator mutex starting iteration 0


[t=0.00531315s, 23940 KB] In ts_0_0 of size 34 found num new op-mutexes 0


[t=0.00541984s, 23940 KB] In ts_0_1 of size 2 found num new op-mutexes 0


[t=0.00549757s, 23940 KB] In ts_0_2 of size 2 found num new op-mutexes 0


[t=0.00557182s, 23940 KB] In ts_0_3 of size 2 found num new op-mutexes 0


[t=0.00564585s, 23940 KB] In ts_0_4 of size 2 found num new op-mutexes 0


[t=0.00571839s, 23940 KB] In ts_0_5 of size 2 found num new op-mutexes 0


[t=0.0057908s, 23940 KB] In ts_0_6 of size 2 found num new op-mutexes 0


[t=0.00586191s, 23940 KB] In ts_0_7 of size 2 found num new op-mutexes 0


[t=0.00593388s, 23940 KB] In ts_0_8 of size 2 found num new op-mutexes 0


[t=0.00600473s, 23940 KB] In ts_0_9 of size 2 found num new op-mutexes 0


[t=0.00607602s, 23940 KB] In ts_0_10 of size 2 found num new op-mutexes 0


[t=0.00614641s, 23940 KB] In ts_0_11 of size 2 found num new op-mutexes 0


[t=0.00621691s, 23940 KB] In ts_0_12 of size 2 found num new op-mutexes 0


[t=0.00628732s, 23940 KB] In ts_0_13 of size 2 found num new op-mutexes 0


[t=0.00635742s, 23940 KB] In ts_0_14 of size 2 found num new op-mutexes 0


[t=0.00642758s, 23940 KB] In ts_0_15 of size 2 found num new op-mutexes 0


[t=0.00649752s, 23940 KB] In ts_0_16 of size 2 found num new op-mutexes 0


[t=0.00656735s, 23940 KB] In ts_0_17 of size 2 found num new op-mutexes 0


[t=0.00664404s, 23940 KB] In ts_0_18 of size 2 found num new op-mutexes 0


[t=0.00671436s, 23940 KB] In ts_0_19 of size 2 found num new op-mutexes 0


[t=0.00678475s, 23940 KB] In ts_0_20 of size 2 found num new op-mutexes 0


[t=0.00685489s, 23940 KB] In ts_0_21 of size 2 found num new op-mutexes 0


[t=0.00693941s, 23940 KB] In ts_0_22 of size 2 found num new op-mutexes 0


[t=0.00701189s, 23940 KB] In ts_0_23 of size 2 found num new op-mutexes 0


[t=0.00709063s, 23940 KB] In ts_0_24 of size 2 found num new op-mutexes 0


[t=0.00716106s, 23940 KB] In ts_0_25 of size 2 found num new op-mutexes 0


[t=0.00723114s, 23940 KB] In ts_0_26 of size 2 found num new op-mutexes 0


[t=0.00730142s, 23940 KB] In ts_0_27 of size 2 found num new op-mutexes 0


[t=0.00737171s, 23940 KB] In ts_0_28 of size 2 found num new op-mutexes 0


[t=0.00744192s, 23940 KB] In ts_0_29 of size 2 found num new op-mutexes 0


[t=0.00752087s, 23940 KB] In ts_0_30 of size 2 found num new op-mutexes 0


[t=0.0075991s, 23940 KB] In ts_0_31 of size 2 found num new op-mutexes 0


[t=0.00770886s, 23940 KB] In ts_0_34 of size 4 found num new op-mutexes 0
[t=0.00774131s, 23940 KB] Operator mutex finished iteration 0. Found an additional 0 operator mutexes

[t=0.00777146s, 23940 KB] Next pair of indices: (34, 31)
[t=0.00779519s, 23940 KB] M&S algorithm main loop timer: 0.00394683s (after computation of next merge)
[t=0.00786895s, 23940 KB] M&S algorithm main loop timer: 0.00402542s (after merging)

[t=0.00790219s, 23940 KB] Operator mutex starting iteration 1


[t=0.00874492s, 23940 KB] In ts_1_0 of size 34 found num new op-mutexes 0


[t=0.00884172s, 23940 KB] In ts_1_1 of size 2 found num new op-mutexes 0


[t=0.00891904s, 23940 KB] In ts_1_2 of size 2 found num new op-mutexes 0


[t=0.00899307s, 23940 KB] In ts_1_3 of size 2 found num new op-mutexes 0


[t=0.0090741s, 23940 KB] In ts_1_4 of size 2 found num new op-mutexes 0


[t=0.00915266s, 23940 KB] In ts_1_5 of size 2 found num new op-mutexes 0


[t=0.00922455s, 23940 KB] In ts_1_6 of size 2 found num new op-mutexes 0


[t=0.00929595s, 23940 KB] In ts_1_7 of size 2 found num new op-mutexes 0


[t=0.009367s, 23940 KB] In ts_1_8 of size 2 found num new op-mutexes 0


[t=0.00943711s, 23940 KB] In ts_1_9 of size 2 found num new op-mutexes 0


[t=0.0095153s, 23940 KB] In ts_1_10 of size 2 found num new op-mutexes 0


[t=0.00958499s, 23940 KB] In ts_1_11 of size 2 found num new op-mutexes 0


[t=0.00965487s, 23940 KB] In ts_1_12 of size 2 found num new op-mutexes 0


[t=0.00972489s, 23940 KB] In ts_1_13 of size 2 found num new op-mutexes 0


[t=0.00979549s, 23940 KB] In ts_1_14 of size 2 found num new op-mutexes 0


[t=0.00986527s, 23940 KB] In ts_1_15 of size 2 found num new op-mutexes 0


[t=0.00993485s, 23940 KB] In ts_1_16 of size 2 found num new op-mutexes 0


[t=0.0100047s, 23940 KB] In ts_1_17 of size 2 found num new op-mutexes 0


[t=0.0100746s, 23940 KB] In ts_1_18 of size 2 found num new op-mutexes 0


[t=0.0101947s, 23940 KB] In ts_1_19 of size 2 found num new op-mutexes 0


[t=0.0102685s, 23940 KB] In ts_1_20 of size 2 found num new op-mutexes 0


[t=0.0103387s, 23940 KB] In ts_1_21 of size 2 found num new op-mutexes 0


[t=0.0104174s, 23940 KB] In ts_1_22 of size 2 found num new op-mutexes 0


[t=0.0104872s, 23940 KB] In ts_1_23 of size 2 found num new op-mutexes 0


[t=0.0105562s, 23940 KB] In ts_1_24 of size 2 found num new op-mutexes 0


[t=0.0106259s, 23940 KB] In ts_1_25 of size 2 found num new op-mutexes 0


[t=0.0106963s, 23940 KB] In ts_1_26 of size 2 found num new op-mutexes 0


[t=0.0107657s, 23940 KB] In ts_1_27 of size 2 found num new op-mutexes 0


[t=0.0108432s, 23940 KB] In ts_1_28 of size 2 found num new op-mutexes 0


[t=0.0109152s, 23940 KB] In ts_1_29 of size 2 found num new op-mutexes 0


[t=0.0109849s, 23940 KB] In ts_1_30 of size 2 found num new op-mutexes 0


[t=0.0111172s, 23940 KB] In ts_1_35 of size 8 found num new op-mutexes 0
[t=0.0111479s, 23940 KB] Operator mutex finished iteration 1. Found an additional 0 operator mutexes

[t=0.0111762s, 23940 KB] Next pair of indices: (35, 30)
[t=0.0111982s, 23940 KB] M&S algorithm main loop timer: 0.00734814s (after computation of next merge)
[t=0.0112682s, 23940 KB] M&S algorithm main loop timer: 0.00743555s (after merging)

[t=0.0113127s, 23940 KB] Operator mutex starting iteration 2


[t=0.0121088s, 23940 KB] In ts_2_0 of size 34 found num new op-mutexes 0


[t=0.0121989s, 23940 KB] In ts_2_1 of size 2 found num new op-mutexes 0


[t=0.0122755s, 23940 KB] In ts_2_2 of size 2 found num new op-mutexes 0


[t=0.0123496s, 23940 KB] In ts_2_3 of size 2 found num new op-mutexes 0


[t=0.01243s, 23940 KB] In ts_2_4 of size 2 found num new op-mutexes 0


[t=0.0125092s, 23940 KB] In ts_2_5 of size 2 found num new op-mutexes 0


[t=0.0125821s, 23940 KB] In ts_2_6 of size 2 found num new op-mutexes 0


[t=0.0126539s, 23940 KB] In ts_2_7 of size 2 found num new op-mutexes 0


[t=0.0127248s, 23940 KB] In ts_2_8 of size 2 found num new op-mutexes 0


[t=0.012796s, 23940 KB] In ts_2_9 of size 2 found num new op-mutexes 0


[t=0.0128755s, 23940 KB] In ts_2_10 of size 2 found num new op-mutexes 0


[t=0.0129468s, 23940 KB] In ts_2_11 of size 2 found num new op-mutexes 0


[t=0.0130174s, 23940 KB] In ts_2_12 of size 2 found num new op-mutexes 0


[t=0.0130881s, 23940 KB] In ts_2_13 of size 2 found num new op-mutexes 0


[t=0.0131588s, 23940 KB] In ts_2_14 of size 2 found num new op-mutexes 0


[t=0.0132297s, 23940 KB] In ts_2_15 of size 2 found num new op-mutexes 0


[t=0.0133005s, 23940 KB] In ts_2_16 of size 2 found num new op-mutexes 0


[t=0.0133794s, 23940 KB] In ts_2_17 of size 2 found num new op-mutexes 0


[t=0.0134639s, 23940 KB] In ts_2_18 of size 2 found num new op-mutexes 0


[t=0.0135375s, 23940 KB] In ts_2_19 of size 2 found num new op-mutexes 0


[t=0.013609s, 23940 KB] In ts_2_20 of size 2 found num new op-mutexes 0


[t=0.0136795s, 23940 KB] In ts_2_21 of size 2 found num new op-mutexes 0


[t=0.0137598s, 23940 KB] In ts_2_22 of size 2 found num new op-mutexes 0


[t=0.0138307s, 23940 KB] In ts_2_23 of size 2 found num new op-mutexes 0


[t=0.0139012s, 23940 KB] In ts_2_24 of size 2 found num new op-mutexes 0


[t=0.013972s, 23940 KB] In ts_2_25 of size 2 found num new op-mutexes 0


[t=0.014043s, 23940 KB] In ts_2_26 of size 2 found num new op-mutexes 0


[t=0.0141137s, 23940 KB] In ts_2_27 of size 2 found num new op-mutexes 0


[t=0.0141842s, 23940 KB] In ts_2_28 of size 2 found num new op-mutexes 0


[t=0.014255s, 23940 KB] In ts_2_29 of size 2 found num new op-mutexes 0


[t=0.0144447s, 23940 KB] In ts_2_36 of size 16 found num new op-mutexes 0
[t=0.0144763s, 23940 KB] Operator mutex finished iteration 2. Found an additional 0 operator mutexes

[t=0.0145079s, 23940 KB] Next pair of indices: (36, 29)
[t=0.0145298s, 23940 KB] M&S algorithm main loop timer: 0.0106799s (after computation of next merge)
[t=0.014622s, 23940 KB] M&S algorithm main loop timer: 0.0107804s (after merging)

[t=0.0146588s, 23940 KB] Operator mutex starting iteration 3


[t=0.0154666s, 23940 KB] In ts_3_0 of size 34 found num new op-mutexes 0


[t=0.0155555s, 23940 KB] In ts_3_1 of size 2 found num new op-mutexes 0


[t=0.0156327s, 23940 KB] In ts_3_2 of size 2 found num new op-mutexes 0


[t=0.0157081s, 23940 KB] In ts_3_3 of size 2 found num new op-mutexes 0


[t=0.0157814s, 23940 KB] In ts_3_4 of size 2 found num new op-mutexes 0


[t=0.0158566s, 23940 KB] In ts_3_5 of size 2 found num new op-mutexes 0


[t=0.0159388s, 23940 KB] In ts_3_6 of size 2 found num new op-mutexes 0


[t=0.0160129s, 23940 KB] In ts_3_7 of size 2 found num new op-mutexes 0


[t=0.0160849s, 23940 KB] In ts_3_8 of size 2 found num new op-mutexes 0


[t=0.016157s, 23940 KB] In ts_3_9 of size 2 found num new op-mutexes 0


[t=0.0162376s, 23940 KB] In ts_3_10 of size 2 found num new op-mutexes 0


[t=0.0163095s, 23940 KB] In ts_3_11 of size 2 found num new op-mutexes 0


[t=0.0163819s, 23940 KB] In ts_3_12 of size 2 found num new op-mutexes 0


[t=0.0164539s, 23940 KB] In ts_3_13 of size 2 found num new op-mutexes 0


[t=0.0165257s, 23940 KB] In ts_3_14 of size 2 found num new op-mutexes 0


[t=0.0165976s, 23940 KB] In ts_3_15 of size 2 found num new op-mutexes 0


[t=0.0166756s, 23940 KB] In ts_3_16 of size 2 found num new op-mutexes 0


[t=0.01678s, 23940 KB] In ts_3_17 of size 2 found num new op-mutexes 0


[t=0.0168911s, 23940 KB] In ts_3_18 of size 2 found num new op-mutexes 0


[t=0.0170088s, 23940 KB] In ts_3_19 of size 2 found num new op-mutexes 0


[t=0.0171269s, 23940 KB] In ts_3_20 of size 2 found num new op-mutexes 0


[t=0.0172551s, 23940 KB] In ts_3_21 of size 2 found num new op-mutexes 0


[t=0.0173728s, 23940 KB] In ts_3_22 of size 2 found num new op-mutexes 0


[t=0.0174898s, 23940 KB] In ts_3_23 of size 2 found num new op-mutexes 0


[t=0.0176083s, 23940 KB] In ts_3_24 of size 2 found num new op-mutexes 0


[t=0.017733s, 23940 KB] In ts_3_25 of size 2 found num new op-mutexes 0


[t=0.0178505s, 23940 KB] In ts_3_26 of size 2 found num new op-mutexes 0


[t=0.0179679s, 23940 KB] In ts_3_27 of size 2 found num new op-mutexes 0


[t=0.0180886s, 23940 KB] In ts_3_28 of size 2 found num new op-mutexes 0


[t=0.0185188s, 23940 KB] In ts_3_37 of size 32 found num new op-mutexes 0
[t=0.0185701s, 23940 KB] Operator mutex finished iteration 3. Found an additional 0 operator mutexes

[t=0.018614s, 23940 KB] Next pair of indices: (37, 28)
[t=0.0186479s, 23940 KB] M&S algorithm main loop timer: 0.0148077s (after computation of next merge)
[t=0.0188705s, 23940 KB] M&S algorithm main loop timer: 0.0150457s (after merging)

[t=0.0189325s, 23940 KB] Operator mutex starting iteration 4


[t=0.0197957s, 23940 KB] In ts_4_0 of size 34 found num new op-mutexes 0


[t=0.0198906s, 23940 KB] In ts_4_1 of size 2 found num new op-mutexes 0


[t=0.0199708s, 23940 KB] In ts_4_2 of size 2 found num new op-mutexes 0


[t=0.0200468s, 23940 KB] In ts_4_3 of size 2 found num new op-mutexes 0


[t=0.020121s, 23940 KB] In ts_4_4 of size 2 found num new op-mutexes 0


[t=0.0202099s, 23940 KB] In ts_4_5 of size 2 found num new op-mutexes 0


[t=0.0202853s, 23940 KB] In ts_4_6 of size 2 found num new op-mutexes 0


[t=0.0203578s, 23940 KB] In ts_4_7 of size 2 found num new op-mutexes 0


[t=0.0204302s, 23940 KB] In ts_4_8 of size 2 found num new op-mutexes 0


[t=0.0205033s, 23940 KB] In ts_4_9 of size 2 found num new op-mutexes 0


[t=0.0205757s, 23940 KB] In ts_4_10 of size 2 found num new op-mutexes 0


[t=0.0206485s, 23940 KB] In ts_4_11 of size 2 found num new op-mutexes 0


[t=0.0207211s, 23940 KB] In ts_4_12 of size 2 found num new op-mutexes 0


[t=0.0207939s, 23940 KB] In ts_4_13 of size 2 found num new op-mutexes 0


[t=0.0208663s, 23940 KB] In ts_4_14 of size 2 found num new op-mutexes 0


[t=0.0209383s, 23940 KB] In ts_4_15 of size 2 found num new op-mutexes 0


[t=0.0210103s, 23940 KB] In ts_4_16 of size 2 found num new op-mutexes 0


[t=0.0210819s, 23940 KB] In ts_4_17 of size 2 found num new op-mutexes 0


[t=0.0211546s, 23940 KB] In ts_4_18 of size 2 found num new op-mutexes 0


[t=0.0212268s, 23940 KB] In ts_4_19 of size 2 found num new op-mutexes 0


[t=0.0212981s, 23940 KB] In ts_4_20 of size 2 found num new op-mutexes 0


[t=0.0213721s, 23940 KB] In ts_4_21 of size 2 found num new op-mutexes 0


[t=0.0214444s, 23940 KB] In ts_4_22 of size 2 found num new op-mutexes 0


[t=0.0215167s, 23940 KB] In ts_4_23 of size 2 found num new op-mutexes 0


[t=0.021596s, 23940 KB] In ts_4_24 of size 2 found num new op-mutexes 0


[t=0.0216704s, 23940 KB] In ts_4_25 of size 2 found num new op-mutexes 0


[t=0.0217436s, 23940 KB] In ts_4_26 of size 2 found num new op-mutexes 0


[t=0.0218156s, 23940 KB] In ts_4_27 of size 2 found num new op-mutexes 0


[t=0.0222001s, 23940 KB] In ts_4_38 of size 64 found num new op-mutexes 0
[t=0.0222403s, 23940 KB] Operator mutex finished iteration 4. Found an additional 0 operator mutexes

[t=0.0222706s, 23940 KB] Next pair of indices: (38, 27)
[t=0.0223023s, 23940 KB] M&S algorithm main loop timer: 0.0184525s (after computation of next merge)
[t=0.0225276s, 23940 KB] M&S algorithm main loop timer: 0.0186918s (after merging)

[t=0.0225782s, 23940 KB] Operator mutex starting iteration 5


[t=0.0234112s, 23940 KB] In ts_5_0 of size 34 found num new op-mutexes 0


[t=0.0235033s, 23940 KB] In ts_5_1 of size 2 found num new op-mutexes 0


[t=0.023592s, 23940 KB] In ts_5_2 of size 2 found num new op-mutexes 0


[t=0.0236745s, 23940 KB] In ts_5_3 of size 2 found num new op-mutexes 0


[t=0.0237495s, 23940 KB] In ts_5_4 of size 2 found num new op-mutexes 0


[t=0.023823s, 23940 KB] In ts_5_5 of size 2 found num new op-mutexes 0


[t=0.0239072s, 23940 KB] In ts_5_6 of size 2 found num new op-mutexes 0


[t=0.0239806s, 23940 KB] In ts_5_7 of size 2 found num new op-mutexes 0


[t=0.0240532s, 23940 KB] In ts_5_8 of size 2 found num new op-mutexes 0


[t=0.0241254s, 23940 KB] In ts_5_9 of size 2 found num new op-mutexes 0


[t=0.0242054s, 23940 KB] In ts_5_10 of size 2 found num new op-mutexes 0


[t=0.0242805s, 23940 KB] In ts_5_11 of size 2 found num new op-mutexes 0


[t=0.0243534s, 23940 KB] In ts_5_12 of size 2 found num new op-mutexes 0


[t=0.0244266s, 23940 KB] In ts_5_13 of size 2 found num new op-mutexes 0


[t=0.0244994s, 23940 KB] In ts_5_14 of size 2 found num new op-mutexes 0


[t=0.0245719s, 23940 KB] In ts_5_15 of size 2 found num new op-mutexes 0


[t=0.0246444s, 23940 KB] In ts_5_16 of size 2 found num new op-mutexes 0


[t=0.0247164s, 23940 KB] In ts_5_17 of size 2 found num new op-mutexes 0


[t=0.0247981s, 23940 KB] In ts_5_18 of size 2 found num new op-mutexes 0


[t=0.0248699s, 23940 KB] In ts_5_19 of size 2 found num new op-mutexes 0


[t=0.0249421s, 23940 KB] In ts_5_20 of size 2 found num new op-mutexes 0


[t=0.0250376s, 23940 KB] In ts_5_21 of size 2 found num new op-mutexes 0


[t=0.0251173s, 23940 KB] In ts_5_22 of size 2 found num new op-mutexes 0


[t=0.0251904s, 23940 KB] In ts_5_23 of size 2 found num new op-mutexes 0


[t=0.0252624s, 23940 KB] In ts_5_24 of size 2 found num new op-mutexes 0


[t=0.025335s, 23940 KB] In ts_5_25 of size 2 found num new op-mutexes 0


[t=0.0254073s, 23940 KB] In ts_5_26 of size 2 found num new op-mutexes 0


[t=0.0260499s, 23940 KB] In ts_5_39 of size 128 found num new op-mutexes 0
[t=0.0260868s, 23940 KB] Operator mutex finished iteration 5. Found an additional 0 operator mutexes

[t=0.0261179s, 23940 KB] Next pair of indices: (39, 26)
[t=0.0261403s, 23940 KB] M&S algorithm main loop timer: 0.0222908s (after computation of next merge)
[t=0.0265464s, 23940 KB] M&S algorithm main loop timer: 0.0227123s (after merging)

[t=0.0266041s, 23940 KB] Operator mutex starting iteration 6


[t=0.027423s, 23940 KB] In ts_6_0 of size 34 found num new op-mutexes 0


[t=0.0275171s, 23940 KB] In ts_6_1 of size 2 found num new op-mutexes 0


[t=0.027597s, 23940 KB] In ts_6_2 of size 2 found num new op-mutexes 0


[t=0.0276733s, 23940 KB] In ts_6_3 of size 2 found num new op-mutexes 0


[t=0.0277578s, 23940 KB] In ts_6_4 of size 2 found num new op-mutexes 0


[t=0.0278335s, 23940 KB] In ts_6_5 of size 2 found num new op-mutexes 0


[t=0.0279079s, 23940 KB] In ts_6_6 of size 2 found num new op-mutexes 0


[t=0.0279811s, 23940 KB] In ts_6_7 of size 2 found num new op-mutexes 0


[t=0.028055s, 23940 KB] In ts_6_8 of size 2 found num new op-mutexes 0


[t=0.0281276s, 23940 KB] In ts_6_9 of size 2 found num new op-mutexes 0


[t=0.0282006s, 23940 KB] In ts_6_10 of size 2 found num new op-mutexes 0


[t=0.0282734s, 23940 KB] In ts_6_11 of size 2 found num new op-mutexes 0


[t=0.0283563s, 23940 KB] In ts_6_12 of size 2 found num new op-mutexes 0


[t=0.0284296s, 23940 KB] In ts_6_13 of size 2 found num new op-mutexes 0


[t=0.0285026s, 23940 KB] In ts_6_14 of size 2 found num new op-mutexes 0


[t=0.0285751s, 23940 KB] In ts_6_15 of size 2 found num new op-mutexes 0


[t=0.0286479s, 23940 KB] In ts_6_16 of size 2 found num new op-mutexes 0


[t=0.0287204s, 23940 KB] In ts_6_17 of size 2 found num new op-mutexes 0


[t=0.0288035s, 23940 KB] In ts_6_18 of size 2 found num new op-mutexes 0


[t=0.0288759s, 23940 KB] In ts_6_19 of size 2 found num new op-mutexes 0


[t=0.0289486s, 23940 KB] In ts_6_20 of size 2 found num new op-mutexes 0


[t=0.0290206s, 23940 KB] In ts_6_21 of size 2 found num new op-mutexes 0


[t=0.0290989s, 23940 KB] In ts_6_22 of size 2 found num new op-mutexes 0


[t=0.0291715s, 23940 KB] In ts_6_23 of size 2 found num new op-mutexes 0


[t=0.0292436s, 23940 KB] In ts_6_24 of size 2 found num new op-mutexes 0


[t=0.0293162s, 23940 KB] In ts_6_25 of size 2 found num new op-mutexes 0


[t=0.0304323s, 23940 KB] In ts_6_40 of size 256 found num new op-mutexes 0
[t=0.0304759s, 23940 KB] Operator mutex finished iteration 6. Found an additional 0 operator mutexes

[t=0.0305081s, 23940 KB] Next pair of indices: (40, 25)
[t=0.0305309s, 23940 KB] M&S algorithm main loop timer: 0.0266808s (after computation of next merge)
[t=0.0314649s, 23940 KB] M&S algorithm main loop timer: 0.0276244s (after merging)

[t=0.0315296s, 23940 KB] Operator mutex starting iteration 7


[t=0.0323388s, 23940 KB] In ts_7_0 of size 34 found num new op-mutexes 0


[t=0.0324313s, 23940 KB] In ts_7_1 of size 2 found num new op-mutexes 0


[t=0.0325099s, 23940 KB] In ts_7_2 of size 2 found num new op-mutexes 0


[t=0.0325891s, 23940 KB] In ts_7_3 of size 2 found num new op-mutexes 0


[t=0.0326665s, 23940 KB] In ts_7_4 of size 2 found num new op-mutexes 0


[t=0.0327409s, 23940 KB] In ts_7_5 of size 2 found num new op-mutexes 0


[t=0.0328148s, 23940 KB] In ts_7_6 of size 2 found num new op-mutexes 0


[t=0.0328885s, 23940 KB] In ts_7_7 of size 2 found num new op-mutexes 0


[t=0.032971s, 23940 KB] In ts_7_8 of size 2 found num new op-mutexes 0


[t=0.0330462s, 23940 KB] In ts_7_9 of size 2 found num new op-mutexes 0


[t=0.0331184s, 23940 KB] In ts_7_10 of size 2 found num new op-mutexes 0


[t=0.0331908s, 23940 KB] In ts_7_11 of size 2 found num new op-mutexes 0


[t=0.0332634s, 23940 KB] In ts_7_12 of size 2 found num new op-mutexes 0


[t=0.0333361s, 23940 KB] In ts_7_13 of size 2 found num new op-mutexes 0


[t=0.0334195s, 23940 KB] In ts_7_14 of size 2 found num new op-mutexes 0


[t=0.0334916s, 23940 KB] In ts_7_15 of size 2 found num new op-mutexes 0


[t=0.033564s, 23940 KB] In ts_7_16 of size 2 found num new op-mutexes 0


[t=0.0336393s, 23940 KB] In ts_7_17 of size 2 found num new op-mutexes 0


[t=0.0337328s, 23940 KB] In ts_7_18 of size 2 found num new op-mutexes 0


[t=0.0338522s, 23940 KB] In ts_7_19 of size 2 found num new op-mutexes 0


[t=0.0339293s, 23940 KB] In ts_7_20 of size 2 found num new op-mutexes 0


[t=0.0340018s, 23940 KB] In ts_7_21 of size 2 found num new op-mutexes 0


[t=0.0340738s, 23940 KB] In ts_7_22 of size 2 found num new op-mutexes 0


[t=0.034146s, 23940 KB] In ts_7_23 of size 2 found num new op-mutexes 0


[t=0.0342177s, 23940 KB] In ts_7_24 of size 2 found num new op-mutexes 0


[t=0.0366329s, 24680 KB] In ts_7_41 of size 512 found num new op-mutexes 0
[t=0.0366777s, 24680 KB] Operator mutex finished iteration 7. Found an additional 0 operator mutexes

[t=0.0367114s, 24680 KB] Next pair of indices: (41, 24)
[t=0.0367352s, 24680 KB] M&S algorithm main loop timer: 0.0328856s (after computation of next merge)
[t=0.0387602s, 24680 KB] M&S algorithm main loop timer: 0.034922s (after merging)

[t=0.0388535s, 24680 KB] Operator mutex starting iteration 8


[t=0.0396743s, 24680 KB] In ts_8_0 of size 34 found num new op-mutexes 0


[t=0.0397782s, 24680 KB] In ts_8_1 of size 2 found num new op-mutexes 0


[t=0.0398571s, 24680 KB] In ts_8_2 of size 2 found num new op-mutexes 0


[t=0.0399315s, 24680 KB] In ts_8_3 of size 2 found num new op-mutexes 0


[t=0.0400042s, 24680 KB] In ts_8_4 of size 2 found num new op-mutexes 0


[t=0.040077s, 24680 KB] In ts_8_5 of size 2 found num new op-mutexes 0


[t=0.0401495s, 24680 KB] In ts_8_6 of size 2 found num new op-mutexes 0


[t=0.0402214s, 24680 KB] In ts_8_7 of size 2 found num new op-mutexes 0


[t=0.0402928s, 24680 KB] In ts_8_8 of size 2 found num new op-mutexes 0


[t=0.0403637s, 24680 KB] In ts_8_9 of size 2 found num new op-mutexes 0


[t=0.0404348s, 24680 KB] In ts_8_10 of size 2 found num new op-mutexes 0


[t=0.0405068s, 24680 KB] In ts_8_11 of size 2 found num new op-mutexes 0


[t=0.0405812s, 24680 KB] In ts_8_12 of size 2 found num new op-mutexes 0


[t=0.040653s, 24680 KB] In ts_8_13 of size 2 found num new op-mutexes 0


[t=0.040735s, 24680 KB] In ts_8_14 of size 2 found num new op-mutexes 0


[t=0.0408056s, 24680 KB] In ts_8_15 of size 2 found num new op-mutexes 0


[t=0.0408765s, 24680 KB] In ts_8_16 of size 2 found num new op-mutexes 0


[t=0.0409471s, 24680 KB] In ts_8_17 of size 2 found num new op-mutexes 0


[t=0.0410185s, 24680 KB] In ts_8_18 of size 2 found num new op-mutexes 0


[t=0.0410895s, 24680 KB] In ts_8_19 of size 2 found num new op-mutexes 0


[t=0.0411604s, 24680 KB] In ts_8_20 of size 2 found num new op-mutexes 0


[t=0.0412439s, 24680 KB] In ts_8_21 of size 2 found num new op-mutexes 0


[t=0.041316s, 24680 KB] In ts_8_22 of size 2 found num new op-mutexes 0


[t=0.0413876s, 24680 KB] In ts_8_23 of size 2 found num new op-mutexes 0


[t=0.0464486s, 25700 KB] In ts_8_42 of size 1024 found num new op-mutexes 0
[t=0.0465085s, 25700 KB] Operator mutex finished iteration 8. Found an additional 0 operator mutexes

[t=0.0465424s, 25700 KB] Next pair of indices: (42, 23)
[t=0.0465658s, 25700 KB] M&S algorithm main loop timer: 0.042716s (after computation of next merge)
[t=0.0507487s, 25700 KB] M&S algorithm main loop timer: 0.0469173s (after merging)

[t=0.0508995s, 25700 KB] Operator mutex starting iteration 9


[t=0.0517218s, 25700 KB] In ts_9_0 of size 34 found num new op-mutexes 0


[t=0.0518232s, 25700 KB] In ts_9_1 of size 2 found num new op-mutexes 0


[t=0.0519041s, 25700 KB] In ts_9_2 of size 2 found num new op-mutexes 0


[t=0.0519798s, 25700 KB] In ts_9_3 of size 2 found num new op-mutexes 0


[t=0.052054s, 25700 KB] In ts_9_4 of size 2 found num new op-mutexes 0


[t=0.0521277s, 25700 KB] In ts_9_5 of size 2 found num new op-mutexes 0


[t=0.0522024s, 25700 KB] In ts_9_6 of size 2 found num new op-mutexes 0


[t=0.0522746s, 25700 KB] In ts_9_7 of size 2 found num new op-mutexes 0


[t=0.0523465s, 25700 KB] In ts_9_8 of size 2 found num new op-mutexes 0


[t=0.052419s, 25700 KB] In ts_9_9 of size 2 found num new op-mutexes 0


[t=0.0525061s, 25700 KB] In ts_9_10 of size 2 found num new op-mutexes 0


[t=0.0525786s, 25700 KB] In ts_9_11 of size 2 found num new op-mutexes 0


[t=0.0526797s, 25700 KB] In ts_9_12 of size 2 found num new op-mutexes 0


[t=0.0527647s, 25700 KB] In ts_9_13 of size 2 found num new op-mutexes 0


[t=0.0528384s, 25700 KB] In ts_9_14 of size 2 found num new op-mutexes 0


[t=0.0529099s, 25700 KB] In ts_9_15 of size 2 found num new op-mutexes 0


[t=0.0529817s, 25700 KB] In ts_9_16 of size 2 found num new op-mutexes 0


[t=0.0530542s, 25700 KB] In ts_9_17 of size 2 found num new op-mutexes 0


[t=0.0531256s, 25700 KB] In ts_9_18 of size 2 found num new op-mutexes 0


[t=0.0531968s, 25700 KB] In ts_9_19 of size 2 found num new op-mutexes 0


[t=0.0532776s, 25700 KB] In ts_9_20 of size 2 found num new op-mutexes 0


[t=0.0533487s, 25700 KB] In ts_9_21 of size 2 found num new op-mutexes 0


[t=0.0534191s, 25700 KB] In ts_9_22 of size 2 found num new op-mutexes 0


[t=0.0629519s, 27704 KB] In ts_9_43 of size 2048 found num new op-mutexes 0
[t=0.0630316s, 27704 KB] Operator mutex finished iteration 9. Found an additional 0 operator mutexes

[t=0.0630686s, 27704 KB] Next pair of indices: (43, 22)
[t=0.0630922s, 27704 KB] M&S algorithm main loop timer: 0.059243s (after computation of next merge)
[t=0.0716232s, 27704 KB] M&S algorithm main loop timer: 0.0678076s (after merging)

[t=0.0718891s, 27704 KB] Operator mutex starting iteration 10


[t=0.072754s, 27704 KB] In ts_10_0 of size 34 found num new op-mutexes 0


[t=0.0728616s, 27704 KB] In ts_10_1 of size 2 found num new op-mutexes 0


[t=0.0729397s, 27704 KB] In ts_10_2 of size 2 found num new op-mutexes 0


[t=0.0730137s, 27704 KB] In ts_10_3 of size 2 found num new op-mutexes 0


[t=0.073086s, 27704 KB] In ts_10_4 of size 2 found num new op-mutexes 0


[t=0.0731583s, 27704 KB] In ts_10_5 of size 2 found num new op-mutexes 0


[t=0.0732297s, 27704 KB] In ts_10_6 of size 2 found num new op-mutexes 0


[t=0.0733005s, 27704 KB] In ts_10_7 of size 2 found num new op-mutexes 0


[t=0.073371s, 27704 KB] In ts_10_8 of size 2 found num new op-mutexes 0


[t=0.0734413s, 27704 KB] In ts_10_9 of size 2 found num new op-mutexes 0


[t=0.0735126s, 27704 KB] In ts_10_10 of size 2 found num new op-mutexes 0


[t=0.0735841s, 27704 KB] In ts_10_11 of size 2 found num new op-mutexes 0


[t=0.0736631s, 27704 KB] In ts_10_12 of size 2 found num new op-mutexes 0


[t=0.0737335s, 27704 KB] In ts_10_13 of size 2 found num new op-mutexes 0


[t=0.0738097s, 27704 KB] In ts_10_14 of size 2 found num new op-mutexes 0


[t=0.0738813s, 27704 KB] In ts_10_15 of size 2 found num new op-mutexes 0


[t=0.0739516s, 27704 KB] In ts_10_16 of size 2 found num new op-mutexes 0


[t=0.0740223s, 27704 KB] In ts_10_17 of size 2 found num new op-mutexes 0


[t=0.0740934s, 27704 KB] In ts_10_18 of size 2 found num new op-mutexes 0


[t=0.0741634s, 27704 KB] In ts_10_19 of size 2 found num new op-mutexes 0


[t=0.0742343s, 27704 KB] In ts_10_20 of size 2 found num new op-mutexes 0


[t=0.0743044s, 27704 KB] In ts_10_21 of size 2 found num new op-mutexes 0


[t=0.0934323s, 31860 KB] In ts_10_44 of size 4096 found num new op-mutexes 0
[t=0.093533s, 31860 KB] Operator mutex finished iteration 10. Found an additional 0 operator mutexes

[t=0.0935697s, 31860 KB] Next pair of indices: (44, 21)
[t=0.0935933s, 31860 KB] M&S algorithm main loop timer: 0.0897435s (after computation of next merge)
[t=0.111963s, 31860 KB] M&S algorithm main loop timer: 0.108174s (after merging)

[t=0.112507s, 31860 KB] Operator mutex starting iteration 11


[t=0.11332s, 31860 KB] In ts_11_0 of size 34 found num new op-mutexes 0


[t=0.113417s, 31860 KB] In ts_11_1 of size 2 found num new op-mutexes 0


[t=0.113494s, 31860 KB] In ts_11_2 of size 2 found num new op-mutexes 0


[t=0.113568s, 31860 KB] In ts_11_3 of size 2 found num new op-mutexes 0


[t=0.11364s, 31860 KB] In ts_11_4 of size 2 found num new op-mutexes 0


[t=0.113711s, 31860 KB] In ts_11_5 of size 2 found num new op-mutexes 0


[t=0.113783s, 31860 KB] In ts_11_6 of size 2 found num new op-mutexes 0


[t=0.113852s, 31860 KB] In ts_11_7 of size 2 found num new op-mutexes 0


[t=0.113923s, 31860 KB] In ts_11_8 of size 2 found num new op-mutexes 0


[t=0.113993s, 31860 KB] In ts_11_9 of size 2 found num new op-mutexes 0


[t=0.114063s, 31860 KB] In ts_11_10 of size 2 found num new op-mutexes 0


[t=0.114133s, 31860 KB] In ts_11_11 of size 2 found num new op-mutexes 0


[t=0.114213s, 31860 KB] In ts_11_12 of size 2 found num new op-mutexes 0


[t=0.114288s, 31860 KB] In ts_11_13 of size 2 found num new op-mutexes 0


[t=0.114359s, 31860 KB] In ts_11_14 of size 2 found num new op-mutexes 0


[t=0.114429s, 31860 KB] In ts_11_15 of size 2 found num new op-mutexes 0


[t=0.114499s, 31860 KB] In ts_11_16 of size 2 found num new op-mutexes 0


[t=0.114569s, 31860 KB] In ts_11_17 of size 2 found num new op-mutexes 0


[t=0.11464s, 31860 KB] In ts_11_18 of size 2 found num new op-mutexes 0


[t=0.11471s, 31860 KB] In ts_11_19 of size 2 found num new op-mutexes 0


[t=0.114791s, 31860 KB] In ts_11_20 of size 2 found num new op-mutexes 0
[t=0.114993s, 31860 KB] Operator mutex finished iteration 11. Found an additional 0 operator mutexes

[t=0.115026s, 31860 KB] Next pair of indices: (45, 20)
[t=0.115049s, 31860 KB] M&S algorithm main loop timer: 0.111199s (after computation of next merge)
[t=0.152918s, 31860 KB] M&S algorithm main loop timer: 0.149129s (after merging)

[t=0.153891s, 31860 KB] Operator mutex starting iteration 12


[t=0.154715s, 31860 KB] In ts_12_0 of size 34 found num new op-mutexes 0


[t=0.154818s, 31860 KB] In ts_12_1 of size 2 found num new op-mutexes 0


[t=0.154896s, 31860 KB] In ts_12_2 of size 2 found num new op-mutexes 0


[t=0.154986s, 31860 KB] In ts_12_3 of size 2 found num new op-mutexes 0


[t=0.155062s, 31860 KB] In ts_12_4 of size 2 found num new op-mutexes 0


[t=0.155136s, 31860 KB] In ts_12_5 of size 2 found num new op-mutexes 0


[t=0.155218s, 31860 KB] In ts_12_6 of size 2 found num new op-mutexes 0


[t=0.155289s, 31860 KB] In ts_12_7 of size 2 found num new op-mutexes 0


[t=0.15536s, 31860 KB] In ts_12_8 of size 2 found num new op-mutexes 0


[t=0.15543s, 31860 KB] In ts_12_9 of size 2 found num new op-mutexes 0


[t=0.155501s, 31860 KB] In ts_12_10 of size 2 found num new op-mutexes 0


[t=0.155577s, 31860 KB] In ts_12_11 of size 2 found num new op-mutexes 0


[t=0.155648s, 31860 KB] In ts_12_12 of size 2 found num new op-mutexes 0


[t=0.155718s, 31860 KB] In ts_12_13 of size 2 found num new op-mutexes 0


[t=0.155789s, 31860 KB] In ts_12_14 of size 2 found num new op-mutexes 0


[t=0.15586s, 31860 KB] In ts_12_15 of size 2 found num new op-mutexes 0


[t=0.15593s, 31860 KB] In ts_12_16 of size 2 found num new op-mutexes 0


[t=0.156s, 31860 KB] In ts_12_17 of size 2 found num new op-mutexes 0


[t=0.156071s, 31860 KB] In ts_12_18 of size 2 found num new op-mutexes 0


[t=0.156151s, 31860 KB] In ts_12_19 of size 2 found num new op-mutexes 0
[t=0.156561s, 31860 KB] Operator mutex finished iteration 12. Found an additional 0 operator mutexes

[t=0.156599s, 31860 KB] Next pair of indices: (46, 19)
[t=0.156623s, 31860 KB] M&S algorithm main loop timer: 0.152773s (after computation of next merge)
[t=0.248688s, 37656 KB] M&S algorithm main loop timer: 0.244902s (after merging)

[t=0.250576s, 37656 KB] Operator mutex starting iteration 13


[t=0.251406s, 37656 KB] In ts_13_0 of size 34 found num new op-mutexes 0


[t=0.251498s, 37656 KB] In ts_13_1 of size 2 found num new op-mutexes 0


[t=0.251575s, 37656 KB] In ts_13_2 of size 2 found num new op-mutexes 0


[t=0.25165s, 37656 KB] In ts_13_3 of size 2 found num new op-mutexes 0


[t=0.251721s, 37656 KB] In ts_13_4 of size 2 found num new op-mutexes 0


[t=0.251793s, 37656 KB] In ts_13_5 of size 2 found num new op-mutexes 0


[t=0.251864s, 37656 KB] In ts_13_6 of size 2 found num new op-mutexes 0


[t=0.251943s, 37656 KB] In ts_13_7 of size 2 found num new op-mutexes 0


[t=0.252012s, 37656 KB] In ts_13_8 of size 2 found num new op-mutexes 0


[t=0.252081s, 37656 KB] In ts_13_9 of size 2 found num new op-mutexes 0


[t=0.252151s, 37656 KB] In ts_13_10 of size 2 found num new op-mutexes 0


[t=0.252221s, 37656 KB] In ts_13_11 of size 2 found num new op-mutexes 0


[t=0.252291s, 37656 KB] In ts_13_12 of size 2 found num new op-mutexes 0


[t=0.252361s, 37656 KB] In ts_13_13 of size 2 found num new op-mutexes 0


[t=0.252437s, 37656 KB] In ts_13_14 of size 2 found num new op-mutexes 0


[t=0.252506s, 37656 KB] In ts_13_15 of size 2 found num new op-mutexes 0


[t=0.252575s, 37656 KB] In ts_13_16 of size 2 found num new op-mutexes 0


[t=0.252645s, 37656 KB] In ts_13_17 of size 2 found num new op-mutexes 0


[t=0.252715s, 37656 KB] In ts_13_18 of size 2 found num new op-mutexes 0
[t=0.253581s, 37656 KB] Operator mutex finished iteration 13. Found an additional 0 operator mutexes

[t=0.253623s, 37656 KB] Next pair of indices: (47, 18)
[t=0.253648s, 37656 KB] M&S algorithm main loop timer: 0.249798s (after computation of next merge)
[t=0.301681s, 37788 KB] M&S algorithm main loop timer: 0.298113s (after shrinking)
[t=0.302048s, 37788 KB] M&S algorithm main loop timer: 0.298213s (after merging)

[t=0.302092s, 37788 KB] Operator mutex starting iteration 14


[t=0.302915s, 37788 KB] In ts_14_0 of size 34 found num new op-mutexes 0


[t=0.303007s, 37788 KB] In ts_14_1 of size 2 found num new op-mutexes 0


[t=0.303084s, 37788 KB] In ts_14_2 of size 2 found num new op-mutexes 0


[t=0.303158s, 37788 KB] In ts_14_3 of size 2 found num new op-mutexes 0


[t=0.30323s, 37788 KB] In ts_14_4 of size 2 found num new op-mutexes 0


[t=0.303301s, 37788 KB] In ts_14_5 of size 2 found num new op-mutexes 0


[t=0.303371s, 37788 KB] In ts_14_6 of size 2 found num new op-mutexes 0


[t=0.303451s, 37788 KB] In ts_14_7 of size 2 found num new op-mutexes 0


[t=0.303521s, 37788 KB] In ts_14_8 of size 2 found num new op-mutexes 0


[t=0.303591s, 37788 KB] In ts_14_9 of size 2 found num new op-mutexes 0


[t=0.30366s, 37788 KB] In ts_14_10 of size 2 found num new op-mutexes 0


[t=0.30373s, 37788 KB] In ts_14_11 of size 2 found num new op-mutexes 0


[t=0.303799s, 37788 KB] In ts_14_12 of size 2 found num new op-mutexes 0


[t=0.30387s, 37788 KB] In ts_14_13 of size 2 found num new op-mutexes 0


[t=0.303941s, 37788 KB] In ts_14_14 of size 2 found num new op-mutexes 0


[t=0.304015s, 37788 KB] In ts_14_15 of size 2 found num new op-mutexes 0


[t=0.304084s, 37788 KB] In ts_14_16 of size 2 found num new op-mutexes 0


[t=0.304154s, 37788 KB] In ts_14_17 of size 2 found num new op-mutexes 0


[t=0.304266s, 37788 KB] In ts_14_48 of size 4 found num new op-mutexes 0
[t=0.304296s, 37788 KB] Operator mutex finished iteration 14. Found an additional 0 operator mutexes

[t=0.304325s, 37788 KB] Next pair of indices: (48, 17)
[t=0.304347s, 37788 KB] M&S algorithm main loop timer: 0.300497s (after computation of next merge)
[t=0.304429s, 37788 KB] M&S algorithm main loop timer: 0.300592s (after merging)

[t=0.304469s, 37788 KB] Operator mutex starting iteration 15


[t=0.305262s, 37788 KB] In ts_15_0 of size 34 found num new op-mutexes 0


[t=0.305357s, 37788 KB] In ts_15_1 of size 2 found num new op-mutexes 0


[t=0.305455s, 37788 KB] In ts_15_2 of size 2 found num new op-mutexes 0


[t=0.30554s, 37788 KB] In ts_15_3 of size 2 found num new op-mutexes 0


[t=0.305615s, 37788 KB] In ts_15_4 of size 2 found num new op-mutexes 0


[t=0.305687s, 37788 KB] In ts_15_5 of size 2 found num new op-mutexes 0


[t=0.305758s, 37788 KB] In ts_15_6 of size 2 found num new op-mutexes 0


[t=0.305828s, 37788 KB] In ts_15_7 of size 2 found num new op-mutexes 0


[t=0.305907s, 37788 KB] In ts_15_8 of size 2 found num new op-mutexes 0


[t=0.305977s, 37788 KB] In ts_15_9 of size 2 found num new op-mutexes 0


[t=0.306046s, 37788 KB] In ts_15_10 of size 2 found num new op-mutexes 0


[t=0.306116s, 37788 KB] In ts_15_11 of size 2 found num new op-mutexes 0


[t=0.306185s, 37788 KB] In ts_15_12 of size 2 found num new op-mutexes 0


[t=0.306255s, 37788 KB] In ts_15_13 of size 2 found num new op-mutexes 0


[t=0.306325s, 37788 KB] In ts_15_14 of size 2 found num new op-mutexes 0


[t=0.306394s, 37788 KB] In ts_15_15 of size 2 found num new op-mutexes 0


[t=0.306463s, 37788 KB] In ts_15_16 of size 2 found num new op-mutexes 0


[t=0.306599s, 37788 KB] In ts_15_49 of size 8 found num new op-mutexes 0
[t=0.306631s, 37788 KB] Operator mutex finished iteration 15. Found an additional 0 operator mutexes

[t=0.306659s, 37788 KB] Next pair of indices: (49, 16)
[t=0.306681s, 37788 KB] M&S algorithm main loop timer: 0.30283s (after computation of next merge)
[t=0.306766s, 37788 KB] M&S algorithm main loop timer: 0.30292s (after merging)

[t=0.306797s, 37788 KB] Operator mutex starting iteration 16


[t=0.307593s, 37788 KB] In ts_16_0 of size 34 found num new op-mutexes 0


[t=0.30768s, 37788 KB] In ts_16_1 of size 2 found num new op-mutexes 0


[t=0.307756s, 37788 KB] In ts_16_2 of size 2 found num new op-mutexes 0


[t=0.307844s, 37788 KB] In ts_16_3 of size 2 found num new op-mutexes 0


[t=0.307918s, 37788 KB] In ts_16_4 of size 2 found num new op-mutexes 0


[t=0.307989s, 37788 KB] In ts_16_5 of size 2 found num new op-mutexes 0


[t=0.308059s, 37788 KB] In ts_16_6 of size 2 found num new op-mutexes 0


[t=0.308129s, 37788 KB] In ts_16_7 of size 2 found num new op-mutexes 0


[t=0.308199s, 37788 KB] In ts_16_8 of size 2 found num new op-mutexes 0


[t=0.308274s, 37788 KB] In ts_16_9 of size 2 found num new op-mutexes 0


[t=0.308343s, 37788 KB] In ts_16_10 of size 2 found num new op-mutexes 0


[t=0.308412s, 37788 KB] In ts_16_11 of size 2 found num new op-mutexes 0


[t=0.308482s, 37788 KB] In ts_16_12 of size 2 found num new op-mutexes 0


[t=0.308552s, 37788 KB] In ts_16_13 of size 2 found num new op-mutexes 0


[t=0.308653s, 37788 KB] In ts_16_14 of size 2 found num new op-mutexes 0


[t=0.308743s, 37788 KB] In ts_16_15 of size 2 found num new op-mutexes 0


[t=0.308922s, 37788 KB] In ts_16_50 of size 16 found num new op-mutexes 0
[t=0.308956s, 37788 KB] Operator mutex finished iteration 16. Found an additional 0 operator mutexes

[t=0.308985s, 37788 KB] Next pair of indices: (50, 15)
[t=0.309007s, 37788 KB] M&S algorithm main loop timer: 0.305157s (after computation of next merge)
[t=0.309107s, 37788 KB] M&S algorithm main loop timer: 0.305262s (after merging)

[t=0.30914s, 37788 KB] Operator mutex starting iteration 17


[t=0.309961s, 37788 KB] In ts_17_0 of size 34 found num new op-mutexes 0


[t=0.31005s, 37788 KB] In ts_17_1 of size 2 found num new op-mutexes 0


[t=0.310126s, 37788 KB] In ts_17_2 of size 2 found num new op-mutexes 0


[t=0.3102s, 37788 KB] In ts_17_3 of size 2 found num new op-mutexes 0


[t=0.310281s, 37788 KB] In ts_17_4 of size 2 found num new op-mutexes 0


[t=0.310352s, 37788 KB] In ts_17_5 of size 2 found num new op-mutexes 0


[t=0.310424s, 37788 KB] In ts_17_6 of size 2 found num new op-mutexes 0


[t=0.310493s, 37788 KB] In ts_17_7 of size 2 found num new op-mutexes 0


[t=0.310564s, 37788 KB] In ts_17_8 of size 2 found num new op-mutexes 0


[t=0.310634s, 37788 KB] In ts_17_9 of size 2 found num new op-mutexes 0


[t=0.310703s, 37788 KB] In ts_17_10 of size 2 found num new op-mutexes 0


[t=0.310773s, 37788 KB] In ts_17_11 of size 2 found num new op-mutexes 0


[t=0.310843s, 37788 KB] In ts_17_12 of size 2 found num new op-mutexes 0


[t=0.310913s, 37788 KB] In ts_17_13 of size 2 found num new op-mutexes 0


[t=0.310983s, 37788 KB] In ts_17_14 of size 2 found num new op-mutexes 0


[t=0.311253s, 37788 KB] In ts_17_51 of size 32 found num new op-mutexes 0
[t=0.311286s, 37788 KB] Operator mutex finished iteration 17. Found an additional 0 operator mutexes

[t=0.311315s, 37788 KB] Next pair of indices: (51, 14)
[t=0.311337s, 37788 KB] M&S algorithm main loop timer: 0.307487s (after computation of next merge)
[t=0.311789s, 37788 KB] M&S algorithm main loop timer: 0.307954s (after merging)

[t=0.311837s, 37788 KB] Operator mutex starting iteration 18


[t=0.312658s, 37788 KB] In ts_18_0 of size 34 found num new op-mutexes 0


[t=0.312751s, 37788 KB] In ts_18_1 of size 2 found num new op-mutexes 0


[t=0.31283s, 37788 KB] In ts_18_2 of size 2 found num new op-mutexes 0


[t=0.312905s, 37788 KB] In ts_18_3 of size 2 found num new op-mutexes 0


[t=0.31298s, 37788 KB] In ts_18_4 of size 2 found num new op-mutexes 0


[t=0.313053s, 37788 KB] In ts_18_5 of size 2 found num new op-mutexes 0


[t=0.313125s, 37788 KB] In ts_18_6 of size 2 found num new op-mutexes 0


[t=0.313197s, 37788 KB] In ts_18_7 of size 2 found num new op-mutexes 0


[t=0.313268s, 37788 KB] In ts_18_8 of size 2 found num new op-mutexes 0


[t=0.313339s, 37788 KB] In ts_18_9 of size 2 found num new op-mutexes 0


[t=0.31341s, 37788 KB] In ts_18_10 of size 2 found num new op-mutexes 0


[t=0.313482s, 37788 KB] In ts_18_11 of size 2 found num new op-mutexes 0


[t=0.313553s, 37788 KB] In ts_18_12 of size 2 found num new op-mutexes 0


[t=0.313624s, 37788 KB] In ts_18_13 of size 2 found num new op-mutexes 0


[t=0.313998s, 37788 KB] In ts_18_52 of size 64 found num new op-mutexes 0
[t=0.314034s, 37788 KB] Operator mutex finished iteration 18. Found an additional 0 operator mutexes

[t=0.314064s, 37788 KB] Next pair of indices: (52, 13)
[t=0.314086s, 37788 KB] M&S algorithm main loop timer: 0.310235s (after computation of next merge)
[t=0.31432s, 37788 KB] M&S algorithm main loop timer: 0.310479s (after merging)

[t=0.314364s, 37788 KB] Operator mutex starting iteration 19


[t=0.315171s, 37788 KB] In ts_19_0 of size 34 found num new op-mutexes 0


[t=0.315262s, 37788 KB] In ts_19_1 of size 2 found num new op-mutexes 0


[t=0.31534s, 37788 KB] In ts_19_2 of size 2 found num new op-mutexes 0


[t=0.315415s, 37788 KB] In ts_19_3 of size 2 found num new op-mutexes 0


[t=0.315486s, 37788 KB] In ts_19_4 of size 2 found num new op-mutexes 0


[t=0.315559s, 37788 KB] In ts_19_5 of size 2 found num new op-mutexes 0


[t=0.31563s, 37788 KB] In ts_19_6 of size 2 found num new op-mutexes 0


[t=0.315715s, 37788 KB] In ts_19_7 of size 2 found num new op-mutexes 0


[t=0.315791s, 37788 KB] In ts_19_8 of size 2 found num new op-mutexes 0


[t=0.315862s, 37788 KB] In ts_19_9 of size 2 found num new op-mutexes 0


[t=0.315932s, 37788 KB] In ts_19_10 of size 2 found num new op-mutexes 0


[t=0.316003s, 37788 KB] In ts_19_11 of size 2 found num new op-mutexes 0


[t=0.316073s, 37788 KB] In ts_19_12 of size 2 found num new op-mutexes 0


[t=0.316638s, 37788 KB] In ts_19_53 of size 128 found num new op-mutexes 0
[t=0.316677s, 37788 KB] Operator mutex finished iteration 19. Found an additional 0 operator mutexes

[t=0.316711s, 37788 KB] Next pair of indices: (53, 12)
[t=0.316734s, 37788 KB] M&S algorithm main loop timer: 0.312885s (after computation of next merge)
[t=0.317135s, 37788 KB] M&S algorithm main loop timer: 0.313303s (after merging)

[t=0.317195s, 37788 KB] Operator mutex starting iteration 20


[t=0.318028s, 37788 KB] In ts_20_0 of size 34 found num new op-mutexes 0


[t=0.318126s, 37788 KB] In ts_20_1 of size 2 found num new op-mutexes 0


[t=0.318204s, 37788 KB] In ts_20_2 of size 2 found num new op-mutexes 0


[t=0.31828s, 37788 KB] In ts_20_3 of size 2 found num new op-mutexes 0


[t=0.318362s, 37788 KB] In ts_20_4 of size 2 found num new op-mutexes 0


[t=0.318435s, 37788 KB] In ts_20_5 of size 2 found num new op-mutexes 0


[t=0.318507s, 37788 KB] In ts_20_6 of size 2 found num new op-mutexes 0


[t=0.318583s, 37788 KB] In ts_20_7 of size 2 found num new op-mutexes 0


[t=0.31866s, 37788 KB] In ts_20_8 of size 2 found num new op-mutexes 0


[t=0.318732s, 37788 KB] In ts_20_9 of size 2 found num new op-mutexes 0


[t=0.318812s, 37788 KB] In ts_20_10 of size 2 found num new op-mutexes 0


[t=0.318884s, 37788 KB] In ts_20_11 of size 2 found num new op-mutexes 0


[t=0.319928s, 37788 KB] In ts_20_54 of size 256 found num new op-mutexes 0
[t=0.319971s, 37788 KB] Operator mutex finished iteration 20. Found an additional 0 operator mutexes

[t=0.320004s, 37788 KB] Next pair of indices: (54, 11)
[t=0.320027s, 37788 KB] M&S algorithm main loop timer: 0.316177s (after computation of next merge)
[t=0.320792s, 37788 KB] M&S algorithm main loop timer: 0.316962s (after merging)
[t=0.321008s, 37788 KB] M&S algorithm main loop timer: 0.317167s (after pruning)

[t=0.321043s, 37788 KB] Operator mutex starting iteration 21


[t=0.321839s, 37788 KB] In ts_21_0 of size 34 found num new op-mutexes 0


[t=0.32193s, 37788 KB] In ts_21_1 of size 2 found num new op-mutexes 0


[t=0.322017s, 37788 KB] In ts_21_2 of size 2 found num new op-mutexes 0


[t=0.322091s, 37788 KB] In ts_21_3 of size 2 found num new op-mutexes 0


[t=0.322164s, 37788 KB] In ts_21_4 of size 2 found num new op-mutexes 0


[t=0.322236s, 37788 KB] In ts_21_5 of size 2 found num new op-mutexes 0


[t=0.322308s, 37788 KB] In ts_21_6 of size 2 found num new op-mutexes 0


[t=0.322378s, 37788 KB] In ts_21_7 of size 2 found num new op-mutexes 0


[t=0.322449s, 37788 KB] In ts_21_8 of size 2 found num new op-mutexes 0


[t=0.322529s, 37788 KB] In ts_21_9 of size 2 found num new op-mutexes 0


[t=0.3226s, 37788 KB] In ts_21_10 of size 2 found num new op-mutexes 0


[t=0.324482s, 37788 KB] In ts_21_55 of size 510 found num new op-mutexes 0
[t=0.324524s, 37788 KB] Operator mutex finished iteration 21. Found an additional 0 operator mutexes

[t=0.324555s, 37788 KB] Next pair of indices: (55, 10)
[t=0.324578s, 37788 KB] M&S algorithm main loop timer: 0.320728s (after computation of next merge)
[t=0.326305s, 37788 KB] M&S algorithm main loop timer: 0.322482s (after merging)
[t=0.326765s, 37788 KB] M&S algorithm main loop timer: 0.322936s (after pruning)

[t=0.326814s, 37788 KB] Operator mutex starting iteration 22


[t=0.327613s, 37788 KB] In ts_22_0 of size 34 found num new op-mutexes 0


[t=0.327706s, 37788 KB] In ts_22_1 of size 2 found num new op-mutexes 0


[t=0.327783s, 37788 KB] In ts_22_2 of size 2 found num new op-mutexes 0


[t=0.327858s, 37788 KB] In ts_22_3 of size 2 found num new op-mutexes 0


[t=0.327931s, 37788 KB] In ts_22_4 of size 2 found num new op-mutexes 0


[t=0.328003s, 37788 KB] In ts_22_5 of size 2 found num new op-mutexes 0


[t=0.328076s, 37788 KB] In ts_22_6 of size 2 found num new op-mutexes 0


[t=0.328147s, 37788 KB] In ts_22_7 of size 2 found num new op-mutexes 0


[t=0.328218s, 37788 KB] In ts_22_8 of size 2 found num new op-mutexes 0


[t=0.328299s, 37788 KB] In ts_22_9 of size 2 found num new op-mutexes 0


[t=0.331947s, 37788 KB] In ts_22_56 of size 1017 found num new op-mutexes 0
[t=0.331997s, 37788 KB] Operator mutex finished iteration 22. Found an additional 0 operator mutexes

[t=0.332029s, 37788 KB] Next pair of indices: (56, 9)
[t=0.332051s, 37788 KB] M&S algorithm main loop timer: 0.328201s (after computation of next merge)
[t=0.335776s, 37788 KB] M&S algorithm main loop timer: 0.331942s (after merging)

[t=0.335924s, 37788 KB] Operator mutex starting iteration 23


[t=0.336776s, 37788 KB] In ts_23_0 of size 34 found num new op-mutexes 0


[t=0.336886s, 37788 KB] In ts_23_1 of size 2 found num new op-mutexes 0


[t=0.336965s, 37788 KB] In ts_23_2 of size 2 found num new op-mutexes 0


[t=0.33704s, 37788 KB] In ts_23_3 of size 2 found num new op-mutexes 0


[t=0.337113s, 37788 KB] In ts_23_4 of size 2 found num new op-mutexes 0


[t=0.337185s, 37788 KB] In ts_23_5 of size 2 found num new op-mutexes 0


[t=0.337258s, 37788 KB] In ts_23_6 of size 2 found num new op-mutexes 0


[t=0.33733s, 37788 KB] In ts_23_7 of size 2 found num new op-mutexes 0


[t=0.337401s, 37788 KB] In ts_23_8 of size 2 found num new op-mutexes 0


[t=0.345521s, 37788 KB] In ts_23_57 of size 2034 found num new op-mutexes 0
[t=0.345596s, 37788 KB] Operator mutex finished iteration 23. Found an additional 0 operator mutexes

[t=0.345631s, 37788 KB] Next pair of indices: (57, 8)
[t=0.345654s, 37788 KB] M&S algorithm main loop timer: 0.341804s (after computation of next merge)
[t=0.353758s, 37788 KB] M&S algorithm main loop timer: 0.349944s (after merging)
[t=0.355484s, 37788 KB] M&S algorithm main loop timer: 0.35167s (after pruning)

[t=0.355548s, 37788 KB] Operator mutex starting iteration 24


[t=0.356381s, 37788 KB] In ts_24_0 of size 34 found num new op-mutexes 0


[t=0.356481s, 37788 KB] In ts_24_1 of size 2 found num new op-mutexes 0


[t=0.35656s, 37788 KB] In ts_24_2 of size 2 found num new op-mutexes 0


[t=0.356636s, 37788 KB] In ts_24_3 of size 2 found num new op-mutexes 0


[t=0.35671s, 37788 KB] In ts_24_4 of size 2 found num new op-mutexes 0


[t=0.356784s, 37788 KB] In ts_24_5 of size 2 found num new op-mutexes 0


[t=0.356868s, 37788 KB] In ts_24_6 of size 2 found num new op-mutexes 0


[t=0.356941s, 37788 KB] In ts_24_7 of size 2 found num new op-mutexes 0


[t=0.374307s, 37788 KB] In ts_24_58 of size 4066 found num new op-mutexes 0
[t=0.3744s, 37788 KB] Operator mutex finished iteration 24. Found an additional 0 operator mutexes

[t=0.374437s, 37788 KB] Next pair of indices: (58, 7)
[t=0.374462s, 37788 KB] M&S algorithm main loop timer: 0.370612s (after computation of next merge)
[t=0.391842s, 37788 KB] M&S algorithm main loop timer: 0.388045s (after merging)
[t=0.395365s, 37788 KB] M&S algorithm main loop timer: 0.39159s (after pruning)

[t=0.39547s, 37788 KB] Operator mutex starting iteration 25


[t=0.396304s, 37788 KB] In ts_25_0 of size 34 found num new op-mutexes 0


[t=0.396413s, 37788 KB] In ts_25_1 of size 2 found num new op-mutexes 0


[t=0.396492s, 37788 KB] In ts_25_2 of size 2 found num new op-mutexes 0


[t=0.396567s, 37788 KB] In ts_25_3 of size 2 found num new op-mutexes 0


[t=0.396639s, 37788 KB] In ts_25_4 of size 2 found num new op-mutexes 0


[t=0.396712s, 37788 KB] In ts_25_5 of size 2 found num new op-mutexes 0


[t=0.396784s, 37788 KB] In ts_25_6 of size 2 found num new op-mutexes 0
[t=0.396966s, 37788 KB] Operator mutex finished iteration 25. Found an additional 0 operator mutexes

[t=0.396997s, 37788 KB] Next pair of indices: (59, 6)
[t=0.39702s, 37788 KB] M&S algorithm main loop timer: 0.393171s (after computation of next merge)
[t=0.435065s, 37788 KB] M&S algorithm main loop timer: 0.431277s (after merging)

[t=0.43604s, 37788 KB] Operator mutex starting iteration 26


[t=0.43686s, 37788 KB] In ts_26_0 of size 34 found num new op-mutexes 0


[t=0.436953s, 37788 KB] In ts_26_1 of size 2 found num new op-mutexes 0


[t=0.437031s, 37788 KB] In ts_26_2 of size 2 found num new op-mutexes 0


[t=0.437105s, 37788 KB] In ts_26_3 of size 2 found num new op-mutexes 0


[t=0.437177s, 37788 KB] In ts_26_4 of size 2 found num new op-mutexes 0


[t=0.437265s, 37788 KB] In ts_26_5 of size 2 found num new op-mutexes 0
[t=0.437715s, 37788 KB] Operator mutex finished iteration 26. Found an additional 0 operator mutexes

[t=0.437749s, 37788 KB] Next pair of indices: (60, 5)
[t=0.437772s, 37788 KB] M&S algorithm main loop timer: 0.433922s (after computation of next merge)
[t=0.535305s, 39524 KB] M&S algorithm main loop timer: 0.531528s (after merging)
[t=0.5506s, 39524 KB] M&S algorithm main loop timer: 0.546807s (after pruning)

[t=0.550689s, 39524 KB] Operator mutex starting iteration 27


[t=0.55151s, 39524 KB] In ts_27_0 of size 34 found num new op-mutexes 0


[t=0.551604s, 39524 KB] In ts_27_1 of size 2 found num new op-mutexes 0


[t=0.551682s, 39524 KB] In ts_27_2 of size 2 found num new op-mutexes 0


[t=0.551756s, 39524 KB] In ts_27_3 of size 2 found num new op-mutexes 0


[t=0.551828s, 39524 KB] In ts_27_4 of size 2 found num new op-mutexes 0
[t=0.552749s, 39524 KB] Operator mutex finished iteration 27. Found an additional 0 operator mutexes

[t=0.552785s, 39524 KB] Next pair of indices: (61, 4)
[t=0.55281s, 39524 KB] M&S algorithm main loop timer: 0.548967s (after computation of next merge)
[t=0.642904s, 40052 KB] M&S algorithm main loop timer: 0.639115s (after shrinking)
[t=0.730696s, 47436 KB] M&S algorithm main loop timer: 0.726916s (after merging)
[t=0.755795s, 47436 KB] M&S algorithm main loop timer: 0.752013s (after pruning)

[t=0.755896s, 47436 KB] Operator mutex starting iteration 28


[t=0.756753s, 47436 KB] In ts_28_0 of size 34 found num new op-mutexes 0


[t=0.75685s, 47436 KB] In ts_28_1 of size 2 found num new op-mutexes 0


[t=0.756929s, 47436 KB] In ts_28_2 of size 2 found num new op-mutexes 0


[t=0.757004s, 47436 KB] In ts_28_3 of size 2 found num new op-mutexes 0
[t=0.758547s, 47436 KB] Operator mutex finished iteration 28. Found an additional 0 operator mutexes

[t=0.758594s, 47436 KB] Next pair of indices: (62, 3)
[t=0.758621s, 47436 KB] M&S algorithm main loop timer: 0.754774s (after computation of next merge)
[t=0.868072s, 47436 KB] M&S algorithm main loop timer: 0.864283s (after shrinking)
[t=1.02144s, 59828 KB] M&S algorithm main loop timer: 1.01766s (after merging)

[t=1.02425s, 59828 KB] Operator mutex starting iteration 29


[t=1.02506s, 59828 KB] In ts_29_0 of size 34 found num new op-mutexes 0


[t=1.02516s, 59828 KB] In ts_29_1 of size 2 found num new op-mutexes 0


[t=1.02523s, 59828 KB] In ts_29_2 of size 2 found num new op-mutexes 0
[t=1.02768s, 59828 KB] Operator mutex finished iteration 29. Found an additional 0 operator mutexes

[t=1.02773s, 59828 KB] Next pair of indices: (63, 2)
[t=1.02776s, 59828 KB] M&S algorithm main loop timer: 1.02391s (after computation of next merge)
[t=1.15169s, 59828 KB] M&S algorithm main loop timer: 1.14822s (after shrinking)
[t=1.15215s, 59828 KB] M&S algorithm main loop timer: 1.14831s (after merging)

[t=1.15218s, 59828 KB] Operator mutex starting iteration 30


[t=1.15301s, 59828 KB] In ts_30_0 of size 34 found num new op-mutexes 0


[t=1.1531s, 59828 KB] In ts_30_1 of size 2 found num new op-mutexes 0


[t=1.15321s, 59828 KB] In ts_30_64 of size 4 found num new op-mutexes 0
[t=1.15325s, 59828 KB] Operator mutex finished iteration 30. Found an additional 0 operator mutexes

[t=1.15327s, 59828 KB] Next pair of indices: (64, 1)
[t=1.1533s, 59828 KB] M&S algorithm main loop timer: 1.14945s (after computation of next merge)
[t=1.15335s, 59828 KB] M&S algorithm main loop timer: 1.14951s (after merging)
[t=1.15339s, 59828 KB] M&S algorithm main loop timer: 1.14954s (after pruning)

[t=1.15342s, 59828 KB] Operator mutex starting iteration 31


[t=1.15423s, 59828 KB] In ts_31_0 of size 34 found num new op-mutexes 0


[t=1.15436s, 59828 KB] In ts_31_65 of size 6 found num new op-mutexes 0
[t=1.15439s, 59828 KB] Operator mutex finished iteration 31. Found an additional 0 operator mutexes

[t=1.15442s, 59828 KB] Next pair of indices: (65, 0)
[t=1.15444s, 59828 KB] M&S algorithm main loop timer: 1.15059s (after computation of next merge)
[t=1.15499s, 59828 KB] M&S algorithm main loop timer: 1.15115s (after merging)
[t=1.15508s, 59828 KB] M&S algorithm main loop timer: 1.15123s (after pruning)

[t=1.15511s, 59828 KB] Operator mutex starting iteration 32


[t=1.15609s, 59828 KB] In ts_32_66 of size 138 found num new op-mutexes 0
[t=1.15614s, 59828 KB] Operator mutex finished iteration 32. Found an additional 0 operator mutexes

[t=1.15617s, 59828 KB] End of merge-and-shrink algorithm, statistics:
[t=1.15619s, 59828 KB] Main loop runtime: 1.15234s
[t=1.15621s, 59828 KB] Maximum intermediate abstraction size: 45650
[t=1.15623s, 59828 KB] Final peak memory increase of merge-and-shrink algorithm: 37228 KB
[t=1.15627s, 59828 KB] Merge-and-shrink algorithm runtime: 1.15385s

[t=1.15629s, 59828 KB] Number of labels: 185
[t=1.15631s, 59828 KB] Total number of operator mutexes: 0
[t=1.15633s, 59828 KB] Operator Mutex total time: 0.147573s
[t=1.15636s, 59828 KB] Number of remaining factors: 1
[t=1.15639s, 59828 KB] Number of factors kept: 1
[t=1.15641s, 59828 KB] Done initializing merge-and-shrink heuristic.

[t=1.1565s, 59828 KB] Building successor generator...done!
[t=1.1567s, 59828 KB] peak memory difference for successor generator creation: 0 KB
[t=1.15671s, 59828 KB] time for successor generation creation: 0.000116068s
[t=1.15674s, 59828 KB] Variables: 34
[t=1.15676s, 59828 KB] FactPairs: 100
[t=1.15678s, 59828 KB] Bytes per state: 8
[t=1.15691s, 59828 KB] Conducting best first search with reopening closed nodes, (real) bound = 2147483647
[t=1.15698s, 59828 KB] New best heuristic value for merge_and_shrink(op_mutex = op_mutex(use_previous_ops = nasutpo, reachability_strategy = goal), merge_strategy = merge_sccs(order_of_sccs = topological, merge_tree = linear), shrink_strategy = shrink_bisimulation(greedy = false, at_limit = return)): 1
[t=1.157s, 59828 KB] g=0, 1 evaluated, 0 expanded
[t=1.15702s, 59828 KB] f = 1, 1 evaluated, 0 expanded
[t=1.15705s, 59828 KB] Initial heuristic value for merge_and_shrink(op_mutex = op_mutex(use_previous_ops = nasutpo, reachability_strategy = goal), merge_strategy = merge_sccs(order_of_sccs = topological, merge_tree = linear), shrink_strategy = shrink_bisimulation(greedy = false, at_limit = return)): 1
[t=1.15707s, 59828 KB] pruning method: none
[t=1.15711s, 59828 KB] New best heuristic value for merge_and_shrink(op_mutex = op_mutex(use_previous_ops = nasutpo, reachability_strategy = goal), merge_strategy = merge_sccs(order_of_sccs = topological, merge_tree = linear), shrink_strategy = shrink_bisimulation(greedy = false, at_limit = return)): 0
[t=1.15715s, 59828 KB] g=1, 3 evaluated, 1 expanded
[t=1.1572s, 59828 KB] f = 2, 8 evaluated, 2 expanded
[t=1.15738s, 59828 KB] f = 3, 54 evaluated, 31 expanded
[t=1.1575s, 59828 KB] f = 4, 75 evaluated, 70 expanded
[t=1.15756s, 59828 KB] f = 5, 81 evaluated, 80 expanded
[t=1.1576s, 59828 KB] Solution found!
[t=1.15762s, 59828 KB] Actual search time: 0.000550382s
jump-new-move pos-4-3 pos-4-4 pos-4-5 (1)
end-move pos-4-5 (0)
jump-new-move pos-3-2 pos-3-3 pos-3-4 (1)
end-move pos-3-4 (0)
jump-new-move pos-2-4 pos-3-4 pos-4-4 (1)
end-move pos-4-4 (0)
jump-new-move pos-4-5 pos-4-4 pos-4-3 (1)
end-move pos-4-3 (0)
jump-new-move pos-5-3 pos-4-3 pos-3-3 (1)
[t=1.15765s, 59828 KB] Plan length: 9 step(s).
[t=1.15765s, 59828 KB] Plan cost: 5
[t=1.15765s, 59828 KB] Expanded 83 state(s).
[t=1.15765s, 59828 KB] Reopened 0 state(s).
[t=1.15765s, 59828 KB] Evaluated 84 state(s).
[t=1.15765s, 59828 KB] Evaluations: 84
[t=1.15765s, 59828 KB] Generated 111 state(s).
[t=1.15765s, 59828 KB] Dead ends: 0 state(s).
[t=1.15765s, 59828 KB] Expanded until last jump: 80 state(s).
[t=1.15765s, 59828 KB] Reopened until last jump: 0 state(s).
[t=1.15765s, 59828 KB] Evaluated until last jump: 81 state(s).
[t=1.15765s, 59828 KB] Generated until last jump: 107 state(s).
[t=1.15765s, 59828 KB] Number of registered states: 84
[t=1.15765s, 59828 KB] Int hash set load factor: 84/128 = 0.65625
[t=1.15765s, 59828 KB] Int hash set resizes: 7
[t=1.15765s, 59828 KB] Search time: 0.000736752s
[t=1.15765s, 59828 KB] Total time: 1.15765s
Solution found.
Peak memory: 59828 KB
Remove intermediate file output.sas
search exit code: 0

INFO     Running validate.
INFO     validate stdin: None
INFO     validate time limit: None
INFO     validate memory limit: None
INFO     validate command line string: validate domain.pddl problem.pddl sas_plan
Checking plan: sas_plan
Plan executed successfully - checking goal
Plan valid
Final value: 5 

Successful plans:
Value: 5
 sas_plan 5 

validate exit code: 0

