INFO     Running translator.
INFO     translator stdin: None
INFO     translator time limit: 599.97s
INFO     translator memory limit: 7000 MB
INFO     translator command line string: /usr/bin/python3 /user/student.aau.dk/lkar18/downward-projects/downward/experiments/nopo_vs_nasutpo_195p/data/nopo_vs_nasutpo/code-94571df14dfaf5b06207d9589b12facdd93f580c_e5e41175/builds/release/bin/translate/translate.py domain.pddl problem.pddl --sas-file output.sas
Parsing...
Parsing: [0.010s CPU, 0.002s wall-clock]
Normalizing task... [0.000s CPU, 0.000s wall-clock]
Instantiating...
Generating Datalog program... [0.000s CPU, 0.000s wall-clock]
Normalizing Datalog program...
Normalizing Datalog program: [0.000s CPU, 0.003s wall-clock]
Preparing model... [0.000s CPU, 0.001s wall-clock]
Generated 45 rules.
Computing model... [0.000s CPU, 0.001s wall-clock]
41 relevant atoms
55 auxiliary atoms
96 final queue length
99 total queue pushes
Completing instantiation... [0.000s CPU, 0.000s wall-clock]
Instantiating: [0.000s CPU, 0.005s wall-clock]
Computing fact groups...
Finding invariants...
18 initial candidates
Finding invariants: [0.010s CPU, 0.005s wall-clock]
Checking invariant weight... [0.000s CPU, 0.000s wall-clock]
Instantiating groups... [0.000s CPU, 0.000s wall-clock]
Collecting mutex groups... [0.000s CPU, 0.000s wall-clock]
Choosing groups...
0 uncovered facts
Choosing groups: [0.000s CPU, 0.000s wall-clock]
Building translation key... [0.000s CPU, 0.000s wall-clock]
Computing fact groups: [0.010s CPU, 0.005s wall-clock]
Building STRIPS to SAS dictionary... [0.000s CPU, 0.000s wall-clock]
Building dictionary for full mutex groups... [0.000s CPU, 0.000s wall-clock]
Building mutex information...
Building mutex information: [0.000s CPU, 0.000s wall-clock]
Translating task...
Processing axioms...
Simplifying axioms... [0.000s CPU, 0.000s wall-clock]
Translator axioms removed by simplifying: 0
Computing negative axioms... [0.000s CPU, 0.000s wall-clock]
Processing axioms: [0.000s CPU, 0.000s wall-clock]
Translating task: [0.000s CPU, 0.000s wall-clock]
0 effect conditions simplified
0 implied preconditions added
Detecting unreachable propositions...
0 operators removed
0 axioms removed
5 propositions removed
Detecting unreachable propositions: [0.000s CPU, 0.000s wall-clock]
Reordering and filtering variables...
5 of 5 variables necessary.
0 of 5 mutex groups necessary.
5 of 5 operators necessary.
0 of 0 axiom rules necessary.
Reordering and filtering variables: [0.000s CPU, 0.000s wall-clock]
Translator variables: 5
Translator derived variables: 0
Translator facts: 10
Translator goal facts: 1
Translator mutex groups: 0
Translator total mutex groups size: 0
Translator operators: 5
Translator axioms: 0
Translator task size: 40
Translator peak memory: 42012 KB
Writing output... [0.000s CPU, 0.000s wall-clock]
Done! [0.020s CPU, 0.014s wall-clock]
translate exit code: 0

INFO     Running search (release).
INFO     search stdin: output.sas
INFO     search time limit: 599.9s
INFO     search memory limit: 7000 MB
INFO     search command line string: /user/student.aau.dk/lkar18/downward-projects/downward/experiments/nopo_vs_nasutpo_195p/data/nopo_vs_nasutpo/code-94571df14dfaf5b06207d9589b12facdd93f580c_e5e41175/builds/release/bin/downward --search 'astar(merge_and_shrink(op_mutex=op_mutex(use_previous_ops=NaSUTPO, reachability_strategy=goal)))' --internal-plan-file sas_plan < output.sas
[t=3.3034e-05s, 22344 KB] reading input...
[t=0.000185849s, 22344 KB] done reading input!
[t=0.00159396s, 22600 KB] Initializing merge-and-shrink heuristic...
[t=0.00166089s, 22600 KB] Running merge-and-shrink algorithm...
[t=0.00168063s, 22600 KB] Merge strategy options:
[t=0.00170077s, 22600 KB] Type: stateless
[t=0.00172062s, 22600 KB] Merge selector options:
[t=0.001739s, 22600 KB] Name: score based filtering
[t=0.00175795s, 22600 KB] Merge scoring function:
[t=0.0017762s, 22600 KB] Name: goal relevance
[t=0.00179437s, 22600 KB] Merge scoring function:
[t=0.00181219s, 22600 KB] Name: dfp
[t=0.00183s, 22600 KB] Merge scoring function:
[t=0.00184783s, 22600 KB] Name: total order
[t=0.00186605s, 22600 KB] Atomic transition system order: reverse level
[t=0.00188463s, 22600 KB] Product transition system order: new to old
[t=0.00190278s, 22600 KB] Consider atomic before product transition systems
[t=0.00192099s, 22600 KB] Random seed: -1

[t=0.00194186s, 22600 KB] Options related to size limits and shrinking: 
[t=0.00196114s, 22600 KB] Transition system size limit: 50000
[t=0.00197947s, 22600 KB] Transition system size limit right before merge: 50000
[t=0.001998s, 22600 KB] Threshold to trigger shrinking right before merge: 1

[t=0.00201896s, 22600 KB] Pruning unreachable states: yes
[t=0.00203859s, 22600 KB] Pruning irrelevant states: yes

[t=0.00206891s, 22600 KB] Label reduction disabled

[t=0.00209038s, 22600 KB] Main loop max time in seconds: inf

[t=0.00211325s, 22600 KB] ===============================================================================
[t=0.00214279s, 22600 KB] WARNING! You did not enable label reduction.
This may drastically reduce the performance of merge-and-shrink!
[t=0.00216207s, 22600 KB] ===============================================================================

[t=0.00218404s, 22600 KB] Building atomic transition systems... 
[t=0.00224068s, 22600 KB] M&S algorithm timer: 0.000605522s (after computation of atomic factors)

[t=0.0022755s, 22600 KB] Starting main loop without a time limit.
[t=0.00230445s, 22600 KB] Next pair of indices: (0, 4)
[t=0.00232624s, 22600 KB] M&S algorithm main loop timer: 6.8467e-05s (after computation of next merge)
[t=0.00236158s, 22600 KB] M&S algorithm main loop timer: 0.000106518s (after merging)

[t=0.00238875s, 22600 KB] Operator mutex starting iteration 0


[t=0.00243131s, 22600 KB] In ts_0_1 of size 2 found num new op-mutexes 1


[t=0.00247172s, 22600 KB] In ts_0_2 of size 2 found num new op-mutexes 0


[t=0.00250728s, 22600 KB] In ts_0_3 of size 2 found num new op-mutexes 0


[t=0.00254782s, 22600 KB] In ts_0_5 of size 4 found num new op-mutexes 0
[t=0.00257014s, 22600 KB] Operator mutex finished iteration 0. Found an additional 1 operator mutexes

[t=0.00259699s, 22600 KB] Next pair of indices: (1, 5)
[t=0.00261907s, 22600 KB] M&S algorithm main loop timer: 0.000361227s (after computation of next merge)
[t=0.00265192s, 22600 KB] M&S algorithm main loop timer: 0.000396281s (after merging)

[t=0.00267916s, 22600 KB] Operator mutex starting iteration 1


[t=0.00271453s, 22600 KB] In ts_1_2 of size 2 found num new op-mutexes 0


[t=0.00274798s, 22600 KB] In ts_1_3 of size 2 found num new op-mutexes 0


[t=0.00279669s, 22600 KB] In ts_1_6 of size 8 found num new op-mutexes 1
[t=0.00282256s, 22600 KB] Operator mutex finished iteration 1. Found an additional 1 operator mutexes

[t=0.00284907s, 22600 KB] Next pair of indices: (2, 6)
[t=0.00286967s, 22600 KB] M&S algorithm main loop timer: 0.000611817s (after computation of next merge)
[t=0.00290648s, 22600 KB] M&S algorithm main loop timer: 0.000650972s (after merging)
[t=0.00293745s, 22600 KB] M&S algorithm main loop timer: 0.00068999s (after pruning)

[t=0.00297121s, 22600 KB] Operator mutex starting iteration 2


[t=0.00300559s, 22600 KB] In ts_2_3 of size 2 found num new op-mutexes 0


[t=0.00306342s, 22600 KB] In ts_2_7 of size 12 found num new op-mutexes 1
[t=0.00308739s, 22600 KB] Operator mutex finished iteration 2. Found an additional 1 operator mutexes

[t=0.00311142s, 22600 KB] Next pair of indices: (3, 7)
[t=0.00313155s, 22600 KB] M&S algorithm main loop timer: 0.000873752s (after computation of next merge)
[t=0.00316921s, 22600 KB] M&S algorithm main loop timer: 0.000922005s (after merging)
[t=0.00320524s, 22600 KB] M&S algorithm main loop timer: 0.000949545s (after pruning)

[t=0.0032309s, 22600 KB] Operator mutex starting iteration 3


[t=0.00327599s, 22600 KB] In ts_3_8 of size 8 found num new op-mutexes 0
[t=0.00329869s, 22600 KB] Operator mutex finished iteration 3. Found an additional 0 operator mutexes

[t=0.00332084s, 22600 KB] End of merge-and-shrink algorithm, statistics:
[t=0.00333995s, 22600 KB] Main loop runtime: 0.00108155s
[t=0.00335999s, 22600 KB] Maximum intermediate abstraction size: 24
[t=0.00338023s, 22600 KB] Final peak memory increase of merge-and-shrink algorithm: 0 KB
[t=0.00341716s, 22600 KB] Merge-and-shrink algorithm runtime: 0.00177411s

[t=0.00344009s, 22600 KB] Number of labels: 5
[t=0.00345837s, 22600 KB] Total number of operator mutexes: 3
[t=0.00347685s, 22600 KB] Operator Mutex total time: 0.000598759s
[t=0.00349691s, 22600 KB] Number of remaining factors: 1
[t=0.00351695s, 22600 KB] Number of factors kept: 1
[t=0.00353582s, 22600 KB] Done initializing merge-and-shrink heuristic.

[t=0.00361473s, 22600 KB] Building successor generator...done!
[t=0.00368758s, 22600 KB] peak memory difference for successor generator creation: 0 KB
[t=0.0037139s, 22600 KB] time for successor generation creation: 1.0452e-05s
[t=0.00373659s, 22600 KB] Variables: 5
[t=0.00375568s, 22600 KB] FactPairs: 10
[t=0.00377412s, 22600 KB] Bytes per state: 4
[t=0.00385031s, 22600 KB] Conducting best first search with reopening closed nodes, (real) bound = 2147483647
[t=0.00392408s, 22600 KB] New best heuristic value for merge_and_shrink(op_mutex = op_mutex(use_previous_ops = nasutpo, reachability_strategy = goal)): 5
[t=0.00395343s, 22600 KB] g=0, 1 evaluated, 0 expanded
[t=0.00397584s, 22600 KB] f = 5, 1 evaluated, 0 expanded
[t=0.00399999s, 22600 KB] Initial heuristic value for merge_and_shrink(op_mutex = op_mutex(use_previous_ops = nasutpo, reachability_strategy = goal)): 5
[t=0.00402086s, 22600 KB] pruning method: none
[t=0.00404969s, 22600 KB] New best heuristic value for merge_and_shrink(op_mutex = op_mutex(use_previous_ops = nasutpo, reachability_strategy = goal)): 4
[t=0.00407184s, 22600 KB] g=1, 2 evaluated, 1 expanded
[t=0.004097s, 22600 KB] New best heuristic value for merge_and_shrink(op_mutex = op_mutex(use_previous_ops = nasutpo, reachability_strategy = goal)): 3
[t=0.00411838s, 22600 KB] g=2, 3 evaluated, 2 expanded
[t=0.00414374s, 22600 KB] New best heuristic value for merge_and_shrink(op_mutex = op_mutex(use_previous_ops = nasutpo, reachability_strategy = goal)): 2
[t=0.00416399s, 22600 KB] g=3, 5 evaluated, 3 expanded
[t=0.00418683s, 22600 KB] New best heuristic value for merge_and_shrink(op_mutex = op_mutex(use_previous_ops = nasutpo, reachability_strategy = goal)): 1
[t=0.00420704s, 22600 KB] g=4, 6 evaluated, 4 expanded
[t=0.00423019s, 22600 KB] New best heuristic value for merge_and_shrink(op_mutex = op_mutex(use_previous_ops = nasutpo, reachability_strategy = goal)): 0
[t=0.0042507s, 22600 KB] g=5, 7 evaluated, 5 expanded
[t=0.00427154s, 22600 KB] Solution found!
[t=0.00429228s, 22600 KB] Actual search time: 0.000268309s
drive truck1 depot1 market1 (1)
buy truck1 goods1 market1 level0 level1 level0 level1 (1)
load goods1 truck1 market1 level0 level1 level0 level1 (1)
drive truck1 market1 depot1 (1)
unload goods1 truck1 depot1 level0 level1 level0 level1 (1)
[t=0.00431361s, 22600 KB] Plan length: 5 step(s).
[t=0.00431361s, 22600 KB] Plan cost: 5
[t=0.00431361s, 22600 KB] Expanded 6 state(s).
[t=0.00431361s, 22600 KB] Reopened 0 state(s).
[t=0.00431361s, 22600 KB] Evaluated 7 state(s).
[t=0.00431361s, 22600 KB] Evaluations: 7
[t=0.00431361s, 22600 KB] Generated 8 state(s).
[t=0.00431361s, 22600 KB] Dead ends: 0 state(s).
[t=0.00431361s, 22600 KB] Expanded until last jump: 0 state(s).
[t=0.00431361s, 22600 KB] Reopened until last jump: 0 state(s).
[t=0.00431361s, 22600 KB] Evaluated until last jump: 1 state(s).
[t=0.00431361s, 22600 KB] Generated until last jump: 0 state(s).
[t=0.00431361s, 22600 KB] Number of registered states: 7
[t=0.00431361s, 22600 KB] Int hash set load factor: 7/8 = 0.875
[t=0.00431361s, 22600 KB] Int hash set resizes: 3
[t=0.00431361s, 22600 KB] Search time: 0.000464179s
[t=0.00431361s, 22600 KB] Total time: 0.00431361s
Solution found.
Peak memory: 22600 KB
Remove intermediate file output.sas
search exit code: 0

INFO     Running validate.
INFO     validate stdin: None
INFO     validate time limit: None
INFO     validate memory limit: None
INFO     validate command line string: validate domain.pddl problem.pddl sas_plan
Checking plan: sas_plan
Plan executed successfully - checking goal
Plan valid
Final value: 5 

Successful plans:
Value: 5
 sas_plan 5 

validate exit code: 0

