INFO     Running translator.
INFO     translator stdin: None
INFO     translator time limit: 599.97s
INFO     translator memory limit: 7000 MB
INFO     translator command line string: /usr/bin/python3 /user/student.aau.dk/lkar18/downward-projects/downward/experiments/nopo_vs_nasutpo_195p/data/nopo_vs_nasutpo/code-94571df14dfaf5b06207d9589b12facdd93f580c_e5e41175/builds/release/bin/translate/translate.py domain.pddl problem.pddl --sas-file output.sas
Parsing...
Parsing: [0.010s CPU, 0.003s wall-clock]
Normalizing task... [0.000s CPU, 0.000s wall-clock]
Instantiating...
Generating Datalog program... [0.000s CPU, 0.001s wall-clock]
Normalizing Datalog program...
Normalizing Datalog program: [0.000s CPU, 0.002s wall-clock]
Preparing model... [0.000s CPU, 0.002s wall-clock]
Generated 46 rules.
Computing model... [0.060s CPU, 0.062s wall-clock]
5240 relevant atoms
2298 auxiliary atoms
7538 final queue length
15595 total queue pushes
Completing instantiation... [0.170s CPU, 0.168s wall-clock]
Instantiating: [0.230s CPU, 0.238s wall-clock]
Computing fact groups...
Finding invariants...
12 initial candidates
Finding invariants: [0.010s CPU, 0.003s wall-clock]
Checking invariant weight... [0.000s CPU, 0.000s wall-clock]
Instantiating groups... [0.000s CPU, 0.001s wall-clock]
Collecting mutex groups... [0.000s CPU, 0.000s wall-clock]
Choosing groups...
1 uncovered facts
Choosing groups: [0.000s CPU, 0.001s wall-clock]
Building translation key... [0.000s CPU, 0.001s wall-clock]
Computing fact groups: [0.010s CPU, 0.008s wall-clock]
Building STRIPS to SAS dictionary... [0.000s CPU, 0.000s wall-clock]
Building dictionary for full mutex groups... [0.000s CPU, 0.000s wall-clock]
Building mutex information...
Building mutex information: [0.000s CPU, 0.000s wall-clock]
Translating task...
Processing axioms...
Simplifying axioms... [0.000s CPU, 0.000s wall-clock]
Translator axioms removed by simplifying: 0
Computing negative axioms... [0.000s CPU, 0.000s wall-clock]
Processing axioms: [0.010s CPU, 0.009s wall-clock]
Translating task: [0.170s CPU, 0.171s wall-clock]
360 effect conditions simplified
0 implied preconditions added
Detecting unreachable propositions...
0 operators removed
0 axioms removed
103 propositions removed
Detecting unreachable propositions: [0.070s CPU, 0.074s wall-clock]
Reordering and filtering variables...
20 of 20 variables necessary.
1 of 20 mutex groups necessary.
4140 of 4140 operators necessary.
0 of 0 axiom rules necessary.
Reordering and filtering variables: [0.020s CPU, 0.021s wall-clock]
Translator variables: 20
Translator derived variables: 0
Translator facts: 424
Translator goal facts: 3
Translator mutex groups: 1
Translator total mutex groups size: 11
Translator operators: 4140
Translator axioms: 0
Translator task size: 24548
Translator peak memory: 58832 KB
Writing output... [0.040s CPU, 0.045s wall-clock]
Done! [0.570s CPU, 0.571s wall-clock]
translate exit code: 0

INFO     Running search (release).
INFO     search stdin: output.sas
INFO     search time limit: 599.35s
INFO     search memory limit: 7000 MB
INFO     search command line string: /user/student.aau.dk/lkar18/downward-projects/downward/experiments/nopo_vs_nasutpo_195p/data/nopo_vs_nasutpo/code-94571df14dfaf5b06207d9589b12facdd93f580c_e5e41175/builds/release/bin/downward --search 'astar(merge_and_shrink(op_mutex=op_mutex(use_previous_ops=NaSUTPO, reachability_strategy=goal), merge_strategy=merge_sccs(order_of_sccs=topological, merge_tree=linear()), shrink_strategy=shrink_fh()))' --internal-plan-file sas_plan < output.sas
[t=3.9923e-05s, 22344 KB] reading input...
[t=0.014745s, 23520 KB] done reading input!
[t=0.0162779s, 23784 KB] Initializing merge-and-shrink heuristic...
[t=0.0163593s, 23784 KB] Running merge-and-shrink algorithm...
[t=0.0163791s, 23784 KB] Merge strategy options:
[t=0.0164006s, 23784 KB] Type: sccs
[t=0.0164216s, 23784 KB] Merge order of sccs: topological
[t=0.016442s, 23784 KB] Merge strategy for merging within sccs: 
[t=0.0164623s, 23784 KB] Merge tree options: 
[t=0.0164826s, 23784 KB] Type: linear
[t=0.0165029s, 23784 KB] Update option: use random
[t=0.0165233s, 23784 KB] Variable order type: CG/GOAL, tie breaking on level (main)

[t=0.0165458s, 23784 KB] Options related to size limits and shrinking: 
[t=0.0165664s, 23784 KB] Transition system size limit: 50000
[t=0.016586s, 23784 KB] Transition system size limit right before merge: 50000
[t=0.0166058s, 23784 KB] Threshold to trigger shrinking right before merge: 1

[t=0.0166279s, 23784 KB] Pruning unreachable states: yes
[t=0.0166481s, 23784 KB] Pruning irrelevant states: yes

[t=0.0166698s, 23784 KB] Label reduction disabled

[t=0.0166927s, 23784 KB] Main loop max time in seconds: inf

[t=0.016718s, 23784 KB] ===============================================================================
[t=0.016738s, 23784 KB] WARNING! You did not enable label reduction.
This may drastically reduce the performance of merge-and-shrink!
[t=0.0167735s, 23784 KB] ===============================================================================

[t=0.0168045s, 23784 KB] Building atomic transition systems... 
[t=0.0275814s, 39200 KB] M&S algorithm timer: 0.011293s (after computation of atomic factors)

[t=0.0277029s, 39200 KB] Starting main loop without a time limit.
[t=0.0277438s, 39200 KB] building causal graph...done! [t=0.00188694s]
[t=0.0296601s, 39200 KB] SCCs of the causal graph:
[t=0.0297058s, 39200 KB] [0, 5, 1, 2, 3, 4, 6, 7, 8, 9, 10, 11, 12, 13, 14, 15, 16, 17, 18, 19]
[t=0.0297312s, 39200 KB] Only one single SCC
[t=0.0297782s, 39200 KB] Next pair of indices: (19, 18)
[t=0.0298038s, 39200 KB] M&S algorithm main loop timer: 0.00212122s (after computation of next merge)
[t=0.0308488s, 39460 KB] M&S algorithm main loop timer: 0.00319232s (after merging)

[t=0.0309763s, 39460 KB] Operator mutex starting iteration 0


[t=0.0319668s, 39644 KB] In ts_0_0 of size 2 found num new op-mutexes 36


[t=0.032765s, 39644 KB] In ts_0_1 of size 2 found num new op-mutexes 36


[t=0.0336888s, 39644 KB] In ts_0_2 of size 2 found num new op-mutexes 64


[t=0.0345268s, 39644 KB] In ts_0_3 of size 2 found num new op-mutexes 64


[t=0.0353186s, 39644 KB] In ts_0_4 of size 2 found num new op-mutexes 64


[t=0.0491345s, 39644 KB] In ts_0_5 of size 36 found num new op-mutexes 0


[t=0.0500548s, 39644 KB] In ts_0_6 of size 2 found num new op-mutexes 64


[t=0.0509015s, 39784 KB] In ts_0_7 of size 2 found num new op-mutexes 64


[t=0.0517505s, 39784 KB] In ts_0_8 of size 2 found num new op-mutexes 64


[t=0.058589s, 39784 KB] In ts_0_9 of size 37 found num new op-mutexes 0


[t=0.0654943s, 39784 KB] In ts_0_10 of size 37 found num new op-mutexes 0


[t=0.0726484s, 39784 KB] In ts_0_11 of size 37 found num new op-mutexes 0


[t=0.0797815s, 39784 KB] In ts_0_12 of size 37 found num new op-mutexes 0


[t=0.0867004s, 39784 KB] In ts_0_13 of size 37 found num new op-mutexes 0


[t=0.0936078s, 39784 KB] In ts_0_14 of size 37 found num new op-mutexes 0


[t=0.100515s, 39784 KB] In ts_0_15 of size 37 found num new op-mutexes 0


[t=0.101408s, 39784 KB] In ts_0_16 of size 2 found num new op-mutexes 0


[t=0.108255s, 39784 KB] In ts_0_17 of size 37 found num new op-mutexes 0


[t=0.13063s, 40068 KB] In ts_0_20 of size 1369 found num new op-mutexes 0
[t=0.130794s, 40068 KB] Operator mutex finished iteration 0. Found an additional 456 operator mutexes

[t=0.13083s, 40068 KB] Next pair of indices: (20, 17)
[t=0.130854s, 40068 KB] M&S algorithm main loop timer: 0.103171s (after computation of next merge)
[t=0.131185s, 40068 KB] M&S algorithm main loop timer: 0.10352s (after shrinking)
[t=0.161109s, 44648 KB] M&S algorithm main loop timer: 0.133495s (after merging)

[t=0.163882s, 44648 KB] Operator mutex starting iteration 1


[t=0.164682s, 44648 KB] In ts_1_0 of size 2 found num new op-mutexes 0


[t=0.165508s, 44648 KB] In ts_1_1 of size 2 found num new op-mutexes 0


[t=0.166319s, 44648 KB] In ts_1_2 of size 2 found num new op-mutexes 0


[t=0.167117s, 44648 KB] In ts_1_3 of size 2 found num new op-mutexes 0


[t=0.167938s, 44648 KB] In ts_1_4 of size 2 found num new op-mutexes 0


[t=0.182341s, 44648 KB] In ts_1_5 of size 36 found num new op-mutexes 0


[t=0.183299s, 44648 KB] In ts_1_6 of size 2 found num new op-mutexes 0


[t=0.184153s, 44648 KB] In ts_1_7 of size 2 found num new op-mutexes 0


[t=0.184991s, 44648 KB] In ts_1_8 of size 2 found num new op-mutexes 0


[t=0.191845s, 44648 KB] In ts_1_9 of size 37 found num new op-mutexes 0


[t=0.198848s, 44648 KB] In ts_1_10 of size 37 found num new op-mutexes 0


[t=0.206065s, 44648 KB] In ts_1_11 of size 37 found num new op-mutexes 0


[t=0.213773s, 44648 KB] In ts_1_12 of size 37 found num new op-mutexes 0


[t=0.220746s, 44648 KB] In ts_1_13 of size 37 found num new op-mutexes 0


[t=0.227746s, 44648 KB] In ts_1_14 of size 37 found num new op-mutexes 0


[t=0.234753s, 44648 KB] In ts_1_15 of size 37 found num new op-mutexes 0


[t=0.235693s, 44648 KB] In ts_1_16 of size 2 found num new op-mutexes 0
[t=0.236676s, 44648 KB] Operator mutex finished iteration 1. Found an additional 0 operator mutexes

[t=0.236727s, 44648 KB] Next pair of indices: (21, 16)
[t=0.236752s, 44648 KB] M&S algorithm main loop timer: 0.209069s (after computation of next merge)
[t=0.262483s, 44648 KB] M&S algorithm main loop timer: 0.234853s (after shrinking)
[t=0.38461s, 57176 KB] M&S algorithm main loop timer: 0.356967s (after merging)

[t=0.387617s, 57176 KB] Operator mutex starting iteration 2


[t=0.388427s, 57176 KB] In ts_2_0 of size 2 found num new op-mutexes 0


[t=0.389224s, 57176 KB] In ts_2_1 of size 2 found num new op-mutexes 0


[t=0.390019s, 57176 KB] In ts_2_2 of size 2 found num new op-mutexes 0


[t=0.390794s, 57176 KB] In ts_2_3 of size 2 found num new op-mutexes 0


[t=0.391599s, 57176 KB] In ts_2_4 of size 2 found num new op-mutexes 0


[t=0.406633s, 57176 KB] In ts_2_5 of size 36 found num new op-mutexes 0


[t=0.407998s, 57176 KB] In ts_2_6 of size 2 found num new op-mutexes 0


[t=0.409481s, 57176 KB] In ts_2_7 of size 2 found num new op-mutexes 0


[t=0.410365s, 57176 KB] In ts_2_8 of size 2 found num new op-mutexes 0


[t=0.417789s, 57176 KB] In ts_2_9 of size 37 found num new op-mutexes 0


[t=0.424803s, 57176 KB] In ts_2_10 of size 37 found num new op-mutexes 0


[t=0.431926s, 57176 KB] In ts_2_11 of size 37 found num new op-mutexes 0


[t=0.439038s, 57176 KB] In ts_2_12 of size 37 found num new op-mutexes 0


[t=0.445951s, 57176 KB] In ts_2_13 of size 37 found num new op-mutexes 0


[t=0.452846s, 57176 KB] In ts_2_14 of size 37 found num new op-mutexes 0


[t=0.459783s, 57176 KB] In ts_2_15 of size 37 found num new op-mutexes 0
[t=0.462578s, 57464 KB] Operator mutex finished iteration 2. Found an additional 0 operator mutexes

[t=0.462656s, 57464 KB] Next pair of indices: (22, 15)
[t=0.462686s, 57464 KB] M&S algorithm main loop timer: 0.435006s (after computation of next merge)
[t=0.496127s, 57464 KB] M&S algorithm main loop timer: 0.468755s (after shrinking)
[t=0.850702s, 97000 KB] M&S algorithm main loop timer: 0.823067s (after merging)

[t=0.85376s, 97000 KB] Operator mutex starting iteration 3


[t=0.854558s, 97000 KB] In ts_3_0 of size 2 found num new op-mutexes 0


[t=0.85536s, 97000 KB] In ts_3_1 of size 2 found num new op-mutexes 0


[t=0.856162s, 97000 KB] In ts_3_2 of size 2 found num new op-mutexes 0


[t=0.856955s, 97000 KB] In ts_3_3 of size 2 found num new op-mutexes 0


[t=0.857752s, 97000 KB] In ts_3_4 of size 2 found num new op-mutexes 0


[t=0.871525s, 97000 KB] In ts_3_5 of size 36 found num new op-mutexes 0


[t=0.872413s, 97000 KB] In ts_3_6 of size 2 found num new op-mutexes 0


[t=0.873245s, 97000 KB] In ts_3_7 of size 2 found num new op-mutexes 0


[t=0.874055s, 97000 KB] In ts_3_8 of size 2 found num new op-mutexes 0


[t=0.881873s, 97000 KB] In ts_3_9 of size 37 found num new op-mutexes 0


[t=0.888742s, 97000 KB] In ts_3_10 of size 37 found num new op-mutexes 0


[t=0.895832s, 97000 KB] In ts_3_11 of size 37 found num new op-mutexes 0


[t=0.902906s, 97000 KB] In ts_3_12 of size 37 found num new op-mutexes 0


[t=0.909706s, 97000 KB] In ts_3_13 of size 37 found num new op-mutexes 0


[t=0.916541s, 97000 KB] In ts_3_14 of size 37 found num new op-mutexes 0
[t=0.927279s, 102716 KB] Operator mutex finished iteration 3. Found an additional 0 operator mutexes

[t=0.92734s, 102716 KB] Next pair of indices: (23, 14)
[t=0.927366s, 102716 KB] M&S algorithm main loop timer: 0.899684s (after computation of next merge)
[t=1.06464s, 102716 KB] M&S algorithm main loop timer: 1.03726s (after shrinking)
[t=1.51036s, 109436 KB] M&S algorithm main loop timer: 1.48273s (after merging)

[t=1.5133s, 109436 KB] Operator mutex starting iteration 4


[t=1.51409s, 109436 KB] In ts_4_0 of size 2 found num new op-mutexes 0


[t=1.51492s, 109436 KB] In ts_4_1 of size 2 found num new op-mutexes 0


[t=1.51573s, 109436 KB] In ts_4_2 of size 2 found num new op-mutexes 0


[t=1.51653s, 109436 KB] In ts_4_3 of size 2 found num new op-mutexes 0


[t=1.51734s, 109436 KB] In ts_4_4 of size 2 found num new op-mutexes 0


[t=1.53108s, 109436 KB] In ts_4_5 of size 36 found num new op-mutexes 0


[t=1.53199s, 109436 KB] In ts_4_6 of size 2 found num new op-mutexes 0


[t=1.53282s, 109436 KB] In ts_4_7 of size 2 found num new op-mutexes 0


[t=1.53363s, 109436 KB] In ts_4_8 of size 2 found num new op-mutexes 0


[t=1.54047s, 109436 KB] In ts_4_9 of size 37 found num new op-mutexes 0


[t=1.54736s, 109436 KB] In ts_4_10 of size 37 found num new op-mutexes 0


[t=1.55445s, 109436 KB] In ts_4_11 of size 37 found num new op-mutexes 0


[t=1.56154s, 109436 KB] In ts_4_12 of size 37 found num new op-mutexes 0


[t=1.56833s, 109436 KB] In ts_4_13 of size 37 found num new op-mutexes 0
[t=1.584s, 118036 KB] Operator mutex finished iteration 4. Found an additional 0 operator mutexes

[t=1.58408s, 118036 KB] Next pair of indices: (24, 13)
[t=1.58411s, 118036 KB] M&S algorithm main loop timer: 1.55643s (after computation of next merge)
[t=1.75914s, 118036 KB] M&S algorithm main loop timer: 1.73178s (after shrinking)
[t=2.37085s, 138236 KB] M&S algorithm main loop timer: 2.34322s (after merging)

[t=2.37385s, 138236 KB] Operator mutex starting iteration 5


[t=2.37464s, 138236 KB] In ts_5_0 of size 2 found num new op-mutexes 0


[t=2.37545s, 138236 KB] In ts_5_1 of size 2 found num new op-mutexes 0


[t=2.37627s, 138236 KB] In ts_5_2 of size 2 found num new op-mutexes 0


[t=2.37709s, 138236 KB] In ts_5_3 of size 2 found num new op-mutexes 0


[t=2.3779s, 138236 KB] In ts_5_4 of size 2 found num new op-mutexes 0


[t=2.39178s, 138236 KB] In ts_5_5 of size 36 found num new op-mutexes 0


[t=2.39267s, 138236 KB] In ts_5_6 of size 2 found num new op-mutexes 0


[t=2.39349s, 138236 KB] In ts_5_7 of size 2 found num new op-mutexes 0


[t=2.3943s, 138236 KB] In ts_5_8 of size 2 found num new op-mutexes 0


[t=2.40115s, 138236 KB] In ts_5_9 of size 37 found num new op-mutexes 0


[t=2.40796s, 138236 KB] In ts_5_10 of size 37 found num new op-mutexes 0


[t=2.41508s, 138236 KB] In ts_5_11 of size 37 found num new op-mutexes 0


[t=2.42226s, 138236 KB] In ts_5_12 of size 37 found num new op-mutexes 0
[t=2.43988s, 148248 KB] Operator mutex finished iteration 5. Found an additional 0 operator mutexes

[t=2.43995s, 148248 KB] Next pair of indices: (25, 12)
[t=2.43998s, 148248 KB] M&S algorithm main loop timer: 2.41232s (after computation of next merge)
[t=2.68967s, 148248 KB] M&S algorithm main loop timer: 2.66235s (after shrinking)
[t=3.51238s, 169308 KB] M&S algorithm main loop timer: 3.4848s (after merging)

[t=3.51559s, 169308 KB] Operator mutex starting iteration 6


[t=3.51642s, 169308 KB] In ts_6_0 of size 2 found num new op-mutexes 0


[t=3.51751s, 169308 KB] In ts_6_1 of size 2 found num new op-mutexes 0


[t=3.5188s, 169308 KB] In ts_6_2 of size 2 found num new op-mutexes 0


[t=3.51965s, 169308 KB] In ts_6_3 of size 2 found num new op-mutexes 0


[t=3.52047s, 169308 KB] In ts_6_4 of size 2 found num new op-mutexes 0


[t=3.53438s, 169308 KB] In ts_6_5 of size 36 found num new op-mutexes 0


[t=3.53525s, 169308 KB] In ts_6_6 of size 2 found num new op-mutexes 0


[t=3.53608s, 169308 KB] In ts_6_7 of size 2 found num new op-mutexes 0


[t=3.53688s, 169308 KB] In ts_6_8 of size 2 found num new op-mutexes 0


[t=3.54375s, 169308 KB] In ts_6_9 of size 37 found num new op-mutexes 0


[t=3.55058s, 169308 KB] In ts_6_10 of size 37 found num new op-mutexes 0


[t=3.55763s, 169308 KB] In ts_6_11 of size 37 found num new op-mutexes 0
[t=3.58244s, 183352 KB] Operator mutex finished iteration 6. Found an additional 0 operator mutexes

[t=3.58253s, 183352 KB] Next pair of indices: (26, 11)
[t=3.58256s, 183352 KB] M&S algorithm main loop timer: 3.55488s (after computation of next merge)
[t=3.89523s, 183352 KB] M&S algorithm main loop timer: 3.86788s (after shrinking)
[t=4.76328s, 187208 KB] M&S algorithm main loop timer: 4.73566s (after merging)

[t=4.76637s, 187208 KB] Operator mutex starting iteration 7


[t=4.76719s, 187208 KB] In ts_7_0 of size 2 found num new op-mutexes 0


[t=4.76803s, 187208 KB] In ts_7_1 of size 2 found num new op-mutexes 0


[t=4.76887s, 187208 KB] In ts_7_2 of size 2 found num new op-mutexes 0


[t=4.76971s, 187208 KB] In ts_7_3 of size 2 found num new op-mutexes 0


[t=4.77055s, 187208 KB] In ts_7_4 of size 2 found num new op-mutexes 0


[t=4.7843s, 187208 KB] In ts_7_5 of size 36 found num new op-mutexes 0


[t=4.78521s, 187208 KB] In ts_7_6 of size 2 found num new op-mutexes 0


[t=4.78604s, 187208 KB] In ts_7_7 of size 2 found num new op-mutexes 0


[t=4.78688s, 187208 KB] In ts_7_8 of size 2 found num new op-mutexes 0


[t=4.79369s, 187208 KB] In ts_7_9 of size 37 found num new op-mutexes 0


[t=4.80055s, 187208 KB] In ts_7_10 of size 37 found num new op-mutexes 0
[t=4.82128s, 191696 KB] Operator mutex finished iteration 7. Found an additional 0 operator mutexes

[t=4.82139s, 191696 KB] Next pair of indices: (27, 10)
[t=4.82142s, 191696 KB] M&S algorithm main loop timer: 4.79374s (after computation of next merge)
[t=5.1749s, 191696 KB] M&S algorithm main loop timer: 5.14756s (after shrinking)
[t=6.25993s, 207768 KB] M&S algorithm main loop timer: 6.23232s (after merging)

[t=6.263s, 207768 KB] Operator mutex starting iteration 8


[t=6.26382s, 207768 KB] In ts_8_0 of size 2 found num new op-mutexes 0


[t=6.26468s, 207768 KB] In ts_8_1 of size 2 found num new op-mutexes 0


[t=6.26552s, 207768 KB] In ts_8_2 of size 2 found num new op-mutexes 0


[t=6.26637s, 207768 KB] In ts_8_3 of size 2 found num new op-mutexes 0


[t=6.26723s, 207768 KB] In ts_8_4 of size 2 found num new op-mutexes 0


[t=6.281s, 207768 KB] In ts_8_5 of size 36 found num new op-mutexes 0


[t=6.28191s, 207768 KB] In ts_8_6 of size 2 found num new op-mutexes 0


[t=6.28276s, 207768 KB] In ts_8_7 of size 2 found num new op-mutexes 0


[t=6.28359s, 207768 KB] In ts_8_8 of size 2 found num new op-mutexes 0


[t=6.29045s, 207768 KB] In ts_8_9 of size 37 found num new op-mutexes 0
[t=6.31944s, 224136 KB] Operator mutex finished iteration 8. Found an additional 0 operator mutexes

[t=6.31955s, 224136 KB] Next pair of indices: (28, 9)
[t=6.31958s, 224136 KB] M&S algorithm main loop timer: 6.2919s (after computation of next merge)
[t=6.75688s, 224136 KB] M&S algorithm main loop timer: 6.72955s (after shrinking)
[t=7.42067s, 224136 KB] M&S algorithm main loop timer: 7.39305s (after merging)
[t=7.66358s, 224136 KB] M&S algorithm main loop timer: 7.63595s (after pruning)

[t=7.66367s, 224136 KB] Operator mutex starting iteration 9


[t=7.6645s, 224136 KB] In ts_9_0 of size 2 found num new op-mutexes 0


[t=7.66539s, 224136 KB] In ts_9_1 of size 2 found num new op-mutexes 0


[t=7.66628s, 224136 KB] In ts_9_2 of size 2 found num new op-mutexes 0


[t=7.66716s, 224136 KB] In ts_9_3 of size 2 found num new op-mutexes 0


[t=7.66804s, 224136 KB] In ts_9_4 of size 2 found num new op-mutexes 0


[t=7.68187s, 224136 KB] In ts_9_5 of size 36 found num new op-mutexes 0


[t=7.68284s, 224136 KB] In ts_9_6 of size 2 found num new op-mutexes 0


[t=7.68372s, 224136 KB] In ts_9_7 of size 2 found num new op-mutexes 0


[t=7.68459s, 224136 KB] In ts_9_8 of size 2 found num new op-mutexes 0
[t=7.69988s, 224136 KB] Operator mutex finished iteration 9. Found an additional 0 operator mutexes

[t=7.69997s, 224136 KB] Next pair of indices: (29, 5)
[t=7.7s, 224136 KB] M&S algorithm main loop timer: 7.67232s (after computation of next merge)
[t=7.97981s, 224136 KB] M&S algorithm main loop timer: 7.95243s (after shrinking)
[t=8.03241s, 224136 KB] M&S algorithm main loop timer: 8.0048s (after merging)

[t=8.03542s, 224136 KB] Operator mutex starting iteration 10


[t=8.03631s, 224136 KB] In ts_10_0 of size 2 found num new op-mutexes 0


[t=8.03724s, 224136 KB] In ts_10_1 of size 2 found num new op-mutexes 0


[t=8.03817s, 224136 KB] In ts_10_2 of size 2 found num new op-mutexes 0


[t=8.03912s, 224136 KB] In ts_10_3 of size 2 found num new op-mutexes 0


[t=8.04003s, 224136 KB] In ts_10_4 of size 2 found num new op-mutexes 0


[t=8.04095s, 224136 KB] In ts_10_6 of size 2 found num new op-mutexes 0


[t=8.04187s, 224136 KB] In ts_10_7 of size 2 found num new op-mutexes 0


[t=8.0428s, 224136 KB] In ts_10_8 of size 2 found num new op-mutexes 0
[t=8.04483s, 224136 KB] Operator mutex finished iteration 10. Found an additional 0 operator mutexes

[t=8.04493s, 224136 KB] Next pair of indices: (30, 8)
[t=8.04496s, 224136 KB] M&S algorithm main loop timer: 8.01728s (after computation of next merge)
[t=8.09167s, 224136 KB] M&S algorithm main loop timer: 8.06409s (after shrinking)
[t=8.15685s, 224136 KB] M&S algorithm main loop timer: 8.1292s (after merging)
[t=8.19647s, 224136 KB] M&S algorithm main loop timer: 8.16882s (after pruning)

[t=8.19653s, 224136 KB] Operator mutex starting iteration 11


[t=8.19742s, 224136 KB] In ts_11_0 of size 2 found num new op-mutexes 0


[t=8.19829s, 224136 KB] In ts_11_1 of size 2 found num new op-mutexes 0


[t=8.19914s, 224136 KB] In ts_11_2 of size 2 found num new op-mutexes 0


[t=8.19996s, 224136 KB] In ts_11_3 of size 2 found num new op-mutexes 0


[t=8.2008s, 224136 KB] In ts_11_4 of size 2 found num new op-mutexes 0


[t=8.20164s, 224136 KB] In ts_11_6 of size 2 found num new op-mutexes 0


[t=8.20246s, 224136 KB] In ts_11_7 of size 2 found num new op-mutexes 0
[t=8.20499s, 224136 KB] Operator mutex finished iteration 11. Found an additional 0 operator mutexes

[t=8.20503s, 224136 KB] Next pair of indices: (31, 7)
[t=8.20508s, 224136 KB] M&S algorithm main loop timer: 8.1774s (after computation of next merge)
[t=8.26005s, 224136 KB] M&S algorithm main loop timer: 8.23241s (after shrinking)
[t=8.35018s, 224136 KB] M&S algorithm main loop timer: 8.32256s (after merging)
[t=8.39879s, 224136 KB] M&S algorithm main loop timer: 8.37115s (after pruning)

[t=8.39886s, 224136 KB] Operator mutex starting iteration 12


[t=8.3998s, 224136 KB] In ts_12_0 of size 2 found num new op-mutexes 0


[t=8.40069s, 224136 KB] In ts_12_1 of size 2 found num new op-mutexes 0


[t=8.40157s, 224136 KB] In ts_12_2 of size 2 found num new op-mutexes 0


[t=8.40244s, 224136 KB] In ts_12_3 of size 2 found num new op-mutexes 0


[t=8.40332s, 224136 KB] In ts_12_4 of size 2 found num new op-mutexes 0


[t=8.40425s, 224136 KB] In ts_12_6 of size 2 found num new op-mutexes 0
[t=8.40771s, 224136 KB] Operator mutex finished iteration 12. Found an additional 0 operator mutexes

[t=8.40781s, 224136 KB] Next pair of indices: (32, 6)
[t=8.40783s, 224136 KB] M&S algorithm main loop timer: 8.38015s (after computation of next merge)
[t=8.47881s, 224136 KB] M&S algorithm main loop timer: 8.45117s (after shrinking)
[t=8.58732s, 224136 KB] M&S algorithm main loop timer: 8.5597s (after merging)

[t=8.59014s, 224136 KB] Operator mutex starting iteration 13


[t=8.59095s, 224136 KB] In ts_13_0 of size 2 found num new op-mutexes 0


[t=8.59177s, 224136 KB] In ts_13_1 of size 2 found num new op-mutexes 0


[t=8.59259s, 224136 KB] In ts_13_2 of size 2 found num new op-mutexes 0


[t=8.59345s, 224136 KB] In ts_13_3 of size 2 found num new op-mutexes 0


[t=8.59427s, 224136 KB] In ts_13_4 of size 2 found num new op-mutexes 0
[t=8.59793s, 224136 KB] Operator mutex finished iteration 13. Found an additional 0 operator mutexes

[t=8.59802s, 224136 KB] Next pair of indices: (33, 4)
[t=8.59805s, 224136 KB] M&S algorithm main loop timer: 8.57037s (after computation of next merge)
[t=8.68365s, 224136 KB] M&S algorithm main loop timer: 8.65601s (after shrinking)
[t=8.81215s, 224136 KB] M&S algorithm main loop timer: 8.78452s (after merging)
[t=8.87665s, 224136 KB] M&S algorithm main loop timer: 8.84901s (after pruning)

[t=8.87673s, 224136 KB] Operator mutex starting iteration 14


[t=8.8777s, 224136 KB] In ts_14_0 of size 2 found num new op-mutexes 0


[t=8.87858s, 224136 KB] In ts_14_1 of size 2 found num new op-mutexes 0


[t=8.87945s, 224136 KB] In ts_14_2 of size 2 found num new op-mutexes 0


[t=8.88033s, 224136 KB] In ts_14_3 of size 2 found num new op-mutexes 0
[t=8.88498s, 224136 KB] Operator mutex finished iteration 14. Found an additional 0 operator mutexes

[t=8.88503s, 224136 KB] Next pair of indices: (34, 3)
[t=8.88511s, 224136 KB] M&S algorithm main loop timer: 8.85743s (after computation of next merge)
[t=8.98054s, 224136 KB] M&S algorithm main loop timer: 8.95291s (after shrinking)
[t=9.11247s, 224136 KB] M&S algorithm main loop timer: 9.08485s (after merging)
[t=9.18237s, 224136 KB] M&S algorithm main loop timer: 9.15472s (after pruning)

[t=9.18244s, 224136 KB] Operator mutex starting iteration 15


[t=9.18341s, 224136 KB] In ts_15_0 of size 2 found num new op-mutexes 0


[t=9.18429s, 224136 KB] In ts_15_1 of size 2 found num new op-mutexes 0


[t=9.18515s, 224136 KB] In ts_15_2 of size 2 found num new op-mutexes 0
[t=9.18969s, 224136 KB] Operator mutex finished iteration 15. Found an additional 0 operator mutexes

[t=9.18975s, 224136 KB] Next pair of indices: (35, 2)
[t=9.1898s, 224136 KB] M&S algorithm main loop timer: 9.16212s (after computation of next merge)
[t=9.29456s, 224136 KB] M&S algorithm main loop timer: 9.26692s (after shrinking)
[t=9.44064s, 224136 KB] M&S algorithm main loop timer: 9.41299s (after merging)
[t=9.51739s, 224136 KB] M&S algorithm main loop timer: 9.48974s (after pruning)

[t=9.51745s, 224136 KB] Operator mutex starting iteration 16


[t=9.51838s, 224136 KB] In ts_16_0 of size 2 found num new op-mutexes 0


[t=9.51924s, 224136 KB] In ts_16_1 of size 2 found num new op-mutexes 0
[t=9.52425s, 224136 KB] Operator mutex finished iteration 16. Found an additional 0 operator mutexes

[t=9.52433s, 224136 KB] Next pair of indices: (36, 1)
[t=9.52437s, 224136 KB] M&S algorithm main loop timer: 9.49669s (after computation of next merge)
[t=9.64185s, 224136 KB] M&S algorithm main loop timer: 9.61423s (after shrinking)
[t=9.806s, 224136 KB] M&S algorithm main loop timer: 9.77837s (after merging)
[t=9.89014s, 224136 KB] M&S algorithm main loop timer: 9.86249s (after pruning)

[t=9.89021s, 224136 KB] Operator mutex starting iteration 17


[t=9.89112s, 224136 KB] In ts_17_0 of size 2 found num new op-mutexes 0
[t=9.89644s, 224136 KB] Operator mutex finished iteration 17. Found an additional 0 operator mutexes

[t=9.89652s, 224136 KB] Next pair of indices: (37, 0)
[t=9.89655s, 224136 KB] M&S algorithm main loop timer: 9.86887s (after computation of next merge)
[t=10.0291s, 224136 KB] M&S algorithm main loop timer: 10.0015s (after shrinking)
[t=10.212s, 224136 KB] M&S algorithm main loop timer: 10.1844s (after merging)
[t=10.3056s, 224136 KB] M&S algorithm main loop timer: 10.278s (after pruning)

[t=10.3057s, 224136 KB] Operator mutex starting iteration 18
[t=10.3117s, 224136 KB] Operator mutex finished iteration 18. Found an additional 0 operator mutexes

[t=10.3118s, 224136 KB] End of merge-and-shrink algorithm, statistics:
[t=10.3118s, 224136 KB] Main loop runtime: 10.2841s
[t=10.3119s, 224136 KB] Maximum intermediate abstraction size: 50000
[t=10.3119s, 224136 KB] Final peak memory increase of merge-and-shrink algorithm: 200352 KB
[t=10.3119s, 224136 KB] Merge-and-shrink algorithm runtime: 10.2956s

[t=10.3119s, 224136 KB] Number of labels: 4140
[t=10.312s, 224136 KB] Total number of operator mutexes: 456
[t=10.312s, 224136 KB] Operator Mutex total time: 0.742702s
[t=10.3122s, 224136 KB] Number of remaining factors: 1
[t=10.3124s, 224136 KB] Number of factors kept: 1
[t=10.3124s, 224136 KB] Done initializing merge-and-shrink heuristic.

[t=10.313s, 224136 KB] Building successor generator...done!
[t=10.315s, 224136 KB] peak memory difference for successor generator creation: 0 KB
[t=10.315s, 224136 KB] time for successor generation creation: 0.00187212s
[t=10.315s, 224136 KB] Variables: 20
[t=10.3151s, 224136 KB] FactPairs: 424
[t=10.3151s, 224136 KB] Bytes per state: 12
[t=10.3152s, 224136 KB] Conducting best first search with reopening closed nodes, (real) bound = 2147483647
[t=10.3153s, 224136 KB] New best heuristic value for merge_and_shrink(op_mutex = op_mutex(use_previous_ops = nasutpo, reachability_strategy = goal), merge_strategy = merge_sccs(order_of_sccs = topological, merge_tree = linear), shrink_strategy = shrink_fh): 13
[t=10.3153s, 224136 KB] g=0, 1 evaluated, 0 expanded
[t=10.3153s, 224136 KB] f = 13, 1 evaluated, 0 expanded
[t=10.3154s, 224136 KB] Initial heuristic value for merge_and_shrink(op_mutex = op_mutex(use_previous_ops = nasutpo, reachability_strategy = goal), merge_strategy = merge_sccs(order_of_sccs = topological, merge_tree = linear), shrink_strategy = shrink_fh): 13
[t=10.3154s, 224136 KB] pruning method: none
[t=10.3154s, 224136 KB] New best heuristic value for merge_and_shrink(op_mutex = op_mutex(use_previous_ops = nasutpo, reachability_strategy = goal), merge_strategy = merge_sccs(order_of_sccs = topological, merge_tree = linear), shrink_strategy = shrink_fh): 12
[t=10.3155s, 224136 KB] g=1, 4 evaluated, 1 expanded
[t=10.3155s, 224136 KB] New best heuristic value for merge_and_shrink(op_mutex = op_mutex(use_previous_ops = nasutpo, reachability_strategy = goal), merge_strategy = merge_sccs(order_of_sccs = topological, merge_tree = linear), shrink_strategy = shrink_fh): 11
[t=10.3155s, 224136 KB] g=2, 7 evaluated, 2 expanded
[t=10.3156s, 224136 KB] New best heuristic value for merge_and_shrink(op_mutex = op_mutex(use_previous_ops = nasutpo, reachability_strategy = goal), merge_strategy = merge_sccs(order_of_sccs = topological, merge_tree = linear), shrink_strategy = shrink_fh): 10
[t=10.3156s, 224136 KB] g=3, 8 evaluated, 3 expanded
[t=10.3156s, 224136 KB] New best heuristic value for merge_and_shrink(op_mutex = op_mutex(use_previous_ops = nasutpo, reachability_strategy = goal), merge_strategy = merge_sccs(order_of_sccs = topological, merge_tree = linear), shrink_strategy = shrink_fh): 9
[t=10.3156s, 224136 KB] g=4, 11 evaluated, 4 expanded
[t=10.3157s, 224136 KB] New best heuristic value for merge_and_shrink(op_mutex = op_mutex(use_previous_ops = nasutpo, reachability_strategy = goal), merge_strategy = merge_sccs(order_of_sccs = topological, merge_tree = linear), shrink_strategy = shrink_fh): 8
[t=10.3157s, 224136 KB] g=5, 16 evaluated, 5 expanded
[t=10.3158s, 224136 KB] New best heuristic value for merge_and_shrink(op_mutex = op_mutex(use_previous_ops = nasutpo, reachability_strategy = goal), merge_strategy = merge_sccs(order_of_sccs = topological, merge_tree = linear), shrink_strategy = shrink_fh): 7
[t=10.3158s, 224136 KB] g=6, 21 evaluated, 6 expanded
[t=10.3158s, 224136 KB] New best heuristic value for merge_and_shrink(op_mutex = op_mutex(use_previous_ops = nasutpo, reachability_strategy = goal), merge_strategy = merge_sccs(order_of_sccs = topological, merge_tree = linear), shrink_strategy = shrink_fh): 6
[t=10.3158s, 224136 KB] g=7, 23 evaluated, 7 expanded
[t=10.3159s, 224136 KB] New best heuristic value for merge_and_shrink(op_mutex = op_mutex(use_previous_ops = nasutpo, reachability_strategy = goal), merge_strategy = merge_sccs(order_of_sccs = topological, merge_tree = linear), shrink_strategy = shrink_fh): 5
[t=10.3159s, 224136 KB] g=8, 24 evaluated, 8 expanded
[t=10.3159s, 224136 KB] f = 14, 25 evaluated, 9 expanded
[t=10.316s, 224136 KB] New best heuristic value for merge_and_shrink(op_mutex = op_mutex(use_previous_ops = nasutpo, reachability_strategy = goal), merge_strategy = merge_sccs(order_of_sccs = topological, merge_tree = linear), shrink_strategy = shrink_fh): 4
[t=10.3161s, 224136 KB] g=10, 55 evaluated, 19 expanded
[t=10.3161s, 224136 KB] New best heuristic value for merge_and_shrink(op_mutex = op_mutex(use_previous_ops = nasutpo, reachability_strategy = goal), merge_strategy = merge_sccs(order_of_sccs = topological, merge_tree = linear), shrink_strategy = shrink_fh): 3
[t=10.3161s, 224136 KB] g=11, 61 evaluated, 20 expanded
[t=10.3166s, 224136 KB] f = 15, 193 evaluated, 66 expanded
[t=10.3183s, 224136 KB] f = 16, 863 evaluated, 330 expanded
[t=10.3242s, 224136 KB] f = 17, 3419 evaluated, 1319 expanded
[t=10.3245s, 224136 KB] New best heuristic value for merge_and_shrink(op_mutex = op_mutex(use_previous_ops = nasutpo, reachability_strategy = goal), merge_strategy = merge_sccs(order_of_sccs = topological, merge_tree = linear), shrink_strategy = shrink_fh): 2
[t=10.3246s, 224136 KB] g=15, 3571 evaluated, 1378 expanded
[t=10.3384s, 224136 KB] f = 18, 9650 evaluated, 3735 expanded
[t=10.3709s, 224136 KB] f = 19, 23979 evaluated, 9470 expanded
[t=10.4479s, 224136 KB] f = 20, 56434 evaluated, 22774 expanded
[t=10.6104s, 224136 KB] f = 21, 125139 evaluated, 51373 expanded
[t=10.971s, 224136 KB] f = 22, 272507 evaluated, 115340 expanded
[t=11.7213s, 224136 KB] f = 23, 574476 evaluated, 247751 expanded
[t=13.2883s, 224136 KB] f = 24, 1189871 evaluated, 525253 expanded
[t=16.4346s, 234260 KB] f = 25, 2397405 evaluated, 1075673 expanded
[t=21.124s, 299800 KB] New best heuristic value for merge_and_shrink(op_mutex = op_mutex(use_previous_ops = nasutpo, reachability_strategy = goal), merge_strategy = merge_sccs(order_of_sccs = topological, merge_tree = linear), shrink_strategy = shrink_fh): 1
[t=21.124s, 299800 KB] g=24, 4190787 evaluated, 1895502 expanded
[t=22.7979s, 299800 KB] f = 26, 4822800 evaluated, 2200765 expanded
[t=30.8706s, 449432 KB] New best heuristic value for merge_and_shrink(op_mutex = op_mutex(use_previous_ops = nasutpo, reachability_strategy = goal), merge_strategy = merge_sccs(order_of_sccs = topological, merge_tree = linear), shrink_strategy = shrink_fh): 0
[t=30.8706s, 449432 KB] g=26, 7874774 evaluated, 3608057 expanded
[t=30.8707s, 449432 KB] Solution found!
[t=30.8707s, 449432 KB] Actual search time: 20.5553s
pickup node5-5 key4 (1)
move node5-5 node5-4 (1)
unlock node5-4 node5-3 key4 triangle (1)
move node5-4 node5-3 (1)
unlock node5-3 node4-3 key4 triangle (1)
move node5-3 node4-3 (1)
unlock node4-3 node4-2 key4 triangle (1)
move node4-3 node4-2 (1)
unlock node4-2 node3-2 key4 triangle (1)
move node4-2 node4-3 (1)
pickup-and-loose node4-3 key8 key4 (1)
move node4-3 node4-2 (1)
move node4-2 node3-2 (1)
putdown node3-2 key8 (1)
move node3-2 node2-2 (1)
move node2-2 node1-2 (1)
move node1-2 node0-2 (1)
move node0-2 node0-1 (1)
move node0-1 node0-0 (1)
pickup node0-0 key0 (1)
move node0-0 node0-1 (1)
move node0-1 node1-1 (1)
move node1-1 node2-1 (1)
move node2-1 node3-1 (1)
move node3-1 node4-1 (1)
putdown node4-1 key0 (1)
[t=30.8707s, 449432 KB] Plan length: 26 step(s).
[t=30.8707s, 449432 KB] Plan cost: 26
[t=30.8707s, 449432 KB] Expanded 3608058 state(s).
[t=30.8707s, 449432 KB] Reopened 0 state(s).
[t=30.8707s, 449432 KB] Evaluated 7874774 state(s).
[t=30.8707s, 449432 KB] Evaluations: 7874774
[t=30.8707s, 449432 KB] Generated 13963382 state(s).
[t=30.8707s, 449432 KB] Dead ends: 0 state(s).
[t=30.8707s, 449432 KB] Expanded until last jump: 2200765 state(s).
[t=30.8707s, 449432 KB] Reopened until last jump: 0 state(s).
[t=30.8707s, 449432 KB] Evaluated until last jump: 4822800 state(s).
[t=30.8707s, 449432 KB] Generated until last jump: 8569619 state(s).
[t=30.8707s, 449432 KB] Number of registered states: 7874774
[t=30.8707s, 449432 KB] Int hash set load factor: 7874774/16777216 = 0.469373
[t=30.8707s, 449432 KB] Int hash set resizes: 24
[t=30.8707s, 449432 KB] Search time: 20.5555s
[t=30.8707s, 449432 KB] Total time: 30.8707s
Solution found.
Peak memory: 449432 KB
Remove intermediate file output.sas
search exit code: 0

INFO     Running validate.
INFO     validate stdin: None
INFO     validate time limit: None
INFO     validate memory limit: None
INFO     validate command line string: validate domain.pddl problem.pddl sas_plan
Checking plan: sas_plan
Plan executed successfully - checking goal
Plan valid
Final value: 26 

Successful plans:
Value: 26
 sas_plan 26 

validate exit code: 0

