INFO     Running translator.
INFO     translator stdin: None
INFO     translator time limit: 599.97s
INFO     translator memory limit: 7000 MB
INFO     translator command line string: /usr/bin/python3 /user/student.aau.dk/lkar18/downward-projects/downward/experiments/nopo_vs_nasutpo_195p/data/nopo_vs_nasutpo/code-94571df14dfaf5b06207d9589b12facdd93f580c_e5e41175/builds/release/bin/translate/translate.py domain.pddl problem.pddl --sas-file output.sas
Parsing...
Parsing: [0.000s CPU, 0.002s wall-clock]
Normalizing task... [0.000s CPU, 0.000s wall-clock]
Instantiating...
Generating Datalog program... [0.000s CPU, 0.001s wall-clock]
Normalizing Datalog program...
Normalizing Datalog program: [0.000s CPU, 0.002s wall-clock]
Preparing model... [0.010s CPU, 0.002s wall-clock]
Generated 46 rules.
Computing model... [0.030s CPU, 0.038s wall-clock]
3114 relevant atoms
1522 auxiliary atoms
4636 final queue length
9238 total queue pushes
Completing instantiation... [0.100s CPU, 0.101s wall-clock]
Instantiating: [0.140s CPU, 0.144s wall-clock]
Computing fact groups...
Finding invariants...
12 initial candidates
Finding invariants: [0.010s CPU, 0.002s wall-clock]
Checking invariant weight... [0.000s CPU, 0.000s wall-clock]
Instantiating groups... [0.000s CPU, 0.001s wall-clock]
Collecting mutex groups... [0.000s CPU, 0.000s wall-clock]
Choosing groups...
1 uncovered facts
Choosing groups: [0.000s CPU, 0.001s wall-clock]
Building translation key... [0.000s CPU, 0.000s wall-clock]
Computing fact groups: [0.010s CPU, 0.006s wall-clock]
Building STRIPS to SAS dictionary... [0.000s CPU, 0.000s wall-clock]
Building dictionary for full mutex groups... [0.000s CPU, 0.000s wall-clock]
Building mutex information...
Building mutex information: [0.000s CPU, 0.000s wall-clock]
Translating task...
Processing axioms...
Simplifying axioms... [0.000s CPU, 0.000s wall-clock]
Translator axioms removed by simplifying: 0
Computing negative axioms... [0.000s CPU, 0.000s wall-clock]
Processing axioms: [0.010s CPU, 0.005s wall-clock]
Translating task: [0.100s CPU, 0.098s wall-clock]
225 effect conditions simplified
0 implied preconditions added
Detecting unreachable propositions...
0 operators removed
0 axioms removed
69 propositions removed
Detecting unreachable propositions: [0.040s CPU, 0.042s wall-clock]
Reordering and filtering variables...
19 of 19 variables necessary.
1 of 19 mutex groups necessary.
2384 of 2384 operators necessary.
0 of 0 axiom rules necessary.
Reordering and filtering variables: [0.010s CPU, 0.012s wall-clock]
Translator variables: 19
Translator derived variables: 0
Translator facts: 277
Translator goal facts: 1
Translator mutex groups: 1
Translator total mutex groups size: 10
Translator operators: 2384
Translator axioms: 0
Translator task size: 14119
Translator peak memory: 51724 KB
Writing output... [0.020s CPU, 0.026s wall-clock]
Done! [0.330s CPU, 0.338s wall-clock]
translate exit code: 0

INFO     Running search (release).
INFO     search stdin: output.sas
INFO     search time limit: 599.57s
INFO     search memory limit: 7000 MB
INFO     search command line string: /user/student.aau.dk/lkar18/downward-projects/downward/experiments/nopo_vs_nasutpo_195p/data/nopo_vs_nasutpo/code-94571df14dfaf5b06207d9589b12facdd93f580c_e5e41175/builds/release/bin/downward --search 'astar(merge_and_shrink(op_mutex=op_mutex(use_previous_ops=NoPO, reachability_strategy=goal), merge_strategy=merge_sccs(order_of_sccs=topological, merge_tree=linear()), shrink_strategy=shrink_fh()))' --internal-plan-file sas_plan < output.sas
[t=3.7334e-05s, 22344 KB] reading input...
[t=0.00827799s, 22956 KB] done reading input!
[t=0.00976617s, 23352 KB] Initializing merge-and-shrink heuristic...
[t=0.00983285s, 23352 KB] Running merge-and-shrink algorithm...
[t=0.00985288s, 23352 KB] Merge strategy options:
[t=0.00987401s, 23352 KB] Type: sccs
[t=0.00989378s, 23352 KB] Merge order of sccs: topological
[t=0.00991352s, 23352 KB] Merge strategy for merging within sccs: 
[t=0.00993295s, 23352 KB] Merge tree options: 
[t=0.00995286s, 23352 KB] Type: linear
[t=0.00997241s, 23352 KB] Update option: use random
[t=0.00999225s, 23352 KB] Variable order type: CG/GOAL, tie breaking on level (main)

[t=0.0100142s, 23352 KB] Options related to size limits and shrinking: 
[t=0.0100349s, 23352 KB] Transition system size limit: 50000
[t=0.0100547s, 23352 KB] Transition system size limit right before merge: 50000
[t=0.0100744s, 23352 KB] Threshold to trigger shrinking right before merge: 1

[t=0.010097s, 23352 KB] Pruning unreachable states: yes
[t=0.0101175s, 23352 KB] Pruning irrelevant states: yes

[t=0.0101392s, 23352 KB] Label reduction disabled

[t=0.0101616s, 23352 KB] Main loop max time in seconds: inf

[t=0.0101868s, 23352 KB] ===============================================================================
[t=0.0102066s, 23352 KB] WARNING! You did not enable label reduction.
This may drastically reduce the performance of merge-and-shrink!
[t=0.0102268s, 23352 KB] ===============================================================================

[t=0.0102492s, 23352 KB] Building atomic transition systems... 
[t=0.016029s, 31696 KB] M&S algorithm timer: 0.00626864s (after computation of atomic factors)

[t=0.0161298s, 31696 KB] Starting main loop without a time limit.
[t=0.0161597s, 31696 KB] building causal graph...done! [t=0.00076589s]
[t=0.0169495s, 31696 KB] SCCs of the causal graph:
[t=0.0169858s, 31696 KB] [0, 5, 1, 2, 3, 4, 6, 7, 8, 9, 10, 11, 12, 13, 14, 15, 16, 17, 18]
[t=0.0170101s, 31696 KB] Only one single SCC
[t=0.01705s, 31696 KB] Next pair of indices: (18, 17)
[t=0.0170726s, 31696 KB] M&S algorithm main loop timer: 0.000961652s (after computation of next merge)
[t=0.0173744s, 31848 KB] M&S algorithm main loop timer: 0.00127322s (after merging)

[t=0.0174147s, 31848 KB] Operator mutex starting iteration 0

[t=0.0178575s, 31936 KB] In ts_0_0 of size 2 found num new op-mutexes 16

[t=0.0181931s, 31936 KB] In ts_0_1 of size 2 found num new op-mutexes 36

[t=0.0185176s, 31936 KB] In ts_0_2 of size 2 found num new op-mutexes 36

[t=0.0188487s, 31936 KB] In ts_0_3 of size 2 found num new op-mutexes 36

[t=0.0191877s, 31936 KB] In ts_0_4 of size 2 found num new op-mutexes 64

[t=0.0196372s, 32080 KB] In ts_0_5 of size 25 found num new op-mutexes 0

[t=0.0199928s, 32080 KB] In ts_0_6 of size 2 found num new op-mutexes 64

[t=0.020322s, 32080 KB] In ts_0_7 of size 2 found num new op-mutexes 64

[t=0.020651s, 32080 KB] In ts_0_8 of size 2 found num new op-mutexes 64

[t=0.021023s, 32080 KB] In ts_0_9 of size 26 found num new op-mutexes 0

[t=0.0213846s, 32080 KB] In ts_0_10 of size 26 found num new op-mutexes 0

[t=0.0217548s, 32080 KB] In ts_0_11 of size 26 found num new op-mutexes 0

[t=0.022119s, 32080 KB] In ts_0_12 of size 26 found num new op-mutexes 0

[t=0.0224797s, 32080 KB] In ts_0_13 of size 26 found num new op-mutexes 0

[t=0.0228585s, 32080 KB] In ts_0_14 of size 26 found num new op-mutexes 0

[t=0.0232277s, 32080 KB] In ts_0_15 of size 26 found num new op-mutexes 0

[t=0.0235942s, 32080 KB] In ts_0_16 of size 26 found num new op-mutexes 0

[t=0.0240654s, 32080 KB] In ts_0_19 of size 52 found num new op-mutexes 0
[t=0.0241354s, 32080 KB] Operator mutex finished iteration 0. Found an additional 380 operator mutexes

[t=0.0241667s, 32080 KB] Next pair of indices: (19, 16)
[t=0.0241897s, 32080 KB] M&S algorithm main loop timer: 0.00807784s (after computation of next merge)
[t=0.0252012s, 32080 KB] M&S algorithm main loop timer: 0.00913362s (after merging)

[t=0.0253475s, 32080 KB] Operator mutex starting iteration 1

[t=0.0257584s, 32080 KB] In ts_1_0 of size 2 found num new op-mutexes 0

[t=0.0260949s, 32080 KB] In ts_1_1 of size 2 found num new op-mutexes 0

[t=0.0264358s, 32080 KB] In ts_1_2 of size 2 found num new op-mutexes 0

[t=0.0267649s, 32080 KB] In ts_1_3 of size 2 found num new op-mutexes 0

[t=0.0270943s, 32080 KB] In ts_1_4 of size 2 found num new op-mutexes 0

[t=0.0274992s, 32080 KB] In ts_1_5 of size 25 found num new op-mutexes 0

[t=0.0278709s, 32080 KB] In ts_1_6 of size 2 found num new op-mutexes 0

[t=0.0282228s, 32080 KB] In ts_1_7 of size 2 found num new op-mutexes 0

[t=0.0285577s, 32080 KB] In ts_1_8 of size 2 found num new op-mutexes 0

[t=0.0289306s, 32080 KB] In ts_1_9 of size 26 found num new op-mutexes 0

[t=0.0293086s, 32080 KB] In ts_1_10 of size 26 found num new op-mutexes 0

[t=0.0296767s, 32080 KB] In ts_1_11 of size 26 found num new op-mutexes 0

[t=0.0300487s, 32080 KB] In ts_1_12 of size 26 found num new op-mutexes 0

[t=0.0304217s, 32080 KB] In ts_1_13 of size 26 found num new op-mutexes 0

[t=0.0307856s, 32080 KB] In ts_1_14 of size 26 found num new op-mutexes 0

[t=0.0311529s, 32080 KB] In ts_1_15 of size 26 found num new op-mutexes 0

[t=0.0348796s, 32532 KB] In ts_1_20 of size 1352 found num new op-mutexes 0
[t=0.0349829s, 32532 KB] Operator mutex finished iteration 1. Found an additional 0 operator mutexes

[t=0.0350193s, 32532 KB] Next pair of indices: (20, 15)
[t=0.0350441s, 32532 KB] M&S algorithm main loop timer: 0.0189333s (after computation of next merge)
[t=0.0708137s, 38396 KB] M&S algorithm main loop timer: 0.0547755s (after merging)

[t=0.0728299s, 38396 KB] Operator mutex starting iteration 2

[t=0.0731514s, 38396 KB] In ts_2_0 of size 2 found num new op-mutexes 0

[t=0.0735074s, 38396 KB] In ts_2_1 of size 2 found num new op-mutexes 0

[t=0.0738454s, 38396 KB] In ts_2_2 of size 2 found num new op-mutexes 0

[t=0.0741749s, 38396 KB] In ts_2_3 of size 2 found num new op-mutexes 0

[t=0.0745039s, 38396 KB] In ts_2_4 of size 2 found num new op-mutexes 0

[t=0.0749288s, 38396 KB] In ts_2_5 of size 25 found num new op-mutexes 0

[t=0.0752899s, 38396 KB] In ts_2_6 of size 2 found num new op-mutexes 0

[t=0.0756293s, 38396 KB] In ts_2_7 of size 2 found num new op-mutexes 0

[t=0.0759594s, 38396 KB] In ts_2_8 of size 2 found num new op-mutexes 0

[t=0.0763276s, 38396 KB] In ts_2_9 of size 26 found num new op-mutexes 0

[t=0.0767036s, 38396 KB] In ts_2_10 of size 26 found num new op-mutexes 0

[t=0.0770728s, 38396 KB] In ts_2_11 of size 26 found num new op-mutexes 0

[t=0.0774403s, 38396 KB] In ts_2_12 of size 26 found num new op-mutexes 0

[t=0.0778181s, 38396 KB] In ts_2_13 of size 26 found num new op-mutexes 0

[t=0.0781834s, 38396 KB] In ts_2_14 of size 26 found num new op-mutexes 0
[t=0.079192s, 38396 KB] Operator mutex finished iteration 2. Found an additional 0 operator mutexes

[t=0.0792332s, 38396 KB] Next pair of indices: (21, 14)
[t=0.0792577s, 38396 KB] M&S algorithm main loop timer: 0.0631468s (after computation of next merge)
[t=0.0986959s, 38396 KB] M&S algorithm main loop timer: 0.0828849s (after shrinking)
[t=0.40945s, 75544 KB] M&S algorithm main loop timer: 0.393416s (after merging)

[t=0.412507s, 75544 KB] Operator mutex starting iteration 3

[t=0.412837s, 75544 KB] In ts_3_0 of size 2 found num new op-mutexes 0

[t=0.413175s, 75544 KB] In ts_3_1 of size 2 found num new op-mutexes 0

[t=0.413514s, 75544 KB] In ts_3_2 of size 2 found num new op-mutexes 0

[t=0.413855s, 75544 KB] In ts_3_3 of size 2 found num new op-mutexes 0

[t=0.414186s, 75544 KB] In ts_3_4 of size 2 found num new op-mutexes 0

[t=0.414626s, 75544 KB] In ts_3_5 of size 25 found num new op-mutexes 0

[t=0.414975s, 75544 KB] In ts_3_6 of size 2 found num new op-mutexes 0

[t=0.415311s, 75544 KB] In ts_3_7 of size 2 found num new op-mutexes 0

[t=0.415641s, 75544 KB] In ts_3_8 of size 2 found num new op-mutexes 0

[t=0.416023s, 75544 KB] In ts_3_9 of size 26 found num new op-mutexes 0

[t=0.416394s, 75544 KB] In ts_3_10 of size 26 found num new op-mutexes 0

[t=0.416773s, 75544 KB] In ts_3_11 of size 26 found num new op-mutexes 0

[t=0.417149s, 75544 KB] In ts_3_12 of size 26 found num new op-mutexes 0

[t=0.417519s, 75544 KB] In ts_3_13 of size 26 found num new op-mutexes 0
[t=0.426662s, 82080 KB] Operator mutex finished iteration 3. Found an additional 0 operator mutexes

[t=0.426752s, 82080 KB] Next pair of indices: (22, 13)
[t=0.426778s, 82080 KB] M&S algorithm main loop timer: 0.410667s (after computation of next merge)
[t=0.543412s, 82080 KB] M&S algorithm main loop timer: 0.527645s (after shrinking)
[t=0.948588s, 89848 KB] M&S algorithm main loop timer: 0.932556s (after merging)

[t=0.951714s, 89848 KB] Operator mutex starting iteration 4

[t=0.952042s, 89848 KB] In ts_4_0 of size 2 found num new op-mutexes 0

[t=0.952384s, 89848 KB] In ts_4_1 of size 2 found num new op-mutexes 0

[t=0.952719s, 89848 KB] In ts_4_2 of size 2 found num new op-mutexes 0

[t=0.953062s, 89848 KB] In ts_4_3 of size 2 found num new op-mutexes 0

[t=0.953396s, 89848 KB] In ts_4_4 of size 2 found num new op-mutexes 0

[t=0.953823s, 89848 KB] In ts_4_5 of size 25 found num new op-mutexes 0

[t=0.954185s, 89848 KB] In ts_4_6 of size 2 found num new op-mutexes 0

[t=0.954525s, 89848 KB] In ts_4_7 of size 2 found num new op-mutexes 0

[t=0.954858s, 89848 KB] In ts_4_8 of size 2 found num new op-mutexes 0

[t=0.955231s, 89848 KB] In ts_4_9 of size 26 found num new op-mutexes 0

[t=0.955602s, 89848 KB] In ts_4_10 of size 26 found num new op-mutexes 0

[t=0.955974s, 89848 KB] In ts_4_11 of size 26 found num new op-mutexes 0

[t=0.956355s, 89848 KB] In ts_4_12 of size 26 found num new op-mutexes 0
[t=0.967945s, 97632 KB] Operator mutex finished iteration 4. Found an additional 0 operator mutexes

[t=0.968041s, 97632 KB] Next pair of indices: (23, 12)
[t=0.968068s, 97632 KB] M&S algorithm main loop timer: 0.951959s (after computation of next merge)
[t=1.12274s, 97632 KB] M&S algorithm main loop timer: 1.10697s (after shrinking)
[t=1.56676s, 100552 KB] M&S algorithm main loop timer: 1.55073s (after merging)

[t=1.56981s, 100552 KB] Operator mutex starting iteration 5

[t=1.57014s, 100552 KB] In ts_5_0 of size 2 found num new op-mutexes 0

[t=1.57051s, 100552 KB] In ts_5_1 of size 2 found num new op-mutexes 0

[t=1.57086s, 100552 KB] In ts_5_2 of size 2 found num new op-mutexes 0

[t=1.57119s, 100552 KB] In ts_5_3 of size 2 found num new op-mutexes 0

[t=1.57155s, 100552 KB] In ts_5_4 of size 2 found num new op-mutexes 0

[t=1.57196s, 100552 KB] In ts_5_5 of size 25 found num new op-mutexes 0

[t=1.57231s, 100552 KB] In ts_5_6 of size 2 found num new op-mutexes 0

[t=1.57264s, 100552 KB] In ts_5_7 of size 2 found num new op-mutexes 0

[t=1.57299s, 100552 KB] In ts_5_8 of size 2 found num new op-mutexes 0

[t=1.57337s, 100552 KB] In ts_5_9 of size 26 found num new op-mutexes 0

[t=1.57376s, 100552 KB] In ts_5_10 of size 26 found num new op-mutexes 0

[t=1.57415s, 100552 KB] In ts_5_11 of size 26 found num new op-mutexes 0
[t=1.58497s, 103964 KB] Operator mutex finished iteration 5. Found an additional 0 operator mutexes

[t=1.58507s, 103964 KB] Next pair of indices: (24, 11)
[t=1.58509s, 103964 KB] M&S algorithm main loop timer: 1.56898s (after computation of next merge)
[t=1.7593s, 103964 KB] M&S algorithm main loop timer: 1.74354s (after shrinking)
[t=2.44479s, 130076 KB] M&S algorithm main loop timer: 2.42875s (after merging)

[t=2.4478s, 130076 KB] Operator mutex starting iteration 6

[t=2.44815s, 130076 KB] In ts_6_0 of size 2 found num new op-mutexes 0

[t=2.44849s, 130076 KB] In ts_6_1 of size 2 found num new op-mutexes 0

[t=2.44884s, 130076 KB] In ts_6_2 of size 2 found num new op-mutexes 0

[t=2.44919s, 130076 KB] In ts_6_3 of size 2 found num new op-mutexes 0

[t=2.44953s, 130076 KB] In ts_6_4 of size 2 found num new op-mutexes 0

[t=2.44999s, 130076 KB] In ts_6_5 of size 25 found num new op-mutexes 0

[t=2.45035s, 130076 KB] In ts_6_6 of size 2 found num new op-mutexes 0

[t=2.45069s, 130076 KB] In ts_6_7 of size 2 found num new op-mutexes 0

[t=2.45103s, 130076 KB] In ts_6_8 of size 2 found num new op-mutexes 0

[t=2.45141s, 130076 KB] In ts_6_9 of size 26 found num new op-mutexes 0

[t=2.45179s, 130076 KB] In ts_6_10 of size 26 found num new op-mutexes 0
[t=2.47314s, 140620 KB] Operator mutex finished iteration 6. Found an additional 0 operator mutexes

[t=2.47324s, 140620 KB] Next pair of indices: (25, 10)
[t=2.47326s, 140620 KB] M&S algorithm main loop timer: 2.45715s (after computation of next merge)
[t=2.73547s, 140620 KB] M&S algorithm main loop timer: 2.71942s (after shrinking)
[t=3.62807s, 157148 KB] M&S algorithm main loop timer: 3.61204s (after merging)

[t=3.6311s, 157148 KB] Operator mutex starting iteration 7

[t=3.63144s, 157148 KB] In ts_7_0 of size 2 found num new op-mutexes 0

[t=3.63179s, 157148 KB] In ts_7_1 of size 2 found num new op-mutexes 0

[t=3.63214s, 157148 KB] In ts_7_2 of size 2 found num new op-mutexes 0

[t=3.6325s, 157148 KB] In ts_7_3 of size 2 found num new op-mutexes 0

[t=3.63285s, 157148 KB] In ts_7_4 of size 2 found num new op-mutexes 0

[t=3.63327s, 157148 KB] In ts_7_5 of size 25 found num new op-mutexes 0

[t=3.63362s, 157148 KB] In ts_7_6 of size 2 found num new op-mutexes 0

[t=3.63397s, 157148 KB] In ts_7_7 of size 2 found num new op-mutexes 0

[t=3.63431s, 157148 KB] In ts_7_8 of size 2 found num new op-mutexes 0

[t=3.63469s, 157148 KB] In ts_7_9 of size 26 found num new op-mutexes 0
[t=3.65966s, 174060 KB] Operator mutex finished iteration 7. Found an additional 0 operator mutexes

[t=3.65976s, 174060 KB] Next pair of indices: (26, 9)
[t=3.65978s, 174060 KB] M&S algorithm main loop timer: 3.64367s (after computation of next merge)
[t=3.99097s, 174060 KB] M&S algorithm main loop timer: 3.97523s (after shrinking)
[t=4.41263s, 174060 KB] M&S algorithm main loop timer: 4.3966s (after merging)
[t=4.54859s, 174060 KB] M&S algorithm main loop timer: 4.53257s (after pruning)

[t=4.54872s, 174060 KB] Operator mutex starting iteration 8

[t=4.54908s, 174060 KB] In ts_8_0 of size 2 found num new op-mutexes 0

[t=4.54945s, 174060 KB] In ts_8_1 of size 2 found num new op-mutexes 0

[t=4.5498s, 174060 KB] In ts_8_2 of size 2 found num new op-mutexes 0

[t=4.55015s, 174060 KB] In ts_8_3 of size 2 found num new op-mutexes 0

[t=4.55051s, 174060 KB] In ts_8_4 of size 2 found num new op-mutexes 0

[t=4.55093s, 174060 KB] In ts_8_5 of size 25 found num new op-mutexes 0

[t=4.55129s, 174060 KB] In ts_8_6 of size 2 found num new op-mutexes 0

[t=4.55166s, 174060 KB] In ts_8_7 of size 2 found num new op-mutexes 0

[t=4.55204s, 174060 KB] In ts_8_8 of size 2 found num new op-mutexes 0
[t=4.56216s, 174060 KB] Operator mutex finished iteration 8. Found an additional 0 operator mutexes

[t=4.56227s, 174060 KB] Next pair of indices: (27, 5)
[t=4.5623s, 174060 KB] M&S algorithm main loop timer: 4.54619s (after computation of next merge)
[t=4.75968s, 174060 KB] M&S algorithm main loop timer: 4.7439s (after shrinking)
[t=4.80849s, 174060 KB] M&S algorithm main loop timer: 4.79248s (after merging)

[t=4.8123s, 174060 KB] Operator mutex starting iteration 9

[t=4.8127s, 174060 KB] In ts_9_0 of size 2 found num new op-mutexes 0

[t=4.8131s, 174060 KB] In ts_9_1 of size 2 found num new op-mutexes 0

[t=4.81349s, 174060 KB] In ts_9_2 of size 2 found num new op-mutexes 0

[t=4.81389s, 174060 KB] In ts_9_3 of size 2 found num new op-mutexes 0

[t=4.81429s, 174060 KB] In ts_9_4 of size 2 found num new op-mutexes 0

[t=4.81468s, 174060 KB] In ts_9_6 of size 2 found num new op-mutexes 0

[t=4.81507s, 174060 KB] In ts_9_7 of size 2 found num new op-mutexes 0

[t=4.81548s, 174060 KB] In ts_9_8 of size 2 found num new op-mutexes 0
[t=4.81715s, 174060 KB] Operator mutex finished iteration 9. Found an additional 0 operator mutexes

[t=4.81724s, 174060 KB] Next pair of indices: (28, 8)
[t=4.81727s, 174060 KB] M&S algorithm main loop timer: 4.80116s (after computation of next merge)
[t=4.85549s, 174060 KB] M&S algorithm main loop timer: 4.83947s (after shrinking)
[t=4.93548s, 174060 KB] M&S algorithm main loop timer: 4.91944s (after merging)
[t=4.97047s, 174060 KB] M&S algorithm main loop timer: 4.95442s (after pruning)

[t=4.97056s, 174060 KB] Operator mutex starting iteration 10

[t=4.97101s, 174060 KB] In ts_10_0 of size 2 found num new op-mutexes 0

[t=4.97138s, 174060 KB] In ts_10_1 of size 2 found num new op-mutexes 0

[t=4.97174s, 174060 KB] In ts_10_2 of size 2 found num new op-mutexes 0

[t=4.9721s, 174060 KB] In ts_10_3 of size 2 found num new op-mutexes 0

[t=4.97245s, 174060 KB] In ts_10_4 of size 2 found num new op-mutexes 0

[t=4.9728s, 174060 KB] In ts_10_6 of size 2 found num new op-mutexes 0

[t=4.97316s, 174060 KB] In ts_10_7 of size 2 found num new op-mutexes 0
[t=4.97556s, 174060 KB] Operator mutex finished iteration 10. Found an additional 0 operator mutexes

[t=4.97563s, 174060 KB] Next pair of indices: (29, 7)
[t=4.97565s, 174060 KB] M&S algorithm main loop timer: 4.95954s (after computation of next merge)
[t=5.02901s, 174060 KB] M&S algorithm main loop timer: 5.01297s (after shrinking)
[t=5.11873s, 174060 KB] M&S algorithm main loop timer: 5.1027s (after merging)
[t=5.15921s, 174060 KB] M&S algorithm main loop timer: 5.14317s (after pruning)

[t=5.15931s, 174060 KB] Operator mutex starting iteration 11

[t=5.15978s, 174060 KB] In ts_11_0 of size 2 found num new op-mutexes 0

[t=5.16017s, 174060 KB] In ts_11_1 of size 2 found num new op-mutexes 0

[t=5.16056s, 174060 KB] In ts_11_2 of size 2 found num new op-mutexes 0

[t=5.16093s, 174060 KB] In ts_11_3 of size 2 found num new op-mutexes 0

[t=5.16131s, 174060 KB] In ts_11_4 of size 2 found num new op-mutexes 0

[t=5.16168s, 174060 KB] In ts_11_6 of size 2 found num new op-mutexes 0
[t=5.16455s, 174060 KB] Operator mutex finished iteration 11. Found an additional 0 operator mutexes

[t=5.16463s, 174060 KB] Next pair of indices: (30, 6)
[t=5.16466s, 174060 KB] M&S algorithm main loop timer: 5.14855s (after computation of next merge)
[t=5.22792s, 174060 KB] M&S algorithm main loop timer: 5.21187s (after shrinking)
[t=5.32764s, 174060 KB] M&S algorithm main loop timer: 5.31161s (after merging)
[t=5.37279s, 174060 KB] M&S algorithm main loop timer: 5.35675s (after pruning)

[t=5.37289s, 174060 KB] Operator mutex starting iteration 12

[t=5.37337s, 174060 KB] In ts_12_0 of size 2 found num new op-mutexes 0

[t=5.37377s, 174060 KB] In ts_12_1 of size 2 found num new op-mutexes 0

[t=5.37413s, 174060 KB] In ts_12_2 of size 2 found num new op-mutexes 0

[t=5.37453s, 174060 KB] In ts_12_3 of size 2 found num new op-mutexes 0

[t=5.37491s, 174060 KB] In ts_12_4 of size 2 found num new op-mutexes 0
[t=5.37836s, 174060 KB] Operator mutex finished iteration 12. Found an additional 0 operator mutexes

[t=5.37845s, 174060 KB] Next pair of indices: (31, 4)
[t=5.3785s, 174060 KB] M&S algorithm main loop timer: 5.36239s (after computation of next merge)
[t=5.45432s, 174060 KB] M&S algorithm main loop timer: 5.43829s (after shrinking)
[t=5.58988s, 174060 KB] M&S algorithm main loop timer: 5.57385s (after merging)
[t=5.64824s, 174060 KB] M&S algorithm main loop timer: 5.63219s (after pruning)

[t=5.64833s, 174060 KB] Operator mutex starting iteration 13

[t=5.64881s, 174060 KB] In ts_13_0 of size 2 found num new op-mutexes 0

[t=5.64921s, 174060 KB] In ts_13_1 of size 2 found num new op-mutexes 0

[t=5.6496s, 174060 KB] In ts_13_2 of size 2 found num new op-mutexes 0

[t=5.64999s, 174060 KB] In ts_13_3 of size 2 found num new op-mutexes 0
[t=5.65407s, 174060 KB] Operator mutex finished iteration 13. Found an additional 0 operator mutexes

[t=5.65414s, 174060 KB] Next pair of indices: (32, 3)
[t=5.65419s, 174060 KB] M&S algorithm main loop timer: 5.63808s (after computation of next merge)
[t=5.74561s, 174060 KB] M&S algorithm main loop timer: 5.72958s (after shrinking)
[t=5.87366s, 174060 KB] M&S algorithm main loop timer: 5.85764s (after merging)
[t=5.93236s, 174060 KB] M&S algorithm main loop timer: 5.91631s (after pruning)

[t=5.93246s, 174060 KB] Operator mutex starting iteration 14

[t=5.9329s, 174060 KB] In ts_14_0 of size 2 found num new op-mutexes 0

[t=5.93326s, 174060 KB] In ts_14_1 of size 2 found num new op-mutexes 0

[t=5.93365s, 174060 KB] In ts_14_2 of size 2 found num new op-mutexes 0
[t=5.93781s, 174060 KB] Operator mutex finished iteration 14. Found an additional 0 operator mutexes

[t=5.9379s, 174060 KB] Next pair of indices: (33, 2)
[t=5.93793s, 174060 KB] M&S algorithm main loop timer: 5.92182s (after computation of next merge)
[t=6.02978s, 174060 KB] M&S algorithm main loop timer: 6.01374s (after shrinking)
[t=6.16109s, 174060 KB] M&S algorithm main loop timer: 6.14506s (after merging)
[t=6.22168s, 174060 KB] M&S algorithm main loop timer: 6.20564s (after pruning)

[t=6.2218s, 174060 KB] Operator mutex starting iteration 15

[t=6.22225s, 174060 KB] In ts_15_0 of size 2 found num new op-mutexes 0

[t=6.22262s, 174060 KB] In ts_15_1 of size 2 found num new op-mutexes 0
[t=6.22679s, 174060 KB] Operator mutex finished iteration 15. Found an additional 0 operator mutexes

[t=6.22687s, 174060 KB] Next pair of indices: (34, 1)
[t=6.2269s, 174060 KB] M&S algorithm main loop timer: 6.21079s (after computation of next merge)
[t=6.32637s, 174060 KB] M&S algorithm main loop timer: 6.31033s (after shrinking)
[t=6.46881s, 174060 KB] M&S algorithm main loop timer: 6.45278s (after merging)
[t=6.53537s, 174060 KB] M&S algorithm main loop timer: 6.51933s (after pruning)

[t=6.53548s, 174060 KB] Operator mutex starting iteration 16

[t=6.53616s, 174060 KB] In ts_16_0 of size 2 found num new op-mutexes 0
[t=6.54085s, 174060 KB] Operator mutex finished iteration 16. Found an additional 0 operator mutexes

[t=6.54094s, 174060 KB] Next pair of indices: (35, 0)
[t=6.54096s, 174060 KB] M&S algorithm main loop timer: 6.52485s (after computation of next merge)
[t=6.65111s, 174060 KB] M&S algorithm main loop timer: 6.63506s (after shrinking)
[t=6.8058s, 174060 KB] M&S algorithm main loop timer: 6.78977s (after merging)

[t=6.80863s, 174060 KB] Operator mutex starting iteration 17
[t=6.81331s, 174060 KB] Operator mutex finished iteration 17. Found an additional 0 operator mutexes

[t=6.8134s, 174060 KB] End of merge-and-shrink algorithm, statistics:
[t=6.81343s, 174060 KB] Main loop runtime: 6.79733s
[t=6.81346s, 174060 KB] Maximum intermediate abstraction size: 50000
[t=6.81348s, 174060 KB] Final peak memory increase of merge-and-shrink algorithm: 150708 KB
[t=6.81352s, 174060 KB] Merge-and-shrink algorithm runtime: 6.80371s

[t=6.81355s, 174060 KB] Number of labels: 2384
[t=6.81357s, 174060 KB] Total number of operator mutexes: 380
[t=6.8136s, 174060 KB] Operator Mutex total time: 0.183711s
[t=6.81369s, 174060 KB] Number of remaining factors: 1
[t=6.8142s, 174060 KB] Number of factors kept: 1
[t=6.81423s, 174060 KB] Done initializing merge-and-shrink heuristic.

[t=6.81471s, 174060 KB] Building successor generator...done!
[t=6.81583s, 174060 KB] peak memory difference for successor generator creation: 0 KB
[t=6.81586s, 174060 KB] time for successor generation creation: 0.00103902s
[t=6.81589s, 174060 KB] Variables: 19
[t=6.81592s, 174060 KB] FactPairs: 277
[t=6.81594s, 174060 KB] Bytes per state: 8
[t=6.81607s, 174060 KB] Conducting best first search with reopening closed nodes, (real) bound = 2147483647
[t=6.81615s, 174060 KB] New best heuristic value for merge_and_shrink(op_mutex = op_mutex(use_previous_ops = nopo, reachability_strategy = goal), merge_strategy = merge_sccs(order_of_sccs = topological, merge_tree = linear), shrink_strategy = shrink_fh): 11
[t=6.81617s, 174060 KB] g=0, 1 evaluated, 0 expanded
[t=6.8162s, 174060 KB] f = 11, 1 evaluated, 0 expanded
[t=6.81623s, 174060 KB] Initial heuristic value for merge_and_shrink(op_mutex = op_mutex(use_previous_ops = nopo, reachability_strategy = goal), merge_strategy = merge_sccs(order_of_sccs = topological, merge_tree = linear), shrink_strategy = shrink_fh): 11
[t=6.81625s, 174060 KB] pruning method: none
[t=6.81628s, 174060 KB] New best heuristic value for merge_and_shrink(op_mutex = op_mutex(use_previous_ops = nopo, reachability_strategy = goal), merge_strategy = merge_sccs(order_of_sccs = topological, merge_tree = linear), shrink_strategy = shrink_fh): 10
[t=6.81631s, 174060 KB] g=1, 2 evaluated, 1 expanded
[t=6.81634s, 174060 KB] New best heuristic value for merge_and_shrink(op_mutex = op_mutex(use_previous_ops = nopo, reachability_strategy = goal), merge_strategy = merge_sccs(order_of_sccs = topological, merge_tree = linear), shrink_strategy = shrink_fh): 9
[t=6.81636s, 174060 KB] g=2, 3 evaluated, 2 expanded
[t=6.8164s, 174060 KB] New best heuristic value for merge_and_shrink(op_mutex = op_mutex(use_previous_ops = nopo, reachability_strategy = goal), merge_strategy = merge_sccs(order_of_sccs = topological, merge_tree = linear), shrink_strategy = shrink_fh): 8
[t=6.81642s, 174060 KB] g=3, 6 evaluated, 3 expanded
[t=6.81645s, 174060 KB] New best heuristic value for merge_and_shrink(op_mutex = op_mutex(use_previous_ops = nopo, reachability_strategy = goal), merge_strategy = merge_sccs(order_of_sccs = topological, merge_tree = linear), shrink_strategy = shrink_fh): 7
[t=6.81647s, 174060 KB] g=4, 7 evaluated, 4 expanded
[t=6.8165s, 174060 KB] New best heuristic value for merge_and_shrink(op_mutex = op_mutex(use_previous_ops = nopo, reachability_strategy = goal), merge_strategy = merge_sccs(order_of_sccs = topological, merge_tree = linear), shrink_strategy = shrink_fh): 6
[t=6.81652s, 174060 KB] g=5, 9 evaluated, 5 expanded
[t=6.81657s, 174060 KB] New best heuristic value for merge_and_shrink(op_mutex = op_mutex(use_previous_ops = nopo, reachability_strategy = goal), merge_strategy = merge_sccs(order_of_sccs = topological, merge_tree = linear), shrink_strategy = shrink_fh): 5
[t=6.81659s, 174060 KB] g=6, 15 evaluated, 6 expanded
[t=6.81662s, 174060 KB] New best heuristic value for merge_and_shrink(op_mutex = op_mutex(use_previous_ops = nopo, reachability_strategy = goal), merge_strategy = merge_sccs(order_of_sccs = topological, merge_tree = linear), shrink_strategy = shrink_fh): 4
[t=6.81665s, 174060 KB] g=7, 18 evaluated, 7 expanded
[t=6.81669s, 174060 KB] New best heuristic value for merge_and_shrink(op_mutex = op_mutex(use_previous_ops = nopo, reachability_strategy = goal), merge_strategy = merge_sccs(order_of_sccs = topological, merge_tree = linear), shrink_strategy = shrink_fh): 3
[t=6.81671s, 174060 KB] g=8, 22 evaluated, 8 expanded
[t=6.81678s, 174060 KB] f = 12, 34 evaluated, 12 expanded
[t=6.81713s, 174060 KB] f = 13, 144 evaluated, 49 expanded
[t=6.81769s, 174060 KB] f = 14, 319 evaluated, 118 expanded
[t=6.81987s, 174060 KB] New best heuristic value for merge_and_shrink(op_mutex = op_mutex(use_previous_ops = nopo, reachability_strategy = goal), merge_strategy = merge_sccs(order_of_sccs = topological, merge_tree = linear), shrink_strategy = shrink_fh): 2
[t=6.8199s, 174060 KB] g=12, 1192 evaluated, 499 expanded
[t=6.81997s, 174060 KB] New best heuristic value for merge_and_shrink(op_mutex = op_mutex(use_previous_ops = nopo, reachability_strategy = goal), merge_strategy = merge_sccs(order_of_sccs = topological, merge_tree = linear), shrink_strategy = shrink_fh): 1
[t=6.81999s, 174060 KB] g=13, 1197 evaluated, 500 expanded
[t=6.82004s, 174060 KB] New best heuristic value for merge_and_shrink(op_mutex = op_mutex(use_previous_ops = nopo, reachability_strategy = goal), merge_strategy = merge_sccs(order_of_sccs = topological, merge_tree = linear), shrink_strategy = shrink_fh): 0
[t=6.82006s, 174060 KB] g=14, 1202 evaluated, 501 expanded
[t=6.82008s, 174060 KB] Solution found!
[t=6.82011s, 174060 KB] Actual search time: 0.00385269s
move node2-4 node1-4 (1)
move node1-4 node0-4 (1)
move node0-4 node0-3 (1)
move node0-3 node0-2 (1)
pickup node0-2 key3 (1)
move node0-2 node0-3 (1)
move node0-3 node1-3 (1)
unlock node1-3 node2-3 key3 square (1)
move node1-3 node2-3 (1)
pickup-and-loose node2-3 key0 key3 (1)
move node2-3 node1-3 (1)
move node1-3 node1-2 (1)
move node1-2 node1-1 (1)
putdown node1-1 key0 (1)
[t=6.82013s, 174060 KB] Plan length: 14 step(s).
[t=6.82013s, 174060 KB] Plan cost: 14
[t=6.82013s, 174060 KB] Expanded 502 state(s).
[t=6.82013s, 174060 KB] Reopened 0 state(s).
[t=6.82013s, 174060 KB] Evaluated 1202 state(s).
[t=6.82013s, 174060 KB] Evaluations: 1202
[t=6.82013s, 174060 KB] Generated 1985 state(s).
[t=6.82013s, 174060 KB] Dead ends: 0 state(s).
[t=6.82013s, 174060 KB] Expanded until last jump: 118 state(s).
[t=6.82013s, 174060 KB] Reopened until last jump: 0 state(s).
[t=6.82013s, 174060 KB] Evaluated until last jump: 319 state(s).
[t=6.82013s, 174060 KB] Generated until last jump: 484 state(s).
[t=6.82013s, 174060 KB] Number of registered states: 1202
[t=6.82013s, 174060 KB] Int hash set load factor: 1202/2048 = 0.586914
[t=6.82013s, 174060 KB] Int hash set resizes: 11
[t=6.82013s, 174060 KB] Search time: 0.00406185s
[t=6.82013s, 174060 KB] Total time: 6.82013s
Solution found.
Peak memory: 174060 KB
Remove intermediate file output.sas
search exit code: 0

INFO     Running validate.
INFO     validate stdin: None
INFO     validate time limit: None
INFO     validate memory limit: None
INFO     validate command line string: validate domain.pddl problem.pddl sas_plan
Checking plan: sas_plan
Plan executed successfully - checking goal
Plan valid
Final value: 14 

Successful plans:
Value: 14
 sas_plan 14 

validate exit code: 0

