INFO     Running translator.
INFO     translator stdin: None
INFO     translator time limit: 599.96s
INFO     translator memory limit: 7000 MB
INFO     translator command line string: /usr/bin/python3 /user/student.aau.dk/lkar18/downward-projects/downward/experiments/nopo_vs_nasutpo_vs_nelutpo/data/nopo_vs_nasutpo_vs_nelutpo/code-f7902f30c0f47512f07fb7c64cdaf652032f674a_e5e41175/builds/release/bin/translate/translate.py domain.pddl problem.pddl --sas-file output.sas
Parsing...
Parsing: [0.000s CPU, 0.004s wall-clock]
Normalizing task... [0.000s CPU, 0.000s wall-clock]
Instantiating...
Generating Datalog program... [0.000s CPU, 0.001s wall-clock]
Normalizing Datalog program...
Normalizing Datalog program: [0.010s CPU, 0.005s wall-clock]
Preparing model... [0.000s CPU, 0.003s wall-clock]
Generated 125 rules.
Computing model... [0.110s CPU, 0.106s wall-clock]
7682 relevant atoms
1817 auxiliary atoms
9499 final queue length
33479 total queue pushes
Completing instantiation... [0.420s CPU, 0.418s wall-clock]
Instantiating: [0.540s CPU, 0.536s wall-clock]
Computing fact groups...
Finding invariants...
15 initial candidates
Finding invariants: [0.020s CPU, 0.017s wall-clock]
Checking invariant weight... [0.000s CPU, 0.001s wall-clock]
Instantiating groups... [0.010s CPU, 0.003s wall-clock]
Collecting mutex groups... [0.000s CPU, 0.000s wall-clock]
Choosing groups...
15 uncovered facts
Choosing groups: [0.000s CPU, 0.001s wall-clock]
Building translation key... [0.000s CPU, 0.000s wall-clock]
Computing fact groups: [0.030s CPU, 0.024s wall-clock]
Building STRIPS to SAS dictionary... [0.000s CPU, 0.000s wall-clock]
Building dictionary for full mutex groups... [0.000s CPU, 0.000s wall-clock]
Building mutex information...
not in strips_to_sas, left out: Atom bottomcol(c0)
not in strips_to_sas, left out: Atom bottomcol(d0)
not in strips_to_sas, left out: Atom bottomcol(h0)
not in strips_to_sas, left out: Atom bottomcol(s0)
Building mutex information: [0.000s CPU, 0.000s wall-clock]
Translating task...
Processing axioms...
Simplifying axioms... [0.000s CPU, 0.000s wall-clock]
Translator axioms removed by simplifying: 0
Computing negative axioms... [0.000s CPU, 0.000s wall-clock]
Processing axioms: [0.020s CPU, 0.018s wall-clock]
Translating task: [0.440s CPU, 0.439s wall-clock]
3428 effect conditions simplified
0 implied preconditions added
Detecting unreachable propositions...
0 operators removed
0 axioms removed
12 propositions removed
Detecting unreachable propositions: [0.230s CPU, 0.236s wall-clock]
Reordering and filtering variables...
38 of 38 variables necessary.
42 of 66 mutex groups necessary.
7374 of 7374 operators necessary.
0 of 0 axiom rules necessary.
Reordering and filtering variables: [0.060s CPU, 0.065s wall-clock]
Translator variables: 38
Translator derived variables: 0
Translator facts: 163
Translator goal facts: 4
Translator mutex groups: 42
Translator total mutex groups size: 185
Translator operators: 7374
Translator axioms: 0
Translator task size: 61240
Translator peak memory: 80680 KB
Writing output... [0.110s CPU, 0.105s wall-clock]
Done! [1.430s CPU, 1.430s wall-clock]
translate exit code: 0

INFO     Running search (release).
INFO     search stdin: output.sas
INFO     search time limit: 598.47s
INFO     search memory limit: 7000 MB
INFO     search command line string: /user/student.aau.dk/lkar18/downward-projects/downward/experiments/nopo_vs_nasutpo_vs_nelutpo/data/nopo_vs_nasutpo_vs_nelutpo/code-f7902f30c0f47512f07fb7c64cdaf652032f674a_e5e41175/builds/release/bin/downward --search 'astar(merge_and_shrink(op_mutex=op_mutex(use_previous_ops=NaSUTPO, reachability_strategy=goal)))' --internal-plan-file sas_plan < output.sas
[t=3.4303e-05s, 22344 KB] reading input...
[t=0.030655s, 24744 KB] done reading input!
[t=0.0322048s, 25140 KB] Initializing merge-and-shrink heuristic...
[t=0.0322741s, 25140 KB] Running merge-and-shrink algorithm...
[t=0.032295s, 25140 KB] Merge strategy options:
[t=0.0323165s, 25140 KB] Type: stateless
[t=0.0323381s, 25140 KB] Merge selector options:
[t=0.0323589s, 25140 KB] Name: score based filtering
[t=0.0323795s, 25140 KB] Merge scoring function:
[t=0.0323996s, 25140 KB] Name: goal relevance
[t=0.0324197s, 25140 KB] Merge scoring function:
[t=0.0324395s, 25140 KB] Name: dfp
[t=0.0324593s, 25140 KB] Merge scoring function:
[t=0.0324792s, 25140 KB] Name: total order
[t=0.0324998s, 25140 KB] Atomic transition system order: reverse level
[t=0.0325201s, 25140 KB] Product transition system order: new to old
[t=0.0325401s, 25140 KB] Consider atomic before product transition systems
[t=0.0325605s, 25140 KB] Random seed: -1

[t=0.0325828s, 25140 KB] Options related to size limits and shrinking: 
[t=0.0326032s, 25140 KB] Transition system size limit: 50000
[t=0.0326233s, 25140 KB] Transition system size limit right before merge: 50000
[t=0.0326431s, 25140 KB] Threshold to trigger shrinking right before merge: 1

[t=0.0326648s, 25140 KB] Pruning unreachable states: yes
[t=0.0326871s, 25140 KB] Pruning irrelevant states: yes

[t=0.0327138s, 25140 KB] Label reduction disabled

[t=0.0327386s, 25140 KB] Main loop max time in seconds: inf

[t=0.0327739s, 25140 KB] ===============================================================================
[t=0.0327939s, 25140 KB] WARNING! You did not enable label reduction.
This may drastically reduce the performance of merge-and-shrink!
[t=0.0328149s, 25140 KB] ===============================================================================

[t=0.0328526s, 25140 KB] Building atomic transition systems... 
[t=0.0591905s, 75708 KB] M&S algorithm timer: 0.0269984s (after computation of atomic factors)

[t=0.0592992s, 75708 KB] Starting main loop without a time limit.
[t=0.0617396s, 75708 KB] Next pair of indices: (4, 37)
[t=0.0617843s, 75708 KB] M&S algorithm main loop timer: 0.00250862s (after computation of next merge)
[t=0.062493s, 75940 KB] M&S algorithm main loop timer: 0.00330146s (after merging)
[t=0.0626131s, 75940 KB] M&S algorithm main loop timer: 0.00333766s (after pruning)

[t=0.0626444s, 75940 KB] Operator mutex starting iteration 0
[t=0.0641134s, 75944 KB] In ts_0_0 of size 2 found num new op-mutexes 784
[t=0.0654995s, 75944 KB] In ts_0_1 of size 2 found num new op-mutexes 784
[t=0.0667592s, 75944 KB] In ts_0_2 of size 2 found num new op-mutexes 784
[t=0.0680155s, 75944 KB] In ts_0_3 of size 2 found num new op-mutexes 841
[t=0.0693241s, 75944 KB] In ts_0_5 of size 2 found num new op-mutexes 0
[t=0.0717023s, 76124 KB] In ts_0_6 of size 5 found num new op-mutexes 1513
[t=0.0730293s, 76124 KB] In ts_0_7 of size 2 found num new op-mutexes 0
[t=0.075353s, 76124 KB] In ts_0_8 of size 5 found num new op-mutexes 1570
[t=0.0767075s, 76124 KB] In ts_0_9 of size 2 found num new op-mutexes 0
[t=0.08067s, 76304 KB] In ts_0_10 of size 6 found num new op-mutexes 784
[t=0.0821525s, 76304 KB] In ts_0_11 of size 2 found num new op-mutexes 0
[t=0.0859546s, 76304 KB] In ts_0_12 of size 6 found num new op-mutexes 841
[t=0.0874606s, 76304 KB] In ts_0_13 of size 2 found num new op-mutexes 0
[t=0.0887829s, 76304 KB] In ts_0_14 of size 2 found num new op-mutexes 0
[t=0.0917709s, 76304 KB] In ts_0_15 of size 7 found num new op-mutexes 1570
[t=0.093114s, 76304 KB] In ts_0_16 of size 2 found num new op-mutexes 0
[t=0.0961433s, 76304 KB] In ts_0_17 of size 7 found num new op-mutexes 2353
[t=0.101355s, 76672 KB] In ts_0_18 of size 7 found num new op-mutexes 2512
[t=0.103103s, 76672 KB] In ts_0_19 of size 3 found num new op-mutexes 784
[t=0.104415s, 76672 KB] In ts_0_20 of size 2 found num new op-mutexes 0
[t=0.107417s, 76672 KB] In ts_0_21 of size 7 found num new op-mutexes 1680
[t=0.110197s, 76672 KB] In ts_0_22 of size 6 found num new op-mutexes 728
[t=0.111529s, 76672 KB] In ts_0_23 of size 2 found num new op-mutexes 0
[t=0.116012s, 76672 KB] In ts_0_24 of size 6 found num new op-mutexes 0
[t=0.117524s, 76672 KB] In ts_0_25 of size 2 found num new op-mutexes 0
[t=0.122012s, 76672 KB] In ts_0_26 of size 6 found num new op-mutexes 0
[t=0.123503s, 76672 KB] In ts_0_27 of size 2 found num new op-mutexes 0
[t=0.124981s, 76672 KB] In ts_0_28 of size 2 found num new op-mutexes 0
[t=0.129516s, 76672 KB] In ts_0_29 of size 6 found num new op-mutexes 0
[t=0.131038s, 76672 KB] In ts_0_30 of size 2 found num new op-mutexes 0
[t=0.132517s, 76672 KB] In ts_0_31 of size 2 found num new op-mutexes 0
[t=0.137375s, 76672 KB] In ts_0_32 of size 14 found num new op-mutexes 0
[t=0.142258s, 76672 KB] In ts_0_33 of size 14 found num new op-mutexes 0
[t=0.144397s, 76672 KB] In ts_0_34 of size 4 found num new op-mutexes 0
[t=0.14657s, 76672 KB] In ts_0_35 of size 4 found num new op-mutexes 0
[t=0.149432s, 76672 KB] In ts_0_36 of size 6 found num new op-mutexes 1568
[t=0.151953s, 76672 KB] In ts_0_38 of size 6 found num new op-mutexes 676
[t=0.152094s, 76672 KB] Operator mutex finished iteration 0. Found an additional 19772 operator mutexes

[t=0.154578s, 76672 KB] Next pair of indices: (5, 36)
[t=0.154611s, 76672 KB] M&S algorithm main loop timer: 0.0953322s (after computation of next merge)
[t=0.155229s, 76672 KB] M&S algorithm main loop timer: 0.0960377s (after merging)
[t=0.155348s, 76672 KB] M&S algorithm main loop timer: 0.0960705s (after pruning)

[t=0.155376s, 76672 KB] Operator mutex starting iteration 1
[t=0.156637s, 76672 KB] In ts_1_0 of size 2 found num new op-mutexes 0
[t=0.157945s, 76672 KB] In ts_1_1 of size 2 found num new op-mutexes 0
[t=0.159259s, 76672 KB] In ts_1_2 of size 2 found num new op-mutexes 0
[t=0.160564s, 76672 KB] In ts_1_3 of size 2 found num new op-mutexes 0
[t=0.162942s, 76672 KB] In ts_1_6 of size 5 found num new op-mutexes 0
[t=0.16428s, 76672 KB] In ts_1_7 of size 2 found num new op-mutexes 0
[t=0.166721s, 76672 KB] In ts_1_8 of size 5 found num new op-mutexes 0
[t=0.168312s, 76672 KB] In ts_1_9 of size 2 found num new op-mutexes 0
[t=0.172378s, 76672 KB] In ts_1_10 of size 6 found num new op-mutexes 0
[t=0.174004s, 76672 KB] In ts_1_11 of size 2 found num new op-mutexes 0
[t=0.178064s, 76672 KB] In ts_1_12 of size 6 found num new op-mutexes 0
[t=0.179724s, 76672 KB] In ts_1_13 of size 2 found num new op-mutexes 0
[t=0.181171s, 76672 KB] In ts_1_14 of size 2 found num new op-mutexes 0
[t=0.184372s, 76672 KB] In ts_1_15 of size 7 found num new op-mutexes 0
[t=0.185886s, 76672 KB] In ts_1_16 of size 2 found num new op-mutexes 0
[t=0.189054s, 76672 KB] In ts_1_17 of size 7 found num new op-mutexes 0
[t=0.194104s, 76672 KB] In ts_1_18 of size 7 found num new op-mutexes 0
[t=0.196017s, 76672 KB] In ts_1_19 of size 3 found num new op-mutexes 0
[t=0.197626s, 76672 KB] In ts_1_20 of size 2 found num new op-mutexes 0
[t=0.20107s, 76672 KB] In ts_1_21 of size 7 found num new op-mutexes 0
[t=0.203949s, 76672 KB] In ts_1_22 of size 6 found num new op-mutexes 0
[t=0.205434s, 76672 KB] In ts_1_23 of size 2 found num new op-mutexes 0
[t=0.210056s, 76672 KB] In ts_1_24 of size 6 found num new op-mutexes 0
[t=0.211713s, 76672 KB] In ts_1_25 of size 2 found num new op-mutexes 0
[t=0.216356s, 76672 KB] In ts_1_26 of size 6 found num new op-mutexes 0
[t=0.217988s, 76672 KB] In ts_1_27 of size 2 found num new op-mutexes 0
[t=0.219624s, 76672 KB] In ts_1_28 of size 2 found num new op-mutexes 0
[t=0.224318s, 76672 KB] In ts_1_29 of size 6 found num new op-mutexes 0
[t=0.225984s, 76672 KB] In ts_1_30 of size 2 found num new op-mutexes 0
[t=0.227617s, 76672 KB] In ts_1_31 of size 2 found num new op-mutexes 0
[t=0.232628s, 76672 KB] In ts_1_32 of size 14 found num new op-mutexes 0
[t=0.237682s, 76672 KB] In ts_1_33 of size 14 found num new op-mutexes 0
[t=0.240002s, 76672 KB] In ts_1_34 of size 4 found num new op-mutexes 0
[t=0.242284s, 76672 KB] In ts_1_35 of size 4 found num new op-mutexes 0
[t=0.244919s, 76672 KB] In ts_1_38 of size 6 found num new op-mutexes 0
[t=0.24822s, 76672 KB] In ts_1_39 of size 11 found num new op-mutexes 0
[t=0.248366s, 76672 KB] Operator mutex finished iteration 1. Found an additional 0 operator mutexes

[t=0.250687s, 76672 KB] Next pair of indices: (6, 35)
[t=0.250721s, 76672 KB] M&S algorithm main loop timer: 0.191455s (after computation of next merge)
[t=0.251371s, 76672 KB] M&S algorithm main loop timer: 0.192179s (after merging)
[t=0.251491s, 76672 KB] M&S algorithm main loop timer: 0.192214s (after pruning)

[t=0.25152s, 76672 KB] Operator mutex starting iteration 2
[t=0.252917s, 76672 KB] In ts_2_0 of size 2 found num new op-mutexes 0
[t=0.254333s, 76672 KB] In ts_2_1 of size 2 found num new op-mutexes 0
[t=0.255639s, 76672 KB] In ts_2_2 of size 2 found num new op-mutexes 0
[t=0.256903s, 76672 KB] In ts_2_3 of size 2 found num new op-mutexes 0
[t=0.258213s, 76672 KB] In ts_2_7 of size 2 found num new op-mutexes 0
[t=0.260598s, 76672 KB] In ts_2_8 of size 5 found num new op-mutexes 0
[t=0.261895s, 76672 KB] In ts_2_9 of size 2 found num new op-mutexes 0
[t=0.265777s, 76672 KB] In ts_2_10 of size 6 found num new op-mutexes 0
[t=0.267281s, 76672 KB] In ts_2_11 of size 2 found num new op-mutexes 0
[t=0.271146s, 76672 KB] In ts_2_12 of size 6 found num new op-mutexes 0
[t=0.272615s, 76672 KB] In ts_2_13 of size 2 found num new op-mutexes 0
[t=0.27393s, 76672 KB] In ts_2_14 of size 2 found num new op-mutexes 0
[t=0.277001s, 76672 KB] In ts_2_15 of size 7 found num new op-mutexes 0
[t=0.278349s, 76672 KB] In ts_2_16 of size 2 found num new op-mutexes 0
[t=0.281326s, 76672 KB] In ts_2_17 of size 7 found num new op-mutexes 0
[t=0.286268s, 76672 KB] In ts_2_18 of size 7 found num new op-mutexes 0
[t=0.287974s, 76672 KB] In ts_2_19 of size 3 found num new op-mutexes 0
[t=0.289272s, 76672 KB] In ts_2_20 of size 2 found num new op-mutexes 0
[t=0.292258s, 76672 KB] In ts_2_21 of size 7 found num new op-mutexes 0
[t=0.295036s, 76672 KB] In ts_2_22 of size 6 found num new op-mutexes 0
[t=0.296359s, 76672 KB] In ts_2_23 of size 2 found num new op-mutexes 0
[t=0.301299s, 76672 KB] In ts_2_24 of size 6 found num new op-mutexes 0
[t=0.302811s, 76672 KB] In ts_2_25 of size 2 found num new op-mutexes 0
[t=0.307313s, 76672 KB] In ts_2_26 of size 6 found num new op-mutexes 0
[t=0.308929s, 76672 KB] In ts_2_27 of size 2 found num new op-mutexes 0
[t=0.310417s, 76672 KB] In ts_2_28 of size 2 found num new op-mutexes 0
[t=0.314975s, 76672 KB] In ts_2_29 of size 6 found num new op-mutexes 0
[t=0.31644s, 76672 KB] In ts_2_30 of size 2 found num new op-mutexes 0
[t=0.317896s, 76672 KB] In ts_2_31 of size 2 found num new op-mutexes 0
[t=0.3227s, 76672 KB] In ts_2_32 of size 14 found num new op-mutexes 0
[t=0.327585s, 76672 KB] In ts_2_33 of size 14 found num new op-mutexes 0
[t=0.329724s, 76672 KB] In ts_2_34 of size 4 found num new op-mutexes 0
[t=0.332236s, 76672 KB] In ts_2_38 of size 6 found num new op-mutexes 0
[t=0.335375s, 76672 KB] In ts_2_39 of size 11 found num new op-mutexes 0
[t=0.338895s, 76672 KB] In ts_2_40 of size 13 found num new op-mutexes 676
[t=0.339047s, 76672 KB] Operator mutex finished iteration 2. Found an additional 676 operator mutexes

[t=0.341273s, 76672 KB] Next pair of indices: (0, 40)
[t=0.341309s, 76672 KB] M&S algorithm main loop timer: 0.282032s (after computation of next merge)
[t=0.341999s, 76672 KB] M&S algorithm main loop timer: 0.282731s (after merging)
[t=0.342042s, 76672 KB] M&S algorithm main loop timer: 0.282765s (after pruning)

[t=0.34207s, 76672 KB] Operator mutex starting iteration 3
[t=0.343352s, 76672 KB] In ts_3_1 of size 2 found num new op-mutexes 0
[t=0.344666s, 76672 KB] In ts_3_2 of size 2 found num new op-mutexes 0
[t=0.345955s, 76672 KB] In ts_3_3 of size 2 found num new op-mutexes 0
[t=0.347274s, 76672 KB] In ts_3_7 of size 2 found num new op-mutexes 0
[t=0.349659s, 76672 KB] In ts_3_8 of size 5 found num new op-mutexes 0
[t=0.350989s, 76672 KB] In ts_3_9 of size 2 found num new op-mutexes 0
[t=0.354915s, 76672 KB] In ts_3_10 of size 6 found num new op-mutexes 0
[t=0.356398s, 76672 KB] In ts_3_11 of size 2 found num new op-mutexes 0
[t=0.360288s, 76672 KB] In ts_3_12 of size 6 found num new op-mutexes 0
[t=0.361786s, 76672 KB] In ts_3_13 of size 2 found num new op-mutexes 0
[t=0.363096s, 76672 KB] In ts_3_14 of size 2 found num new op-mutexes 0
[t=0.366157s, 76672 KB] In ts_3_15 of size 7 found num new op-mutexes 0
[t=0.36751s, 76672 KB] In ts_3_16 of size 2 found num new op-mutexes 0
[t=0.370522s, 76672 KB] In ts_3_17 of size 7 found num new op-mutexes 0
[t=0.375562s, 76672 KB] In ts_3_18 of size 7 found num new op-mutexes 0
[t=0.377314s, 76672 KB] In ts_3_19 of size 3 found num new op-mutexes 0
[t=0.378653s, 76672 KB] In ts_3_20 of size 2 found num new op-mutexes 0
[t=0.381646s, 76672 KB] In ts_3_21 of size 7 found num new op-mutexes 0
[t=0.384402s, 76672 KB] In ts_3_22 of size 6 found num new op-mutexes 0
[t=0.385753s, 76672 KB] In ts_3_23 of size 2 found num new op-mutexes 0
[t=0.39019s, 76672 KB] In ts_3_24 of size 6 found num new op-mutexes 0
[t=0.391666s, 76672 KB] In ts_3_25 of size 2 found num new op-mutexes 0
[t=0.39618s, 76672 KB] In ts_3_26 of size 6 found num new op-mutexes 0
[t=0.39768s, 76672 KB] In ts_3_27 of size 2 found num new op-mutexes 0
[t=0.399142s, 76672 KB] In ts_3_28 of size 2 found num new op-mutexes 0
[t=0.40415s, 76672 KB] In ts_3_29 of size 6 found num new op-mutexes 0
[t=0.405674s, 76672 KB] In ts_3_30 of size 2 found num new op-mutexes 0
[t=0.407134s, 76672 KB] In ts_3_31 of size 2 found num new op-mutexes 0
[t=0.411963s, 76672 KB] In ts_3_32 of size 14 found num new op-mutexes 0
[t=0.416893s, 76672 KB] In ts_3_33 of size 14 found num new op-mutexes 0
[t=0.41906s, 76672 KB] In ts_3_34 of size 4 found num new op-mutexes 0
[t=0.421588s, 76672 KB] In ts_3_38 of size 6 found num new op-mutexes 0
[t=0.424709s, 76672 KB] In ts_3_39 of size 11 found num new op-mutexes 0
[t=0.428207s, 76672 KB] In ts_3_41 of size 13 found num new op-mutexes 0
[t=0.428353s, 76672 KB] Operator mutex finished iteration 3. Found an additional 0 operator mutexes

[t=0.430546s, 76672 KB] Next pair of indices: (7, 41)
[t=0.430591s, 76672 KB] M&S algorithm main loop timer: 0.371315s (after computation of next merge)
[t=0.431269s, 76672 KB] M&S algorithm main loop timer: 0.372s (after merging)
[t=0.431313s, 76672 KB] M&S algorithm main loop timer: 0.372036s (after pruning)

[t=0.431342s, 76672 KB] Operator mutex starting iteration 4
[t=0.432558s, 76672 KB] In ts_4_1 of size 2 found num new op-mutexes 0
[t=0.433902s, 76672 KB] In ts_4_2 of size 2 found num new op-mutexes 0
[t=0.435214s, 76672 KB] In ts_4_3 of size 2 found num new op-mutexes 0
[t=0.437656s, 76672 KB] In ts_4_8 of size 5 found num new op-mutexes 0
[t=0.438992s, 76672 KB] In ts_4_9 of size 2 found num new op-mutexes 0
[t=0.44295s, 76672 KB] In ts_4_10 of size 6 found num new op-mutexes 0
[t=0.444487s, 76672 KB] In ts_4_11 of size 2 found num new op-mutexes 0
[t=0.448397s, 76672 KB] In ts_4_12 of size 6 found num new op-mutexes 0
[t=0.449928s, 76672 KB] In ts_4_13 of size 2 found num new op-mutexes 0
[t=0.451258s, 76672 KB] In ts_4_14 of size 2 found num new op-mutexes 0
[t=0.454396s, 76672 KB] In ts_4_15 of size 7 found num new op-mutexes 0
[t=0.455736s, 76672 KB] In ts_4_16 of size 2 found num new op-mutexes 0
[t=0.458762s, 76672 KB] In ts_4_17 of size 7 found num new op-mutexes 0
[t=0.463745s, 76672 KB] In ts_4_18 of size 7 found num new op-mutexes 0
[t=0.465503s, 76672 KB] In ts_4_19 of size 3 found num new op-mutexes 0
[t=0.466842s, 76672 KB] In ts_4_20 of size 2 found num new op-mutexes 0
[t=0.469845s, 76672 KB] In ts_4_21 of size 7 found num new op-mutexes 0
[t=0.472577s, 76672 KB] In ts_4_22 of size 6 found num new op-mutexes 0
[t=0.473949s, 76672 KB] In ts_4_23 of size 2 found num new op-mutexes 0
[t=0.478457s, 76672 KB] In ts_4_24 of size 6 found num new op-mutexes 0
[t=0.479963s, 76672 KB] In ts_4_25 of size 2 found num new op-mutexes 0
[t=0.485235s, 76672 KB] In ts_4_26 of size 6 found num new op-mutexes 0
[t=0.486766s, 76672 KB] In ts_4_27 of size 2 found num new op-mutexes 0
[t=0.48828s, 76672 KB] In ts_4_28 of size 2 found num new op-mutexes 0
[t=0.492954s, 76672 KB] In ts_4_29 of size 6 found num new op-mutexes 0
[t=0.494477s, 76672 KB] In ts_4_30 of size 2 found num new op-mutexes 0
[t=0.495978s, 76672 KB] In ts_4_31 of size 2 found num new op-mutexes 0
[t=0.500992s, 76672 KB] In ts_4_32 of size 14 found num new op-mutexes 0
[t=0.506113s, 76672 KB] In ts_4_33 of size 14 found num new op-mutexes 0
[t=0.508296s, 76672 KB] In ts_4_34 of size 4 found num new op-mutexes 0
[t=0.510821s, 76672 KB] In ts_4_38 of size 6 found num new op-mutexes 0
[t=0.514006s, 76672 KB] In ts_4_39 of size 11 found num new op-mutexes 0
[t=0.518387s, 76672 KB] In ts_4_42 of size 25 found num new op-mutexes 0
[t=0.518554s, 76672 KB] Operator mutex finished iteration 4. Found an additional 0 operator mutexes

[t=0.520682s, 76672 KB] Next pair of indices: (8, 34)
[t=0.520716s, 76672 KB] M&S algorithm main loop timer: 0.461439s (after computation of next merge)
[t=0.52135s, 76672 KB] M&S algorithm main loop timer: 0.462167s (after merging)
[t=0.521479s, 76672 KB] M&S algorithm main loop timer: 0.462202s (after pruning)

[t=0.521508s, 76672 KB] Operator mutex starting iteration 5
[t=0.522755s, 76672 KB] In ts_5_1 of size 2 found num new op-mutexes 0
[t=0.524155s, 76672 KB] In ts_5_2 of size 2 found num new op-mutexes 0
[t=0.525468s, 76672 KB] In ts_5_3 of size 2 found num new op-mutexes 0
[t=0.526797s, 76672 KB] In ts_5_9 of size 2 found num new op-mutexes 0
[t=0.530724s, 76672 KB] In ts_5_10 of size 6 found num new op-mutexes 0
[t=0.532252s, 76672 KB] In ts_5_11 of size 2 found num new op-mutexes 0
[t=0.536167s, 76672 KB] In ts_5_12 of size 6 found num new op-mutexes 0
[t=0.537674s, 76672 KB] In ts_5_13 of size 2 found num new op-mutexes 0
[t=0.539001s, 76672 KB] In ts_5_14 of size 2 found num new op-mutexes 0
[t=0.542096s, 76672 KB] In ts_5_15 of size 7 found num new op-mutexes 0
[t=0.543463s, 76672 KB] In ts_5_16 of size 2 found num new op-mutexes 0
[t=0.5465s, 76672 KB] In ts_5_17 of size 7 found num new op-mutexes 0
[t=0.551484s, 76672 KB] In ts_5_18 of size 7 found num new op-mutexes 0
[t=0.55327s, 76672 KB] In ts_5_19 of size 3 found num new op-mutexes 0
[t=0.554607s, 76672 KB] In ts_5_20 of size 2 found num new op-mutexes 0
[t=0.557664s, 76672 KB] In ts_5_21 of size 7 found num new op-mutexes 0
[t=0.560448s, 76672 KB] In ts_5_22 of size 6 found num new op-mutexes 0
[t=0.561814s, 76672 KB] In ts_5_23 of size 2 found num new op-mutexes 0
[t=0.566339s, 76672 KB] In ts_5_24 of size 6 found num new op-mutexes 0
[t=0.567847s, 76672 KB] In ts_5_25 of size 2 found num new op-mutexes 0
[t=0.572388s, 76672 KB] In ts_5_26 of size 6 found num new op-mutexes 0
[t=0.573904s, 76672 KB] In ts_5_27 of size 2 found num new op-mutexes 0
[t=0.575378s, 76672 KB] In ts_5_28 of size 2 found num new op-mutexes 0
[t=0.579954s, 76672 KB] In ts_5_29 of size 6 found num new op-mutexes 0
[t=0.581463s, 76672 KB] In ts_5_30 of size 2 found num new op-mutexes 0
[t=0.582967s, 76672 KB] In ts_5_31 of size 2 found num new op-mutexes 0
[t=0.587848s, 76672 KB] In ts_5_32 of size 14 found num new op-mutexes 0
[t=0.592791s, 76672 KB] In ts_5_33 of size 14 found num new op-mutexes 0
[t=0.595334s, 76672 KB] In ts_5_38 of size 6 found num new op-mutexes 0
[t=0.598476s, 76672 KB] In ts_5_39 of size 11 found num new op-mutexes 0
[t=0.602886s, 76672 KB] In ts_5_42 of size 25 found num new op-mutexes 0
[t=0.606902s, 76672 KB] In ts_5_43 of size 13 found num new op-mutexes 676
[t=0.607051s, 76672 KB] Operator mutex finished iteration 5. Found an additional 676 operator mutexes

[t=0.609143s, 76672 KB] Next pair of indices: (1, 43)
[t=0.609177s, 76672 KB] M&S algorithm main loop timer: 0.549899s (after computation of next merge)
[t=0.609834s, 76672 KB] M&S algorithm main loop timer: 0.550564s (after merging)
[t=0.609875s, 76672 KB] M&S algorithm main loop timer: 0.550597s (after pruning)

[t=0.609903s, 76672 KB] Operator mutex starting iteration 6
[t=0.611119s, 76672 KB] In ts_6_2 of size 2 found num new op-mutexes 0
[t=0.612471s, 76672 KB] In ts_6_3 of size 2 found num new op-mutexes 0
[t=0.613813s, 76672 KB] In ts_6_9 of size 2 found num new op-mutexes 0
[t=0.617749s, 76672 KB] In ts_6_10 of size 6 found num new op-mutexes 0
[t=0.619259s, 76672 KB] In ts_6_11 of size 2 found num new op-mutexes 0
[t=0.623193s, 76672 KB] In ts_6_12 of size 6 found num new op-mutexes 0
[t=0.624743s, 76672 KB] In ts_6_13 of size 2 found num new op-mutexes 0
[t=0.626092s, 76672 KB] In ts_6_14 of size 2 found num new op-mutexes 0
[t=0.629198s, 76672 KB] In ts_6_15 of size 7 found num new op-mutexes 0
[t=0.630572s, 76672 KB] In ts_6_16 of size 2 found num new op-mutexes 0
[t=0.63364s, 76672 KB] In ts_6_17 of size 7 found num new op-mutexes 0
[t=0.638598s, 76672 KB] In ts_6_18 of size 7 found num new op-mutexes 0
[t=0.64038s, 76672 KB] In ts_6_19 of size 3 found num new op-mutexes 0
[t=0.64174s, 76672 KB] In ts_6_20 of size 2 found num new op-mutexes 0
[t=0.644779s, 76672 KB] In ts_6_21 of size 7 found num new op-mutexes 0
[t=0.647561s, 76672 KB] In ts_6_22 of size 6 found num new op-mutexes 0
[t=0.64892s, 76672 KB] In ts_6_23 of size 2 found num new op-mutexes 0
[t=0.653462s, 76672 KB] In ts_6_24 of size 6 found num new op-mutexes 0
[t=0.654995s, 76672 KB] In ts_6_25 of size 2 found num new op-mutexes 0
[t=0.659524s, 76672 KB] In ts_6_26 of size 6 found num new op-mutexes 0
[t=0.661036s, 76672 KB] In ts_6_27 of size 2 found num new op-mutexes 0
[t=0.66256s, 76672 KB] In ts_6_28 of size 2 found num new op-mutexes 0
[t=0.667164s, 76672 KB] In ts_6_29 of size 6 found num new op-mutexes 0
[t=0.668668s, 76672 KB] In ts_6_30 of size 2 found num new op-mutexes 0
[t=0.670156s, 76672 KB] In ts_6_31 of size 2 found num new op-mutexes 0
[t=0.675062s, 76672 KB] In ts_6_32 of size 14 found num new op-mutexes 0
[t=0.68001s, 76672 KB] In ts_6_33 of size 14 found num new op-mutexes 0
[t=0.682592s, 76672 KB] In ts_6_38 of size 6 found num new op-mutexes 0
[t=0.68578s, 76672 KB] In ts_6_39 of size 11 found num new op-mutexes 0
[t=0.690195s, 76672 KB] In ts_6_42 of size 25 found num new op-mutexes 0
[t=0.693789s, 76672 KB] In ts_6_44 of size 13 found num new op-mutexes 0
[t=0.693952s, 76672 KB] Operator mutex finished iteration 6. Found an additional 0 operator mutexes

[t=0.695984s, 76672 KB] Next pair of indices: (9, 44)
[t=0.696019s, 76672 KB] M&S algorithm main loop timer: 0.63674s (after computation of next merge)
[t=0.6967s, 76672 KB] M&S algorithm main loop timer: 0.637439s (after merging)
[t=0.696752s, 76672 KB] M&S algorithm main loop timer: 0.637475s (after pruning)

[t=0.696781s, 76672 KB] Operator mutex starting iteration 7
[t=0.697988s, 76672 KB] In ts_7_2 of size 2 found num new op-mutexes 0
[t=0.699315s, 76672 KB] In ts_7_3 of size 2 found num new op-mutexes 0
[t=0.703285s, 76672 KB] In ts_7_10 of size 6 found num new op-mutexes 0
[t=0.704811s, 76672 KB] In ts_7_11 of size 2 found num new op-mutexes 0
[t=0.7091s, 76672 KB] In ts_7_12 of size 6 found num new op-mutexes 0
[t=0.710642s, 76672 KB] In ts_7_13 of size 2 found num new op-mutexes 0
[t=0.711987s, 76672 KB] In ts_7_14 of size 2 found num new op-mutexes 0
[t=0.715106s, 76672 KB] In ts_7_15 of size 7 found num new op-mutexes 0
[t=0.716461s, 76672 KB] In ts_7_16 of size 2 found num new op-mutexes 0
[t=0.719531s, 76672 KB] In ts_7_17 of size 7 found num new op-mutexes 0
[t=0.724562s, 76672 KB] In ts_7_18 of size 7 found num new op-mutexes 0
[t=0.726308s, 76672 KB] In ts_7_19 of size 3 found num new op-mutexes 0
[t=0.727667s, 76672 KB] In ts_7_20 of size 2 found num new op-mutexes 0
[t=0.730732s, 76672 KB] In ts_7_21 of size 7 found num new op-mutexes 0
[t=0.733484s, 76672 KB] In ts_7_22 of size 6 found num new op-mutexes 0
[t=0.734854s, 76672 KB] In ts_7_23 of size 2 found num new op-mutexes 0
[t=0.73936s, 76672 KB] In ts_7_24 of size 6 found num new op-mutexes 0
[t=0.740903s, 76672 KB] In ts_7_25 of size 2 found num new op-mutexes 0
[t=0.745408s, 76672 KB] In ts_7_26 of size 6 found num new op-mutexes 0
[t=0.746943s, 76672 KB] In ts_7_27 of size 2 found num new op-mutexes 0
[t=0.748421s, 76672 KB] In ts_7_28 of size 2 found num new op-mutexes 0
[t=0.753018s, 76672 KB] In ts_7_29 of size 6 found num new op-mutexes 0
[t=0.754543s, 76672 KB] In ts_7_30 of size 2 found num new op-mutexes 0
[t=0.756026s, 76672 KB] In ts_7_31 of size 2 found num new op-mutexes 0
[t=0.760946s, 76672 KB] In ts_7_32 of size 14 found num new op-mutexes 0
[t=0.765882s, 76672 KB] In ts_7_33 of size 14 found num new op-mutexes 0
[t=0.768431s, 76672 KB] In ts_7_38 of size 6 found num new op-mutexes 0
[t=0.771617s, 76672 KB] In ts_7_39 of size 11 found num new op-mutexes 0
[t=0.776035s, 76672 KB] In ts_7_42 of size 25 found num new op-mutexes 0
[t=0.780425s, 76672 KB] In ts_7_45 of size 25 found num new op-mutexes 0
[t=0.780578s, 76672 KB] Operator mutex finished iteration 7. Found an additional 0 operator mutexes

[t=0.782543s, 76672 KB] Next pair of indices: (12, 42)
[t=0.782577s, 76672 KB] M&S algorithm main loop timer: 0.723299s (after computation of next merge)
[t=0.782646s, 76672 KB] M&S algorithm main loop timer: 0.723371s (after shrinking)
[t=0.783388s, 76672 KB] M&S algorithm main loop timer: 0.724122s (after merging)
[t=0.783447s, 76672 KB] M&S algorithm main loop timer: 0.724171s (after pruning)

[t=0.783477s, 76672 KB] Operator mutex starting iteration 8
[t=0.784699s, 76672 KB] In ts_8_2 of size 2 found num new op-mutexes 0
[t=0.78602s, 76672 KB] In ts_8_3 of size 2 found num new op-mutexes 0
[t=0.78998s, 76672 KB] In ts_8_10 of size 6 found num new op-mutexes 0
[t=0.791517s, 76672 KB] In ts_8_11 of size 2 found num new op-mutexes 0
[t=0.793017s, 76672 KB] In ts_8_13 of size 2 found num new op-mutexes 0
[t=0.794374s, 76672 KB] In ts_8_14 of size 2 found num new op-mutexes 0
[t=0.797462s, 76672 KB] In ts_8_15 of size 7 found num new op-mutexes 0
[t=0.798843s, 76672 KB] In ts_8_16 of size 2 found num new op-mutexes 0
[t=0.801911s, 76672 KB] In ts_8_17 of size 7 found num new op-mutexes 0
[t=0.806885s, 76672 KB] In ts_8_18 of size 7 found num new op-mutexes 0
[t=0.809213s, 76672 KB] In ts_8_19 of size 3 found num new op-mutexes 0
[t=0.810591s, 76672 KB] In ts_8_20 of size 2 found num new op-mutexes 0
[t=0.81365s, 76672 KB] In ts_8_21 of size 7 found num new op-mutexes 0
[t=0.816419s, 76672 KB] In ts_8_22 of size 6 found num new op-mutexes 0
[t=0.81779s, 76672 KB] In ts_8_23 of size 2 found num new op-mutexes 0
[t=0.822337s, 76672 KB] In ts_8_24 of size 6 found num new op-mutexes 0
[t=0.823867s, 76672 KB] In ts_8_25 of size 2 found num new op-mutexes 0
[t=0.828409s, 76672 KB] In ts_8_26 of size 6 found num new op-mutexes 0
[t=0.829984s, 76672 KB] In ts_8_27 of size 2 found num new op-mutexes 0
[t=0.831471s, 76672 KB] In ts_8_28 of size 2 found num new op-mutexes 0
[t=0.83606s, 76672 KB] In ts_8_29 of size 6 found num new op-mutexes 0
[t=0.837604s, 76672 KB] In ts_8_30 of size 2 found num new op-mutexes 0
[t=0.839113s, 76672 KB] In ts_8_31 of size 2 found num new op-mutexes 0
[t=0.844025s, 76672 KB] In ts_8_32 of size 14 found num new op-mutexes 0
[t=0.848986s, 76672 KB] In ts_8_33 of size 14 found num new op-mutexes 0
[t=0.851576s, 76672 KB] In ts_8_38 of size 6 found num new op-mutexes 0
[t=0.854769s, 76672 KB] In ts_8_39 of size 11 found num new op-mutexes 0
[t=0.859225s, 76672 KB] In ts_8_45 of size 25 found num new op-mutexes 0
[t=0.866559s, 76672 KB] In ts_8_46 of size 70 found num new op-mutexes 0
[t=0.866741s, 76672 KB] Operator mutex finished iteration 8. Found an additional 0 operator mutexes

[t=0.868745s, 76672 KB] Next pair of indices: (13, 46)
[t=0.868781s, 76672 KB] M&S algorithm main loop timer: 0.809513s (after computation of next merge)
[t=0.869715s, 76672 KB] M&S algorithm main loop timer: 0.810455s (after merging)

[t=0.869774s, 76672 KB] Operator mutex starting iteration 9
[t=0.871008s, 76672 KB] In ts_9_2 of size 2 found num new op-mutexes 0
[t=0.872342s, 76672 KB] In ts_9_3 of size 2 found num new op-mutexes 0
[t=0.876285s, 76672 KB] In ts_9_10 of size 6 found num new op-mutexes 0
[t=0.877819s, 76672 KB] In ts_9_11 of size 2 found num new op-mutexes 0
[t=0.87916s, 76672 KB] In ts_9_14 of size 2 found num new op-mutexes 0
[t=0.882297s, 76672 KB] In ts_9_15 of size 7 found num new op-mutexes 0
[t=0.88365s, 76672 KB] In ts_9_16 of size 2 found num new op-mutexes 0
[t=0.886699s, 76672 KB] In ts_9_17 of size 7 found num new op-mutexes 0
[t=0.891665s, 76672 KB] In ts_9_18 of size 7 found num new op-mutexes 0
[t=0.893431s, 76672 KB] In ts_9_19 of size 3 found num new op-mutexes 0
[t=0.894778s, 76672 KB] In ts_9_20 of size 2 found num new op-mutexes 0
[t=0.897799s, 76672 KB] In ts_9_21 of size 7 found num new op-mutexes 0
[t=0.900588s, 76672 KB] In ts_9_22 of size 6 found num new op-mutexes 0
[t=0.901952s, 76672 KB] In ts_9_23 of size 2 found num new op-mutexes 0
[t=0.906461s, 76672 KB] In ts_9_24 of size 6 found num new op-mutexes 0
[t=0.907969s, 76672 KB] In ts_9_25 of size 2 found num new op-mutexes 0
[t=0.912558s, 76672 KB] In ts_9_26 of size 6 found num new op-mutexes 0
[t=0.914098s, 76672 KB] In ts_9_27 of size 2 found num new op-mutexes 0
[t=0.915596s, 76672 KB] In ts_9_28 of size 2 found num new op-mutexes 0
[t=0.920205s, 76672 KB] In ts_9_29 of size 6 found num new op-mutexes 0
[t=0.921722s, 76672 KB] In ts_9_30 of size 2 found num new op-mutexes 0
[t=0.923224s, 76672 KB] In ts_9_31 of size 2 found num new op-mutexes 0
[t=0.92808s, 76672 KB] In ts_9_32 of size 14 found num new op-mutexes 0
[t=0.933068s, 76672 KB] In ts_9_33 of size 14 found num new op-mutexes 0
[t=0.935649s, 76672 KB] In ts_9_38 of size 6 found num new op-mutexes 0
[t=0.938843s, 76672 KB] In ts_9_39 of size 11 found num new op-mutexes 0
[t=0.943235s, 76672 KB] In ts_9_45 of size 25 found num new op-mutexes 0
[t=0.950985s, 76672 KB] In ts_9_47 of size 140 found num new op-mutexes 0
[t=0.951156s, 76672 KB] Operator mutex finished iteration 9. Found an additional 0 operator mutexes

[t=0.953036s, 76672 KB] Next pair of indices: (2, 47)
[t=0.95307s, 76672 KB] M&S algorithm main loop timer: 0.893794s (after computation of next merge)
[t=0.9541s, 76672 KB] M&S algorithm main loop timer: 0.894836s (after merging)

[t=0.954163s, 76672 KB] Operator mutex starting iteration 10
[t=0.955405s, 76672 KB] In ts_10_3 of size 2 found num new op-mutexes 0
[t=0.959401s, 76672 KB] In ts_10_10 of size 6 found num new op-mutexes 0
[t=0.960944s, 76672 KB] In ts_10_11 of size 2 found num new op-mutexes 0
[t=0.962293s, 76672 KB] In ts_10_14 of size 2 found num new op-mutexes 0
[t=0.965434s, 76672 KB] In ts_10_15 of size 7 found num new op-mutexes 0
[t=0.966796s, 76672 KB] In ts_10_16 of size 2 found num new op-mutexes 0
[t=0.969883s, 76672 KB] In ts_10_17 of size 7 found num new op-mutexes 0
[t=0.974877s, 76672 KB] In ts_10_18 of size 7 found num new op-mutexes 0
[t=0.97665s, 76672 KB] In ts_10_19 of size 3 found num new op-mutexes 0
[t=0.978024s, 76672 KB] In ts_10_20 of size 2 found num new op-mutexes 0
[t=0.981084s, 76672 KB] In ts_10_21 of size 7 found num new op-mutexes 0
[t=0.98386s, 76672 KB] In ts_10_22 of size 6 found num new op-mutexes 0
[t=0.985245s, 76672 KB] In ts_10_23 of size 2 found num new op-mutexes 0
[t=0.989788s, 76672 KB] In ts_10_24 of size 6 found num new op-mutexes 0
[t=0.991333s, 76672 KB] In ts_10_25 of size 2 found num new op-mutexes 0
[t=0.995881s, 76672 KB] In ts_10_26 of size 6 found num new op-mutexes 0
[t=0.997439s, 76672 KB] In ts_10_27 of size 2 found num new op-mutexes 0
[t=0.998958s, 76672 KB] In ts_10_28 of size 2 found num new op-mutexes 0
[t=1.00356s, 76672 KB] In ts_10_29 of size 6 found num new op-mutexes 0
[t=1.0051s, 76672 KB] In ts_10_30 of size 2 found num new op-mutexes 0
[t=1.00659s, 76672 KB] In ts_10_31 of size 2 found num new op-mutexes 0
[t=1.01197s, 76672 KB] In ts_10_32 of size 14 found num new op-mutexes 0
[t=1.01694s, 76672 KB] In ts_10_33 of size 14 found num new op-mutexes 0
[t=1.01952s, 76672 KB] In ts_10_38 of size 6 found num new op-mutexes 0
[t=1.02269s, 76672 KB] In ts_10_39 of size 11 found num new op-mutexes 0
[t=1.0271s, 76672 KB] In ts_10_45 of size 25 found num new op-mutexes 0
[t=1.0357s, 76672 KB] In ts_10_48 of size 280 found num new op-mutexes 0
[t=1.03589s, 76672 KB] Operator mutex finished iteration 10. Found an additional 0 operator mutexes

[t=1.03777s, 76672 KB] Next pair of indices: (3, 48)
[t=1.0378s, 76672 KB] M&S algorithm main loop timer: 0.978522s (after computation of next merge)
[t=1.03919s, 76672 KB] M&S algorithm main loop timer: 0.979943s (after merging)

[t=1.03929s, 76672 KB] Operator mutex starting iteration 11
[t=1.04316s, 76672 KB] In ts_11_10 of size 6 found num new op-mutexes 0
[t=1.04469s, 76672 KB] In ts_11_11 of size 2 found num new op-mutexes 0
[t=1.04604s, 76672 KB] In ts_11_14 of size 2 found num new op-mutexes 0
[t=1.04917s, 76672 KB] In ts_11_15 of size 7 found num new op-mutexes 0
[t=1.05052s, 76672 KB] In ts_11_16 of size 2 found num new op-mutexes 0
[t=1.05358s, 76672 KB] In ts_11_17 of size 7 found num new op-mutexes 0
[t=1.05858s, 76672 KB] In ts_11_18 of size 7 found num new op-mutexes 0
[t=1.06036s, 76672 KB] In ts_11_19 of size 3 found num new op-mutexes 0
[t=1.06172s, 76672 KB] In ts_11_20 of size 2 found num new op-mutexes 0
[t=1.06478s, 76672 KB] In ts_11_21 of size 7 found num new op-mutexes 0
[t=1.0676s, 76672 KB] In ts_11_22 of size 6 found num new op-mutexes 0
[t=1.069s, 76672 KB] In ts_11_23 of size 2 found num new op-mutexes 0
[t=1.07356s, 76672 KB] In ts_11_24 of size 6 found num new op-mutexes 0
[t=1.07511s, 76672 KB] In ts_11_25 of size 2 found num new op-mutexes 0
[t=1.07968s, 76672 KB] In ts_11_26 of size 6 found num new op-mutexes 0
[t=1.08122s, 76672 KB] In ts_11_27 of size 2 found num new op-mutexes 0
[t=1.08272s, 76672 KB] In ts_11_28 of size 2 found num new op-mutexes 0
[t=1.08735s, 76672 KB] In ts_11_29 of size 6 found num new op-mutexes 0
[t=1.08893s, 76672 KB] In ts_11_30 of size 2 found num new op-mutexes 0
[t=1.09044s, 76672 KB] In ts_11_31 of size 2 found num new op-mutexes 0
[t=1.09535s, 76672 KB] In ts_11_32 of size 14 found num new op-mutexes 0
[t=1.10033s, 76672 KB] In ts_11_33 of size 14 found num new op-mutexes 0
[t=1.10288s, 76672 KB] In ts_11_38 of size 6 found num new op-mutexes 0
[t=1.10606s, 76672 KB] In ts_11_39 of size 11 found num new op-mutexes 0
[t=1.11049s, 76672 KB] In ts_11_45 of size 25 found num new op-mutexes 0
[t=1.12107s, 76672 KB] In ts_11_49 of size 560 found num new op-mutexes 0
[t=1.12128s, 76672 KB] Operator mutex finished iteration 11. Found an additional 0 operator mutexes

[t=1.12307s, 76672 KB] Next pair of indices: (10, 49)
[t=1.1231s, 76672 KB] M&S algorithm main loop timer: 1.06382s (after computation of next merge)
[t=1.12698s, 76672 KB] M&S algorithm main loop timer: 1.06773s (after merging)
[t=1.12754s, 76672 KB] M&S algorithm main loop timer: 1.06829s (after pruning)

[t=1.1276s, 76672 KB] Operator mutex starting iteration 12
[t=1.12901s, 76672 KB] In ts_12_11 of size 2 found num new op-mutexes 0
[t=1.13035s, 76672 KB] In ts_12_14 of size 2 found num new op-mutexes 0
[t=1.13348s, 76672 KB] In ts_12_15 of size 7 found num new op-mutexes 0
[t=1.13487s, 76672 KB] In ts_12_16 of size 2 found num new op-mutexes 0
[t=1.13797s, 76672 KB] In ts_12_17 of size 7 found num new op-mutexes 0
[t=1.14302s, 76672 KB] In ts_12_18 of size 7 found num new op-mutexes 0
[t=1.14479s, 76672 KB] In ts_12_19 of size 3 found num new op-mutexes 0
[t=1.14614s, 76672 KB] In ts_12_20 of size 2 found num new op-mutexes 0
[t=1.1492s, 76672 KB] In ts_12_21 of size 7 found num new op-mutexes 0
[t=1.15197s, 76672 KB] In ts_12_22 of size 6 found num new op-mutexes 0
[t=1.15333s, 76672 KB] In ts_12_23 of size 2 found num new op-mutexes 0
[t=1.15784s, 76672 KB] In ts_12_24 of size 6 found num new op-mutexes 0
[t=1.15937s, 76672 KB] In ts_12_25 of size 2 found num new op-mutexes 0
[t=1.16389s, 76672 KB] In ts_12_26 of size 6 found num new op-mutexes 0
[t=1.16552s, 76672 KB] In ts_12_27 of size 2 found num new op-mutexes 0
[t=1.16703s, 76672 KB] In ts_12_28 of size 2 found num new op-mutexes 0
[t=1.1717s, 76672 KB] In ts_12_29 of size 6 found num new op-mutexes 0
[t=1.17324s, 76672 KB] In ts_12_30 of size 2 found num new op-mutexes 0
[t=1.17472s, 76672 KB] In ts_12_31 of size 2 found num new op-mutexes 0
[t=1.1796s, 76672 KB] In ts_12_32 of size 14 found num new op-mutexes 0
[t=1.18455s, 76672 KB] In ts_12_33 of size 14 found num new op-mutexes 0
[t=1.18717s, 76672 KB] In ts_12_38 of size 6 found num new op-mutexes 0
[t=1.19036s, 76672 KB] In ts_12_39 of size 11 found num new op-mutexes 0
[t=1.19479s, 76672 KB] In ts_12_45 of size 25 found num new op-mutexes 0
[t=1.21213s, 76672 KB] In ts_12_50 of size 1680 found num new op-mutexes 0
[t=1.21234s, 76672 KB] Operator mutex finished iteration 12. Found an additional 0 operator mutexes

[t=1.21402s, 76672 KB] Next pair of indices: (11, 50)
[t=1.21405s, 76672 KB] M&S algorithm main loop timer: 1.15478s (after computation of next merge)
[t=1.22003s, 76672 KB] M&S algorithm main loop timer: 1.16078s (after merging)
[t=1.22096s, 76672 KB] M&S algorithm main loop timer: 1.16171s (after pruning)

[t=1.22101s, 76672 KB] Operator mutex starting iteration 13
[t=1.22228s, 76672 KB] In ts_13_14 of size 2 found num new op-mutexes 0
[t=1.2254s, 76672 KB] In ts_13_15 of size 7 found num new op-mutexes 0
[t=1.22679s, 76672 KB] In ts_13_16 of size 2 found num new op-mutexes 0
[t=1.22987s, 76672 KB] In ts_13_17 of size 7 found num new op-mutexes 0
[t=1.23483s, 76672 KB] In ts_13_18 of size 7 found num new op-mutexes 0
[t=1.23663s, 76672 KB] In ts_13_19 of size 3 found num new op-mutexes 0
[t=1.23797s, 76672 KB] In ts_13_20 of size 2 found num new op-mutexes 0
[t=1.24104s, 76672 KB] In ts_13_21 of size 7 found num new op-mutexes 0
[t=1.24383s, 76672 KB] In ts_13_22 of size 6 found num new op-mutexes 0
[t=1.24517s, 76672 KB] In ts_13_23 of size 2 found num new op-mutexes 0
[t=1.24973s, 76672 KB] In ts_13_24 of size 6 found num new op-mutexes 0
[t=1.25128s, 76672 KB] In ts_13_25 of size 2 found num new op-mutexes 0
[t=1.25584s, 76672 KB] In ts_13_26 of size 6 found num new op-mutexes 0
[t=1.2574s, 76672 KB] In ts_13_27 of size 2 found num new op-mutexes 0
[t=1.2589s, 76672 KB] In ts_13_28 of size 2 found num new op-mutexes 0
[t=1.2635s, 76672 KB] In ts_13_29 of size 6 found num new op-mutexes 0
[t=1.26502s, 76672 KB] In ts_13_30 of size 2 found num new op-mutexes 0
[t=1.26656s, 76672 KB] In ts_13_31 of size 2 found num new op-mutexes 0
[t=1.27143s, 76672 KB] In ts_13_32 of size 14 found num new op-mutexes 0
[t=1.2764s, 76672 KB] In ts_13_33 of size 14 found num new op-mutexes 0
[t=1.27901s, 76672 KB] In ts_13_38 of size 6 found num new op-mutexes 0
[t=1.2822s, 76672 KB] In ts_13_39 of size 11 found num new op-mutexes 0
[t=1.28663s, 76672 KB] In ts_13_45 of size 25 found num new op-mutexes 0
[t=1.31106s, 76672 KB] In ts_13_51 of size 2800 found num new op-mutexes 0
[t=1.31128s, 76672 KB] Operator mutex finished iteration 13. Found an additional 0 operator mutexes

[t=1.31297s, 76672 KB] Next pair of indices: (14, 51)
[t=1.31301s, 76672 KB] M&S algorithm main loop timer: 1.25373s (after computation of next merge)
[t=1.32191s, 76672 KB] M&S algorithm main loop timer: 1.26276s (after shrinking)
[t=1.32701s, 76672 KB] M&S algorithm main loop timer: 1.26777s (after merging)

[t=1.32729s, 76672 KB] Operator mutex starting iteration 14
[t=1.3304s, 76672 KB] In ts_14_15 of size 7 found num new op-mutexes 0
[t=1.33179s, 76672 KB] In ts_14_16 of size 2 found num new op-mutexes 0
[t=1.33485s, 76672 KB] In ts_14_17 of size 7 found num new op-mutexes 0
[t=1.3399s, 76672 KB] In ts_14_18 of size 7 found num new op-mutexes 0
[t=1.3417s, 76672 KB] In ts_14_19 of size 3 found num new op-mutexes 0
[t=1.34307s, 76672 KB] In ts_14_20 of size 2 found num new op-mutexes 0
[t=1.34615s, 76672 KB] In ts_14_21 of size 7 found num new op-mutexes 0
[t=1.34895s, 76672 KB] In ts_14_22 of size 6 found num new op-mutexes 0
[t=1.35033s, 76672 KB] In ts_14_23 of size 2 found num new op-mutexes 0
[t=1.35487s, 76672 KB] In ts_14_24 of size 6 found num new op-mutexes 0
[t=1.35643s, 76672 KB] In ts_14_25 of size 2 found num new op-mutexes 0
[t=1.36099s, 76672 KB] In ts_14_26 of size 6 found num new op-mutexes 0
[t=1.36256s, 76672 KB] In ts_14_27 of size 2 found num new op-mutexes 0
[t=1.36406s, 76672 KB] In ts_14_28 of size 2 found num new op-mutexes 0
[t=1.36873s, 76672 KB] In ts_14_29 of size 6 found num new op-mutexes 0
[t=1.37034s, 76672 KB] In ts_14_30 of size 2 found num new op-mutexes 0
[t=1.37185s, 76672 KB] In ts_14_31 of size 2 found num new op-mutexes 0
[t=1.37681s, 76672 KB] In ts_14_32 of size 14 found num new op-mutexes 0
[t=1.38188s, 76672 KB] In ts_14_33 of size 14 found num new op-mutexes 0
[t=1.38445s, 76672 KB] In ts_14_38 of size 6 found num new op-mutexes 0
[t=1.38765s, 76672 KB] In ts_14_39 of size 11 found num new op-mutexes 0
[t=1.39205s, 76672 KB] In ts_14_45 of size 25 found num new op-mutexes 0
[t=1.42279s, 76672 KB] In ts_14_52 of size 3920 found num new op-mutexes 0
[t=1.42304s, 76672 KB] Operator mutex finished iteration 14. Found an additional 0 operator mutexes

[t=1.42466s, 76672 KB] Next pair of indices: (15, 52)
[t=1.4247s, 76672 KB] M&S algorithm main loop timer: 1.36542s (after computation of next merge)
[t=1.46426s, 76672 KB] M&S algorithm main loop timer: 1.40506s (after merging)
[t=1.47084s, 76672 KB] M&S algorithm main loop timer: 1.41161s (after pruning)

[t=1.47092s, 76672 KB] Operator mutex starting iteration 15
[t=1.4722s, 76672 KB] In ts_15_16 of size 2 found num new op-mutexes 0
[t=1.47536s, 76672 KB] In ts_15_17 of size 7 found num new op-mutexes 0
[t=1.48041s, 76672 KB] In ts_15_18 of size 7 found num new op-mutexes 0
[t=1.48224s, 76672 KB] In ts_15_19 of size 3 found num new op-mutexes 0
[t=1.48359s, 76672 KB] In ts_15_20 of size 2 found num new op-mutexes 0
[t=1.48668s, 76672 KB] In ts_15_21 of size 7 found num new op-mutexes 0
[t=1.4895s, 76672 KB] In ts_15_22 of size 6 found num new op-mutexes 0
[t=1.49085s, 76672 KB] In ts_15_23 of size 2 found num new op-mutexes 0
[t=1.49542s, 76672 KB] In ts_15_24 of size 6 found num new op-mutexes 0
[t=1.49696s, 76672 KB] In ts_15_25 of size 2 found num new op-mutexes 0
[t=1.50153s, 76672 KB] In ts_15_26 of size 6 found num new op-mutexes 0
[t=1.50304s, 76672 KB] In ts_15_27 of size 2 found num new op-mutexes 0
[t=1.50456s, 76672 KB] In ts_15_28 of size 2 found num new op-mutexes 0
[t=1.50918s, 76672 KB] In ts_15_29 of size 6 found num new op-mutexes 0
[t=1.51069s, 76672 KB] In ts_15_30 of size 2 found num new op-mutexes 0
[t=1.51218s, 76672 KB] In ts_15_31 of size 2 found num new op-mutexes 0
[t=1.51708s, 76672 KB] In ts_15_32 of size 14 found num new op-mutexes 0
[t=1.52249s, 76672 KB] In ts_15_33 of size 14 found num new op-mutexes 0
[t=1.52511s, 76672 KB] In ts_15_38 of size 6 found num new op-mutexes 0
[t=1.52833s, 76672 KB] In ts_15_39 of size 11 found num new op-mutexes 0
[t=1.53279s, 76672 KB] In ts_15_45 of size 25 found num new op-mutexes 0
[t=1.5338s, 76672 KB] Operator mutex finished iteration 15. Found an additional 0 operator mutexes

[t=1.53545s, 76672 KB] Next pair of indices: (17, 53)
[t=1.53549s, 76672 KB] M&S algorithm main loop timer: 1.47621s (after computation of next merge)
[t=1.58754s, 76672 KB] M&S algorithm main loop timer: 1.52854s (after shrinking)
[t=1.66111s, 76672 KB] M&S algorithm main loop timer: 1.60188s (after merging)
[t=1.6755s, 76672 KB] M&S algorithm main loop timer: 1.61625s (after pruning)

[t=1.67556s, 76672 KB] Operator mutex starting iteration 16
[t=1.67686s, 76672 KB] In ts_16_16 of size 2 found num new op-mutexes 0
[t=1.68192s, 76672 KB] In ts_16_18 of size 7 found num new op-mutexes 0
[t=1.68369s, 76672 KB] In ts_16_19 of size 3 found num new op-mutexes 0
[t=1.68509s, 76672 KB] In ts_16_20 of size 2 found num new op-mutexes 0
[t=1.68815s, 76672 KB] In ts_16_21 of size 7 found num new op-mutexes 0
[t=1.69094s, 76672 KB] In ts_16_22 of size 6 found num new op-mutexes 0
[t=1.69232s, 76672 KB] In ts_16_23 of size 2 found num new op-mutexes 0
[t=1.69693s, 76672 KB] In ts_16_24 of size 6 found num new op-mutexes 0
[t=1.69851s, 76672 KB] In ts_16_25 of size 2 found num new op-mutexes 0
[t=1.70317s, 76672 KB] In ts_16_26 of size 6 found num new op-mutexes 0
[t=1.70481s, 76672 KB] In ts_16_27 of size 2 found num new op-mutexes 0
[t=1.70635s, 76672 KB] In ts_16_28 of size 2 found num new op-mutexes 0
[t=1.71103s, 76672 KB] In ts_16_29 of size 6 found num new op-mutexes 0
[t=1.71261s, 76672 KB] In ts_16_30 of size 2 found num new op-mutexes 0
[t=1.7142s, 76672 KB] In ts_16_31 of size 2 found num new op-mutexes 0
[t=1.71917s, 76672 KB] In ts_16_32 of size 14 found num new op-mutexes 0
[t=1.72427s, 76672 KB] In ts_16_33 of size 14 found num new op-mutexes 0
[t=1.72691s, 76672 KB] In ts_16_38 of size 6 found num new op-mutexes 0
[t=1.73015s, 76672 KB] In ts_16_39 of size 11 found num new op-mutexes 0
[t=1.73468s, 76672 KB] In ts_16_45 of size 25 found num new op-mutexes 0
[t=1.73624s, 76672 KB] Operator mutex finished iteration 16. Found an additional 0 operator mutexes

[t=1.73825s, 76672 KB] Next pair of indices: (18, 54)
[t=1.73829s, 76672 KB] M&S algorithm main loop timer: 1.67901s (after computation of next merge)
[t=1.79948s, 76672 KB] M&S algorithm main loop timer: 1.7405s (after shrinking)
[t=1.87696s, 76672 KB] M&S algorithm main loop timer: 1.81774s (after merging)

[t=1.87934s, 76672 KB] Operator mutex starting iteration 17
[t=1.8807s, 76672 KB] In ts_17_16 of size 2 found num new op-mutexes 0
[t=1.88245s, 76672 KB] In ts_17_19 of size 3 found num new op-mutexes 0
[t=1.88385s, 76672 KB] In ts_17_20 of size 2 found num new op-mutexes 0
[t=1.88696s, 76672 KB] In ts_17_21 of size 7 found num new op-mutexes 0
[t=1.88978s, 76672 KB] In ts_17_22 of size 6 found num new op-mutexes 0
[t=1.89118s, 76672 KB] In ts_17_23 of size 2 found num new op-mutexes 0
[t=1.89576s, 76672 KB] In ts_17_24 of size 6 found num new op-mutexes 0
[t=1.89735s, 76672 KB] In ts_17_25 of size 2 found num new op-mutexes 0
[t=1.90194s, 76672 KB] In ts_17_26 of size 6 found num new op-mutexes 0
[t=1.90354s, 76672 KB] In ts_17_27 of size 2 found num new op-mutexes 0
[t=1.90506s, 76672 KB] In ts_17_28 of size 2 found num new op-mutexes 0
[t=1.90968s, 76672 KB] In ts_17_29 of size 6 found num new op-mutexes 0
[t=1.91124s, 76672 KB] In ts_17_30 of size 2 found num new op-mutexes 0
[t=1.91273s, 76672 KB] In ts_17_31 of size 2 found num new op-mutexes 0
[t=1.91763s, 76672 KB] In ts_17_32 of size 14 found num new op-mutexes 0
[t=1.92257s, 76672 KB] In ts_17_33 of size 14 found num new op-mutexes 0
[t=1.9252s, 76672 KB] In ts_17_38 of size 6 found num new op-mutexes 0
[t=1.9286s, 76672 KB] In ts_17_39 of size 11 found num new op-mutexes 0
[t=1.93328s, 76672 KB] In ts_17_45 of size 25 found num new op-mutexes 0
[t=1.93517s, 76672 KB] Operator mutex finished iteration 17. Found an additional 0 operator mutexes

[t=1.93724s, 76672 KB] Next pair of indices: (19, 55)
[t=1.93728s, 76672 KB] M&S algorithm main loop timer: 1.878s (after computation of next merge)
[t=2.03402s, 76672 KB] M&S algorithm main loop timer: 1.97482s (after shrinking)
[t=2.07665s, 76672 KB] M&S algorithm main loop timer: 2.01744s (after merging)

[t=2.07854s, 76672 KB] Operator mutex starting iteration 18
[t=2.07987s, 76672 KB] In ts_18_16 of size 2 found num new op-mutexes 0
[t=2.08124s, 76672 KB] In ts_18_20 of size 2 found num new op-mutexes 0
[t=2.08437s, 76672 KB] In ts_18_21 of size 7 found num new op-mutexes 0
[t=2.08721s, 76672 KB] In ts_18_22 of size 6 found num new op-mutexes 0
[t=2.08859s, 76672 KB] In ts_18_23 of size 2 found num new op-mutexes 0
[t=2.09324s, 76672 KB] In ts_18_24 of size 6 found num new op-mutexes 0
[t=2.09481s, 76672 KB] In ts_18_25 of size 2 found num new op-mutexes 0
[t=2.09941s, 76672 KB] In ts_18_26 of size 6 found num new op-mutexes 0
[t=2.10095s, 76672 KB] In ts_18_27 of size 2 found num new op-mutexes 0
[t=2.10246s, 76672 KB] In ts_18_28 of size 2 found num new op-mutexes 0
[t=2.10712s, 76672 KB] In ts_18_29 of size 6 found num new op-mutexes 0
[t=2.10866s, 76672 KB] In ts_18_30 of size 2 found num new op-mutexes 0
[t=2.11017s, 76672 KB] In ts_18_31 of size 2 found num new op-mutexes 0
[t=2.11512s, 76672 KB] In ts_18_32 of size 14 found num new op-mutexes 0
[t=2.12006s, 76672 KB] In ts_18_33 of size 14 found num new op-mutexes 0
[t=2.12263s, 76672 KB] In ts_18_38 of size 6 found num new op-mutexes 0
[t=2.12579s, 76672 KB] In ts_18_39 of size 11 found num new op-mutexes 0
[t=2.13023s, 76672 KB] In ts_18_45 of size 25 found num new op-mutexes 0
[t=2.13165s, 76672 KB] Operator mutex finished iteration 18. Found an additional 0 operator mutexes

[t=2.13341s, 76672 KB] Next pair of indices: (20, 56)
[t=2.13344s, 76672 KB] M&S algorithm main loop timer: 2.07416s (after computation of next merge)
[t=2.38351s, 76672 KB] M&S algorithm main loop timer: 2.32431s (after shrinking)
[t=2.44843s, 76672 KB] M&S algorithm main loop timer: 2.38922s (after merging)

[t=2.45093s, 76672 KB] Operator mutex starting iteration 19
[t=2.45225s, 76672 KB] In ts_19_16 of size 2 found num new op-mutexes 0
[t=2.45542s, 76672 KB] In ts_19_21 of size 7 found num new op-mutexes 0
[t=2.45825s, 76672 KB] In ts_19_22 of size 6 found num new op-mutexes 0
[t=2.4596s, 76672 KB] In ts_19_23 of size 2 found num new op-mutexes 0
[t=2.46419s, 76672 KB] In ts_19_24 of size 6 found num new op-mutexes 0
[t=2.46577s, 76672 KB] In ts_19_25 of size 2 found num new op-mutexes 0
[t=2.47035s, 76672 KB] In ts_19_26 of size 6 found num new op-mutexes 0
[t=2.47188s, 76672 KB] In ts_19_27 of size 2 found num new op-mutexes 0
[t=2.47344s, 76672 KB] In ts_19_28 of size 2 found num new op-mutexes 0
[t=2.47811s, 76672 KB] In ts_19_29 of size 6 found num new op-mutexes 0
[t=2.4797s, 76672 KB] In ts_19_30 of size 2 found num new op-mutexes 0
[t=2.48123s, 76672 KB] In ts_19_31 of size 2 found num new op-mutexes 0
[t=2.4862s, 76672 KB] In ts_19_32 of size 14 found num new op-mutexes 0
[t=2.49116s, 76672 KB] In ts_19_33 of size 14 found num new op-mutexes 0
[t=2.49377s, 76672 KB] In ts_19_38 of size 6 found num new op-mutexes 0
[t=2.49696s, 76672 KB] In ts_19_39 of size 11 found num new op-mutexes 0
[t=2.50135s, 76672 KB] In ts_19_45 of size 25 found num new op-mutexes 0
[t=2.50342s, 76672 KB] Operator mutex finished iteration 19. Found an additional 0 operator mutexes

[t=2.50559s, 76672 KB] Next pair of indices: (21, 57)
[t=2.50563s, 76672 KB] M&S algorithm main loop timer: 2.44636s (after computation of next merge)
[t=2.59182s, 76672 KB] M&S algorithm main loop timer: 2.53292s (after shrinking)
[t=2.593s, 76672 KB] M&S algorithm main loop timer: 2.53374s (after merging)

[t=2.59305s, 76672 KB] Operator mutex starting iteration 20
[t=2.59431s, 76672 KB] In ts_20_16 of size 2 found num new op-mutexes 0
[t=2.5971s, 76672 KB] In ts_20_22 of size 6 found num new op-mutexes 0
[t=2.59846s, 76672 KB] In ts_20_23 of size 2 found num new op-mutexes 0
[t=2.60305s, 76672 KB] In ts_20_24 of size 6 found num new op-mutexes 0
[t=2.60459s, 76672 KB] In ts_20_25 of size 2 found num new op-mutexes 0
[t=2.60916s, 76672 KB] In ts_20_26 of size 6 found num new op-mutexes 0
[t=2.61068s, 76672 KB] In ts_20_27 of size 2 found num new op-mutexes 0
[t=2.6122s, 76672 KB] In ts_20_28 of size 2 found num new op-mutexes 0
[t=2.61684s, 76672 KB] In ts_20_29 of size 6 found num new op-mutexes 0
[t=2.61838s, 76672 KB] In ts_20_30 of size 2 found num new op-mutexes 0
[t=2.61988s, 76672 KB] In ts_20_31 of size 2 found num new op-mutexes 0
[t=2.62485s, 76672 KB] In ts_20_32 of size 14 found num new op-mutexes 0
[t=2.63002s, 76672 KB] In ts_20_33 of size 14 found num new op-mutexes 0
[t=2.63263s, 76672 KB] In ts_20_38 of size 6 found num new op-mutexes 0
[t=2.63584s, 76672 KB] In ts_20_39 of size 11 found num new op-mutexes 0
[t=2.64029s, 76672 KB] In ts_20_45 of size 25 found num new op-mutexes 0
[t=2.64902s, 76672 KB] In ts_20_58 of size 63 found num new op-mutexes 0
[t=2.64922s, 76672 KB] Operator mutex finished iteration 20. Found an additional 0 operator mutexes

[t=2.65043s, 76672 KB] Next pair of indices: (22, 58)
[t=2.65047s, 76672 KB] M&S algorithm main loop timer: 2.59119s (after computation of next merge)
[t=2.65169s, 76672 KB] M&S algorithm main loop timer: 2.59244s (after merging)
[t=2.65187s, 76672 KB] M&S algorithm main loop timer: 2.59261s (after pruning)

[t=2.65191s, 76672 KB] Operator mutex starting iteration 21
[t=2.65318s, 76672 KB] In ts_21_16 of size 2 found num new op-mutexes 0
[t=2.65453s, 76672 KB] In ts_21_23 of size 2 found num new op-mutexes 0
[t=2.65909s, 76672 KB] In ts_21_24 of size 6 found num new op-mutexes 0
[t=2.66064s, 76672 KB] In ts_21_25 of size 2 found num new op-mutexes 0
[t=2.66524s, 76672 KB] In ts_21_26 of size 6 found num new op-mutexes 0
[t=2.66678s, 76672 KB] In ts_21_27 of size 2 found num new op-mutexes 0
[t=2.66829s, 76672 KB] In ts_21_28 of size 2 found num new op-mutexes 0
[t=2.67294s, 76672 KB] In ts_21_29 of size 6 found num new op-mutexes 0
[t=2.6745s, 76672 KB] In ts_21_30 of size 2 found num new op-mutexes 0
[t=2.67599s, 76672 KB] In ts_21_31 of size 2 found num new op-mutexes 0
[t=2.68091s, 76672 KB] In ts_21_32 of size 14 found num new op-mutexes 0
[t=2.68594s, 76672 KB] In ts_21_33 of size 14 found num new op-mutexes 0
[t=2.68853s, 76672 KB] In ts_21_38 of size 6 found num new op-mutexes 0
[t=2.69174s, 76672 KB] In ts_21_39 of size 11 found num new op-mutexes 0
[t=2.69615s, 76672 KB] In ts_21_45 of size 25 found num new op-mutexes 0
[t=2.71007s, 76672 KB] In ts_21_59 of size 369 found num new op-mutexes 112
[t=2.71033s, 76672 KB] Operator mutex finished iteration 21. Found an additional 112 operator mutexes

[t=2.7115s, 76672 KB] Next pair of indices: (23, 59)
[t=2.71154s, 76672 KB] M&S algorithm main loop timer: 2.65226s (after computation of next merge)
[t=2.71358s, 76672 KB] M&S algorithm main loop timer: 2.65432s (after shrinking)
[t=2.71499s, 76672 KB] M&S algorithm main loop timer: 2.65575s (after merging)

[t=2.71509s, 76672 KB] Operator mutex starting iteration 22
[t=2.71641s, 76672 KB] In ts_22_16 of size 2 found num new op-mutexes 0
[t=2.721s, 76672 KB] In ts_22_24 of size 6 found num new op-mutexes 0
[t=2.72255s, 76672 KB] In ts_22_25 of size 2 found num new op-mutexes 0
[t=2.72711s, 76672 KB] In ts_22_26 of size 6 found num new op-mutexes 0
[t=2.72868s, 76672 KB] In ts_22_27 of size 2 found num new op-mutexes 0
[t=2.73019s, 76672 KB] In ts_22_28 of size 2 found num new op-mutexes 0
[t=2.73488s, 76672 KB] In ts_22_29 of size 6 found num new op-mutexes 0
[t=2.73648s, 76672 KB] In ts_22_30 of size 2 found num new op-mutexes 0
[t=2.73801s, 76672 KB] In ts_22_31 of size 2 found num new op-mutexes 0
[t=2.74292s, 76672 KB] In ts_22_32 of size 14 found num new op-mutexes 0
[t=2.74794s, 76672 KB] In ts_22_33 of size 14 found num new op-mutexes 0
[t=2.75058s, 76672 KB] In ts_22_38 of size 6 found num new op-mutexes 0
[t=2.75379s, 76672 KB] In ts_22_39 of size 11 found num new op-mutexes 0
[t=2.75825s, 76672 KB] In ts_22_45 of size 25 found num new op-mutexes 0
[t=2.77571s, 76672 KB] In ts_22_60 of size 666 found num new op-mutexes 0
[t=2.77599s, 76672 KB] Operator mutex finished iteration 22. Found an additional 0 operator mutexes

[t=2.77708s, 76672 KB] Next pair of indices: (24, 60)
[t=2.77711s, 76672 KB] M&S algorithm main loop timer: 2.71783s (after computation of next merge)
[t=2.78099s, 76672 KB] M&S algorithm main loop timer: 2.72176s (after shrinking)
[t=2.78575s, 76672 KB] M&S algorithm main loop timer: 2.7265s (after merging)
[t=2.787s, 76672 KB] M&S algorithm main loop timer: 2.72775s (after pruning)

[t=2.78706s, 76672 KB] Operator mutex starting iteration 23
[t=2.78839s, 76672 KB] In ts_23_16 of size 2 found num new op-mutexes 0
[t=2.78993s, 76672 KB] In ts_23_25 of size 2 found num new op-mutexes 0
[t=2.79454s, 76672 KB] In ts_23_26 of size 6 found num new op-mutexes 0
[t=2.79617s, 76672 KB] In ts_23_27 of size 2 found num new op-mutexes 0
[t=2.79768s, 76672 KB] In ts_23_28 of size 2 found num new op-mutexes 0
[t=2.80233s, 76672 KB] In ts_23_29 of size 6 found num new op-mutexes 0
[t=2.80393s, 76672 KB] In ts_23_30 of size 2 found num new op-mutexes 0
[t=2.80545s, 76672 KB] In ts_23_31 of size 2 found num new op-mutexes 0
[t=2.81042s, 76672 KB] In ts_23_32 of size 14 found num new op-mutexes 0
[t=2.81547s, 76672 KB] In ts_23_33 of size 14 found num new op-mutexes 0
[t=2.81806s, 76672 KB] In ts_23_38 of size 6 found num new op-mutexes 0
[t=2.82133s, 76672 KB] In ts_23_39 of size 11 found num new op-mutexes 0
[t=2.82583s, 76672 KB] In ts_23_45 of size 25 found num new op-mutexes 0
[t=2.85863s, 76672 KB] In ts_23_61 of size 2862 found num new op-mutexes 0
[t=2.85892s, 76672 KB] Operator mutex finished iteration 23. Found an additional 0 operator mutexes

[t=2.86002s, 76672 KB] Next pair of indices: (25, 61)
[t=2.86005s, 76672 KB] M&S algorithm main loop timer: 2.80078s (after computation of next merge)
[t=2.88165s, 76672 KB] M&S algorithm main loop timer: 2.82244s (after shrinking)
[t=2.88976s, 76672 KB] M&S algorithm main loop timer: 2.83052s (after merging)

[t=2.89018s, 76672 KB] Operator mutex starting iteration 24
[t=2.8915s, 76672 KB] In ts_24_16 of size 2 found num new op-mutexes 0
[t=2.8961s, 76672 KB] In ts_24_26 of size 6 found num new op-mutexes 0
[t=2.89768s, 76672 KB] In ts_24_27 of size 2 found num new op-mutexes 0
[t=2.89923s, 76672 KB] In ts_24_28 of size 2 found num new op-mutexes 0
[t=2.90391s, 76672 KB] In ts_24_29 of size 6 found num new op-mutexes 0
[t=2.90552s, 76672 KB] In ts_24_30 of size 2 found num new op-mutexes 0
[t=2.90706s, 76672 KB] In ts_24_31 of size 2 found num new op-mutexes 0
[t=2.912s, 76672 KB] In ts_24_32 of size 14 found num new op-mutexes 0
[t=2.91705s, 76672 KB] In ts_24_33 of size 14 found num new op-mutexes 0
[t=2.91969s, 76672 KB] In ts_24_38 of size 6 found num new op-mutexes 0
[t=2.92294s, 76672 KB] In ts_24_39 of size 11 found num new op-mutexes 0
[t=2.92739s, 76672 KB] In ts_24_45 of size 25 found num new op-mutexes 0
[t=2.92815s, 76672 KB] Operator mutex finished iteration 24. Found an additional 0 operator mutexes

[t=2.92913s, 76672 KB] Next pair of indices: (26, 62)
[t=2.92917s, 76672 KB] M&S algorithm main loop timer: 2.86989s (after computation of next merge)
[t=3.0355s, 76672 KB] M&S algorithm main loop timer: 2.97629s (after merging)

[t=3.0375s, 76672 KB] Operator mutex starting iteration 25
[t=3.03881s, 76672 KB] In ts_25_16 of size 2 found num new op-mutexes 0
[t=3.04035s, 76672 KB] In ts_25_27 of size 2 found num new op-mutexes 0
[t=3.04188s, 76672 KB] In ts_25_28 of size 2 found num new op-mutexes 0
[t=3.04653s, 76672 KB] In ts_25_29 of size 6 found num new op-mutexes 0
[t=3.04814s, 76672 KB] In ts_25_30 of size 2 found num new op-mutexes 0
[t=3.04967s, 76672 KB] In ts_25_31 of size 2 found num new op-mutexes 0
[t=3.0546s, 76672 KB] In ts_25_32 of size 14 found num new op-mutexes 0
[t=3.0596s, 76672 KB] In ts_25_33 of size 14 found num new op-mutexes 0
[t=3.06219s, 76672 KB] In ts_25_38 of size 6 found num new op-mutexes 0
[t=3.06542s, 76672 KB] In ts_25_39 of size 11 found num new op-mutexes 0
[t=3.07012s, 76672 KB] In ts_25_45 of size 25 found num new op-mutexes 0
[t=3.07256s, 76672 KB] Operator mutex finished iteration 25. Found an additional 0 operator mutexes

[t=3.07466s, 76672 KB] Next pair of indices: (27, 63)
[t=3.07474s, 76672 KB] M&S algorithm main loop timer: 3.01547s (after computation of next merge)
[t=3.28769s, 76672 KB] M&S algorithm main loop timer: 3.22849s (after shrinking)
[t=3.43558s, 76672 KB] M&S algorithm main loop timer: 3.37638s (after merging)

[t=3.43861s, 76672 KB] Operator mutex starting iteration 26
[t=3.43996s, 76672 KB] In ts_26_16 of size 2 found num new op-mutexes 0
[t=3.4415s, 76672 KB] In ts_26_28 of size 2 found num new op-mutexes 0
[t=3.44617s, 76672 KB] In ts_26_29 of size 6 found num new op-mutexes 0
[t=3.44777s, 76672 KB] In ts_26_30 of size 2 found num new op-mutexes 0
[t=3.44931s, 76672 KB] In ts_26_31 of size 2 found num new op-mutexes 0
[t=3.45426s, 76672 KB] In ts_26_32 of size 14 found num new op-mutexes 0
[t=3.45932s, 76672 KB] In ts_26_33 of size 14 found num new op-mutexes 0
[t=3.46196s, 76672 KB] In ts_26_38 of size 6 found num new op-mutexes 0
[t=3.46517s, 76672 KB] In ts_26_39 of size 11 found num new op-mutexes 0
[t=3.47061s, 76672 KB] In ts_26_45 of size 25 found num new op-mutexes 0
[t=3.47513s, 76672 KB] Operator mutex finished iteration 26. Found an additional 0 operator mutexes

[t=3.47774s, 76672 KB] Next pair of indices: (28, 64)
[t=3.47782s, 76672 KB] M&S algorithm main loop timer: 3.41854s (after computation of next merge)
[t=3.78891s, 76672 KB] M&S algorithm main loop timer: 3.72971s (after shrinking)
[t=3.9304s, 76672 KB] M&S algorithm main loop timer: 3.8712s (after merging)

[t=3.93319s, 76672 KB] Operator mutex starting iteration 27
[t=3.93456s, 76672 KB] In ts_27_16 of size 2 found num new op-mutexes 0
[t=3.93922s, 76672 KB] In ts_27_29 of size 6 found num new op-mutexes 0
[t=3.94081s, 76672 KB] In ts_27_30 of size 2 found num new op-mutexes 0
[t=3.94235s, 76672 KB] In ts_27_31 of size 2 found num new op-mutexes 0
[t=3.94727s, 76672 KB] In ts_27_32 of size 14 found num new op-mutexes 0
[t=3.95229s, 76672 KB] In ts_27_33 of size 14 found num new op-mutexes 0
[t=3.95494s, 76672 KB] In ts_27_38 of size 6 found num new op-mutexes 0
[t=3.9582s, 76672 KB] In ts_27_39 of size 11 found num new op-mutexes 0
[t=3.96263s, 76672 KB] In ts_27_45 of size 25 found num new op-mutexes 0
[t=3.96607s, 76672 KB] Operator mutex finished iteration 27. Found an additional 0 operator mutexes

[t=3.96875s, 76672 KB] Next pair of indices: (29, 65)
[t=3.96881s, 76672 KB] M&S algorithm main loop timer: 3.90953s (after computation of next merge)
[t=4.1708s, 76672 KB] M&S algorithm main loop timer: 4.11201s (after shrinking)
[t=4.36805s, 76672 KB] M&S algorithm main loop timer: 4.30885s (after merging)

[t=4.37087s, 76672 KB] Operator mutex starting iteration 28
[t=4.37218s, 76672 KB] In ts_28_16 of size 2 found num new op-mutexes 0
[t=4.3737s, 76672 KB] In ts_28_30 of size 2 found num new op-mutexes 0
[t=4.37522s, 76672 KB] In ts_28_31 of size 2 found num new op-mutexes 0
[t=4.38026s, 76672 KB] In ts_28_32 of size 14 found num new op-mutexes 0
[t=4.38526s, 76672 KB] In ts_28_33 of size 14 found num new op-mutexes 0
[t=4.38793s, 76672 KB] In ts_28_38 of size 6 found num new op-mutexes 0
[t=4.39118s, 76672 KB] In ts_28_39 of size 11 found num new op-mutexes 0
[t=4.39566s, 76672 KB] In ts_28_45 of size 25 found num new op-mutexes 0
[t=4.40129s, 76672 KB] Operator mutex finished iteration 28. Found an additional 0 operator mutexes

[t=4.40442s, 76672 KB] Next pair of indices: (30, 66)
[t=4.40447s, 76672 KB] M&S algorithm main loop timer: 4.3452s (after computation of next merge)
[t=4.72933s, 84160 KB] M&S algorithm main loop timer: 4.67013s (after shrinking)
[t=4.91633s, 84160 KB] M&S algorithm main loop timer: 4.85714s (after merging)

[t=4.91933s, 84160 KB] Operator mutex starting iteration 29
[t=4.92066s, 84160 KB] In ts_29_16 of size 2 found num new op-mutexes 0
[t=4.92221s, 84160 KB] In ts_29_31 of size 2 found num new op-mutexes 0
[t=4.92713s, 84160 KB] In ts_29_32 of size 14 found num new op-mutexes 0
[t=4.93215s, 84160 KB] In ts_29_33 of size 14 found num new op-mutexes 0
[t=4.93477s, 84160 KB] In ts_29_38 of size 6 found num new op-mutexes 0
[t=4.93807s, 84160 KB] In ts_29_39 of size 11 found num new op-mutexes 0
[t=4.94259s, 84160 KB] In ts_29_45 of size 25 found num new op-mutexes 0
[t=4.94705s, 84160 KB] Operator mutex finished iteration 29. Found an additional 0 operator mutexes

[t=4.95007s, 84160 KB] Next pair of indices: (31, 67)
[t=4.95014s, 84160 KB] M&S algorithm main loop timer: 4.89086s (after computation of next merge)
[t=5.17479s, 84160 KB] M&S algorithm main loop timer: 5.1159s (after shrinking)
[t=5.17601s, 84160 KB] M&S algorithm main loop timer: 5.11674s (after merging)

[t=5.17605s, 84160 KB] Operator mutex starting iteration 30
[t=5.1773s, 84160 KB] In ts_30_16 of size 2 found num new op-mutexes 0
[t=5.18216s, 84160 KB] In ts_30_32 of size 14 found num new op-mutexes 0
[t=5.18714s, 84160 KB] In ts_30_33 of size 14 found num new op-mutexes 0
[t=5.1897s, 84160 KB] In ts_30_38 of size 6 found num new op-mutexes 0
[t=5.19291s, 84160 KB] In ts_30_39 of size 11 found num new op-mutexes 0
[t=5.19734s, 84160 KB] In ts_30_45 of size 25 found num new op-mutexes 0
[t=5.20412s, 84160 KB] In ts_30_68 of size 22 found num new op-mutexes 0
[t=5.20432s, 84160 KB] Operator mutex finished iteration 30. Found an additional 0 operator mutexes

[t=5.20479s, 84160 KB] Next pair of indices: (32, 68)
[t=5.20482s, 84160 KB] M&S algorithm main loop timer: 5.14554s (after computation of next merge)
[t=5.20682s, 84160 KB] M&S algorithm main loop timer: 5.14757s (after merging)

[t=5.20691s, 84160 KB] Operator mutex starting iteration 31
[t=5.20833s, 84160 KB] In ts_31_16 of size 2 found num new op-mutexes 0
[t=5.21327s, 84160 KB] In ts_31_33 of size 14 found num new op-mutexes 0
[t=5.21592s, 84160 KB] In ts_31_38 of size 6 found num new op-mutexes 0
[t=5.21911s, 84160 KB] In ts_31_39 of size 11 found num new op-mutexes 0
[t=5.22347s, 84160 KB] In ts_31_45 of size 25 found num new op-mutexes 0
[t=5.3065s, 84160 KB] In ts_31_69 of size 308 found num new op-mutexes 0
[t=5.30682s, 84160 KB] Operator mutex finished iteration 31. Found an additional 0 operator mutexes

[t=5.30724s, 84160 KB] Next pair of indices: (33, 69)
[t=5.30727s, 84160 KB] M&S algorithm main loop timer: 5.248s (after computation of next merge)
[t=5.32781s, 84160 KB] M&S algorithm main loop timer: 5.26858s (after merging)

[t=5.32817s, 84160 KB] Operator mutex starting iteration 32
[t=5.32949s, 84160 KB] In ts_32_16 of size 2 found num new op-mutexes 0
[t=5.33207s, 84160 KB] In ts_32_38 of size 6 found num new op-mutexes 0
[t=5.33537s, 84160 KB] In ts_32_39 of size 11 found num new op-mutexes 0
[t=5.33995s, 84160 KB] In ts_32_45 of size 25 found num new op-mutexes 0
[t=6.27045s, 84160 KB] In ts_32_70 of size 4312 found num new op-mutexes 0
[t=6.27097s, 84160 KB] Operator mutex finished iteration 32. Found an additional 0 operator mutexes

[t=6.27168s, 84160 KB] Next pair of indices: (45, 70)
[t=6.27171s, 84160 KB] M&S algorithm main loop timer: 6.21243s (after computation of next merge)
[t=6.32164s, 84160 KB] M&S algorithm main loop timer: 6.26247s (after shrinking)
[t=6.68934s, 89148 KB] M&S algorithm main loop timer: 6.63012s (after merging)

[t=6.69215s, 89148 KB] Operator mutex starting iteration 33
[t=6.69358s, 89148 KB] In ts_33_16 of size 2 found num new op-mutexes 0
[t=6.69637s, 89148 KB] In ts_33_38 of size 6 found num new op-mutexes 0
[t=6.69981s, 89148 KB] In ts_33_39 of size 11 found num new op-mutexes 0
[t=6.71099s, 95204 KB] Operator mutex finished iteration 33. Found an additional 0 operator mutexes

[t=6.71636s, 95204 KB] Next pair of indices: (39, 71)
[t=6.71642s, 95204 KB] M&S algorithm main loop timer: 6.65714s (after computation of next merge)
[t=7.13627s, 112964 KB] M&S algorithm main loop timer: 7.07742s (after shrinking)
[t=7.26633s, 112964 KB] M&S algorithm main loop timer: 7.20714s (after merging)
[t=7.31299s, 112964 KB] M&S algorithm main loop timer: 7.2538s (after pruning)

[t=7.31311s, 112964 KB] Operator mutex starting iteration 34
[t=7.31464s, 112964 KB] In ts_34_16 of size 2 found num new op-mutexes 0
[t=7.31745s, 112964 KB] In ts_34_38 of size 6 found num new op-mutexes 0
[t=7.322s, 112964 KB] Operator mutex finished iteration 34. Found an additional 0 operator mutexes

[t=7.3242s, 112964 KB] Next pair of indices: (38, 72)
[t=7.32424s, 112964 KB] M&S algorithm main loop timer: 7.26497s (after computation of next merge)
[t=7.51108s, 112964 KB] M&S algorithm main loop timer: 7.45218s (after shrinking)
[t=7.94839s, 112964 KB] M&S algorithm main loop timer: 7.88924s (after merging)
[t=8.05119s, 112964 KB] M&S algorithm main loop timer: 7.99205s (after pruning)

[t=8.05137s, 112964 KB] Operator mutex starting iteration 35
[t=8.05294s, 112964 KB] In ts_35_16 of size 2 found num new op-mutexes 0
[t=8.063s, 112964 KB] Operator mutex finished iteration 35. Found an additional 0 operator mutexes

[t=8.06318s, 112964 KB] Next pair of indices: (16, 73)
[t=8.06321s, 112964 KB] M&S algorithm main loop timer: 8.00393s (after computation of next merge)
[t=8.59107s, 113788 KB] M&S algorithm main loop timer: 8.53195s (after shrinking)
[t=8.75576s, 113788 KB] M&S algorithm main loop timer: 8.6966s (after merging)

[t=8.75787s, 113788 KB] Operator mutex starting iteration 36
[t=8.76308s, 113788 KB] Operator mutex finished iteration 36. Found an additional 0 operator mutexes

[t=8.76325s, 113788 KB] End of merge-and-shrink algorithm, statistics:
[t=8.76327s, 113788 KB] Main loop runtime: 8.70399s
[t=8.7633s, 113788 KB] Maximum intermediate abstraction size: 48694
[t=8.76332s, 113788 KB] Final peak memory increase of merge-and-shrink algorithm: 88648 KB
[t=8.76335s, 113788 KB] Merge-and-shrink algorithm runtime: 8.7311s

[t=8.76338s, 113788 KB] Number of labels: 7374
[t=8.7634s, 113788 KB] Total number of operator mutexes: 21236
[t=8.76342s, 113788 KB] Operator Mutex total time: 3.14655s
[t=8.76367s, 113788 KB] Number of remaining factors: 1
[t=8.76376s, 113788 KB] Number of factors kept: 1
[t=8.76379s, 113788 KB] Done initializing merge-and-shrink heuristic.

[t=8.76537s, 113788 KB] Building successor generator...done!
[t=8.76838s, 113788 KB] peak memory difference for successor generator creation: 0 KB
[t=8.7684s, 113788 KB] time for successor generation creation: 0.00289466s
[t=8.76848s, 113788 KB] Variables: 38
[t=8.7685s, 113788 KB] FactPairs: 163
[t=8.76853s, 113788 KB] Bytes per state: 12
[t=8.76866s, 113788 KB] Conducting best first search with reopening closed nodes, (real) bound = 2147483647
[t=8.76873s, 113788 KB] New best heuristic value for merge_and_shrink(op_mutex = op_mutex(use_previous_ops = nasutpo, reachability_strategy = goal)): 6
[t=8.76876s, 113788 KB] g=0, 1 evaluated, 0 expanded
[t=8.76878s, 113788 KB] f = 6, 1 evaluated, 0 expanded
[t=8.76881s, 113788 KB] Initial heuristic value for merge_and_shrink(op_mutex = op_mutex(use_previous_ops = nasutpo, reachability_strategy = goal)): 6
[t=8.76883s, 113788 KB] pruning method: none
[t=8.76889s, 113788 KB] New best heuristic value for merge_and_shrink(op_mutex = op_mutex(use_previous_ops = nasutpo, reachability_strategy = goal)): 5
[t=8.76891s, 113788 KB] g=1, 9 evaluated, 1 expanded
[t=8.7691s, 113788 KB] f = 7, 81 evaluated, 5 expanded
[t=8.77057s, 113788 KB] f = 8, 704 evaluated, 83 expanded
[t=8.77226s, 113788 KB] New best heuristic value for merge_and_shrink(op_mutex = op_mutex(use_previous_ops = nasutpo, reachability_strategy = goal)): 4
[t=8.7723s, 113788 KB] g=4, 1328 evaluated, 195 expanded
[t=8.78024s, 113788 KB] f = 9, 4487 evaluated, 712 expanded
[t=8.82885s, 113788 KB] f = 10, 22362 evaluated, 4354 expanded
[t=8.83111s, 113788 KB] New best heuristic value for merge_and_shrink(op_mutex = op_mutex(use_previous_ops = nasutpo, reachability_strategy = goal)): 3
[t=8.83116s, 113788 KB] g=7, 23221 evaluated, 4511 expanded
[t=9.04667s, 113788 KB] f = 11, 93882 evaluated, 21099 expanded
[t=9.87865s, 113788 KB] f = 12, 338604 evaluated, 86210 expanded
[t=12.6999s, 129132 KB] f = 13, 1054597 evaluated, 305177 expanded
[t=12.7001s, 129132 KB] New best heuristic value for merge_and_shrink(op_mutex = op_mutex(use_previous_ops = nasutpo, reachability_strategy = goal)): 2
[t=12.7001s, 129132 KB] g=11, 1054611 evaluated, 305181 expanded
[t=20.504s, 161904 KB] f = 14, 2836616 evaluated, 940647 expanded
[t=39.7499s, 447736 KB] f = 15, 6588623 evaluated, 2520941 expanded
[t=77.6582s, 609908 KB] f = 16, 13242339 evaluated, 5866995 expanded
[t=81.968s, 886472 KB] New best heuristic value for merge_and_shrink(op_mutex = op_mutex(use_previous_ops = nasutpo, reachability_strategy = goal)): 1
[t=81.9681s, 886472 KB] g=15, 13908420 evaluated, 6209978 expanded
[t=144.235s, 1071564 KB] f = 17, 23090766 evaluated, 11867033 expanded
[t=244.415s, 1727500 KB] f = 18, 35037508 evaluated, 20904947 expanded
[t=362.756s, 2095048 KB] f = 19, 46425301 evaluated, 32186294 expanded
[t=362.756s, 2095048 KB] New best heuristic value for merge_and_shrink(op_mutex = op_mutex(use_previous_ops = nasutpo, reachability_strategy = goal)): 0
[t=362.756s, 2095048 KB] g=19, 46425303 evaluated, 32186297 expanded
[t=362.756s, 2095048 KB] Solution found!
[t=362.756s, 2095048 KB] Actual search time: 353.988s
sendtofree h4 da n4 n3 (1)
sendtohome-b da d n1 d0 n0 n1 n2 (1)
sendtohome-b d2 d n2 da n1 n2 n3 (1)
sendtohome d3 c2 d n3 d2 n2 (1)
sendtohome d4 ha d n4 d3 n3 (1)
sendtohome-b ha h n1 h0 n0 n3 n4 (1)
sendtohome h2 s4 h n2 ha n1 (1)
sendtofree c2 ca n3 n2 (1)
sendtohome ca sa c n1 c0 n0 (1)
homefromfreecell c2 c n2 ca n1 n2 n3 (1)
sendtohome c3 h3 c n3 c2 n2 (1)
sendtohome-b h3 h n3 h2 n2 n4 n5 (1)
homefromfreecell h4 h n4 h3 n3 n3 n4 (1)
sendtofree s3 c4 n4 n3 (1)
sendtohome c4 s2 c n4 c3 n3 (1)
sendtohome-b sa s n1 s0 n0 n5 n6 (1)
sendtohome-b s2 s n2 sa n1 n6 n7 (1)
homefromfreecell s3 s n3 s2 n2 n3 n4 (1)
sendtohome-b s4 s n4 s3 n3 n7 n8 (1)
[t=362.756s, 2095048 KB] Plan length: 19 step(s).
[t=362.756s, 2095048 KB] Plan cost: 19
[t=362.756s, 2095048 KB] Expanded 32186298 state(s).
[t=362.756s, 2095048 KB] Reopened 0 state(s).
[t=362.756s, 2095048 KB] Evaluated 46425303 state(s).
[t=362.756s, 2095048 KB] Evaluations: 46425303
[t=362.756s, 2095048 KB] Generated 582291464 state(s).
[t=362.756s, 2095048 KB] Dead ends: 0 state(s).
[t=362.756s, 2095048 KB] Expanded until last jump: 32186294 state(s).
[t=362.756s, 2095048 KB] Reopened until last jump: 0 state(s).
[t=362.756s, 2095048 KB] Evaluated until last jump: 46425301 state(s).
[t=362.756s, 2095048 KB] Generated until last jump: 582291455 state(s).
[t=362.756s, 2095048 KB] Number of registered states: 46425303
[t=362.756s, 2095048 KB] Int hash set load factor: 46425303/67108864 = 0.691791
[t=362.756s, 2095048 KB] Int hash set resizes: 26
[t=362.756s, 2095048 KB] Search time: 353.988s
[t=362.756s, 2095048 KB] Total time: 362.756s
Solution found.
Peak memory: 2095048 KB
Remove intermediate file output.sas
search exit code: 0

INFO     Running validate.
INFO     validate stdin: None
INFO     validate time limit: None
INFO     validate memory limit: None
INFO     validate command line string: validate domain.pddl problem.pddl sas_plan
Checking plan: sas_plan
Plan executed successfully - checking goal
Plan valid
Final value: 19 

Successful plans:
Value: 19
 sas_plan 19 

validate exit code: 0

