INFO     Running translator.
INFO     translator stdin: None
INFO     translator time limit: 599.96s
INFO     translator memory limit: 7000 MB
INFO     translator command line string: /usr/bin/python3 /user/student.aau.dk/lkar18/downward-projects/downward/experiments/nopo_vs_nasutpo_195p/data/nopo_vs_nasutpo/code-94571df14dfaf5b06207d9589b12facdd93f580c_e5e41175/builds/release/bin/translate/translate.py domain.pddl problem.pddl --sas-file output.sas
Parsing...
Parsing: [0.000s CPU, 0.002s wall-clock]
Normalizing task... [0.000s CPU, 0.000s wall-clock]
Instantiating...
Generating Datalog program... [0.000s CPU, 0.001s wall-clock]
Normalizing Datalog program...
Normalizing Datalog program: [0.000s CPU, 0.001s wall-clock]
Preparing model... [0.010s CPU, 0.002s wall-clock]
Generated 34 rules.
Computing model... [0.000s CPU, 0.005s wall-clock]
354 relevant atoms
264 auxiliary atoms
618 final queue length
677 total queue pushes
Completing instantiation... [0.000s CPU, 0.002s wall-clock]
Instantiating: [0.010s CPU, 0.011s wall-clock]
Computing fact groups...
Finding invariants...
8 initial candidates
Finding invariants: [0.000s CPU, 0.001s wall-clock]
Checking invariant weight... [0.000s CPU, 0.000s wall-clock]
Instantiating groups... [0.000s CPU, 0.000s wall-clock]
Collecting mutex groups... [0.000s CPU, 0.000s wall-clock]
Choosing groups...
54 uncovered facts
Choosing groups: [0.000s CPU, 0.000s wall-clock]
Building translation key... [0.000s CPU, 0.000s wall-clock]
Computing fact groups: [0.010s CPU, 0.002s wall-clock]
Building STRIPS to SAS dictionary... [0.000s CPU, 0.000s wall-clock]
Building dictionary for full mutex groups... [0.000s CPU, 0.000s wall-clock]
Building mutex information...
Building mutex information: [0.000s CPU, 0.000s wall-clock]
Translating task...
Processing axioms...
Simplifying axioms... [0.000s CPU, 0.000s wall-clock]
Translator axioms removed by simplifying: 0
Computing negative axioms... [0.000s CPU, 0.000s wall-clock]
Processing axioms: [0.000s CPU, 0.000s wall-clock]
Translating task: [0.000s CPU, 0.003s wall-clock]
28 effect conditions simplified
0 implied preconditions added
Detecting unreachable propositions...
0 operators removed
0 axioms removed
1 propositions removed
Detecting unreachable propositions: [0.000s CPU, 0.002s wall-clock]
Reordering and filtering variables...
35 of 55 variables necessary.
0 of 1 mutex groups necessary.
67 of 80 operators necessary.
0 of 0 axiom rules necessary.
Reordering and filtering variables: [0.000s CPU, 0.001s wall-clock]
Translator variables: 35
Translator derived variables: 0
Translator facts: 72
Translator goal facts: 2
Translator mutex groups: 0
Translator total mutex groups size: 0
Translator operators: 67
Translator axioms: 0
Translator task size: 411
Translator peak memory: 42268 KB
Writing output... [0.000s CPU, 0.001s wall-clock]
Done! [0.020s CPU, 0.023s wall-clock]
translate exit code: 0

INFO     Running search (release).
INFO     search stdin: output.sas
INFO     search time limit: 599.89s
INFO     search memory limit: 7000 MB
INFO     search command line string: /user/student.aau.dk/lkar18/downward-projects/downward/experiments/nopo_vs_nasutpo_195p/data/nopo_vs_nasutpo/code-94571df14dfaf5b06207d9589b12facdd93f580c_e5e41175/builds/release/bin/downward --search 'astar(merge_and_shrink(op_mutex=op_mutex(use_previous_ops=NaSUTPO, reachability_strategy=goal), merge_strategy=merge_precomputed(linear()), shrink_strategy=shrink_bisimulation(greedy=true, at_limit=USE_UP)))' --internal-plan-file sas_plan < output.sas
[t=3.5197e-05s, 22344 KB] reading input...
[t=0.000433317s, 22344 KB] done reading input!
[t=0.00178578s, 22600 KB] Initializing merge-and-shrink heuristic...
[t=0.00185345s, 22600 KB] Running merge-and-shrink algorithm...
[t=0.00187329s, 22600 KB] Merge strategy options:
[t=0.00189446s, 22600 KB] Type: precomputed
[t=0.00191441s, 22600 KB] Merge tree options: 
[t=0.001934s, 22600 KB] Type: linear
[t=0.00195352s, 22600 KB] Update option: use random
[t=0.00197338s, 22600 KB] Variable order type: CG/GOAL, tie breaking on level (main)

[t=0.00199534s, 22600 KB] Options related to size limits and shrinking: 
[t=0.00201564s, 22600 KB] Transition system size limit: 50000
[t=0.00203548s, 22600 KB] Transition system size limit right before merge: 50000
[t=0.00205472s, 22600 KB] Threshold to trigger shrinking right before merge: 1

[t=0.00208626s, 22600 KB] Pruning unreachable states: yes
[t=0.00210628s, 22600 KB] Pruning irrelevant states: yes

[t=0.0021276s, 22600 KB] Label reduction disabled

[t=0.00214956s, 22600 KB] Main loop max time in seconds: inf

[t=0.00217349s, 22600 KB] ===============================================================================
[t=0.00220381s, 22600 KB] WARNING! You did not enable label reduction.
This may drastically reduce the performance of merge-and-shrink!
[t=0.00222658s, 22600 KB] ===============================================================================

[t=0.0022532s, 22600 KB] Building atomic transition systems... 
[t=0.00270329s, 23128 KB] M&S algorithm timer: 0.000887484s (after computation of atomic factors)

[t=0.00275536s, 23128 KB] Starting main loop without a time limit.
[t=0.00278244s, 23128 KB] building causal graph...done! [t=9.6938e-05s]
[t=0.00290079s, 23128 KB] Next pair of indices: (34, 33)
[t=0.0029331s, 23128 KB] M&S algorithm main loop timer: 0.00019839s (after computation of next merge)
[t=0.00296841s, 23128 KB] M&S algorithm main loop timer: 0.000234506s (after shrinking)
[t=0.00300694s, 23128 KB] M&S algorithm main loop timer: 0.0002742s (after merging)

[t=0.00304686s, 23128 KB] Operator mutex starting iteration 0


[t=0.00310222s, 23128 KB] In ts_0_0 of size 2 found num new op-mutexes 9


[t=0.00316293s, 23128 KB] In ts_0_1 of size 2 found num new op-mutexes 9


[t=0.00321898s, 23128 KB] In ts_0_2 of size 2 found num new op-mutexes 9


[t=0.00327298s, 23128 KB] In ts_0_3 of size 2 found num new op-mutexes 9


[t=0.0033274s, 23128 KB] In ts_0_4 of size 2 found num new op-mutexes 9


[t=0.00338054s, 23128 KB] In ts_0_5 of size 2 found num new op-mutexes 9


[t=0.00343363s, 23128 KB] In ts_0_6 of size 2 found num new op-mutexes 9


[t=0.00348634s, 23128 KB] In ts_0_7 of size 2 found num new op-mutexes 9


[t=0.00354143s, 23128 KB] In ts_0_8 of size 2 found num new op-mutexes 9


[t=0.0035937s, 23128 KB] In ts_0_9 of size 2 found num new op-mutexes 9


[t=0.00364648s, 23128 KB] In ts_0_10 of size 2 found num new op-mutexes 9


[t=0.0036991s, 23128 KB] In ts_0_11 of size 2 found num new op-mutexes 9


[t=0.00381405s, 23128 KB] In ts_0_12 of size 4 found num new op-mutexes 396


[t=0.0038756s, 23128 KB] In ts_0_13 of size 2 found num new op-mutexes 0


[t=0.00393979s, 23128 KB] In ts_0_14 of size 2 found num new op-mutexes 0


[t=0.00399129s, 23128 KB] In ts_0_15 of size 2 found num new op-mutexes 0


[t=0.00404145s, 23128 KB] In ts_0_16 of size 2 found num new op-mutexes 0


[t=0.0040909s, 23128 KB] In ts_0_17 of size 2 found num new op-mutexes 0


[t=0.00413974s, 23128 KB] In ts_0_18 of size 2 found num new op-mutexes 0


[t=0.00418824s, 23128 KB] In ts_0_19 of size 2 found num new op-mutexes 0


[t=0.00423723s, 23128 KB] In ts_0_20 of size 2 found num new op-mutexes 0


[t=0.00428654s, 23128 KB] In ts_0_21 of size 2 found num new op-mutexes 0


[t=0.00433629s, 23128 KB] In ts_0_22 of size 2 found num new op-mutexes 0


[t=0.00438811s, 23128 KB] In ts_0_23 of size 2 found num new op-mutexes 0


[t=0.00443875s, 23128 KB] In ts_0_24 of size 2 found num new op-mutexes 0


[t=0.00448933s, 23128 KB] In ts_0_25 of size 2 found num new op-mutexes 0


[t=0.00455307s, 23128 KB] In ts_0_26 of size 2 found num new op-mutexes 0


[t=0.0046066s, 23128 KB] In ts_0_27 of size 2 found num new op-mutexes 0


[t=0.00465866s, 23128 KB] In ts_0_28 of size 2 found num new op-mutexes 0


[t=0.0047088s, 23128 KB] In ts_0_29 of size 2 found num new op-mutexes 0


[t=0.00476132s, 23128 KB] In ts_0_30 of size 2 found num new op-mutexes 0


[t=0.00481253s, 23128 KB] In ts_0_31 of size 2 found num new op-mutexes 0


[t=0.00486266s, 23128 KB] In ts_0_32 of size 2 found num new op-mutexes 0


[t=0.00491202s, 23128 KB] In ts_0_35 of size 2 found num new op-mutexes 0
[t=0.00493965s, 23128 KB] Operator mutex finished iteration 0. Found an additional 504 operator mutexes

[t=0.00497099s, 23128 KB] Next pair of indices: (35, 32)
[t=0.00499345s, 23128 KB] M&S algorithm main loop timer: 0.00225756s (after computation of next merge)
[t=0.00502483s, 23128 KB] M&S algorithm main loop timer: 0.00229023s (after shrinking)
[t=0.00506175s, 23128 KB] M&S algorithm main loop timer: 0.00232898s (after merging)

[t=0.00509094s, 23128 KB] Operator mutex starting iteration 1


[t=0.00513989s, 23128 KB] In ts_1_0 of size 2 found num new op-mutexes 0


[t=0.00519764s, 23128 KB] In ts_1_1 of size 2 found num new op-mutexes 0


[t=0.00525238s, 23128 KB] In ts_1_2 of size 2 found num new op-mutexes 0


[t=0.00531095s, 23128 KB] In ts_1_3 of size 2 found num new op-mutexes 0


[t=0.00536684s, 23128 KB] In ts_1_4 of size 2 found num new op-mutexes 0


[t=0.00541858s, 23128 KB] In ts_1_5 of size 2 found num new op-mutexes 0


[t=0.00546951s, 23128 KB] In ts_1_6 of size 2 found num new op-mutexes 0


[t=0.0055208s, 23128 KB] In ts_1_7 of size 2 found num new op-mutexes 0


[t=0.00557222s, 23128 KB] In ts_1_8 of size 2 found num new op-mutexes 0


[t=0.00562335s, 23128 KB] In ts_1_9 of size 2 found num new op-mutexes 0


[t=0.00567444s, 23128 KB] In ts_1_10 of size 2 found num new op-mutexes 0


[t=0.00572472s, 23128 KB] In ts_1_11 of size 2 found num new op-mutexes 0


[t=0.00581708s, 23128 KB] In ts_1_12 of size 4 found num new op-mutexes 0


[t=0.00587302s, 23128 KB] In ts_1_13 of size 2 found num new op-mutexes 0


[t=0.0059365s, 23128 KB] In ts_1_14 of size 2 found num new op-mutexes 0


[t=0.0059875s, 23128 KB] In ts_1_15 of size 2 found num new op-mutexes 0


[t=0.0060381s, 23128 KB] In ts_1_16 of size 2 found num new op-mutexes 0


[t=0.00608758s, 23128 KB] In ts_1_17 of size 2 found num new op-mutexes 0


[t=0.00613863s, 23128 KB] In ts_1_18 of size 2 found num new op-mutexes 0


[t=0.00618735s, 23128 KB] In ts_1_19 of size 2 found num new op-mutexes 0


[t=0.00623599s, 23128 KB] In ts_1_20 of size 2 found num new op-mutexes 0


[t=0.00628568s, 23128 KB] In ts_1_21 of size 2 found num new op-mutexes 0


[t=0.00633491s, 23128 KB] In ts_1_22 of size 2 found num new op-mutexes 0


[t=0.00638635s, 23128 KB] In ts_1_23 of size 2 found num new op-mutexes 0


[t=0.0064359s, 23128 KB] In ts_1_24 of size 2 found num new op-mutexes 0


[t=0.00648572s, 23128 KB] In ts_1_25 of size 2 found num new op-mutexes 0


[t=0.00653894s, 23128 KB] In ts_1_26 of size 2 found num new op-mutexes 0


[t=0.00658962s, 23128 KB] In ts_1_27 of size 2 found num new op-mutexes 0


[t=0.00665553s, 23128 KB] In ts_1_28 of size 2 found num new op-mutexes 0


[t=0.00671873s, 23128 KB] In ts_1_29 of size 2 found num new op-mutexes 0


[t=0.00677102s, 23128 KB] In ts_1_30 of size 2 found num new op-mutexes 0


[t=0.00682171s, 23128 KB] In ts_1_31 of size 2 found num new op-mutexes 0


[t=0.00687185s, 23128 KB] In ts_1_36 of size 2 found num new op-mutexes 0
[t=0.00689798s, 23128 KB] Operator mutex finished iteration 1. Found an additional 0 operator mutexes

[t=0.00692369s, 23128 KB] Next pair of indices: (36, 31)
[t=0.00695271s, 23128 KB] M&S algorithm main loop timer: 0.00421615s (after computation of next merge)
[t=0.00698444s, 23128 KB] M&S algorithm main loop timer: 0.00424958s (after shrinking)
[t=0.007021s, 23128 KB] M&S algorithm main loop timer: 0.00428929s (after merging)

[t=0.00705141s, 23128 KB] Operator mutex starting iteration 2


[t=0.00710068s, 23128 KB] In ts_2_0 of size 2 found num new op-mutexes 0


[t=0.00716806s, 23128 KB] In ts_2_1 of size 2 found num new op-mutexes 0


[t=0.0072228s, 23128 KB] In ts_2_2 of size 2 found num new op-mutexes 0


[t=0.00727568s, 23128 KB] In ts_2_3 of size 2 found num new op-mutexes 0


[t=0.00732772s, 23128 KB] In ts_2_4 of size 2 found num new op-mutexes 0


[t=0.00738256s, 23128 KB] In ts_2_5 of size 2 found num new op-mutexes 0


[t=0.0074336s, 23128 KB] In ts_2_6 of size 2 found num new op-mutexes 0


[t=0.00748459s, 23128 KB] In ts_2_7 of size 2 found num new op-mutexes 0


[t=0.00753612s, 23128 KB] In ts_2_8 of size 2 found num new op-mutexes 0


[t=0.00758724s, 23128 KB] In ts_2_9 of size 2 found num new op-mutexes 0


[t=0.00763809s, 23128 KB] In ts_2_10 of size 2 found num new op-mutexes 0


[t=0.00768904s, 23128 KB] In ts_2_11 of size 2 found num new op-mutexes 0


[t=0.0077808s, 23128 KB] In ts_2_12 of size 4 found num new op-mutexes 0


[t=0.00783656s, 23128 KB] In ts_2_13 of size 2 found num new op-mutexes 0


[t=0.00788951s, 23128 KB] In ts_2_14 of size 2 found num new op-mutexes 0


[t=0.0079406s, 23128 KB] In ts_2_15 of size 2 found num new op-mutexes 0


[t=0.00799113s, 23128 KB] In ts_2_16 of size 2 found num new op-mutexes 0


[t=0.0080407s, 23128 KB] In ts_2_17 of size 2 found num new op-mutexes 0


[t=0.00808945s, 23128 KB] In ts_2_18 of size 2 found num new op-mutexes 0


[t=0.0081383s, 23128 KB] In ts_2_19 of size 2 found num new op-mutexes 0


[t=0.00824061s, 23128 KB] In ts_2_20 of size 2 found num new op-mutexes 0


[t=0.00829528s, 23128 KB] In ts_2_21 of size 2 found num new op-mutexes 0


[t=0.00834631s, 23128 KB] In ts_2_22 of size 2 found num new op-mutexes 0


[t=0.00839869s, 23128 KB] In ts_2_23 of size 2 found num new op-mutexes 0


[t=0.0084491s, 23128 KB] In ts_2_24 of size 2 found num new op-mutexes 0


[t=0.00849997s, 23128 KB] In ts_2_25 of size 2 found num new op-mutexes 0


[t=0.00855349s, 23128 KB] In ts_2_26 of size 2 found num new op-mutexes 0


[t=0.0086051s, 23128 KB] In ts_2_27 of size 2 found num new op-mutexes 0


[t=0.00865634s, 23128 KB] In ts_2_28 of size 2 found num new op-mutexes 0


[t=0.00870697s, 23128 KB] In ts_2_29 of size 2 found num new op-mutexes 0


[t=0.00875921s, 23128 KB] In ts_2_30 of size 2 found num new op-mutexes 0


[t=0.008809s, 23128 KB] In ts_2_37 of size 2 found num new op-mutexes 0
[t=0.00884536s, 23128 KB] Operator mutex finished iteration 2. Found an additional 0 operator mutexes

[t=0.0088838s, 23128 KB] Next pair of indices: (37, 30)
[t=0.0089057s, 23128 KB] M&S algorithm main loop timer: 0.00616946s (after computation of next merge)
[t=0.0089367s, 23128 KB] M&S algorithm main loop timer: 0.00620187s (after shrinking)
[t=0.00897353s, 23128 KB] M&S algorithm main loop timer: 0.00624152s (after merging)

[t=0.00900339s, 23128 KB] Operator mutex starting iteration 3


[t=0.00905252s, 23128 KB] In ts_3_0 of size 2 found num new op-mutexes 0


[t=0.00910822s, 23128 KB] In ts_3_1 of size 2 found num new op-mutexes 0


[t=0.00916195s, 23128 KB] In ts_3_2 of size 2 found num new op-mutexes 0


[t=0.00921498s, 23128 KB] In ts_3_3 of size 2 found num new op-mutexes 0


[t=0.00926696s, 23128 KB] In ts_3_4 of size 2 found num new op-mutexes 0


[t=0.00931799s, 23128 KB] In ts_3_5 of size 2 found num new op-mutexes 0


[t=0.00936801s, 23128 KB] In ts_3_6 of size 2 found num new op-mutexes 0


[t=0.00941812s, 23128 KB] In ts_3_7 of size 2 found num new op-mutexes 0


[t=0.00946806s, 23128 KB] In ts_3_8 of size 2 found num new op-mutexes 0


[t=0.00951802s, 23128 KB] In ts_3_9 of size 2 found num new op-mutexes 0


[t=0.00956799s, 23128 KB] In ts_3_10 of size 2 found num new op-mutexes 0


[t=0.00961787s, 23128 KB] In ts_3_11 of size 2 found num new op-mutexes 0


[t=0.0097086s, 23128 KB] In ts_3_12 of size 4 found num new op-mutexes 0


[t=0.00976387s, 23128 KB] In ts_3_13 of size 2 found num new op-mutexes 0


[t=0.00981712s, 23128 KB] In ts_3_14 of size 2 found num new op-mutexes 0


[t=0.00986867s, 23128 KB] In ts_3_15 of size 2 found num new op-mutexes 0


[t=0.00991874s, 23128 KB] In ts_3_16 of size 2 found num new op-mutexes 0


[t=0.0099682s, 23128 KB] In ts_3_17 of size 2 found num new op-mutexes 0


[t=0.0100169s, 23128 KB] In ts_3_18 of size 2 found num new op-mutexes 0


[t=0.0100653s, 23128 KB] In ts_3_19 of size 2 found num new op-mutexes 0


[t=0.0101144s, 23128 KB] In ts_3_20 of size 2 found num new op-mutexes 0


[t=0.0101635s, 23128 KB] In ts_3_21 of size 2 found num new op-mutexes 0


[t=0.0102122s, 23128 KB] In ts_3_22 of size 2 found num new op-mutexes 0


[t=0.0102734s, 23128 KB] In ts_3_23 of size 2 found num new op-mutexes 0


[t=0.0103281s, 23128 KB] In ts_3_24 of size 2 found num new op-mutexes 0


[t=0.0103824s, 23128 KB] In ts_3_25 of size 2 found num new op-mutexes 0


[t=0.0104362s, 23128 KB] In ts_3_26 of size 2 found num new op-mutexes 0


[t=0.0104869s, 23128 KB] In ts_3_27 of size 2 found num new op-mutexes 0


[t=0.0105389s, 23128 KB] In ts_3_28 of size 2 found num new op-mutexes 0


[t=0.0105892s, 23128 KB] In ts_3_29 of size 2 found num new op-mutexes 0


[t=0.0106396s, 23128 KB] In ts_3_38 of size 2 found num new op-mutexes 0
[t=0.0106656s, 23128 KB] Operator mutex finished iteration 3. Found an additional 0 operator mutexes

[t=0.0106908s, 23128 KB] Next pair of indices: (38, 23)
[t=0.0107121s, 23128 KB] M&S algorithm main loop timer: 0.00797546s (after computation of next merge)
[t=0.0107427s, 23128 KB] M&S algorithm main loop timer: 0.00800796s (after shrinking)
[t=0.0107786s, 23128 KB] M&S algorithm main loop timer: 0.00804573s (after merging)

[t=0.0108077s, 23128 KB] Operator mutex starting iteration 4


[t=0.0108562s, 23128 KB] In ts_4_0 of size 2 found num new op-mutexes 0


[t=0.0109131s, 23128 KB] In ts_4_1 of size 2 found num new op-mutexes 0


[t=0.0109731s, 23128 KB] In ts_4_2 of size 2 found num new op-mutexes 0


[t=0.0110313s, 23128 KB] In ts_4_3 of size 2 found num new op-mutexes 0


[t=0.0110975s, 23128 KB] In ts_4_4 of size 2 found num new op-mutexes 0


[t=0.0111505s, 23128 KB] In ts_4_5 of size 2 found num new op-mutexes 0


[t=0.0112023s, 23128 KB] In ts_4_6 of size 2 found num new op-mutexes 0


[t=0.011254s, 23128 KB] In ts_4_7 of size 2 found num new op-mutexes 0


[t=0.0113059s, 23128 KB] In ts_4_8 of size 2 found num new op-mutexes 0


[t=0.0113573s, 23128 KB] In ts_4_9 of size 2 found num new op-mutexes 0


[t=0.0114091s, 23128 KB] In ts_4_10 of size 2 found num new op-mutexes 0


[t=0.0114607s, 23128 KB] In ts_4_11 of size 2 found num new op-mutexes 0


[t=0.0115515s, 23128 KB] In ts_4_12 of size 4 found num new op-mutexes 0


[t=0.0116069s, 23128 KB] In ts_4_13 of size 2 found num new op-mutexes 0


[t=0.0116598s, 23128 KB] In ts_4_14 of size 2 found num new op-mutexes 0


[t=0.0117111s, 23128 KB] In ts_4_15 of size 2 found num new op-mutexes 0


[t=0.0117621s, 23128 KB] In ts_4_16 of size 2 found num new op-mutexes 0


[t=0.0118124s, 23128 KB] In ts_4_17 of size 2 found num new op-mutexes 0


[t=0.0118731s, 23128 KB] In ts_4_18 of size 2 found num new op-mutexes 0


[t=0.0119229s, 23128 KB] In ts_4_19 of size 2 found num new op-mutexes 0


[t=0.0119728s, 23128 KB] In ts_4_20 of size 2 found num new op-mutexes 0


[t=0.0120225s, 23128 KB] In ts_4_21 of size 2 found num new op-mutexes 0


[t=0.0120722s, 23128 KB] In ts_4_22 of size 2 found num new op-mutexes 0


[t=0.0121222s, 23128 KB] In ts_4_24 of size 2 found num new op-mutexes 0


[t=0.0121725s, 23128 KB] In ts_4_25 of size 2 found num new op-mutexes 0


[t=0.0122358s, 23128 KB] In ts_4_26 of size 2 found num new op-mutexes 0


[t=0.0122871s, 23128 KB] In ts_4_27 of size 2 found num new op-mutexes 0


[t=0.0123396s, 23128 KB] In ts_4_28 of size 2 found num new op-mutexes 0


[t=0.0123899s, 23128 KB] In ts_4_29 of size 2 found num new op-mutexes 0


[t=0.0124398s, 23128 KB] In ts_4_39 of size 2 found num new op-mutexes 0
[t=0.012466s, 23128 KB] Operator mutex finished iteration 4. Found an additional 0 operator mutexes

[t=0.0124917s, 23128 KB] Next pair of indices: (39, 27)
[t=0.0125132s, 23128 KB] M&S algorithm main loop timer: 0.0097766s (after computation of next merge)
[t=0.012545s, 23128 KB] M&S algorithm main loop timer: 0.00981006s (after shrinking)
[t=0.012581s, 23128 KB] M&S algorithm main loop timer: 0.00984835s (after merging)

[t=0.0126105s, 23128 KB] Operator mutex starting iteration 5


[t=0.0126586s, 23128 KB] In ts_5_0 of size 2 found num new op-mutexes 0


[t=0.0127138s, 23128 KB] In ts_5_1 of size 2 found num new op-mutexes 0


[t=0.0127675s, 23128 KB] In ts_5_2 of size 2 found num new op-mutexes 0


[t=0.01282s, 23128 KB] In ts_5_3 of size 2 found num new op-mutexes 0


[t=0.0128727s, 23128 KB] In ts_5_4 of size 2 found num new op-mutexes 0


[t=0.0129239s, 23128 KB] In ts_5_5 of size 2 found num new op-mutexes 0


[t=0.0129752s, 23128 KB] In ts_5_6 of size 2 found num new op-mutexes 0


[t=0.0130264s, 23128 KB] In ts_5_7 of size 2 found num new op-mutexes 0


[t=0.0130777s, 23128 KB] In ts_5_8 of size 2 found num new op-mutexes 0


[t=0.0131322s, 23128 KB] In ts_5_9 of size 2 found num new op-mutexes 0


[t=0.0131881s, 23128 KB] In ts_5_10 of size 2 found num new op-mutexes 0


[t=0.0132406s, 23128 KB] In ts_5_11 of size 2 found num new op-mutexes 0


[t=0.0133323s, 23128 KB] In ts_5_12 of size 4 found num new op-mutexes 0


[t=0.0133881s, 23128 KB] In ts_5_13 of size 2 found num new op-mutexes 0


[t=0.0134408s, 23128 KB] In ts_5_14 of size 2 found num new op-mutexes 0


[t=0.0134913s, 23128 KB] In ts_5_15 of size 2 found num new op-mutexes 0


[t=0.0135415s, 23128 KB] In ts_5_16 of size 2 found num new op-mutexes 0


[t=0.0135912s, 23128 KB] In ts_5_17 of size 2 found num new op-mutexes 0


[t=0.0136409s, 23128 KB] In ts_5_18 of size 2 found num new op-mutexes 0


[t=0.0136904s, 23128 KB] In ts_5_19 of size 2 found num new op-mutexes 0


[t=0.0137401s, 23128 KB] In ts_5_20 of size 2 found num new op-mutexes 0


[t=0.0137893s, 23128 KB] In ts_5_21 of size 2 found num new op-mutexes 0


[t=0.0138385s, 23128 KB] In ts_5_22 of size 2 found num new op-mutexes 0


[t=0.0139359s, 23128 KB] In ts_5_24 of size 2 found num new op-mutexes 0


[t=0.0139952s, 23128 KB] In ts_5_25 of size 2 found num new op-mutexes 0


[t=0.0140523s, 23128 KB] In ts_5_26 of size 2 found num new op-mutexes 0


[t=0.0141054s, 23128 KB] In ts_5_28 of size 2 found num new op-mutexes 0


[t=0.0141563s, 23128 KB] In ts_5_29 of size 2 found num new op-mutexes 0


[t=0.0142061s, 23128 KB] In ts_5_40 of size 2 found num new op-mutexes 0
[t=0.0142318s, 23128 KB] Operator mutex finished iteration 5. Found an additional 0 operator mutexes

[t=0.0142574s, 23128 KB] Next pair of indices: (40, 26)
[t=0.014279s, 23128 KB] M&S algorithm main loop timer: 0.0115423s (after computation of next merge)
[t=0.0143102s, 23128 KB] M&S algorithm main loop timer: 0.0115754s (after shrinking)
[t=0.0143463s, 23128 KB] M&S algorithm main loop timer: 0.0116139s (after merging)

[t=0.0143759s, 23128 KB] Operator mutex starting iteration 6


[t=0.0144347s, 23128 KB] In ts_6_0 of size 2 found num new op-mutexes 0


[t=0.0144905s, 23128 KB] In ts_6_1 of size 2 found num new op-mutexes 0


[t=0.0145445s, 23128 KB] In ts_6_2 of size 2 found num new op-mutexes 0


[t=0.0145973s, 23128 KB] In ts_6_3 of size 2 found num new op-mutexes 0


[t=0.0146568s, 23128 KB] In ts_6_4 of size 2 found num new op-mutexes 0


[t=0.0147083s, 23128 KB] In ts_6_5 of size 2 found num new op-mutexes 0


[t=0.0147597s, 23128 KB] In ts_6_6 of size 2 found num new op-mutexes 0


[t=0.014811s, 23128 KB] In ts_6_7 of size 2 found num new op-mutexes 0


[t=0.0148626s, 23128 KB] In ts_6_8 of size 2 found num new op-mutexes 0


[t=0.0149141s, 23128 KB] In ts_6_9 of size 2 found num new op-mutexes 0


[t=0.0149654s, 23128 KB] In ts_6_10 of size 2 found num new op-mutexes 0


[t=0.0150167s, 23128 KB] In ts_6_11 of size 2 found num new op-mutexes 0


[t=0.0151085s, 23128 KB] In ts_6_12 of size 4 found num new op-mutexes 0


[t=0.0151644s, 23128 KB] In ts_6_13 of size 2 found num new op-mutexes 0


[t=0.0152279s, 23128 KB] In ts_6_14 of size 2 found num new op-mutexes 0


[t=0.0152786s, 23128 KB] In ts_6_15 of size 2 found num new op-mutexes 0


[t=0.0153286s, 23128 KB] In ts_6_16 of size 2 found num new op-mutexes 0


[t=0.015379s, 23128 KB] In ts_6_17 of size 2 found num new op-mutexes 0


[t=0.0154291s, 23128 KB] In ts_6_18 of size 2 found num new op-mutexes 0


[t=0.015479s, 23128 KB] In ts_6_19 of size 2 found num new op-mutexes 0


[t=0.0155286s, 23128 KB] In ts_6_20 of size 2 found num new op-mutexes 0


[t=0.0155784s, 23128 KB] In ts_6_21 of size 2 found num new op-mutexes 0


[t=0.0156281s, 23128 KB] In ts_6_22 of size 2 found num new op-mutexes 0


[t=0.0156778s, 23128 KB] In ts_6_24 of size 2 found num new op-mutexes 0


[t=0.0157278s, 23128 KB] In ts_6_25 of size 2 found num new op-mutexes 0


[t=0.0157826s, 23128 KB] In ts_6_28 of size 2 found num new op-mutexes 0


[t=0.0158366s, 23128 KB] In ts_6_29 of size 2 found num new op-mutexes 0


[t=0.0158872s, 23128 KB] In ts_6_41 of size 2 found num new op-mutexes 0
[t=0.0159134s, 23128 KB] Operator mutex finished iteration 6. Found an additional 0 operator mutexes

[t=0.0159386s, 23128 KB] Next pair of indices: (41, 25)
[t=0.0159602s, 23128 KB] M&S algorithm main loop timer: 0.0132339s (after computation of next merge)
[t=0.0160013s, 23128 KB] M&S algorithm main loop timer: 0.0132758s (after shrinking)
[t=0.0160478s, 23128 KB] M&S algorithm main loop timer: 0.0133163s (after merging)

[t=0.0160783s, 23128 KB] Operator mutex starting iteration 7


[t=0.0161277s, 23128 KB] In ts_7_0 of size 2 found num new op-mutexes 0


[t=0.0161835s, 23128 KB] In ts_7_1 of size 2 found num new op-mutexes 0


[t=0.0162374s, 23128 KB] In ts_7_2 of size 2 found num new op-mutexes 0


[t=0.0162909s, 23128 KB] In ts_7_3 of size 2 found num new op-mutexes 0


[t=0.016353s, 23128 KB] In ts_7_4 of size 2 found num new op-mutexes 0


[t=0.0164057s, 23128 KB] In ts_7_5 of size 2 found num new op-mutexes 0


[t=0.0164575s, 23128 KB] In ts_7_6 of size 2 found num new op-mutexes 0


[t=0.0165095s, 23128 KB] In ts_7_7 of size 2 found num new op-mutexes 0


[t=0.0165611s, 23128 KB] In ts_7_8 of size 2 found num new op-mutexes 0


[t=0.016612s, 23128 KB] In ts_7_9 of size 2 found num new op-mutexes 0


[t=0.0166635s, 23128 KB] In ts_7_10 of size 2 found num new op-mutexes 0


[t=0.0167145s, 23128 KB] In ts_7_11 of size 2 found num new op-mutexes 0


[t=0.0168058s, 23128 KB] In ts_7_12 of size 4 found num new op-mutexes 0


[t=0.0169139s, 23128 KB] In ts_7_13 of size 2 found num new op-mutexes 0


[t=0.0169699s, 23128 KB] In ts_7_14 of size 2 found num new op-mutexes 0


[t=0.0170211s, 23128 KB] In ts_7_15 of size 2 found num new op-mutexes 0


[t=0.0170714s, 23128 KB] In ts_7_16 of size 2 found num new op-mutexes 0


[t=0.0171215s, 23128 KB] In ts_7_17 of size 2 found num new op-mutexes 0


[t=0.0171711s, 23128 KB] In ts_7_18 of size 2 found num new op-mutexes 0


[t=0.0172204s, 23128 KB] In ts_7_19 of size 2 found num new op-mutexes 0


[t=0.0172692s, 23128 KB] In ts_7_20 of size 2 found num new op-mutexes 0


[t=0.0173185s, 23128 KB] In ts_7_21 of size 2 found num new op-mutexes 0


[t=0.0173676s, 23128 KB] In ts_7_22 of size 2 found num new op-mutexes 0


[t=0.0174279s, 23128 KB] In ts_7_24 of size 2 found num new op-mutexes 0


[t=0.0174785s, 23128 KB] In ts_7_28 of size 2 found num new op-mutexes 0


[t=0.0175282s, 23128 KB] In ts_7_29 of size 2 found num new op-mutexes 0


[t=0.0175779s, 23128 KB] In ts_7_42 of size 2 found num new op-mutexes 0
[t=0.0176039s, 23128 KB] Operator mutex finished iteration 7. Found an additional 0 operator mutexes

[t=0.0176292s, 23128 KB] Next pair of indices: (42, 24)
[t=0.0176506s, 23128 KB] M&S algorithm main loop timer: 0.0149141s (after computation of next merge)
[t=0.0176809s, 23128 KB] M&S algorithm main loop timer: 0.0149461s (after shrinking)
[t=0.0177166s, 23128 KB] M&S algorithm main loop timer: 0.014984s (after merging)

[t=0.0177458s, 23128 KB] Operator mutex starting iteration 8


[t=0.0177938s, 23128 KB] In ts_8_0 of size 2 found num new op-mutexes 0


[t=0.0178495s, 23128 KB] In ts_8_1 of size 2 found num new op-mutexes 0


[t=0.0179032s, 23128 KB] In ts_8_2 of size 2 found num new op-mutexes 0


[t=0.0179556s, 23128 KB] In ts_8_3 of size 2 found num new op-mutexes 0


[t=0.0180079s, 23128 KB] In ts_8_4 of size 2 found num new op-mutexes 0


[t=0.0180598s, 23128 KB] In ts_8_5 of size 2 found num new op-mutexes 0


[t=0.0181112s, 23128 KB] In ts_8_6 of size 2 found num new op-mutexes 0


[t=0.0181627s, 23128 KB] In ts_8_7 of size 2 found num new op-mutexes 0


[t=0.0182205s, 23128 KB] In ts_8_8 of size 2 found num new op-mutexes 0


[t=0.0182762s, 23128 KB] In ts_8_9 of size 2 found num new op-mutexes 0


[t=0.0183283s, 23128 KB] In ts_8_10 of size 2 found num new op-mutexes 0


[t=0.0183799s, 23128 KB] In ts_8_11 of size 2 found num new op-mutexes 0


[t=0.0184718s, 23128 KB] In ts_8_12 of size 4 found num new op-mutexes 0


[t=0.0185268s, 23128 KB] In ts_8_13 of size 2 found num new op-mutexes 0


[t=0.0185788s, 23128 KB] In ts_8_14 of size 2 found num new op-mutexes 0


[t=0.0186291s, 23128 KB] In ts_8_15 of size 2 found num new op-mutexes 0


[t=0.0186788s, 23128 KB] In ts_8_16 of size 2 found num new op-mutexes 0


[t=0.0187286s, 23128 KB] In ts_8_17 of size 2 found num new op-mutexes 0


[t=0.0187776s, 23128 KB] In ts_8_18 of size 2 found num new op-mutexes 0


[t=0.018827s, 23128 KB] In ts_8_19 of size 2 found num new op-mutexes 0


[t=0.018876s, 23128 KB] In ts_8_20 of size 2 found num new op-mutexes 0


[t=0.0189256s, 23128 KB] In ts_8_21 of size 2 found num new op-mutexes 0


[t=0.0189847s, 23128 KB] In ts_8_22 of size 2 found num new op-mutexes 0


[t=0.0190365s, 23128 KB] In ts_8_28 of size 2 found num new op-mutexes 0


[t=0.0190868s, 23128 KB] In ts_8_29 of size 2 found num new op-mutexes 0


[t=0.019145s, 23128 KB] In ts_8_43 of size 2 found num new op-mutexes 0
[t=0.0191707s, 23128 KB] Operator mutex finished iteration 8. Found an additional 0 operator mutexes

[t=0.0191961s, 23128 KB] Next pair of indices: (43, 22)
[t=0.0192174s, 23128 KB] M&S algorithm main loop timer: 0.016481s (after computation of next merge)
[t=0.0192492s, 23128 KB] M&S algorithm main loop timer: 0.0165146s (after shrinking)
[t=0.0192854s, 23128 KB] M&S algorithm main loop timer: 0.0165529s (after merging)

[t=0.0193149s, 23128 KB] Operator mutex starting iteration 9


[t=0.0193638s, 23128 KB] In ts_9_0 of size 2 found num new op-mutexes 0


[t=0.0194188s, 23128 KB] In ts_9_1 of size 2 found num new op-mutexes 0


[t=0.0194724s, 23128 KB] In ts_9_2 of size 2 found num new op-mutexes 0


[t=0.0195247s, 23128 KB] In ts_9_3 of size 2 found num new op-mutexes 0


[t=0.0195766s, 23128 KB] In ts_9_4 of size 2 found num new op-mutexes 0


[t=0.0196276s, 23128 KB] In ts_9_5 of size 2 found num new op-mutexes 0


[t=0.0196793s, 23128 KB] In ts_9_6 of size 2 found num new op-mutexes 0


[t=0.0197302s, 23128 KB] In ts_9_7 of size 2 found num new op-mutexes 0


[t=0.0198024s, 23128 KB] In ts_9_8 of size 2 found num new op-mutexes 0


[t=0.0198543s, 23128 KB] In ts_9_9 of size 2 found num new op-mutexes 0


[t=0.0199057s, 23128 KB] In ts_9_10 of size 2 found num new op-mutexes 0


[t=0.0199643s, 23128 KB] In ts_9_11 of size 2 found num new op-mutexes 0


[t=0.0200553s, 23128 KB] In ts_9_12 of size 4 found num new op-mutexes 0


[t=0.0201108s, 23128 KB] In ts_9_13 of size 2 found num new op-mutexes 0


[t=0.0201632s, 23128 KB] In ts_9_14 of size 2 found num new op-mutexes 0


[t=0.020214s, 23128 KB] In ts_9_15 of size 2 found num new op-mutexes 0


[t=0.0202738s, 23128 KB] In ts_9_16 of size 2 found num new op-mutexes 0


[t=0.0203227s, 23128 KB] In ts_9_17 of size 2 found num new op-mutexes 0


[t=0.0203711s, 23128 KB] In ts_9_18 of size 2 found num new op-mutexes 0


[t=0.020429s, 23128 KB] In ts_9_19 of size 2 found num new op-mutexes 0


[t=0.0204803s, 23128 KB] In ts_9_20 of size 2 found num new op-mutexes 0


[t=0.0205298s, 23128 KB] In ts_9_21 of size 2 found num new op-mutexes 0


[t=0.0205812s, 23128 KB] In ts_9_28 of size 2 found num new op-mutexes 0


[t=0.0206311s, 23128 KB] In ts_9_29 of size 2 found num new op-mutexes 0


[t=0.0206814s, 23128 KB] In ts_9_44 of size 2 found num new op-mutexes 0
[t=0.0207076s, 23128 KB] Operator mutex finished iteration 9. Found an additional 0 operator mutexes

[t=0.0207328s, 23128 KB] Next pair of indices: (44, 21)
[t=0.0207541s, 23128 KB] M&S algorithm main loop timer: 0.0180175s (after computation of next merge)
[t=0.0207842s, 23128 KB] M&S algorithm main loop timer: 0.0180496s (after shrinking)
[t=0.02082s, 23128 KB] M&S algorithm main loop timer: 0.0180876s (after merging)

[t=0.0208495s, 23128 KB] Operator mutex starting iteration 10


[t=0.0208979s, 23128 KB] In ts_10_0 of size 2 found num new op-mutexes 0


[t=0.0209535s, 23128 KB] In ts_10_1 of size 2 found num new op-mutexes 0


[t=0.0210074s, 23128 KB] In ts_10_2 of size 2 found num new op-mutexes 0


[t=0.0211038s, 23128 KB] In ts_10_3 of size 2 found num new op-mutexes 0


[t=0.0211689s, 23128 KB] In ts_10_4 of size 2 found num new op-mutexes 0


[t=0.021223s, 23128 KB] In ts_10_5 of size 2 found num new op-mutexes 0


[t=0.0212755s, 23128 KB] In ts_10_6 of size 2 found num new op-mutexes 0


[t=0.0213279s, 23128 KB] In ts_10_7 of size 2 found num new op-mutexes 0


[t=0.0213797s, 23128 KB] In ts_10_8 of size 2 found num new op-mutexes 0


[t=0.0214314s, 23128 KB] In ts_10_9 of size 2 found num new op-mutexes 0


[t=0.0214832s, 23128 KB] In ts_10_10 of size 2 found num new op-mutexes 0


[t=0.021535s, 23128 KB] In ts_10_11 of size 2 found num new op-mutexes 0


[t=0.0216271s, 23128 KB] In ts_10_12 of size 4 found num new op-mutexes 0


[t=0.0216828s, 23128 KB] In ts_10_13 of size 2 found num new op-mutexes 0


[t=0.0217364s, 23128 KB] In ts_10_14 of size 2 found num new op-mutexes 0


[t=0.0217872s, 23128 KB] In ts_10_15 of size 2 found num new op-mutexes 0


[t=0.0218376s, 23128 KB] In ts_10_16 of size 2 found num new op-mutexes 0


[t=0.0218989s, 23128 KB] In ts_10_17 of size 2 found num new op-mutexes 0


[t=0.0219489s, 23128 KB] In ts_10_18 of size 2 found num new op-mutexes 0


[t=0.0219994s, 23128 KB] In ts_10_19 of size 2 found num new op-mutexes 0


[t=0.0220499s, 23128 KB] In ts_10_20 of size 2 found num new op-mutexes 0


[t=0.022102s, 23128 KB] In ts_10_28 of size 2 found num new op-mutexes 0


[t=0.0221528s, 23128 KB] In ts_10_29 of size 2 found num new op-mutexes 0


[t=0.0222029s, 23128 KB] In ts_10_45 of size 2 found num new op-mutexes 0
[t=0.0222289s, 23128 KB] Operator mutex finished iteration 10. Found an additional 0 operator mutexes

[t=0.0222544s, 23128 KB] Next pair of indices: (45, 20)
[t=0.0222758s, 23128 KB] M&S algorithm main loop timer: 0.0195395s (after computation of next merge)
[t=0.0223078s, 23128 KB] M&S algorithm main loop timer: 0.0195731s (after shrinking)
[t=0.0223443s, 23128 KB] M&S algorithm main loop timer: 0.0196212s (after merging)

[t=0.0223833s, 23128 KB] Operator mutex starting iteration 11


[t=0.022433s, 23128 KB] In ts_11_0 of size 2 found num new op-mutexes 0


[t=0.0224891s, 23128 KB] In ts_11_1 of size 2 found num new op-mutexes 0


[t=0.0225432s, 23128 KB] In ts_11_2 of size 2 found num new op-mutexes 0


[t=0.022596s, 23128 KB] In ts_11_3 of size 2 found num new op-mutexes 0


[t=0.0226584s, 23128 KB] In ts_11_4 of size 2 found num new op-mutexes 0


[t=0.0227135s, 23128 KB] In ts_11_5 of size 2 found num new op-mutexes 0


[t=0.0227656s, 23128 KB] In ts_11_6 of size 2 found num new op-mutexes 0


[t=0.022817s, 23128 KB] In ts_11_7 of size 2 found num new op-mutexes 0


[t=0.0228687s, 23128 KB] In ts_11_8 of size 2 found num new op-mutexes 0


[t=0.0229203s, 23128 KB] In ts_11_9 of size 2 found num new op-mutexes 0


[t=0.0229716s, 23128 KB] In ts_11_10 of size 2 found num new op-mutexes 0


[t=0.0230228s, 23128 KB] In ts_11_11 of size 2 found num new op-mutexes 0


[t=0.0231145s, 23128 KB] In ts_11_12 of size 4 found num new op-mutexes 0


[t=0.0231703s, 23128 KB] In ts_11_13 of size 2 found num new op-mutexes 0


[t=0.0232344s, 23128 KB] In ts_11_14 of size 2 found num new op-mutexes 0


[t=0.0232894s, 23128 KB] In ts_11_15 of size 2 found num new op-mutexes 0


[t=0.023345s, 23128 KB] In ts_11_16 of size 2 found num new op-mutexes 0


[t=0.0233953s, 23128 KB] In ts_11_17 of size 2 found num new op-mutexes 0


[t=0.0234443s, 23128 KB] In ts_11_18 of size 2 found num new op-mutexes 0


[t=0.0234932s, 23128 KB] In ts_11_19 of size 2 found num new op-mutexes 0


[t=0.0235443s, 23128 KB] In ts_11_28 of size 2 found num new op-mutexes 0


[t=0.023595s, 23128 KB] In ts_11_29 of size 2 found num new op-mutexes 0


[t=0.0236461s, 23128 KB] In ts_11_46 of size 2 found num new op-mutexes 0
[t=0.0236722s, 23128 KB] Operator mutex finished iteration 11. Found an additional 0 operator mutexes

[t=0.0236978s, 23128 KB] Next pair of indices: (46, 19)
[t=0.0237194s, 23128 KB] M&S algorithm main loop timer: 0.0209828s (after computation of next merge)
[t=0.0237506s, 23128 KB] M&S algorithm main loop timer: 0.0210159s (after shrinking)
[t=0.0237867s, 23128 KB] M&S algorithm main loop timer: 0.0210544s (after merging)

[t=0.0238163s, 23128 KB] Operator mutex starting iteration 12


[t=0.0238648s, 23128 KB] In ts_12_0 of size 2 found num new op-mutexes 0


[t=0.0239207s, 23128 KB] In ts_12_1 of size 2 found num new op-mutexes 0


[t=0.0239747s, 23128 KB] In ts_12_2 of size 2 found num new op-mutexes 0


[t=0.0240274s, 23128 KB] In ts_12_3 of size 2 found num new op-mutexes 0


[t=0.0240795s, 23128 KB] In ts_12_4 of size 2 found num new op-mutexes 0


[t=0.0241485s, 23128 KB] In ts_12_5 of size 2 found num new op-mutexes 0


[t=0.024228s, 23128 KB] In ts_12_6 of size 2 found num new op-mutexes 0


[t=0.0243069s, 23128 KB] In ts_12_7 of size 2 found num new op-mutexes 0


[t=0.0243867s, 23128 KB] In ts_12_8 of size 2 found num new op-mutexes 0


[t=0.0244662s, 23128 KB] In ts_12_9 of size 2 found num new op-mutexes 0


[t=0.0245453s, 23128 KB] In ts_12_10 of size 2 found num new op-mutexes 0


[t=0.0246345s, 23128 KB] In ts_12_11 of size 2 found num new op-mutexes 0


[t=0.0247744s, 23128 KB] In ts_12_12 of size 4 found num new op-mutexes 0


[t=0.0248574s, 23128 KB] In ts_12_13 of size 2 found num new op-mutexes 0


[t=0.0249377s, 23128 KB] In ts_12_14 of size 2 found num new op-mutexes 0


[t=0.0250159s, 23128 KB] In ts_12_15 of size 2 found num new op-mutexes 0


[t=0.025094s, 23128 KB] In ts_12_16 of size 2 found num new op-mutexes 0


[t=0.0251718s, 23128 KB] In ts_12_17 of size 2 found num new op-mutexes 0


[t=0.0252493s, 23128 KB] In ts_12_18 of size 2 found num new op-mutexes 0


[t=0.0253292s, 23128 KB] In ts_12_28 of size 2 found num new op-mutexes 0


[t=0.025405s, 23128 KB] In ts_12_29 of size 2 found num new op-mutexes 0


[t=0.0254902s, 23128 KB] In ts_12_47 of size 2 found num new op-mutexes 0
[t=0.0255548s, 23128 KB] Operator mutex finished iteration 12. Found an additional 0 operator mutexes

[t=0.0255858s, 23128 KB] Next pair of indices: (47, 18)
[t=0.025608s, 23128 KB] M&S algorithm main loop timer: 0.0229085s (after computation of next merge)
[t=0.0256788s, 23128 KB] M&S algorithm main loop timer: 0.0229457s (after shrinking)
[t=0.0257169s, 23128 KB] M&S algorithm main loop timer: 0.0229877s (after merging)

[t=0.0257499s, 23128 KB] Operator mutex starting iteration 13


[t=0.0258011s, 23128 KB] In ts_13_0 of size 2 found num new op-mutexes 0


[t=0.0258579s, 23128 KB] In ts_13_1 of size 2 found num new op-mutexes 0


[t=0.0259132s, 23128 KB] In ts_13_2 of size 2 found num new op-mutexes 0


[t=0.0259677s, 23128 KB] In ts_13_3 of size 2 found num new op-mutexes 0


[t=0.0260206s, 23128 KB] In ts_13_4 of size 2 found num new op-mutexes 0


[t=0.026073s, 23128 KB] In ts_13_5 of size 2 found num new op-mutexes 0


[t=0.0261249s, 23128 KB] In ts_13_6 of size 2 found num new op-mutexes 0


[t=0.0261769s, 23128 KB] In ts_13_7 of size 2 found num new op-mutexes 0


[t=0.0262286s, 23128 KB] In ts_13_8 of size 2 found num new op-mutexes 0


[t=0.0262807s, 23128 KB] In ts_13_9 of size 2 found num new op-mutexes 0


[t=0.0263326s, 23128 KB] In ts_13_10 of size 2 found num new op-mutexes 0


[t=0.0263846s, 23128 KB] In ts_13_11 of size 2 found num new op-mutexes 0


[t=0.0264769s, 23128 KB] In ts_13_12 of size 4 found num new op-mutexes 0


[t=0.026533s, 23128 KB] In ts_13_13 of size 2 found num new op-mutexes 0


[t=0.0265862s, 23128 KB] In ts_13_14 of size 2 found num new op-mutexes 0


[t=0.0266374s, 23128 KB] In ts_13_15 of size 2 found num new op-mutexes 0


[t=0.0266878s, 23128 KB] In ts_13_16 of size 2 found num new op-mutexes 0


[t=0.0267377s, 23128 KB] In ts_13_17 of size 2 found num new op-mutexes 0


[t=0.0267892s, 23128 KB] In ts_13_28 of size 2 found num new op-mutexes 0


[t=0.0268403s, 23128 KB] In ts_13_29 of size 2 found num new op-mutexes 0


[t=0.0268905s, 23128 KB] In ts_13_48 of size 2 found num new op-mutexes 0
[t=0.0269168s, 23128 KB] Operator mutex finished iteration 13. Found an additional 0 operator mutexes

[t=0.026942s, 23128 KB] Next pair of indices: (48, 17)
[t=0.0269631s, 23128 KB] M&S algorithm main loop timer: 0.0242266s (after computation of next merge)
[t=0.0269952s, 23128 KB] M&S algorithm main loop timer: 0.0242635s (after shrinking)
[t=0.0270441s, 23128 KB] M&S algorithm main loop timer: 0.0243121s (after merging)

[t=0.0270744s, 23128 KB] Operator mutex starting iteration 14


[t=0.0271239s, 23128 KB] In ts_14_0 of size 2 found num new op-mutexes 0


[t=0.0271802s, 23128 KB] In ts_14_1 of size 2 found num new op-mutexes 0


[t=0.0272347s, 23128 KB] In ts_14_2 of size 2 found num new op-mutexes 0


[t=0.027288s, 23128 KB] In ts_14_3 of size 2 found num new op-mutexes 0


[t=0.0273413s, 23128 KB] In ts_14_4 of size 2 found num new op-mutexes 0


[t=0.0273935s, 23128 KB] In ts_14_5 of size 2 found num new op-mutexes 0


[t=0.0274457s, 23128 KB] In ts_14_6 of size 2 found num new op-mutexes 0


[t=0.0274975s, 23128 KB] In ts_14_7 of size 2 found num new op-mutexes 0


[t=0.0275494s, 23128 KB] In ts_14_8 of size 2 found num new op-mutexes 0


[t=0.0276012s, 23128 KB] In ts_14_9 of size 2 found num new op-mutexes 0


[t=0.0276609s, 23128 KB] In ts_14_10 of size 2 found num new op-mutexes 0


[t=0.0277158s, 23128 KB] In ts_14_11 of size 2 found num new op-mutexes 0


[t=0.0278081s, 23128 KB] In ts_14_12 of size 4 found num new op-mutexes 0


[t=0.027864s, 23128 KB] In ts_14_13 of size 2 found num new op-mutexes 0


[t=0.027917s, 23128 KB] In ts_14_14 of size 2 found num new op-mutexes 0


[t=0.0279687s, 23128 KB] In ts_14_15 of size 2 found num new op-mutexes 0


[t=0.0280193s, 23128 KB] In ts_14_16 of size 2 found num new op-mutexes 0


[t=0.0280712s, 23128 KB] In ts_14_28 of size 2 found num new op-mutexes 0


[t=0.0281219s, 23128 KB] In ts_14_29 of size 2 found num new op-mutexes 0


[t=0.0281725s, 23128 KB] In ts_14_49 of size 2 found num new op-mutexes 0
[t=0.0281988s, 23128 KB] Operator mutex finished iteration 14. Found an additional 0 operator mutexes

[t=0.0282242s, 23128 KB] Next pair of indices: (49, 16)
[t=0.0282455s, 23128 KB] M&S algorithm main loop timer: 0.0255199s (after computation of next merge)
[t=0.0282866s, 23128 KB] M&S algorithm main loop timer: 0.0255519s (after shrinking)
[t=0.0283221s, 23128 KB] M&S algorithm main loop timer: 0.0255899s (after merging)

[t=0.0283517s, 23128 KB] Operator mutex starting iteration 15


[t=0.0284196s, 23128 KB] In ts_15_0 of size 2 found num new op-mutexes 0


[t=0.028482s, 23128 KB] In ts_15_1 of size 2 found num new op-mutexes 0


[t=0.0285488s, 23128 KB] In ts_15_2 of size 2 found num new op-mutexes 0


[t=0.028603s, 23128 KB] In ts_15_3 of size 2 found num new op-mutexes 0


[t=0.0286562s, 23128 KB] In ts_15_4 of size 2 found num new op-mutexes 0


[t=0.0287087s, 23128 KB] In ts_15_5 of size 2 found num new op-mutexes 0


[t=0.028761s, 23128 KB] In ts_15_6 of size 2 found num new op-mutexes 0


[t=0.0288129s, 23128 KB] In ts_15_7 of size 2 found num new op-mutexes 0


[t=0.0288649s, 23128 KB] In ts_15_8 of size 2 found num new op-mutexes 0


[t=0.0289168s, 23128 KB] In ts_15_9 of size 2 found num new op-mutexes 0


[t=0.0289683s, 23128 KB] In ts_15_10 of size 2 found num new op-mutexes 0


[t=0.0290201s, 23128 KB] In ts_15_11 of size 2 found num new op-mutexes 0


[t=0.0291119s, 23128 KB] In ts_15_12 of size 4 found num new op-mutexes 0


[t=0.0291736s, 23128 KB] In ts_15_13 of size 2 found num new op-mutexes 0


[t=0.0292317s, 23128 KB] In ts_15_14 of size 2 found num new op-mutexes 0


[t=0.0292889s, 23128 KB] In ts_15_15 of size 2 found num new op-mutexes 0


[t=0.0293464s, 23128 KB] In ts_15_28 of size 2 found num new op-mutexes 0


[t=0.0294015s, 23128 KB] In ts_15_29 of size 2 found num new op-mutexes 0


[t=0.0294555s, 23128 KB] In ts_15_50 of size 2 found num new op-mutexes 0
[t=0.0294832s, 23128 KB] Operator mutex finished iteration 15. Found an additional 0 operator mutexes

[t=0.0295105s, 23128 KB] Next pair of indices: (50, 15)
[t=0.0295334s, 23128 KB] M&S algorithm main loop timer: 0.0267984s (after computation of next merge)
[t=0.0295655s, 23128 KB] M&S algorithm main loop timer: 0.0268326s (after shrinking)
[t=0.029604s, 23128 KB] M&S algorithm main loop timer: 0.0268735s (after merging)

[t=0.0296358s, 23128 KB] Operator mutex starting iteration 16


[t=0.0296877s, 23128 KB] In ts_16_0 of size 2 found num new op-mutexes 0


[t=0.029748s, 23128 KB] In ts_16_1 of size 2 found num new op-mutexes 0


[t=0.029808s, 23128 KB] In ts_16_2 of size 2 found num new op-mutexes 0


[t=0.0298669s, 23128 KB] In ts_16_3 of size 2 found num new op-mutexes 0


[t=0.0299253s, 23128 KB] In ts_16_4 of size 2 found num new op-mutexes 0


[t=0.029984s, 23128 KB] In ts_16_5 of size 2 found num new op-mutexes 0


[t=0.0300423s, 23128 KB] In ts_16_6 of size 2 found num new op-mutexes 0


[t=0.0301002s, 23128 KB] In ts_16_7 of size 2 found num new op-mutexes 0


[t=0.030159s, 23128 KB] In ts_16_8 of size 2 found num new op-mutexes 0


[t=0.030217s, 23128 KB] In ts_16_9 of size 2 found num new op-mutexes 0


[t=0.0302747s, 23128 KB] In ts_16_10 of size 2 found num new op-mutexes 0


[t=0.0303327s, 23128 KB] In ts_16_11 of size 2 found num new op-mutexes 0


[t=0.0304296s, 23128 KB] In ts_16_12 of size 4 found num new op-mutexes 0


[t=0.0304888s, 23128 KB] In ts_16_13 of size 2 found num new op-mutexes 0


[t=0.0305456s, 23128 KB] In ts_16_14 of size 2 found num new op-mutexes 0


[t=0.0306055s, 23128 KB] In ts_16_28 of size 2 found num new op-mutexes 0


[t=0.0306637s, 23128 KB] In ts_16_29 of size 2 found num new op-mutexes 0


[t=0.0307156s, 23128 KB] In ts_16_51 of size 2 found num new op-mutexes 0
[t=0.0307418s, 23128 KB] Operator mutex finished iteration 16. Found an additional 0 operator mutexes

[t=0.0307674s, 23128 KB] Next pair of indices: (51, 14)
[t=0.030789s, 23128 KB] M&S algorithm main loop timer: 0.0280526s (after computation of next merge)
[t=0.0308196s, 23128 KB] M&S algorithm main loop timer: 0.0280851s (after shrinking)
[t=0.0308555s, 23128 KB] M&S algorithm main loop timer: 0.0281232s (after merging)

[t=0.0308852s, 23128 KB] Operator mutex starting iteration 17


[t=0.0309404s, 23128 KB] In ts_17_0 of size 2 found num new op-mutexes 0


[t=0.0309966s, 23128 KB] In ts_17_1 of size 2 found num new op-mutexes 0


[t=0.0310509s, 23128 KB] In ts_17_2 of size 2 found num new op-mutexes 0


[t=0.0311039s, 23128 KB] In ts_17_3 of size 2 found num new op-mutexes 0


[t=0.0311565s, 23128 KB] In ts_17_4 of size 2 found num new op-mutexes 0


[t=0.0312082s, 23128 KB] In ts_17_5 of size 2 found num new op-mutexes 0


[t=0.0312595s, 23128 KB] In ts_17_6 of size 2 found num new op-mutexes 0


[t=0.0313108s, 23128 KB] In ts_17_7 of size 2 found num new op-mutexes 0


[t=0.0313625s, 23128 KB] In ts_17_8 of size 2 found num new op-mutexes 0


[t=0.0314171s, 23128 KB] In ts_17_9 of size 2 found num new op-mutexes 0


[t=0.0314731s, 23128 KB] In ts_17_10 of size 2 found num new op-mutexes 0


[t=0.031525s, 23128 KB] In ts_17_11 of size 2 found num new op-mutexes 0


[t=0.0316161s, 23128 KB] In ts_17_12 of size 4 found num new op-mutexes 0


[t=0.0316724s, 23128 KB] In ts_17_13 of size 2 found num new op-mutexes 0


[t=0.0317256s, 23128 KB] In ts_17_28 of size 2 found num new op-mutexes 0


[t=0.0317762s, 23128 KB] In ts_17_29 of size 2 found num new op-mutexes 0


[t=0.0318264s, 23128 KB] In ts_17_52 of size 2 found num new op-mutexes 0
[t=0.0318523s, 23128 KB] Operator mutex finished iteration 17. Found an additional 0 operator mutexes

[t=0.0318773s, 23128 KB] Next pair of indices: (52, 13)
[t=0.0318987s, 23128 KB] M&S algorithm main loop timer: 0.0291624s (after computation of next merge)
[t=0.0319302s, 23128 KB] M&S algorithm main loop timer: 0.0291955s (after shrinking)
[t=0.0319661s, 23128 KB] M&S algorithm main loop timer: 0.0292439s (after merging)

[t=0.0320059s, 23128 KB] Operator mutex starting iteration 18


[t=0.0320546s, 23128 KB] In ts_18_0 of size 2 found num new op-mutexes 0


[t=0.0321109s, 23128 KB] In ts_18_1 of size 2 found num new op-mutexes 0


[t=0.0321659s, 23128 KB] In ts_18_2 of size 2 found num new op-mutexes 0


[t=0.0322212s, 23128 KB] In ts_18_3 of size 2 found num new op-mutexes 0


[t=0.0322745s, 23128 KB] In ts_18_4 of size 2 found num new op-mutexes 0


[t=0.0323273s, 23128 KB] In ts_18_5 of size 2 found num new op-mutexes 0


[t=0.0323827s, 23128 KB] In ts_18_6 of size 2 found num new op-mutexes 0


[t=0.0324381s, 23128 KB] In ts_18_7 of size 2 found num new op-mutexes 0


[t=0.0324907s, 23128 KB] In ts_18_8 of size 2 found num new op-mutexes 0


[t=0.0325426s, 23128 KB] In ts_18_9 of size 2 found num new op-mutexes 0


[t=0.0325942s, 23128 KB] In ts_18_10 of size 2 found num new op-mutexes 0


[t=0.0326458s, 23128 KB] In ts_18_11 of size 2 found num new op-mutexes 0


[t=0.0327449s, 23128 KB] In ts_18_12 of size 4 found num new op-mutexes 0


[t=0.0328036s, 23128 KB] In ts_18_28 of size 2 found num new op-mutexes 0


[t=0.032867s, 23128 KB] In ts_18_29 of size 2 found num new op-mutexes 0


[t=0.0329172s, 23128 KB] In ts_18_53 of size 2 found num new op-mutexes 0
[t=0.0329432s, 23128 KB] Operator mutex finished iteration 18. Found an additional 0 operator mutexes

[t=0.0329681s, 23128 KB] Next pair of indices: (53, 11)
[t=0.0329893s, 23128 KB] M&S algorithm main loop timer: 0.0302527s (after computation of next merge)
[t=0.0330201s, 23128 KB] M&S algorithm main loop timer: 0.0302854s (after shrinking)
[t=0.0330559s, 23128 KB] M&S algorithm main loop timer: 0.0303235s (after merging)

[t=0.0330856s, 23128 KB] Operator mutex starting iteration 19


[t=0.033135s, 23128 KB] In ts_19_0 of size 2 found num new op-mutexes 0


[t=0.033191s, 23128 KB] In ts_19_1 of size 2 found num new op-mutexes 0


[t=0.0332453s, 23128 KB] In ts_19_2 of size 2 found num new op-mutexes 0


[t=0.0332983s, 23128 KB] In ts_19_3 of size 2 found num new op-mutexes 0


[t=0.033351s, 23128 KB] In ts_19_4 of size 2 found num new op-mutexes 0


[t=0.0334028s, 23128 KB] In ts_19_5 of size 2 found num new op-mutexes 0


[t=0.0334541s, 23128 KB] In ts_19_6 of size 2 found num new op-mutexes 0


[t=0.0335056s, 23128 KB] In ts_19_7 of size 2 found num new op-mutexes 0


[t=0.0335569s, 23128 KB] In ts_19_8 of size 2 found num new op-mutexes 0


[t=0.033608s, 23128 KB] In ts_19_9 of size 2 found num new op-mutexes 0


[t=0.0336589s, 23128 KB] In ts_19_10 of size 2 found num new op-mutexes 0


[t=0.0337503s, 23128 KB] In ts_19_12 of size 4 found num new op-mutexes 0


[t=0.0338051s, 23128 KB] In ts_19_28 of size 2 found num new op-mutexes 0


[t=0.0338559s, 23128 KB] In ts_19_29 of size 2 found num new op-mutexes 0


[t=0.0339058s, 23128 KB] In ts_19_54 of size 2 found num new op-mutexes 0
[t=0.0339317s, 23128 KB] Operator mutex finished iteration 19. Found an additional 0 operator mutexes

[t=0.0339568s, 23128 KB] Next pair of indices: (54, 12)
[t=0.0339779s, 23128 KB] M&S algorithm main loop timer: 0.0312413s (after computation of next merge)
[t=0.0340089s, 23128 KB] M&S algorithm main loop timer: 0.0312739s (after shrinking)
[t=0.034044s, 23128 KB] M&S algorithm main loop timer: 0.0313118s (after merging)

[t=0.0340737s, 23128 KB] Operator mutex starting iteration 20


[t=0.0341296s, 23128 KB] In ts_20_0 of size 2 found num new op-mutexes 0


[t=0.034186s, 23128 KB] In ts_20_1 of size 2 found num new op-mutexes 0


[t=0.0342412s, 23128 KB] In ts_20_2 of size 2 found num new op-mutexes 0


[t=0.0342949s, 23128 KB] In ts_20_3 of size 2 found num new op-mutexes 0


[t=0.0343886s, 23128 KB] In ts_20_4 of size 2 found num new op-mutexes 0


[t=0.034443s, 23128 KB] In ts_20_5 of size 2 found num new op-mutexes 0


[t=0.0344956s, 23128 KB] In ts_20_6 of size 2 found num new op-mutexes 0


[t=0.0345478s, 23128 KB] In ts_20_7 of size 2 found num new op-mutexes 0


[t=0.0346001s, 23128 KB] In ts_20_8 of size 2 found num new op-mutexes 0


[t=0.0346518s, 23128 KB] In ts_20_9 of size 2 found num new op-mutexes 0


[t=0.0347037s, 23128 KB] In ts_20_10 of size 2 found num new op-mutexes 0


[t=0.0347573s, 23128 KB] In ts_20_28 of size 2 found num new op-mutexes 0


[t=0.0348081s, 23128 KB] In ts_20_29 of size 2 found num new op-mutexes 0


[t=0.0348584s, 23128 KB] In ts_20_55 of size 2 found num new op-mutexes 0
[t=0.0348844s, 23128 KB] Operator mutex finished iteration 20. Found an additional 0 operator mutexes

[t=0.0349183s, 23128 KB] Next pair of indices: (55, 10)
[t=0.0349441s, 23128 KB] M&S algorithm main loop timer: 0.0322092s (after computation of next merge)
[t=0.0349777s, 23128 KB] M&S algorithm main loop timer: 0.032243s (after shrinking)
[t=0.0350146s, 23128 KB] M&S algorithm main loop timer: 0.0322828s (after merging)

[t=0.0350448s, 23128 KB] Operator mutex starting iteration 21


[t=0.0351024s, 23128 KB] In ts_21_0 of size 2 found num new op-mutexes 0


[t=0.0351584s, 23128 KB] In ts_21_1 of size 2 found num new op-mutexes 0


[t=0.0352124s, 23128 KB] In ts_21_2 of size 2 found num new op-mutexes 0


[t=0.0352657s, 23128 KB] In ts_21_3 of size 2 found num new op-mutexes 0


[t=0.0353181s, 23128 KB] In ts_21_4 of size 2 found num new op-mutexes 0


[t=0.0353702s, 23128 KB] In ts_21_5 of size 2 found num new op-mutexes 0


[t=0.0354216s, 23128 KB] In ts_21_6 of size 2 found num new op-mutexes 0


[t=0.0354731s, 23128 KB] In ts_21_7 of size 2 found num new op-mutexes 0


[t=0.0355247s, 23128 KB] In ts_21_8 of size 2 found num new op-mutexes 0


[t=0.0355758s, 23128 KB] In ts_21_9 of size 2 found num new op-mutexes 0


[t=0.0356288s, 23128 KB] In ts_21_28 of size 2 found num new op-mutexes 0


[t=0.0357046s, 23128 KB] In ts_21_29 of size 2 found num new op-mutexes 0


[t=0.0357586s, 23128 KB] In ts_21_56 of size 2 found num new op-mutexes 0
[t=0.0357848s, 23128 KB] Operator mutex finished iteration 21. Found an additional 0 operator mutexes

[t=0.035819s, 23128 KB] Next pair of indices: (56, 9)
[t=0.0358403s, 23128 KB] M&S algorithm main loop timer: 0.0331038s (after computation of next merge)
[t=0.035871s, 23128 KB] M&S algorithm main loop timer: 0.0331361s (after shrinking)
[t=0.0359065s, 23128 KB] M&S algorithm main loop timer: 0.0331737s (after merging)

[t=0.0359356s, 23128 KB] Operator mutex starting iteration 22


[t=0.0359839s, 23128 KB] In ts_22_0 of size 2 found num new op-mutexes 0


[t=0.0360399s, 23128 KB] In ts_22_1 of size 2 found num new op-mutexes 0


[t=0.036095s, 23128 KB] In ts_22_2 of size 2 found num new op-mutexes 0


[t=0.0361487s, 23128 KB] In ts_22_3 of size 2 found num new op-mutexes 0


[t=0.0362027s, 23128 KB] In ts_22_4 of size 2 found num new op-mutexes 0


[t=0.0362641s, 23128 KB] In ts_22_5 of size 2 found num new op-mutexes 0


[t=0.0363158s, 23128 KB] In ts_22_6 of size 2 found num new op-mutexes 0


[t=0.0363676s, 23128 KB] In ts_22_7 of size 2 found num new op-mutexes 0


[t=0.0364193s, 23128 KB] In ts_22_8 of size 2 found num new op-mutexes 0


[t=0.0364727s, 23128 KB] In ts_22_28 of size 2 found num new op-mutexes 0


[t=0.0365227s, 23128 KB] In ts_22_29 of size 2 found num new op-mutexes 0


[t=0.0365723s, 23128 KB] In ts_22_57 of size 2 found num new op-mutexes 0
[t=0.0365984s, 23128 KB] Operator mutex finished iteration 22. Found an additional 0 operator mutexes

[t=0.0366234s, 23128 KB] Next pair of indices: (57, 8)
[t=0.0366446s, 23128 KB] M&S algorithm main loop timer: 0.0339081s (after computation of next merge)
[t=0.0366739s, 23128 KB] M&S algorithm main loop timer: 0.033939s (after shrinking)
[t=0.036709s, 23128 KB] M&S algorithm main loop timer: 0.0339766s (after merging)

[t=0.0367383s, 23128 KB] Operator mutex starting iteration 23


[t=0.0367865s, 23128 KB] In ts_23_0 of size 2 found num new op-mutexes 0


[t=0.0368418s, 23128 KB] In ts_23_1 of size 2 found num new op-mutexes 0


[t=0.0368962s, 23128 KB] In ts_23_2 of size 2 found num new op-mutexes 0


[t=0.0369498s, 23128 KB] In ts_23_3 of size 2 found num new op-mutexes 0


[t=0.0370034s, 23128 KB] In ts_23_4 of size 2 found num new op-mutexes 0


[t=0.0370651s, 23128 KB] In ts_23_5 of size 2 found num new op-mutexes 0


[t=0.037117s, 23128 KB] In ts_23_6 of size 2 found num new op-mutexes 0


[t=0.0371691s, 23128 KB] In ts_23_7 of size 2 found num new op-mutexes 0


[t=0.0372263s, 23128 KB] In ts_23_28 of size 2 found num new op-mutexes 0


[t=0.0372805s, 23128 KB] In ts_23_29 of size 2 found num new op-mutexes 0


[t=0.0373305s, 23128 KB] In ts_23_58 of size 2 found num new op-mutexes 0
[t=0.0373565s, 23128 KB] Operator mutex finished iteration 23. Found an additional 0 operator mutexes

[t=0.0373818s, 23128 KB] Next pair of indices: (58, 7)
[t=0.0374041s, 23128 KB] M&S algorithm main loop timer: 0.0346712s (after computation of next merge)
[t=0.0374385s, 23128 KB] M&S algorithm main loop timer: 0.0347044s (after shrinking)
[t=0.0374751s, 23128 KB] M&S algorithm main loop timer: 0.0347425s (after merging)

[t=0.0375045s, 23128 KB] Operator mutex starting iteration 24


[t=0.0375533s, 23128 KB] In ts_24_0 of size 2 found num new op-mutexes 0


[t=0.0376099s, 23128 KB] In ts_24_1 of size 2 found num new op-mutexes 0


[t=0.0376648s, 23128 KB] In ts_24_2 of size 2 found num new op-mutexes 0


[t=0.0377182s, 23128 KB] In ts_24_3 of size 2 found num new op-mutexes 0


[t=0.0377709s, 23128 KB] In ts_24_4 of size 2 found num new op-mutexes 0


[t=0.0378328s, 23128 KB] In ts_24_5 of size 2 found num new op-mutexes 0


[t=0.037886s, 23128 KB] In ts_24_6 of size 2 found num new op-mutexes 0


[t=0.0379395s, 23128 KB] In ts_24_28 of size 2 found num new op-mutexes 0


[t=0.0379896s, 23128 KB] In ts_24_29 of size 2 found num new op-mutexes 0


[t=0.03804s, 23128 KB] In ts_24_59 of size 2 found num new op-mutexes 0
[t=0.0380661s, 23128 KB] Operator mutex finished iteration 24. Found an additional 0 operator mutexes

[t=0.0380914s, 23128 KB] Next pair of indices: (59, 6)
[t=0.0381127s, 23128 KB] M&S algorithm main loop timer: 0.0353762s (after computation of next merge)
[t=0.0381428s, 23128 KB] M&S algorithm main loop timer: 0.035408s (after shrinking)
[t=0.0381779s, 23128 KB] M&S algorithm main loop timer: 0.0354459s (after merging)

[t=0.0382077s, 23128 KB] Operator mutex starting iteration 25


[t=0.0382559s, 23128 KB] In ts_25_0 of size 2 found num new op-mutexes 0


[t=0.038311s, 23128 KB] In ts_25_1 of size 2 found num new op-mutexes 0


[t=0.0383749s, 23128 KB] In ts_25_2 of size 2 found num new op-mutexes 0


[t=0.0384282s, 23128 KB] In ts_25_3 of size 2 found num new op-mutexes 0


[t=0.0384814s, 23128 KB] In ts_25_4 of size 2 found num new op-mutexes 0


[t=0.0385335s, 23128 KB] In ts_25_5 of size 2 found num new op-mutexes 0


[t=0.0385869s, 23128 KB] In ts_25_28 of size 2 found num new op-mutexes 0


[t=0.0386373s, 23128 KB] In ts_25_29 of size 2 found num new op-mutexes 0


[t=0.0386877s, 23128 KB] In ts_25_60 of size 2 found num new op-mutexes 0
[t=0.0387135s, 23128 KB] Operator mutex finished iteration 25. Found an additional 0 operator mutexes

[t=0.0387387s, 23128 KB] Next pair of indices: (60, 5)
[t=0.0387596s, 23128 KB] M&S algorithm main loop timer: 0.0360232s (after computation of next merge)
[t=0.0387898s, 23128 KB] M&S algorithm main loop timer: 0.0360549s (after shrinking)
[t=0.0388247s, 23128 KB] M&S algorithm main loop timer: 0.036096s (after merging)

[t=0.0388579s, 23128 KB] Operator mutex starting iteration 26


[t=0.0389056s, 23128 KB] In ts_26_0 of size 2 found num new op-mutexes 0


[t=0.0389607s, 23128 KB] In ts_26_1 of size 2 found num new op-mutexes 0


[t=0.0390143s, 23128 KB] In ts_26_2 of size 2 found num new op-mutexes 0


[t=0.0390669s, 23128 KB] In ts_26_3 of size 2 found num new op-mutexes 0


[t=0.039119s, 23128 KB] In ts_26_4 of size 2 found num new op-mutexes 0


[t=0.0391823s, 23128 KB] In ts_26_28 of size 2 found num new op-mutexes 0


[t=0.0392322s, 23128 KB] In ts_26_29 of size 2 found num new op-mutexes 0


[t=0.0392814s, 23128 KB] In ts_26_61 of size 2 found num new op-mutexes 0
[t=0.0393075s, 23128 KB] Operator mutex finished iteration 26. Found an additional 0 operator mutexes

[t=0.0393325s, 23128 KB] Next pair of indices: (61, 4)
[t=0.0393534s, 23128 KB] M&S algorithm main loop timer: 0.0366168s (after computation of next merge)
[t=0.039384s, 23128 KB] M&S algorithm main loop timer: 0.0366492s (after shrinking)
[t=0.0394188s, 23128 KB] M&S algorithm main loop timer: 0.0366862s (after merging)

[t=0.039448s, 23128 KB] Operator mutex starting iteration 27


[t=0.0394952s, 23128 KB] In ts_27_0 of size 2 found num new op-mutexes 0


[t=0.0395495s, 23128 KB] In ts_27_1 of size 2 found num new op-mutexes 0


[t=0.0396033s, 23128 KB] In ts_27_2 of size 2 found num new op-mutexes 0


[t=0.0396556s, 23128 KB] In ts_27_3 of size 2 found num new op-mutexes 0


[t=0.0397087s, 23128 KB] In ts_27_28 of size 2 found num new op-mutexes 0


[t=0.0397582s, 23128 KB] In ts_27_29 of size 2 found num new op-mutexes 0


[t=0.0398073s, 23128 KB] In ts_27_62 of size 2 found num new op-mutexes 0
[t=0.0398331s, 23128 KB] Operator mutex finished iteration 27. Found an additional 0 operator mutexes

[t=0.039858s, 23128 KB] Next pair of indices: (62, 3)
[t=0.0398788s, 23128 KB] M&S algorithm main loop timer: 0.0371419s (after computation of next merge)
[t=0.0399084s, 23128 KB] M&S algorithm main loop timer: 0.0371736s (after shrinking)
[t=0.0399427s, 23128 KB] M&S algorithm main loop timer: 0.03721s (after merging)

[t=0.0399717s, 23128 KB] Operator mutex starting iteration 28


[t=0.0400387s, 23128 KB] In ts_28_0 of size 2 found num new op-mutexes 0


[t=0.0401064s, 23128 KB] In ts_28_1 of size 2 found num new op-mutexes 0


[t=0.0401655s, 23128 KB] In ts_28_2 of size 2 found num new op-mutexes 0


[t=0.0402197s, 23128 KB] In ts_28_28 of size 2 found num new op-mutexes 0


[t=0.0402698s, 23128 KB] In ts_28_29 of size 2 found num new op-mutexes 0


[t=0.0403192s, 23128 KB] In ts_28_63 of size 2 found num new op-mutexes 0
[t=0.0403451s, 23128 KB] Operator mutex finished iteration 28. Found an additional 0 operator mutexes

[t=0.0403703s, 23128 KB] Next pair of indices: (63, 2)
[t=0.0403918s, 23128 KB] M&S algorithm main loop timer: 0.0376552s (after computation of next merge)
[t=0.0404227s, 23128 KB] M&S algorithm main loop timer: 0.0376881s (after shrinking)
[t=0.040458s, 23128 KB] M&S algorithm main loop timer: 0.0377248s (after merging)

[t=0.0404867s, 23128 KB] Operator mutex starting iteration 29


[t=0.040534s, 23128 KB] In ts_29_0 of size 2 found num new op-mutexes 0


[t=0.0405892s, 23128 KB] In ts_29_1 of size 2 found num new op-mutexes 0


[t=0.0406434s, 23128 KB] In ts_29_28 of size 2 found num new op-mutexes 0


[t=0.0406935s, 23128 KB] In ts_29_29 of size 2 found num new op-mutexes 0


[t=0.0407438s, 23128 KB] In ts_29_64 of size 2 found num new op-mutexes 0
[t=0.0407701s, 23128 KB] Operator mutex finished iteration 29. Found an additional 0 operator mutexes

[t=0.0407953s, 23128 KB] Next pair of indices: (64, 1)
[t=0.0408166s, 23128 KB] M&S algorithm main loop timer: 0.0380801s (after computation of next merge)
[t=0.0408467s, 23128 KB] M&S algorithm main loop timer: 0.0381122s (after shrinking)
[t=0.0408818s, 23128 KB] M&S algorithm main loop timer: 0.0381487s (after merging)

[t=0.0409105s, 23128 KB] Operator mutex starting iteration 30


[t=0.0409575s, 23128 KB] In ts_30_0 of size 2 found num new op-mutexes 0


[t=0.0410118s, 23128 KB] In ts_30_28 of size 2 found num new op-mutexes 0


[t=0.0410616s, 23128 KB] In ts_30_29 of size 2 found num new op-mutexes 0


[t=0.0411123s, 23128 KB] In ts_30_65 of size 2 found num new op-mutexes 0
[t=0.0411384s, 23128 KB] Operator mutex finished iteration 30. Found an additional 0 operator mutexes

[t=0.0411632s, 23128 KB] Next pair of indices: (65, 0)
[t=0.0411843s, 23128 KB] M&S algorithm main loop timer: 0.0384481s (after computation of next merge)
[t=0.0412139s, 23128 KB] M&S algorithm main loop timer: 0.0384792s (after shrinking)
[t=0.0412486s, 23128 KB] M&S algorithm main loop timer: 0.0385156s (after merging)

[t=0.0412772s, 23128 KB] Operator mutex starting iteration 31


[t=0.0413267s, 23128 KB] In ts_31_28 of size 2 found num new op-mutexes 0


[t=0.0413778s, 23128 KB] In ts_31_29 of size 2 found num new op-mutexes 0


[t=0.0414275s, 23128 KB] In ts_31_66 of size 2 found num new op-mutexes 0
[t=0.0414535s, 23128 KB] Operator mutex finished iteration 31. Found an additional 0 operator mutexes

[t=0.0414788s, 23128 KB] Next pair of indices: (66, 29)
[t=0.0415003s, 23128 KB] M&S algorithm main loop timer: 0.0387641s (after computation of next merge)
[t=0.0415354s, 23128 KB] M&S algorithm main loop timer: 0.0388026s (after merging)

[t=0.041564s, 23128 KB] Operator mutex starting iteration 32


[t=0.0416131s, 23128 KB] In ts_32_28 of size 2 found num new op-mutexes 0


[t=0.0416767s, 23128 KB] In ts_32_67 of size 4 found num new op-mutexes 0
[t=0.0417046s, 23128 KB] Operator mutex finished iteration 32. Found an additional 0 operator mutexes

[t=0.0417338s, 23128 KB] Next pair of indices: (67, 28)
[t=0.0417557s, 23128 KB] M&S algorithm main loop timer: 0.0390192s (after computation of next merge)
[t=0.0417884s, 23128 KB] M&S algorithm main loop timer: 0.0390539s (after shrinking)
[t=0.0418262s, 23128 KB] M&S algorithm main loop timer: 0.0390942s (after merging)

[t=0.0418559s, 23128 KB] Operator mutex starting iteration 33


[t=0.0419116s, 23128 KB] In ts_33_68 of size 4 found num new op-mutexes 0
[t=0.0419389s, 23128 KB] Operator mutex finished iteration 33. Found an additional 0 operator mutexes

[t=0.0419638s, 23128 KB] End of merge-and-shrink algorithm, statistics:
[t=0.0419846s, 23128 KB] Main loop runtime: 0.0392475s
[t=0.0420051s, 23128 KB] Maximum intermediate abstraction size: 4
[t=0.0420251s, 23128 KB] Final peak memory increase of merge-and-shrink algorithm: 528 KB
[t=0.0420577s, 23128 KB] Merge-and-shrink algorithm runtime: 0.0402227s

[t=0.0420813s, 23128 KB] Number of labels: 67
[t=0.042101s, 23128 KB] Total number of operator mutexes: 504
[t=0.0421309s, 23128 KB] Operator Mutex total time: 0.0348799s
[t=0.0421636s, 23128 KB] Number of remaining factors: 1
[t=0.0421904s, 23128 KB] Number of factors kept: 1
[t=0.0422111s, 23128 KB] Done initializing merge-and-shrink heuristic.

[t=0.0423097s, 23128 KB] Building successor generator...done!
[t=0.042431s, 23128 KB] peak memory difference for successor generator creation: 0 KB
[t=0.0424494s, 23128 KB] time for successor generation creation: 4.7374e-05s
[t=0.0424746s, 23128 KB] Variables: 35
[t=0.042495s, 23128 KB] FactPairs: 72
[t=0.0425149s, 23128 KB] Bytes per state: 8
[t=0.0426418s, 23128 KB] Conducting best first search with reopening closed nodes, (real) bound = 2147483647
[t=0.0426975s, 23128 KB] New best heuristic value for merge_and_shrink(op_mutex = op_mutex(use_previous_ops = nasutpo, reachability_strategy = goal), merge_strategy = merge_precomputed(linear), shrink_strategy = shrink_bisimulation(greedy = true, at_limit = use_up)): 2
[t=0.042721s, 23128 KB] g=0, 1 evaluated, 0 expanded
[t=0.0427427s, 23128 KB] f = 2, 1 evaluated, 0 expanded
[t=0.0427668s, 23128 KB] Initial heuristic value for merge_and_shrink(op_mutex = op_mutex(use_previous_ops = nasutpo, reachability_strategy = goal), merge_strategy = merge_precomputed(linear), shrink_strategy = shrink_bisimulation(greedy = true, at_limit = use_up)): 2
[t=0.0427885s, 23128 KB] pruning method: none
[t=0.0428397s, 23128 KB] f = 3, 13 evaluated, 1 expanded
[t=0.043047s, 23128 KB] f = 4, 90 evaluated, 13 expanded
[t=0.0438464s, 23128 KB] f = 5, 432 evaluated, 90 expanded
[t=0.0455335s, 23128 KB] f = 6, 1103 evaluated, 432 expanded
[t=0.0474478s, 23128 KB] f = 7, 1720 evaluated, 1103 expanded
[t=0.0488375s, 23128 KB] f = 8, 2012 evaluated, 1720 expanded
[t=0.049068s, 23128 KB] New best heuristic value for merge_and_shrink(op_mutex = op_mutex(use_previous_ops = nasutpo, reachability_strategy = goal), merge_strategy = merge_precomputed(linear), shrink_strategy = shrink_bisimulation(greedy = true, at_limit = use_up)): 1
[t=0.0490962s, 23128 KB] g=7, 2088 evaluated, 1771 expanded
[t=0.0495831s, 23128 KB] f = 9, 2171 evaluated, 2013 expanded
[t=0.0502275s, 23128 KB] f = 10, 2411 evaluated, 2171 expanded
[t=0.0511604s, 23128 KB] f = 11, 2725 evaluated, 2411 expanded
[t=0.0521919s, 23128 KB] f = 12, 3003 evaluated, 2727 expanded
[t=0.0524201s, 23128 KB] New best heuristic value for merge_and_shrink(op_mutex = op_mutex(use_previous_ops = nasutpo, reachability_strategy = goal), merge_strategy = merge_precomputed(linear), shrink_strategy = shrink_bisimulation(greedy = true, at_limit = use_up)): 0
[t=0.0524461s, 23128 KB] g=12, 3051 evaluated, 2791 expanded
[t=0.0524705s, 23128 KB] Solution found!
[t=0.0524944s, 23128 KB] Actual search time: 0.00970277s
choose e2f13p1-dp12 l1 l0 (1)
initialize e2f13p1-dp12 (1)
choose ge2 l2 l1 (1)
initialize ge2 (1)
associate e2f13p1-dp12 ge2 e2f13p1-dp12-ge2 (1)
synthesize e2f13p1-dp12-ge2 cycdp1 (1)
dummy-action-2  (1)
choose e2f4-dp12p1 l3 l2 (1)
initialize e2f4-dp12p1 (1)
synthesize e2f13p1-dp12-ge2 p107 (1)
associate p107 e2f4-dp12p1 p107-e2f4-dp12p1 (1)
dummy-action-1  (1)
[t=0.0525175s, 23128 KB] Plan length: 12 step(s).
[t=0.0525175s, 23128 KB] Plan cost: 12
[t=0.0525175s, 23128 KB] Expanded 2792 state(s).
[t=0.0525175s, 23128 KB] Reopened 0 state(s).
[t=0.0525175s, 23128 KB] Evaluated 3051 state(s).
[t=0.0525175s, 23128 KB] Evaluations: 3051
[t=0.0525175s, 23128 KB] Generated 14387 state(s).
[t=0.0525175s, 23128 KB] Dead ends: 0 state(s).
[t=0.0525175s, 23128 KB] Expanded until last jump: 2727 state(s).
[t=0.0525175s, 23128 KB] Reopened until last jump: 0 state(s).
[t=0.0525175s, 23128 KB] Evaluated until last jump: 3003 state(s).
[t=0.0525175s, 23128 KB] Generated until last jump: 13890 state(s).
[t=0.0525175s, 23128 KB] Number of registered states: 3051
[t=0.0525175s, 23128 KB] Int hash set load factor: 3051/4096 = 0.744873
[t=0.0525175s, 23128 KB] Int hash set resizes: 12
[t=0.0525175s, 23128 KB] Search time: 0.0098765s
[t=0.0525175s, 23128 KB] Total time: 0.0525175s
Solution found.
Peak memory: 23128 KB
Remove intermediate file output.sas
search exit code: 0

INFO     Running validate.
INFO     validate stdin: None
INFO     validate time limit: None
INFO     validate memory limit: None
INFO     validate command line string: validate domain.pddl problem.pddl sas_plan
Checking plan: sas_plan
Plan executed successfully - checking goal
Plan valid
Final value: 12 

Successful plans:
Value: 12
 sas_plan 12 

validate exit code: 0

