INFO     Running translator.
INFO     translator stdin: None
INFO     translator time limit: 599.97s
INFO     translator memory limit: 7000 MB
INFO     translator command line string: /usr/bin/python3 /user/student.aau.dk/lkar18/downward-projects/downward/experiments/nopo_vs_nasutpo_vs_nelutpo/data/nopo_vs_nasutpo_vs_nelutpo/code-f7902f30c0f47512f07fb7c64cdaf652032f674a_e5e41175/builds/release/bin/translate/translate.py domain.pddl problem.pddl --sas-file output.sas
Parsing...
Parsing: [0.010s CPU, 0.002s wall-clock]
Normalizing task... [0.000s CPU, 0.000s wall-clock]
Instantiating...
Generating Datalog program... [0.000s CPU, 0.000s wall-clock]
Normalizing Datalog program...
Normalizing Datalog program: [0.000s CPU, 0.004s wall-clock]
Preparing model... [0.000s CPU, 0.002s wall-clock]
Generated 61 rules.
Computing model... [0.020s CPU, 0.016s wall-clock]
841 relevant atoms
825 auxiliary atoms
1666 final queue length
3072 total queue pushes
Completing instantiation... [0.030s CPU, 0.031s wall-clock]
Instantiating: [0.050s CPU, 0.052s wall-clock]
Computing fact groups...
Finding invariants...
16 initial candidates
Finding invariants: [0.010s CPU, 0.007s wall-clock]
Checking invariant weight... [0.000s CPU, 0.000s wall-clock]
Instantiating groups... [0.000s CPU, 0.003s wall-clock]
Collecting mutex groups... [0.000s CPU, 0.000s wall-clock]
Choosing groups...
20 uncovered facts
Choosing groups: [0.000s CPU, 0.001s wall-clock]
Building translation key... [0.000s CPU, 0.000s wall-clock]
Computing fact groups: [0.010s CPU, 0.013s wall-clock]
Building STRIPS to SAS dictionary... [0.000s CPU, 0.000s wall-clock]
Building dictionary for full mutex groups... [0.000s CPU, 0.000s wall-clock]
Building mutex information...
Building mutex information: [0.000s CPU, 0.000s wall-clock]
Translating task...
Processing axioms...
Simplifying axioms... [0.000s CPU, 0.000s wall-clock]
Translator axioms removed by simplifying: 0
Computing negative axioms... [0.000s CPU, 0.000s wall-clock]
Processing axioms: [0.010s CPU, 0.002s wall-clock]
Translating task: [0.040s CPU, 0.034s wall-clock]
720 effect conditions simplified
0 implied preconditions added
Detecting unreachable propositions...
0 operators removed
0 axioms removed
30 propositions removed
Detecting unreachable propositions: [0.010s CPU, 0.015s wall-clock]
Reordering and filtering variables...
32 of 32 variables necessary.
22 of 32 mutex groups necessary.
540 of 540 operators necessary.
0 of 0 axiom rules necessary.
Reordering and filtering variables: [0.010s CPU, 0.007s wall-clock]
Translator variables: 32
Translator derived variables: 0
Translator facts: 186
Translator goal facts: 6
Translator mutex groups: 22
Translator total mutex groups size: 222
Translator operators: 540
Translator axioms: 0
Translator task size: 5114
Translator peak memory: 45560 KB
Writing output... [0.010s CPU, 0.009s wall-clock]
Done! [0.140s CPU, 0.137s wall-clock]
translate exit code: 0

INFO     Running search (release).
INFO     search stdin: output.sas
INFO     search time limit: 599.78s
INFO     search memory limit: 7000 MB
INFO     search command line string: /user/student.aau.dk/lkar18/downward-projects/downward/experiments/nopo_vs_nasutpo_vs_nelutpo/data/nopo_vs_nasutpo_vs_nelutpo/code-f7902f30c0f47512f07fb7c64cdaf652032f674a_e5e41175/builds/release/bin/downward --search 'astar(merge_and_shrink(op_mutex=op_mutex(use_previous_ops=NeLUTPO, reachability_strategy=goal)))' --internal-plan-file sas_plan < output.sas
[t=3.3408e-05s, 22344 KB] reading input...
[t=0.00298406s, 22624 KB] done reading input!
[t=0.00443012s, 22888 KB] Initializing merge-and-shrink heuristic...
[t=0.00449715s, 22888 KB] Running merge-and-shrink algorithm...
[t=0.00451708s, 22888 KB] Merge strategy options:
[t=0.00453734s, 22888 KB] Type: stateless
[t=0.00455711s, 22888 KB] Merge selector options:
[t=0.00457541s, 22888 KB] Name: score based filtering
[t=0.00459429s, 22888 KB] Merge scoring function:
[t=0.00461301s, 22888 KB] Name: goal relevance
[t=0.00463138s, 22888 KB] Merge scoring function:
[t=0.00464981s, 22888 KB] Name: dfp
[t=0.00466805s, 22888 KB] Merge scoring function:
[t=0.00468604s, 22888 KB] Name: total order
[t=0.0047045s, 22888 KB] Atomic transition system order: reverse level
[t=0.00472276s, 22888 KB] Product transition system order: new to old
[t=0.00474093s, 22888 KB] Consider atomic before product transition systems
[t=0.00475946s, 22888 KB] Random seed: -1

[t=0.00478028s, 22888 KB] Options related to size limits and shrinking: 
[t=0.00479924s, 22888 KB] Transition system size limit: 50000
[t=0.00481782s, 22888 KB] Transition system size limit right before merge: 50000
[t=0.00483619s, 22888 KB] Threshold to trigger shrinking right before merge: 1

[t=0.00485704s, 22888 KB] Pruning unreachable states: yes
[t=0.00487601s, 22888 KB] Pruning irrelevant states: yes

[t=0.00489754s, 22888 KB] Label reduction disabled

[t=0.00492844s, 22888 KB] Main loop max time in seconds: inf

[t=0.00495401s, 22888 KB] ===============================================================================
[t=0.00497344s, 22888 KB] WARNING! You did not enable label reduction.
This may drastically reduce the performance of merge-and-shrink!
[t=0.00499294s, 22888 KB] ===============================================================================

[t=0.00501519s, 22888 KB] Building atomic transition systems... 
[t=0.00717861s, 26104 KB] M&S algorithm timer: 0.00271668s (after computation of atomic factors)

[t=0.00723342s, 26104 KB] Starting main loop without a time limit.
[t=0.00750954s, 26104 KB] Next pair of indices: (2, 31)
[t=0.00754096s, 26104 KB] M&S algorithm main loop timer: 0.000328336s (after computation of next merge)
[t=0.00766709s, 26104 KB] M&S algorithm main loop timer: 0.000466111s (after merging)

[t=0.00770904s, 26104 KB] Operator mutex starting iteration 0
[t=0.00795347s, 26104 KB] In ts_0_0 of size 3 found num new op-mutexes 0
[t=0.00817226s, 26104 KB] In ts_0_1 of size 3 found num new op-mutexes 0
[t=0.00830775s, 26104 KB] In ts_0_3 of size 2 found num new op-mutexes 0
[t=0.00843944s, 26104 KB] In ts_0_4 of size 2 found num new op-mutexes 0
[t=0.00936209s, 26104 KB] In ts_0_5 of size 15 found num new op-mutexes 0
[t=0.00960373s, 26104 KB] In ts_0_6 of size 4 found num new op-mutexes 0
[t=0.0104977s, 26104 KB] In ts_0_7 of size 15 found num new op-mutexes 0
[t=0.0107292s, 26104 KB] In ts_0_8 of size 4 found num new op-mutexes 0
[t=0.0109483s, 26104 KB] In ts_0_9 of size 4 found num new op-mutexes 0
[t=0.0112076s, 26104 KB] In ts_0_10 of size 4 found num new op-mutexes 0
[t=0.0114257s, 26104 KB] In ts_0_11 of size 4 found num new op-mutexes 0
[t=0.0116549s, 26104 KB] In ts_0_12 of size 4 found num new op-mutexes 0
[t=0.0118702s, 26104 KB] In ts_0_13 of size 4 found num new op-mutexes 0
[t=0.012083s, 26104 KB] In ts_0_14 of size 4 found num new op-mutexes 0
[t=0.0122156s, 26104 KB] In ts_0_15 of size 2 found num new op-mutexes 0
[t=0.0123493s, 26104 KB] In ts_0_16 of size 2 found num new op-mutexes 0
[t=0.0124796s, 26104 KB] In ts_0_17 of size 2 found num new op-mutexes 0
[t=0.0126081s, 26104 KB] In ts_0_18 of size 2 found num new op-mutexes 0
[t=0.0127405s, 26104 KB] In ts_0_19 of size 2 found num new op-mutexes 0
[t=0.0128677s, 26104 KB] In ts_0_20 of size 2 found num new op-mutexes 0
[t=0.0129944s, 26104 KB] In ts_0_21 of size 2 found num new op-mutexes 0
[t=0.0131211s, 26104 KB] In ts_0_22 of size 2 found num new op-mutexes 0
[t=0.0132477s, 26104 KB] In ts_0_23 of size 2 found num new op-mutexes 0
[t=0.0133783s, 26104 KB] In ts_0_24 of size 2 found num new op-mutexes 0
[t=0.0135049s, 26104 KB] In ts_0_25 of size 2 found num new op-mutexes 0
[t=0.0143933s, 26104 KB] In ts_0_26 of size 15 found num new op-mutexes 0
[t=0.0153152s, 26104 KB] In ts_0_27 of size 15 found num new op-mutexes 0
[t=0.0162239s, 26104 KB] In ts_0_28 of size 15 found num new op-mutexes 0
[t=0.0171153s, 26104 KB] In ts_0_29 of size 15 found num new op-mutexes 0
[t=0.0180138s, 26104 KB] In ts_0_30 of size 15 found num new op-mutexes 0
[t=0.0190218s, 26104 KB] In ts_0_32 of size 30 found num new op-mutexes 0
[t=0.0190649s, 26104 KB] Operator mutex finished iteration 0. Found an additional 0 operator mutexes

[t=0.0193588s, 26104 KB] Next pair of indices: (3, 30)
[t=0.0193888s, 26104 KB] M&S algorithm main loop timer: 0.0121757s (after computation of next merge)
[t=0.0195063s, 26104 KB] M&S algorithm main loop timer: 0.012309s (after merging)

[t=0.0195518s, 26104 KB] Operator mutex starting iteration 1
[t=0.019783s, 26104 KB] In ts_1_0 of size 3 found num new op-mutexes 0
[t=0.019998s, 26104 KB] In ts_1_1 of size 3 found num new op-mutexes 0
[t=0.0201308s, 26104 KB] In ts_1_4 of size 2 found num new op-mutexes 0
[t=0.0210378s, 26104 KB] In ts_1_5 of size 15 found num new op-mutexes 0
[t=0.0212668s, 26104 KB] In ts_1_6 of size 4 found num new op-mutexes 0
[t=0.0221713s, 26104 KB] In ts_1_7 of size 15 found num new op-mutexes 0
[t=0.0223938s, 26104 KB] In ts_1_8 of size 4 found num new op-mutexes 0
[t=0.022626s, 26104 KB] In ts_1_9 of size 4 found num new op-mutexes 0
[t=0.0228512s, 26104 KB] In ts_1_10 of size 4 found num new op-mutexes 0
[t=0.0230661s, 26104 KB] In ts_1_11 of size 4 found num new op-mutexes 0
[t=0.0232785s, 26104 KB] In ts_1_12 of size 4 found num new op-mutexes 0
[t=0.0234901s, 26104 KB] In ts_1_13 of size 4 found num new op-mutexes 0
[t=0.023701s, 26104 KB] In ts_1_14 of size 4 found num new op-mutexes 0
[t=0.0238333s, 26104 KB] In ts_1_15 of size 2 found num new op-mutexes 0
[t=0.0239613s, 26104 KB] In ts_1_16 of size 2 found num new op-mutexes 0
[t=0.0241068s, 26104 KB] In ts_1_17 of size 2 found num new op-mutexes 0
[t=0.0242362s, 26104 KB] In ts_1_18 of size 2 found num new op-mutexes 0
[t=0.0243631s, 26104 KB] In ts_1_19 of size 2 found num new op-mutexes 0
[t=0.0244896s, 26104 KB] In ts_1_20 of size 2 found num new op-mutexes 0
[t=0.0246161s, 26104 KB] In ts_1_21 of size 2 found num new op-mutexes 0
[t=0.0247418s, 26104 KB] In ts_1_22 of size 2 found num new op-mutexes 0
[t=0.0248684s, 26104 KB] In ts_1_23 of size 2 found num new op-mutexes 0
[t=0.0249953s, 26104 KB] In ts_1_24 of size 2 found num new op-mutexes 0
[t=0.0251312s, 26104 KB] In ts_1_25 of size 2 found num new op-mutexes 0
[t=0.026029s, 26104 KB] In ts_1_26 of size 15 found num new op-mutexes 0
[t=0.0269522s, 26104 KB] In ts_1_27 of size 15 found num new op-mutexes 0
[t=0.0278574s, 26104 KB] In ts_1_28 of size 15 found num new op-mutexes 0
[t=0.0287632s, 26104 KB] In ts_1_29 of size 15 found num new op-mutexes 0
[t=0.0297487s, 26104 KB] In ts_1_32 of size 30 found num new op-mutexes 0
[t=0.030736s, 26104 KB] In ts_1_33 of size 30 found num new op-mutexes 0
[t=0.0307754s, 26104 KB] Operator mutex finished iteration 1. Found an additional 0 operator mutexes

[t=0.0310777s, 26104 KB] Next pair of indices: (4, 29)
[t=0.0311069s, 26104 KB] M&S algorithm main loop timer: 0.0238933s (after computation of next merge)
[t=0.0312245s, 26104 KB] M&S algorithm main loop timer: 0.0240227s (after merging)

[t=0.031265s, 26104 KB] Operator mutex starting iteration 2
[t=0.0314808s, 26104 KB] In ts_2_0 of size 3 found num new op-mutexes 0
[t=0.0316942s, 26104 KB] In ts_2_1 of size 3 found num new op-mutexes 0
[t=0.0326019s, 26104 KB] In ts_2_5 of size 15 found num new op-mutexes 0
[t=0.0328446s, 26104 KB] In ts_2_6 of size 4 found num new op-mutexes 0
[t=0.0337545s, 26104 KB] In ts_2_7 of size 15 found num new op-mutexes 0
[t=0.0339801s, 26104 KB] In ts_2_8 of size 4 found num new op-mutexes 0
[t=0.0342131s, 26104 KB] In ts_2_9 of size 4 found num new op-mutexes 0
[t=0.0344307s, 26104 KB] In ts_2_10 of size 4 found num new op-mutexes 0
[t=0.034645s, 26104 KB] In ts_2_11 of size 4 found num new op-mutexes 0
[t=0.0348582s, 26104 KB] In ts_2_12 of size 4 found num new op-mutexes 0
[t=0.0350709s, 26104 KB] In ts_2_13 of size 4 found num new op-mutexes 0
[t=0.0352821s, 26104 KB] In ts_2_14 of size 4 found num new op-mutexes 0
[t=0.0354127s, 26104 KB] In ts_2_15 of size 2 found num new op-mutexes 0
[t=0.035542s, 26104 KB] In ts_2_16 of size 2 found num new op-mutexes 0
[t=0.0356708s, 26104 KB] In ts_2_17 of size 2 found num new op-mutexes 0
[t=0.0358035s, 26104 KB] In ts_2_18 of size 2 found num new op-mutexes 0
[t=0.0359303s, 26104 KB] In ts_2_19 of size 2 found num new op-mutexes 0
[t=0.0360569s, 26104 KB] In ts_2_20 of size 2 found num new op-mutexes 0
[t=0.0361827s, 26104 KB] In ts_2_21 of size 2 found num new op-mutexes 0
[t=0.0363085s, 26104 KB] In ts_2_22 of size 2 found num new op-mutexes 0
[t=0.0364349s, 26104 KB] In ts_2_23 of size 2 found num new op-mutexes 0
[t=0.0365678s, 26104 KB] In ts_2_24 of size 2 found num new op-mutexes 0
[t=0.0366952s, 26104 KB] In ts_2_25 of size 2 found num new op-mutexes 0
[t=0.0376107s, 26104 KB] In ts_2_26 of size 15 found num new op-mutexes 0
[t=0.0385317s, 26104 KB] In ts_2_27 of size 15 found num new op-mutexes 0
[t=0.0394277s, 26104 KB] In ts_2_28 of size 15 found num new op-mutexes 0
[t=0.0403878s, 26104 KB] In ts_2_32 of size 30 found num new op-mutexes 0
[t=0.0413437s, 26104 KB] In ts_2_33 of size 30 found num new op-mutexes 0
[t=0.0423211s, 26104 KB] In ts_2_34 of size 30 found num new op-mutexes 0
[t=0.0423677s, 26104 KB] Operator mutex finished iteration 2. Found an additional 0 operator mutexes

[t=0.0426579s, 26104 KB] Next pair of indices: (5, 34)
[t=0.0426855s, 26104 KB] M&S algorithm main loop timer: 0.0354721s (after computation of next merge)
[t=0.0430775s, 26104 KB] M&S algorithm main loop timer: 0.0358819s (after merging)

[t=0.0431488s, 26104 KB] Operator mutex starting iteration 3
[t=0.0433983s, 26104 KB] In ts_3_0 of size 3 found num new op-mutexes 0
[t=0.0436201s, 26104 KB] In ts_3_1 of size 3 found num new op-mutexes 0
[t=0.0438433s, 26104 KB] In ts_3_6 of size 4 found num new op-mutexes 0
[t=0.0447434s, 26104 KB] In ts_3_7 of size 15 found num new op-mutexes 0
[t=0.044971s, 26104 KB] In ts_3_8 of size 4 found num new op-mutexes 0
[t=0.0451929s, 26104 KB] In ts_3_9 of size 4 found num new op-mutexes 0
[t=0.0454132s, 26104 KB] In ts_3_10 of size 4 found num new op-mutexes 0
[t=0.0456421s, 26104 KB] In ts_3_11 of size 4 found num new op-mutexes 0
[t=0.0458763s, 26104 KB] In ts_3_12 of size 4 found num new op-mutexes 0
[t=0.0460954s, 26104 KB] In ts_3_13 of size 4 found num new op-mutexes 0
[t=0.0463211s, 26104 KB] In ts_3_14 of size 4 found num new op-mutexes 0
[t=0.0464593s, 26104 KB] In ts_3_15 of size 2 found num new op-mutexes 0
[t=0.046592s, 26104 KB] In ts_3_16 of size 2 found num new op-mutexes 0
[t=0.0467248s, 26104 KB] In ts_3_17 of size 2 found num new op-mutexes 0
[t=0.0468571s, 26104 KB] In ts_3_18 of size 2 found num new op-mutexes 0
[t=0.0469879s, 26104 KB] In ts_3_19 of size 2 found num new op-mutexes 0
[t=0.0471457s, 26104 KB] In ts_3_20 of size 2 found num new op-mutexes 0
[t=0.0472846s, 26104 KB] In ts_3_21 of size 2 found num new op-mutexes 0
[t=0.0474154s, 26104 KB] In ts_3_22 of size 2 found num new op-mutexes 0
[t=0.0475454s, 26104 KB] In ts_3_23 of size 2 found num new op-mutexes 0
[t=0.0476752s, 26104 KB] In ts_3_24 of size 2 found num new op-mutexes 0
[t=0.0478033s, 26104 KB] In ts_3_25 of size 2 found num new op-mutexes 0
[t=0.0486919s, 26104 KB] In ts_3_26 of size 15 found num new op-mutexes 0
[t=0.0496021s, 26104 KB] In ts_3_27 of size 15 found num new op-mutexes 0
[t=0.0505101s, 26104 KB] In ts_3_28 of size 15 found num new op-mutexes 0
[t=0.0514672s, 26104 KB] In ts_3_32 of size 30 found num new op-mutexes 0
[t=0.0524239s, 26104 KB] In ts_3_33 of size 30 found num new op-mutexes 0
[t=0.0554723s, 26276 KB] In ts_3_35 of size 450 found num new op-mutexes 0
[t=0.0555247s, 26276 KB] Operator mutex finished iteration 3. Found an additional 0 operator mutexes

[t=0.055844s, 26276 KB] Next pair of indices: (0, 35)
[t=0.0558719s, 26276 KB] M&S algorithm main loop timer: 0.0486583s (after computation of next merge)
[t=0.057322s, 26276 KB] M&S algorithm main loop timer: 0.0501898s (after merging)

[t=0.0575057s, 26276 KB] Operator mutex starting iteration 4
[t=0.0577307s, 26276 KB] In ts_4_1 of size 3 found num new op-mutexes 0
[t=0.0579669s, 26276 KB] In ts_4_6 of size 4 found num new op-mutexes 0
[t=0.0588834s, 26276 KB] In ts_4_7 of size 15 found num new op-mutexes 0
[t=0.0591125s, 26276 KB] In ts_4_8 of size 4 found num new op-mutexes 0
[t=0.0593361s, 26276 KB] In ts_4_9 of size 4 found num new op-mutexes 0
[t=0.0595596s, 26276 KB] In ts_4_10 of size 4 found num new op-mutexes 0
[t=0.0597904s, 26276 KB] In ts_4_11 of size 4 found num new op-mutexes 0
[t=0.0600205s, 26276 KB] In ts_4_12 of size 4 found num new op-mutexes 0
[t=0.0602392s, 26276 KB] In ts_4_13 of size 4 found num new op-mutexes 0
[t=0.0604581s, 26276 KB] In ts_4_14 of size 4 found num new op-mutexes 0
[t=0.0605967s, 26276 KB] In ts_4_15 of size 2 found num new op-mutexes 0
[t=0.060732s, 26276 KB] In ts_4_16 of size 2 found num new op-mutexes 0
[t=0.0608674s, 26276 KB] In ts_4_17 of size 2 found num new op-mutexes 0
[t=0.0610115s, 26276 KB] In ts_4_18 of size 2 found num new op-mutexes 0
[t=0.0611442s, 26276 KB] In ts_4_19 of size 2 found num new op-mutexes 0
[t=0.0612939s, 26276 KB] In ts_4_20 of size 2 found num new op-mutexes 0
[t=0.0614372s, 26276 KB] In ts_4_21 of size 2 found num new op-mutexes 0
[t=0.0615803s, 26276 KB] In ts_4_22 of size 2 found num new op-mutexes 0
[t=0.0617234s, 26276 KB] In ts_4_23 of size 2 found num new op-mutexes 0
[t=0.0618662s, 26276 KB] In ts_4_24 of size 2 found num new op-mutexes 0
[t=0.0620076s, 26276 KB] In ts_4_25 of size 2 found num new op-mutexes 0
[t=0.0629448s, 26276 KB] In ts_4_26 of size 15 found num new op-mutexes 0
[t=0.0638543s, 26276 KB] In ts_4_27 of size 15 found num new op-mutexes 0
[t=0.0647548s, 26276 KB] In ts_4_28 of size 15 found num new op-mutexes 0
[t=0.0657458s, 26276 KB] In ts_4_32 of size 30 found num new op-mutexes 0
[t=0.0667327s, 26276 KB] In ts_4_33 of size 30 found num new op-mutexes 0
[t=0.0736622s, 27740 KB] In ts_4_36 of size 1350 found num new op-mutexes 0
[t=0.073739s, 27740 KB] Operator mutex finished iteration 4. Found an additional 0 operator mutexes

[t=0.0740894s, 27740 KB] Next pair of indices: (1, 36)
[t=0.0741175s, 27740 KB] M&S algorithm main loop timer: 0.066904s (after computation of next merge)
[t=0.0792971s, 27740 KB] M&S algorithm main loop timer: 0.0721076s (after merging)

[t=0.0795642s, 27740 KB] Operator mutex starting iteration 5
[t=0.0798248s, 27740 KB] In ts_5_6 of size 4 found num new op-mutexes 0
[t=0.080749s, 27740 KB] In ts_5_7 of size 15 found num new op-mutexes 0
[t=0.080995s, 27740 KB] In ts_5_8 of size 4 found num new op-mutexes 0
[t=0.081226s, 27740 KB] In ts_5_9 of size 4 found num new op-mutexes 0
[t=0.0814528s, 27740 KB] In ts_5_10 of size 4 found num new op-mutexes 0
[t=0.0816874s, 27740 KB] In ts_5_11 of size 4 found num new op-mutexes 0
[t=0.0819101s, 27740 KB] In ts_5_12 of size 4 found num new op-mutexes 0
[t=0.082132s, 27740 KB] In ts_5_13 of size 4 found num new op-mutexes 0
[t=0.0823627s, 27740 KB] In ts_5_14 of size 4 found num new op-mutexes 0
[t=0.0825072s, 27740 KB] In ts_5_15 of size 2 found num new op-mutexes 0
[t=0.0826567s, 27740 KB] In ts_5_16 of size 2 found num new op-mutexes 0
[t=0.0827973s, 27740 KB] In ts_5_17 of size 2 found num new op-mutexes 0
[t=0.0829343s, 27740 KB] In ts_5_18 of size 2 found num new op-mutexes 0
[t=0.0830752s, 27740 KB] In ts_5_19 of size 2 found num new op-mutexes 0
[t=0.083211s, 27740 KB] In ts_5_20 of size 2 found num new op-mutexes 0
[t=0.0833467s, 27740 KB] In ts_5_21 of size 2 found num new op-mutexes 0
[t=0.083482s, 27740 KB] In ts_5_22 of size 2 found num new op-mutexes 0
[t=0.0836167s, 27740 KB] In ts_5_23 of size 2 found num new op-mutexes 0
[t=0.083752s, 27740 KB] In ts_5_24 of size 2 found num new op-mutexes 0
[t=0.0838866s, 27740 KB] In ts_5_25 of size 2 found num new op-mutexes 0
[t=0.0848125s, 27740 KB] In ts_5_26 of size 15 found num new op-mutexes 0
[t=0.0857354s, 27740 KB] In ts_5_27 of size 15 found num new op-mutexes 0
[t=0.0866709s, 27740 KB] In ts_5_28 of size 15 found num new op-mutexes 0
[t=0.0876462s, 27740 KB] In ts_5_32 of size 30 found num new op-mutexes 0
[t=0.0886286s, 27740 KB] In ts_5_33 of size 30 found num new op-mutexes 0
[t=0.108969s, 31332 KB] In ts_5_37 of size 4050 found num new op-mutexes 0
[t=0.109105s, 31332 KB] Operator mutex finished iteration 5. Found an additional 0 operator mutexes

[t=0.109514s, 31332 KB] Next pair of indices: (6, 37)
[t=0.109544s, 31332 KB] M&S algorithm main loop timer: 0.102331s (after computation of next merge)
[t=0.130192s, 31332 KB] M&S algorithm main loop timer: 0.123039s (after merging)
[t=0.133183s, 31332 KB] M&S algorithm main loop timer: 0.12599s (after pruning)

[t=0.133233s, 31332 KB] Operator mutex starting iteration 6
[t=0.134147s, 31332 KB] In ts_6_7 of size 15 found num new op-mutexes 0
[t=0.134383s, 31332 KB] In ts_6_8 of size 4 found num new op-mutexes 0
[t=0.134614s, 31332 KB] In ts_6_9 of size 4 found num new op-mutexes 0
[t=0.134849s, 31332 KB] In ts_6_10 of size 4 found num new op-mutexes 0
[t=0.135077s, 31332 KB] In ts_6_11 of size 4 found num new op-mutexes 0
[t=0.135301s, 31332 KB] In ts_6_12 of size 4 found num new op-mutexes 0
[t=0.135526s, 31332 KB] In ts_6_13 of size 4 found num new op-mutexes 0
[t=0.135767s, 31332 KB] In ts_6_14 of size 4 found num new op-mutexes 0
[t=0.135918s, 31332 KB] In ts_6_15 of size 2 found num new op-mutexes 0
[t=0.136058s, 31332 KB] In ts_6_16 of size 2 found num new op-mutexes 0
[t=0.136209s, 31332 KB] In ts_6_17 of size 2 found num new op-mutexes 0
[t=0.136348s, 31332 KB] In ts_6_18 of size 2 found num new op-mutexes 0
[t=0.136496s, 31332 KB] In ts_6_19 of size 2 found num new op-mutexes 0
[t=0.136631s, 31332 KB] In ts_6_20 of size 2 found num new op-mutexes 0
[t=0.136766s, 31332 KB] In ts_6_21 of size 2 found num new op-mutexes 0
[t=0.136901s, 31332 KB] In ts_6_22 of size 2 found num new op-mutexes 0
[t=0.137035s, 31332 KB] In ts_6_23 of size 2 found num new op-mutexes 0
[t=0.137177s, 31332 KB] In ts_6_24 of size 2 found num new op-mutexes 0
[t=0.137311s, 31332 KB] In ts_6_25 of size 2 found num new op-mutexes 0
[t=0.138218s, 31332 KB] In ts_6_26 of size 15 found num new op-mutexes 0
[t=0.139133s, 31332 KB] In ts_6_27 of size 15 found num new op-mutexes 0
[t=0.140059s, 31332 KB] In ts_6_28 of size 15 found num new op-mutexes 0
[t=0.141037s, 31332 KB] In ts_6_32 of size 30 found num new op-mutexes 0
[t=0.142017s, 31332 KB] In ts_6_33 of size 30 found num new op-mutexes 0
[t=0.142332s, 31332 KB] Operator mutex finished iteration 6. Found an additional 0 operator mutexes

[t=0.142737s, 31332 KB] Next pair of indices: (7, 38)
[t=0.142767s, 31332 KB] M&S algorithm main loop timer: 0.135554s (after computation of next merge)
[t=0.154215s, 31332 KB] M&S algorithm main loop timer: 0.147147s (after shrinking)
[t=0.168735s, 31332 KB] M&S algorithm main loop timer: 0.161578s (after merging)

[t=0.169472s, 31332 KB] Operator mutex starting iteration 7
[t=0.169716s, 31332 KB] In ts_7_8 of size 4 found num new op-mutexes 0
[t=0.169953s, 31332 KB] In ts_7_9 of size 4 found num new op-mutexes 0
[t=0.170194s, 31332 KB] In ts_7_10 of size 4 found num new op-mutexes 0
[t=0.170424s, 31332 KB] In ts_7_11 of size 4 found num new op-mutexes 0
[t=0.170651s, 31332 KB] In ts_7_12 of size 4 found num new op-mutexes 0
[t=0.170879s, 31332 KB] In ts_7_13 of size 4 found num new op-mutexes 0
[t=0.171104s, 31332 KB] In ts_7_14 of size 4 found num new op-mutexes 0
[t=0.171258s, 31332 KB] In ts_7_15 of size 2 found num new op-mutexes 0
[t=0.171411s, 31332 KB] In ts_7_16 of size 2 found num new op-mutexes 0
[t=0.171553s, 31332 KB] In ts_7_17 of size 2 found num new op-mutexes 0
[t=0.171708s, 31332 KB] In ts_7_18 of size 2 found num new op-mutexes 0
[t=0.171849s, 31332 KB] In ts_7_19 of size 2 found num new op-mutexes 0
[t=0.171988s, 31332 KB] In ts_7_20 of size 2 found num new op-mutexes 0
[t=0.172126s, 31332 KB] In ts_7_21 of size 2 found num new op-mutexes 0
[t=0.172272s, 31332 KB] In ts_7_22 of size 2 found num new op-mutexes 0
[t=0.17241s, 31332 KB] In ts_7_23 of size 2 found num new op-mutexes 0
[t=0.172547s, 31332 KB] In ts_7_24 of size 2 found num new op-mutexes 0
[t=0.172684s, 31332 KB] In ts_7_25 of size 2 found num new op-mutexes 0
[t=0.173602s, 31332 KB] In ts_7_26 of size 15 found num new op-mutexes 0
[t=0.174535s, 31332 KB] In ts_7_27 of size 15 found num new op-mutexes 0
[t=0.175471s, 31332 KB] In ts_7_28 of size 15 found num new op-mutexes 0
[t=0.176475s, 31332 KB] In ts_7_32 of size 30 found num new op-mutexes 0
[t=0.177451s, 31332 KB] In ts_7_33 of size 30 found num new op-mutexes 0
[t=0.177952s, 31332 KB] Operator mutex finished iteration 7. Found an additional 0 operator mutexes

[t=0.17844s, 31332 KB] Next pair of indices: (8, 39)
[t=0.178471s, 31332 KB] M&S algorithm main loop timer: 0.171258s (after computation of next merge)
[t=0.258077s, 39428 KB] M&S algorithm main loop timer: 0.250932s (after merging)
[t=0.268873s, 39428 KB] M&S algorithm main loop timer: 0.261713s (after pruning)

[t=0.26896s, 39428 KB] Operator mutex starting iteration 8
[t=0.269208s, 39428 KB] In ts_8_9 of size 4 found num new op-mutexes 0
[t=0.269465s, 39428 KB] In ts_8_10 of size 4 found num new op-mutexes 0
[t=0.269711s, 39428 KB] In ts_8_11 of size 4 found num new op-mutexes 0
[t=0.269956s, 39428 KB] In ts_8_12 of size 4 found num new op-mutexes 0
[t=0.270199s, 39428 KB] In ts_8_13 of size 4 found num new op-mutexes 0
[t=0.27044s, 39428 KB] In ts_8_14 of size 4 found num new op-mutexes 0
[t=0.270593s, 39428 KB] In ts_8_15 of size 2 found num new op-mutexes 0
[t=0.270746s, 39428 KB] In ts_8_16 of size 2 found num new op-mutexes 0
[t=0.2709s, 39428 KB] In ts_8_17 of size 2 found num new op-mutexes 0
[t=0.271041s, 39428 KB] In ts_8_18 of size 2 found num new op-mutexes 0
[t=0.271197s, 39428 KB] In ts_8_19 of size 2 found num new op-mutexes 0
[t=0.271338s, 39428 KB] In ts_8_20 of size 2 found num new op-mutexes 0
[t=0.271475s, 39428 KB] In ts_8_21 of size 2 found num new op-mutexes 0
[t=0.271612s, 39428 KB] In ts_8_22 of size 2 found num new op-mutexes 0
[t=0.271749s, 39428 KB] In ts_8_23 of size 2 found num new op-mutexes 0
[t=0.271885s, 39428 KB] In ts_8_24 of size 2 found num new op-mutexes 0
[t=0.272031s, 39428 KB] In ts_8_25 of size 2 found num new op-mutexes 0
[t=0.27294s, 39428 KB] In ts_8_26 of size 15 found num new op-mutexes 0
[t=0.273856s, 39428 KB] In ts_8_27 of size 15 found num new op-mutexes 0
[t=0.274791s, 39428 KB] In ts_8_28 of size 15 found num new op-mutexes 0
[t=0.275787s, 39428 KB] In ts_8_32 of size 30 found num new op-mutexes 0
[t=0.276772s, 39428 KB] In ts_8_33 of size 30 found num new op-mutexes 0
[t=0.277566s, 39428 KB] Operator mutex finished iteration 8. Found an additional 0 operator mutexes

[t=0.278197s, 39428 KB] Next pair of indices: (9, 26)
[t=0.278227s, 39428 KB] M&S algorithm main loop timer: 0.271013s (after computation of next merge)
[t=0.278376s, 39428 KB] M&S algorithm main loop timer: 0.271167s (after merging)
[t=0.278424s, 39428 KB] M&S algorithm main loop timer: 0.271225s (after pruning)

[t=0.278465s, 39428 KB] Operator mutex starting iteration 9
[t=0.278676s, 39428 KB] In ts_9_10 of size 4 found num new op-mutexes 0
[t=0.278915s, 39428 KB] In ts_9_11 of size 4 found num new op-mutexes 0
[t=0.279141s, 39428 KB] In ts_9_12 of size 4 found num new op-mutexes 0
[t=0.279363s, 39428 KB] In ts_9_13 of size 4 found num new op-mutexes 0
[t=0.279593s, 39428 KB] In ts_9_14 of size 4 found num new op-mutexes 0
[t=0.279731s, 39428 KB] In ts_9_15 of size 2 found num new op-mutexes 0
[t=0.279866s, 39428 KB] In ts_9_16 of size 2 found num new op-mutexes 0
[t=0.280001s, 39428 KB] In ts_9_17 of size 2 found num new op-mutexes 0
[t=0.280134s, 39428 KB] In ts_9_18 of size 2 found num new op-mutexes 0
[t=0.280274s, 39428 KB] In ts_9_19 of size 2 found num new op-mutexes 0
[t=0.280409s, 39428 KB] In ts_9_20 of size 2 found num new op-mutexes 0
[t=0.280551s, 39428 KB] In ts_9_21 of size 2 found num new op-mutexes 0
[t=0.280685s, 39428 KB] In ts_9_22 of size 2 found num new op-mutexes 0
[t=0.280817s, 39428 KB] In ts_9_23 of size 2 found num new op-mutexes 0
[t=0.280951s, 39428 KB] In ts_9_24 of size 2 found num new op-mutexes 0
[t=0.281094s, 39428 KB] In ts_9_25 of size 2 found num new op-mutexes 0
[t=0.282048s, 39428 KB] In ts_9_27 of size 15 found num new op-mutexes 0
[t=0.283003s, 39428 KB] In ts_9_28 of size 15 found num new op-mutexes 0
[t=0.283984s, 39428 KB] In ts_9_32 of size 30 found num new op-mutexes 0
[t=0.284973s, 39428 KB] In ts_9_33 of size 30 found num new op-mutexes 0
[t=0.28752s, 39428 KB] In ts_9_41 of size 29 found num new op-mutexes 6444
[t=0.287576s, 39428 KB] Operator mutex finished iteration 9. Found an additional 6444 operator mutexes

[t=0.288225s, 39428 KB] Next pair of indices: (10, 27)
[t=0.288255s, 39428 KB] M&S algorithm main loop timer: 0.281052s (after computation of next merge)
[t=0.288415s, 39428 KB] M&S algorithm main loop timer: 0.281206s (after merging)
[t=0.288462s, 39428 KB] M&S algorithm main loop timer: 0.281249s (after pruning)

[t=0.288489s, 39428 KB] Operator mutex starting iteration 10
[t=0.288707s, 39428 KB] In ts_10_11 of size 4 found num new op-mutexes 0
[t=0.288934s, 39428 KB] In ts_10_12 of size 4 found num new op-mutexes 0
[t=0.289158s, 39428 KB] In ts_10_13 of size 4 found num new op-mutexes 0
[t=0.289387s, 39428 KB] In ts_10_14 of size 4 found num new op-mutexes 0
[t=0.289525s, 39428 KB] In ts_10_15 of size 2 found num new op-mutexes 0
[t=0.289661s, 39428 KB] In ts_10_16 of size 2 found num new op-mutexes 0
[t=0.289796s, 39428 KB] In ts_10_17 of size 2 found num new op-mutexes 0
[t=0.289938s, 39428 KB] In ts_10_18 of size 2 found num new op-mutexes 0
[t=0.290074s, 39428 KB] In ts_10_19 of size 2 found num new op-mutexes 0
[t=0.290207s, 39428 KB] In ts_10_20 of size 2 found num new op-mutexes 0
[t=0.29034s, 39428 KB] In ts_10_21 of size 2 found num new op-mutexes 0
[t=0.290499s, 39428 KB] In ts_10_22 of size 2 found num new op-mutexes 0
[t=0.290633s, 39428 KB] In ts_10_23 of size 2 found num new op-mutexes 0
[t=0.290766s, 39428 KB] In ts_10_24 of size 2 found num new op-mutexes 0
[t=0.290896s, 39428 KB] In ts_10_25 of size 2 found num new op-mutexes 0
[t=0.291869s, 39428 KB] In ts_10_28 of size 15 found num new op-mutexes 0
[t=0.292924s, 39428 KB] In ts_10_32 of size 30 found num new op-mutexes 0
[t=0.294038s, 39428 KB] In ts_10_33 of size 30 found num new op-mutexes 0
[t=0.296852s, 39428 KB] In ts_10_41 of size 29 found num new op-mutexes 0
[t=0.298658s, 39428 KB] In ts_10_42 of size 29 found num new op-mutexes 6372
[t=0.298702s, 39428 KB] Operator mutex finished iteration 10. Found an additional 6372 operator mutexes

[t=0.29942s, 39428 KB] Next pair of indices: (11, 28)
[t=0.29945s, 39428 KB] M&S algorithm main loop timer: 0.292237s (after computation of next merge)
[t=0.2996s, 39428 KB] M&S algorithm main loop timer: 0.29239s (after merging)
[t=0.299648s, 39428 KB] M&S algorithm main loop timer: 0.292435s (after pruning)

[t=0.299675s, 39428 KB] Operator mutex starting iteration 11
[t=0.299899s, 39428 KB] In ts_11_12 of size 4 found num new op-mutexes 0
[t=0.300127s, 39428 KB] In ts_11_13 of size 4 found num new op-mutexes 0
[t=0.300369s, 39428 KB] In ts_11_14 of size 4 found num new op-mutexes 0
[t=0.300516s, 39428 KB] In ts_11_15 of size 2 found num new op-mutexes 0
[t=0.300666s, 39428 KB] In ts_11_16 of size 2 found num new op-mutexes 0
[t=0.300807s, 39428 KB] In ts_11_17 of size 2 found num new op-mutexes 0
[t=0.300943s, 39428 KB] In ts_11_18 of size 2 found num new op-mutexes 0
[t=0.301087s, 39428 KB] In ts_11_19 of size 2 found num new op-mutexes 0
[t=0.301219s, 39428 KB] In ts_11_20 of size 2 found num new op-mutexes 0
[t=0.301351s, 39428 KB] In ts_11_21 of size 2 found num new op-mutexes 0
[t=0.301483s, 39428 KB] In ts_11_22 of size 2 found num new op-mutexes 0
[t=0.301615s, 39428 KB] In ts_11_23 of size 2 found num new op-mutexes 0
[t=0.301746s, 39428 KB] In ts_11_24 of size 2 found num new op-mutexes 0
[t=0.301877s, 39428 KB] In ts_11_25 of size 2 found num new op-mutexes 0
[t=0.302986s, 39428 KB] In ts_11_32 of size 30 found num new op-mutexes 0
[t=0.304182s, 39428 KB] In ts_11_33 of size 30 found num new op-mutexes 0
[t=0.306875s, 39428 KB] In ts_11_41 of size 29 found num new op-mutexes 0
[t=0.308569s, 39428 KB] In ts_11_42 of size 29 found num new op-mutexes 0
[t=0.310571s, 39428 KB] In ts_11_43 of size 29 found num new op-mutexes 6300
[t=0.310635s, 39428 KB] Operator mutex finished iteration 11. Found an additional 6300 operator mutexes

[t=0.311381s, 39428 KB] Next pair of indices: (12, 43)
[t=0.31141s, 39428 KB] M&S algorithm main loop timer: 0.304197s (after computation of next merge)
[t=0.311624s, 39428 KB] M&S algorithm main loop timer: 0.304418s (after merging)

[t=0.311668s, 39428 KB] Operator mutex starting iteration 12
[t=0.311893s, 39428 KB] In ts_12_13 of size 4 found num new op-mutexes 0
[t=0.312122s, 39428 KB] In ts_12_14 of size 4 found num new op-mutexes 0
[t=0.312272s, 39428 KB] In ts_12_15 of size 2 found num new op-mutexes 0
[t=0.312411s, 39428 KB] In ts_12_16 of size 2 found num new op-mutexes 0
[t=0.312547s, 39428 KB] In ts_12_17 of size 2 found num new op-mutexes 0
[t=0.312683s, 39428 KB] In ts_12_18 of size 2 found num new op-mutexes 0
[t=0.312828s, 39428 KB] In ts_12_19 of size 2 found num new op-mutexes 0
[t=0.312962s, 39428 KB] In ts_12_20 of size 2 found num new op-mutexes 0
[t=0.313095s, 39428 KB] In ts_12_21 of size 2 found num new op-mutexes 0
[t=0.313249s, 39428 KB] In ts_12_22 of size 2 found num new op-mutexes 0
[t=0.313398s, 39428 KB] In ts_12_23 of size 2 found num new op-mutexes 0
[t=0.313532s, 39428 KB] In ts_12_24 of size 2 found num new op-mutexes 0
[t=0.313681s, 39428 KB] In ts_12_25 of size 2 found num new op-mutexes 0
[t=0.314793s, 39428 KB] In ts_12_32 of size 30 found num new op-mutexes 0
[t=0.315922s, 39428 KB] In ts_12_33 of size 30 found num new op-mutexes 0
[t=0.318576s, 39428 KB] In ts_12_41 of size 29 found num new op-mutexes 0
[t=0.32044s, 39428 KB] In ts_12_42 of size 29 found num new op-mutexes 0
[t=0.322374s, 39428 KB] In ts_12_44 of size 116 found num new op-mutexes 0
[t=0.322421s, 39428 KB] Operator mutex finished iteration 12. Found an additional 0 operator mutexes

[t=0.323146s, 39428 KB] Next pair of indices: (13, 44)
[t=0.323179s, 39428 KB] M&S algorithm main loop timer: 0.315966s (after computation of next merge)
[t=0.323768s, 39428 KB] M&S algorithm main loop timer: 0.316574s (after merging)

[t=0.323841s, 39428 KB] Operator mutex starting iteration 13
[t=0.324069s, 39428 KB] In ts_13_14 of size 4 found num new op-mutexes 0
[t=0.324221s, 39428 KB] In ts_13_15 of size 2 found num new op-mutexes 0
[t=0.324359s, 39428 KB] In ts_13_16 of size 2 found num new op-mutexes 0
[t=0.324496s, 39428 KB] In ts_13_17 of size 2 found num new op-mutexes 0
[t=0.324632s, 39428 KB] In ts_13_18 of size 2 found num new op-mutexes 0
[t=0.32477s, 39428 KB] In ts_13_19 of size 2 found num new op-mutexes 0
[t=0.324904s, 39428 KB] In ts_13_20 of size 2 found num new op-mutexes 0
[t=0.325038s, 39428 KB] In ts_13_21 of size 2 found num new op-mutexes 0
[t=0.325178s, 39428 KB] In ts_13_22 of size 2 found num new op-mutexes 0
[t=0.325311s, 39428 KB] In ts_13_23 of size 2 found num new op-mutexes 0
[t=0.325451s, 39428 KB] In ts_13_24 of size 2 found num new op-mutexes 0
[t=0.325587s, 39428 KB] In ts_13_25 of size 2 found num new op-mutexes 0
[t=0.326675s, 39428 KB] In ts_13_32 of size 30 found num new op-mutexes 0
[t=0.32777s, 39428 KB] In ts_13_33 of size 30 found num new op-mutexes 0
[t=0.330223s, 39428 KB] In ts_13_41 of size 29 found num new op-mutexes 0
[t=0.33206s, 39428 KB] In ts_13_42 of size 29 found num new op-mutexes 0
[t=0.335759s, 39428 KB] In ts_13_45 of size 464 found num new op-mutexes 0
[t=0.335815s, 39428 KB] Operator mutex finished iteration 13. Found an additional 0 operator mutexes

[t=0.336525s, 39428 KB] Next pair of indices: (14, 45)
[t=0.336555s, 39428 KB] M&S algorithm main loop timer: 0.329342s (after computation of next merge)
[t=0.339358s, 39428 KB] M&S algorithm main loop timer: 0.332198s (after merging)

[t=0.33954s, 39428 KB] Operator mutex starting iteration 14
[t=0.339689s, 39428 KB] In ts_14_15 of size 2 found num new op-mutexes 0
[t=0.339842s, 39428 KB] In ts_14_16 of size 2 found num new op-mutexes 0
[t=0.339983s, 39428 KB] In ts_14_17 of size 2 found num new op-mutexes 0
[t=0.340121s, 39428 KB] In ts_14_18 of size 2 found num new op-mutexes 0
[t=0.34026s, 39428 KB] In ts_14_19 of size 2 found num new op-mutexes 0
[t=0.340398s, 39428 KB] In ts_14_20 of size 2 found num new op-mutexes 0
[t=0.340534s, 39428 KB] In ts_14_21 of size 2 found num new op-mutexes 0
[t=0.340672s, 39428 KB] In ts_14_22 of size 2 found num new op-mutexes 0
[t=0.340816s, 39428 KB] In ts_14_23 of size 2 found num new op-mutexes 0
[t=0.340953s, 39428 KB] In ts_14_24 of size 2 found num new op-mutexes 0
[t=0.341107s, 39428 KB] In ts_14_25 of size 2 found num new op-mutexes 0
[t=0.34226s, 39428 KB] In ts_14_32 of size 30 found num new op-mutexes 0
[t=0.343441s, 39428 KB] In ts_14_33 of size 30 found num new op-mutexes 0
[t=0.346052s, 39428 KB] In ts_14_41 of size 29 found num new op-mutexes 0
[t=0.34792s, 39428 KB] In ts_14_42 of size 29 found num new op-mutexes 0
[t=0.361138s, 39428 KB] In ts_14_46 of size 1856 found num new op-mutexes 0
[t=0.361216s, 39428 KB] Operator mutex finished iteration 14. Found an additional 0 operator mutexes

[t=0.362037s, 39428 KB] Next pair of indices: (15, 46)
[t=0.362068s, 39428 KB] M&S algorithm main loop timer: 0.354856s (after computation of next merge)
[t=0.371679s, 39428 KB] M&S algorithm main loop timer: 0.364491s (after merging)

[t=0.371929s, 39428 KB] Operator mutex starting iteration 15
[t=0.372093s, 39428 KB] In ts_15_16 of size 2 found num new op-mutexes 0
[t=0.372239s, 39428 KB] In ts_15_17 of size 2 found num new op-mutexes 0
[t=0.372418s, 39428 KB] In ts_15_18 of size 2 found num new op-mutexes 0
[t=0.372563s, 39428 KB] In ts_15_19 of size 2 found num new op-mutexes 0
[t=0.372714s, 39428 KB] In ts_15_20 of size 2 found num new op-mutexes 0
[t=0.372868s, 39428 KB] In ts_15_21 of size 2 found num new op-mutexes 0
[t=0.37301s, 39428 KB] In ts_15_22 of size 2 found num new op-mutexes 0
[t=0.37315s, 39428 KB] In ts_15_23 of size 2 found num new op-mutexes 0
[t=0.373288s, 39428 KB] In ts_15_24 of size 2 found num new op-mutexes 0
[t=0.373426s, 39428 KB] In ts_15_25 of size 2 found num new op-mutexes 0
[t=0.37469s, 39428 KB] In ts_15_32 of size 30 found num new op-mutexes 0
[t=0.375935s, 39428 KB] In ts_15_33 of size 30 found num new op-mutexes 0
[t=0.378607s, 39428 KB] In ts_15_41 of size 29 found num new op-mutexes 0
[t=0.380485s, 39428 KB] In ts_15_42 of size 29 found num new op-mutexes 0
[t=0.420186s, 47884 KB] In ts_15_47 of size 3712 found num new op-mutexes 0
[t=0.420293s, 47884 KB] Operator mutex finished iteration 15. Found an additional 0 operator mutexes

[t=0.421213s, 47884 KB] Next pair of indices: (16, 47)
[t=0.421246s, 47884 KB] M&S algorithm main loop timer: 0.414034s (after computation of next merge)
[t=0.448875s, 47884 KB] M&S algorithm main loop timer: 0.441692s (after merging)

[t=0.44936s, 47884 KB] Operator mutex starting iteration 16
[t=0.449505s, 47884 KB] In ts_16_17 of size 2 found num new op-mutexes 0
[t=0.449653s, 47884 KB] In ts_16_18 of size 2 found num new op-mutexes 0
[t=0.449797s, 47884 KB] In ts_16_19 of size 2 found num new op-mutexes 0
[t=0.449945s, 47884 KB] In ts_16_20 of size 2 found num new op-mutexes 0
[t=0.450085s, 47884 KB] In ts_16_21 of size 2 found num new op-mutexes 0
[t=0.450223s, 47884 KB] In ts_16_22 of size 2 found num new op-mutexes 0
[t=0.450362s, 47884 KB] In ts_16_23 of size 2 found num new op-mutexes 0
[t=0.450506s, 47884 KB] In ts_16_24 of size 2 found num new op-mutexes 0
[t=0.450643s, 47884 KB] In ts_16_25 of size 2 found num new op-mutexes 0
[t=0.452026s, 47884 KB] In ts_16_32 of size 30 found num new op-mutexes 0
[t=0.453326s, 47884 KB] In ts_16_33 of size 30 found num new op-mutexes 0
[t=0.456021s, 47884 KB] In ts_16_41 of size 29 found num new op-mutexes 0
[t=0.457939s, 47884 KB] In ts_16_42 of size 29 found num new op-mutexes 0
[t=0.458573s, 47884 KB] Operator mutex finished iteration 16. Found an additional 0 operator mutexes

[t=0.459601s, 47884 KB] Next pair of indices: (17, 48)
[t=0.459632s, 47884 KB] M&S algorithm main loop timer: 0.452419s (after computation of next merge)
[t=0.536963s, 47884 KB] M&S algorithm main loop timer: 0.529816s (after merging)

[t=0.537882s, 47884 KB] Operator mutex starting iteration 17
[t=0.538033s, 47884 KB] In ts_17_18 of size 2 found num new op-mutexes 0
[t=0.538192s, 47884 KB] In ts_17_19 of size 2 found num new op-mutexes 0
[t=0.538335s, 47884 KB] In ts_17_20 of size 2 found num new op-mutexes 0
[t=0.538481s, 47884 KB] In ts_17_21 of size 2 found num new op-mutexes 0
[t=0.538621s, 47884 KB] In ts_17_22 of size 2 found num new op-mutexes 0
[t=0.538763s, 47884 KB] In ts_17_23 of size 2 found num new op-mutexes 0
[t=0.538905s, 47884 KB] In ts_17_24 of size 2 found num new op-mutexes 0
[t=0.539042s, 47884 KB] In ts_17_25 of size 2 found num new op-mutexes 0
[t=0.540428s, 47884 KB] In ts_17_32 of size 30 found num new op-mutexes 0
[t=0.541733s, 47884 KB] In ts_17_33 of size 30 found num new op-mutexes 0
[t=0.544417s, 47884 KB] In ts_17_41 of size 29 found num new op-mutexes 0
[t=0.546306s, 47884 KB] In ts_17_42 of size 29 found num new op-mutexes 0
[t=0.548636s, 47884 KB] Operator mutex finished iteration 17. Found an additional 0 operator mutexes

[t=0.55024s, 47884 KB] Next pair of indices: (18, 49)
[t=0.550282s, 47884 KB] M&S algorithm main loop timer: 0.54307s (after computation of next merge)
[t=0.777844s, 65424 KB] M&S algorithm main loop timer: 0.770713s (after merging)

[t=0.779821s, 65424 KB] Operator mutex starting iteration 18
[t=0.779978s, 65424 KB] In ts_18_19 of size 2 found num new op-mutexes 0
[t=0.780135s, 65424 KB] In ts_18_20 of size 2 found num new op-mutexes 0
[t=0.780283s, 65424 KB] In ts_18_21 of size 2 found num new op-mutexes 0
[t=0.780425s, 65424 KB] In ts_18_22 of size 2 found num new op-mutexes 0
[t=0.780566s, 65424 KB] In ts_18_23 of size 2 found num new op-mutexes 0
[t=0.780706s, 65424 KB] In ts_18_24 of size 2 found num new op-mutexes 0
[t=0.780844s, 65424 KB] In ts_18_25 of size 2 found num new op-mutexes 0
[t=0.782214s, 65424 KB] In ts_18_32 of size 30 found num new op-mutexes 0
[t=0.783501s, 65424 KB] In ts_18_33 of size 30 found num new op-mutexes 0
[t=0.786228s, 65424 KB] In ts_18_41 of size 29 found num new op-mutexes 0
[t=0.788146s, 65424 KB] In ts_18_42 of size 29 found num new op-mutexes 0
[t=0.793058s, 67716 KB] Operator mutex finished iteration 18. Found an additional 0 operator mutexes

[t=0.796131s, 67716 KB] Next pair of indices: (19, 50)
[t=0.796185s, 67716 KB] M&S algorithm main loop timer: 0.788972s (after computation of next merge)
[t=1.08993s, 78672 KB] M&S algorithm main loop timer: 1.08279s (after shrinking)
[t=1.2494s, 78672 KB] M&S algorithm main loop timer: 1.24227s (after merging)

[t=1.25116s, 78672 KB] Operator mutex starting iteration 19
[t=1.25133s, 78672 KB] In ts_19_20 of size 2 found num new op-mutexes 0
[t=1.25148s, 78672 KB] In ts_19_21 of size 2 found num new op-mutexes 0
[t=1.25163s, 78672 KB] In ts_19_22 of size 2 found num new op-mutexes 0
[t=1.25177s, 78672 KB] In ts_19_23 of size 2 found num new op-mutexes 0
[t=1.25192s, 78672 KB] In ts_19_24 of size 2 found num new op-mutexes 0
[t=1.25205s, 78672 KB] In ts_19_25 of size 2 found num new op-mutexes 0
[t=1.25342s, 78672 KB] In ts_19_32 of size 30 found num new op-mutexes 0
[t=1.2547s, 78672 KB] In ts_19_33 of size 30 found num new op-mutexes 0
[t=1.2575s, 78672 KB] In ts_19_41 of size 29 found num new op-mutexes 0
[t=1.25944s, 78672 KB] In ts_19_42 of size 29 found num new op-mutexes 0
[t=1.26295s, 78672 KB] Operator mutex finished iteration 19. Found an additional 0 operator mutexes

[t=1.26585s, 78672 KB] Next pair of indices: (20, 51)
[t=1.2659s, 78672 KB] M&S algorithm main loop timer: 1.25869s (after computation of next merge)
[t=1.86845s, 78672 KB] M&S algorithm main loop timer: 1.8613s (after shrinking)
[t=2.20466s, 88176 KB] M&S algorithm main loop timer: 2.19752s (after merging)

[t=2.20774s, 88176 KB] Operator mutex starting iteration 20
[t=2.2079s, 88176 KB] In ts_20_21 of size 2 found num new op-mutexes 0
[t=2.20804s, 88176 KB] In ts_20_22 of size 2 found num new op-mutexes 0
[t=2.20819s, 88176 KB] In ts_20_23 of size 2 found num new op-mutexes 0
[t=2.20834s, 88176 KB] In ts_20_24 of size 2 found num new op-mutexes 0
[t=2.20848s, 88176 KB] In ts_20_25 of size 2 found num new op-mutexes 0
[t=2.20987s, 88176 KB] In ts_20_32 of size 30 found num new op-mutexes 0
[t=2.21117s, 88176 KB] In ts_20_33 of size 30 found num new op-mutexes 0
[t=2.21392s, 88176 KB] In ts_20_41 of size 29 found num new op-mutexes 0
[t=2.21583s, 88176 KB] In ts_20_42 of size 29 found num new op-mutexes 0
[t=2.22556s, 93632 KB] Operator mutex finished iteration 20. Found an additional 0 operator mutexes

[t=2.23057s, 93632 KB] Next pair of indices: (21, 52)
[t=2.23062s, 93632 KB] M&S algorithm main loop timer: 2.22341s (after computation of next merge)
[t=3.17245s, 112244 KB] M&S algorithm main loop timer: 3.16531s (after shrinking)
[t=3.48364s, 112244 KB] M&S algorithm main loop timer: 3.47652s (after merging)

[t=3.48641s, 112244 KB] Operator mutex starting iteration 21
[t=3.48658s, 112244 KB] In ts_21_22 of size 2 found num new op-mutexes 0
[t=3.48673s, 112244 KB] In ts_21_23 of size 2 found num new op-mutexes 0
[t=3.48688s, 112244 KB] In ts_21_24 of size 2 found num new op-mutexes 0
[t=3.48702s, 112244 KB] In ts_21_25 of size 2 found num new op-mutexes 0
[t=3.48842s, 112244 KB] In ts_21_32 of size 30 found num new op-mutexes 0
[t=3.48975s, 112244 KB] In ts_21_33 of size 30 found num new op-mutexes 0
[t=3.49244s, 112244 KB] In ts_21_41 of size 29 found num new op-mutexes 0
[t=3.49435s, 112244 KB] In ts_21_42 of size 29 found num new op-mutexes 0
[t=3.50125s, 112244 KB] Operator mutex finished iteration 21. Found an additional 0 operator mutexes

[t=3.50615s, 112244 KB] Next pair of indices: (22, 53)
[t=3.50622s, 112244 KB] M&S algorithm main loop timer: 3.49901s (after computation of next merge)
[t=4.33182s, 112244 KB] M&S algorithm main loop timer: 4.32471s (after shrinking)
[t=4.56306s, 112244 KB] M&S algorithm main loop timer: 4.55592s (after merging)

[t=4.56497s, 112244 KB] Operator mutex starting iteration 22
[t=4.56513s, 112244 KB] In ts_22_23 of size 2 found num new op-mutexes 0
[t=4.56528s, 112244 KB] In ts_22_24 of size 2 found num new op-mutexes 0
[t=4.56542s, 112244 KB] In ts_22_25 of size 2 found num new op-mutexes 0
[t=4.56679s, 112244 KB] In ts_22_32 of size 30 found num new op-mutexes 0
[t=4.56811s, 112244 KB] In ts_22_33 of size 30 found num new op-mutexes 0
[t=4.57093s, 112244 KB] In ts_22_41 of size 29 found num new op-mutexes 0
[t=4.57285s, 112244 KB] In ts_22_42 of size 29 found num new op-mutexes 0
[t=4.57792s, 112244 KB] Operator mutex finished iteration 22. Found an additional 0 operator mutexes

[t=4.58188s, 112244 KB] Next pair of indices: (23, 54)
[t=4.58194s, 112244 KB] M&S algorithm main loop timer: 4.57473s (after computation of next merge)
[t=5.23443s, 112244 KB] M&S algorithm main loop timer: 5.2273s (after shrinking)
[t=5.76065s, 116304 KB] M&S algorithm main loop timer: 5.75351s (after merging)

[t=5.7638s, 116304 KB] Operator mutex starting iteration 23
[t=5.76398s, 116304 KB] In ts_23_24 of size 2 found num new op-mutexes 0
[t=5.76413s, 116304 KB] In ts_23_25 of size 2 found num new op-mutexes 0
[t=5.7655s, 116304 KB] In ts_23_32 of size 30 found num new op-mutexes 0
[t=5.76679s, 116304 KB] In ts_23_33 of size 30 found num new op-mutexes 0
[t=5.76957s, 116304 KB] In ts_23_41 of size 29 found num new op-mutexes 0
[t=5.77149s, 116304 KB] In ts_23_42 of size 29 found num new op-mutexes 0
[t=5.78722s, 126000 KB] Operator mutex finished iteration 23. Found an additional 0 operator mutexes

[t=5.79447s, 126000 KB] Next pair of indices: (24, 55)
[t=5.79455s, 126000 KB] M&S algorithm main loop timer: 5.78734s (after computation of next merge)
[t=6.53373s, 152592 KB] M&S algorithm main loop timer: 6.52659s (after shrinking)
[t=6.75917s, 152592 KB] M&S algorithm main loop timer: 6.75201s (after merging)

[t=6.76072s, 152592 KB] Operator mutex starting iteration 24
[t=6.76087s, 152592 KB] In ts_24_25 of size 2 found num new op-mutexes 0
[t=6.76226s, 152592 KB] In ts_24_32 of size 30 found num new op-mutexes 0
[t=6.76355s, 152592 KB] In ts_24_33 of size 30 found num new op-mutexes 0
[t=6.76639s, 152592 KB] In ts_24_41 of size 29 found num new op-mutexes 0
[t=6.76831s, 152592 KB] In ts_24_42 of size 29 found num new op-mutexes 0
[t=6.77329s, 152592 KB] Operator mutex finished iteration 24. Found an additional 0 operator mutexes

[t=6.77715s, 152592 KB] Next pair of indices: (25, 56)
[t=6.7772s, 152592 KB] M&S algorithm main loop timer: 6.76998s (after computation of next merge)
[t=7.63357s, 152592 KB] M&S algorithm main loop timer: 7.62644s (after merging)

[t=7.63642s, 152592 KB] Operator mutex starting iteration 25
[t=7.63784s, 152592 KB] In ts_25_32 of size 30 found num new op-mutexes 0
[t=7.63914s, 152592 KB] In ts_25_33 of size 30 found num new op-mutexes 0
[t=7.64195s, 152592 KB] In ts_25_41 of size 29 found num new op-mutexes 0
[t=7.64387s, 152592 KB] In ts_25_42 of size 29 found num new op-mutexes 0
[t=7.65378s, 152592 KB] Operator mutex finished iteration 25. Found an additional 0 operator mutexes

[t=7.66081s, 152592 KB] Next pair of indices: (42, 57)
[t=7.66089s, 152592 KB] M&S algorithm main loop timer: 7.65368s (after computation of next merge)
[t=8.24832s, 152592 KB] M&S algorithm main loop timer: 8.2415s (after shrinking)
[t=8.24911s, 152592 KB] M&S algorithm main loop timer: 8.24191s (after merging)

[t=8.24916s, 152592 KB] Operator mutex starting iteration 26
[t=8.25053s, 152592 KB] In ts_26_32 of size 30 found num new op-mutexes 0
[t=8.25184s, 152592 KB] In ts_26_33 of size 30 found num new op-mutexes 0
[t=8.25462s, 152592 KB] In ts_26_41 of size 29 found num new op-mutexes 0
[t=8.25829s, 152592 KB] In ts_26_58 of size 145 found num new op-mutexes 0
[t=8.25835s, 152592 KB] Operator mutex finished iteration 26. Found an additional 0 operator mutexes

[t=8.25892s, 152592 KB] Next pair of indices: (41, 58)
[t=8.25895s, 152592 KB] M&S algorithm main loop timer: 8.25173s (after computation of next merge)
[t=8.2678s, 152592 KB] M&S algorithm main loop timer: 8.26063s (after merging)
[t=8.2716s, 152592 KB] M&S algorithm main loop timer: 8.26444s (after pruning)

[t=8.27169s, 152592 KB] Operator mutex starting iteration 27
[t=8.27299s, 152592 KB] In ts_27_32 of size 30 found num new op-mutexes 0
[t=8.27429s, 152592 KB] In ts_27_33 of size 30 found num new op-mutexes 0
[t=8.31358s, 152592 KB] In ts_27_59 of size 4175 found num new op-mutexes 0
[t=8.31373s, 152592 KB] Operator mutex finished iteration 27. Found an additional 0 operator mutexes

[t=8.31443s, 152592 KB] Next pair of indices: (40, 59)
[t=8.31446s, 152592 KB] M&S algorithm main loop timer: 8.30725s (after computation of next merge)
[t=8.36406s, 152592 KB] M&S algorithm main loop timer: 8.35697s (after shrinking)
[t=8.36799s, 152592 KB] M&S algorithm main loop timer: 8.3608s (after merging)

[t=8.36811s, 152592 KB] Operator mutex starting iteration 28
[t=8.36949s, 152592 KB] In ts_28_32 of size 30 found num new op-mutexes 0
[t=8.3708s, 152592 KB] In ts_28_33 of size 30 found num new op-mutexes 0
[t=8.39164s, 152592 KB] In ts_28_60 of size 1080 found num new op-mutexes 12384
[t=8.39178s, 152592 KB] Operator mutex finished iteration 28. Found an additional 12384 operator mutexes

[t=8.39191s, 152592 KB] Next pair of indices: (33, 60)
[t=8.39193s, 152592 KB] M&S algorithm main loop timer: 8.38472s (after computation of next merge)
[t=8.55828s, 152592 KB] M&S algorithm main loop timer: 8.55116s (after merging)

[t=8.56025s, 152592 KB] Operator mutex starting iteration 29
[t=8.56156s, 152592 KB] In ts_29_32 of size 30 found num new op-mutexes 0
[t=8.56517s, 152592 KB] Operator mutex finished iteration 29. Found an additional 0 operator mutexes

[t=8.56525s, 152592 KB] Next pair of indices: (32, 61)
[t=8.56528s, 152592 KB] M&S algorithm main loop timer: 8.55807s (after computation of next merge)
[t=8.7764s, 152592 KB] M&S algorithm main loop timer: 8.76952s (after shrinking)
[t=8.84303s, 152592 KB] M&S algorithm main loop timer: 8.83588s (after merging)

[t=8.84433s, 152592 KB] Operator mutex starting iteration 30
[t=8.84593s, 152592 KB] Operator mutex finished iteration 30. Found an additional 0 operator mutexes

[t=8.84597s, 152592 KB] End of merge-and-shrink algorithm, statistics:
[t=8.846s, 152592 KB] Main loop runtime: 8.83878s
[t=8.84602s, 152592 KB] Maximum intermediate abstraction size: 49800
[t=8.84604s, 152592 KB] Final peak memory increase of merge-and-shrink algorithm: 129704 KB
[t=8.84607s, 152592 KB] Merge-and-shrink algorithm runtime: 8.84159s

[t=8.84609s, 152592 KB] Number of labels: 540
[t=8.84611s, 152592 KB] Total number of operator mutexes: 31500
[t=8.84613s, 152592 KB] Operator Mutex total time: 0.468121s
[t=8.84618s, 152592 KB] Number of remaining factors: 1
[t=8.84628s, 152592 KB] Number of factors kept: 1
[t=8.8463s, 152592 KB] Done initializing merge-and-shrink heuristic.

[t=8.84806s, 152592 KB] Building successor generator...done!
[t=8.84841s, 152592 KB] peak memory difference for successor generator creation: 0 KB
[t=8.84843s, 152592 KB] time for successor generation creation: 0.000259813s
[t=8.84846s, 152592 KB] Variables: 32
[t=8.84848s, 152592 KB] FactPairs: 186
[t=8.8485s, 152592 KB] Bytes per state: 12
[t=8.84863s, 152592 KB] Conducting best first search with reopening closed nodes, (real) bound = 2147483647
[t=8.84869s, 152592 KB] New best heuristic value for merge_and_shrink(op_mutex = op_mutex(use_previous_ops = nelutpo, reachability_strategy = goal)): 9
[t=8.84872s, 152592 KB] g=0, 1 evaluated, 0 expanded
[t=8.84874s, 152592 KB] f = 9, 1 evaluated, 0 expanded
[t=8.84876s, 152592 KB] Initial heuristic value for merge_and_shrink(op_mutex = op_mutex(use_previous_ops = nelutpo, reachability_strategy = goal)): 9
[t=8.84878s, 152592 KB] pruning method: none
[t=8.84882s, 152592 KB] New best heuristic value for merge_and_shrink(op_mutex = op_mutex(use_previous_ops = nelutpo, reachability_strategy = goal)): 8
[t=8.84884s, 152592 KB] g=1, 6 evaluated, 1 expanded
[t=8.84888s, 152592 KB] f = 10, 14 evaluated, 2 expanded
[t=8.84899s, 152592 KB] f = 11, 46 evaluated, 14 expanded
[t=8.84911s, 152592 KB] New best heuristic value for merge_and_shrink(op_mutex = op_mutex(use_previous_ops = nelutpo, reachability_strategy = goal)): 7
[t=8.84913s, 152592 KB] g=4, 79 evaluated, 29 expanded
[t=8.8493s, 152592 KB] f = 12, 138 evaluated, 50 expanded
[t=8.8498s, 152592 KB] f = 13, 317 evaluated, 130 expanded
[t=8.84985s, 152592 KB] New best heuristic value for merge_and_shrink(op_mutex = op_mutex(use_previous_ops = nelutpo, reachability_strategy = goal)): 6
[t=8.84988s, 152592 KB] g=7, 327 evaluated, 134 expanded
[t=8.85075s, 152592 KB] f = 14, 664 evaluated, 282 expanded
[t=8.85268s, 152592 KB] f = 15, 1403 evaluated, 592 expanded
[t=8.8528s, 152592 KB] New best heuristic value for merge_and_shrink(op_mutex = op_mutex(use_previous_ops = nelutpo, reachability_strategy = goal)): 5
[t=8.85283s, 152592 KB] g=10, 1438 evaluated, 606 expanded
[t=8.8564s, 152592 KB] f = 16, 2696 evaluated, 1225 expanded
[t=8.86356s, 152592 KB] f = 17, 5327 evaluated, 2410 expanded
[t=8.87719s, 152592 KB] f = 18, 10216 evaluated, 4822 expanded
[t=8.90364s, 152592 KB] f = 19, 19635 evaluated, 9438 expanded
[t=8.95387s, 152592 KB] f = 20, 36726 evaluated, 18153 expanded
[t=9.0472s, 152592 KB] f = 21, 67762 evaluated, 34039 expanded
[t=9.04785s, 152592 KB] New best heuristic value for merge_and_shrink(op_mutex = op_mutex(use_previous_ops = nelutpo, reachability_strategy = goal)): 4
[t=9.04788s, 152592 KB] g=17, 67918 evaluated, 34143 expanded
[t=9.22219s, 152592 KB] f = 22, 123775 evaluated, 62770 expanded
[t=9.53701s, 152592 KB] f = 23, 224560 evaluated, 114561 expanded
[t=10.1371s, 152592 KB] f = 24, 404374 evaluated, 207302 expanded
[t=11.2502s, 152592 KB] f = 25, 719133 evaluated, 373126 expanded
[t=13.2345s, 152592 KB] f = 26, 1260237 evaluated, 661252 expanded
[t=16.707s, 152592 KB] f = 27, 2173990 evaluated, 1156399 expanded
[t=16.7151s, 152592 KB] New best heuristic value for merge_and_shrink(op_mutex = op_mutex(use_previous_ops = nelutpo, reachability_strategy = goal)): 3
[t=16.7151s, 152592 KB] g=24, 2176340 evaluated, 1157614 expanded
[t=16.7152s, 152592 KB] New best heuristic value for merge_and_shrink(op_mutex = op_mutex(use_previous_ops = nelutpo, reachability_strategy = goal)): 2
[t=16.7152s, 152592 KB] g=25, 2176348 evaluated, 1157615 expanded
[t=22.6822s, 237696 KB] f = 28, 3703309 evaluated, 1991255 expanded
[t=32.4719s, 297908 KB] f = 29, 6219988 evaluated, 3388246 expanded
[t=49.0521s, 498444 KB] f = 30, 10280394 evaluated, 5682150 expanded
[t=49.0523s, 498444 KB] New best heuristic value for merge_and_shrink(op_mutex = op_mutex(use_previous_ops = nelutpo, reachability_strategy = goal)): 1
[t=49.0523s, 498444 KB] g=29, 10280414 evaluated, 5682163 expanded
[t=49.0524s, 498444 KB] New best heuristic value for merge_and_shrink(op_mutex = op_mutex(use_previous_ops = nelutpo, reachability_strategy = goal)): 0
[t=49.0524s, 498444 KB] g=30, 10280420 evaluated, 5682164 expanded
[t=49.0524s, 498444 KB] Solution found!
[t=49.0525s, 498444 KB] Actual search time: 40.2037s
lift hoist1 crate2 pallet1 distributor0 (1)
lift hoist2 crate6 crate5 distributor1 (1)
load hoist2 crate6 truck1 distributor1 (1)
drive truck1 distributor1 distributor0 (1)
load hoist1 crate2 truck1 distributor0 (1)
unload hoist1 crate6 truck1 distributor0 (1)
drop hoist1 crate6 pallet1 distributor0 (1)
unload hoist1 crate2 truck1 distributor0 (1)
drive truck1 distributor0 depot0 (1)
lift hoist0 crate7 crate4 depot0 (1)
load hoist0 crate7 truck1 depot0 (1)
lift hoist0 crate4 crate1 depot0 (1)
load hoist0 crate4 truck1 depot0 (1)
lift hoist0 crate1 crate0 depot0 (1)
load hoist0 crate1 truck1 depot0 (1)
lift hoist0 crate0 pallet0 depot0 (1)
load hoist0 crate0 truck1 depot0 (1)
unload hoist0 crate7 truck1 depot0 (1)
drop hoist0 crate7 pallet0 depot0 (1)
unload hoist0 crate4 truck1 depot0 (1)
drop hoist1 crate2 crate6 distributor0 (1)
lift hoist2 crate5 crate3 distributor1 (1)
drop hoist0 crate4 crate7 depot0 (1)
unload hoist0 crate0 truck1 depot0 (1)
drop hoist0 crate0 crate4 depot0 (1)
load hoist2 crate5 truck0 distributor1 (1)
lift hoist2 crate3 pallet2 distributor1 (1)
load hoist2 crate3 truck0 distributor1 (1)
unload hoist2 crate5 truck0 distributor1 (1)
drop hoist2 crate5 pallet2 distributor1 (1)
[t=49.0525s, 498444 KB] Plan length: 30 step(s).
[t=49.0525s, 498444 KB] Plan cost: 30
[t=49.0525s, 498444 KB] Expanded 5682165 state(s).
[t=49.0525s, 498444 KB] Reopened 0 state(s).
[t=49.0525s, 498444 KB] Evaluated 10280422 state(s).
[t=49.0525s, 498444 KB] Evaluations: 10280422
[t=49.0525s, 498444 KB] Generated 50695364 state(s).
[t=49.0525s, 498444 KB] Dead ends: 0 state(s).
[t=49.0525s, 498444 KB] Expanded until last jump: 5682150 state(s).
[t=49.0525s, 498444 KB] Reopened until last jump: 0 state(s).
[t=49.0525s, 498444 KB] Evaluated until last jump: 10280394 state(s).
[t=49.0525s, 498444 KB] Generated until last jump: 50695252 state(s).
[t=49.0525s, 498444 KB] Number of registered states: 10280422
[t=49.0525s, 498444 KB] Int hash set load factor: 10280422/16777216 = 0.612761
[t=49.0525s, 498444 KB] Int hash set resizes: 24
[t=49.0525s, 498444 KB] Search time: 40.2039s
[t=49.0525s, 498444 KB] Total time: 49.0525s
Solution found.
Peak memory: 498444 KB
Remove intermediate file output.sas
search exit code: 0

INFO     Running validate.
INFO     validate stdin: None
INFO     validate time limit: None
INFO     validate memory limit: None
INFO     validate command line string: validate domain.pddl problem.pddl sas_plan
Checking plan: sas_plan
Plan executed successfully - checking goal
Plan valid
Final value: 30 

Successful plans:
Value: 30
 sas_plan 30 

validate exit code: 0

