INFO     Running translator.
INFO     translator stdin: None
INFO     translator time limit: 599.97s
INFO     translator memory limit: 7000 MB
INFO     translator command line string: /usr/bin/python3 /user/student.aau.dk/lkar18/downward-projects/downward/experiments/nopo_vs_nasutpo_195p/data/nopo_vs_nasutpo/code-94571df14dfaf5b06207d9589b12facdd93f580c_e5e41175/builds/release/bin/translate/translate.py domain.pddl problem.pddl --sas-file output.sas
Parsing...
Parsing: [0.000s CPU, 0.004s wall-clock]
Normalizing task... [0.000s CPU, 0.000s wall-clock]
Instantiating...
Generating Datalog program... [0.000s CPU, 0.001s wall-clock]
Normalizing Datalog program...
Normalizing Datalog program: [0.010s CPU, 0.005s wall-clock]
Preparing model... [0.000s CPU, 0.003s wall-clock]
Generated 125 rules.
Computing model... [0.040s CPU, 0.029s wall-clock]
1352 relevant atoms
1176 auxiliary atoms
2528 final queue length
5985 total queue pushes
Completing instantiation... [0.050s CPU, 0.057s wall-clock]
Instantiating: [0.100s CPU, 0.096s wall-clock]
Computing fact groups...
Finding invariants...
15 initial candidates
Finding invariants: [0.020s CPU, 0.016s wall-clock]
Checking invariant weight... [0.000s CPU, 0.001s wall-clock]
Instantiating groups... [0.000s CPU, 0.002s wall-clock]
Collecting mutex groups... [0.000s CPU, 0.000s wall-clock]
Choosing groups...
11 uncovered facts
Choosing groups: [0.000s CPU, 0.001s wall-clock]
Building translation key... [0.000s CPU, 0.000s wall-clock]
Computing fact groups: [0.020s CPU, 0.020s wall-clock]
Building STRIPS to SAS dictionary... [0.000s CPU, 0.000s wall-clock]
Building dictionary for full mutex groups... [0.000s CPU, 0.000s wall-clock]
Building mutex information...
not in strips_to_sas, left out: Atom bottomcol(club0)
not in strips_to_sas, left out: Atom bottomcol(diamond0)
not in strips_to_sas, left out: Atom bottomcol(heart0)
not in strips_to_sas, left out: Atom bottomcol(spade0)
Building mutex information: [0.000s CPU, 0.000s wall-clock]
Translating task...
Processing axioms...
Simplifying axioms... [0.000s CPU, 0.000s wall-clock]
Translator axioms removed by simplifying: 0
Computing negative axioms... [0.000s CPU, 0.000s wall-clock]
Processing axioms: [0.000s CPU, 0.003s wall-clock]
Translating task: [0.060s CPU, 0.062s wall-clock]
440 effect conditions simplified
0 implied preconditions added
Detecting unreachable propositions...
0 operators removed
0 axioms removed
12 propositions removed
Detecting unreachable propositions: [0.030s CPU, 0.033s wall-clock]
Reordering and filtering variables...
30 of 30 variables necessary.
36 of 50 mutex groups necessary.
1143 of 1143 operators necessary.
0 of 0 axiom rules necessary.
Reordering and filtering variables: [0.010s CPU, 0.011s wall-clock]
Translator variables: 30
Translator derived variables: 0
Translator facts: 112
Translator goal facts: 4
Translator mutex groups: 36
Translator total mutex groups size: 150
Translator operators: 1143
Translator axioms: 0
Translator task size: 9485
Translator peak memory: 48180 KB
Writing output... [0.010s CPU, 0.016s wall-clock]
Done! [0.250s CPU, 0.247s wall-clock]
translate exit code: 0

INFO     Running search (release).
INFO     search stdin: output.sas
INFO     search time limit: 599.67s
INFO     search memory limit: 7000 MB
INFO     search command line string: /user/student.aau.dk/lkar18/downward-projects/downward/experiments/nopo_vs_nasutpo_195p/data/nopo_vs_nasutpo/code-94571df14dfaf5b06207d9589b12facdd93f580c_e5e41175/builds/release/bin/downward --search 'astar(merge_and_shrink(op_mutex=op_mutex(use_previous_ops=NaSUTPO, reachability_strategy=goal), merge_strategy=merge_sccs(order_of_sccs=topological, merge_tree=linear()), shrink_strategy=shrink_bisimulation(greedy=false, at_limit=RETURN)))' --internal-plan-file sas_plan < output.sas
[t=5.49e-05s, 22344 KB] reading input...
[t=0.00503234s, 22732 KB] done reading input!
[t=0.00646626s, 22996 KB] Initializing merge-and-shrink heuristic...
[t=0.00654103s, 22996 KB] Running merge-and-shrink algorithm...
[t=0.00656229s, 22996 KB] Merge strategy options:
[t=0.00658367s, 22996 KB] Type: sccs
[t=0.00660398s, 22996 KB] Merge order of sccs: topological
[t=0.00662385s, 22996 KB] Merge strategy for merging within sccs: 
[t=0.006644s, 22996 KB] Merge tree options: 
[t=0.00666404s, 22996 KB] Type: linear
[t=0.00668374s, 22996 KB] Update option: use random
[t=0.0067036s, 22996 KB] Variable order type: CG/GOAL, tie breaking on level (main)

[t=0.00672573s, 22996 KB] Options related to size limits and shrinking: 
[t=0.00674637s, 22996 KB] Transition system size limit: 50000
[t=0.00676603s, 22996 KB] Transition system size limit right before merge: 50000
[t=0.00678538s, 22996 KB] Threshold to trigger shrinking right before merge: 1

[t=0.00681585s, 22996 KB] Pruning unreachable states: yes
[t=0.00683657s, 22996 KB] Pruning irrelevant states: yes

[t=0.00685793s, 22996 KB] Label reduction disabled

[t=0.00688003s, 22996 KB] Main loop max time in seconds: inf

[t=0.00690515s, 22996 KB] ===============================================================================
[t=0.0069259s, 22996 KB] WARNING! You did not enable label reduction.
This may drastically reduce the performance of merge-and-shrink!
[t=0.00694671s, 22996 KB] ===============================================================================

[t=0.00696942s, 22996 KB] Building atomic transition systems... 
[t=0.0107582s, 29296 KB] M&S algorithm timer: 0.00425959s (after computation of atomic factors)

[t=0.0108189s, 29296 KB] Starting main loop without a time limit.
[t=0.0108473s, 29296 KB] building causal graph...done! [t=0.00118407s]
[t=0.0120707s, 29296 KB] SCCs of the causal graph:
[t=0.0121232s, 29296 KB] [0, 16, 17, 18, 1, 14, 3, 10, 13, 11, 24, 2, 8, 9, 7, 20, 5, 21, 6, 23, 22, 15, 12, 25, 4, 29, 19, 27, 26, 28]
[t=0.0121494s, 29296 KB] Only one single SCC
[t=0.0121836s, 29296 KB] Next pair of indices: (29, 28)
[t=0.0122069s, 29296 KB] M&S algorithm main loop timer: 0.00140698s (after computation of next merge)
[t=0.0123786s, 29296 KB] M&S algorithm main loop timer: 0.00158435s (after merging)

[t=0.0124141s, 29296 KB] Operator mutex starting iteration 0


[t=0.0127174s, 29296 KB] In ts_0_0 of size 2 found num new op-mutexes 144


[t=0.0129622s, 29296 KB] In ts_0_1 of size 2 found num new op-mutexes 144


[t=0.0132077s, 29296 KB] In ts_0_2 of size 2 found num new op-mutexes 144


[t=0.0134501s, 29296 KB] In ts_0_3 of size 2 found num new op-mutexes 169


[t=0.0136977s, 29296 KB] In ts_0_4 of size 2 found num new op-mutexes 0


[t=0.0139421s, 29296 KB] In ts_0_5 of size 2 found num new op-mutexes 0


[t=0.0141957s, 29296 KB] In ts_0_6 of size 2 found num new op-mutexes 0


[t=0.0144377s, 29296 KB] In ts_0_7 of size 2 found num new op-mutexes 0


[t=0.0146875s, 29296 KB] In ts_0_8 of size 2 found num new op-mutexes 0


[t=0.0151263s, 29296 KB] In ts_0_9 of size 5 found num new op-mutexes 290


[t=0.0154589s, 29296 KB] In ts_0_10 of size 2 found num new op-mutexes 0


[t=0.0157105s, 29296 KB] In ts_0_11 of size 2 found num new op-mutexes 0


[t=0.0159558s, 29296 KB] In ts_0_12 of size 2 found num new op-mutexes 0


[t=0.0165434s, 29296 KB] In ts_0_13 of size 5 found num new op-mutexes 168


[t=0.0168221s, 29296 KB] In ts_0_14 of size 2 found num new op-mutexes 0


[t=0.0174748s, 29296 KB] In ts_0_15 of size 5 found num new op-mutexes 0


[t=0.0178027s, 29296 KB] In ts_0_16 of size 3 found num new op-mutexes 144


[t=0.018462s, 29296 KB] In ts_0_17 of size 5 found num new op-mutexes 0


[t=0.0189594s, 29296 KB] In ts_0_18 of size 6 found num new op-mutexes 244


[t=0.0192308s, 29296 KB] In ts_0_19 of size 2 found num new op-mutexes 0


[t=0.0198068s, 29448 KB] In ts_0_20 of size 7 found num new op-mutexes 385


[t=0.0203366s, 29448 KB] In ts_0_21 of size 7 found num new op-mutexes 385


[t=0.0206154s, 29448 KB] In ts_0_22 of size 2 found num new op-mutexes 0


[t=0.0214092s, 29448 KB] In ts_0_23 of size 6 found num new op-mutexes 0


[t=0.0218466s, 29448 KB] In ts_0_24 of size 6 found num new op-mutexes 0


[t=0.022286s, 29448 KB] In ts_0_25 of size 6 found num new op-mutexes 0


[t=0.0227159s, 29448 KB] In ts_0_26 of size 5 found num new op-mutexes 0


[t=0.0231826s, 29448 KB] In ts_0_27 of size 5 found num new op-mutexes 120


[t=0.0239771s, 29448 KB] In ts_0_30 of size 30 found num new op-mutexes 168
[t=0.0240295s, 29448 KB] Operator mutex finished iteration 0. Found an additional 2505 operator mutexes

[t=0.024062s, 29448 KB] Next pair of indices: (30, 27)
[t=0.0240849s, 29448 KB] M&S algorithm main loop timer: 0.0132846s (after computation of next merge)
[t=0.0243576s, 29448 KB] M&S algorithm main loop timer: 0.0135685s (after merging)

[t=0.0244063s, 29448 KB] Operator mutex starting iteration 1


[t=0.024639s, 29448 KB] In ts_1_0 of size 2 found num new op-mutexes 0


[t=0.0248821s, 29448 KB] In ts_1_1 of size 2 found num new op-mutexes 0


[t=0.0251261s, 29448 KB] In ts_1_2 of size 2 found num new op-mutexes 0


[t=0.0253684s, 29448 KB] In ts_1_3 of size 2 found num new op-mutexes 0


[t=0.0256278s, 29448 KB] In ts_1_4 of size 2 found num new op-mutexes 0


[t=0.0258796s, 29448 KB] In ts_1_5 of size 2 found num new op-mutexes 0


[t=0.0261295s, 29448 KB] In ts_1_6 of size 2 found num new op-mutexes 0


[t=0.0263924s, 29448 KB] In ts_1_7 of size 2 found num new op-mutexes 0


[t=0.0266978s, 29448 KB] In ts_1_8 of size 2 found num new op-mutexes 0


[t=0.0271303s, 29448 KB] In ts_1_9 of size 5 found num new op-mutexes 0


[t=0.0274121s, 29448 KB] In ts_1_10 of size 2 found num new op-mutexes 0


[t=0.0276893s, 29448 KB] In ts_1_11 of size 2 found num new op-mutexes 0


[t=0.0279512s, 29448 KB] In ts_1_12 of size 2 found num new op-mutexes 0


[t=0.028551s, 29448 KB] In ts_1_13 of size 5 found num new op-mutexes 0


[t=0.0288483s, 29448 KB] In ts_1_14 of size 2 found num new op-mutexes 0


[t=0.029488s, 29448 KB] In ts_1_15 of size 5 found num new op-mutexes 0


[t=0.0298118s, 29448 KB] In ts_1_16 of size 3 found num new op-mutexes 0


[t=0.030495s, 29448 KB] In ts_1_17 of size 5 found num new op-mutexes 0


[t=0.0309847s, 29448 KB] In ts_1_18 of size 6 found num new op-mutexes 0


[t=0.0312512s, 29448 KB] In ts_1_19 of size 2 found num new op-mutexes 0


[t=0.0317682s, 29448 KB] In ts_1_20 of size 7 found num new op-mutexes 0


[t=0.0322866s, 29448 KB] In ts_1_21 of size 7 found num new op-mutexes 0


[t=0.0325671s, 29448 KB] In ts_1_22 of size 2 found num new op-mutexes 0


[t=0.033352s, 29448 KB] In ts_1_23 of size 6 found num new op-mutexes 0


[t=0.0337922s, 29448 KB] In ts_1_24 of size 6 found num new op-mutexes 0


[t=0.0342323s, 29448 KB] In ts_1_25 of size 6 found num new op-mutexes 0


[t=0.0346719s, 29448 KB] In ts_1_26 of size 5 found num new op-mutexes 0


[t=0.0361041s, 29448 KB] In ts_1_31 of size 150 found num new op-mutexes 0
[t=0.0361599s, 29448 KB] Operator mutex finished iteration 1. Found an additional 0 operator mutexes

[t=0.0361926s, 29448 KB] Next pair of indices: (31, 26)
[t=0.0362154s, 29448 KB] M&S algorithm main loop timer: 0.025415s (after computation of next merge)
[t=0.0369687s, 29448 KB] M&S algorithm main loop timer: 0.0262172s (after merging)

[t=0.0371392s, 29448 KB] Operator mutex starting iteration 2


[t=0.0375737s, 29448 KB] In ts_2_0 of size 2 found num new op-mutexes 0


[t=0.03791s, 29448 KB] In ts_2_1 of size 2 found num new op-mutexes 0


[t=0.0381598s, 29448 KB] In ts_2_2 of size 2 found num new op-mutexes 0


[t=0.0384108s, 29448 KB] In ts_2_3 of size 2 found num new op-mutexes 0


[t=0.0386614s, 29448 KB] In ts_2_4 of size 2 found num new op-mutexes 0


[t=0.0389102s, 29448 KB] In ts_2_5 of size 2 found num new op-mutexes 0


[t=0.0391582s, 29448 KB] In ts_2_6 of size 2 found num new op-mutexes 0


[t=0.0394055s, 29448 KB] In ts_2_7 of size 2 found num new op-mutexes 0


[t=0.0396598s, 29448 KB] In ts_2_8 of size 2 found num new op-mutexes 0


[t=0.0400822s, 29448 KB] In ts_2_9 of size 5 found num new op-mutexes 0


[t=0.040362s, 29448 KB] In ts_2_10 of size 2 found num new op-mutexes 0


[t=0.0406233s, 29448 KB] In ts_2_11 of size 2 found num new op-mutexes 0


[t=0.0408725s, 29448 KB] In ts_2_12 of size 2 found num new op-mutexes 0


[t=0.0414818s, 29448 KB] In ts_2_13 of size 5 found num new op-mutexes 0


[t=0.0417656s, 29448 KB] In ts_2_14 of size 2 found num new op-mutexes 0


[t=0.0424081s, 29448 KB] In ts_2_15 of size 5 found num new op-mutexes 0


[t=0.0427381s, 29448 KB] In ts_2_16 of size 3 found num new op-mutexes 0


[t=0.043376s, 29448 KB] In ts_2_17 of size 5 found num new op-mutexes 0


[t=0.0438601s, 29448 KB] In ts_2_18 of size 6 found num new op-mutexes 0


[t=0.0441158s, 29448 KB] In ts_2_19 of size 2 found num new op-mutexes 0


[t=0.0446434s, 29448 KB] In ts_2_20 of size 7 found num new op-mutexes 0


[t=0.0451627s, 29448 KB] In ts_2_21 of size 7 found num new op-mutexes 0


[t=0.0454635s, 29448 KB] In ts_2_22 of size 2 found num new op-mutexes 0


[t=0.0462496s, 29448 KB] In ts_2_23 of size 6 found num new op-mutexes 0


[t=0.0467076s, 29448 KB] In ts_2_24 of size 6 found num new op-mutexes 0


[t=0.047149s, 29448 KB] In ts_2_25 of size 6 found num new op-mutexes 0


[t=0.0508036s, 29604 KB] In ts_2_32 of size 750 found num new op-mutexes 0
[t=0.050869s, 29604 KB] Operator mutex finished iteration 2. Found an additional 0 operator mutexes

[t=0.0509033s, 29604 KB] Next pair of indices: (32, 25)
[t=0.0509272s, 29604 KB] M&S algorithm main loop timer: 0.0401277s (after computation of next merge)
[t=0.0566619s, 29752 KB] M&S algorithm main loop timer: 0.0458909s (after merging)

[t=0.0569567s, 29752 KB] Operator mutex starting iteration 3


[t=0.0572452s, 29932 KB] In ts_3_0 of size 2 found num new op-mutexes 0


[t=0.0575156s, 30004 KB] In ts_3_1 of size 2 found num new op-mutexes 0


[t=0.0577754s, 30004 KB] In ts_3_2 of size 2 found num new op-mutexes 0


[t=0.0580357s, 30004 KB] In ts_3_3 of size 2 found num new op-mutexes 0


[t=0.0583063s, 30004 KB] In ts_3_4 of size 2 found num new op-mutexes 0


[t=0.0585734s, 30004 KB] In ts_3_5 of size 2 found num new op-mutexes 0


[t=0.0588482s, 30004 KB] In ts_3_6 of size 2 found num new op-mutexes 0


[t=0.059125s, 30004 KB] In ts_3_7 of size 2 found num new op-mutexes 0


[t=0.0593922s, 30004 KB] In ts_3_8 of size 2 found num new op-mutexes 0


[t=0.0598438s, 30004 KB] In ts_3_9 of size 5 found num new op-mutexes 0


[t=0.0601406s, 30004 KB] In ts_3_10 of size 2 found num new op-mutexes 0


[t=0.060419s, 30004 KB] In ts_3_11 of size 2 found num new op-mutexes 0


[t=0.0607076s, 30004 KB] In ts_3_12 of size 2 found num new op-mutexes 0


[t=0.0613205s, 30004 KB] In ts_3_13 of size 5 found num new op-mutexes 0


[t=0.0616384s, 30004 KB] In ts_3_14 of size 2 found num new op-mutexes 0


[t=0.0622951s, 30004 KB] In ts_3_15 of size 5 found num new op-mutexes 0


[t=0.0626441s, 30004 KB] In ts_3_16 of size 3 found num new op-mutexes 0


[t=0.0632969s, 30004 KB] In ts_3_17 of size 5 found num new op-mutexes 0


[t=0.0638094s, 30004 KB] In ts_3_18 of size 6 found num new op-mutexes 0


[t=0.0640904s, 30004 KB] In ts_3_19 of size 2 found num new op-mutexes 0


[t=0.0646463s, 30004 KB] In ts_3_20 of size 7 found num new op-mutexes 0


[t=0.0651801s, 30004 KB] In ts_3_21 of size 7 found num new op-mutexes 0


[t=0.0654994s, 30004 KB] In ts_3_22 of size 2 found num new op-mutexes 0


[t=0.0662958s, 30004 KB] In ts_3_23 of size 6 found num new op-mutexes 0


[t=0.0667517s, 30004 KB] In ts_3_24 of size 6 found num new op-mutexes 0


[t=0.0990915s, 36852 KB] In ts_3_33 of size 4500 found num new op-mutexes 0
[t=0.0991925s, 36852 KB] Operator mutex finished iteration 3. Found an additional 0 operator mutexes

[t=0.09923s, 36852 KB] Next pair of indices: (33, 24)
[t=0.0992537s, 36852 KB] M&S algorithm main loop timer: 0.0884537s (after computation of next merge)
[t=0.153086s, 38264 KB] M&S algorithm main loop timer: 0.142321s (after merging)

[t=0.154592s, 38264 KB] Operator mutex starting iteration 4


[t=0.154842s, 38264 KB] In ts_4_0 of size 2 found num new op-mutexes 0


[t=0.155121s, 38264 KB] In ts_4_1 of size 2 found num new op-mutexes 0


[t=0.155376s, 38264 KB] In ts_4_2 of size 2 found num new op-mutexes 0


[t=0.155621s, 38264 KB] In ts_4_3 of size 2 found num new op-mutexes 0


[t=0.155885s, 38264 KB] In ts_4_4 of size 2 found num new op-mutexes 0


[t=0.156133s, 38264 KB] In ts_4_5 of size 2 found num new op-mutexes 0


[t=0.156382s, 38264 KB] In ts_4_6 of size 2 found num new op-mutexes 0


[t=0.156641s, 38264 KB] In ts_4_7 of size 2 found num new op-mutexes 0


[t=0.156887s, 38264 KB] In ts_4_8 of size 2 found num new op-mutexes 0


[t=0.157313s, 38264 KB] In ts_4_9 of size 5 found num new op-mutexes 0


[t=0.15759s, 38264 KB] In ts_4_10 of size 2 found num new op-mutexes 0


[t=0.157852s, 38264 KB] In ts_4_11 of size 2 found num new op-mutexes 0


[t=0.158099s, 38264 KB] In ts_4_12 of size 2 found num new op-mutexes 0


[t=0.158693s, 38264 KB] In ts_4_13 of size 5 found num new op-mutexes 0


[t=0.158972s, 38264 KB] In ts_4_14 of size 2 found num new op-mutexes 0


[t=0.159621s, 38264 KB] In ts_4_15 of size 5 found num new op-mutexes 0


[t=0.159945s, 38264 KB] In ts_4_16 of size 3 found num new op-mutexes 0


[t=0.16059s, 38264 KB] In ts_4_17 of size 5 found num new op-mutexes 0


[t=0.161072s, 38264 KB] In ts_4_18 of size 6 found num new op-mutexes 0


[t=0.161331s, 38264 KB] In ts_4_19 of size 2 found num new op-mutexes 0


[t=0.161851s, 38264 KB] In ts_4_20 of size 7 found num new op-mutexes 0


[t=0.162356s, 38264 KB] In ts_4_21 of size 7 found num new op-mutexes 0


[t=0.162633s, 38264 KB] In ts_4_22 of size 2 found num new op-mutexes 0


[t=0.163415s, 38264 KB] In ts_4_23 of size 6 found num new op-mutexes 0
[t=0.164728s, 38396 KB] Operator mutex finished iteration 4. Found an additional 0 operator mutexes

[t=0.164773s, 38396 KB] Next pair of indices: (34, 23)
[t=0.164797s, 38396 KB] M&S algorithm main loop timer: 0.153997s (after computation of next merge)
[t=0.233102s, 42180 KB] M&S algorithm main loop timer: 0.222562s (after shrinking)
[t=0.276083s, 42180 KB] M&S algorithm main loop timer: 0.265348s (after merging)
[t=0.289507s, 42180 KB] M&S algorithm main loop timer: 0.278762s (after pruning)

[t=0.289594s, 42180 KB] Operator mutex starting iteration 5


[t=0.289859s, 42180 KB] In ts_5_0 of size 2 found num new op-mutexes 0


[t=0.290128s, 42180 KB] In ts_5_1 of size 2 found num new op-mutexes 0


[t=0.290393s, 42180 KB] In ts_5_2 of size 2 found num new op-mutexes 0


[t=0.290644s, 42180 KB] In ts_5_3 of size 2 found num new op-mutexes 0


[t=0.290925s, 42180 KB] In ts_5_4 of size 2 found num new op-mutexes 0


[t=0.291189s, 42180 KB] In ts_5_5 of size 2 found num new op-mutexes 0


[t=0.291454s, 42180 KB] In ts_5_6 of size 2 found num new op-mutexes 0


[t=0.291718s, 42180 KB] In ts_5_7 of size 2 found num new op-mutexes 0


[t=0.291996s, 42180 KB] In ts_5_8 of size 2 found num new op-mutexes 0


[t=0.292441s, 42180 KB] In ts_5_9 of size 5 found num new op-mutexes 0


[t=0.292734s, 42180 KB] In ts_5_10 of size 2 found num new op-mutexes 0


[t=0.29301s, 42180 KB] In ts_5_11 of size 2 found num new op-mutexes 0


[t=0.293265s, 42180 KB] In ts_5_12 of size 2 found num new op-mutexes 0


[t=0.293885s, 42180 KB] In ts_5_13 of size 5 found num new op-mutexes 0


[t=0.294192s, 42180 KB] In ts_5_14 of size 2 found num new op-mutexes 0


[t=0.29485s, 42180 KB] In ts_5_15 of size 5 found num new op-mutexes 0


[t=0.295176s, 42180 KB] In ts_5_16 of size 3 found num new op-mutexes 0


[t=0.295821s, 42180 KB] In ts_5_17 of size 5 found num new op-mutexes 0


[t=0.296306s, 42180 KB] In ts_5_18 of size 6 found num new op-mutexes 0


[t=0.296579s, 42180 KB] In ts_5_19 of size 2 found num new op-mutexes 0


[t=0.297099s, 42180 KB] In ts_5_20 of size 7 found num new op-mutexes 0


[t=0.297611s, 42180 KB] In ts_5_21 of size 7 found num new op-mutexes 0


[t=0.297909s, 42180 KB] In ts_5_22 of size 2 found num new op-mutexes 0
[t=0.299045s, 42180 KB] Operator mutex finished iteration 5. Found an additional 0 operator mutexes

[t=0.299089s, 42180 KB] Next pair of indices: (35, 22)
[t=0.299113s, 42180 KB] M&S algorithm main loop timer: 0.288313s (after computation of next merge)
[t=0.607957s, 42180 KB] M&S algorithm main loop timer: 0.597223s (after shrinking)
[t=0.730032s, 48548 KB] M&S algorithm main loop timer: 0.719312s (after merging)

[t=0.732803s, 48548 KB] Operator mutex starting iteration 6


[t=0.73308s, 48548 KB] In ts_6_0 of size 2 found num new op-mutexes 0


[t=0.733364s, 48548 KB] In ts_6_1 of size 2 found num new op-mutexes 0


[t=0.733615s, 48548 KB] In ts_6_2 of size 2 found num new op-mutexes 0


[t=0.733863s, 48548 KB] In ts_6_3 of size 2 found num new op-mutexes 0


[t=0.734132s, 48548 KB] In ts_6_4 of size 2 found num new op-mutexes 0


[t=0.734392s, 48548 KB] In ts_6_5 of size 2 found num new op-mutexes 0


[t=0.734638s, 48548 KB] In ts_6_6 of size 2 found num new op-mutexes 0


[t=0.734882s, 48548 KB] In ts_6_7 of size 2 found num new op-mutexes 0


[t=0.735129s, 48548 KB] In ts_6_8 of size 2 found num new op-mutexes 0


[t=0.735557s, 48548 KB] In ts_6_9 of size 5 found num new op-mutexes 0


[t=0.735836s, 48548 KB] In ts_6_10 of size 2 found num new op-mutexes 0


[t=0.736093s, 48548 KB] In ts_6_11 of size 2 found num new op-mutexes 0


[t=0.736342s, 48548 KB] In ts_6_12 of size 2 found num new op-mutexes 0


[t=0.736939s, 48548 KB] In ts_6_13 of size 5 found num new op-mutexes 0


[t=0.73723s, 48548 KB] In ts_6_14 of size 2 found num new op-mutexes 0


[t=0.737874s, 48548 KB] In ts_6_15 of size 5 found num new op-mutexes 0


[t=0.7382s, 48548 KB] In ts_6_16 of size 3 found num new op-mutexes 0


[t=0.738838s, 48548 KB] In ts_6_17 of size 5 found num new op-mutexes 0


[t=0.739329s, 48548 KB] In ts_6_18 of size 6 found num new op-mutexes 0


[t=0.739582s, 48548 KB] In ts_6_19 of size 2 found num new op-mutexes 0


[t=0.7401s, 48548 KB] In ts_6_20 of size 7 found num new op-mutexes 0


[t=0.740608s, 48548 KB] In ts_6_21 of size 7 found num new op-mutexes 0
[t=0.742985s, 48548 KB] Operator mutex finished iteration 6. Found an additional 0 operator mutexes

[t=0.743053s, 48548 KB] Next pair of indices: (36, 21)
[t=0.743078s, 48548 KB] M&S algorithm main loop timer: 0.732278s (after computation of next merge)
[t=0.883393s, 56408 KB] M&S algorithm main loop timer: 0.873017s (after shrinking)
[t=0.986531s, 56408 KB] M&S algorithm main loop timer: 0.975765s (after merging)
[t=1.01554s, 56408 KB] M&S algorithm main loop timer: 1.00481s (after pruning)

[t=1.01564s, 56408 KB] Operator mutex starting iteration 7


[t=1.01593s, 56408 KB] In ts_7_0 of size 2 found num new op-mutexes 0


[t=1.0162s, 56408 KB] In ts_7_1 of size 2 found num new op-mutexes 0


[t=1.01645s, 56408 KB] In ts_7_2 of size 2 found num new op-mutexes 0


[t=1.01672s, 56408 KB] In ts_7_3 of size 2 found num new op-mutexes 0


[t=1.01699s, 56408 KB] In ts_7_4 of size 2 found num new op-mutexes 0


[t=1.01725s, 56408 KB] In ts_7_5 of size 2 found num new op-mutexes 0


[t=1.01751s, 56408 KB] In ts_7_6 of size 2 found num new op-mutexes 0


[t=1.01776s, 56408 KB] In ts_7_7 of size 2 found num new op-mutexes 0


[t=1.01804s, 56408 KB] In ts_7_8 of size 2 found num new op-mutexes 0


[t=1.01848s, 56408 KB] In ts_7_9 of size 5 found num new op-mutexes 0


[t=1.01877s, 56408 KB] In ts_7_10 of size 2 found num new op-mutexes 0


[t=1.01904s, 56408 KB] In ts_7_11 of size 2 found num new op-mutexes 0


[t=1.0193s, 56408 KB] In ts_7_12 of size 2 found num new op-mutexes 0


[t=1.0199s, 56408 KB] In ts_7_13 of size 5 found num new op-mutexes 0


[t=1.02019s, 56408 KB] In ts_7_14 of size 2 found num new op-mutexes 0


[t=1.02086s, 56408 KB] In ts_7_15 of size 5 found num new op-mutexes 0


[t=1.0212s, 56408 KB] In ts_7_16 of size 3 found num new op-mutexes 0


[t=1.02186s, 56408 KB] In ts_7_17 of size 5 found num new op-mutexes 0


[t=1.02237s, 56408 KB] In ts_7_18 of size 6 found num new op-mutexes 0


[t=1.02264s, 56408 KB] In ts_7_19 of size 2 found num new op-mutexes 0


[t=1.02317s, 56408 KB] In ts_7_20 of size 7 found num new op-mutexes 0
[t=1.02547s, 56408 KB] Operator mutex finished iteration 7. Found an additional 0 operator mutexes

[t=1.02555s, 56408 KB] Next pair of indices: (37, 20)
[t=1.02558s, 56408 KB] M&S algorithm main loop timer: 1.01479s (after computation of next merge)
[t=1.15745s, 56408 KB] M&S algorithm main loop timer: 1.14712s (after shrinking)
[t=1.26862s, 56408 KB] M&S algorithm main loop timer: 1.25791s (after merging)

[t=1.27125s, 56408 KB] Operator mutex starting iteration 8


[t=1.27155s, 56408 KB] In ts_8_0 of size 2 found num new op-mutexes 0


[t=1.27181s, 56408 KB] In ts_8_1 of size 2 found num new op-mutexes 0


[t=1.27208s, 56408 KB] In ts_8_2 of size 2 found num new op-mutexes 0


[t=1.27234s, 56408 KB] In ts_8_3 of size 2 found num new op-mutexes 0


[t=1.2726s, 56408 KB] In ts_8_4 of size 2 found num new op-mutexes 0


[t=1.27287s, 56408 KB] In ts_8_5 of size 2 found num new op-mutexes 0


[t=1.27313s, 56408 KB] In ts_8_6 of size 2 found num new op-mutexes 0


[t=1.27338s, 56408 KB] In ts_8_7 of size 2 found num new op-mutexes 0


[t=1.27363s, 56408 KB] In ts_8_8 of size 2 found num new op-mutexes 0


[t=1.27407s, 56408 KB] In ts_8_9 of size 5 found num new op-mutexes 0


[t=1.27437s, 56408 KB] In ts_8_10 of size 2 found num new op-mutexes 0


[t=1.27462s, 56408 KB] In ts_8_11 of size 2 found num new op-mutexes 0


[t=1.27488s, 56408 KB] In ts_8_12 of size 2 found num new op-mutexes 0


[t=1.27548s, 56408 KB] In ts_8_13 of size 5 found num new op-mutexes 0


[t=1.27579s, 56408 KB] In ts_8_14 of size 2 found num new op-mutexes 0


[t=1.27643s, 56408 KB] In ts_8_15 of size 5 found num new op-mutexes 0


[t=1.27677s, 56408 KB] In ts_8_16 of size 3 found num new op-mutexes 0


[t=1.27741s, 56408 KB] In ts_8_17 of size 5 found num new op-mutexes 0


[t=1.27791s, 56408 KB] In ts_8_18 of size 6 found num new op-mutexes 0


[t=1.27817s, 56408 KB] In ts_8_19 of size 2 found num new op-mutexes 0
[t=1.28063s, 56408 KB] Operator mutex finished iteration 8. Found an additional 0 operator mutexes

[t=1.28072s, 56408 KB] Next pair of indices: (38, 19)
[t=1.28075s, 56408 KB] M&S algorithm main loop timer: 1.26995s (after computation of next merge)
[t=1.45422s, 56408 KB] M&S algorithm main loop timer: 1.44349s (after shrinking)
[t=1.55621s, 56408 KB] M&S algorithm main loop timer: 1.54548s (after merging)

[t=1.55888s, 56408 KB] Operator mutex starting iteration 9


[t=1.55917s, 56408 KB] In ts_9_0 of size 2 found num new op-mutexes 0


[t=1.55944s, 56408 KB] In ts_9_1 of size 2 found num new op-mutexes 0


[t=1.5597s, 56408 KB] In ts_9_2 of size 2 found num new op-mutexes 0


[t=1.55995s, 56408 KB] In ts_9_3 of size 2 found num new op-mutexes 0


[t=1.56022s, 56408 KB] In ts_9_4 of size 2 found num new op-mutexes 0


[t=1.56048s, 56408 KB] In ts_9_5 of size 2 found num new op-mutexes 0


[t=1.56074s, 56408 KB] In ts_9_6 of size 2 found num new op-mutexes 0


[t=1.56099s, 56408 KB] In ts_9_7 of size 2 found num new op-mutexes 0


[t=1.56124s, 56408 KB] In ts_9_8 of size 2 found num new op-mutexes 0


[t=1.56167s, 56408 KB] In ts_9_9 of size 5 found num new op-mutexes 0


[t=1.56195s, 56408 KB] In ts_9_10 of size 2 found num new op-mutexes 0


[t=1.56221s, 56408 KB] In ts_9_11 of size 2 found num new op-mutexes 0


[t=1.56246s, 56408 KB] In ts_9_12 of size 2 found num new op-mutexes 0


[t=1.56308s, 56408 KB] In ts_9_13 of size 5 found num new op-mutexes 0


[t=1.56338s, 56408 KB] In ts_9_14 of size 2 found num new op-mutexes 0


[t=1.56402s, 56408 KB] In ts_9_15 of size 5 found num new op-mutexes 0


[t=1.56434s, 56408 KB] In ts_9_16 of size 3 found num new op-mutexes 0


[t=1.56501s, 56408 KB] In ts_9_17 of size 5 found num new op-mutexes 0


[t=1.56552s, 56408 KB] In ts_9_18 of size 6 found num new op-mutexes 0
[t=1.56792s, 56408 KB] Operator mutex finished iteration 9. Found an additional 0 operator mutexes

[t=1.56798s, 56408 KB] Next pair of indices: (39, 18)
[t=1.56801s, 56408 KB] M&S algorithm main loop timer: 1.55722s (after computation of next merge)
[t=1.71763s, 57920 KB] M&S algorithm main loop timer: 1.70725s (after shrinking)
[t=1.82033s, 57920 KB] M&S algorithm main loop timer: 1.80961s (after merging)

[t=1.82283s, 57920 KB] Operator mutex starting iteration 10


[t=1.82311s, 57920 KB] In ts_10_0 of size 2 found num new op-mutexes 0


[t=1.82338s, 57920 KB] In ts_10_1 of size 2 found num new op-mutexes 0


[t=1.82363s, 57920 KB] In ts_10_2 of size 2 found num new op-mutexes 0


[t=1.82388s, 57920 KB] In ts_10_3 of size 2 found num new op-mutexes 0


[t=1.82413s, 57920 KB] In ts_10_4 of size 2 found num new op-mutexes 0


[t=1.82439s, 57920 KB] In ts_10_5 of size 2 found num new op-mutexes 0


[t=1.82463s, 57920 KB] In ts_10_6 of size 2 found num new op-mutexes 0


[t=1.82489s, 57920 KB] In ts_10_7 of size 2 found num new op-mutexes 0


[t=1.82514s, 57920 KB] In ts_10_8 of size 2 found num new op-mutexes 0


[t=1.82557s, 57920 KB] In ts_10_9 of size 5 found num new op-mutexes 0


[t=1.82586s, 57920 KB] In ts_10_10 of size 2 found num new op-mutexes 0


[t=1.82614s, 57920 KB] In ts_10_11 of size 2 found num new op-mutexes 0


[t=1.82639s, 57920 KB] In ts_10_12 of size 2 found num new op-mutexes 0


[t=1.82699s, 57920 KB] In ts_10_13 of size 5 found num new op-mutexes 0


[t=1.82728s, 57920 KB] In ts_10_14 of size 2 found num new op-mutexes 0


[t=1.82792s, 57920 KB] In ts_10_15 of size 5 found num new op-mutexes 0


[t=1.82825s, 57920 KB] In ts_10_16 of size 3 found num new op-mutexes 0


[t=1.82889s, 57920 KB] In ts_10_17 of size 5 found num new op-mutexes 0
[t=1.83126s, 57920 KB] Operator mutex finished iteration 10. Found an additional 0 operator mutexes

[t=1.83135s, 57920 KB] Next pair of indices: (40, 17)
[t=1.83138s, 57920 KB] M&S algorithm main loop timer: 1.82058s (after computation of next merge)
[t=1.95751s, 57920 KB] M&S algorithm main loop timer: 1.94709s (after shrinking)
[t=1.95948s, 57920 KB] M&S algorithm main loop timer: 1.94871s (after merging)

[t=1.95955s, 57920 KB] Operator mutex starting iteration 11


[t=1.95983s, 57920 KB] In ts_11_0 of size 2 found num new op-mutexes 0


[t=1.9601s, 57920 KB] In ts_11_1 of size 2 found num new op-mutexes 0


[t=1.96037s, 57920 KB] In ts_11_2 of size 2 found num new op-mutexes 0


[t=1.96066s, 57920 KB] In ts_11_3 of size 2 found num new op-mutexes 0


[t=1.96094s, 57920 KB] In ts_11_4 of size 2 found num new op-mutexes 0


[t=1.96122s, 57920 KB] In ts_11_5 of size 2 found num new op-mutexes 0


[t=1.96152s, 57920 KB] In ts_11_6 of size 2 found num new op-mutexes 0


[t=1.96179s, 57920 KB] In ts_11_7 of size 2 found num new op-mutexes 0


[t=1.96207s, 57920 KB] In ts_11_8 of size 2 found num new op-mutexes 0


[t=1.96251s, 57920 KB] In ts_11_9 of size 5 found num new op-mutexes 0


[t=1.9628s, 57920 KB] In ts_11_10 of size 2 found num new op-mutexes 0


[t=1.96307s, 57920 KB] In ts_11_11 of size 2 found num new op-mutexes 0


[t=1.96334s, 57920 KB] In ts_11_12 of size 2 found num new op-mutexes 0


[t=1.96395s, 57920 KB] In ts_11_13 of size 5 found num new op-mutexes 0


[t=1.96424s, 57920 KB] In ts_11_14 of size 2 found num new op-mutexes 0


[t=1.96491s, 57920 KB] In ts_11_15 of size 5 found num new op-mutexes 0


[t=1.96526s, 57920 KB] In ts_11_16 of size 3 found num new op-mutexes 0


[t=1.98306s, 57920 KB] In ts_11_41 of size 55 found num new op-mutexes 0
[t=1.98324s, 57920 KB] Operator mutex finished iteration 11. Found an additional 0 operator mutexes

[t=1.98328s, 57920 KB] Next pair of indices: (41, 16)
[t=1.98331s, 57920 KB] M&S algorithm main loop timer: 1.97251s (after computation of next merge)
[t=1.98739s, 57920 KB] M&S algorithm main loop timer: 1.97662s (after merging)
[t=1.98854s, 57920 KB] M&S algorithm main loop timer: 1.97776s (after pruning)

[t=1.98859s, 57920 KB] Operator mutex starting iteration 12


[t=1.98886s, 57920 KB] In ts_12_0 of size 2 found num new op-mutexes 0


[t=1.98916s, 57920 KB] In ts_12_1 of size 2 found num new op-mutexes 0


[t=1.98944s, 57920 KB] In ts_12_2 of size 2 found num new op-mutexes 0


[t=1.98971s, 57920 KB] In ts_12_3 of size 2 found num new op-mutexes 0


[t=1.98999s, 57920 KB] In ts_12_4 of size 2 found num new op-mutexes 0


[t=1.99028s, 57920 KB] In ts_12_5 of size 2 found num new op-mutexes 0


[t=1.99056s, 57920 KB] In ts_12_6 of size 2 found num new op-mutexes 0


[t=1.99085s, 57920 KB] In ts_12_7 of size 2 found num new op-mutexes 0


[t=1.99114s, 57920 KB] In ts_12_8 of size 2 found num new op-mutexes 0


[t=1.99161s, 57920 KB] In ts_12_9 of size 5 found num new op-mutexes 0


[t=1.99191s, 57920 KB] In ts_12_10 of size 2 found num new op-mutexes 0


[t=1.99218s, 57920 KB] In ts_12_11 of size 2 found num new op-mutexes 0


[t=1.99247s, 57920 KB] In ts_12_12 of size 2 found num new op-mutexes 0


[t=1.99311s, 57920 KB] In ts_12_13 of size 5 found num new op-mutexes 0


[t=1.99341s, 57920 KB] In ts_12_14 of size 2 found num new op-mutexes 0


[t=1.99411s, 57920 KB] In ts_12_15 of size 5 found num new op-mutexes 0


[t=2.02543s, 57920 KB] In ts_12_42 of size 77 found num new op-mutexes 0
[t=2.02562s, 57920 KB] Operator mutex finished iteration 12. Found an additional 0 operator mutexes

[t=2.02566s, 57920 KB] Next pair of indices: (42, 15)
[t=2.02569s, 57920 KB] M&S algorithm main loop timer: 2.01489s (after computation of next merge)
[t=2.03532s, 57920 KB] M&S algorithm main loop timer: 2.02458s (after merging)

[t=2.03543s, 57920 KB] Operator mutex starting iteration 13


[t=2.03571s, 57920 KB] In ts_13_0 of size 2 found num new op-mutexes 0


[t=2.03599s, 57920 KB] In ts_13_1 of size 2 found num new op-mutexes 0


[t=2.03629s, 57920 KB] In ts_13_2 of size 2 found num new op-mutexes 0


[t=2.03656s, 57920 KB] In ts_13_3 of size 2 found num new op-mutexes 0


[t=2.03683s, 57920 KB] In ts_13_4 of size 2 found num new op-mutexes 0


[t=2.0371s, 57920 KB] In ts_13_5 of size 2 found num new op-mutexes 0


[t=2.03741s, 57920 KB] In ts_13_6 of size 2 found num new op-mutexes 0


[t=2.03768s, 57920 KB] In ts_13_7 of size 2 found num new op-mutexes 0


[t=2.03795s, 57920 KB] In ts_13_8 of size 2 found num new op-mutexes 0


[t=2.0384s, 57920 KB] In ts_13_9 of size 5 found num new op-mutexes 0


[t=2.03871s, 57920 KB] In ts_13_10 of size 2 found num new op-mutexes 0


[t=2.03898s, 57920 KB] In ts_13_11 of size 2 found num new op-mutexes 0


[t=2.03924s, 57920 KB] In ts_13_12 of size 2 found num new op-mutexes 0


[t=2.03989s, 57920 KB] In ts_13_13 of size 5 found num new op-mutexes 0


[t=2.04021s, 57920 KB] In ts_13_14 of size 2 found num new op-mutexes 0


[t=2.11373s, 62272 KB] In ts_13_43 of size 385 found num new op-mutexes 0
[t=2.11395s, 62272 KB] Operator mutex finished iteration 13. Found an additional 0 operator mutexes

[t=2.114s, 62272 KB] Next pair of indices: (43, 14)
[t=2.11402s, 62272 KB] M&S algorithm main loop timer: 2.10322s (after computation of next merge)
[t=2.13688s, 62272 KB] M&S algorithm main loop timer: 2.12615s (after merging)
[t=2.14478s, 62272 KB] M&S algorithm main loop timer: 2.13404s (after pruning)

[t=2.14487s, 62272 KB] Operator mutex starting iteration 14


[t=2.1452s, 62272 KB] In ts_14_0 of size 2 found num new op-mutexes 0


[t=2.14548s, 62272 KB] In ts_14_1 of size 2 found num new op-mutexes 0


[t=2.14576s, 62272 KB] In ts_14_2 of size 2 found num new op-mutexes 0


[t=2.14603s, 62272 KB] In ts_14_3 of size 2 found num new op-mutexes 0


[t=2.1463s, 62272 KB] In ts_14_4 of size 2 found num new op-mutexes 0


[t=2.1466s, 62272 KB] In ts_14_5 of size 2 found num new op-mutexes 0


[t=2.14688s, 62272 KB] In ts_14_6 of size 2 found num new op-mutexes 0


[t=2.14715s, 62272 KB] In ts_14_7 of size 2 found num new op-mutexes 0


[t=2.14744s, 62272 KB] In ts_14_8 of size 2 found num new op-mutexes 0


[t=2.1479s, 62272 KB] In ts_14_9 of size 5 found num new op-mutexes 0


[t=2.14821s, 62272 KB] In ts_14_10 of size 2 found num new op-mutexes 0


[t=2.1485s, 62272 KB] In ts_14_11 of size 2 found num new op-mutexes 0


[t=2.14879s, 62272 KB] In ts_14_12 of size 2 found num new op-mutexes 0


[t=2.14945s, 62272 KB] In ts_14_13 of size 5 found num new op-mutexes 0


[t=2.96839s, 74300 KB] In ts_14_44 of size 693 found num new op-mutexes 0
[t=2.96855s, 74300 KB] Operator mutex finished iteration 14. Found an additional 0 operator mutexes

[t=2.9686s, 74300 KB] Next pair of indices: (44, 13)
[t=2.96862s, 74300 KB] M&S algorithm main loop timer: 2.95782s (after computation of next merge)
[t=3.10203s, 74300 KB] M&S algorithm main loop timer: 3.09131s (after merging)
[t=3.12967s, 74300 KB] M&S algorithm main loop timer: 3.11892s (after pruning)

[t=3.12975s, 74300 KB] Operator mutex starting iteration 15


[t=3.13006s, 74300 KB] In ts_15_0 of size 2 found num new op-mutexes 0


[t=3.13036s, 74300 KB] In ts_15_1 of size 2 found num new op-mutexes 0


[t=3.13063s, 74300 KB] In ts_15_2 of size 2 found num new op-mutexes 0


[t=3.1309s, 74300 KB] In ts_15_3 of size 2 found num new op-mutexes 0


[t=3.13117s, 74300 KB] In ts_15_4 of size 2 found num new op-mutexes 0


[t=3.13145s, 74300 KB] In ts_15_5 of size 2 found num new op-mutexes 0


[t=3.13172s, 74300 KB] In ts_15_6 of size 2 found num new op-mutexes 0


[t=3.13199s, 74300 KB] In ts_15_7 of size 2 found num new op-mutexes 0


[t=3.13225s, 74300 KB] In ts_15_8 of size 2 found num new op-mutexes 0


[t=3.13272s, 74300 KB] In ts_15_9 of size 5 found num new op-mutexes 0


[t=3.13302s, 74300 KB] In ts_15_10 of size 2 found num new op-mutexes 0


[t=3.13329s, 74300 KB] In ts_15_11 of size 2 found num new op-mutexes 0


[t=3.13355s, 74300 KB] In ts_15_12 of size 2 found num new op-mutexes 0


[t=401.23s, 120236 KB] In ts_15_45 of size 2233 found num new op-mutexes 0
[t=401.23s, 120236 KB] Operator mutex finished iteration 15. Found an additional 0 operator mutexes

[t=401.23s, 120236 KB] Next pair of indices: (45, 12)
[t=401.23s, 120236 KB] M&S algorithm main loop timer: 401.219s (after computation of next merge)
[t=401.41s, 120236 KB] M&S algorithm main loop timer: 401.399s (after shrinking)
[t=401.542s, 120236 KB] M&S algorithm main loop timer: 401.532s (after merging)

[t=401.543s, 120236 KB] Operator mutex starting iteration 16


[t=401.543s, 120236 KB] In ts_16_0 of size 2 found num new op-mutexes 0


[t=401.543s, 120236 KB] In ts_16_1 of size 2 found num new op-mutexes 0


[t=401.544s, 120236 KB] In ts_16_2 of size 2 found num new op-mutexes 0


[t=401.544s, 120236 KB] In ts_16_3 of size 2 found num new op-mutexes 0


[t=401.544s, 120236 KB] In ts_16_4 of size 2 found num new op-mutexes 0


[t=401.544s, 120236 KB] In ts_16_5 of size 2 found num new op-mutexes 0


[t=401.545s, 120236 KB] In ts_16_6 of size 2 found num new op-mutexes 0


[t=401.545s, 120236 KB] In ts_16_7 of size 2 found num new op-mutexes 0


[t=401.545s, 120236 KB] In ts_16_8 of size 2 found num new op-mutexes 0


[t=401.546s, 120236 KB] In ts_16_9 of size 5 found num new op-mutexes 0


[t=401.546s, 120236 KB] In ts_16_10 of size 2 found num new op-mutexes 0


[t=401.546s, 120236 KB] In ts_16_11 of size 2 found num new op-mutexes 0

Peak memory: 190248 KB
caught signal 24 -- exiting
Time limit has been reached.
Remove intermediate file output.sas
search exit code: 23

Driver aborting after search
