INFO     Running translator.
INFO     translator stdin: None
INFO     translator time limit: 599.96s
INFO     translator memory limit: 7000 MB
INFO     translator command line string: /usr/bin/python3 /user/student.aau.dk/lkar18/downward-projects/downward/experiments/nopo_vs_nasutpo_195p/data/nopo_vs_nasutpo/code-94571df14dfaf5b06207d9589b12facdd93f580c_e5e41175/builds/release/bin/translate/translate.py domain.pddl problem.pddl --sas-file output.sas
Parsing...
Parsing: [0.010s CPU, 0.003s wall-clock]
Normalizing task... [0.000s CPU, 0.000s wall-clock]
Instantiating...
Generating Datalog program... [0.000s CPU, 0.001s wall-clock]
Normalizing Datalog program...
Normalizing Datalog program: [0.000s CPU, 0.002s wall-clock]
Preparing model... [0.000s CPU, 0.002s wall-clock]
Generated 46 rules.
Computing model... [0.060s CPU, 0.061s wall-clock]
5240 relevant atoms
2298 auxiliary atoms
7538 final queue length
15595 total queue pushes
Completing instantiation... [0.170s CPU, 0.168s wall-clock]
Instantiating: [0.230s CPU, 0.237s wall-clock]
Computing fact groups...
Finding invariants...
12 initial candidates
Finding invariants: [0.000s CPU, 0.003s wall-clock]
Checking invariant weight... [0.000s CPU, 0.000s wall-clock]
Instantiating groups... [0.000s CPU, 0.001s wall-clock]
Collecting mutex groups... [0.000s CPU, 0.000s wall-clock]
Choosing groups...
1 uncovered facts
Choosing groups: [0.010s CPU, 0.001s wall-clock]
Building translation key... [0.000s CPU, 0.001s wall-clock]
Computing fact groups: [0.010s CPU, 0.008s wall-clock]
Building STRIPS to SAS dictionary... [0.000s CPU, 0.000s wall-clock]
Building dictionary for full mutex groups... [0.000s CPU, 0.000s wall-clock]
Building mutex information...
Building mutex information: [0.000s CPU, 0.000s wall-clock]
Translating task...
Processing axioms...
Simplifying axioms... [0.000s CPU, 0.000s wall-clock]
Translator axioms removed by simplifying: 0
Computing negative axioms... [0.000s CPU, 0.000s wall-clock]
Processing axioms: [0.010s CPU, 0.009s wall-clock]
Translating task: [0.180s CPU, 0.173s wall-clock]
360 effect conditions simplified
0 implied preconditions added
Detecting unreachable propositions...
0 operators removed
0 axioms removed
103 propositions removed
Detecting unreachable propositions: [0.070s CPU, 0.075s wall-clock]
Reordering and filtering variables...
20 of 20 variables necessary.
1 of 20 mutex groups necessary.
4140 of 4140 operators necessary.
0 of 0 axiom rules necessary.
Reordering and filtering variables: [0.020s CPU, 0.020s wall-clock]
Translator variables: 20
Translator derived variables: 0
Translator facts: 424
Translator goal facts: 3
Translator mutex groups: 1
Translator total mutex groups size: 11
Translator operators: 4140
Translator axioms: 0
Translator task size: 24548
Translator peak memory: 58832 KB
Writing output... [0.040s CPU, 0.045s wall-clock]
Done! [0.570s CPU, 0.572s wall-clock]
translate exit code: 0

INFO     Running search (release).
INFO     search stdin: output.sas
INFO     search time limit: 599.34s
INFO     search memory limit: 7000 MB
INFO     search command line string: /user/student.aau.dk/lkar18/downward-projects/downward/experiments/nopo_vs_nasutpo_195p/data/nopo_vs_nasutpo/code-94571df14dfaf5b06207d9589b12facdd93f580c_e5e41175/builds/release/bin/downward --search 'astar(merge_and_shrink(op_mutex=op_mutex(use_previous_ops=NoPO, reachability_strategy=goal), merge_strategy=merge_precomputed(linear()), shrink_strategy=shrink_bisimulation(greedy=false, at_limit=RETURN)))' --internal-plan-file sas_plan < output.sas
[t=3.4034e-05s, 22344 KB] reading input...
[t=0.0141859s, 23520 KB] done reading input!
[t=0.0156667s, 23784 KB] Initializing merge-and-shrink heuristic...
[t=0.0157426s, 23784 KB] Running merge-and-shrink algorithm...
[t=0.0157631s, 23784 KB] Merge strategy options:
[t=0.0157838s, 23784 KB] Type: precomputed
[t=0.0158037s, 23784 KB] Merge tree options: 
[t=0.0158225s, 23784 KB] Type: linear
[t=0.0158417s, 23784 KB] Update option: use random
[t=0.0158616s, 23784 KB] Variable order type: CG/GOAL, tie breaking on level (main)

[t=0.0158833s, 23784 KB] Options related to size limits and shrinking: 
[t=0.0159031s, 23784 KB] Transition system size limit: 50000
[t=0.0159237s, 23784 KB] Transition system size limit right before merge: 50000
[t=0.0159419s, 23784 KB] Threshold to trigger shrinking right before merge: 1

[t=0.0159624s, 23784 KB] Pruning unreachable states: yes
[t=0.0159815s, 23784 KB] Pruning irrelevant states: yes

[t=0.0160021s, 23784 KB] Label reduction disabled

[t=0.0160235s, 23784 KB] Main loop max time in seconds: inf

[t=0.0160466s, 23784 KB] ===============================================================================
[t=0.0160648s, 23784 KB] WARNING! You did not enable label reduction.
This may drastically reduce the performance of merge-and-shrink!
[t=0.0160852s, 23784 KB] ===============================================================================

[t=0.0161153s, 23784 KB] Building atomic transition systems... 
[t=0.0264634s, 39200 KB] M&S algorithm timer: 0.0108082s (after computation of atomic factors)

[t=0.0265841s, 39200 KB] Starting main loop without a time limit.
[t=0.0266166s, 39200 KB] building causal graph...done! [t=0.00126358s]
[t=0.0279059s, 39200 KB] Next pair of indices: (19, 18)
[t=0.0279461s, 39200 KB] M&S algorithm main loop timer: 0.00138342s (after computation of next merge)
[t=0.0288918s, 39460 KB] M&S algorithm main loop timer: 0.00235465s (after merging)

[t=0.0290323s, 39460 KB] Operator mutex starting iteration 0

[t=0.0297544s, 39516 KB] In ts_0_0 of size 2 found num new op-mutexes 36

[t=0.0303146s, 39516 KB] In ts_0_1 of size 2 found num new op-mutexes 36

[t=0.0308803s, 39648 KB] In ts_0_2 of size 2 found num new op-mutexes 64

[t=0.0314217s, 39648 KB] In ts_0_3 of size 2 found num new op-mutexes 64

[t=0.0319697s, 39648 KB] In ts_0_4 of size 2 found num new op-mutexes 64

[t=0.0326936s, 39648 KB] In ts_0_5 of size 36 found num new op-mutexes 0

[t=0.0332726s, 39648 KB] In ts_0_6 of size 2 found num new op-mutexes 64

[t=0.0338266s, 39648 KB] In ts_0_7 of size 2 found num new op-mutexes 64

[t=0.0343711s, 39648 KB] In ts_0_8 of size 2 found num new op-mutexes 64

[t=0.034967s, 39648 KB] In ts_0_9 of size 37 found num new op-mutexes 0

[t=0.0355712s, 39648 KB] In ts_0_10 of size 37 found num new op-mutexes 0

[t=0.0361719s, 39648 KB] In ts_0_11 of size 37 found num new op-mutexes 0

[t=0.0367969s, 39648 KB] In ts_0_12 of size 37 found num new op-mutexes 0

[t=0.0374007s, 39648 KB] In ts_0_13 of size 37 found num new op-mutexes 0

[t=0.0380094s, 39648 KB] In ts_0_14 of size 37 found num new op-mutexes 0

[t=0.0386087s, 39648 KB] In ts_0_15 of size 37 found num new op-mutexes 0

[t=0.0391406s, 39648 KB] In ts_0_16 of size 2 found num new op-mutexes 0

[t=0.0397414s, 39648 KB] In ts_0_17 of size 37 found num new op-mutexes 0

[t=0.0420738s, 40084 KB] In ts_0_20 of size 1369 found num new op-mutexes 0
[t=0.0421835s, 40084 KB] Operator mutex finished iteration 0. Found an additional 456 operator mutexes

[t=0.0422176s, 40084 KB] Next pair of indices: (20, 17)
[t=0.0422407s, 40084 KB] M&S algorithm main loop timer: 0.0156751s (after computation of next merge)
[t=0.0431842s, 40084 KB] M&S algorithm main loop timer: 0.0166414s (after shrinking)
[t=0.0586347s, 41052 KB] M&S algorithm main loop timer: 0.0321374s (after merging)

[t=0.0591242s, 41052 KB] Operator mutex starting iteration 1

[t=0.0596979s, 41276 KB] In ts_1_0 of size 2 found num new op-mutexes 0

[t=0.0602623s, 41276 KB] In ts_1_1 of size 2 found num new op-mutexes 0

[t=0.0608311s, 41276 KB] In ts_1_2 of size 2 found num new op-mutexes 0

[t=0.0613956s, 41276 KB] In ts_1_3 of size 2 found num new op-mutexes 0

[t=0.0619563s, 41276 KB] In ts_1_4 of size 2 found num new op-mutexes 0

[t=0.0626343s, 41276 KB] In ts_1_5 of size 36 found num new op-mutexes 0

[t=0.0632047s, 41276 KB] In ts_1_6 of size 2 found num new op-mutexes 0

[t=0.0637494s, 41276 KB] In ts_1_7 of size 2 found num new op-mutexes 0

[t=0.0643112s, 41276 KB] In ts_1_8 of size 2 found num new op-mutexes 0

[t=0.0649192s, 41276 KB] In ts_1_9 of size 37 found num new op-mutexes 0

[t=0.0655456s, 41276 KB] In ts_1_10 of size 37 found num new op-mutexes 0

[t=0.0661797s, 41276 KB] In ts_1_11 of size 37 found num new op-mutexes 0

[t=0.0667899s, 41276 KB] In ts_1_12 of size 37 found num new op-mutexes 0

[t=0.0674001s, 41276 KB] In ts_1_13 of size 37 found num new op-mutexes 0

[t=0.0680168s, 41276 KB] In ts_1_14 of size 37 found num new op-mutexes 0

[t=0.0686271s, 41276 KB] In ts_1_15 of size 37 found num new op-mutexes 0

[t=0.069176s, 41276 KB] In ts_1_16 of size 2 found num new op-mutexes 0
[t=0.0700816s, 41540 KB] Operator mutex finished iteration 1. Found an additional 0 operator mutexes

[t=0.0701241s, 41540 KB] Next pair of indices: (21, 16)
[t=0.0701482s, 41540 KB] M&S algorithm main loop timer: 0.043582s (after computation of next merge)
[t=0.13135s, 49420 KB] M&S algorithm main loop timer: 0.104853s (after merging)

[t=0.13234s, 49420 KB] Operator mutex starting iteration 2

[t=0.13287s, 49420 KB] In ts_2_0 of size 2 found num new op-mutexes 0

[t=0.133414s, 49420 KB] In ts_2_1 of size 2 found num new op-mutexes 0

[t=0.133951s, 49420 KB] In ts_2_2 of size 2 found num new op-mutexes 0

[t=0.13448s, 49420 KB] In ts_2_3 of size 2 found num new op-mutexes 0

[t=0.135028s, 49420 KB] In ts_2_4 of size 2 found num new op-mutexes 0

[t=0.135732s, 49420 KB] In ts_2_5 of size 36 found num new op-mutexes 0

[t=0.136298s, 49420 KB] In ts_2_6 of size 2 found num new op-mutexes 0

[t=0.136828s, 49420 KB] In ts_2_7 of size 2 found num new op-mutexes 0

[t=0.137375s, 49420 KB] In ts_2_8 of size 2 found num new op-mutexes 0

[t=0.137968s, 49420 KB] In ts_2_9 of size 37 found num new op-mutexes 0

[t=0.138575s, 49420 KB] In ts_2_10 of size 37 found num new op-mutexes 0

[t=0.13917s, 49420 KB] In ts_2_11 of size 37 found num new op-mutexes 0

[t=0.139779s, 49420 KB] In ts_2_12 of size 37 found num new op-mutexes 0

[t=0.140374s, 49420 KB] In ts_2_13 of size 37 found num new op-mutexes 0

[t=0.140957s, 49420 KB] In ts_2_14 of size 37 found num new op-mutexes 0

[t=0.141556s, 49420 KB] In ts_2_15 of size 37 found num new op-mutexes 0
[t=0.144091s, 50168 KB] Operator mutex finished iteration 2. Found an additional 0 operator mutexes

[t=0.144146s, 50168 KB] Next pair of indices: (22, 15)
[t=0.144171s, 50168 KB] M&S algorithm main loop timer: 0.117613s (after computation of next merge)
[t=0.208109s, 55064 KB] M&S algorithm main loop timer: 0.181608s (after shrinking)
[t=0.431509s, 77840 KB] M&S algorithm main loop timer: 0.40502s (after merging)

[t=0.433889s, 77840 KB] Operator mutex starting iteration 3

[t=0.434436s, 77840 KB] In ts_3_0 of size 2 found num new op-mutexes 0

[t=0.435036s, 77840 KB] In ts_3_1 of size 2 found num new op-mutexes 0

[t=0.435584s, 77840 KB] In ts_3_2 of size 2 found num new op-mutexes 0

[t=0.436131s, 77840 KB] In ts_3_3 of size 2 found num new op-mutexes 0

[t=0.436677s, 77840 KB] In ts_3_4 of size 2 found num new op-mutexes 0

[t=0.437342s, 77840 KB] In ts_3_5 of size 36 found num new op-mutexes 0

[t=0.43791s, 77840 KB] In ts_3_6 of size 2 found num new op-mutexes 0

[t=0.438458s, 77840 KB] In ts_3_7 of size 2 found num new op-mutexes 0

[t=0.439017s, 77840 KB] In ts_3_8 of size 2 found num new op-mutexes 0

[t=0.439619s, 77840 KB] In ts_3_9 of size 37 found num new op-mutexes 0

[t=0.440227s, 77840 KB] In ts_3_10 of size 37 found num new op-mutexes 0

[t=0.440842s, 77840 KB] In ts_3_11 of size 37 found num new op-mutexes 0

[t=0.441447s, 77840 KB] In ts_3_12 of size 37 found num new op-mutexes 0

[t=0.442054s, 77840 KB] In ts_3_13 of size 37 found num new op-mutexes 0

[t=0.442676s, 77840 KB] In ts_3_14 of size 37 found num new op-mutexes 0
[t=0.452369s, 79628 KB] Operator mutex finished iteration 3. Found an additional 0 operator mutexes

[t=0.452464s, 79628 KB] Next pair of indices: (23, 14)
[t=0.45249s, 79628 KB] M&S algorithm main loop timer: 0.425925s (after computation of next merge)
[t=0.674449s, 91564 KB] M&S algorithm main loop timer: 0.647947s (after shrinking)
[t=0.697606s, 91564 KB] M&S algorithm main loop timer: 0.67111s (after merging)

[t=0.698352s, 91564 KB] Operator mutex starting iteration 4

[t=0.698888s, 91564 KB] In ts_4_0 of size 2 found num new op-mutexes 0

[t=0.699456s, 91564 KB] In ts_4_1 of size 2 found num new op-mutexes 0

[t=0.700022s, 91564 KB] In ts_4_2 of size 2 found num new op-mutexes 0

[t=0.700589s, 91564 KB] In ts_4_3 of size 2 found num new op-mutexes 0

[t=0.70115s, 91564 KB] In ts_4_4 of size 2 found num new op-mutexes 0

[t=0.701845s, 91564 KB] In ts_4_5 of size 36 found num new op-mutexes 0

[t=0.702419s, 91564 KB] In ts_4_6 of size 2 found num new op-mutexes 0

[t=0.702992s, 91564 KB] In ts_4_7 of size 2 found num new op-mutexes 0

[t=0.703573s, 91564 KB] In ts_4_8 of size 2 found num new op-mutexes 0

[t=0.7042s, 91564 KB] In ts_4_9 of size 37 found num new op-mutexes 0

[t=0.704834s, 91564 KB] In ts_4_10 of size 37 found num new op-mutexes 0

[t=0.705443s, 91564 KB] In ts_4_11 of size 37 found num new op-mutexes 0

[t=0.706074s, 91564 KB] In ts_4_12 of size 37 found num new op-mutexes 0

[t=0.706695s, 91564 KB] In ts_4_13 of size 37 found num new op-mutexes 0
[t=0.707689s, 91564 KB] Operator mutex finished iteration 4. Found an additional 0 operator mutexes

[t=0.707731s, 91564 KB] Next pair of indices: (24, 13)
[t=0.707754s, 91564 KB] M&S algorithm main loop timer: 0.681188s (after computation of next merge)
[t=0.731148s, 91564 KB] M&S algorithm main loop timer: 0.704643s (after shrinking)
[t=0.732098s, 91564 KB] M&S algorithm main loop timer: 0.705551s (after merging)

[t=0.732158s, 91564 KB] Operator mutex starting iteration 5

[t=0.732679s, 91564 KB] In ts_5_0 of size 2 found num new op-mutexes 0

[t=0.73326s, 91564 KB] In ts_5_1 of size 2 found num new op-mutexes 0

[t=0.733841s, 91564 KB] In ts_5_2 of size 2 found num new op-mutexes 0

[t=0.734388s, 91564 KB] In ts_5_3 of size 2 found num new op-mutexes 0

[t=0.73495s, 91564 KB] In ts_5_4 of size 2 found num new op-mutexes 0

[t=0.735621s, 91564 KB] In ts_5_5 of size 36 found num new op-mutexes 0

[t=0.736199s, 91564 KB] In ts_5_6 of size 2 found num new op-mutexes 0

[t=0.736745s, 91564 KB] In ts_5_7 of size 2 found num new op-mutexes 0

[t=0.7373s, 91564 KB] In ts_5_8 of size 2 found num new op-mutexes 0

[t=0.737915s, 91564 KB] In ts_5_9 of size 37 found num new op-mutexes 0

[t=0.738519s, 91564 KB] In ts_5_10 of size 37 found num new op-mutexes 0

[t=0.739135s, 91564 KB] In ts_5_11 of size 37 found num new op-mutexes 0

[t=0.739744s, 91564 KB] In ts_5_12 of size 37 found num new op-mutexes 0

[t=0.741501s, 91564 KB] In ts_5_25 of size 222 found num new op-mutexes 0
[t=0.741609s, 91564 KB] Operator mutex finished iteration 5. Found an additional 0 operator mutexes

[t=0.741644s, 91564 KB] Next pair of indices: (25, 12)
[t=0.741667s, 91564 KB] M&S algorithm main loop timer: 0.715101s (after computation of next merge)
[t=0.757492s, 91564 KB] M&S algorithm main loop timer: 0.730999s (after merging)

[t=0.758074s, 91564 KB] Operator mutex starting iteration 6

[t=0.758608s, 91564 KB] In ts_6_0 of size 2 found num new op-mutexes 0

[t=0.759176s, 91564 KB] In ts_6_1 of size 2 found num new op-mutexes 0

[t=0.759743s, 91564 KB] In ts_6_2 of size 2 found num new op-mutexes 0

[t=0.760299s, 91564 KB] In ts_6_3 of size 2 found num new op-mutexes 0

[t=0.760873s, 91564 KB] In ts_6_4 of size 2 found num new op-mutexes 0

[t=0.761575s, 91564 KB] In ts_6_5 of size 36 found num new op-mutexes 0

[t=0.762149s, 91564 KB] In ts_6_6 of size 2 found num new op-mutexes 0

[t=0.762736s, 91564 KB] In ts_6_7 of size 2 found num new op-mutexes 0

[t=0.76331s, 91564 KB] In ts_6_8 of size 2 found num new op-mutexes 0

[t=0.763926s, 91564 KB] In ts_6_9 of size 37 found num new op-mutexes 0

[t=0.764553s, 91564 KB] In ts_6_10 of size 37 found num new op-mutexes 0

[t=0.765188s, 91564 KB] In ts_6_11 of size 37 found num new op-mutexes 0
[t=0.765925s, 91564 KB] Operator mutex finished iteration 6. Found an additional 0 operator mutexes

[t=0.765959s, 91564 KB] Next pair of indices: (26, 11)
[t=0.765995s, 91564 KB] M&S algorithm main loop timer: 0.739429s (after computation of next merge)
[t=0.782884s, 91564 KB] M&S algorithm main loop timer: 0.75638s (after shrinking)
[t=0.78388s, 91564 KB] M&S algorithm main loop timer: 0.757334s (after merging)

[t=0.783941s, 91564 KB] Operator mutex starting iteration 7

[t=0.784474s, 91564 KB] In ts_7_0 of size 2 found num new op-mutexes 0

[t=0.785037s, 91564 KB] In ts_7_1 of size 2 found num new op-mutexes 0

[t=0.785593s, 91564 KB] In ts_7_2 of size 2 found num new op-mutexes 0

[t=0.786147s, 91564 KB] In ts_7_3 of size 2 found num new op-mutexes 0

[t=0.78669s, 91564 KB] In ts_7_4 of size 2 found num new op-mutexes 0

[t=0.787369s, 91564 KB] In ts_7_5 of size 36 found num new op-mutexes 0

[t=0.787936s, 91564 KB] In ts_7_6 of size 2 found num new op-mutexes 0

[t=0.788499s, 91564 KB] In ts_7_7 of size 2 found num new op-mutexes 0

[t=0.789052s, 91564 KB] In ts_7_8 of size 2 found num new op-mutexes 0

[t=0.789661s, 91564 KB] In ts_7_9 of size 37 found num new op-mutexes 0

[t=0.790261s, 91564 KB] In ts_7_10 of size 37 found num new op-mutexes 0

[t=0.792068s, 91564 KB] In ts_7_27 of size 222 found num new op-mutexes 0
[t=0.792185s, 91564 KB] Operator mutex finished iteration 7. Found an additional 0 operator mutexes

[t=0.792219s, 91564 KB] Next pair of indices: (27, 10)
[t=0.792241s, 91564 KB] M&S algorithm main loop timer: 0.765675s (after computation of next merge)
[t=0.808207s, 91564 KB] M&S algorithm main loop timer: 0.78171s (after merging)

[t=0.808786s, 91564 KB] Operator mutex starting iteration 8

[t=0.809331s, 91564 KB] In ts_8_0 of size 2 found num new op-mutexes 0

[t=0.809893s, 91564 KB] In ts_8_1 of size 2 found num new op-mutexes 0

[t=0.810459s, 91564 KB] In ts_8_2 of size 2 found num new op-mutexes 0

[t=0.811022s, 91564 KB] In ts_8_3 of size 2 found num new op-mutexes 0

[t=0.811591s, 91564 KB] In ts_8_4 of size 2 found num new op-mutexes 0

[t=0.812312s, 91564 KB] In ts_8_5 of size 36 found num new op-mutexes 0

[t=0.812896s, 91564 KB] In ts_8_6 of size 2 found num new op-mutexes 0

[t=0.813473s, 91564 KB] In ts_8_7 of size 2 found num new op-mutexes 0

[t=0.814028s, 91564 KB] In ts_8_8 of size 2 found num new op-mutexes 0

[t=0.81467s, 91564 KB] In ts_8_9 of size 37 found num new op-mutexes 0
[t=0.815331s, 91564 KB] Operator mutex finished iteration 8. Found an additional 0 operator mutexes

[t=0.815375s, 91564 KB] Next pair of indices: (28, 9)
[t=0.815412s, 91564 KB] M&S algorithm main loop timer: 0.788846s (after computation of next merge)
[t=0.832547s, 91564 KB] M&S algorithm main loop timer: 0.80604s (after shrinking)
[t=0.833559s, 91564 KB] M&S algorithm main loop timer: 0.807015s (after merging)

[t=0.833625s, 91564 KB] Operator mutex starting iteration 9

[t=0.834199s, 91564 KB] In ts_9_0 of size 2 found num new op-mutexes 0

[t=0.834757s, 91564 KB] In ts_9_1 of size 2 found num new op-mutexes 0

[t=0.835315s, 91564 KB] In ts_9_2 of size 2 found num new op-mutexes 0

[t=0.835888s, 91564 KB] In ts_9_3 of size 2 found num new op-mutexes 0

[t=0.836436s, 91564 KB] In ts_9_4 of size 2 found num new op-mutexes 0

[t=0.837116s, 91564 KB] In ts_9_5 of size 36 found num new op-mutexes 0

[t=0.837679s, 91564 KB] In ts_9_6 of size 2 found num new op-mutexes 0

[t=0.838236s, 91564 KB] In ts_9_7 of size 2 found num new op-mutexes 0

[t=0.838787s, 91564 KB] In ts_9_8 of size 2 found num new op-mutexes 0

[t=0.840559s, 91564 KB] In ts_9_29 of size 222 found num new op-mutexes 0
[t=0.840669s, 91564 KB] Operator mutex finished iteration 9. Found an additional 0 operator mutexes

[t=0.8407s, 91564 KB] Next pair of indices: (29, 5)
[t=0.840729s, 91564 KB] M&S algorithm main loop timer: 0.814163s (after computation of next merge)
[t=0.84743s, 91564 KB] M&S algorithm main loop timer: 0.820917s (after merging)

[t=0.847942s, 91564 KB] Operator mutex starting iteration 10

[t=0.848531s, 91564 KB] In ts_10_0 of size 2 found num new op-mutexes 0

[t=0.849113s, 91564 KB] In ts_10_1 of size 2 found num new op-mutexes 0

[t=0.849673s, 91564 KB] In ts_10_2 of size 2 found num new op-mutexes 0

[t=0.850258s, 91564 KB] In ts_10_3 of size 2 found num new op-mutexes 0

[t=0.850822s, 91564 KB] In ts_10_4 of size 2 found num new op-mutexes 0

[t=0.851428s, 91564 KB] In ts_10_6 of size 2 found num new op-mutexes 0

[t=0.852008s, 91564 KB] In ts_10_7 of size 2 found num new op-mutexes 0

[t=0.852572s, 91564 KB] In ts_10_8 of size 2 found num new op-mutexes 0
[t=0.853041s, 91564 KB] Operator mutex finished iteration 10. Found an additional 0 operator mutexes

[t=0.85308s, 91564 KB] Next pair of indices: (30, 8)
[t=0.853102s, 91564 KB] M&S algorithm main loop timer: 0.826536s (after computation of next merge)
[t=0.905111s, 91564 KB] M&S algorithm main loop timer: 0.878613s (after merging)
[t=0.909172s, 91564 KB] M&S algorithm main loop timer: 0.882641s (after pruning)

[t=0.909235s, 91564 KB] Operator mutex starting iteration 11

[t=0.909765s, 91564 KB] In ts_11_0 of size 2 found num new op-mutexes 0

[t=0.910315s, 91564 KB] In ts_11_1 of size 2 found num new op-mutexes 0

[t=0.910881s, 91564 KB] In ts_11_2 of size 2 found num new op-mutexes 0

[t=0.911435s, 91564 KB] In ts_11_3 of size 2 found num new op-mutexes 0

[t=0.91197s, 91564 KB] In ts_11_4 of size 2 found num new op-mutexes 0

[t=0.912513s, 91564 KB] In ts_11_6 of size 2 found num new op-mutexes 0

[t=0.913045s, 91564 KB] In ts_11_7 of size 2 found num new op-mutexes 0
[t=0.913614s, 91564 KB] Operator mutex finished iteration 11. Found an additional 0 operator mutexes

[t=0.913649s, 91564 KB] Next pair of indices: (31, 7)
[t=0.913672s, 91564 KB] M&S algorithm main loop timer: 0.887105s (after computation of next merge)
[t=1.01496s, 91564 KB] M&S algorithm main loop timer: 0.988469s (after merging)
[t=1.02273s, 91564 KB] M&S algorithm main loop timer: 0.996215s (after pruning)

[t=1.02281s, 91564 KB] Operator mutex starting iteration 12

[t=1.02332s, 91564 KB] In ts_12_0 of size 2 found num new op-mutexes 0

[t=1.02386s, 91564 KB] In ts_12_1 of size 2 found num new op-mutexes 0

[t=1.02439s, 91564 KB] In ts_12_2 of size 2 found num new op-mutexes 0

[t=1.02493s, 91564 KB] In ts_12_3 of size 2 found num new op-mutexes 0

[t=1.02547s, 91564 KB] In ts_12_4 of size 2 found num new op-mutexes 0

[t=1.026s, 91564 KB] In ts_12_6 of size 2 found num new op-mutexes 0
[t=1.02675s, 91564 KB] Operator mutex finished iteration 12. Found an additional 0 operator mutexes

[t=1.02679s, 91564 KB] Next pair of indices: (32, 6)
[t=1.02681s, 91564 KB] M&S algorithm main loop timer: 1.00025s (after computation of next merge)
[t=1.17176s, 91564 KB] M&S algorithm main loop timer: 1.14528s (after shrinking)
[t=1.21085s, 91564 KB] M&S algorithm main loop timer: 1.18436s (after merging)
[t=1.22433s, 91564 KB] M&S algorithm main loop timer: 1.19783s (after pruning)

[t=1.22443s, 91564 KB] Operator mutex starting iteration 13

[t=1.22497s, 91564 KB] In ts_13_0 of size 2 found num new op-mutexes 0

[t=1.22553s, 91564 KB] In ts_13_1 of size 2 found num new op-mutexes 0

[t=1.2261s, 91564 KB] In ts_13_2 of size 2 found num new op-mutexes 0

[t=1.22664s, 91564 KB] In ts_13_3 of size 2 found num new op-mutexes 0

[t=1.22718s, 91564 KB] In ts_13_4 of size 2 found num new op-mutexes 0
[t=1.22824s, 91564 KB] Operator mutex finished iteration 13. Found an additional 0 operator mutexes

[t=1.22828s, 91564 KB] Next pair of indices: (33, 4)
[t=1.2283s, 91564 KB] M&S algorithm main loop timer: 1.20174s (after computation of next merge)
[t=1.40578s, 91564 KB] M&S algorithm main loop timer: 1.37929s (after shrinking)
[t=1.44581s, 91564 KB] M&S algorithm main loop timer: 1.41931s (after merging)
[t=1.46021s, 91564 KB] M&S algorithm main loop timer: 1.4337s (after pruning)

[t=1.4603s, 91564 KB] Operator mutex starting iteration 14

[t=1.46084s, 91564 KB] In ts_14_0 of size 2 found num new op-mutexes 0

[t=1.46142s, 91564 KB] In ts_14_1 of size 2 found num new op-mutexes 0

[t=1.46198s, 91564 KB] In ts_14_2 of size 2 found num new op-mutexes 0

[t=1.46254s, 91564 KB] In ts_14_3 of size 2 found num new op-mutexes 0
[t=1.46366s, 91564 KB] Operator mutex finished iteration 14. Found an additional 0 operator mutexes

[t=1.4637s, 91564 KB] Next pair of indices: (34, 3)
[t=1.46373s, 91564 KB] M&S algorithm main loop timer: 1.43716s (after computation of next merge)
[t=1.61707s, 91564 KB] M&S algorithm main loop timer: 1.59058s (after shrinking)
[t=1.65989s, 91564 KB] M&S algorithm main loop timer: 1.6334s (after merging)
[t=1.67554s, 91564 KB] M&S algorithm main loop timer: 1.64903s (after pruning)

[t=1.67563s, 91564 KB] Operator mutex starting iteration 15

[t=1.67619s, 91564 KB] In ts_15_0 of size 2 found num new op-mutexes 0

[t=1.67678s, 91564 KB] In ts_15_1 of size 2 found num new op-mutexes 0

[t=1.67733s, 91564 KB] In ts_15_2 of size 2 found num new op-mutexes 0
[t=1.67857s, 91564 KB] Operator mutex finished iteration 15. Found an additional 0 operator mutexes

[t=1.67861s, 91564 KB] Next pair of indices: (35, 2)
[t=1.67864s, 91564 KB] M&S algorithm main loop timer: 1.65207s (after computation of next merge)
[t=1.8194s, 91564 KB] M&S algorithm main loop timer: 1.79291s (after shrinking)
[t=1.86596s, 91564 KB] M&S algorithm main loop timer: 1.83946s (after merging)
[t=1.88252s, 91564 KB] M&S algorithm main loop timer: 1.85602s (after pruning)

[t=1.88262s, 91564 KB] Operator mutex starting iteration 16

[t=1.88316s, 91564 KB] In ts_16_0 of size 2 found num new op-mutexes 0

[t=1.88371s, 91564 KB] In ts_16_1 of size 2 found num new op-mutexes 0
[t=1.88502s, 91564 KB] Operator mutex finished iteration 16. Found an additional 0 operator mutexes

[t=1.88507s, 91564 KB] Next pair of indices: (36, 1)
[t=1.88509s, 91564 KB] M&S algorithm main loop timer: 1.85853s (after computation of next merge)
[t=2.03375s, 91564 KB] M&S algorithm main loop timer: 2.00726s (after shrinking)
[t=2.08513s, 91564 KB] M&S algorithm main loop timer: 2.05864s (after merging)
[t=2.10348s, 91564 KB] M&S algorithm main loop timer: 2.07697s (after pruning)

[t=2.10357s, 91564 KB] Operator mutex starting iteration 17

[t=2.10411s, 91564 KB] In ts_17_0 of size 2 found num new op-mutexes 0
[t=2.10546s, 91564 KB] Operator mutex finished iteration 17. Found an additional 0 operator mutexes

[t=2.1055s, 91564 KB] Next pair of indices: (37, 0)
[t=2.10553s, 91564 KB] M&S algorithm main loop timer: 2.07896s (after computation of next merge)
[t=2.2612s, 91564 KB] M&S algorithm main loop timer: 2.23471s (after shrinking)
[t=2.30641s, 91564 KB] M&S algorithm main loop timer: 2.27992s (after merging)
[t=2.32367s, 91564 KB] M&S algorithm main loop timer: 2.29716s (after pruning)

[t=2.32376s, 91564 KB] Operator mutex starting iteration 18
[t=2.325s, 91564 KB] Operator mutex finished iteration 18. Found an additional 0 operator mutexes

[t=2.32504s, 91564 KB] End of merge-and-shrink algorithm, statistics:
[t=2.32507s, 91564 KB] Main loop runtime: 2.2985s
[t=2.32509s, 91564 KB] Maximum intermediate abstraction size: 49496
[t=2.32511s, 91564 KB] Final peak memory increase of merge-and-shrink algorithm: 67780 KB
[t=2.32514s, 91564 KB] Merge-and-shrink algorithm runtime: 2.30941s

[t=2.32516s, 91564 KB] Number of labels: 4140
[t=2.32518s, 91564 KB] Total number of operator mutexes: 456
[t=2.3252s, 91564 KB] Operator Mutex total time: 0.132665s
[t=2.32536s, 91564 KB] Number of remaining factors: 1
[t=2.32549s, 91564 KB] Number of factors kept: 1
[t=2.32551s, 91564 KB] Done initializing merge-and-shrink heuristic.

[t=2.32573s, 91564 KB] Building successor generator...done!
[t=2.32763s, 91564 KB] peak memory difference for successor generator creation: 0 KB
[t=2.32766s, 91564 KB] time for successor generation creation: 0.00179039s
[t=2.32771s, 91564 KB] Variables: 20
[t=2.32773s, 91564 KB] FactPairs: 424
[t=2.32775s, 91564 KB] Bytes per state: 12
[t=2.32788s, 91564 KB] Conducting best first search with reopening closed nodes, (real) bound = 2147483647
[t=2.32795s, 91564 KB] New best heuristic value for merge_and_shrink(op_mutex = op_mutex(use_previous_ops = nopo, reachability_strategy = goal), merge_strategy = merge_precomputed(linear), shrink_strategy = shrink_bisimulation(greedy = false, at_limit = return)): 11
[t=2.32797s, 91564 KB] g=0, 1 evaluated, 0 expanded
[t=2.32799s, 91564 KB] f = 11, 1 evaluated, 0 expanded
[t=2.32802s, 91564 KB] Initial heuristic value for merge_and_shrink(op_mutex = op_mutex(use_previous_ops = nopo, reachability_strategy = goal), merge_strategy = merge_precomputed(linear), shrink_strategy = shrink_bisimulation(greedy = false, at_limit = return)): 11
[t=2.32804s, 91564 KB] pruning method: none
[t=2.32807s, 91564 KB] New best heuristic value for merge_and_shrink(op_mutex = op_mutex(use_previous_ops = nopo, reachability_strategy = goal), merge_strategy = merge_precomputed(linear), shrink_strategy = shrink_bisimulation(greedy = false, at_limit = return)): 10
[t=2.32809s, 91564 KB] g=1, 2 evaluated, 1 expanded
[t=2.32814s, 91564 KB] f = 12, 6 evaluated, 3 expanded
[t=2.32817s, 91564 KB] New best heuristic value for merge_and_shrink(op_mutex = op_mutex(use_previous_ops = nopo, reachability_strategy = goal), merge_strategy = merge_precomputed(linear), shrink_strategy = shrink_bisimulation(greedy = false, at_limit = return)): 9
[t=2.32819s, 91564 KB] g=3, 7 evaluated, 4 expanded
[t=2.32822s, 91564 KB] New best heuristic value for merge_and_shrink(op_mutex = op_mutex(use_previous_ops = nopo, reachability_strategy = goal), merge_strategy = merge_precomputed(linear), shrink_strategy = shrink_bisimulation(greedy = false, at_limit = return)): 8
[t=2.32824s, 91564 KB] g=4, 9 evaluated, 5 expanded
[t=2.32827s, 91564 KB] New best heuristic value for merge_and_shrink(op_mutex = op_mutex(use_previous_ops = nopo, reachability_strategy = goal), merge_strategy = merge_precomputed(linear), shrink_strategy = shrink_bisimulation(greedy = false, at_limit = return)): 7
[t=2.32829s, 91564 KB] g=5, 11 evaluated, 6 expanded
[t=2.32832s, 91564 KB] New best heuristic value for merge_and_shrink(op_mutex = op_mutex(use_previous_ops = nopo, reachability_strategy = goal), merge_strategy = merge_precomputed(linear), shrink_strategy = shrink_bisimulation(greedy = false, at_limit = return)): 6
[t=2.32835s, 91564 KB] g=6, 13 evaluated, 7 expanded
[t=2.32845s, 91564 KB] New best heuristic value for merge_and_shrink(op_mutex = op_mutex(use_previous_ops = nopo, reachability_strategy = goal), merge_strategy = merge_precomputed(linear), shrink_strategy = shrink_bisimulation(greedy = false, at_limit = return)): 5
[t=2.32848s, 91564 KB] g=7, 36 evaluated, 14 expanded
[t=2.32852s, 91564 KB] New best heuristic value for merge_and_shrink(op_mutex = op_mutex(use_previous_ops = nopo, reachability_strategy = goal), merge_strategy = merge_precomputed(linear), shrink_strategy = shrink_bisimulation(greedy = false, at_limit = return)): 4
[t=2.32854s, 91564 KB] g=8, 41 evaluated, 15 expanded
[t=2.32859s, 91564 KB] New best heuristic value for merge_and_shrink(op_mutex = op_mutex(use_previous_ops = nopo, reachability_strategy = goal), merge_strategy = merge_precomputed(linear), shrink_strategy = shrink_bisimulation(greedy = false, at_limit = return)): 3
[t=2.32862s, 91564 KB] g=9, 50 evaluated, 17 expanded
[t=2.32882s, 91564 KB] f = 13, 115 evaluated, 39 expanded
[t=2.32973s, 91564 KB] f = 14, 479 evaluated, 159 expanded
[t=2.33165s, 91564 KB] f = 15, 1288 evaluated, 439 expanded
[t=2.33535s, 91564 KB] f = 16, 2901 evaluated, 1053 expanded
[t=2.33548s, 91564 KB] New best heuristic value for merge_and_shrink(op_mutex = op_mutex(use_previous_ops = nopo, reachability_strategy = goal), merge_strategy = merge_precomputed(linear), shrink_strategy = shrink_bisimulation(greedy = false, at_limit = return)): 2
[t=2.33551s, 91564 KB] g=14, 2939 evaluated, 1065 expanded
[t=2.34366s, 91564 KB] f = 17, 6501 evaluated, 2475 expanded
[t=2.36275s, 91564 KB] f = 18, 14520 evaluated, 5688 expanded
[t=2.40154s, 91564 KB] f = 19, 30972 evaluated, 12474 expanded
[t=2.47885s, 91564 KB] f = 20, 63561 evaluated, 26357 expanded
[t=2.63474s, 91564 KB] f = 21, 128216 evaluated, 54400 expanded
[t=2.96185s, 91564 KB] f = 22, 260717 evaluated, 112703 expanded
[t=3.62386s, 91564 KB] f = 23, 523540 evaluated, 228960 expanded
[t=4.97139s, 91564 KB] f = 24, 1045745 evaluated, 464148 expanded
[t=6.88106s, 142564 KB] New best heuristic value for merge_and_shrink(op_mutex = op_mutex(use_previous_ops = nopo, reachability_strategy = goal), merge_strategy = merge_precomputed(linear), shrink_strategy = shrink_bisimulation(greedy = false, at_limit = return)): 1
[t=6.88117s, 142564 KB] g=23, 1775904 evaluated, 795142 expanded
[t=7.65617s, 142564 KB] f = 25, 2075952 evaluated, 932769 expanded
[t=13.0455s, 247224 KB] f = 26, 4133594 evaluated, 1877098 expanded
[t=18.2798s, 309868 KB] New best heuristic value for merge_and_shrink(op_mutex = op_mutex(use_previous_ops = nopo, reachability_strategy = goal), merge_strategy = merge_precomputed(linear), shrink_strategy = shrink_bisimulation(greedy = false, at_limit = return)): 0
[t=18.2799s, 309868 KB] g=26, 6241481 evaluated, 2829237 expanded
[t=18.2799s, 309868 KB] Solution found!
[t=18.2799s, 309868 KB] Actual search time: 15.9519s
pickup node5-5 key4 (1)
move node5-5 node4-5 (1)
unlock node4-5 node4-4 key4 triangle (1)
move node4-5 node4-4 (1)
unlock node4-4 node4-3 key4 triangle (1)
move node4-4 node4-3 (1)
unlock node4-3 node4-2 key4 triangle (1)
move node4-3 node4-2 (1)
unlock node4-2 node3-2 key4 triangle (1)
move node4-2 node4-3 (1)
pickup-and-loose node4-3 key8 key4 (1)
move node4-3 node4-2 (1)
move node4-2 node3-2 (1)
putdown node3-2 key8 (1)
move node3-2 node2-2 (1)
move node2-2 node1-2 (1)
move node1-2 node0-2 (1)
move node0-2 node0-1 (1)
move node0-1 node0-0 (1)
pickup node0-0 key0 (1)
move node0-0 node0-1 (1)
move node0-1 node1-1 (1)
move node1-1 node2-1 (1)
move node2-1 node3-1 (1)
move node3-1 node4-1 (1)
putdown node4-1 key0 (1)
[t=18.28s, 309868 KB] Plan length: 26 step(s).
[t=18.28s, 309868 KB] Plan cost: 26
[t=18.28s, 309868 KB] Expanded 2829238 state(s).
[t=18.28s, 309868 KB] Reopened 0 state(s).
[t=18.28s, 309868 KB] Evaluated 6241481 state(s).
[t=18.28s, 309868 KB] Evaluations: 6241481
[t=18.28s, 309868 KB] Generated 10952574 state(s).
[t=18.28s, 309868 KB] Dead ends: 0 state(s).
[t=18.28s, 309868 KB] Expanded until last jump: 1877098 state(s).
[t=18.28s, 309868 KB] Reopened until last jump: 0 state(s).
[t=18.28s, 309868 KB] Evaluated until last jump: 4133594 state(s).
[t=18.28s, 309868 KB] Generated until last jump: 7308863 state(s).
[t=18.28s, 309868 KB] Number of registered states: 6241481
[t=18.28s, 309868 KB] Int hash set load factor: 6241481/8388608 = 0.744043
[t=18.28s, 309868 KB] Int hash set resizes: 23
[t=18.28s, 309868 KB] Search time: 15.9521s
[t=18.28s, 309868 KB] Total time: 18.28s
Solution found.
Peak memory: 309868 KB
Remove intermediate file output.sas
search exit code: 0

INFO     Running validate.
INFO     validate stdin: None
INFO     validate time limit: None
INFO     validate memory limit: None
INFO     validate command line string: validate domain.pddl problem.pddl sas_plan
Checking plan: sas_plan
Plan executed successfully - checking goal
Plan valid
Final value: 26 

Successful plans:
Value: 26
 sas_plan 26 

validate exit code: 0

