INFO     Running translator.
INFO     translator stdin: None
INFO     translator time limit: 599.96s
INFO     translator memory limit: 7000 MB
INFO     translator command line string: /usr/bin/python3 /user/student.aau.dk/lkar18/downward-projects/downward/experiments/nopo_vs_nasutpo_195p/data/nopo_vs_nasutpo/code-94571df14dfaf5b06207d9589b12facdd93f580c_e5e41175/builds/release/bin/translate/translate.py domain.pddl problem.pddl --sas-file output.sas
Parsing...
Parsing: [0.000s CPU, 0.002s wall-clock]
Normalizing task... [0.000s CPU, 0.000s wall-clock]
Instantiating...
Generating Datalog program... [0.000s CPU, 0.000s wall-clock]
Normalizing Datalog program...
Normalizing Datalog program: [0.000s CPU, 0.001s wall-clock]
Preparing model... [0.000s CPU, 0.001s wall-clock]
Generated 32 rules.
Computing model... [0.060s CPU, 0.048s wall-clock]
4649 relevant atoms
1022 auxiliary atoms
5671 final queue length
15110 total queue pushes
Completing instantiation... [0.170s CPU, 0.170s wall-clock]
Instantiating: [0.230s CPU, 0.223s wall-clock]
Computing fact groups...
Finding invariants...
12 initial candidates
Finding invariants: [0.000s CPU, 0.005s wall-clock]
Checking invariant weight... [0.000s CPU, 0.000s wall-clock]
Instantiating groups... [0.000s CPU, 0.001s wall-clock]
Collecting mutex groups... [0.000s CPU, 0.000s wall-clock]
Choosing groups...
31 uncovered facts
Choosing groups: [0.000s CPU, 0.001s wall-clock]
Building translation key... [0.000s CPU, 0.000s wall-clock]
Computing fact groups: [0.010s CPU, 0.009s wall-clock]
Building STRIPS to SAS dictionary... [0.000s CPU, 0.000s wall-clock]
Building dictionary for full mutex groups... [0.000s CPU, 0.000s wall-clock]
Building mutex information...
Building mutex information: [0.000s CPU, 0.000s wall-clock]
Translating task...
Processing axioms...
Simplifying axioms... [0.000s CPU, 0.000s wall-clock]
Translator axioms removed by simplifying: 0
Computing negative axioms... [0.000s CPU, 0.000s wall-clock]
Processing axioms: [0.010s CPU, 0.010s wall-clock]
Translating task: [0.250s CPU, 0.259s wall-clock]
4896 effect conditions simplified
0 implied preconditions added
Detecting unreachable propositions...
0 operators removed
0 axioms removed
12 propositions removed
Detecting unreachable propositions: [0.130s CPU, 0.132s wall-clock]
Reordering and filtering variables...
43 of 43 variables necessary.
19 of 31 mutex groups necessary.
3888 of 3888 operators necessary.
0 of 0 axiom rules necessary.
Reordering and filtering variables: [0.040s CPU, 0.038s wall-clock]
Translator variables: 43
Translator derived variables: 0
Translator facts: 290
Translator goal facts: 12
Translator mutex groups: 19
Translator total mutex groups size: 247
Translator operators: 3888
Translator axioms: 0
Translator task size: 31984
Translator peak memory: 62224 KB
Writing output... [0.060s CPU, 0.060s wall-clock]
Done! [0.730s CPU, 0.734s wall-clock]
translate exit code: 0

INFO     Running search (release).
INFO     search stdin: output.sas
INFO     search time limit: 599.18s
INFO     search memory limit: 7000 MB
INFO     search command line string: /user/student.aau.dk/lkar18/downward-projects/downward/experiments/nopo_vs_nasutpo_195p/data/nopo_vs_nasutpo/code-94571df14dfaf5b06207d9589b12facdd93f580c_e5e41175/builds/release/bin/downward --search 'astar(merge_and_shrink(op_mutex=op_mutex(use_previous_ops=NoPO, reachability_strategy=goal)))' --internal-plan-file sas_plan < output.sas
[t=3.8102e-05s, 22344 KB] reading input...
[t=0.0181692s, 23760 KB] done reading input!
[t=0.0197486s, 24156 KB] Initializing merge-and-shrink heuristic...
[t=0.0198222s, 24156 KB] Running merge-and-shrink algorithm...
[t=0.0198427s, 24156 KB] Merge strategy options:
[t=0.0198635s, 24156 KB] Type: stateless
[t=0.0198926s, 24156 KB] Merge selector options:
[t=0.0199118s, 24156 KB] Name: score based filtering
[t=0.0199313s, 24156 KB] Merge scoring function:
[t=0.0199503s, 24156 KB] Name: goal relevance
[t=0.0199691s, 24156 KB] Merge scoring function:
[t=0.0199877s, 24156 KB] Name: dfp
[t=0.0200061s, 24156 KB] Merge scoring function:
[t=0.0200247s, 24156 KB] Name: total order
[t=0.0200435s, 24156 KB] Atomic transition system order: reverse level
[t=0.0200622s, 24156 KB] Product transition system order: new to old
[t=0.020081s, 24156 KB] Consider atomic before product transition systems
[t=0.0200997s, 24156 KB] Random seed: -1

[t=0.0201207s, 24156 KB] Options related to size limits and shrinking: 
[t=0.0201405s, 24156 KB] Transition system size limit: 50000
[t=0.0201594s, 24156 KB] Transition system size limit right before merge: 50000
[t=0.0201781s, 24156 KB] Threshold to trigger shrinking right before merge: 1

[t=0.0201992s, 24156 KB] Pruning unreachable states: yes
[t=0.0202425s, 24156 KB] Pruning irrelevant states: yes

[t=0.0202678s, 24156 KB] Label reduction disabled

[t=0.020301s, 24156 KB] Main loop max time in seconds: inf

[t=0.0203257s, 24156 KB] ===============================================================================
[t=0.0203451s, 24156 KB] WARNING! You did not enable label reduction.
This may drastically reduce the performance of merge-and-shrink!
[t=0.0203652s, 24156 KB] ===============================================================================

[t=0.0203877s, 24156 KB] Building atomic transition systems... 
[t=0.0381055s, 54672 KB] M&S algorithm timer: 0.0184055s (after computation of atomic factors)
[t=0.0400484s, 54672 KB] M&S algorithm timer: 0.0202934s (after pruning atomic factors)

[t=0.0401265s, 54672 KB] Starting main loop without a time limit.
[t=0.0432139s, 54672 KB] Next pair of indices: (0, 31)
[t=0.0432472s, 54672 KB] M&S algorithm main loop timer: 0.00314137s (after computation of next merge)
[t=0.0437783s, 54672 KB] M&S algorithm main loop timer: 0.00368334s (after merging)
[t=0.0439644s, 54672 KB] M&S algorithm main loop timer: 0.00386097s (after pruning)

[t=0.0439948s, 54672 KB] Operator mutex starting iteration 0

[t=0.0446173s, 54672 KB] In ts_0_1 of size 2 found num new op-mutexes 0

[t=0.045236s, 54672 KB] In ts_0_2 of size 2 found num new op-mutexes 0

[t=0.0458281s, 54672 KB] In ts_0_3 of size 2 found num new op-mutexes 0

[t=0.0464431s, 54672 KB] In ts_0_4 of size 2 found num new op-mutexes 0

[t=0.0470342s, 54672 KB] In ts_0_5 of size 2 found num new op-mutexes 0

[t=0.0476136s, 54672 KB] In ts_0_6 of size 2 found num new op-mutexes 0

[t=0.0481952s, 54672 KB] In ts_0_7 of size 2 found num new op-mutexes 0

[t=0.0487787s, 54672 KB] In ts_0_8 of size 2 found num new op-mutexes 0

[t=0.0493677s, 54672 KB] In ts_0_9 of size 2 found num new op-mutexes 0

[t=0.0499776s, 54672 KB] In ts_0_10 of size 2 found num new op-mutexes 0

[t=0.0505796s, 54672 KB] In ts_0_11 of size 2 found num new op-mutexes 0

[t=0.0511746s, 54672 KB] In ts_0_12 of size 2 found num new op-mutexes 0

[t=0.0517551s, 54672 KB] In ts_0_13 of size 2 found num new op-mutexes 0

[t=0.0523446s, 54672 KB] In ts_0_14 of size 2 found num new op-mutexes 0

[t=0.052936s, 54672 KB] In ts_0_15 of size 2 found num new op-mutexes 0

[t=0.0535346s, 54672 KB] In ts_0_16 of size 2 found num new op-mutexes 0

[t=0.0541111s, 54672 KB] In ts_0_17 of size 2 found num new op-mutexes 0

[t=0.0547109s, 54672 KB] In ts_0_18 of size 2 found num new op-mutexes 0

[t=0.0552981s, 54672 KB] In ts_0_19 of size 2 found num new op-mutexes 0

[t=0.0558944s, 54672 KB] In ts_0_20 of size 2 found num new op-mutexes 0

[t=0.0564724s, 54672 KB] In ts_0_21 of size 2 found num new op-mutexes 0

[t=0.0570582s, 54672 KB] In ts_0_22 of size 2 found num new op-mutexes 0

[t=0.0576428s, 54672 KB] In ts_0_23 of size 2 found num new op-mutexes 0

[t=0.05823s, 54672 KB] In ts_0_24 of size 2 found num new op-mutexes 0

[t=0.058826s, 54672 KB] In ts_0_25 of size 2 found num new op-mutexes 0

[t=0.0594174s, 54672 KB] In ts_0_26 of size 2 found num new op-mutexes 0

[t=0.0600202s, 54672 KB] In ts_0_27 of size 2 found num new op-mutexes 0

[t=0.0605958s, 54672 KB] In ts_0_28 of size 2 found num new op-mutexes 0

[t=0.0611764s, 54672 KB] In ts_0_29 of size 2 found num new op-mutexes 0

[t=0.0617566s, 54672 KB] In ts_0_30 of size 2 found num new op-mutexes 0

[t=0.097001s, 60688 KB] In ts_0_32 of size 18 found num new op-mutexes 139644

[t=0.139085s, 66808 KB] In ts_0_33 of size 18 found num new op-mutexes 138996

[t=0.177465s, 71164 KB] In ts_0_34 of size 18 found num new op-mutexes 138348

[t=0.249783s, 79008 KB] In ts_0_35 of size 18 found num new op-mutexes 137700

[t=0.286719s, 83320 KB] In ts_0_36 of size 18 found num new op-mutexes 137052

[t=0.327729s, 87544 KB] In ts_0_37 of size 18 found num new op-mutexes 136404

[t=0.455729s, 104240 KB] In ts_0_38 of size 18 found num new op-mutexes 135756

[t=0.492348s, 104240 KB] In ts_0_39 of size 18 found num new op-mutexes 135108

[t=0.53236s, 107484 KB] In ts_0_40 of size 18 found num new op-mutexes 134460

[t=0.570646s, 111708 KB] In ts_0_41 of size 18 found num new op-mutexes 133812

[t=0.611679s, 115800 KB] In ts_0_42 of size 18 found num new op-mutexes 133164

[t=0.652581s, 119760 KB] In ts_0_43 of size 18 found num new op-mutexes 132516
[t=0.6528s, 119760 KB] Operator mutex finished iteration 0. Found an additional 1632960 operator mutexes

[t=0.656212s, 119760 KB] Next pair of indices: (1, 32)
[t=0.656249s, 119760 KB] M&S algorithm main loop timer: 0.616145s (after computation of next merge)
[t=0.656822s, 119760 KB] M&S algorithm main loop timer: 0.616751s (after merging)
[t=0.657042s, 119760 KB] M&S algorithm main loop timer: 0.616939s (after pruning)

[t=0.657074s, 119760 KB] Operator mutex starting iteration 1

[t=0.657606s, 119760 KB] In ts_1_2 of size 2 found num new op-mutexes 0

[t=0.658136s, 119760 KB] In ts_1_3 of size 2 found num new op-mutexes 0

[t=0.658652s, 119760 KB] In ts_1_4 of size 2 found num new op-mutexes 0

[t=0.659187s, 119760 KB] In ts_1_5 of size 2 found num new op-mutexes 0

[t=0.65971s, 119760 KB] In ts_1_6 of size 2 found num new op-mutexes 0

[t=0.660226s, 119760 KB] In ts_1_7 of size 2 found num new op-mutexes 0

[t=0.660732s, 119760 KB] In ts_1_8 of size 2 found num new op-mutexes 0

[t=0.661244s, 119760 KB] In ts_1_9 of size 2 found num new op-mutexes 0

[t=0.661761s, 119760 KB] In ts_1_10 of size 2 found num new op-mutexes 0

[t=0.662274s, 119760 KB] In ts_1_11 of size 2 found num new op-mutexes 0

[t=0.662807s, 119760 KB] In ts_1_12 of size 2 found num new op-mutexes 0

[t=0.663317s, 119760 KB] In ts_1_13 of size 2 found num new op-mutexes 0

[t=0.663825s, 119760 KB] In ts_1_14 of size 2 found num new op-mutexes 0

[t=0.664331s, 119760 KB] In ts_1_15 of size 2 found num new op-mutexes 0

[t=0.664836s, 119760 KB] In ts_1_16 of size 2 found num new op-mutexes 0

[t=0.665361s, 119760 KB] In ts_1_17 of size 2 found num new op-mutexes 0

[t=0.665866s, 119760 KB] In ts_1_18 of size 2 found num new op-mutexes 0

[t=0.666408s, 119760 KB] In ts_1_19 of size 2 found num new op-mutexes 0

[t=0.666942s, 119760 KB] In ts_1_20 of size 2 found num new op-mutexes 0

[t=0.667447s, 119760 KB] In ts_1_21 of size 2 found num new op-mutexes 0

[t=0.667962s, 119760 KB] In ts_1_22 of size 2 found num new op-mutexes 0

[t=0.668466s, 119760 KB] In ts_1_23 of size 2 found num new op-mutexes 0

[t=0.668986s, 119760 KB] In ts_1_24 of size 2 found num new op-mutexes 0

[t=0.6695s, 119760 KB] In ts_1_25 of size 2 found num new op-mutexes 0

[t=0.670014s, 119760 KB] In ts_1_26 of size 2 found num new op-mutexes 0

[t=0.670543s, 119760 KB] In ts_1_27 of size 2 found num new op-mutexes 0

[t=0.671049s, 119760 KB] In ts_1_28 of size 2 found num new op-mutexes 0

[t=0.671562s, 119760 KB] In ts_1_29 of size 2 found num new op-mutexes 0

[t=0.672112s, 119760 KB] In ts_1_30 of size 2 found num new op-mutexes 0

[t=0.712031s, 119760 KB] In ts_1_33 of size 18 found num new op-mutexes 0

[t=0.750076s, 119760 KB] In ts_1_34 of size 18 found num new op-mutexes 0

[t=0.785943s, 119760 KB] In ts_1_35 of size 18 found num new op-mutexes 0

[t=0.821461s, 119760 KB] In ts_1_36 of size 18 found num new op-mutexes 0

[t=0.858075s, 119760 KB] In ts_1_37 of size 18 found num new op-mutexes 0

[t=0.890391s, 119760 KB] In ts_1_38 of size 18 found num new op-mutexes 0

[t=0.918781s, 119760 KB] In ts_1_39 of size 18 found num new op-mutexes 0

[t=0.947217s, 119760 KB] In ts_1_40 of size 18 found num new op-mutexes 0

[t=0.973799s, 119760 KB] In ts_1_41 of size 18 found num new op-mutexes 0

[t=1.00088s, 119760 KB] In ts_1_42 of size 18 found num new op-mutexes 0

[t=1.02703s, 119760 KB] In ts_1_43 of size 18 found num new op-mutexes 0

[t=1.06729s, 119760 KB] In ts_1_44 of size 18 found num new op-mutexes 0
[t=1.06749s, 119760 KB] Operator mutex finished iteration 1. Found an additional 0 operator mutexes

[t=1.07081s, 119760 KB] Next pair of indices: (2, 33)
[t=1.07085s, 119760 KB] M&S algorithm main loop timer: 1.03074s (after computation of next merge)
[t=1.07138s, 119760 KB] M&S algorithm main loop timer: 1.03131s (after merging)
[t=1.07159s, 119760 KB] M&S algorithm main loop timer: 1.03149s (after pruning)

[t=1.07162s, 119760 KB] Operator mutex starting iteration 2

[t=1.07213s, 119760 KB] In ts_2_3 of size 2 found num new op-mutexes 0

[t=1.07264s, 119760 KB] In ts_2_4 of size 2 found num new op-mutexes 0

[t=1.07318s, 119760 KB] In ts_2_5 of size 2 found num new op-mutexes 0

[t=1.07371s, 119760 KB] In ts_2_6 of size 2 found num new op-mutexes 0

[t=1.07423s, 119760 KB] In ts_2_7 of size 2 found num new op-mutexes 0

[t=1.07477s, 119760 KB] In ts_2_8 of size 2 found num new op-mutexes 0

[t=1.07528s, 119760 KB] In ts_2_9 of size 2 found num new op-mutexes 0

[t=1.0758s, 119760 KB] In ts_2_10 of size 2 found num new op-mutexes 0

[t=1.0763s, 119760 KB] In ts_2_11 of size 2 found num new op-mutexes 0

[t=1.07684s, 119760 KB] In ts_2_12 of size 2 found num new op-mutexes 0

[t=1.07737s, 119760 KB] In ts_2_13 of size 2 found num new op-mutexes 0

[t=1.07789s, 119760 KB] In ts_2_14 of size 2 found num new op-mutexes 0

[t=1.0784s, 119760 KB] In ts_2_15 of size 2 found num new op-mutexes 0

[t=1.07892s, 119760 KB] In ts_2_16 of size 2 found num new op-mutexes 0

[t=1.07944s, 119760 KB] In ts_2_17 of size 2 found num new op-mutexes 0

[t=1.07997s, 119760 KB] In ts_2_18 of size 2 found num new op-mutexes 0

[t=1.08048s, 119760 KB] In ts_2_19 of size 2 found num new op-mutexes 0

[t=1.08101s, 119760 KB] In ts_2_20 of size 2 found num new op-mutexes 0

[t=1.08152s, 119760 KB] In ts_2_21 of size 2 found num new op-mutexes 0

[t=1.08203s, 119760 KB] In ts_2_22 of size 2 found num new op-mutexes 0

[t=1.08255s, 119760 KB] In ts_2_23 of size 2 found num new op-mutexes 0

[t=1.08306s, 119760 KB] In ts_2_24 of size 2 found num new op-mutexes 0

[t=1.08357s, 119760 KB] In ts_2_25 of size 2 found num new op-mutexes 0

[t=1.08409s, 119760 KB] In ts_2_26 of size 2 found num new op-mutexes 0

[t=1.08463s, 119760 KB] In ts_2_27 of size 2 found num new op-mutexes 0

[t=1.08514s, 119760 KB] In ts_2_28 of size 2 found num new op-mutexes 0

[t=1.08565s, 119760 KB] In ts_2_29 of size 2 found num new op-mutexes 0

[t=1.08615s, 119760 KB] In ts_2_30 of size 2 found num new op-mutexes 0

[t=1.12445s, 119760 KB] In ts_2_34 of size 18 found num new op-mutexes 0

[t=1.16034s, 119760 KB] In ts_2_35 of size 18 found num new op-mutexes 0

[t=1.19606s, 119760 KB] In ts_2_36 of size 18 found num new op-mutexes 0

[t=1.23271s, 119760 KB] In ts_2_37 of size 18 found num new op-mutexes 0

[t=1.26494s, 119760 KB] In ts_2_38 of size 18 found num new op-mutexes 0

[t=1.29355s, 119760 KB] In ts_2_39 of size 18 found num new op-mutexes 0

[t=1.32208s, 119760 KB] In ts_2_40 of size 18 found num new op-mutexes 0

[t=1.34902s, 119760 KB] In ts_2_41 of size 18 found num new op-mutexes 0

[t=1.37618s, 119760 KB] In ts_2_42 of size 18 found num new op-mutexes 0

[t=1.40204s, 119760 KB] In ts_2_43 of size 18 found num new op-mutexes 0

[t=1.44265s, 119760 KB] In ts_2_44 of size 18 found num new op-mutexes 0

[t=1.48249s, 119760 KB] In ts_2_45 of size 18 found num new op-mutexes 0
[t=1.4827s, 119760 KB] Operator mutex finished iteration 2. Found an additional 0 operator mutexes

[t=1.48591s, 119760 KB] Next pair of indices: (3, 34)
[t=1.48596s, 119760 KB] M&S algorithm main loop timer: 1.44586s (after computation of next merge)
[t=1.48651s, 119760 KB] M&S algorithm main loop timer: 1.44644s (after merging)
[t=1.48672s, 119760 KB] M&S algorithm main loop timer: 1.44662s (after pruning)

[t=1.48675s, 119760 KB] Operator mutex starting iteration 3

[t=1.48732s, 119760 KB] In ts_3_4 of size 2 found num new op-mutexes 0

[t=1.48785s, 119760 KB] In ts_3_5 of size 2 found num new op-mutexes 0

[t=1.48836s, 119760 KB] In ts_3_6 of size 2 found num new op-mutexes 0

[t=1.48889s, 119760 KB] In ts_3_7 of size 2 found num new op-mutexes 0

[t=1.4894s, 119760 KB] In ts_3_8 of size 2 found num new op-mutexes 0

[t=1.48991s, 119760 KB] In ts_3_9 of size 2 found num new op-mutexes 0

[t=1.49042s, 119760 KB] In ts_3_10 of size 2 found num new op-mutexes 0

[t=1.49093s, 119760 KB] In ts_3_11 of size 2 found num new op-mutexes 0

[t=1.49145s, 119760 KB] In ts_3_12 of size 2 found num new op-mutexes 0

[t=1.49198s, 119760 KB] In ts_3_13 of size 2 found num new op-mutexes 0

[t=1.49248s, 119760 KB] In ts_3_14 of size 2 found num new op-mutexes 0

[t=1.49303s, 119760 KB] In ts_3_15 of size 2 found num new op-mutexes 0

[t=1.49355s, 119760 KB] In ts_3_16 of size 2 found num new op-mutexes 0

[t=1.49405s, 119760 KB] In ts_3_17 of size 2 found num new op-mutexes 0

[t=1.49457s, 119760 KB] In ts_3_18 of size 2 found num new op-mutexes 0

[t=1.49508s, 119760 KB] In ts_3_19 of size 2 found num new op-mutexes 0

[t=1.49562s, 119760 KB] In ts_3_20 of size 2 found num new op-mutexes 0

[t=1.49612s, 119760 KB] In ts_3_21 of size 2 found num new op-mutexes 0

[t=1.49664s, 119760 KB] In ts_3_22 of size 2 found num new op-mutexes 0

[t=1.49715s, 119760 KB] In ts_3_23 of size 2 found num new op-mutexes 0

[t=1.49765s, 119760 KB] In ts_3_24 of size 2 found num new op-mutexes 0

[t=1.49817s, 119760 KB] In ts_3_25 of size 2 found num new op-mutexes 0

[t=1.49868s, 119760 KB] In ts_3_26 of size 2 found num new op-mutexes 0

[t=1.49921s, 119760 KB] In ts_3_27 of size 2 found num new op-mutexes 0

[t=1.49972s, 119760 KB] In ts_3_28 of size 2 found num new op-mutexes 0

[t=1.50022s, 119760 KB] In ts_3_29 of size 2 found num new op-mutexes 0

[t=1.50073s, 119760 KB] In ts_3_30 of size 2 found num new op-mutexes 0

[t=1.53665s, 119760 KB] In ts_3_35 of size 18 found num new op-mutexes 0

[t=1.57213s, 119760 KB] In ts_3_36 of size 18 found num new op-mutexes 0

[t=1.60836s, 119760 KB] In ts_3_37 of size 18 found num new op-mutexes 0

[t=1.64083s, 119760 KB] In ts_3_38 of size 18 found num new op-mutexes 0

[t=1.66936s, 119760 KB] In ts_3_39 of size 18 found num new op-mutexes 0

[t=1.69802s, 119760 KB] In ts_3_40 of size 18 found num new op-mutexes 0

[t=1.72489s, 119760 KB] In ts_3_41 of size 18 found num new op-mutexes 0

[t=1.75201s, 119760 KB] In ts_3_42 of size 18 found num new op-mutexes 0

[t=1.77795s, 119760 KB] In ts_3_43 of size 18 found num new op-mutexes 0

[t=1.81858s, 119760 KB] In ts_3_44 of size 18 found num new op-mutexes 0

[t=1.8584s, 119760 KB] In ts_3_45 of size 18 found num new op-mutexes 0

[t=1.89648s, 119760 KB] In ts_3_46 of size 18 found num new op-mutexes 0
[t=1.89669s, 119760 KB] Operator mutex finished iteration 3. Found an additional 0 operator mutexes

[t=1.89974s, 119760 KB] Next pair of indices: (4, 35)
[t=1.89978s, 119760 KB] M&S algorithm main loop timer: 1.85967s (after computation of next merge)
[t=1.90032s, 119760 KB] M&S algorithm main loop timer: 1.86025s (after merging)
[t=1.90054s, 119760 KB] M&S algorithm main loop timer: 1.86043s (after pruning)

[t=1.90057s, 119760 KB] Operator mutex starting iteration 4

[t=1.90115s, 119760 KB] In ts_4_5 of size 2 found num new op-mutexes 0

[t=1.90169s, 119760 KB] In ts_4_6 of size 2 found num new op-mutexes 0

[t=1.90221s, 119760 KB] In ts_4_7 of size 2 found num new op-mutexes 0

[t=1.90271s, 119760 KB] In ts_4_8 of size 2 found num new op-mutexes 0

[t=1.90323s, 119760 KB] In ts_4_9 of size 2 found num new op-mutexes 0

[t=1.90373s, 119760 KB] In ts_4_10 of size 2 found num new op-mutexes 0

[t=1.90424s, 119760 KB] In ts_4_11 of size 2 found num new op-mutexes 0

[t=1.90475s, 119760 KB] In ts_4_12 of size 2 found num new op-mutexes 0

[t=1.90527s, 119760 KB] In ts_4_13 of size 2 found num new op-mutexes 0

[t=1.90579s, 119760 KB] In ts_4_14 of size 2 found num new op-mutexes 0

[t=1.9063s, 119760 KB] In ts_4_15 of size 2 found num new op-mutexes 0

[t=1.90681s, 119760 KB] In ts_4_16 of size 2 found num new op-mutexes 0

[t=1.90733s, 119760 KB] In ts_4_17 of size 2 found num new op-mutexes 0

[t=1.90783s, 119760 KB] In ts_4_18 of size 2 found num new op-mutexes 0

[t=1.90834s, 119760 KB] In ts_4_19 of size 2 found num new op-mutexes 0

[t=1.90884s, 119760 KB] In ts_4_20 of size 2 found num new op-mutexes 0

[t=1.90937s, 119760 KB] In ts_4_21 of size 2 found num new op-mutexes 0

[t=1.9099s, 119760 KB] In ts_4_22 of size 2 found num new op-mutexes 0

[t=1.9104s, 119760 KB] In ts_4_23 of size 2 found num new op-mutexes 0

[t=1.91093s, 119760 KB] In ts_4_24 of size 2 found num new op-mutexes 0

[t=1.91144s, 119760 KB] In ts_4_25 of size 2 found num new op-mutexes 0

[t=1.91195s, 119760 KB] In ts_4_26 of size 2 found num new op-mutexes 0

[t=1.91245s, 119760 KB] In ts_4_27 of size 2 found num new op-mutexes 0

[t=1.91296s, 119760 KB] In ts_4_28 of size 2 found num new op-mutexes 0

[t=1.91347s, 119760 KB] In ts_4_29 of size 2 found num new op-mutexes 0

[t=1.91399s, 119760 KB] In ts_4_30 of size 2 found num new op-mutexes 0

[t=1.94958s, 119760 KB] In ts_4_36 of size 18 found num new op-mutexes 0

[t=1.98616s, 119760 KB] In ts_4_37 of size 18 found num new op-mutexes 0

[t=2.01839s, 119760 KB] In ts_4_38 of size 18 found num new op-mutexes 0

[t=2.04712s, 119760 KB] In ts_4_39 of size 18 found num new op-mutexes 0

[t=2.0756s, 119760 KB] In ts_4_40 of size 18 found num new op-mutexes 0

[t=2.10232s, 119760 KB] In ts_4_41 of size 18 found num new op-mutexes 0

[t=2.12954s, 119760 KB] In ts_4_42 of size 18 found num new op-mutexes 0

[t=2.15552s, 119760 KB] In ts_4_43 of size 18 found num new op-mutexes 0

[t=2.1962s, 119760 KB] In ts_4_44 of size 18 found num new op-mutexes 0

[t=2.23576s, 119760 KB] In ts_4_45 of size 18 found num new op-mutexes 0

[t=2.27368s, 119760 KB] In ts_4_46 of size 18 found num new op-mutexes 0

[t=2.30956s, 119760 KB] In ts_4_47 of size 18 found num new op-mutexes 0
[t=2.30978s, 119760 KB] Operator mutex finished iteration 4. Found an additional 0 operator mutexes

[t=2.31284s, 119760 KB] Next pair of indices: (5, 36)
[t=2.31288s, 119760 KB] M&S algorithm main loop timer: 2.27278s (after computation of next merge)
[t=2.31341s, 119760 KB] M&S algorithm main loop timer: 2.27335s (after merging)
[t=2.31363s, 119760 KB] M&S algorithm main loop timer: 2.27353s (after pruning)

[t=2.31366s, 119760 KB] Operator mutex starting iteration 5

[t=2.31424s, 119760 KB] In ts_5_6 of size 2 found num new op-mutexes 0

[t=2.31476s, 119760 KB] In ts_5_7 of size 2 found num new op-mutexes 0

[t=2.31528s, 119760 KB] In ts_5_8 of size 2 found num new op-mutexes 0

[t=2.31581s, 119760 KB] In ts_5_9 of size 2 found num new op-mutexes 0

[t=2.31631s, 119760 KB] In ts_5_10 of size 2 found num new op-mutexes 0

[t=2.31682s, 119760 KB] In ts_5_11 of size 2 found num new op-mutexes 0

[t=2.31732s, 119760 KB] In ts_5_12 of size 2 found num new op-mutexes 0

[t=2.31783s, 119760 KB] In ts_5_13 of size 2 found num new op-mutexes 0

[t=2.31835s, 119760 KB] In ts_5_14 of size 2 found num new op-mutexes 0

[t=2.31889s, 119760 KB] In ts_5_15 of size 2 found num new op-mutexes 0

[t=2.31941s, 119760 KB] In ts_5_16 of size 2 found num new op-mutexes 0

[t=2.31992s, 119760 KB] In ts_5_17 of size 2 found num new op-mutexes 0

[t=2.32043s, 119760 KB] In ts_5_18 of size 2 found num new op-mutexes 0

[t=2.32094s, 119760 KB] In ts_5_19 of size 2 found num new op-mutexes 0

[t=2.32145s, 119760 KB] In ts_5_20 of size 2 found num new op-mutexes 0

[t=2.32196s, 119760 KB] In ts_5_21 of size 2 found num new op-mutexes 0

[t=2.32246s, 119760 KB] In ts_5_22 of size 2 found num new op-mutexes 0

[t=2.32297s, 119760 KB] In ts_5_23 of size 2 found num new op-mutexes 0

[t=2.32349s, 119760 KB] In ts_5_24 of size 2 found num new op-mutexes 0

[t=2.32401s, 119760 KB] In ts_5_25 of size 2 found num new op-mutexes 0

[t=2.32451s, 119760 KB] In ts_5_26 of size 2 found num new op-mutexes 0

[t=2.32502s, 119760 KB] In ts_5_27 of size 2 found num new op-mutexes 0

[t=2.32554s, 119760 KB] In ts_5_28 of size 2 found num new op-mutexes 0

[t=2.32605s, 119760 KB] In ts_5_29 of size 2 found num new op-mutexes 0

[t=2.32657s, 119760 KB] In ts_5_30 of size 2 found num new op-mutexes 0

[t=2.36322s, 119760 KB] In ts_5_37 of size 18 found num new op-mutexes 0

[t=2.39545s, 119760 KB] In ts_5_38 of size 18 found num new op-mutexes 0

[t=2.42387s, 119760 KB] In ts_5_39 of size 18 found num new op-mutexes 0

[t=2.45226s, 119760 KB] In ts_5_40 of size 18 found num new op-mutexes 0

[t=2.47873s, 119760 KB] In ts_5_41 of size 18 found num new op-mutexes 0

[t=2.50602s, 119760 KB] In ts_5_42 of size 18 found num new op-mutexes 0

[t=2.53195s, 119760 KB] In ts_5_43 of size 18 found num new op-mutexes 0

[t=2.57209s, 119760 KB] In ts_5_44 of size 18 found num new op-mutexes 0

[t=2.61136s, 119760 KB] In ts_5_45 of size 18 found num new op-mutexes 0

[t=2.64919s, 119760 KB] In ts_5_46 of size 18 found num new op-mutexes 0

[t=2.68465s, 119760 KB] In ts_5_47 of size 18 found num new op-mutexes 0

[t=2.71976s, 119760 KB] In ts_5_48 of size 18 found num new op-mutexes 0
[t=2.71998s, 119760 KB] Operator mutex finished iteration 5. Found an additional 0 operator mutexes

[t=2.72291s, 119760 KB] Next pair of indices: (6, 37)
[t=2.72294s, 119760 KB] M&S algorithm main loop timer: 2.68284s (after computation of next merge)
[t=2.72349s, 119760 KB] M&S algorithm main loop timer: 2.68342s (after merging)
[t=2.72371s, 119760 KB] M&S algorithm main loop timer: 2.68361s (after pruning)

[t=2.72374s, 119760 KB] Operator mutex starting iteration 6

[t=2.72432s, 119760 KB] In ts_6_7 of size 2 found num new op-mutexes 0

[t=2.72483s, 119760 KB] In ts_6_8 of size 2 found num new op-mutexes 0

[t=2.72534s, 119760 KB] In ts_6_9 of size 2 found num new op-mutexes 0

[t=2.72586s, 119760 KB] In ts_6_10 of size 2 found num new op-mutexes 0

[t=2.72639s, 119760 KB] In ts_6_11 of size 2 found num new op-mutexes 0

[t=2.7269s, 119760 KB] In ts_6_12 of size 2 found num new op-mutexes 0

[t=2.72742s, 119760 KB] In ts_6_13 of size 2 found num new op-mutexes 0

[t=2.72795s, 119760 KB] In ts_6_14 of size 2 found num new op-mutexes 0

[t=2.72846s, 119760 KB] In ts_6_15 of size 2 found num new op-mutexes 0

[t=2.72897s, 119760 KB] In ts_6_16 of size 2 found num new op-mutexes 0

[t=2.72948s, 119760 KB] In ts_6_17 of size 2 found num new op-mutexes 0

[t=2.73001s, 119760 KB] In ts_6_18 of size 2 found num new op-mutexes 0

[t=2.73052s, 119760 KB] In ts_6_19 of size 2 found num new op-mutexes 0

[t=2.73103s, 119760 KB] In ts_6_20 of size 2 found num new op-mutexes 0

[t=2.73154s, 119760 KB] In ts_6_21 of size 2 found num new op-mutexes 0

[t=2.73206s, 119760 KB] In ts_6_22 of size 2 found num new op-mutexes 0

[t=2.73256s, 119760 KB] In ts_6_23 of size 2 found num new op-mutexes 0

[t=2.73307s, 119760 KB] In ts_6_24 of size 2 found num new op-mutexes 0

[t=2.73359s, 119760 KB] In ts_6_25 of size 2 found num new op-mutexes 0

[t=2.7341s, 119760 KB] In ts_6_26 of size 2 found num new op-mutexes 0

[t=2.73462s, 119760 KB] In ts_6_27 of size 2 found num new op-mutexes 0

[t=2.73512s, 119760 KB] In ts_6_28 of size 2 found num new op-mutexes 0

[t=2.73564s, 119760 KB] In ts_6_29 of size 2 found num new op-mutexes 0

[t=2.73615s, 119760 KB] In ts_6_30 of size 2 found num new op-mutexes 0

[t=2.76839s, 119760 KB] In ts_6_38 of size 18 found num new op-mutexes 0

[t=2.7968s, 119760 KB] In ts_6_39 of size 18 found num new op-mutexes 0

[t=2.82534s, 119760 KB] In ts_6_40 of size 18 found num new op-mutexes 0

[t=2.85229s, 119760 KB] In ts_6_41 of size 18 found num new op-mutexes 0

[t=2.87948s, 119760 KB] In ts_6_42 of size 18 found num new op-mutexes 0

[t=2.90555s, 119760 KB] In ts_6_43 of size 18 found num new op-mutexes 0

[t=2.94565s, 119760 KB] In ts_6_44 of size 18 found num new op-mutexes 0

[t=2.98552s, 119760 KB] In ts_6_45 of size 18 found num new op-mutexes 0

[t=3.02361s, 119760 KB] In ts_6_46 of size 18 found num new op-mutexes 0

[t=3.05936s, 119760 KB] In ts_6_47 of size 18 found num new op-mutexes 0

[t=3.09482s, 119760 KB] In ts_6_48 of size 18 found num new op-mutexes 0

[t=3.13099s, 119760 KB] In ts_6_49 of size 18 found num new op-mutexes 0
[t=3.1312s, 119760 KB] Operator mutex finished iteration 6. Found an additional 0 operator mutexes

[t=3.13417s, 119760 KB] Next pair of indices: (7, 38)
[t=3.1342s, 119760 KB] M&S algorithm main loop timer: 3.0941s (after computation of next merge)
[t=3.13476s, 119760 KB] M&S algorithm main loop timer: 3.09469s (after merging)
[t=3.13498s, 119760 KB] M&S algorithm main loop timer: 3.09488s (after pruning)

[t=3.13501s, 119760 KB] Operator mutex starting iteration 7

[t=3.13554s, 119760 KB] In ts_7_8 of size 2 found num new op-mutexes 0

[t=3.13608s, 119760 KB] In ts_7_9 of size 2 found num new op-mutexes 0

[t=3.13661s, 119760 KB] In ts_7_10 of size 2 found num new op-mutexes 0

[t=3.13713s, 119760 KB] In ts_7_11 of size 2 found num new op-mutexes 0

[t=3.13765s, 119760 KB] In ts_7_12 of size 2 found num new op-mutexes 0

[t=3.13815s, 119760 KB] In ts_7_13 of size 2 found num new op-mutexes 0

[t=3.13869s, 119760 KB] In ts_7_14 of size 2 found num new op-mutexes 0

[t=3.1392s, 119760 KB] In ts_7_15 of size 2 found num new op-mutexes 0

[t=3.13971s, 119760 KB] In ts_7_16 of size 2 found num new op-mutexes 0

[t=3.14024s, 119760 KB] In ts_7_17 of size 2 found num new op-mutexes 0

[t=3.14075s, 119760 KB] In ts_7_18 of size 2 found num new op-mutexes 0

[t=3.14126s, 119760 KB] In ts_7_19 of size 2 found num new op-mutexes 0

[t=3.14177s, 119760 KB] In ts_7_20 of size 2 found num new op-mutexes 0

[t=3.14229s, 119760 KB] In ts_7_21 of size 2 found num new op-mutexes 0

[t=3.14279s, 119760 KB] In ts_7_22 of size 2 found num new op-mutexes 0

[t=3.1433s, 119760 KB] In ts_7_23 of size 2 found num new op-mutexes 0

[t=3.14382s, 119760 KB] In ts_7_24 of size 2 found num new op-mutexes 0

[t=3.14434s, 119760 KB] In ts_7_25 of size 2 found num new op-mutexes 0

[t=3.14486s, 119760 KB] In ts_7_26 of size 2 found num new op-mutexes 0

[t=3.14537s, 119760 KB] In ts_7_27 of size 2 found num new op-mutexes 0

[t=3.1459s, 119760 KB] In ts_7_28 of size 2 found num new op-mutexes 0

[t=3.14642s, 119760 KB] In ts_7_29 of size 2 found num new op-mutexes 0

[t=3.14692s, 119760 KB] In ts_7_30 of size 2 found num new op-mutexes 0

[t=3.17552s, 119760 KB] In ts_7_39 of size 18 found num new op-mutexes 0

[t=3.20403s, 119760 KB] In ts_7_40 of size 18 found num new op-mutexes 0

[t=3.23114s, 119760 KB] In ts_7_41 of size 18 found num new op-mutexes 0

[t=3.25851s, 119760 KB] In ts_7_42 of size 18 found num new op-mutexes 0

[t=3.28459s, 119760 KB] In ts_7_43 of size 18 found num new op-mutexes 0

[t=3.33458s, 119760 KB] In ts_7_44 of size 18 found num new op-mutexes 0

[t=3.37471s, 119760 KB] In ts_7_45 of size 18 found num new op-mutexes 0

[t=3.41308s, 119760 KB] In ts_7_46 of size 18 found num new op-mutexes 0

[t=3.44903s, 119760 KB] In ts_7_47 of size 18 found num new op-mutexes 0

[t=3.48468s, 119760 KB] In ts_7_48 of size 18 found num new op-mutexes 0

[t=3.52107s, 119760 KB] In ts_7_49 of size 18 found num new op-mutexes 0

[t=3.55335s, 119760 KB] In ts_7_50 of size 18 found num new op-mutexes 0
[t=3.55357s, 119760 KB] Operator mutex finished iteration 7. Found an additional 0 operator mutexes

[t=3.55655s, 119760 KB] Next pair of indices: (8, 39)
[t=3.55659s, 119760 KB] M&S algorithm main loop timer: 3.51648s (after computation of next merge)
[t=3.55712s, 119760 KB] M&S algorithm main loop timer: 3.51706s (after merging)
[t=3.55734s, 119760 KB] M&S algorithm main loop timer: 3.51724s (after pruning)

[t=3.55738s, 119760 KB] Operator mutex starting iteration 8

[t=3.55796s, 119760 KB] In ts_8_9 of size 2 found num new op-mutexes 0

[t=3.55849s, 119760 KB] In ts_8_10 of size 2 found num new op-mutexes 0

[t=3.55901s, 119760 KB] In ts_8_11 of size 2 found num new op-mutexes 0

[t=3.55953s, 119760 KB] In ts_8_12 of size 2 found num new op-mutexes 0

[t=3.56004s, 119760 KB] In ts_8_13 of size 2 found num new op-mutexes 0

[t=3.56056s, 119760 KB] In ts_8_14 of size 2 found num new op-mutexes 0

[t=3.56106s, 119760 KB] In ts_8_15 of size 2 found num new op-mutexes 0

[t=3.56159s, 119760 KB] In ts_8_16 of size 2 found num new op-mutexes 0

[t=3.56211s, 119760 KB] In ts_8_17 of size 2 found num new op-mutexes 0

[t=3.56263s, 119760 KB] In ts_8_18 of size 2 found num new op-mutexes 0

[t=3.56313s, 119760 KB] In ts_8_19 of size 2 found num new op-mutexes 0

[t=3.56367s, 119760 KB] In ts_8_20 of size 2 found num new op-mutexes 0

[t=3.56419s, 119760 KB] In ts_8_21 of size 2 found num new op-mutexes 0

[t=3.56469s, 119760 KB] In ts_8_22 of size 2 found num new op-mutexes 0

[t=3.56521s, 119760 KB] In ts_8_23 of size 2 found num new op-mutexes 0

[t=3.56571s, 119760 KB] In ts_8_24 of size 2 found num new op-mutexes 0

[t=3.56625s, 119760 KB] In ts_8_25 of size 2 found num new op-mutexes 0

[t=3.56676s, 119760 KB] In ts_8_26 of size 2 found num new op-mutexes 0

[t=3.56727s, 119760 KB] In ts_8_27 of size 2 found num new op-mutexes 0

[t=3.56778s, 119760 KB] In ts_8_28 of size 2 found num new op-mutexes 0

[t=3.56829s, 119760 KB] In ts_8_29 of size 2 found num new op-mutexes 0

[t=3.5688s, 119760 KB] In ts_8_30 of size 2 found num new op-mutexes 0

[t=3.59763s, 119760 KB] In ts_8_40 of size 18 found num new op-mutexes 0

[t=3.62468s, 119760 KB] In ts_8_41 of size 18 found num new op-mutexes 0

[t=3.6522s, 119760 KB] In ts_8_42 of size 18 found num new op-mutexes 0

[t=3.67836s, 119760 KB] In ts_8_43 of size 18 found num new op-mutexes 0

[t=3.71944s, 119760 KB] In ts_8_44 of size 18 found num new op-mutexes 0

[t=3.75972s, 119760 KB] In ts_8_45 of size 18 found num new op-mutexes 0

[t=3.79805s, 119760 KB] In ts_8_46 of size 18 found num new op-mutexes 0

[t=3.83455s, 119760 KB] In ts_8_47 of size 18 found num new op-mutexes 0

[t=3.87027s, 119760 KB] In ts_8_48 of size 18 found num new op-mutexes 0

[t=3.90709s, 119760 KB] In ts_8_49 of size 18 found num new op-mutexes 0

[t=3.93963s, 119760 KB] In ts_8_50 of size 18 found num new op-mutexes 0

[t=3.96777s, 119760 KB] In ts_8_51 of size 18 found num new op-mutexes 0
[t=3.96798s, 119760 KB] Operator mutex finished iteration 8. Found an additional 0 operator mutexes

[t=3.97083s, 119760 KB] Next pair of indices: (9, 40)
[t=3.97086s, 119760 KB] M&S algorithm main loop timer: 3.93076s (after computation of next merge)
[t=3.97142s, 119760 KB] M&S algorithm main loop timer: 3.93135s (after merging)
[t=3.97165s, 119760 KB] M&S algorithm main loop timer: 3.93155s (after pruning)

[t=3.97168s, 119760 KB] Operator mutex starting iteration 9

[t=3.97223s, 119760 KB] In ts_9_10 of size 2 found num new op-mutexes 0

[t=3.97274s, 119760 KB] In ts_9_11 of size 2 found num new op-mutexes 0

[t=3.97326s, 119760 KB] In ts_9_12 of size 2 found num new op-mutexes 0

[t=3.97377s, 119760 KB] In ts_9_13 of size 2 found num new op-mutexes 0

[t=3.97428s, 119760 KB] In ts_9_14 of size 2 found num new op-mutexes 0

[t=3.97479s, 119760 KB] In ts_9_15 of size 2 found num new op-mutexes 0

[t=3.97531s, 119760 KB] In ts_9_16 of size 2 found num new op-mutexes 0

[t=3.97581s, 119760 KB] In ts_9_17 of size 2 found num new op-mutexes 0

[t=3.97634s, 119760 KB] In ts_9_18 of size 2 found num new op-mutexes 0

[t=3.97686s, 119760 KB] In ts_9_19 of size 2 found num new op-mutexes 0

[t=3.97737s, 119760 KB] In ts_9_20 of size 2 found num new op-mutexes 0

[t=3.97788s, 119760 KB] In ts_9_21 of size 2 found num new op-mutexes 0

[t=3.97839s, 119760 KB] In ts_9_22 of size 2 found num new op-mutexes 0

[t=3.9789s, 119760 KB] In ts_9_23 of size 2 found num new op-mutexes 0

[t=3.97941s, 119760 KB] In ts_9_24 of size 2 found num new op-mutexes 0

[t=3.97993s, 119760 KB] In ts_9_25 of size 2 found num new op-mutexes 0

[t=3.98044s, 119760 KB] In ts_9_26 of size 2 found num new op-mutexes 0

[t=3.98095s, 119760 KB] In ts_9_27 of size 2 found num new op-mutexes 0

[t=3.98148s, 119760 KB] In ts_9_28 of size 2 found num new op-mutexes 0

[t=3.98199s, 119760 KB] In ts_9_29 of size 2 found num new op-mutexes 0

[t=3.98251s, 119760 KB] In ts_9_30 of size 2 found num new op-mutexes 0

[t=4.00886s, 119760 KB] In ts_9_41 of size 18 found num new op-mutexes 0

[t=4.03577s, 119760 KB] In ts_9_42 of size 18 found num new op-mutexes 0

[t=4.06165s, 119760 KB] In ts_9_43 of size 18 found num new op-mutexes 0

[t=4.10162s, 119760 KB] In ts_9_44 of size 18 found num new op-mutexes 0

[t=4.14065s, 119760 KB] In ts_9_45 of size 18 found num new op-mutexes 0

[t=4.17791s, 119760 KB] In ts_9_46 of size 18 found num new op-mutexes 0

[t=4.21291s, 119760 KB] In ts_9_47 of size 18 found num new op-mutexes 0

[t=4.24874s, 119760 KB] In ts_9_48 of size 18 found num new op-mutexes 0

[t=4.2851s, 119760 KB] In ts_9_49 of size 18 found num new op-mutexes 0

[t=4.31721s, 119760 KB] In ts_9_50 of size 18 found num new op-mutexes 0

[t=4.34513s, 119760 KB] In ts_9_51 of size 18 found num new op-mutexes 0

[t=4.37317s, 119760 KB] In ts_9_52 of size 18 found num new op-mutexes 0
[t=4.3734s, 119760 KB] Operator mutex finished iteration 9. Found an additional 0 operator mutexes

[t=4.37609s, 119760 KB] Next pair of indices: (10, 41)
[t=4.37614s, 119760 KB] M&S algorithm main loop timer: 4.33604s (after computation of next merge)
[t=4.3767s, 119760 KB] M&S algorithm main loop timer: 4.33663s (after merging)
[t=4.37691s, 119760 KB] M&S algorithm main loop timer: 4.33681s (after pruning)

[t=4.37694s, 119760 KB] Operator mutex starting iteration 10

[t=4.37747s, 119760 KB] In ts_10_11 of size 2 found num new op-mutexes 0

[t=4.378s, 119760 KB] In ts_10_12 of size 2 found num new op-mutexes 0

[t=4.37851s, 119760 KB] In ts_10_13 of size 2 found num new op-mutexes 0

[t=4.37905s, 119760 KB] In ts_10_14 of size 2 found num new op-mutexes 0

[t=4.37956s, 119760 KB] In ts_10_15 of size 2 found num new op-mutexes 0

[t=4.38011s, 119760 KB] In ts_10_16 of size 2 found num new op-mutexes 0

[t=4.38063s, 119760 KB] In ts_10_17 of size 2 found num new op-mutexes 0

[t=4.38114s, 119760 KB] In ts_10_18 of size 2 found num new op-mutexes 0

[t=4.38166s, 119760 KB] In ts_10_19 of size 2 found num new op-mutexes 0

[t=4.38217s, 119760 KB] In ts_10_20 of size 2 found num new op-mutexes 0

[t=4.38269s, 119760 KB] In ts_10_21 of size 2 found num new op-mutexes 0

[t=4.38322s, 119760 KB] In ts_10_22 of size 2 found num new op-mutexes 0

[t=4.38373s, 119760 KB] In ts_10_23 of size 2 found num new op-mutexes 0

[t=4.38425s, 119760 KB] In ts_10_24 of size 2 found num new op-mutexes 0

[t=4.38477s, 119760 KB] In ts_10_25 of size 2 found num new op-mutexes 0

[t=4.38528s, 119760 KB] In ts_10_26 of size 2 found num new op-mutexes 0

[t=4.3858s, 119760 KB] In ts_10_27 of size 2 found num new op-mutexes 0

[t=4.38632s, 119760 KB] In ts_10_28 of size 2 found num new op-mutexes 0

[t=4.38683s, 119760 KB] In ts_10_29 of size 2 found num new op-mutexes 0

[t=4.38734s, 119760 KB] In ts_10_30 of size 2 found num new op-mutexes 0

[t=4.41476s, 119760 KB] In ts_10_42 of size 18 found num new op-mutexes 0

[t=4.44071s, 119760 KB] In ts_10_43 of size 18 found num new op-mutexes 0

[t=4.48132s, 119760 KB] In ts_10_44 of size 18 found num new op-mutexes 0

[t=4.52083s, 119760 KB] In ts_10_45 of size 18 found num new op-mutexes 0

[t=4.55878s, 119760 KB] In ts_10_46 of size 18 found num new op-mutexes 0

[t=4.5944s, 119760 KB] In ts_10_47 of size 18 found num new op-mutexes 0

[t=4.62971s, 119760 KB] In ts_10_48 of size 18 found num new op-mutexes 0

[t=4.66636s, 119760 KB] In ts_10_49 of size 18 found num new op-mutexes 0

[t=4.69828s, 119760 KB] In ts_10_50 of size 18 found num new op-mutexes 0

[t=4.72646s, 119760 KB] In ts_10_51 of size 18 found num new op-mutexes 0

[t=4.75452s, 119760 KB] In ts_10_52 of size 18 found num new op-mutexes 0

[t=4.7811s, 119760 KB] In ts_10_53 of size 18 found num new op-mutexes 0
[t=4.78134s, 119760 KB] Operator mutex finished iteration 10. Found an additional 0 operator mutexes

[t=4.78404s, 119760 KB] Next pair of indices: (11, 42)
[t=4.78407s, 119760 KB] M&S algorithm main loop timer: 4.74397s (after computation of next merge)
[t=4.78464s, 119760 KB] M&S algorithm main loop timer: 4.74458s (after merging)
[t=4.78486s, 119760 KB] M&S algorithm main loop timer: 4.74476s (after pruning)

[t=4.78489s, 119760 KB] Operator mutex starting iteration 11

[t=4.78543s, 119760 KB] In ts_11_12 of size 2 found num new op-mutexes 0

[t=4.78596s, 119760 KB] In ts_11_13 of size 2 found num new op-mutexes 0

[t=4.78646s, 119760 KB] In ts_11_14 of size 2 found num new op-mutexes 0

[t=4.78697s, 119760 KB] In ts_11_15 of size 2 found num new op-mutexes 0

[t=4.78748s, 119760 KB] In ts_11_16 of size 2 found num new op-mutexes 0

[t=4.788s, 119760 KB] In ts_11_17 of size 2 found num new op-mutexes 0

[t=4.78853s, 119760 KB] In ts_11_18 of size 2 found num new op-mutexes 0

[t=4.78906s, 119760 KB] In ts_11_19 of size 2 found num new op-mutexes 0

[t=4.78957s, 119760 KB] In ts_11_20 of size 2 found num new op-mutexes 0

[t=4.79009s, 119760 KB] In ts_11_21 of size 2 found num new op-mutexes 0

[t=4.79059s, 119760 KB] In ts_11_22 of size 2 found num new op-mutexes 0

[t=4.79111s, 119760 KB] In ts_11_23 of size 2 found num new op-mutexes 0

[t=4.79162s, 119760 KB] In ts_11_24 of size 2 found num new op-mutexes 0

[t=4.79214s, 119760 KB] In ts_11_25 of size 2 found num new op-mutexes 0

[t=4.79265s, 119760 KB] In ts_11_26 of size 2 found num new op-mutexes 0

[t=4.79318s, 119760 KB] In ts_11_27 of size 2 found num new op-mutexes 0

[t=4.7937s, 119760 KB] In ts_11_28 of size 2 found num new op-mutexes 0

[t=4.79421s, 119760 KB] In ts_11_29 of size 2 found num new op-mutexes 0

[t=4.79472s, 119760 KB] In ts_11_30 of size 2 found num new op-mutexes 0

[t=4.82084s, 119760 KB] In ts_11_43 of size 18 found num new op-mutexes 0

[t=4.86191s, 119760 KB] In ts_11_44 of size 18 found num new op-mutexes 0

[t=4.90175s, 119760 KB] In ts_11_45 of size 18 found num new op-mutexes 0

[t=4.93979s, 119760 KB] In ts_11_46 of size 18 found num new op-mutexes 0

[t=4.97533s, 119760 KB] In ts_11_47 of size 18 found num new op-mutexes 0

[t=5.01047s, 119760 KB] In ts_11_48 of size 18 found num new op-mutexes 0

[t=5.04664s, 119760 KB] In ts_11_49 of size 18 found num new op-mutexes 0

[t=5.07862s, 119760 KB] In ts_11_50 of size 18 found num new op-mutexes 0

[t=5.10669s, 119760 KB] In ts_11_51 of size 18 found num new op-mutexes 0

[t=5.13482s, 119760 KB] In ts_11_52 of size 18 found num new op-mutexes 0

[t=5.16109s, 119760 KB] In ts_11_53 of size 18 found num new op-mutexes 0

[t=5.18762s, 119760 KB] In ts_11_54 of size 18 found num new op-mutexes 0
[t=5.18783s, 119760 KB] Operator mutex finished iteration 11. Found an additional 0 operator mutexes

[t=5.19051s, 119760 KB] Next pair of indices: (12, 54)
[t=5.19055s, 119760 KB] M&S algorithm main loop timer: 5.15045s (after computation of next merge)
[t=5.19118s, 119760 KB] M&S algorithm main loop timer: 5.15109s (after merging)

[t=5.19123s, 119760 KB] Operator mutex starting iteration 12

[t=5.19177s, 119760 KB] In ts_12_13 of size 2 found num new op-mutexes 0

[t=5.1923s, 119760 KB] In ts_12_14 of size 2 found num new op-mutexes 0

[t=5.19282s, 119760 KB] In ts_12_15 of size 2 found num new op-mutexes 0

[t=5.19336s, 119760 KB] In ts_12_16 of size 2 found num new op-mutexes 0

[t=5.19387s, 119760 KB] In ts_12_17 of size 2 found num new op-mutexes 0

[t=5.19439s, 119760 KB] In ts_12_18 of size 2 found num new op-mutexes 0

[t=5.19492s, 119760 KB] In ts_12_19 of size 2 found num new op-mutexes 0

[t=5.19545s, 119760 KB] In ts_12_20 of size 2 found num new op-mutexes 0

[t=5.19598s, 119760 KB] In ts_12_21 of size 2 found num new op-mutexes 0

[t=5.1965s, 119760 KB] In ts_12_22 of size 2 found num new op-mutexes 0

[t=5.19704s, 119760 KB] In ts_12_23 of size 2 found num new op-mutexes 0

[t=5.19757s, 119760 KB] In ts_12_24 of size 2 found num new op-mutexes 0

[t=5.19808s, 119760 KB] In ts_12_25 of size 2 found num new op-mutexes 0

[t=5.1986s, 119760 KB] In ts_12_26 of size 2 found num new op-mutexes 0

[t=5.19911s, 119760 KB] In ts_12_27 of size 2 found num new op-mutexes 0

[t=5.19965s, 119760 KB] In ts_12_28 of size 2 found num new op-mutexes 0

[t=5.20018s, 119760 KB] In ts_12_29 of size 2 found num new op-mutexes 0

[t=5.20069s, 119760 KB] In ts_12_30 of size 2 found num new op-mutexes 0

[t=5.22672s, 119760 KB] In ts_12_43 of size 18 found num new op-mutexes 0

[t=5.26723s, 119760 KB] In ts_12_44 of size 18 found num new op-mutexes 0

[t=5.30678s, 119760 KB] In ts_12_45 of size 18 found num new op-mutexes 0

[t=5.34456s, 119760 KB] In ts_12_46 of size 18 found num new op-mutexes 0

[t=5.37995s, 119760 KB] In ts_12_47 of size 18 found num new op-mutexes 0

[t=5.41519s, 119760 KB] In ts_12_48 of size 18 found num new op-mutexes 0

[t=5.45159s, 119760 KB] In ts_12_49 of size 18 found num new op-mutexes 0

[t=5.48375s, 119760 KB] In ts_12_50 of size 18 found num new op-mutexes 0

[t=5.51176s, 119760 KB] In ts_12_51 of size 18 found num new op-mutexes 0

[t=5.53985s, 119760 KB] In ts_12_52 of size 18 found num new op-mutexes 0

[t=5.56613s, 119760 KB] In ts_12_53 of size 18 found num new op-mutexes 0

[t=5.59367s, 119760 KB] In ts_12_55 of size 36 found num new op-mutexes 0
[t=5.5939s, 119760 KB] Operator mutex finished iteration 12. Found an additional 0 operator mutexes

[t=5.59675s, 119760 KB] Next pair of indices: (13, 55)
[t=5.59679s, 119760 KB] M&S algorithm main loop timer: 5.55668s (after computation of next merge)
[t=5.59753s, 119760 KB] M&S algorithm main loop timer: 5.55743s (after merging)

[t=5.59758s, 119760 KB] Operator mutex starting iteration 13

[t=5.59808s, 119760 KB] In ts_13_14 of size 2 found num new op-mutexes 0

[t=5.59863s, 119760 KB] In ts_13_15 of size 2 found num new op-mutexes 0

[t=5.59916s, 119760 KB] In ts_13_16 of size 2 found num new op-mutexes 0

[t=5.59968s, 119760 KB] In ts_13_17 of size 2 found num new op-mutexes 0

[t=5.60019s, 119760 KB] In ts_13_18 of size 2 found num new op-mutexes 0

[t=5.60073s, 119760 KB] In ts_13_19 of size 2 found num new op-mutexes 0

[t=5.60124s, 119760 KB] In ts_13_20 of size 2 found num new op-mutexes 0

[t=5.60177s, 119760 KB] In ts_13_21 of size 2 found num new op-mutexes 0

[t=5.60231s, 119760 KB] In ts_13_22 of size 2 found num new op-mutexes 0

[t=5.60283s, 119760 KB] In ts_13_23 of size 2 found num new op-mutexes 0

[t=5.60336s, 119760 KB] In ts_13_24 of size 2 found num new op-mutexes 0

[t=5.60387s, 119760 KB] In ts_13_25 of size 2 found num new op-mutexes 0

[t=5.6044s, 119760 KB] In ts_13_26 of size 2 found num new op-mutexes 0

[t=5.60493s, 119760 KB] In ts_13_27 of size 2 found num new op-mutexes 0

[t=5.60547s, 119760 KB] In ts_13_28 of size 2 found num new op-mutexes 0

[t=5.606s, 119760 KB] In ts_13_29 of size 2 found num new op-mutexes 0

[t=5.60652s, 119760 KB] In ts_13_30 of size 2 found num new op-mutexes 0

[t=5.63283s, 119760 KB] In ts_13_43 of size 18 found num new op-mutexes 0

[t=5.67369s, 119760 KB] In ts_13_44 of size 18 found num new op-mutexes 0

[t=5.71386s, 119760 KB] In ts_13_45 of size 18 found num new op-mutexes 0

[t=5.75217s, 119760 KB] In ts_13_46 of size 18 found num new op-mutexes 0

[t=5.78812s, 119760 KB] In ts_13_47 of size 18 found num new op-mutexes 0

[t=5.8237s, 119760 KB] In ts_13_48 of size 18 found num new op-mutexes 0

[t=5.86062s, 119760 KB] In ts_13_49 of size 18 found num new op-mutexes 0

[t=5.89319s, 119760 KB] In ts_13_50 of size 18 found num new op-mutexes 0

[t=5.92182s, 119760 KB] In ts_13_51 of size 18 found num new op-mutexes 0

[t=5.95036s, 119760 KB] In ts_13_52 of size 18 found num new op-mutexes 0

[t=5.97667s, 119760 KB] In ts_13_53 of size 18 found num new op-mutexes 0

[t=6.0044s, 119760 KB] In ts_13_56 of size 72 found num new op-mutexes 0
[t=6.00463s, 119760 KB] Operator mutex finished iteration 13. Found an additional 0 operator mutexes

[t=6.00715s, 119760 KB] Next pair of indices: (14, 56)
[t=6.00719s, 119760 KB] M&S algorithm main loop timer: 5.96708s (after computation of next merge)
[t=6.00811s, 119760 KB] M&S algorithm main loop timer: 5.96803s (after merging)

[t=6.00817s, 119760 KB] Operator mutex starting iteration 14

[t=6.00868s, 119760 KB] In ts_14_15 of size 2 found num new op-mutexes 0

[t=6.00921s, 119760 KB] In ts_14_16 of size 2 found num new op-mutexes 0

[t=6.00974s, 119760 KB] In ts_14_17 of size 2 found num new op-mutexes 0

[t=6.01027s, 119760 KB] In ts_14_18 of size 2 found num new op-mutexes 0

[t=6.0108s, 119760 KB] In ts_14_19 of size 2 found num new op-mutexes 0

[t=6.01133s, 119760 KB] In ts_14_20 of size 2 found num new op-mutexes 0

[t=6.01186s, 119760 KB] In ts_14_21 of size 2 found num new op-mutexes 0

[t=6.0124s, 119760 KB] In ts_14_22 of size 2 found num new op-mutexes 0

[t=6.01294s, 119760 KB] In ts_14_23 of size 2 found num new op-mutexes 0

[t=6.01348s, 119760 KB] In ts_14_24 of size 2 found num new op-mutexes 0

[t=6.01402s, 119760 KB] In ts_14_25 of size 2 found num new op-mutexes 0

[t=6.01456s, 119760 KB] In ts_14_26 of size 2 found num new op-mutexes 0

[t=6.01508s, 119760 KB] In ts_14_27 of size 2 found num new op-mutexes 0

[t=6.01561s, 119760 KB] In ts_14_28 of size 2 found num new op-mutexes 0

[t=6.01614s, 119760 KB] In ts_14_29 of size 2 found num new op-mutexes 0

[t=6.01667s, 119760 KB] In ts_14_30 of size 2 found num new op-mutexes 0

[t=6.04261s, 119760 KB] In ts_14_43 of size 18 found num new op-mutexes 0

[t=6.08319s, 119760 KB] In ts_14_44 of size 18 found num new op-mutexes 0

[t=6.12282s, 119760 KB] In ts_14_45 of size 18 found num new op-mutexes 0

[t=6.1609s, 119760 KB] In ts_14_46 of size 18 found num new op-mutexes 0

[t=6.19642s, 119760 KB] In ts_14_47 of size 18 found num new op-mutexes 0

[t=6.23245s, 119760 KB] In ts_14_48 of size 18 found num new op-mutexes 0

[t=6.2709s, 119760 KB] In ts_14_49 of size 18 found num new op-mutexes 0

[t=6.3049s, 119760 KB] In ts_14_50 of size 18 found num new op-mutexes 0

[t=6.3347s, 119760 KB] In ts_14_51 of size 18 found num new op-mutexes 0

[t=6.3645s, 119760 KB] In ts_14_52 of size 18 found num new op-mutexes 0

[t=6.3927s, 119760 KB] In ts_14_53 of size 18 found num new op-mutexes 0

[t=6.42535s, 119760 KB] In ts_14_57 of size 144 found num new op-mutexes 0
[t=6.42562s, 119760 KB] Operator mutex finished iteration 14. Found an additional 0 operator mutexes

[t=6.4282s, 119760 KB] Next pair of indices: (15, 57)
[t=6.42824s, 119760 KB] M&S algorithm main loop timer: 6.38814s (after computation of next merge)
[t=6.42973s, 119760 KB] M&S algorithm main loop timer: 6.38965s (after merging)

[t=6.42981s, 119760 KB] Operator mutex starting iteration 15

[t=6.43033s, 119760 KB] In ts_15_16 of size 2 found num new op-mutexes 0

[t=6.43089s, 119760 KB] In ts_15_17 of size 2 found num new op-mutexes 0

[t=6.43145s, 119760 KB] In ts_15_18 of size 2 found num new op-mutexes 0

[t=6.43199s, 119760 KB] In ts_15_19 of size 2 found num new op-mutexes 0

[t=6.43254s, 119760 KB] In ts_15_20 of size 2 found num new op-mutexes 0

[t=6.43307s, 119760 KB] In ts_15_21 of size 2 found num new op-mutexes 0

[t=6.43361s, 119760 KB] In ts_15_22 of size 2 found num new op-mutexes 0

[t=6.43413s, 119760 KB] In ts_15_23 of size 2 found num new op-mutexes 0

[t=6.43467s, 119760 KB] In ts_15_24 of size 2 found num new op-mutexes 0

[t=6.43522s, 119760 KB] In ts_15_25 of size 2 found num new op-mutexes 0

[t=6.43577s, 119760 KB] In ts_15_26 of size 2 found num new op-mutexes 0

[t=6.43629s, 119760 KB] In ts_15_27 of size 2 found num new op-mutexes 0

[t=6.43683s, 119760 KB] In ts_15_28 of size 2 found num new op-mutexes 0

[t=6.43736s, 119760 KB] In ts_15_29 of size 2 found num new op-mutexes 0

[t=6.43788s, 119760 KB] In ts_15_30 of size 2 found num new op-mutexes 0

[t=6.46579s, 119760 KB] In ts_15_43 of size 18 found num new op-mutexes 0

[t=6.50939s, 119760 KB] In ts_15_44 of size 18 found num new op-mutexes 0

[t=6.55098s, 119760 KB] In ts_15_45 of size 18 found num new op-mutexes 0

[t=6.5907s, 119760 KB] In ts_15_46 of size 18 found num new op-mutexes 0

[t=6.62846s, 119760 KB] In ts_15_47 of size 18 found num new op-mutexes 0

[t=6.66585s, 119760 KB] In ts_15_48 of size 18 found num new op-mutexes 0

[t=6.7044s, 119760 KB] In ts_15_49 of size 18 found num new op-mutexes 0

[t=6.73815s, 119760 KB] In ts_15_50 of size 18 found num new op-mutexes 0

[t=6.76807s, 119760 KB] In ts_15_51 of size 18 found num new op-mutexes 0

[t=6.79775s, 119760 KB] In ts_15_52 of size 18 found num new op-mutexes 0

[t=6.82603s, 119760 KB] In ts_15_53 of size 18 found num new op-mutexes 0

[t=6.85946s, 119760 KB] In ts_15_58 of size 288 found num new op-mutexes 0
[t=6.85974s, 119760 KB] Operator mutex finished iteration 15. Found an additional 0 operator mutexes

[t=6.86225s, 119760 KB] Next pair of indices: (16, 58)
[t=6.86229s, 119760 KB] M&S algorithm main loop timer: 6.82218s (after computation of next merge)
[t=6.8652s, 119760 KB] M&S algorithm main loop timer: 6.82512s (after merging)

[t=6.86529s, 119760 KB] Operator mutex starting iteration 16

[t=6.86582s, 119760 KB] In ts_16_17 of size 2 found num new op-mutexes 0

[t=6.86638s, 119760 KB] In ts_16_18 of size 2 found num new op-mutexes 0

[t=6.86693s, 119760 KB] In ts_16_19 of size 2 found num new op-mutexes 0

[t=6.86749s, 119760 KB] In ts_16_20 of size 2 found num new op-mutexes 0

[t=6.86804s, 119760 KB] In ts_16_21 of size 2 found num new op-mutexes 0

[t=6.86857s, 119760 KB] In ts_16_22 of size 2 found num new op-mutexes 0

[t=6.8691s, 119760 KB] In ts_16_23 of size 2 found num new op-mutexes 0

[t=6.86966s, 119760 KB] In ts_16_24 of size 2 found num new op-mutexes 0

[t=6.8702s, 119760 KB] In ts_16_25 of size 2 found num new op-mutexes 0

[t=6.87074s, 119760 KB] In ts_16_26 of size 2 found num new op-mutexes 0

[t=6.87127s, 119760 KB] In ts_16_27 of size 2 found num new op-mutexes 0

[t=6.87181s, 119760 KB] In ts_16_28 of size 2 found num new op-mutexes 0

[t=6.87234s, 119760 KB] In ts_16_29 of size 2 found num new op-mutexes 0

[t=6.87288s, 119760 KB] In ts_16_30 of size 2 found num new op-mutexes 0

[t=6.89894s, 119760 KB] In ts_16_43 of size 18 found num new op-mutexes 0

[t=6.94019s, 119760 KB] In ts_16_44 of size 18 found num new op-mutexes 0

[t=6.97997s, 119760 KB] In ts_16_45 of size 18 found num new op-mutexes 0

[t=7.01792s, 119760 KB] In ts_16_46 of size 18 found num new op-mutexes 0

[t=7.05336s, 119760 KB] In ts_16_47 of size 18 found num new op-mutexes 0

[t=7.08869s, 119760 KB] In ts_16_48 of size 18 found num new op-mutexes 0

[t=7.12502s, 119760 KB] In ts_16_49 of size 18 found num new op-mutexes 0

[t=7.15703s, 119760 KB] In ts_16_50 of size 18 found num new op-mutexes 0

[t=7.18513s, 119760 KB] In ts_16_51 of size 18 found num new op-mutexes 0

[t=7.2134s, 119760 KB] In ts_16_52 of size 18 found num new op-mutexes 0

[t=7.23945s, 119760 KB] In ts_16_53 of size 18 found num new op-mutexes 0

[t=7.27687s, 119760 KB] In ts_16_59 of size 576 found num new op-mutexes 0
[t=7.27716s, 119760 KB] Operator mutex finished iteration 16. Found an additional 0 operator mutexes

[t=7.27964s, 119760 KB] Next pair of indices: (17, 59)
[t=7.27968s, 119760 KB] M&S algorithm main loop timer: 7.23957s (after computation of next merge)
[t=7.28715s, 119760 KB] M&S algorithm main loop timer: 7.24709s (after merging)

[t=7.2873s, 119760 KB] Operator mutex starting iteration 17

[t=7.28782s, 119760 KB] In ts_17_18 of size 2 found num new op-mutexes 0

[t=7.28837s, 119760 KB] In ts_17_19 of size 2 found num new op-mutexes 0

[t=7.28893s, 119760 KB] In ts_17_20 of size 2 found num new op-mutexes 0

[t=7.28947s, 119760 KB] In ts_17_21 of size 2 found num new op-mutexes 0

[t=7.29002s, 119760 KB] In ts_17_22 of size 2 found num new op-mutexes 0

[t=7.29058s, 119760 KB] In ts_17_23 of size 2 found num new op-mutexes 0

[t=7.29111s, 119760 KB] In ts_17_24 of size 2 found num new op-mutexes 0

[t=7.29166s, 119760 KB] In ts_17_25 of size 2 found num new op-mutexes 0

[t=7.2922s, 119760 KB] In ts_17_26 of size 2 found num new op-mutexes 0

[t=7.29274s, 119760 KB] In ts_17_27 of size 2 found num new op-mutexes 0

[t=7.29329s, 119760 KB] In ts_17_28 of size 2 found num new op-mutexes 0

[t=7.29386s, 119760 KB] In ts_17_29 of size 2 found num new op-mutexes 0

[t=7.29444s, 119760 KB] In ts_17_30 of size 2 found num new op-mutexes 0

[t=7.32067s, 119760 KB] In ts_17_43 of size 18 found num new op-mutexes 0

[t=7.3613s, 119760 KB] In ts_17_44 of size 18 found num new op-mutexes 0

[t=7.40089s, 119760 KB] In ts_17_45 of size 18 found num new op-mutexes 0

[t=7.43911s, 119760 KB] In ts_17_46 of size 18 found num new op-mutexes 0

[t=7.47508s, 119760 KB] In ts_17_47 of size 18 found num new op-mutexes 0

[t=7.5106s, 119760 KB] In ts_17_48 of size 18 found num new op-mutexes 0

[t=7.54674s, 119760 KB] In ts_17_49 of size 18 found num new op-mutexes 0

[t=7.57865s, 119760 KB] In ts_17_50 of size 18 found num new op-mutexes 0

[t=7.60662s, 119760 KB] In ts_17_51 of size 18 found num new op-mutexes 0

[t=7.63477s, 119760 KB] In ts_17_52 of size 18 found num new op-mutexes 0

[t=7.66105s, 119760 KB] In ts_17_53 of size 18 found num new op-mutexes 0

[t=7.71741s, 119760 KB] In ts_17_60 of size 1152 found num new op-mutexes 0
[t=7.71774s, 119760 KB] Operator mutex finished iteration 17. Found an additional 0 operator mutexes

[t=7.72016s, 119760 KB] Next pair of indices: (18, 60)
[t=7.7202s, 119760 KB] M&S algorithm main loop timer: 7.68009s (after computation of next merge)
[t=7.74246s, 119760 KB] M&S algorithm main loop timer: 7.70242s (after merging)

[t=7.74287s, 119760 KB] Operator mutex starting iteration 18

[t=7.74379s, 119760 KB] In ts_18_19 of size 2 found num new op-mutexes 0

[t=7.74478s, 119760 KB] In ts_18_20 of size 2 found num new op-mutexes 0

[t=7.74546s, 119760 KB] In ts_18_21 of size 2 found num new op-mutexes 0

[t=7.74602s, 119760 KB] In ts_18_22 of size 2 found num new op-mutexes 0

[t=7.74656s, 119760 KB] In ts_18_23 of size 2 found num new op-mutexes 0

[t=7.74711s, 119760 KB] In ts_18_24 of size 2 found num new op-mutexes 0

[t=7.74766s, 119760 KB] In ts_18_25 of size 2 found num new op-mutexes 0

[t=7.7482s, 119760 KB] In ts_18_26 of size 2 found num new op-mutexes 0

[t=7.74876s, 119760 KB] In ts_18_27 of size 2 found num new op-mutexes 0

[t=7.74932s, 119760 KB] In ts_18_28 of size 2 found num new op-mutexes 0

[t=7.74987s, 119760 KB] In ts_18_29 of size 2 found num new op-mutexes 0

[t=7.75041s, 119760 KB] In ts_18_30 of size 2 found num new op-mutexes 0

[t=7.77648s, 119760 KB] In ts_18_43 of size 18 found num new op-mutexes 0

[t=7.81738s, 119760 KB] In ts_18_44 of size 18 found num new op-mutexes 0

[t=7.85725s, 119760 KB] In ts_18_45 of size 18 found num new op-mutexes 0

[t=7.89532s, 119760 KB] In ts_18_46 of size 18 found num new op-mutexes 0

[t=7.9308s, 119760 KB] In ts_18_47 of size 18 found num new op-mutexes 0

[t=7.96618s, 119760 KB] In ts_18_48 of size 18 found num new op-mutexes 0

[t=8.00229s, 119760 KB] In ts_18_49 of size 18 found num new op-mutexes 0

[t=8.03428s, 119760 KB] In ts_18_50 of size 18 found num new op-mutexes 0

[t=8.06242s, 119760 KB] In ts_18_51 of size 18 found num new op-mutexes 0

[t=8.09038s, 119760 KB] In ts_18_52 of size 18 found num new op-mutexes 0

[t=8.11657s, 119760 KB] In ts_18_53 of size 18 found num new op-mutexes 0

[t=8.22934s, 141020 KB] In ts_18_61 of size 2304 found num new op-mutexes 0
[t=8.2297s, 141020 KB] Operator mutex finished iteration 18. Found an additional 0 operator mutexes

[t=8.23231s, 141020 KB] Next pair of indices: (19, 61)
[t=8.23235s, 141020 KB] M&S algorithm main loop timer: 8.19225s (after computation of next merge)
[t=8.30254s, 141020 KB] M&S algorithm main loop timer: 8.26251s (after merging)

[t=8.30301s, 141020 KB] Operator mutex starting iteration 19

[t=8.3037s, 141020 KB] In ts_19_20 of size 2 found num new op-mutexes 0

[t=8.30438s, 141020 KB] In ts_19_21 of size 2 found num new op-mutexes 0

[t=8.30495s, 141020 KB] In ts_19_22 of size 2 found num new op-mutexes 0

[t=8.30552s, 141020 KB] In ts_19_23 of size 2 found num new op-mutexes 0

[t=8.30609s, 141020 KB] In ts_19_24 of size 2 found num new op-mutexes 0

[t=8.30666s, 141020 KB] In ts_19_25 of size 2 found num new op-mutexes 0

[t=8.30723s, 141020 KB] In ts_19_26 of size 2 found num new op-mutexes 0

[t=8.30781s, 141020 KB] In ts_19_27 of size 2 found num new op-mutexes 0

[t=8.30836s, 141020 KB] In ts_19_28 of size 2 found num new op-mutexes 0

[t=8.30891s, 141020 KB] In ts_19_29 of size 2 found num new op-mutexes 0

[t=8.30946s, 141020 KB] In ts_19_30 of size 2 found num new op-mutexes 0

[t=8.33561s, 141020 KB] In ts_19_43 of size 18 found num new op-mutexes 0

[t=8.3761s, 141020 KB] In ts_19_44 of size 18 found num new op-mutexes 0

[t=8.41575s, 141020 KB] In ts_19_45 of size 18 found num new op-mutexes 0

[t=8.45366s, 141020 KB] In ts_19_46 of size 18 found num new op-mutexes 0

[t=8.48917s, 141020 KB] In ts_19_47 of size 18 found num new op-mutexes 0

[t=8.52465s, 141020 KB] In ts_19_48 of size 18 found num new op-mutexes 0

[t=8.56106s, 141020 KB] In ts_19_49 of size 18 found num new op-mutexes 0

[t=8.5931s, 141020 KB] In ts_19_50 of size 18 found num new op-mutexes 0

[t=8.62121s, 141020 KB] In ts_19_51 of size 18 found num new op-mutexes 0

[t=8.64933s, 141020 KB] In ts_19_52 of size 18 found num new op-mutexes 0

[t=8.67562s, 141020 KB] In ts_19_53 of size 18 found num new op-mutexes 0

[t=8.93955s, 183676 KB] In ts_19_62 of size 4608 found num new op-mutexes 0
[t=8.93997s, 183676 KB] Operator mutex finished iteration 19. Found an additional 0 operator mutexes

[t=8.94308s, 183676 KB] Next pair of indices: (20, 62)
[t=8.94312s, 183676 KB] M&S algorithm main loop timer: 8.90301s (after computation of next merge)
[t=9.17205s, 183676 KB] M&S algorithm main loop timer: 9.13201s (after merging)

[t=9.17294s, 183676 KB] Operator mutex starting iteration 20

[t=9.17355s, 183676 KB] In ts_20_21 of size 2 found num new op-mutexes 0

[t=9.17413s, 183676 KB] In ts_20_22 of size 2 found num new op-mutexes 0

[t=9.17469s, 183676 KB] In ts_20_23 of size 2 found num new op-mutexes 0

[t=9.17527s, 183676 KB] In ts_20_24 of size 2 found num new op-mutexes 0

[t=9.17583s, 183676 KB] In ts_20_25 of size 2 found num new op-mutexes 0

[t=9.17639s, 183676 KB] In ts_20_26 of size 2 found num new op-mutexes 0

[t=9.17694s, 183676 KB] In ts_20_27 of size 2 found num new op-mutexes 0

[t=9.1775s, 183676 KB] In ts_20_28 of size 2 found num new op-mutexes 0

[t=9.17806s, 183676 KB] In ts_20_29 of size 2 found num new op-mutexes 0

[t=9.17863s, 183676 KB] In ts_20_30 of size 2 found num new op-mutexes 0

[t=9.20464s, 183676 KB] In ts_20_43 of size 18 found num new op-mutexes 0

[t=9.24536s, 183676 KB] In ts_20_44 of size 18 found num new op-mutexes 0

[t=9.28508s, 183676 KB] In ts_20_45 of size 18 found num new op-mutexes 0

[t=9.32297s, 183676 KB] In ts_20_46 of size 18 found num new op-mutexes 0

[t=9.35835s, 183676 KB] In ts_20_47 of size 18 found num new op-mutexes 0

[t=9.39373s, 183676 KB] In ts_20_48 of size 18 found num new op-mutexes 0

[t=9.42986s, 183676 KB] In ts_20_49 of size 18 found num new op-mutexes 0

[t=9.46205s, 183676 KB] In ts_20_50 of size 18 found num new op-mutexes 0

[t=9.49017s, 183676 KB] In ts_20_51 of size 18 found num new op-mutexes 0

[t=9.51863s, 183676 KB] In ts_20_52 of size 18 found num new op-mutexes 0

[t=9.54481s, 183676 KB] In ts_20_53 of size 18 found num new op-mutexes 0
[t=9.55055s, 183676 KB] Operator mutex finished iteration 20. Found an additional 0 operator mutexes

[t=9.55518s, 183676 KB] Next pair of indices: (21, 63)
[t=9.55526s, 183676 KB] M&S algorithm main loop timer: 9.51515s (after computation of next merge)
[t=10.2555s, 194708 KB] M&S algorithm main loop timer: 10.2155s (after merging)

[t=10.257s, 194708 KB] Operator mutex starting iteration 21

[t=10.2576s, 194708 KB] In ts_21_22 of size 2 found num new op-mutexes 0

[t=10.2582s, 194708 KB] In ts_21_23 of size 2 found num new op-mutexes 0

[t=10.2588s, 194708 KB] In ts_21_24 of size 2 found num new op-mutexes 0

[t=10.2594s, 194708 KB] In ts_21_25 of size 2 found num new op-mutexes 0

[t=10.26s, 194708 KB] In ts_21_26 of size 2 found num new op-mutexes 0

[t=10.2606s, 194708 KB] In ts_21_27 of size 2 found num new op-mutexes 0

[t=10.2611s, 194708 KB] In ts_21_28 of size 2 found num new op-mutexes 0

[t=10.2617s, 194708 KB] In ts_21_29 of size 2 found num new op-mutexes 0

[t=10.2623s, 194708 KB] In ts_21_30 of size 2 found num new op-mutexes 0

[t=10.2886s, 194708 KB] In ts_21_43 of size 18 found num new op-mutexes 0

[t=10.3291s, 194708 KB] In ts_21_44 of size 18 found num new op-mutexes 0

[t=10.3687s, 194708 KB] In ts_21_45 of size 18 found num new op-mutexes 0

[t=10.4068s, 194708 KB] In ts_21_46 of size 18 found num new op-mutexes 0

[t=10.4423s, 194708 KB] In ts_21_47 of size 18 found num new op-mutexes 0

[t=10.4776s, 194708 KB] In ts_21_48 of size 18 found num new op-mutexes 0

[t=10.5137s, 194708 KB] In ts_21_49 of size 18 found num new op-mutexes 0

[t=10.5459s, 194708 KB] In ts_21_50 of size 18 found num new op-mutexes 0

[t=10.5741s, 194708 KB] In ts_21_51 of size 18 found num new op-mutexes 0

[t=10.6023s, 194708 KB] In ts_21_52 of size 18 found num new op-mutexes 0

[t=10.6288s, 194708 KB] In ts_21_53 of size 18 found num new op-mutexes 0
[t=10.6469s, 206352 KB] Operator mutex finished iteration 21. Found an additional 0 operator mutexes

[t=10.6556s, 206352 KB] Next pair of indices: (22, 64)
[t=10.6557s, 206352 KB] M&S algorithm main loop timer: 10.6155s (after computation of next merge)
[t=12.6733s, 330712 KB] M&S algorithm main loop timer: 12.6333s (after merging)
[t=13.0118s, 330712 KB] M&S algorithm main loop timer: 12.9717s (after pruning)

[t=13.0119s, 330712 KB] Operator mutex starting iteration 22

[t=13.0124s, 330712 KB] In ts_22_23 of size 2 found num new op-mutexes 0

[t=13.013s, 330712 KB] In ts_22_24 of size 2 found num new op-mutexes 0

[t=13.0136s, 330712 KB] In ts_22_25 of size 2 found num new op-mutexes 0

[t=13.0142s, 330712 KB] In ts_22_26 of size 2 found num new op-mutexes 0

[t=13.0148s, 330712 KB] In ts_22_27 of size 2 found num new op-mutexes 0

[t=13.0154s, 330712 KB] In ts_22_28 of size 2 found num new op-mutexes 0

[t=13.016s, 330712 KB] In ts_22_29 of size 2 found num new op-mutexes 0

[t=13.0166s, 330712 KB] In ts_22_30 of size 2 found num new op-mutexes 0

[t=13.0428s, 330712 KB] In ts_22_43 of size 18 found num new op-mutexes 0

[t=13.0837s, 330712 KB] In ts_22_44 of size 18 found num new op-mutexes 0

[t=13.1235s, 330712 KB] In ts_22_45 of size 18 found num new op-mutexes 0

[t=13.1616s, 330712 KB] In ts_22_46 of size 18 found num new op-mutexes 0

[t=13.1972s, 330712 KB] In ts_22_47 of size 18 found num new op-mutexes 0

[t=13.2327s, 330712 KB] In ts_22_48 of size 18 found num new op-mutexes 0

[t=13.2691s, 330712 KB] In ts_22_49 of size 18 found num new op-mutexes 0

[t=13.3013s, 330712 KB] In ts_22_50 of size 18 found num new op-mutexes 0

[t=13.3298s, 330712 KB] In ts_22_51 of size 18 found num new op-mutexes 0

[t=13.358s, 330712 KB] In ts_22_52 of size 18 found num new op-mutexes 0

[t=13.3844s, 330712 KB] In ts_22_53 of size 18 found num new op-mutexes 0
[t=13.4353s, 354092 KB] Operator mutex finished iteration 22. Found an additional 0 operator mutexes

[t=13.4539s, 354092 KB] Next pair of indices: (23, 65)
[t=13.454s, 354092 KB] M&S algorithm main loop timer: 13.4139s (after computation of next merge)
[t=15.9306s, 412880 KB] M&S algorithm main loop timer: 15.8906s (after shrinking)
[t=18.0124s, 413992 KB] M&S algorithm main loop timer: 17.9724s (after merging)
[t=18.4375s, 413992 KB] M&S algorithm main loop timer: 18.3974s (after pruning)

[t=18.4376s, 413992 KB] Operator mutex starting iteration 23

[t=18.4381s, 413992 KB] In ts_23_24 of size 2 found num new op-mutexes 0

[t=18.4388s, 413992 KB] In ts_23_25 of size 2 found num new op-mutexes 0

[t=18.4394s, 413992 KB] In ts_23_26 of size 2 found num new op-mutexes 0

[t=18.44s, 413992 KB] In ts_23_27 of size 2 found num new op-mutexes 0

[t=18.4406s, 413992 KB] In ts_23_28 of size 2 found num new op-mutexes 0

[t=18.4412s, 413992 KB] In ts_23_29 of size 2 found num new op-mutexes 0

[t=18.4418s, 413992 KB] In ts_23_30 of size 2 found num new op-mutexes 0

[t=18.4679s, 413992 KB] In ts_23_43 of size 18 found num new op-mutexes 0

[t=18.5086s, 413992 KB] In ts_23_44 of size 18 found num new op-mutexes 0

[t=18.5483s, 413992 KB] In ts_23_45 of size 18 found num new op-mutexes 0

[t=18.5863s, 413992 KB] In ts_23_46 of size 18 found num new op-mutexes 0

[t=18.622s, 413992 KB] In ts_23_47 of size 18 found num new op-mutexes 0

[t=18.6574s, 413992 KB] In ts_23_48 of size 18 found num new op-mutexes 0

[t=18.6939s, 413992 KB] In ts_23_49 of size 18 found num new op-mutexes 0

[t=18.7258s, 413992 KB] In ts_23_50 of size 18 found num new op-mutexes 0

[t=18.7539s, 413992 KB] In ts_23_51 of size 18 found num new op-mutexes 0

[t=18.7822s, 413992 KB] In ts_23_52 of size 18 found num new op-mutexes 0

[t=18.8091s, 413992 KB] In ts_23_53 of size 18 found num new op-mutexes 0
[t=18.8559s, 428184 KB] Operator mutex finished iteration 23. Found an additional 0 operator mutexes

[t=18.8793s, 428184 KB] Next pair of indices: (24, 66)
[t=18.8794s, 428184 KB] M&S algorithm main loop timer: 18.8393s (after computation of next merge)
[t=23.6163s, 503772 KB] M&S algorithm main loop timer: 23.5763s (after shrinking)
[t=26.3881s, 503772 KB] M&S algorithm main loop timer: 26.3481s (after merging)

[t=26.391s, 503772 KB] Operator mutex starting iteration 24

[t=26.3916s, 503772 KB] In ts_24_25 of size 2 found num new op-mutexes 0

[t=26.3922s, 503772 KB] In ts_24_26 of size 2 found num new op-mutexes 0

[t=26.3928s, 503772 KB] In ts_24_27 of size 2 found num new op-mutexes 0

[t=26.3934s, 503772 KB] In ts_24_28 of size 2 found num new op-mutexes 0

[t=26.3941s, 503772 KB] In ts_24_29 of size 2 found num new op-mutexes 0

[t=26.3947s, 503772 KB] In ts_24_30 of size 2 found num new op-mutexes 0

[t=26.4203s, 503772 KB] In ts_24_43 of size 18 found num new op-mutexes 0

[t=26.4608s, 503772 KB] In ts_24_44 of size 18 found num new op-mutexes 0

[t=26.5006s, 503772 KB] In ts_24_45 of size 18 found num new op-mutexes 0

[t=26.5385s, 503772 KB] In ts_24_46 of size 18 found num new op-mutexes 0

[t=26.5737s, 503772 KB] In ts_24_47 of size 18 found num new op-mutexes 0

[t=26.6087s, 503772 KB] In ts_24_48 of size 18 found num new op-mutexes 0

[t=26.6445s, 503772 KB] In ts_24_49 of size 18 found num new op-mutexes 0

[t=26.6764s, 503772 KB] In ts_24_50 of size 18 found num new op-mutexes 0

[t=26.7045s, 503772 KB] In ts_24_51 of size 18 found num new op-mutexes 0

[t=26.7325s, 503772 KB] In ts_24_52 of size 18 found num new op-mutexes 0

[t=26.759s, 503772 KB] In ts_24_53 of size 18 found num new op-mutexes 0
[t=26.83s, 537828 KB] Operator mutex finished iteration 24. Found an additional 0 operator mutexes

[t=26.8607s, 537828 KB] Next pair of indices: (25, 67)
[t=26.8608s, 537828 KB] M&S algorithm main loop timer: 26.8207s (after computation of next merge)
[t=29.8179s, 649544 KB] M&S algorithm main loop timer: 29.7782s (after shrinking)
[t=30.198s, 649544 KB] M&S algorithm main loop timer: 30.158s (after merging)

[t=30.1989s, 649544 KB] Operator mutex starting iteration 25

[t=30.1995s, 649544 KB] In ts_25_26 of size 2 found num new op-mutexes 0

[t=30.2002s, 649544 KB] In ts_25_27 of size 2 found num new op-mutexes 0

[t=30.2008s, 649544 KB] In ts_25_28 of size 2 found num new op-mutexes 0

[t=30.2014s, 649544 KB] In ts_25_29 of size 2 found num new op-mutexes 0

[t=30.202s, 649544 KB] In ts_25_30 of size 2 found num new op-mutexes 0

[t=30.2276s, 649544 KB] In ts_25_43 of size 18 found num new op-mutexes 0

[t=30.2679s, 649544 KB] In ts_25_44 of size 18 found num new op-mutexes 0

[t=30.3072s, 649544 KB] In ts_25_45 of size 18 found num new op-mutexes 0

[t=30.3451s, 649544 KB] In ts_25_46 of size 18 found num new op-mutexes 0

[t=30.3803s, 649544 KB] In ts_25_47 of size 18 found num new op-mutexes 0

[t=30.4151s, 649544 KB] In ts_25_48 of size 18 found num new op-mutexes 0

[t=30.4509s, 649544 KB] In ts_25_49 of size 18 found num new op-mutexes 0

[t=30.4825s, 649544 KB] In ts_25_50 of size 18 found num new op-mutexes 0

[t=30.5102s, 649544 KB] In ts_25_51 of size 18 found num new op-mutexes 0

[t=30.5383s, 649544 KB] In ts_25_52 of size 18 found num new op-mutexes 0

[t=30.5645s, 649544 KB] In ts_25_53 of size 18 found num new op-mutexes 0
[t=30.5754s, 649544 KB] Operator mutex finished iteration 25. Found an additional 0 operator mutexes

[t=30.5821s, 649544 KB] Next pair of indices: (26, 68)
[t=30.5822s, 649544 KB] M&S algorithm main loop timer: 30.5421s (after computation of next merge)
[t=31.8428s, 649544 KB] M&S algorithm main loop timer: 31.8028s (after merging)

[t=31.8444s, 649544 KB] Operator mutex starting iteration 26

[t=31.845s, 649544 KB] In ts_26_27 of size 2 found num new op-mutexes 0

[t=31.8457s, 649544 KB] In ts_26_28 of size 2 found num new op-mutexes 0

[t=31.8463s, 649544 KB] In ts_26_29 of size 2 found num new op-mutexes 0

[t=31.8469s, 649544 KB] In ts_26_30 of size 2 found num new op-mutexes 0

[t=31.8728s, 649544 KB] In ts_26_43 of size 18 found num new op-mutexes 0

[t=31.9129s, 649544 KB] In ts_26_44 of size 18 found num new op-mutexes 0

[t=31.9519s, 649544 KB] In ts_26_45 of size 18 found num new op-mutexes 0

[t=31.9895s, 649544 KB] In ts_26_46 of size 18 found num new op-mutexes 0

[t=32.0251s, 649544 KB] In ts_26_47 of size 18 found num new op-mutexes 0

[t=32.0604s, 649544 KB] In ts_26_48 of size 18 found num new op-mutexes 0

[t=32.0969s, 649544 KB] In ts_26_49 of size 18 found num new op-mutexes 0

[t=32.1287s, 649544 KB] In ts_26_50 of size 18 found num new op-mutexes 0

[t=32.1566s, 649544 KB] In ts_26_51 of size 18 found num new op-mutexes 0

[t=32.1849s, 649544 KB] In ts_26_52 of size 18 found num new op-mutexes 0

[t=32.211s, 649544 KB] In ts_26_53 of size 18 found num new op-mutexes 0
[t=32.2332s, 649544 KB] Operator mutex finished iteration 26. Found an additional 0 operator mutexes

[t=32.2459s, 649544 KB] Next pair of indices: (27, 69)
[t=32.246s, 649544 KB] M&S algorithm main loop timer: 32.2059s (after computation of next merge)
[t=35.3885s, 649544 KB] M&S algorithm main loop timer: 35.3485s (after merging)

[t=35.3908s, 649544 KB] Operator mutex starting iteration 27

[t=35.3914s, 649544 KB] In ts_27_28 of size 2 found num new op-mutexes 0

[t=35.392s, 649544 KB] In ts_27_29 of size 2 found num new op-mutexes 0

[t=35.3926s, 649544 KB] In ts_27_30 of size 2 found num new op-mutexes 0

[t=35.4187s, 649544 KB] In ts_27_43 of size 18 found num new op-mutexes 0

[t=35.4586s, 649544 KB] In ts_27_44 of size 18 found num new op-mutexes 0

[t=35.4981s, 649544 KB] In ts_27_45 of size 18 found num new op-mutexes 0

[t=35.5357s, 649544 KB] In ts_27_46 of size 18 found num new op-mutexes 0

[t=35.5711s, 649544 KB] In ts_27_47 of size 18 found num new op-mutexes 0

[t=35.6063s, 649544 KB] In ts_27_48 of size 18 found num new op-mutexes 0

[t=35.6422s, 649544 KB] In ts_27_49 of size 18 found num new op-mutexes 0

[t=35.6741s, 649544 KB] In ts_27_50 of size 18 found num new op-mutexes 0

[t=35.702s, 649544 KB] In ts_27_51 of size 18 found num new op-mutexes 0

[t=35.7297s, 649544 KB] In ts_27_52 of size 18 found num new op-mutexes 0

[t=35.7558s, 649544 KB] In ts_27_53 of size 18 found num new op-mutexes 0
[t=35.837s, 649544 KB] Operator mutex finished iteration 27. Found an additional 0 operator mutexes

[t=35.8659s, 649544 KB] Next pair of indices: (28, 70)
[t=35.866s, 649544 KB] M&S algorithm main loop timer: 35.8259s (after computation of next merge)
[t=38.2516s, 649544 KB] M&S algorithm main loop timer: 38.2119s (after shrinking)
[t=38.2543s, 649544 KB] M&S algorithm main loop timer: 38.2142s (after merging)

[t=38.2544s, 649544 KB] Operator mutex starting iteration 28

[t=38.255s, 649544 KB] In ts_28_29 of size 2 found num new op-mutexes 0

[t=38.2556s, 649544 KB] In ts_28_30 of size 2 found num new op-mutexes 0

[t=38.2825s, 649544 KB] In ts_28_43 of size 18 found num new op-mutexes 0

[t=38.3244s, 649544 KB] In ts_28_44 of size 18 found num new op-mutexes 0

[t=38.3657s, 649544 KB] In ts_28_45 of size 18 found num new op-mutexes 0

[t=38.4047s, 649544 KB] In ts_28_46 of size 18 found num new op-mutexes 0

[t=38.4413s, 649544 KB] In ts_28_47 of size 18 found num new op-mutexes 0

[t=38.4778s, 649544 KB] In ts_28_48 of size 18 found num new op-mutexes 0

[t=38.5151s, 649544 KB] In ts_28_49 of size 18 found num new op-mutexes 0

[t=38.5481s, 649544 KB] In ts_28_50 of size 18 found num new op-mutexes 0

[t=38.5774s, 649544 KB] In ts_28_51 of size 18 found num new op-mutexes 0

[t=38.6066s, 649544 KB] In ts_28_52 of size 18 found num new op-mutexes 0

[t=38.6337s, 649544 KB] In ts_28_53 of size 18 found num new op-mutexes 0

[t=38.6625s, 649544 KB] In ts_28_71 of size 8 found num new op-mutexes 0
[t=38.6628s, 649544 KB] Operator mutex finished iteration 28. Found an additional 0 operator mutexes

[t=38.6642s, 649544 KB] Next pair of indices: (29, 71)
[t=38.6642s, 649544 KB] M&S algorithm main loop timer: 38.6241s (after computation of next merge)
[t=38.6649s, 649544 KB] M&S algorithm main loop timer: 38.6248s (after merging)

[t=38.665s, 649544 KB] Operator mutex starting iteration 29

[t=38.6655s, 649544 KB] In ts_29_30 of size 2 found num new op-mutexes 0

[t=38.6924s, 649544 KB] In ts_29_43 of size 18 found num new op-mutexes 0

[t=38.7345s, 649544 KB] In ts_29_44 of size 18 found num new op-mutexes 0

[t=38.7755s, 649544 KB] In ts_29_45 of size 18 found num new op-mutexes 0

[t=38.8163s, 649544 KB] In ts_29_46 of size 18 found num new op-mutexes 0

[t=38.8532s, 649544 KB] In ts_29_47 of size 18 found num new op-mutexes 0

[t=38.8901s, 649544 KB] In ts_29_48 of size 18 found num new op-mutexes 0

[t=38.9278s, 649544 KB] In ts_29_49 of size 18 found num new op-mutexes 0

[t=38.9611s, 649544 KB] In ts_29_50 of size 18 found num new op-mutexes 0

[t=38.9904s, 649544 KB] In ts_29_51 of size 18 found num new op-mutexes 0

[t=39.0197s, 649544 KB] In ts_29_52 of size 18 found num new op-mutexes 0

[t=39.0467s, 649544 KB] In ts_29_53 of size 18 found num new op-mutexes 0

[t=39.0752s, 649544 KB] In ts_29_72 of size 16 found num new op-mutexes 0
[t=39.0756s, 649544 KB] Operator mutex finished iteration 29. Found an additional 0 operator mutexes

[t=39.0768s, 649544 KB] Next pair of indices: (30, 72)
[t=39.0768s, 649544 KB] M&S algorithm main loop timer: 39.0367s (after computation of next merge)
[t=39.0776s, 649544 KB] M&S algorithm main loop timer: 39.0375s (after merging)

[t=39.0777s, 649544 KB] Operator mutex starting iteration 30

[t=39.104s, 649544 KB] In ts_30_43 of size 18 found num new op-mutexes 0

[t=39.1449s, 649544 KB] In ts_30_44 of size 18 found num new op-mutexes 0

[t=39.185s, 649544 KB] In ts_30_45 of size 18 found num new op-mutexes 0

[t=39.2241s, 649544 KB] In ts_30_46 of size 18 found num new op-mutexes 0

[t=39.2601s, 649544 KB] In ts_30_47 of size 18 found num new op-mutexes 0

[t=39.2959s, 649544 KB] In ts_30_48 of size 18 found num new op-mutexes 0

[t=39.333s, 649544 KB] In ts_30_49 of size 18 found num new op-mutexes 0

[t=39.3657s, 649544 KB] In ts_30_50 of size 18 found num new op-mutexes 0

[t=39.3948s, 649544 KB] In ts_30_51 of size 18 found num new op-mutexes 0

[t=39.4234s, 649544 KB] In ts_30_52 of size 18 found num new op-mutexes 0

[t=39.4501s, 649544 KB] In ts_30_53 of size 18 found num new op-mutexes 0

[t=39.479s, 649544 KB] In ts_30_73 of size 32 found num new op-mutexes 0
[t=39.4793s, 649544 KB] Operator mutex finished iteration 30. Found an additional 0 operator mutexes

[t=39.4804s, 649544 KB] Next pair of indices: (53, 73)
[t=39.4804s, 649544 KB] M&S algorithm main loop timer: 39.4403s (after computation of next merge)
[t=39.483s, 649544 KB] M&S algorithm main loop timer: 39.4429s (after merging)

[t=39.4831s, 649544 KB] Operator mutex starting iteration 31

[t=39.5093s, 649544 KB] In ts_31_43 of size 18 found num new op-mutexes 0

[t=39.5502s, 649544 KB] In ts_31_44 of size 18 found num new op-mutexes 0

[t=39.5902s, 649544 KB] In ts_31_45 of size 18 found num new op-mutexes 0

[t=39.6285s, 649544 KB] In ts_31_46 of size 18 found num new op-mutexes 0

[t=39.6646s, 649544 KB] In ts_31_47 of size 18 found num new op-mutexes 0

[t=39.7011s, 649544 KB] In ts_31_48 of size 18 found num new op-mutexes 0

[t=39.7378s, 649544 KB] In ts_31_49 of size 18 found num new op-mutexes 0

[t=39.7701s, 649544 KB] In ts_31_50 of size 18 found num new op-mutexes 0

[t=39.7992s, 649544 KB] In ts_31_51 of size 18 found num new op-mutexes 0

[t=39.8279s, 649544 KB] In ts_31_52 of size 18 found num new op-mutexes 0

[t=39.8945s, 649544 KB] In ts_31_74 of size 576 found num new op-mutexes 0
[t=39.8949s, 649544 KB] Operator mutex finished iteration 31. Found an additional 0 operator mutexes

[t=39.896s, 649544 KB] Next pair of indices: (52, 74)
[t=39.8961s, 649544 KB] M&S algorithm main loop timer: 39.856s (after computation of next merge)
[t=39.9637s, 649544 KB] M&S algorithm main loop timer: 39.9237s (after merging)
[t=39.984s, 649544 KB] M&S algorithm main loop timer: 39.944s (after pruning)

[t=39.9841s, 649544 KB] Operator mutex starting iteration 32

[t=40.0107s, 649544 KB] In ts_32_43 of size 18 found num new op-mutexes 0

[t=40.052s, 649544 KB] In ts_32_44 of size 18 found num new op-mutexes 0

[t=40.0927s, 649544 KB] In ts_32_45 of size 18 found num new op-mutexes 0

[t=40.1316s, 649544 KB] In ts_32_46 of size 18 found num new op-mutexes 0

[t=40.1677s, 649544 KB] In ts_32_47 of size 18 found num new op-mutexes 0

[t=40.2037s, 649544 KB] In ts_32_48 of size 18 found num new op-mutexes 0

[t=40.2408s, 649544 KB] In ts_32_49 of size 18 found num new op-mutexes 0

[t=40.2733s, 649544 KB] In ts_32_50 of size 18 found num new op-mutexes 0

[t=40.3018s, 649544 KB] In ts_32_51 of size 18 found num new op-mutexes 0
[t=40.3045s, 649544 KB] Operator mutex finished iteration 32. Found an additional 0 operator mutexes

[t=40.3065s, 649544 KB] Next pair of indices: (51, 75)
[t=40.3065s, 649544 KB] M&S algorithm main loop timer: 40.2664s (after computation of next merge)
[t=40.3932s, 649544 KB] M&S algorithm main loop timer: 40.3533s (after shrinking)
[t=40.4333s, 649544 KB] M&S algorithm main loop timer: 40.3932s (after merging)

[t=40.4339s, 649544 KB] Operator mutex starting iteration 33

[t=40.4605s, 649544 KB] In ts_33_43 of size 18 found num new op-mutexes 0

[t=40.5019s, 649544 KB] In ts_33_44 of size 18 found num new op-mutexes 0

[t=40.5421s, 649544 KB] In ts_33_45 of size 18 found num new op-mutexes 0

[t=40.5807s, 649544 KB] In ts_33_46 of size 18 found num new op-mutexes 0

[t=40.6168s, 649544 KB] In ts_33_47 of size 18 found num new op-mutexes 0

[t=40.6527s, 649544 KB] In ts_33_48 of size 18 found num new op-mutexes 0

[t=40.6895s, 649544 KB] In ts_33_49 of size 18 found num new op-mutexes 0

[t=40.7219s, 649544 KB] In ts_33_50 of size 18 found num new op-mutexes 0
[t=40.7241s, 649544 KB] Operator mutex finished iteration 33. Found an additional 0 operator mutexes

[t=40.7254s, 649544 KB] Next pair of indices: (50, 76)
[t=40.7255s, 649544 KB] M&S algorithm main loop timer: 40.6853s (after computation of next merge)
[t=40.7761s, 649544 KB] M&S algorithm main loop timer: 40.7362s (after shrinking)
[t=40.8491s, 649544 KB] M&S algorithm main loop timer: 40.809s (after merging)

[t=40.8498s, 649544 KB] Operator mutex starting iteration 34

[t=40.8763s, 649544 KB] In ts_34_43 of size 18 found num new op-mutexes 0

[t=40.9176s, 649544 KB] In ts_34_44 of size 18 found num new op-mutexes 0

[t=40.9581s, 649544 KB] In ts_34_45 of size 18 found num new op-mutexes 0

[t=40.9967s, 649544 KB] In ts_34_46 of size 18 found num new op-mutexes 0

[t=41.033s, 649544 KB] In ts_34_47 of size 18 found num new op-mutexes 0

[t=41.069s, 649544 KB] In ts_34_48 of size 18 found num new op-mutexes 0

[t=41.1058s, 649544 KB] In ts_34_49 of size 18 found num new op-mutexes 0
[t=41.1089s, 649544 KB] Operator mutex finished iteration 34. Found an additional 0 operator mutexes

[t=41.1109s, 649544 KB] Next pair of indices: (49, 77)
[t=41.1109s, 649544 KB] M&S algorithm main loop timer: 41.0708s (after computation of next merge)
[t=41.1994s, 649544 KB] M&S algorithm main loop timer: 41.1594s (after shrinking)
[t=41.314s, 649544 KB] M&S algorithm main loop timer: 41.274s (after merging)

[t=41.3152s, 649544 KB] Operator mutex starting iteration 35

[t=41.3417s, 649544 KB] In ts_35_43 of size 18 found num new op-mutexes 0

[t=41.383s, 649544 KB] In ts_35_44 of size 18 found num new op-mutexes 0

[t=41.4234s, 649544 KB] In ts_35_45 of size 18 found num new op-mutexes 0

[t=41.4619s, 649544 KB] In ts_35_46 of size 18 found num new op-mutexes 0

[t=41.498s, 649544 KB] In ts_35_47 of size 18 found num new op-mutexes 0

[t=41.5339s, 649544 KB] In ts_35_48 of size 18 found num new op-mutexes 0
[t=41.5384s, 649544 KB] Operator mutex finished iteration 35. Found an additional 0 operator mutexes

[t=41.5408s, 649544 KB] Next pair of indices: (48, 78)
[t=41.5409s, 649544 KB] M&S algorithm main loop timer: 41.5008s (after computation of next merge)
[t=41.6829s, 649544 KB] M&S algorithm main loop timer: 41.643s (after shrinking)
[t=41.8434s, 649544 KB] M&S algorithm main loop timer: 41.8034s (after merging)

[t=41.8447s, 649544 KB] Operator mutex starting iteration 36

[t=41.8712s, 649544 KB] In ts_36_43 of size 18 found num new op-mutexes 0

[t=41.9126s, 649544 KB] In ts_36_44 of size 18 found num new op-mutexes 0

[t=41.9529s, 649544 KB] In ts_36_45 of size 18 found num new op-mutexes 0

[t=41.9915s, 649544 KB] In ts_36_46 of size 18 found num new op-mutexes 0

[t=42.0279s, 649544 KB] In ts_36_47 of size 18 found num new op-mutexes 0
[t=42.0336s, 649544 KB] Operator mutex finished iteration 36. Found an additional 0 operator mutexes

[t=42.0368s, 649544 KB] Next pair of indices: (47, 79)
[t=42.0368s, 649544 KB] M&S algorithm main loop timer: 41.9967s (after computation of next merge)
[t=42.24s, 649544 KB] M&S algorithm main loop timer: 42.2001s (after shrinking)
[t=42.4121s, 649544 KB] M&S algorithm main loop timer: 42.3721s (after merging)

[t=42.4135s, 649544 KB] Operator mutex starting iteration 37

[t=42.44s, 649544 KB] In ts_37_43 of size 18 found num new op-mutexes 0

[t=42.481s, 649544 KB] In ts_37_44 of size 18 found num new op-mutexes 0

[t=42.5213s, 649544 KB] In ts_37_45 of size 18 found num new op-mutexes 0

[t=42.5599s, 649544 KB] In ts_37_46 of size 18 found num new op-mutexes 0
[t=42.5661s, 649544 KB] Operator mutex finished iteration 37. Found an additional 0 operator mutexes

[t=42.5693s, 649544 KB] Next pair of indices: (46, 80)
[t=42.5693s, 649544 KB] M&S algorithm main loop timer: 42.5292s (after computation of next merge)
[t=42.7842s, 649544 KB] M&S algorithm main loop timer: 42.7444s (after shrinking)
[t=42.9927s, 649544 KB] M&S algorithm main loop timer: 42.9527s (after merging)

[t=42.9941s, 649544 KB] Operator mutex starting iteration 38

[t=43.0205s, 649544 KB] In ts_38_43 of size 18 found num new op-mutexes 0

[t=43.0615s, 649544 KB] In ts_38_44 of size 18 found num new op-mutexes 0

[t=43.1017s, 649544 KB] In ts_38_45 of size 18 found num new op-mutexes 0
[t=43.109s, 649544 KB] Operator mutex finished iteration 38. Found an additional 0 operator mutexes

[t=43.1127s, 649544 KB] Next pair of indices: (45, 81)
[t=43.1128s, 649544 KB] M&S algorithm main loop timer: 43.0727s (after computation of next merge)
[t=43.3621s, 649544 KB] M&S algorithm main loop timer: 43.3223s (after shrinking)
[t=43.6446s, 649544 KB] M&S algorithm main loop timer: 43.6046s (after merging)

[t=43.6463s, 649544 KB] Operator mutex starting iteration 39

[t=43.6724s, 649544 KB] In ts_39_43 of size 18 found num new op-mutexes 0

[t=43.7128s, 649544 KB] In ts_39_44 of size 18 found num new op-mutexes 0
[t=43.7217s, 649544 KB] Operator mutex finished iteration 39. Found an additional 0 operator mutexes

[t=43.7264s, 649544 KB] Next pair of indices: (44, 82)
[t=43.7265s, 649544 KB] M&S algorithm main loop timer: 43.6864s (after computation of next merge)
[t=44.1065s, 649544 KB] M&S algorithm main loop timer: 44.0668s (after shrinking)
[t=44.4778s, 649544 KB] M&S algorithm main loop timer: 44.4378s (after merging)

[t=44.4797s, 649544 KB] Operator mutex starting iteration 40

[t=44.5058s, 649544 KB] In ts_40_43 of size 18 found num new op-mutexes 0
[t=44.5171s, 649544 KB] Operator mutex finished iteration 40. Found an additional 0 operator mutexes

[t=44.5173s, 649544 KB] Next pair of indices: (43, 83)
[t=44.5173s, 649544 KB] M&S algorithm main loop timer: 44.4772s (after computation of next merge)
[t=44.9472s, 649544 KB] M&S algorithm main loop timer: 44.9074s (after shrinking)
[t=45.3032s, 649544 KB] M&S algorithm main loop timer: 45.2632s (after merging)

[t=45.3049s, 649544 KB] Operator mutex starting iteration 41
[t=45.3162s, 649544 KB] Operator mutex finished iteration 41. Found an additional 0 operator mutexes

[t=45.3163s, 649544 KB] End of merge-and-shrink algorithm, statistics:
[t=45.3164s, 649544 KB] Main loop runtime: 45.2763s
[t=45.3164s, 649544 KB] Maximum intermediate abstraction size: 40968
[t=45.3164s, 649544 KB] Final peak memory increase of merge-and-shrink algorithm: 625388 KB
[t=45.3165s, 649544 KB] Merge-and-shrink algorithm runtime: 45.2967s

[t=45.3165s, 649544 KB] Number of labels: 3888
[t=45.3165s, 649544 KB] Total number of operator mutexes: 1632960
[t=45.3165s, 649544 KB] Operator Mutex total time: 15.294s
[t=45.3167s, 649544 KB] Number of remaining factors: 1
[t=45.3168s, 649544 KB] Number of factors kept: 1
[t=45.3168s, 649544 KB] Done initializing merge-and-shrink heuristic.

[t=45.4229s, 649544 KB] Building successor generator...done!
[t=45.5676s, 649544 KB] peak memory difference for successor generator creation: 0 KB
[t=45.5676s, 649544 KB] time for successor generation creation: 0.00171022s
[t=45.5676s, 649544 KB] Variables: 43
[t=45.5677s, 649544 KB] FactPairs: 290
[t=45.5677s, 649544 KB] Bytes per state: 12
[t=45.5678s, 649544 KB] Conducting best first search with reopening closed nodes, (real) bound = 2147483647
[t=45.5679s, 649544 KB] New best heuristic value for merge_and_shrink(op_mutex = op_mutex(use_previous_ops = nopo, reachability_strategy = goal)): 4
[t=45.5679s, 649544 KB] g=0, 1 evaluated, 0 expanded
[t=45.5679s, 649544 KB] f = 4, 1 evaluated, 0 expanded
[t=45.568s, 649544 KB] Initial heuristic value for merge_and_shrink(op_mutex = op_mutex(use_previous_ops = nopo, reachability_strategy = goal)): 4
[t=45.568s, 649544 KB] pruning method: none
[t=45.5681s, 649544 KB] f = 5, 15 evaluated, 1 expanded
[t=45.5682s, 649544 KB] New best heuristic value for merge_and_shrink(op_mutex = op_mutex(use_previous_ops = nopo, reachability_strategy = goal)): 3
[t=45.5682s, 649544 KB] g=2, 54 evaluated, 5 expanded
[t=45.5683s, 649544 KB] f = 6, 79 evaluated, 7 expanded
[t=45.5691s, 649544 KB] f = 7, 413 evaluated, 45 expanded
[t=45.5723s, 649544 KB] f = 8, 1851 evaluated, 221 expanded
[t=45.5849s, 649544 KB] f = 9, 7426 evaluated, 963 expanded
[t=45.6338s, 649544 KB] f = 10, 28362 evaluated, 3960 expanded
[t=45.8139s, 649544 KB] f = 11, 101111 evaluated, 15127 expanded
[t=46.4538s, 649544 KB] f = 12, 336285 evaluated, 53727 expanded
[t=46.4747s, 649544 KB] New best heuristic value for merge_and_shrink(op_mutex = op_mutex(use_previous_ops = nopo, reachability_strategy = goal)): 2
[t=46.4748s, 649544 KB] g=10, 344752 evaluated, 54946 expanded
[t=48.5427s, 649544 KB] f = 13, 1051618 evaluated, 178910 expanded
[t=54.6365s, 649544 KB] f = 14, 3116033 evaluated, 563265 expanded
[t=54.6367s, 649544 KB] New best heuristic value for merge_and_shrink(op_mutex = op_mutex(use_previous_ops = nopo, reachability_strategy = goal)): 1
[t=54.6367s, 649544 KB] g=13, 3116043 evaluated, 563267 expanded
[t=54.6367s, 649544 KB] New best heuristic value for merge_and_shrink(op_mutex = op_mutex(use_previous_ops = nopo, reachability_strategy = goal)): 0
[t=54.6368s, 649544 KB] g=14, 3116049 evaluated, 563268 expanded
[t=54.6368s, 649544 KB] Solution found!
[t=54.6369s, 649544 KB] Actual search time: 9.06886s
move-car-to-car car_07 car_00 car_11 (1)
move-curb-to-car car_00 curb_2 car_06 (1)
move-car-to-curb car_02 car_09 curb_2 (1)
move-curb-to-car car_09 curb_4 car_02 (1)
move-car-to-curb car_04 car_08 curb_4 (1)
move-car-to-car car_07 car_11 car_08 (1)
move-curb-to-car car_11 curb_5 car_04 (1)
move-car-to-curb car_05 car_01 curb_5 (1)
move-curb-to-car car_01 curb_0 car_05 (1)
move-car-to-curb car_00 car_06 curb_0 (1)
move-car-to-car car_07 car_08 car_00 (1)
move-curb-to-car car_08 curb_1 car_06 (1)
move-car-to-curb car_01 car_05 curb_1 (1)
move-car-to-car car_08 car_06 car_01 (1)
[t=54.6369s, 649544 KB] Plan length: 14 step(s).
[t=54.6369s, 649544 KB] Plan cost: 14
[t=54.6369s, 649544 KB] Expanded 563269 state(s).
[t=54.6369s, 649544 KB] Reopened 0 state(s).
[t=54.6369s, 649544 KB] Evaluated 3116059 state(s).
[t=54.6369s, 649544 KB] Evaluations: 3116059
[t=54.6369s, 649544 KB] Generated 6625392 state(s).
[t=54.6369s, 649544 KB] Dead ends: 811446 state(s).
[t=54.6369s, 649544 KB] Expanded until last jump: 563265 state(s).
[t=54.6369s, 649544 KB] Reopened until last jump: 0 state(s).
[t=54.6369s, 649544 KB] Evaluated until last jump: 3116033 state(s).
[t=54.6369s, 649544 KB] Generated until last jump: 6625358 state(s).
[t=54.6369s, 649544 KB] Number of registered states: 3116059
[t=54.6369s, 649544 KB] Int hash set load factor: 3116059/4194304 = 0.742926
[t=54.6369s, 649544 KB] Int hash set resizes: 22
[t=54.6369s, 649544 KB] Search time: 9.06905s
[t=54.6369s, 649544 KB] Total time: 54.6369s
Solution found.
Peak memory: 649544 KB
Remove intermediate file output.sas
search exit code: 0

INFO     Running validate.
INFO     validate stdin: None
INFO     validate time limit: None
INFO     validate memory limit: None
INFO     validate command line string: validate domain.pddl problem.pddl sas_plan
Checking plan: sas_plan
Plan executed successfully - checking goal
Plan valid
Final value: 14 

Successful plans:
Value: 14
 sas_plan 14 

validate exit code: 0

