INFO     Running translator.
INFO     translator stdin: None
INFO     translator time limit: 599.97s
INFO     translator memory limit: 7000 MB
INFO     translator command line string: /usr/bin/python3 /user/student.aau.dk/lkar18/downward-projects/downward/experiments/nopo_vs_nasutpo_195p/data/nopo_vs_nasutpo/code-94571df14dfaf5b06207d9589b12facdd93f580c_e5e41175/builds/release/bin/translate/translate.py domain.pddl problem.pddl --sas-file output.sas
Parsing...
Parsing: [0.000s CPU, 0.002s wall-clock]
Normalizing task... [0.010s CPU, 0.000s wall-clock]
Instantiating...
Generating Datalog program... [0.000s CPU, 0.000s wall-clock]
Normalizing Datalog program...
Normalizing Datalog program: [0.000s CPU, 0.003s wall-clock]
Preparing model... [0.000s CPU, 0.001s wall-clock]
Generated 42 rules.
Computing model... [0.030s CPU, 0.030s wall-clock]
2016 relevant atoms
1407 auxiliary atoms
3423 final queue length
6590 total queue pushes
Completing instantiation... [0.070s CPU, 0.071s wall-clock]
Instantiating: [0.100s CPU, 0.108s wall-clock]
Computing fact groups...
Finding invariants...
12 initial candidates
Finding invariants: [0.000s CPU, 0.004s wall-clock]
Checking invariant weight... [0.000s CPU, 0.000s wall-clock]
Instantiating groups... [0.000s CPU, 0.001s wall-clock]
Collecting mutex groups... [0.000s CPU, 0.000s wall-clock]
Choosing groups...
1 uncovered facts
Choosing groups: [0.000s CPU, 0.000s wall-clock]
Building translation key... [0.000s CPU, 0.000s wall-clock]
Computing fact groups: [0.010s CPU, 0.007s wall-clock]
Building STRIPS to SAS dictionary... [0.000s CPU, 0.000s wall-clock]
Building dictionary for full mutex groups... [0.000s CPU, 0.000s wall-clock]
Building mutex information...
Building mutex information: [0.000s CPU, 0.000s wall-clock]
Translating task...
Processing axioms...
Simplifying axioms... [0.000s CPU, 0.000s wall-clock]
Translator axioms removed by simplifying: 0
Computing negative axioms... [0.000s CPU, 0.000s wall-clock]
Processing axioms: [0.000s CPU, 0.003s wall-clock]
Translating task: [0.060s CPU, 0.061s wall-clock]
0 effect conditions simplified
0 implied preconditions added
Detecting unreachable propositions...
0 operators removed
0 axioms removed
28 propositions removed
Detecting unreachable propositions: [0.040s CPU, 0.037s wall-clock]
Reordering and filtering variables...
26 of 26 variables necessary.
0 of 26 mutex groups necessary.
1676 of 1676 operators necessary.
0 of 0 axiom rules necessary.
Reordering and filtering variables: [0.010s CPU, 0.009s wall-clock]
Translator variables: 26
Translator derived variables: 0
Translator facts: 211
Translator goal facts: 1
Translator mutex groups: 0
Translator total mutex groups size: 0
Translator operators: 1676
Translator axioms: 0
Translator task size: 10026
Translator peak memory: 48900 KB
Writing output... [0.020s CPU, 0.019s wall-clock]
Done! [0.250s CPU, 0.248s wall-clock]
translate exit code: 0

INFO     Running search (release).
INFO     search stdin: output.sas
INFO     search time limit: 599.67s
INFO     search memory limit: 7000 MB
INFO     search command line string: /user/student.aau.dk/lkar18/downward-projects/downward/experiments/nopo_vs_nasutpo_195p/data/nopo_vs_nasutpo/code-94571df14dfaf5b06207d9589b12facdd93f580c_e5e41175/builds/release/bin/downward --search 'astar(merge_and_shrink(op_mutex=op_mutex(use_previous_ops=NaSUTPO, reachability_strategy=goal)))' --internal-plan-file sas_plan < output.sas
[t=3.4549e-05s, 22344 KB] reading input...
[t=0.00612211s, 22760 KB] done reading input!
[t=0.00758664s, 23156 KB] Initializing merge-and-shrink heuristic...
[t=0.00765354s, 23156 KB] Running merge-and-shrink algorithm...
[t=0.00767363s, 23156 KB] Merge strategy options:
[t=0.00769417s, 23156 KB] Type: stateless
[t=0.00771367s, 23156 KB] Merge selector options:
[t=0.00773321s, 23156 KB] Name: score based filtering
[t=0.00775289s, 23156 KB] Merge scoring function:
[t=0.00777179s, 23156 KB] Name: goal relevance
[t=0.00779061s, 23156 KB] Merge scoring function:
[t=0.0078091s, 23156 KB] Name: dfp
[t=0.00782756s, 23156 KB] Merge scoring function:
[t=0.00784602s, 23156 KB] Name: total order
[t=0.00786458s, 23156 KB] Atomic transition system order: reverse level
[t=0.00788358s, 23156 KB] Product transition system order: new to old
[t=0.00790228s, 23156 KB] Consider atomic before product transition systems
[t=0.00792086s, 23156 KB] Random seed: -1

[t=0.00795155s, 23156 KB] Options related to size limits and shrinking: 
[t=0.00797131s, 23156 KB] Transition system size limit: 50000
[t=0.00799018s, 23156 KB] Transition system size limit right before merge: 50000
[t=0.00800902s, 23156 KB] Threshold to trigger shrinking right before merge: 1

[t=0.00803092s, 23156 KB] Pruning unreachable states: yes
[t=0.0080511s, 23156 KB] Pruning irrelevant states: yes

[t=0.00807295s, 23156 KB] Label reduction disabled

[t=0.00809461s, 23156 KB] Main loop max time in seconds: inf

[t=0.00811843s, 23156 KB] ===============================================================================
[t=0.00813823s, 23156 KB] WARNING! You did not enable label reduction.
This may drastically reduce the performance of merge-and-shrink!
[t=0.00815843s, 23156 KB] ===============================================================================

[t=0.00818566s, 23156 KB] Building atomic transition systems... 
[t=0.012945s, 31088 KB] M&S algorithm timer: 0.00534078s (after computation of atomic factors)

[t=0.0130177s, 31088 KB] Starting main loop without a time limit.
[t=0.0132491s, 31088 KB] Next pair of indices: (7, 25)
[t=0.0132758s, 31088 KB] M&S algorithm main loop timer: 0.000277243s (after computation of next merge)
[t=0.0135988s, 31252 KB] M&S algorithm main loop timer: 0.000612687s (after merging)

[t=0.013647s, 31252 KB] Operator mutex starting iteration 0


[t=0.0140816s, 31252 KB] In ts_0_0 of size 2 found num new op-mutexes 64


[t=0.0144109s, 31252 KB] In ts_0_1 of size 2 found num new op-mutexes 64


[t=0.0147733s, 31252 KB] In ts_0_2 of size 3 found num new op-mutexes 128


[t=0.0151349s, 31252 KB] In ts_0_3 of size 3 found num new op-mutexes 128


[t=0.015529s, 31252 KB] In ts_0_4 of size 3 found num new op-mutexes 288


[t=0.0159947s, 31252 KB] In ts_0_5 of size 5 found num new op-mutexes 256


[t=0.0164024s, 31252 KB] In ts_0_6 of size 3 found num new op-mutexes 512


[t=0.0168651s, 31252 KB] In ts_0_8 of size 4 found num new op-mutexes 432


[t=0.0185007s, 31252 KB] In ts_0_9 of size 11 found num new op-mutexes 20


[t=0.0201003s, 31252 KB] In ts_0_10 of size 11 found num new op-mutexes 20


[t=0.0205951s, 31384 KB] In ts_0_11 of size 5 found num new op-mutexes 576


[t=0.021112s, 31384 KB] In ts_0_12 of size 5 found num new op-mutexes 576


[t=0.0227698s, 31384 KB] In ts_0_13 of size 11 found num new op-mutexes 20


[t=0.0262637s, 31384 KB] In ts_0_14 of size 15 found num new op-mutexes 0


[t=0.0297976s, 31384 KB] In ts_0_15 of size 15 found num new op-mutexes 0


[t=0.0332942s, 31384 KB] In ts_0_16 of size 15 found num new op-mutexes 0


[t=0.0367813s, 31384 KB] In ts_0_17 of size 15 found num new op-mutexes 0


[t=0.0402826s, 31384 KB] In ts_0_18 of size 15 found num new op-mutexes 0


[t=0.0407222s, 31384 KB] In ts_0_19 of size 3 found num new op-mutexes 0


[t=0.0411409s, 31384 KB] In ts_0_20 of size 3 found num new op-mutexes 0


[t=0.0446366s, 31384 KB] In ts_0_21 of size 15 found num new op-mutexes 0


[t=0.0481326s, 31384 KB] In ts_0_22 of size 15 found num new op-mutexes 0


[t=0.048556s, 31384 KB] In ts_0_23 of size 3 found num new op-mutexes 0


[t=0.0489651s, 31384 KB] In ts_0_24 of size 3 found num new op-mutexes 0


[t=0.0544335s, 31516 KB] In ts_0_26 of size 165 found num new op-mutexes 20
[t=0.0545222s, 31516 KB] Operator mutex finished iteration 0. Found an additional 3104 operator mutexes

[t=0.0548514s, 31516 KB] Next pair of indices: (0, 26)
[t=0.054879s, 31516 KB] M&S algorithm main loop timer: 0.0418805s (after computation of next merge)
[t=0.0554332s, 31516 KB] M&S algorithm main loop timer: 0.042454s (after merging)

[t=0.0554988s, 31516 KB] Operator mutex starting iteration 1


[t=0.0558502s, 31516 KB] In ts_1_1 of size 2 found num new op-mutexes 0


[t=0.0562204s, 31516 KB] In ts_1_2 of size 3 found num new op-mutexes 0


[t=0.05659s, 31516 KB] In ts_1_3 of size 3 found num new op-mutexes 0


[t=0.0569834s, 31516 KB] In ts_1_4 of size 3 found num new op-mutexes 0


[t=0.0574506s, 31516 KB] In ts_1_5 of size 5 found num new op-mutexes 0


[t=0.057852s, 31516 KB] In ts_1_6 of size 3 found num new op-mutexes 0


[t=0.0582833s, 31516 KB] In ts_1_8 of size 4 found num new op-mutexes 0


[t=0.0599098s, 31516 KB] In ts_1_9 of size 11 found num new op-mutexes 0


[t=0.0615953s, 31516 KB] In ts_1_10 of size 11 found num new op-mutexes 0


[t=0.0620827s, 31516 KB] In ts_1_11 of size 5 found num new op-mutexes 0


[t=0.06256s, 31516 KB] In ts_1_12 of size 5 found num new op-mutexes 0


[t=0.0641931s, 31516 KB] In ts_1_13 of size 11 found num new op-mutexes 0


[t=0.0676822s, 31516 KB] In ts_1_14 of size 15 found num new op-mutexes 0


[t=0.0712208s, 31516 KB] In ts_1_15 of size 15 found num new op-mutexes 0


[t=0.0747515s, 31516 KB] In ts_1_16 of size 15 found num new op-mutexes 0


[t=0.0782749s, 31516 KB] In ts_1_17 of size 15 found num new op-mutexes 0


[t=0.0817979s, 31516 KB] In ts_1_18 of size 15 found num new op-mutexes 0


[t=0.0822491s, 31516 KB] In ts_1_19 of size 3 found num new op-mutexes 0


[t=0.0826655s, 31516 KB] In ts_1_20 of size 3 found num new op-mutexes 0


[t=0.0861567s, 31516 KB] In ts_1_21 of size 15 found num new op-mutexes 0


[t=0.0901538s, 31516 KB] In ts_1_22 of size 15 found num new op-mutexes 0


[t=0.0906191s, 31516 KB] In ts_1_23 of size 3 found num new op-mutexes 0


[t=0.0910672s, 31516 KB] In ts_1_24 of size 3 found num new op-mutexes 0


[t=0.0972711s, 31516 KB] In ts_1_27 of size 330 found num new op-mutexes 0
[t=0.0973636s, 31516 KB] Operator mutex finished iteration 1. Found an additional 0 operator mutexes

[t=0.0976861s, 31516 KB] Next pair of indices: (1, 27)
[t=0.097714s, 31516 KB] M&S algorithm main loop timer: 0.0847158s (after computation of next merge)
[t=0.0985383s, 31516 KB] M&S algorithm main loop timer: 0.0855714s (after merging)
[t=0.0987588s, 31516 KB] M&S algorithm main loop timer: 0.0857733s (after pruning)

[t=0.0987983s, 31516 KB] Operator mutex starting iteration 2


[t=0.0991541s, 31516 KB] In ts_2_2 of size 3 found num new op-mutexes 0


[t=0.0995264s, 31516 KB] In ts_2_3 of size 3 found num new op-mutexes 0


[t=0.0999023s, 31516 KB] In ts_2_4 of size 3 found num new op-mutexes 0


[t=0.100388s, 31516 KB] In ts_2_5 of size 5 found num new op-mutexes 0


[t=0.100796s, 31516 KB] In ts_2_6 of size 3 found num new op-mutexes 0


[t=0.101231s, 31516 KB] In ts_2_8 of size 4 found num new op-mutexes 0


[t=0.102862s, 31516 KB] In ts_2_9 of size 11 found num new op-mutexes 0


[t=0.104527s, 31516 KB] In ts_2_10 of size 11 found num new op-mutexes 0


[t=0.105004s, 31516 KB] In ts_2_11 of size 5 found num new op-mutexes 0


[t=0.10547s, 31516 KB] In ts_2_12 of size 5 found num new op-mutexes 0


[t=0.107103s, 31516 KB] In ts_2_13 of size 11 found num new op-mutexes 0


[t=0.110603s, 31516 KB] In ts_2_14 of size 15 found num new op-mutexes 0


[t=0.114098s, 31516 KB] In ts_2_15 of size 15 found num new op-mutexes 0


[t=0.117585s, 31516 KB] In ts_2_16 of size 15 found num new op-mutexes 0


[t=0.121222s, 31516 KB] In ts_2_17 of size 15 found num new op-mutexes 0


[t=0.124757s, 31516 KB] In ts_2_18 of size 15 found num new op-mutexes 0


[t=0.125198s, 31516 KB] In ts_2_19 of size 3 found num new op-mutexes 0


[t=0.125617s, 31516 KB] In ts_2_20 of size 3 found num new op-mutexes 0


[t=0.129107s, 31516 KB] In ts_2_21 of size 15 found num new op-mutexes 0


[t=0.132619s, 31516 KB] In ts_2_22 of size 15 found num new op-mutexes 0


[t=0.133071s, 31516 KB] In ts_2_23 of size 3 found num new op-mutexes 0


[t=0.133497s, 31516 KB] In ts_2_24 of size 3 found num new op-mutexes 0


[t=0.141854s, 31516 KB] In ts_2_28 of size 645 found num new op-mutexes 0
[t=0.141953s, 31516 KB] Operator mutex finished iteration 2. Found an additional 0 operator mutexes

[t=0.14227s, 31516 KB] Next pair of indices: (2, 28)
[t=0.142297s, 31516 KB] M&S algorithm main loop timer: 0.129298s (after computation of next merge)
[t=0.144172s, 31516 KB] M&S algorithm main loop timer: 0.131254s (after merging)

[t=0.144387s, 31516 KB] Operator mutex starting iteration 3


[t=0.144794s, 31516 KB] In ts_3_3 of size 3 found num new op-mutexes 0


[t=0.145194s, 31516 KB] In ts_3_4 of size 3 found num new op-mutexes 0


[t=0.145658s, 31516 KB] In ts_3_5 of size 5 found num new op-mutexes 0


[t=0.146071s, 31516 KB] In ts_3_6 of size 3 found num new op-mutexes 0


[t=0.14651s, 31516 KB] In ts_3_8 of size 4 found num new op-mutexes 0


[t=0.14817s, 31516 KB] In ts_3_9 of size 11 found num new op-mutexes 0


[t=0.149853s, 31516 KB] In ts_3_10 of size 11 found num new op-mutexes 0


[t=0.150345s, 31516 KB] In ts_3_11 of size 5 found num new op-mutexes 0


[t=0.150821s, 31516 KB] In ts_3_12 of size 5 found num new op-mutexes 0


[t=0.152486s, 31516 KB] In ts_3_13 of size 11 found num new op-mutexes 0


[t=0.156006s, 31516 KB] In ts_3_14 of size 15 found num new op-mutexes 0


[t=0.159576s, 31516 KB] In ts_3_15 of size 15 found num new op-mutexes 0


[t=0.163127s, 31516 KB] In ts_3_16 of size 15 found num new op-mutexes 0


[t=0.166645s, 31516 KB] In ts_3_17 of size 15 found num new op-mutexes 0


[t=0.170191s, 31516 KB] In ts_3_18 of size 15 found num new op-mutexes 0


[t=0.170658s, 31516 KB] In ts_3_19 of size 3 found num new op-mutexes 0


[t=0.171102s, 31516 KB] In ts_3_20 of size 3 found num new op-mutexes 0


[t=0.174618s, 31516 KB] In ts_3_21 of size 15 found num new op-mutexes 0


[t=0.178126s, 31516 KB] In ts_3_22 of size 15 found num new op-mutexes 0


[t=0.178583s, 31516 KB] In ts_3_23 of size 3 found num new op-mutexes 0


[t=0.17902s, 31516 KB] In ts_3_24 of size 3 found num new op-mutexes 0


[t=0.199685s, 32488 KB] In ts_3_29 of size 1935 found num new op-mutexes 0
[t=0.199837s, 32488 KB] Operator mutex finished iteration 3. Found an additional 0 operator mutexes

[t=0.20017s, 32488 KB] Next pair of indices: (3, 29)
[t=0.200198s, 32488 KB] M&S algorithm main loop timer: 0.1872s (after computation of next merge)
[t=0.206506s, 32488 KB] M&S algorithm main loop timer: 0.193539s (after merging)

[t=0.206861s, 32488 KB] Operator mutex starting iteration 4


[t=0.207292s, 32488 KB] In ts_4_4 of size 3 found num new op-mutexes 0


[t=0.207768s, 32488 KB] In ts_4_5 of size 5 found num new op-mutexes 0


[t=0.208184s, 32488 KB] In ts_4_6 of size 3 found num new op-mutexes 0


[t=0.208654s, 32488 KB] In ts_4_8 of size 4 found num new op-mutexes 0


[t=0.210341s, 32488 KB] In ts_4_9 of size 11 found num new op-mutexes 0


[t=0.211998s, 32488 KB] In ts_4_10 of size 11 found num new op-mutexes 0


[t=0.212497s, 32488 KB] In ts_4_11 of size 5 found num new op-mutexes 0


[t=0.212976s, 32488 KB] In ts_4_12 of size 5 found num new op-mutexes 0


[t=0.214639s, 32488 KB] In ts_4_13 of size 11 found num new op-mutexes 0


[t=0.218175s, 32488 KB] In ts_4_14 of size 15 found num new op-mutexes 0


[t=0.22177s, 32488 KB] In ts_4_15 of size 15 found num new op-mutexes 0


[t=0.22534s, 32488 KB] In ts_4_16 of size 15 found num new op-mutexes 0


[t=0.22894s, 32488 KB] In ts_4_17 of size 15 found num new op-mutexes 0


[t=0.232502s, 32488 KB] In ts_4_18 of size 15 found num new op-mutexes 0


[t=0.232961s, 32488 KB] In ts_4_19 of size 3 found num new op-mutexes 0


[t=0.233412s, 32488 KB] In ts_4_20 of size 3 found num new op-mutexes 0


[t=0.236965s, 32488 KB] In ts_4_21 of size 15 found num new op-mutexes 0


[t=0.24055s, 32488 KB] In ts_4_22 of size 15 found num new op-mutexes 0


[t=0.24102s, 32488 KB] In ts_4_23 of size 3 found num new op-mutexes 0


[t=0.241447s, 32488 KB] In ts_4_24 of size 3 found num new op-mutexes 0
[t=0.24176s, 32488 KB] Operator mutex finished iteration 4. Found an additional 0 operator mutexes

[t=0.242081s, 32488 KB] Next pair of indices: (4, 30)
[t=0.242108s, 32488 KB] M&S algorithm main loop timer: 0.229109s (after computation of next merge)
[t=0.264005s, 33116 KB] M&S algorithm main loop timer: 0.251048s (after merging)

[t=0.26505s, 33116 KB] Operator mutex starting iteration 5


[t=0.265574s, 33116 KB] In ts_5_5 of size 5 found num new op-mutexes 0


[t=0.266009s, 33116 KB] In ts_5_6 of size 3 found num new op-mutexes 0


[t=0.266476s, 33116 KB] In ts_5_8 of size 4 found num new op-mutexes 0


[t=0.268163s, 33116 KB] In ts_5_9 of size 11 found num new op-mutexes 0


[t=0.26985s, 33116 KB] In ts_5_10 of size 11 found num new op-mutexes 0


[t=0.270354s, 33116 KB] In ts_5_11 of size 5 found num new op-mutexes 0


[t=0.270844s, 33116 KB] In ts_5_12 of size 5 found num new op-mutexes 0


[t=0.272504s, 33116 KB] In ts_5_13 of size 11 found num new op-mutexes 0


[t=0.276062s, 33116 KB] In ts_5_14 of size 15 found num new op-mutexes 0


[t=0.279659s, 33116 KB] In ts_5_15 of size 15 found num new op-mutexes 0


[t=0.283276s, 33116 KB] In ts_5_16 of size 15 found num new op-mutexes 0


[t=0.286844s, 33116 KB] In ts_5_17 of size 15 found num new op-mutexes 0


[t=0.290911s, 33116 KB] In ts_5_18 of size 15 found num new op-mutexes 0


[t=0.291391s, 33116 KB] In ts_5_19 of size 3 found num new op-mutexes 0


[t=0.291828s, 33116 KB] In ts_5_20 of size 3 found num new op-mutexes 0


[t=0.295378s, 33116 KB] In ts_5_21 of size 15 found num new op-mutexes 0


[t=0.298976s, 33116 KB] In ts_5_22 of size 15 found num new op-mutexes 0


[t=0.299448s, 33116 KB] In ts_5_23 of size 3 found num new op-mutexes 0


[t=0.299876s, 33116 KB] In ts_5_24 of size 3 found num new op-mutexes 0
[t=0.300744s, 33116 KB] Operator mutex finished iteration 5. Found an additional 0 operator mutexes

[t=0.301227s, 33116 KB] Next pair of indices: (5, 31)
[t=0.301258s, 33116 KB] M&S algorithm main loop timer: 0.288259s (after computation of next merge)
[t=0.329256s, 34572 KB] M&S algorithm main loop timer: 0.316485s (after shrinking)
[t=0.350252s, 34572 KB] M&S algorithm main loop timer: 0.337294s (after merging)

[t=0.351648s, 34572 KB] Operator mutex starting iteration 6


[t=0.352077s, 34572 KB] In ts_6_6 of size 3 found num new op-mutexes 0


[t=0.352553s, 34572 KB] In ts_6_8 of size 4 found num new op-mutexes 0


[t=0.354246s, 34572 KB] In ts_6_9 of size 11 found num new op-mutexes 0


[t=0.355926s, 34572 KB] In ts_6_10 of size 11 found num new op-mutexes 0


[t=0.356426s, 34572 KB] In ts_6_11 of size 5 found num new op-mutexes 0


[t=0.356934s, 34572 KB] In ts_6_12 of size 5 found num new op-mutexes 0


[t=0.3586s, 34572 KB] In ts_6_13 of size 11 found num new op-mutexes 0


[t=0.362151s, 34572 KB] In ts_6_14 of size 15 found num new op-mutexes 0


[t=0.365739s, 34572 KB] In ts_6_15 of size 15 found num new op-mutexes 0


[t=0.369359s, 34572 KB] In ts_6_16 of size 15 found num new op-mutexes 0


[t=0.372946s, 34572 KB] In ts_6_17 of size 15 found num new op-mutexes 0


[t=0.37655s, 34572 KB] In ts_6_18 of size 15 found num new op-mutexes 0


[t=0.377038s, 34572 KB] In ts_6_19 of size 3 found num new op-mutexes 0


[t=0.377466s, 34572 KB] In ts_6_20 of size 3 found num new op-mutexes 0


[t=0.380994s, 34572 KB] In ts_6_21 of size 15 found num new op-mutexes 0


[t=0.384545s, 34572 KB] In ts_6_22 of size 15 found num new op-mutexes 0


[t=0.385006s, 34572 KB] In ts_6_23 of size 3 found num new op-mutexes 0


[t=0.385441s, 34572 KB] In ts_6_24 of size 3 found num new op-mutexes 0
[t=0.386088s, 34572 KB] Operator mutex finished iteration 6. Found an additional 0 operator mutexes

[t=0.3866s, 34572 KB] Next pair of indices: (6, 32)
[t=0.386632s, 34572 KB] M&S algorithm main loop timer: 0.373634s (after computation of next merge)
[t=0.419941s, 35868 KB] M&S algorithm main loop timer: 0.407193s (after shrinking)
[t=0.433046s, 35868 KB] M&S algorithm main loop timer: 0.420094s (after merging)

[t=0.434104s, 35868 KB] Operator mutex starting iteration 7


[t=0.434558s, 35868 KB] In ts_7_8 of size 4 found num new op-mutexes 0


[t=0.436329s, 35868 KB] In ts_7_9 of size 11 found num new op-mutexes 0


[t=0.438034s, 35868 KB] In ts_7_10 of size 11 found num new op-mutexes 0


[t=0.438547s, 35868 KB] In ts_7_11 of size 5 found num new op-mutexes 0


[t=0.43904s, 35868 KB] In ts_7_12 of size 5 found num new op-mutexes 0


[t=0.440714s, 35868 KB] In ts_7_13 of size 11 found num new op-mutexes 0


[t=0.444311s, 35868 KB] In ts_7_14 of size 15 found num new op-mutexes 0


[t=0.447999s, 35868 KB] In ts_7_15 of size 15 found num new op-mutexes 0


[t=0.451628s, 35868 KB] In ts_7_16 of size 15 found num new op-mutexes 0


[t=0.455238s, 35868 KB] In ts_7_17 of size 15 found num new op-mutexes 0


[t=0.458881s, 35868 KB] In ts_7_18 of size 15 found num new op-mutexes 0


[t=0.459394s, 35868 KB] In ts_7_19 of size 3 found num new op-mutexes 0


[t=0.459832s, 35868 KB] In ts_7_20 of size 3 found num new op-mutexes 0


[t=0.463419s, 35868 KB] In ts_7_21 of size 15 found num new op-mutexes 0


[t=0.467041s, 35868 KB] In ts_7_22 of size 15 found num new op-mutexes 0


[t=0.46755s, 35868 KB] In ts_7_23 of size 3 found num new op-mutexes 0


[t=0.467978s, 35868 KB] In ts_7_24 of size 3 found num new op-mutexes 0
[t=0.468513s, 35868 KB] Operator mutex finished iteration 7. Found an additional 0 operator mutexes

[t=0.468929s, 35868 KB] Next pair of indices: (8, 33)
[t=0.468958s, 35868 KB] M&S algorithm main loop timer: 0.455959s (after computation of next merge)
[t=0.486705s, 35868 KB] M&S algorithm main loop timer: 0.473892s (after shrinking)
[t=0.487128s, 35868 KB] M&S algorithm main loop timer: 0.47414s (after merging)

[t=0.487169s, 35868 KB] Operator mutex starting iteration 8


[t=0.488866s, 35868 KB] In ts_8_9 of size 11 found num new op-mutexes 0


[t=0.490531s, 35868 KB] In ts_8_10 of size 11 found num new op-mutexes 0


[t=0.491034s, 35868 KB] In ts_8_11 of size 5 found num new op-mutexes 0


[t=0.491527s, 35868 KB] In ts_8_12 of size 5 found num new op-mutexes 0


[t=0.493434s, 35868 KB] In ts_8_13 of size 11 found num new op-mutexes 0


[t=0.497324s, 35868 KB] In ts_8_14 of size 15 found num new op-mutexes 0


[t=0.500919s, 35868 KB] In ts_8_15 of size 15 found num new op-mutexes 0


[t=0.504526s, 35868 KB] In ts_8_16 of size 15 found num new op-mutexes 0


[t=0.508129s, 35868 KB] In ts_8_17 of size 15 found num new op-mutexes 0


[t=0.511702s, 35868 KB] In ts_8_18 of size 15 found num new op-mutexes 0


[t=0.512159s, 35868 KB] In ts_8_19 of size 3 found num new op-mutexes 0


[t=0.512583s, 35868 KB] In ts_8_20 of size 3 found num new op-mutexes 0


[t=0.516177s, 35868 KB] In ts_8_21 of size 15 found num new op-mutexes 0


[t=0.519779s, 35868 KB] In ts_8_22 of size 15 found num new op-mutexes 0


[t=0.520234s, 35868 KB] In ts_8_23 of size 3 found num new op-mutexes 0


[t=0.520652s, 35868 KB] In ts_8_24 of size 3 found num new op-mutexes 0


[t=0.521853s, 35868 KB] In ts_8_34 of size 16 found num new op-mutexes 0
[t=0.521918s, 35868 KB] Operator mutex finished iteration 8. Found an additional 0 operator mutexes

[t=0.522175s, 35868 KB] Next pair of indices: (9, 34)
[t=0.522202s, 35868 KB] M&S algorithm main loop timer: 0.509203s (after computation of next merge)
[t=0.522712s, 35868 KB] M&S algorithm main loop timer: 0.509727s (after merging)

[t=0.522764s, 35868 KB] Operator mutex starting iteration 9


[t=0.524405s, 35868 KB] In ts_9_10 of size 11 found num new op-mutexes 0


[t=0.524905s, 35868 KB] In ts_9_11 of size 5 found num new op-mutexes 0


[t=0.525395s, 35868 KB] In ts_9_12 of size 5 found num new op-mutexes 0


[t=0.527046s, 35868 KB] In ts_9_13 of size 11 found num new op-mutexes 0


[t=0.530592s, 35868 KB] In ts_9_14 of size 15 found num new op-mutexes 0


[t=0.534189s, 35868 KB] In ts_9_15 of size 15 found num new op-mutexes 0


[t=0.537778s, 35868 KB] In ts_9_16 of size 15 found num new op-mutexes 0


[t=0.541356s, 35868 KB] In ts_9_17 of size 15 found num new op-mutexes 0


[t=0.544957s, 35868 KB] In ts_9_18 of size 15 found num new op-mutexes 0


[t=0.545463s, 35868 KB] In ts_9_19 of size 3 found num new op-mutexes 0


[t=0.5459s, 35868 KB] In ts_9_20 of size 3 found num new op-mutexes 0


[t=0.549438s, 35868 KB] In ts_9_21 of size 15 found num new op-mutexes 0


[t=0.55302s, 35868 KB] In ts_9_22 of size 15 found num new op-mutexes 0


[t=0.553507s, 35868 KB] In ts_9_23 of size 3 found num new op-mutexes 0


[t=0.553965s, 35868 KB] In ts_9_24 of size 3 found num new op-mutexes 0


[t=0.559691s, 35868 KB] In ts_9_35 of size 176 found num new op-mutexes 12
[t=0.559823s, 35868 KB] Operator mutex finished iteration 9. Found an additional 12 operator mutexes

[t=0.560079s, 35868 KB] Next pair of indices: (10, 35)
[t=0.560108s, 35868 KB] M&S algorithm main loop timer: 0.547109s (after computation of next merge)
[t=0.562768s, 35868 KB] M&S algorithm main loop timer: 0.549878s (after merging)

[t=0.56301s, 35868 KB] Operator mutex starting iteration 10


[t=0.563518s, 35868 KB] In ts_10_11 of size 5 found num new op-mutexes 0


[t=0.56403s, 35868 KB] In ts_10_12 of size 5 found num new op-mutexes 0


[t=0.565717s, 35868 KB] In ts_10_13 of size 11 found num new op-mutexes 0


[t=0.569244s, 35868 KB] In ts_10_14 of size 15 found num new op-mutexes 0


[t=0.572866s, 35868 KB] In ts_10_15 of size 15 found num new op-mutexes 0


[t=0.576503s, 35868 KB] In ts_10_16 of size 15 found num new op-mutexes 0


[t=0.58009s, 35868 KB] In ts_10_17 of size 15 found num new op-mutexes 0


[t=0.583758s, 35868 KB] In ts_10_18 of size 15 found num new op-mutexes 0


[t=0.584252s, 35868 KB] In ts_10_19 of size 3 found num new op-mutexes 0


[t=0.584686s, 35868 KB] In ts_10_20 of size 3 found num new op-mutexes 0


[t=0.588258s, 35868 KB] In ts_10_21 of size 15 found num new op-mutexes 0


[t=0.59189s, 35868 KB] In ts_10_22 of size 15 found num new op-mutexes 0


[t=0.592379s, 35868 KB] In ts_10_23 of size 3 found num new op-mutexes 0


[t=0.592815s, 35868 KB] In ts_10_24 of size 3 found num new op-mutexes 0


[t=0.883736s, 35868 KB] In ts_10_36 of size 1936 found num new op-mutexes 12
[t=0.883868s, 35868 KB] Operator mutex finished iteration 10. Found an additional 12 operator mutexes

[t=0.884135s, 35868 KB] Next pair of indices: (11, 36)
[t=0.884162s, 35868 KB] M&S algorithm main loop timer: 0.871163s (after computation of next merge)
[t=0.902s, 35868 KB] M&S algorithm main loop timer: 0.889054s (after merging)
[t=0.906246s, 35868 KB] M&S algorithm main loop timer: 0.893275s (after pruning)

[t=0.906304s, 35868 KB] Operator mutex starting iteration 11


[t=0.906786s, 35868 KB] In ts_11_12 of size 5 found num new op-mutexes 0


[t=0.908496s, 35868 KB] In ts_11_13 of size 11 found num new op-mutexes 0


[t=0.91208s, 35868 KB] In ts_11_14 of size 15 found num new op-mutexes 0


[t=0.915747s, 35868 KB] In ts_11_15 of size 15 found num new op-mutexes 0


[t=0.919383s, 35868 KB] In ts_11_16 of size 15 found num new op-mutexes 0


[t=0.92304s, 35868 KB] In ts_11_17 of size 15 found num new op-mutexes 0


[t=0.926671s, 35868 KB] In ts_11_18 of size 15 found num new op-mutexes 0


[t=0.927153s, 35868 KB] In ts_11_19 of size 3 found num new op-mutexes 0


[t=0.927598s, 35868 KB] In ts_11_20 of size 3 found num new op-mutexes 0


[t=0.931212s, 35868 KB] In ts_11_21 of size 15 found num new op-mutexes 0


[t=0.93486s, 35868 KB] In ts_11_22 of size 15 found num new op-mutexes 0


[t=0.935348s, 35868 KB] In ts_11_23 of size 3 found num new op-mutexes 0


[t=0.93579s, 35868 KB] In ts_11_24 of size 3 found num new op-mutexes 0
[t=0.936319s, 35868 KB] Operator mutex finished iteration 11. Found an additional 0 operator mutexes

[t=0.936657s, 35868 KB] Next pair of indices: (12, 37)
[t=0.936684s, 35868 KB] M&S algorithm main loop timer: 0.923685s (after computation of next merge)
[t=1.03843s, 42744 KB] M&S algorithm main loop timer: 1.02548s (after merging)
[t=1.05772s, 42744 KB] M&S algorithm main loop timer: 1.04477s (after pruning)

[t=1.05779s, 42744 KB] Operator mutex starting iteration 12


[t=1.05948s, 42744 KB] In ts_12_13 of size 11 found num new op-mutexes 0


[t=1.0631s, 42744 KB] In ts_12_14 of size 15 found num new op-mutexes 0


[t=1.0667s, 42744 KB] In ts_12_15 of size 15 found num new op-mutexes 0


[t=1.07031s, 42744 KB] In ts_12_16 of size 15 found num new op-mutexes 0


[t=1.0739s, 42744 KB] In ts_12_17 of size 15 found num new op-mutexes 0


[t=1.0775s, 42744 KB] In ts_12_18 of size 15 found num new op-mutexes 0


[t=1.07798s, 42744 KB] In ts_12_19 of size 3 found num new op-mutexes 0


[t=1.07842s, 42744 KB] In ts_12_20 of size 3 found num new op-mutexes 0


[t=1.08201s, 42744 KB] In ts_12_21 of size 15 found num new op-mutexes 0


[t=1.08561s, 42744 KB] In ts_12_22 of size 15 found num new op-mutexes 0


[t=1.08608s, 42744 KB] In ts_12_23 of size 3 found num new op-mutexes 0


[t=1.0865s, 42744 KB] In ts_12_24 of size 3 found num new op-mutexes 0
[t=1.08819s, 42744 KB] Operator mutex finished iteration 12. Found an additional 0 operator mutexes

[t=1.08929s, 42744 KB] Next pair of indices: (13, 38)
[t=1.08933s, 42744 KB] M&S algorithm main loop timer: 1.07633s (after computation of next merge)
[t=1.17887s, 46572 KB] M&S algorithm main loop timer: 1.16621s (after shrinking)
[t=1.17953s, 46572 KB] M&S algorithm main loop timer: 1.16654s (after merging)

[t=1.17957s, 46572 KB] Operator mutex starting iteration 13


[t=1.18322s, 46572 KB] In ts_13_14 of size 15 found num new op-mutexes 0


[t=1.18676s, 46572 KB] In ts_13_15 of size 15 found num new op-mutexes 0


[t=1.19034s, 46572 KB] In ts_13_16 of size 15 found num new op-mutexes 0


[t=1.19391s, 46572 KB] In ts_13_17 of size 15 found num new op-mutexes 0


[t=1.19748s, 46572 KB] In ts_13_18 of size 15 found num new op-mutexes 0


[t=1.19793s, 46572 KB] In ts_13_19 of size 3 found num new op-mutexes 0


[t=1.19835s, 46572 KB] In ts_13_20 of size 3 found num new op-mutexes 0


[t=1.2019s, 46572 KB] In ts_13_21 of size 15 found num new op-mutexes 0


[t=1.20542s, 46572 KB] In ts_13_22 of size 15 found num new op-mutexes 0


[t=1.20589s, 46572 KB] In ts_13_23 of size 3 found num new op-mutexes 0


[t=1.20645s, 46572 KB] In ts_13_24 of size 3 found num new op-mutexes 0


[t=1.21s, 46572 KB] In ts_13_39 of size 44 found num new op-mutexes 0
[t=1.21009s, 46572 KB] Operator mutex finished iteration 13. Found an additional 0 operator mutexes

[t=1.21028s, 46572 KB] Next pair of indices: (14, 39)
[t=1.21031s, 46572 KB] M&S algorithm main loop timer: 1.19731s (after computation of next merge)
[t=1.21136s, 46572 KB] M&S algorithm main loop timer: 1.1984s (after merging)

[t=1.21147s, 46572 KB] Operator mutex starting iteration 14


[t=1.21499s, 46572 KB] In ts_14_15 of size 15 found num new op-mutexes 0


[t=1.21851s, 46572 KB] In ts_14_16 of size 15 found num new op-mutexes 0


[t=1.22207s, 46572 KB] In ts_14_17 of size 15 found num new op-mutexes 0


[t=1.22559s, 46572 KB] In ts_14_18 of size 15 found num new op-mutexes 0


[t=1.22605s, 46572 KB] In ts_14_19 of size 3 found num new op-mutexes 0


[t=1.22651s, 46572 KB] In ts_14_20 of size 3 found num new op-mutexes 0


[t=1.23004s, 46572 KB] In ts_14_21 of size 15 found num new op-mutexes 0


[t=1.23361s, 46572 KB] In ts_14_22 of size 15 found num new op-mutexes 0


[t=1.23407s, 46572 KB] In ts_14_23 of size 3 found num new op-mutexes 0


[t=1.23451s, 46572 KB] In ts_14_24 of size 3 found num new op-mutexes 0


[t=1.24458s, 46572 KB] In ts_14_40 of size 660 found num new op-mutexes 0
[t=1.24469s, 46572 KB] Operator mutex finished iteration 14. Found an additional 0 operator mutexes

[t=1.24488s, 46572 KB] Next pair of indices: (15, 40)
[t=1.2449s, 46572 KB] M&S algorithm main loop timer: 1.2319s (after computation of next merge)
[t=1.26277s, 46572 KB] M&S algorithm main loop timer: 1.24981s (after merging)

[t=1.26341s, 46572 KB] Operator mutex starting iteration 15


[t=1.267s, 46572 KB] In ts_15_16 of size 15 found num new op-mutexes 0


[t=1.27058s, 46572 KB] In ts_15_17 of size 15 found num new op-mutexes 0


[t=1.27416s, 46572 KB] In ts_15_18 of size 15 found num new op-mutexes 0


[t=1.27462s, 46572 KB] In ts_15_19 of size 3 found num new op-mutexes 0


[t=1.27505s, 46572 KB] In ts_15_20 of size 3 found num new op-mutexes 0


[t=1.27862s, 46572 KB] In ts_15_21 of size 15 found num new op-mutexes 0


[t=1.28225s, 46572 KB] In ts_15_22 of size 15 found num new op-mutexes 0


[t=1.28272s, 46572 KB] In ts_15_23 of size 3 found num new op-mutexes 0


[t=1.28315s, 46572 KB] In ts_15_24 of size 3 found num new op-mutexes 0
[t=1.28382s, 46572 KB] Operator mutex finished iteration 15. Found an additional 0 operator mutexes

[t=1.28417s, 46572 KB] Next pair of indices: (16, 41)
[t=1.2842s, 46572 KB] M&S algorithm main loop timer: 1.2712s (after computation of next merge)
[t=1.31036s, 46572 KB] M&S algorithm main loop timer: 1.29751s (after shrinking)
[t=1.40907s, 46572 KB] M&S algorithm main loop timer: 1.39613s (after merging)

[t=1.41149s, 46572 KB] Operator mutex starting iteration 16


[t=1.41512s, 46572 KB] In ts_16_17 of size 15 found num new op-mutexes 0


[t=1.4187s, 46572 KB] In ts_16_18 of size 15 found num new op-mutexes 0


[t=1.41918s, 46572 KB] In ts_16_19 of size 3 found num new op-mutexes 0


[t=1.41962s, 46572 KB] In ts_16_20 of size 3 found num new op-mutexes 0


[t=1.42323s, 46572 KB] In ts_16_21 of size 15 found num new op-mutexes 0


[t=1.42683s, 46572 KB] In ts_16_22 of size 15 found num new op-mutexes 0


[t=1.42729s, 46572 KB] In ts_16_23 of size 3 found num new op-mutexes 0


[t=1.42774s, 46572 KB] In ts_16_24 of size 3 found num new op-mutexes 0
[t=1.43006s, 46572 KB] Operator mutex finished iteration 16. Found an additional 0 operator mutexes

[t=1.43148s, 46572 KB] Next pair of indices: (17, 42)
[t=1.43151s, 46572 KB] M&S algorithm main loop timer: 1.41852s (after computation of next merge)
[t=1.55987s, 49212 KB] M&S algorithm main loop timer: 1.54717s (after shrinking)
[t=1.5605s, 49212 KB] M&S algorithm main loop timer: 1.54752s (after merging)

[t=1.56055s, 49212 KB] Operator mutex starting iteration 17


[t=1.56417s, 49212 KB] In ts_17_18 of size 15 found num new op-mutexes 0


[t=1.56465s, 49212 KB] In ts_17_19 of size 3 found num new op-mutexes 0


[t=1.56509s, 49212 KB] In ts_17_20 of size 3 found num new op-mutexes 0


[t=1.5687s, 49212 KB] In ts_17_21 of size 15 found num new op-mutexes 0


[t=1.57233s, 49212 KB] In ts_17_22 of size 15 found num new op-mutexes 0


[t=1.5728s, 49212 KB] In ts_17_23 of size 3 found num new op-mutexes 0


[t=1.57323s, 49212 KB] In ts_17_24 of size 3 found num new op-mutexes 0


[t=1.57778s, 49212 KB] In ts_17_43 of size 60 found num new op-mutexes 0
[t=1.57787s, 49212 KB] Operator mutex finished iteration 17. Found an additional 0 operator mutexes

[t=1.57802s, 49212 KB] Next pair of indices: (18, 43)
[t=1.57805s, 49212 KB] M&S algorithm main loop timer: 1.56506s (after computation of next merge)
[t=1.57951s, 49212 KB] M&S algorithm main loop timer: 1.56656s (after merging)

[t=1.57964s, 49212 KB] Operator mutex starting iteration 18


[t=1.58009s, 49212 KB] In ts_18_19 of size 3 found num new op-mutexes 0


[t=1.58052s, 49212 KB] In ts_18_20 of size 3 found num new op-mutexes 0


[t=1.58412s, 49212 KB] In ts_18_21 of size 15 found num new op-mutexes 0


[t=1.58772s, 49212 KB] In ts_18_22 of size 15 found num new op-mutexes 0


[t=1.58821s, 49212 KB] In ts_18_23 of size 3 found num new op-mutexes 0


[t=1.58865s, 49212 KB] In ts_18_24 of size 3 found num new op-mutexes 0


[t=1.60144s, 49212 KB] In ts_18_44 of size 900 found num new op-mutexes 0
[t=1.60156s, 49212 KB] Operator mutex finished iteration 18. Found an additional 0 operator mutexes

[t=1.60173s, 49212 KB] Next pair of indices: (19, 44)
[t=1.60176s, 49212 KB] M&S algorithm main loop timer: 1.58876s (after computation of next merge)
[t=1.60669s, 49212 KB] M&S algorithm main loop timer: 1.59372s (after merging)

[t=1.60689s, 49212 KB] Operator mutex starting iteration 19


[t=1.60733s, 49212 KB] In ts_19_20 of size 3 found num new op-mutexes 0


[t=1.61096s, 49212 KB] In ts_19_21 of size 15 found num new op-mutexes 0


[t=1.61501s, 49212 KB] In ts_19_22 of size 15 found num new op-mutexes 0


[t=1.61548s, 49212 KB] In ts_19_23 of size 3 found num new op-mutexes 0


[t=1.61592s, 49212 KB] In ts_19_24 of size 3 found num new op-mutexes 0


[t=1.64264s, 49380 KB] In ts_19_45 of size 2700 found num new op-mutexes 0
[t=1.64277s, 49380 KB] Operator mutex finished iteration 19. Found an additional 0 operator mutexes

[t=1.64295s, 49380 KB] Next pair of indices: (20, 45)
[t=1.64298s, 49380 KB] M&S algorithm main loop timer: 1.62998s (after computation of next merge)
[t=1.66099s, 49380 KB] M&S algorithm main loop timer: 1.64804s (after merging)

[t=1.66155s, 49380 KB] Operator mutex starting iteration 20


[t=1.66517s, 49380 KB] In ts_20_21 of size 15 found num new op-mutexes 0


[t=1.66879s, 49380 KB] In ts_20_22 of size 15 found num new op-mutexes 0


[t=1.66926s, 49380 KB] In ts_20_23 of size 3 found num new op-mutexes 0


[t=1.6697s, 49380 KB] In ts_20_24 of size 3 found num new op-mutexes 0
[t=1.67028s, 49380 KB] Operator mutex finished iteration 20. Found an additional 0 operator mutexes

[t=1.67055s, 49380 KB] Next pair of indices: (21, 46)
[t=1.67058s, 49380 KB] M&S algorithm main loop timer: 1.65759s (after computation of next merge)
[t=1.69195s, 49380 KB] M&S algorithm main loop timer: 1.67909s (after shrinking)
[t=1.77012s, 49380 KB] M&S algorithm main loop timer: 1.75715s (after merging)

[t=1.7719s, 49380 KB] Operator mutex starting iteration 21


[t=1.7755s, 49380 KB] In ts_21_22 of size 15 found num new op-mutexes 0


[t=1.77601s, 49380 KB] In ts_21_23 of size 3 found num new op-mutexes 0


[t=1.77645s, 49380 KB] In ts_21_24 of size 3 found num new op-mutexes 0
[t=1.77854s, 49380 KB] Operator mutex finished iteration 21. Found an additional 0 operator mutexes

[t=1.77978s, 49380 KB] Next pair of indices: (22, 47)
[t=1.77982s, 49380 KB] M&S algorithm main loop timer: 1.76682s (after computation of next merge)
[t=1.88526s, 49380 KB] M&S algorithm main loop timer: 1.87254s (after shrinking)
[t=1.88586s, 49380 KB] M&S algorithm main loop timer: 1.87287s (after merging)

[t=1.8859s, 49380 KB] Operator mutex starting iteration 22


[t=1.88632s, 49380 KB] In ts_22_23 of size 3 found num new op-mutexes 0


[t=1.88677s, 49380 KB] In ts_22_24 of size 3 found num new op-mutexes 0


[t=1.89158s, 49380 KB] In ts_22_48 of size 60 found num new op-mutexes 0
[t=1.89168s, 49380 KB] Operator mutex finished iteration 22. Found an additional 0 operator mutexes

[t=1.89176s, 49380 KB] Next pair of indices: (23, 48)
[t=1.89179s, 49380 KB] M&S algorithm main loop timer: 1.87879s (after computation of next merge)
[t=1.8923s, 49380 KB] M&S algorithm main loop timer: 1.87931s (after merging)

[t=1.89235s, 49380 KB] Operator mutex starting iteration 23


[t=1.89279s, 49380 KB] In ts_23_24 of size 3 found num new op-mutexes 0


[t=1.89936s, 49380 KB] In ts_23_49 of size 180 found num new op-mutexes 0
[t=1.89947s, 49380 KB] Operator mutex finished iteration 23. Found an additional 0 operator mutexes

[t=1.89951s, 49380 KB] Next pair of indices: (24, 49)
[t=1.89953s, 49380 KB] M&S algorithm main loop timer: 1.88653s (after computation of next merge)
[t=1.90059s, 49380 KB] M&S algorithm main loop timer: 1.88763s (after merging)

[t=1.90069s, 49380 KB] Operator mutex starting iteration 24


[t=1.91045s, 49380 KB] In ts_24_50 of size 540 found num new op-mutexes 0
[t=1.91057s, 49380 KB] Operator mutex finished iteration 24. Found an additional 0 operator mutexes

[t=1.91061s, 49380 KB] End of merge-and-shrink algorithm, statistics:
[t=1.91063s, 49380 KB] Main loop runtime: 1.89763s
[t=1.91065s, 49380 KB] Maximum intermediate abstraction size: 37840
[t=1.91067s, 49380 KB] Final peak memory increase of merge-and-shrink algorithm: 26224 KB
[t=1.9107s, 49380 KB] Merge-and-shrink algorithm runtime: 1.90307s

[t=1.91072s, 49380 KB] Number of labels: 1676
[t=1.91075s, 49380 KB] Total number of operator mutexes: 3128
[t=1.91077s, 49380 KB] Operator Mutex total time: 0.990871s
[t=1.91084s, 49380 KB] Number of remaining factors: 1
[t=1.91098s, 49380 KB] Number of factors kept: 1
[t=1.911s, 49380 KB] Done initializing merge-and-shrink heuristic.

[t=1.91117s, 49380 KB] Building successor generator...done!
[t=1.91201s, 49380 KB] peak memory difference for successor generator creation: 0 KB
[t=1.91203s, 49380 KB] time for successor generation creation: 0.000691915s
[t=1.91206s, 49380 KB] Variables: 26
[t=1.91209s, 49380 KB] FactPairs: 211
[t=1.9121s, 49380 KB] Bytes per state: 12
[t=1.91223s, 49380 KB] Conducting best first search with reopening closed nodes, (real) bound = 2147483647
[t=1.91229s, 49380 KB] New best heuristic value for merge_and_shrink(op_mutex = op_mutex(use_previous_ops = nasutpo, reachability_strategy = goal)): 2
[t=1.91231s, 49380 KB] g=0, 1 evaluated, 0 expanded
[t=1.91233s, 49380 KB] f = 2, 1 evaluated, 0 expanded
[t=1.91236s, 49380 KB] Initial heuristic value for merge_and_shrink(op_mutex = op_mutex(use_previous_ops = nasutpo, reachability_strategy = goal)): 2
[t=1.91238s, 49380 KB] pruning method: none
[t=1.91246s, 49380 KB] f = 3, 14 evaluated, 1 expanded
[t=1.91256s, 49380 KB] New best heuristic value for merge_and_shrink(op_mutex = op_mutex(use_previous_ops = nasutpo, reachability_strategy = goal)): 1
[t=1.91258s, 49380 KB] g=2, 53 evaluated, 4 expanded
[t=1.91275s, 49380 KB] f = 4, 126 evaluated, 15 expanded
[t=1.91281s, 49380 KB] New best heuristic value for merge_and_shrink(op_mutex = op_mutex(use_previous_ops = nasutpo, reachability_strategy = goal)): 0
[t=1.91284s, 49380 KB] g=4, 139 evaluated, 16 expanded
[t=1.91286s, 49380 KB] Solution found!
[t=1.91288s, 49380 KB] Actual search time: 0.000487362s
feast love orange chocolate guanabara bavaria (1)
overcome hangover love chocolate venus neptune (1)
feast love chocolate ham goias guanabara (1)
succumb hangover love ham venus neptune (1)
[t=1.91291s, 49380 KB] Plan length: 4 step(s).
[t=1.91291s, 49380 KB] Plan cost: 4
[t=1.91291s, 49380 KB] Expanded 17 state(s).
[t=1.91291s, 49380 KB] Reopened 0 state(s).
[t=1.91291s, 49380 KB] Evaluated 140 state(s).
[t=1.91291s, 49380 KB] Evaluations: 140
[t=1.91291s, 49380 KB] Generated 207 state(s).
[t=1.91291s, 49380 KB] Dead ends: 0 state(s).
[t=1.91291s, 49380 KB] Expanded until last jump: 15 state(s).
[t=1.91291s, 49380 KB] Reopened until last jump: 0 state(s).
[t=1.91291s, 49380 KB] Evaluated until last jump: 126 state(s).
[t=1.91291s, 49380 KB] Generated until last jump: 193 state(s).
[t=1.91291s, 49380 KB] Number of registered states: 140
[t=1.91291s, 49380 KB] Int hash set load factor: 140/256 = 0.546875
[t=1.91291s, 49380 KB] Int hash set resizes: 8
[t=1.91291s, 49380 KB] Search time: 0.000679222s
[t=1.91291s, 49380 KB] Total time: 1.91291s
Solution found.
Peak memory: 49380 KB
Remove intermediate file output.sas
search exit code: 0

INFO     Running validate.
INFO     validate stdin: None
INFO     validate time limit: None
INFO     validate memory limit: None
INFO     validate command line string: validate domain.pddl problem.pddl sas_plan
Checking plan: sas_plan
Plan executed successfully - checking goal
Plan valid
Final value: 4 

Successful plans:
Value: 4
 sas_plan 4 

validate exit code: 0

