INFO     Running translator.
INFO     translator stdin: None
INFO     translator time limit: 599.96s
INFO     translator memory limit: 7000 MB
INFO     translator command line string: /usr/bin/python3 /user/student.aau.dk/lkar18/downward-projects/downward/experiments/nopo_vs_nasutpo_195p/data/nopo_vs_nasutpo/code-94571df14dfaf5b06207d9589b12facdd93f580c_e5e41175/builds/release/bin/translate/translate.py domain.pddl problem.pddl --sas-file output.sas
Parsing...
Parsing: [0.220s CPU, 0.223s wall-clock]
Normalizing task... [0.030s CPU, 0.023s wall-clock]
Instantiating...
Generating Datalog program... [0.020s CPU, 0.025s wall-clock]
Normalizing Datalog program...
Normalizing Datalog program: [0.180s CPU, 0.178s wall-clock]
Preparing model... [0.130s CPU, 0.121s wall-clock]
Generated 6310 rules.
Computing model... [1.200s CPU, 1.216s wall-clock]
30513 relevant atoms
44811 auxiliary atoms
75324 final queue length
114412 total queue pushes
Completing instantiation... [1.180s CPU, 1.175s wall-clock]
Instantiating: [2.760s CPU, 2.765s wall-clock]
Computing fact groups...
Finding invariants...
1272 initial candidates
Finding invariants: [27.560s CPU, 27.578s wall-clock]
Checking invariant weight... [0.000s CPU, 0.000s wall-clock]
Instantiating groups... [0.000s CPU, 0.000s wall-clock]
Collecting mutex groups... [0.010s CPU, 0.000s wall-clock]
Choosing groups...
1049 uncovered facts
Choosing groups: [0.000s CPU, 0.000s wall-clock]
Building translation key... [0.000s CPU, 0.004s wall-clock]
Computing fact groups: [27.580s CPU, 27.593s wall-clock]
Building STRIPS to SAS dictionary... [0.000s CPU, 0.001s wall-clock]
Building dictionary for full mutex groups... [0.000s CPU, 0.001s wall-clock]
Building mutex information...
Building mutex information: [0.000s CPU, 0.001s wall-clock]
Translating task...
Processing axioms...
Simplifying axioms... [0.000s CPU, 0.000s wall-clock]
Translator axioms removed by simplifying: 0
Computing negative axioms... [0.000s CPU, 0.000s wall-clock]
Processing axioms: [0.060s CPU, 0.054s wall-clock]
Translating task: [1.350s CPU, 1.348s wall-clock]
41584 effect conditions simplified
0 implied preconditions added
Detecting unreachable propositions...
2053 operators removed
0 axioms removed
78 propositions removed
Detecting unreachable propositions: [0.780s CPU, 0.774s wall-clock]
Reordering and filtering variables...
948 of 1010 variables necessary.
0 of 0 mutex groups necessary.
23959 of 25357 operators necessary.
0 of 0 axiom rules necessary.
Reordering and filtering variables: [0.440s CPU, 0.440s wall-clock]
Translator variables: 948
Translator derived variables: 0
Translator facts: 1896
Translator goal facts: 31
Translator mutex groups: 0
Translator total mutex groups size: 0
Translator operators: 23959
Translator axioms: 0
Translator task size: 162762
Translator peak memory: 326056 KB
Writing output... [0.330s CPU, 0.343s wall-clock]
Done! [33.540s CPU, 33.564s wall-clock]
translate exit code: 0

INFO     Running search (release).
INFO     search stdin: output.sas
INFO     search time limit: 566.34s
INFO     search memory limit: 7000 MB
INFO     search command line string: /user/student.aau.dk/lkar18/downward-projects/downward/experiments/nopo_vs_nasutpo_195p/data/nopo_vs_nasutpo/code-94571df14dfaf5b06207d9589b12facdd93f580c_e5e41175/builds/release/bin/downward --search 'astar(merge_and_shrink(op_mutex=op_mutex(use_previous_ops=NaSUTPO, reachability_strategy=goal)))' --internal-plan-file sas_plan < output.sas
[t=3.6808e-05s, 22344 KB] reading input...
[t=0.101225s, 29996 KB] done reading input!
[t=0.102741s, 30392 KB] Initializing merge-and-shrink heuristic...
[t=0.102818s, 30392 KB] Running merge-and-shrink algorithm...
[t=0.102837s, 30392 KB] Merge strategy options:
[t=0.102858s, 30392 KB] Type: stateless
[t=0.102878s, 30392 KB] Merge selector options:
[t=0.102897s, 30392 KB] Name: score based filtering
[t=0.102917s, 30392 KB] Merge scoring function:
[t=0.102936s, 30392 KB] Name: goal relevance
[t=0.102955s, 30392 KB] Merge scoring function:
[t=0.102973s, 30392 KB] Name: dfp
[t=0.102992s, 30392 KB] Merge scoring function:
[t=0.10301s, 30392 KB] Name: total order
[t=0.103029s, 30392 KB] Atomic transition system order: reverse level
[t=0.103047s, 30392 KB] Product transition system order: new to old
[t=0.103066s, 30392 KB] Consider atomic before product transition systems
[t=0.103085s, 30392 KB] Random seed: -1

[t=0.103105s, 30392 KB] Options related to size limits and shrinking: 
[t=0.103125s, 30392 KB] Transition system size limit: 50000
[t=0.103144s, 30392 KB] Transition system size limit right before merge: 50000
[t=0.103163s, 30392 KB] Threshold to trigger shrinking right before merge: 1

[t=0.103183s, 30392 KB] Pruning unreachable states: yes
[t=0.103202s, 30392 KB] Pruning irrelevant states: yes

[t=0.103223s, 30392 KB] Label reduction disabled

[t=0.103244s, 30392 KB] Main loop max time in seconds: inf

[t=0.103268s, 30392 KB] ===============================================================================
[t=0.103287s, 30392 KB] WARNING! You did not enable label reduction.
This may drastically reduce the performance of merge-and-shrink!
[t=0.103306s, 30392 KB] ===============================================================================

[t=0.103333s, 30392 KB] Building atomic transition systems... 
[t=1.73254s, 4072636 KB] M&S algorithm timer: 1.63002s (after computation of atomic factors)
[t=1.73319s, 4072636 KB] M&S algorithm timer: 1.6304s (after pruning atomic factors)

[t=1.73323s, 4072636 KB] Starting main loop without a time limit.
[t=3.84184s, 4072636 KB] Next pair of indices: (0, 947)
[t=3.84194s, 4072636 KB] M&S algorithm main loop timer: 2.10874s (after computation of next merge)
[t=3.84403s, 4072636 KB] M&S algorithm main loop timer: 2.11113s (after merging)

[t=3.84437s, 4072636 KB] Operator mutex starting iteration 0


[t=3.84973s, 4072636 KB] In ts_0_1 of size 2 found num new op-mutexes 0


[t=3.85467s, 4072636 KB] In ts_0_2 of size 2 found num new op-mutexes 0


[t=3.8593s, 4072636 KB] In ts_0_3 of size 2 found num new op-mutexes 0


[t=3.86392s, 4072636 KB] In ts_0_4 of size 2 found num new op-mutexes 0


[t=3.86863s, 4072636 KB] In ts_0_5 of size 2 found num new op-mutexes 0


[t=3.87331s, 4072636 KB] In ts_0_6 of size 2 found num new op-mutexes 0


[t=3.87809s, 4072636 KB] In ts_0_7 of size 2 found num new op-mutexes 0


[t=3.88266s, 4072636 KB] In ts_0_8 of size 2 found num new op-mutexes 0


[t=3.88719s, 4072636 KB] In ts_0_9 of size 2 found num new op-mutexes 0


[t=3.89176s, 4072636 KB] In ts_0_10 of size 2 found num new op-mutexes 0


[t=3.89623s, 4072636 KB] In ts_0_11 of size 2 found num new op-mutexes 0


[t=3.90078s, 4072636 KB] In ts_0_12 of size 2 found num new op-mutexes 0


[t=3.95763s, 4072636 KB] In ts_0_13 of size 1 found num new op-mutexes 191656


[t=3.96237s, 4072636 KB] In ts_0_14 of size 2 found num new op-mutexes 0


[t=4.04488s, 4072636 KB] In ts_0_15 of size 1 found num new op-mutexes 191624


[t=4.15525s, 4072636 KB] In ts_0_16 of size 1 found num new op-mutexes 191592


[t=4.15995s, 4072636 KB] In ts_0_17 of size 2 found num new op-mutexes 0


[t=4.16499s, 4072636 KB] In ts_0_18 of size 2 found num new op-mutexes 0


[t=4.17001s, 4072636 KB] In ts_0_19 of size 2 found num new op-mutexes 0


[t=4.17512s, 4072636 KB] In ts_0_20 of size 2 found num new op-mutexes 0


[t=4.18026s, 4072636 KB] In ts_0_21 of size 2 found num new op-mutexes 0


[t=4.1848s, 4072636 KB] In ts_0_22 of size 2 found num new op-mutexes 0


[t=4.18928s, 4072636 KB] In ts_0_23 of size 2 found num new op-mutexes 0


[t=4.19376s, 4072636 KB] In ts_0_24 of size 2 found num new op-mutexes 0


[t=4.28209s, 4072636 KB] In ts_0_25 of size 1 found num new op-mutexes 191560


[t=4.45802s, 4072636 KB] In ts_0_26 of size 1 found num new op-mutexes 191528


[t=4.46324s, 4072636 KB] In ts_0_27 of size 2 found num new op-mutexes 0


[t=4.46834s, 4072636 KB] In ts_0_28 of size 2 found num new op-mutexes 0


[t=4.47355s, 4072636 KB] In ts_0_29 of size 2 found num new op-mutexes 0


[t=4.47875s, 4072636 KB] In ts_0_30 of size 2 found num new op-mutexes 0


[t=4.48335s, 4072636 KB] In ts_0_31 of size 2 found num new op-mutexes 0


[t=4.48802s, 4072636 KB] In ts_0_32 of size 2 found num new op-mutexes 0


[t=4.49317s, 4072636 KB] In ts_0_33 of size 2 found num new op-mutexes 0


[t=4.49783s, 4072636 KB] In ts_0_34 of size 2 found num new op-mutexes 0


[t=4.50244s, 4072636 KB] In ts_0_35 of size 2 found num new op-mutexes 0


[t=4.50705s, 4072636 KB] In ts_0_36 of size 2 found num new op-mutexes 0


[t=4.51162s, 4072636 KB] In ts_0_37 of size 2 found num new op-mutexes 0


[t=4.51618s, 4072636 KB] In ts_0_38 of size 2 found num new op-mutexes 0


[t=4.52119s, 4072636 KB] In ts_0_39 of size 2 found num new op-mutexes 0


[t=4.52629s, 4072636 KB] In ts_0_40 of size 2 found num new op-mutexes 0


[t=4.53085s, 4072636 KB] In ts_0_41 of size 2 found num new op-mutexes 0


[t=4.53638s, 4072636 KB] In ts_0_42 of size 2 found num new op-mutexes 0


[t=4.54193s, 4072636 KB] In ts_0_43 of size 2 found num new op-mutexes 0


[t=4.54749s, 4072636 KB] In ts_0_44 of size 2 found num new op-mutexes 0


[t=4.55304s, 4072636 KB] In ts_0_45 of size 2 found num new op-mutexes 0


[t=4.55859s, 4072636 KB] In ts_0_46 of size 2 found num new op-mutexes 0


[t=4.56408s, 4072636 KB] In ts_0_47 of size 2 found num new op-mutexes 0


[t=4.56969s, 4072636 KB] In ts_0_48 of size 2 found num new op-mutexes 0


[t=4.57532s, 4072636 KB] In ts_0_49 of size 2 found num new op-mutexes 0


[t=4.58087s, 4072636 KB] In ts_0_50 of size 2 found num new op-mutexes 0


[t=4.58548s, 4072636 KB] In ts_0_51 of size 2 found num new op-mutexes 0


[t=4.58996s, 4072636 KB] In ts_0_52 of size 2 found num new op-mutexes 0


[t=4.59446s, 4072636 KB] In ts_0_53 of size 2 found num new op-mutexes 0


[t=4.59992s, 4072636 KB] In ts_0_54 of size 2 found num new op-mutexes 0


[t=4.60546s, 4072636 KB] In ts_0_55 of size 2 found num new op-mutexes 0


[t=4.61102s, 4072636 KB] In ts_0_56 of size 2 found num new op-mutexes 0


[t=4.61671s, 4072636 KB] In ts_0_57 of size 2 found num new op-mutexes 0


[t=4.62236s, 4072636 KB] In ts_0_58 of size 2 found num new op-mutexes 0


[t=4.62759s, 4072636 KB] In ts_0_59 of size 2 found num new op-mutexes 0


[t=4.63273s, 4072636 KB] In ts_0_60 of size 2 found num new op-mutexes 0


[t=4.63786s, 4072636 KB] In ts_0_61 of size 2 found num new op-mutexes 0


[t=4.64296s, 4072636 KB] In ts_0_62 of size 2 found num new op-mutexes 0


[t=4.64807s, 4072636 KB] In ts_0_63 of size 2 found num new op-mutexes 0


[t=4.65317s, 4072636 KB] In ts_0_64 of size 2 found num new op-mutexes 0


[t=4.65825s, 4072636 KB] In ts_0_65 of size 2 found num new op-mutexes 0


[t=4.66325s, 4072636 KB] In ts_0_66 of size 2 found num new op-mutexes 0


[t=4.66832s, 4072636 KB] In ts_0_67 of size 2 found num new op-mutexes 0


[t=4.67337s, 4072636 KB] In ts_0_68 of size 2 found num new op-mutexes 0


[t=4.67844s, 4072636 KB] In ts_0_69 of size 2 found num new op-mutexes 0


[t=4.68346s, 4072636 KB] In ts_0_70 of size 2 found num new op-mutexes 0


[t=4.68851s, 4072636 KB] In ts_0_71 of size 2 found num new op-mutexes 0


[t=4.69352s, 4072636 KB] In ts_0_72 of size 2 found num new op-mutexes 0


[t=4.69805s, 4072636 KB] In ts_0_73 of size 2 found num new op-mutexes 0


[t=4.70256s, 4072636 KB] In ts_0_74 of size 2 found num new op-mutexes 0


[t=4.70708s, 4072636 KB] In ts_0_75 of size 2 found num new op-mutexes 0


[t=4.7116s, 4072636 KB] In ts_0_76 of size 2 found num new op-mutexes 0


[t=4.7161s, 4072636 KB] In ts_0_77 of size 2 found num new op-mutexes 0


[t=4.72064s, 4072636 KB] In ts_0_78 of size 2 found num new op-mutexes 0


[t=4.72513s, 4072636 KB] In ts_0_79 of size 2 found num new op-mutexes 0


[t=4.74556s, 4072636 KB] In ts_0_80 of size 2 found num new op-mutexes 0


[t=4.75023s, 4072636 KB] In ts_0_81 of size 2 found num new op-mutexes 0


[t=4.75486s, 4072636 KB] In ts_0_82 of size 2 found num new op-mutexes 0


[t=4.75944s, 4072636 KB] In ts_0_83 of size 2 found num new op-mutexes 0


[t=4.76411s, 4072636 KB] In ts_0_84 of size 2 found num new op-mutexes 0


[t=4.76872s, 4072636 KB] In ts_0_85 of size 2 found num new op-mutexes 0


[t=4.77349s, 4072636 KB] In ts_0_86 of size 2 found num new op-mutexes 0


[t=4.77834s, 4072636 KB] In ts_0_87 of size 2 found num new op-mutexes 0


[t=4.78309s, 4072636 KB] In ts_0_88 of size 2 found num new op-mutexes 0


[t=4.78797s, 4072636 KB] In ts_0_89 of size 2 found num new op-mutexes 0


[t=4.79274s, 4072636 KB] In ts_0_90 of size 2 found num new op-mutexes 0


[t=4.79749s, 4072636 KB] In ts_0_91 of size 2 found num new op-mutexes 0


[t=4.80267s, 4072636 KB] In ts_0_92 of size 2 found num new op-mutexes 1


[t=4.80794s, 4072636 KB] In ts_0_93 of size 2 found num new op-mutexes 0


[t=4.81261s, 4072636 KB] In ts_0_94 of size 2 found num new op-mutexes 0


[t=4.81781s, 4072636 KB] In ts_0_95 of size 2 found num new op-mutexes 1


[t=4.82287s, 4072636 KB] In ts_0_96 of size 2 found num new op-mutexes 1


[t=4.82789s, 4072636 KB] In ts_0_97 of size 2 found num new op-mutexes 1


[t=4.84964s, 4072636 KB] In ts_0_98 of size 2 found num new op-mutexes 0


[t=4.85427s, 4072636 KB] In ts_0_99 of size 2 found num new op-mutexes 0


[t=4.85877s, 4072636 KB] In ts_0_100 of size 2 found num new op-mutexes 0


[t=4.86339s, 4072636 KB] In ts_0_101 of size 2 found num new op-mutexes 0


[t=4.86786s, 4072636 KB] In ts_0_102 of size 2 found num new op-mutexes 0


[t=4.87233s, 4072636 KB] In ts_0_103 of size 2 found num new op-mutexes 0


[t=4.8768s, 4072636 KB] In ts_0_104 of size 2 found num new op-mutexes 0


[t=4.88122s, 4072636 KB] In ts_0_105 of size 2 found num new op-mutexes 0


[t=4.8857s, 4072636 KB] In ts_0_106 of size 2 found num new op-mutexes 0


[t=4.89016s, 4072636 KB] In ts_0_107 of size 2 found num new op-mutexes 0


[t=4.89515s, 4072636 KB] In ts_0_108 of size 2 found num new op-mutexes 0


[t=4.89962s, 4072636 KB] In ts_0_109 of size 2 found num new op-mutexes 0


[t=4.90462s, 4072636 KB] In ts_0_110 of size 2 found num new op-mutexes 0


[t=4.9091s, 4072636 KB] In ts_0_111 of size 2 found num new op-mutexes 0


[t=4.91417s, 4072636 KB] In ts_0_112 of size 2 found num new op-mutexes 0


[t=4.91921s, 4072636 KB] In ts_0_113 of size 2 found num new op-mutexes 0


[t=4.92429s, 4072636 KB] In ts_0_114 of size 2 found num new op-mutexes 0


[t=4.92931s, 4072636 KB] In ts_0_115 of size 2 found num new op-mutexes 0


[t=4.93439s, 4072636 KB] In ts_0_116 of size 2 found num new op-mutexes 0


[t=4.9389s, 4072636 KB] In ts_0_117 of size 2 found num new op-mutexes 0


[t=4.94396s, 4072636 KB] In ts_0_118 of size 2 found num new op-mutexes 0


[t=4.94851s, 4072636 KB] In ts_0_119 of size 2 found num new op-mutexes 0


[t=4.95304s, 4072636 KB] In ts_0_120 of size 2 found num new op-mutexes 0


[t=4.95751s, 4072636 KB] In ts_0_121 of size 2 found num new op-mutexes 0


[t=4.97659s, 4072636 KB] In ts_0_122 of size 2 found num new op-mutexes 0


[t=4.98124s, 4072636 KB] In ts_0_123 of size 2 found num new op-mutexes 0


[t=4.99677s, 4072636 KB] In ts_0_124 of size 2 found num new op-mutexes 0


[t=5.0123s, 4072636 KB] In ts_0_125 of size 2 found num new op-mutexes 0


[t=5.02675s, 4072636 KB] In ts_0_126 of size 2 found num new op-mutexes 0


[t=5.04103s, 4072636 KB] In ts_0_127 of size 2 found num new op-mutexes 0


[t=5.05544s, 4072636 KB] In ts_0_128 of size 2 found num new op-mutexes 0


[t=5.06952s, 4072636 KB] In ts_0_129 of size 2 found num new op-mutexes 0


[t=5.08397s, 4072636 KB] In ts_0_130 of size 2 found num new op-mutexes 0


[t=5.09843s, 4072636 KB] In ts_0_131 of size 2 found num new op-mutexes 0


[t=5.1031s, 4072636 KB] In ts_0_132 of size 2 found num new op-mutexes 0


[t=5.10761s, 4072636 KB] In ts_0_133 of size 2 found num new op-mutexes 0


[t=5.11215s, 4072636 KB] In ts_0_134 of size 2 found num new op-mutexes 0


[t=5.11719s, 4072636 KB] In ts_0_135 of size 2 found num new op-mutexes 0


[t=5.1223s, 4072636 KB] In ts_0_136 of size 2 found num new op-mutexes 0


[t=5.12735s, 4072636 KB] In ts_0_137 of size 2 found num new op-mutexes 0


[t=5.13243s, 4072636 KB] In ts_0_138 of size 2 found num new op-mutexes 0


[t=5.13699s, 4072636 KB] In ts_0_139 of size 2 found num new op-mutexes 0


[t=5.14153s, 4072636 KB] In ts_0_140 of size 2 found num new op-mutexes 0


[t=5.14606s, 4072636 KB] In ts_0_141 of size 2 found num new op-mutexes 0


[t=5.15058s, 4072636 KB] In ts_0_142 of size 2 found num new op-mutexes 0


[t=5.15512s, 4072636 KB] In ts_0_143 of size 2 found num new op-mutexes 0


[t=5.40816s, 4072636 KB] In ts_0_144 of size 1 found num new op-mutexes 574392


[t=5.41289s, 4072636 KB] In ts_0_145 of size 2 found num new op-mutexes 0


[t=5.41742s, 4072636 KB] In ts_0_146 of size 2 found num new op-mutexes 0


[t=5.42193s, 4072636 KB] In ts_0_147 of size 2 found num new op-mutexes 0


[t=5.42642s, 4072636 KB] In ts_0_148 of size 2 found num new op-mutexes 0


[t=5.43092s, 4072636 KB] In ts_0_149 of size 2 found num new op-mutexes 0


[t=5.43542s, 4072636 KB] In ts_0_150 of size 2 found num new op-mutexes 0


[t=5.43991s, 4072636 KB] In ts_0_151 of size 2 found num new op-mutexes 0


[t=5.4522s, 4072636 KB] In ts_0_152 of size 2 found num new op-mutexes 0


[t=5.4648s, 4072636 KB] In ts_0_153 of size 2 found num new op-mutexes 0


[t=5.46946s, 4072636 KB] In ts_0_154 of size 2 found num new op-mutexes 0


[t=5.48168s, 4072636 KB] In ts_0_155 of size 2 found num new op-mutexes 0


[t=5.49385s, 4072636 KB] In ts_0_156 of size 2 found num new op-mutexes 0


[t=5.49896s, 4072636 KB] In ts_0_157 of size 2 found num new op-mutexes 0


[t=5.50405s, 4072636 KB] In ts_0_158 of size 2 found num new op-mutexes 0


[t=5.50863s, 4072636 KB] In ts_0_159 of size 2 found num new op-mutexes 0


[t=5.51367s, 4072636 KB] In ts_0_160 of size 2 found num new op-mutexes 0


[t=5.5187s, 4072636 KB] In ts_0_161 of size 2 found num new op-mutexes 0


[t=5.52331s, 4072636 KB] In ts_0_162 of size 2 found num new op-mutexes 0


[t=5.52782s, 4072636 KB] In ts_0_163 of size 2 found num new op-mutexes 0


[t=5.53242s, 4072636 KB] In ts_0_164 of size 2 found num new op-mutexes 0


[t=5.53693s, 4072636 KB] In ts_0_165 of size 2 found num new op-mutexes 0


[t=5.54153s, 4072636 KB] In ts_0_166 of size 2 found num new op-mutexes 0


[t=5.54601s, 4072636 KB] In ts_0_167 of size 2 found num new op-mutexes 0


[t=5.55055s, 4072636 KB] In ts_0_168 of size 2 found num new op-mutexes 0


[t=5.55508s, 4072636 KB] In ts_0_169 of size 2 found num new op-mutexes 0


[t=6.09903s, 4072636 KB] In ts_0_170 of size 1 found num new op-mutexes 717585


[t=6.10378s, 4072636 KB] In ts_0_171 of size 2 found num new op-mutexes 0


[t=6.10844s, 4072636 KB] In ts_0_172 of size 2 found num new op-mutexes 0


[t=6.11303s, 4072636 KB] In ts_0_173 of size 2 found num new op-mutexes 0


[t=6.11762s, 4072636 KB] In ts_0_174 of size 2 found num new op-mutexes 0


[t=6.14015s, 4072636 KB] In ts_0_175 of size 2 found num new op-mutexes 0


[t=6.14532s, 4072636 KB] In ts_0_176 of size 2 found num new op-mutexes 0


[t=6.15044s, 4072636 KB] In ts_0_177 of size 2 found num new op-mutexes 0


[t=6.15556s, 4072636 KB] In ts_0_178 of size 2 found num new op-mutexes 0


[t=6.16014s, 4072636 KB] In ts_0_179 of size 2 found num new op-mutexes 0


[t=6.16521s, 4072636 KB] In ts_0_180 of size 2 found num new op-mutexes 0


[t=6.17039s, 4072636 KB] In ts_0_181 of size 2 found num new op-mutexes 0


[t=6.1755s, 4072636 KB] In ts_0_182 of size 2 found num new op-mutexes 0


[t=6.18068s, 4072636 KB] In ts_0_183 of size 2 found num new op-mutexes 0


[t=6.18584s, 4072636 KB] In ts_0_184 of size 2 found num new op-mutexes 0


[t=6.19042s, 4072636 KB] In ts_0_185 of size 2 found num new op-mutexes 0


[t=6.1955s, 4072636 KB] In ts_0_186 of size 2 found num new op-mutexes 0


[t=6.20068s, 4072636 KB] In ts_0_187 of size 2 found num new op-mutexes 0


[t=6.20581s, 4072636 KB] In ts_0_188 of size 2 found num new op-mutexes 0


[t=6.21093s, 4072636 KB] In ts_0_189 of size 2 found num new op-mutexes 0


[t=6.21606s, 4072636 KB] In ts_0_190 of size 2 found num new op-mutexes 0


[t=6.22074s, 4072636 KB] In ts_0_191 of size 2 found num new op-mutexes 0


[t=6.22597s, 4072636 KB] In ts_0_192 of size 2 found num new op-mutexes 0


[t=6.23075s, 4072636 KB] In ts_0_193 of size 2 found num new op-mutexes 0


[t=6.23593s, 4072636 KB] In ts_0_194 of size 2 found num new op-mutexes 0


[t=6.24046s, 4072636 KB] In ts_0_195 of size 2 found num new op-mutexes 0


[t=6.24497s, 4072636 KB] In ts_0_196 of size 2 found num new op-mutexes 0


[t=6.2495s, 4072636 KB] In ts_0_197 of size 2 found num new op-mutexes 0


[t=6.25398s, 4072636 KB] In ts_0_198 of size 2 found num new op-mutexes 0


[t=6.25847s, 4072636 KB] In ts_0_199 of size 2 found num new op-mutexes 0


[t=6.26347s, 4072636 KB] In ts_0_200 of size 2 found num new op-mutexes 0


[t=6.26853s, 4072636 KB] In ts_0_201 of size 2 found num new op-mutexes 0


[t=6.2731s, 4072636 KB] In ts_0_202 of size 2 found num new op-mutexes 0


[t=6.27813s, 4072636 KB] In ts_0_203 of size 2 found num new op-mutexes 0


[t=6.28322s, 4072636 KB] In ts_0_204 of size 2 found num new op-mutexes 0


[t=6.28771s, 4072636 KB] In ts_0_205 of size 2 found num new op-mutexes 0


[t=6.29227s, 4072636 KB] In ts_0_206 of size 2 found num new op-mutexes 0


[t=6.2969s, 4072636 KB] In ts_0_207 of size 2 found num new op-mutexes 0


[t=6.30153s, 4072636 KB] In ts_0_208 of size 2 found num new op-mutexes 0


[t=6.30612s, 4072636 KB] In ts_0_209 of size 2 found num new op-mutexes 0


[t=6.31074s, 4072636 KB] In ts_0_210 of size 2 found num new op-mutexes 0


[t=6.31531s, 4072636 KB] In ts_0_211 of size 2 found num new op-mutexes 0


[t=6.31996s, 4072636 KB] In ts_0_212 of size 2 found num new op-mutexes 0


[t=6.32461s, 4072636 KB] In ts_0_213 of size 2 found num new op-mutexes 0


[t=6.32931s, 4072636 KB] In ts_0_214 of size 2 found num new op-mutexes 0


[t=6.33397s, 4072636 KB] In ts_0_215 of size 2 found num new op-mutexes 0


[t=6.33862s, 4072636 KB] In ts_0_216 of size 2 found num new op-mutexes 0


[t=6.34329s, 4072636 KB] In ts_0_217 of size 2 found num new op-mutexes 0


[t=6.34793s, 4072636 KB] In ts_0_218 of size 2 found num new op-mutexes 0


[t=6.3525s, 4072636 KB] In ts_0_219 of size 2 found num new op-mutexes 0


[t=6.35707s, 4072636 KB] In ts_0_220 of size 2 found num new op-mutexes 0


[t=6.3617s, 4072636 KB] In ts_0_221 of size 2 found num new op-mutexes 0


[t=6.3663s, 4072636 KB] In ts_0_222 of size 2 found num new op-mutexes 0


[t=6.37086s, 4072636 KB] In ts_0_223 of size 2 found num new op-mutexes 0


[t=6.37545s, 4072636 KB] In ts_0_224 of size 2 found num new op-mutexes 0


[t=6.38006s, 4072636 KB] In ts_0_225 of size 2 found num new op-mutexes 0


[t=6.38466s, 4072636 KB] In ts_0_226 of size 2 found num new op-mutexes 0


[t=6.4124s, 4072636 KB] In ts_0_227 of size 2 found num new op-mutexes 0


[t=6.41812s, 4072636 KB] In ts_0_228 of size 2 found num new op-mutexes 0


[t=6.42382s, 4072636 KB] In ts_0_229 of size 2 found num new op-mutexes 0


[t=6.42958s, 4072636 KB] In ts_0_230 of size 2 found num new op-mutexes 0


[t=6.43518s, 4072636 KB] In ts_0_231 of size 2 found num new op-mutexes 0


[t=6.44085s, 4072636 KB] In ts_0_232 of size 2 found num new op-mutexes 0


[t=6.44652s, 4072636 KB] In ts_0_233 of size 2 found num new op-mutexes 0


[t=6.45223s, 4072636 KB] In ts_0_234 of size 2 found num new op-mutexes 0


[t=6.45801s, 4072636 KB] In ts_0_235 of size 2 found num new op-mutexes 0


[t=6.46375s, 4072636 KB] In ts_0_236 of size 2 found num new op-mutexes 0


[t=6.46942s, 4072636 KB] In ts_0_237 of size 2 found num new op-mutexes 0


[t=6.47513s, 4072636 KB] In ts_0_238 of size 2 found num new op-mutexes 0


[t=6.48086s, 4072636 KB] In ts_0_239 of size 2 found num new op-mutexes 0


[t=6.48656s, 4072636 KB] In ts_0_240 of size 2 found num new op-mutexes 0


[t=6.49223s, 4072636 KB] In ts_0_241 of size 2 found num new op-mutexes 0


[t=6.49787s, 4072636 KB] In ts_0_242 of size 2 found num new op-mutexes 0


[t=6.50348s, 4072636 KB] In ts_0_243 of size 2 found num new op-mutexes 0


[t=6.50923s, 4072636 KB] In ts_0_244 of size 2 found num new op-mutexes 0


[t=6.51493s, 4072636 KB] In ts_0_245 of size 2 found num new op-mutexes 0


[t=6.52066s, 4072636 KB] In ts_0_246 of size 2 found num new op-mutexes 0


[t=6.5266s, 4072636 KB] In ts_0_247 of size 2 found num new op-mutexes 0


[t=6.53251s, 4072636 KB] In ts_0_248 of size 2 found num new op-mutexes 0


[t=6.53842s, 4072636 KB] In ts_0_249 of size 2 found num new op-mutexes 0


[t=6.54412s, 4072636 KB] In ts_0_250 of size 2 found num new op-mutexes 0


[t=6.54987s, 4072636 KB] In ts_0_251 of size 2 found num new op-mutexes 0


[t=6.55565s, 4072636 KB] In ts_0_252 of size 2 found num new op-mutexes 0


[t=6.56143s, 4072636 KB] In ts_0_253 of size 2 found num new op-mutexes 0


[t=6.56721s, 4072636 KB] In ts_0_254 of size 2 found num new op-mutexes 0


[t=6.57288s, 4072636 KB] In ts_0_255 of size 2 found num new op-mutexes 0


[t=6.57861s, 4072636 KB] In ts_0_256 of size 2 found num new op-mutexes 0


[t=6.58435s, 4072636 KB] In ts_0_257 of size 2 found num new op-mutexes 0


[t=6.59013s, 4072636 KB] In ts_0_258 of size 2 found num new op-mutexes 0


[t=6.59588s, 4072636 KB] In ts_0_259 of size 2 found num new op-mutexes 0


[t=6.60158s, 4072636 KB] In ts_0_260 of size 2 found num new op-mutexes 0


[t=6.60728s, 4072636 KB] In ts_0_261 of size 2 found num new op-mutexes 0


[t=6.61302s, 4072636 KB] In ts_0_262 of size 2 found num new op-mutexes 0


[t=6.63681s, 4072636 KB] In ts_0_263 of size 2 found num new op-mutexes 0


[t=6.64154s, 4072636 KB] In ts_0_264 of size 2 found num new op-mutexes 0


[t=6.6462s, 4072636 KB] In ts_0_265 of size 2 found num new op-mutexes 0


[t=6.6514s, 4072636 KB] In ts_0_266 of size 2 found num new op-mutexes 0


[t=6.65656s, 4072636 KB] In ts_0_267 of size 2 found num new op-mutexes 0


[t=6.66175s, 4072636 KB] In ts_0_268 of size 2 found num new op-mutexes 0


[t=6.6669s, 4072636 KB] In ts_0_269 of size 2 found num new op-mutexes 0


[t=6.67204s, 4072636 KB] In ts_0_270 of size 2 found num new op-mutexes 0


[t=6.67724s, 4072636 KB] In ts_0_271 of size 2 found num new op-mutexes 0


[t=6.68249s, 4072636 KB] In ts_0_272 of size 2 found num new op-mutexes 0


[t=6.68764s, 4072636 KB] In ts_0_273 of size 2 found num new op-mutexes 0


[t=6.69279s, 4072636 KB] In ts_0_274 of size 2 found num new op-mutexes 0


[t=6.69794s, 4072636 KB] In ts_0_275 of size 2 found num new op-mutexes 0


[t=6.7031s, 4072636 KB] In ts_0_276 of size 2 found num new op-mutexes 0


[t=6.70824s, 4072636 KB] In ts_0_277 of size 2 found num new op-mutexes 0


[t=6.71341s, 4072636 KB] In ts_0_278 of size 2 found num new op-mutexes 0


[t=6.71851s, 4072636 KB] In ts_0_279 of size 2 found num new op-mutexes 0


[t=6.72363s, 4072636 KB] In ts_0_280 of size 2 found num new op-mutexes 0


[t=6.72871s, 4072636 KB] In ts_0_281 of size 2 found num new op-mutexes 0


[t=6.73382s, 4072636 KB] In ts_0_282 of size 2 found num new op-mutexes 0


[t=6.73893s, 4072636 KB] In ts_0_283 of size 2 found num new op-mutexes 0


[t=6.74407s, 4072636 KB] In ts_0_284 of size 2 found num new op-mutexes 0


[t=6.74918s, 4072636 KB] In ts_0_285 of size 2 found num new op-mutexes 0


[t=6.7543s, 4072636 KB] In ts_0_286 of size 2 found num new op-mutexes 0


[t=6.75939s, 4072636 KB] In ts_0_287 of size 2 found num new op-mutexes 0


[t=6.76455s, 4072636 KB] In ts_0_288 of size 2 found num new op-mutexes 0


[t=6.76974s, 4072636 KB] In ts_0_289 of size 2 found num new op-mutexes 0


[t=6.7749s, 4072636 KB] In ts_0_290 of size 2 found num new op-mutexes 0


[t=6.78s, 4072636 KB] In ts_0_291 of size 2 found num new op-mutexes 0


[t=6.78513s, 4072636 KB] In ts_0_292 of size 2 found num new op-mutexes 0


[t=6.79026s, 4072636 KB] In ts_0_293 of size 2 found num new op-mutexes 0


[t=6.79539s, 4072636 KB] In ts_0_294 of size 2 found num new op-mutexes 0


[t=6.80055s, 4072636 KB] In ts_0_295 of size 2 found num new op-mutexes 0


[t=6.80576s, 4072636 KB] In ts_0_296 of size 2 found num new op-mutexes 0


[t=6.81091s, 4072636 KB] In ts_0_297 of size 2 found num new op-mutexes 0


[t=6.81606s, 4072636 KB] In ts_0_298 of size 2 found num new op-mutexes 0


[t=6.8212s, 4072636 KB] In ts_0_299 of size 2 found num new op-mutexes 0


[t=6.82641s, 4072636 KB] In ts_0_300 of size 2 found num new op-mutexes 0


[t=6.83153s, 4072636 KB] In ts_0_301 of size 2 found num new op-mutexes 0


[t=6.83675s, 4072636 KB] In ts_0_302 of size 2 found num new op-mutexes 0


[t=6.8419s, 4072636 KB] In ts_0_303 of size 2 found num new op-mutexes 0


[t=6.84711s, 4072636 KB] In ts_0_304 of size 2 found num new op-mutexes 0


[t=6.8523s, 4072636 KB] In ts_0_305 of size 2 found num new op-mutexes 0


[t=6.8575s, 4072636 KB] In ts_0_306 of size 2 found num new op-mutexes 0


[t=6.8627s, 4072636 KB] In ts_0_307 of size 2 found num new op-mutexes 0


[t=6.86792s, 4072636 KB] In ts_0_308 of size 2 found num new op-mutexes 0


[t=6.87309s, 4072636 KB] In ts_0_309 of size 2 found num new op-mutexes 0


[t=6.8783s, 4072636 KB] In ts_0_310 of size 2 found num new op-mutexes 0


[t=6.88352s, 4072636 KB] In ts_0_311 of size 2 found num new op-mutexes 0


[t=6.88926s, 4072636 KB] In ts_0_312 of size 2 found num new op-mutexes 0


[t=6.89503s, 4072636 KB] In ts_0_313 of size 2 found num new op-mutexes 0


[t=6.90082s, 4072636 KB] In ts_0_314 of size 2 found num new op-mutexes 0


[t=6.90663s, 4072636 KB] In ts_0_315 of size 2 found num new op-mutexes 0


[t=6.91245s, 4072636 KB] In ts_0_316 of size 2 found num new op-mutexes 0


[t=6.91819s, 4072636 KB] In ts_0_317 of size 2 found num new op-mutexes 0


[t=6.92395s, 4072636 KB] In ts_0_318 of size 2 found num new op-mutexes 0


[t=6.9297s, 4072636 KB] In ts_0_319 of size 2 found num new op-mutexes 0


[t=6.93545s, 4072636 KB] In ts_0_320 of size 2 found num new op-mutexes 0


[t=6.94124s, 4072636 KB] In ts_0_321 of size 2 found num new op-mutexes 0


[t=6.947s, 4072636 KB] In ts_0_322 of size 2 found num new op-mutexes 0


[t=6.95274s, 4072636 KB] In ts_0_323 of size 2 found num new op-mutexes 0


[t=6.95848s, 4072636 KB] In ts_0_324 of size 2 found num new op-mutexes 0


[t=6.96422s, 4072636 KB] In ts_0_325 of size 2 found num new op-mutexes 0


[t=6.97003s, 4072636 KB] In ts_0_326 of size 2 found num new op-mutexes 0


[t=6.97526s, 4072636 KB] In ts_0_327 of size 2 found num new op-mutexes 0


[t=6.98039s, 4072636 KB] In ts_0_328 of size 2 found num new op-mutexes 0


[t=6.98558s, 4072636 KB] In ts_0_329 of size 2 found num new op-mutexes 0


[t=6.99077s, 4072636 KB] In ts_0_330 of size 2 found num new op-mutexes 0


[t=6.99589s, 4072636 KB] In ts_0_331 of size 2 found num new op-mutexes 0


[t=7.0011s, 4072636 KB] In ts_0_332 of size 2 found num new op-mutexes 0


[t=7.00623s, 4072636 KB] In ts_0_333 of size 2 found num new op-mutexes 0


[t=7.01142s, 4072636 KB] In ts_0_334 of size 2 found num new op-mutexes 0


[t=7.01655s, 4072636 KB] In ts_0_335 of size 2 found num new op-mutexes 0


[t=7.02171s, 4072636 KB] In ts_0_336 of size 2 found num new op-mutexes 0


[t=7.02682s, 4072636 KB] In ts_0_337 of size 2 found num new op-mutexes 0


[t=7.03199s, 4072636 KB] In ts_0_338 of size 2 found num new op-mutexes 0


[t=7.03713s, 4072636 KB] In ts_0_339 of size 2 found num new op-mutexes 0


[t=7.04226s, 4072636 KB] In ts_0_340 of size 2 found num new op-mutexes 0


[t=7.04735s, 4072636 KB] In ts_0_341 of size 2 found num new op-mutexes 0


[t=7.0525s, 4072636 KB] In ts_0_342 of size 2 found num new op-mutexes 0


[t=7.0576s, 4072636 KB] In ts_0_343 of size 2 found num new op-mutexes 0


[t=7.06271s, 4072636 KB] In ts_0_344 of size 2 found num new op-mutexes 0


[t=7.06783s, 4072636 KB] In ts_0_345 of size 2 found num new op-mutexes 0


[t=7.07294s, 4072636 KB] In ts_0_346 of size 2 found num new op-mutexes 0


[t=7.07804s, 4072636 KB] In ts_0_347 of size 2 found num new op-mutexes 0


[t=7.08316s, 4072636 KB] In ts_0_348 of size 2 found num new op-mutexes 0


[t=7.0882s, 4072636 KB] In ts_0_349 of size 2 found num new op-mutexes 0


[t=7.09332s, 4072636 KB] In ts_0_350 of size 2 found num new op-mutexes 0


[t=7.09788s, 4072636 KB] In ts_0_351 of size 2 found num new op-mutexes 0


[t=7.10299s, 4072636 KB] In ts_0_352 of size 2 found num new op-mutexes 0


[t=7.10807s, 4072636 KB] In ts_0_353 of size 2 found num new op-mutexes 0


[t=7.11321s, 4072636 KB] In ts_0_354 of size 2 found num new op-mutexes 0


[t=7.11826s, 4072636 KB] In ts_0_355 of size 2 found num new op-mutexes 0


[t=7.12285s, 4072636 KB] In ts_0_356 of size 2 found num new op-mutexes 0


[t=7.12805s, 4072636 KB] In ts_0_357 of size 2 found num new op-mutexes 0


[t=7.13335s, 4072636 KB] In ts_0_358 of size 2 found num new op-mutexes 0


[t=7.1386s, 4072636 KB] In ts_0_359 of size 2 found num new op-mutexes 0


[t=7.1439s, 4072636 KB] In ts_0_360 of size 2 found num new op-mutexes 0


[t=7.1491s, 4072636 KB] In ts_0_361 of size 2 found num new op-mutexes 0


[t=7.15426s, 4072636 KB] In ts_0_362 of size 2 found num new op-mutexes 0


[t=7.15892s, 4072636 KB] In ts_0_363 of size 2 found num new op-mutexes 0


[t=7.16354s, 4072636 KB] In ts_0_364 of size 2 found num new op-mutexes 0


[t=7.16813s, 4072636 KB] In ts_0_365 of size 2 found num new op-mutexes 0


[t=7.17277s, 4072636 KB] In ts_0_366 of size 2 found num new op-mutexes 0


[t=7.17787s, 4072636 KB] In ts_0_367 of size 2 found num new op-mutexes 0


[t=7.18252s, 4072636 KB] In ts_0_368 of size 2 found num new op-mutexes 0


[t=7.18708s, 4072636 KB] In ts_0_369 of size 2 found num new op-mutexes 0


[t=7.19169s, 4072636 KB] In ts_0_370 of size 2 found num new op-mutexes 0


[t=7.19633s, 4072636 KB] In ts_0_371 of size 2 found num new op-mutexes 0


[t=7.20101s, 4072636 KB] In ts_0_372 of size 2 found num new op-mutexes 0


[t=7.20571s, 4072636 KB] In ts_0_373 of size 2 found num new op-mutexes 0


[t=7.21038s, 4072636 KB] In ts_0_374 of size 2 found num new op-mutexes 0


[t=7.21551s, 4072636 KB] In ts_0_375 of size 2 found num new op-mutexes 0


[t=7.22012s, 4072636 KB] In ts_0_376 of size 2 found num new op-mutexes 0


[t=7.22471s, 4072636 KB] In ts_0_377 of size 2 found num new op-mutexes 0


[t=7.22937s, 4072636 KB] In ts_0_378 of size 2 found num new op-mutexes 0


[t=7.23397s, 4072636 KB] In ts_0_379 of size 2 found num new op-mutexes 0


[t=7.23857s, 4072636 KB] In ts_0_380 of size 2 found num new op-mutexes 0


[t=7.24315s, 4072636 KB] In ts_0_381 of size 2 found num new op-mutexes 0


[t=7.24777s, 4072636 KB] In ts_0_382 of size 2 found num new op-mutexes 0


[t=7.25243s, 4072636 KB] In ts_0_383 of size 2 found num new op-mutexes 0


[t=7.25705s, 4072636 KB] In ts_0_384 of size 2 found num new op-mutexes 0


[t=7.26169s, 4072636 KB] In ts_0_385 of size 2 found num new op-mutexes 0


[t=7.26629s, 4072636 KB] In ts_0_386 of size 2 found num new op-mutexes 0


[t=7.27091s, 4072636 KB] In ts_0_387 of size 2 found num new op-mutexes 0


[t=7.27549s, 4072636 KB] In ts_0_388 of size 2 found num new op-mutexes 0


[t=7.28015s, 4072636 KB] In ts_0_389 of size 2 found num new op-mutexes 0


[t=7.28477s, 4072636 KB] In ts_0_390 of size 2 found num new op-mutexes 0


[t=7.28983s, 4072636 KB] In ts_0_391 of size 2 found num new op-mutexes 0


[t=7.29448s, 4072636 KB] In ts_0_392 of size 2 found num new op-mutexes 0


[t=7.29969s, 4072636 KB] In ts_0_393 of size 2 found num new op-mutexes 0


[t=7.30484s, 4072636 KB] In ts_0_394 of size 2 found num new op-mutexes 0


[t=7.30944s, 4072636 KB] In ts_0_395 of size 2 found num new op-mutexes 0


[t=7.31406s, 4072636 KB] In ts_0_396 of size 2 found num new op-mutexes 0


[t=7.3187s, 4072636 KB] In ts_0_397 of size 2 found num new op-mutexes 0


[t=7.32337s, 4072636 KB] In ts_0_398 of size 2 found num new op-mutexes 0


[t=7.32803s, 4072636 KB] In ts_0_399 of size 2 found num new op-mutexes 0


[t=7.33267s, 4072636 KB] In ts_0_400 of size 2 found num new op-mutexes 0


[t=7.33727s, 4072636 KB] In ts_0_401 of size 2 found num new op-mutexes 0


[t=7.34239s, 4072636 KB] In ts_0_402 of size 2 found num new op-mutexes 0


[t=7.34698s, 4072636 KB] In ts_0_403 of size 2 found num new op-mutexes 0


[t=7.35159s, 4072636 KB] In ts_0_404 of size 2 found num new op-mutexes 0


[t=7.35623s, 4072636 KB] In ts_0_405 of size 2 found num new op-mutexes 0


[t=7.36141s, 4072636 KB] In ts_0_406 of size 2 found num new op-mutexes 0


[t=7.36655s, 4072636 KB] In ts_0_407 of size 2 found num new op-mutexes 0


[t=7.37124s, 4072636 KB] In ts_0_408 of size 2 found num new op-mutexes 0


[t=7.37587s, 4072636 KB] In ts_0_409 of size 2 found num new op-mutexes 0


[t=7.38057s, 4072636 KB] In ts_0_410 of size 2 found num new op-mutexes 0


[t=7.38518s, 4072636 KB] In ts_0_411 of size 2 found num new op-mutexes 0


[t=7.38972s, 4072636 KB] In ts_0_412 of size 2 found num new op-mutexes 0


[t=7.39426s, 4072636 KB] In ts_0_413 of size 2 found num new op-mutexes 0


[t=7.39885s, 4072636 KB] In ts_0_414 of size 2 found num new op-mutexes 0


[t=7.40337s, 4072636 KB] In ts_0_415 of size 2 found num new op-mutexes 0


[t=7.408s, 4072636 KB] In ts_0_416 of size 2 found num new op-mutexes 0


[t=7.41262s, 4072636 KB] In ts_0_417 of size 2 found num new op-mutexes 0


[t=7.41721s, 4072636 KB] In ts_0_418 of size 2 found num new op-mutexes 0


[t=7.42179s, 4072636 KB] In ts_0_419 of size 2 found num new op-mutexes 0


[t=7.4264s, 4072636 KB] In ts_0_420 of size 2 found num new op-mutexes 0


[t=7.4309s, 4072636 KB] In ts_0_421 of size 2 found num new op-mutexes 0


[t=7.43543s, 4072636 KB] In ts_0_422 of size 2 found num new op-mutexes 0


[t=7.44102s, 4072636 KB] In ts_0_423 of size 2 found num new op-mutexes 0


[t=7.44661s, 4072636 KB] In ts_0_424 of size 2 found num new op-mutexes 0


[t=7.4523s, 4072636 KB] In ts_0_425 of size 2 found num new op-mutexes 0


[t=7.45795s, 4072636 KB] In ts_0_426 of size 2 found num new op-mutexes 0


[t=7.46258s, 4072636 KB] In ts_0_427 of size 2 found num new op-mutexes 0


[t=7.46721s, 4072636 KB] In ts_0_428 of size 2 found num new op-mutexes 0


[t=7.47275s, 4072636 KB] In ts_0_429 of size 2 found num new op-mutexes 0


[t=7.4784s, 4072636 KB] In ts_0_430 of size 2 found num new op-mutexes 0


[t=7.48408s, 4072636 KB] In ts_0_431 of size 2 found num new op-mutexes 0


[t=7.48973s, 4072636 KB] In ts_0_432 of size 2 found num new op-mutexes 0


[t=7.49435s, 4072636 KB] In ts_0_433 of size 2 found num new op-mutexes 0


[t=7.49999s, 4072636 KB] In ts_0_434 of size 2 found num new op-mutexes 0


[t=7.50564s, 4072636 KB] In ts_0_435 of size 2 found num new op-mutexes 0


[t=7.51129s, 4072636 KB] In ts_0_436 of size 2 found num new op-mutexes 0


[t=7.51699s, 4072636 KB] In ts_0_437 of size 2 found num new op-mutexes 0


[t=7.52165s, 4072636 KB] In ts_0_438 of size 2 found num new op-mutexes 0


[t=7.52622s, 4072636 KB] In ts_0_439 of size 2 found num new op-mutexes 0


[t=7.53081s, 4072636 KB] In ts_0_440 of size 2 found num new op-mutexes 0


[t=7.53539s, 4072636 KB] In ts_0_441 of size 2 found num new op-mutexes 0


[t=7.53995s, 4072636 KB] In ts_0_442 of size 2 found num new op-mutexes 0


[t=7.54448s, 4072636 KB] In ts_0_443 of size 2 found num new op-mutexes 0


[t=7.54913s, 4072636 KB] In ts_0_444 of size 2 found num new op-mutexes 0


[t=7.55381s, 4072636 KB] In ts_0_445 of size 2 found num new op-mutexes 0


[t=7.55847s, 4072636 KB] In ts_0_446 of size 2 found num new op-mutexes 0


[t=7.56305s, 4072636 KB] In ts_0_447 of size 2 found num new op-mutexes 0


[t=7.56765s, 4072636 KB] In ts_0_448 of size 2 found num new op-mutexes 0


[t=7.5723s, 4072636 KB] In ts_0_449 of size 2 found num new op-mutexes 0


[t=7.57698s, 4072636 KB] In ts_0_450 of size 2 found num new op-mutexes 0


[t=7.58163s, 4072636 KB] In ts_0_451 of size 2 found num new op-mutexes 0


[t=7.58626s, 4072636 KB] In ts_0_452 of size 2 found num new op-mutexes 0


[t=7.59079s, 4072636 KB] In ts_0_453 of size 2 found num new op-mutexes 0


[t=7.59537s, 4072636 KB] In ts_0_454 of size 2 found num new op-mutexes 0


[t=7.59998s, 4072636 KB] In ts_0_455 of size 2 found num new op-mutexes 0


[t=7.60461s, 4072636 KB] In ts_0_456 of size 2 found num new op-mutexes 0


[t=7.60978s, 4072636 KB] In ts_0_457 of size 2 found num new op-mutexes 0


[t=7.61496s, 4072636 KB] In ts_0_458 of size 2 found num new op-mutexes 0


[t=7.6201s, 4072636 KB] In ts_0_459 of size 2 found num new op-mutexes 0


[t=7.62466s, 4072636 KB] In ts_0_460 of size 2 found num new op-mutexes 0


[t=7.62923s, 4072636 KB] In ts_0_461 of size 2 found num new op-mutexes 0


[t=7.6338s, 4072636 KB] In ts_0_462 of size 2 found num new op-mutexes 0


[t=7.6389s, 4072636 KB] In ts_0_463 of size 2 found num new op-mutexes 0


[t=7.64351s, 4072636 KB] In ts_0_464 of size 2 found num new op-mutexes 0


[t=7.64867s, 4072636 KB] In ts_0_465 of size 2 found num new op-mutexes 0


[t=7.65389s, 4072636 KB] In ts_0_466 of size 2 found num new op-mutexes 0


[t=7.65916s, 4072636 KB] In ts_0_467 of size 2 found num new op-mutexes 0


[t=7.66435s, 4072636 KB] In ts_0_468 of size 2 found num new op-mutexes 0


[t=7.67s, 4072636 KB] In ts_0_469 of size 2 found num new op-mutexes 0


[t=7.67571s, 4072636 KB] In ts_0_470 of size 2 found num new op-mutexes 0


[t=7.68138s, 4072636 KB] In ts_0_471 of size 2 found num new op-mutexes 0


[t=7.68707s, 4072636 KB] In ts_0_472 of size 2 found num new op-mutexes 0


[t=7.69278s, 4072636 KB] In ts_0_473 of size 2 found num new op-mutexes 0


[t=7.69851s, 4072636 KB] In ts_0_474 of size 2 found num new op-mutexes 0


[t=7.70438s, 4072636 KB] In ts_0_475 of size 2 found num new op-mutexes 0


[t=7.70933s, 4072636 KB] In ts_0_476 of size 2 found num new op-mutexes 0


[t=7.71518s, 4072636 KB] In ts_0_477 of size 2 found num new op-mutexes 0


[t=7.71988s, 4072636 KB] In ts_0_478 of size 2 found num new op-mutexes 0


[t=7.72444s, 4072636 KB] In ts_0_479 of size 2 found num new op-mutexes 0


[t=7.72898s, 4072636 KB] In ts_0_480 of size 2 found num new op-mutexes 0


[t=7.73351s, 4072636 KB] In ts_0_481 of size 2 found num new op-mutexes 0


[t=7.73908s, 4072636 KB] In ts_0_482 of size 2 found num new op-mutexes 0


[t=7.74472s, 4072636 KB] In ts_0_483 of size 2 found num new op-mutexes 0


[t=7.75036s, 4072636 KB] In ts_0_484 of size 2 found num new op-mutexes 0


[t=7.75601s, 4072636 KB] In ts_0_485 of size 2 found num new op-mutexes 0


[t=7.76166s, 4072636 KB] In ts_0_486 of size 2 found num new op-mutexes 0


[t=7.76731s, 4072636 KB] In ts_0_487 of size 2 found num new op-mutexes 0


[t=7.77193s, 4072636 KB] In ts_0_488 of size 2 found num new op-mutexes 0


[t=7.77753s, 4072636 KB] In ts_0_489 of size 2 found num new op-mutexes 0


[t=7.78319s, 4072636 KB] In ts_0_490 of size 2 found num new op-mutexes 0


[t=7.78875s, 4072636 KB] In ts_0_491 of size 2 found num new op-mutexes 0


[t=7.7944s, 4072636 KB] In ts_0_492 of size 2 found num new op-mutexes 0


[t=7.8s, 4072636 KB] In ts_0_493 of size 2 found num new op-mutexes 0


[t=7.82159s, 4072636 KB] In ts_0_494 of size 2 found num new op-mutexes 0


[t=7.87547s, 4072636 KB] In ts_0_495 of size 2 found num new op-mutexes 0


[t=7.88122s, 4072636 KB] In ts_0_496 of size 2 found num new op-mutexes 0


[t=7.88682s, 4072636 KB] In ts_0_497 of size 2 found num new op-mutexes 0


[t=7.89251s, 4072636 KB] In ts_0_498 of size 2 found num new op-mutexes 0


[t=7.89813s, 4072636 KB] In ts_0_499 of size 2 found num new op-mutexes 0


[t=7.90382s, 4072636 KB] In ts_0_500 of size 2 found num new op-mutexes 0


[t=7.90944s, 4072636 KB] In ts_0_501 of size 2 found num new op-mutexes 0


[t=7.91512s, 4072636 KB] In ts_0_502 of size 2 found num new op-mutexes 0


[t=7.92073s, 4072636 KB] In ts_0_503 of size 2 found num new op-mutexes 0


[t=7.92641s, 4072636 KB] In ts_0_504 of size 2 found num new op-mutexes 0


[t=7.93199s, 4072636 KB] In ts_0_505 of size 2 found num new op-mutexes 0


[t=7.93767s, 4072636 KB] In ts_0_506 of size 2 found num new op-mutexes 0


[t=7.94334s, 4072636 KB] In ts_0_507 of size 2 found num new op-mutexes 0


[t=7.94907s, 4072636 KB] In ts_0_508 of size 2 found num new op-mutexes 0


[t=7.95471s, 4072636 KB] In ts_0_509 of size 2 found num new op-mutexes 0


[t=7.96035s, 4072636 KB] In ts_0_510 of size 2 found num new op-mutexes 0


[t=7.96548s, 4072636 KB] In ts_0_511 of size 2 found num new op-mutexes 0


[t=7.97107s, 4072636 KB] In ts_0_512 of size 2 found num new op-mutexes 0


[t=7.97672s, 4072636 KB] In ts_0_513 of size 2 found num new op-mutexes 0


[t=7.98191s, 4072636 KB] In ts_0_514 of size 2 found num new op-mutexes 0


[t=7.98753s, 4072636 KB] In ts_0_515 of size 2 found num new op-mutexes 0


[t=7.99266s, 4072636 KB] In ts_0_516 of size 2 found num new op-mutexes 0


[t=7.99773s, 4072636 KB] In ts_0_517 of size 2 found num new op-mutexes 0


[t=8.00285s, 4072636 KB] In ts_0_518 of size 2 found num new op-mutexes 0


[t=8.00794s, 4072636 KB] In ts_0_519 of size 2 found num new op-mutexes 0


[t=8.01305s, 4072636 KB] In ts_0_520 of size 2 found num new op-mutexes 0


[t=8.01867s, 4072636 KB] In ts_0_521 of size 2 found num new op-mutexes 0


[t=8.02383s, 4072636 KB] In ts_0_522 of size 2 found num new op-mutexes 0


[t=8.02898s, 4072636 KB] In ts_0_523 of size 2 found num new op-mutexes 0


[t=8.03369s, 4072636 KB] In ts_0_524 of size 2 found num new op-mutexes 0


[t=8.03829s, 4072636 KB] In ts_0_525 of size 2 found num new op-mutexes 0


[t=8.04342s, 4072636 KB] In ts_0_526 of size 2 found num new op-mutexes 0


[t=8.04855s, 4072636 KB] In ts_0_527 of size 2 found num new op-mutexes 0


[t=8.0537s, 4072636 KB] In ts_0_528 of size 2 found num new op-mutexes 0


[t=8.05834s, 4072636 KB] In ts_0_529 of size 2 found num new op-mutexes 0


[t=8.06295s, 4072636 KB] In ts_0_530 of size 2 found num new op-mutexes 0


[t=8.06751s, 4072636 KB] In ts_0_531 of size 2 found num new op-mutexes 0


[t=8.07208s, 4072636 KB] In ts_0_532 of size 2 found num new op-mutexes 0


[t=8.07716s, 4072636 KB] In ts_0_533 of size 2 found num new op-mutexes 0


[t=9.80639s, 4176416 KB] In ts_0_534 of size 1 found num new op-mutexes 2675008


[t=9.81173s, 4176416 KB] In ts_0_535 of size 2 found num new op-mutexes 0


[t=9.82363s, 4176416 KB] In ts_0_536 of size 2 found num new op-mutexes 0


[t=9.82837s, 4176416 KB] In ts_0_537 of size 2 found num new op-mutexes 0


[t=10.0401s, 4176416 KB] In ts_0_538 of size 2 found num new op-mutexes 0


[t=10.0452s, 4176416 KB] In ts_0_539 of size 2 found num new op-mutexes 0


[t=10.0503s, 4176416 KB] In ts_0_540 of size 2 found num new op-mutexes 0


[t=10.0548s, 4176416 KB] In ts_0_541 of size 2 found num new op-mutexes 0


[t=10.0599s, 4176416 KB] In ts_0_542 of size 2 found num new op-mutexes 0


[t=10.065s, 4176416 KB] In ts_0_543 of size 2 found num new op-mutexes 0


[t=10.0701s, 4176416 KB] In ts_0_544 of size 2 found num new op-mutexes 0


[t=10.0752s, 4176416 KB] In ts_0_545 of size 2 found num new op-mutexes 0


[t=10.0798s, 4176416 KB] In ts_0_546 of size 2 found num new op-mutexes 0


[t=10.085s, 4176416 KB] In ts_0_547 of size 2 found num new op-mutexes 0


[t=10.0901s, 4176416 KB] In ts_0_548 of size 2 found num new op-mutexes 0


[t=10.0952s, 4176416 KB] In ts_0_549 of size 2 found num new op-mutexes 0


[t=10.1003s, 4176416 KB] In ts_0_550 of size 2 found num new op-mutexes 0


[t=10.1054s, 4176416 KB] In ts_0_551 of size 2 found num new op-mutexes 0


[t=10.1099s, 4176416 KB] In ts_0_552 of size 2 found num new op-mutexes 0


[t=10.1149s, 4176416 KB] In ts_0_553 of size 2 found num new op-mutexes 0


[t=10.1195s, 4176416 KB] In ts_0_554 of size 2 found num new op-mutexes 0


[t=10.1241s, 4176416 KB] In ts_0_555 of size 2 found num new op-mutexes 0


[t=10.1288s, 4176416 KB] In ts_0_556 of size 2 found num new op-mutexes 0


[t=10.1333s, 4176416 KB] In ts_0_557 of size 2 found num new op-mutexes 0


[t=10.1449s, 4176416 KB] In ts_0_558 of size 2 found num new op-mutexes 0


[t=10.1564s, 4176416 KB] In ts_0_559 of size 2 found num new op-mutexes 0


[t=10.1611s, 4176416 KB] In ts_0_560 of size 2 found num new op-mutexes 0


[t=10.1656s, 4176416 KB] In ts_0_561 of size 2 found num new op-mutexes 0


[t=10.1701s, 4176416 KB] In ts_0_562 of size 2 found num new op-mutexes 0


[t=10.1752s, 4176416 KB] In ts_0_563 of size 2 found num new op-mutexes 0


[t=10.1805s, 4176416 KB] In ts_0_564 of size 2 found num new op-mutexes 0


[t=10.1856s, 4176416 KB] In ts_0_565 of size 2 found num new op-mutexes 0


[t=10.1907s, 4176416 KB] In ts_0_566 of size 2 found num new op-mutexes 0


[t=10.1958s, 4176416 KB] In ts_0_567 of size 2 found num new op-mutexes 0


[t=10.2009s, 4176416 KB] In ts_0_568 of size 2 found num new op-mutexes 0


[t=10.2059s, 4176416 KB] In ts_0_569 of size 2 found num new op-mutexes 0


[t=10.2109s, 4176416 KB] In ts_0_570 of size 2 found num new op-mutexes 0


[t=10.216s, 4176416 KB] In ts_0_571 of size 2 found num new op-mutexes 0


[t=10.2211s, 4176416 KB] In ts_0_572 of size 2 found num new op-mutexes 0


[t=10.2261s, 4176416 KB] In ts_0_573 of size 2 found num new op-mutexes 0


[t=10.2307s, 4176416 KB] In ts_0_574 of size 2 found num new op-mutexes 0


[t=10.2358s, 4176416 KB] In ts_0_575 of size 2 found num new op-mutexes 0


[t=10.2409s, 4176416 KB] In ts_0_576 of size 2 found num new op-mutexes 0


[t=10.246s, 4176416 KB] In ts_0_577 of size 2 found num new op-mutexes 0


[t=10.2511s, 4176416 KB] In ts_0_578 of size 2 found num new op-mutexes 0


[t=10.2563s, 4176416 KB] In ts_0_579 of size 2 found num new op-mutexes 0


[t=10.2614s, 4176416 KB] In ts_0_580 of size 2 found num new op-mutexes 0


[t=16.222s, 4549048 KB] In ts_0_581 of size 1 found num new op-mutexes 9975420


[t=16.2273s, 4549048 KB] In ts_0_582 of size 2 found num new op-mutexes 0


[t=17.1696s, 4549048 KB] In ts_0_583 of size 2 found num new op-mutexes 0


[t=17.1749s, 4549048 KB] In ts_0_584 of size 2 found num new op-mutexes 0


[t=17.1802s, 4549048 KB] In ts_0_585 of size 2 found num new op-mutexes 0


[t=17.1856s, 4549048 KB] In ts_0_586 of size 2 found num new op-mutexes 0


[t=17.1908s, 4549048 KB] In ts_0_587 of size 2 found num new op-mutexes 0


[t=17.1961s, 4549048 KB] In ts_0_588 of size 2 found num new op-mutexes 0


[t=17.2011s, 4549048 KB] In ts_0_589 of size 2 found num new op-mutexes 0


[t=17.2062s, 4549048 KB] In ts_0_590 of size 2 found num new op-mutexes 0


[t=17.2114s, 4549048 KB] In ts_0_591 of size 2 found num new op-mutexes 0


[t=17.2165s, 4549048 KB] In ts_0_592 of size 2 found num new op-mutexes 0


[t=17.2216s, 4549048 KB] In ts_0_593 of size 2 found num new op-mutexes 0


[t=17.2267s, 4549048 KB] In ts_0_594 of size 2 found num new op-mutexes 0


[t=17.2318s, 4549048 KB] In ts_0_595 of size 2 found num new op-mutexes 0


[t=17.2369s, 4549048 KB] In ts_0_596 of size 2 found num new op-mutexes 0


[t=17.2509s, 4549048 KB] In ts_0_597 of size 2 found num new op-mutexes 0


[t=17.2561s, 4549048 KB] In ts_0_598 of size 2 found num new op-mutexes 0


[t=17.2612s, 4549048 KB] In ts_0_599 of size 2 found num new op-mutexes 0


[t=17.2663s, 4549048 KB] In ts_0_600 of size 2 found num new op-mutexes 0


[t=17.2714s, 4549048 KB] In ts_0_601 of size 2 found num new op-mutexes 0


[t=17.2765s, 4549048 KB] In ts_0_602 of size 2 found num new op-mutexes 0


[t=17.2815s, 4549048 KB] In ts_0_603 of size 2 found num new op-mutexes 0


[t=17.2866s, 4549048 KB] In ts_0_604 of size 2 found num new op-mutexes 0


[t=17.2916s, 4549048 KB] In ts_0_605 of size 2 found num new op-mutexes 0


[t=17.2967s, 4549048 KB] In ts_0_606 of size 2 found num new op-mutexes 0


[t=17.3017s, 4549048 KB] In ts_0_607 of size 2 found num new op-mutexes 0


[t=17.3068s, 4549048 KB] In ts_0_608 of size 2 found num new op-mutexes 0


[t=17.3118s, 4549048 KB] In ts_0_609 of size 2 found num new op-mutexes 0


[t=35.6311s, 5675176 KB] In ts_0_610 of size 1 found num new op-mutexes 19686240


[t=37.5333s, 5675176 KB] In ts_0_611 of size 2 found num new op-mutexes 0


[t=37.6437s, 5675176 KB] In ts_0_612 of size 2 found num new op-mutexes 0


[t=37.7111s, 5675176 KB] In ts_0_613 of size 2 found num new op-mutexes 0


[t=37.8227s, 5675176 KB] In ts_0_614 of size 2 found num new op-mutexes 0


[t=37.9364s, 5675176 KB] In ts_0_615 of size 2 found num new op-mutexes 0


[t=37.9416s, 5675176 KB] In ts_0_616 of size 2 found num new op-mutexes 0


[t=37.9467s, 5675176 KB] In ts_0_617 of size 2 found num new op-mutexes 0


[t=37.9519s, 5675176 KB] In ts_0_618 of size 2 found num new op-mutexes 0


[t=37.957s, 5675176 KB] In ts_0_619 of size 2 found num new op-mutexes 0


[t=37.9621s, 5675176 KB] In ts_0_620 of size 2 found num new op-mutexes 0


[t=37.9667s, 5675176 KB] In ts_0_621 of size 2 found num new op-mutexes 0


[t=37.9717s, 5675176 KB] In ts_0_622 of size 2 found num new op-mutexes 0


[t=37.9768s, 5675176 KB] In ts_0_623 of size 2 found num new op-mutexes 0


[t=37.9819s, 5675176 KB] In ts_0_624 of size 2 found num new op-mutexes 0


[t=37.987s, 5675176 KB] In ts_0_625 of size 2 found num new op-mutexes 0


[t=37.9922s, 5675176 KB] In ts_0_626 of size 2 found num new op-mutexes 0


[t=37.9972s, 5675176 KB] In ts_0_627 of size 2 found num new op-mutexes 0


[t=38.0023s, 5675176 KB] In ts_0_628 of size 2 found num new op-mutexes 0


[t=38.0075s, 5675176 KB] In ts_0_629 of size 2 found num new op-mutexes 0


[t=38.0127s, 5675176 KB] In ts_0_630 of size 2 found num new op-mutexes 0


[t=38.0178s, 5675176 KB] In ts_0_631 of size 2 found num new op-mutexes 0


[t=38.023s, 5675176 KB] In ts_0_632 of size 2 found num new op-mutexes 0


[t=38.0281s, 5675176 KB] In ts_0_633 of size 2 found num new op-mutexes 0


[t=38.0332s, 5675176 KB] In ts_0_634 of size 2 found num new op-mutexes 0


[t=38.0382s, 5675176 KB] In ts_0_635 of size 2 found num new op-mutexes 0


[t=38.0433s, 5675176 KB] In ts_0_636 of size 2 found num new op-mutexes 0


[t=38.0483s, 5675176 KB] In ts_0_637 of size 2 found num new op-mutexes 0


[t=38.0534s, 5675176 KB] In ts_0_638 of size 2 found num new op-mutexes 0


[t=38.0585s, 5675176 KB] In ts_0_639 of size 2 found num new op-mutexes 0


[t=38.0635s, 5675176 KB] In ts_0_640 of size 2 found num new op-mutexes 0


[t=38.0686s, 5675176 KB] In ts_0_641 of size 2 found num new op-mutexes 0


[t=38.0736s, 5675176 KB] In ts_0_642 of size 2 found num new op-mutexes 0


[t=38.0787s, 5675176 KB] In ts_0_643 of size 2 found num new op-mutexes 0


[t=38.0838s, 5675176 KB] In ts_0_644 of size 2 found num new op-mutexes 0


[t=38.0888s, 5675176 KB] In ts_0_645 of size 2 found num new op-mutexes 0


[t=38.0939s, 5675176 KB] In ts_0_646 of size 2 found num new op-mutexes 0


[t=38.0989s, 5675176 KB] In ts_0_647 of size 2 found num new op-mutexes 0


[t=38.1035s, 5675176 KB] In ts_0_648 of size 2 found num new op-mutexes 0


[t=38.1086s, 5675176 KB] In ts_0_649 of size 2 found num new op-mutexes 0


[t=38.1137s, 5675176 KB] In ts_0_650 of size 2 found num new op-mutexes 0


[t=38.1188s, 5675176 KB] In ts_0_651 of size 2 found num new op-mutexes 0


[t=38.1239s, 5675176 KB] In ts_0_652 of size 2 found num new op-mutexes 0


[t=38.1284s, 5675176 KB] In ts_0_653 of size 2 found num new op-mutexes 0


[t=38.1335s, 5675176 KB] In ts_0_654 of size 2 found num new op-mutexes 0


[t=38.1381s, 5675176 KB] In ts_0_655 of size 2 found num new op-mutexes 0


[t=38.1432s, 5675176 KB] In ts_0_656 of size 2 found num new op-mutexes 0


[t=38.1477s, 5675176 KB] In ts_0_657 of size 2 found num new op-mutexes 0


[t=38.1528s, 5675176 KB] In ts_0_658 of size 2 found num new op-mutexes 0


[t=38.1573s, 5675176 KB] In ts_0_659 of size 2 found num new op-mutexes 0


[t=38.1624s, 5675176 KB] In ts_0_660 of size 2 found num new op-mutexes 0


[t=38.1674s, 5675176 KB] In ts_0_661 of size 2 found num new op-mutexes 0


[t=38.1725s, 5675176 KB] In ts_0_662 of size 2 found num new op-mutexes 0


[t=38.1775s, 5675176 KB] In ts_0_663 of size 2 found num new op-mutexes 0


[t=38.1821s, 5675176 KB] In ts_0_664 of size 2 found num new op-mutexes 0


[t=38.1871s, 5675176 KB] In ts_0_665 of size 2 found num new op-mutexes 0


[t=38.1917s, 5675176 KB] In ts_0_666 of size 2 found num new op-mutexes 0


[t=38.1962s, 5675176 KB] In ts_0_667 of size 2 found num new op-mutexes 0


[t=38.2013s, 5675176 KB] In ts_0_668 of size 2 found num new op-mutexes 0


[t=38.2063s, 5675176 KB] In ts_0_669 of size 2 found num new op-mutexes 0


[t=38.2114s, 5675176 KB] In ts_0_670 of size 2 found num new op-mutexes 0


[t=38.2165s, 5675176 KB] In ts_0_671 of size 2 found num new op-mutexes 0


[t=38.2215s, 5675176 KB] In ts_0_672 of size 2 found num new op-mutexes 0


[t=38.2266s, 5675176 KB] In ts_0_673 of size 2 found num new op-mutexes 0


[t=38.2316s, 5675176 KB] In ts_0_674 of size 2 found num new op-mutexes 0


[t=38.2367s, 5675176 KB] In ts_0_675 of size 2 found num new op-mutexes 0


[t=38.2418s, 5675176 KB] In ts_0_676 of size 2 found num new op-mutexes 0


[t=38.2468s, 5675176 KB] In ts_0_677 of size 2 found num new op-mutexes 0


[t=38.2519s, 5675176 KB] In ts_0_678 of size 2 found num new op-mutexes 0


[t=38.2565s, 5675176 KB] In ts_0_679 of size 2 found num new op-mutexes 0


[t=38.2611s, 5675176 KB] In ts_0_680 of size 2 found num new op-mutexes 0


[t=38.2868s, 5675176 KB] In ts_0_681 of size 2 found num new op-mutexes 0


[t=38.292s, 5675176 KB] In ts_0_682 of size 2 found num new op-mutexes 0


[t=38.2971s, 5675176 KB] In ts_0_683 of size 2 found num new op-mutexes 0


[t=38.3022s, 5675176 KB] In ts_0_684 of size 2 found num new op-mutexes 0


[t=38.3067s, 5675176 KB] In ts_0_685 of size 2 found num new op-mutexes 0


[t=38.3114s, 5675176 KB] In ts_0_686 of size 2 found num new op-mutexes 0


[t=38.3164s, 5675176 KB] In ts_0_687 of size 2 found num new op-mutexes 0


[t=38.3215s, 5675176 KB] In ts_0_688 of size 2 found num new op-mutexes 0


[t=38.3261s, 5675176 KB] In ts_0_689 of size 2 found num new op-mutexes 0


[t=38.3312s, 5675176 KB] In ts_0_690 of size 2 found num new op-mutexes 0


[t=38.3358s, 5675176 KB] In ts_0_691 of size 2 found num new op-mutexes 0


[t=38.3403s, 5675176 KB] In ts_0_692 of size 2 found num new op-mutexes 0


[t=38.3449s, 5675176 KB] In ts_0_693 of size 2 found num new op-mutexes 0


[t=38.3495s, 5675176 KB] In ts_0_694 of size 2 found num new op-mutexes 0


[t=38.354s, 5675176 KB] In ts_0_695 of size 2 found num new op-mutexes 0


[t=38.3586s, 5675176 KB] In ts_0_696 of size 2 found num new op-mutexes 0


[t=38.3633s, 5675176 KB] In ts_0_697 of size 2 found num new op-mutexes 0


[t=38.368s, 5675176 KB] In ts_0_698 of size 2 found num new op-mutexes 0


[t=38.3726s, 5675176 KB] In ts_0_699 of size 2 found num new op-mutexes 0


[t=38.3776s, 5675176 KB] In ts_0_700 of size 2 found num new op-mutexes 0


[t=38.3822s, 5675176 KB] In ts_0_701 of size 2 found num new op-mutexes 0


[t=38.3868s, 5675176 KB] In ts_0_702 of size 2 found num new op-mutexes 0


[t=38.3919s, 5675176 KB] In ts_0_703 of size 2 found num new op-mutexes 0


[t=38.3965s, 5675176 KB] In ts_0_704 of size 2 found num new op-mutexes 0


[t=38.4015s, 5675176 KB] In ts_0_705 of size 2 found num new op-mutexes 0


[t=38.4061s, 5675176 KB] In ts_0_706 of size 2 found num new op-mutexes 0


[t=38.4112s, 5675176 KB] In ts_0_707 of size 2 found num new op-mutexes 0


[t=38.4158s, 5675176 KB] In ts_0_708 of size 2 found num new op-mutexes 0


[t=38.4204s, 5675176 KB] In ts_0_709 of size 2 found num new op-mutexes 0


[t=38.4249s, 5675176 KB] In ts_0_710 of size 2 found num new op-mutexes 0


[t=38.4295s, 5675176 KB] In ts_0_711 of size 2 found num new op-mutexes 0


[t=38.4346s, 5675176 KB] In ts_0_712 of size 2 found num new op-mutexes 0


[t=38.4397s, 5675176 KB] In ts_0_713 of size 2 found num new op-mutexes 0


[t=38.4447s, 5675176 KB] In ts_0_714 of size 2 found num new op-mutexes 0


[t=38.4498s, 5675176 KB] In ts_0_715 of size 2 found num new op-mutexes 0


[t=38.4549s, 5675176 KB] In ts_0_716 of size 2 found num new op-mutexes 0


[t=38.46s, 5675176 KB] In ts_0_717 of size 2 found num new op-mutexes 0


[t=38.4651s, 5675176 KB] In ts_0_718 of size 2 found num new op-mutexes 0


[t=38.4702s, 5675176 KB] In ts_0_719 of size 2 found num new op-mutexes 0


[t=38.4753s, 5675176 KB] In ts_0_720 of size 2 found num new op-mutexes 0


[t=38.4804s, 5675176 KB] In ts_0_721 of size 2 found num new op-mutexes 0


[t=38.4855s, 5675176 KB] In ts_0_722 of size 2 found num new op-mutexes 0


[t=38.4907s, 5675176 KB] In ts_0_723 of size 2 found num new op-mutexes 0


[t=38.4958s, 5675176 KB] In ts_0_724 of size 2 found num new op-mutexes 0


[t=38.5011s, 5675176 KB] In ts_0_725 of size 2 found num new op-mutexes 0


[t=38.5064s, 5675176 KB] In ts_0_726 of size 2 found num new op-mutexes 0


[t=38.5117s, 5675176 KB] In ts_0_727 of size 2 found num new op-mutexes 0


[t=38.517s, 5675176 KB] In ts_0_728 of size 2 found num new op-mutexes 0


[t=38.5221s, 5675176 KB] In ts_0_729 of size 2 found num new op-mutexes 0


[t=38.5267s, 5675176 KB] In ts_0_730 of size 2 found num new op-mutexes 0


[t=38.5313s, 5675176 KB] In ts_0_731 of size 2 found num new op-mutexes 0


[t=38.5359s, 5675176 KB] In ts_0_732 of size 2 found num new op-mutexes 0


[t=38.5405s, 5675176 KB] In ts_0_733 of size 2 found num new op-mutexes 0


[t=38.5451s, 5675176 KB] In ts_0_734 of size 2 found num new op-mutexes 0


[t=38.5501s, 5675176 KB] In ts_0_735 of size 2 found num new op-mutexes 0


[t=38.5553s, 5675176 KB] In ts_0_736 of size 2 found num new op-mutexes 0


[t=38.5604s, 5675176 KB] In ts_0_737 of size 2 found num new op-mutexes 0


[t=38.5656s, 5675176 KB] In ts_0_738 of size 2 found num new op-mutexes 0


[t=38.5702s, 5675176 KB] In ts_0_739 of size 2 found num new op-mutexes 0


[t=38.5754s, 5675176 KB] In ts_0_740 of size 2 found num new op-mutexes 0


[t=38.5799s, 5675176 KB] In ts_0_741 of size 2 found num new op-mutexes 0


[t=38.585s, 5675176 KB] In ts_0_742 of size 2 found num new op-mutexes 0


[t=38.5896s, 5675176 KB] In ts_0_743 of size 2 found num new op-mutexes 0


[t=38.5947s, 5675176 KB] In ts_0_744 of size 2 found num new op-mutexes 0


[t=38.5998s, 5675176 KB] In ts_0_745 of size 2 found num new op-mutexes 0


[t=38.6049s, 5675176 KB] In ts_0_746 of size 2 found num new op-mutexes 0


[t=38.61s, 5675176 KB] In ts_0_747 of size 2 found num new op-mutexes 0


[t=38.6147s, 5675176 KB] In ts_0_748 of size 2 found num new op-mutexes 0


[t=38.6192s, 5675176 KB] In ts_0_749 of size 2 found num new op-mutexes 0


[t=38.6238s, 5675176 KB] In ts_0_750 of size 2 found num new op-mutexes 0


[t=38.6289s, 5675176 KB] In ts_0_751 of size 2 found num new op-mutexes 0


[t=38.6341s, 5675176 KB] In ts_0_752 of size 2 found num new op-mutexes 0


[t=38.6387s, 5675176 KB] In ts_0_753 of size 2 found num new op-mutexes 0


[t=38.6438s, 5675176 KB] In ts_0_754 of size 2 found num new op-mutexes 0


[t=38.6489s, 5675176 KB] In ts_0_755 of size 2 found num new op-mutexes 0


[t=38.654s, 5675176 KB] In ts_0_756 of size 2 found num new op-mutexes 0


[t=38.6592s, 5675176 KB] In ts_0_757 of size 2 found num new op-mutexes 0


[t=38.6643s, 5675176 KB] In ts_0_758 of size 2 found num new op-mutexes 0


[t=38.6695s, 5675176 KB] In ts_0_759 of size 2 found num new op-mutexes 0


[t=38.6745s, 5675176 KB] In ts_0_760 of size 2 found num new op-mutexes 0


[t=38.6796s, 5675176 KB] In ts_0_761 of size 2 found num new op-mutexes 0


[t=38.6848s, 5675176 KB] In ts_0_762 of size 2 found num new op-mutexes 0


[t=38.6894s, 5675176 KB] In ts_0_763 of size 2 found num new op-mutexes 0


[t=38.6946s, 5675176 KB] In ts_0_764 of size 2 found num new op-mutexes 0


[t=43.6069s, 5842248 KB] In ts_0_765 of size 1 found num new op-mutexes 9710820


[t=43.6125s, 5842248 KB] In ts_0_766 of size 2 found num new op-mutexes 0


[t=43.6176s, 5842248 KB] In ts_0_767 of size 2 found num new op-mutexes 0


[t=43.6224s, 5842248 KB] In ts_0_768 of size 2 found num new op-mutexes 0


[t=43.6276s, 5842248 KB] In ts_0_769 of size 2 found num new op-mutexes 0


[t=43.6322s, 5842248 KB] In ts_0_770 of size 2 found num new op-mutexes 0


[t=43.6373s, 5842248 KB] In ts_0_771 of size 2 found num new op-mutexes 0


[t=43.6424s, 5842248 KB] In ts_0_772 of size 2 found num new op-mutexes 0


[t=43.6471s, 5842248 KB] In ts_0_773 of size 2 found num new op-mutexes 0


[t=43.6517s, 5842248 KB] In ts_0_774 of size 2 found num new op-mutexes 0


[t=43.6568s, 5842248 KB] In ts_0_775 of size 2 found num new op-mutexes 0


[t=43.6619s, 5842248 KB] In ts_0_776 of size 2 found num new op-mutexes 0


[t=43.667s, 5842248 KB] In ts_0_777 of size 2 found num new op-mutexes 0


[t=43.672s, 5842248 KB] In ts_0_778 of size 2 found num new op-mutexes 0


[t=43.6771s, 5842248 KB] In ts_0_779 of size 2 found num new op-mutexes 0


[t=43.6823s, 5842248 KB] In ts_0_780 of size 2 found num new op-mutexes 0


[t=43.6873s, 5842248 KB] In ts_0_781 of size 2 found num new op-mutexes 0


[t=43.6924s, 5842248 KB] In ts_0_782 of size 2 found num new op-mutexes 0


[t=43.697s, 5842248 KB] In ts_0_783 of size 2 found num new op-mutexes 0


[t=43.7021s, 5842248 KB] In ts_0_784 of size 2 found num new op-mutexes 0


[t=43.7072s, 5842248 KB] In ts_0_785 of size 2 found num new op-mutexes 0


[t=43.7117s, 5842248 KB] In ts_0_786 of size 2 found num new op-mutexes 0


[t=43.7163s, 5842248 KB] In ts_0_787 of size 2 found num new op-mutexes 0


[t=43.7209s, 5842248 KB] In ts_0_788 of size 2 found num new op-mutexes 0


[t=43.7255s, 5842248 KB] In ts_0_789 of size 2 found num new op-mutexes 0


[t=44.2962s, 5842248 KB] In ts_0_790 of size 2 found num new op-mutexes 0


[t=44.3009s, 5842248 KB] In ts_0_791 of size 2 found num new op-mutexes 0


[t=44.3056s, 5842248 KB] In ts_0_792 of size 2 found num new op-mutexes 0


[t=44.3103s, 5842248 KB] In ts_0_793 of size 2 found num new op-mutexes 0


[t=44.3149s, 5842248 KB] In ts_0_794 of size 2 found num new op-mutexes 0


[t=44.3195s, 5842248 KB] In ts_0_795 of size 2 found num new op-mutexes 0


[t=44.3241s, 5842248 KB] In ts_0_796 of size 2 found num new op-mutexes 0


[t=44.3287s, 5842248 KB] In ts_0_797 of size 2 found num new op-mutexes 0


[t=44.3332s, 5842248 KB] In ts_0_798 of size 2 found num new op-mutexes 0


[t=44.3378s, 5842248 KB] In ts_0_799 of size 2 found num new op-mutexes 0


[t=44.3423s, 5842248 KB] In ts_0_800 of size 2 found num new op-mutexes 0


[t=44.3468s, 5842248 KB] In ts_0_801 of size 2 found num new op-mutexes 0


[t=44.3514s, 5842248 KB] In ts_0_802 of size 2 found num new op-mutexes 0


[t=44.356s, 5842248 KB] In ts_0_803 of size 2 found num new op-mutexes 0


[t=44.3606s, 5842248 KB] In ts_0_804 of size 2 found num new op-mutexes 0


[t=44.3651s, 5842248 KB] In ts_0_805 of size 2 found num new op-mutexes 0


[t=44.3697s, 5842248 KB] In ts_0_806 of size 2 found num new op-mutexes 0


[t=44.3743s, 5842248 KB] In ts_0_807 of size 2 found num new op-mutexes 0


[t=44.3788s, 5842248 KB] In ts_0_808 of size 2 found num new op-mutexes 0


[t=44.3839s, 5842248 KB] In ts_0_809 of size 2 found num new op-mutexes 0


[t=44.3884s, 5842248 KB] In ts_0_810 of size 2 found num new op-mutexes 0


[t=44.3936s, 5842248 KB] In ts_0_811 of size 2 found num new op-mutexes 0


[t=44.3981s, 5842248 KB] In ts_0_812 of size 2 found num new op-mutexes 0


[t=44.4027s, 5842248 KB] In ts_0_813 of size 2 found num new op-mutexes 0


[t=44.4073s, 5842248 KB] In ts_0_814 of size 2 found num new op-mutexes 0


[t=44.4118s, 5842248 KB] In ts_0_815 of size 2 found num new op-mutexes 0


[t=44.417s, 5842248 KB] In ts_0_816 of size 2 found num new op-mutexes 0


[t=44.4221s, 5842248 KB] In ts_0_817 of size 2 found num new op-mutexes 0


[t=44.4272s, 5842248 KB] In ts_0_818 of size 2 found num new op-mutexes 0


[t=44.4323s, 5842248 KB] In ts_0_819 of size 2 found num new op-mutexes 0


[t=44.4369s, 5842248 KB] In ts_0_820 of size 2 found num new op-mutexes 0


[t=44.4414s, 5842248 KB] In ts_0_821 of size 2 found num new op-mutexes 0


[t=44.446s, 5842248 KB] In ts_0_822 of size 2 found num new op-mutexes 0


[t=44.4511s, 5842248 KB] In ts_0_823 of size 2 found num new op-mutexes 0


[t=44.4562s, 5842248 KB] In ts_0_824 of size 2 found num new op-mutexes 0


[t=44.4613s, 5842248 KB] In ts_0_825 of size 2 found num new op-mutexes 0


[t=44.4663s, 5842248 KB] In ts_0_826 of size 2 found num new op-mutexes 0


[t=44.4714s, 5842248 KB] In ts_0_827 of size 2 found num new op-mutexes 0


[t=44.476s, 5842248 KB] In ts_0_828 of size 2 found num new op-mutexes 0


[t=44.4805s, 5842248 KB] In ts_0_829 of size 2 found num new op-mutexes 0


[t=44.4852s, 5842248 KB] In ts_0_830 of size 2 found num new op-mutexes 0


[t=44.4897s, 5842248 KB] In ts_0_831 of size 2 found num new op-mutexes 0


[t=44.4949s, 5842248 KB] In ts_0_832 of size 2 found num new op-mutexes 0


[t=44.4999s, 5842248 KB] In ts_0_833 of size 2 found num new op-mutexes 0


[t=44.5051s, 5842248 KB] In ts_0_834 of size 2 found num new op-mutexes 0


[t=44.5097s, 5842248 KB] In ts_0_835 of size 2 found num new op-mutexes 0


[t=44.5148s, 5842248 KB] In ts_0_836 of size 2 found num new op-mutexes 0


[t=44.5199s, 5842248 KB] In ts_0_837 of size 2 found num new op-mutexes 0


[t=44.5251s, 5842248 KB] In ts_0_838 of size 2 found num new op-mutexes 0


[t=44.5302s, 5842248 KB] In ts_0_839 of size 2 found num new op-mutexes 0


[t=44.5352s, 5842248 KB] In ts_0_840 of size 2 found num new op-mutexes 0


[t=44.5403s, 5842248 KB] In ts_0_841 of size 2 found num new op-mutexes 0


[t=44.5454s, 5842248 KB] In ts_0_842 of size 2 found num new op-mutexes 0


[t=44.5505s, 5842248 KB] In ts_0_843 of size 2 found num new op-mutexes 0


[t=44.5555s, 5842248 KB] In ts_0_844 of size 2 found num new op-mutexes 0


[t=44.5607s, 5842248 KB] In ts_0_845 of size 2 found num new op-mutexes 0


[t=44.5659s, 5842248 KB] In ts_0_846 of size 2 found num new op-mutexes 0


[t=44.571s, 5842248 KB] In ts_0_847 of size 2 found num new op-mutexes 0


[t=44.5762s, 5842248 KB] In ts_0_848 of size 2 found num new op-mutexes 0


[t=44.5813s, 5842248 KB] In ts_0_849 of size 2 found num new op-mutexes 0


[t=44.5864s, 5842248 KB] In ts_0_850 of size 2 found num new op-mutexes 0


[t=50.4203s, 6142944 KB] In ts_0_851 of size 1 found num new op-mutexes 9622620


[t=50.4256s, 6142944 KB] In ts_0_852 of size 2 found num new op-mutexes 0


[t=50.4303s, 6142944 KB] In ts_0_853 of size 2 found num new op-mutexes 0


[t=50.4349s, 6142944 KB] In ts_0_854 of size 2 found num new op-mutexes 0


[t=50.4395s, 6142944 KB] In ts_0_855 of size 2 found num new op-mutexes 0


[t=50.4446s, 6142944 KB] In ts_0_856 of size 2 found num new op-mutexes 0


[t=51.2746s, 6142944 KB] In ts_0_857 of size 2 found num new op-mutexes 0


[t=51.2795s, 6142944 KB] In ts_0_858 of size 2 found num new op-mutexes 0


[t=51.2841s, 6142944 KB] In ts_0_859 of size 2 found num new op-mutexes 0


[t=51.2888s, 6142944 KB] In ts_0_860 of size 2 found num new op-mutexes 0


[t=51.294s, 6142944 KB] In ts_0_861 of size 2 found num new op-mutexes 0


[t=51.2991s, 6142944 KB] In ts_0_862 of size 2 found num new op-mutexes 0


[t=51.3042s, 6142944 KB] In ts_0_863 of size 2 found num new op-mutexes 0


[t=51.3094s, 6142944 KB] In ts_0_864 of size 2 found num new op-mutexes 0


[t=51.314s, 6142944 KB] In ts_0_865 of size 2 found num new op-mutexes 0


[t=51.3186s, 6142944 KB] In ts_0_866 of size 2 found num new op-mutexes 0


[t=51.3233s, 6142944 KB] In ts_0_867 of size 2 found num new op-mutexes 0


[t=51.3279s, 6142944 KB] In ts_0_868 of size 2 found num new op-mutexes 0


[t=51.3325s, 6142944 KB] In ts_0_869 of size 2 found num new op-mutexes 0


[t=51.3377s, 6142944 KB] In ts_0_870 of size 2 found num new op-mutexes 0


[t=51.3428s, 6142944 KB] In ts_0_871 of size 2 found num new op-mutexes 0


[t=51.3474s, 6142944 KB] In ts_0_872 of size 2 found num new op-mutexes 0


[t=51.352s, 6142944 KB] In ts_0_873 of size 2 found num new op-mutexes 0


Failed to allocate memory.
Memory limit has been reached.
Peak memory: 6435324 KB
Remove intermediate file output.sas
search exit code: 22

Driver aborting after search
