INFO     Running translator.
INFO     translator stdin: None
INFO     translator time limit: 599.96s
INFO     translator memory limit: 7000 MB
INFO     translator command line string: /usr/bin/python3 /user/student.aau.dk/lkar18/downward-projects/downward/experiments/nopo_vs_nasutpo_vs_nelutpo/data/nopo_vs_nasutpo_vs_nelutpo/code-f7902f30c0f47512f07fb7c64cdaf652032f674a_e5e41175/builds/release/bin/translate/translate.py domain.pddl problem.pddl --sas-file output.sas
Parsing...
Parsing: [0.100s CPU, 0.095s wall-clock]
Normalizing task... [0.000s CPU, 0.003s wall-clock]
Instantiating...
Generating Datalog program... [0.040s CPU, 0.038s wall-clock]
Normalizing Datalog program...
Normalizing Datalog program: [0.000s CPU, 0.002s wall-clock]
Preparing model... [0.200s CPU, 0.195s wall-clock]
Generated 23 rules.
Computing model... [0.480s CPU, 0.487s wall-clock]
23847 relevant atoms
41730 auxiliary atoms
65577 final queue length
78263 total queue pushes
Completing instantiation... [0.360s CPU, 0.360s wall-clock]
Instantiating: [1.110s CPU, 1.102s wall-clock]
Computing fact groups...
Finding invariants...
9 initial candidates
Finding invariants: [0.000s CPU, 0.007s wall-clock]
Checking invariant weight... [0.010s CPU, 0.007s wall-clock]
Instantiating groups... [0.010s CPU, 0.006s wall-clock]
Collecting mutex groups... [0.000s CPU, 0.000s wall-clock]
Choosing groups...
0 uncovered facts
Choosing groups: [0.000s CPU, 0.001s wall-clock]
Building translation key... [0.000s CPU, 0.000s wall-clock]
Computing fact groups: [0.020s CPU, 0.024s wall-clock]
Building STRIPS to SAS dictionary... [0.000s CPU, 0.000s wall-clock]
Building dictionary for full mutex groups... [0.000s CPU, 0.000s wall-clock]
Building mutex information...
Building mutex information: [0.000s CPU, 0.000s wall-clock]
Translating task...
Processing axioms...
Simplifying axioms... [0.000s CPU, 0.000s wall-clock]
Translator axioms removed by simplifying: 0
Computing negative axioms... [0.000s CPU, 0.000s wall-clock]
Processing axioms: [0.020s CPU, 0.015s wall-clock]
Translating task: [0.280s CPU, 0.279s wall-clock]
0 effect conditions simplified
0 implied preconditions added
Detecting unreachable propositions...
0 operators removed
0 axioms removed
14 propositions removed
Detecting unreachable propositions: [0.120s CPU, 0.122s wall-clock]
Reordering and filtering variables...
14 of 14 variables necessary.
0 of 14 mutex groups necessary.
6672 of 6672 operators necessary.
0 of 0 axiom rules necessary.
Reordering and filtering variables: [0.030s CPU, 0.027s wall-clock]
Translator variables: 14
Translator derived variables: 0
Translator facts: 360
Translator goal facts: 12
Translator mutex groups: 0
Translator total mutex groups size: 0
Translator operators: 6672
Translator axioms: 0
Translator task size: 33434
Translator peak memory: 77508 KB
Writing output... [0.060s CPU, 0.068s wall-clock]
Done! [1.740s CPU, 1.738s wall-clock]
translate exit code: 0

INFO     Running search (release).
INFO     search stdin: output.sas
INFO     search time limit: 598.16s
INFO     search memory limit: 7000 MB
INFO     search command line string: /user/student.aau.dk/lkar18/downward-projects/downward/experiments/nopo_vs_nasutpo_vs_nelutpo/data/nopo_vs_nasutpo_vs_nelutpo/code-f7902f30c0f47512f07fb7c64cdaf652032f674a_e5e41175/builds/release/bin/downward --search 'astar(merge_and_shrink(op_mutex=op_mutex(use_previous_ops=NaSUTPO, reachability_strategy=goal)))' --internal-plan-file sas_plan < output.sas
[t=3.7104e-05s, 22344 KB] reading input...
[t=0.0213127s, 24152 KB] done reading input!
[t=0.0229449s, 24416 KB] Initializing merge-and-shrink heuristic...
[t=0.0230156s, 24416 KB] Running merge-and-shrink algorithm...
[t=0.023036s, 24416 KB] Merge strategy options:
[t=0.0230583s, 24416 KB] Type: stateless
[t=0.0230792s, 24416 KB] Merge selector options:
[t=0.0230991s, 24416 KB] Name: score based filtering
[t=0.0231199s, 24416 KB] Merge scoring function:
[t=0.0231398s, 24416 KB] Name: goal relevance
[t=0.0231596s, 24416 KB] Merge scoring function:
[t=0.0231789s, 24416 KB] Name: dfp
[t=0.0231986s, 24416 KB] Merge scoring function:
[t=0.0232175s, 24416 KB] Name: total order
[t=0.0232372s, 24416 KB] Atomic transition system order: reverse level
[t=0.0232566s, 24416 KB] Product transition system order: new to old
[t=0.023276s, 24416 KB] Consider atomic before product transition systems
[t=0.0232957s, 24416 KB] Random seed: -1

[t=0.0233177s, 24416 KB] Options related to size limits and shrinking: 
[t=0.0233383s, 24416 KB] Transition system size limit: 50000
[t=0.0233589s, 24416 KB] Transition system size limit right before merge: 50000
[t=0.0233783s, 24416 KB] Threshold to trigger shrinking right before merge: 1

[t=0.0233999s, 24416 KB] Pruning unreachable states: yes
[t=0.0234196s, 24416 KB] Pruning irrelevant states: yes

[t=0.0234411s, 24416 KB] Label reduction disabled

[t=0.0234633s, 24416 KB] Main loop max time in seconds: inf

[t=0.0234883s, 24416 KB] ===============================================================================
[t=0.0235083s, 24416 KB] WARNING! You did not enable label reduction.
This may drastically reduce the performance of merge-and-shrink!
[t=0.0235279s, 24416 KB] ===============================================================================

[t=0.0235557s, 24416 KB] Building atomic transition systems... 
[t=0.0463583s, 42080 KB] M&S algorithm timer: 0.0234441s (after computation of atomic factors)

[t=0.0464918s, 42080 KB] Starting main loop without a time limit.
[t=0.0473424s, 42080 KB] Next pair of indices: (0, 2)
[t=0.0473741s, 42080 KB] M&S algorithm main loop timer: 0.000903653s (after computation of next merge)
[t=0.0480878s, 42816 KB] M&S algorithm main loop timer: 0.00163073s (after merging)

[t=0.0481426s, 42816 KB] Operator mutex starting iteration 0
[t=2.70683s, 264412 KB] In ts_0_1 of size 179 found num new op-mutexes 5046888
[t=2.71176s, 264412 KB] In ts_0_3 of size 14 found num new op-mutexes 0
[t=2.71627s, 264412 KB] In ts_0_4 of size 14 found num new op-mutexes 0
[t=2.72082s, 264412 KB] In ts_0_5 of size 14 found num new op-mutexes 0
[t=2.72531s, 264412 KB] In ts_0_6 of size 14 found num new op-mutexes 0
[t=2.72986s, 264412 KB] In ts_0_7 of size 14 found num new op-mutexes 0
[t=2.73596s, 264412 KB] In ts_0_8 of size 14 found num new op-mutexes 0
[t=2.74387s, 264412 KB] In ts_0_9 of size 14 found num new op-mutexes 0
[t=2.75176s, 264412 KB] In ts_0_10 of size 14 found num new op-mutexes 0
[t=2.75656s, 264412 KB] In ts_0_11 of size 14 found num new op-mutexes 0
[t=2.76107s, 264412 KB] In ts_0_12 of size 14 found num new op-mutexes 0
[t=2.76557s, 264412 KB] In ts_0_13 of size 14 found num new op-mutexes 0
[t=2.77938s, 264412 KB] In ts_0_14 of size 182 found num new op-mutexes 0
[t=2.77952s, 264412 KB] Operator mutex finished iteration 0. Found an additional 5046888 operator mutexes

[t=2.78039s, 264412 KB] Next pair of indices: (1, 14)
[t=2.78041s, 264412 KB] M&S algorithm main loop timer: 2.73394s (after computation of next merge)
[t=2.79394s, 264412 KB] M&S algorithm main loop timer: 2.74752s (after merging)
[t=2.8418s, 264412 KB] M&S algorithm main loop timer: 2.7954s (after pruning)

[t=2.8419s, 264412 KB] Operator mutex starting iteration 1
[t=2.84654s, 264412 KB] In ts_1_3 of size 14 found num new op-mutexes 0
[t=2.85124s, 264412 KB] In ts_1_4 of size 14 found num new op-mutexes 0
[t=2.85595s, 264412 KB] In ts_1_5 of size 14 found num new op-mutexes 0
[t=2.86071s, 264412 KB] In ts_1_6 of size 14 found num new op-mutexes 0
[t=2.86541s, 264412 KB] In ts_1_7 of size 14 found num new op-mutexes 0
[t=2.87132s, 264412 KB] In ts_1_8 of size 14 found num new op-mutexes 0
[t=2.87622s, 264412 KB] In ts_1_9 of size 14 found num new op-mutexes 0
[t=2.88096s, 264412 KB] In ts_1_10 of size 14 found num new op-mutexes 0
[t=2.88566s, 264412 KB] In ts_1_11 of size 14 found num new op-mutexes 0
[t=2.89038s, 264412 KB] In ts_1_12 of size 14 found num new op-mutexes 0
[t=2.89511s, 264412 KB] In ts_1_13 of size 14 found num new op-mutexes 0
[t=2.89621s, 264412 KB] Operator mutex finished iteration 1. Found an additional 0 operator mutexes

[t=2.89709s, 264412 KB] Next pair of indices: (3, 15)
[t=2.89713s, 264412 KB] M&S algorithm main loop timer: 2.85066s (after computation of next merge)
[t=2.95031s, 264412 KB] M&S algorithm main loop timer: 2.90421s (after shrinking)
[t=2.98138s, 264412 KB] M&S algorithm main loop timer: 2.93499s (after merging)
[t=3.02463s, 264412 KB] M&S algorithm main loop timer: 2.97828s (after pruning)

[t=3.02479s, 264412 KB] Operator mutex starting iteration 2
[t=3.02945s, 264412 KB] In ts_2_4 of size 14 found num new op-mutexes 0
[t=3.03433s, 264412 KB] In ts_2_5 of size 14 found num new op-mutexes 0
[t=3.03927s, 264412 KB] In ts_2_6 of size 14 found num new op-mutexes 0
[t=3.04418s, 264412 KB] In ts_2_7 of size 14 found num new op-mutexes 0
[t=3.0491s, 264412 KB] In ts_2_8 of size 14 found num new op-mutexes 0
[t=3.054s, 264412 KB] In ts_2_9 of size 14 found num new op-mutexes 0
[t=3.05891s, 264412 KB] In ts_2_10 of size 14 found num new op-mutexes 0
[t=3.0638s, 264412 KB] In ts_2_11 of size 14 found num new op-mutexes 0
[t=3.06986s, 264412 KB] In ts_2_12 of size 14 found num new op-mutexes 0
[t=3.07482s, 264412 KB] In ts_2_13 of size 14 found num new op-mutexes 0
[t=3.07695s, 264412 KB] Operator mutex finished iteration 2. Found an additional 0 operator mutexes

[t=3.07837s, 264412 KB] Next pair of indices: (4, 16)
[t=3.0784s, 264412 KB] M&S algorithm main loop timer: 3.03193s (after computation of next merge)
[t=3.15569s, 267496 KB] M&S algorithm main loop timer: 3.10973s (after shrinking)
[t=3.20604s, 270128 KB] M&S algorithm main loop timer: 3.15965s (after merging)
[t=3.25767s, 270128 KB] M&S algorithm main loop timer: 3.21127s (after pruning)

[t=3.25778s, 270128 KB] Operator mutex starting iteration 3
[t=3.26266s, 270128 KB] In ts_3_5 of size 14 found num new op-mutexes 0
[t=3.26882s, 270128 KB] In ts_3_6 of size 14 found num new op-mutexes 0
[t=3.27401s, 270128 KB] In ts_3_7 of size 14 found num new op-mutexes 0
[t=3.2791s, 270128 KB] In ts_3_8 of size 14 found num new op-mutexes 0
[t=3.28418s, 270128 KB] In ts_3_9 of size 14 found num new op-mutexes 0
[t=3.28931s, 270128 KB] In ts_3_10 of size 14 found num new op-mutexes 0
[t=3.29468s, 270128 KB] In ts_3_11 of size 14 found num new op-mutexes 0
[t=3.29976s, 270128 KB] In ts_3_12 of size 14 found num new op-mutexes 0
[t=3.30485s, 270128 KB] In ts_3_13 of size 14 found num new op-mutexes 0
[t=3.30825s, 270128 KB] Operator mutex finished iteration 3. Found an additional 0 operator mutexes

[t=3.31016s, 270128 KB] Next pair of indices: (5, 17)
[t=3.3102s, 270128 KB] M&S algorithm main loop timer: 3.26373s (after computation of next merge)
[t=3.43502s, 275524 KB] M&S algorithm main loop timer: 3.389s (after shrinking)
[t=3.52075s, 279708 KB] M&S algorithm main loop timer: 3.47439s (after merging)
[t=3.60176s, 279708 KB] M&S algorithm main loop timer: 3.55542s (after pruning)

[t=3.60193s, 279708 KB] Operator mutex starting iteration 4
[t=3.60738s, 279708 KB] In ts_4_6 of size 14 found num new op-mutexes 0
[t=3.61284s, 279708 KB] In ts_4_7 of size 14 found num new op-mutexes 0
[t=3.61833s, 279708 KB] In ts_4_8 of size 14 found num new op-mutexes 0
[t=3.62378s, 279708 KB] In ts_4_9 of size 14 found num new op-mutexes 0
[t=3.62926s, 279708 KB] In ts_4_10 of size 14 found num new op-mutexes 0
[t=3.63474s, 279708 KB] In ts_4_11 of size 14 found num new op-mutexes 0
[t=3.64033s, 279708 KB] In ts_4_12 of size 14 found num new op-mutexes 0
[t=3.64581s, 279708 KB] In ts_4_13 of size 14 found num new op-mutexes 0
[t=3.65042s, 279708 KB] Operator mutex finished iteration 4. Found an additional 0 operator mutexes

[t=3.65324s, 279708 KB] Next pair of indices: (6, 18)
[t=3.65328s, 279708 KB] M&S algorithm main loop timer: 3.60681s (after computation of next merge)
[t=3.82965s, 286324 KB] M&S algorithm main loop timer: 3.78384s (after shrinking)
[t=3.93462s, 286324 KB] M&S algorithm main loop timer: 3.88822s (after merging)
[t=4.02301s, 286324 KB] M&S algorithm main loop timer: 3.97665s (after pruning)

[t=4.02315s, 286324 KB] Operator mutex starting iteration 5
[t=4.02834s, 286324 KB] In ts_5_7 of size 14 found num new op-mutexes 0
[t=4.03359s, 286324 KB] In ts_5_8 of size 14 found num new op-mutexes 0
[t=4.03885s, 286324 KB] In ts_5_9 of size 14 found num new op-mutexes 0
[t=4.04411s, 286324 KB] In ts_5_10 of size 14 found num new op-mutexes 0
[t=4.04938s, 286324 KB] In ts_5_11 of size 14 found num new op-mutexes 0
[t=4.05553s, 286324 KB] In ts_5_12 of size 14 found num new op-mutexes 0
[t=4.06076s, 286324 KB] In ts_5_13 of size 14 found num new op-mutexes 0
[t=4.06683s, 286324 KB] Operator mutex finished iteration 5. Found an additional 0 operator mutexes

[t=4.06991s, 286324 KB] Next pair of indices: (7, 19)
[t=4.06997s, 286324 KB] M&S algorithm main loop timer: 4.0235s (after computation of next merge)
[t=4.28961s, 291640 KB] M&S algorithm main loop timer: 4.24376s (after shrinking)
[t=4.40842s, 291640 KB] M&S algorithm main loop timer: 4.3621s (after merging)
[t=4.50778s, 291640 KB] M&S algorithm main loop timer: 4.46146s (after pruning)

[t=4.50797s, 291640 KB] Operator mutex starting iteration 6
[t=4.51322s, 291640 KB] In ts_6_8 of size 14 found num new op-mutexes 0
[t=4.51868s, 291640 KB] In ts_6_9 of size 14 found num new op-mutexes 0
[t=4.52419s, 291640 KB] In ts_6_10 of size 14 found num new op-mutexes 0
[t=4.52962s, 291640 KB] In ts_6_11 of size 14 found num new op-mutexes 0
[t=4.53511s, 291640 KB] In ts_6_12 of size 14 found num new op-mutexes 0
[t=4.54108s, 291640 KB] In ts_6_13 of size 14 found num new op-mutexes 0
[t=4.54829s, 291640 KB] Operator mutex finished iteration 6. Found an additional 0 operator mutexes

[t=4.55245s, 291640 KB] Next pair of indices: (8, 20)
[t=4.55253s, 291640 KB] M&S algorithm main loop timer: 4.50606s (after computation of next merge)
[t=4.81011s, 297380 KB] M&S algorithm main loop timer: 4.76411s (after shrinking)
[t=4.96155s, 299948 KB] M&S algorithm main loop timer: 4.91514s (after merging)
[t=5.07723s, 299948 KB] M&S algorithm main loop timer: 5.03086s (after pruning)

[t=5.07736s, 299948 KB] Operator mutex starting iteration 7
[t=5.08234s, 299948 KB] In ts_7_9 of size 14 found num new op-mutexes 0
[t=5.08749s, 299948 KB] In ts_7_10 of size 14 found num new op-mutexes 0
[t=5.09258s, 299948 KB] In ts_7_11 of size 14 found num new op-mutexes 0
[t=5.09771s, 299948 KB] In ts_7_12 of size 14 found num new op-mutexes 0
[t=5.10285s, 299948 KB] In ts_7_13 of size 14 found num new op-mutexes 0
[t=5.11117s, 300216 KB] Operator mutex finished iteration 7. Found an additional 0 operator mutexes

[t=5.1154s, 300216 KB] Next pair of indices: (9, 21)
[t=5.11543s, 300216 KB] M&S algorithm main loop timer: 5.06896s (after computation of next merge)
[t=5.44391s, 312748 KB] M&S algorithm main loop timer: 5.39789s (after shrinking)
[t=5.62413s, 312748 KB] M&S algorithm main loop timer: 5.57775s (after merging)
[t=5.7574s, 312748 KB] M&S algorithm main loop timer: 5.71108s (after pruning)

[t=5.75758s, 312748 KB] Operator mutex starting iteration 8
[t=5.76268s, 312748 KB] In ts_8_10 of size 14 found num new op-mutexes 0
[t=5.76796s, 312748 KB] In ts_8_11 of size 14 found num new op-mutexes 0
[t=5.77329s, 312748 KB] In ts_8_12 of size 14 found num new op-mutexes 0
[t=5.77856s, 312748 KB] In ts_8_13 of size 14 found num new op-mutexes 0
[t=5.78847s, 312748 KB] Operator mutex finished iteration 8. Found an additional 0 operator mutexes

[t=5.79336s, 312748 KB] Next pair of indices: (10, 22)
[t=5.79342s, 312748 KB] M&S algorithm main loop timer: 5.74695s (after computation of next merge)
[t=6.19717s, 327400 KB] M&S algorithm main loop timer: 6.15086s (after shrinking)
[t=6.40928s, 327400 KB] M&S algorithm main loop timer: 6.36296s (after merging)
[t=6.55339s, 327400 KB] M&S algorithm main loop timer: 6.50707s (after pruning)

[t=6.55358s, 327400 KB] Operator mutex starting iteration 9
[t=6.55857s, 327400 KB] In ts_9_11 of size 14 found num new op-mutexes 0
[t=6.56454s, 327400 KB] In ts_9_12 of size 14 found num new op-mutexes 0
[t=6.57054s, 327400 KB] In ts_9_13 of size 14 found num new op-mutexes 0
[t=6.58084s, 327400 KB] Operator mutex finished iteration 9. Found an additional 0 operator mutexes

[t=6.58593s, 327400 KB] Next pair of indices: (11, 23)
[t=6.58599s, 327400 KB] M&S algorithm main loop timer: 6.53953s (after computation of next merge)
[t=7.02601s, 337820 KB] M&S algorithm main loop timer: 6.98005s (after shrinking)
[t=7.25972s, 337820 KB] M&S algorithm main loop timer: 7.21334s (after merging)
[t=7.42336s, 337820 KB] M&S algorithm main loop timer: 7.37698s (after pruning)

[t=7.42349s, 337820 KB] Operator mutex starting iteration 10
[t=7.42915s, 337820 KB] In ts_10_12 of size 14 found num new op-mutexes 0
[t=7.43447s, 337820 KB] In ts_10_13 of size 14 found num new op-mutexes 0
[t=7.4454s, 337820 KB] Operator mutex finished iteration 10. Found an additional 0 operator mutexes

[t=7.45112s, 337820 KB] Next pair of indices: (12, 24)
[t=7.45116s, 337820 KB] M&S algorithm main loop timer: 7.40469s (after computation of next merge)
[t=7.96021s, 351152 KB] M&S algorithm main loop timer: 7.91426s (after shrinking)
[t=8.2292s, 351152 KB] M&S algorithm main loop timer: 8.18283s (after merging)
[t=8.40659s, 351152 KB] M&S algorithm main loop timer: 8.36026s (after pruning)

[t=8.40677s, 351152 KB] Operator mutex starting iteration 11
[t=8.41168s, 351152 KB] In ts_11_13 of size 14 found num new op-mutexes 0
[t=8.42445s, 351152 KB] Operator mutex finished iteration 11. Found an additional 0 operator mutexes

[t=8.42463s, 351152 KB] Next pair of indices: (13, 25)
[t=8.42467s, 351152 KB] M&S algorithm main loop timer: 8.3782s (after computation of next merge)
[t=9.01281s, 363268 KB] M&S algorithm main loop timer: 8.96687s (after shrinking)
[t=9.29518s, 363268 KB] M&S algorithm main loop timer: 9.24885s (after merging)
[t=9.48345s, 363268 KB] M&S algorithm main loop timer: 9.43711s (after pruning)

[t=9.48362s, 363268 KB] Operator mutex starting iteration 12
[t=9.4974s, 363268 KB] Operator mutex finished iteration 12. Found an additional 0 operator mutexes

[t=9.49756s, 363268 KB] End of merge-and-shrink algorithm, statistics:
[t=9.49759s, 363268 KB] Main loop runtime: 9.45112s
[t=9.49761s, 363268 KB] Maximum intermediate abstraction size: 49756
[t=9.49764s, 363268 KB] Final peak memory increase of merge-and-shrink algorithm: 338852 KB
[t=9.49768s, 363268 KB] Merge-and-shrink algorithm runtime: 9.47469s

[t=9.49771s, 363268 KB] Number of labels: 6672
[t=9.49773s, 363268 KB] Total number of operator mutexes: 5046888
[t=9.49776s, 363268 KB] Operator Mutex total time: 3.16784s
[t=9.49806s, 363268 KB] Number of remaining factors: 1
[t=9.49814s, 363268 KB] Number of factors kept: 1
[t=9.49816s, 363268 KB] Done initializing merge-and-shrink heuristic.

[t=9.96722s, 363268 KB] Building successor generator...done!
[t=10.7284s, 363268 KB] peak memory difference for successor generator creation: 0 KB
[t=10.7285s, 363268 KB] time for successor generation creation: 0.00238333s
[t=10.7285s, 363268 KB] Variables: 14
[t=10.7286s, 363268 KB] FactPairs: 360
[t=10.7286s, 363268 KB] Bytes per state: 8
[t=10.7287s, 363268 KB] Conducting best first search with reopening closed nodes, (real) bound = 2147483647
[t=10.7288s, 363268 KB] New best heuristic value for merge_and_shrink(op_mutex = op_mutex(use_previous_ops = nasutpo, reachability_strategy = goal)): 28
[t=10.7288s, 363268 KB] g=0, 1 evaluated, 0 expanded
[t=10.7289s, 363268 KB] f = 28, 1 evaluated, 0 expanded
[t=10.7289s, 363268 KB] Initial heuristic value for merge_and_shrink(op_mutex = op_mutex(use_previous_ops = nasutpo, reachability_strategy = goal)): 28
[t=10.7289s, 363268 KB] pruning method: none
[t=10.7289s, 363268 KB] New best heuristic value for merge_and_shrink(op_mutex = op_mutex(use_previous_ops = nasutpo, reachability_strategy = goal)): 27
[t=10.729s, 363268 KB] g=1, 2 evaluated, 1 expanded
[t=10.729s, 363268 KB] New best heuristic value for merge_and_shrink(op_mutex = op_mutex(use_previous_ops = nasutpo, reachability_strategy = goal)): 26
[t=10.729s, 363268 KB] g=2, 4 evaluated, 2 expanded
[t=10.7291s, 363268 KB] New best heuristic value for merge_and_shrink(op_mutex = op_mutex(use_previous_ops = nasutpo, reachability_strategy = goal)): 25
[t=10.7291s, 363268 KB] g=3, 12 evaluated, 4 expanded
[t=10.7292s, 363268 KB] New best heuristic value for merge_and_shrink(op_mutex = op_mutex(use_previous_ops = nasutpo, reachability_strategy = goal)): 24
[t=10.7292s, 363268 KB] g=4, 42 evaluated, 10 expanded
[t=10.7292s, 363268 KB] New best heuristic value for merge_and_shrink(op_mutex = op_mutex(use_previous_ops = nasutpo, reachability_strategy = goal)): 23
[t=10.7292s, 363268 KB] g=5, 53 evaluated, 12 expanded
[t=10.7293s, 363268 KB] New best heuristic value for merge_and_shrink(op_mutex = op_mutex(use_previous_ops = nasutpo, reachability_strategy = goal)): 22
[t=10.7293s, 363268 KB] g=6, 64 evaluated, 13 expanded
[t=10.7294s, 363268 KB] New best heuristic value for merge_and_shrink(op_mutex = op_mutex(use_previous_ops = nasutpo, reachability_strategy = goal)): 21
[t=10.7294s, 363268 KB] g=7, 81 evaluated, 16 expanded
[t=10.7294s, 363268 KB] New best heuristic value for merge_and_shrink(op_mutex = op_mutex(use_previous_ops = nasutpo, reachability_strategy = goal)): 20
[t=10.7295s, 363268 KB] g=8, 100 evaluated, 19 expanded
[t=10.73s, 363268 KB] f = 29, 402 evaluated, 85 expanded
[t=10.7301s, 363268 KB] f = 30, 472 evaluated, 101 expanded
[t=10.7302s, 363268 KB] New best heuristic value for merge_and_shrink(op_mutex = op_mutex(use_previous_ops = nasutpo, reachability_strategy = goal)): 19
[t=10.7302s, 363268 KB] g=11, 490 evaluated, 104 expanded
[t=10.7315s, 363268 KB] New best heuristic value for merge_and_shrink(op_mutex = op_mutex(use_previous_ops = nasutpo, reachability_strategy = goal)): 18
[t=10.7315s, 363268 KB] g=12, 1197 evaluated, 218 expanded
[t=10.7423s, 363268 KB] f = 31, 7907 evaluated, 1607 expanded
[t=10.7425s, 363268 KB] New best heuristic value for merge_and_shrink(op_mutex = op_mutex(use_previous_ops = nasutpo, reachability_strategy = goal)): 17
[t=10.7426s, 363268 KB] g=14, 7946 evaluated, 1612 expanded
[t=10.7725s, 363268 KB] f = 32, 27827 evaluated, 4581 expanded
[t=10.7726s, 363268 KB] New best heuristic value for merge_and_shrink(op_mutex = op_mutex(use_previous_ops = nasutpo, reachability_strategy = goal)): 16
[t=10.7727s, 363268 KB] g=16, 27845 evaluated, 4583 expanded
[t=10.7728s, 363268 KB] New best heuristic value for merge_and_shrink(op_mutex = op_mutex(use_previous_ops = nasutpo, reachability_strategy = goal)): 15
[t=10.7728s, 363268 KB] g=17, 27885 evaluated, 4587 expanded
[t=10.773s, 363268 KB] New best heuristic value for merge_and_shrink(op_mutex = op_mutex(use_previous_ops = nasutpo, reachability_strategy = goal)): 14
[t=10.773s, 363268 KB] g=18, 27994 evaluated, 4597 expanded
[t=10.7731s, 363268 KB] New best heuristic value for merge_and_shrink(op_mutex = op_mutex(use_previous_ops = nasutpo, reachability_strategy = goal)): 13
[t=10.7731s, 363268 KB] g=19, 28051 evaluated, 4602 expanded
[t=11.1251s, 363268 KB] f = 33, 243579 evaluated, 41988 expanded
[t=12.3022s, 363268 KB] f = 34, 957944 evaluated, 152594 expanded
[t=12.3024s, 363268 KB] New best heuristic value for merge_and_shrink(op_mutex = op_mutex(use_previous_ops = nasutpo, reachability_strategy = goal)): 12
[t=12.3024s, 363268 KB] g=22, 958017 evaluated, 152602 expanded
[t=12.3076s, 363268 KB] New best heuristic value for merge_and_shrink(op_mutex = op_mutex(use_previous_ops = nasutpo, reachability_strategy = goal)): 11
[t=12.3076s, 363268 KB] g=23, 961265 evaluated, 153025 expanded
[t=12.3077s, 363268 KB] New best heuristic value for merge_and_shrink(op_mutex = op_mutex(use_previous_ops = nasutpo, reachability_strategy = goal)): 10
[t=12.3077s, 363268 KB] g=24, 961279 evaluated, 153027 expanded
[t=15.0946s, 363268 KB] New best heuristic value for merge_and_shrink(op_mutex = op_mutex(use_previous_ops = nasutpo, reachability_strategy = goal)): 9
[t=15.0947s, 363268 KB] g=25, 2620436 evaluated, 392431 expanded
[t=20.9922s, 363268 KB] f = 35, 6005904 evaluated, 1003758 expanded
[t=20.9942s, 363268 KB] New best heuristic value for merge_and_shrink(op_mutex = op_mutex(use_previous_ops = nasutpo, reachability_strategy = goal)): 8
[t=20.9942s, 363268 KB] g=27, 6007085 evaluated, 1003907 expanded
[t=20.9945s, 363268 KB] New best heuristic value for merge_and_shrink(op_mutex = op_mutex(use_previous_ops = nasutpo, reachability_strategy = goal)): 7
[t=20.9945s, 363268 KB] g=28, 6007228 evaluated, 1003924 expanded
[t=20.9948s, 363268 KB] New best heuristic value for merge_and_shrink(op_mutex = op_mutex(use_previous_ops = nasutpo, reachability_strategy = goal)): 6
[t=20.9948s, 363268 KB] g=29, 6007368 evaluated, 1003941 expanded
[t=49.834s, 978528 KB] f = 36, 22270917 evaluated, 3645807 expanded
[t=49.8422s, 978660 KB] New best heuristic value for merge_and_shrink(op_mutex = op_mutex(use_previous_ops = nasutpo, reachability_strategy = goal)): 5
[t=49.8423s, 978660 KB] g=31, 22275705 evaluated, 3646588 expanded
[t=52.916s, 1034560 KB] New best heuristic value for merge_and_shrink(op_mutex = op_mutex(use_previous_ops = nasutpo, reachability_strategy = goal)): 4
[t=52.9161s, 1034560 KB] g=32, 24083278 evaluated, 3907768 expanded
[t=214.047s, 6166328 KB] f = 37, 106871660 evaluated, 18447748 expanded
[t=214.055s, 6166328 KB] New best heuristic value for merge_and_shrink(op_mutex = op_mutex(use_previous_ops = nasutpo, reachability_strategy = goal)): 3
[t=214.055s, 6166328 KB] g=34, 106875977 evaluated, 18448464 expanded
Failed to allocate memory.
Memory limit has been reached.
Peak memory: 7167888 KB
Remove intermediate file output.sas
search exit code: 22

Driver aborting after search
