INFO     Running translator.
INFO     translator stdin: None
INFO     translator time limit: 599.97s
INFO     translator memory limit: 7000 MB
INFO     translator command line string: /usr/bin/python3 /user/student.aau.dk/lkar18/downward-projects/downward/experiments/nopo_vs_nasutpo_vs_nelutpo/data/nopo_vs_nasutpo_vs_nelutpo/code-f7902f30c0f47512f07fb7c64cdaf652032f674a_e5e41175/builds/release/bin/translate/translate.py domain.pddl problem.pddl --sas-file output.sas
Parsing...
Parsing: [0.090s CPU, 0.097s wall-clock]
Normalizing task... [0.000s CPU, 0.003s wall-clock]
Instantiating...
Generating Datalog program... [0.040s CPU, 0.037s wall-clock]
Normalizing Datalog program...
Normalizing Datalog program: [0.000s CPU, 0.002s wall-clock]
Preparing model... [0.200s CPU, 0.200s wall-clock]
Generated 23 rules.
Computing model... [0.520s CPU, 0.518s wall-clock]
24887 relevant atoms
44015 auxiliary atoms
68902 final queue length
81196 total queue pushes
Completing instantiation... [0.320s CPU, 0.329s wall-clock]
Instantiating: [1.110s CPU, 1.107s wall-clock]
Computing fact groups...
Finding invariants...
9 initial candidates
Finding invariants: [0.010s CPU, 0.007s wall-clock]
Checking invariant weight... [0.010s CPU, 0.006s wall-clock]
Instantiating groups... [0.000s CPU, 0.006s wall-clock]
Collecting mutex groups... [0.000s CPU, 0.000s wall-clock]
Choosing groups...
0 uncovered facts
Choosing groups: [0.000s CPU, 0.001s wall-clock]
Building translation key... [0.010s CPU, 0.000s wall-clock]
Computing fact groups: [0.030s CPU, 0.023s wall-clock]
Building STRIPS to SAS dictionary... [0.000s CPU, 0.000s wall-clock]
Building dictionary for full mutex groups... [0.000s CPU, 0.000s wall-clock]
Building mutex information...
Building mutex information: [0.000s CPU, 0.000s wall-clock]
Translating task...
Processing axioms...
Simplifying axioms... [0.000s CPU, 0.000s wall-clock]
Translator axioms removed by simplifying: 0
Computing negative axioms... [0.000s CPU, 0.000s wall-clock]
Processing axioms: [0.010s CPU, 0.014s wall-clock]
Translating task: [0.250s CPU, 0.250s wall-clock]
0 effect conditions simplified
0 implied preconditions added
Detecting unreachable propositions...
0 operators removed
0 axioms removed
13 propositions removed
Detecting unreachable propositions: [0.160s CPU, 0.163s wall-clock]
Reordering and filtering variables...
13 of 13 variables necessary.
0 of 13 mutex groups necessary.
6442 of 6442 operators necessary.
0 of 0 axiom rules necessary.
Reordering and filtering variables: [0.030s CPU, 0.027s wall-clock]
Translator variables: 13
Translator derived variables: 0
Translator facts: 339
Translator goal facts: 11
Translator mutex groups: 0
Translator total mutex groups size: 0
Translator operators: 6442
Translator axioms: 0
Translator task size: 32309
Translator peak memory: 78308 KB
Writing output... [0.070s CPU, 0.066s wall-clock]
Done! [1.750s CPU, 1.753s wall-clock]
translate exit code: 0

INFO     Running search (release).
INFO     search stdin: output.sas
INFO     search time limit: 598.14s
INFO     search memory limit: 7000 MB
INFO     search command line string: /user/student.aau.dk/lkar18/downward-projects/downward/experiments/nopo_vs_nasutpo_vs_nelutpo/data/nopo_vs_nasutpo_vs_nelutpo/code-f7902f30c0f47512f07fb7c64cdaf652032f674a_e5e41175/builds/release/bin/downward --search 'astar(merge_and_shrink(op_mutex=op_mutex(use_previous_ops=NeLUTPO, reachability_strategy=goal)))' --internal-plan-file sas_plan < output.sas
[t=3.2672e-05s, 22344 KB] reading input...
[t=0.0203718s, 24128 KB] done reading input!
[t=0.0218744s, 24392 KB] Initializing merge-and-shrink heuristic...
[t=0.0219444s, 24392 KB] Running merge-and-shrink algorithm...
[t=0.0219648s, 24392 KB] Merge strategy options:
[t=0.0219857s, 24392 KB] Type: stateless
[t=0.0220061s, 24392 KB] Merge selector options:
[t=0.0220253s, 24392 KB] Name: score based filtering
[t=0.0220456s, 24392 KB] Merge scoring function:
[t=0.0220652s, 24392 KB] Name: goal relevance
[t=0.0220851s, 24392 KB] Merge scoring function:
[t=0.0221045s, 24392 KB] Name: dfp
[t=0.0221238s, 24392 KB] Merge scoring function:
[t=0.0221431s, 24392 KB] Name: total order
[t=0.0221628s, 24392 KB] Atomic transition system order: reverse level
[t=0.0221824s, 24392 KB] Product transition system order: new to old
[t=0.0222021s, 24392 KB] Consider atomic before product transition systems
[t=0.0222219s, 24392 KB] Random seed: -1

[t=0.0222439s, 24392 KB] Options related to size limits and shrinking: 
[t=0.0222809s, 24392 KB] Transition system size limit: 50000
[t=0.0223041s, 24392 KB] Transition system size limit right before merge: 50000
[t=0.0223248s, 24392 KB] Threshold to trigger shrinking right before merge: 1

[t=0.0223473s, 24392 KB] Pruning unreachable states: yes
[t=0.0223677s, 24392 KB] Pruning irrelevant states: yes

[t=0.0223896s, 24392 KB] Label reduction disabled

[t=0.0224126s, 24392 KB] Main loop max time in seconds: inf

[t=0.0224399s, 24392 KB] ===============================================================================
[t=0.0224633s, 24392 KB] WARNING! You did not enable label reduction.
This may drastically reduce the performance of merge-and-shrink!
[t=0.0224839s, 24392 KB] ===============================================================================

[t=0.0225075s, 24392 KB] Building atomic transition systems... 
[t=0.0501396s, 40292 KB] M&S algorithm timer: 0.0282976s (after computation of atomic factors)

[t=0.0502724s, 40292 KB] Starting main loop without a time limit.
[t=0.0509533s, 40292 KB] Next pair of indices: (0, 2)
[t=0.0509834s, 40292 KB] M&S algorithm main loop timer: 0.000731432s (after computation of next merge)
[t=0.0517135s, 41204 KB] M&S algorithm main loop timer: 0.001476s (after merging)

[t=0.0517673s, 41204 KB] Operator mutex starting iteration 0
[t=2.73512s, 286444 KB] In ts_0_1 of size 184 found num new op-mutexes 5806172
[t=2.73964s, 286444 KB] In ts_0_3 of size 13 found num new op-mutexes 0
[t=2.74385s, 286444 KB] In ts_0_4 of size 13 found num new op-mutexes 0
[t=2.74805s, 286444 KB] In ts_0_5 of size 13 found num new op-mutexes 0
[t=2.75224s, 286444 KB] In ts_0_6 of size 13 found num new op-mutexes 0
[t=2.75641s, 286444 KB] In ts_0_7 of size 13 found num new op-mutexes 0
[t=2.76057s, 286444 KB] In ts_0_8 of size 13 found num new op-mutexes 0
[t=2.76474s, 286444 KB] In ts_0_9 of size 13 found num new op-mutexes 0
[t=2.76892s, 286444 KB] In ts_0_10 of size 13 found num new op-mutexes 0
[t=2.77309s, 286444 KB] In ts_0_11 of size 13 found num new op-mutexes 0
[t=2.7773s, 286444 KB] In ts_0_12 of size 13 found num new op-mutexes 0
[t=2.78895s, 286444 KB] In ts_0_13 of size 156 found num new op-mutexes 0
[t=2.78909s, 286444 KB] Operator mutex finished iteration 0. Found an additional 5806172 operator mutexes

[t=2.78986s, 286444 KB] Next pair of indices: (1, 13)
[t=2.78988s, 286444 KB] M&S algorithm main loop timer: 2.73963s (after computation of next merge)
[t=2.80159s, 286444 KB] M&S algorithm main loop timer: 2.75135s (after shrinking)
[t=2.81393s, 286444 KB] M&S algorithm main loop timer: 2.76375s (after merging)
[t=2.86094s, 286444 KB] M&S algorithm main loop timer: 2.81079s (after pruning)

[t=2.86108s, 286444 KB] Operator mutex starting iteration 1
[t=2.86558s, 286444 KB] In ts_1_3 of size 13 found num new op-mutexes 0
[t=2.86999s, 286444 KB] In ts_1_4 of size 13 found num new op-mutexes 0
[t=2.87441s, 286444 KB] In ts_1_5 of size 13 found num new op-mutexes 0
[t=2.8788s, 286444 KB] In ts_1_6 of size 13 found num new op-mutexes 0
[t=2.88327s, 286444 KB] In ts_1_7 of size 13 found num new op-mutexes 0
[t=2.88769s, 286444 KB] In ts_1_8 of size 13 found num new op-mutexes 0
[t=2.89206s, 286444 KB] In ts_1_9 of size 13 found num new op-mutexes 0
[t=2.89645s, 286444 KB] In ts_1_10 of size 13 found num new op-mutexes 0
[t=2.90086s, 286444 KB] In ts_1_11 of size 13 found num new op-mutexes 0
[t=2.90527s, 286444 KB] In ts_1_12 of size 13 found num new op-mutexes 0
[t=2.90631s, 286444 KB] Operator mutex finished iteration 1. Found an additional 0 operator mutexes

[t=2.90719s, 286444 KB] Next pair of indices: (3, 14)
[t=2.90722s, 286444 KB] M&S algorithm main loop timer: 2.85697s (after computation of next merge)
[t=2.96331s, 286444 KB] M&S algorithm main loop timer: 2.91342s (after shrinking)
[t=2.99216s, 286444 KB] M&S algorithm main loop timer: 2.94201s (after merging)
[t=3.0415s, 286444 KB] M&S algorithm main loop timer: 2.99141s (after pruning)

[t=3.0417s, 286444 KB] Operator mutex starting iteration 2
[t=3.04611s, 286444 KB] In ts_2_4 of size 13 found num new op-mutexes 0
[t=3.0507s, 286444 KB] In ts_2_5 of size 13 found num new op-mutexes 0
[t=3.0553s, 286444 KB] In ts_2_6 of size 13 found num new op-mutexes 0
[t=3.05987s, 286444 KB] In ts_2_7 of size 13 found num new op-mutexes 0
[t=3.06445s, 286444 KB] In ts_2_8 of size 13 found num new op-mutexes 0
[t=3.06904s, 286444 KB] In ts_2_9 of size 13 found num new op-mutexes 0
[t=3.07361s, 286444 KB] In ts_2_10 of size 13 found num new op-mutexes 0
[t=3.07822s, 286444 KB] In ts_2_11 of size 13 found num new op-mutexes 0
[t=3.08277s, 286444 KB] In ts_2_12 of size 13 found num new op-mutexes 0
[t=3.08494s, 286444 KB] Operator mutex finished iteration 2. Found an additional 0 operator mutexes

[t=3.08611s, 286444 KB] Next pair of indices: (4, 15)
[t=3.08614s, 286444 KB] M&S algorithm main loop timer: 3.03589s (after computation of next merge)
[t=3.16697s, 288124 KB] M&S algorithm main loop timer: 3.11726s (after shrinking)
[t=3.21755s, 292536 KB] M&S algorithm main loop timer: 3.1674s (after merging)
[t=3.27563s, 292536 KB] M&S algorithm main loop timer: 3.22547s (after pruning)

[t=3.27576s, 292536 KB] Operator mutex starting iteration 3
[t=3.28033s, 292536 KB] In ts_3_5 of size 13 found num new op-mutexes 0
[t=3.28506s, 292536 KB] In ts_3_6 of size 13 found num new op-mutexes 0
[t=3.28974s, 292536 KB] In ts_3_7 of size 13 found num new op-mutexes 0
[t=3.29445s, 292536 KB] In ts_3_8 of size 13 found num new op-mutexes 0
[t=3.29911s, 292536 KB] In ts_3_9 of size 13 found num new op-mutexes 0
[t=3.30379s, 292536 KB] In ts_3_10 of size 13 found num new op-mutexes 0
[t=3.30851s, 292536 KB] In ts_3_11 of size 13 found num new op-mutexes 0
[t=3.3132s, 292536 KB] In ts_3_12 of size 13 found num new op-mutexes 0
[t=3.31648s, 292536 KB] Operator mutex finished iteration 3. Found an additional 0 operator mutexes

[t=3.31827s, 292536 KB] Next pair of indices: (5, 16)
[t=3.3183s, 292536 KB] M&S algorithm main loop timer: 3.26805s (after computation of next merge)
[t=3.43366s, 298116 KB] M&S algorithm main loop timer: 3.38385s (after shrinking)
[t=3.51161s, 299732 KB] M&S algorithm main loop timer: 3.46149s (after merging)
[t=3.58244s, 299732 KB] M&S algorithm main loop timer: 3.53235s (after pruning)

[t=3.58265s, 299732 KB] Operator mutex starting iteration 4
[t=3.58784s, 299732 KB] In ts_4_6 of size 13 found num new op-mutexes 0
[t=3.59308s, 299732 KB] In ts_4_7 of size 13 found num new op-mutexes 0
[t=3.59829s, 299732 KB] In ts_4_8 of size 13 found num new op-mutexes 0
[t=3.60348s, 299732 KB] In ts_4_9 of size 13 found num new op-mutexes 0
[t=3.60873s, 299732 KB] In ts_4_10 of size 13 found num new op-mutexes 0
[t=3.61397s, 299732 KB] In ts_4_11 of size 13 found num new op-mutexes 0
[t=3.61915s, 299732 KB] In ts_4_12 of size 13 found num new op-mutexes 0
[t=3.62441s, 300788 KB] Operator mutex finished iteration 4. Found an additional 0 operator mutexes

[t=3.62696s, 300788 KB] Next pair of indices: (6, 17)
[t=3.627s, 300788 KB] M&S algorithm main loop timer: 3.57675s (after computation of next merge)
[t=3.79379s, 306572 KB] M&S algorithm main loop timer: 3.74415s (after shrinking)
[t=3.88868s, 306572 KB] M&S algorithm main loop timer: 3.83856s (after merging)
[t=3.97009s, 306572 KB] M&S algorithm main loop timer: 3.91995s (after pruning)

[t=3.97024s, 306572 KB] Operator mutex starting iteration 5
[t=3.97511s, 306572 KB] In ts_5_7 of size 13 found num new op-mutexes 0
[t=3.98008s, 306572 KB] In ts_5_8 of size 13 found num new op-mutexes 0
[t=3.98504s, 306572 KB] In ts_5_9 of size 13 found num new op-mutexes 0
[t=3.99s, 306572 KB] In ts_5_10 of size 13 found num new op-mutexes 0
[t=3.99496s, 306572 KB] In ts_5_11 of size 13 found num new op-mutexes 0
[t=3.99991s, 306572 KB] In ts_5_12 of size 13 found num new op-mutexes 0
[t=4.00531s, 306572 KB] Operator mutex finished iteration 5. Found an additional 0 operator mutexes

[t=4.00806s, 306572 KB] Next pair of indices: (7, 18)
[t=4.0081s, 306572 KB] M&S algorithm main loop timer: 3.95785s (after computation of next merge)
[t=4.20699s, 310904 KB] M&S algorithm main loop timer: 4.15716s (after shrinking)
[t=4.33562s, 312980 KB] M&S algorithm main loop timer: 4.28551s (after merging)
[t=4.43249s, 312980 KB] M&S algorithm main loop timer: 4.3824s (after pruning)

[t=4.43268s, 312980 KB] Operator mutex starting iteration 6
[t=4.43753s, 312980 KB] In ts_6_8 of size 13 found num new op-mutexes 0
[t=4.44258s, 312980 KB] In ts_6_9 of size 13 found num new op-mutexes 0
[t=4.4476s, 312980 KB] In ts_6_10 of size 13 found num new op-mutexes 0
[t=4.45268s, 312980 KB] In ts_6_11 of size 13 found num new op-mutexes 0
[t=4.45771s, 312980 KB] In ts_6_12 of size 13 found num new op-mutexes 0
[t=4.4653s, 315512 KB] Operator mutex finished iteration 6. Found an additional 0 operator mutexes

[t=4.46902s, 315512 KB] Next pair of indices: (8, 19)
[t=4.46908s, 315512 KB] M&S algorithm main loop timer: 4.41883s (after computation of next merge)
[t=4.73983s, 322840 KB] M&S algorithm main loop timer: 4.69015s (after shrinking)
[t=4.88559s, 322840 KB] M&S algorithm main loop timer: 4.83547s (after merging)
[t=4.99334s, 322840 KB] M&S algorithm main loop timer: 4.9432s (after pruning)

[t=4.99349s, 322840 KB] Operator mutex starting iteration 7
[t=4.99821s, 322840 KB] In ts_7_9 of size 13 found num new op-mutexes 0
[t=5.00309s, 322840 KB] In ts_7_10 of size 13 found num new op-mutexes 0
[t=5.00789s, 322840 KB] In ts_7_11 of size 13 found num new op-mutexes 0
[t=5.01273s, 322840 KB] In ts_7_12 of size 13 found num new op-mutexes 0
[t=5.02047s, 322840 KB] Operator mutex finished iteration 7. Found an additional 0 operator mutexes

[t=5.02444s, 322840 KB] Next pair of indices: (9, 20)
[t=5.0245s, 322840 KB] M&S algorithm main loop timer: 4.97425s (after computation of next merge)
[t=5.33304s, 334548 KB] M&S algorithm main loop timer: 5.28328s (after shrinking)
[t=5.50523s, 334548 KB] M&S algorithm main loop timer: 5.45512s (after merging)
[t=5.62946s, 334548 KB] M&S algorithm main loop timer: 5.57936s (after pruning)

[t=5.62965s, 334548 KB] Operator mutex starting iteration 8
[t=5.63454s, 334548 KB] In ts_8_10 of size 13 found num new op-mutexes 0
[t=5.63952s, 334548 KB] In ts_8_11 of size 13 found num new op-mutexes 0
[t=5.64452s, 334548 KB] In ts_8_12 of size 13 found num new op-mutexes 0
[t=5.65359s, 334548 KB] Operator mutex finished iteration 8. Found an additional 0 operator mutexes

[t=5.65807s, 334548 KB] Next pair of indices: (10, 21)
[t=5.65813s, 334548 KB] M&S algorithm main loop timer: 5.60788s (after computation of next merge)
[t=6.02321s, 345620 KB] M&S algorithm main loop timer: 5.97315s (after shrinking)
[t=6.21181s, 345620 KB] M&S algorithm main loop timer: 6.1617s (after merging)
[t=6.34662s, 345620 KB] M&S algorithm main loop timer: 6.29651s (after pruning)

[t=6.3468s, 345620 KB] Operator mutex starting iteration 9
[t=6.35156s, 345620 KB] In ts_9_11 of size 13 found num new op-mutexes 0
[t=6.35661s, 345620 KB] In ts_9_12 of size 13 found num new op-mutexes 0
[t=6.36659s, 345620 KB] Operator mutex finished iteration 9. Found an additional 0 operator mutexes

[t=6.37162s, 345620 KB] Next pair of indices: (11, 22)
[t=6.37169s, 345620 KB] M&S algorithm main loop timer: 6.32144s (after computation of next merge)
[t=6.78521s, 353796 KB] M&S algorithm main loop timer: 6.73544s (after shrinking)
[t=7.00755s, 353796 KB] M&S algorithm main loop timer: 6.95743s (after merging)
[t=7.15911s, 353796 KB] M&S algorithm main loop timer: 7.10901s (after pruning)

[t=7.15929s, 353796 KB] Operator mutex starting iteration 10
[t=7.16423s, 353796 KB] In ts_10_12 of size 13 found num new op-mutexes 0
[t=7.17505s, 353796 KB] Operator mutex finished iteration 10. Found an additional 0 operator mutexes

[t=7.17524s, 353796 KB] Next pair of indices: (12, 23)
[t=7.17527s, 353796 KB] M&S algorithm main loop timer: 7.12502s (after computation of next merge)
[t=7.65654s, 367456 KB] M&S algorithm main loop timer: 7.60646s (after shrinking)
[t=7.90592s, 367456 KB] M&S algorithm main loop timer: 7.8558s (after merging)
[t=8.07144s, 367456 KB] M&S algorithm main loop timer: 8.02134s (after pruning)

[t=8.07163s, 367456 KB] Operator mutex starting iteration 11
[t=8.08322s, 367456 KB] Operator mutex finished iteration 11. Found an additional 0 operator mutexes

[t=8.08339s, 367456 KB] End of merge-and-shrink algorithm, statistics:
[t=8.08341s, 367456 KB] Main loop runtime: 8.03316s
[t=8.08344s, 367456 KB] Maximum intermediate abstraction size: 48230
[t=8.08346s, 367456 KB] Final peak memory increase of merge-and-shrink algorithm: 343064 KB
[t=8.08349s, 367456 KB] Merge-and-shrink algorithm runtime: 8.06158s

[t=8.08353s, 367456 KB] Number of labels: 6442
[t=8.08356s, 367456 KB] Total number of operator mutexes: 5806172
[t=8.08358s, 367456 KB] Operator Mutex total time: 3.07564s
[t=8.08386s, 367456 KB] Number of remaining factors: 1
[t=8.08395s, 367456 KB] Number of factors kept: 1
[t=8.08398s, 367456 KB] Done initializing merge-and-shrink heuristic.

[t=8.55771s, 367456 KB] Building successor generator...done!
[t=9.30549s, 367456 KB] peak memory difference for successor generator creation: 0 KB
[t=9.30552s, 367456 KB] time for successor generation creation: 0.00227259s
[t=9.30558s, 367456 KB] Variables: 13
[t=9.30561s, 367456 KB] FactPairs: 339
[t=9.30563s, 367456 KB] Bytes per state: 8
[t=9.30581s, 367456 KB] Conducting best first search with reopening closed nodes, (real) bound = 2147483647
[t=9.30587s, 367456 KB] New best heuristic value for merge_and_shrink(op_mutex = op_mutex(use_previous_ops = nelutpo, reachability_strategy = goal)): 26
[t=9.3059s, 367456 KB] g=0, 1 evaluated, 0 expanded
[t=9.30592s, 367456 KB] f = 26, 1 evaluated, 0 expanded
[t=9.30595s, 367456 KB] Initial heuristic value for merge_and_shrink(op_mutex = op_mutex(use_previous_ops = nelutpo, reachability_strategy = goal)): 26
[t=9.30597s, 367456 KB] pruning method: none
[t=9.306s, 367456 KB] New best heuristic value for merge_and_shrink(op_mutex = op_mutex(use_previous_ops = nelutpo, reachability_strategy = goal)): 25
[t=9.30602s, 367456 KB] g=1, 2 evaluated, 1 expanded
[t=9.30606s, 367456 KB] New best heuristic value for merge_and_shrink(op_mutex = op_mutex(use_previous_ops = nelutpo, reachability_strategy = goal)): 24
[t=9.30608s, 367456 KB] g=2, 7 evaluated, 2 expanded
[t=9.30613s, 367456 KB] New best heuristic value for merge_and_shrink(op_mutex = op_mutex(use_previous_ops = nelutpo, reachability_strategy = goal)): 23
[t=9.30616s, 367456 KB] g=3, 23 evaluated, 6 expanded
[t=9.3062s, 367456 KB] f = 27, 37 evaluated, 8 expanded
[t=9.3063s, 367456 KB] f = 28, 79 evaluated, 16 expanded
[t=9.30638s, 367456 KB] New best heuristic value for merge_and_shrink(op_mutex = op_mutex(use_previous_ops = nelutpo, reachability_strategy = goal)): 22
[t=9.3064s, 367456 KB] g=6, 112 evaluated, 24 expanded
[t=9.30644s, 367456 KB] New best heuristic value for merge_and_shrink(op_mutex = op_mutex(use_previous_ops = nelutpo, reachability_strategy = goal)): 21
[t=9.30646s, 367456 KB] g=7, 121 evaluated, 26 expanded
[t=9.30679s, 367456 KB] New best heuristic value for merge_and_shrink(op_mutex = op_mutex(use_previous_ops = nelutpo, reachability_strategy = goal)): 20
[t=9.30682s, 367456 KB] g=8, 302 evaluated, 68 expanded
[t=9.30779s, 367456 KB] f = 29, 936 evaluated, 179 expanded
[t=9.30805s, 367456 KB] New best heuristic value for merge_and_shrink(op_mutex = op_mutex(use_previous_ops = nelutpo, reachability_strategy = goal)): 19
[t=9.30808s, 367456 KB] g=10, 1046 evaluated, 193 expanded
[t=9.30812s, 367456 KB] New best heuristic value for merge_and_shrink(op_mutex = op_mutex(use_previous_ops = nelutpo, reachability_strategy = goal)): 18
[t=9.30814s, 367456 KB] g=11, 1056 evaluated, 194 expanded
[t=9.30821s, 367456 KB] New best heuristic value for merge_and_shrink(op_mutex = op_mutex(use_previous_ops = nelutpo, reachability_strategy = goal)): 17
[t=9.30823s, 367456 KB] g=12, 1086 evaluated, 198 expanded
[t=9.3083s, 367456 KB] New best heuristic value for merge_and_shrink(op_mutex = op_mutex(use_previous_ops = nelutpo, reachability_strategy = goal)): 16
[t=9.30832s, 367456 KB] g=13, 1115 evaluated, 202 expanded
[t=9.3142s, 367456 KB] f = 30, 4906 evaluated, 881 expanded
[t=9.35688s, 367456 KB] f = 31, 31781 evaluated, 5853 expanded
[t=9.35698s, 367456 KB] New best heuristic value for merge_and_shrink(op_mutex = op_mutex(use_previous_ops = nelutpo, reachability_strategy = goal)): 15
[t=9.35702s, 367456 KB] g=16, 31796 evaluated, 5855 expanded
[t=9.35706s, 367456 KB] New best heuristic value for merge_and_shrink(op_mutex = op_mutex(use_previous_ops = nelutpo, reachability_strategy = goal)): 14
[t=9.35708s, 367456 KB] g=17, 31804 evaluated, 5856 expanded
[t=9.35754s, 367456 KB] New best heuristic value for merge_and_shrink(op_mutex = op_mutex(use_previous_ops = nelutpo, reachability_strategy = goal)): 13
[t=9.35756s, 367456 KB] g=18, 32075 evaluated, 5894 expanded
[t=9.35761s, 367456 KB] New best heuristic value for merge_and_shrink(op_mutex = op_mutex(use_previous_ops = nelutpo, reachability_strategy = goal)): 12
[t=9.35763s, 367456 KB] g=19, 32089 evaluated, 5895 expanded
[t=9.56852s, 367456 KB] f = 32, 163219 evaluated, 30365 expanded
[t=10.5718s, 367456 KB] f = 33, 749392 evaluated, 143959 expanded
[t=10.5719s, 367456 KB] New best heuristic value for merge_and_shrink(op_mutex = op_mutex(use_previous_ops = nelutpo, reachability_strategy = goal)): 11
[t=10.572s, 367456 KB] g=22, 749425 evaluated, 143963 expanded
[t=10.572s, 367456 KB] New best heuristic value for merge_and_shrink(op_mutex = op_mutex(use_previous_ops = nelutpo, reachability_strategy = goal)): 10
[t=10.5721s, 367456 KB] g=23, 749433 evaluated, 143964 expanded
[t=10.58s, 367456 KB] New best heuristic value for merge_and_shrink(op_mutex = op_mutex(use_previous_ops = nelutpo, reachability_strategy = goal)): 9
[t=10.58s, 367456 KB] g=24, 754469 evaluated, 144735 expanded
[t=10.5801s, 367456 KB] New best heuristic value for merge_and_shrink(op_mutex = op_mutex(use_previous_ops = nelutpo, reachability_strategy = goal)): 8
[t=10.5802s, 367456 KB] g=25, 754521 evaluated, 144740 expanded
[t=15.019s, 367456 KB] f = 34, 3211702 evaluated, 625774 expanded
[t=31.7012s, 528268 KB] f = 35, 12027829 evaluated, 2404715 expanded
[t=31.7034s, 528268 KB] New best heuristic value for merge_and_shrink(op_mutex = op_mutex(use_previous_ops = nelutpo, reachability_strategy = goal)): 7
[t=31.7034s, 528268 KB] g=28, 12029018 evaluated, 2404886 expanded
[t=31.7035s, 528268 KB] New best heuristic value for merge_and_shrink(op_mutex = op_mutex(use_previous_ops = nelutpo, reachability_strategy = goal)): 6
[t=31.7035s, 528268 KB] g=29, 12029032 evaluated, 2404888 expanded
[t=93.9315s, 1877796 KB] f = 36, 43180066 evaluated, 8802045 expanded
[t=285.249s, 6445316 KB] f = 37, 134724121 evaluated, 28386664 expanded
[t=285.252s, 6445316 KB] New best heuristic value for merge_and_shrink(op_mutex = op_mutex(use_previous_ops = nelutpo, reachability_strategy = goal)): 5
[t=285.252s, 6445316 KB] g=32, 134726053 evaluated, 28386963 expanded
[t=285.254s, 6445316 KB] New best heuristic value for merge_and_shrink(op_mutex = op_mutex(use_previous_ops = nelutpo, reachability_strategy = goal)): 4
[t=285.254s, 6445316 KB] g=33, 134726668 evaluated, 28387080 expanded
[t=285.371s, 6445316 KB] New best heuristic value for merge_and_shrink(op_mutex = op_mutex(use_previous_ops = nelutpo, reachability_strategy = goal)): 3
[t=285.371s, 6445316 KB] g=34, 134790182 evaluated, 28397958 expanded
Failed to allocate memory.
Memory limit has been reached.
Peak memory: 7167936 KB
Remove intermediate file output.sas
search exit code: 22

Driver aborting after search
