INFO     Running translator.
INFO     translator stdin: None
INFO     translator time limit: 599.96s
INFO     translator memory limit: 7000 MB
INFO     translator command line string: /usr/bin/python3 /user/student.aau.dk/lkar18/downward-projects/downward/experiments/nopo_vs_nasutpo_195p/data/nopo_vs_nasutpo/code-94571df14dfaf5b06207d9589b12facdd93f580c_e5e41175/builds/release/bin/translate/translate.py domain.pddl problem.pddl --sas-file output.sas
Parsing...
Parsing: [0.000s CPU, 0.005s wall-clock]
Normalizing task... [0.000s CPU, 0.000s wall-clock]
Instantiating...
Generating Datalog program... [0.000s CPU, 0.001s wall-clock]
Normalizing Datalog program...
Normalizing Datalog program: [0.010s CPU, 0.008s wall-clock]
Preparing model... [0.000s CPU, 0.004s wall-clock]
Generated 198 rules.
Computing model... [0.020s CPU, 0.020s wall-clock]
679 relevant atoms
1476 auxiliary atoms
2155 final queue length
3548 total queue pushes
Completing instantiation... [0.030s CPU, 0.022s wall-clock]
Instantiating: [0.060s CPU, 0.055s wall-clock]
Computing fact groups...
Finding invariants...
24 initial candidates
Finding invariants: [0.010s CPU, 0.014s wall-clock]
Checking invariant weight... [0.000s CPU, 0.000s wall-clock]
Instantiating groups... [0.000s CPU, 0.001s wall-clock]
Collecting mutex groups... [0.000s CPU, 0.000s wall-clock]
Choosing groups...
37 uncovered facts
Choosing groups: [0.000s CPU, 0.000s wall-clock]
Building translation key... [0.000s CPU, 0.000s wall-clock]
Computing fact groups: [0.010s CPU, 0.017s wall-clock]
Building STRIPS to SAS dictionary... [0.000s CPU, 0.000s wall-clock]
Building dictionary for full mutex groups... [0.000s CPU, 0.000s wall-clock]
Building mutex information...
Building mutex information: [0.000s CPU, 0.000s wall-clock]
Translating task...
Processing axioms...
Simplifying axioms... [0.000s CPU, 0.000s wall-clock]
Translator axioms removed by simplifying: 0
Computing negative axioms... [0.000s CPU, 0.000s wall-clock]
Processing axioms: [0.000s CPU, 0.001s wall-clock]
Translating task: [0.020s CPU, 0.022s wall-clock]
284 effect conditions simplified
0 implied preconditions added
Detecting unreachable propositions...
0 operators removed
0 axioms removed
19 propositions removed
Detecting unreachable propositions: [0.020s CPU, 0.010s wall-clock]
Reordering and filtering variables...
40 of 46 variables necessary.
12 of 19 mutex groups necessary.
428 of 428 operators necessary.
0 of 0 axiom rules necessary.
Reordering and filtering variables: [0.000s CPU, 0.005s wall-clock]
Translator variables: 40
Translator derived variables: 0
Translator facts: 103
Translator goal facts: 15
Translator mutex groups: 12
Translator total mutex groups size: 34
Translator operators: 428
Translator axioms: 0
Translator task size: 3584
Translator peak memory: 44628 KB
Writing output... [0.010s CPU, 0.007s wall-clock]
Done! [0.120s CPU, 0.123s wall-clock]
translate exit code: 0

INFO     Running search (release).
INFO     search stdin: output.sas
INFO     search time limit: 599.79s
INFO     search memory limit: 7000 MB
INFO     search command line string: /user/student.aau.dk/lkar18/downward-projects/downward/experiments/nopo_vs_nasutpo_195p/data/nopo_vs_nasutpo/code-94571df14dfaf5b06207d9589b12facdd93f580c_e5e41175/builds/release/bin/downward --search 'astar(merge_and_shrink(op_mutex=op_mutex(use_previous_ops=NaSUTPO, reachability_strategy=goal), merge_strategy=merge_sccs(order_of_sccs=topological, merge_tree=linear()), shrink_strategy=shrink_fh()))' --internal-plan-file sas_plan < output.sas
[t=3.5095e-05s, 22344 KB] reading input...
[t=0.00227656s, 22468 KB] done reading input!
[t=0.00366717s, 22732 KB] Initializing merge-and-shrink heuristic...
[t=0.00373948s, 22732 KB] Running merge-and-shrink algorithm...
[t=0.00375964s, 22732 KB] Merge strategy options:
[t=0.00378077s, 22732 KB] Type: sccs
[t=0.00380135s, 22732 KB] Merge order of sccs: topological
[t=0.00382151s, 22732 KB] Merge strategy for merging within sccs: 
[t=0.0038414s, 22732 KB] Merge tree options: 
[t=0.00386125s, 22732 KB] Type: linear
[t=0.00388136s, 22732 KB] Update option: use random
[t=0.00390169s, 22732 KB] Variable order type: CG/GOAL, tie breaking on level (main)

[t=0.00392394s, 22732 KB] Options related to size limits and shrinking: 
[t=0.00394467s, 22732 KB] Transition system size limit: 50000
[t=0.00396464s, 22732 KB] Transition system size limit right before merge: 50000
[t=0.00398469s, 22732 KB] Threshold to trigger shrinking right before merge: 1

[t=0.00400706s, 22732 KB] Pruning unreachable states: yes
[t=0.00402752s, 22732 KB] Pruning irrelevant states: yes

[t=0.00404916s, 22732 KB] Label reduction disabled

[t=0.00407179s, 22732 KB] Main loop max time in seconds: inf

[t=0.00409619s, 22732 KB] ===============================================================================
[t=0.00411681s, 22732 KB] WARNING! You did not enable label reduction.
This may drastically reduce the performance of merge-and-shrink!
[t=0.0041372s, 22732 KB] ===============================================================================

[t=0.00415957s, 22732 KB] Building atomic transition systems... 
[t=0.00605522s, 25844 KB] M&S algorithm timer: 0.00235117s (after computation of atomic factors)

[t=0.00610733s, 25844 KB] Starting main loop without a time limit.
[t=0.00613584s, 25844 KB] building causal graph...done! [t=0.000681541s]
[t=0.00686117s, 25844 KB] SCCs of the causal graph:
[t=0.00691595s, 25844 KB] [0, 1, 2]
[t=0.00694129s, 25844 KB] [18, 4, 5, 7, 9, 19, 6, 8, 20, 12, 36, 13, 25, 31, 21, 3, 22, 10, 33, 15, 26, 29, 23, 11, 37, 14, 27, 32, 38, 24, 16, 34, 17, 35, 28, 30, 39]
[t=0.00697672s, 25844 KB] Next pair of indices: (2, 1)
[t=0.00700162s, 25844 KB] M&S algorithm main loop timer: 0.000914488s (after computation of next merge)
[t=0.00708633s, 25992 KB] M&S algorithm main loop timer: 0.00100808s (after merging)
[t=0.0071228s, 25992 KB] M&S algorithm main loop timer: 0.00103568s (after pruning)

[t=0.00714891s, 25992 KB] Operator mutex starting iteration 0


[t=0.00730044s, 25992 KB] In ts_0_0 of size 2 found num new op-mutexes 0


[t=0.00743058s, 25992 KB] In ts_0_3 of size 2 found num new op-mutexes 0


[t=0.00755512s, 25992 KB] In ts_0_4 of size 2 found num new op-mutexes 0


[t=0.00769021s, 25992 KB] In ts_0_5 of size 2 found num new op-mutexes 0


[t=0.0078147s, 25992 KB] In ts_0_6 of size 2 found num new op-mutexes 0


[t=0.0079355s, 25992 KB] In ts_0_7 of size 2 found num new op-mutexes 0


[t=0.0080549s, 25992 KB] In ts_0_8 of size 2 found num new op-mutexes 0


[t=0.00818052s, 25992 KB] In ts_0_9 of size 2 found num new op-mutexes 0


[t=0.00830256s, 25992 KB] In ts_0_10 of size 2 found num new op-mutexes 0


[t=0.00842194s, 25992 KB] In ts_0_11 of size 2 found num new op-mutexes 0


[t=0.00853932s, 25992 KB] In ts_0_12 of size 2 found num new op-mutexes 0


[t=0.00865686s, 25992 KB] In ts_0_13 of size 2 found num new op-mutexes 0


[t=0.00880295s, 25992 KB] In ts_0_14 of size 2 found num new op-mutexes 0


[t=0.00892308s, 25992 KB] In ts_0_15 of size 2 found num new op-mutexes 0


[t=0.00903923s, 25992 KB] In ts_0_16 of size 2 found num new op-mutexes 0


[t=0.00915577s, 25992 KB] In ts_0_17 of size 2 found num new op-mutexes 0


[t=0.00932593s, 25992 KB] In ts_0_18 of size 4 found num new op-mutexes 0


[t=0.0095505s, 25992 KB] In ts_0_19 of size 5 found num new op-mutexes 324


[t=0.00968783s, 25992 KB] In ts_0_20 of size 2 found num new op-mutexes 0


[t=0.00991357s, 25992 KB] In ts_0_21 of size 5 found num new op-mutexes 256


[t=0.0100511s, 25992 KB] In ts_0_22 of size 2 found num new op-mutexes 0


[t=0.0101832s, 25992 KB] In ts_0_23 of size 2 found num new op-mutexes 0


[t=0.0103131s, 25992 KB] In ts_0_24 of size 2 found num new op-mutexes 0


[t=0.0104343s, 25992 KB] In ts_0_25 of size 2 found num new op-mutexes 0


[t=0.0105538s, 25992 KB] In ts_0_26 of size 2 found num new op-mutexes 0


[t=0.0106721s, 25992 KB] In ts_0_27 of size 2 found num new op-mutexes 0


[t=0.0108003s, 25992 KB] In ts_0_28 of size 2 found num new op-mutexes 0


[t=0.0109216s, 25992 KB] In ts_0_29 of size 2 found num new op-mutexes 0


[t=0.0110424s, 25992 KB] In ts_0_30 of size 2 found num new op-mutexes 0


[t=0.0111666s, 25992 KB] In ts_0_31 of size 2 found num new op-mutexes 0


[t=0.0112914s, 25992 KB] In ts_0_32 of size 2 found num new op-mutexes 0


[t=0.0114558s, 25992 KB] In ts_0_33 of size 4 found num new op-mutexes 0


[t=0.0116197s, 25992 KB] In ts_0_34 of size 4 found num new op-mutexes 0


[t=0.0118457s, 25992 KB] In ts_0_35 of size 5 found num new op-mutexes 256


[t=0.0120119s, 25992 KB] In ts_0_36 of size 4 found num new op-mutexes 0


[t=0.0122393s, 25992 KB] In ts_0_37 of size 5 found num new op-mutexes 324


[t=0.0123794s, 25992 KB] In ts_0_38 of size 3 found num new op-mutexes 0


[t=0.0125083s, 25992 KB] In ts_0_39 of size 3 found num new op-mutexes 0


[t=0.0126845s, 25992 KB] In ts_0_40 of size 3 found num new op-mutexes 0
[t=0.0127216s, 25992 KB] Operator mutex finished iteration 0. Found an additional 1160 operator mutexes

[t=0.0127526s, 25992 KB] Next pair of indices: (40, 0)
[t=0.0127764s, 25992 KB] M&S algorithm main loop timer: 0.00668899s (after computation of next merge)
[t=0.0128618s, 25992 KB] M&S algorithm main loop timer: 0.00678246s (after merging)
[t=0.012897s, 25992 KB] M&S algorithm main loop timer: 0.00680999s (after pruning)

[t=0.0129232s, 25992 KB] Operator mutex starting iteration 1


[t=0.0130463s, 25992 KB] In ts_1_3 of size 2 found num new op-mutexes 0


[t=0.0131745s, 25992 KB] In ts_1_4 of size 2 found num new op-mutexes 0


[t=0.013349s, 25992 KB] In ts_1_5 of size 2 found num new op-mutexes 0


[t=0.0134764s, 25992 KB] In ts_1_6 of size 2 found num new op-mutexes 0


[t=0.0136008s, 25992 KB] In ts_1_7 of size 2 found num new op-mutexes 0


[t=0.0137257s, 25992 KB] In ts_1_8 of size 2 found num new op-mutexes 0


[t=0.0138514s, 25992 KB] In ts_1_9 of size 2 found num new op-mutexes 0


[t=0.0139771s, 25992 KB] In ts_1_10 of size 2 found num new op-mutexes 0


[t=0.0141003s, 25992 KB] In ts_1_11 of size 2 found num new op-mutexes 0


[t=0.0142271s, 25992 KB] In ts_1_12 of size 2 found num new op-mutexes 0


[t=0.014349s, 25992 KB] In ts_1_13 of size 2 found num new op-mutexes 0


[t=0.0144708s, 25992 KB] In ts_1_14 of size 2 found num new op-mutexes 0


[t=0.0145925s, 25992 KB] In ts_1_15 of size 2 found num new op-mutexes 0


[t=0.0147134s, 25992 KB] In ts_1_16 of size 2 found num new op-mutexes 0


[t=0.0148337s, 25992 KB] In ts_1_17 of size 2 found num new op-mutexes 0


[t=0.0150002s, 25992 KB] In ts_1_18 of size 4 found num new op-mutexes 0


[t=0.0152283s, 25992 KB] In ts_1_19 of size 5 found num new op-mutexes 0


[t=0.0153669s, 25992 KB] In ts_1_20 of size 2 found num new op-mutexes 0


[t=0.0155995s, 25992 KB] In ts_1_21 of size 5 found num new op-mutexes 0


[t=0.015755s, 25992 KB] In ts_1_22 of size 2 found num new op-mutexes 0


[t=0.0158954s, 25992 KB] In ts_1_23 of size 2 found num new op-mutexes 0


[t=0.0160307s, 25992 KB] In ts_1_24 of size 2 found num new op-mutexes 0


[t=0.0161595s, 25992 KB] In ts_1_25 of size 2 found num new op-mutexes 0


[t=0.0162833s, 25992 KB] In ts_1_26 of size 2 found num new op-mutexes 0


[t=0.0164135s, 25992 KB] In ts_1_27 of size 2 found num new op-mutexes 0


[t=0.0165469s, 25992 KB] In ts_1_28 of size 2 found num new op-mutexes 0


[t=0.0166899s, 25992 KB] In ts_1_29 of size 2 found num new op-mutexes 0


[t=0.0168249s, 25992 KB] In ts_1_30 of size 2 found num new op-mutexes 0


[t=0.0169596s, 25992 KB] In ts_1_31 of size 2 found num new op-mutexes 0


[t=0.0170945s, 25992 KB] In ts_1_32 of size 2 found num new op-mutexes 0


[t=0.0172736s, 25992 KB] In ts_1_33 of size 4 found num new op-mutexes 0


[t=0.0174526s, 25992 KB] In ts_1_34 of size 4 found num new op-mutexes 0


[t=0.0176745s, 25992 KB] In ts_1_35 of size 5 found num new op-mutexes 0


[t=0.0178532s, 25992 KB] In ts_1_36 of size 4 found num new op-mutexes 0


[t=0.0180734s, 25992 KB] In ts_1_37 of size 5 found num new op-mutexes 0


[t=0.0182159s, 25992 KB] In ts_1_38 of size 3 found num new op-mutexes 0


[t=0.0183631s, 25992 KB] In ts_1_39 of size 3 found num new op-mutexes 0


[t=0.0185567s, 25992 KB] In ts_1_41 of size 3 found num new op-mutexes 0
[t=0.0185936s, 25992 KB] Operator mutex finished iteration 1. Found an additional 0 operator mutexes

[t=0.0186464s, 25992 KB] Next pair of indices: (39, 35)
[t=0.0186707s, 25992 KB] M&S algorithm main loop timer: 0.0125829s (after computation of next merge)
[t=0.0187542s, 25992 KB] M&S algorithm main loop timer: 0.0126708s (after merging)
[t=0.0187856s, 25992 KB] M&S algorithm main loop timer: 0.0126993s (after pruning)

[t=0.0188127s, 25992 KB] Operator mutex starting iteration 2


[t=0.0189347s, 25992 KB] In ts_2_3 of size 2 found num new op-mutexes 0


[t=0.0190626s, 25992 KB] In ts_2_4 of size 2 found num new op-mutexes 0


[t=0.019187s, 25992 KB] In ts_2_5 of size 2 found num new op-mutexes 0


[t=0.019308s, 25992 KB] In ts_2_6 of size 2 found num new op-mutexes 0


[t=0.0194287s, 25992 KB] In ts_2_7 of size 2 found num new op-mutexes 0


[t=0.0195486s, 25992 KB] In ts_2_8 of size 2 found num new op-mutexes 0


[t=0.0196689s, 25992 KB] In ts_2_9 of size 2 found num new op-mutexes 0


[t=0.0197888s, 25992 KB] In ts_2_10 of size 2 found num new op-mutexes 0


[t=0.0199078s, 25992 KB] In ts_2_11 of size 2 found num new op-mutexes 0


[t=0.020026s, 25992 KB] In ts_2_12 of size 2 found num new op-mutexes 0


[t=0.0201539s, 25992 KB] In ts_2_13 of size 2 found num new op-mutexes 0


[t=0.0202707s, 25992 KB] In ts_2_14 of size 2 found num new op-mutexes 0


[t=0.0203875s, 25992 KB] In ts_2_15 of size 2 found num new op-mutexes 0


[t=0.0205042s, 25992 KB] In ts_2_16 of size 2 found num new op-mutexes 0


[t=0.0206209s, 25992 KB] In ts_2_17 of size 2 found num new op-mutexes 0


[t=0.0207826s, 25992 KB] In ts_2_18 of size 4 found num new op-mutexes 0


[t=0.0210005s, 25992 KB] In ts_2_19 of size 5 found num new op-mutexes 0


[t=0.0211383s, 25992 KB] In ts_2_20 of size 2 found num new op-mutexes 0


[t=0.021353s, 25992 KB] In ts_2_21 of size 5 found num new op-mutexes 0


[t=0.0214862s, 25992 KB] In ts_2_22 of size 2 found num new op-mutexes 0


[t=0.0216164s, 25992 KB] In ts_2_23 of size 2 found num new op-mutexes 0


[t=0.0217555s, 25992 KB] In ts_2_24 of size 2 found num new op-mutexes 0


[t=0.0218827s, 25992 KB] In ts_2_25 of size 2 found num new op-mutexes 0


[t=0.0220024s, 25992 KB] In ts_2_26 of size 2 found num new op-mutexes 0


[t=0.022121s, 25992 KB] In ts_2_27 of size 2 found num new op-mutexes 0


[t=0.022239s, 25992 KB] In ts_2_28 of size 2 found num new op-mutexes 0


[t=0.0223683s, 25992 KB] In ts_2_29 of size 2 found num new op-mutexes 0


[t=0.0224906s, 25992 KB] In ts_2_30 of size 2 found num new op-mutexes 0


[t=0.0226114s, 25992 KB] In ts_2_31 of size 2 found num new op-mutexes 0


[t=0.0227385s, 25992 KB] In ts_2_32 of size 2 found num new op-mutexes 0


[t=0.0229014s, 25992 KB] In ts_2_33 of size 4 found num new op-mutexes 0


[t=0.0230632s, 25992 KB] In ts_2_34 of size 4 found num new op-mutexes 0


[t=0.0232233s, 25992 KB] In ts_2_36 of size 4 found num new op-mutexes 0


[t=0.0234263s, 25992 KB] In ts_2_37 of size 5 found num new op-mutexes 0


[t=0.0235555s, 25992 KB] In ts_2_38 of size 3 found num new op-mutexes 0


[t=0.0237413s, 25992 KB] In ts_2_41 of size 3 found num new op-mutexes 0


[t=0.024115s, 25992 KB] In ts_2_42 of size 5 found num new op-mutexes 1648
[t=0.024156s, 25992 KB] Operator mutex finished iteration 2. Found an additional 1648 operator mutexes

[t=0.0241889s, 25992 KB] Next pair of indices: (42, 34)
[t=0.0242127s, 25992 KB] M&S algorithm main loop timer: 0.0181252s (after computation of next merge)
[t=0.0243191s, 25992 KB] M&S algorithm main loop timer: 0.0182372s (after merging)
[t=0.0243566s, 25992 KB] M&S algorithm main loop timer: 0.0182713s (after pruning)

[t=0.0243849s, 25992 KB] Operator mutex starting iteration 3


[t=0.0245s, 25992 KB] In ts_3_3 of size 2 found num new op-mutexes 0


[t=0.0246359s, 25992 KB] In ts_3_4 of size 2 found num new op-mutexes 0


[t=0.0247607s, 25992 KB] In ts_3_5 of size 2 found num new op-mutexes 0


[t=0.0248845s, 25992 KB] In ts_3_6 of size 2 found num new op-mutexes 0


[t=0.0250085s, 25992 KB] In ts_3_7 of size 2 found num new op-mutexes 0


[t=0.0251356s, 25992 KB] In ts_3_8 of size 2 found num new op-mutexes 0


[t=0.0252639s, 25992 KB] In ts_3_9 of size 2 found num new op-mutexes 0


[t=0.0253901s, 25992 KB] In ts_3_10 of size 2 found num new op-mutexes 0


[t=0.0255244s, 25992 KB] In ts_3_11 of size 2 found num new op-mutexes 0


[t=0.0256465s, 25992 KB] In ts_3_12 of size 2 found num new op-mutexes 0


[t=0.025772s, 25992 KB] In ts_3_13 of size 2 found num new op-mutexes 0


[t=0.0258994s, 25992 KB] In ts_3_14 of size 2 found num new op-mutexes 0


[t=0.026027s, 25992 KB] In ts_3_15 of size 2 found num new op-mutexes 0


[t=0.0261569s, 25992 KB] In ts_3_16 of size 2 found num new op-mutexes 0


[t=0.0262893s, 25992 KB] In ts_3_17 of size 2 found num new op-mutexes 0


[t=0.0264668s, 25992 KB] In ts_3_18 of size 4 found num new op-mutexes 0


[t=0.0267032s, 25992 KB] In ts_3_19 of size 5 found num new op-mutexes 0


[t=0.0268576s, 25992 KB] In ts_3_20 of size 2 found num new op-mutexes 0


[t=0.0270862s, 25992 KB] In ts_3_21 of size 5 found num new op-mutexes 0


[t=0.0272248s, 25992 KB] In ts_3_22 of size 2 found num new op-mutexes 0


[t=0.0273591s, 25992 KB] In ts_3_23 of size 2 found num new op-mutexes 0


[t=0.0274917s, 25992 KB] In ts_3_24 of size 2 found num new op-mutexes 0


[t=0.0276159s, 25992 KB] In ts_3_25 of size 2 found num new op-mutexes 0


[t=0.027738s, 25992 KB] In ts_3_26 of size 2 found num new op-mutexes 0


[t=0.0278606s, 25992 KB] In ts_3_27 of size 2 found num new op-mutexes 0


[t=0.0279826s, 25992 KB] In ts_3_28 of size 2 found num new op-mutexes 0


[t=0.0281153s, 25992 KB] In ts_3_29 of size 2 found num new op-mutexes 0


[t=0.0282386s, 25992 KB] In ts_3_30 of size 2 found num new op-mutexes 0


[t=0.0283617s, 25992 KB] In ts_3_31 of size 2 found num new op-mutexes 0


[t=0.0284845s, 25992 KB] In ts_3_32 of size 2 found num new op-mutexes 0


[t=0.0286499s, 25992 KB] In ts_3_33 of size 4 found num new op-mutexes 0


[t=0.0288153s, 25992 KB] In ts_3_36 of size 4 found num new op-mutexes 0


[t=0.0290383s, 25992 KB] In ts_3_37 of size 5 found num new op-mutexes 0


[t=0.0291808s, 25992 KB] In ts_3_38 of size 3 found num new op-mutexes 0


[t=0.0293725s, 25992 KB] In ts_3_41 of size 3 found num new op-mutexes 0


[t=0.0315547s, 26436 KB] In ts_3_43 of size 10 found num new op-mutexes 13440
[t=0.031609s, 26436 KB] Operator mutex finished iteration 3. Found an additional 13440 operator mutexes

[t=0.0316453s, 26436 KB] Next pair of indices: (43, 30)
[t=0.0316693s, 26436 KB] M&S algorithm main loop timer: 0.0255883s (after computation of next merge)
[t=0.0317719s, 26436 KB] M&S algorithm main loop timer: 0.0256887s (after merging)
[t=0.0318057s, 26436 KB] M&S algorithm main loop timer: 0.0257191s (after pruning)

[t=0.0318324s, 26436 KB] Operator mutex starting iteration 4


[t=0.0319456s, 26436 KB] In ts_4_3 of size 2 found num new op-mutexes 0


[t=0.032072s, 26436 KB] In ts_4_4 of size 2 found num new op-mutexes 0


[t=0.0321975s, 26436 KB] In ts_4_5 of size 2 found num new op-mutexes 0


[t=0.0323213s, 26436 KB] In ts_4_6 of size 2 found num new op-mutexes 0


[t=0.0324437s, 26436 KB] In ts_4_7 of size 2 found num new op-mutexes 0


[t=0.0325672s, 26436 KB] In ts_4_8 of size 2 found num new op-mutexes 0


[t=0.0326916s, 26436 KB] In ts_4_9 of size 2 found num new op-mutexes 0


[t=0.0328152s, 26436 KB] In ts_4_10 of size 2 found num new op-mutexes 0


[t=0.0329417s, 26436 KB] In ts_4_11 of size 2 found num new op-mutexes 0


[t=0.0330732s, 26436 KB] In ts_4_12 of size 2 found num new op-mutexes 0


[t=0.033204s, 26436 KB] In ts_4_13 of size 2 found num new op-mutexes 0


[t=0.0333249s, 26436 KB] In ts_4_14 of size 2 found num new op-mutexes 0


[t=0.0334453s, 26436 KB] In ts_4_15 of size 2 found num new op-mutexes 0


[t=0.0335859s, 26436 KB] In ts_4_16 of size 2 found num new op-mutexes 0


[t=0.0337243s, 26436 KB] In ts_4_17 of size 2 found num new op-mutexes 0


[t=0.0338892s, 26436 KB] In ts_4_18 of size 4 found num new op-mutexes 0


[t=0.0341109s, 26436 KB] In ts_4_19 of size 5 found num new op-mutexes 0


[t=0.0342532s, 26436 KB] In ts_4_20 of size 2 found num new op-mutexes 0


[t=0.0344663s, 26436 KB] In ts_4_21 of size 5 found num new op-mutexes 0


[t=0.0346025s, 26436 KB] In ts_4_22 of size 2 found num new op-mutexes 0


[t=0.0347335s, 26436 KB] In ts_4_23 of size 2 found num new op-mutexes 0


[t=0.0348864s, 26436 KB] In ts_4_24 of size 2 found num new op-mutexes 0


[t=0.0350089s, 26436 KB] In ts_4_25 of size 2 found num new op-mutexes 0


[t=0.0351291s, 26436 KB] In ts_4_26 of size 2 found num new op-mutexes 0


[t=0.035249s, 26436 KB] In ts_4_27 of size 2 found num new op-mutexes 0


[t=0.0353852s, 26436 KB] In ts_4_28 of size 2 found num new op-mutexes 0


[t=0.0355081s, 26436 KB] In ts_4_29 of size 2 found num new op-mutexes 0


[t=0.0356375s, 26436 KB] In ts_4_31 of size 2 found num new op-mutexes 0


[t=0.0357679s, 26436 KB] In ts_4_32 of size 2 found num new op-mutexes 0


[t=0.0359336s, 26436 KB] In ts_4_33 of size 4 found num new op-mutexes 0


[t=0.036099s, 26436 KB] In ts_4_36 of size 4 found num new op-mutexes 0


[t=0.0363415s, 26436 KB] In ts_4_37 of size 5 found num new op-mutexes 0


[t=0.0364797s, 26436 KB] In ts_4_38 of size 3 found num new op-mutexes 0


[t=0.0366684s, 26436 KB] In ts_4_41 of size 3 found num new op-mutexes 0


[t=0.0380357s, 26436 KB] In ts_4_44 of size 10 found num new op-mutexes 0
[t=0.0380814s, 26436 KB] Operator mutex finished iteration 4. Found an additional 0 operator mutexes

[t=0.0381157s, 26436 KB] Next pair of indices: (44, 28)
[t=0.0381393s, 26436 KB] M&S algorithm main loop timer: 0.0320518s (after computation of next merge)
[t=0.0382427s, 26436 KB] M&S algorithm main loop timer: 0.0321601s (after merging)
[t=0.0382877s, 26436 KB] M&S algorithm main loop timer: 0.0322024s (after pruning)

[t=0.0383159s, 26436 KB] Operator mutex starting iteration 5


[t=0.0384439s, 26436 KB] In ts_5_3 of size 2 found num new op-mutexes 0


[t=0.0385761s, 26436 KB] In ts_5_4 of size 2 found num new op-mutexes 0


[t=0.0387025s, 26436 KB] In ts_5_5 of size 2 found num new op-mutexes 0


[t=0.0388292s, 26436 KB] In ts_5_6 of size 2 found num new op-mutexes 0


[t=0.0389545s, 26436 KB] In ts_5_7 of size 2 found num new op-mutexes 0


[t=0.0390877s, 26436 KB] In ts_5_8 of size 2 found num new op-mutexes 0


[t=0.0392549s, 26436 KB] In ts_5_9 of size 2 found num new op-mutexes 0


[t=0.0393966s, 26436 KB] In ts_5_10 of size 2 found num new op-mutexes 0


[t=0.0395213s, 26436 KB] In ts_5_11 of size 2 found num new op-mutexes 0


[t=0.0396442s, 26436 KB] In ts_5_12 of size 2 found num new op-mutexes 0


[t=0.0397667s, 26436 KB] In ts_5_13 of size 2 found num new op-mutexes 0


[t=0.0398944s, 26436 KB] In ts_5_14 of size 2 found num new op-mutexes 0


[t=0.040019s, 26436 KB] In ts_5_15 of size 2 found num new op-mutexes 0


[t=0.0401609s, 26436 KB] In ts_5_16 of size 2 found num new op-mutexes 0


[t=0.0403011s, 26436 KB] In ts_5_17 of size 2 found num new op-mutexes 0


[t=0.0404766s, 26436 KB] In ts_5_18 of size 4 found num new op-mutexes 0


[t=0.0407017s, 26436 KB] In ts_5_19 of size 5 found num new op-mutexes 0


[t=0.0408417s, 26436 KB] In ts_5_20 of size 2 found num new op-mutexes 0


[t=0.0410585s, 26436 KB] In ts_5_21 of size 5 found num new op-mutexes 0


[t=0.041197s, 26436 KB] In ts_5_22 of size 2 found num new op-mutexes 0


[t=0.0413314s, 26436 KB] In ts_5_23 of size 2 found num new op-mutexes 0


[t=0.0414775s, 26436 KB] In ts_5_24 of size 2 found num new op-mutexes 0


[t=0.0416034s, 26436 KB] In ts_5_25 of size 2 found num new op-mutexes 0


[t=0.0417267s, 26436 KB] In ts_5_26 of size 2 found num new op-mutexes 0


[t=0.0418681s, 26436 KB] In ts_5_27 of size 2 found num new op-mutexes 0


[t=0.0419941s, 26436 KB] In ts_5_29 of size 2 found num new op-mutexes 0


[t=0.0421193s, 26436 KB] In ts_5_31 of size 2 found num new op-mutexes 0


[t=0.0422435s, 26436 KB] In ts_5_32 of size 2 found num new op-mutexes 0


[t=0.0424102s, 26436 KB] In ts_5_33 of size 4 found num new op-mutexes 0


[t=0.0425779s, 26436 KB] In ts_5_36 of size 4 found num new op-mutexes 0


[t=0.0427993s, 26436 KB] In ts_5_37 of size 5 found num new op-mutexes 0


[t=0.0429369s, 26436 KB] In ts_5_38 of size 3 found num new op-mutexes 0


[t=0.0431294s, 26436 KB] In ts_5_41 of size 3 found num new op-mutexes 0


[t=0.0445508s, 26436 KB] In ts_5_45 of size 18 found num new op-mutexes 804
[t=0.0446002s, 26436 KB] Operator mutex finished iteration 5. Found an additional 804 operator mutexes

[t=0.0446356s, 26436 KB] Next pair of indices: (45, 24)
[t=0.0446589s, 26436 KB] M&S algorithm main loop timer: 0.0385707s (after computation of next merge)
[t=0.0447781s, 26436 KB] M&S algorithm main loop timer: 0.0386962s (after merging)
[t=0.0448229s, 26436 KB] M&S algorithm main loop timer: 0.0387378s (after pruning)

[t=0.0448512s, 26436 KB] Operator mutex starting iteration 6


[t=0.0449657s, 26436 KB] In ts_6_3 of size 2 found num new op-mutexes 0


[t=0.0450946s, 26436 KB] In ts_6_4 of size 2 found num new op-mutexes 0


[t=0.0452212s, 26436 KB] In ts_6_5 of size 2 found num new op-mutexes 0


[t=0.0453564s, 26436 KB] In ts_6_6 of size 2 found num new op-mutexes 0


[t=0.0454812s, 26436 KB] In ts_6_7 of size 2 found num new op-mutexes 0


[t=0.0456054s, 26436 KB] In ts_6_8 of size 2 found num new op-mutexes 0


[t=0.0457295s, 26436 KB] In ts_6_9 of size 2 found num new op-mutexes 0


[t=0.0458537s, 26436 KB] In ts_6_10 of size 2 found num new op-mutexes 0


[t=0.0459757s, 26436 KB] In ts_6_11 of size 2 found num new op-mutexes 0


[t=0.0460968s, 26436 KB] In ts_6_12 of size 2 found num new op-mutexes 0


[t=0.0462175s, 26436 KB] In ts_6_13 of size 2 found num new op-mutexes 0


[t=0.0463478s, 26436 KB] In ts_6_14 of size 2 found num new op-mutexes 0


[t=0.0464676s, 26436 KB] In ts_6_15 of size 2 found num new op-mutexes 0


[t=0.0466072s, 26436 KB] In ts_6_16 of size 2 found num new op-mutexes 0


[t=0.0467463s, 26436 KB] In ts_6_17 of size 2 found num new op-mutexes 0


[t=0.0469339s, 26436 KB] In ts_6_18 of size 4 found num new op-mutexes 0


[t=0.0471698s, 26436 KB] In ts_6_19 of size 5 found num new op-mutexes 0


[t=0.0473096s, 26436 KB] In ts_6_20 of size 2 found num new op-mutexes 0


[t=0.0475345s, 26436 KB] In ts_6_21 of size 5 found num new op-mutexes 0


[t=0.0476714s, 26436 KB] In ts_6_22 of size 2 found num new op-mutexes 0


[t=0.0478047s, 26436 KB] In ts_6_23 of size 2 found num new op-mutexes 0


[t=0.0479562s, 26436 KB] In ts_6_25 of size 2 found num new op-mutexes 0


[t=0.0480852s, 26436 KB] In ts_6_26 of size 2 found num new op-mutexes 0


[t=0.048207s, 26436 KB] In ts_6_27 of size 2 found num new op-mutexes 0


[t=0.0483302s, 26436 KB] In ts_6_29 of size 2 found num new op-mutexes 0


[t=0.0484544s, 26436 KB] In ts_6_31 of size 2 found num new op-mutexes 0


[t=0.0485779s, 26436 KB] In ts_6_32 of size 2 found num new op-mutexes 0


[t=0.0487438s, 26436 KB] In ts_6_33 of size 4 found num new op-mutexes 0


[t=0.0489164s, 26436 KB] In ts_6_36 of size 4 found num new op-mutexes 0


[t=0.0491368s, 26436 KB] In ts_6_37 of size 5 found num new op-mutexes 0


[t=0.0492707s, 26436 KB] In ts_6_38 of size 3 found num new op-mutexes 0


[t=0.0494587s, 26436 KB] In ts_6_41 of size 3 found num new op-mutexes 0


[t=0.0520521s, 26436 KB] In ts_6_46 of size 18 found num new op-mutexes 7268
[t=0.0521035s, 26436 KB] Operator mutex finished iteration 6. Found an additional 7268 operator mutexes

[t=0.0521394s, 26436 KB] Next pair of indices: (46, 17)
[t=0.0521631s, 26436 KB] M&S algorithm main loop timer: 0.0460755s (after computation of next merge)
[t=0.0522911s, 26436 KB] M&S algorithm main loop timer: 0.0462089s (after merging)
[t=0.0523383s, 26436 KB] M&S algorithm main loop timer: 0.0462533s (after pruning)

[t=0.0523667s, 26436 KB] Operator mutex starting iteration 7


[t=0.0524822s, 26436 KB] In ts_7_3 of size 2 found num new op-mutexes 0


[t=0.0526117s, 26436 KB] In ts_7_4 of size 2 found num new op-mutexes 0


[t=0.0527397s, 26436 KB] In ts_7_5 of size 2 found num new op-mutexes 0


[t=0.0528762s, 26436 KB] In ts_7_6 of size 2 found num new op-mutexes 0


[t=0.0530016s, 26436 KB] In ts_7_7 of size 2 found num new op-mutexes 0


[t=0.0531274s, 26436 KB] In ts_7_8 of size 2 found num new op-mutexes 0


[t=0.0532541s, 26436 KB] In ts_7_9 of size 2 found num new op-mutexes 0


[t=0.0533988s, 26436 KB] In ts_7_10 of size 2 found num new op-mutexes 0


[t=0.0535248s, 26436 KB] In ts_7_11 of size 2 found num new op-mutexes 0


[t=0.0536479s, 26436 KB] In ts_7_12 of size 2 found num new op-mutexes 0


[t=0.0537709s, 26436 KB] In ts_7_13 of size 2 found num new op-mutexes 0


[t=0.053893s, 26436 KB] In ts_7_14 of size 2 found num new op-mutexes 0


[t=0.0540198s, 26436 KB] In ts_7_15 of size 2 found num new op-mutexes 0


[t=0.0541744s, 26436 KB] In ts_7_16 of size 2 found num new op-mutexes 0


[t=0.0543443s, 26436 KB] In ts_7_18 of size 4 found num new op-mutexes 0


[t=0.0545783s, 26436 KB] In ts_7_19 of size 5 found num new op-mutexes 0


[t=0.054719s, 26436 KB] In ts_7_20 of size 2 found num new op-mutexes 0


[t=0.0549396s, 26436 KB] In ts_7_21 of size 5 found num new op-mutexes 0


[t=0.0550788s, 26436 KB] In ts_7_22 of size 2 found num new op-mutexes 0


[t=0.0552144s, 26436 KB] In ts_7_23 of size 2 found num new op-mutexes 0


[t=0.05534s, 26436 KB] In ts_7_25 of size 2 found num new op-mutexes 0


[t=0.0554643s, 26436 KB] In ts_7_26 of size 2 found num new op-mutexes 0


[t=0.0555878s, 26436 KB] In ts_7_27 of size 2 found num new op-mutexes 0


[t=0.0557136s, 26436 KB] In ts_7_29 of size 2 found num new op-mutexes 0


[t=0.0558385s, 26436 KB] In ts_7_31 of size 2 found num new op-mutexes 0


[t=0.055983s, 26436 KB] In ts_7_32 of size 2 found num new op-mutexes 0


[t=0.0561528s, 26436 KB] In ts_7_33 of size 4 found num new op-mutexes 0


[t=0.0563207s, 26436 KB] In ts_7_36 of size 4 found num new op-mutexes 0


[t=0.0565487s, 26436 KB] In ts_7_37 of size 5 found num new op-mutexes 0


[t=0.0566849s, 26436 KB] In ts_7_38 of size 3 found num new op-mutexes 0


[t=0.0568944s, 26436 KB] In ts_7_41 of size 3 found num new op-mutexes 0


[t=0.0591904s, 26436 KB] In ts_7_47 of size 33 found num new op-mutexes 788
[t=0.0592422s, 26436 KB] Operator mutex finished iteration 7. Found an additional 788 operator mutexes

[t=0.0592789s, 26436 KB] Next pair of indices: (47, 16)
[t=0.059303s, 26436 KB] M&S algorithm main loop timer: 0.0532153s (after computation of next merge)
[t=0.0594454s, 26436 KB] M&S algorithm main loop timer: 0.0533639s (after merging)
[t=0.0594927s, 26436 KB] M&S algorithm main loop timer: 0.0534082s (after pruning)

[t=0.0595218s, 26436 KB] Operator mutex starting iteration 8


[t=0.0596404s, 26436 KB] In ts_8_3 of size 2 found num new op-mutexes 0


[t=0.0597732s, 26436 KB] In ts_8_4 of size 2 found num new op-mutexes 0


[t=0.0599007s, 26436 KB] In ts_8_5 of size 2 found num new op-mutexes 0


[t=0.060027s, 26436 KB] In ts_8_6 of size 2 found num new op-mutexes 0


[t=0.0601532s, 26436 KB] In ts_8_7 of size 2 found num new op-mutexes 0


[t=0.0602794s, 26436 KB] In ts_8_8 of size 2 found num new op-mutexes 0


[t=0.0604053s, 26436 KB] In ts_8_9 of size 2 found num new op-mutexes 0


[t=0.0605367s, 26436 KB] In ts_8_10 of size 2 found num new op-mutexes 0


[t=0.0606604s, 26436 KB] In ts_8_11 of size 2 found num new op-mutexes 0


[t=0.0607829s, 26436 KB] In ts_8_12 of size 2 found num new op-mutexes 0


[t=0.0609054s, 26436 KB] In ts_8_13 of size 2 found num new op-mutexes 0


[t=0.0610275s, 26436 KB] In ts_8_14 of size 2 found num new op-mutexes 0


[t=0.0611598s, 26436 KB] In ts_8_15 of size 2 found num new op-mutexes 0


[t=0.0613293s, 26436 KB] In ts_8_18 of size 4 found num new op-mutexes 0


[t=0.0615635s, 26436 KB] In ts_8_19 of size 5 found num new op-mutexes 0


[t=0.0617125s, 26436 KB] In ts_8_20 of size 2 found num new op-mutexes 0


[t=0.0619329s, 26436 KB] In ts_8_21 of size 5 found num new op-mutexes 0


[t=0.0620719s, 26436 KB] In ts_8_22 of size 2 found num new op-mutexes 0


[t=0.062215s, 26436 KB] In ts_8_23 of size 2 found num new op-mutexes 0


[t=0.0623426s, 26436 KB] In ts_8_25 of size 2 found num new op-mutexes 0


[t=0.0624661s, 26436 KB] In ts_8_26 of size 2 found num new op-mutexes 0


[t=0.0625957s, 26436 KB] In ts_8_27 of size 2 found num new op-mutexes 0


[t=0.0627238s, 26436 KB] In ts_8_29 of size 2 found num new op-mutexes 0


[t=0.0628514s, 26436 KB] In ts_8_31 of size 2 found num new op-mutexes 0


[t=0.0629763s, 26436 KB] In ts_8_32 of size 2 found num new op-mutexes 0


[t=0.0631528s, 26436 KB] In ts_8_33 of size 4 found num new op-mutexes 0


[t=0.0633196s, 26436 KB] In ts_8_36 of size 4 found num new op-mutexes 0


[t=0.0635477s, 26436 KB] In ts_8_37 of size 5 found num new op-mutexes 0


[t=0.0636838s, 26436 KB] In ts_8_38 of size 3 found num new op-mutexes 0


[t=0.0638842s, 26436 KB] In ts_8_41 of size 3 found num new op-mutexes 0


[t=0.0690155s, 27172 KB] In ts_8_48 of size 18 found num new op-mutexes 17816
[t=0.0690731s, 27172 KB] Operator mutex finished iteration 8. Found an additional 17816 operator mutexes

[t=0.0691105s, 27172 KB] Next pair of indices: (48, 8)
[t=0.069135s, 27172 KB] M&S algorithm main loop timer: 0.0630475s (after computation of next merge)
[t=0.069253s, 27172 KB] M&S algorithm main loop timer: 0.0631707s (after merging)

[t=0.0692879s, 27172 KB] Operator mutex starting iteration 9


[t=0.0694069s, 27172 KB] In ts_9_3 of size 2 found num new op-mutexes 0


[t=0.0695382s, 27172 KB] In ts_9_4 of size 2 found num new op-mutexes 0


[t=0.0696667s, 27172 KB] In ts_9_5 of size 2 found num new op-mutexes 0


[t=0.0698017s, 27172 KB] In ts_9_6 of size 2 found num new op-mutexes 0


[t=0.0699285s, 27172 KB] In ts_9_7 of size 2 found num new op-mutexes 0


[t=0.0700561s, 27172 KB] In ts_9_9 of size 2 found num new op-mutexes 0


[t=0.070183s, 27172 KB] In ts_9_10 of size 2 found num new op-mutexes 0


[t=0.0703086s, 27172 KB] In ts_9_11 of size 2 found num new op-mutexes 0


[t=0.070433s, 27172 KB] In ts_9_12 of size 2 found num new op-mutexes 0


[t=0.070557s, 27172 KB] In ts_9_13 of size 2 found num new op-mutexes 0


[t=0.0706811s, 27172 KB] In ts_9_14 of size 2 found num new op-mutexes 0


[t=0.070804s, 27172 KB] In ts_9_15 of size 2 found num new op-mutexes 0


[t=0.0709731s, 27172 KB] In ts_9_18 of size 4 found num new op-mutexes 0


[t=0.0712024s, 27172 KB] In ts_9_19 of size 5 found num new op-mutexes 0


[t=0.0713434s, 27172 KB] In ts_9_20 of size 2 found num new op-mutexes 0


[t=0.0715808s, 27172 KB] In ts_9_21 of size 5 found num new op-mutexes 0


[t=0.0717229s, 27172 KB] In ts_9_22 of size 2 found num new op-mutexes 0


[t=0.0718596s, 27172 KB] In ts_9_23 of size 2 found num new op-mutexes 0


[t=0.0719857s, 27172 KB] In ts_9_25 of size 2 found num new op-mutexes 0


[t=0.0721221s, 27172 KB] In ts_9_26 of size 2 found num new op-mutexes 0


[t=0.0722482s, 27172 KB] In ts_9_27 of size 2 found num new op-mutexes 0


[t=0.0723751s, 27172 KB] In ts_9_29 of size 2 found num new op-mutexes 0


[t=0.0725119s, 27172 KB] In ts_9_31 of size 2 found num new op-mutexes 0


[t=0.0726387s, 27172 KB] In ts_9_32 of size 2 found num new op-mutexes 0


[t=0.072807s, 27172 KB] In ts_9_33 of size 4 found num new op-mutexes 0


[t=0.0729757s, 27172 KB] In ts_9_36 of size 4 found num new op-mutexes 0


[t=0.0732001s, 27172 KB] In ts_9_37 of size 5 found num new op-mutexes 0


[t=0.0733365s, 27172 KB] In ts_9_38 of size 3 found num new op-mutexes 0


[t=0.0735413s, 27172 KB] In ts_9_41 of size 3 found num new op-mutexes 0


[t=0.0773784s, 27172 KB] In ts_9_49 of size 36 found num new op-mutexes 0
[t=0.0774346s, 27172 KB] Operator mutex finished iteration 9. Found an additional 0 operator mutexes

[t=0.0774715s, 27172 KB] Next pair of indices: (49, 37)
[t=0.0774951s, 27172 KB] M&S algorithm main loop timer: 0.0714077s (after computation of next merge)
[t=0.0777262s, 27172 KB] M&S algorithm main loop timer: 0.0716491s (after merging)

[t=0.0777759s, 27172 KB] Operator mutex starting iteration 10


[t=0.0778978s, 27172 KB] In ts_10_3 of size 2 found num new op-mutexes 0


[t=0.0780472s, 27172 KB] In ts_10_4 of size 2 found num new op-mutexes 0


[t=0.078179s, 27172 KB] In ts_10_5 of size 2 found num new op-mutexes 0


[t=0.0783073s, 27172 KB] In ts_10_6 of size 2 found num new op-mutexes 0


[t=0.0784351s, 27172 KB] In ts_10_7 of size 2 found num new op-mutexes 0


[t=0.078563s, 27172 KB] In ts_10_9 of size 2 found num new op-mutexes 0


[t=0.0786909s, 27172 KB] In ts_10_10 of size 2 found num new op-mutexes 0


[t=0.0788162s, 27172 KB] In ts_10_11 of size 2 found num new op-mutexes 0


[t=0.07894s, 27172 KB] In ts_10_12 of size 2 found num new op-mutexes 0


[t=0.0790732s, 27172 KB] In ts_10_13 of size 2 found num new op-mutexes 0


[t=0.0791963s, 27172 KB] In ts_10_14 of size 2 found num new op-mutexes 0


[t=0.0793188s, 27172 KB] In ts_10_15 of size 2 found num new op-mutexes 0


[t=0.0795052s, 27172 KB] In ts_10_18 of size 4 found num new op-mutexes 0


[t=0.0797402s, 27172 KB] In ts_10_19 of size 5 found num new op-mutexes 0


[t=0.0798814s, 27172 KB] In ts_10_20 of size 2 found num new op-mutexes 0


[t=0.080103s, 27172 KB] In ts_10_21 of size 5 found num new op-mutexes 0


[t=0.0802428s, 27172 KB] In ts_10_22 of size 2 found num new op-mutexes 0


[t=0.0803791s, 27172 KB] In ts_10_23 of size 2 found num new op-mutexes 0


[t=0.0805123s, 27172 KB] In ts_10_25 of size 2 found num new op-mutexes 0


[t=0.0806393s, 27172 KB] In ts_10_26 of size 2 found num new op-mutexes 0


[t=0.0807637s, 27172 KB] In ts_10_27 of size 2 found num new op-mutexes 0


[t=0.0808896s, 27172 KB] In ts_10_29 of size 2 found num new op-mutexes 0


[t=0.0810244s, 27172 KB] In ts_10_31 of size 2 found num new op-mutexes 0


[t=0.0811504s, 27172 KB] In ts_10_32 of size 2 found num new op-mutexes 0


[t=0.0813191s, 27172 KB] In ts_10_33 of size 4 found num new op-mutexes 0


[t=0.0814921s, 27172 KB] In ts_10_36 of size 4 found num new op-mutexes 0


[t=0.0816273s, 27172 KB] In ts_10_38 of size 3 found num new op-mutexes 0


[t=0.0818208s, 27172 KB] In ts_10_41 of size 3 found num new op-mutexes 0


[t=0.0869172s, 27172 KB] In ts_10_50 of size 180 found num new op-mutexes 0
[t=0.0869746s, 27172 KB] Operator mutex finished iteration 10. Found an additional 0 operator mutexes

[t=0.0870238s, 27172 KB] Next pair of indices: (50, 32)
[t=0.0870492s, 27172 KB] M&S algorithm main loop timer: 0.0809617s (after computation of next merge)
[t=0.0873963s, 27172 KB] M&S algorithm main loop timer: 0.0813221s (after merging)
[t=0.0874789s, 27172 KB] M&S algorithm main loop timer: 0.0813986s (after pruning)

[t=0.0875125s, 27172 KB] Operator mutex starting iteration 11


[t=0.0876295s, 27172 KB] In ts_11_3 of size 2 found num new op-mutexes 0


[t=0.0877613s, 27172 KB] In ts_11_4 of size 2 found num new op-mutexes 0


[t=0.0878894s, 27172 KB] In ts_11_5 of size 2 found num new op-mutexes 0


[t=0.0880174s, 27172 KB] In ts_11_6 of size 2 found num new op-mutexes 0


[t=0.0881432s, 27172 KB] In ts_11_7 of size 2 found num new op-mutexes 0


[t=0.0882688s, 27172 KB] In ts_11_9 of size 2 found num new op-mutexes 0


[t=0.0883993s, 27172 KB] In ts_11_10 of size 2 found num new op-mutexes 0


[t=0.0885229s, 27172 KB] In ts_11_11 of size 2 found num new op-mutexes 0


[t=0.0886458s, 27172 KB] In ts_11_12 of size 2 found num new op-mutexes 0


[t=0.0887684s, 27172 KB] In ts_11_13 of size 2 found num new op-mutexes 0


[t=0.0888898s, 27172 KB] In ts_11_14 of size 2 found num new op-mutexes 0


[t=0.089031s, 27172 KB] In ts_11_15 of size 2 found num new op-mutexes 0


[t=0.0892004s, 27172 KB] In ts_11_18 of size 4 found num new op-mutexes 0


[t=0.0894306s, 27172 KB] In ts_11_19 of size 5 found num new op-mutexes 0


[t=0.089572s, 27172 KB] In ts_11_20 of size 2 found num new op-mutexes 0


[t=0.089791s, 27172 KB] In ts_11_21 of size 5 found num new op-mutexes 0


[t=0.0899318s, 27172 KB] In ts_11_22 of size 2 found num new op-mutexes 0


[t=0.0900684s, 27172 KB] In ts_11_23 of size 2 found num new op-mutexes 0


[t=0.0901943s, 27172 KB] In ts_11_25 of size 2 found num new op-mutexes 0


[t=0.0903184s, 27172 KB] In ts_11_26 of size 2 found num new op-mutexes 0


[t=0.0904464s, 27172 KB] In ts_11_27 of size 2 found num new op-mutexes 0


[t=0.0905785s, 27172 KB] In ts_11_29 of size 2 found num new op-mutexes 0


[t=0.0907057s, 27172 KB] In ts_11_31 of size 2 found num new op-mutexes 0


[t=0.0908753s, 27172 KB] In ts_11_33 of size 4 found num new op-mutexes 0


[t=0.0910569s, 27172 KB] In ts_11_36 of size 4 found num new op-mutexes 0


[t=0.0911945s, 27172 KB] In ts_11_38 of size 3 found num new op-mutexes 0


[t=0.0913889s, 27172 KB] In ts_11_41 of size 3 found num new op-mutexes 0


[t=0.0964712s, 27172 KB] In ts_11_51 of size 180 found num new op-mutexes 0
[t=0.0965262s, 27172 KB] Operator mutex finished iteration 11. Found an additional 0 operator mutexes

[t=0.0965671s, 27172 KB] Next pair of indices: (51, 27)
[t=0.096591s, 27172 KB] M&S algorithm main loop timer: 0.0905035s (after computation of next merge)
[t=0.0969795s, 27172 KB] M&S algorithm main loop timer: 0.0909053s (after merging)
[t=0.0970894s, 27172 KB] M&S algorithm main loop timer: 0.0910097s (after pruning)

[t=0.0971237s, 27172 KB] Operator mutex starting iteration 12


[t=0.0972416s, 27172 KB] In ts_12_3 of size 2 found num new op-mutexes 0


[t=0.097374s, 27172 KB] In ts_12_4 of size 2 found num new op-mutexes 0


[t=0.097503s, 27172 KB] In ts_12_5 of size 2 found num new op-mutexes 0


[t=0.0976309s, 27172 KB] In ts_12_6 of size 2 found num new op-mutexes 0


[t=0.0977677s, 27172 KB] In ts_12_7 of size 2 found num new op-mutexes 0


[t=0.0978946s, 27172 KB] In ts_12_9 of size 2 found num new op-mutexes 0


[t=0.0980318s, 27172 KB] In ts_12_10 of size 2 found num new op-mutexes 0


[t=0.0981589s, 27172 KB] In ts_12_11 of size 2 found num new op-mutexes 0


[t=0.0982901s, 27172 KB] In ts_12_12 of size 2 found num new op-mutexes 0


[t=0.0984127s, 27172 KB] In ts_12_13 of size 2 found num new op-mutexes 0


[t=0.0985348s, 27172 KB] In ts_12_14 of size 2 found num new op-mutexes 0


[t=0.0986569s, 27172 KB] In ts_12_15 of size 2 found num new op-mutexes 0


[t=0.0988246s, 27172 KB] In ts_12_18 of size 4 found num new op-mutexes 0


[t=0.0990626s, 27172 KB] In ts_12_19 of size 5 found num new op-mutexes 0


[t=0.0992141s, 27172 KB] In ts_12_20 of size 2 found num new op-mutexes 0


[t=0.0994336s, 27172 KB] In ts_12_21 of size 5 found num new op-mutexes 0


[t=0.0995728s, 27172 KB] In ts_12_22 of size 2 found num new op-mutexes 0


[t=0.0997084s, 27172 KB] In ts_12_23 of size 2 found num new op-mutexes 0


[t=0.0998343s, 27172 KB] In ts_12_25 of size 2 found num new op-mutexes 0


[t=0.0999578s, 27172 KB] In ts_12_26 of size 2 found num new op-mutexes 0


[t=0.100083s, 27172 KB] In ts_12_29 of size 2 found num new op-mutexes 0


[t=0.100219s, 27172 KB] In ts_12_31 of size 2 found num new op-mutexes 0


[t=0.100387s, 27172 KB] In ts_12_33 of size 4 found num new op-mutexes 0


[t=0.100555s, 27172 KB] In ts_12_36 of size 4 found num new op-mutexes 0


[t=0.100689s, 27172 KB] In ts_12_38 of size 3 found num new op-mutexes 0


[t=0.100882s, 27172 KB] In ts_12_41 of size 3 found num new op-mutexes 0


[t=0.106567s, 27172 KB] In ts_12_52 of size 324 found num new op-mutexes 0
[t=0.10663s, 27172 KB] Operator mutex finished iteration 12. Found an additional 0 operator mutexes

[t=0.106666s, 27172 KB] Next pair of indices: (52, 23)
[t=0.10669s, 27172 KB] M&S algorithm main loop timer: 0.100602s (after computation of next merge)
[t=0.107278s, 27172 KB] M&S algorithm main loop timer: 0.101208s (after merging)
[t=0.107406s, 27172 KB] M&S algorithm main loop timer: 0.101327s (after pruning)

[t=0.107441s, 27172 KB] Operator mutex starting iteration 13


[t=0.107559s, 27172 KB] In ts_13_3 of size 2 found num new op-mutexes 0


[t=0.107689s, 27172 KB] In ts_13_4 of size 2 found num new op-mutexes 0


[t=0.107817s, 27172 KB] In ts_13_5 of size 2 found num new op-mutexes 0


[t=0.107954s, 27172 KB] In ts_13_6 of size 2 found num new op-mutexes 0


[t=0.10808s, 27172 KB] In ts_13_7 of size 2 found num new op-mutexes 0


[t=0.108207s, 27172 KB] In ts_13_9 of size 2 found num new op-mutexes 0


[t=0.108332s, 27172 KB] In ts_13_10 of size 2 found num new op-mutexes 0


[t=0.108463s, 27172 KB] In ts_13_11 of size 2 found num new op-mutexes 0


[t=0.108588s, 27172 KB] In ts_13_12 of size 2 found num new op-mutexes 0


[t=0.10871s, 27172 KB] In ts_13_13 of size 2 found num new op-mutexes 0


[t=0.108832s, 27172 KB] In ts_13_14 of size 2 found num new op-mutexes 0


[t=0.108962s, 27172 KB] In ts_13_15 of size 2 found num new op-mutexes 0


[t=0.109139s, 27172 KB] In ts_13_18 of size 4 found num new op-mutexes 0


[t=0.109369s, 27172 KB] In ts_13_19 of size 5 found num new op-mutexes 0


[t=0.109509s, 27172 KB] In ts_13_20 of size 2 found num new op-mutexes 0


[t=0.109726s, 27172 KB] In ts_13_21 of size 5 found num new op-mutexes 0


[t=0.109864s, 27172 KB] In ts_13_22 of size 2 found num new op-mutexes 0


[t=0.10999s, 27172 KB] In ts_13_25 of size 2 found num new op-mutexes 0


[t=0.110113s, 27172 KB] In ts_13_26 of size 2 found num new op-mutexes 0


[t=0.110238s, 27172 KB] In ts_13_29 of size 2 found num new op-mutexes 0


[t=0.110362s, 27172 KB] In ts_13_31 of size 2 found num new op-mutexes 0


[t=0.110539s, 27172 KB] In ts_13_33 of size 4 found num new op-mutexes 0


[t=0.110705s, 27172 KB] In ts_13_36 of size 4 found num new op-mutexes 0


[t=0.110839s, 27172 KB] In ts_13_38 of size 3 found num new op-mutexes 0


[t=0.111038s, 27172 KB] In ts_13_41 of size 3 found num new op-mutexes 0


[t=0.116981s, 27304 KB] In ts_13_53 of size 324 found num new op-mutexes 7420
[t=0.117038s, 27304 KB] Operator mutex finished iteration 13. Found an additional 7420 operator mutexes

[t=0.117074s, 27304 KB] Next pair of indices: (53, 21)
[t=0.117106s, 27304 KB] M&S algorithm main loop timer: 0.111018s (after computation of next merge)
[t=0.118544s, 27304 KB] M&S algorithm main loop timer: 0.112475s (after merging)

[t=0.118677s, 27304 KB] Operator mutex starting iteration 14


[t=0.118819s, 27304 KB] In ts_14_3 of size 2 found num new op-mutexes 0


[t=0.118958s, 27304 KB] In ts_14_4 of size 2 found num new op-mutexes 0


[t=0.119092s, 27304 KB] In ts_14_5 of size 2 found num new op-mutexes 0


[t=0.11922s, 27304 KB] In ts_14_6 of size 2 found num new op-mutexes 0


[t=0.119348s, 27304 KB] In ts_14_7 of size 2 found num new op-mutexes 0


[t=0.119475s, 27304 KB] In ts_14_9 of size 2 found num new op-mutexes 0


[t=0.119602s, 27304 KB] In ts_14_10 of size 2 found num new op-mutexes 0


[t=0.119726s, 27304 KB] In ts_14_11 of size 2 found num new op-mutexes 0


[t=0.119851s, 27304 KB] In ts_14_12 of size 2 found num new op-mutexes 0


[t=0.119984s, 27304 KB] In ts_14_13 of size 2 found num new op-mutexes 0


[t=0.120108s, 27304 KB] In ts_14_14 of size 2 found num new op-mutexes 0


[t=0.120231s, 27304 KB] In ts_14_15 of size 2 found num new op-mutexes 0


[t=0.12041s, 27304 KB] In ts_14_18 of size 4 found num new op-mutexes 0


[t=0.120655s, 27304 KB] In ts_14_19 of size 5 found num new op-mutexes 0


[t=0.120797s, 27304 KB] In ts_14_20 of size 2 found num new op-mutexes 0


[t=0.120933s, 27304 KB] In ts_14_22 of size 2 found num new op-mutexes 0


[t=0.121068s, 27304 KB] In ts_14_25 of size 2 found num new op-mutexes 0


[t=0.121191s, 27304 KB] In ts_14_26 of size 2 found num new op-mutexes 0


[t=0.121316s, 27304 KB] In ts_14_29 of size 2 found num new op-mutexes 0


[t=0.121462s, 27304 KB] In ts_14_31 of size 2 found num new op-mutexes 0


[t=0.121636s, 27304 KB] In ts_14_33 of size 4 found num new op-mutexes 0


[t=0.121804s, 27304 KB] In ts_14_36 of size 4 found num new op-mutexes 0


[t=0.121936s, 27304 KB] In ts_14_38 of size 3 found num new op-mutexes 0


[t=0.122131s, 27304 KB] In ts_14_41 of size 3 found num new op-mutexes 0


[t=0.143214s, 28288 KB] In ts_14_54 of size 1620 found num new op-mutexes 0
[t=0.143289s, 28288 KB] Operator mutex finished iteration 14. Found an additional 0 operator mutexes

[t=0.143327s, 28288 KB] Next pair of indices: (54, 33)
[t=0.143352s, 28288 KB] M&S algorithm main loop timer: 0.137264s (after computation of next merge)
[t=0.148913s, 28556 KB] M&S algorithm main loop timer: 0.142841s (after merging)
[t=0.149782s, 28556 KB] M&S algorithm main loop timer: 0.143723s (after pruning)

[t=0.149839s, 28556 KB] Operator mutex starting iteration 15


[t=0.149959s, 28556 KB] In ts_15_3 of size 2 found num new op-mutexes 0


[t=0.150098s, 28556 KB] In ts_15_4 of size 2 found num new op-mutexes 0


[t=0.150228s, 28556 KB] In ts_15_5 of size 2 found num new op-mutexes 0


[t=0.150358s, 28556 KB] In ts_15_6 of size 2 found num new op-mutexes 0


[t=0.150496s, 28556 KB] In ts_15_7 of size 2 found num new op-mutexes 0


[t=0.150622s, 28556 KB] In ts_15_9 of size 2 found num new op-mutexes 0


[t=0.150747s, 28556 KB] In ts_15_10 of size 2 found num new op-mutexes 0


[t=0.150893s, 28556 KB] In ts_15_11 of size 2 found num new op-mutexes 0


[t=0.151021s, 28556 KB] In ts_15_12 of size 2 found num new op-mutexes 0


[t=0.151144s, 28556 KB] In ts_15_13 of size 2 found num new op-mutexes 0


[t=0.151265s, 28556 KB] In ts_15_14 of size 2 found num new op-mutexes 0


[t=0.151394s, 28556 KB] In ts_15_15 of size 2 found num new op-mutexes 0


[t=0.151573s, 28556 KB] In ts_15_18 of size 4 found num new op-mutexes 0


[t=0.15181s, 28556 KB] In ts_15_19 of size 5 found num new op-mutexes 0


[t=0.15195s, 28556 KB] In ts_15_20 of size 2 found num new op-mutexes 0


[t=0.152085s, 28556 KB] In ts_15_22 of size 2 found num new op-mutexes 0


[t=0.152209s, 28556 KB] In ts_15_25 of size 2 found num new op-mutexes 0


[t=0.152331s, 28556 KB] In ts_15_26 of size 2 found num new op-mutexes 0


[t=0.152455s, 28556 KB] In ts_15_29 of size 2 found num new op-mutexes 0


[t=0.152579s, 28556 KB] In ts_15_31 of size 2 found num new op-mutexes 0


[t=0.152745s, 28556 KB] In ts_15_36 of size 4 found num new op-mutexes 0


[t=0.152885s, 28556 KB] In ts_15_38 of size 3 found num new op-mutexes 0


[t=0.153078s, 28556 KB] In ts_15_41 of size 3 found num new op-mutexes 0


[t=0.352126s, 30504 KB] In ts_15_55 of size 3240 found num new op-mutexes 11520
[t=0.352232s, 30504 KB] Operator mutex finished iteration 15. Found an additional 11520 operator mutexes

[t=0.352272s, 30504 KB] Next pair of indices: (55, 29)
[t=0.352297s, 30504 KB] M&S algorithm main loop timer: 0.34621s (after computation of next merge)
[t=0.357642s, 30504 KB] M&S algorithm main loop timer: 0.351568s (after merging)
[t=0.358493s, 30504 KB] M&S algorithm main loop timer: 0.352433s (after pruning)

[t=0.358548s, 30504 KB] Operator mutex starting iteration 16


[t=0.35867s, 30504 KB] In ts_16_3 of size 2 found num new op-mutexes 0


[t=0.358802s, 30504 KB] In ts_16_4 of size 2 found num new op-mutexes 0


[t=0.358945s, 30504 KB] In ts_16_5 of size 2 found num new op-mutexes 0


[t=0.359082s, 30504 KB] In ts_16_6 of size 2 found num new op-mutexes 0


[t=0.359208s, 30504 KB] In ts_16_7 of size 2 found num new op-mutexes 0


[t=0.359333s, 30504 KB] In ts_16_9 of size 2 found num new op-mutexes 0


[t=0.359486s, 30504 KB] In ts_16_10 of size 2 found num new op-mutexes 0


[t=0.35961s, 30504 KB] In ts_16_11 of size 2 found num new op-mutexes 0


[t=0.359732s, 30504 KB] In ts_16_12 of size 2 found num new op-mutexes 0


[t=0.359853s, 30504 KB] In ts_16_13 of size 2 found num new op-mutexes 0


[t=0.359999s, 30504 KB] In ts_16_14 of size 2 found num new op-mutexes 0


[t=0.36015s, 30504 KB] In ts_16_15 of size 2 found num new op-mutexes 0


[t=0.360318s, 30504 KB] In ts_16_18 of size 4 found num new op-mutexes 0


[t=0.36056s, 30504 KB] In ts_16_19 of size 5 found num new op-mutexes 0


[t=0.3607s, 30504 KB] In ts_16_20 of size 2 found num new op-mutexes 0


[t=0.360851s, 30504 KB] In ts_16_22 of size 2 found num new op-mutexes 0


[t=0.360976s, 30504 KB] In ts_16_25 of size 2 found num new op-mutexes 0


[t=0.361119s, 30504 KB] In ts_16_26 of size 2 found num new op-mutexes 0


[t=0.361244s, 30504 KB] In ts_16_31 of size 2 found num new op-mutexes 0


[t=0.361416s, 30504 KB] In ts_16_36 of size 4 found num new op-mutexes 0


[t=0.361548s, 30504 KB] In ts_16_38 of size 3 found num new op-mutexes 0


[t=0.36174s, 30504 KB] In ts_16_41 of size 3 found num new op-mutexes 0


[t=0.556435s, 30868 KB] In ts_16_56 of size 3240 found num new op-mutexes 0
[t=0.556538s, 30868 KB] Operator mutex finished iteration 16. Found an additional 0 operator mutexes

[t=0.556578s, 30868 KB] Next pair of indices: (56, 26)
[t=0.556603s, 30868 KB] M&S algorithm main loop timer: 0.550515s (after computation of next merge)
[t=0.563506s, 30868 KB] M&S algorithm main loop timer: 0.557435s (after merging)
[t=0.565133s, 30868 KB] M&S algorithm main loop timer: 0.559089s (after pruning)

[t=0.565205s, 30868 KB] Operator mutex starting iteration 17


[t=0.565339s, 30868 KB] In ts_17_3 of size 2 found num new op-mutexes 0


[t=0.565471s, 30868 KB] In ts_17_4 of size 2 found num new op-mutexes 0


[t=0.565598s, 30868 KB] In ts_17_5 of size 2 found num new op-mutexes 0


[t=0.565724s, 30868 KB] In ts_17_6 of size 2 found num new op-mutexes 0


[t=0.565856s, 30868 KB] In ts_17_7 of size 2 found num new op-mutexes 0


[t=0.565993s, 30868 KB] In ts_17_9 of size 2 found num new op-mutexes 0


[t=0.566154s, 30868 KB] In ts_17_10 of size 2 found num new op-mutexes 0


[t=0.566277s, 30868 KB] In ts_17_11 of size 2 found num new op-mutexes 0


[t=0.566398s, 30868 KB] In ts_17_12 of size 2 found num new op-mutexes 0


[t=0.566519s, 30868 KB] In ts_17_13 of size 2 found num new op-mutexes 0


[t=0.566639s, 30868 KB] In ts_17_14 of size 2 found num new op-mutexes 0


[t=0.566784s, 30868 KB] In ts_17_15 of size 2 found num new op-mutexes 0


[t=0.566962s, 30868 KB] In ts_17_18 of size 4 found num new op-mutexes 0


[t=0.567189s, 30868 KB] In ts_17_19 of size 5 found num new op-mutexes 0


[t=0.567329s, 30868 KB] In ts_17_20 of size 2 found num new op-mutexes 0


[t=0.567479s, 30868 KB] In ts_17_22 of size 2 found num new op-mutexes 0


[t=0.567602s, 30868 KB] In ts_17_25 of size 2 found num new op-mutexes 0


[t=0.567727s, 30868 KB] In ts_17_31 of size 2 found num new op-mutexes 0


[t=0.567913s, 30868 KB] In ts_17_36 of size 4 found num new op-mutexes 0


[t=0.568048s, 30868 KB] In ts_17_38 of size 3 found num new op-mutexes 0


[t=0.568244s, 30868 KB] In ts_17_41 of size 3 found num new op-mutexes 0
[t=0.568379s, 30868 KB] Operator mutex finished iteration 17. Found an additional 0 operator mutexes

[t=0.568413s, 30868 KB] Next pair of indices: (57, 22)
[t=0.568436s, 30868 KB] M&S algorithm main loop timer: 0.562348s (after computation of next merge)
[t=0.581476s, 31520 KB] M&S algorithm main loop timer: 0.575428s (after merging)
[t=0.583329s, 31520 KB] M&S algorithm main loop timer: 0.577252s (after pruning)

[t=0.583368s, 31520 KB] Operator mutex starting iteration 18


[t=0.583489s, 31520 KB] In ts_18_3 of size 2 found num new op-mutexes 0


[t=0.583626s, 31520 KB] In ts_18_4 of size 2 found num new op-mutexes 0


[t=0.583762s, 31520 KB] In ts_18_5 of size 2 found num new op-mutexes 0


[t=0.583897s, 31520 KB] In ts_18_6 of size 2 found num new op-mutexes 0


[t=0.58403s, 31520 KB] In ts_18_7 of size 2 found num new op-mutexes 0


[t=0.584174s, 31520 KB] In ts_18_9 of size 2 found num new op-mutexes 0


[t=0.584359s, 31520 KB] In ts_18_10 of size 2 found num new op-mutexes 0


[t=0.584499s, 31520 KB] In ts_18_11 of size 2 found num new op-mutexes 0


[t=0.584626s, 31520 KB] In ts_18_12 of size 2 found num new op-mutexes 0


[t=0.58475s, 31520 KB] In ts_18_13 of size 2 found num new op-mutexes 0


[t=0.584872s, 31520 KB] In ts_18_14 of size 2 found num new op-mutexes 0


[t=0.585038s, 31520 KB] In ts_18_15 of size 2 found num new op-mutexes 0


[t=0.585225s, 31520 KB] In ts_18_18 of size 4 found num new op-mutexes 0


[t=0.585478s, 31520 KB] In ts_18_19 of size 5 found num new op-mutexes 0


[t=0.585617s, 31520 KB] In ts_18_20 of size 2 found num new op-mutexes 0


[t=0.585742s, 31520 KB] In ts_18_25 of size 2 found num new op-mutexes 0


[t=0.585867s, 31520 KB] In ts_18_31 of size 2 found num new op-mutexes 0


[t=0.586038s, 31520 KB] In ts_18_36 of size 4 found num new op-mutexes 0


[t=0.586171s, 31520 KB] In ts_18_38 of size 3 found num new op-mutexes 0


[t=0.586368s, 31520 KB] In ts_18_41 of size 3 found num new op-mutexes 0
[t=0.586493s, 31520 KB] Operator mutex finished iteration 18. Found an additional 0 operator mutexes

[t=0.586528s, 31520 KB] Next pair of indices: (58, 19)
[t=0.586552s, 31520 KB] M&S algorithm main loop timer: 0.580465s (after computation of next merge)
[t=0.621694s, 36656 KB] M&S algorithm main loop timer: 0.61567s (after merging)
[t=0.630296s, 36656 KB] M&S algorithm main loop timer: 0.624227s (after pruning)

[t=0.630346s, 36656 KB] Operator mutex starting iteration 19


[t=0.630477s, 36656 KB] In ts_19_3 of size 2 found num new op-mutexes 0


[t=0.630619s, 36656 KB] In ts_19_4 of size 2 found num new op-mutexes 0


[t=0.630746s, 36656 KB] In ts_19_5 of size 2 found num new op-mutexes 0


[t=0.630876s, 36656 KB] In ts_19_6 of size 2 found num new op-mutexes 0


[t=0.631005s, 36656 KB] In ts_19_7 of size 2 found num new op-mutexes 0


[t=0.631129s, 36656 KB] In ts_19_9 of size 2 found num new op-mutexes 0


[t=0.63133s, 36656 KB] In ts_19_10 of size 2 found num new op-mutexes 0


[t=0.631454s, 36656 KB] In ts_19_11 of size 2 found num new op-mutexes 0


[t=0.631576s, 36656 KB] In ts_19_12 of size 2 found num new op-mutexes 0


[t=0.631696s, 36656 KB] In ts_19_13 of size 2 found num new op-mutexes 0


[t=0.631818s, 36656 KB] In ts_19_14 of size 2 found num new op-mutexes 0


[t=0.632001s, 36656 KB] In ts_19_15 of size 2 found num new op-mutexes 0


[t=0.632172s, 36656 KB] In ts_19_18 of size 4 found num new op-mutexes 0


[t=0.632309s, 36656 KB] In ts_19_20 of size 2 found num new op-mutexes 0


[t=0.632456s, 36656 KB] In ts_19_25 of size 2 found num new op-mutexes 0


[t=0.632582s, 36656 KB] In ts_19_31 of size 2 found num new op-mutexes 0


[t=0.632751s, 36656 KB] In ts_19_36 of size 4 found num new op-mutexes 0


[t=0.632885s, 36656 KB] In ts_19_38 of size 3 found num new op-mutexes 0


[t=0.633089s, 36656 KB] In ts_19_41 of size 3 found num new op-mutexes 0
[t=0.633542s, 36656 KB] Operator mutex finished iteration 19. Found an additional 0 operator mutexes

[t=0.633582s, 36656 KB] Next pair of indices: (59, 36)
[t=0.633607s, 36656 KB] M&S algorithm main loop timer: 0.62752s (after computation of next merge)
[t=0.657977s, 36656 KB] M&S algorithm main loop timer: 0.651925s (after shrinking)
[t=0.744703s, 46704 KB] M&S algorithm main loop timer: 0.738679s (after merging)
[t=0.764509s, 46704 KB] M&S algorithm main loop timer: 0.758473s (after pruning)

[t=0.764593s, 46704 KB] Operator mutex starting iteration 20


[t=0.764727s, 46704 KB] In ts_20_3 of size 2 found num new op-mutexes 0


[t=0.764861s, 46704 KB] In ts_20_4 of size 2 found num new op-mutexes 0


[t=0.764989s, 46704 KB] In ts_20_5 of size 2 found num new op-mutexes 0


[t=0.765115s, 46704 KB] In ts_20_6 of size 2 found num new op-mutexes 0


[t=0.765246s, 46704 KB] In ts_20_7 of size 2 found num new op-mutexes 0


[t=0.765372s, 46704 KB] In ts_20_9 of size 2 found num new op-mutexes 0


[t=0.765573s, 46704 KB] In ts_20_10 of size 2 found num new op-mutexes 0


[t=0.765698s, 46704 KB] In ts_20_11 of size 2 found num new op-mutexes 0


[t=0.76583s, 46704 KB] In ts_20_12 of size 2 found num new op-mutexes 0


[t=0.765951s, 46704 KB] In ts_20_13 of size 2 found num new op-mutexes 0


[t=0.766081s, 46704 KB] In ts_20_14 of size 2 found num new op-mutexes 0


[t=0.766263s, 46704 KB] In ts_20_15 of size 2 found num new op-mutexes 0


[t=0.766435s, 46704 KB] In ts_20_18 of size 4 found num new op-mutexes 0


[t=0.766573s, 46704 KB] In ts_20_20 of size 2 found num new op-mutexes 0


[t=0.766699s, 46704 KB] In ts_20_25 of size 2 found num new op-mutexes 0


[t=0.766837s, 46704 KB] In ts_20_31 of size 2 found num new op-mutexes 0


[t=0.766979s, 46704 KB] In ts_20_38 of size 3 found num new op-mutexes 0


[t=0.767185s, 46704 KB] In ts_20_41 of size 3 found num new op-mutexes 0
[t=0.768262s, 46704 KB] Operator mutex finished iteration 20. Found an additional 0 operator mutexes

[t=0.768303s, 46704 KB] Next pair of indices: (60, 31)
[t=0.768328s, 46704 KB] M&S algorithm main loop timer: 0.762239s (after computation of next merge)
[t=0.817121s, 46704 KB] M&S algorithm main loop timer: 0.811091s (after shrinking)
[t=0.906521s, 50728 KB] M&S algorithm main loop timer: 0.900519s (after merging)
[t=0.931052s, 50728 KB] M&S algorithm main loop timer: 0.925016s (after pruning)

[t=0.931137s, 50728 KB] Operator mutex starting iteration 21


[t=0.931283s, 50728 KB] In ts_21_3 of size 2 found num new op-mutexes 0


[t=0.931425s, 50728 KB] In ts_21_4 of size 2 found num new op-mutexes 0


[t=0.931561s, 50728 KB] In ts_21_5 of size 2 found num new op-mutexes 0


[t=0.931705s, 50728 KB] In ts_21_6 of size 2 found num new op-mutexes 0


[t=0.931838s, 50728 KB] In ts_21_7 of size 2 found num new op-mutexes 0


[t=0.931971s, 50728 KB] In ts_21_9 of size 2 found num new op-mutexes 0


[t=0.932188s, 50728 KB] In ts_21_10 of size 2 found num new op-mutexes 0


[t=0.932326s, 50728 KB] In ts_21_11 of size 2 found num new op-mutexes 0


[t=0.932453s, 50728 KB] In ts_21_12 of size 2 found num new op-mutexes 0


[t=0.932575s, 50728 KB] In ts_21_13 of size 2 found num new op-mutexes 0


[t=0.932696s, 50728 KB] In ts_21_14 of size 2 found num new op-mutexes 0


[t=0.932876s, 50728 KB] In ts_21_15 of size 2 found num new op-mutexes 0


[t=0.933046s, 50728 KB] In ts_21_18 of size 4 found num new op-mutexes 0


[t=0.933199s, 50728 KB] In ts_21_20 of size 2 found num new op-mutexes 0


[t=0.933324s, 50728 KB] In ts_21_25 of size 2 found num new op-mutexes 0


[t=0.933458s, 50728 KB] In ts_21_38 of size 3 found num new op-mutexes 0


[t=0.933662s, 50728 KB] In ts_21_41 of size 3 found num new op-mutexes 0
[t=0.934678s, 50728 KB] Operator mutex finished iteration 21. Found an additional 0 operator mutexes

[t=0.934719s, 50728 KB] Next pair of indices: (61, 25)
[t=0.934746s, 50728 KB] M&S algorithm main loop timer: 0.928658s (after computation of next merge)
[t=0.984259s, 50728 KB] M&S algorithm main loop timer: 0.978234s (after shrinking)
[t=1.09494s, 56760 KB] M&S algorithm main loop timer: 1.08892s (after merging)
[t=1.12674s, 56760 KB] M&S algorithm main loop timer: 1.1207s (after pruning)

[t=1.12683s, 56760 KB] Operator mutex starting iteration 22


[t=1.12696s, 56760 KB] In ts_22_3 of size 2 found num new op-mutexes 0


[t=1.1271s, 56760 KB] In ts_22_4 of size 2 found num new op-mutexes 0


[t=1.12723s, 56760 KB] In ts_22_5 of size 2 found num new op-mutexes 0


[t=1.12738s, 56760 KB] In ts_22_6 of size 2 found num new op-mutexes 0


[t=1.12751s, 56760 KB] In ts_22_7 of size 2 found num new op-mutexes 0


[t=1.12764s, 56760 KB] In ts_22_9 of size 2 found num new op-mutexes 0


[t=1.12784s, 56760 KB] In ts_22_10 of size 2 found num new op-mutexes 0


[t=1.12796s, 56760 KB] In ts_22_11 of size 2 found num new op-mutexes 0


[t=1.12808s, 56760 KB] In ts_22_12 of size 2 found num new op-mutexes 0


[t=1.12821s, 56760 KB] In ts_22_13 of size 2 found num new op-mutexes 0


[t=1.12834s, 56760 KB] In ts_22_14 of size 2 found num new op-mutexes 0


[t=1.12852s, 56760 KB] In ts_22_15 of size 2 found num new op-mutexes 0


[t=1.12871s, 56760 KB] In ts_22_18 of size 4 found num new op-mutexes 0


[t=1.12885s, 56760 KB] In ts_22_20 of size 2 found num new op-mutexes 0


[t=1.12899s, 56760 KB] In ts_22_38 of size 3 found num new op-mutexes 0


[t=1.12919s, 56760 KB] In ts_22_41 of size 3 found num new op-mutexes 0
[t=1.13074s, 56760 KB] Operator mutex finished iteration 22. Found an additional 0 operator mutexes

[t=1.13078s, 56760 KB] Next pair of indices: (62, 20)
[t=1.1308s, 56760 KB] M&S algorithm main loop timer: 1.12472s (after computation of next merge)
[t=1.19296s, 56760 KB] M&S algorithm main loop timer: 1.18693s (after shrinking)
[t=1.32538s, 63656 KB] M&S algorithm main loop timer: 1.31935s (after merging)
[t=1.3642s, 63656 KB] M&S algorithm main loop timer: 1.35818s (after pruning)

[t=1.3643s, 63656 KB] Operator mutex starting iteration 23


[t=1.36444s, 63656 KB] In ts_23_3 of size 2 found num new op-mutexes 0


[t=1.36457s, 63656 KB] In ts_23_4 of size 2 found num new op-mutexes 0


[t=1.3647s, 63656 KB] In ts_23_5 of size 2 found num new op-mutexes 0


[t=1.36485s, 63656 KB] In ts_23_6 of size 2 found num new op-mutexes 0


[t=1.36497s, 63656 KB] In ts_23_7 of size 2 found num new op-mutexes 0


[t=1.3651s, 63656 KB] In ts_23_9 of size 2 found num new op-mutexes 0


[t=1.36531s, 63656 KB] In ts_23_10 of size 2 found num new op-mutexes 0


[t=1.36545s, 63656 KB] In ts_23_11 of size 2 found num new op-mutexes 0


[t=1.36557s, 63656 KB] In ts_23_12 of size 2 found num new op-mutexes 0


[t=1.36569s, 63656 KB] In ts_23_13 of size 2 found num new op-mutexes 0


[t=1.36582s, 63656 KB] In ts_23_14 of size 2 found num new op-mutexes 0


[t=1.366s, 63656 KB] In ts_23_15 of size 2 found num new op-mutexes 0


[t=1.36618s, 63656 KB] In ts_23_18 of size 4 found num new op-mutexes 0


[t=1.36632s, 63656 KB] In ts_23_38 of size 3 found num new op-mutexes 0


[t=1.36652s, 63656 KB] In ts_23_41 of size 3 found num new op-mutexes 0
[t=1.36865s, 63656 KB] Operator mutex finished iteration 23. Found an additional 0 operator mutexes

[t=1.36869s, 63656 KB] Next pair of indices: (63, 18)
[t=1.36871s, 63656 KB] M&S algorithm main loop timer: 1.36263s (after computation of next merge)
[t=1.43905s, 63656 KB] M&S algorithm main loop timer: 1.43302s (after shrinking)
[t=1.66793s, 77956 KB] M&S algorithm main loop timer: 1.66192s (after merging)
[t=1.72892s, 77956 KB] M&S algorithm main loop timer: 1.72289s (after pruning)

[t=1.72902s, 77956 KB] Operator mutex starting iteration 24


[t=1.72916s, 77956 KB] In ts_24_3 of size 2 found num new op-mutexes 0


[t=1.7293s, 77956 KB] In ts_24_4 of size 2 found num new op-mutexes 0


[t=1.72943s, 77956 KB] In ts_24_5 of size 2 found num new op-mutexes 0


[t=1.72956s, 77956 KB] In ts_24_6 of size 2 found num new op-mutexes 0


[t=1.7297s, 77956 KB] In ts_24_7 of size 2 found num new op-mutexes 0


[t=1.72983s, 77956 KB] In ts_24_9 of size 2 found num new op-mutexes 0


[t=1.73003s, 77956 KB] In ts_24_10 of size 2 found num new op-mutexes 0


[t=1.73016s, 77956 KB] In ts_24_11 of size 2 found num new op-mutexes 0


[t=1.73028s, 77956 KB] In ts_24_12 of size 2 found num new op-mutexes 0


[t=1.7304s, 77956 KB] In ts_24_13 of size 2 found num new op-mutexes 0


[t=1.73053s, 77956 KB] In ts_24_14 of size 2 found num new op-mutexes 0


[t=1.73072s, 77956 KB] In ts_24_15 of size 2 found num new op-mutexes 0


[t=1.73085s, 77956 KB] In ts_24_38 of size 3 found num new op-mutexes 0


[t=1.73106s, 77956 KB] In ts_24_41 of size 3 found num new op-mutexes 0
[t=1.73458s, 77956 KB] Operator mutex finished iteration 24. Found an additional 0 operator mutexes

[t=1.73464s, 77956 KB] Next pair of indices: (64, 15)
[t=1.73466s, 77956 KB] M&S algorithm main loop timer: 1.72857s (after computation of next merge)
[t=1.85171s, 77956 KB] M&S algorithm main loop timer: 1.84569s (after shrinking)
[t=2.08531s, 83596 KB] M&S algorithm main loop timer: 2.0793s (after merging)
[t=2.15427s, 83596 KB] M&S algorithm main loop timer: 2.14824s (after pruning)

[t=2.15436s, 83596 KB] Operator mutex starting iteration 25


[t=2.15451s, 83596 KB] In ts_25_3 of size 2 found num new op-mutexes 0


[t=2.15466s, 83596 KB] In ts_25_4 of size 2 found num new op-mutexes 0


[t=2.15479s, 83596 KB] In ts_25_5 of size 2 found num new op-mutexes 0


[t=2.15492s, 83596 KB] In ts_25_6 of size 2 found num new op-mutexes 0


[t=2.15505s, 83596 KB] In ts_25_7 of size 2 found num new op-mutexes 0


[t=2.15517s, 83596 KB] In ts_25_9 of size 2 found num new op-mutexes 0


[t=2.15538s, 83596 KB] In ts_25_10 of size 2 found num new op-mutexes 0


[t=2.15551s, 83596 KB] In ts_25_11 of size 2 found num new op-mutexes 0


[t=2.15565s, 83596 KB] In ts_25_12 of size 2 found num new op-mutexes 0


[t=2.15578s, 83596 KB] In ts_25_13 of size 2 found num new op-mutexes 0


[t=2.15591s, 83596 KB] In ts_25_14 of size 2 found num new op-mutexes 0


[t=2.15604s, 83596 KB] In ts_25_38 of size 3 found num new op-mutexes 0


[t=2.15625s, 83596 KB] In ts_25_41 of size 3 found num new op-mutexes 0
[t=2.16024s, 83596 KB] Operator mutex finished iteration 25. Found an additional 0 operator mutexes

[t=2.1603s, 83596 KB] Next pair of indices: (65, 14)
[t=2.16033s, 83596 KB] M&S algorithm main loop timer: 2.15424s (after computation of next merge)
[t=2.26753s, 83596 KB] M&S algorithm main loop timer: 2.26151s (after shrinking)
[t=2.53852s, 91760 KB] M&S algorithm main loop timer: 2.5325s (after merging)
[t=2.61703s, 91760 KB] M&S algorithm main loop timer: 2.611s (after pruning)

[t=2.61712s, 91760 KB] Operator mutex starting iteration 26


[t=2.61728s, 91760 KB] In ts_26_3 of size 2 found num new op-mutexes 0


[t=2.61742s, 91760 KB] In ts_26_4 of size 2 found num new op-mutexes 0


[t=2.61756s, 91760 KB] In ts_26_5 of size 2 found num new op-mutexes 0


[t=2.6177s, 91760 KB] In ts_26_6 of size 2 found num new op-mutexes 0


[t=2.61783s, 91760 KB] In ts_26_7 of size 2 found num new op-mutexes 0


[t=2.61797s, 91760 KB] In ts_26_9 of size 2 found num new op-mutexes 0


[t=2.61818s, 91760 KB] In ts_26_10 of size 2 found num new op-mutexes 0


[t=2.61831s, 91760 KB] In ts_26_11 of size 2 found num new op-mutexes 0


[t=2.61844s, 91760 KB] In ts_26_12 of size 2 found num new op-mutexes 0


[t=2.61856s, 91760 KB] In ts_26_13 of size 2 found num new op-mutexes 0


[t=2.61871s, 91760 KB] In ts_26_38 of size 3 found num new op-mutexes 0


[t=2.61892s, 91760 KB] In ts_26_41 of size 3 found num new op-mutexes 0
[t=2.6236s, 91760 KB] Operator mutex finished iteration 26. Found an additional 0 operator mutexes

[t=2.62368s, 91760 KB] Next pair of indices: (66, 13)
[t=2.62371s, 91760 KB] M&S algorithm main loop timer: 2.61762s (after computation of next merge)
[t=2.74641s, 91760 KB] M&S algorithm main loop timer: 2.7404s (after shrinking)
[t=3.04071s, 98592 KB] M&S algorithm main loop timer: 3.03469s (after merging)
[t=3.1279s, 98592 KB] M&S algorithm main loop timer: 3.12187s (after pruning)

[t=3.128s, 98592 KB] Operator mutex starting iteration 27


[t=3.12815s, 98592 KB] In ts_27_3 of size 2 found num new op-mutexes 0


[t=3.12829s, 98592 KB] In ts_27_4 of size 2 found num new op-mutexes 0


[t=3.12843s, 98592 KB] In ts_27_5 of size 2 found num new op-mutexes 0


[t=3.12857s, 98592 KB] In ts_27_6 of size 2 found num new op-mutexes 0


[t=3.12871s, 98592 KB] In ts_27_7 of size 2 found num new op-mutexes 0


[t=3.12885s, 98592 KB] In ts_27_9 of size 2 found num new op-mutexes 0


[t=3.12906s, 98592 KB] In ts_27_10 of size 2 found num new op-mutexes 0


[t=3.1292s, 98592 KB] In ts_27_11 of size 2 found num new op-mutexes 0


[t=3.12933s, 98592 KB] In ts_27_12 of size 2 found num new op-mutexes 0


[t=3.12947s, 98592 KB] In ts_27_38 of size 3 found num new op-mutexes 0


[t=3.12969s, 98592 KB] In ts_27_41 of size 3 found num new op-mutexes 0
[t=3.13474s, 98592 KB] Operator mutex finished iteration 27. Found an additional 0 operator mutexes

[t=3.13482s, 98592 KB] Next pair of indices: (67, 12)
[t=3.13485s, 98592 KB] M&S algorithm main loop timer: 3.12876s (after computation of next merge)
[t=3.27008s, 98592 KB] M&S algorithm main loop timer: 3.26406s (after shrinking)
[t=3.56855s, 100564 KB] M&S algorithm main loop timer: 3.56254s (after merging)
[t=3.65644s, 100564 KB] M&S algorithm main loop timer: 3.65041s (after pruning)

[t=3.65654s, 100564 KB] Operator mutex starting iteration 28


[t=3.65668s, 100564 KB] In ts_28_3 of size 2 found num new op-mutexes 0


[t=3.65682s, 100564 KB] In ts_28_4 of size 2 found num new op-mutexes 0


[t=3.65695s, 100564 KB] In ts_28_5 of size 2 found num new op-mutexes 0


[t=3.65709s, 100564 KB] In ts_28_6 of size 2 found num new op-mutexes 0


[t=3.65723s, 100564 KB] In ts_28_7 of size 2 found num new op-mutexes 0


[t=3.65736s, 100564 KB] In ts_28_9 of size 2 found num new op-mutexes 0


[t=3.65756s, 100564 KB] In ts_28_10 of size 2 found num new op-mutexes 0


[t=3.65769s, 100564 KB] In ts_28_11 of size 2 found num new op-mutexes 0


[t=3.65783s, 100564 KB] In ts_28_38 of size 3 found num new op-mutexes 0


[t=3.65803s, 100564 KB] In ts_28_41 of size 3 found num new op-mutexes 0
[t=3.66327s, 100564 KB] Operator mutex finished iteration 28. Found an additional 0 operator mutexes

[t=3.66336s, 100564 KB] Next pair of indices: (68, 11)
[t=3.6634s, 100564 KB] M&S algorithm main loop timer: 3.65732s (after computation of next merge)
[t=3.81023s, 100564 KB] M&S algorithm main loop timer: 3.80421s (after shrinking)
[t=4.11421s, 104856 KB] M&S algorithm main loop timer: 4.10818s (after merging)
[t=4.20585s, 104856 KB] M&S algorithm main loop timer: 4.19982s (after pruning)

[t=4.20595s, 104856 KB] Operator mutex starting iteration 29


[t=4.20611s, 104856 KB] In ts_29_3 of size 2 found num new op-mutexes 0


[t=4.20625s, 104856 KB] In ts_29_4 of size 2 found num new op-mutexes 0


[t=4.20638s, 104856 KB] In ts_29_5 of size 2 found num new op-mutexes 0


[t=4.20651s, 104856 KB] In ts_29_6 of size 2 found num new op-mutexes 0


[t=4.20664s, 104856 KB] In ts_29_7 of size 2 found num new op-mutexes 0


[t=4.20677s, 104856 KB] In ts_29_9 of size 2 found num new op-mutexes 0


[t=4.20698s, 104856 KB] In ts_29_10 of size 2 found num new op-mutexes 0


[t=4.20711s, 104856 KB] In ts_29_38 of size 3 found num new op-mutexes 0


[t=4.20733s, 104856 KB] In ts_29_41 of size 3 found num new op-mutexes 0
[t=4.21265s, 104856 KB] Operator mutex finished iteration 29. Found an additional 0 operator mutexes

[t=4.21273s, 104856 KB] Next pair of indices: (69, 10)
[t=4.21276s, 104856 KB] M&S algorithm main loop timer: 4.20667s (after computation of next merge)
[t=4.35806s, 104856 KB] M&S algorithm main loop timer: 4.35203s (after shrinking)
[t=4.68033s, 108284 KB] M&S algorithm main loop timer: 4.67431s (after merging)
[t=4.77681s, 108284 KB] M&S algorithm main loop timer: 4.77078s (after pruning)

[t=4.77691s, 108284 KB] Operator mutex starting iteration 30


[t=4.77705s, 108284 KB] In ts_30_3 of size 2 found num new op-mutexes 0


[t=4.77719s, 108284 KB] In ts_30_4 of size 2 found num new op-mutexes 0


[t=4.77732s, 108284 KB] In ts_30_5 of size 2 found num new op-mutexes 0


[t=4.77745s, 108284 KB] In ts_30_6 of size 2 found num new op-mutexes 0


[t=4.7776s, 108284 KB] In ts_30_7 of size 2 found num new op-mutexes 0


[t=4.77773s, 108284 KB] In ts_30_9 of size 2 found num new op-mutexes 0


[t=4.77787s, 108284 KB] In ts_30_38 of size 3 found num new op-mutexes 0


[t=4.77809s, 108284 KB] In ts_30_41 of size 3 found num new op-mutexes 0
[t=4.7845s, 108284 KB] Operator mutex finished iteration 30. Found an additional 0 operator mutexes

[t=4.78458s, 108284 KB] Next pair of indices: (70, 9)
[t=4.78461s, 108284 KB] M&S algorithm main loop timer: 4.77852s (after computation of next merge)
[t=4.93488s, 108284 KB] M&S algorithm main loop timer: 4.92887s (after shrinking)
[t=5.28829s, 116756 KB] M&S algorithm main loop timer: 5.28227s (after merging)
[t=5.39681s, 116756 KB] M&S algorithm main loop timer: 5.3908s (after pruning)

[t=5.39692s, 116756 KB] Operator mutex starting iteration 31


[t=5.39706s, 116756 KB] In ts_31_3 of size 2 found num new op-mutexes 0


[t=5.3972s, 116756 KB] In ts_31_4 of size 2 found num new op-mutexes 0


[t=5.39733s, 116756 KB] In ts_31_5 of size 2 found num new op-mutexes 0


[t=5.39747s, 116756 KB] In ts_31_6 of size 2 found num new op-mutexes 0


[t=5.39762s, 116756 KB] In ts_31_7 of size 2 found num new op-mutexes 0


[t=5.39777s, 116756 KB] In ts_31_38 of size 3 found num new op-mutexes 0


[t=5.39798s, 116756 KB] In ts_31_41 of size 3 found num new op-mutexes 0
[t=5.40455s, 116756 KB] Operator mutex finished iteration 31. Found an additional 0 operator mutexes

[t=5.40464s, 116756 KB] Next pair of indices: (71, 7)
[t=5.40467s, 116756 KB] M&S algorithm main loop timer: 5.39858s (after computation of next merge)
[t=5.53728s, 116756 KB] M&S algorithm main loop timer: 5.53125s (after shrinking)
[t=5.87123s, 116756 KB] M&S algorithm main loop timer: 5.86523s (after merging)
[t=5.97271s, 116756 KB] M&S algorithm main loop timer: 5.96669s (after pruning)

[t=5.97281s, 116756 KB] Operator mutex starting iteration 32


[t=5.97296s, 116756 KB] In ts_32_3 of size 2 found num new op-mutexes 0


[t=5.97309s, 116756 KB] In ts_32_4 of size 2 found num new op-mutexes 0


[t=5.97322s, 116756 KB] In ts_32_5 of size 2 found num new op-mutexes 0


[t=5.97335s, 116756 KB] In ts_32_6 of size 2 found num new op-mutexes 0


[t=5.97351s, 116756 KB] In ts_32_38 of size 3 found num new op-mutexes 0


[t=5.97372s, 116756 KB] In ts_32_41 of size 3 found num new op-mutexes 0
[t=5.97963s, 116756 KB] Operator mutex finished iteration 32. Found an additional 0 operator mutexes

[t=5.97972s, 116756 KB] Next pair of indices: (72, 6)
[t=5.97975s, 116756 KB] M&S algorithm main loop timer: 5.97367s (after computation of next merge)
[t=6.1149s, 116756 KB] M&S algorithm main loop timer: 6.10888s (after shrinking)
[t=6.42559s, 116756 KB] M&S algorithm main loop timer: 6.41958s (after merging)
[t=6.52227s, 116756 KB] M&S algorithm main loop timer: 6.51624s (after pruning)

[t=6.52236s, 116756 KB] Operator mutex starting iteration 33


[t=6.52251s, 116756 KB] In ts_33_3 of size 2 found num new op-mutexes 0


[t=6.52264s, 116756 KB] In ts_33_4 of size 2 found num new op-mutexes 0


[t=6.52277s, 116756 KB] In ts_33_5 of size 2 found num new op-mutexes 0


[t=6.52291s, 116756 KB] In ts_33_38 of size 3 found num new op-mutexes 0


[t=6.52312s, 116756 KB] In ts_33_41 of size 3 found num new op-mutexes 0
[t=6.52889s, 116756 KB] Operator mutex finished iteration 33. Found an additional 0 operator mutexes

[t=6.52899s, 116756 KB] Next pair of indices: (73, 5)
[t=6.52902s, 116756 KB] M&S algorithm main loop timer: 6.52293s (after computation of next merge)
[t=6.67042s, 116756 KB] M&S algorithm main loop timer: 6.66439s (after shrinking)
[t=6.98786s, 116756 KB] M&S algorithm main loop timer: 6.98186s (after merging)
[t=7.08711s, 116756 KB] M&S algorithm main loop timer: 7.08108s (after pruning)

[t=7.08721s, 116756 KB] Operator mutex starting iteration 34


[t=7.08737s, 116756 KB] In ts_34_3 of size 2 found num new op-mutexes 0


[t=7.08751s, 116756 KB] In ts_34_4 of size 2 found num new op-mutexes 0


[t=7.08765s, 116756 KB] In ts_34_38 of size 3 found num new op-mutexes 0


[t=7.08788s, 116756 KB] In ts_34_41 of size 3 found num new op-mutexes 0
[t=7.09399s, 116756 KB] Operator mutex finished iteration 34. Found an additional 0 operator mutexes

[t=7.09411s, 116756 KB] Next pair of indices: (74, 4)
[t=7.09413s, 116756 KB] M&S algorithm main loop timer: 7.08805s (after computation of next merge)
[t=7.23936s, 116756 KB] M&S algorithm main loop timer: 7.23334s (after shrinking)
[t=7.5835s, 119768 KB] M&S algorithm main loop timer: 7.57748s (after merging)
[t=7.68858s, 119768 KB] M&S algorithm main loop timer: 7.68256s (after pruning)

[t=7.68868s, 119768 KB] Operator mutex starting iteration 35


[t=7.68883s, 119768 KB] In ts_35_3 of size 2 found num new op-mutexes 0


[t=7.68898s, 119768 KB] In ts_35_38 of size 3 found num new op-mutexes 0


[t=7.68919s, 119768 KB] In ts_35_41 of size 3 found num new op-mutexes 0
[t=7.6971s, 119768 KB] Operator mutex finished iteration 35. Found an additional 0 operator mutexes

[t=7.6972s, 119768 KB] Next pair of indices: (75, 3)
[t=7.69723s, 119768 KB] M&S algorithm main loop timer: 7.69114s (after computation of next merge)
[t=7.85223s, 119768 KB] M&S algorithm main loop timer: 7.84621s (after shrinking)
[t=8.21108s, 122300 KB] M&S algorithm main loop timer: 8.20507s (after merging)
[t=8.31868s, 122300 KB] M&S algorithm main loop timer: 8.31265s (after pruning)

[t=8.31878s, 122300 KB] Operator mutex starting iteration 36


[t=8.31894s, 122300 KB] In ts_36_38 of size 3 found num new op-mutexes 0


[t=8.31916s, 122300 KB] In ts_36_41 of size 3 found num new op-mutexes 0
[t=8.3258s, 122300 KB] Operator mutex finished iteration 36. Found an additional 0 operator mutexes

[t=8.3259s, 122300 KB] Next pair of indices: (76, 38)
[t=8.32592s, 122300 KB] M&S algorithm main loop timer: 8.31984s (after computation of next merge)
[t=8.47919s, 122300 KB] M&S algorithm main loop timer: 8.47318s (after shrinking)
[t=8.97196s, 142896 KB] M&S algorithm main loop timer: 8.96595s (after merging)
[t=9.11106s, 142896 KB] M&S algorithm main loop timer: 9.10504s (after pruning)

[t=9.11117s, 142896 KB] Operator mutex starting iteration 37


[t=9.1114s, 142896 KB] In ts_37_41 of size 3 found num new op-mutexes 0
[t=9.12378s, 142896 KB] Operator mutex finished iteration 37. Found an additional 0 operator mutexes

[t=9.12391s, 142896 KB] Next pair of indices: (77, 41)
[t=9.12393s, 142896 KB] M&S algorithm main loop timer: 9.11785s (after computation of next merge)
[t=9.35247s, 142896 KB] M&S algorithm main loop timer: 9.34647s (after shrinking)
[t=9.86685s, 150968 KB] M&S algorithm main loop timer: 9.86083s (after merging)

[t=9.86964s, 150968 KB] Operator mutex starting iteration 38
[t=9.87979s, 150968 KB] Operator mutex finished iteration 38. Found an additional 0 operator mutexes

[t=9.87988s, 150968 KB] End of merge-and-shrink algorithm, statistics:
[t=9.87991s, 150968 KB] Main loop runtime: 9.87382s
[t=9.87993s, 150968 KB] Maximum intermediate abstraction size: 50000
[t=9.87995s, 150968 KB] Final peak memory increase of merge-and-shrink algorithm: 128236 KB
[t=9.87999s, 150968 KB] Merge-and-shrink algorithm runtime: 9.87627s

[t=9.88001s, 150968 KB] Number of labels: 428
[t=9.88003s, 150968 KB] Total number of operator mutexes: 61864
[t=9.88005s, 150968 KB] Operator Mutex total time: 0.669236s
[t=9.88009s, 150968 KB] Number of remaining factors: 1
[t=9.8803s, 150968 KB] Number of factors kept: 1
[t=9.88033s, 150968 KB] Done initializing merge-and-shrink heuristic.

[t=9.88321s, 150968 KB] Building successor generator...done!
[t=9.8847s, 150968 KB] peak memory difference for successor generator creation: 0 KB
[t=9.88472s, 150968 KB] time for successor generation creation: 0.000215716s
[t=9.88475s, 150968 KB] Variables: 40
[t=9.88477s, 150968 KB] FactPairs: 103
[t=9.8848s, 150968 KB] Bytes per state: 8
[t=9.88494s, 150968 KB] Conducting best first search with reopening closed nodes, (real) bound = 2147483647
[t=9.88502s, 150968 KB] New best heuristic value for merge_and_shrink(op_mutex = op_mutex(use_previous_ops = nasutpo, reachability_strategy = goal), merge_strategy = merge_sccs(order_of_sccs = topological, merge_tree = linear), shrink_strategy = shrink_fh): 225
[t=9.88504s, 150968 KB] g=0, 1 evaluated, 0 expanded
[t=9.88507s, 150968 KB] f = 225, 1 evaluated, 0 expanded
[t=9.88509s, 150968 KB] Initial heuristic value for merge_and_shrink(op_mutex = op_mutex(use_previous_ops = nasutpo, reachability_strategy = goal), merge_strategy = merge_sccs(order_of_sccs = topological, merge_tree = linear), shrink_strategy = shrink_fh): 225
[t=9.88511s, 150968 KB] pruning method: none
[t=9.88515s, 150968 KB] New best heuristic value for merge_and_shrink(op_mutex = op_mutex(use_previous_ops = nasutpo, reachability_strategy = goal), merge_strategy = merge_sccs(order_of_sccs = topological, merge_tree = linear), shrink_strategy = shrink_fh): 195
[t=9.88517s, 150968 KB] g=30, 2 evaluated, 1 expanded
[t=9.88524s, 150968 KB] New best heuristic value for merge_and_shrink(op_mutex = op_mutex(use_previous_ops = nasutpo, reachability_strategy = goal), merge_strategy = merge_sccs(order_of_sccs = topological, merge_tree = linear), shrink_strategy = shrink_fh): 185
[t=9.88526s, 150968 KB] g=40, 12 evaluated, 2 expanded
[t=9.88531s, 150968 KB] New best heuristic value for merge_and_shrink(op_mutex = op_mutex(use_previous_ops = nasutpo, reachability_strategy = goal), merge_strategy = merge_sccs(order_of_sccs = topological, merge_tree = linear), shrink_strategy = shrink_fh): 165
[t=9.88533s, 150968 KB] g=60, 19 evaluated, 2 expanded
[t=9.88536s, 150968 KB] New best heuristic value for merge_and_shrink(op_mutex = op_mutex(use_previous_ops = nasutpo, reachability_strategy = goal), merge_strategy = merge_sccs(order_of_sccs = topological, merge_tree = linear), shrink_strategy = shrink_fh): 155
[t=9.88538s, 150968 KB] g=70, 20 evaluated, 3 expanded
[t=9.88545s, 150968 KB] New best heuristic value for merge_and_shrink(op_mutex = op_mutex(use_previous_ops = nasutpo, reachability_strategy = goal), merge_strategy = merge_sccs(order_of_sccs = topological, merge_tree = linear), shrink_strategy = shrink_fh): 150
[t=9.88547s, 150968 KB] g=75, 28 evaluated, 3 expanded
[t=9.88551s, 150968 KB] New best heuristic value for merge_and_shrink(op_mutex = op_mutex(use_previous_ops = nasutpo, reachability_strategy = goal), merge_strategy = merge_sccs(order_of_sccs = topological, merge_tree = linear), shrink_strategy = shrink_fh): 140
[t=9.88554s, 150968 KB] g=85, 31 evaluated, 4 expanded
[t=9.8856s, 150968 KB] New best heuristic value for merge_and_shrink(op_mutex = op_mutex(use_previous_ops = nasutpo, reachability_strategy = goal), merge_strategy = merge_sccs(order_of_sccs = topological, merge_tree = linear), shrink_strategy = shrink_fh): 130
[t=9.88562s, 150968 KB] g=95, 38 evaluated, 5 expanded
[t=9.88567s, 150968 KB] New best heuristic value for merge_and_shrink(op_mutex = op_mutex(use_previous_ops = nasutpo, reachability_strategy = goal), merge_strategy = merge_sccs(order_of_sccs = topological, merge_tree = linear), shrink_strategy = shrink_fh): 120
[t=9.88569s, 150968 KB] g=105, 45 evaluated, 5 expanded
[t=9.88574s, 150968 KB] New best heuristic value for merge_and_shrink(op_mutex = op_mutex(use_previous_ops = nasutpo, reachability_strategy = goal), merge_strategy = merge_sccs(order_of_sccs = topological, merge_tree = linear), shrink_strategy = shrink_fh): 110
[t=9.88577s, 150968 KB] g=115, 50 evaluated, 6 expanded
[t=9.88586s, 150968 KB] New best heuristic value for merge_and_shrink(op_mutex = op_mutex(use_previous_ops = nasutpo, reachability_strategy = goal), merge_strategy = merge_sccs(order_of_sccs = topological, merge_tree = linear), shrink_strategy = shrink_fh): 100
[t=9.88589s, 150968 KB] g=125, 64 evaluated, 7 expanded
[t=9.88597s, 150968 KB] New best heuristic value for merge_and_shrink(op_mutex = op_mutex(use_previous_ops = nasutpo, reachability_strategy = goal), merge_strategy = merge_sccs(order_of_sccs = topological, merge_tree = linear), shrink_strategy = shrink_fh): 80
[t=9.886s, 150968 KB] g=145, 75 evaluated, 7 expanded
[t=9.88605s, 150968 KB] New best heuristic value for merge_and_shrink(op_mutex = op_mutex(use_previous_ops = nasutpo, reachability_strategy = goal), merge_strategy = merge_sccs(order_of_sccs = topological, merge_tree = linear), shrink_strategy = shrink_fh): 70
[t=9.88607s, 150968 KB] g=155, 80 evaluated, 8 expanded
[t=9.88622s, 150968 KB] New best heuristic value for merge_and_shrink(op_mutex = op_mutex(use_previous_ops = nasutpo, reachability_strategy = goal), merge_strategy = merge_sccs(order_of_sccs = topological, merge_tree = linear), shrink_strategy = shrink_fh): 60
[t=9.88624s, 150968 KB] g=170, 101 evaluated, 9 expanded
[t=9.88633s, 150968 KB] New best heuristic value for merge_and_shrink(op_mutex = op_mutex(use_previous_ops = nasutpo, reachability_strategy = goal), merge_strategy = merge_sccs(order_of_sccs = topological, merge_tree = linear), shrink_strategy = shrink_fh): 40
[t=9.88636s, 150968 KB] g=185, 111 evaluated, 9 expanded
[t=9.88644s, 150968 KB] New best heuristic value for merge_and_shrink(op_mutex = op_mutex(use_previous_ops = nasutpo, reachability_strategy = goal), merge_strategy = merge_sccs(order_of_sccs = topological, merge_tree = linear), shrink_strategy = shrink_fh): 30
[t=9.88647s, 150968 KB] g=200, 119 evaluated, 10 expanded
[t=9.8866s, 150968 KB] New best heuristic value for merge_and_shrink(op_mutex = op_mutex(use_previous_ops = nasutpo, reachability_strategy = goal), merge_strategy = merge_sccs(order_of_sccs = topological, merge_tree = linear), shrink_strategy = shrink_fh): 20
[t=9.88662s, 150968 KB] g=205, 134 evaluated, 10 expanded
[t=9.88668s, 150968 KB] New best heuristic value for merge_and_shrink(op_mutex = op_mutex(use_previous_ops = nasutpo, reachability_strategy = goal), merge_strategy = merge_sccs(order_of_sccs = topological, merge_tree = linear), shrink_strategy = shrink_fh): 10
[t=9.8867s, 150968 KB] g=220, 139 evaluated, 11 expanded
[t=9.88681s, 150968 KB] New best heuristic value for merge_and_shrink(op_mutex = op_mutex(use_previous_ops = nasutpo, reachability_strategy = goal), merge_strategy = merge_sccs(order_of_sccs = topological, merge_tree = linear), shrink_strategy = shrink_fh): 0
[t=9.88684s, 150968 KB] g=235, 153 evaluated, 12 expanded
[t=9.88689s, 150968 KB] Solution found!
[t=9.88691s, 150968 KB] Actual search time: 0.00179414s
load-highspeed-saw b0 highspeed-saw0 (30)
do-saw-medium b1 p3 saw0 pine rough s3 s2 s1 (30)
do-glaze p3 glazer0 mauve (15)
cut-board-medium b0 p0 highspeed-saw0 oak rough s10 s9 s8 (10)
do-plane p0 planer0 rough natural untreated (20)
cut-board-large b0 p1 highspeed-saw0 oak rough s8 s6 s7 s5 (10)
do-plane p1 planer0 rough natural untreated (30)
cut-board-large b0 p2 highspeed-saw0 oak rough s8 s6 s7 s5 (10)
do-plane p2 planer0 rough natural untreated (30)
do-glaze p2 glazer0 white (20)
do-immersion-varnish p0 immersion-varnisher0 mauve smooth (10)
do-immersion-varnish p1 immersion-varnisher0 blue smooth (10)
[t=9.88694s, 150968 KB] Plan length: 12 step(s).
[t=9.88694s, 150968 KB] Plan cost: 225
[t=9.88694s, 150968 KB] Expanded 13 state(s).
[t=9.88694s, 150968 KB] Reopened 0 state(s).
[t=9.88694s, 150968 KB] Evaluated 158 state(s).
[t=9.88694s, 150968 KB] Evaluations: 158
[t=9.88694s, 150968 KB] Generated 188 state(s).
[t=9.88694s, 150968 KB] Dead ends: 8 state(s).
[t=9.88694s, 150968 KB] Expanded until last jump: 0 state(s).
[t=9.88694s, 150968 KB] Reopened until last jump: 0 state(s).
[t=9.88694s, 150968 KB] Evaluated until last jump: 1 state(s).
[t=9.88694s, 150968 KB] Generated until last jump: 0 state(s).
[t=9.88694s, 150968 KB] Number of registered states: 158
[t=9.88694s, 150968 KB] Int hash set load factor: 158/256 = 0.617188
[t=9.88694s, 150968 KB] Int hash set resizes: 8
[t=9.88694s, 150968 KB] Search time: 0.00199914s
[t=9.88694s, 150968 KB] Total time: 9.88694s
Solution found.
Peak memory: 150968 KB
Remove intermediate file output.sas
search exit code: 0

INFO     Running validate.
INFO     validate stdin: None
INFO     validate time limit: None
INFO     validate memory limit: None
INFO     validate command line string: validate domain.pddl problem.pddl sas_plan
Checking plan: sas_plan
Plan executed successfully - checking goal
Plan valid
Final value: 225 

Successful plans:
Value: 225
 sas_plan 225 

validate exit code: 0

