INFO     Running translator.
INFO     translator stdin: None
INFO     translator time limit: 599.96s
INFO     translator memory limit: 7000 MB
INFO     translator command line string: /usr/bin/python3 /user/student.aau.dk/lkar18/downward-projects/downward/experiments/nopo_vs_nasutpo_195p/data/nopo_vs_nasutpo/code-94571df14dfaf5b06207d9589b12facdd93f580c_e5e41175/builds/release/bin/translate/translate.py domain.pddl problem.pddl --sas-file output.sas
Parsing...
Parsing: [0.000s CPU, 0.003s wall-clock]
Normalizing task... [0.000s CPU, 0.000s wall-clock]
Instantiating...
Generating Datalog program... [0.000s CPU, 0.001s wall-clock]
Normalizing Datalog program...
Normalizing Datalog program: [0.000s CPU, 0.002s wall-clock]
Preparing model... [0.010s CPU, 0.002s wall-clock]
Generated 38 rules.
Computing model... [0.010s CPU, 0.010s wall-clock]
454 relevant atoms
666 auxiliary atoms
1120 final queue length
1327 total queue pushes
Completing instantiation... [0.000s CPU, 0.005s wall-clock]
Instantiating: [0.020s CPU, 0.021s wall-clock]
Computing fact groups...
Finding invariants...
7 initial candidates
Finding invariants: [0.010s CPU, 0.007s wall-clock]
Checking invariant weight... [0.000s CPU, 0.000s wall-clock]
Instantiating groups... [0.000s CPU, 0.002s wall-clock]
Collecting mutex groups... [0.000s CPU, 0.000s wall-clock]
Choosing groups...
24 uncovered facts
Choosing groups: [0.000s CPU, 0.000s wall-clock]
Building translation key... [0.000s CPU, 0.000s wall-clock]
Computing fact groups: [0.010s CPU, 0.010s wall-clock]
Building STRIPS to SAS dictionary... [0.000s CPU, 0.000s wall-clock]
Building dictionary for full mutex groups... [0.000s CPU, 0.000s wall-clock]
Building mutex information...
Building mutex information: [0.000s CPU, 0.000s wall-clock]
Translating task...
Processing axioms...
Simplifying axioms... [0.000s CPU, 0.000s wall-clock]
Translator axioms removed by simplifying: 0
Computing negative axioms... [0.000s CPU, 0.000s wall-clock]
Processing axioms: [0.000s CPU, 0.000s wall-clock]
Translating task: [0.010s CPU, 0.006s wall-clock]
146 effect conditions simplified
0 implied preconditions added
Detecting unreachable propositions...
0 operators removed
0 axioms removed
9 propositions removed
Detecting unreachable propositions: [0.000s CPU, 0.003s wall-clock]
Reordering and filtering variables...
24 of 24 variables necessary.
19 of 22 mutex groups necessary.
102 of 102 operators necessary.
0 of 0 axiom rules necessary.
Reordering and filtering variables: [0.000s CPU, 0.002s wall-clock]
Translator variables: 24
Translator derived variables: 0
Translator facts: 93
Translator goal facts: 2
Translator mutex groups: 19
Translator total mutex groups size: 70
Translator operators: 102
Translator axioms: 0
Translator task size: 951
Translator peak memory: 42912 KB
Writing output... [0.010s CPU, 0.002s wall-clock]
Done! [0.050s CPU, 0.048s wall-clock]
translate exit code: 0

INFO     Running search (release).
INFO     search stdin: output.sas
INFO     search time limit: 599.87s
INFO     search memory limit: 7000 MB
INFO     search command line string: /user/student.aau.dk/lkar18/downward-projects/downward/experiments/nopo_vs_nasutpo_195p/data/nopo_vs_nasutpo/code-94571df14dfaf5b06207d9589b12facdd93f580c_e5e41175/builds/release/bin/downward --search 'astar(merge_and_shrink(op_mutex=op_mutex(use_previous_ops=NoPO, reachability_strategy=goal), merge_strategy=merge_sccs(order_of_sccs=topological, merge_tree=linear()), shrink_strategy=shrink_bisimulation(greedy=false, at_limit=RETURN)))' --internal-plan-file sas_plan < output.sas
[t=4.4152e-05s, 22344 KB] reading input...
[t=0.000770788s, 22344 KB] done reading input!
[t=0.00214581s, 22600 KB] Initializing merge-and-shrink heuristic...
[t=0.00221241s, 22600 KB] Running merge-and-shrink algorithm...
[t=0.00223271s, 22600 KB] Merge strategy options:
[t=0.00225348s, 22600 KB] Type: sccs
[t=0.00227327s, 22600 KB] Merge order of sccs: topological
[t=0.00229186s, 22600 KB] Merge strategy for merging within sccs: 
[t=0.00231062s, 22600 KB] Merge tree options: 
[t=0.00232928s, 22600 KB] Type: linear
[t=0.0023482s, 22600 KB] Update option: use random
[t=0.00236758s, 22600 KB] Variable order type: CG/GOAL, tie breaking on level (main)

[t=0.00238885s, 22600 KB] Options related to size limits and shrinking: 
[t=0.0024089s, 22600 KB] Transition system size limit: 50000
[t=0.00242783s, 22600 KB] Transition system size limit right before merge: 50000
[t=0.00244703s, 22600 KB] Threshold to trigger shrinking right before merge: 1

[t=0.00246869s, 22600 KB] Pruning unreachable states: yes
[t=0.00248813s, 22600 KB] Pruning irrelevant states: yes

[t=0.00250867s, 22600 KB] Label reduction disabled

[t=0.00253007s, 22600 KB] Main loop max time in seconds: inf

[t=0.00255329s, 22600 KB] ===============================================================================
[t=0.00257266s, 22600 KB] WARNING! You did not enable label reduction.
This may drastically reduce the performance of merge-and-shrink!
[t=0.00259224s, 22600 KB] ===============================================================================

[t=0.00261377s, 22600 KB] Building atomic transition systems... 
[t=0.00310978s, 23128 KB] M&S algorithm timer: 0.000933277s (after computation of atomic factors)

[t=0.0031611s, 23128 KB] Starting main loop without a time limit.
[t=0.00318777s, 23128 KB] building causal graph...done! [t=0.000294545s]
[t=0.00351312s, 23128 KB] SCCs of the causal graph:
[t=0.0035629s, 23128 KB] [0, 1, 2, 3, 12, 4, 16, 10, 11, 7, 5, 6, 8, 15, 14, 9, 13, 17, 18, 19, 20, 21, 22, 23]
[t=0.00358815s, 23128 KB] Only one single SCC
[t=0.00361825s, 23128 KB] Next pair of indices: (23, 20)
[t=0.00364067s, 23128 KB] M&S algorithm main loop timer: 0.000498345s (after computation of next merge)
[t=0.00373207s, 23128 KB] M&S algorithm main loop timer: 0.000598706s (after merging)

[t=0.00376986s, 23128 KB] Operator mutex starting iteration 0

[t=0.00382182s, 23128 KB] In ts_0_0 of size 2 found num new op-mutexes 0

[t=0.00387608s, 23128 KB] In ts_0_1 of size 2 found num new op-mutexes 0

[t=0.00392381s, 23128 KB] In ts_0_2 of size 2 found num new op-mutexes 0

[t=0.00396997s, 23128 KB] In ts_0_3 of size 2 found num new op-mutexes 0

[t=0.00401651s, 23128 KB] In ts_0_4 of size 2 found num new op-mutexes 0

[t=0.00406156s, 23128 KB] In ts_0_5 of size 2 found num new op-mutexes 0

[t=0.00410624s, 23128 KB] In ts_0_6 of size 2 found num new op-mutexes 0

[t=0.00415093s, 23128 KB] In ts_0_7 of size 2 found num new op-mutexes 0

[t=0.00420646s, 23128 KB] In ts_0_8 of size 2 found num new op-mutexes 0

[t=0.00425102s, 23128 KB] In ts_0_9 of size 2 found num new op-mutexes 0

[t=0.00429488s, 23128 KB] In ts_0_10 of size 2 found num new op-mutexes 0

[t=0.0043392s, 23128 KB] In ts_0_11 of size 2 found num new op-mutexes 0

[t=0.00438408s, 23128 KB] In ts_0_12 of size 2 found num new op-mutexes 0

[t=0.00442888s, 23128 KB] In ts_0_13 of size 2 found num new op-mutexes 0

[t=0.00447285s, 23128 KB] In ts_0_14 of size 2 found num new op-mutexes 0

[t=0.00451695s, 23128 KB] In ts_0_15 of size 2 found num new op-mutexes 0

[t=0.00456073s, 23128 KB] In ts_0_16 of size 2 found num new op-mutexes 0

[t=0.00465437s, 23128 KB] In ts_0_17 of size 15 found num new op-mutexes 136

[t=0.00470574s, 23128 KB] In ts_0_18 of size 2 found num new op-mutexes 0

[t=0.00475315s, 23128 KB] In ts_0_19 of size 2 found num new op-mutexes 0

[t=0.00485367s, 23128 KB] In ts_0_21 of size 17 found num new op-mutexes 188

[t=0.00490612s, 23128 KB] In ts_0_22 of size 2 found num new op-mutexes 0

[t=0.00502616s, 23128 KB] In ts_0_24 of size 38 found num new op-mutexes 0
[t=0.00505863s, 23128 KB] Operator mutex finished iteration 0. Found an additional 324 operator mutexes

[t=0.00508636s, 23128 KB] Next pair of indices: (24, 21)
[t=0.00510731s, 23128 KB] M&S algorithm main loop timer: 0.00196462s (after computation of next merge)
[t=0.00516682s, 23128 KB] M&S algorithm main loop timer: 0.00202779s (after shrinking)
[t=0.00540913s, 23128 KB] M&S algorithm main loop timer: 0.0022801s (after merging)

[t=0.00547471s, 23128 KB] Operator mutex starting iteration 1

[t=0.00552689s, 23128 KB] In ts_1_0 of size 2 found num new op-mutexes 0

[t=0.00558245s, 23128 KB] In ts_1_1 of size 2 found num new op-mutexes 0

[t=0.00564186s, 23128 KB] In ts_1_2 of size 2 found num new op-mutexes 0

[t=0.00569434s, 23128 KB] In ts_1_3 of size 2 found num new op-mutexes 0

[t=0.00574209s, 23128 KB] In ts_1_4 of size 2 found num new op-mutexes 0

[t=0.00578853s, 23128 KB] In ts_1_5 of size 2 found num new op-mutexes 0

[t=0.00583484s, 23128 KB] In ts_1_6 of size 2 found num new op-mutexes 0

[t=0.00588118s, 23128 KB] In ts_1_7 of size 2 found num new op-mutexes 0

[t=0.00592713s, 23128 KB] In ts_1_8 of size 2 found num new op-mutexes 0

[t=0.00597353s, 23128 KB] In ts_1_9 of size 2 found num new op-mutexes 0

[t=0.00601956s, 23128 KB] In ts_1_10 of size 2 found num new op-mutexes 0

[t=0.00607441s, 23128 KB] In ts_1_11 of size 2 found num new op-mutexes 0

[t=0.00612063s, 23128 KB] In ts_1_12 of size 2 found num new op-mutexes 0

[t=0.00616638s, 23128 KB] In ts_1_13 of size 2 found num new op-mutexes 0

[t=0.00621203s, 23128 KB] In ts_1_14 of size 2 found num new op-mutexes 0

[t=0.00627187s, 23128 KB] In ts_1_15 of size 2 found num new op-mutexes 0

[t=0.00631997s, 23128 KB] In ts_1_16 of size 2 found num new op-mutexes 0

[t=0.00640885s, 23128 KB] In ts_1_17 of size 15 found num new op-mutexes 0

[t=0.00646146s, 23128 KB] In ts_1_18 of size 2 found num new op-mutexes 0

[t=0.00650878s, 23128 KB] In ts_1_19 of size 2 found num new op-mutexes 0

[t=0.00655591s, 23128 KB] In ts_1_22 of size 2 found num new op-mutexes 0

[t=0.00729108s, 23260 KB] In ts_1_25 of size 456 found num new op-mutexes 0
[t=0.00735898s, 23260 KB] Operator mutex finished iteration 1. Found an additional 0 operator mutexes

[t=0.00739239s, 23260 KB] Next pair of indices: (25, 19)
[t=0.00741515s, 23260 KB] M&S algorithm main loop timer: 0.00427282s (after computation of next merge)
[t=0.00861832s, 23260 KB] M&S algorithm main loop timer: 0.00549586s (after merging)
[t=0.00878627s, 23260 KB] M&S algorithm main loop timer: 0.00565628s (after pruning)

[t=0.00883395s, 23260 KB] Operator mutex starting iteration 2

[t=0.00888126s, 23260 KB] In ts_2_0 of size 2 found num new op-mutexes 0

[t=0.00893173s, 23260 KB] In ts_2_1 of size 2 found num new op-mutexes 0

[t=0.00897898s, 23260 KB] In ts_2_2 of size 2 found num new op-mutexes 0

[t=0.0090249s, 23260 KB] In ts_2_3 of size 2 found num new op-mutexes 0

[t=0.00907066s, 23260 KB] In ts_2_4 of size 2 found num new op-mutexes 0

[t=0.00911591s, 23260 KB] In ts_2_5 of size 2 found num new op-mutexes 0

[t=0.00916051s, 23260 KB] In ts_2_6 of size 2 found num new op-mutexes 0

[t=0.00920612s, 23260 KB] In ts_2_7 of size 2 found num new op-mutexes 0

[t=0.00925127s, 23260 KB] In ts_2_8 of size 2 found num new op-mutexes 0

[t=0.00930567s, 23260 KB] In ts_2_9 of size 2 found num new op-mutexes 0

[t=0.00935063s, 23260 KB] In ts_2_10 of size 2 found num new op-mutexes 0

[t=0.00939589s, 23260 KB] In ts_2_11 of size 2 found num new op-mutexes 0

[t=0.00944113s, 23260 KB] In ts_2_12 of size 2 found num new op-mutexes 0

[t=0.00948683s, 23260 KB] In ts_2_13 of size 2 found num new op-mutexes 0

[t=0.00953148s, 23260 KB] In ts_2_14 of size 2 found num new op-mutexes 0

[t=0.0095764s, 23260 KB] In ts_2_15 of size 2 found num new op-mutexes 0

[t=0.0096216s, 23260 KB] In ts_2_16 of size 2 found num new op-mutexes 0

[t=0.00970939s, 23260 KB] In ts_2_17 of size 15 found num new op-mutexes 0

[t=0.00976308s, 23260 KB] In ts_2_18 of size 2 found num new op-mutexes 0

[t=0.00981527s, 23260 KB] In ts_2_22 of size 2 found num new op-mutexes 0

[t=0.010981s, 23436 KB] In ts_2_26 of size 904 found num new op-mutexes 0
[t=0.0110266s, 23436 KB] Operator mutex finished iteration 2. Found an additional 0 operator mutexes

[t=0.011058s, 23436 KB] Next pair of indices: (26, 18)
[t=0.0110802s, 23436 KB] M&S algorithm main loop timer: 0.00793789s (after computation of next merge)
[t=0.0132563s, 23436 KB] M&S algorithm main loop timer: 0.0101535s (after shrinking)
[t=0.0140634s, 23436 KB] M&S algorithm main loop timer: 0.0109323s (after merging)
[t=0.0143316s, 23436 KB] M&S algorithm main loop timer: 0.0111971s (after pruning)

[t=0.014365s, 23436 KB] Operator mutex starting iteration 3

[t=0.0144128s, 23436 KB] In ts_3_0 of size 2 found num new op-mutexes 0

[t=0.0144625s, 23436 KB] In ts_3_1 of size 2 found num new op-mutexes 0

[t=0.0145099s, 23436 KB] In ts_3_2 of size 2 found num new op-mutexes 0

[t=0.014557s, 23436 KB] In ts_3_3 of size 2 found num new op-mutexes 0

[t=0.0146046s, 23436 KB] In ts_3_4 of size 2 found num new op-mutexes 0

[t=0.0146514s, 23436 KB] In ts_3_5 of size 2 found num new op-mutexes 0

[t=0.0146978s, 23436 KB] In ts_3_6 of size 2 found num new op-mutexes 0

[t=0.0147442s, 23436 KB] In ts_3_7 of size 2 found num new op-mutexes 0

[t=0.0147999s, 23436 KB] In ts_3_8 of size 2 found num new op-mutexes 0

[t=0.0148455s, 23436 KB] In ts_3_9 of size 2 found num new op-mutexes 0

[t=0.0148907s, 23436 KB] In ts_3_10 of size 2 found num new op-mutexes 0

[t=0.0149366s, 23436 KB] In ts_3_11 of size 2 found num new op-mutexes 0

[t=0.0149817s, 23436 KB] In ts_3_12 of size 2 found num new op-mutexes 0

[t=0.0150273s, 23436 KB] In ts_3_13 of size 2 found num new op-mutexes 0

[t=0.0150724s, 23436 KB] In ts_3_14 of size 2 found num new op-mutexes 0

[t=0.0151176s, 23436 KB] In ts_3_15 of size 2 found num new op-mutexes 0

[t=0.0151626s, 23436 KB] In ts_3_16 of size 2 found num new op-mutexes 0

[t=0.0152515s, 23436 KB] In ts_3_17 of size 15 found num new op-mutexes 0

[t=0.0153028s, 23436 KB] In ts_3_22 of size 2 found num new op-mutexes 0

[t=0.0174056s, 23896 KB] In ts_3_27 of size 1716 found num new op-mutexes 0
[t=0.0174615s, 23896 KB] Operator mutex finished iteration 3. Found an additional 0 operator mutexes

[t=0.0174947s, 23896 KB] Next pair of indices: (27, 17)
[t=0.0175177s, 23896 KB] M&S algorithm main loop timer: 0.0143753s (after computation of next merge)
[t=0.0220606s, 23896 KB] M&S algorithm main loop timer: 0.0189871s (after shrinking)
[t=0.0282059s, 25196 KB] M&S algorithm main loop timer: 0.0251078s (after merging)
[t=0.0286737s, 25196 KB] M&S algorithm main loop timer: 0.0255413s (after pruning)

[t=0.0287103s, 25196 KB] Operator mutex starting iteration 4

[t=0.028764s, 25196 KB] In ts_4_0 of size 2 found num new op-mutexes 0

[t=0.0288268s, 25196 KB] In ts_4_1 of size 2 found num new op-mutexes 0

[t=0.0288767s, 25196 KB] In ts_4_2 of size 2 found num new op-mutexes 0

[t=0.0289253s, 25196 KB] In ts_4_3 of size 2 found num new op-mutexes 0

[t=0.0289733s, 25196 KB] In ts_4_4 of size 2 found num new op-mutexes 0

[t=0.0290632s, 25196 KB] In ts_4_5 of size 2 found num new op-mutexes 0

[t=0.0291134s, 25196 KB] In ts_4_6 of size 2 found num new op-mutexes 0

[t=0.0291658s, 25196 KB] In ts_4_7 of size 2 found num new op-mutexes 0

[t=0.0292159s, 25196 KB] In ts_4_8 of size 2 found num new op-mutexes 0

[t=0.0292629s, 25196 KB] In ts_4_9 of size 2 found num new op-mutexes 0

[t=0.0293089s, 25196 KB] In ts_4_10 of size 2 found num new op-mutexes 0

[t=0.0293548s, 25196 KB] In ts_4_11 of size 2 found num new op-mutexes 0

[t=0.0294013s, 25196 KB] In ts_4_12 of size 2 found num new op-mutexes 0

[t=0.0294475s, 25196 KB] In ts_4_13 of size 2 found num new op-mutexes 0

[t=0.0294936s, 25196 KB] In ts_4_14 of size 2 found num new op-mutexes 0

[t=0.0295401s, 25196 KB] In ts_4_15 of size 2 found num new op-mutexes 0

[t=0.0295862s, 25196 KB] In ts_4_16 of size 2 found num new op-mutexes 0

[t=0.029633s, 25196 KB] In ts_4_22 of size 2 found num new op-mutexes 0

[t=0.0315892s, 25196 KB] In ts_4_28 of size 1976 found num new op-mutexes 1436
[t=0.0316348s, 25196 KB] Operator mutex finished iteration 4. Found an additional 1436 operator mutexes

[t=0.0316698s, 25196 KB] Next pair of indices: (28, 16)
[t=0.031695s, 25196 KB] M&S algorithm main loop timer: 0.028553s (after computation of next merge)
[t=0.0376345s, 25196 KB] M&S algorithm main loop timer: 0.034521s (after merging)
[t=0.0379298s, 25196 KB] M&S algorithm main loop timer: 0.0348074s (after pruning)

[t=0.0379766s, 25196 KB] Operator mutex starting iteration 5

[t=0.0380264s, 25196 KB] In ts_5_0 of size 2 found num new op-mutexes 0

[t=0.0380797s, 25196 KB] In ts_5_1 of size 2 found num new op-mutexes 0

[t=0.0381323s, 25196 KB] In ts_5_2 of size 2 found num new op-mutexes 0

[t=0.0381796s, 25196 KB] In ts_5_3 of size 2 found num new op-mutexes 0

[t=0.0382265s, 25196 KB] In ts_5_4 of size 2 found num new op-mutexes 0

[t=0.0382715s, 25196 KB] In ts_5_5 of size 2 found num new op-mutexes 0

[t=0.0383257s, 25196 KB] In ts_5_6 of size 2 found num new op-mutexes 0

[t=0.0383705s, 25196 KB] In ts_5_7 of size 2 found num new op-mutexes 0

[t=0.0384149s, 25196 KB] In ts_5_8 of size 2 found num new op-mutexes 0

[t=0.0384601s, 25196 KB] In ts_5_9 of size 2 found num new op-mutexes 0

[t=0.0385044s, 25196 KB] In ts_5_10 of size 2 found num new op-mutexes 0

[t=0.038549s, 25196 KB] In ts_5_11 of size 2 found num new op-mutexes 0

[t=0.0385966s, 25196 KB] In ts_5_12 of size 2 found num new op-mutexes 0

[t=0.038645s, 25196 KB] In ts_5_13 of size 2 found num new op-mutexes 0

[t=0.0386899s, 25196 KB] In ts_5_14 of size 2 found num new op-mutexes 0

[t=0.0387345s, 25196 KB] In ts_5_15 of size 2 found num new op-mutexes 0

[t=0.0387793s, 25196 KB] In ts_5_22 of size 2 found num new op-mutexes 0

[t=0.0406593s, 25196 KB] In ts_5_29 of size 1926 found num new op-mutexes 0
[t=0.0407056s, 25196 KB] Operator mutex finished iteration 5. Found an additional 0 operator mutexes

[t=0.0407389s, 25196 KB] Next pair of indices: (29, 15)
[t=0.0407614s, 25196 KB] M&S algorithm main loop timer: 0.0376187s (after computation of next merge)
[t=0.0465159s, 25196 KB] M&S algorithm main loop timer: 0.043398s (after merging)
[t=0.0468096s, 25196 KB] M&S algorithm main loop timer: 0.0436756s (after pruning)

[t=0.0468441s, 25196 KB] Operator mutex starting iteration 6

[t=0.0468935s, 25196 KB] In ts_6_0 of size 2 found num new op-mutexes 0

[t=0.046944s, 25196 KB] In ts_6_1 of size 2 found num new op-mutexes 0

[t=0.0469926s, 25196 KB] In ts_6_2 of size 2 found num new op-mutexes 0

[t=0.0470395s, 25196 KB] In ts_6_3 of size 2 found num new op-mutexes 0

[t=0.0470861s, 25196 KB] In ts_6_4 of size 2 found num new op-mutexes 0

[t=0.0471319s, 25196 KB] In ts_6_5 of size 2 found num new op-mutexes 0

[t=0.0471766s, 25196 KB] In ts_6_6 of size 2 found num new op-mutexes 0

[t=0.0472216s, 25196 KB] In ts_6_7 of size 2 found num new op-mutexes 0

[t=0.047266s, 25196 KB] In ts_6_8 of size 2 found num new op-mutexes 0

[t=0.0473106s, 25196 KB] In ts_6_9 of size 2 found num new op-mutexes 0

[t=0.0473553s, 25196 KB] In ts_6_10 of size 2 found num new op-mutexes 0

[t=0.0474006s, 25196 KB] In ts_6_11 of size 2 found num new op-mutexes 0

[t=0.0474457s, 25196 KB] In ts_6_12 of size 2 found num new op-mutexes 0

[t=0.0474909s, 25196 KB] In ts_6_13 of size 2 found num new op-mutexes 0

[t=0.0475348s, 25196 KB] In ts_6_14 of size 2 found num new op-mutexes 0

[t=0.0475809s, 25196 KB] In ts_6_22 of size 2 found num new op-mutexes 0

[t=0.049455s, 25196 KB] In ts_6_30 of size 1871 found num new op-mutexes 0
[t=0.0495048s, 25196 KB] Operator mutex finished iteration 6. Found an additional 0 operator mutexes

[t=0.0495386s, 25196 KB] Next pair of indices: (30, 14)
[t=0.049561s, 25196 KB] M&S algorithm main loop timer: 0.0464184s (after computation of next merge)
[t=0.0545129s, 25196 KB] M&S algorithm main loop timer: 0.0513889s (after merging)
[t=0.0548033s, 25196 KB] M&S algorithm main loop timer: 0.0516809s (after pruning)

[t=0.0548493s, 25196 KB] Operator mutex starting iteration 7

[t=0.0548982s, 25196 KB] In ts_7_0 of size 2 found num new op-mutexes 0

[t=0.0549526s, 25196 KB] In ts_7_1 of size 2 found num new op-mutexes 0

[t=0.0550229s, 25196 KB] In ts_7_2 of size 2 found num new op-mutexes 0

[t=0.0550771s, 25196 KB] In ts_7_3 of size 2 found num new op-mutexes 0

[t=0.0551266s, 25196 KB] In ts_7_4 of size 2 found num new op-mutexes 0

[t=0.055171s, 25196 KB] In ts_7_5 of size 2 found num new op-mutexes 0

[t=0.0552156s, 25196 KB] In ts_7_6 of size 2 found num new op-mutexes 0

[t=0.0552599s, 25196 KB] In ts_7_7 of size 2 found num new op-mutexes 0

[t=0.0553039s, 25196 KB] In ts_7_8 of size 2 found num new op-mutexes 0

[t=0.0553475s, 25196 KB] In ts_7_9 of size 2 found num new op-mutexes 0

[t=0.0553914s, 25196 KB] In ts_7_10 of size 2 found num new op-mutexes 0

[t=0.0554356s, 25196 KB] In ts_7_11 of size 2 found num new op-mutexes 0

[t=0.05548s, 25196 KB] In ts_7_12 of size 2 found num new op-mutexes 0

[t=0.055524s, 25196 KB] In ts_7_13 of size 2 found num new op-mutexes 0

[t=0.0555696s, 25196 KB] In ts_7_22 of size 2 found num new op-mutexes 0

[t=0.0575969s, 25196 KB] In ts_7_31 of size 2029 found num new op-mutexes 0
[t=0.0576446s, 25196 KB] Operator mutex finished iteration 7. Found an additional 0 operator mutexes

[t=0.0576792s, 25196 KB] Next pair of indices: (31, 13)
[t=0.0577037s, 25196 KB] M&S algorithm main loop timer: 0.0545701s (after computation of next merge)
[t=0.0632194s, 25196 KB] M&S algorithm main loop timer: 0.0601188s (after merging)
[t=0.0635722s, 25196 KB] M&S algorithm main loop timer: 0.0604517s (after pruning)

[t=0.0636208s, 25196 KB] Operator mutex starting iteration 8

[t=0.0636798s, 25196 KB] In ts_8_0 of size 2 found num new op-mutexes 0

[t=0.0637337s, 25196 KB] In ts_8_1 of size 2 found num new op-mutexes 0

[t=0.0637819s, 25196 KB] In ts_8_2 of size 2 found num new op-mutexes 0

[t=0.0638276s, 25196 KB] In ts_8_3 of size 2 found num new op-mutexes 0

[t=0.0638733s, 25196 KB] In ts_8_4 of size 2 found num new op-mutexes 0

[t=0.0639186s, 25196 KB] In ts_8_5 of size 2 found num new op-mutexes 0

[t=0.0639637s, 25196 KB] In ts_8_6 of size 2 found num new op-mutexes 0

[t=0.0640087s, 25196 KB] In ts_8_7 of size 2 found num new op-mutexes 0

[t=0.064053s, 25196 KB] In ts_8_8 of size 2 found num new op-mutexes 0

[t=0.0641073s, 25196 KB] In ts_8_9 of size 2 found num new op-mutexes 0

[t=0.0641517s, 25196 KB] In ts_8_10 of size 2 found num new op-mutexes 0

[t=0.0641962s, 25196 KB] In ts_8_11 of size 2 found num new op-mutexes 0

[t=0.0642406s, 25196 KB] In ts_8_12 of size 2 found num new op-mutexes 0

[t=0.0642862s, 25196 KB] In ts_8_22 of size 2 found num new op-mutexes 0

[t=0.0664938s, 25196 KB] In ts_8_32 of size 2169 found num new op-mutexes 0
[t=0.0665457s, 25196 KB] Operator mutex finished iteration 8. Found an additional 0 operator mutexes

[t=0.0665801s, 25196 KB] Next pair of indices: (32, 12)
[t=0.0666027s, 25196 KB] M&S algorithm main loop timer: 0.0634606s (after computation of next merge)
[t=0.0723168s, 25196 KB] M&S algorithm main loop timer: 0.0691999s (after merging)
[t=0.0725802s, 25196 KB] M&S algorithm main loop timer: 0.0694452s (after pruning)

[t=0.0726136s, 25196 KB] Operator mutex starting iteration 9

[t=0.0726649s, 25196 KB] In ts_9_0 of size 2 found num new op-mutexes 0

[t=0.0727159s, 25196 KB] In ts_9_1 of size 2 found num new op-mutexes 0

[t=0.0727634s, 25196 KB] In ts_9_2 of size 2 found num new op-mutexes 0

[t=0.0728195s, 25196 KB] In ts_9_3 of size 2 found num new op-mutexes 0

[t=0.0728722s, 25196 KB] In ts_9_4 of size 2 found num new op-mutexes 0

[t=0.0729189s, 25196 KB] In ts_9_5 of size 2 found num new op-mutexes 0

[t=0.0729646s, 25196 KB] In ts_9_6 of size 2 found num new op-mutexes 0

[t=0.0730099s, 25196 KB] In ts_9_7 of size 2 found num new op-mutexes 0

[t=0.0730555s, 25196 KB] In ts_9_8 of size 2 found num new op-mutexes 0

[t=0.0731006s, 25196 KB] In ts_9_9 of size 2 found num new op-mutexes 0

[t=0.0731501s, 25196 KB] In ts_9_10 of size 2 found num new op-mutexes 0

[t=0.0731982s, 25196 KB] In ts_9_11 of size 2 found num new op-mutexes 0

[t=0.0732444s, 25196 KB] In ts_9_22 of size 2 found num new op-mutexes 0

[t=0.0752845s, 25196 KB] In ts_9_33 of size 1450 found num new op-mutexes 850
[t=0.075337s, 25196 KB] Operator mutex finished iteration 9. Found an additional 850 operator mutexes

[t=0.0753724s, 25196 KB] Next pair of indices: (33, 11)
[t=0.0753963s, 25196 KB] M&S algorithm main loop timer: 0.0722537s (after computation of next merge)
[t=0.0791537s, 25196 KB] M&S algorithm main loop timer: 0.0760263s (after merging)
[t=0.0793799s, 25196 KB] M&S algorithm main loop timer: 0.076245s (after pruning)

[t=0.0794133s, 25196 KB] Operator mutex starting iteration 10

[t=0.0794723s, 25196 KB] In ts_10_0 of size 2 found num new op-mutexes 0

[t=0.0795269s, 25196 KB] In ts_10_1 of size 2 found num new op-mutexes 0

[t=0.0795752s, 25196 KB] In ts_10_2 of size 2 found num new op-mutexes 0

[t=0.0796224s, 25196 KB] In ts_10_3 of size 2 found num new op-mutexes 0

[t=0.07967s, 25196 KB] In ts_10_4 of size 2 found num new op-mutexes 0

[t=0.0797164s, 25196 KB] In ts_10_5 of size 2 found num new op-mutexes 0

[t=0.0797625s, 25196 KB] In ts_10_6 of size 2 found num new op-mutexes 0

[t=0.0798131s, 25196 KB] In ts_10_7 of size 2 found num new op-mutexes 0

[t=0.0798625s, 25196 KB] In ts_10_8 of size 2 found num new op-mutexes 0

[t=0.0799079s, 25196 KB] In ts_10_9 of size 2 found num new op-mutexes 0

[t=0.0799529s, 25196 KB] In ts_10_10 of size 2 found num new op-mutexes 0

[t=0.0799991s, 25196 KB] In ts_10_22 of size 2 found num new op-mutexes 0

[t=0.0819563s, 25196 KB] In ts_10_34 of size 1413 found num new op-mutexes 0
[t=0.0820018s, 25196 KB] Operator mutex finished iteration 10. Found an additional 0 operator mutexes

[t=0.0820342s, 25196 KB] Next pair of indices: (34, 10)
[t=0.0820572s, 25196 KB] M&S algorithm main loop timer: 0.0789148s (after computation of next merge)
[t=0.0857074s, 25196 KB] M&S algorithm main loop timer: 0.082585s (after merging)
[t=0.0859345s, 25196 KB] M&S algorithm main loop timer: 0.0828101s (after pruning)

[t=0.0859782s, 25196 KB] Operator mutex starting iteration 11

[t=0.086026s, 25196 KB] In ts_11_0 of size 2 found num new op-mutexes 0

[t=0.0860772s, 25196 KB] In ts_11_1 of size 2 found num new op-mutexes 0

[t=0.0861245s, 25196 KB] In ts_11_2 of size 2 found num new op-mutexes 0

[t=0.0861705s, 25196 KB] In ts_11_3 of size 2 found num new op-mutexes 0

[t=0.0862166s, 25196 KB] In ts_11_4 of size 2 found num new op-mutexes 0

[t=0.0862616s, 25196 KB] In ts_11_5 of size 2 found num new op-mutexes 0

[t=0.0863067s, 25196 KB] In ts_11_6 of size 2 found num new op-mutexes 0

[t=0.086366s, 25196 KB] In ts_11_7 of size 2 found num new op-mutexes 0

[t=0.0864119s, 25196 KB] In ts_11_8 of size 2 found num new op-mutexes 0

[t=0.0864569s, 25196 KB] In ts_11_9 of size 2 found num new op-mutexes 0

[t=0.0865026s, 25196 KB] In ts_11_22 of size 2 found num new op-mutexes 0

[t=0.0884122s, 25196 KB] In ts_11_35 of size 1400 found num new op-mutexes 0
[t=0.088466s, 25196 KB] Operator mutex finished iteration 11. Found an additional 0 operator mutexes

[t=0.0884984s, 25196 KB] Next pair of indices: (35, 9)
[t=0.0885208s, 25196 KB] M&S algorithm main loop timer: 0.0853783s (after computation of next merge)
[t=0.0921324s, 25196 KB] M&S algorithm main loop timer: 0.0890054s (after merging)
[t=0.0923417s, 25196 KB] M&S algorithm main loop timer: 0.0892154s (after pruning)

[t=0.0923837s, 25196 KB] Operator mutex starting iteration 12

[t=0.0924351s, 25196 KB] In ts_12_0 of size 2 found num new op-mutexes 0

[t=0.0924859s, 25196 KB] In ts_12_1 of size 2 found num new op-mutexes 0

[t=0.0925337s, 25196 KB] In ts_12_2 of size 2 found num new op-mutexes 0

[t=0.09258s, 25196 KB] In ts_12_3 of size 2 found num new op-mutexes 0

[t=0.0926367s, 25196 KB] In ts_12_4 of size 2 found num new op-mutexes 0

[t=0.0926824s, 25196 KB] In ts_12_5 of size 2 found num new op-mutexes 0

[t=0.0927282s, 25196 KB] In ts_12_6 of size 2 found num new op-mutexes 0

[t=0.092774s, 25196 KB] In ts_12_7 of size 2 found num new op-mutexes 0

[t=0.092819s, 25196 KB] In ts_12_8 of size 2 found num new op-mutexes 0

[t=0.0928662s, 25196 KB] In ts_12_22 of size 2 found num new op-mutexes 0

[t=0.0948817s, 25196 KB] In ts_12_36 of size 1393 found num new op-mutexes 0
[t=0.0949351s, 25196 KB] Operator mutex finished iteration 12. Found an additional 0 operator mutexes

[t=0.0949691s, 25196 KB] Next pair of indices: (36, 8)
[t=0.0949913s, 25196 KB] M&S algorithm main loop timer: 0.0918487s (after computation of next merge)
[t=0.0985382s, 25196 KB] M&S algorithm main loop timer: 0.0954116s (after merging)
[t=0.098765s, 25196 KB] M&S algorithm main loop timer: 0.0956308s (after pruning)

[t=0.098799s, 25196 KB] Operator mutex starting iteration 13

[t=0.0988485s, 25196 KB] In ts_13_0 of size 2 found num new op-mutexes 0

[t=0.0988993s, 25196 KB] In ts_13_1 of size 2 found num new op-mutexes 0

[t=0.0989473s, 25196 KB] In ts_13_2 of size 2 found num new op-mutexes 0

[t=0.099001s, 25196 KB] In ts_13_3 of size 2 found num new op-mutexes 0

[t=0.0990499s, 25196 KB] In ts_13_4 of size 2 found num new op-mutexes 0

[t=0.0990963s, 25196 KB] In ts_13_5 of size 2 found num new op-mutexes 0

[t=0.0991414s, 25196 KB] In ts_13_6 of size 2 found num new op-mutexes 0

[t=0.0991861s, 25196 KB] In ts_13_7 of size 2 found num new op-mutexes 0

[t=0.0992321s, 25196 KB] In ts_13_22 of size 2 found num new op-mutexes 0

[t=0.101219s, 25196 KB] In ts_13_37 of size 1339 found num new op-mutexes 0
[t=0.101265s, 25196 KB] Operator mutex finished iteration 13. Found an additional 0 operator mutexes

[t=0.101297s, 25196 KB] Next pair of indices: (37, 7)
[t=0.101319s, 25196 KB] M&S algorithm main loop timer: 0.0981762s (after computation of next merge)
[t=0.104525s, 25196 KB] M&S algorithm main loop timer: 0.101402s (after merging)
[t=0.10472s, 25196 KB] M&S algorithm main loop timer: 0.101593s (after pruning)

[t=0.104762s, 25196 KB] Operator mutex starting iteration 14

[t=0.10481s, 25196 KB] In ts_14_0 of size 2 found num new op-mutexes 0

[t=0.104861s, 25196 KB] In ts_14_1 of size 2 found num new op-mutexes 0

[t=0.104909s, 25196 KB] In ts_14_2 of size 2 found num new op-mutexes 0

[t=0.104955s, 25196 KB] In ts_14_3 of size 2 found num new op-mutexes 0

[t=0.105002s, 25196 KB] In ts_14_4 of size 2 found num new op-mutexes 0

[t=0.105048s, 25196 KB] In ts_14_5 of size 2 found num new op-mutexes 0

[t=0.105093s, 25196 KB] In ts_14_6 of size 2 found num new op-mutexes 0

[t=0.10514s, 25196 KB] In ts_14_22 of size 2 found num new op-mutexes 0

[t=0.107023s, 25196 KB] In ts_14_38 of size 1064 found num new op-mutexes 40
[t=0.107073s, 25196 KB] Operator mutex finished iteration 14. Found an additional 40 operator mutexes

[t=0.107107s, 25196 KB] Next pair of indices: (38, 6)
[t=0.107131s, 25196 KB] M&S algorithm main loop timer: 0.10399s (after computation of next merge)
[t=0.109651s, 25196 KB] M&S algorithm main loop timer: 0.106535s (after merging)
[t=0.109843s, 25196 KB] M&S algorithm main loop timer: 0.106715s (after pruning)

[t=0.109883s, 25196 KB] Operator mutex starting iteration 15

[t=0.109931s, 25196 KB] In ts_15_0 of size 2 found num new op-mutexes 0

[t=0.109981s, 25196 KB] In ts_15_1 of size 2 found num new op-mutexes 0

[t=0.110028s, 25196 KB] In ts_15_2 of size 2 found num new op-mutexes 0

[t=0.110076s, 25196 KB] In ts_15_3 of size 2 found num new op-mutexes 0

[t=0.110122s, 25196 KB] In ts_15_4 of size 2 found num new op-mutexes 0

[t=0.110177s, 25196 KB] In ts_15_5 of size 2 found num new op-mutexes 0

[t=0.110223s, 25196 KB] In ts_15_22 of size 2 found num new op-mutexes 0

[t=0.112101s, 25196 KB] In ts_15_39 of size 1120 found num new op-mutexes 2
[t=0.112148s, 25196 KB] Operator mutex finished iteration 15. Found an additional 2 operator mutexes

[t=0.11218s, 25196 KB] Next pair of indices: (39, 5)
[t=0.112202s, 25196 KB] M&S algorithm main loop timer: 0.109059s (after computation of next merge)
[t=0.114849s, 25196 KB] M&S algorithm main loop timer: 0.111725s (after merging)
[t=0.115049s, 25196 KB] M&S algorithm main loop timer: 0.111922s (after pruning)

[t=0.11509s, 25196 KB] Operator mutex starting iteration 16

[t=0.115138s, 25196 KB] In ts_16_0 of size 2 found num new op-mutexes 0

[t=0.115188s, 25196 KB] In ts_16_1 of size 2 found num new op-mutexes 0

[t=0.115236s, 25196 KB] In ts_16_2 of size 2 found num new op-mutexes 0

[t=0.115282s, 25196 KB] In ts_16_3 of size 2 found num new op-mutexes 0

[t=0.115338s, 25196 KB] In ts_16_4 of size 2 found num new op-mutexes 0

[t=0.115388s, 25196 KB] In ts_16_22 of size 2 found num new op-mutexes 0

[t=0.11736s, 25196 KB] In ts_16_40 of size 1170 found num new op-mutexes 0
[t=0.117415s, 25196 KB] Operator mutex finished iteration 16. Found an additional 0 operator mutexes

[t=0.117448s, 25196 KB] Next pair of indices: (40, 4)
[t=0.117471s, 25196 KB] M&S algorithm main loop timer: 0.114333s (after computation of next merge)
[t=0.120206s, 25196 KB] M&S algorithm main loop timer: 0.117077s (after merging)
[t=0.120404s, 25196 KB] M&S algorithm main loop timer: 0.117269s (after pruning)

[t=0.120437s, 25196 KB] Operator mutex starting iteration 17

[t=0.120486s, 25196 KB] In ts_17_0 of size 2 found num new op-mutexes 0

[t=0.120544s, 25196 KB] In ts_17_1 of size 2 found num new op-mutexes 0

[t=0.120591s, 25196 KB] In ts_17_2 of size 2 found num new op-mutexes 0

[t=0.120637s, 25196 KB] In ts_17_3 of size 2 found num new op-mutexes 0

[t=0.120683s, 25196 KB] In ts_17_22 of size 2 found num new op-mutexes 0

[t=0.122828s, 25196 KB] In ts_17_41 of size 1272 found num new op-mutexes 0
[t=0.122884s, 25196 KB] Operator mutex finished iteration 17. Found an additional 0 operator mutexes

[t=0.122917s, 25196 KB] Next pair of indices: (41, 3)
[t=0.12294s, 25196 KB] M&S algorithm main loop timer: 0.119797s (after computation of next merge)
[t=0.125915s, 25196 KB] M&S algorithm main loop timer: 0.122786s (after merging)
[t=0.126113s, 25196 KB] M&S algorithm main loop timer: 0.122979s (after pruning)

[t=0.126147s, 25196 KB] Operator mutex starting iteration 18

[t=0.126193s, 25196 KB] In ts_18_0 of size 2 found num new op-mutexes 0

[t=0.126242s, 25196 KB] In ts_18_1 of size 2 found num new op-mutexes 0

[t=0.126288s, 25196 KB] In ts_18_2 of size 2 found num new op-mutexes 0

[t=0.126334s, 25196 KB] In ts_18_22 of size 2 found num new op-mutexes 0

[t=0.12842s, 25196 KB] In ts_18_42 of size 1265 found num new op-mutexes 0
[t=0.128466s, 25196 KB] Operator mutex finished iteration 18. Found an additional 0 operator mutexes

[t=0.128499s, 25196 KB] Next pair of indices: (42, 2)
[t=0.128522s, 25196 KB] M&S algorithm main loop timer: 0.125381s (after computation of next merge)
[t=0.131455s, 25196 KB] M&S algorithm main loop timer: 0.128326s (after merging)
[t=0.131652s, 25196 KB] M&S algorithm main loop timer: 0.128517s (after pruning)

[t=0.131685s, 25196 KB] Operator mutex starting iteration 19

[t=0.131753s, 25196 KB] In ts_19_0 of size 2 found num new op-mutexes 0

[t=0.13181s, 25196 KB] In ts_19_1 of size 2 found num new op-mutexes 0

[t=0.131859s, 25196 KB] In ts_19_22 of size 2 found num new op-mutexes 0

[t=0.13397s, 25196 KB] In ts_19_43 of size 1257 found num new op-mutexes 4
[t=0.134016s, 25196 KB] Operator mutex finished iteration 19. Found an additional 4 operator mutexes

[t=0.13405s, 25196 KB] Next pair of indices: (43, 1)
[t=0.134075s, 25196 KB] M&S algorithm main loop timer: 0.130934s (after computation of next merge)
[t=0.137026s, 25196 KB] M&S algorithm main loop timer: 0.133897s (after merging)
[t=0.13722s, 25196 KB] M&S algorithm main loop timer: 0.134084s (after pruning)

[t=0.137253s, 25196 KB] Operator mutex starting iteration 20

[t=0.137299s, 25196 KB] In ts_20_0 of size 2 found num new op-mutexes 0

[t=0.137348s, 25196 KB] In ts_20_22 of size 2 found num new op-mutexes 0

[t=0.139454s, 25196 KB] In ts_20_44 of size 1257 found num new op-mutexes 0
[t=0.139501s, 25196 KB] Operator mutex finished iteration 20. Found an additional 0 operator mutexes

[t=0.139534s, 25196 KB] Next pair of indices: (44, 0)
[t=0.139557s, 25196 KB] M&S algorithm main loop timer: 0.136415s (after computation of next merge)
[t=0.142524s, 25196 KB] M&S algorithm main loop timer: 0.1394s (after merging)
[t=0.142723s, 25196 KB] M&S algorithm main loop timer: 0.139588s (after pruning)

[t=0.142756s, 25196 KB] Operator mutex starting iteration 21

[t=0.142802s, 25196 KB] In ts_21_22 of size 2 found num new op-mutexes 0

[t=0.144905s, 25196 KB] In ts_21_45 of size 1257 found num new op-mutexes 0
[t=0.144953s, 25196 KB] Operator mutex finished iteration 21. Found an additional 0 operator mutexes

[t=0.144985s, 25196 KB] Next pair of indices: (45, 22)
[t=0.145007s, 25196 KB] M&S algorithm main loop timer: 0.141864s (after computation of next merge)
[t=0.147911s, 25196 KB] M&S algorithm main loop timer: 0.144784s (after merging)
[t=0.148044s, 25196 KB] M&S algorithm main loop timer: 0.144909s (after pruning)

[t=0.148077s, 25196 KB] Operator mutex starting iteration 22

[t=0.148944s, 25196 KB] In ts_22_46 of size 354 found num new op-mutexes 1930
[t=0.148988s, 25196 KB] Operator mutex finished iteration 22. Found an additional 1930 operator mutexes

[t=0.149018s, 25196 KB] End of merge-and-shrink algorithm, statistics:
[t=0.149039s, 25196 KB] Main loop runtime: 0.145897s
[t=0.149061s, 25196 KB] Maximum intermediate abstraction size: 18568
[t=0.149081s, 25196 KB] Final peak memory increase of merge-and-shrink algorithm: 2596 KB
[t=0.149122s, 25196 KB] Merge-and-shrink algorithm runtime: 0.146928s

[t=0.149145s, 25196 KB] Number of labels: 102
[t=0.149164s, 25196 KB] Total number of operator mutexes: 4586
[t=0.149183s, 25196 KB] Operator Mutex total time: 0.0553928s
[t=0.149208s, 25196 KB] Number of remaining factors: 1
[t=0.14924s, 25196 KB] Number of factors kept: 1
[t=0.149261s, 25196 KB] Done initializing merge-and-shrink heuristic.

[t=0.149467s, 25196 KB] Building successor generator...done!
[t=0.149619s, 25196 KB] peak memory difference for successor generator creation: 0 KB
[t=0.149639s, 25196 KB] time for successor generation creation: 7.825e-05s
[t=0.149664s, 25196 KB] Variables: 24
[t=0.149686s, 25196 KB] FactPairs: 93
[t=0.149706s, 25196 KB] Bytes per state: 8
[t=0.14983s, 25196 KB] Conducting best first search with reopening closed nodes, (real) bound = 2147483647
[t=0.149893s, 25196 KB] New best heuristic value for merge_and_shrink(op_mutex = op_mutex(use_previous_ops = nopo, reachability_strategy = goal), merge_strategy = merge_sccs(order_of_sccs = topological, merge_tree = linear), shrink_strategy = shrink_bisimulation(greedy = false, at_limit = return)): 9
[t=0.14992s, 25196 KB] g=0, 1 evaluated, 0 expanded
[t=0.149943s, 25196 KB] f = 9, 1 evaluated, 0 expanded
[t=0.149966s, 25196 KB] Initial heuristic value for merge_and_shrink(op_mutex = op_mutex(use_previous_ops = nopo, reachability_strategy = goal), merge_strategy = merge_sccs(order_of_sccs = topological, merge_tree = linear), shrink_strategy = shrink_bisimulation(greedy = false, at_limit = return)): 9
[t=0.149987s, 25196 KB] pruning method: none
[t=0.15005s, 25196 KB] New best heuristic value for merge_and_shrink(op_mutex = op_mutex(use_previous_ops = nopo, reachability_strategy = goal), merge_strategy = merge_sccs(order_of_sccs = topological, merge_tree = linear), shrink_strategy = shrink_bisimulation(greedy = false, at_limit = return)): 8
[t=0.150075s, 25196 KB] g=1, 5 evaluated, 4 expanded
[t=0.150116s, 25196 KB] New best heuristic value for merge_and_shrink(op_mutex = op_mutex(use_previous_ops = nopo, reachability_strategy = goal), merge_strategy = merge_sccs(order_of_sccs = topological, merge_tree = linear), shrink_strategy = shrink_bisimulation(greedy = false, at_limit = return)): 7
[t=0.150137s, 25196 KB] g=2, 8 evaluated, 5 expanded
[t=0.150293s, 25196 KB] New best heuristic value for merge_and_shrink(op_mutex = op_mutex(use_previous_ops = nopo, reachability_strategy = goal), merge_strategy = merge_sccs(order_of_sccs = topological, merge_tree = linear), shrink_strategy = shrink_bisimulation(greedy = false, at_limit = return)): 6
[t=0.150317s, 25196 KB] g=3, 30 evaluated, 21 expanded
[t=0.150457s, 25196 KB] New best heuristic value for merge_and_shrink(op_mutex = op_mutex(use_previous_ops = nopo, reachability_strategy = goal), merge_strategy = merge_sccs(order_of_sccs = topological, merge_tree = linear), shrink_strategy = shrink_bisimulation(greedy = false, at_limit = return)): 5
[t=0.15048s, 25196 KB] g=4, 51 evaluated, 38 expanded
[t=0.150532s, 25196 KB] New best heuristic value for merge_and_shrink(op_mutex = op_mutex(use_previous_ops = nopo, reachability_strategy = goal), merge_strategy = merge_sccs(order_of_sccs = topological, merge_tree = linear), shrink_strategy = shrink_bisimulation(greedy = false, at_limit = return)): 4
[t=0.150553s, 25196 KB] g=5, 56 evaluated, 43 expanded
[t=0.150598s, 25196 KB] New best heuristic value for merge_and_shrink(op_mutex = op_mutex(use_previous_ops = nopo, reachability_strategy = goal), merge_strategy = merge_sccs(order_of_sccs = topological, merge_tree = linear), shrink_strategy = shrink_bisimulation(greedy = false, at_limit = return)): 3
[t=0.150621s, 25196 KB] g=6, 59 evaluated, 44 expanded
[t=0.150665s, 25196 KB] New best heuristic value for merge_and_shrink(op_mutex = op_mutex(use_previous_ops = nopo, reachability_strategy = goal), merge_strategy = merge_sccs(order_of_sccs = topological, merge_tree = linear), shrink_strategy = shrink_bisimulation(greedy = false, at_limit = return)): 2
[t=0.150687s, 25196 KB] g=7, 62 evaluated, 45 expanded
[t=0.150856s, 25196 KB] New best heuristic value for merge_and_shrink(op_mutex = op_mutex(use_previous_ops = nopo, reachability_strategy = goal), merge_strategy = merge_sccs(order_of_sccs = topological, merge_tree = linear), shrink_strategy = shrink_bisimulation(greedy = false, at_limit = return)): 1
[t=0.150886s, 25196 KB] g=8, 83 evaluated, 62 expanded
[t=0.151s, 25196 KB] New best heuristic value for merge_and_shrink(op_mutex = op_mutex(use_previous_ops = nopo, reachability_strategy = goal), merge_strategy = merge_sccs(order_of_sccs = topological, merge_tree = linear), shrink_strategy = shrink_bisimulation(greedy = false, at_limit = return)): 0
[t=0.151023s, 25196 KB] g=9, 100 evaluated, 71 expanded
[t=0.151045s, 25196 KB] Solution found!
[t=0.151068s, 25196 KB] Actual search time: 0.00107794s
move player-01 pos-6-3 pos-6-2 dir-up (0)
move player-01 pos-6-2 pos-5-2 dir-left (0)
move player-01 pos-5-2 pos-4-2 dir-left (0)
push-to-nongoal player-01 stone-01 pos-4-2 pos-4-3 pos-4-4 dir-down (1)
push-to-nongoal player-01 stone-01 pos-4-3 pos-4-4 pos-4-5 dir-down (1)
move player-01 pos-4-4 pos-3-4 dir-left (0)
move player-01 pos-3-4 pos-3-5 dir-down (0)
move player-01 pos-3-5 pos-3-6 dir-down (0)
move player-01 pos-3-6 pos-4-6 dir-right (0)
move player-01 pos-4-6 pos-5-6 dir-right (0)
move player-01 pos-5-6 pos-5-5 dir-up (0)
push-to-nongoal player-01 stone-01 pos-5-5 pos-4-5 pos-3-5 dir-left (1)
move player-01 pos-4-5 pos-4-4 dir-up (0)
move player-01 pos-4-4 pos-4-3 dir-up (0)
move player-01 pos-4-3 pos-4-2 dir-up (0)
move player-01 pos-4-2 pos-5-2 dir-right (0)
move player-01 pos-5-2 pos-6-2 dir-right (0)
move player-01 pos-6-2 pos-6-3 dir-down (0)
push-to-nongoal player-01 stone-02 pos-6-3 pos-5-3 pos-4-3 dir-left (1)
move player-01 pos-5-3 pos-5-2 dir-up (0)
move player-01 pos-5-2 pos-4-2 dir-left (0)
push-to-nongoal player-01 stone-02 pos-4-2 pos-4-3 pos-4-4 dir-down (1)
push-to-nongoal player-01 stone-02 pos-4-3 pos-4-4 pos-4-5 dir-down (1)
push-to-nongoal player-01 stone-02 pos-4-4 pos-4-5 pos-4-6 dir-down (1)
move player-01 pos-4-5 pos-4-4 dir-up (0)
move player-01 pos-4-4 pos-3-4 dir-left (0)
move player-01 pos-3-4 pos-2-4 dir-left (0)
move player-01 pos-2-4 pos-2-5 dir-down (0)
move player-01 pos-2-5 pos-2-6 dir-down (0)
move player-01 pos-2-6 pos-3-6 dir-right (0)
push-to-goal player-01 stone-02 pos-3-6 pos-4-6 pos-5-6 dir-right (1)
move player-01 pos-4-6 pos-4-5 dir-up (0)
move player-01 pos-4-5 pos-4-4 dir-up (0)
move player-01 pos-4-4 pos-3-4 dir-left (0)
push-to-goal player-01 stone-01 pos-3-4 pos-3-5 pos-3-6 dir-down (1)
[t=0.15109s, 25196 KB] Plan length: 35 step(s).
[t=0.15109s, 25196 KB] Plan cost: 9
[t=0.15109s, 25196 KB] Expanded 72 state(s).
[t=0.15109s, 25196 KB] Reopened 0 state(s).
[t=0.15109s, 25196 KB] Evaluated 100 state(s).
[t=0.15109s, 25196 KB] Evaluations: 100
[t=0.15109s, 25196 KB] Generated 182 state(s).
[t=0.15109s, 25196 KB] Dead ends: 15 state(s).
[t=0.15109s, 25196 KB] Expanded until last jump: 0 state(s).
[t=0.15109s, 25196 KB] Reopened until last jump: 0 state(s).
[t=0.15109s, 25196 KB] Evaluated until last jump: 1 state(s).
[t=0.15109s, 25196 KB] Generated until last jump: 0 state(s).
[t=0.15109s, 25196 KB] Number of registered states: 100
[t=0.15109s, 25196 KB] Int hash set load factor: 100/128 = 0.78125
[t=0.15109s, 25196 KB] Int hash set resizes: 7
[t=0.15109s, 25196 KB] Search time: 0.00126073s
[t=0.15109s, 25196 KB] Total time: 0.15109s
Solution found.
Peak memory: 25196 KB
Remove intermediate file output.sas
search exit code: 0

INFO     Running validate.
INFO     validate stdin: None
INFO     validate time limit: None
INFO     validate memory limit: None
INFO     validate command line string: validate domain.pddl problem.pddl sas_plan
Checking plan: sas_plan
Plan executed successfully - checking goal
Plan valid
Final value: 9 

Successful plans:
Value: 9
 sas_plan 9 

validate exit code: 0

