INFO     Running translator.
INFO     translator stdin: None
INFO     translator time limit: 599.97s
INFO     translator memory limit: 7000 MB
INFO     translator command line string: /usr/bin/python3 /user/student.aau.dk/lkar18/downward-projects/downward/experiments/nopo_vs_nasutpo_195p/data/nopo_vs_nasutpo/code-94571df14dfaf5b06207d9589b12facdd93f580c_e5e41175/builds/release/bin/translate/translate.py domain.pddl problem.pddl --sas-file output.sas
Parsing...
Parsing: [0.000s CPU, 0.005s wall-clock]
Normalizing task... [0.010s CPU, 0.000s wall-clock]
Instantiating...
Generating Datalog program... [0.000s CPU, 0.001s wall-clock]
Normalizing Datalog program...
Duplicate arguments: Adding equality conditions.
Normalizing Datalog program: [0.000s CPU, 0.003s wall-clock]
Preparing model... [0.000s CPU, 0.002s wall-clock]
Generated 129 rules.
Computing model... [0.010s CPU, 0.005s wall-clock]
234 relevant atoms
267 auxiliary atoms
501 final queue length
905 total queue pushes
Completing instantiation... [0.000s CPU, 0.006s wall-clock]
Instantiating: [0.010s CPU, 0.017s wall-clock]
Computing fact groups...
Finding invariants...
36 initial candidates
Finding invariants: [0.120s CPU, 0.117s wall-clock]
Checking invariant weight... [0.000s CPU, 0.000s wall-clock]
Instantiating groups... [0.000s CPU, 0.000s wall-clock]
Collecting mutex groups... [0.000s CPU, 0.000s wall-clock]
Choosing groups...
0 uncovered facts
Choosing groups: [0.000s CPU, 0.000s wall-clock]
Building translation key... [0.000s CPU, 0.000s wall-clock]
Computing fact groups: [0.120s CPU, 0.118s wall-clock]
Building STRIPS to SAS dictionary... [0.000s CPU, 0.000s wall-clock]
Building dictionary for full mutex groups... [0.000s CPU, 0.000s wall-clock]
Building mutex information...
Building mutex information: [0.000s CPU, 0.000s wall-clock]
Translating task...
Processing axioms...
Simplifying axioms... [0.000s CPU, 0.000s wall-clock]
Translator axioms removed by simplifying: 0
Computing negative axioms... [0.000s CPU, 0.000s wall-clock]
Processing axioms: [0.000s CPU, 0.001s wall-clock]
Translating task: [0.010s CPU, 0.007s wall-clock]
0 effect conditions simplified
0 implied preconditions added
Detecting unreachable propositions...
0 operators removed
0 axioms removed
7 propositions removed
Detecting unreachable propositions: [0.000s CPU, 0.003s wall-clock]
Reordering and filtering variables...
10 of 10 variables necessary.
14 of 18 mutex groups necessary.
138 of 138 operators necessary.
0 of 0 axiom rules necessary.
Reordering and filtering variables: [0.000s CPU, 0.001s wall-clock]
Translator variables: 10
Translator derived variables: 0
Translator facts: 62
Translator goal facts: 6
Translator mutex groups: 14
Translator total mutex groups size: 124
Translator operators: 138
Translator axioms: 0
Translator task size: 1201
Translator peak memory: 43292 KB
Writing output... [0.000s CPU, 0.002s wall-clock]
Done! [0.150s CPU, 0.155s wall-clock]
translate exit code: 0

INFO     Running search (release).
INFO     search stdin: output.sas
INFO     search time limit: 599.77s
INFO     search memory limit: 7000 MB
INFO     search command line string: /user/student.aau.dk/lkar18/downward-projects/downward/experiments/nopo_vs_nasutpo_195p/data/nopo_vs_nasutpo/code-94571df14dfaf5b06207d9589b12facdd93f580c_e5e41175/builds/release/bin/downward --search 'astar(merge_and_shrink(op_mutex=op_mutex(use_previous_ops=NoPO, reachability_strategy=goal), merge_strategy=merge_precomputed(linear()), shrink_strategy=shrink_bisimulation(greedy=true, at_limit=USE_UP)))' --internal-plan-file sas_plan < output.sas
[t=3.8899e-05s, 22344 KB] reading input...
[t=0.000800895s, 22344 KB] done reading input!
[t=0.00214156s, 22600 KB] Initializing merge-and-shrink heuristic...
[t=0.00221943s, 22600 KB] Running merge-and-shrink algorithm...
[t=0.00223896s, 22600 KB] Merge strategy options:
[t=0.00225889s, 22600 KB] Type: precomputed
[t=0.00227798s, 22600 KB] Merge tree options: 
[t=0.00229638s, 22600 KB] Type: linear
[t=0.00231455s, 22600 KB] Update option: use random
[t=0.00233316s, 22600 KB] Variable order type: CG/GOAL, tie breaking on level (main)

[t=0.00235378s, 22600 KB] Options related to size limits and shrinking: 
[t=0.00237362s, 22600 KB] Transition system size limit: 50000
[t=0.00239196s, 22600 KB] Transition system size limit right before merge: 50000
[t=0.00241002s, 22600 KB] Threshold to trigger shrinking right before merge: 1

[t=0.00242998s, 22600 KB] Pruning unreachable states: yes
[t=0.00244968s, 22600 KB] Pruning irrelevant states: yes

[t=0.00247037s, 22600 KB] Label reduction disabled

[t=0.00249208s, 22600 KB] Main loop max time in seconds: inf

[t=0.00251452s, 22600 KB] ===============================================================================
[t=0.00253325s, 22600 KB] WARNING! You did not enable label reduction.
This may drastically reduce the performance of merge-and-shrink!
[t=0.00255225s, 22600 KB] ===============================================================================

[t=0.00257379s, 22600 KB] Building atomic transition systems... 
[t=0.00293924s, 22868 KB] M&S algorithm timer: 0.00075385s (after computation of atomic factors)

[t=0.0029859s, 22868 KB] Starting main loop without a time limit.
[t=0.00301272s, 22868 KB] building causal graph...done! [t=0.000179323s]
[t=0.00320678s, 23008 KB] Next pair of indices: (9, 8)
[t=0.00324637s, 23008 KB] M&S algorithm main loop timer: 0.00028079s (after computation of next merge)
[t=0.00329953s, 23008 KB] M&S algorithm main loop timer: 0.000333093s (after shrinking)
[t=0.00342066s, 23008 KB] M&S algorithm main loop timer: 0.00045933s (after merging)

[t=0.0034561s, 23008 KB] Operator mutex starting iteration 0

[t=0.00352433s, 23008 KB] In ts_0_0 of size 4 found num new op-mutexes 0

[t=0.00359499s, 23008 KB] In ts_0_1 of size 4 found num new op-mutexes 0

[t=0.00367028s, 23008 KB] In ts_0_2 of size 5 found num new op-mutexes 0

[t=0.00374976s, 23008 KB] In ts_0_3 of size 16 found num new op-mutexes 0

[t=0.00380643s, 23008 KB] In ts_0_4 of size 2 found num new op-mutexes 0

[t=0.00385827s, 23008 KB] In ts_0_5 of size 2 found num new op-mutexes 0

[t=0.00390849s, 23008 KB] In ts_0_6 of size 2 found num new op-mutexes 0

[t=0.00398291s, 23008 KB] In ts_0_7 of size 9 found num new op-mutexes 0

[t=0.00424972s, 23008 KB] In ts_0_10 of size 64 found num new op-mutexes 0
[t=0.00428575s, 23008 KB] Operator mutex finished iteration 0. Found an additional 0 operator mutexes

[t=0.00431553s, 23008 KB] Next pair of indices: (10, 7)
[t=0.00433969s, 23008 KB] M&S algorithm main loop timer: 0.00137156s (after computation of next merge)
[t=0.00441634s, 23008 KB] M&S algorithm main loop timer: 0.00145313s (after shrinking)
[t=0.00506893s, 23132 KB] M&S algorithm main loop timer: 0.00211349s (after merging)

[t=0.00513676s, 23132 KB] Operator mutex starting iteration 1

[t=0.00520281s, 23132 KB] In ts_1_0 of size 4 found num new op-mutexes 0

[t=0.00527642s, 23132 KB] In ts_1_1 of size 4 found num new op-mutexes 0

[t=0.00535541s, 23132 KB] In ts_1_2 of size 5 found num new op-mutexes 0

[t=0.00543457s, 23132 KB] In ts_1_3 of size 16 found num new op-mutexes 0

[t=0.00549093s, 23132 KB] In ts_1_4 of size 2 found num new op-mutexes 0

[t=0.00554311s, 23132 KB] In ts_1_5 of size 2 found num new op-mutexes 0

[t=0.00559451s, 23132 KB] In ts_1_6 of size 2 found num new op-mutexes 0

[t=0.00783705s, 23988 KB] In ts_1_11 of size 512 found num new op-mutexes 0
[t=0.00788119s, 23988 KB] Operator mutex finished iteration 1. Found an additional 0 operator mutexes

[t=0.0079128s, 23988 KB] Next pair of indices: (11, 6)
[t=0.00793496s, 23988 KB] M&S algorithm main loop timer: 0.00496755s (after computation of next merge)
[t=0.00961906s, 23988 KB] M&S algorithm main loop timer: 0.00666291s (after merging)

[t=0.00971022s, 23988 KB] Operator mutex starting iteration 2

[t=0.00977782s, 23988 KB] In ts_2_0 of size 4 found num new op-mutexes 0

[t=0.00984422s, 23988 KB] In ts_2_1 of size 4 found num new op-mutexes 0

[t=0.00991445s, 23988 KB] In ts_2_2 of size 5 found num new op-mutexes 0

[t=0.0099967s, 23988 KB] In ts_2_3 of size 16 found num new op-mutexes 0

[t=0.0100563s, 23988 KB] In ts_2_4 of size 2 found num new op-mutexes 0

[t=0.0101105s, 23988 KB] In ts_2_5 of size 2 found num new op-mutexes 0

[t=0.0148316s, 25024 KB] In ts_2_12 of size 1024 found num new op-mutexes 0
[t=0.0148764s, 25024 KB] Operator mutex finished iteration 2. Found an additional 0 operator mutexes

[t=0.0149084s, 25024 KB] Next pair of indices: (12, 5)
[t=0.0149307s, 25024 KB] M&S algorithm main loop timer: 0.0119633s (after computation of next merge)
[t=0.0197583s, 25024 KB] M&S algorithm main loop timer: 0.0168039s (after merging)

[t=0.0199011s, 25024 KB] Operator mutex starting iteration 3

[t=0.0199767s, 25024 KB] In ts_3_0 of size 4 found num new op-mutexes 0

[t=0.0200509s, 25024 KB] In ts_3_1 of size 4 found num new op-mutexes 0

[t=0.0201223s, 25024 KB] In ts_3_2 of size 5 found num new op-mutexes 0

[t=0.0201979s, 25024 KB] In ts_3_3 of size 16 found num new op-mutexes 0

[t=0.0202525s, 25024 KB] In ts_3_4 of size 2 found num new op-mutexes 0

[t=0.0302669s, 27252 KB] In ts_3_13 of size 2048 found num new op-mutexes 0
[t=0.0303149s, 27252 KB] Operator mutex finished iteration 3. Found an additional 0 operator mutexes

[t=0.0303473s, 27252 KB] Next pair of indices: (13, 4)
[t=0.0303695s, 27252 KB] M&S algorithm main loop timer: 0.0274023s (after computation of next merge)
[t=0.0411337s, 27252 KB] M&S algorithm main loop timer: 0.0381856s (after merging)

[t=0.0413822s, 27252 KB] Operator mutex starting iteration 4

[t=0.0414713s, 27252 KB] In ts_4_0 of size 4 found num new op-mutexes 0

[t=0.0415389s, 27252 KB] In ts_4_1 of size 4 found num new op-mutexes 0

[t=0.0416218s, 27252 KB] In ts_4_2 of size 5 found num new op-mutexes 0

[t=0.0417002s, 27252 KB] In ts_4_3 of size 16 found num new op-mutexes 0

[t=0.063368s, 31916 KB] In ts_4_14 of size 4096 found num new op-mutexes 0
[t=0.0634367s, 31916 KB] Operator mutex finished iteration 4. Found an additional 0 operator mutexes

[t=0.0634709s, 31916 KB] Next pair of indices: (14, 3)
[t=0.0634934s, 31916 KB] M&S algorithm main loop timer: 0.0605256s (after computation of next merge)
[t=0.077537s, 31916 KB] M&S algorithm main loop timer: 0.0746358s (after shrinking)
[t=0.0973542s, 31916 KB] M&S algorithm main loop timer: 0.0944152s (after merging)
[t=0.098578s, 31916 KB] M&S algorithm main loop timer: 0.0956315s (after pruning)

[t=0.0986255s, 31916 KB] Operator mutex starting iteration 5

[t=0.0986926s, 31916 KB] In ts_5_0 of size 4 found num new op-mutexes 0

[t=0.0987656s, 31916 KB] In ts_5_1 of size 4 found num new op-mutexes 0

[t=0.0988416s, 31916 KB] In ts_5_2 of size 5 found num new op-mutexes 0

[t=0.102798s, 31916 KB] In ts_5_15 of size 4168 found num new op-mutexes 0
[t=0.102846s, 31916 KB] Operator mutex finished iteration 5. Found an additional 0 operator mutexes

[t=0.102881s, 31916 KB] Next pair of indices: (15, 2)
[t=0.102906s, 31916 KB] M&S algorithm main loop timer: 0.0999379s (after computation of next merge)
[t=0.117684s, 31916 KB] M&S algorithm main loop timer: 0.114799s (after shrinking)
[t=0.121658s, 31916 KB] M&S algorithm main loop timer: 0.118705s (after merging)
[t=0.122193s, 31916 KB] M&S algorithm main loop timer: 0.119234s (after pruning)

[t=0.122227s, 31916 KB] Operator mutex starting iteration 6

[t=0.122287s, 31916 KB] In ts_6_0 of size 4 found num new op-mutexes 0

[t=0.122356s, 31916 KB] In ts_6_1 of size 4 found num new op-mutexes 0

[t=0.124488s, 31916 KB] In ts_6_16 of size 2889 found num new op-mutexes 2403
[t=0.124537s, 31916 KB] Operator mutex finished iteration 6. Found an additional 2403 operator mutexes

[t=0.124571s, 31916 KB] Next pair of indices: (16, 1)
[t=0.124593s, 31916 KB] M&S algorithm main loop timer: 0.121626s (after computation of next merge)
[t=0.135046s, 31916 KB] M&S algorithm main loop timer: 0.132141s (after shrinking)
[t=0.136914s, 31916 KB] M&S algorithm main loop timer: 0.133959s (after merging)
[t=0.137107s, 31916 KB] M&S algorithm main loop timer: 0.134146s (after pruning)

[t=0.137139s, 31916 KB] Operator mutex starting iteration 7

[t=0.137199s, 31916 KB] In ts_7_0 of size 4 found num new op-mutexes 0

[t=0.138364s, 31916 KB] In ts_7_17 of size 402 found num new op-mutexes 5616
[t=0.138406s, 31916 KB] Operator mutex finished iteration 7. Found an additional 5616 operator mutexes

[t=0.138436s, 31916 KB] Next pair of indices: (17, 0)
[t=0.138457s, 31916 KB] M&S algorithm main loop timer: 0.135488s (after computation of next merge)
[t=0.139235s, 31916 KB] M&S algorithm main loop timer: 0.136291s (after shrinking)
[t=0.139639s, 31916 KB] M&S algorithm main loop timer: 0.136698s (after merging)
[t=0.139797s, 31916 KB] M&S algorithm main loop timer: 0.13684s (after pruning)

[t=0.139832s, 31916 KB] Operator mutex starting iteration 8

[t=0.140694s, 31916 KB] In ts_8_18 of size 568 found num new op-mutexes 0
[t=0.140736s, 31916 KB] Operator mutex finished iteration 8. Found an additional 0 operator mutexes

[t=0.140765s, 31916 KB] End of merge-and-shrink algorithm, statistics:
[t=0.140785s, 31916 KB] Main loop runtime: 0.137816s
[t=0.140805s, 31916 KB] Maximum intermediate abstraction size: 50000
[t=0.140824s, 31916 KB] Final peak memory increase of merge-and-shrink algorithm: 9316 KB
[t=0.140854s, 31916 KB] Merge-and-shrink algorithm runtime: 0.138652s

[t=0.140876s, 31916 KB] Number of labels: 138
[t=0.140895s, 31916 KB] Total number of operator mutexes: 8019
[t=0.140913s, 31916 KB] Operator Mutex total time: 0.0501903s
[t=0.140936s, 31916 KB] Number of remaining factors: 1
[t=0.140965s, 31916 KB] Number of factors kept: 1
[t=0.140985s, 31916 KB] Done initializing merge-and-shrink heuristic.

[t=0.141281s, 31916 KB] Building successor generator...done!
[t=0.141449s, 31916 KB] peak memory difference for successor generator creation: 0 KB
[t=0.141467s, 31916 KB] time for successor generation creation: 8.8504e-05s
[t=0.14149s, 31916 KB] Variables: 10
[t=0.141509s, 31916 KB] FactPairs: 62
[t=0.141528s, 31916 KB] Bytes per state: 4
[t=0.141641s, 31916 KB] Conducting best first search with reopening closed nodes, (real) bound = 2147483647
[t=0.141696s, 31916 KB] New best heuristic value for merge_and_shrink(op_mutex = op_mutex(use_previous_ops = nopo, reachability_strategy = goal), merge_strategy = merge_precomputed(linear), shrink_strategy = shrink_bisimulation(greedy = true, at_limit = use_up)): 1
[t=0.141718s, 31916 KB] g=0, 1 evaluated, 0 expanded
[t=0.141739s, 31916 KB] f = 1, 1 evaluated, 0 expanded
[t=0.141762s, 31916 KB] Initial heuristic value for merge_and_shrink(op_mutex = op_mutex(use_previous_ops = nopo, reachability_strategy = goal), merge_strategy = merge_precomputed(linear), shrink_strategy = shrink_bisimulation(greedy = true, at_limit = use_up)): 1
[t=0.141782s, 31916 KB] pruning method: none
[t=0.141814s, 31916 KB] New best heuristic value for merge_and_shrink(op_mutex = op_mutex(use_previous_ops = nopo, reachability_strategy = goal), merge_strategy = merge_precomputed(linear), shrink_strategy = shrink_bisimulation(greedy = true, at_limit = use_up)): 0
[t=0.141835s, 31916 KB] g=1, 4 evaluated, 1 expanded
[t=0.141864s, 31916 KB] Solution found!
[t=0.141886s, 31916 KB] Actual search time: 0.000102022s
invert-single-gene-a sub3 (1)
[t=0.141908s, 31916 KB] Plan length: 1 step(s).
[t=0.141908s, 31916 KB] Plan cost: 1
[t=0.141908s, 31916 KB] Expanded 2 state(s).
[t=0.141908s, 31916 KB] Reopened 0 state(s).
[t=0.141908s, 31916 KB] Evaluated 7 state(s).
[t=0.141908s, 31916 KB] Evaluations: 7
[t=0.141908s, 31916 KB] Generated 6 state(s).
[t=0.141908s, 31916 KB] Dead ends: 0 state(s).
[t=0.141908s, 31916 KB] Expanded until last jump: 0 state(s).
[t=0.141908s, 31916 KB] Reopened until last jump: 0 state(s).
[t=0.141908s, 31916 KB] Evaluated until last jump: 1 state(s).
[t=0.141908s, 31916 KB] Generated until last jump: 0 state(s).
[t=0.141908s, 31916 KB] Number of registered states: 7
[t=0.141908s, 31916 KB] Int hash set load factor: 7/8 = 0.875
[t=0.141908s, 31916 KB] Int hash set resizes: 3
[t=0.141908s, 31916 KB] Search time: 0.000267467s
[t=0.141908s, 31916 KB] Total time: 0.141908s
Solution found.
Peak memory: 31916 KB
Remove intermediate file output.sas
search exit code: 0

INFO     Running validate.
INFO     validate stdin: None
INFO     validate time limit: None
INFO     validate memory limit: None
INFO     validate command line string: validate domain.pddl problem.pddl sas_plan
Checking plan: sas_plan
Plan executed successfully - checking goal
Plan valid
Final value: 1 

Successful plans:
Value: 1
 sas_plan 1 

validate exit code: 0

