INFO     Running translator.
INFO     translator stdin: None
INFO     translator time limit: 599.97s
INFO     translator memory limit: 7000 MB
INFO     translator command line string: /usr/bin/python3 /user/student.aau.dk/lkar18/downward-projects/downward/experiments/nopo_vs_nasutpo_195p/data/nopo_vs_nasutpo/code-94571df14dfaf5b06207d9589b12facdd93f580c_e5e41175/builds/release/bin/translate/translate.py domain.pddl problem.pddl --sas-file output.sas
Parsing...
Parsing: [0.000s CPU, 0.002s wall-clock]
Normalizing task... [0.000s CPU, 0.000s wall-clock]
Instantiating...
Generating Datalog program... [0.010s CPU, 0.000s wall-clock]
Normalizing Datalog program...
Normalizing Datalog program: [0.000s CPU, 0.003s wall-clock]
Preparing model... [0.000s CPU, 0.001s wall-clock]
Generated 42 rules.
Computing model... [0.000s CPU, 0.005s wall-clock]
295 relevant atoms
285 auxiliary atoms
580 final queue length
835 total queue pushes
Completing instantiation... [0.010s CPU, 0.007s wall-clock]
Instantiating: [0.020s CPU, 0.017s wall-clock]
Computing fact groups...
Finding invariants...
12 initial candidates
Finding invariants: [0.000s CPU, 0.003s wall-clock]
Checking invariant weight... [0.000s CPU, 0.000s wall-clock]
Instantiating groups... [0.000s CPU, 0.000s wall-clock]
Collecting mutex groups... [0.000s CPU, 0.000s wall-clock]
Choosing groups...
0 uncovered facts
Choosing groups: [0.000s CPU, 0.000s wall-clock]
Building translation key... [0.000s CPU, 0.000s wall-clock]
Computing fact groups: [0.010s CPU, 0.005s wall-clock]
Building STRIPS to SAS dictionary... [0.000s CPU, 0.000s wall-clock]
Building dictionary for full mutex groups... [0.000s CPU, 0.000s wall-clock]
Building mutex information...
Building mutex information: [0.000s CPU, 0.000s wall-clock]
Translating task...
Processing axioms...
Simplifying axioms... [0.000s CPU, 0.000s wall-clock]
Translator axioms removed by simplifying: 0
Computing negative axioms... [0.000s CPU, 0.000s wall-clock]
Processing axioms: [0.000s CPU, 0.000s wall-clock]
Translating task: [0.000s CPU, 0.005s wall-clock]
0 effect conditions simplified
0 implied preconditions added
Detecting unreachable propositions...
0 operators removed
0 axioms removed
11 propositions removed
Detecting unreachable propositions: [0.000s CPU, 0.003s wall-clock]
Reordering and filtering variables...
11 of 11 variables necessary.
0 of 11 mutex groups necessary.
151 of 151 operators necessary.
0 of 0 axiom rules necessary.
Reordering and filtering variables: [0.000s CPU, 0.001s wall-clock]
Translator variables: 11
Translator derived variables: 0
Translator facts: 58
Translator goal facts: 1
Translator mutex groups: 0
Translator total mutex groups size: 0
Translator operators: 151
Translator axioms: 0
Translator task size: 932
Translator peak memory: 42524 KB
Writing output... [0.010s CPU, 0.002s wall-clock]
Done! [0.040s CPU, 0.035s wall-clock]
translate exit code: 0

INFO     Running search (release).
INFO     search stdin: output.sas
INFO     search time limit: 599.89s
INFO     search memory limit: 7000 MB
INFO     search command line string: /user/student.aau.dk/lkar18/downward-projects/downward/experiments/nopo_vs_nasutpo_195p/data/nopo_vs_nasutpo/code-94571df14dfaf5b06207d9589b12facdd93f580c_e5e41175/builds/release/bin/downward --search 'astar(merge_and_shrink(op_mutex=op_mutex(use_previous_ops=NoPO, reachability_strategy=goal)))' --internal-plan-file sas_plan < output.sas
[t=3.2895e-05s, 22344 KB] reading input...
[t=0.000707671s, 22344 KB] done reading input!
[t=0.00209142s, 22600 KB] Initializing merge-and-shrink heuristic...
[t=0.00215967s, 22600 KB] Running merge-and-shrink algorithm...
[t=0.00218979s, 22600 KB] Merge strategy options:
[t=0.00221095s, 22600 KB] Type: stateless
[t=0.00223124s, 22600 KB] Merge selector options:
[t=0.00225099s, 22600 KB] Name: score based filtering
[t=0.00227107s, 22600 KB] Merge scoring function:
[t=0.0022906s, 22600 KB] Name: goal relevance
[t=0.00231066s, 22600 KB] Merge scoring function:
[t=0.00232986s, 22600 KB] Name: dfp
[t=0.00234891s, 22600 KB] Merge scoring function:
[t=0.00236784s, 22600 KB] Name: total order
[t=0.00238736s, 22600 KB] Atomic transition system order: reverse level
[t=0.00240701s, 22600 KB] Product transition system order: new to old
[t=0.0024266s, 22600 KB] Consider atomic before product transition systems
[t=0.00244627s, 22600 KB] Random seed: -1

[t=0.00246807s, 22600 KB] Options related to size limits and shrinking: 
[t=0.00248881s, 22600 KB] Transition system size limit: 50000
[t=0.00250893s, 22600 KB] Transition system size limit right before merge: 50000
[t=0.00252866s, 22600 KB] Threshold to trigger shrinking right before merge: 1

[t=0.00255081s, 22600 KB] Pruning unreachable states: yes
[t=0.00257153s, 22600 KB] Pruning irrelevant states: yes

[t=0.00259401s, 22600 KB] Label reduction disabled

[t=0.00261666s, 22600 KB] Main loop max time in seconds: inf

[t=0.00264104s, 22600 KB] ===============================================================================
[t=0.0026615s, 22600 KB] WARNING! You did not enable label reduction.
This may drastically reduce the performance of merge-and-shrink!
[t=0.0026819s, 22600 KB] ===============================================================================

[t=0.00270499s, 22600 KB] Building atomic transition systems... 
[t=0.00304843s, 23000 KB] M&S algorithm timer: 0.000921399s (after computation of atomic factors)

[t=0.00309363s, 23000 KB] Starting main loop without a time limit.
[t=0.00313593s, 23000 KB] Next pair of indices: (6, 10)
[t=0.00316276s, 23000 KB] M&S algorithm main loop timer: 8.8458e-05s (after computation of next merge)
[t=0.00325224s, 23000 KB] M&S algorithm main loop timer: 0.000189044s (after merging)

[t=0.0032941s, 23000 KB] Operator mutex starting iteration 0

[t=0.00336382s, 23000 KB] In ts_0_0 of size 2 found num new op-mutexes 9

[t=0.00343162s, 23000 KB] In ts_0_1 of size 3 found num new op-mutexes 8

[t=0.00349857s, 23000 KB] In ts_0_2 of size 4 found num new op-mutexes 12

[t=0.00357366s, 23000 KB] In ts_0_3 of size 5 found num new op-mutexes 16

[t=0.00363745s, 23000 KB] In ts_0_4 of size 6 found num new op-mutexes 20

[t=0.00370906s, 23000 KB] In ts_0_5 of size 7 found num new op-mutexes 24

[t=0.00377446s, 23000 KB] In ts_0_7 of size 7 found num new op-mutexes 0

[t=0.00383666s, 23000 KB] In ts_0_8 of size 7 found num new op-mutexes 0

[t=0.00389416s, 23000 KB] In ts_0_9 of size 4 found num new op-mutexes 0

[t=0.00399839s, 23000 KB] In ts_0_11 of size 42 found num new op-mutexes 0
[t=0.00402943s, 23000 KB] Operator mutex finished iteration 0. Found an additional 89 operator mutexes

[t=0.00407257s, 23000 KB] Next pair of indices: (0, 11)
[t=0.00409722s, 23000 KB] M&S algorithm main loop timer: 0.00102238s (after computation of next merge)
[t=0.00421152s, 23000 KB] M&S algorithm main loop timer: 0.00114621s (after merging)
[t=0.0042588s, 23000 KB] M&S algorithm main loop timer: 0.0011868s (after pruning)

[t=0.00428689s, 23000 KB] Operator mutex starting iteration 1

[t=0.00434221s, 23000 KB] In ts_1_1 of size 3 found num new op-mutexes 0

[t=0.00440411s, 23000 KB] In ts_1_2 of size 4 found num new op-mutexes 0

[t=0.00447722s, 23000 KB] In ts_1_3 of size 5 found num new op-mutexes 0

[t=0.00454075s, 23000 KB] In ts_1_4 of size 6 found num new op-mutexes 0

[t=0.00460669s, 23000 KB] In ts_1_5 of size 7 found num new op-mutexes 0

[t=0.00467148s, 23000 KB] In ts_1_7 of size 7 found num new op-mutexes 0

[t=0.00473362s, 23000 KB] In ts_1_8 of size 7 found num new op-mutexes 0

[t=0.00479172s, 23000 KB] In ts_1_9 of size 4 found num new op-mutexes 0

[t=0.00494689s, 23000 KB] In ts_1_12 of size 74 found num new op-mutexes 0
[t=0.00497933s, 23000 KB] Operator mutex finished iteration 1. Found an additional 0 operator mutexes

[t=0.00502136s, 23000 KB] Next pair of indices: (1, 12)
[t=0.00504522s, 23000 KB] M&S algorithm main loop timer: 0.00196996s (after computation of next merge)
[t=0.00524283s, 23000 KB] M&S algorithm main loop timer: 0.00217758s (after merging)
[t=0.00530308s, 23000 KB] M&S algorithm main loop timer: 0.00223285s (after pruning)

[t=0.00533303s, 23000 KB] Operator mutex starting iteration 2

[t=0.00539583s, 23000 KB] In ts_2_2 of size 4 found num new op-mutexes 0

[t=0.00546421s, 23000 KB] In ts_2_3 of size 5 found num new op-mutexes 0

[t=0.00552943s, 23000 KB] In ts_2_4 of size 6 found num new op-mutexes 0

[t=0.00559554s, 23000 KB] In ts_2_5 of size 7 found num new op-mutexes 0

[t=0.00566153s, 23000 KB] In ts_2_7 of size 7 found num new op-mutexes 0

[t=0.00573483s, 23000 KB] In ts_2_8 of size 7 found num new op-mutexes 0

[t=0.00579568s, 23000 KB] In ts_2_9 of size 4 found num new op-mutexes 0

[t=0.00618326s, 23000 KB] In ts_2_13 of size 192 found num new op-mutexes 0
[t=0.00622142s, 23000 KB] Operator mutex finished iteration 2. Found an additional 0 operator mutexes

[t=0.00626542s, 23000 KB] Next pair of indices: (2, 13)
[t=0.00629058s, 23000 KB] M&S algorithm main loop timer: 0.00321585s (after computation of next merge)
[t=0.00665626s, 23000 KB] M&S algorithm main loop timer: 0.00359477s (after shrinking)
[t=0.00695261s, 23000 KB] M&S algorithm main loop timer: 0.00389888s (after merging)
[t=0.00707626s, 23000 KB] M&S algorithm main loop timer: 0.00401266s (after pruning)

[t=0.00711325s, 23000 KB] Operator mutex starting iteration 3

[t=0.00717449s, 23000 KB] In ts_3_3 of size 5 found num new op-mutexes 0

[t=0.00724328s, 23000 KB] In ts_3_4 of size 6 found num new op-mutexes 0

[t=0.00731171s, 23000 KB] In ts_3_5 of size 7 found num new op-mutexes 0

[t=0.0073785s, 23000 KB] In ts_3_7 of size 7 found num new op-mutexes 0

[t=0.00744246s, 23000 KB] In ts_3_8 of size 7 found num new op-mutexes 0

[t=0.00750311s, 23000 KB] In ts_3_9 of size 4 found num new op-mutexes 0

[t=0.00953551s, 23136 KB] In ts_3_14 of size 526 found num new op-mutexes 0
[t=0.00958182s, 23136 KB] Operator mutex finished iteration 3. Found an additional 0 operator mutexes

[t=0.00962945s, 23136 KB] Next pair of indices: (3, 14)
[t=0.00965463s, 23136 KB] M&S algorithm main loop timer: 0.00658024s (after computation of next merge)
[t=0.0109205s, 23136 KB] M&S algorithm main loop timer: 0.00787484s (after shrinking)
[t=0.0117152s, 23136 KB] M&S algorithm main loop timer: 0.00865224s (after merging)
[t=0.0119009s, 23136 KB] M&S algorithm main loop timer: 0.00884107s (after pruning)

[t=0.0119421s, 23136 KB] Operator mutex starting iteration 4

[t=0.0120066s, 23136 KB] In ts_4_4 of size 6 found num new op-mutexes 0

[t=0.0120781s, 23136 KB] In ts_4_5 of size 7 found num new op-mutexes 0

[t=0.0121463s, 23136 KB] In ts_4_7 of size 7 found num new op-mutexes 0

[t=0.0122222s, 23136 KB] In ts_4_8 of size 7 found num new op-mutexes 0

[t=0.0122871s, 23136 KB] In ts_4_9 of size 4 found num new op-mutexes 0

[t=0.01768s, 23352 KB] In ts_4_15 of size 960 found num new op-mutexes 22
[t=0.0177284s, 23352 KB] Operator mutex finished iteration 4. Found an additional 22 operator mutexes

[t=0.0177786s, 23352 KB] Next pair of indices: (4, 15)
[t=0.0178039s, 23352 KB] M&S algorithm main loop timer: 0.0147293s (after computation of next merge)
[t=0.0201721s, 23352 KB] M&S algorithm main loop timer: 0.0171418s (after shrinking)
[t=0.021893s, 23440 KB] M&S algorithm main loop timer: 0.0188339s (after merging)
[t=0.0223717s, 23440 KB] M&S algorithm main loop timer: 0.0193324s (after pruning)

[t=0.022435s, 23440 KB] Operator mutex starting iteration 5

[t=0.0225092s, 23440 KB] In ts_5_5 of size 7 found num new op-mutexes 0

[t=0.022596s, 23440 KB] In ts_5_7 of size 7 found num new op-mutexes 0

[t=0.0226704s, 23440 KB] In ts_5_8 of size 7 found num new op-mutexes 0

[t=0.022738s, 23440 KB] In ts_5_9 of size 4 found num new op-mutexes 0

[t=0.0915159s, 25244 KB] In ts_5_16 of size 3174 found num new op-mutexes 0
[t=0.0916276s, 25244 KB] Operator mutex finished iteration 5. Found an additional 0 operator mutexes

[t=0.0916919s, 25244 KB] Next pair of indices: (5, 16)
[t=0.0917197s, 25244 KB] M&S algorithm main loop timer: 0.0886478s (after computation of next merge)
[t=0.100108s, 25244 KB] M&S algorithm main loop timer: 0.0971165s (after shrinking)
[t=0.106111s, 25244 KB] M&S algorithm main loop timer: 0.103079s (after merging)
[t=0.106859s, 25244 KB] M&S algorithm main loop timer: 0.103795s (after pruning)

[t=0.106897s, 25244 KB] Operator mutex starting iteration 6

[t=0.106968s, 25244 KB] In ts_6_7 of size 7 found num new op-mutexes 0

[t=0.107038s, 25244 KB] In ts_6_8 of size 7 found num new op-mutexes 0

[t=0.107102s, 25244 KB] In ts_6_9 of size 4 found num new op-mutexes 0

[t=0.173097s, 25792 KB] In ts_6_17 of size 3268 found num new op-mutexes 0
[t=0.17321s, 25792 KB] Operator mutex finished iteration 6. Found an additional 0 operator mutexes

[t=0.173277s, 25792 KB] Next pair of indices: (7, 17)
[t=0.173304s, 25792 KB] M&S algorithm main loop timer: 0.170229s (after computation of next merge)
[t=0.181362s, 25792 KB] M&S algorithm main loop timer: 0.178378s (after shrinking)
[t=0.18812s, 25792 KB] M&S algorithm main loop timer: 0.185103s (after merging)
[t=0.189892s, 25792 KB] M&S algorithm main loop timer: 0.186836s (after pruning)

[t=0.189938s, 25792 KB] Operator mutex starting iteration 7

[t=0.190011s, 25792 KB] In ts_7_8 of size 7 found num new op-mutexes 0

[t=0.19008s, 25792 KB] In ts_7_9 of size 4 found num new op-mutexes 0
[t=0.19016s, 25792 KB] Operator mutex finished iteration 7. Found an additional 0 operator mutexes

[t=0.190234s, 25792 KB] Next pair of indices: (8, 18)
[t=0.190259s, 25792 KB] M&S algorithm main loop timer: 0.187184s (after computation of next merge)
[t=0.206566s, 25792 KB] M&S algorithm main loop timer: 0.20355s (after shrinking)
[t=0.224868s, 27588 KB] M&S algorithm main loop timer: 0.221859s (after merging)
[t=0.231007s, 27588 KB] M&S algorithm main loop timer: 0.227981s (after pruning)

[t=0.231087s, 27588 KB] Operator mutex starting iteration 8

[t=0.231158s, 27588 KB] In ts_8_9 of size 4 found num new op-mutexes 0
[t=0.231341s, 27588 KB] Operator mutex finished iteration 8. Found an additional 0 operator mutexes

[t=0.231378s, 27588 KB] Next pair of indices: (9, 19)
[t=0.231401s, 27588 KB] M&S algorithm main loop timer: 0.228326s (after computation of next merge)
[t=0.27634s, 29244 KB] M&S algorithm main loop timer: 0.273336s (after shrinking)
[t=0.294244s, 29244 KB] M&S algorithm main loop timer: 0.291237s (after merging)
[t=0.296772s, 29244 KB] M&S algorithm main loop timer: 0.293744s (after pruning)

[t=0.296848s, 29244 KB] Operator mutex starting iteration 9
[t=0.296948s, 29244 KB] Operator mutex finished iteration 9. Found an additional 0 operator mutexes

[t=0.296982s, 29244 KB] End of merge-and-shrink algorithm, statistics:
[t=0.297005s, 29244 KB] Main loop runtime: 0.29393s
[t=0.297027s, 29244 KB] Maximum intermediate abstraction size: 46375
[t=0.297048s, 29244 KB] Final peak memory increase of merge-and-shrink algorithm: 6644 KB
[t=0.29708s, 29244 KB] Merge-and-shrink algorithm runtime: 0.294939s

[t=0.297104s, 29244 KB] Number of labels: 151
[t=0.297125s, 29244 KB] Total number of operator mutexes: 111
[t=0.297145s, 29244 KB] Operator Mutex total time: 0.146973s
[t=0.297173s, 29244 KB] Number of remaining factors: 1
[t=0.297233s, 29244 KB] Number of factors kept: 1
[t=0.297256s, 29244 KB] Done initializing merge-and-shrink heuristic.

[t=0.297389s, 29244 KB] Building successor generator...done!
[t=0.297558s, 29244 KB] peak memory difference for successor generator creation: 0 KB
[t=0.297577s, 29244 KB] time for successor generation creation: 8.0317e-05s
[t=0.297604s, 29244 KB] Variables: 11
[t=0.297625s, 29244 KB] FactPairs: 58
[t=0.297646s, 29244 KB] Bytes per state: 4
[t=0.297793s, 29244 KB] Conducting best first search with reopening closed nodes, (real) bound = 2147483647
[t=0.297855s, 29244 KB] New best heuristic value for merge_and_shrink(op_mutex = op_mutex(use_previous_ops = nopo, reachability_strategy = goal)): 5
[t=0.297879s, 29244 KB] g=0, 1 evaluated, 0 expanded
[t=0.297901s, 29244 KB] f = 5, 1 evaluated, 0 expanded
[t=0.297925s, 29244 KB] Initial heuristic value for merge_and_shrink(op_mutex = op_mutex(use_previous_ops = nopo, reachability_strategy = goal)): 5
[t=0.297946s, 29244 KB] pruning method: none
[t=0.297985s, 29244 KB] New best heuristic value for merge_and_shrink(op_mutex = op_mutex(use_previous_ops = nopo, reachability_strategy = goal)): 4
[t=0.29801s, 29244 KB] g=1, 4 evaluated, 1 expanded
[t=0.298044s, 29244 KB] New best heuristic value for merge_and_shrink(op_mutex = op_mutex(use_previous_ops = nopo, reachability_strategy = goal)): 3
[t=0.298068s, 29244 KB] g=2, 5 evaluated, 2 expanded
[t=0.298097s, 29244 KB] New best heuristic value for merge_and_shrink(op_mutex = op_mutex(use_previous_ops = nopo, reachability_strategy = goal)): 2
[t=0.298119s, 29244 KB] g=3, 7 evaluated, 3 expanded
[t=0.298153s, 29244 KB] New best heuristic value for merge_and_shrink(op_mutex = op_mutex(use_previous_ops = nopo, reachability_strategy = goal)): 1
[t=0.298175s, 29244 KB] g=4, 11 evaluated, 4 expanded
[t=0.298213s, 29244 KB] New best heuristic value for merge_and_shrink(op_mutex = op_mutex(use_previous_ops = nopo, reachability_strategy = goal)): 0
[t=0.298236s, 29244 KB] g=5, 18 evaluated, 5 expanded
[t=0.298258s, 29244 KB] Solution found!
[t=0.29828s, 29244 KB] Actual search time: 0.000329735s
overcome abrasion rest pork uranus venus (1)
feast rest pork lamb alsace quebec (1)
feast rest lamb flounder surrey pennsylvania (1)
feast rest flounder rice pennsylvania alsace (1)
succumb abrasion rest rice uranus venus (1)
[t=0.298303s, 29244 KB] Plan length: 5 step(s).
[t=0.298303s, 29244 KB] Plan cost: 5
[t=0.298303s, 29244 KB] Expanded 6 state(s).
[t=0.298303s, 29244 KB] Reopened 0 state(s).
[t=0.298303s, 29244 KB] Evaluated 18 state(s).
[t=0.298303s, 29244 KB] Evaluations: 18
[t=0.298303s, 29244 KB] Generated 18 state(s).
[t=0.298303s, 29244 KB] Dead ends: 0 state(s).
[t=0.298303s, 29244 KB] Expanded until last jump: 0 state(s).
[t=0.298303s, 29244 KB] Reopened until last jump: 0 state(s).
[t=0.298303s, 29244 KB] Evaluated until last jump: 1 state(s).
[t=0.298303s, 29244 KB] Generated until last jump: 0 state(s).
[t=0.298303s, 29244 KB] Number of registered states: 18
[t=0.298303s, 29244 KB] Int hash set load factor: 18/32 = 0.5625
[t=0.298303s, 29244 KB] Int hash set resizes: 5
[t=0.298303s, 29244 KB] Search time: 0.000510933s
[t=0.298303s, 29244 KB] Total time: 0.298303s
Solution found.
Peak memory: 29244 KB
Remove intermediate file output.sas
search exit code: 0

INFO     Running validate.
INFO     validate stdin: None
INFO     validate time limit: None
INFO     validate memory limit: None
INFO     validate command line string: validate domain.pddl problem.pddl sas_plan
Checking plan: sas_plan
Plan executed successfully - checking goal
Plan valid
Final value: 5 

Successful plans:
Value: 5
 sas_plan 5 

validate exit code: 0

