INFO     Running translator.
INFO     translator stdin: None
INFO     translator time limit: 599.96s
INFO     translator memory limit: 7000 MB
INFO     translator command line string: /usr/bin/python3 /user/student.aau.dk/lkar18/downward-projects/downward/experiments/nopo_vs_nasutpo_195p/data/nopo_vs_nasutpo/code-94571df14dfaf5b06207d9589b12facdd93f580c_e5e41175/builds/release/bin/translate/translate.py domain.pddl problem.pddl --sas-file output.sas
Parsing...
Parsing: [0.000s CPU, 0.005s wall-clock]
Normalizing task... [0.000s CPU, 0.000s wall-clock]
Instantiating...
Generating Datalog program... [0.000s CPU, 0.001s wall-clock]
Normalizing Datalog program...
Duplicate arguments: Adding equality conditions.
Normalizing Datalog program: [0.010s CPU, 0.004s wall-clock]
Preparing model... [0.000s CPU, 0.002s wall-clock]
Generated 129 rules.
Computing model... [0.000s CPU, 0.005s wall-clock]
234 relevant atoms
267 auxiliary atoms
501 final queue length
905 total queue pushes
Completing instantiation... [0.010s CPU, 0.006s wall-clock]
Instantiating: [0.020s CPU, 0.017s wall-clock]
Computing fact groups...
Finding invariants...
36 initial candidates
Finding invariants: [0.160s CPU, 0.162s wall-clock]
Checking invariant weight... [0.000s CPU, 0.000s wall-clock]
Instantiating groups... [0.000s CPU, 0.000s wall-clock]
Collecting mutex groups... [0.000s CPU, 0.000s wall-clock]
Choosing groups...
0 uncovered facts
Choosing groups: [0.000s CPU, 0.000s wall-clock]
Building translation key... [0.000s CPU, 0.000s wall-clock]
Computing fact groups: [0.160s CPU, 0.164s wall-clock]
Building STRIPS to SAS dictionary... [0.000s CPU, 0.000s wall-clock]
Building dictionary for full mutex groups... [0.000s CPU, 0.000s wall-clock]
Building mutex information...
Building mutex information: [0.000s CPU, 0.000s wall-clock]
Translating task...
Processing axioms...
Simplifying axioms... [0.000s CPU, 0.000s wall-clock]
Translator axioms removed by simplifying: 0
Computing negative axioms... [0.000s CPU, 0.000s wall-clock]
Processing axioms: [0.000s CPU, 0.001s wall-clock]
Translating task: [0.010s CPU, 0.007s wall-clock]
0 effect conditions simplified
0 implied preconditions added
Detecting unreachable propositions...
0 operators removed
0 axioms removed
7 propositions removed
Detecting unreachable propositions: [0.000s CPU, 0.003s wall-clock]
Reordering and filtering variables...
10 of 10 variables necessary.
14 of 18 mutex groups necessary.
138 of 138 operators necessary.
0 of 0 axiom rules necessary.
Reordering and filtering variables: [0.010s CPU, 0.001s wall-clock]
Translator variables: 10
Translator derived variables: 0
Translator facts: 62
Translator goal facts: 6
Translator mutex groups: 14
Translator total mutex groups size: 124
Translator operators: 138
Translator axioms: 0
Translator task size: 1201
Translator peak memory: 43548 KB
Writing output... [0.000s CPU, 0.002s wall-clock]
Done! [0.200s CPU, 0.202s wall-clock]
translate exit code: 0

INFO     Running search (release).
INFO     search stdin: output.sas
INFO     search time limit: 599.71s
INFO     search memory limit: 7000 MB
INFO     search command line string: /user/student.aau.dk/lkar18/downward-projects/downward/experiments/nopo_vs_nasutpo_195p/data/nopo_vs_nasutpo/code-94571df14dfaf5b06207d9589b12facdd93f580c_e5e41175/builds/release/bin/downward --search 'astar(merge_and_shrink(op_mutex=op_mutex(use_previous_ops=NaSUTPO, reachability_strategy=goal), merge_strategy=merge_precomputed(linear()), shrink_strategy=shrink_bisimulation(greedy=true, at_limit=USE_UP)))' --internal-plan-file sas_plan < output.sas
[t=4.0815e-05s, 22344 KB] reading input...
[t=0.000801946s, 22344 KB] done reading input!
[t=0.0021459s, 22600 KB] Initializing merge-and-shrink heuristic...
[t=0.00221424s, 22600 KB] Running merge-and-shrink algorithm...
[t=0.00223432s, 22600 KB] Merge strategy options:
[t=0.00225508s, 22600 KB] Type: precomputed
[t=0.00227493s, 22600 KB] Merge tree options: 
[t=0.0022938s, 22600 KB] Type: linear
[t=0.00232292s, 22600 KB] Update option: use random
[t=0.00234274s, 22600 KB] Variable order type: CG/GOAL, tie breaking on level (main)

[t=0.00236451s, 22600 KB] Options related to size limits and shrinking: 
[t=0.00238478s, 22600 KB] Transition system size limit: 50000
[t=0.00240409s, 22600 KB] Transition system size limit right before merge: 50000
[t=0.00242286s, 22600 KB] Threshold to trigger shrinking right before merge: 1

[t=0.00244388s, 22600 KB] Pruning unreachable states: yes
[t=0.00246424s, 22600 KB] Pruning irrelevant states: yes

[t=0.00248567s, 22600 KB] Label reduction disabled

[t=0.00250736s, 22600 KB] Main loop max time in seconds: inf

[t=0.0025308s, 22600 KB] ===============================================================================
[t=0.00254989s, 22600 KB] WARNING! You did not enable label reduction.
This may drastically reduce the performance of merge-and-shrink!
[t=0.00256967s, 22600 KB] ===============================================================================

[t=0.00259171s, 22600 KB] Building atomic transition systems... 
[t=0.00296771s, 22868 KB] M&S algorithm timer: 0.000791041s (after computation of atomic factors)

[t=0.00301889s, 22868 KB] Starting main loop without a time limit.
[t=0.00304705s, 22868 KB] building causal graph...done! [t=0.000171416s]
[t=0.00323378s, 23008 KB] Next pair of indices: (9, 8)
[t=0.00328415s, 23008 KB] M&S algorithm main loop timer: 0.000286002s (after computation of next merge)
[t=0.00333653s, 23008 KB] M&S algorithm main loop timer: 0.000339135s (after shrinking)
[t=0.00345915s, 23008 KB] M&S algorithm main loop timer: 0.000465254s (after merging)

[t=0.00349507s, 23008 KB] Operator mutex starting iteration 0


[t=0.00360133s, 23008 KB] In ts_0_0 of size 4 found num new op-mutexes 0


[t=0.0037288s, 23008 KB] In ts_0_1 of size 4 found num new op-mutexes 0


[t=0.00386998s, 23008 KB] In ts_0_2 of size 5 found num new op-mutexes 0


[t=0.0040415s, 23008 KB] In ts_0_3 of size 16 found num new op-mutexes 0


[t=0.00411638s, 23008 KB] In ts_0_4 of size 2 found num new op-mutexes 0


[t=0.00419391s, 23008 KB] In ts_0_5 of size 2 found num new op-mutexes 0


[t=0.00427253s, 23008 KB] In ts_0_6 of size 2 found num new op-mutexes 0


[t=0.00444371s, 23008 KB] In ts_0_7 of size 9 found num new op-mutexes 0


[t=0.00489894s, 23008 KB] In ts_0_10 of size 64 found num new op-mutexes 0
[t=0.00493688s, 23008 KB] Operator mutex finished iteration 0. Found an additional 0 operator mutexes

[t=0.00496743s, 23008 KB] Next pair of indices: (10, 7)
[t=0.00498945s, 23008 KB] M&S algorithm main loop timer: 0.00198895s (after computation of next merge)
[t=0.00506602s, 23008 KB] M&S algorithm main loop timer: 0.00207265s (after shrinking)
[t=0.00573954s, 23132 KB] M&S algorithm main loop timer: 0.00275266s (after merging)

[t=0.00580929s, 23132 KB] Operator mutex starting iteration 1


[t=0.00591337s, 23132 KB] In ts_1_0 of size 4 found num new op-mutexes 0


[t=0.00603636s, 23132 KB] In ts_1_1 of size 4 found num new op-mutexes 0


[t=0.00617489s, 23132 KB] In ts_1_2 of size 5 found num new op-mutexes 0


[t=0.00634249s, 23132 KB] In ts_1_3 of size 16 found num new op-mutexes 0


[t=0.00641494s, 23132 KB] In ts_1_4 of size 2 found num new op-mutexes 0


[t=0.00648162s, 23132 KB] In ts_1_5 of size 2 found num new op-mutexes 0


[t=0.00654664s, 23132 KB] In ts_1_6 of size 2 found num new op-mutexes 0


[t=0.0093539s, 23988 KB] In ts_1_11 of size 512 found num new op-mutexes 0
[t=0.00940175s, 23988 KB] Operator mutex finished iteration 1. Found an additional 0 operator mutexes

[t=0.00943449s, 23988 KB] Next pair of indices: (11, 6)
[t=0.00945784s, 23988 KB] M&S algorithm main loop timer: 0.00645811s (after computation of next merge)
[t=0.0111571s, 23988 KB] M&S algorithm main loop timer: 0.00816813s (after merging)

[t=0.0112486s, 23988 KB] Operator mutex starting iteration 2


[t=0.0113543s, 23988 KB] In ts_2_0 of size 4 found num new op-mutexes 0


[t=0.0114758s, 23988 KB] In ts_2_1 of size 4 found num new op-mutexes 0


[t=0.011623s, 23988 KB] In ts_2_2 of size 5 found num new op-mutexes 0


[t=0.011803s, 23988 KB] In ts_2_3 of size 16 found num new op-mutexes 0


[t=0.0118885s, 23988 KB] In ts_2_4 of size 2 found num new op-mutexes 0


[t=0.0119599s, 23988 KB] In ts_2_5 of size 2 found num new op-mutexes 0


[t=0.0174357s, 25028 KB] In ts_2_12 of size 1024 found num new op-mutexes 0
[t=0.0174848s, 25028 KB] Operator mutex finished iteration 2. Found an additional 0 operator mutexes

[t=0.0175168s, 25028 KB] Next pair of indices: (12, 5)
[t=0.0175391s, 25028 KB] M&S algorithm main loop timer: 0.0145387s (after computation of next merge)
[t=0.0225188s, 25028 KB] M&S algorithm main loop timer: 0.0195395s (after merging)

[t=0.0226714s, 25028 KB] Operator mutex starting iteration 3


[t=0.0227872s, 25028 KB] In ts_3_0 of size 4 found num new op-mutexes 0


[t=0.0229177s, 25028 KB] In ts_3_1 of size 4 found num new op-mutexes 0


[t=0.0230556s, 25028 KB] In ts_3_2 of size 5 found num new op-mutexes 0


[t=0.0232257s, 25028 KB] In ts_3_3 of size 16 found num new op-mutexes 0


[t=0.0232976s, 25028 KB] In ts_3_4 of size 2 found num new op-mutexes 0


[t=0.0347404s, 27260 KB] In ts_3_13 of size 2048 found num new op-mutexes 0
[t=0.0348164s, 27260 KB] Operator mutex finished iteration 3. Found an additional 0 operator mutexes

[t=0.03485s, 27260 KB] Next pair of indices: (13, 4)
[t=0.0348732s, 27260 KB] M&S algorithm main loop timer: 0.0318731s (after computation of next merge)
[t=0.0458572s, 27260 KB] M&S algorithm main loop timer: 0.0429024s (after merging)

[t=0.0461337s, 27260 KB] Operator mutex starting iteration 4


[t=0.0462675s, 27260 KB] In ts_4_0 of size 4 found num new op-mutexes 0


[t=0.0464044s, 27260 KB] In ts_4_1 of size 4 found num new op-mutexes 0


[t=0.0465464s, 27260 KB] In ts_4_2 of size 5 found num new op-mutexes 0


[t=0.0467148s, 27260 KB] In ts_4_3 of size 16 found num new op-mutexes 0


[t=0.0711004s, 31928 KB] In ts_4_14 of size 4096 found num new op-mutexes 0
[t=0.071207s, 31928 KB] Operator mutex finished iteration 4. Found an additional 0 operator mutexes

[t=0.0712417s, 31928 KB] Next pair of indices: (14, 3)
[t=0.071266s, 31928 KB] M&S algorithm main loop timer: 0.0682663s (after computation of next merge)
[t=0.0855529s, 31928 KB] M&S algorithm main loop timer: 0.0826526s (after shrinking)
[t=0.106469s, 31928 KB] M&S algorithm main loop timer: 0.103539s (after merging)
[t=0.107831s, 31928 KB] M&S algorithm main loop timer: 0.104846s (after pruning)

[t=0.107874s, 31928 KB] Operator mutex starting iteration 5


[t=0.107992s, 31928 KB] In ts_5_0 of size 4 found num new op-mutexes 0


[t=0.108124s, 31928 KB] In ts_5_1 of size 4 found num new op-mutexes 0


[t=0.108268s, 31928 KB] In ts_5_2 of size 5 found num new op-mutexes 0


[t=0.113276s, 31928 KB] In ts_5_15 of size 4168 found num new op-mutexes 0
[t=0.113337s, 31928 KB] Operator mutex finished iteration 5. Found an additional 0 operator mutexes

[t=0.11337s, 31928 KB] Next pair of indices: (15, 2)
[t=0.113393s, 31928 KB] M&S algorithm main loop timer: 0.110393s (after computation of next merge)
[t=0.128357s, 31928 KB] M&S algorithm main loop timer: 0.125467s (after shrinking)
[t=0.132469s, 31928 KB] M&S algorithm main loop timer: 0.129485s (after merging)
[t=0.133011s, 31928 KB] M&S algorithm main loop timer: 0.13002s (after pruning)

[t=0.133046s, 31928 KB] Operator mutex starting iteration 6


[t=0.133149s, 31928 KB] In ts_6_0 of size 4 found num new op-mutexes 0


[t=0.133273s, 31928 KB] In ts_6_1 of size 4 found num new op-mutexes 0


[t=0.136227s, 31928 KB] In ts_6_16 of size 2889 found num new op-mutexes 2403
[t=0.136273s, 31928 KB] Operator mutex finished iteration 6. Found an additional 2403 operator mutexes

[t=0.136306s, 31928 KB] Next pair of indices: (16, 1)
[t=0.136329s, 31928 KB] M&S algorithm main loop timer: 0.133328s (after computation of next merge)
[t=0.14691s, 31928 KB] M&S algorithm main loop timer: 0.144028s (after shrinking)
[t=0.148891s, 31928 KB] M&S algorithm main loop timer: 0.145905s (after merging)
[t=0.149092s, 31928 KB] M&S algorithm main loop timer: 0.1461s (after pruning)

[t=0.149126s, 31928 KB] Operator mutex starting iteration 7


[t=0.149231s, 31928 KB] In ts_7_0 of size 4 found num new op-mutexes 0


[t=0.151571s, 31928 KB] In ts_7_17 of size 402 found num new op-mutexes 5616
[t=0.151614s, 31928 KB] Operator mutex finished iteration 7. Found an additional 5616 operator mutexes

[t=0.151647s, 31928 KB] Next pair of indices: (17, 0)
[t=0.151669s, 31928 KB] M&S algorithm main loop timer: 0.148669s (after computation of next merge)
[t=0.152422s, 31928 KB] M&S algorithm main loop timer: 0.149444s (after shrinking)
[t=0.152821s, 31928 KB] M&S algorithm main loop timer: 0.149846s (after merging)
[t=0.15296s, 31928 KB] M&S algorithm main loop timer: 0.14997s (after pruning)

[t=0.152995s, 31928 KB] Operator mutex starting iteration 8


[t=0.15462s, 31928 KB] In ts_8_18 of size 568 found num new op-mutexes 0
[t=0.15467s, 31928 KB] Operator mutex finished iteration 8. Found an additional 0 operator mutexes

[t=0.154702s, 31928 KB] End of merge-and-shrink algorithm, statistics:
[t=0.154724s, 31928 KB] Main loop runtime: 0.151723s
[t=0.154745s, 31928 KB] Maximum intermediate abstraction size: 50000
[t=0.154765s, 31928 KB] Final peak memory increase of merge-and-shrink algorithm: 9328 KB
[t=0.154802s, 31928 KB] Merge-and-shrink algorithm runtime: 0.152606s

[t=0.154826s, 31928 KB] Number of labels: 138
[t=0.154845s, 31928 KB] Total number of operator mutexes: 8019
[t=0.154864s, 31928 KB] Operator Mutex total time: 0.0616268s
[t=0.154889s, 31928 KB] Number of remaining factors: 1
[t=0.15492s, 31928 KB] Number of factors kept: 1
[t=0.154944s, 31928 KB] Done initializing merge-and-shrink heuristic.

[t=0.155255s, 31928 KB] Building successor generator...done!
[t=0.155424s, 31928 KB] peak memory difference for successor generator creation: 0 KB
[t=0.155444s, 31928 KB] time for successor generation creation: 8.9734e-05s
[t=0.15547s, 31928 KB] Variables: 10
[t=0.155492s, 31928 KB] FactPairs: 62
[t=0.155513s, 31928 KB] Bytes per state: 4
[t=0.155637s, 31928 KB] Conducting best first search with reopening closed nodes, (real) bound = 2147483647
[t=0.155697s, 31928 KB] New best heuristic value for merge_and_shrink(op_mutex = op_mutex(use_previous_ops = nasutpo, reachability_strategy = goal), merge_strategy = merge_precomputed(linear), shrink_strategy = shrink_bisimulation(greedy = true, at_limit = use_up)): 1
[t=0.155722s, 31928 KB] g=0, 1 evaluated, 0 expanded
[t=0.155746s, 31928 KB] f = 1, 1 evaluated, 0 expanded
[t=0.155771s, 31928 KB] Initial heuristic value for merge_and_shrink(op_mutex = op_mutex(use_previous_ops = nasutpo, reachability_strategy = goal), merge_strategy = merge_precomputed(linear), shrink_strategy = shrink_bisimulation(greedy = true, at_limit = use_up)): 1
[t=0.155803s, 31928 KB] pruning method: none
[t=0.155838s, 31928 KB] New best heuristic value for merge_and_shrink(op_mutex = op_mutex(use_previous_ops = nasutpo, reachability_strategy = goal), merge_strategy = merge_precomputed(linear), shrink_strategy = shrink_bisimulation(greedy = true, at_limit = use_up)): 0
[t=0.155861s, 31928 KB] g=1, 4 evaluated, 1 expanded
[t=0.155894s, 31928 KB] Solution found!
[t=0.155916s, 31928 KB] Actual search time: 0.000110258s
invert-single-gene-a sub3 (1)
[t=0.15594s, 31928 KB] Plan length: 1 step(s).
[t=0.15594s, 31928 KB] Plan cost: 1
[t=0.15594s, 31928 KB] Expanded 2 state(s).
[t=0.15594s, 31928 KB] Reopened 0 state(s).
[t=0.15594s, 31928 KB] Evaluated 7 state(s).
[t=0.15594s, 31928 KB] Evaluations: 7
[t=0.15594s, 31928 KB] Generated 6 state(s).
[t=0.15594s, 31928 KB] Dead ends: 0 state(s).
[t=0.15594s, 31928 KB] Expanded until last jump: 0 state(s).
[t=0.15594s, 31928 KB] Reopened until last jump: 0 state(s).
[t=0.15594s, 31928 KB] Evaluated until last jump: 1 state(s).
[t=0.15594s, 31928 KB] Generated until last jump: 0 state(s).
[t=0.15594s, 31928 KB] Number of registered states: 7
[t=0.15594s, 31928 KB] Int hash set load factor: 7/8 = 0.875
[t=0.15594s, 31928 KB] Int hash set resizes: 3
[t=0.15594s, 31928 KB] Search time: 0.000303576s
[t=0.15594s, 31928 KB] Total time: 0.15594s
Solution found.
Peak memory: 31928 KB
Remove intermediate file output.sas
search exit code: 0

INFO     Running validate.
INFO     validate stdin: None
INFO     validate time limit: None
INFO     validate memory limit: None
INFO     validate command line string: validate domain.pddl problem.pddl sas_plan
Checking plan: sas_plan
Plan executed successfully - checking goal
Plan valid
Final value: 1 

Successful plans:
Value: 1
 sas_plan 1 

validate exit code: 0

