INFO     Running translator.
INFO     translator stdin: None
INFO     translator time limit: 599.96s
INFO     translator memory limit: 7000 MB
INFO     translator command line string: /usr/bin/python3 /user/student.aau.dk/lkar18/downward-projects/downward/experiments/nopo_vs_nasutpo_195p/data/nopo_vs_nasutpo/code-94571df14dfaf5b06207d9589b12facdd93f580c_e5e41175/builds/release/bin/translate/translate.py domain.pddl problem.pddl --sas-file output.sas
Parsing...
Parsing: [0.010s CPU, 0.002s wall-clock]
Normalizing task... [0.000s CPU, 0.000s wall-clock]
Instantiating...
Generating Datalog program... [0.000s CPU, 0.001s wall-clock]
Normalizing Datalog program...
Normalizing Datalog program: [0.000s CPU, 0.001s wall-clock]
Preparing model... [0.000s CPU, 0.002s wall-clock]
Generated 25 rules.
Computing model... [0.010s CPU, 0.006s wall-clock]
332 relevant atoms
381 auxiliary atoms
713 final queue length
949 total queue pushes
Completing instantiation... [0.000s CPU, 0.005s wall-clock]
Instantiating: [0.010s CPU, 0.014s wall-clock]
Computing fact groups...
Finding invariants...
7 initial candidates
Finding invariants: [0.000s CPU, 0.003s wall-clock]
Checking invariant weight... [0.000s CPU, 0.000s wall-clock]
Instantiating groups... [0.000s CPU, 0.000s wall-clock]
Collecting mutex groups... [0.000s CPU, 0.000s wall-clock]
Choosing groups...
0 uncovered facts
Choosing groups: [0.010s CPU, 0.000s wall-clock]
Building translation key... [0.000s CPU, 0.000s wall-clock]
Computing fact groups: [0.010s CPU, 0.005s wall-clock]
Building STRIPS to SAS dictionary... [0.000s CPU, 0.000s wall-clock]
Building dictionary for full mutex groups... [0.000s CPU, 0.000s wall-clock]
Building mutex information...
Building mutex information: [0.000s CPU, 0.000s wall-clock]
Translating task...
Processing axioms...
Simplifying axioms... [0.000s CPU, 0.000s wall-clock]
Translator axioms removed by simplifying: 0
Computing negative axioms... [0.000s CPU, 0.000s wall-clock]
Processing axioms: [0.000s CPU, 0.000s wall-clock]
Translating task: [0.000s CPU, 0.004s wall-clock]
0 effect conditions simplified
0 implied preconditions added
Detecting unreachable propositions...
0 operators removed
0 axioms removed
60 propositions removed
Detecting unreachable propositions: [0.000s CPU, 0.002s wall-clock]
Reordering and filtering variables...
21 of 21 variables necessary.
0 of 21 mutex groups necessary.
83 of 83 operators necessary.
0 of 0 axiom rules necessary.
Reordering and filtering variables: [0.000s CPU, 0.001s wall-clock]
Translator variables: 21
Translator derived variables: 0
Translator facts: 60
Translator goal facts: 20
Translator mutex groups: 0
Translator total mutex groups size: 0
Translator operators: 83
Translator axioms: 0
Translator task size: 734
Translator peak memory: 42524 KB
Writing output... [0.000s CPU, 0.002s wall-clock]
Done! [0.030s CPU, 0.032s wall-clock]
translate exit code: 0

INFO     Running search (release).
INFO     search stdin: output.sas
INFO     search time limit: 599.88s
INFO     search memory limit: 7000 MB
INFO     search command line string: /user/student.aau.dk/lkar18/downward-projects/downward/experiments/nopo_vs_nasutpo_195p/data/nopo_vs_nasutpo/code-94571df14dfaf5b06207d9589b12facdd93f580c_e5e41175/builds/release/bin/downward --search 'astar(merge_and_shrink(op_mutex=op_mutex(use_previous_ops=NoPO, reachability_strategy=goal)))' --internal-plan-file sas_plan < output.sas
[t=4.1283e-05s, 22344 KB] reading input...
[t=0.000552609s, 22344 KB] done reading input!
[t=0.00195506s, 22600 KB] Initializing merge-and-shrink heuristic...
[t=0.00202475s, 22600 KB] Running merge-and-shrink algorithm...
[t=0.00204589s, 22600 KB] Merge strategy options:
[t=0.00206733s, 22600 KB] Type: stateless
[t=0.00208746s, 22600 KB] Merge selector options:
[t=0.00210735s, 22600 KB] Name: score based filtering
[t=0.00212798s, 22600 KB] Merge scoring function:
[t=0.00214774s, 22600 KB] Name: goal relevance
[t=0.00216741s, 22600 KB] Merge scoring function:
[t=0.00218667s, 22600 KB] Name: dfp
[t=0.00220597s, 22600 KB] Merge scoring function:
[t=0.00222497s, 22600 KB] Name: total order
[t=0.00224438s, 22600 KB] Atomic transition system order: reverse level
[t=0.00226444s, 22600 KB] Product transition system order: new to old
[t=0.00228406s, 22600 KB] Consider atomic before product transition systems
[t=0.00230383s, 22600 KB] Random seed: -1

[t=0.00232632s, 22600 KB] Options related to size limits and shrinking: 
[t=0.00234685s, 22600 KB] Transition system size limit: 50000
[t=0.00236666s, 22600 KB] Transition system size limit right before merge: 50000
[t=0.00238632s, 22600 KB] Threshold to trigger shrinking right before merge: 1

[t=0.00241935s, 22600 KB] Pruning unreachable states: yes
[t=0.00244037s, 22600 KB] Pruning irrelevant states: yes

[t=0.00246323s, 22600 KB] Label reduction disabled

[t=0.00248555s, 22600 KB] Main loop max time in seconds: inf

[t=0.00250993s, 22600 KB] ===============================================================================
[t=0.00254745s, 22600 KB] WARNING! You did not enable label reduction.
This may drastically reduce the performance of merge-and-shrink!
[t=0.00257657s, 22600 KB] ===============================================================================

[t=0.00260737s, 22600 KB] Building atomic transition systems... 
[t=0.00300113s, 22996 KB] M&S algorithm timer: 0.00100801s (after computation of atomic factors)

[t=0.00304574s, 22996 KB] Starting main loop without a time limit.
[t=0.00314089s, 22996 KB] Next pair of indices: (0, 1)
[t=0.00316832s, 22996 KB] M&S algorithm main loop timer: 0.000142414s (after computation of next merge)
[t=0.00325215s, 22996 KB] M&S algorithm main loop timer: 0.000233531s (after merging)
[t=0.00330103s, 22996 KB] M&S algorithm main loop timer: 0.000276492s (after pruning)

[t=0.00332843s, 22996 KB] Operator mutex starting iteration 0

[t=0.00337569s, 22996 KB] In ts_0_2 of size 2 found num new op-mutexes 0

[t=0.0034306s, 22996 KB] In ts_0_3 of size 2 found num new op-mutexes 16

[t=0.00347766s, 22996 KB] In ts_0_4 of size 2 found num new op-mutexes 0

[t=0.00352227s, 22996 KB] In ts_0_5 of size 2 found num new op-mutexes 0

[t=0.00356548s, 22996 KB] In ts_0_6 of size 2 found num new op-mutexes 0

[t=0.00360821s, 22996 KB] In ts_0_7 of size 2 found num new op-mutexes 0

[t=0.00365068s, 22996 KB] In ts_0_8 of size 2 found num new op-mutexes 0

[t=0.00369299s, 22996 KB] In ts_0_9 of size 2 found num new op-mutexes 0

[t=0.00373499s, 22996 KB] In ts_0_10 of size 2 found num new op-mutexes 0

[t=0.00377704s, 22996 KB] In ts_0_11 of size 2 found num new op-mutexes 0

[t=0.00383347s, 22996 KB] In ts_0_12 of size 2 found num new op-mutexes 0

[t=0.00388183s, 22996 KB] In ts_0_13 of size 2 found num new op-mutexes 0

[t=0.00392373s, 22996 KB] In ts_0_14 of size 2 found num new op-mutexes 0

[t=0.00396566s, 22996 KB] In ts_0_15 of size 2 found num new op-mutexes 0

[t=0.00400743s, 22996 KB] In ts_0_16 of size 2 found num new op-mutexes 0

[t=0.00404906s, 22996 KB] In ts_0_17 of size 2 found num new op-mutexes 0

[t=0.00409165s, 22996 KB] In ts_0_18 of size 2 found num new op-mutexes 0

[t=0.00413442s, 22996 KB] In ts_0_19 of size 2 found num new op-mutexes 0

[t=0.00417692s, 22996 KB] In ts_0_20 of size 2 found num new op-mutexes 0

[t=0.00430118s, 22996 KB] In ts_0_21 of size 39 found num new op-mutexes 0
[t=0.00433272s, 22996 KB] Operator mutex finished iteration 0. Found an additional 16 operator mutexes

[t=0.00442756s, 22996 KB] Next pair of indices: (2, 16)
[t=0.0044514s, 22996 KB] M&S algorithm main loop timer: 0.0014246s (after computation of next merge)
[t=0.00449167s, 22996 KB] M&S algorithm main loop timer: 0.0014692s (after merging)

[t=0.0045222s, 22996 KB] Operator mutex starting iteration 1

[t=0.00456799s, 22996 KB] In ts_1_3 of size 2 found num new op-mutexes 0

[t=0.00461773s, 22996 KB] In ts_1_4 of size 2 found num new op-mutexes 0

[t=0.00466306s, 22996 KB] In ts_1_5 of size 2 found num new op-mutexes 0

[t=0.00471158s, 22996 KB] In ts_1_6 of size 2 found num new op-mutexes 0

[t=0.00475489s, 22996 KB] In ts_1_7 of size 2 found num new op-mutexes 0

[t=0.00479823s, 22996 KB] In ts_1_8 of size 2 found num new op-mutexes 0

[t=0.0048457s, 22996 KB] In ts_1_9 of size 2 found num new op-mutexes 0

[t=0.00490227s, 22996 KB] In ts_1_10 of size 2 found num new op-mutexes 0

[t=0.004948s, 22996 KB] In ts_1_11 of size 2 found num new op-mutexes 0

[t=0.00499254s, 22996 KB] In ts_1_12 of size 2 found num new op-mutexes 0

[t=0.00503616s, 22996 KB] In ts_1_13 of size 2 found num new op-mutexes 0

[t=0.00507887s, 22996 KB] In ts_1_14 of size 2 found num new op-mutexes 0

[t=0.00512162s, 22996 KB] In ts_1_15 of size 2 found num new op-mutexes 0

[t=0.00516455s, 22996 KB] In ts_1_17 of size 2 found num new op-mutexes 0

[t=0.0052074s, 22996 KB] In ts_1_18 of size 2 found num new op-mutexes 0

[t=0.00525004s, 22996 KB] In ts_1_19 of size 2 found num new op-mutexes 0

[t=0.00529292s, 22996 KB] In ts_1_20 of size 2 found num new op-mutexes 0

[t=0.00540351s, 22996 KB] In ts_1_21 of size 39 found num new op-mutexes 0

[t=0.0054574s, 22996 KB] In ts_1_22 of size 4 found num new op-mutexes 0
[t=0.00548433s, 22996 KB] Operator mutex finished iteration 1. Found an additional 0 operator mutexes

[t=0.00557507s, 22996 KB] Next pair of indices: (3, 17)
[t=0.00559895s, 22996 KB] M&S algorithm main loop timer: 0.00257219s (after computation of next merge)
[t=0.00563925s, 22996 KB] M&S algorithm main loop timer: 0.00261614s (after merging)

[t=0.00566904s, 22996 KB] Operator mutex starting iteration 2

[t=0.00571009s, 22996 KB] In ts_2_4 of size 2 found num new op-mutexes 0

[t=0.00575479s, 22996 KB] In ts_2_5 of size 2 found num new op-mutexes 0

[t=0.00579783s, 22996 KB] In ts_2_6 of size 2 found num new op-mutexes 0

[t=0.00583979s, 22996 KB] In ts_2_7 of size 2 found num new op-mutexes 0

[t=0.00588145s, 22996 KB] In ts_2_8 of size 2 found num new op-mutexes 0

[t=0.00592303s, 22996 KB] In ts_2_9 of size 2 found num new op-mutexes 0

[t=0.00596418s, 22996 KB] In ts_2_10 of size 2 found num new op-mutexes 0

[t=0.00600584s, 22996 KB] In ts_2_11 of size 2 found num new op-mutexes 0

[t=0.00604693s, 22996 KB] In ts_2_12 of size 2 found num new op-mutexes 0

[t=0.00608807s, 22996 KB] In ts_2_13 of size 2 found num new op-mutexes 0

[t=0.00612928s, 22996 KB] In ts_2_14 of size 2 found num new op-mutexes 0

[t=0.00617052s, 22996 KB] In ts_2_15 of size 2 found num new op-mutexes 0

[t=0.00621189s, 22996 KB] In ts_2_18 of size 2 found num new op-mutexes 0

[t=0.00625369s, 22996 KB] In ts_2_19 of size 2 found num new op-mutexes 0

[t=0.00630473s, 22996 KB] In ts_2_20 of size 2 found num new op-mutexes 0

[t=0.00641655s, 22996 KB] In ts_2_21 of size 39 found num new op-mutexes 0

[t=0.00646906s, 22996 KB] In ts_2_22 of size 4 found num new op-mutexes 0

[t=0.00652074s, 22996 KB] In ts_2_23 of size 4 found num new op-mutexes 0
[t=0.00654626s, 22996 KB] Operator mutex finished iteration 2. Found an additional 0 operator mutexes

[t=0.00663381s, 22996 KB] Next pair of indices: (4, 8)
[t=0.00665708s, 22996 KB] M&S algorithm main loop timer: 0.00363009s (after computation of next merge)
[t=0.00669641s, 22996 KB] M&S algorithm main loop timer: 0.0036757s (after merging)

[t=0.00672889s, 22996 KB] Operator mutex starting iteration 3

[t=0.00676947s, 22996 KB] In ts_3_5 of size 2 found num new op-mutexes 0

[t=0.00681357s, 22996 KB] In ts_3_6 of size 2 found num new op-mutexes 0

[t=0.00687201s, 22996 KB] In ts_3_7 of size 2 found num new op-mutexes 0

[t=0.00691953s, 22996 KB] In ts_3_9 of size 2 found num new op-mutexes 0

[t=0.00696254s, 22996 KB] In ts_3_10 of size 2 found num new op-mutexes 0

[t=0.00700455s, 22996 KB] In ts_3_11 of size 2 found num new op-mutexes 0

[t=0.00704591s, 22996 KB] In ts_3_12 of size 2 found num new op-mutexes 0

[t=0.00708698s, 22996 KB] In ts_3_13 of size 2 found num new op-mutexes 0

[t=0.00712924s, 22996 KB] In ts_3_14 of size 2 found num new op-mutexes 0

[t=0.00717037s, 22996 KB] In ts_3_15 of size 2 found num new op-mutexes 0

[t=0.00722218s, 22996 KB] In ts_3_18 of size 2 found num new op-mutexes 0

[t=0.00726649s, 22996 KB] In ts_3_19 of size 2 found num new op-mutexes 0

[t=0.00730767s, 22996 KB] In ts_3_20 of size 2 found num new op-mutexes 0

[t=0.007416s, 22996 KB] In ts_3_21 of size 39 found num new op-mutexes 0

[t=0.00746696s, 22996 KB] In ts_3_22 of size 4 found num new op-mutexes 0

[t=0.00751758s, 22996 KB] In ts_3_23 of size 4 found num new op-mutexes 0

[t=0.00757301s, 22996 KB] In ts_3_24 of size 4 found num new op-mutexes 0
[t=0.00759813s, 22996 KB] Operator mutex finished iteration 3. Found an additional 0 operator mutexes

[t=0.00768559s, 22996 KB] Next pair of indices: (5, 9)
[t=0.00770909s, 22996 KB] M&S algorithm main loop timer: 0.00468216s (after computation of next merge)
[t=0.00774909s, 22996 KB] M&S algorithm main loop timer: 0.00472572s (after merging)

[t=0.00777829s, 22996 KB] Operator mutex starting iteration 4

[t=0.00781712s, 22996 KB] In ts_4_6 of size 2 found num new op-mutexes 0

[t=0.00786374s, 22996 KB] In ts_4_7 of size 2 found num new op-mutexes 0

[t=0.00790625s, 22996 KB] In ts_4_10 of size 2 found num new op-mutexes 0

[t=0.00794766s, 22996 KB] In ts_4_11 of size 2 found num new op-mutexes 0

[t=0.00798871s, 22996 KB] In ts_4_12 of size 2 found num new op-mutexes 0

[t=0.00803351s, 22996 KB] In ts_4_13 of size 2 found num new op-mutexes 0

[t=0.00807398s, 22996 KB] In ts_4_14 of size 2 found num new op-mutexes 0

[t=0.00811442s, 22996 KB] In ts_4_15 of size 2 found num new op-mutexes 0

[t=0.00815515s, 22996 KB] In ts_4_18 of size 2 found num new op-mutexes 0

[t=0.00819582s, 22996 KB] In ts_4_19 of size 2 found num new op-mutexes 0

[t=0.00823643s, 22996 KB] In ts_4_20 of size 2 found num new op-mutexes 0

[t=0.00834361s, 22996 KB] In ts_4_21 of size 39 found num new op-mutexes 0

[t=0.00839483s, 22996 KB] In ts_4_22 of size 4 found num new op-mutexes 0

[t=0.00844488s, 22996 KB] In ts_4_23 of size 4 found num new op-mutexes 0

[t=0.00849842s, 22996 KB] In ts_4_24 of size 4 found num new op-mutexes 0

[t=0.00854188s, 22996 KB] In ts_4_25 of size 4 found num new op-mutexes 0
[t=0.00856644s, 22996 KB] Operator mutex finished iteration 4. Found an additional 0 operator mutexes

[t=0.00865066s, 22996 KB] Next pair of indices: (6, 10)
[t=0.00867321s, 22996 KB] M&S algorithm main loop timer: 0.00564601s (after computation of next merge)
[t=0.00871178s, 22996 KB] M&S algorithm main loop timer: 0.00568871s (after merging)

[t=0.00874121s, 22996 KB] Operator mutex starting iteration 5

[t=0.00877975s, 22996 KB] In ts_5_7 of size 2 found num new op-mutexes 0

[t=0.00882199s, 22996 KB] In ts_5_11 of size 2 found num new op-mutexes 0

[t=0.00886368s, 22996 KB] In ts_5_12 of size 2 found num new op-mutexes 0

[t=0.0089044s, 22996 KB] In ts_5_13 of size 2 found num new op-mutexes 0

[t=0.00894471s, 22996 KB] In ts_5_14 of size 2 found num new op-mutexes 0

[t=0.00898483s, 22996 KB] In ts_5_15 of size 2 found num new op-mutexes 0

[t=0.0090318s, 22996 KB] In ts_5_18 of size 2 found num new op-mutexes 0

[t=0.00907207s, 22996 KB] In ts_5_19 of size 2 found num new op-mutexes 0

[t=0.009112s, 22996 KB] In ts_5_20 of size 2 found num new op-mutexes 0

[t=0.00921858s, 22996 KB] In ts_5_21 of size 39 found num new op-mutexes 0

[t=0.00926879s, 22996 KB] In ts_5_22 of size 4 found num new op-mutexes 0

[t=0.00931886s, 22996 KB] In ts_5_23 of size 4 found num new op-mutexes 0

[t=0.00936387s, 22996 KB] In ts_5_24 of size 4 found num new op-mutexes 0

[t=0.00940706s, 22996 KB] In ts_5_25 of size 4 found num new op-mutexes 0

[t=0.0094497s, 22996 KB] In ts_5_26 of size 4 found num new op-mutexes 0
[t=0.00947462s, 22996 KB] Operator mutex finished iteration 5. Found an additional 0 operator mutexes

[t=0.00956274s, 22996 KB] Next pair of indices: (7, 11)
[t=0.00958746s, 22996 KB] M&S algorithm main loop timer: 0.00656167s (after computation of next merge)
[t=0.00962812s, 22996 KB] M&S algorithm main loop timer: 0.00660857s (after merging)

[t=0.00966151s, 22996 KB] Operator mutex starting iteration 6

[t=0.00970156s, 22996 KB] In ts_6_12 of size 2 found num new op-mutexes 0

[t=0.00974451s, 22996 KB] In ts_6_13 of size 2 found num new op-mutexes 0

[t=0.00978659s, 22996 KB] In ts_6_14 of size 2 found num new op-mutexes 0

[t=0.0098284s, 22996 KB] In ts_6_15 of size 2 found num new op-mutexes 0

[t=0.00987382s, 22996 KB] In ts_6_18 of size 2 found num new op-mutexes 0

[t=0.00993113s, 22996 KB] In ts_6_19 of size 2 found num new op-mutexes 0

[t=0.0099764s, 22996 KB] In ts_6_20 of size 2 found num new op-mutexes 0

[t=0.0100849s, 22996 KB] In ts_6_21 of size 39 found num new op-mutexes 0

[t=0.010137s, 22996 KB] In ts_6_22 of size 4 found num new op-mutexes 0

[t=0.0101884s, 22996 KB] In ts_6_23 of size 4 found num new op-mutexes 0

[t=0.0102353s, 22996 KB] In ts_6_24 of size 4 found num new op-mutexes 0

[t=0.0102997s, 22996 KB] In ts_6_25 of size 4 found num new op-mutexes 0

[t=0.0103504s, 22996 KB] In ts_6_26 of size 4 found num new op-mutexes 0

[t=0.0103949s, 22996 KB] In ts_6_27 of size 4 found num new op-mutexes 0
[t=0.01042s, 22996 KB] Operator mutex finished iteration 6. Found an additional 0 operator mutexes

[t=0.010501s, 22996 KB] Next pair of indices: (12, 15)
[t=0.0105242s, 22996 KB] M&S algorithm main loop timer: 0.00749773s (after computation of next merge)
[t=0.0105664s, 22996 KB] M&S algorithm main loop timer: 0.00754314s (after merging)

[t=0.0105961s, 22996 KB] Operator mutex starting iteration 7

[t=0.0106405s, 22996 KB] In ts_7_13 of size 2 found num new op-mutexes 0

[t=0.0106837s, 22996 KB] In ts_7_14 of size 2 found num new op-mutexes 0

[t=0.0107266s, 22996 KB] In ts_7_18 of size 2 found num new op-mutexes 0

[t=0.0107685s, 22996 KB] In ts_7_19 of size 2 found num new op-mutexes 0

[t=0.0108099s, 22996 KB] In ts_7_20 of size 2 found num new op-mutexes 0

[t=0.0109179s, 22996 KB] In ts_7_21 of size 39 found num new op-mutexes 0

[t=0.0109688s, 22996 KB] In ts_7_22 of size 4 found num new op-mutexes 0

[t=0.0110194s, 22996 KB] In ts_7_23 of size 4 found num new op-mutexes 0

[t=0.011064s, 22996 KB] In ts_7_24 of size 4 found num new op-mutexes 0

[t=0.0111079s, 22996 KB] In ts_7_25 of size 4 found num new op-mutexes 0

[t=0.0111511s, 22996 KB] In ts_7_26 of size 4 found num new op-mutexes 0

[t=0.0111936s, 22996 KB] In ts_7_27 of size 4 found num new op-mutexes 0

[t=0.0112401s, 22996 KB] In ts_7_28 of size 4 found num new op-mutexes 0
[t=0.0112654s, 22996 KB] Operator mutex finished iteration 7. Found an additional 0 operator mutexes

[t=0.0113445s, 22996 KB] Next pair of indices: (13, 20)
[t=0.0113671s, 22996 KB] M&S algorithm main loop timer: 0.00834094s (after computation of next merge)
[t=0.0114091s, 22996 KB] M&S algorithm main loop timer: 0.00838575s (after merging)

[t=0.0114386s, 22996 KB] Operator mutex starting iteration 8

[t=0.0114791s, 22996 KB] In ts_8_14 of size 2 found num new op-mutexes 0

[t=0.0115233s, 22996 KB] In ts_8_18 of size 2 found num new op-mutexes 0

[t=0.011566s, 22996 KB] In ts_8_19 of size 2 found num new op-mutexes 0

[t=0.0116745s, 22996 KB] In ts_8_21 of size 39 found num new op-mutexes 0

[t=0.011726s, 22996 KB] In ts_8_22 of size 4 found num new op-mutexes 0

[t=0.0117766s, 22996 KB] In ts_8_23 of size 4 found num new op-mutexes 0

[t=0.0118211s, 22996 KB] In ts_8_24 of size 4 found num new op-mutexes 0

[t=0.0118653s, 22996 KB] In ts_8_25 of size 4 found num new op-mutexes 0

[t=0.0119083s, 22996 KB] In ts_8_26 of size 4 found num new op-mutexes 0

[t=0.0119508s, 22996 KB] In ts_8_27 of size 4 found num new op-mutexes 0

[t=0.0119966s, 22996 KB] In ts_8_28 of size 4 found num new op-mutexes 0

[t=0.0120441s, 22996 KB] In ts_8_29 of size 4 found num new op-mutexes 0
[t=0.0120695s, 22996 KB] Operator mutex finished iteration 8. Found an additional 0 operator mutexes

[t=0.0121444s, 22996 KB] Next pair of indices: (14, 19)
[t=0.0121673s, 22996 KB] M&S algorithm main loop timer: 0.00914093s (after computation of next merge)
[t=0.0122094s, 22996 KB] M&S algorithm main loop timer: 0.00919007s (after merging)

[t=0.0122431s, 22996 KB] Operator mutex starting iteration 9

[t=0.0122843s, 22996 KB] In ts_9_18 of size 2 found num new op-mutexes 0

[t=0.0123938s, 22996 KB] In ts_9_21 of size 39 found num new op-mutexes 0

[t=0.012446s, 22996 KB] In ts_9_22 of size 4 found num new op-mutexes 0

[t=0.0124972s, 22996 KB] In ts_9_23 of size 4 found num new op-mutexes 0

[t=0.0125421s, 22996 KB] In ts_9_24 of size 4 found num new op-mutexes 0

[t=0.0125864s, 22996 KB] In ts_9_25 of size 4 found num new op-mutexes 0

[t=0.0126392s, 22996 KB] In ts_9_26 of size 4 found num new op-mutexes 0

[t=0.0126849s, 22996 KB] In ts_9_27 of size 4 found num new op-mutexes 0

[t=0.0127313s, 22996 KB] In ts_9_28 of size 4 found num new op-mutexes 0

[t=0.012779s, 22996 KB] In ts_9_29 of size 4 found num new op-mutexes 0

[t=0.0128251s, 22996 KB] In ts_9_30 of size 4 found num new op-mutexes 0
[t=0.0128509s, 22996 KB] Operator mutex finished iteration 9. Found an additional 0 operator mutexes

[t=0.0129231s, 22996 KB] Next pair of indices: (18, 29)
[t=0.012946s, 22996 KB] M&S algorithm main loop timer: 0.00991934s (after computation of next merge)
[t=0.012996s, 22996 KB] M&S algorithm main loop timer: 0.010013s (after merging)

[t=0.0130684s, 22996 KB] Operator mutex starting iteration 10

[t=0.0131785s, 22996 KB] In ts_10_21 of size 39 found num new op-mutexes 0

[t=0.0132325s, 22996 KB] In ts_10_22 of size 4 found num new op-mutexes 0

[t=0.0132839s, 22996 KB] In ts_10_23 of size 4 found num new op-mutexes 0

[t=0.0133293s, 22996 KB] In ts_10_24 of size 4 found num new op-mutexes 0

[t=0.0133735s, 22996 KB] In ts_10_25 of size 4 found num new op-mutexes 0

[t=0.013417s, 22996 KB] In ts_10_26 of size 4 found num new op-mutexes 0

[t=0.0134596s, 22996 KB] In ts_10_27 of size 4 found num new op-mutexes 0

[t=0.0135058s, 22996 KB] In ts_10_28 of size 4 found num new op-mutexes 0

[t=0.0135523s, 22996 KB] In ts_10_30 of size 4 found num new op-mutexes 0

[t=0.0136079s, 22996 KB] In ts_10_31 of size 8 found num new op-mutexes 0
[t=0.013634s, 22996 KB] Operator mutex finished iteration 10. Found an additional 0 operator mutexes

[t=0.0137002s, 22996 KB] Next pair of indices: (30, 31)
[t=0.0137226s, 22996 KB] M&S algorithm main loop timer: 0.0106955s (after computation of next merge)
[t=0.0137919s, 22996 KB] M&S algorithm main loop timer: 0.0107713s (after merging)

[t=0.0138262s, 22996 KB] Operator mutex starting iteration 11

[t=0.0139333s, 22996 KB] In ts_11_21 of size 39 found num new op-mutexes 0

[t=0.013988s, 22996 KB] In ts_11_22 of size 4 found num new op-mutexes 0

[t=0.0140408s, 22996 KB] In ts_11_23 of size 4 found num new op-mutexes 0

[t=0.0140875s, 22996 KB] In ts_11_24 of size 4 found num new op-mutexes 0

[t=0.0141326s, 22996 KB] In ts_11_25 of size 4 found num new op-mutexes 0

[t=0.014177s, 22996 KB] In ts_11_26 of size 4 found num new op-mutexes 0

[t=0.0142214s, 22996 KB] In ts_11_27 of size 4 found num new op-mutexes 0

[t=0.0142682s, 22996 KB] In ts_11_28 of size 4 found num new op-mutexes 0

[t=0.0143694s, 22996 KB] In ts_11_32 of size 32 found num new op-mutexes 0
[t=0.0143974s, 22996 KB] Operator mutex finished iteration 11. Found an additional 0 operator mutexes

[t=0.0144574s, 22996 KB] Next pair of indices: (28, 32)
[t=0.0144799s, 22996 KB] M&S algorithm main loop timer: 0.0114531s (after computation of next merge)
[t=0.0146615s, 22996 KB] M&S algorithm main loop timer: 0.0116458s (after merging)

[t=0.0147072s, 22996 KB] Operator mutex starting iteration 12

[t=0.0148191s, 22996 KB] In ts_12_21 of size 39 found num new op-mutexes 0

[t=0.0148756s, 22996 KB] In ts_12_22 of size 4 found num new op-mutexes 0

[t=0.0149302s, 22996 KB] In ts_12_23 of size 4 found num new op-mutexes 0

[t=0.0149782s, 22996 KB] In ts_12_24 of size 4 found num new op-mutexes 0

[t=0.0150287s, 22996 KB] In ts_12_25 of size 4 found num new op-mutexes 0

[t=0.0150768s, 22996 KB] In ts_12_26 of size 4 found num new op-mutexes 0

[t=0.0151223s, 22996 KB] In ts_12_27 of size 4 found num new op-mutexes 0

[t=0.015476s, 22996 KB] In ts_12_33 of size 128 found num new op-mutexes 0
[t=0.0155107s, 22996 KB] Operator mutex finished iteration 12. Found an additional 0 operator mutexes

[t=0.0155705s, 22996 KB] Next pair of indices: (27, 33)
[t=0.0155943s, 22996 KB] M&S algorithm main loop timer: 0.0125676s (after computation of next merge)
[t=0.0161721s, 22996 KB] M&S algorithm main loop timer: 0.0131565s (after merging)

[t=0.0162416s, 22996 KB] Operator mutex starting iteration 13

[t=0.0163731s, 22996 KB] In ts_13_21 of size 39 found num new op-mutexes 0

[t=0.0164439s, 22996 KB] In ts_13_22 of size 4 found num new op-mutexes 0

[t=0.016501s, 22996 KB] In ts_13_23 of size 4 found num new op-mutexes 0

[t=0.0165509s, 22996 KB] In ts_13_24 of size 4 found num new op-mutexes 0

[t=0.0165988s, 22996 KB] In ts_13_25 of size 4 found num new op-mutexes 0

[t=0.0166449s, 22996 KB] In ts_13_26 of size 4 found num new op-mutexes 0

[t=0.0178277s, 23304 KB] In ts_13_34 of size 512 found num new op-mutexes 0
[t=0.0178687s, 23304 KB] Operator mutex finished iteration 13. Found an additional 0 operator mutexes

[t=0.0179297s, 23304 KB] Next pair of indices: (26, 34)
[t=0.0179547s, 23304 KB] M&S algorithm main loop timer: 0.0149283s (after computation of next merge)
[t=0.0205694s, 23364 KB] M&S algorithm main loop timer: 0.0175745s (after merging)

[t=0.0207378s, 23364 KB] Operator mutex starting iteration 14

[t=0.020871s, 23364 KB] In ts_14_21 of size 39 found num new op-mutexes 0

[t=0.0209319s, 23364 KB] In ts_14_22 of size 4 found num new op-mutexes 0

[t=0.0209886s, 23364 KB] In ts_14_23 of size 4 found num new op-mutexes 0

[t=0.0210381s, 23364 KB] In ts_14_24 of size 4 found num new op-mutexes 0

[t=0.0210855s, 23364 KB] In ts_14_25 of size 4 found num new op-mutexes 0

[t=0.0255558s, 25024 KB] In ts_14_35 of size 2048 found num new op-mutexes 0
[t=0.0256015s, 25024 KB] Operator mutex finished iteration 14. Found an additional 0 operator mutexes

[t=0.0256712s, 25024 KB] Next pair of indices: (25, 35)
[t=0.0256963s, 25024 KB] M&S algorithm main loop timer: 0.0226697s (after computation of next merge)
[t=0.0385155s, 25024 KB] M&S algorithm main loop timer: 0.0355114s (after merging)

[t=0.0390209s, 25024 KB] Operator mutex starting iteration 15

[t=0.0391419s, 25024 KB] In ts_15_21 of size 39 found num new op-mutexes 0

[t=0.0392028s, 25024 KB] In ts_15_22 of size 4 found num new op-mutexes 0

[t=0.0392593s, 25024 KB] In ts_15_23 of size 4 found num new op-mutexes 0

[t=0.0393086s, 25024 KB] In ts_15_24 of size 4 found num new op-mutexes 0
[t=0.0393953s, 25024 KB] Operator mutex finished iteration 15. Found an additional 0 operator mutexes

[t=0.039488s, 25024 KB] Next pair of indices: (24, 36)
[t=0.0395124s, 25024 KB] M&S algorithm main loop timer: 0.0364859s (after computation of next merge)
[t=0.0928129s, 29224 KB] M&S algorithm main loop timer: 0.0898444s (after merging)
[t=0.0938739s, 29224 KB] M&S algorithm main loop timer: 0.0908657s (after pruning)

[t=0.0939204s, 29224 KB] Operator mutex starting iteration 16

[t=0.0940467s, 29224 KB] In ts_16_21 of size 39 found num new op-mutexes 0

[t=0.0941206s, 29224 KB] In ts_16_22 of size 4 found num new op-mutexes 0

[t=0.0941803s, 29224 KB] In ts_16_23 of size 4 found num new op-mutexes 0

[t=0.098612s, 29268 KB] In ts_16_37 of size 3072 found num new op-mutexes 1848
[t=0.0986582s, 29268 KB] Operator mutex finished iteration 16. Found an additional 1848 operator mutexes

[t=0.0987225s, 29268 KB] Next pair of indices: (23, 37)
[t=0.0987476s, 29268 KB] M&S algorithm main loop timer: 0.0957209s (after computation of next merge)
[t=0.113711s, 29268 KB] M&S algorithm main loop timer: 0.110712s (after merging)
[t=0.113906s, 29268 KB] M&S algorithm main loop timer: 0.110888s (after pruning)

[t=0.113942s, 29268 KB] Operator mutex starting iteration 17

[t=0.114059s, 29268 KB] In ts_17_21 of size 39 found num new op-mutexes 0

[t=0.114119s, 29268 KB] In ts_17_22 of size 4 found num new op-mutexes 0

[t=0.114705s, 29268 KB] In ts_17_38 of size 5 found num new op-mutexes 4192
[t=0.114737s, 29268 KB] Operator mutex finished iteration 17. Found an additional 4192 operator mutexes

[t=0.114777s, 29268 KB] Next pair of indices: (22, 38)
[t=0.1148s, 29268 KB] M&S algorithm main loop timer: 0.111774s (after computation of next merge)
[t=0.114854s, 29268 KB] M&S algorithm main loop timer: 0.111833s (after merging)
[t=0.114889s, 29268 KB] M&S algorithm main loop timer: 0.111863s (after pruning)

[t=0.114915s, 29268 KB] Operator mutex starting iteration 18

[t=0.115027s, 29268 KB] In ts_18_21 of size 39 found num new op-mutexes 0

[t=0.11545s, 29268 KB] In ts_18_39 of size 5 found num new op-mutexes 116
[t=0.115483s, 29268 KB] Operator mutex finished iteration 18. Found an additional 116 operator mutexes

[t=0.115511s, 29268 KB] Next pair of indices: (21, 39)
[t=0.115533s, 29268 KB] M&S algorithm main loop timer: 0.112506s (after computation of next merge)
[t=0.115636s, 29268 KB] M&S algorithm main loop timer: 0.112614s (after merging)
[t=0.115673s, 29268 KB] M&S algorithm main loop timer: 0.112649s (after pruning)

[t=0.115701s, 29268 KB] Operator mutex starting iteration 19

[t=0.116899s, 29268 KB] In ts_19_40 of size 9 found num new op-mutexes 635
[t=0.116934s, 29268 KB] Operator mutex finished iteration 19. Found an additional 635 operator mutexes

[t=0.116961s, 29268 KB] End of merge-and-shrink algorithm, statistics:
[t=0.116983s, 29268 KB] Main loop runtime: 0.113956s
[t=0.117005s, 29268 KB] Maximum intermediate abstraction size: 32768
[t=0.117025s, 29268 KB] Final peak memory increase of merge-and-shrink algorithm: 6668 KB
[t=0.117057s, 29268 KB] Merge-and-shrink algorithm runtime: 0.115051s

[t=0.117081s, 29268 KB] Number of labels: 83
[t=0.117101s, 29268 KB] Total number of operator mutexes: 6807
[t=0.117132s, 29268 KB] Operator Mutex total time: 0.0245742s
[t=0.117156s, 29268 KB] Number of remaining factors: 1
[t=0.11718s, 29268 KB] Number of factors kept: 1
[t=0.117201s, 29268 KB] Done initializing merge-and-shrink heuristic.

[t=0.117464s, 29268 KB] Building successor generator...done!
[t=0.117631s, 29268 KB] peak memory difference for successor generator creation: 0 KB
[t=0.11765s, 29268 KB] time for successor generation creation: 7.3036e-05s
[t=0.117677s, 29268 KB] Variables: 21
[t=0.117698s, 29268 KB] FactPairs: 60
[t=0.117718s, 29268 KB] Bytes per state: 4
[t=0.117841s, 29268 KB] Conducting best first search with reopening closed nodes, (real) bound = 2147483647
[t=0.1179s, 29268 KB] New best heuristic value for merge_and_shrink(op_mutex = op_mutex(use_previous_ops = nopo, reachability_strategy = goal)): 2
[t=0.117925s, 29268 KB] g=0, 1 evaluated, 0 expanded
[t=0.117946s, 29268 KB] f = 2, 1 evaluated, 0 expanded
[t=0.11797s, 29268 KB] Initial heuristic value for merge_and_shrink(op_mutex = op_mutex(use_previous_ops = nopo, reachability_strategy = goal)): 2
[t=0.117993s, 29268 KB] pruning method: none
[t=0.118026s, 29268 KB] New best heuristic value for merge_and_shrink(op_mutex = op_mutex(use_previous_ops = nopo, reachability_strategy = goal)): 1
[t=0.11805s, 29268 KB] g=1, 3 evaluated, 1 expanded
[t=0.118091s, 29268 KB] New best heuristic value for merge_and_shrink(op_mutex = op_mutex(use_previous_ops = nopo, reachability_strategy = goal)): 0
[t=0.118113s, 29268 KB] g=2, 10 evaluated, 5 expanded
[t=0.118136s, 29268 KB] Solution found!
[t=0.118159s, 29268 KB] Actual search time: 0.000163037s
jump-new-move pos-3-4 pos-2-4 pos-1-4 (1)
jump-continue-move pos-1-4 pos-1-3 pos-1-2 (0)
jump-continue-move pos-1-2 pos-2-2 pos-3-2 (0)
end-move pos-3-2 (0)
jump-new-move pos-3-1 pos-3-2 pos-3-3 (1)
[t=0.118181s, 29268 KB] Plan length: 5 step(s).
[t=0.118181s, 29268 KB] Plan cost: 2
[t=0.118181s, 29268 KB] Expanded 6 state(s).
[t=0.118181s, 29268 KB] Reopened 0 state(s).
[t=0.118181s, 29268 KB] Evaluated 10 state(s).
[t=0.118181s, 29268 KB] Evaluations: 10
[t=0.118181s, 29268 KB] Generated 10 state(s).
[t=0.118181s, 29268 KB] Dead ends: 2 state(s).
[t=0.118181s, 29268 KB] Expanded until last jump: 0 state(s).
[t=0.118181s, 29268 KB] Reopened until last jump: 0 state(s).
[t=0.118181s, 29268 KB] Evaluated until last jump: 1 state(s).
[t=0.118181s, 29268 KB] Generated until last jump: 0 state(s).
[t=0.118181s, 29268 KB] Number of registered states: 10
[t=0.118181s, 29268 KB] Int hash set load factor: 10/16 = 0.625
[t=0.118181s, 29268 KB] Int hash set resizes: 4
[t=0.118181s, 29268 KB] Search time: 0.000341869s
[t=0.118181s, 29268 KB] Total time: 0.118181s
Solution found.
Peak memory: 29268 KB
Remove intermediate file output.sas
search exit code: 0

INFO     Running validate.
INFO     validate stdin: None
INFO     validate time limit: None
INFO     validate memory limit: None
INFO     validate command line string: validate domain.pddl problem.pddl sas_plan
Checking plan: sas_plan
Plan executed successfully - checking goal
Plan valid
Final value: 2 

Successful plans:
Value: 2
 sas_plan 2 

validate exit code: 0

