INFO     Running translator.
INFO     translator stdin: None
INFO     translator time limit: 599.96s
INFO     translator memory limit: 7000 MB
INFO     translator command line string: /usr/bin/python3 /user/student.aau.dk/lkar18/downward-projects/downward/experiments/nopo_vs_nasutpo_195p/data/nopo_vs_nasutpo/code-94571df14dfaf5b06207d9589b12facdd93f580c_e5e41175/builds/release/bin/translate/translate.py domain.pddl problem.pddl --sas-file output.sas
Parsing...
Parsing: [0.020s CPU, 0.029s wall-clock]
Normalizing task... [0.010s CPU, 0.004s wall-clock]
Instantiating...
Generating Datalog program... [0.000s CPU, 0.003s wall-clock]
Normalizing Datalog program...
Normalizing Datalog program: [0.010s CPU, 0.007s wall-clock]
Preparing model... [0.000s CPU, 0.006s wall-clock]
Generated 766 rules.
Computing model... [0.010s CPU, 0.004s wall-clock]
353 relevant atoms
0 auxiliary atoms
353 final queue length
774 total queue pushes
Completing instantiation... [0.000s CPU, 0.006s wall-clock]
Instantiating: [0.030s CPU, 0.027s wall-clock]
Computing fact groups...
Finding invariants...
90 initial candidates
Finding invariants: [0.260s CPU, 0.272s wall-clock]
Checking invariant weight... [0.000s CPU, 0.001s wall-clock]
Instantiating groups... [0.000s CPU, 0.000s wall-clock]
Collecting mutex groups... [0.000s CPU, 0.000s wall-clock]
Choosing groups...
62 uncovered facts
Choosing groups: [0.000s CPU, 0.001s wall-clock]
Building translation key... [0.000s CPU, 0.000s wall-clock]
Computing fact groups: [0.270s CPU, 0.276s wall-clock]
Building STRIPS to SAS dictionary... [0.000s CPU, 0.000s wall-clock]
Building dictionary for full mutex groups... [0.000s CPU, 0.000s wall-clock]
Building mutex information...
Building mutex information: [0.000s CPU, 0.000s wall-clock]
Translating task...
Processing axioms...
Simplifying axioms... [0.000s CPU, 0.000s wall-clock]
Translator axioms removed by simplifying: 0
Computing negative axioms... [0.000s CPU, 0.000s wall-clock]
Processing axioms: [0.000s CPU, 0.001s wall-clock]
Translating task: [0.010s CPU, 0.014s wall-clock]
18 effect conditions simplified
0 implied preconditions added
Detecting unreachable propositions...
0 operators removed
0 axioms removed
2 propositions removed
Detecting unreachable propositions: [0.010s CPU, 0.006s wall-clock]
Reordering and filtering variables...
10 of 67 variables necessary.
5 of 75 mutex groups necessary.
261 of 261 operators necessary.
0 of 0 axiom rules necessary.
Reordering and filtering variables: [0.000s CPU, 0.002s wall-clock]
Translator variables: 10
Translator derived variables: 0
Translator facts: 41
Translator goal facts: 3
Translator mutex groups: 5
Translator total mutex groups size: 26
Translator operators: 261
Translator axioms: 0
Translator task size: 1262
Translator peak memory: 44960 KB
Writing output... [0.000s CPU, 0.003s wall-clock]
Done! [0.350s CPU, 0.362s wall-clock]
translate exit code: 0

INFO     Running search (release).
INFO     search stdin: output.sas
INFO     search time limit: 599.55s
INFO     search memory limit: 7000 MB
INFO     search command line string: /user/student.aau.dk/lkar18/downward-projects/downward/experiments/nopo_vs_nasutpo_195p/data/nopo_vs_nasutpo/code-94571df14dfaf5b06207d9589b12facdd93f580c_e5e41175/builds/release/bin/downward --search 'astar(merge_and_shrink(op_mutex=op_mutex(use_previous_ops=NoPO, reachability_strategy=goal), merge_strategy=merge_sccs(order_of_sccs=topological, merge_tree=linear()), shrink_strategy=shrink_bisimulation(greedy=false, at_limit=RETURN)))' --internal-plan-file sas_plan < output.sas
[t=3.9296e-05s, 22344 KB] reading input...
[t=0.00092335s, 22344 KB] done reading input!
[t=0.00230874s, 22600 KB] Initializing merge-and-shrink heuristic...
[t=0.002378s, 22600 KB] Running merge-and-shrink algorithm...
[t=0.00239866s, 22600 KB] Merge strategy options:
[t=0.00242918s, 22600 KB] Type: sccs
[t=0.00244897s, 22600 KB] Merge order of sccs: topological
[t=0.00246849s, 22600 KB] Merge strategy for merging within sccs: 
[t=0.00248786s, 22600 KB] Merge tree options: 
[t=0.00250749s, 22600 KB] Type: linear
[t=0.00252675s, 22600 KB] Update option: use random
[t=0.00254603s, 22600 KB] Variable order type: CG/GOAL, tie breaking on level (main)

[t=0.00256763s, 22600 KB] Options related to size limits and shrinking: 
[t=0.00258814s, 22600 KB] Transition system size limit: 50000
[t=0.00260718s, 22600 KB] Transition system size limit right before merge: 50000
[t=0.00262603s, 22600 KB] Threshold to trigger shrinking right before merge: 1

[t=0.00264754s, 22600 KB] Pruning unreachable states: yes
[t=0.00266724s, 22600 KB] Pruning irrelevant states: yes

[t=0.00269034s, 22600 KB] Label reduction disabled

[t=0.00271649s, 22600 KB] Main loop max time in seconds: inf

[t=0.00274145s, 22600 KB] ===============================================================================
[t=0.00276111s, 22600 KB] WARNING! You did not enable label reduction.
This may drastically reduce the performance of merge-and-shrink!
[t=0.00278134s, 22600 KB] ===============================================================================

[t=0.00281545s, 22600 KB] Building atomic transition systems... 
[t=0.00324614s, 23132 KB] M&S algorithm timer: 0.000899319s (after computation of atomic factors)

[t=0.00328934s, 23132 KB] Starting main loop without a time limit.
[t=0.00331491s, 23132 KB] building causal graph...done! [t=8.6278e-05s]
[t=0.00341355s, 23132 KB] SCCs of the causal graph:
[t=0.00344124s, 23132 KB] [0, 1]
[t=0.0034621s, 23132 KB] [2, 4, 3, 6, 5, 7, 9, 8]
[t=0.00348795s, 23132 KB] Next pair of indices: (1, 0)
[t=0.00350958s, 23132 KB] M&S algorithm main loop timer: 0.000238843s (after computation of next merge)
[t=0.00360402s, 23132 KB] M&S algorithm main loop timer: 0.000342673s (after merging)
[t=0.00364542s, 23132 KB] M&S algorithm main loop timer: 0.000376125s (after pruning)

[t=0.0036716s, 23132 KB] Operator mutex starting iteration 0

[t=0.004186s, 23444 KB] In ts_0_2 of size 7 found num new op-mutexes 3969

[t=0.00468692s, 23620 KB] In ts_0_3 of size 7 found num new op-mutexes 3969

[t=0.0047655s, 23620 KB] In ts_0_4 of size 2 found num new op-mutexes 0

[t=0.00516754s, 23620 KB] In ts_0_5 of size 7 found num new op-mutexes 3969

[t=0.00524294s, 23620 KB] In ts_0_6 of size 2 found num new op-mutexes 0

[t=0.00531263s, 23620 KB] In ts_0_7 of size 2 found num new op-mutexes 0

[t=0.00538954s, 23620 KB] In ts_0_8 of size 2 found num new op-mutexes 0

[t=0.00545902s, 23620 KB] In ts_0_9 of size 2 found num new op-mutexes 0

[t=0.00621232s, 23960 KB] In ts_0_10 of size 18 found num new op-mutexes 3516
[t=0.00625366s, 23960 KB] Operator mutex finished iteration 0. Found an additional 15423 operator mutexes

[t=0.00628897s, 23960 KB] Next pair of indices: (9, 3)
[t=0.00631148s, 23960 KB] M&S algorithm main loop timer: 0.00304054s (after computation of next merge)
[t=0.00634748s, 23960 KB] M&S algorithm main loop timer: 0.00307836s (after shrinking)
[t=0.00640591s, 23960 KB] M&S algorithm main loop timer: 0.00314455s (after merging)
[t=0.0064433s, 23960 KB] M&S algorithm main loop timer: 0.00317354s (after pruning)

[t=0.00646959s, 23960 KB] Operator mutex starting iteration 1

[t=0.00672955s, 23960 KB] In ts_1_2 of size 7 found num new op-mutexes 0

[t=0.00680972s, 23960 KB] In ts_1_4 of size 2 found num new op-mutexes 0

[t=0.00709814s, 23960 KB] In ts_1_5 of size 7 found num new op-mutexes 0

[t=0.00717791s, 23960 KB] In ts_1_6 of size 2 found num new op-mutexes 0

[t=0.00724682s, 23960 KB] In ts_1_7 of size 2 found num new op-mutexes 0

[t=0.00732462s, 23960 KB] In ts_1_8 of size 2 found num new op-mutexes 0

[t=0.0076616s, 23960 KB] In ts_1_10 of size 18 found num new op-mutexes 0

[t=0.00993905s, 24640 KB] In ts_1_11 of size 6 found num new op-mutexes 16128
[t=0.00998428s, 24640 KB] Operator mutex finished iteration 1. Found an additional 16128 operator mutexes

[t=0.0100165s, 24640 KB] Next pair of indices: (11, 6)
[t=0.0100398s, 24640 KB] M&S algorithm main loop timer: 0.00676883s (after computation of next merge)
[t=0.0101053s, 24640 KB] M&S algorithm main loop timer: 0.00684248s (after merging)

[t=0.0101399s, 24640 KB] Operator mutex starting iteration 2

[t=0.0104567s, 24640 KB] In ts_2_2 of size 7 found num new op-mutexes 0

[t=0.0105441s, 24640 KB] In ts_2_4 of size 2 found num new op-mutexes 0

[t=0.0108293s, 24640 KB] In ts_2_5 of size 7 found num new op-mutexes 0

[t=0.0109038s, 24640 KB] In ts_2_7 of size 2 found num new op-mutexes 0

[t=0.0109739s, 24640 KB] In ts_2_8 of size 2 found num new op-mutexes 0

[t=0.011396s, 24640 KB] In ts_2_10 of size 18 found num new op-mutexes 0

[t=0.0125123s, 24640 KB] In ts_2_12 of size 12 found num new op-mutexes 0
[t=0.0125524s, 24640 KB] Operator mutex finished iteration 2. Found an additional 0 operator mutexes

[t=0.0125836s, 24640 KB] Next pair of indices: (12, 5)
[t=0.0126055s, 24640 KB] M&S algorithm main loop timer: 0.00933447s (after computation of next merge)
[t=0.0126461s, 24640 KB] M&S algorithm main loop timer: 0.00937715s (after shrinking)
[t=0.0127503s, 24640 KB] M&S algorithm main loop timer: 0.00948374s (after merging)

[t=0.0127847s, 24640 KB] Operator mutex starting iteration 3

[t=0.0130982s, 24640 KB] In ts_3_2 of size 7 found num new op-mutexes 0

[t=0.013175s, 24640 KB] In ts_3_4 of size 2 found num new op-mutexes 0

[t=0.0132469s, 24640 KB] In ts_3_7 of size 2 found num new op-mutexes 0

[t=0.0133168s, 24640 KB] In ts_3_8 of size 2 found num new op-mutexes 0

[t=0.0137048s, 24640 KB] In ts_3_10 of size 18 found num new op-mutexes 0

[t=0.0151447s, 24640 KB] In ts_3_13 of size 72 found num new op-mutexes 0
[t=0.0151988s, 24640 KB] Operator mutex finished iteration 3. Found an additional 0 operator mutexes

[t=0.0152407s, 24640 KB] Next pair of indices: (13, 4)
[t=0.015274s, 24640 KB] M&S algorithm main loop timer: 0.0120126s (after computation of next merge)
[t=0.0155481s, 24640 KB] M&S algorithm main loop timer: 0.0122963s (after merging)

[t=0.0156143s, 24640 KB] Operator mutex starting iteration 4

[t=0.0160977s, 24640 KB] In ts_4_2 of size 7 found num new op-mutexes 0

[t=0.016221s, 24640 KB] In ts_4_7 of size 2 found num new op-mutexes 0

[t=0.0163367s, 24640 KB] In ts_4_8 of size 2 found num new op-mutexes 0

[t=0.0169224s, 24640 KB] In ts_4_10 of size 18 found num new op-mutexes 0

[t=0.0189058s, 24640 KB] In ts_4_14 of size 144 found num new op-mutexes 0
[t=0.018957s, 24640 KB] Operator mutex finished iteration 4. Found an additional 0 operator mutexes

[t=0.0189909s, 24640 KB] Next pair of indices: (14, 2)
[t=0.0190141s, 24640 KB] M&S algorithm main loop timer: 0.015743s (after computation of next merge)
[t=0.0191638s, 24640 KB] M&S algorithm main loop timer: 0.0159003s (after shrinking)
[t=0.0195739s, 24640 KB] M&S algorithm main loop timer: 0.0163305s (after merging)
[t=0.0196777s, 24640 KB] M&S algorithm main loop timer: 0.0164137s (after pruning)

[t=0.0197094s, 24640 KB] Operator mutex starting iteration 5

[t=0.0197738s, 24640 KB] In ts_5_7 of size 2 found num new op-mutexes 0

[t=0.0198494s, 24640 KB] In ts_5_8 of size 2 found num new op-mutexes 0

[t=0.0202414s, 24640 KB] In ts_5_10 of size 18 found num new op-mutexes 0

[t=0.0221474s, 24640 KB] In ts_5_15 of size 184 found num new op-mutexes 0
[t=0.0221929s, 24640 KB] Operator mutex finished iteration 5. Found an additional 0 operator mutexes

[t=0.0222253s, 24640 KB] Next pair of indices: (15, 8)
[t=0.022248s, 24640 KB] M&S algorithm main loop timer: 0.0189769s (after computation of next merge)
[t=0.0226517s, 24640 KB] M&S algorithm main loop timer: 0.0193992s (after merging)
[t=0.0227381s, 24640 KB] M&S algorithm main loop timer: 0.0194749s (after pruning)

[t=0.022771s, 24640 KB] Operator mutex starting iteration 6

[t=0.0228344s, 24640 KB] In ts_6_7 of size 2 found num new op-mutexes 0

[t=0.0232317s, 24640 KB] In ts_6_10 of size 18 found num new op-mutexes 0

[t=0.0271002s, 25092 KB] In ts_6_16 of size 184 found num new op-mutexes 18000
[t=0.0271514s, 25092 KB] Operator mutex finished iteration 6. Found an additional 18000 operator mutexes

[t=0.0271917s, 25092 KB] Next pair of indices: (16, 7)
[t=0.0272152s, 25092 KB] M&S algorithm main loop timer: 0.0239442s (after computation of next merge)
[t=0.0275996s, 25092 KB] M&S algorithm main loop timer: 0.0243442s (after merging)
[t=0.0276839s, 25092 KB] M&S algorithm main loop timer: 0.0244211s (after pruning)

[t=0.0277171s, 25092 KB] Operator mutex starting iteration 7

[t=0.0281683s, 25092 KB] In ts_7_10 of size 18 found num new op-mutexes 0

[t=0.0339391s, 25936 KB] In ts_7_17 of size 184 found num new op-mutexes 10260
[t=0.0340064s, 25936 KB] Operator mutex finished iteration 7. Found an additional 10260 operator mutexes

[t=0.0340493s, 25936 KB] Next pair of indices: (17, 10)
[t=0.0340938s, 25936 KB] M&S algorithm main loop timer: 0.0308288s (after computation of next merge)
[t=0.0353815s, 25936 KB] M&S algorithm main loop timer: 0.0321241s (after merging)
[t=0.0355216s, 25936 KB] M&S algorithm main loop timer: 0.032259s (after pruning)

[t=0.0355555s, 25936 KB] Operator mutex starting iteration 8

[t=0.0413362s, 25936 KB] In ts_8_18 of size 319 found num new op-mutexes 2340
[t=0.0413912s, 25936 KB] Operator mutex finished iteration 8. Found an additional 2340 operator mutexes

[t=0.0414274s, 25936 KB] End of merge-and-shrink algorithm, statistics:
[t=0.0414498s, 25936 KB] Main loop runtime: 0.0381792s
[t=0.0414714s, 25936 KB] Maximum intermediate abstraction size: 3312
[t=0.0414912s, 25936 KB] Final peak memory increase of merge-and-shrink algorithm: 3336 KB
[t=0.041523s, 25936 KB] Merge-and-shrink algorithm runtime: 0.0391632s

[t=0.0415464s, 25936 KB] Number of labels: 261
[t=0.0415654s, 25936 KB] Total number of operator mutexes: 62151
[t=0.0415842s, 25936 KB] Operator Mutex total time: 0.0335617s
[t=0.0416103s, 25936 KB] Number of remaining factors: 1
[t=0.0416422s, 25936 KB] Number of factors kept: 1
[t=0.0416636s, 25936 KB] Done initializing merge-and-shrink heuristic.

[t=0.0426595s, 25936 KB] Building successor generator...done!
[t=0.0436233s, 25936 KB] peak memory difference for successor generator creation: 0 KB
[t=0.0436437s, 25936 KB] time for successor generation creation: 9.5517e-05s
[t=0.04367s, 25936 KB] Variables: 10
[t=0.0436912s, 25936 KB] FactPairs: 41
[t=0.0437111s, 25936 KB] Bytes per state: 4
[t=0.043847s, 25936 KB] Conducting best first search with reopening closed nodes, (real) bound = 2147483647
[t=0.0439072s, 25936 KB] New best heuristic value for merge_and_shrink(op_mutex = op_mutex(use_previous_ops = nopo, reachability_strategy = goal), merge_strategy = merge_sccs(order_of_sccs = topological, merge_tree = linear), shrink_strategy = shrink_bisimulation(greedy = false, at_limit = return)): 13
[t=0.0439314s, 25936 KB] g=0, 1 evaluated, 0 expanded
[t=0.0439528s, 25936 KB] f = 13, 1 evaluated, 0 expanded
[t=0.0439767s, 25936 KB] Initial heuristic value for merge_and_shrink(op_mutex = op_mutex(use_previous_ops = nopo, reachability_strategy = goal), merge_strategy = merge_sccs(order_of_sccs = topological, merge_tree = linear), shrink_strategy = shrink_bisimulation(greedy = false, at_limit = return)): 13
[t=0.0439986s, 25936 KB] pruning method: none
[t=0.0440343s, 25936 KB] New best heuristic value for merge_and_shrink(op_mutex = op_mutex(use_previous_ops = nopo, reachability_strategy = goal), merge_strategy = merge_sccs(order_of_sccs = topological, merge_tree = linear), shrink_strategy = shrink_bisimulation(greedy = false, at_limit = return)): 12
[t=0.0440579s, 25936 KB] g=1, 3 evaluated, 1 expanded
[t=0.0440879s, 25936 KB] New best heuristic value for merge_and_shrink(op_mutex = op_mutex(use_previous_ops = nopo, reachability_strategy = goal), merge_strategy = merge_sccs(order_of_sccs = topological, merge_tree = linear), shrink_strategy = shrink_bisimulation(greedy = false, at_limit = return)): 11
[t=0.0441106s, 25936 KB] g=2, 6 evaluated, 2 expanded
[t=0.0441536s, 25936 KB] New best heuristic value for merge_and_shrink(op_mutex = op_mutex(use_previous_ops = nopo, reachability_strategy = goal), merge_strategy = merge_sccs(order_of_sccs = topological, merge_tree = linear), shrink_strategy = shrink_bisimulation(greedy = false, at_limit = return)): 10
[t=0.0441767s, 25936 KB] g=3, 16 evaluated, 3 expanded
[t=0.0442104s, 25936 KB] New best heuristic value for merge_and_shrink(op_mutex = op_mutex(use_previous_ops = nopo, reachability_strategy = goal), merge_strategy = merge_sccs(order_of_sccs = topological, merge_tree = linear), shrink_strategy = shrink_bisimulation(greedy = false, at_limit = return)): 9
[t=0.0442342s, 25936 KB] g=4, 21 evaluated, 4 expanded
[t=0.044271s, 25936 KB] New best heuristic value for merge_and_shrink(op_mutex = op_mutex(use_previous_ops = nopo, reachability_strategy = goal), merge_strategy = merge_sccs(order_of_sccs = topological, merge_tree = linear), shrink_strategy = shrink_bisimulation(greedy = false, at_limit = return)): 8
[t=0.0442939s, 25936 KB] g=5, 25 evaluated, 5 expanded
[t=0.0443371s, 25936 KB] New best heuristic value for merge_and_shrink(op_mutex = op_mutex(use_previous_ops = nopo, reachability_strategy = goal), merge_strategy = merge_sccs(order_of_sccs = topological, merge_tree = linear), shrink_strategy = shrink_bisimulation(greedy = false, at_limit = return)): 7
[t=0.0443598s, 25936 KB] g=6, 35 evaluated, 6 expanded
[t=0.0443975s, 25936 KB] New best heuristic value for merge_and_shrink(op_mutex = op_mutex(use_previous_ops = nopo, reachability_strategy = goal), merge_strategy = merge_sccs(order_of_sccs = topological, merge_tree = linear), shrink_strategy = shrink_bisimulation(greedy = false, at_limit = return)): 6
[t=0.0444201s, 25936 KB] g=7, 45 evaluated, 7 expanded
[t=0.0444524s, 25936 KB] New best heuristic value for merge_and_shrink(op_mutex = op_mutex(use_previous_ops = nopo, reachability_strategy = goal), merge_strategy = merge_sccs(order_of_sccs = topological, merge_tree = linear), shrink_strategy = shrink_bisimulation(greedy = false, at_limit = return)): 5
[t=0.0444744s, 25936 KB] g=8, 52 evaluated, 8 expanded
[t=0.0445015s, 25936 KB] New best heuristic value for merge_and_shrink(op_mutex = op_mutex(use_previous_ops = nopo, reachability_strategy = goal), merge_strategy = merge_sccs(order_of_sccs = topological, merge_tree = linear), shrink_strategy = shrink_bisimulation(greedy = false, at_limit = return)): 4
[t=0.0445233s, 25936 KB] g=9, 55 evaluated, 9 expanded
[t=0.0445539s, 25936 KB] New best heuristic value for merge_and_shrink(op_mutex = op_mutex(use_previous_ops = nopo, reachability_strategy = goal), merge_strategy = merge_sccs(order_of_sccs = topological, merge_tree = linear), shrink_strategy = shrink_bisimulation(greedy = false, at_limit = return)): 3
[t=0.0445865s, 25936 KB] g=10, 59 evaluated, 10 expanded
[t=0.0446153s, 25936 KB] New best heuristic value for merge_and_shrink(op_mutex = op_mutex(use_previous_ops = nopo, reachability_strategy = goal), merge_strategy = merge_sccs(order_of_sccs = topological, merge_tree = linear), shrink_strategy = shrink_bisimulation(greedy = false, at_limit = return)): 2
[t=0.0446375s, 25936 KB] g=11, 62 evaluated, 11 expanded
[t=0.0446817s, 25936 KB] New best heuristic value for merge_and_shrink(op_mutex = op_mutex(use_previous_ops = nopo, reachability_strategy = goal), merge_strategy = merge_sccs(order_of_sccs = topological, merge_tree = linear), shrink_strategy = shrink_bisimulation(greedy = false, at_limit = return)): 1
[t=0.0447041s, 25936 KB] g=12, 70 evaluated, 12 expanded
[t=0.044741s, 25936 KB] New best heuristic value for merge_and_shrink(op_mutex = op_mutex(use_previous_ops = nopo, reachability_strategy = goal), merge_strategy = merge_sccs(order_of_sccs = topological, merge_tree = linear), shrink_strategy = shrink_bisimulation(greedy = false, at_limit = return)): 0
[t=0.0447637s, 25936 KB] g=13, 78 evaluated, 13 expanded
[t=0.0447855s, 25936 KB] Solution found!
[t=0.044808s, 25936 KB] Actual search time: 0.000804624s
drive_truck1_l3_l2_t0_t1  (1)
load_package1_truck1_a1_l2  (1)
drive_truck1_l2_l3_t1_t2  (1)
unload_package1_truck1_a1_l3  (1)
drive_truck1_l3_l2_t2_t3  (1)
load_package2_truck1_a2_l2  (1)
load_package3_truck1_a1_l2  (1)
deliver_package1_l3_t3_t3  (1)
drive_truck1_l2_l1_t3_t4  (1)
unload_package3_truck1_a1_l1  (1)
unload_package2_truck1_a2_l1  (1)
deliver_package2_l1_t4_t4  (1)
deliver_package3_l1_t4_t6  (1)
[t=0.0448301s, 25936 KB] Plan length: 13 step(s).
[t=0.0448301s, 25936 KB] Plan cost: 13
[t=0.0448301s, 25936 KB] Expanded 14 state(s).
[t=0.0448301s, 25936 KB] Reopened 0 state(s).
[t=0.0448301s, 25936 KB] Evaluated 78 state(s).
[t=0.0448301s, 25936 KB] Evaluations: 78
[t=0.0448301s, 25936 KB] Generated 144 state(s).
[t=0.0448301s, 25936 KB] Dead ends: 33 state(s).
[t=0.0448301s, 25936 KB] Expanded until last jump: 0 state(s).
[t=0.0448301s, 25936 KB] Reopened until last jump: 0 state(s).
[t=0.0448301s, 25936 KB] Evaluated until last jump: 1 state(s).
[t=0.0448301s, 25936 KB] Generated until last jump: 0 state(s).
[t=0.0448301s, 25936 KB] Number of registered states: 78
[t=0.0448301s, 25936 KB] Int hash set load factor: 78/128 = 0.609375
[t=0.0448301s, 25936 KB] Int hash set resizes: 7
[t=0.0448301s, 25936 KB] Search time: 0.000983972s
[t=0.0448301s, 25936 KB] Total time: 0.0448301s
Solution found.
Peak memory: 25936 KB
Remove intermediate file output.sas
search exit code: 0

INFO     Running validate.
INFO     validate stdin: None
INFO     validate time limit: None
INFO     validate memory limit: None
INFO     validate command line string: validate domain.pddl problem.pddl sas_plan
Checking plan: sas_plan
Plan executed successfully - checking goal
Plan valid
Final value: 13 

Successful plans:
Value: 13
 sas_plan 13 

validate exit code: 0

