INFO     Running translator.
INFO     translator stdin: None
INFO     translator time limit: 599.96s
INFO     translator memory limit: 7000 MB
INFO     translator command line string: /usr/bin/python3 /user/student.aau.dk/lkar18/downward-projects/downward/experiments/nopo_vs_nasutpo_vs_nelutpo/data/nopo_vs_nasutpo_vs_nelutpo/code-f7902f30c0f47512f07fb7c64cdaf652032f674a_e5e41175/builds/release/bin/translate/translate.py domain.pddl problem.pddl --sas-file output.sas
Parsing...
Parsing: [0.010s CPU, 0.002s wall-clock]
Normalizing task... [0.000s CPU, 0.000s wall-clock]
Instantiating...
Generating Datalog program... [0.000s CPU, 0.001s wall-clock]
Normalizing Datalog program...
Normalizing Datalog program: [0.000s CPU, 0.003s wall-clock]
Preparing model... [0.000s CPU, 0.002s wall-clock]
Generated 42 rules.
Computing model... [0.090s CPU, 0.100s wall-clock]
7768 relevant atoms
4174 auxiliary atoms
11942 final queue length
25710 total queue pushes
Completing instantiation... [0.310s CPU, 0.310s wall-clock]
Instantiating: [0.410s CPU, 0.417s wall-clock]
Computing fact groups...
Finding invariants...
12 initial candidates
Finding invariants: [0.010s CPU, 0.007s wall-clock]
Checking invariant weight... [0.000s CPU, 0.000s wall-clock]
Instantiating groups... [0.000s CPU, 0.004s wall-clock]
Collecting mutex groups... [0.000s CPU, 0.000s wall-clock]
Choosing groups...
2 uncovered facts
Choosing groups: [0.000s CPU, 0.001s wall-clock]
Building translation key... [0.000s CPU, 0.001s wall-clock]
Computing fact groups: [0.010s CPU, 0.015s wall-clock]
Building STRIPS to SAS dictionary... [0.000s CPU, 0.000s wall-clock]
Building dictionary for full mutex groups... [0.000s CPU, 0.000s wall-clock]
Building mutex information...
Building mutex information: [0.000s CPU, 0.000s wall-clock]
Translating task...
Processing axioms...
Simplifying axioms... [0.000s CPU, 0.000s wall-clock]
Translator axioms removed by simplifying: 0
Computing negative axioms... [0.000s CPU, 0.000s wall-clock]
Processing axioms: [0.020s CPU, 0.014s wall-clock]
Translating task: [0.270s CPU, 0.264s wall-clock]
0 effect conditions simplified
0 implied preconditions added
Detecting unreachable propositions...
0 operators removed
0 axioms removed
46 propositions removed
Detecting unreachable propositions: [0.160s CPU, 0.154s wall-clock]
Reordering and filtering variables...
42 of 42 variables necessary.
0 of 42 mutex groups necessary.
7094 of 7094 operators necessary.
0 of 0 axiom rules necessary.
Reordering and filtering variables: [0.030s CPU, 0.033s wall-clock]
Translator variables: 42
Translator derived variables: 0
Translator facts: 462
Translator goal facts: 1
Translator mutex groups: 0
Translator total mutex groups size: 0
Translator operators: 7094
Translator axioms: 0
Translator task size: 40295
Translator peak memory: 69816 KB
Writing output... [0.070s CPU, 0.076s wall-clock]
Done! [0.980s CPU, 0.986s wall-clock]
translate exit code: 0

INFO     Running search (release).
INFO     search stdin: output.sas
INFO     search time limit: 598.93s
INFO     search memory limit: 7000 MB
INFO     search command line string: /user/student.aau.dk/lkar18/downward-projects/downward/experiments/nopo_vs_nasutpo_vs_nelutpo/data/nopo_vs_nasutpo_vs_nelutpo/code-f7902f30c0f47512f07fb7c64cdaf652032f674a_e5e41175/builds/release/bin/downward --search 'astar(merge_and_shrink(op_mutex=op_mutex(use_previous_ops=NoPO, reachability_strategy=goal)))' --internal-plan-file sas_plan < output.sas
[t=3.305e-05s, 22344 KB] reading input...
[t=0.0259043s, 24456 KB] done reading input!
[t=0.0274959s, 24720 KB] Initializing merge-and-shrink heuristic...
[t=0.02757s, 24720 KB] Running merge-and-shrink algorithm...
[t=0.02759s, 24720 KB] Merge strategy options:
[t=0.02762s, 24720 KB] Type: stateless
[t=0.0276399s, 24720 KB] Merge selector options:
[t=0.027659s, 24720 KB] Name: score based filtering
[t=0.0276782s, 24720 KB] Merge scoring function:
[t=0.027697s, 24720 KB] Name: goal relevance
[t=0.0277157s, 24720 KB] Merge scoring function:
[t=0.027734s, 24720 KB] Name: dfp
[t=0.0277524s, 24720 KB] Merge scoring function:
[t=0.0277704s, 24720 KB] Name: total order
[t=0.0277892s, 24720 KB] Atomic transition system order: reverse level
[t=0.0278078s, 24720 KB] Product transition system order: new to old
[t=0.0278271s, 24720 KB] Consider atomic before product transition systems
[t=0.0278463s, 24720 KB] Random seed: -1

[t=0.0278671s, 24720 KB] Options related to size limits and shrinking: 
[t=0.0278865s, 24720 KB] Transition system size limit: 50000
[t=0.0279054s, 24720 KB] Transition system size limit right before merge: 50000
[t=0.0279243s, 24720 KB] Threshold to trigger shrinking right before merge: 1

[t=0.0279457s, 24720 KB] Pruning unreachable states: yes
[t=0.0279648s, 24720 KB] Pruning irrelevant states: yes

[t=0.0279859s, 24720 KB] Label reduction disabled

[t=0.0280085s, 24720 KB] Main loop max time in seconds: inf

[t=0.0280323s, 24720 KB] ===============================================================================
[t=0.0280515s, 24720 KB] WARNING! You did not enable label reduction.
This may drastically reduce the performance of merge-and-shrink!
[t=0.0280711s, 24720 KB] ===============================================================================

[t=0.0280982s, 24720 KB] Building atomic transition systems... 
[t=0.055942s, 78756 KB] M&S algorithm timer: 0.0284703s (after computation of atomic factors)

[t=0.0560769s, 78756 KB] Starting main loop without a time limit.
[t=0.0579294s, 78756 KB] Next pair of indices: (9, 41)
[t=0.057962s, 78756 KB] M&S algorithm main loop timer: 0.00190542s (after computation of next merge)
[t=0.059147s, 78756 KB] M&S algorithm main loop timer: 0.00313558s (after merging)

[t=0.0592504s, 78756 KB] Operator mutex starting iteration 0
[t=0.0604597s, 78756 KB] In ts_0_0 of size 3 found num new op-mutexes 800
[t=0.0614767s, 78820 KB] In ts_0_1 of size 3 found num new op-mutexes 800
[t=0.062466s, 78820 KB] In ts_0_2 of size 3 found num new op-mutexes 800
[t=0.0636149s, 78952 KB] In ts_0_3 of size 3 found num new op-mutexes 1800
[t=0.0652025s, 79132 KB] In ts_0_4 of size 4 found num new op-mutexes 4800
[t=0.0664159s, 79132 KB] In ts_0_5 of size 7 found num new op-mutexes 2400
[t=0.0687944s, 79492 KB] In ts_0_6 of size 6 found num new op-mutexes 4500
[t=0.07013s, 79492 KB] In ts_0_7 of size 9 found num new op-mutexes 3200
[t=0.0715453s, 79624 KB] In ts_0_8 of size 11 found num new op-mutexes 4000
[t=0.0736884s, 80224 KB] In ts_0_10 of size 11 found num new op-mutexes 4000
[t=0.0746586s, 80224 KB] In ts_0_11 of size 18 found num new op-mutexes 210
[t=0.0756227s, 80224 KB] In ts_0_12 of size 18 found num new op-mutexes 210
[t=0.0773038s, 80224 KB] In ts_0_13 of size 8 found num new op-mutexes 6300
[t=0.078298s, 80224 KB] In ts_0_14 of size 18 found num new op-mutexes 210
[t=0.0800482s, 80356 KB] In ts_0_15 of size 8 found num new op-mutexes 6300
[t=0.081041s, 80356 KB] In ts_0_16 of size 18 found num new op-mutexes 210
[t=0.0828933s, 80620 KB] In ts_0_17 of size 8 found num new op-mutexes 6300
[t=0.0839018s, 80620 KB] In ts_0_18 of size 18 found num new op-mutexes 210
[t=0.0874644s, 81596 KB] In ts_0_19 of size 8 found num new op-mutexes 6300
[t=0.0884703s, 81596 KB] In ts_0_20 of size 18 found num new op-mutexes 210
[t=0.0898603s, 81596 KB] In ts_0_21 of size 12 found num new op-mutexes 4400
[t=0.0908428s, 81596 KB] In ts_0_22 of size 18 found num new op-mutexes 210
[t=0.0925596s, 81596 KB] In ts_0_23 of size 9 found num new op-mutexes 7200
[t=0.0935399s, 81596 KB] In ts_0_24 of size 18 found num new op-mutexes 210
[t=0.0945358s, 81596 KB] In ts_0_25 of size 18 found num new op-mutexes 210
[t=0.0973254s, 81992 KB] In ts_0_26 of size 9 found num new op-mutexes 12800
[t=0.0982321s, 81992 KB] In ts_0_27 of size 4 found num new op-mutexes 0
[t=0.0991193s, 81992 KB] In ts_0_28 of size 4 found num new op-mutexes 0
[t=0.100013s, 81992 KB] In ts_0_29 of size 4 found num new op-mutexes 0
[t=0.100898s, 81992 KB] In ts_0_30 of size 4 found num new op-mutexes 0
[t=0.101781s, 81992 KB] In ts_0_31 of size 4 found num new op-mutexes 0
[t=0.102698s, 81992 KB] In ts_0_32 of size 4 found num new op-mutexes 0
[t=0.103598s, 81992 KB] In ts_0_33 of size 4 found num new op-mutexes 0
[t=0.104488s, 81992 KB] In ts_0_34 of size 4 found num new op-mutexes 0
[t=0.105901s, 82124 KB] In ts_0_35 of size 29 found num new op-mutexes 0
[t=0.107227s, 82124 KB] In ts_0_36 of size 29 found num new op-mutexes 0
[t=0.108136s, 82124 KB] In ts_0_37 of size 4 found num new op-mutexes 0
[t=0.109043s, 82124 KB] In ts_0_38 of size 4 found num new op-mutexes 0
[t=0.110358s, 82124 KB] In ts_0_39 of size 29 found num new op-mutexes 0
[t=0.111274s, 82124 KB] In ts_0_40 of size 4 found num new op-mutexes 0
[t=0.11494s, 82760 KB] In ts_0_42 of size 522 found num new op-mutexes 210
[t=0.115108s, 82760 KB] Operator mutex finished iteration 0. Found an additional 78800 operator mutexes

[t=0.116902s, 82760 KB] Next pair of indices: (0, 42)
[t=0.116935s, 82760 KB] M&S algorithm main loop timer: 0.0608775s (after computation of next merge)
[t=0.119552s, 82760 KB] M&S algorithm main loop timer: 0.0635347s (after merging)

[t=0.119711s, 82760 KB] Operator mutex starting iteration 1
[t=0.120845s, 82760 KB] In ts_1_1 of size 3 found num new op-mutexes 0
[t=0.122044s, 82760 KB] In ts_1_2 of size 3 found num new op-mutexes 0
[t=0.123434s, 82760 KB] In ts_1_3 of size 3 found num new op-mutexes 0
[t=0.125373s, 82760 KB] In ts_1_4 of size 4 found num new op-mutexes 0
[t=0.126937s, 82760 KB] In ts_1_5 of size 7 found num new op-mutexes 0
[t=0.128617s, 82760 KB] In ts_1_6 of size 6 found num new op-mutexes 0
[t=0.129977s, 82760 KB] In ts_1_7 of size 9 found num new op-mutexes 0
[t=0.131544s, 82760 KB] In ts_1_8 of size 11 found num new op-mutexes 0
[t=0.133068s, 82760 KB] In ts_1_10 of size 11 found num new op-mutexes 0
[t=0.134074s, 82760 KB] In ts_1_11 of size 18 found num new op-mutexes 0
[t=0.135085s, 82760 KB] In ts_1_12 of size 18 found num new op-mutexes 0
[t=0.137013s, 82760 KB] In ts_1_13 of size 8 found num new op-mutexes 0
[t=0.138025s, 82760 KB] In ts_1_14 of size 18 found num new op-mutexes 0
[t=0.139788s, 82760 KB] In ts_1_15 of size 8 found num new op-mutexes 0
[t=0.140822s, 82760 KB] In ts_1_16 of size 18 found num new op-mutexes 0
[t=0.14244s, 82760 KB] In ts_1_17 of size 8 found num new op-mutexes 0
[t=0.143452s, 82760 KB] In ts_1_18 of size 18 found num new op-mutexes 0
[t=0.145318s, 82760 KB] In ts_1_19 of size 8 found num new op-mutexes 0
[t=0.146316s, 82760 KB] In ts_1_20 of size 18 found num new op-mutexes 0
[t=0.147696s, 82760 KB] In ts_1_21 of size 12 found num new op-mutexes 0
[t=0.148705s, 82760 KB] In ts_1_22 of size 18 found num new op-mutexes 0
[t=0.150426s, 82760 KB] In ts_1_23 of size 9 found num new op-mutexes 0
[t=0.151443s, 82760 KB] In ts_1_24 of size 18 found num new op-mutexes 0
[t=0.152446s, 82760 KB] In ts_1_25 of size 18 found num new op-mutexes 0
[t=0.154722s, 82760 KB] In ts_1_26 of size 9 found num new op-mutexes 0
[t=0.155645s, 82760 KB] In ts_1_27 of size 4 found num new op-mutexes 0
[t=0.156572s, 82760 KB] In ts_1_28 of size 4 found num new op-mutexes 0
[t=0.157489s, 82760 KB] In ts_1_29 of size 4 found num new op-mutexes 0
[t=0.158409s, 82760 KB] In ts_1_30 of size 4 found num new op-mutexes 0
[t=0.159339s, 82760 KB] In ts_1_31 of size 4 found num new op-mutexes 0
[t=0.160284s, 82760 KB] In ts_1_32 of size 4 found num new op-mutexes 0
[t=0.161216s, 82760 KB] In ts_1_33 of size 4 found num new op-mutexes 0
[t=0.16213s, 82760 KB] In ts_1_34 of size 4 found num new op-mutexes 0
[t=0.163473s, 82760 KB] In ts_1_35 of size 29 found num new op-mutexes 0
[t=0.164848s, 82760 KB] In ts_1_36 of size 29 found num new op-mutexes 0
[t=0.165775s, 82760 KB] In ts_1_37 of size 4 found num new op-mutexes 0
[t=0.16669s, 82760 KB] In ts_1_38 of size 4 found num new op-mutexes 0
[t=0.168048s, 82760 KB] In ts_1_39 of size 29 found num new op-mutexes 0
[t=0.168972s, 82760 KB] In ts_1_40 of size 4 found num new op-mutexes 0
[t=0.179388s, 82768 KB] In ts_1_43 of size 1566 found num new op-mutexes 2
[t=0.179604s, 82768 KB] Operator mutex finished iteration 1. Found an additional 2 operator mutexes

[t=0.181475s, 82768 KB] Next pair of indices: (1, 43)
[t=0.181506s, 82768 KB] M&S algorithm main loop timer: 0.12545s (after computation of next merge)
[t=0.188562s, 82768 KB] M&S algorithm main loop timer: 0.132556s (after merging)

[t=0.188897s, 82768 KB] Operator mutex starting iteration 2
[t=0.190132s, 82768 KB] In ts_2_2 of size 3 found num new op-mutexes 0
[t=0.191555s, 82768 KB] In ts_2_3 of size 3 found num new op-mutexes 0
[t=0.193526s, 82768 KB] In ts_2_4 of size 4 found num new op-mutexes 0
[t=0.195078s, 82768 KB] In ts_2_5 of size 7 found num new op-mutexes 0
[t=0.196755s, 82768 KB] In ts_2_6 of size 6 found num new op-mutexes 0
[t=0.198138s, 82768 KB] In ts_2_7 of size 9 found num new op-mutexes 0
[t=0.199721s, 82768 KB] In ts_2_8 of size 11 found num new op-mutexes 0
[t=0.201254s, 82768 KB] In ts_2_10 of size 11 found num new op-mutexes 0
[t=0.202251s, 82768 KB] In ts_2_11 of size 18 found num new op-mutexes 0
[t=0.203259s, 82768 KB] In ts_2_12 of size 18 found num new op-mutexes 0
[t=0.205176s, 82768 KB] In ts_2_13 of size 8 found num new op-mutexes 0
[t=0.206176s, 82768 KB] In ts_2_14 of size 18 found num new op-mutexes 0
[t=0.20796s, 82768 KB] In ts_2_15 of size 8 found num new op-mutexes 0
[t=0.208953s, 82768 KB] In ts_2_16 of size 18 found num new op-mutexes 0
[t=0.210605s, 82768 KB] In ts_2_17 of size 8 found num new op-mutexes 0
[t=0.211631s, 82768 KB] In ts_2_18 of size 18 found num new op-mutexes 0
[t=0.213492s, 82768 KB] In ts_2_19 of size 8 found num new op-mutexes 0
[t=0.21448s, 82768 KB] In ts_2_20 of size 18 found num new op-mutexes 0
[t=0.215892s, 82768 KB] In ts_2_21 of size 12 found num new op-mutexes 0
[t=0.216882s, 82768 KB] In ts_2_22 of size 18 found num new op-mutexes 0
[t=0.218633s, 82768 KB] In ts_2_23 of size 9 found num new op-mutexes 0
[t=0.219631s, 82768 KB] In ts_2_24 of size 18 found num new op-mutexes 0
[t=0.220644s, 82768 KB] In ts_2_25 of size 18 found num new op-mutexes 0
[t=0.22307s, 82768 KB] In ts_2_26 of size 9 found num new op-mutexes 0
[t=0.223991s, 82768 KB] In ts_2_27 of size 4 found num new op-mutexes 0
[t=0.224888s, 82768 KB] In ts_2_28 of size 4 found num new op-mutexes 0
[t=0.225788s, 82768 KB] In ts_2_29 of size 4 found num new op-mutexes 0
[t=0.226683s, 82768 KB] In ts_2_30 of size 4 found num new op-mutexes 0
[t=0.227591s, 82768 KB] In ts_2_31 of size 4 found num new op-mutexes 0
[t=0.228482s, 82768 KB] In ts_2_32 of size 4 found num new op-mutexes 0
[t=0.229382s, 82768 KB] In ts_2_33 of size 4 found num new op-mutexes 0
[t=0.230289s, 82768 KB] In ts_2_34 of size 4 found num new op-mutexes 0
[t=0.231642s, 82768 KB] In ts_2_35 of size 29 found num new op-mutexes 0
[t=0.232975s, 82768 KB] In ts_2_36 of size 29 found num new op-mutexes 0
[t=0.23389s, 82768 KB] In ts_2_37 of size 4 found num new op-mutexes 0
[t=0.234805s, 82768 KB] In ts_2_38 of size 4 found num new op-mutexes 0
[t=0.23615s, 82768 KB] In ts_2_39 of size 29 found num new op-mutexes 0
[t=0.237076s, 82768 KB] In ts_2_40 of size 4 found num new op-mutexes 0
[t=0.271426s, 87008 KB] In ts_2_44 of size 4698 found num new op-mutexes 0
[t=0.271729s, 87008 KB] Operator mutex finished iteration 2. Found an additional 0 operator mutexes

[t=0.273773s, 87008 KB] Next pair of indices: (2, 44)
[t=0.273804s, 87008 KB] M&S algorithm main loop timer: 0.217747s (after computation of next merge)
[t=0.296463s, 87008 KB] M&S algorithm main loop timer: 0.240448s (after merging)
[t=0.30181s, 87008 KB] M&S algorithm main loop timer: 0.245794s (after pruning)

[t=0.301881s, 87008 KB] Operator mutex starting iteration 3
[t=0.303217s, 87008 KB] In ts_3_3 of size 3 found num new op-mutexes 0
[t=0.305269s, 87008 KB] In ts_3_4 of size 4 found num new op-mutexes 0
[t=0.306755s, 87008 KB] In ts_3_5 of size 7 found num new op-mutexes 0
[t=0.308494s, 87008 KB] In ts_3_6 of size 6 found num new op-mutexes 0
[t=0.310059s, 87008 KB] In ts_3_7 of size 9 found num new op-mutexes 0
[t=0.311687s, 87008 KB] In ts_3_8 of size 11 found num new op-mutexes 0
[t=0.313233s, 87008 KB] In ts_3_10 of size 11 found num new op-mutexes 0
[t=0.314286s, 87008 KB] In ts_3_11 of size 18 found num new op-mutexes 0
[t=0.315326s, 87008 KB] In ts_3_12 of size 18 found num new op-mutexes 0
[t=0.317313s, 87008 KB] In ts_3_13 of size 8 found num new op-mutexes 0
[t=0.318343s, 87008 KB] In ts_3_14 of size 18 found num new op-mutexes 0
[t=0.320226s, 87008 KB] In ts_3_15 of size 8 found num new op-mutexes 0
[t=0.321251s, 87008 KB] In ts_3_16 of size 18 found num new op-mutexes 0
[t=0.32298s, 87008 KB] In ts_3_17 of size 8 found num new op-mutexes 0
[t=0.324024s, 87008 KB] In ts_3_18 of size 18 found num new op-mutexes 0
[t=0.326727s, 87008 KB] In ts_3_19 of size 8 found num new op-mutexes 0
[t=0.327767s, 87008 KB] In ts_3_20 of size 18 found num new op-mutexes 0
[t=0.329256s, 87008 KB] In ts_3_21 of size 12 found num new op-mutexes 0
[t=0.330352s, 87008 KB] In ts_3_22 of size 18 found num new op-mutexes 0
[t=0.332608s, 87008 KB] In ts_3_23 of size 9 found num new op-mutexes 0
[t=0.333633s, 87008 KB] In ts_3_24 of size 18 found num new op-mutexes 0
[t=0.334661s, 87008 KB] In ts_3_25 of size 18 found num new op-mutexes 0
[t=0.336999s, 87008 KB] In ts_3_26 of size 9 found num new op-mutexes 0
[t=0.337937s, 87008 KB] In ts_3_27 of size 4 found num new op-mutexes 0
[t=0.338881s, 87008 KB] In ts_3_28 of size 4 found num new op-mutexes 0
[t=0.339833s, 87008 KB] In ts_3_29 of size 4 found num new op-mutexes 0
[t=0.340774s, 87008 KB] In ts_3_30 of size 4 found num new op-mutexes 0
[t=0.341692s, 87008 KB] In ts_3_31 of size 4 found num new op-mutexes 0
[t=0.34265s, 87008 KB] In ts_3_32 of size 4 found num new op-mutexes 0
[t=0.343572s, 87008 KB] In ts_3_33 of size 4 found num new op-mutexes 0
[t=0.34449s, 87008 KB] In ts_3_34 of size 4 found num new op-mutexes 0
[t=0.34586s, 87008 KB] In ts_3_35 of size 29 found num new op-mutexes 0
[t=0.347236s, 87008 KB] In ts_3_36 of size 29 found num new op-mutexes 0
[t=0.348213s, 87008 KB] In ts_3_37 of size 4 found num new op-mutexes 0
[t=0.349158s, 87008 KB] In ts_3_38 of size 4 found num new op-mutexes 0
[t=0.350554s, 87008 KB] In ts_3_39 of size 29 found num new op-mutexes 0
[t=0.351493s, 87008 KB] In ts_3_40 of size 4 found num new op-mutexes 0
[t=0.352514s, 87008 KB] Operator mutex finished iteration 3. Found an additional 0 operator mutexes

[t=0.354348s, 87008 KB] Next pair of indices: (3, 45)
[t=0.354379s, 87008 KB] M&S algorithm main loop timer: 0.298322s (after computation of next merge)
[t=0.432753s, 87008 KB] M&S algorithm main loop timer: 0.376763s (after merging)

[t=0.435084s, 87008 KB] Operator mutex starting iteration 4
[t=0.437044s, 87476 KB] In ts_4_4 of size 4 found num new op-mutexes 0
[t=0.438696s, 87476 KB] In ts_4_5 of size 7 found num new op-mutexes 0
[t=0.440482s, 87476 KB] In ts_4_6 of size 6 found num new op-mutexes 0
[t=0.441932s, 87476 KB] In ts_4_7 of size 9 found num new op-mutexes 0
[t=0.443554s, 87476 KB] In ts_4_8 of size 11 found num new op-mutexes 0
[t=0.445112s, 87476 KB] In ts_4_10 of size 11 found num new op-mutexes 0
[t=0.446146s, 87476 KB] In ts_4_11 of size 18 found num new op-mutexes 0
[t=0.44715s, 87476 KB] In ts_4_12 of size 18 found num new op-mutexes 0
[t=0.449383s, 87476 KB] In ts_4_13 of size 8 found num new op-mutexes 0
[t=0.450484s, 87476 KB] In ts_4_14 of size 18 found num new op-mutexes 0
[t=0.452383s, 87476 KB] In ts_4_15 of size 8 found num new op-mutexes 0
[t=0.4534s, 87476 KB] In ts_4_16 of size 18 found num new op-mutexes 0
[t=0.455116s, 87476 KB] In ts_4_17 of size 8 found num new op-mutexes 0
[t=0.456117s, 87476 KB] In ts_4_18 of size 18 found num new op-mutexes 0
[t=0.45817s, 87476 KB] In ts_4_19 of size 8 found num new op-mutexes 0
[t=0.459197s, 87476 KB] In ts_4_20 of size 18 found num new op-mutexes 0
[t=0.460638s, 87476 KB] In ts_4_21 of size 12 found num new op-mutexes 0
[t=0.461649s, 87476 KB] In ts_4_22 of size 18 found num new op-mutexes 0
[t=0.463537s, 87476 KB] In ts_4_23 of size 9 found num new op-mutexes 0
[t=0.464525s, 87476 KB] In ts_4_24 of size 18 found num new op-mutexes 0
[t=0.465529s, 87476 KB] In ts_4_25 of size 18 found num new op-mutexes 0
[t=0.46791s, 87476 KB] In ts_4_26 of size 9 found num new op-mutexes 0
[t=0.46888s, 87476 KB] In ts_4_27 of size 4 found num new op-mutexes 0
[t=0.469813s, 87476 KB] In ts_4_28 of size 4 found num new op-mutexes 0
[t=0.470717s, 87476 KB] In ts_4_29 of size 4 found num new op-mutexes 0
[t=0.471618s, 87476 KB] In ts_4_30 of size 4 found num new op-mutexes 0
[t=0.472526s, 87476 KB] In ts_4_31 of size 4 found num new op-mutexes 0
[t=0.473448s, 87476 KB] In ts_4_32 of size 4 found num new op-mutexes 0
[t=0.47435s, 87476 KB] In ts_4_33 of size 4 found num new op-mutexes 0
[t=0.47526s, 87476 KB] In ts_4_34 of size 4 found num new op-mutexes 0
[t=0.476628s, 87476 KB] In ts_4_35 of size 29 found num new op-mutexes 0
[t=0.478s, 87476 KB] In ts_4_36 of size 29 found num new op-mutexes 0
[t=0.479006s, 87476 KB] In ts_4_37 of size 4 found num new op-mutexes 0
[t=0.479929s, 87476 KB] In ts_4_38 of size 4 found num new op-mutexes 0
[t=0.481281s, 87476 KB] In ts_4_39 of size 29 found num new op-mutexes 0
[t=0.482209s, 87476 KB] In ts_4_40 of size 4 found num new op-mutexes 0
[t=0.484528s, 87740 KB] Operator mutex finished iteration 4. Found an additional 0 operator mutexes

[t=0.487495s, 87740 KB] Next pair of indices: (4, 46)
[t=0.487548s, 87740 KB] M&S algorithm main loop timer: 0.431493s (after computation of next merge)
[t=0.578746s, 92104 KB] M&S algorithm main loop timer: 0.523139s (after shrinking)
[t=0.584288s, 92104 KB] M&S algorithm main loop timer: 0.528279s (after merging)

[t=0.584685s, 92104 KB] Operator mutex starting iteration 5
[t=0.586212s, 92104 KB] In ts_5_5 of size 7 found num new op-mutexes 0
[t=0.588213s, 92104 KB] In ts_5_6 of size 6 found num new op-mutexes 0
[t=0.589907s, 92104 KB] In ts_5_7 of size 9 found num new op-mutexes 0
[t=0.591607s, 92104 KB] In ts_5_8 of size 11 found num new op-mutexes 0
[t=0.593262s, 92104 KB] In ts_5_10 of size 11 found num new op-mutexes 0
[t=0.59429s, 92104 KB] In ts_5_11 of size 18 found num new op-mutexes 0
[t=0.595314s, 92104 KB] In ts_5_12 of size 18 found num new op-mutexes 0
[t=0.59741s, 92104 KB] In ts_5_13 of size 8 found num new op-mutexes 0
[t=0.598512s, 92104 KB] In ts_5_14 of size 18 found num new op-mutexes 0
[t=0.600438s, 92104 KB] In ts_5_15 of size 8 found num new op-mutexes 0
[t=0.601455s, 92104 KB] In ts_5_16 of size 18 found num new op-mutexes 0
[t=0.603159s, 92104 KB] In ts_5_17 of size 8 found num new op-mutexes 0
[t=0.604181s, 92104 KB] In ts_5_18 of size 18 found num new op-mutexes 0
[t=0.606269s, 92104 KB] In ts_5_19 of size 8 found num new op-mutexes 0
[t=0.607321s, 92104 KB] In ts_5_20 of size 18 found num new op-mutexes 0
[t=0.608823s, 92104 KB] In ts_5_21 of size 12 found num new op-mutexes 0
[t=0.609831s, 92104 KB] In ts_5_22 of size 18 found num new op-mutexes 0
[t=0.611771s, 92104 KB] In ts_5_23 of size 9 found num new op-mutexes 0
[t=0.612783s, 92104 KB] In ts_5_24 of size 18 found num new op-mutexes 0
[t=0.613804s, 92104 KB] In ts_5_25 of size 18 found num new op-mutexes 0
[t=0.616221s, 92104 KB] In ts_5_26 of size 9 found num new op-mutexes 0
[t=0.617179s, 92104 KB] In ts_5_27 of size 4 found num new op-mutexes 0
[t=0.618131s, 92104 KB] In ts_5_28 of size 4 found num new op-mutexes 0
[t=0.619056s, 92104 KB] In ts_5_29 of size 4 found num new op-mutexes 0
[t=0.619958s, 92104 KB] In ts_5_30 of size 4 found num new op-mutexes 0
[t=0.620882s, 92104 KB] In ts_5_31 of size 4 found num new op-mutexes 0
[t=0.621797s, 92104 KB] In ts_5_32 of size 4 found num new op-mutexes 0
[t=0.622698s, 92104 KB] In ts_5_33 of size 4 found num new op-mutexes 0
[t=0.623612s, 92104 KB] In ts_5_34 of size 4 found num new op-mutexes 0
[t=0.624968s, 92104 KB] In ts_5_35 of size 29 found num new op-mutexes 0
[t=0.626315s, 92104 KB] In ts_5_36 of size 29 found num new op-mutexes 0
[t=0.627257s, 92104 KB] In ts_5_37 of size 4 found num new op-mutexes 0
[t=0.628216s, 92104 KB] In ts_5_38 of size 4 found num new op-mutexes 0
[t=0.629642s, 92104 KB] In ts_5_39 of size 29 found num new op-mutexes 0
[t=0.630946s, 92104 KB] In ts_5_40 of size 4 found num new op-mutexes 0
[t=0.631572s, 92104 KB] Operator mutex finished iteration 5. Found an additional 0 operator mutexes

[t=0.633369s, 92104 KB] Next pair of indices: (5, 47)
[t=0.633402s, 92104 KB] M&S algorithm main loop timer: 0.57735s (after computation of next merge)
[t=0.669244s, 92104 KB] M&S algorithm main loop timer: 0.613253s (after merging)

[t=0.671521s, 92104 KB] Operator mutex starting iteration 6
[t=0.673438s, 92104 KB] In ts_6_6 of size 6 found num new op-mutexes 0
[t=0.675118s, 92104 KB] In ts_6_7 of size 9 found num new op-mutexes 0
[t=0.67685s, 92104 KB] In ts_6_8 of size 11 found num new op-mutexes 0
[t=0.678534s, 92104 KB] In ts_6_10 of size 11 found num new op-mutexes 0
[t=0.679574s, 92104 KB] In ts_6_11 of size 18 found num new op-mutexes 0
[t=0.680588s, 92104 KB] In ts_6_12 of size 18 found num new op-mutexes 0
[t=0.68272s, 92104 KB] In ts_6_13 of size 8 found num new op-mutexes 0
[t=0.683753s, 92104 KB] In ts_6_14 of size 18 found num new op-mutexes 0
[t=0.685637s, 92104 KB] In ts_6_15 of size 8 found num new op-mutexes 0
[t=0.686653s, 92104 KB] In ts_6_16 of size 18 found num new op-mutexes 0
[t=0.688382s, 92104 KB] In ts_6_17 of size 8 found num new op-mutexes 0
[t=0.689398s, 92104 KB] In ts_6_18 of size 18 found num new op-mutexes 0
[t=0.691325s, 92104 KB] In ts_6_19 of size 8 found num new op-mutexes 0
[t=0.692351s, 92104 KB] In ts_6_20 of size 18 found num new op-mutexes 0
[t=0.693766s, 92104 KB] In ts_6_21 of size 12 found num new op-mutexes 0
[t=0.694764s, 92104 KB] In ts_6_22 of size 18 found num new op-mutexes 0
[t=0.696541s, 92104 KB] In ts_6_23 of size 9 found num new op-mutexes 0
[t=0.697562s, 92104 KB] In ts_6_24 of size 18 found num new op-mutexes 0
[t=0.69856s, 92104 KB] In ts_6_25 of size 18 found num new op-mutexes 0
[t=0.7007s, 92104 KB] In ts_6_26 of size 9 found num new op-mutexes 0
[t=0.701633s, 92104 KB] In ts_6_27 of size 4 found num new op-mutexes 0
[t=0.702549s, 92104 KB] In ts_6_28 of size 4 found num new op-mutexes 0
[t=0.703494s, 92104 KB] In ts_6_29 of size 4 found num new op-mutexes 0
[t=0.704412s, 92104 KB] In ts_6_30 of size 4 found num new op-mutexes 0
[t=0.705321s, 92104 KB] In ts_6_31 of size 4 found num new op-mutexes 0
[t=0.706238s, 92104 KB] In ts_6_32 of size 4 found num new op-mutexes 0
[t=0.707237s, 92104 KB] In ts_6_33 of size 4 found num new op-mutexes 0
[t=0.708166s, 92104 KB] In ts_6_34 of size 4 found num new op-mutexes 0
[t=0.70953s, 92104 KB] In ts_6_35 of size 29 found num new op-mutexes 0
[t=0.710882s, 92104 KB] In ts_6_36 of size 29 found num new op-mutexes 0
[t=0.711829s, 92104 KB] In ts_6_37 of size 4 found num new op-mutexes 0
[t=0.712753s, 92104 KB] In ts_6_38 of size 4 found num new op-mutexes 0
[t=0.714094s, 92104 KB] In ts_6_39 of size 29 found num new op-mutexes 0
[t=0.715022s, 92104 KB] In ts_6_40 of size 4 found num new op-mutexes 0
[t=0.716308s, 92104 KB] Operator mutex finished iteration 6. Found an additional 0 operator mutexes

[t=0.718263s, 92104 KB] Next pair of indices: (6, 48)
[t=0.718296s, 92104 KB] M&S algorithm main loop timer: 0.662241s (after computation of next merge)
[t=0.763912s, 92104 KB] M&S algorithm main loop timer: 0.708213s (after shrinking)
[t=0.764978s, 92104 KB] M&S algorithm main loop timer: 0.708935s (after merging)

[t=0.765024s, 92104 KB] Operator mutex starting iteration 7
[t=0.76665s, 92104 KB] In ts_7_7 of size 9 found num new op-mutexes 0
[t=0.768554s, 92104 KB] In ts_7_8 of size 11 found num new op-mutexes 0
[t=0.770402s, 92104 KB] In ts_7_10 of size 11 found num new op-mutexes 0
[t=0.771477s, 92104 KB] In ts_7_11 of size 18 found num new op-mutexes 0
[t=0.772519s, 92104 KB] In ts_7_12 of size 18 found num new op-mutexes 0
[t=0.7747s, 92104 KB] In ts_7_13 of size 8 found num new op-mutexes 0
[t=0.775892s, 92104 KB] In ts_7_14 of size 18 found num new op-mutexes 0
[t=0.777825s, 92104 KB] In ts_7_15 of size 8 found num new op-mutexes 0
[t=0.778817s, 92104 KB] In ts_7_16 of size 18 found num new op-mutexes 0
[t=0.780495s, 92104 KB] In ts_7_17 of size 8 found num new op-mutexes 0
[t=0.781477s, 92104 KB] In ts_7_18 of size 18 found num new op-mutexes 0
[t=0.783464s, 92104 KB] In ts_7_19 of size 8 found num new op-mutexes 0
[t=0.784438s, 92104 KB] In ts_7_20 of size 18 found num new op-mutexes 0
[t=0.785844s, 92104 KB] In ts_7_21 of size 12 found num new op-mutexes 0
[t=0.786864s, 92104 KB] In ts_7_22 of size 18 found num new op-mutexes 0
[t=0.788693s, 92104 KB] In ts_7_23 of size 9 found num new op-mutexes 0
[t=0.789664s, 92104 KB] In ts_7_24 of size 18 found num new op-mutexes 0
[t=0.790649s, 92104 KB] In ts_7_25 of size 18 found num new op-mutexes 0
[t=0.79291s, 92104 KB] In ts_7_26 of size 9 found num new op-mutexes 0
[t=0.793816s, 92104 KB] In ts_7_27 of size 4 found num new op-mutexes 0
[t=0.794712s, 92104 KB] In ts_7_28 of size 4 found num new op-mutexes 0
[t=0.7956s, 92104 KB] In ts_7_29 of size 4 found num new op-mutexes 0
[t=0.796528s, 92104 KB] In ts_7_30 of size 4 found num new op-mutexes 0
[t=0.797414s, 92104 KB] In ts_7_31 of size 4 found num new op-mutexes 0
[t=0.798299s, 92104 KB] In ts_7_32 of size 4 found num new op-mutexes 0
[t=0.799202s, 92104 KB] In ts_7_33 of size 4 found num new op-mutexes 0
[t=0.800087s, 92104 KB] In ts_7_34 of size 4 found num new op-mutexes 0
[t=0.801416s, 92104 KB] In ts_7_35 of size 29 found num new op-mutexes 0
[t=0.802773s, 92104 KB] In ts_7_36 of size 29 found num new op-mutexes 0
[t=0.803678s, 92104 KB] In ts_7_37 of size 4 found num new op-mutexes 0
[t=0.804569s, 92104 KB] In ts_7_38 of size 4 found num new op-mutexes 0
[t=0.805916s, 92104 KB] In ts_7_39 of size 29 found num new op-mutexes 0
[t=0.806844s, 92104 KB] In ts_7_40 of size 4 found num new op-mutexes 0
[t=0.808874s, 92104 KB] In ts_7_49 of size 24 found num new op-mutexes 0
[t=0.809027s, 92104 KB] Operator mutex finished iteration 7. Found an additional 0 operator mutexes

[t=0.810624s, 92104 KB] Next pair of indices: (11, 49)
[t=0.810655s, 92104 KB] M&S algorithm main loop timer: 0.754598s (after computation of next merge)
[t=0.812016s, 92104 KB] M&S algorithm main loop timer: 0.755996s (after merging)
[t=0.812237s, 92104 KB] M&S algorithm main loop timer: 0.756192s (after pruning)

[t=0.812276s, 92104 KB] Operator mutex starting iteration 8
[t=0.813717s, 92104 KB] In ts_8_7 of size 9 found num new op-mutexes 0
[t=0.815456s, 92104 KB] In ts_8_8 of size 11 found num new op-mutexes 0
[t=0.817156s, 92104 KB] In ts_8_10 of size 11 found num new op-mutexes 0
[t=0.818194s, 92104 KB] In ts_8_12 of size 18 found num new op-mutexes 0
[t=0.821067s, 92104 KB] In ts_8_13 of size 8 found num new op-mutexes 0
[t=0.822363s, 92104 KB] In ts_8_14 of size 18 found num new op-mutexes 0
[t=0.824371s, 92104 KB] In ts_8_15 of size 8 found num new op-mutexes 0
[t=0.825405s, 92104 KB] In ts_8_16 of size 18 found num new op-mutexes 0
[t=0.827196s, 92104 KB] In ts_8_17 of size 8 found num new op-mutexes 0
[t=0.828229s, 92104 KB] In ts_8_18 of size 18 found num new op-mutexes 0
[t=0.83029s, 92104 KB] In ts_8_19 of size 8 found num new op-mutexes 0
[t=0.831305s, 92104 KB] In ts_8_20 of size 18 found num new op-mutexes 0
[t=0.832738s, 92104 KB] In ts_8_21 of size 12 found num new op-mutexes 0
[t=0.834038s, 92104 KB] In ts_8_22 of size 18 found num new op-mutexes 0
[t=0.83592s, 92104 KB] In ts_8_23 of size 9 found num new op-mutexes 0
[t=0.836924s, 92104 KB] In ts_8_24 of size 18 found num new op-mutexes 0
[t=0.83794s, 92104 KB] In ts_8_25 of size 18 found num new op-mutexes 0
[t=0.840122s, 92104 KB] In ts_8_26 of size 9 found num new op-mutexes 0
[t=0.84107s, 92104 KB] In ts_8_27 of size 4 found num new op-mutexes 0
[t=0.842024s, 92104 KB] In ts_8_28 of size 4 found num new op-mutexes 0
[t=0.84296s, 92104 KB] In ts_8_29 of size 4 found num new op-mutexes 0
[t=0.843906s, 92104 KB] In ts_8_30 of size 4 found num new op-mutexes 0
[t=0.844842s, 92104 KB] In ts_8_31 of size 4 found num new op-mutexes 0
[t=0.845825s, 92104 KB] In ts_8_32 of size 4 found num new op-mutexes 0
[t=0.846763s, 92104 KB] In ts_8_33 of size 4 found num new op-mutexes 0
[t=0.847674s, 92104 KB] In ts_8_34 of size 4 found num new op-mutexes 0
[t=0.84906s, 92104 KB] In ts_8_35 of size 29 found num new op-mutexes 0
[t=0.85047s, 92104 KB] In ts_8_36 of size 29 found num new op-mutexes 0
[t=0.851416s, 92104 KB] In ts_8_37 of size 4 found num new op-mutexes 0
[t=0.852343s, 92104 KB] In ts_8_38 of size 4 found num new op-mutexes 0
[t=0.853746s, 92104 KB] In ts_8_39 of size 29 found num new op-mutexes 0
[t=0.854706s, 92104 KB] In ts_8_40 of size 4 found num new op-mutexes 0
[t=0.858359s, 92104 KB] In ts_8_50 of size 420 found num new op-mutexes 50
[t=0.85854s, 92104 KB] Operator mutex finished iteration 8. Found an additional 50 operator mutexes

[t=0.860188s, 92104 KB] Next pair of indices: (7, 50)
[t=0.860219s, 92104 KB] M&S algorithm main loop timer: 0.804162s (after computation of next merge)
[t=0.865373s, 92104 KB] M&S algorithm main loop timer: 0.809351s (after merging)
[t=0.866622s, 92104 KB] M&S algorithm main loop timer: 0.81061s (after pruning)

[t=0.866704s, 92104 KB] Operator mutex starting iteration 9
[t=0.868492s, 92104 KB] In ts_9_8 of size 11 found num new op-mutexes 0
[t=0.870304s, 92104 KB] In ts_9_10 of size 11 found num new op-mutexes 0
[t=0.871477s, 92104 KB] In ts_9_12 of size 18 found num new op-mutexes 0
[t=0.873785s, 92104 KB] In ts_9_13 of size 8 found num new op-mutexes 0
[t=0.874958s, 92104 KB] In ts_9_14 of size 18 found num new op-mutexes 0
[t=0.876887s, 92104 KB] In ts_9_15 of size 8 found num new op-mutexes 0
[t=0.877907s, 92104 KB] In ts_9_16 of size 18 found num new op-mutexes 0
[t=0.879607s, 92104 KB] In ts_9_17 of size 8 found num new op-mutexes 0
[t=0.88061s, 92104 KB] In ts_9_18 of size 18 found num new op-mutexes 0
[t=0.882748s, 92104 KB] In ts_9_19 of size 8 found num new op-mutexes 0
[t=0.883752s, 92104 KB] In ts_9_20 of size 18 found num new op-mutexes 0
[t=0.885198s, 92104 KB] In ts_9_21 of size 12 found num new op-mutexes 0
[t=0.886203s, 92104 KB] In ts_9_22 of size 18 found num new op-mutexes 0
[t=0.888056s, 92104 KB] In ts_9_23 of size 9 found num new op-mutexes 0
[t=0.889044s, 92104 KB] In ts_9_24 of size 18 found num new op-mutexes 0
[t=0.890047s, 92104 KB] In ts_9_25 of size 18 found num new op-mutexes 0
[t=0.892407s, 92104 KB] In ts_9_26 of size 9 found num new op-mutexes 0
[t=0.893339s, 92104 KB] In ts_9_27 of size 4 found num new op-mutexes 0
[t=0.894258s, 92104 KB] In ts_9_28 of size 4 found num new op-mutexes 0
[t=0.895184s, 92104 KB] In ts_9_29 of size 4 found num new op-mutexes 0
[t=0.896094s, 92104 KB] In ts_9_30 of size 4 found num new op-mutexes 0
[t=0.89699s, 92104 KB] In ts_9_31 of size 4 found num new op-mutexes 0
[t=0.897904s, 92104 KB] In ts_9_32 of size 4 found num new op-mutexes 0
[t=0.898803s, 92104 KB] In ts_9_33 of size 4 found num new op-mutexes 0
[t=0.899704s, 92104 KB] In ts_9_34 of size 4 found num new op-mutexes 0
[t=0.901072s, 92104 KB] In ts_9_35 of size 29 found num new op-mutexes 0
[t=0.902428s, 92104 KB] In ts_9_36 of size 29 found num new op-mutexes 0
[t=0.903335s, 92104 KB] In ts_9_37 of size 4 found num new op-mutexes 0
[t=0.90426s, 92104 KB] In ts_9_38 of size 4 found num new op-mutexes 0
[t=0.905625s, 92104 KB] In ts_9_39 of size 29 found num new op-mutexes 0
[t=0.906556s, 92104 KB] In ts_9_40 of size 4 found num new op-mutexes 0
[t=0.930376s, 92104 KB] In ts_9_51 of size 3384 found num new op-mutexes 0
[t=0.93067s, 92104 KB] Operator mutex finished iteration 9. Found an additional 0 operator mutexes

[t=0.932327s, 92104 KB] Next pair of indices: (8, 51)
[t=0.932357s, 92104 KB] M&S algorithm main loop timer: 0.8763s (after computation of next merge)
[t=0.980333s, 92104 KB] M&S algorithm main loop timer: 0.92435s (after merging)

[t=0.982489s, 92104 KB] Operator mutex starting iteration 10
[t=0.984418s, 92104 KB] In ts_10_10 of size 11 found num new op-mutexes 0
[t=0.985561s, 92104 KB] In ts_10_12 of size 18 found num new op-mutexes 0
[t=0.987948s, 92104 KB] In ts_10_13 of size 8 found num new op-mutexes 0
[t=0.989175s, 92104 KB] In ts_10_14 of size 18 found num new op-mutexes 0
[t=0.991179s, 92104 KB] In ts_10_15 of size 8 found num new op-mutexes 0
[t=0.992217s, 92104 KB] In ts_10_16 of size 18 found num new op-mutexes 0
[t=0.994046s, 92104 KB] In ts_10_17 of size 8 found num new op-mutexes 0
[t=0.99511s, 92104 KB] In ts_10_18 of size 18 found num new op-mutexes 0
[t=0.997208s, 92104 KB] In ts_10_19 of size 8 found num new op-mutexes 0
[t=0.998239s, 92104 KB] In ts_10_20 of size 18 found num new op-mutexes 0
[t=0.999695s, 92104 KB] In ts_10_21 of size 12 found num new op-mutexes 0
[t=1.00073s, 92104 KB] In ts_10_22 of size 18 found num new op-mutexes 0
[t=1.00261s, 92104 KB] In ts_10_23 of size 9 found num new op-mutexes 0
[t=1.00364s, 92104 KB] In ts_10_24 of size 18 found num new op-mutexes 0
[t=1.00471s, 92104 KB] In ts_10_25 of size 18 found num new op-mutexes 0
[t=1.00717s, 92104 KB] In ts_10_26 of size 9 found num new op-mutexes 0
[t=1.00812s, 92104 KB] In ts_10_27 of size 4 found num new op-mutexes 0
[t=1.00908s, 92104 KB] In ts_10_28 of size 4 found num new op-mutexes 0
[t=1.01003s, 92104 KB] In ts_10_29 of size 4 found num new op-mutexes 0
[t=1.01096s, 92104 KB] In ts_10_30 of size 4 found num new op-mutexes 0
[t=1.01189s, 92104 KB] In ts_10_31 of size 4 found num new op-mutexes 0
[t=1.01285s, 92104 KB] In ts_10_32 of size 4 found num new op-mutexes 0
[t=1.0138s, 92104 KB] In ts_10_33 of size 4 found num new op-mutexes 0
[t=1.01474s, 92104 KB] In ts_10_34 of size 4 found num new op-mutexes 0
[t=1.01611s, 92104 KB] In ts_10_35 of size 29 found num new op-mutexes 0
[t=1.0175s, 92104 KB] In ts_10_36 of size 29 found num new op-mutexes 0
[t=1.01844s, 92104 KB] In ts_10_37 of size 4 found num new op-mutexes 0
[t=1.01939s, 92104 KB] In ts_10_38 of size 4 found num new op-mutexes 0
[t=1.02078s, 92104 KB] In ts_10_39 of size 29 found num new op-mutexes 0
[t=1.02174s, 92104 KB] In ts_10_40 of size 4 found num new op-mutexes 0
[t=1.02342s, 92104 KB] Operator mutex finished iteration 10. Found an additional 0 operator mutexes

[t=1.02547s, 92104 KB] Next pair of indices: (10, 52)
[t=1.0255s, 92104 KB] M&S algorithm main loop timer: 0.969443s (after computation of next merge)
[t=1.08761s, 92104 KB] M&S algorithm main loop timer: 1.03199s (after shrinking)
[t=1.08879s, 92104 KB] M&S algorithm main loop timer: 1.03275s (after merging)

[t=1.08884s, 92104 KB] Operator mutex starting iteration 11
[t=1.08981s, 92104 KB] In ts_11_12 of size 18 found num new op-mutexes 0
[t=1.09226s, 92104 KB] In ts_11_13 of size 8 found num new op-mutexes 0
[t=1.09341s, 92104 KB] In ts_11_14 of size 18 found num new op-mutexes 0
[t=1.09547s, 92104 KB] In ts_11_15 of size 8 found num new op-mutexes 0
[t=1.09649s, 92104 KB] In ts_11_16 of size 18 found num new op-mutexes 0
[t=1.09825s, 92104 KB] In ts_11_17 of size 8 found num new op-mutexes 0
[t=1.09925s, 92104 KB] In ts_11_18 of size 18 found num new op-mutexes 0
[t=1.10132s, 92104 KB] In ts_11_19 of size 8 found num new op-mutexes 0
[t=1.10234s, 92104 KB] In ts_11_20 of size 18 found num new op-mutexes 0
[t=1.1038s, 92104 KB] In ts_11_21 of size 12 found num new op-mutexes 0
[t=1.10479s, 92104 KB] In ts_11_22 of size 18 found num new op-mutexes 0
[t=1.10663s, 92104 KB] In ts_11_23 of size 9 found num new op-mutexes 0
[t=1.1076s, 92104 KB] In ts_11_24 of size 18 found num new op-mutexes 0
[t=1.10859s, 92104 KB] In ts_11_25 of size 18 found num new op-mutexes 0
[t=1.11081s, 92104 KB] In ts_11_26 of size 9 found num new op-mutexes 0
[t=1.11174s, 92104 KB] In ts_11_27 of size 4 found num new op-mutexes 0
[t=1.11265s, 92104 KB] In ts_11_28 of size 4 found num new op-mutexes 0
[t=1.11358s, 92104 KB] In ts_11_29 of size 4 found num new op-mutexes 0
[t=1.1145s, 92104 KB] In ts_11_30 of size 4 found num new op-mutexes 0
[t=1.1154s, 92104 KB] In ts_11_31 of size 4 found num new op-mutexes 0
[t=1.11631s, 92104 KB] In ts_11_32 of size 4 found num new op-mutexes 0
[t=1.1172s, 92104 KB] In ts_11_33 of size 4 found num new op-mutexes 0
[t=1.11808s, 92104 KB] In ts_11_34 of size 4 found num new op-mutexes 0
[t=1.11943s, 92104 KB] In ts_11_35 of size 29 found num new op-mutexes 0
[t=1.12076s, 92104 KB] In ts_11_36 of size 29 found num new op-mutexes 0
[t=1.12168s, 92104 KB] In ts_11_37 of size 4 found num new op-mutexes 0
[t=1.12259s, 92104 KB] In ts_11_38 of size 4 found num new op-mutexes 0
[t=1.12395s, 92104 KB] In ts_11_39 of size 29 found num new op-mutexes 0
[t=1.12488s, 92104 KB] In ts_11_40 of size 4 found num new op-mutexes 0
[t=1.12694s, 92104 KB] In ts_11_53 of size 44 found num new op-mutexes 0
[t=1.12713s, 92104 KB] Operator mutex finished iteration 11. Found an additional 0 operator mutexes

[t=1.12857s, 92104 KB] Next pair of indices: (12, 53)
[t=1.1286s, 92104 KB] M&S algorithm main loop timer: 1.07254s (after computation of next merge)
[t=1.13005s, 92104 KB] M&S algorithm main loop timer: 1.07405s (after merging)
[t=1.13039s, 92104 KB] M&S algorithm main loop timer: 1.07435s (after pruning)

[t=1.13043s, 92104 KB] Operator mutex starting iteration 12
[t=1.13269s, 92104 KB] In ts_12_13 of size 8 found num new op-mutexes 0
[t=1.13394s, 92104 KB] In ts_12_14 of size 18 found num new op-mutexes 0
[t=1.13613s, 92104 KB] In ts_12_15 of size 8 found num new op-mutexes 0
[t=1.13717s, 92104 KB] In ts_12_16 of size 18 found num new op-mutexes 0
[t=1.13896s, 92104 KB] In ts_12_17 of size 8 found num new op-mutexes 0
[t=1.14001s, 92104 KB] In ts_12_18 of size 18 found num new op-mutexes 0
[t=1.1421s, 92104 KB] In ts_12_19 of size 8 found num new op-mutexes 0
[t=1.14316s, 92104 KB] In ts_12_20 of size 18 found num new op-mutexes 0
[t=1.14462s, 92104 KB] In ts_12_21 of size 12 found num new op-mutexes 0
[t=1.14564s, 92104 KB] In ts_12_22 of size 18 found num new op-mutexes 0
[t=1.14752s, 92104 KB] In ts_12_23 of size 9 found num new op-mutexes 0
[t=1.14852s, 92104 KB] In ts_12_24 of size 18 found num new op-mutexes 0
[t=1.14953s, 92104 KB] In ts_12_25 of size 18 found num new op-mutexes 0
[t=1.15188s, 92104 KB] In ts_12_26 of size 9 found num new op-mutexes 0
[t=1.15285s, 92104 KB] In ts_12_27 of size 4 found num new op-mutexes 0
[t=1.15381s, 92104 KB] In ts_12_28 of size 4 found num new op-mutexes 0
[t=1.15476s, 92104 KB] In ts_12_29 of size 4 found num new op-mutexes 0
[t=1.15571s, 92104 KB] In ts_12_30 of size 4 found num new op-mutexes 0
[t=1.15665s, 92104 KB] In ts_12_31 of size 4 found num new op-mutexes 0
[t=1.15758s, 92104 KB] In ts_12_32 of size 4 found num new op-mutexes 0
[t=1.15849s, 92104 KB] In ts_12_33 of size 4 found num new op-mutexes 0
[t=1.15942s, 92104 KB] In ts_12_34 of size 4 found num new op-mutexes 0
[t=1.16079s, 92104 KB] In ts_12_35 of size 29 found num new op-mutexes 0
[t=1.16217s, 92104 KB] In ts_12_36 of size 29 found num new op-mutexes 0
[t=1.16315s, 92104 KB] In ts_12_37 of size 4 found num new op-mutexes 0
[t=1.1641s, 92104 KB] In ts_12_38 of size 4 found num new op-mutexes 0
[t=1.16546s, 92104 KB] In ts_12_39 of size 29 found num new op-mutexes 0
[t=1.16641s, 92104 KB] In ts_12_40 of size 4 found num new op-mutexes 0
[t=1.17143s, 92104 KB] In ts_12_54 of size 788 found num new op-mutexes 30
[t=1.17163s, 92104 KB] Operator mutex finished iteration 12. Found an additional 30 operator mutexes

[t=1.173s, 92104 KB] Next pair of indices: (13, 54)
[t=1.17303s, 92104 KB] M&S algorithm main loop timer: 1.11697s (after computation of next merge)
[t=1.18081s, 92104 KB] M&S algorithm main loop timer: 1.12479s (after merging)

[t=1.18121s, 92104 KB] Operator mutex starting iteration 13
[t=1.18221s, 92104 KB] In ts_13_14 of size 18 found num new op-mutexes 0
[t=1.18472s, 92104 KB] In ts_13_15 of size 8 found num new op-mutexes 0
[t=1.18593s, 92104 KB] In ts_13_16 of size 18 found num new op-mutexes 0
[t=1.1878s, 92104 KB] In ts_13_17 of size 8 found num new op-mutexes 0
[t=1.18888s, 92104 KB] In ts_13_18 of size 18 found num new op-mutexes 0
[t=1.19112s, 92104 KB] In ts_13_19 of size 8 found num new op-mutexes 0
[t=1.19228s, 92104 KB] In ts_13_20 of size 18 found num new op-mutexes 0
[t=1.19372s, 92104 KB] In ts_13_21 of size 12 found num new op-mutexes 0
[t=1.19473s, 92104 KB] In ts_13_22 of size 18 found num new op-mutexes 0
[t=1.19661s, 92104 KB] In ts_13_23 of size 9 found num new op-mutexes 0
[t=1.1976s, 92104 KB] In ts_13_24 of size 18 found num new op-mutexes 0
[t=1.1986s, 92104 KB] In ts_13_25 of size 18 found num new op-mutexes 0
[t=1.20087s, 92104 KB] In ts_13_26 of size 9 found num new op-mutexes 0
[t=1.20179s, 92104 KB] In ts_13_27 of size 4 found num new op-mutexes 0
[t=1.20272s, 92104 KB] In ts_13_28 of size 4 found num new op-mutexes 0
[t=1.20362s, 92104 KB] In ts_13_29 of size 4 found num new op-mutexes 0
[t=1.20452s, 92104 KB] In ts_13_30 of size 4 found num new op-mutexes 0
[t=1.20542s, 92104 KB] In ts_13_31 of size 4 found num new op-mutexes 0
[t=1.20634s, 92104 KB] In ts_13_32 of size 4 found num new op-mutexes 0
[t=1.20725s, 92104 KB] In ts_13_33 of size 4 found num new op-mutexes 0
[t=1.20815s, 92104 KB] In ts_13_34 of size 4 found num new op-mutexes 0
[t=1.20948s, 92104 KB] In ts_13_35 of size 29 found num new op-mutexes 0
[t=1.21084s, 92104 KB] In ts_13_36 of size 29 found num new op-mutexes 0
[t=1.21177s, 92104 KB] In ts_13_37 of size 4 found num new op-mutexes 0
[t=1.21269s, 92104 KB] In ts_13_38 of size 4 found num new op-mutexes 0
[t=1.21403s, 92104 KB] In ts_13_39 of size 29 found num new op-mutexes 0
[t=1.21496s, 92104 KB] In ts_13_40 of size 4 found num new op-mutexes 0
[t=1.21565s, 92104 KB] Operator mutex finished iteration 13. Found an additional 0 operator mutexes

[t=1.21694s, 92104 KB] Next pair of indices: (14, 55)
[t=1.21697s, 92104 KB] M&S algorithm main loop timer: 1.16091s (after computation of next merge)
[t=1.22711s, 92104 KB] M&S algorithm main loop timer: 1.17119s (after shrinking)
[t=1.26308s, 92104 KB] M&S algorithm main loop timer: 1.20709s (after merging)

[t=1.26479s, 92104 KB] Operator mutex starting iteration 14
[t=1.26718s, 92104 KB] In ts_14_15 of size 8 found num new op-mutexes 0
[t=1.26842s, 92104 KB] In ts_14_16 of size 18 found num new op-mutexes 0
[t=1.27041s, 92104 KB] In ts_14_17 of size 8 found num new op-mutexes 0
[t=1.27162s, 92104 KB] In ts_14_18 of size 18 found num new op-mutexes 0
[t=1.27382s, 92104 KB] In ts_14_19 of size 8 found num new op-mutexes 0
[t=1.27486s, 92104 KB] In ts_14_20 of size 18 found num new op-mutexes 0
[t=1.27635s, 92104 KB] In ts_14_21 of size 12 found num new op-mutexes 0
[t=1.27737s, 92104 KB] In ts_14_22 of size 18 found num new op-mutexes 0
[t=1.27929s, 92104 KB] In ts_14_23 of size 9 found num new op-mutexes 0
[t=1.28032s, 92104 KB] In ts_14_24 of size 18 found num new op-mutexes 0
[t=1.28138s, 92104 KB] In ts_14_25 of size 18 found num new op-mutexes 0
[t=1.28376s, 92104 KB] In ts_14_26 of size 9 found num new op-mutexes 0
[t=1.28471s, 92104 KB] In ts_14_27 of size 4 found num new op-mutexes 0
[t=1.28564s, 92104 KB] In ts_14_28 of size 4 found num new op-mutexes 0
[t=1.28658s, 92104 KB] In ts_14_29 of size 4 found num new op-mutexes 0
[t=1.28751s, 92104 KB] In ts_14_30 of size 4 found num new op-mutexes 0
[t=1.28845s, 92104 KB] In ts_14_31 of size 4 found num new op-mutexes 0
[t=1.28937s, 92104 KB] In ts_14_32 of size 4 found num new op-mutexes 0
[t=1.29033s, 92104 KB] In ts_14_33 of size 4 found num new op-mutexes 0
[t=1.29128s, 92104 KB] In ts_14_34 of size 4 found num new op-mutexes 0
[t=1.29267s, 92104 KB] In ts_14_35 of size 29 found num new op-mutexes 0
[t=1.29404s, 92104 KB] In ts_14_36 of size 29 found num new op-mutexes 0
[t=1.29499s, 92104 KB] In ts_14_37 of size 4 found num new op-mutexes 0
[t=1.29592s, 92104 KB] In ts_14_38 of size 4 found num new op-mutexes 0
[t=1.29728s, 92104 KB] In ts_14_39 of size 29 found num new op-mutexes 0
[t=1.29825s, 92104 KB] In ts_14_40 of size 4 found num new op-mutexes 0
[t=1.29971s, 92104 KB] Operator mutex finished iteration 14. Found an additional 0 operator mutexes

[t=1.30132s, 92104 KB] Next pair of indices: (15, 56)
[t=1.30136s, 92104 KB] M&S algorithm main loop timer: 1.2453s (after computation of next merge)
[t=1.34574s, 92104 KB] M&S algorithm main loop timer: 1.28998s (after shrinking)
[t=1.34677s, 92104 KB] M&S algorithm main loop timer: 1.29074s (after merging)

[t=1.34683s, 92104 KB] Operator mutex starting iteration 15
[t=1.34775s, 92104 KB] In ts_15_16 of size 18 found num new op-mutexes 0
[t=1.34998s, 92104 KB] In ts_15_17 of size 8 found num new op-mutexes 0
[t=1.35113s, 92104 KB] In ts_15_18 of size 18 found num new op-mutexes 0
[t=1.35369s, 92104 KB] In ts_15_19 of size 8 found num new op-mutexes 0
[t=1.35492s, 92104 KB] In ts_15_20 of size 18 found num new op-mutexes 0
[t=1.35694s, 92104 KB] In ts_15_21 of size 12 found num new op-mutexes 0
[t=1.35816s, 92104 KB] In ts_15_22 of size 18 found num new op-mutexes 0
[t=1.36018s, 92104 KB] In ts_15_23 of size 9 found num new op-mutexes 0
[t=1.3612s, 92104 KB] In ts_15_24 of size 18 found num new op-mutexes 0
[t=1.36219s, 92104 KB] In ts_15_25 of size 18 found num new op-mutexes 0
[t=1.36458s, 92104 KB] In ts_15_26 of size 9 found num new op-mutexes 0
[t=1.36551s, 92104 KB] In ts_15_27 of size 4 found num new op-mutexes 0
[t=1.36641s, 92104 KB] In ts_15_28 of size 4 found num new op-mutexes 0
[t=1.36731s, 92104 KB] In ts_15_29 of size 4 found num new op-mutexes 0
[t=1.36821s, 92104 KB] In ts_15_30 of size 4 found num new op-mutexes 0
[t=1.36911s, 92104 KB] In ts_15_31 of size 4 found num new op-mutexes 0
[t=1.37001s, 92104 KB] In ts_15_32 of size 4 found num new op-mutexes 0
[t=1.37147s, 92104 KB] In ts_15_33 of size 4 found num new op-mutexes 0
[t=1.37313s, 92104 KB] In ts_15_34 of size 4 found num new op-mutexes 0
[t=1.37461s, 92104 KB] In ts_15_35 of size 29 found num new op-mutexes 0
[t=1.37604s, 92104 KB] In ts_15_36 of size 29 found num new op-mutexes 0
[t=1.37698s, 92104 KB] In ts_15_37 of size 4 found num new op-mutexes 0
[t=1.37789s, 92104 KB] In ts_15_38 of size 4 found num new op-mutexes 0
[t=1.37924s, 92104 KB] In ts_15_39 of size 29 found num new op-mutexes 0
[t=1.38015s, 92104 KB] In ts_15_40 of size 4 found num new op-mutexes 0
[t=1.38271s, 92104 KB] In ts_15_57 of size 32 found num new op-mutexes 0
[t=1.3829s, 92104 KB] Operator mutex finished iteration 15. Found an additional 0 operator mutexes

[t=1.38416s, 92104 KB] Next pair of indices: (16, 57)
[t=1.38419s, 92104 KB] M&S algorithm main loop timer: 1.32813s (after computation of next merge)
[t=1.38549s, 92104 KB] M&S algorithm main loop timer: 1.32949s (after merging)

[t=1.38561s, 92104 KB] Operator mutex starting iteration 16
[t=1.38745s, 92104 KB] In ts_16_17 of size 8 found num new op-mutexes 0
[t=1.38848s, 92104 KB] In ts_16_18 of size 18 found num new op-mutexes 0
[t=1.3907s, 92104 KB] In ts_16_19 of size 8 found num new op-mutexes 0
[t=1.39174s, 92104 KB] In ts_16_20 of size 18 found num new op-mutexes 0
[t=1.39327s, 92104 KB] In ts_16_21 of size 12 found num new op-mutexes 0
[t=1.39428s, 92104 KB] In ts_16_22 of size 18 found num new op-mutexes 0
[t=1.39621s, 92104 KB] In ts_16_23 of size 9 found num new op-mutexes 0
[t=1.39724s, 92104 KB] In ts_16_24 of size 18 found num new op-mutexes 0
[t=1.39825s, 92104 KB] In ts_16_25 of size 18 found num new op-mutexes 0
[t=1.40058s, 92104 KB] In ts_16_26 of size 9 found num new op-mutexes 0
[t=1.40154s, 92104 KB] In ts_16_27 of size 4 found num new op-mutexes 0
[t=1.40248s, 92104 KB] In ts_16_28 of size 4 found num new op-mutexes 0
[t=1.40343s, 92104 KB] In ts_16_29 of size 4 found num new op-mutexes 0
[t=1.40436s, 92104 KB] In ts_16_30 of size 4 found num new op-mutexes 0
[t=1.40531s, 92104 KB] In ts_16_31 of size 4 found num new op-mutexes 0
[t=1.40624s, 92104 KB] In ts_16_32 of size 4 found num new op-mutexes 0
[t=1.4072s, 92104 KB] In ts_16_33 of size 4 found num new op-mutexes 0
[t=1.40815s, 92104 KB] In ts_16_34 of size 4 found num new op-mutexes 0
[t=1.40954s, 92104 KB] In ts_16_35 of size 29 found num new op-mutexes 0
[t=1.41094s, 92104 KB] In ts_16_36 of size 29 found num new op-mutexes 0
[t=1.4119s, 92104 KB] In ts_16_37 of size 4 found num new op-mutexes 0
[t=1.41285s, 92104 KB] In ts_16_38 of size 4 found num new op-mutexes 0
[t=1.41426s, 92104 KB] In ts_16_39 of size 29 found num new op-mutexes 0
[t=1.41523s, 92104 KB] In ts_16_40 of size 4 found num new op-mutexes 0
[t=1.41976s, 92104 KB] In ts_16_58 of size 576 found num new op-mutexes 0
[t=1.41995s, 92104 KB] Operator mutex finished iteration 16. Found an additional 0 operator mutexes

[t=1.42106s, 92104 KB] Next pair of indices: (17, 58)
[t=1.42109s, 92104 KB] M&S algorithm main loop timer: 1.36503s (after computation of next merge)
[t=1.42687s, 92104 KB] M&S algorithm main loop timer: 1.37085s (after merging)
[t=1.42862s, 92104 KB] M&S algorithm main loop timer: 1.37262s (after pruning)

[t=1.4287s, 92104 KB] Operator mutex starting iteration 17
[t=1.42966s, 92104 KB] In ts_17_18 of size 18 found num new op-mutexes 0
[t=1.4321s, 92104 KB] In ts_17_19 of size 8 found num new op-mutexes 0
[t=1.43324s, 92104 KB] In ts_17_20 of size 18 found num new op-mutexes 0
[t=1.43479s, 92104 KB] In ts_17_21 of size 12 found num new op-mutexes 0
[t=1.43581s, 92104 KB] In ts_17_22 of size 18 found num new op-mutexes 0
[t=1.43783s, 92104 KB] In ts_17_23 of size 9 found num new op-mutexes 0
[t=1.43887s, 92104 KB] In ts_17_24 of size 18 found num new op-mutexes 0
[t=1.4399s, 92104 KB] In ts_17_25 of size 18 found num new op-mutexes 0
[t=1.44226s, 92104 KB] In ts_17_26 of size 9 found num new op-mutexes 0
[t=1.44321s, 92104 KB] In ts_17_27 of size 4 found num new op-mutexes 0
[t=1.44414s, 92104 KB] In ts_17_28 of size 4 found num new op-mutexes 0
[t=1.44505s, 92104 KB] In ts_17_29 of size 4 found num new op-mutexes 0
[t=1.44596s, 92104 KB] In ts_17_30 of size 4 found num new op-mutexes 0
[t=1.44687s, 92104 KB] In ts_17_31 of size 4 found num new op-mutexes 0
[t=1.44777s, 92104 KB] In ts_17_32 of size 4 found num new op-mutexes 0
[t=1.4487s, 92104 KB] In ts_17_33 of size 4 found num new op-mutexes 0
[t=1.44964s, 92104 KB] In ts_17_34 of size 4 found num new op-mutexes 0
[t=1.451s, 92104 KB] In ts_17_35 of size 29 found num new op-mutexes 0
[t=1.45235s, 92104 KB] In ts_17_36 of size 29 found num new op-mutexes 0
[t=1.45328s, 92104 KB] In ts_17_37 of size 4 found num new op-mutexes 0
[t=1.45421s, 92104 KB] In ts_17_38 of size 4 found num new op-mutexes 0
[t=1.45555s, 92104 KB] In ts_17_39 of size 29 found num new op-mutexes 0
[t=1.45648s, 92104 KB] In ts_17_40 of size 4 found num new op-mutexes 0
[t=1.4955s, 92104 KB] In ts_17_59 of size 4576 found num new op-mutexes 34
[t=1.49583s, 92104 KB] Operator mutex finished iteration 17. Found an additional 34 operator mutexes

[t=1.49723s, 92104 KB] Next pair of indices: (18, 59)
[t=1.49726s, 92104 KB] M&S algorithm main loop timer: 1.4412s (after computation of next merge)
[t=1.50546s, 92104 KB] M&S algorithm main loop timer: 1.44957s (after shrinking)
[t=1.56677s, 92104 KB] M&S algorithm main loop timer: 1.51079s (after merging)

[t=1.56922s, 92104 KB] Operator mutex starting iteration 18
[t=1.57174s, 92104 KB] In ts_18_19 of size 8 found num new op-mutexes 0
[t=1.57289s, 92104 KB] In ts_18_20 of size 18 found num new op-mutexes 0
[t=1.5745s, 92104 KB] In ts_18_21 of size 12 found num new op-mutexes 0
[t=1.57556s, 92104 KB] In ts_18_22 of size 18 found num new op-mutexes 0
[t=1.57765s, 92104 KB] In ts_18_23 of size 9 found num new op-mutexes 0
[t=1.57871s, 92104 KB] In ts_18_24 of size 18 found num new op-mutexes 0
[t=1.57977s, 92104 KB] In ts_18_25 of size 18 found num new op-mutexes 0
[t=1.58215s, 92104 KB] In ts_18_26 of size 9 found num new op-mutexes 0
[t=1.58312s, 92104 KB] In ts_18_27 of size 4 found num new op-mutexes 0
[t=1.58406s, 92104 KB] In ts_18_28 of size 4 found num new op-mutexes 0
[t=1.58501s, 92104 KB] In ts_18_29 of size 4 found num new op-mutexes 0
[t=1.58597s, 92104 KB] In ts_18_30 of size 4 found num new op-mutexes 0
[t=1.5869s, 92104 KB] In ts_18_31 of size 4 found num new op-mutexes 0
[t=1.58786s, 92104 KB] In ts_18_32 of size 4 found num new op-mutexes 0
[t=1.58883s, 92104 KB] In ts_18_33 of size 4 found num new op-mutexes 0
[t=1.58979s, 92104 KB] In ts_18_34 of size 4 found num new op-mutexes 0
[t=1.59118s, 92104 KB] In ts_18_35 of size 29 found num new op-mutexes 0
[t=1.59257s, 92104 KB] In ts_18_36 of size 29 found num new op-mutexes 0
[t=1.59352s, 92104 KB] In ts_18_37 of size 4 found num new op-mutexes 0
[t=1.59447s, 92104 KB] In ts_18_38 of size 4 found num new op-mutexes 0
[t=1.59587s, 92104 KB] In ts_18_39 of size 29 found num new op-mutexes 0
[t=1.59683s, 92104 KB] In ts_18_40 of size 4 found num new op-mutexes 0
[t=1.59895s, 92104 KB] Operator mutex finished iteration 18. Found an additional 0 operator mutexes

[t=1.60107s, 92104 KB] Next pair of indices: (19, 60)
[t=1.6011s, 92104 KB] M&S algorithm main loop timer: 1.54504s (after computation of next merge)
[t=1.68471s, 92104 KB] M&S algorithm main loop timer: 1.62905s (after shrinking)
[t=1.68582s, 92104 KB] M&S algorithm main loop timer: 1.62978s (after merging)

[t=1.68587s, 92104 KB] Operator mutex starting iteration 19
[t=1.68682s, 92104 KB] In ts_19_20 of size 18 found num new op-mutexes 0
[t=1.68858s, 92104 KB] In ts_19_21 of size 12 found num new op-mutexes 0
[t=1.68973s, 92104 KB] In ts_19_22 of size 18 found num new op-mutexes 0
[t=1.69203s, 92104 KB] In ts_19_23 of size 9 found num new op-mutexes 0
[t=1.69322s, 92104 KB] In ts_19_24 of size 18 found num new op-mutexes 0
[t=1.69421s, 92104 KB] In ts_19_25 of size 18 found num new op-mutexes 0
[t=1.69683s, 92104 KB] In ts_19_26 of size 9 found num new op-mutexes 0
[t=1.6979s, 92104 KB] In ts_19_27 of size 4 found num new op-mutexes 0
[t=1.69889s, 92104 KB] In ts_19_28 of size 4 found num new op-mutexes 0
[t=1.69978s, 92104 KB] In ts_19_29 of size 4 found num new op-mutexes 0
[t=1.70068s, 92104 KB] In ts_19_30 of size 4 found num new op-mutexes 0
[t=1.70157s, 92104 KB] In ts_19_31 of size 4 found num new op-mutexes 0
[t=1.70248s, 92104 KB] In ts_19_32 of size 4 found num new op-mutexes 0
[t=1.70338s, 92104 KB] In ts_19_33 of size 4 found num new op-mutexes 0
[t=1.70428s, 92104 KB] In ts_19_34 of size 4 found num new op-mutexes 0
[t=1.70559s, 92104 KB] In ts_19_35 of size 29 found num new op-mutexes 0
[t=1.70695s, 92104 KB] In ts_19_36 of size 29 found num new op-mutexes 0
[t=1.70789s, 92104 KB] In ts_19_37 of size 4 found num new op-mutexes 0
[t=1.7088s, 92104 KB] In ts_19_38 of size 4 found num new op-mutexes 0
[t=1.71014s, 92104 KB] In ts_19_39 of size 29 found num new op-mutexes 0
[t=1.71107s, 92104 KB] In ts_19_40 of size 4 found num new op-mutexes 0
[t=1.71361s, 92104 KB] In ts_19_61 of size 32 found num new op-mutexes 0
[t=1.71377s, 92104 KB] Operator mutex finished iteration 19. Found an additional 0 operator mutexes

[t=1.71483s, 92104 KB] Next pair of indices: (20, 61)
[t=1.71486s, 92104 KB] M&S algorithm main loop timer: 1.65881s (after computation of next merge)
[t=1.7162s, 92104 KB] M&S algorithm main loop timer: 1.66019s (after merging)

[t=1.71631s, 92104 KB] Operator mutex starting iteration 20
[t=1.71789s, 92104 KB] In ts_20_21 of size 12 found num new op-mutexes 0
[t=1.71892s, 92104 KB] In ts_20_22 of size 18 found num new op-mutexes 0
[t=1.721s, 92104 KB] In ts_20_23 of size 9 found num new op-mutexes 0
[t=1.72204s, 92104 KB] In ts_20_24 of size 18 found num new op-mutexes 0
[t=1.72306s, 92104 KB] In ts_20_25 of size 18 found num new op-mutexes 0
[t=1.72547s, 92104 KB] In ts_20_26 of size 9 found num new op-mutexes 0
[t=1.72641s, 92104 KB] In ts_20_27 of size 4 found num new op-mutexes 0
[t=1.72737s, 92104 KB] In ts_20_28 of size 4 found num new op-mutexes 0
[t=1.72832s, 92104 KB] In ts_20_29 of size 4 found num new op-mutexes 0
[t=1.72925s, 92104 KB] In ts_20_30 of size 4 found num new op-mutexes 0
[t=1.7302s, 92104 KB] In ts_20_31 of size 4 found num new op-mutexes 0
[t=1.73113s, 92104 KB] In ts_20_32 of size 4 found num new op-mutexes 0
[t=1.73206s, 92104 KB] In ts_20_33 of size 4 found num new op-mutexes 0
[t=1.73299s, 92104 KB] In ts_20_34 of size 4 found num new op-mutexes 0
[t=1.73439s, 92104 KB] In ts_20_35 of size 29 found num new op-mutexes 0
[t=1.73575s, 92104 KB] In ts_20_36 of size 29 found num new op-mutexes 0
[t=1.73671s, 92104 KB] In ts_20_37 of size 4 found num new op-mutexes 0
[t=1.73768s, 92104 KB] In ts_20_38 of size 4 found num new op-mutexes 0
[t=1.73908s, 92104 KB] In ts_20_39 of size 29 found num new op-mutexes 0
[t=1.74003s, 92104 KB] In ts_20_40 of size 4 found num new op-mutexes 0
[t=1.74469s, 92104 KB] In ts_20_62 of size 576 found num new op-mutexes 0
[t=1.74491s, 92104 KB] Operator mutex finished iteration 20. Found an additional 0 operator mutexes

[t=1.74587s, 92104 KB] Next pair of indices: (21, 62)
[t=1.7459s, 92104 KB] M&S algorithm main loop timer: 1.68984s (after computation of next merge)
[t=1.75333s, 92104 KB] M&S algorithm main loop timer: 1.69731s (after merging)

[t=1.75376s, 92104 KB] Operator mutex starting iteration 21
[t=1.75475s, 92104 KB] In ts_21_22 of size 18 found num new op-mutexes 0
[t=1.75703s, 92104 KB] In ts_21_23 of size 9 found num new op-mutexes 0
[t=1.75823s, 92104 KB] In ts_21_24 of size 18 found num new op-mutexes 0
[t=1.75925s, 92104 KB] In ts_21_25 of size 18 found num new op-mutexes 0
[t=1.76185s, 92104 KB] In ts_21_26 of size 9 found num new op-mutexes 0
[t=1.76281s, 92104 KB] In ts_21_27 of size 4 found num new op-mutexes 0
[t=1.76375s, 92104 KB] In ts_21_28 of size 4 found num new op-mutexes 0
[t=1.76465s, 92104 KB] In ts_21_29 of size 4 found num new op-mutexes 0
[t=1.76557s, 92104 KB] In ts_21_30 of size 4 found num new op-mutexes 0
[t=1.76649s, 92104 KB] In ts_21_31 of size 4 found num new op-mutexes 0
[t=1.7674s, 92104 KB] In ts_21_32 of size 4 found num new op-mutexes 0
[t=1.7683s, 92104 KB] In ts_21_33 of size 4 found num new op-mutexes 0
[t=1.76922s, 92104 KB] In ts_21_34 of size 4 found num new op-mutexes 0
[t=1.77056s, 92104 KB] In ts_21_35 of size 29 found num new op-mutexes 0
[t=1.7719s, 92104 KB] In ts_21_36 of size 29 found num new op-mutexes 0
[t=1.77284s, 92104 KB] In ts_21_37 of size 4 found num new op-mutexes 0
[t=1.77374s, 92104 KB] In ts_21_38 of size 4 found num new op-mutexes 0
[t=1.77507s, 92104 KB] In ts_21_39 of size 29 found num new op-mutexes 0
[t=1.776s, 92104 KB] In ts_21_40 of size 4 found num new op-mutexes 0
[t=1.77671s, 92104 KB] Operator mutex finished iteration 21. Found an additional 0 operator mutexes

[t=1.77758s, 92104 KB] Next pair of indices: (22, 63)
[t=1.77761s, 92104 KB] M&S algorithm main loop timer: 1.72155s (after computation of next merge)
[t=1.78714s, 92104 KB] M&S algorithm main loop timer: 1.73122s (after shrinking)
[t=1.82128s, 92104 KB] M&S algorithm main loop timer: 1.76528s (after merging)

[t=1.82311s, 92104 KB] Operator mutex starting iteration 22
[t=1.82542s, 92104 KB] In ts_22_23 of size 9 found num new op-mutexes 0
[t=1.82668s, 92104 KB] In ts_22_24 of size 18 found num new op-mutexes 0
[t=1.82775s, 92104 KB] In ts_22_25 of size 18 found num new op-mutexes 0
[t=1.83047s, 92104 KB] In ts_22_26 of size 9 found num new op-mutexes 0
[t=1.83156s, 92104 KB] In ts_22_27 of size 4 found num new op-mutexes 0
[t=1.8326s, 92104 KB] In ts_22_28 of size 4 found num new op-mutexes 0
[t=1.83353s, 92104 KB] In ts_22_29 of size 4 found num new op-mutexes 0
[t=1.83447s, 92104 KB] In ts_22_30 of size 4 found num new op-mutexes 0
[t=1.83541s, 92104 KB] In ts_22_31 of size 4 found num new op-mutexes 0
[t=1.83638s, 92104 KB] In ts_22_32 of size 4 found num new op-mutexes 0
[t=1.83735s, 92104 KB] In ts_22_33 of size 4 found num new op-mutexes 0
[t=1.83831s, 92104 KB] In ts_22_34 of size 4 found num new op-mutexes 0
[t=1.83972s, 92104 KB] In ts_22_35 of size 29 found num new op-mutexes 0
[t=1.84111s, 92104 KB] In ts_22_36 of size 29 found num new op-mutexes 0
[t=1.84208s, 92104 KB] In ts_22_37 of size 4 found num new op-mutexes 0
[t=1.84302s, 92104 KB] In ts_22_38 of size 4 found num new op-mutexes 0
[t=1.8444s, 92104 KB] In ts_22_39 of size 29 found num new op-mutexes 0
[t=1.84535s, 92104 KB] In ts_22_40 of size 4 found num new op-mutexes 0
[t=1.84684s, 92104 KB] Operator mutex finished iteration 22. Found an additional 0 operator mutexes

[t=1.84808s, 92104 KB] Next pair of indices: (23, 64)
[t=1.84811s, 92104 KB] M&S algorithm main loop timer: 1.79205s (after computation of next merge)
[t=1.89091s, 92104 KB] M&S algorithm main loop timer: 1.83517s (after shrinking)
[t=1.89197s, 92104 KB] M&S algorithm main loop timer: 1.83592s (after merging)

[t=1.89201s, 92104 KB] Operator mutex starting iteration 23
[t=1.89294s, 92104 KB] In ts_23_24 of size 18 found num new op-mutexes 0
[t=1.89397s, 92104 KB] In ts_23_25 of size 18 found num new op-mutexes 0
[t=1.89723s, 92104 KB] In ts_23_26 of size 9 found num new op-mutexes 0
[t=1.89834s, 92104 KB] In ts_23_27 of size 4 found num new op-mutexes 0
[t=1.89925s, 92104 KB] In ts_23_28 of size 4 found num new op-mutexes 0
[t=1.90018s, 92104 KB] In ts_23_29 of size 4 found num new op-mutexes 0
[t=1.90107s, 92104 KB] In ts_23_30 of size 4 found num new op-mutexes 0
[t=1.90197s, 92104 KB] In ts_23_31 of size 4 found num new op-mutexes 0
[t=1.90289s, 92104 KB] In ts_23_32 of size 4 found num new op-mutexes 0
[t=1.90378s, 92104 KB] In ts_23_33 of size 4 found num new op-mutexes 0
[t=1.9047s, 92104 KB] In ts_23_34 of size 4 found num new op-mutexes 0
[t=1.90606s, 92104 KB] In ts_23_35 of size 29 found num new op-mutexes 0
[t=1.90741s, 92104 KB] In ts_23_36 of size 29 found num new op-mutexes 0
[t=1.90834s, 92104 KB] In ts_23_37 of size 4 found num new op-mutexes 0
[t=1.90924s, 92104 KB] In ts_23_38 of size 4 found num new op-mutexes 0
[t=1.91057s, 92104 KB] In ts_23_39 of size 29 found num new op-mutexes 0
[t=1.91149s, 92104 KB] In ts_23_40 of size 4 found num new op-mutexes 0
[t=1.91396s, 92104 KB] In ts_23_65 of size 36 found num new op-mutexes 0
[t=1.91416s, 92104 KB] Operator mutex finished iteration 23. Found an additional 0 operator mutexes

[t=1.91509s, 92104 KB] Next pair of indices: (24, 65)
[t=1.91513s, 92104 KB] M&S algorithm main loop timer: 1.85908s (after computation of next merge)
[t=1.9165s, 92104 KB] M&S algorithm main loop timer: 1.86049s (after merging)
[t=1.91677s, 92104 KB] M&S algorithm main loop timer: 1.86073s (after pruning)

[t=1.91682s, 92104 KB] Operator mutex starting iteration 24
[t=1.91772s, 92104 KB] In ts_24_25 of size 18 found num new op-mutexes 0
[t=1.92087s, 92104 KB] In ts_24_26 of size 9 found num new op-mutexes 0
[t=1.92207s, 92104 KB] In ts_24_27 of size 4 found num new op-mutexes 0
[t=1.92302s, 92104 KB] In ts_24_28 of size 4 found num new op-mutexes 0
[t=1.92398s, 92104 KB] In ts_24_29 of size 4 found num new op-mutexes 0
[t=1.92493s, 92104 KB] In ts_24_30 of size 4 found num new op-mutexes 0
[t=1.9259s, 92104 KB] In ts_24_31 of size 4 found num new op-mutexes 0
[t=1.92683s, 92104 KB] In ts_24_32 of size 4 found num new op-mutexes 0
[t=1.92778s, 92104 KB] In ts_24_33 of size 4 found num new op-mutexes 0
[t=1.92873s, 92104 KB] In ts_24_34 of size 4 found num new op-mutexes 0
[t=1.93011s, 92104 KB] In ts_24_35 of size 29 found num new op-mutexes 0
[t=1.93151s, 92104 KB] In ts_24_36 of size 29 found num new op-mutexes 0
[t=1.93245s, 92104 KB] In ts_24_37 of size 4 found num new op-mutexes 0
[t=1.9334s, 92104 KB] In ts_24_38 of size 4 found num new op-mutexes 0
[t=1.93479s, 92104 KB] In ts_24_39 of size 29 found num new op-mutexes 0
[t=1.9358s, 92104 KB] In ts_24_40 of size 4 found num new op-mutexes 0
[t=1.94066s, 92104 KB] In ts_24_66 of size 580 found num new op-mutexes 0
[t=1.94097s, 92104 KB] Operator mutex finished iteration 24. Found an additional 0 operator mutexes

[t=1.94189s, 92104 KB] Next pair of indices: (25, 66)
[t=1.94192s, 92104 KB] M&S algorithm main loop timer: 1.88586s (after computation of next merge)
[t=1.95515s, 92104 KB] M&S algorithm main loop timer: 1.89918s (after merging)

[t=1.95589s, 92104 KB] Operator mutex starting iteration 25
[t=1.95904s, 92104 KB] In ts_25_26 of size 9 found num new op-mutexes 0
[t=1.96011s, 92104 KB] In ts_25_27 of size 4 found num new op-mutexes 0
[t=1.96106s, 92104 KB] In ts_25_28 of size 4 found num new op-mutexes 0
[t=1.96197s, 92104 KB] In ts_25_29 of size 4 found num new op-mutexes 0
[t=1.96288s, 92104 KB] In ts_25_30 of size 4 found num new op-mutexes 0
[t=1.96382s, 92104 KB] In ts_25_31 of size 4 found num new op-mutexes 0
[t=1.96476s, 92104 KB] In ts_25_32 of size 4 found num new op-mutexes 0
[t=1.96568s, 92104 KB] In ts_25_33 of size 4 found num new op-mutexes 0
[t=1.96659s, 92104 KB] In ts_25_34 of size 4 found num new op-mutexes 0
[t=1.96795s, 92104 KB] In ts_25_35 of size 29 found num new op-mutexes 0
[t=1.96931s, 92104 KB] In ts_25_36 of size 29 found num new op-mutexes 0
[t=1.97025s, 92104 KB] In ts_25_37 of size 4 found num new op-mutexes 0
[t=1.97117s, 92104 KB] In ts_25_38 of size 4 found num new op-mutexes 0
[t=1.97253s, 92104 KB] In ts_25_39 of size 29 found num new op-mutexes 0
[t=1.97347s, 92104 KB] In ts_25_40 of size 4 found num new op-mutexes 0
[t=1.97439s, 92104 KB] Operator mutex finished iteration 25. Found an additional 0 operator mutexes

[t=1.97538s, 92104 KB] Next pair of indices: (26, 67)
[t=1.97541s, 92104 KB] M&S algorithm main loop timer: 1.91936s (after computation of next merge)
[t=1.99595s, 92104 KB] M&S algorithm main loop timer: 1.94009s (after shrinking)
[t=2.06132s, 92104 KB] M&S algorithm main loop timer: 2.00534s (after merging)

[t=2.06411s, 92104 KB] Operator mutex starting iteration 26
[t=2.06499s, 92104 KB] In ts_26_27 of size 4 found num new op-mutexes 0
[t=2.06596s, 92104 KB] In ts_26_28 of size 4 found num new op-mutexes 0
[t=2.0669s, 92104 KB] In ts_26_29 of size 4 found num new op-mutexes 0
[t=2.06786s, 92104 KB] In ts_26_30 of size 4 found num new op-mutexes 0
[t=2.06883s, 92104 KB] In ts_26_31 of size 4 found num new op-mutexes 0
[t=2.0698s, 92104 KB] In ts_26_32 of size 4 found num new op-mutexes 0
[t=2.07076s, 92104 KB] In ts_26_33 of size 4 found num new op-mutexes 0
[t=2.07171s, 92104 KB] In ts_26_34 of size 4 found num new op-mutexes 0
[t=2.0731s, 92104 KB] In ts_26_35 of size 29 found num new op-mutexes 0
[t=2.07452s, 92104 KB] In ts_26_36 of size 29 found num new op-mutexes 0
[t=2.0755s, 92104 KB] In ts_26_37 of size 4 found num new op-mutexes 0
[t=2.07646s, 92104 KB] In ts_26_38 of size 4 found num new op-mutexes 0
[t=2.07783s, 92104 KB] In ts_26_39 of size 29 found num new op-mutexes 0
[t=2.07881s, 92104 KB] In ts_26_40 of size 4 found num new op-mutexes 0
[t=2.08081s, 92104 KB] Operator mutex finished iteration 26. Found an additional 0 operator mutexes

[t=2.08238s, 92104 KB] Next pair of indices: (28, 68)
[t=2.08242s, 92104 KB] M&S algorithm main loop timer: 2.02636s (after computation of next merge)
[t=2.16123s, 92104 KB] M&S algorithm main loop timer: 2.10562s (after shrinking)
[t=2.16241s, 92104 KB] M&S algorithm main loop timer: 2.10636s (after merging)

[t=2.16245s, 92104 KB] Operator mutex starting iteration 27
[t=2.16327s, 92104 KB] In ts_27_27 of size 4 found num new op-mutexes 0
[t=2.16419s, 92104 KB] In ts_27_29 of size 4 found num new op-mutexes 0
[t=2.1651s, 92104 KB] In ts_27_30 of size 4 found num new op-mutexes 0
[t=2.166s, 92104 KB] In ts_27_31 of size 4 found num new op-mutexes 0
[t=2.16694s, 92104 KB] In ts_27_32 of size 4 found num new op-mutexes 0
[t=2.16785s, 92104 KB] In ts_27_33 of size 4 found num new op-mutexes 0
[t=2.16875s, 92104 KB] In ts_27_34 of size 4 found num new op-mutexes 0
[t=2.17011s, 92104 KB] In ts_27_35 of size 29 found num new op-mutexes 0
[t=2.17147s, 92104 KB] In ts_27_36 of size 29 found num new op-mutexes 0
[t=2.17237s, 92104 KB] In ts_27_37 of size 4 found num new op-mutexes 0
[t=2.17328s, 92104 KB] In ts_27_38 of size 4 found num new op-mutexes 0
[t=2.17466s, 92104 KB] In ts_27_39 of size 29 found num new op-mutexes 0
[t=2.17558s, 92104 KB] In ts_27_40 of size 4 found num new op-mutexes 0
[t=2.17661s, 92104 KB] In ts_27_69 of size 16 found num new op-mutexes 0
[t=2.17676s, 92104 KB] Operator mutex finished iteration 27. Found an additional 0 operator mutexes

[t=2.17737s, 92104 KB] Next pair of indices: (29, 69)
[t=2.17739s, 92104 KB] M&S algorithm main loop timer: 2.12134s (after computation of next merge)
[t=2.17826s, 92104 KB] M&S algorithm main loop timer: 2.12222s (after merging)

[t=2.17831s, 92104 KB] Operator mutex starting iteration 28
[t=2.17911s, 92104 KB] In ts_28_27 of size 4 found num new op-mutexes 0
[t=2.18006s, 92104 KB] In ts_28_30 of size 4 found num new op-mutexes 0
[t=2.18099s, 92104 KB] In ts_28_31 of size 4 found num new op-mutexes 0
[t=2.18193s, 92104 KB] In ts_28_32 of size 4 found num new op-mutexes 0
[t=2.18288s, 92104 KB] In ts_28_33 of size 4 found num new op-mutexes 0
[t=2.18384s, 92104 KB] In ts_28_34 of size 4 found num new op-mutexes 0
[t=2.18522s, 92104 KB] In ts_28_35 of size 29 found num new op-mutexes 0
[t=2.18662s, 92104 KB] In ts_28_36 of size 29 found num new op-mutexes 0
[t=2.18757s, 92104 KB] In ts_28_37 of size 4 found num new op-mutexes 0
[t=2.18851s, 92104 KB] In ts_28_38 of size 4 found num new op-mutexes 0
[t=2.18987s, 92104 KB] In ts_28_39 of size 29 found num new op-mutexes 0
[t=2.19081s, 92104 KB] In ts_28_40 of size 4 found num new op-mutexes 0
[t=2.19194s, 92104 KB] In ts_28_70 of size 64 found num new op-mutexes 0
[t=2.19212s, 92104 KB] Operator mutex finished iteration 28. Found an additional 0 operator mutexes

[t=2.19261s, 92104 KB] Next pair of indices: (30, 70)
[t=2.19264s, 92104 KB] M&S algorithm main loop timer: 2.13658s (after computation of next merge)
[t=2.19374s, 92104 KB] M&S algorithm main loop timer: 2.13771s (after merging)

[t=2.19381s, 92104 KB] Operator mutex starting iteration 29
[t=2.19462s, 92104 KB] In ts_29_27 of size 4 found num new op-mutexes 0
[t=2.19553s, 92104 KB] In ts_29_31 of size 4 found num new op-mutexes 0
[t=2.19643s, 92104 KB] In ts_29_32 of size 4 found num new op-mutexes 0
[t=2.19733s, 92104 KB] In ts_29_33 of size 4 found num new op-mutexes 0
[t=2.19823s, 92104 KB] In ts_29_34 of size 4 found num new op-mutexes 0
[t=2.19958s, 92104 KB] In ts_29_35 of size 29 found num new op-mutexes 0
[t=2.20091s, 92104 KB] In ts_29_36 of size 29 found num new op-mutexes 0
[t=2.20185s, 92104 KB] In ts_29_37 of size 4 found num new op-mutexes 0
[t=2.20275s, 92104 KB] In ts_29_38 of size 4 found num new op-mutexes 0
[t=2.20411s, 92104 KB] In ts_29_39 of size 29 found num new op-mutexes 0
[t=2.20504s, 92104 KB] In ts_29_40 of size 4 found num new op-mutexes 0
[t=2.20675s, 92104 KB] In ts_29_71 of size 256 found num new op-mutexes 0
[t=2.20691s, 92104 KB] Operator mutex finished iteration 29. Found an additional 0 operator mutexes

[t=2.20734s, 92104 KB] Next pair of indices: (31, 71)
[t=2.20736s, 92104 KB] M&S algorithm main loop timer: 2.15131s (after computation of next merge)
[t=2.20936s, 92104 KB] M&S algorithm main loop timer: 2.15338s (after merging)

[t=2.20953s, 92104 KB] Operator mutex starting iteration 30
[t=2.21035s, 92104 KB] In ts_30_27 of size 4 found num new op-mutexes 0
[t=2.21128s, 92104 KB] In ts_30_32 of size 4 found num new op-mutexes 0
[t=2.21222s, 92104 KB] In ts_30_33 of size 4 found num new op-mutexes 0
[t=2.21318s, 92104 KB] In ts_30_34 of size 4 found num new op-mutexes 0
[t=2.21456s, 92104 KB] In ts_30_35 of size 29 found num new op-mutexes 0
[t=2.21594s, 92104 KB] In ts_30_36 of size 29 found num new op-mutexes 0
[t=2.21687s, 92104 KB] In ts_30_37 of size 4 found num new op-mutexes 0
[t=2.21783s, 92104 KB] In ts_30_38 of size 4 found num new op-mutexes 0
[t=2.21918s, 92104 KB] In ts_30_39 of size 29 found num new op-mutexes 0
[t=2.22013s, 92104 KB] In ts_30_40 of size 4 found num new op-mutexes 0
[t=2.22468s, 92104 KB] In ts_30_72 of size 1024 found num new op-mutexes 0
[t=2.22487s, 92104 KB] Operator mutex finished iteration 30. Found an additional 0 operator mutexes

[t=2.22527s, 92104 KB] Next pair of indices: (32, 72)
[t=2.22529s, 92104 KB] M&S algorithm main loop timer: 2.16924s (after computation of next merge)
[t=2.2321s, 92104 KB] M&S algorithm main loop timer: 2.17608s (after merging)

[t=2.2324s, 92104 KB] Operator mutex starting iteration 31
[t=2.23327s, 92104 KB] In ts_31_27 of size 4 found num new op-mutexes 0
[t=2.23418s, 92104 KB] In ts_31_33 of size 4 found num new op-mutexes 0
[t=2.23509s, 92104 KB] In ts_31_34 of size 4 found num new op-mutexes 0
[t=2.23646s, 92104 KB] In ts_31_35 of size 29 found num new op-mutexes 0
[t=2.2378s, 92104 KB] In ts_31_36 of size 29 found num new op-mutexes 0
[t=2.23873s, 92104 KB] In ts_31_37 of size 4 found num new op-mutexes 0
[t=2.23963s, 92104 KB] In ts_31_38 of size 4 found num new op-mutexes 0
[t=2.24096s, 92104 KB] In ts_31_39 of size 29 found num new op-mutexes 0
[t=2.24189s, 92104 KB] In ts_31_40 of size 4 found num new op-mutexes 0
[t=2.25963s, 92104 KB] In ts_31_73 of size 4096 found num new op-mutexes 0
[t=2.25987s, 92104 KB] Operator mutex finished iteration 31. Found an additional 0 operator mutexes

[t=2.26048s, 92104 KB] Next pair of indices: (33, 73)
[t=2.26051s, 92104 KB] M&S algorithm main loop timer: 2.20445s (after computation of next merge)
[t=2.29018s, 92104 KB] M&S algorithm main loop timer: 2.23418s (after merging)

[t=2.29121s, 92104 KB] Operator mutex starting iteration 32
[t=2.29207s, 92104 KB] In ts_32_27 of size 4 found num new op-mutexes 0
[t=2.29305s, 92104 KB] In ts_32_34 of size 4 found num new op-mutexes 0
[t=2.29446s, 92104 KB] In ts_32_35 of size 29 found num new op-mutexes 0
[t=2.29586s, 92104 KB] In ts_32_36 of size 29 found num new op-mutexes 0
[t=2.29682s, 92104 KB] In ts_32_37 of size 4 found num new op-mutexes 0
[t=2.29776s, 92104 KB] In ts_32_38 of size 4 found num new op-mutexes 0
[t=2.29915s, 92104 KB] In ts_32_39 of size 29 found num new op-mutexes 0
[t=2.30009s, 92104 KB] In ts_32_40 of size 4 found num new op-mutexes 0
[t=2.30112s, 92104 KB] Operator mutex finished iteration 32. Found an additional 0 operator mutexes

[t=2.30173s, 92104 KB] Next pair of indices: (34, 74)
[t=2.30176s, 92104 KB] M&S algorithm main loop timer: 2.24571s (after computation of next merge)
[t=2.35051s, 92104 KB] M&S algorithm main loop timer: 2.29451s (after shrinking)
[t=2.44079s, 92104 KB] M&S algorithm main loop timer: 2.38481s (after merging)

[t=2.44362s, 92104 KB] Operator mutex starting iteration 33
[t=2.44447s, 92104 KB] In ts_33_27 of size 4 found num new op-mutexes 0
[t=2.44582s, 92104 KB] In ts_33_35 of size 29 found num new op-mutexes 0
[t=2.44717s, 92104 KB] In ts_33_36 of size 29 found num new op-mutexes 0
[t=2.44811s, 92104 KB] In ts_33_37 of size 4 found num new op-mutexes 0
[t=2.44903s, 92104 KB] In ts_33_38 of size 4 found num new op-mutexes 0
[t=2.45037s, 92104 KB] In ts_33_39 of size 29 found num new op-mutexes 0
[t=2.45131s, 92104 KB] In ts_33_40 of size 4 found num new op-mutexes 0
[t=2.45531s, 92104 KB] Operator mutex finished iteration 33. Found an additional 0 operator mutexes

[t=2.45714s, 92104 KB] Next pair of indices: (35, 75)
[t=2.45718s, 92104 KB] M&S algorithm main loop timer: 2.40113s (after computation of next merge)
[t=2.57425s, 92104 KB] M&S algorithm main loop timer: 2.51862s (after shrinking)
[t=2.57562s, 92104 KB] M&S algorithm main loop timer: 2.51958s (after merging)

[t=2.57568s, 92104 KB] Operator mutex starting iteration 34
[t=2.57652s, 92104 KB] In ts_34_27 of size 4 found num new op-mutexes 0
[t=2.57789s, 92104 KB] In ts_34_36 of size 29 found num new op-mutexes 0
[t=2.57883s, 92104 KB] In ts_34_37 of size 4 found num new op-mutexes 0
[t=2.57979s, 92104 KB] In ts_34_38 of size 4 found num new op-mutexes 0
[t=2.58119s, 92104 KB] In ts_34_39 of size 29 found num new op-mutexes 0
[t=2.58215s, 92104 KB] In ts_34_40 of size 4 found num new op-mutexes 0
[t=2.58394s, 92104 KB] In ts_34_76 of size 116 found num new op-mutexes 0
[t=2.58411s, 92104 KB] Operator mutex finished iteration 34. Found an additional 0 operator mutexes

[t=2.58439s, 92104 KB] Next pair of indices: (27, 76)
[t=2.58442s, 92104 KB] M&S algorithm main loop timer: 2.52836s (after computation of next merge)
[t=2.58581s, 92104 KB] M&S algorithm main loop timer: 2.52979s (after merging)

[t=2.58591s, 92104 KB] Operator mutex starting iteration 35
[t=2.58714s, 92104 KB] In ts_35_36 of size 29 found num new op-mutexes 0
[t=2.58809s, 92104 KB] In ts_35_37 of size 4 found num new op-mutexes 0
[t=2.58901s, 92104 KB] In ts_35_38 of size 4 found num new op-mutexes 0
[t=2.59036s, 92104 KB] In ts_35_39 of size 29 found num new op-mutexes 0
[t=2.59134s, 92104 KB] In ts_35_40 of size 4 found num new op-mutexes 0
[t=2.59475s, 92104 KB] In ts_35_77 of size 464 found num new op-mutexes 0
[t=2.59493s, 92104 KB] Operator mutex finished iteration 35. Found an additional 0 operator mutexes

[t=2.59519s, 92104 KB] Next pair of indices: (36, 77)
[t=2.59522s, 92104 KB] M&S algorithm main loop timer: 2.53916s (after computation of next merge)
[t=2.6247s, 92104 KB] M&S algorithm main loop timer: 2.56873s (after merging)

[t=2.62561s, 92104 KB] Operator mutex starting iteration 36
[t=2.62646s, 92104 KB] In ts_36_37 of size 4 found num new op-mutexes 0
[t=2.62744s, 92104 KB] In ts_36_38 of size 4 found num new op-mutexes 0
[t=2.6288s, 92104 KB] In ts_36_39 of size 29 found num new op-mutexes 0
[t=2.62976s, 92104 KB] In ts_36_40 of size 4 found num new op-mutexes 0
[t=2.63093s, 92104 KB] Operator mutex finished iteration 36. Found an additional 0 operator mutexes

[t=2.6315s, 92104 KB] Next pair of indices: (37, 78)
[t=2.63153s, 92104 KB] M&S algorithm main loop timer: 2.57548s (after computation of next merge)
[t=2.68505s, 92104 KB] M&S algorithm main loop timer: 2.62908s (after shrinking)
[t=2.80665s, 92104 KB] M&S algorithm main loop timer: 2.75066s (after merging)

[t=2.80915s, 92104 KB] Operator mutex starting iteration 37
[t=2.81003s, 92104 KB] In ts_37_38 of size 4 found num new op-mutexes 0
[t=2.81145s, 92104 KB] In ts_37_39 of size 29 found num new op-mutexes 0
[t=2.8124s, 92104 KB] In ts_37_40 of size 4 found num new op-mutexes 0
[t=2.81556s, 92104 KB] Operator mutex finished iteration 37. Found an additional 0 operator mutexes

[t=2.81768s, 92104 KB] Next pair of indices: (38, 79)
[t=2.81771s, 92104 KB] M&S algorithm main loop timer: 2.76166s (after computation of next merge)
[t=2.96135s, 92104 KB] M&S algorithm main loop timer: 2.90568s (after shrinking)
[t=2.9625s, 92104 KB] M&S algorithm main loop timer: 2.90646s (after merging)

[t=2.96255s, 92104 KB] Operator mutex starting iteration 38
[t=2.96382s, 92104 KB] In ts_38_39 of size 29 found num new op-mutexes 0
[t=2.96475s, 92104 KB] In ts_38_40 of size 4 found num new op-mutexes 0
[t=2.96574s, 92104 KB] In ts_38_80 of size 16 found num new op-mutexes 0
[t=2.96589s, 92104 KB] Operator mutex finished iteration 38. Found an additional 0 operator mutexes

[t=2.96606s, 92104 KB] Next pair of indices: (39, 80)
[t=2.96609s, 92104 KB] M&S algorithm main loop timer: 2.91003s (after computation of next merge)
[t=2.96738s, 92104 KB] M&S algorithm main loop timer: 2.91135s (after merging)

[t=2.96748s, 92104 KB] Operator mutex starting iteration 39
[t=2.96828s, 92104 KB] In ts_39_40 of size 4 found num new op-mutexes 0
[t=2.97189s, 92104 KB] In ts_39_81 of size 464 found num new op-mutexes 0
[t=2.97207s, 92104 KB] Operator mutex finished iteration 39. Found an additional 0 operator mutexes

[t=2.9721s, 92104 KB] Next pair of indices: (40, 81)
[t=2.97215s, 92104 KB] M&S algorithm main loop timer: 2.91609s (after computation of next merge)
[t=2.97574s, 92104 KB] M&S algorithm main loop timer: 2.91978s (after merging)

[t=2.97598s, 92104 KB] Operator mutex starting iteration 40
[t=2.9869s, 92104 KB] In ts_40_82 of size 1856 found num new op-mutexes 0
[t=2.98717s, 92104 KB] Operator mutex finished iteration 40. Found an additional 0 operator mutexes

[t=2.98721s, 92104 KB] End of merge-and-shrink algorithm, statistics:
[t=2.98723s, 92104 KB] Main loop runtime: 2.93118s
[t=2.98726s, 92104 KB] Maximum intermediate abstraction size: 49156
[t=2.98727s, 92104 KB] Final peak memory increase of merge-and-shrink algorithm: 67384 KB
[t=2.98731s, 92104 KB] Merge-and-shrink algorithm runtime: 2.95975s

[t=2.98733s, 92104 KB] Number of labels: 7094
[t=2.98735s, 92104 KB] Total number of operator mutexes: 78916
[t=2.98737s, 92104 KB] Operator Mutex total time: 1.24214s
[t=2.98765s, 92104 KB] Number of remaining factors: 1
[t=2.9878s, 92104 KB] Number of factors kept: 1
[t=2.98783s, 92104 KB] Done initializing merge-and-shrink heuristic.

[t=2.99064s, 92104 KB] Building successor generator...done!
[t=2.99526s, 92104 KB] peak memory difference for successor generator creation: 0 KB
[t=2.99528s, 92104 KB] time for successor generation creation: 0.00292518s
[t=2.99534s, 92104 KB] Variables: 42
[t=2.99537s, 92104 KB] FactPairs: 462
[t=2.99539s, 92104 KB] Bytes per state: 20
[t=2.99552s, 92104 KB] Conducting best first search with reopening closed nodes, (real) bound = 2147483647
[t=2.99558s, 92104 KB] New best heuristic value for merge_and_shrink(op_mutex = op_mutex(use_previous_ops = nopo, reachability_strategy = goal)): 2
[t=2.9956s, 92104 KB] g=0, 1 evaluated, 0 expanded
[t=2.99562s, 92104 KB] f = 2, 1 evaluated, 0 expanded
[t=2.99565s, 92104 KB] Initial heuristic value for merge_and_shrink(op_mutex = op_mutex(use_previous_ops = nopo, reachability_strategy = goal)): 2
[t=2.99567s, 92104 KB] pruning method: none
[t=2.99575s, 92104 KB] New best heuristic value for merge_and_shrink(op_mutex = op_mutex(use_previous_ops = nopo, reachability_strategy = goal)): 1
[t=2.99577s, 92104 KB] g=1, 23 evaluated, 1 expanded
[t=2.99586s, 92104 KB] f = 3, 58 evaluated, 2 expanded
[t=2.99784s, 92104 KB] f = 4, 962 evaluated, 60 expanded
[t=3.02194s, 92104 KB] f = 5, 11031 evaluated, 963 expanded
[t=3.25029s, 92104 KB] f = 6, 100553 evaluated, 10979 expanded
[t=5.18947s, 92104 KB] f = 7, 774618 evaluated, 99618 expanded
[t=10.5711s, 164988 KB] New best heuristic value for merge_and_shrink(op_mutex = op_mutex(use_previous_ops = nopo, reachability_strategy = goal)): 0
[t=10.5713s, 164988 KB] g=7, 2449182 evaluated, 334569 expanded
[t=10.5713s, 164988 KB] Solution found!
[t=10.5713s, 164988 KB] Actual search time: 7.57567s
overcome abrasion intoxication wonderbread neptune venus (1)
feast intoxication wonderbread yogurt moravia bosnia (1)
feast intoxication yogurt tuna goias arizona (1)
feast intoxication tuna turkey goias arizona (1)
feast intoxication turkey cherry quebec alsace (1)
feast intoxication cherry pepper bosnia goias (1)
succumb abrasion intoxication pepper neptune venus (1)
[t=10.5714s, 164988 KB] Plan length: 7 step(s).
[t=10.5714s, 164988 KB] Plan cost: 7
[t=10.5714s, 164988 KB] Expanded 334570 state(s).
[t=10.5714s, 164988 KB] Reopened 0 state(s).
[t=10.5714s, 164988 KB] Evaluated 2449189 state(s).
[t=10.5714s, 164988 KB] Evaluations: 2449189
[t=10.5714s, 164988 KB] Generated 9828109 state(s).
[t=10.5714s, 164988 KB] Dead ends: 0 state(s).
[t=10.5714s, 164988 KB] Expanded until last jump: 99618 state(s).
[t=10.5714s, 164988 KB] Reopened until last jump: 0 state(s).
[t=10.5714s, 164988 KB] Evaluated until last jump: 774618 state(s).
[t=10.5714s, 164988 KB] Generated until last jump: 2907035 state(s).
[t=10.5714s, 164988 KB] Number of registered states: 2449189
[t=10.5714s, 164988 KB] Int hash set load factor: 2449189/4194304 = 0.583932
[t=10.5714s, 164988 KB] Int hash set resizes: 22
[t=10.5714s, 164988 KB] Search time: 7.57584s
[t=10.5714s, 164988 KB] Total time: 10.5714s
Solution found.
Peak memory: 164988 KB
Remove intermediate file output.sas
search exit code: 0

INFO     Running validate.
INFO     validate stdin: None
INFO     validate time limit: None
INFO     validate memory limit: None
INFO     validate command line string: validate domain.pddl problem.pddl sas_plan
Checking plan: sas_plan
Plan executed successfully - checking goal
Plan valid
Final value: 7 

Successful plans:
Value: 7
 sas_plan 7 

validate exit code: 0

