INFO     Running translator.
INFO     translator stdin: None
INFO     translator time limit: 599.97s
INFO     translator memory limit: 7000 MB
INFO     translator command line string: /usr/bin/python3 /user/student.aau.dk/lkar18/downward-projects/downward/experiments/nopo_vs_nasutpo_vs_nelutpo/data/nopo_vs_nasutpo_vs_nelutpo/code-f7902f30c0f47512f07fb7c64cdaf652032f674a_e5e41175/builds/release/bin/translate/translate.py domain.pddl problem.pddl --sas-file output.sas
Parsing...
Parsing: [0.000s CPU, 0.005s wall-clock]
Normalizing task... [0.000s CPU, 0.000s wall-clock]
Instantiating...
Generating Datalog program... [0.010s CPU, 0.001s wall-clock]
Normalizing Datalog program...
Duplicate arguments: Adding equality conditions.
Normalizing Datalog program: [0.000s CPU, 0.004s wall-clock]
Preparing model... [0.010s CPU, 0.002s wall-clock]
Generated 129 rules.
Computing model... [0.000s CPU, 0.005s wall-clock]
234 relevant atoms
267 auxiliary atoms
501 final queue length
905 total queue pushes
Completing instantiation... [0.010s CPU, 0.006s wall-clock]
Instantiating: [0.030s CPU, 0.017s wall-clock]
Computing fact groups...
Finding invariants...
36 initial candidates
Finding invariants: [0.150s CPU, 0.157s wall-clock]
Checking invariant weight... [0.000s CPU, 0.000s wall-clock]
Instantiating groups... [0.000s CPU, 0.000s wall-clock]
Collecting mutex groups... [0.000s CPU, 0.000s wall-clock]
Choosing groups...
0 uncovered facts
Choosing groups: [0.000s CPU, 0.000s wall-clock]
Building translation key... [0.000s CPU, 0.000s wall-clock]
Computing fact groups: [0.150s CPU, 0.158s wall-clock]
Building STRIPS to SAS dictionary... [0.000s CPU, 0.000s wall-clock]
Building dictionary for full mutex groups... [0.000s CPU, 0.000s wall-clock]
Building mutex information...
Building mutex information: [0.000s CPU, 0.000s wall-clock]
Translating task...
Processing axioms...
Simplifying axioms... [0.000s CPU, 0.000s wall-clock]
Translator axioms removed by simplifying: 0
Computing negative axioms... [0.000s CPU, 0.000s wall-clock]
Processing axioms: [0.000s CPU, 0.001s wall-clock]
Translating task: [0.010s CPU, 0.007s wall-clock]
0 effect conditions simplified
0 implied preconditions added
Detecting unreachable propositions...
0 operators removed
0 axioms removed
7 propositions removed
Detecting unreachable propositions: [0.000s CPU, 0.003s wall-clock]
Reordering and filtering variables...
10 of 10 variables necessary.
14 of 18 mutex groups necessary.
138 of 138 operators necessary.
0 of 0 axiom rules necessary.
Reordering and filtering variables: [0.000s CPU, 0.001s wall-clock]
Translator variables: 10
Translator derived variables: 0
Translator facts: 62
Translator goal facts: 6
Translator mutex groups: 14
Translator total mutex groups size: 124
Translator operators: 138
Translator axioms: 0
Translator task size: 1201
Translator peak memory: 43292 KB
Writing output... [0.010s CPU, 0.002s wall-clock]
Done! [0.200s CPU, 0.196s wall-clock]
translate exit code: 0

INFO     Running search (release).
INFO     search stdin: output.sas
INFO     search time limit: 599.73s
INFO     search memory limit: 7000 MB
INFO     search command line string: /user/student.aau.dk/lkar18/downward-projects/downward/experiments/nopo_vs_nasutpo_vs_nelutpo/data/nopo_vs_nasutpo_vs_nelutpo/code-f7902f30c0f47512f07fb7c64cdaf652032f674a_e5e41175/builds/release/bin/downward --search 'astar(merge_and_shrink(op_mutex=op_mutex(use_previous_ops=NeLUTPO, reachability_strategy=goal)))' --internal-plan-file sas_plan < output.sas
[t=3.8717e-05s, 22344 KB] reading input...
[t=0.000775963s, 22344 KB] done reading input!
[t=0.00221272s, 22600 KB] Initializing merge-and-shrink heuristic...
[t=0.00228092s, 22600 KB] Running merge-and-shrink algorithm...
[t=0.00230108s, 22600 KB] Merge strategy options:
[t=0.00232231s, 22600 KB] Type: stateless
[t=0.00234299s, 22600 KB] Merge selector options:
[t=0.00237153s, 22600 KB] Name: score based filtering
[t=0.00239173s, 22600 KB] Merge scoring function:
[t=0.00241119s, 22600 KB] Name: goal relevance
[t=0.0024307s, 22600 KB] Merge scoring function:
[t=0.0024503s, 22600 KB] Name: dfp
[t=0.00246969s, 22600 KB] Merge scoring function:
[t=0.0024893s, 22600 KB] Name: total order
[t=0.00250915s, 22600 KB] Atomic transition system order: reverse level
[t=0.00252892s, 22600 KB] Product transition system order: new to old
[t=0.00254831s, 22600 KB] Consider atomic before product transition systems
[t=0.00256779s, 22600 KB] Random seed: -1

[t=0.00258966s, 22600 KB] Options related to size limits and shrinking: 
[t=0.00261097s, 22600 KB] Transition system size limit: 50000
[t=0.00263065s, 22600 KB] Transition system size limit right before merge: 50000
[t=0.00265005s, 22600 KB] Threshold to trigger shrinking right before merge: 1

[t=0.00267144s, 22600 KB] Pruning unreachable states: yes
[t=0.00270464s, 22600 KB] Pruning irrelevant states: yes

[t=0.00272959s, 22600 KB] Label reduction disabled

[t=0.00275283s, 22600 KB] Main loop max time in seconds: inf

[t=0.00277774s, 22600 KB] ===============================================================================
[t=0.00279829s, 22600 KB] WARNING! You did not enable label reduction.
This may drastically reduce the performance of merge-and-shrink!
[t=0.00281869s, 22600 KB] ===============================================================================

[t=0.00284191s, 22600 KB] Building atomic transition systems... 
[t=0.00321231s, 22868 KB] M&S algorithm timer: 0.000967165s (after computation of atomic factors)

[t=0.00326169s, 22868 KB] Starting main loop without a time limit.
[t=0.003329s, 23000 KB] Next pair of indices: (0, 7)
[t=0.0033642s, 23000 KB] M&S algorithm main loop timer: 0.000124029s (after computation of next merge)
[t=0.00346868s, 23000 KB] M&S algorithm main loop timer: 0.000237115s (after merging)

[t=0.00350913s, 23000 KB] Operator mutex starting iteration 0
[t=0.00362919s, 23000 KB] In ts_0_1 of size 4 found num new op-mutexes 0
[t=0.00376503s, 23000 KB] In ts_0_2 of size 5 found num new op-mutexes 0
[t=0.00393838s, 23000 KB] In ts_0_3 of size 16 found num new op-mutexes 0
[t=0.00400712s, 23000 KB] In ts_0_4 of size 2 found num new op-mutexes 0
[t=0.00406945s, 23000 KB] In ts_0_5 of size 2 found num new op-mutexes 0
[t=0.00412937s, 23000 KB] In ts_0_6 of size 2 found num new op-mutexes 0
[t=0.00428628s, 23000 KB] In ts_0_8 of size 9 found num new op-mutexes 0
[t=0.00446689s, 23000 KB] In ts_0_9 of size 9 found num new op-mutexes 0
[t=0.00476283s, 23000 KB] In ts_0_10 of size 36 found num new op-mutexes 0
[t=0.00480028s, 23000 KB] Operator mutex finished iteration 0. Found an additional 0 operator mutexes

[t=0.0048568s, 23000 KB] Next pair of indices: (1, 4)
[t=0.00488197s, 23000 KB] M&S algorithm main loop timer: 0.00164004s (after computation of next merge)
[t=0.00494135s, 23000 KB] M&S algorithm main loop timer: 0.00170523s (after merging)

[t=0.00497498s, 23000 KB] Operator mutex starting iteration 1
[t=0.00510354s, 23000 KB] In ts_1_2 of size 5 found num new op-mutexes 0
[t=0.00526579s, 23000 KB] In ts_1_3 of size 16 found num new op-mutexes 0
[t=0.00534341s, 23000 KB] In ts_1_5 of size 2 found num new op-mutexes 0
[t=0.00540506s, 23000 KB] In ts_1_6 of size 2 found num new op-mutexes 0
[t=0.00556256s, 23000 KB] In ts_1_8 of size 9 found num new op-mutexes 0
[t=0.00572044s, 23000 KB] In ts_1_9 of size 9 found num new op-mutexes 0
[t=0.00600833s, 23000 KB] In ts_1_10 of size 36 found num new op-mutexes 0
[t=0.00617379s, 23000 KB] In ts_1_11 of size 8 found num new op-mutexes 0
[t=0.00620752s, 23000 KB] Operator mutex finished iteration 1. Found an additional 0 operator mutexes

[t=0.00626671s, 23000 KB] Next pair of indices: (2, 5)
[t=0.00629499s, 23000 KB] M&S algorithm main loop timer: 0.00305316s (after computation of next merge)
[t=0.0063585s, 23000 KB] M&S algorithm main loop timer: 0.00312229s (after merging)

[t=0.00639226s, 23000 KB] Operator mutex starting iteration 2
[t=0.00654902s, 23000 KB] In ts_2_3 of size 16 found num new op-mutexes 0
[t=0.00661699s, 23000 KB] In ts_2_6 of size 2 found num new op-mutexes 0
[t=0.00677608s, 23000 KB] In ts_2_8 of size 9 found num new op-mutexes 0
[t=0.00693497s, 23000 KB] In ts_2_9 of size 9 found num new op-mutexes 0
[t=0.00724122s, 23000 KB] In ts_2_10 of size 36 found num new op-mutexes 0
[t=0.00741337s, 23000 KB] In ts_2_11 of size 8 found num new op-mutexes 0
[t=0.00759648s, 23000 KB] In ts_2_12 of size 10 found num new op-mutexes 0
[t=0.00763017s, 23000 KB] Operator mutex finished iteration 2. Found an additional 0 operator mutexes

[t=0.00768557s, 23000 KB] Next pair of indices: (3, 6)
[t=0.00771106s, 23000 KB] M&S algorithm main loop timer: 0.00446898s (after computation of next merge)
[t=0.00778338s, 23000 KB] M&S algorithm main loop timer: 0.00455779s (after merging)

[t=0.00782873s, 23000 KB] Operator mutex starting iteration 3
[t=0.0079876s, 23000 KB] In ts_3_8 of size 9 found num new op-mutexes 0
[t=0.00814677s, 23000 KB] In ts_3_9 of size 9 found num new op-mutexes 0
[t=0.00842893s, 23000 KB] In ts_3_10 of size 36 found num new op-mutexes 0
[t=0.00859252s, 23000 KB] In ts_3_11 of size 8 found num new op-mutexes 0
[t=0.00876999s, 23000 KB] In ts_3_12 of size 10 found num new op-mutexes 0
[t=0.00896247s, 23000 KB] In ts_3_13 of size 32 found num new op-mutexes 0
[t=0.00899605s, 23000 KB] Operator mutex finished iteration 3. Found an additional 0 operator mutexes

[t=0.00904597s, 23000 KB] Next pair of indices: (8, 9)
[t=0.00907046s, 23000 KB] M&S algorithm main loop timer: 0.00582807s (after computation of next merge)
[t=0.00920837s, 23000 KB] M&S algorithm main loop timer: 0.00597236s (after merging)

[t=0.00924623s, 23000 KB] Operator mutex starting iteration 4
[t=0.00952224s, 23000 KB] In ts_4_10 of size 36 found num new op-mutexes 0
[t=0.00968456s, 23000 KB] In ts_4_11 of size 8 found num new op-mutexes 0
[t=0.0098948s, 23000 KB] In ts_4_12 of size 10 found num new op-mutexes 0
[t=0.0100921s, 23000 KB] In ts_4_13 of size 32 found num new op-mutexes 0
[t=0.0105716s, 23000 KB] In ts_4_14 of size 81 found num new op-mutexes 0
[t=0.0106106s, 23000 KB] Operator mutex finished iteration 4. Found an additional 0 operator mutexes

[t=0.0106785s, 23000 KB] Next pair of indices: (13, 14)
[t=0.0107095s, 23000 KB] M&S algorithm main loop timer: 0.00746953s (after computation of next merge)
[t=0.0118759s, 23124 KB] M&S algorithm main loop timer: 0.00868305s (after merging)
[t=0.0121621s, 23124 KB] M&S algorithm main loop timer: 0.00893797s (after pruning)

[t=0.0122075s, 23124 KB] Operator mutex starting iteration 5
[t=0.0124898s, 23124 KB] In ts_5_10 of size 36 found num new op-mutexes 0
[t=0.0126574s, 23124 KB] In ts_5_11 of size 8 found num new op-mutexes 0
[t=0.0128398s, 23124 KB] In ts_5_12 of size 10 found num new op-mutexes 0
[t=0.0149024s, 23436 KB] In ts_5_15 of size 1404 found num new op-mutexes 0
[t=0.0149495s, 23436 KB] Operator mutex finished iteration 5. Found an additional 0 operator mutexes

[t=0.0150077s, 23436 KB] Next pair of indices: (12, 15)
[t=0.0150337s, 23436 KB] M&S algorithm main loop timer: 0.011792s (after computation of next merge)
[t=0.0209675s, 24120 KB] M&S algorithm main loop timer: 0.0177501s (after merging)
[t=0.0216381s, 24120 KB] M&S algorithm main loop timer: 0.0184087s (after pruning)

[t=0.0216787s, 24120 KB] Operator mutex starting iteration 6
[t=0.021965s, 24120 KB] In ts_6_10 of size 36 found num new op-mutexes 0
[t=0.0221352s, 24120 KB] In ts_6_11 of size 8 found num new op-mutexes 0
[t=0.0262173s, 24400 KB] In ts_6_16 of size 4912 found num new op-mutexes 1088
[t=0.0262698s, 24400 KB] Operator mutex finished iteration 6. Found an additional 1088 operator mutexes

[t=0.0263272s, 24400 KB] Next pair of indices: (11, 16)
[t=0.0263531s, 24400 KB] M&S algorithm main loop timer: 0.0231181s (after computation of next merge)
[t=0.0424749s, 26240 KB] M&S algorithm main loop timer: 0.0392835s (after merging)
[t=0.0439644s, 26240 KB] M&S algorithm main loop timer: 0.0407399s (after pruning)

[t=0.0440108s, 26240 KB] Operator mutex starting iteration 7
[t=0.0443321s, 26240 KB] In ts_7_10 of size 36 found num new op-mutexes 0
[t=0.0444177s, 26240 KB] Operator mutex finished iteration 7. Found an additional 0 operator mutexes

[t=0.0444542s, 26240 KB] Next pair of indices: (10, 17)
[t=0.0444783s, 26240 KB] M&S algorithm main loop timer: 0.0412359s (after computation of next merge)
[t=0.0538303s, 26240 KB] M&S algorithm main loop timer: 0.0508033s (after shrinking)
[t=0.0678447s, 27564 KB] M&S algorithm main loop timer: 0.0646511s (after merging)
[t=0.0692479s, 27564 KB] M&S algorithm main loop timer: 0.0660211s (after pruning)

[t=0.0692927s, 27564 KB] Operator mutex starting iteration 8
[t=0.0743699s, 27564 KB] In ts_8_18 of size 4162 found num new op-mutexes 532
[t=0.0744255s, 27564 KB] Operator mutex finished iteration 8. Found an additional 532 operator mutexes

[t=0.0744612s, 27564 KB] End of merge-and-shrink algorithm, statistics:
[t=0.074485s, 27564 KB] Main loop runtime: 0.0712434s
[t=0.0745083s, 27564 KB] Maximum intermediate abstraction size: 47412
[t=0.0745294s, 27564 KB] Final peak memory increase of merge-and-shrink algorithm: 4964 KB
[t=0.0745626s, 27564 KB] Merge-and-shrink algorithm runtime: 0.0723006s

[t=0.0745873s, 27564 KB] Number of labels: 138
[t=0.0746078s, 27564 KB] Total number of operator mutexes: 1620
[t=0.0746282s, 27564 KB] Operator Mutex total time: 0.0194565s
[t=0.0746571s, 27564 KB] Number of remaining factors: 1
[t=0.0747416s, 27564 KB] Number of factors kept: 1
[t=0.0747658s, 27564 KB] Done initializing merge-and-shrink heuristic.

[t=0.0749127s, 27564 KB] Building successor generator...done!
[t=0.0750783s, 27564 KB] peak memory difference for successor generator creation: 0 KB
[t=0.0750975s, 27564 KB] time for successor generation creation: 8.5699e-05s
[t=0.0751232s, 27564 KB] Variables: 10
[t=0.0751442s, 27564 KB] FactPairs: 62
[t=0.0751646s, 27564 KB] Bytes per state: 4
[t=0.0752899s, 27564 KB] Conducting best first search with reopening closed nodes, (real) bound = 2147483647
[t=0.0753468s, 27564 KB] New best heuristic value for merge_and_shrink(op_mutex = op_mutex(use_previous_ops = nelutpo, reachability_strategy = goal)): 1
[t=0.0753713s, 27564 KB] g=0, 1 evaluated, 0 expanded
[t=0.0753941s, 27564 KB] f = 1, 1 evaluated, 0 expanded
[t=0.0754179s, 27564 KB] Initial heuristic value for merge_and_shrink(op_mutex = op_mutex(use_previous_ops = nelutpo, reachability_strategy = goal)): 1
[t=0.0754404s, 27564 KB] pruning method: none
[t=0.0754744s, 27564 KB] New best heuristic value for merge_and_shrink(op_mutex = op_mutex(use_previous_ops = nelutpo, reachability_strategy = goal)): 0
[t=0.0754987s, 27564 KB] g=1, 4 evaluated, 1 expanded
[t=0.0755298s, 27564 KB] Solution found!
[t=0.0755534s, 27564 KB] Actual search time: 0.000109802s
invert-single-gene-a sub3 (1)
[t=0.0755767s, 27564 KB] Plan length: 1 step(s).
[t=0.0755767s, 27564 KB] Plan cost: 1
[t=0.0755767s, 27564 KB] Expanded 2 state(s).
[t=0.0755767s, 27564 KB] Reopened 0 state(s).
[t=0.0755767s, 27564 KB] Evaluated 7 state(s).
[t=0.0755767s, 27564 KB] Evaluations: 7
[t=0.0755767s, 27564 KB] Generated 6 state(s).
[t=0.0755767s, 27564 KB] Dead ends: 0 state(s).
[t=0.0755767s, 27564 KB] Expanded until last jump: 0 state(s).
[t=0.0755767s, 27564 KB] Reopened until last jump: 0 state(s).
[t=0.0755767s, 27564 KB] Evaluated until last jump: 1 state(s).
[t=0.0755767s, 27564 KB] Generated until last jump: 0 state(s).
[t=0.0755767s, 27564 KB] Number of registered states: 7
[t=0.0755767s, 27564 KB] Int hash set load factor: 7/8 = 0.875
[t=0.0755767s, 27564 KB] Int hash set resizes: 3
[t=0.0755767s, 27564 KB] Search time: 0.000287816s
[t=0.0755767s, 27564 KB] Total time: 0.0755767s
Solution found.
Peak memory: 27564 KB
Remove intermediate file output.sas
search exit code: 0

INFO     Running validate.
INFO     validate stdin: None
INFO     validate time limit: None
INFO     validate memory limit: None
INFO     validate command line string: validate domain.pddl problem.pddl sas_plan
Checking plan: sas_plan
Plan executed successfully - checking goal
Plan valid
Final value: 1 

Successful plans:
Value: 1
 sas_plan 1 

validate exit code: 0

