INFO     Running translator.
INFO     translator stdin: None
INFO     translator time limit: 599.97s
INFO     translator memory limit: 7000 MB
INFO     translator command line string: /usr/bin/python3 /user/student.aau.dk/lkar18/downward-projects/downward/experiments/nopo_vs_nasutpo_195p/data/nopo_vs_nasutpo/code-94571df14dfaf5b06207d9589b12facdd93f580c_e5e41175/builds/release/bin/translate/translate.py domain.pddl problem.pddl --sas-file output.sas
Parsing...
Parsing: [0.000s CPU, 0.002s wall-clock]
Normalizing task... [0.000s CPU, 0.000s wall-clock]
Instantiating...
Generating Datalog program... [0.000s CPU, 0.001s wall-clock]
Normalizing Datalog program...
Normalizing Datalog program: [0.000s CPU, 0.001s wall-clock]
Preparing model... [0.000s CPU, 0.001s wall-clock]
Generated 34 rules.
Computing model... [0.010s CPU, 0.005s wall-clock]
354 relevant atoms
264 auxiliary atoms
618 final queue length
677 total queue pushes
Completing instantiation... [0.000s CPU, 0.002s wall-clock]
Instantiating: [0.010s CPU, 0.011s wall-clock]
Computing fact groups...
Finding invariants...
8 initial candidates
Finding invariants: [0.000s CPU, 0.001s wall-clock]
Checking invariant weight... [0.000s CPU, 0.000s wall-clock]
Instantiating groups... [0.000s CPU, 0.000s wall-clock]
Collecting mutex groups... [0.000s CPU, 0.000s wall-clock]
Choosing groups...
54 uncovered facts
Choosing groups: [0.000s CPU, 0.000s wall-clock]
Building translation key... [0.000s CPU, 0.000s wall-clock]
Computing fact groups: [0.000s CPU, 0.002s wall-clock]
Building STRIPS to SAS dictionary... [0.000s CPU, 0.000s wall-clock]
Building dictionary for full mutex groups... [0.000s CPU, 0.000s wall-clock]
Building mutex information...
Building mutex information: [0.000s CPU, 0.000s wall-clock]
Translating task...
Processing axioms...
Simplifying axioms... [0.000s CPU, 0.000s wall-clock]
Translator axioms removed by simplifying: 0
Computing negative axioms... [0.000s CPU, 0.000s wall-clock]
Processing axioms: [0.000s CPU, 0.000s wall-clock]
Translating task: [0.000s CPU, 0.003s wall-clock]
28 effect conditions simplified
0 implied preconditions added
Detecting unreachable propositions...
0 operators removed
0 axioms removed
1 propositions removed
Detecting unreachable propositions: [0.000s CPU, 0.002s wall-clock]
Reordering and filtering variables...
35 of 55 variables necessary.
0 of 1 mutex groups necessary.
67 of 80 operators necessary.
0 of 0 axiom rules necessary.
Reordering and filtering variables: [0.000s CPU, 0.001s wall-clock]
Translator variables: 35
Translator derived variables: 0
Translator facts: 72
Translator goal facts: 2
Translator mutex groups: 0
Translator total mutex groups size: 0
Translator operators: 67
Translator axioms: 0
Translator task size: 411
Translator peak memory: 42268 KB
Writing output... [0.010s CPU, 0.001s wall-clock]
Done! [0.030s CPU, 0.022s wall-clock]
translate exit code: 0

INFO     Running search (release).
INFO     search stdin: output.sas
INFO     search time limit: 599.9s
INFO     search memory limit: 7000 MB
INFO     search command line string: /user/student.aau.dk/lkar18/downward-projects/downward/experiments/nopo_vs_nasutpo_195p/data/nopo_vs_nasutpo/code-94571df14dfaf5b06207d9589b12facdd93f580c_e5e41175/builds/release/bin/downward --search 'astar(merge_and_shrink(op_mutex=op_mutex(use_previous_ops=NoPO, reachability_strategy=goal), merge_strategy=merge_sccs(order_of_sccs=topological, merge_tree=linear()), shrink_strategy=shrink_bisimulation(greedy=true, at_limit=USE_UP)))' --internal-plan-file sas_plan < output.sas
[t=3.5536e-05s, 22344 KB] reading input...
[t=0.000443175s, 22344 KB] done reading input!
[t=0.00177953s, 22600 KB] Initializing merge-and-shrink heuristic...
[t=0.00184456s, 22600 KB] Running merge-and-shrink algorithm...
[t=0.00186457s, 22600 KB] Merge strategy options:
[t=0.00188547s, 22600 KB] Type: sccs
[t=0.00190585s, 22600 KB] Merge order of sccs: topological
[t=0.00192557s, 22600 KB] Merge strategy for merging within sccs: 
[t=0.00194496s, 22600 KB] Merge tree options: 
[t=0.00196441s, 22600 KB] Type: linear
[t=0.00198391s, 22600 KB] Update option: use random
[t=0.00200373s, 22600 KB] Variable order type: CG/GOAL, tie breaking on level (main)

[t=0.0020255s, 22600 KB] Options related to size limits and shrinking: 
[t=0.00204638s, 22600 KB] Transition system size limit: 50000
[t=0.00206611s, 22600 KB] Transition system size limit right before merge: 50000
[t=0.00208528s, 22600 KB] Threshold to trigger shrinking right before merge: 1

[t=0.0021073s, 22600 KB] Pruning unreachable states: yes
[t=0.00212761s, 22600 KB] Pruning irrelevant states: yes

[t=0.00214878s, 22600 KB] Label reduction disabled

[t=0.00217106s, 22600 KB] Main loop max time in seconds: inf

[t=0.00219493s, 22600 KB] ===============================================================================
[t=0.00221478s, 22600 KB] WARNING! You did not enable label reduction.
This may drastically reduce the performance of merge-and-shrink!
[t=0.00223568s, 22600 KB] ===============================================================================

[t=0.00225811s, 22600 KB] Building atomic transition systems... 
[t=0.00265889s, 23128 KB] M&S algorithm timer: 0.000850311s (after computation of atomic factors)

[t=0.00270871s, 23128 KB] Starting main loop without a time limit.
[t=0.00273443s, 23128 KB] building causal graph...done! [t=0.000105328s]
[t=0.00286119s, 23128 KB] SCCs of the causal graph:
[t=0.00291024s, 23128 KB] [0, 12, 1, 2, 3, 4, 5, 6, 7, 8, 9, 10, 11]
[t=0.00293526s, 23128 KB] [13]
[t=0.00295549s, 23128 KB] [21, 19, 23, 24, 22, 20, 18, 25, 27, 14, 15, 16, 17, 26, 28]
[t=0.00297631s, 23128 KB] [31, 32, 33]
[t=0.00299613s, 23128 KB] [30]
[t=0.00302858s, 23128 KB] [34]
[t=0.00305017s, 23128 KB] [29]
[t=0.00308652s, 23128 KB] Next pair of indices: (11, 12)
[t=0.00310985s, 23128 KB] M&S algorithm main loop timer: 0.000420507s (after computation of next merge)
[t=0.00314747s, 23128 KB] M&S algorithm main loop timer: 0.000460089s (after shrinking)
[t=0.00318478s, 23128 KB] M&S algorithm main loop timer: 0.000499325s (after merging)

[t=0.00321488s, 23128 KB] Operator mutex starting iteration 0

[t=0.00326289s, 23128 KB] In ts_0_0 of size 2 found num new op-mutexes 9

[t=0.00331258s, 23128 KB] In ts_0_1 of size 2 found num new op-mutexes 9

[t=0.00335743s, 23128 KB] In ts_0_2 of size 2 found num new op-mutexes 9

[t=0.00340081s, 23128 KB] In ts_0_3 of size 2 found num new op-mutexes 9

[t=0.00344507s, 23128 KB] In ts_0_4 of size 2 found num new op-mutexes 9

[t=0.00348713s, 23128 KB] In ts_0_5 of size 2 found num new op-mutexes 9

[t=0.00352948s, 23128 KB] In ts_0_6 of size 2 found num new op-mutexes 9

[t=0.00357118s, 23128 KB] In ts_0_7 of size 2 found num new op-mutexes 9

[t=0.00361424s, 23128 KB] In ts_0_8 of size 2 found num new op-mutexes 9

[t=0.0036566s, 23128 KB] In ts_0_9 of size 2 found num new op-mutexes 9

[t=0.00369921s, 23128 KB] In ts_0_10 of size 2 found num new op-mutexes 9

[t=0.00374255s, 23128 KB] In ts_0_13 of size 2 found num new op-mutexes 0

[t=0.00379462s, 23128 KB] In ts_0_14 of size 2 found num new op-mutexes 0

[t=0.00383579s, 23128 KB] In ts_0_15 of size 2 found num new op-mutexes 0

[t=0.00387646s, 23128 KB] In ts_0_16 of size 2 found num new op-mutexes 0

[t=0.00391723s, 23128 KB] In ts_0_17 of size 2 found num new op-mutexes 0

[t=0.00395677s, 23128 KB] In ts_0_18 of size 2 found num new op-mutexes 0

[t=0.00399618s, 23128 KB] In ts_0_19 of size 2 found num new op-mutexes 0

[t=0.00403551s, 23128 KB] In ts_0_20 of size 2 found num new op-mutexes 0

[t=0.00407521s, 23128 KB] In ts_0_21 of size 2 found num new op-mutexes 0

[t=0.00411414s, 23128 KB] In ts_0_22 of size 2 found num new op-mutexes 0

[t=0.00415575s, 23128 KB] In ts_0_23 of size 2 found num new op-mutexes 0

[t=0.00419573s, 23128 KB] In ts_0_24 of size 2 found num new op-mutexes 0

[t=0.00423559s, 23128 KB] In ts_0_25 of size 2 found num new op-mutexes 0

[t=0.00427645s, 23128 KB] In ts_0_26 of size 2 found num new op-mutexes 0

[t=0.00431675s, 23128 KB] In ts_0_27 of size 2 found num new op-mutexes 0

[t=0.00436241s, 23128 KB] In ts_0_28 of size 2 found num new op-mutexes 0

[t=0.00440687s, 23128 KB] In ts_0_29 of size 2 found num new op-mutexes 0

[t=0.00445285s, 23128 KB] In ts_0_30 of size 2 found num new op-mutexes 0

[t=0.00449382s, 23128 KB] In ts_0_31 of size 2 found num new op-mutexes 0

[t=0.00453405s, 23128 KB] In ts_0_32 of size 2 found num new op-mutexes 0

[t=0.00457487s, 23128 KB] In ts_0_33 of size 2 found num new op-mutexes 0

[t=0.0046157s, 23128 KB] In ts_0_34 of size 2 found num new op-mutexes 0

[t=0.00465673s, 23128 KB] In ts_0_35 of size 1 found num new op-mutexes 0
[t=0.00468232s, 23128 KB] Operator mutex finished iteration 0. Found an additional 99 operator mutexes

[t=0.00470782s, 23128 KB] Next pair of indices: (35, 10)
[t=0.00472894s, 23128 KB] M&S algorithm main loop timer: 0.00203909s (after computation of next merge)
[t=0.00475841s, 23128 KB] M&S algorithm main loop timer: 0.00207014s (after shrinking)
[t=0.00479336s, 23128 KB] M&S algorithm main loop timer: 0.00210757s (after merging)

[t=0.0048229s, 23128 KB] Operator mutex starting iteration 1

[t=0.00486334s, 23128 KB] In ts_1_0 of size 2 found num new op-mutexes 0

[t=0.00490835s, 23128 KB] In ts_1_1 of size 2 found num new op-mutexes 0

[t=0.00495146s, 23128 KB] In ts_1_2 of size 2 found num new op-mutexes 0

[t=0.00500259s, 23128 KB] In ts_1_3 of size 2 found num new op-mutexes 0

[t=0.00504448s, 23128 KB] In ts_1_4 of size 2 found num new op-mutexes 0

[t=0.0051082s, 23128 KB] In ts_1_5 of size 2 found num new op-mutexes 0

[t=0.00515373s, 23128 KB] In ts_1_6 of size 2 found num new op-mutexes 0

[t=0.00519888s, 23128 KB] In ts_1_7 of size 2 found num new op-mutexes 0

[t=0.0052399s, 23128 KB] In ts_1_8 of size 2 found num new op-mutexes 0

[t=0.00528092s, 23128 KB] In ts_1_9 of size 2 found num new op-mutexes 0

[t=0.00532253s, 23128 KB] In ts_1_13 of size 2 found num new op-mutexes 0

[t=0.00536379s, 23128 KB] In ts_1_14 of size 2 found num new op-mutexes 0

[t=0.00540394s, 23128 KB] In ts_1_15 of size 2 found num new op-mutexes 0

[t=0.00544427s, 23128 KB] In ts_1_16 of size 2 found num new op-mutexes 0

[t=0.00548318s, 23128 KB] In ts_1_17 of size 2 found num new op-mutexes 0

[t=0.00552257s, 23128 KB] In ts_1_18 of size 2 found num new op-mutexes 0

[t=0.00556151s, 23128 KB] In ts_1_19 of size 2 found num new op-mutexes 0

[t=0.00560089s, 23128 KB] In ts_1_20 of size 2 found num new op-mutexes 0

[t=0.00564019s, 23128 KB] In ts_1_21 of size 2 found num new op-mutexes 0

[t=0.00567945s, 23128 KB] In ts_1_22 of size 2 found num new op-mutexes 0

[t=0.00572004s, 23128 KB] In ts_1_23 of size 2 found num new op-mutexes 0

[t=0.00575957s, 23128 KB] In ts_1_24 of size 2 found num new op-mutexes 0

[t=0.00579922s, 23128 KB] In ts_1_25 of size 2 found num new op-mutexes 0

[t=0.00584544s, 23128 KB] In ts_1_26 of size 2 found num new op-mutexes 0

[t=0.00588971s, 23128 KB] In ts_1_27 of size 2 found num new op-mutexes 0

[t=0.00593979s, 23128 KB] In ts_1_28 of size 2 found num new op-mutexes 0

[t=0.0059935s, 23128 KB] In ts_1_29 of size 2 found num new op-mutexes 0

[t=0.00603713s, 23128 KB] In ts_1_30 of size 2 found num new op-mutexes 0

[t=0.00607787s, 23128 KB] In ts_1_31 of size 2 found num new op-mutexes 0

[t=0.00611851s, 23128 KB] In ts_1_32 of size 2 found num new op-mutexes 0

[t=0.00615901s, 23128 KB] In ts_1_33 of size 2 found num new op-mutexes 0

[t=0.00619926s, 23128 KB] In ts_1_34 of size 2 found num new op-mutexes 0

[t=0.0062391s, 23128 KB] In ts_1_36 of size 1 found num new op-mutexes 0
[t=0.00626394s, 23128 KB] Operator mutex finished iteration 1. Found an additional 0 operator mutexes

[t=0.00628966s, 23128 KB] Next pair of indices: (36, 9)
[t=0.00631092s, 23128 KB] M&S algorithm main loop timer: 0.00362047s (after computation of next merge)
[t=0.00633981s, 23128 KB] M&S algorithm main loop timer: 0.00365143s (after shrinking)
[t=0.00637447s, 23128 KB] M&S algorithm main loop timer: 0.00368829s (after merging)

[t=0.00640383s, 23128 KB] Operator mutex starting iteration 2

[t=0.00644429s, 23128 KB] In ts_2_0 of size 2 found num new op-mutexes 0

[t=0.00648818s, 23128 KB] In ts_2_1 of size 2 found num new op-mutexes 0

[t=0.0065312s, 23128 KB] In ts_2_2 of size 2 found num new op-mutexes 0

[t=0.00657423s, 23128 KB] In ts_2_3 of size 2 found num new op-mutexes 0

[t=0.00661662s, 23128 KB] In ts_2_4 of size 2 found num new op-mutexes 0

[t=0.00665826s, 23128 KB] In ts_2_5 of size 2 found num new op-mutexes 0

[t=0.00670044s, 23128 KB] In ts_2_6 of size 2 found num new op-mutexes 0

[t=0.00674128s, 23128 KB] In ts_2_7 of size 2 found num new op-mutexes 0

[t=0.0067821s, 23128 KB] In ts_2_8 of size 2 found num new op-mutexes 0

[t=0.00682357s, 23128 KB] In ts_2_13 of size 2 found num new op-mutexes 0

[t=0.00686429s, 23128 KB] In ts_2_14 of size 2 found num new op-mutexes 0

[t=0.0069044s, 23128 KB] In ts_2_15 of size 2 found num new op-mutexes 0

[t=0.00694424s, 23128 KB] In ts_2_16 of size 2 found num new op-mutexes 0

[t=0.00698421s, 23128 KB] In ts_2_17 of size 2 found num new op-mutexes 0

[t=0.00702383s, 23128 KB] In ts_2_18 of size 2 found num new op-mutexes 0

[t=0.00706358s, 23128 KB] In ts_2_19 of size 2 found num new op-mutexes 0

[t=0.00710288s, 23128 KB] In ts_2_20 of size 2 found num new op-mutexes 0

[t=0.00714235s, 23128 KB] In ts_2_21 of size 2 found num new op-mutexes 0

[t=0.00718929s, 23128 KB] In ts_2_22 of size 2 found num new op-mutexes 0

[t=0.0072293s, 23128 KB] In ts_2_23 of size 2 found num new op-mutexes 0

[t=0.00726881s, 23128 KB] In ts_2_24 of size 2 found num new op-mutexes 0

[t=0.0073085s, 23128 KB] In ts_2_25 of size 2 found num new op-mutexes 0

[t=0.00734957s, 23128 KB] In ts_2_26 of size 2 found num new op-mutexes 0

[t=0.00739044s, 23128 KB] In ts_2_27 of size 2 found num new op-mutexes 0

[t=0.00743077s, 23128 KB] In ts_2_28 of size 2 found num new op-mutexes 0

[t=0.00747132s, 23128 KB] In ts_2_29 of size 2 found num new op-mutexes 0

[t=0.00751262s, 23128 KB] In ts_2_30 of size 2 found num new op-mutexes 0

[t=0.00755355s, 23128 KB] In ts_2_31 of size 2 found num new op-mutexes 0

[t=0.00759305s, 23128 KB] In ts_2_32 of size 2 found num new op-mutexes 0

[t=0.00763337s, 23128 KB] In ts_2_33 of size 2 found num new op-mutexes 0

[t=0.00767462s, 23128 KB] In ts_2_34 of size 2 found num new op-mutexes 0

[t=0.00771489s, 23128 KB] In ts_2_37 of size 1 found num new op-mutexes 0
[t=0.00774026s, 23128 KB] Operator mutex finished iteration 2. Found an additional 0 operator mutexes

[t=0.00776535s, 23128 KB] Next pair of indices: (37, 8)
[t=0.00778592s, 23128 KB] M&S algorithm main loop timer: 0.00509562s (after computation of next merge)
[t=0.00781412s, 23128 KB] M&S algorithm main loop timer: 0.00512545s (after shrinking)
[t=0.00784779s, 23128 KB] M&S algorithm main loop timer: 0.00516157s (after merging)

[t=0.00787661s, 23128 KB] Operator mutex starting iteration 3

[t=0.00791623s, 23128 KB] In ts_3_0 of size 2 found num new op-mutexes 0

[t=0.00796006s, 23128 KB] In ts_3_1 of size 2 found num new op-mutexes 0

[t=0.00800305s, 23128 KB] In ts_3_2 of size 2 found num new op-mutexes 0

[t=0.00805246s, 23128 KB] In ts_3_3 of size 2 found num new op-mutexes 0

[t=0.00810653s, 23128 KB] In ts_3_4 of size 2 found num new op-mutexes 0

[t=0.00814863s, 23128 KB] In ts_3_5 of size 2 found num new op-mutexes 0

[t=0.00818948s, 23128 KB] In ts_3_6 of size 2 found num new op-mutexes 0

[t=0.00823068s, 23128 KB] In ts_3_7 of size 2 found num new op-mutexes 0

[t=0.00827282s, 23128 KB] In ts_3_13 of size 2 found num new op-mutexes 0

[t=0.00831401s, 23128 KB] In ts_3_14 of size 2 found num new op-mutexes 0

[t=0.00835478s, 23128 KB] In ts_3_15 of size 2 found num new op-mutexes 0

[t=0.00839452s, 23128 KB] In ts_3_16 of size 2 found num new op-mutexes 0

[t=0.0084345s, 23128 KB] In ts_3_17 of size 2 found num new op-mutexes 0

[t=0.0084741s, 23128 KB] In ts_3_18 of size 2 found num new op-mutexes 0

[t=0.00851366s, 23128 KB] In ts_3_19 of size 2 found num new op-mutexes 0

[t=0.00855342s, 23128 KB] In ts_3_20 of size 2 found num new op-mutexes 0

[t=0.00859295s, 23128 KB] In ts_3_21 of size 2 found num new op-mutexes 0

[t=0.00863223s, 23128 KB] In ts_3_22 of size 2 found num new op-mutexes 0

[t=0.00867611s, 23128 KB] In ts_3_23 of size 2 found num new op-mutexes 0

[t=0.00871965s, 23128 KB] In ts_3_24 of size 2 found num new op-mutexes 0

[t=0.00876024s, 23128 KB] In ts_3_25 of size 2 found num new op-mutexes 0

[t=0.00880167s, 23128 KB] In ts_3_26 of size 2 found num new op-mutexes 0

[t=0.0088421s, 23128 KB] In ts_3_27 of size 2 found num new op-mutexes 0

[t=0.00888272s, 23128 KB] In ts_3_28 of size 2 found num new op-mutexes 0

[t=0.00896375s, 23128 KB] In ts_3_29 of size 2 found num new op-mutexes 0

[t=0.0090079s, 23128 KB] In ts_3_30 of size 2 found num new op-mutexes 0

[t=0.00904885s, 23128 KB] In ts_3_31 of size 2 found num new op-mutexes 0

[t=0.00908919s, 23128 KB] In ts_3_32 of size 2 found num new op-mutexes 0

[t=0.00912966s, 23128 KB] In ts_3_33 of size 2 found num new op-mutexes 0

[t=0.00917024s, 23128 KB] In ts_3_34 of size 2 found num new op-mutexes 0

[t=0.00921031s, 23128 KB] In ts_3_38 of size 1 found num new op-mutexes 0
[t=0.00923531s, 23128 KB] Operator mutex finished iteration 3. Found an additional 0 operator mutexes

[t=0.00926045s, 23128 KB] Next pair of indices: (38, 7)
[t=0.00928109s, 23128 KB] M&S algorithm main loop timer: 0.00659054s (after computation of next merge)
[t=0.00930925s, 23128 KB] M&S algorithm main loop timer: 0.00662045s (after shrinking)
[t=0.00934316s, 23128 KB] M&S algorithm main loop timer: 0.00665705s (after merging)

[t=0.00937226s, 23128 KB] Operator mutex starting iteration 4

[t=0.00941177s, 23128 KB] In ts_4_0 of size 2 found num new op-mutexes 0

[t=0.00945539s, 23128 KB] In ts_4_1 of size 2 found num new op-mutexes 0

[t=0.00949893s, 23128 KB] In ts_4_2 of size 2 found num new op-mutexes 0

[t=0.00954144s, 23128 KB] In ts_4_3 of size 2 found num new op-mutexes 0

[t=0.00958305s, 23128 KB] In ts_4_4 of size 2 found num new op-mutexes 0

[t=0.00962419s, 23128 KB] In ts_4_5 of size 2 found num new op-mutexes 0

[t=0.00966527s, 23128 KB] In ts_4_6 of size 2 found num new op-mutexes 0

[t=0.00970674s, 23128 KB] In ts_4_13 of size 2 found num new op-mutexes 0

[t=0.00974761s, 23128 KB] In ts_4_14 of size 2 found num new op-mutexes 0

[t=0.00978798s, 23128 KB] In ts_4_15 of size 2 found num new op-mutexes 0

[t=0.00982811s, 23128 KB] In ts_4_16 of size 2 found num new op-mutexes 0

[t=0.00986783s, 23128 KB] In ts_4_17 of size 2 found num new op-mutexes 0

[t=0.00990801s, 23128 KB] In ts_4_18 of size 2 found num new op-mutexes 0

[t=0.00994728s, 23128 KB] In ts_4_19 of size 2 found num new op-mutexes 0

[t=0.00998663s, 23128 KB] In ts_4_20 of size 2 found num new op-mutexes 0

[t=0.0100257s, 23128 KB] In ts_4_21 of size 2 found num new op-mutexes 0

[t=0.0100648s, 23128 KB] In ts_4_22 of size 2 found num new op-mutexes 0

[t=0.010105s, 23128 KB] In ts_4_23 of size 2 found num new op-mutexes 0

[t=0.0101447s, 23128 KB] In ts_4_24 of size 2 found num new op-mutexes 0

[t=0.010189s, 23128 KB] In ts_4_25 of size 2 found num new op-mutexes 0

[t=0.0102304s, 23128 KB] In ts_4_26 of size 2 found num new op-mutexes 0

[t=0.0102778s, 23128 KB] In ts_4_27 of size 2 found num new op-mutexes 0

[t=0.0103219s, 23128 KB] In ts_4_28 of size 2 found num new op-mutexes 0

[t=0.010364s, 23128 KB] In ts_4_29 of size 2 found num new op-mutexes 0

[t=0.0104061s, 23128 KB] In ts_4_30 of size 2 found num new op-mutexes 0

[t=0.0104469s, 23128 KB] In ts_4_31 of size 2 found num new op-mutexes 0

[t=0.0104873s, 23128 KB] In ts_4_32 of size 2 found num new op-mutexes 0

[t=0.010528s, 23128 KB] In ts_4_33 of size 2 found num new op-mutexes 0

[t=0.0105695s, 23128 KB] In ts_4_34 of size 2 found num new op-mutexes 0

[t=0.0106104s, 23128 KB] In ts_4_39 of size 1 found num new op-mutexes 0
[t=0.0106357s, 23128 KB] Operator mutex finished iteration 4. Found an additional 0 operator mutexes

[t=0.0106611s, 23128 KB] Next pair of indices: (39, 6)
[t=0.0106816s, 23128 KB] M&S algorithm main loop timer: 0.00799115s (after computation of next merge)
[t=0.0107097s, 23128 KB] M&S algorithm main loop timer: 0.00802147s (after shrinking)
[t=0.0107436s, 23128 KB] M&S algorithm main loop timer: 0.00805751s (after merging)

[t=0.0107726s, 23128 KB] Operator mutex starting iteration 5

[t=0.0108122s, 23128 KB] In ts_5_0 of size 2 found num new op-mutexes 0

[t=0.0108561s, 23128 KB] In ts_5_1 of size 2 found num new op-mutexes 0

[t=0.0109002s, 23128 KB] In ts_5_2 of size 2 found num new op-mutexes 0

[t=0.0109432s, 23128 KB] In ts_5_3 of size 2 found num new op-mutexes 0

[t=0.0109854s, 23128 KB] In ts_5_4 of size 2 found num new op-mutexes 0

[t=0.0110272s, 23128 KB] In ts_5_5 of size 2 found num new op-mutexes 0

[t=0.0110687s, 23128 KB] In ts_5_13 of size 2 found num new op-mutexes 0

[t=0.0111091s, 23128 KB] In ts_5_14 of size 2 found num new op-mutexes 0

[t=0.0111552s, 23128 KB] In ts_5_15 of size 2 found num new op-mutexes 0

[t=0.0111951s, 23128 KB] In ts_5_16 of size 2 found num new op-mutexes 0

[t=0.0112345s, 23128 KB] In ts_5_17 of size 2 found num new op-mutexes 0

[t=0.0112744s, 23128 KB] In ts_5_18 of size 2 found num new op-mutexes 0

[t=0.0113133s, 23128 KB] In ts_5_19 of size 2 found num new op-mutexes 0

[t=0.0113525s, 23128 KB] In ts_5_20 of size 2 found num new op-mutexes 0

[t=0.0113916s, 23128 KB] In ts_5_21 of size 2 found num new op-mutexes 0

[t=0.0114309s, 23128 KB] In ts_5_22 of size 2 found num new op-mutexes 0

[t=0.011471s, 23128 KB] In ts_5_23 of size 2 found num new op-mutexes 0

[t=0.011511s, 23128 KB] In ts_5_24 of size 2 found num new op-mutexes 0

[t=0.0115505s, 23128 KB] In ts_5_25 of size 2 found num new op-mutexes 0

[t=0.0115914s, 23128 KB] In ts_5_26 of size 2 found num new op-mutexes 0

[t=0.0116313s, 23128 KB] In ts_5_27 of size 2 found num new op-mutexes 0

[t=0.0116719s, 23128 KB] In ts_5_28 of size 2 found num new op-mutexes 0

[t=0.0117119s, 23128 KB] In ts_5_29 of size 2 found num new op-mutexes 0

[t=0.0117527s, 23128 KB] In ts_5_30 of size 2 found num new op-mutexes 0

[t=0.0117926s, 23128 KB] In ts_5_31 of size 2 found num new op-mutexes 0

[t=0.0118321s, 23128 KB] In ts_5_32 of size 2 found num new op-mutexes 0

[t=0.0118722s, 23128 KB] In ts_5_33 of size 2 found num new op-mutexes 0

[t=0.0119175s, 23128 KB] In ts_5_34 of size 2 found num new op-mutexes 0

[t=0.0119636s, 23128 KB] In ts_5_40 of size 1 found num new op-mutexes 0
[t=0.0119889s, 23128 KB] Operator mutex finished iteration 5. Found an additional 0 operator mutexes

[t=0.0120143s, 23128 KB] Next pair of indices: (40, 5)
[t=0.012035s, 23128 KB] M&S algorithm main loop timer: 0.00934463s (after computation of next merge)
[t=0.0120637s, 23128 KB] M&S algorithm main loop timer: 0.00937527s (after shrinking)
[t=0.0120977s, 23128 KB] M&S algorithm main loop timer: 0.00941147s (after merging)

[t=0.0121266s, 23128 KB] Operator mutex starting iteration 6

[t=0.0121655s, 23128 KB] In ts_6_0 of size 2 found num new op-mutexes 0

[t=0.0122089s, 23128 KB] In ts_6_1 of size 2 found num new op-mutexes 0

[t=0.0122511s, 23128 KB] In ts_6_2 of size 2 found num new op-mutexes 0

[t=0.0122924s, 23128 KB] In ts_6_3 of size 2 found num new op-mutexes 0

[t=0.0123332s, 23128 KB] In ts_6_4 of size 2 found num new op-mutexes 0

[t=0.0123832s, 23128 KB] In ts_6_13 of size 2 found num new op-mutexes 0

[t=0.0124239s, 23128 KB] In ts_6_14 of size 2 found num new op-mutexes 0

[t=0.0124636s, 23128 KB] In ts_6_15 of size 2 found num new op-mutexes 0

[t=0.0125077s, 23128 KB] In ts_6_16 of size 2 found num new op-mutexes 0

[t=0.0125502s, 23128 KB] In ts_6_17 of size 2 found num new op-mutexes 0

[t=0.0125894s, 23128 KB] In ts_6_18 of size 2 found num new op-mutexes 0

[t=0.0126281s, 23128 KB] In ts_6_19 of size 2 found num new op-mutexes 0

[t=0.0126666s, 23128 KB] In ts_6_20 of size 2 found num new op-mutexes 0

[t=0.0127054s, 23128 KB] In ts_6_21 of size 2 found num new op-mutexes 0

[t=0.0127441s, 23128 KB] In ts_6_22 of size 2 found num new op-mutexes 0

[t=0.0127838s, 23128 KB] In ts_6_23 of size 2 found num new op-mutexes 0

[t=0.0128232s, 23128 KB] In ts_6_24 of size 2 found num new op-mutexes 0

[t=0.0128629s, 23128 KB] In ts_6_25 of size 2 found num new op-mutexes 0

[t=0.0129036s, 23128 KB] In ts_6_26 of size 2 found num new op-mutexes 0

[t=0.0129463s, 23128 KB] In ts_6_27 of size 2 found num new op-mutexes 0

[t=0.0129998s, 23128 KB] In ts_6_28 of size 2 found num new op-mutexes 0

[t=0.0130408s, 23128 KB] In ts_6_29 of size 2 found num new op-mutexes 0

[t=0.0130819s, 23128 KB] In ts_6_30 of size 2 found num new op-mutexes 0

[t=0.0131218s, 23128 KB] In ts_6_31 of size 2 found num new op-mutexes 0

[t=0.0131615s, 23128 KB] In ts_6_32 of size 2 found num new op-mutexes 0

[t=0.0132016s, 23128 KB] In ts_6_33 of size 2 found num new op-mutexes 0

[t=0.0132647s, 23128 KB] In ts_6_34 of size 2 found num new op-mutexes 0

[t=0.0133204s, 23128 KB] In ts_6_41 of size 1 found num new op-mutexes 0
[t=0.0133464s, 23128 KB] Operator mutex finished iteration 6. Found an additional 0 operator mutexes

[t=0.0133719s, 23128 KB] Next pair of indices: (41, 4)
[t=0.0133933s, 23128 KB] M&S algorithm main loop timer: 0.0107031s (after computation of next merge)
[t=0.0134223s, 23128 KB] M&S algorithm main loop timer: 0.0107347s (after shrinking)
[t=0.0134575s, 23128 KB] M&S algorithm main loop timer: 0.0107721s (after merging)

[t=0.0134874s, 23128 KB] Operator mutex starting iteration 7

[t=0.0135275s, 23128 KB] In ts_7_0 of size 2 found num new op-mutexes 0

[t=0.0135726s, 23128 KB] In ts_7_1 of size 2 found num new op-mutexes 0

[t=0.013616s, 23128 KB] In ts_7_2 of size 2 found num new op-mutexes 0

[t=0.0136585s, 23128 KB] In ts_7_3 of size 2 found num new op-mutexes 0

[t=0.0137009s, 23128 KB] In ts_7_13 of size 2 found num new op-mutexes 0

[t=0.0137426s, 23128 KB] In ts_7_14 of size 2 found num new op-mutexes 0

[t=0.0137838s, 23128 KB] In ts_7_15 of size 2 found num new op-mutexes 0

[t=0.0138246s, 23128 KB] In ts_7_16 of size 2 found num new op-mutexes 0

[t=0.0138645s, 23128 KB] In ts_7_17 of size 2 found num new op-mutexes 0

[t=0.0139047s, 23128 KB] In ts_7_18 of size 2 found num new op-mutexes 0

[t=0.0139446s, 23128 KB] In ts_7_19 of size 2 found num new op-mutexes 0

[t=0.0139847s, 23128 KB] In ts_7_20 of size 2 found num new op-mutexes 0

[t=0.0140247s, 23128 KB] In ts_7_21 of size 2 found num new op-mutexes 0

[t=0.0140648s, 23128 KB] In ts_7_22 of size 2 found num new op-mutexes 0

[t=0.0141054s, 23128 KB] In ts_7_23 of size 2 found num new op-mutexes 0

[t=0.0141531s, 23128 KB] In ts_7_24 of size 2 found num new op-mutexes 0

[t=0.0141938s, 23128 KB] In ts_7_25 of size 2 found num new op-mutexes 0

[t=0.0142356s, 23128 KB] In ts_7_26 of size 2 found num new op-mutexes 0

[t=0.0142764s, 23128 KB] In ts_7_27 of size 2 found num new op-mutexes 0

[t=0.0143175s, 23128 KB] In ts_7_28 of size 2 found num new op-mutexes 0

[t=0.0143579s, 23128 KB] In ts_7_29 of size 2 found num new op-mutexes 0

[t=0.0143996s, 23128 KB] In ts_7_30 of size 2 found num new op-mutexes 0

[t=0.0144399s, 23128 KB] In ts_7_31 of size 2 found num new op-mutexes 0

[t=0.0144802s, 23128 KB] In ts_7_32 of size 2 found num new op-mutexes 0

[t=0.0145213s, 23128 KB] In ts_7_33 of size 2 found num new op-mutexes 0

[t=0.0145619s, 23128 KB] In ts_7_34 of size 2 found num new op-mutexes 0

[t=0.0146026s, 23128 KB] In ts_7_42 of size 1 found num new op-mutexes 0
[t=0.0146281s, 23128 KB] Operator mutex finished iteration 7. Found an additional 0 operator mutexes

[t=0.0146536s, 23128 KB] Next pair of indices: (42, 3)
[t=0.0146743s, 23128 KB] M&S algorithm main loop timer: 0.0119844s (after computation of next merge)
[t=0.0147025s, 23128 KB] M&S algorithm main loop timer: 0.0120146s (after shrinking)
[t=0.0147368s, 23128 KB] M&S algorithm main loop timer: 0.0120509s (after merging)

[t=0.014766s, 23128 KB] Operator mutex starting iteration 8

[t=0.0148062s, 23128 KB] In ts_8_0 of size 2 found num new op-mutexes 0

[t=0.0148752s, 23128 KB] In ts_8_1 of size 2 found num new op-mutexes 0

[t=0.0149211s, 23128 KB] In ts_8_2 of size 2 found num new op-mutexes 0

[t=0.0149636s, 23128 KB] In ts_8_13 of size 2 found num new op-mutexes 0

[t=0.0150045s, 23128 KB] In ts_8_14 of size 2 found num new op-mutexes 0

[t=0.0150445s, 23128 KB] In ts_8_15 of size 2 found num new op-mutexes 0

[t=0.015084s, 23128 KB] In ts_8_16 of size 2 found num new op-mutexes 0

[t=0.015123s, 23128 KB] In ts_8_17 of size 2 found num new op-mutexes 0

[t=0.0151619s, 23128 KB] In ts_8_18 of size 2 found num new op-mutexes 0

[t=0.015201s, 23128 KB] In ts_8_19 of size 2 found num new op-mutexes 0

[t=0.0152404s, 23128 KB] In ts_8_20 of size 2 found num new op-mutexes 0

[t=0.0152792s, 23128 KB] In ts_8_21 of size 2 found num new op-mutexes 0

[t=0.0153177s, 23128 KB] In ts_8_22 of size 2 found num new op-mutexes 0

[t=0.0153575s, 23128 KB] In ts_8_23 of size 2 found num new op-mutexes 0

[t=0.0153968s, 23128 KB] In ts_8_24 of size 2 found num new op-mutexes 0

[t=0.0154365s, 23128 KB] In ts_8_25 of size 2 found num new op-mutexes 0

[t=0.0154951s, 23128 KB] In ts_8_26 of size 2 found num new op-mutexes 0

[t=0.015538s, 23128 KB] In ts_8_27 of size 2 found num new op-mutexes 0

[t=0.0155784s, 23128 KB] In ts_8_28 of size 2 found num new op-mutexes 0

[t=0.0156188s, 23128 KB] In ts_8_29 of size 2 found num new op-mutexes 0

[t=0.0156592s, 23128 KB] In ts_8_30 of size 2 found num new op-mutexes 0

[t=0.0156992s, 23128 KB] In ts_8_31 of size 2 found num new op-mutexes 0

[t=0.0157384s, 23128 KB] In ts_8_32 of size 2 found num new op-mutexes 0

[t=0.0157785s, 23128 KB] In ts_8_33 of size 2 found num new op-mutexes 0

[t=0.0158185s, 23128 KB] In ts_8_34 of size 2 found num new op-mutexes 0

[t=0.0158581s, 23128 KB] In ts_8_43 of size 1 found num new op-mutexes 0
[t=0.0158828s, 23128 KB] Operator mutex finished iteration 8. Found an additional 0 operator mutexes

[t=0.0159081s, 23128 KB] Next pair of indices: (43, 2)
[t=0.0159286s, 23128 KB] M&S algorithm main loop timer: 0.0132381s (after computation of next merge)
[t=0.0159568s, 23128 KB] M&S algorithm main loop timer: 0.0132687s (after shrinking)
[t=0.0159912s, 23128 KB] M&S algorithm main loop timer: 0.0133051s (after merging)

[t=0.0160203s, 23128 KB] Operator mutex starting iteration 9

[t=0.0160595s, 23128 KB] In ts_9_0 of size 2 found num new op-mutexes 0

[t=0.0161034s, 23128 KB] In ts_9_1 of size 2 found num new op-mutexes 0

[t=0.0161458s, 23128 KB] In ts_9_13 of size 2 found num new op-mutexes 0

[t=0.016187s, 23128 KB] In ts_9_14 of size 2 found num new op-mutexes 0

[t=0.0162278s, 23128 KB] In ts_9_15 of size 2 found num new op-mutexes 0

[t=0.0162676s, 23128 KB] In ts_9_16 of size 2 found num new op-mutexes 0

[t=0.0163073s, 23128 KB] In ts_9_17 of size 2 found num new op-mutexes 0

[t=0.0163468s, 23128 KB] In ts_9_18 of size 2 found num new op-mutexes 0

[t=0.0163858s, 23128 KB] In ts_9_19 of size 2 found num new op-mutexes 0

[t=0.016425s, 23128 KB] In ts_9_20 of size 2 found num new op-mutexes 0

[t=0.0164642s, 23128 KB] In ts_9_21 of size 2 found num new op-mutexes 0

[t=0.0165033s, 23128 KB] In ts_9_22 of size 2 found num new op-mutexes 0

[t=0.0165435s, 23128 KB] In ts_9_23 of size 2 found num new op-mutexes 0

[t=0.0165831s, 23128 KB] In ts_9_24 of size 2 found num new op-mutexes 0

[t=0.0166228s, 23128 KB] In ts_9_25 of size 2 found num new op-mutexes 0

[t=0.0166638s, 23128 KB] In ts_9_26 of size 2 found num new op-mutexes 0

[t=0.0167041s, 23128 KB] In ts_9_27 of size 2 found num new op-mutexes 0

[t=0.0167446s, 23128 KB] In ts_9_28 of size 2 found num new op-mutexes 0

[t=0.016785s, 23128 KB] In ts_9_29 of size 2 found num new op-mutexes 0

[t=0.0168258s, 23128 KB] In ts_9_30 of size 2 found num new op-mutexes 0

[t=0.0168657s, 23128 KB] In ts_9_31 of size 2 found num new op-mutexes 0

[t=0.0169048s, 23128 KB] In ts_9_32 of size 2 found num new op-mutexes 0

[t=0.0169448s, 23128 KB] In ts_9_33 of size 2 found num new op-mutexes 0

[t=0.0169846s, 23128 KB] In ts_9_34 of size 2 found num new op-mutexes 0

[t=0.0170241s, 23128 KB] In ts_9_44 of size 1 found num new op-mutexes 0
[t=0.017049s, 23128 KB] Operator mutex finished iteration 9. Found an additional 0 operator mutexes

[t=0.017074s, 23128 KB] Next pair of indices: (44, 1)
[t=0.0170943s, 23128 KB] M&S algorithm main loop timer: 0.0144038s (after computation of next merge)
[t=0.0171226s, 23128 KB] M&S algorithm main loop timer: 0.0144343s (after shrinking)
[t=0.0171585s, 23128 KB] M&S algorithm main loop timer: 0.0144747s (after merging)

[t=0.0171901s, 23128 KB] Operator mutex starting iteration 10

[t=0.0172307s, 23128 KB] In ts_10_0 of size 2 found num new op-mutexes 0

[t=0.0172738s, 23128 KB] In ts_10_13 of size 2 found num new op-mutexes 0

[t=0.0173155s, 23128 KB] In ts_10_14 of size 2 found num new op-mutexes 0

[t=0.0173561s, 23128 KB] In ts_10_15 of size 2 found num new op-mutexes 0

[t=0.0173958s, 23128 KB] In ts_10_16 of size 2 found num new op-mutexes 0

[t=0.0174352s, 23128 KB] In ts_10_17 of size 2 found num new op-mutexes 0

[t=0.0174743s, 23128 KB] In ts_10_18 of size 2 found num new op-mutexes 0

[t=0.0175135s, 23128 KB] In ts_10_19 of size 2 found num new op-mutexes 0

[t=0.0175528s, 23128 KB] In ts_10_20 of size 2 found num new op-mutexes 0

[t=0.0175919s, 23128 KB] In ts_10_21 of size 2 found num new op-mutexes 0

[t=0.017631s, 23128 KB] In ts_10_22 of size 2 found num new op-mutexes 0

[t=0.0176826s, 23128 KB] In ts_10_23 of size 2 found num new op-mutexes 0

[t=0.0177256s, 23128 KB] In ts_10_24 of size 2 found num new op-mutexes 0

[t=0.0177659s, 23128 KB] In ts_10_25 of size 2 found num new op-mutexes 0

[t=0.0178123s, 23128 KB] In ts_10_26 of size 2 found num new op-mutexes 0

[t=0.0178685s, 23128 KB] In ts_10_27 of size 2 found num new op-mutexes 0

[t=0.0179092s, 23128 KB] In ts_10_28 of size 2 found num new op-mutexes 0

[t=0.0179494s, 23128 KB] In ts_10_29 of size 2 found num new op-mutexes 0

[t=0.0179903s, 23128 KB] In ts_10_30 of size 2 found num new op-mutexes 0

[t=0.0180302s, 23128 KB] In ts_10_31 of size 2 found num new op-mutexes 0

[t=0.0180697s, 23128 KB] In ts_10_32 of size 2 found num new op-mutexes 0

[t=0.0181102s, 23128 KB] In ts_10_33 of size 2 found num new op-mutexes 0

[t=0.0181504s, 23128 KB] In ts_10_34 of size 2 found num new op-mutexes 0

[t=0.0181902s, 23128 KB] In ts_10_45 of size 1 found num new op-mutexes 0
[t=0.0182151s, 23128 KB] Operator mutex finished iteration 10. Found an additional 0 operator mutexes

[t=0.0182409s, 23128 KB] Next pair of indices: (45, 0)
[t=0.0182718s, 23128 KB] M&S algorithm main loop timer: 0.0155824s (after computation of next merge)
[t=0.0183018s, 23128 KB] M&S algorithm main loop timer: 0.0156136s (after shrinking)
[t=0.0183362s, 23128 KB] M&S algorithm main loop timer: 0.0156505s (after merging)

[t=0.018366s, 23128 KB] Operator mutex starting iteration 11

[t=0.0184052s, 23128 KB] In ts_11_13 of size 2 found num new op-mutexes 0

[t=0.0184468s, 23128 KB] In ts_11_14 of size 2 found num new op-mutexes 0

[t=0.0184877s, 23128 KB] In ts_11_15 of size 2 found num new op-mutexes 0

[t=0.0185281s, 23128 KB] In ts_11_16 of size 2 found num new op-mutexes 0

[t=0.0185682s, 23128 KB] In ts_11_17 of size 2 found num new op-mutexes 0

[t=0.0186077s, 23128 KB] In ts_11_18 of size 2 found num new op-mutexes 0

[t=0.018647s, 23128 KB] In ts_11_19 of size 2 found num new op-mutexes 0

[t=0.0186864s, 23128 KB] In ts_11_20 of size 2 found num new op-mutexes 0

[t=0.0187258s, 23128 KB] In ts_11_21 of size 2 found num new op-mutexes 0

[t=0.018765s, 23128 KB] In ts_11_22 of size 2 found num new op-mutexes 0

[t=0.0188055s, 23128 KB] In ts_11_23 of size 2 found num new op-mutexes 0

[t=0.0188452s, 23128 KB] In ts_11_24 of size 2 found num new op-mutexes 0

[t=0.0188851s, 23128 KB] In ts_11_25 of size 2 found num new op-mutexes 0

[t=0.018926s, 23128 KB] In ts_11_26 of size 2 found num new op-mutexes 0

[t=0.0189663s, 23128 KB] In ts_11_27 of size 2 found num new op-mutexes 0

[t=0.0190068s, 23128 KB] In ts_11_28 of size 2 found num new op-mutexes 0

[t=0.019047s, 23128 KB] In ts_11_29 of size 2 found num new op-mutexes 0

[t=0.0190873s, 23128 KB] In ts_11_30 of size 2 found num new op-mutexes 0

[t=0.0191377s, 23128 KB] In ts_11_31 of size 2 found num new op-mutexes 0

[t=0.0191777s, 23128 KB] In ts_11_32 of size 2 found num new op-mutexes 0

[t=0.0192182s, 23128 KB] In ts_11_33 of size 2 found num new op-mutexes 0

[t=0.0192586s, 23128 KB] In ts_11_34 of size 2 found num new op-mutexes 0

[t=0.0192982s, 23128 KB] In ts_11_46 of size 1 found num new op-mutexes 0
[t=0.0193228s, 23128 KB] Operator mutex finished iteration 11. Found an additional 0 operator mutexes

[t=0.0193564s, 23128 KB] Next pair of indices: (23, 27)
[t=0.0193779s, 23128 KB] M&S algorithm main loop timer: 0.016688s (after computation of next merge)
[t=0.01941s, 23128 KB] M&S algorithm main loop timer: 0.0167216s (after shrinking)
[t=0.0194438s, 23128 KB] M&S algorithm main loop timer: 0.0167574s (after merging)

[t=0.0194724s, 23128 KB] Operator mutex starting iteration 12

[t=0.0195113s, 23128 KB] In ts_12_13 of size 2 found num new op-mutexes 0

[t=0.0195528s, 23128 KB] In ts_12_14 of size 2 found num new op-mutexes 0

[t=0.0196028s, 23128 KB] In ts_12_15 of size 2 found num new op-mutexes 0

[t=0.0196428s, 23128 KB] In ts_12_16 of size 2 found num new op-mutexes 0

[t=0.0196819s, 23128 KB] In ts_12_17 of size 2 found num new op-mutexes 0

[t=0.0197207s, 23128 KB] In ts_12_18 of size 2 found num new op-mutexes 0

[t=0.0197591s, 23128 KB] In ts_12_19 of size 2 found num new op-mutexes 0

[t=0.0197982s, 23128 KB] In ts_12_20 of size 2 found num new op-mutexes 0

[t=0.0198371s, 23128 KB] In ts_12_21 of size 2 found num new op-mutexes 0

[t=0.0198756s, 23128 KB] In ts_12_22 of size 2 found num new op-mutexes 0

[t=0.0199237s, 23128 KB] In ts_12_24 of size 2 found num new op-mutexes 0

[t=0.0199653s, 23128 KB] In ts_12_25 of size 2 found num new op-mutexes 0

[t=0.0200065s, 23128 KB] In ts_12_26 of size 2 found num new op-mutexes 0

[t=0.0200475s, 23128 KB] In ts_12_28 of size 2 found num new op-mutexes 0

[t=0.020088s, 23128 KB] In ts_12_29 of size 2 found num new op-mutexes 0

[t=0.0201297s, 23128 KB] In ts_12_30 of size 2 found num new op-mutexes 0

[t=0.020171s, 23128 KB] In ts_12_31 of size 2 found num new op-mutexes 0

[t=0.0202112s, 23128 KB] In ts_12_32 of size 2 found num new op-mutexes 0

[t=0.0202519s, 23128 KB] In ts_12_33 of size 2 found num new op-mutexes 0

[t=0.0202923s, 23128 KB] In ts_12_34 of size 2 found num new op-mutexes 0

[t=0.0203326s, 23128 KB] In ts_12_46 of size 1 found num new op-mutexes 0

[t=0.0203727s, 23128 KB] In ts_12_47 of size 1 found num new op-mutexes 0
[t=0.0203979s, 23128 KB] Operator mutex finished iteration 12. Found an additional 0 operator mutexes

[t=0.0204232s, 23128 KB] Next pair of indices: (47, 26)
[t=0.0204439s, 23128 KB] M&S algorithm main loop timer: 0.0177537s (after computation of next merge)
[t=0.0204723s, 23128 KB] M&S algorithm main loop timer: 0.0177839s (after shrinking)
[t=0.0205062s, 23128 KB] M&S algorithm main loop timer: 0.0178205s (after merging)

[t=0.0205356s, 23128 KB] Operator mutex starting iteration 13

[t=0.0205743s, 23128 KB] In ts_13_13 of size 2 found num new op-mutexes 0

[t=0.0206326s, 23128 KB] In ts_13_14 of size 2 found num new op-mutexes 0

[t=0.0206818s, 23128 KB] In ts_13_15 of size 2 found num new op-mutexes 0

[t=0.0207233s, 23128 KB] In ts_13_16 of size 2 found num new op-mutexes 0

[t=0.020779s, 23128 KB] In ts_13_17 of size 2 found num new op-mutexes 0

[t=0.0208208s, 23128 KB] In ts_13_18 of size 2 found num new op-mutexes 0

[t=0.0208602s, 23128 KB] In ts_13_19 of size 2 found num new op-mutexes 0

[t=0.0208996s, 23128 KB] In ts_13_20 of size 2 found num new op-mutexes 0

[t=0.0209385s, 23128 KB] In ts_13_21 of size 2 found num new op-mutexes 0

[t=0.0209777s, 23128 KB] In ts_13_22 of size 2 found num new op-mutexes 0

[t=0.0210167s, 23128 KB] In ts_13_24 of size 2 found num new op-mutexes 0

[t=0.0210563s, 23128 KB] In ts_13_25 of size 2 found num new op-mutexes 0

[t=0.021096s, 23128 KB] In ts_13_28 of size 2 found num new op-mutexes 0

[t=0.0211361s, 23128 KB] In ts_13_29 of size 2 found num new op-mutexes 0

[t=0.0211769s, 23128 KB] In ts_13_30 of size 2 found num new op-mutexes 0

[t=0.0212167s, 23128 KB] In ts_13_31 of size 2 found num new op-mutexes 0

[t=0.0212637s, 23128 KB] In ts_13_32 of size 2 found num new op-mutexes 0

[t=0.0213037s, 23128 KB] In ts_13_33 of size 2 found num new op-mutexes 0

[t=0.0213436s, 23128 KB] In ts_13_34 of size 2 found num new op-mutexes 0

[t=0.0213863s, 23128 KB] In ts_13_46 of size 1 found num new op-mutexes 0

[t=0.0214291s, 23128 KB] In ts_13_48 of size 1 found num new op-mutexes 0
[t=0.0214537s, 23128 KB] Operator mutex finished iteration 13. Found an additional 0 operator mutexes

[t=0.0214792s, 23128 KB] Next pair of indices: (48, 25)
[t=0.0215003s, 23128 KB] M&S algorithm main loop timer: 0.0188098s (after computation of next merge)
[t=0.0215292s, 23128 KB] M&S algorithm main loop timer: 0.0188495s (after shrinking)
[t=0.0215723s, 23128 KB] M&S algorithm main loop timer: 0.0188862s (after merging)

[t=0.0216017s, 23128 KB] Operator mutex starting iteration 14

[t=0.0216403s, 23128 KB] In ts_14_13 of size 2 found num new op-mutexes 0

[t=0.0216823s, 23128 KB] In ts_14_14 of size 2 found num new op-mutexes 0

[t=0.0217233s, 23128 KB] In ts_14_15 of size 2 found num new op-mutexes 0

[t=0.0217634s, 23128 KB] In ts_14_16 of size 2 found num new op-mutexes 0

[t=0.021803s, 23128 KB] In ts_14_17 of size 2 found num new op-mutexes 0

[t=0.0218421s, 23128 KB] In ts_14_18 of size 2 found num new op-mutexes 0

[t=0.0218814s, 23128 KB] In ts_14_19 of size 2 found num new op-mutexes 0

[t=0.0219207s, 23128 KB] In ts_14_20 of size 2 found num new op-mutexes 0

[t=0.0219599s, 23128 KB] In ts_14_21 of size 2 found num new op-mutexes 0

[t=0.0219991s, 23128 KB] In ts_14_22 of size 2 found num new op-mutexes 0

[t=0.022038s, 23128 KB] In ts_14_24 of size 2 found num new op-mutexes 0

[t=0.0220785s, 23128 KB] In ts_14_28 of size 2 found num new op-mutexes 0

[t=0.022119s, 23128 KB] In ts_14_29 of size 2 found num new op-mutexes 0

[t=0.0221599s, 23128 KB] In ts_14_30 of size 2 found num new op-mutexes 0

[t=0.0221997s, 23128 KB] In ts_14_31 of size 2 found num new op-mutexes 0

[t=0.0222481s, 23128 KB] In ts_14_32 of size 2 found num new op-mutexes 0

[t=0.0222882s, 23128 KB] In ts_14_33 of size 2 found num new op-mutexes 0

[t=0.0223282s, 23128 KB] In ts_14_34 of size 2 found num new op-mutexes 0

[t=0.022368s, 23128 KB] In ts_14_46 of size 1 found num new op-mutexes 0

[t=0.0224077s, 23128 KB] In ts_14_49 of size 1 found num new op-mutexes 0
[t=0.0224324s, 23128 KB] Operator mutex finished iteration 14. Found an additional 0 operator mutexes

[t=0.0224577s, 23128 KB] Next pair of indices: (49, 24)
[t=0.0224784s, 23128 KB] M&S algorithm main loop timer: 0.0197881s (after computation of next merge)
[t=0.0225071s, 23128 KB] M&S algorithm main loop timer: 0.0198182s (after shrinking)
[t=0.0225405s, 23128 KB] M&S algorithm main loop timer: 0.0198544s (after merging)

[t=0.0225693s, 23128 KB] Operator mutex starting iteration 15

[t=0.0226077s, 23128 KB] In ts_15_13 of size 2 found num new op-mutexes 0

[t=0.0226494s, 23128 KB] In ts_15_14 of size 2 found num new op-mutexes 0

[t=0.02269s, 23128 KB] In ts_15_15 of size 2 found num new op-mutexes 0

[t=0.0227303s, 23128 KB] In ts_15_16 of size 2 found num new op-mutexes 0

[t=0.0227703s, 23128 KB] In ts_15_17 of size 2 found num new op-mutexes 0

[t=0.0228099s, 23128 KB] In ts_15_18 of size 2 found num new op-mutexes 0

[t=0.0228592s, 23128 KB] In ts_15_19 of size 2 found num new op-mutexes 0

[t=0.0229012s, 23128 KB] In ts_15_20 of size 2 found num new op-mutexes 0

[t=0.022941s, 23128 KB] In ts_15_21 of size 2 found num new op-mutexes 0

[t=0.0229805s, 23128 KB] In ts_15_22 of size 2 found num new op-mutexes 0

[t=0.0230212s, 23128 KB] In ts_15_28 of size 2 found num new op-mutexes 0

[t=0.0230621s, 23128 KB] In ts_15_29 of size 2 found num new op-mutexes 0

[t=0.0231039s, 23128 KB] In ts_15_30 of size 2 found num new op-mutexes 0

[t=0.023144s, 23128 KB] In ts_15_31 of size 2 found num new op-mutexes 0

[t=0.0231843s, 23128 KB] In ts_15_32 of size 2 found num new op-mutexes 0

[t=0.0232249s, 23128 KB] In ts_15_33 of size 2 found num new op-mutexes 0

[t=0.0232658s, 23128 KB] In ts_15_34 of size 2 found num new op-mutexes 0

[t=0.0233064s, 23128 KB] In ts_15_46 of size 1 found num new op-mutexes 0

[t=0.0233462s, 23128 KB] In ts_15_50 of size 1 found num new op-mutexes 0
[t=0.0233713s, 23128 KB] Operator mutex finished iteration 15. Found an additional 0 operator mutexes

[t=0.0233968s, 23128 KB] Next pair of indices: (50, 22)
[t=0.023418s, 23128 KB] M&S algorithm main loop timer: 0.0207277s (after computation of next merge)
[t=0.0234459s, 23128 KB] M&S algorithm main loop timer: 0.0207577s (after shrinking)
[t=0.0234799s, 23128 KB] M&S algorithm main loop timer: 0.0207938s (after merging)

[t=0.0235086s, 23128 KB] Operator mutex starting iteration 16

[t=0.0235476s, 23128 KB] In ts_16_13 of size 2 found num new op-mutexes 0

[t=0.0235894s, 23128 KB] In ts_16_14 of size 2 found num new op-mutexes 0

[t=0.0236304s, 23128 KB] In ts_16_15 of size 2 found num new op-mutexes 0

[t=0.023671s, 23128 KB] In ts_16_16 of size 2 found num new op-mutexes 0

[t=0.0237174s, 23128 KB] In ts_16_17 of size 2 found num new op-mutexes 0

[t=0.0237616s, 23128 KB] In ts_16_18 of size 2 found num new op-mutexes 0

[t=0.023801s, 23128 KB] In ts_16_19 of size 2 found num new op-mutexes 0

[t=0.0238404s, 23128 KB] In ts_16_20 of size 2 found num new op-mutexes 0

[t=0.0238794s, 23128 KB] In ts_16_21 of size 2 found num new op-mutexes 0

[t=0.02392s, 23128 KB] In ts_16_28 of size 2 found num new op-mutexes 0

[t=0.0239602s, 23128 KB] In ts_16_29 of size 2 found num new op-mutexes 0

[t=0.024001s, 23128 KB] In ts_16_30 of size 2 found num new op-mutexes 0

[t=0.0240414s, 23128 KB] In ts_16_31 of size 2 found num new op-mutexes 0

[t=0.0240811s, 23128 KB] In ts_16_32 of size 2 found num new op-mutexes 0

[t=0.0241209s, 23128 KB] In ts_16_33 of size 2 found num new op-mutexes 0

[t=0.0241608s, 23128 KB] In ts_16_34 of size 2 found num new op-mutexes 0

[t=0.0242003s, 23128 KB] In ts_16_46 of size 1 found num new op-mutexes 0

[t=0.0242394s, 23128 KB] In ts_16_51 of size 1 found num new op-mutexes 0
[t=0.0242638s, 23128 KB] Operator mutex finished iteration 16. Found an additional 0 operator mutexes

[t=0.0242892s, 23128 KB] Next pair of indices: (51, 21)
[t=0.0243104s, 23128 KB] M&S algorithm main loop timer: 0.02162s (after computation of next merge)
[t=0.0243392s, 23128 KB] M&S algorithm main loop timer: 0.0216504s (after shrinking)
[t=0.0243731s, 23128 KB] M&S algorithm main loop timer: 0.0216868s (after merging)

[t=0.0244018s, 23128 KB] Operator mutex starting iteration 17

[t=0.02444s, 23128 KB] In ts_17_13 of size 2 found num new op-mutexes 0

[t=0.0244819s, 23128 KB] In ts_17_14 of size 2 found num new op-mutexes 0

[t=0.0245225s, 23128 KB] In ts_17_15 of size 2 found num new op-mutexes 0

[t=0.0245626s, 23128 KB] In ts_17_16 of size 2 found num new op-mutexes 0

[t=0.024602s, 23128 KB] In ts_17_17 of size 2 found num new op-mutexes 0

[t=0.0246411s, 23128 KB] In ts_17_18 of size 2 found num new op-mutexes 0

[t=0.02468s, 23128 KB] In ts_17_19 of size 2 found num new op-mutexes 0

[t=0.024719s, 23128 KB] In ts_17_20 of size 2 found num new op-mutexes 0

[t=0.024759s, 23128 KB] In ts_17_28 of size 2 found num new op-mutexes 0

[t=0.0247994s, 23128 KB] In ts_17_29 of size 2 found num new op-mutexes 0

[t=0.02484s, 23128 KB] In ts_17_30 of size 2 found num new op-mutexes 0

[t=0.0248798s, 23128 KB] In ts_17_31 of size 2 found num new op-mutexes 0

[t=0.0249192s, 23128 KB] In ts_17_32 of size 2 found num new op-mutexes 0

[t=0.024959s, 23128 KB] In ts_17_33 of size 2 found num new op-mutexes 0

[t=0.024999s, 23128 KB] In ts_17_34 of size 2 found num new op-mutexes 0

[t=0.0250475s, 23128 KB] In ts_17_46 of size 1 found num new op-mutexes 0

[t=0.0250901s, 23128 KB] In ts_17_52 of size 1 found num new op-mutexes 0
[t=0.025116s, 23128 KB] Operator mutex finished iteration 17. Found an additional 0 operator mutexes

[t=0.0251419s, 23128 KB] Next pair of indices: (52, 20)
[t=0.0251629s, 23128 KB] M&S algorithm main loop timer: 0.0224726s (after computation of next merge)
[t=0.0251913s, 23128 KB] M&S algorithm main loop timer: 0.0225031s (after shrinking)
[t=0.025225s, 23128 KB] M&S algorithm main loop timer: 0.0225389s (after merging)

[t=0.025254s, 23128 KB] Operator mutex starting iteration 18

[t=0.025293s, 23128 KB] In ts_18_13 of size 2 found num new op-mutexes 0

[t=0.0253386s, 23128 KB] In ts_18_14 of size 2 found num new op-mutexes 0

[t=0.0253836s, 23128 KB] In ts_18_15 of size 2 found num new op-mutexes 0

[t=0.0254245s, 23128 KB] In ts_18_16 of size 2 found num new op-mutexes 0

[t=0.0254644s, 23128 KB] In ts_18_17 of size 2 found num new op-mutexes 0

[t=0.0255039s, 23128 KB] In ts_18_18 of size 2 found num new op-mutexes 0

[t=0.0255434s, 23128 KB] In ts_18_19 of size 2 found num new op-mutexes 0

[t=0.025585s, 23128 KB] In ts_18_28 of size 2 found num new op-mutexes 0

[t=0.0256259s, 23128 KB] In ts_18_29 of size 2 found num new op-mutexes 0

[t=0.0256674s, 23128 KB] In ts_18_30 of size 2 found num new op-mutexes 0

[t=0.0257077s, 23128 KB] In ts_18_31 of size 2 found num new op-mutexes 0

[t=0.0257474s, 23128 KB] In ts_18_32 of size 2 found num new op-mutexes 0

[t=0.0257876s, 23128 KB] In ts_18_33 of size 2 found num new op-mutexes 0

[t=0.0258278s, 23128 KB] In ts_18_34 of size 2 found num new op-mutexes 0

[t=0.0258677s, 23128 KB] In ts_18_46 of size 1 found num new op-mutexes 0

[t=0.0259073s, 23128 KB] In ts_18_53 of size 1 found num new op-mutexes 0
[t=0.0259322s, 23128 KB] Operator mutex finished iteration 18. Found an additional 0 operator mutexes

[t=0.0259571s, 23128 KB] Next pair of indices: (53, 19)
[t=0.0259776s, 23128 KB] M&S algorithm main loop timer: 0.0232875s (after computation of next merge)
[t=0.026006s, 23128 KB] M&S algorithm main loop timer: 0.0233176s (after shrinking)
[t=0.0260398s, 23128 KB] M&S algorithm main loop timer: 0.023354s (after merging)

[t=0.026069s, 23128 KB] Operator mutex starting iteration 19

[t=0.0261077s, 23128 KB] In ts_19_13 of size 2 found num new op-mutexes 0

[t=0.0261504s, 23128 KB] In ts_19_14 of size 2 found num new op-mutexes 0

[t=0.0261915s, 23128 KB] In ts_19_15 of size 2 found num new op-mutexes 0

[t=0.0262325s, 23128 KB] In ts_19_16 of size 2 found num new op-mutexes 0

[t=0.026273s, 23128 KB] In ts_19_17 of size 2 found num new op-mutexes 0

[t=0.026313s, 23128 KB] In ts_19_18 of size 2 found num new op-mutexes 0

[t=0.0263542s, 23128 KB] In ts_19_28 of size 2 found num new op-mutexes 0

[t=0.0263959s, 23128 KB] In ts_19_29 of size 2 found num new op-mutexes 0

[t=0.0264374s, 23128 KB] In ts_19_30 of size 2 found num new op-mutexes 0

[t=0.0264782s, 23128 KB] In ts_19_31 of size 2 found num new op-mutexes 0

[t=0.0265193s, 23128 KB] In ts_19_32 of size 2 found num new op-mutexes 0

[t=0.0265605s, 23128 KB] In ts_19_33 of size 2 found num new op-mutexes 0

[t=0.0266012s, 23128 KB] In ts_19_34 of size 2 found num new op-mutexes 0

[t=0.0266726s, 23128 KB] In ts_19_46 of size 1 found num new op-mutexes 0

[t=0.0267143s, 23128 KB] In ts_19_54 of size 1 found num new op-mutexes 0
[t=0.026739s, 23128 KB] Operator mutex finished iteration 19. Found an additional 0 operator mutexes

[t=0.026764s, 23128 KB] Next pair of indices: (54, 18)
[t=0.026785s, 23128 KB] M&S algorithm main loop timer: 0.0240945s (after computation of next merge)
[t=0.0268135s, 23128 KB] M&S algorithm main loop timer: 0.024125s (after shrinking)
[t=0.0268469s, 23128 KB] M&S algorithm main loop timer: 0.0241607s (after merging)

[t=0.0268758s, 23128 KB] Operator mutex starting iteration 20

[t=0.0269142s, 23128 KB] In ts_20_13 of size 2 found num new op-mutexes 0

[t=0.026956s, 23128 KB] In ts_20_14 of size 2 found num new op-mutexes 0

[t=0.0269969s, 23128 KB] In ts_20_15 of size 2 found num new op-mutexes 0

[t=0.0270373s, 23128 KB] In ts_20_16 of size 2 found num new op-mutexes 0

[t=0.0270768s, 23128 KB] In ts_20_17 of size 2 found num new op-mutexes 0

[t=0.0271175s, 23128 KB] In ts_20_28 of size 2 found num new op-mutexes 0

[t=0.0271579s, 23128 KB] In ts_20_29 of size 2 found num new op-mutexes 0

[t=0.0271988s, 23128 KB] In ts_20_30 of size 2 found num new op-mutexes 0

[t=0.0272425s, 23128 KB] In ts_20_31 of size 2 found num new op-mutexes 0

[t=0.0272868s, 23128 KB] In ts_20_32 of size 2 found num new op-mutexes 0

[t=0.0273279s, 23128 KB] In ts_20_33 of size 2 found num new op-mutexes 0

[t=0.0273679s, 23128 KB] In ts_20_34 of size 2 found num new op-mutexes 0

[t=0.0274074s, 23128 KB] In ts_20_46 of size 1 found num new op-mutexes 0

[t=0.0274462s, 23128 KB] In ts_20_55 of size 1 found num new op-mutexes 0
[t=0.0274707s, 23128 KB] Operator mutex finished iteration 20. Found an additional 0 operator mutexes

[t=0.0274958s, 23128 KB] Next pair of indices: (55, 17)
[t=0.0275167s, 23128 KB] M&S algorithm main loop timer: 0.0248262s (after computation of next merge)
[t=0.0275448s, 23128 KB] M&S algorithm main loop timer: 0.0248559s (after shrinking)
[t=0.0275778s, 23128 KB] M&S algorithm main loop timer: 0.0248919s (after merging)

[t=0.027607s, 23128 KB] Operator mutex starting iteration 21

[t=0.0276452s, 23128 KB] In ts_21_13 of size 2 found num new op-mutexes 0

[t=0.0276866s, 23128 KB] In ts_21_14 of size 2 found num new op-mutexes 0

[t=0.0277267s, 23128 KB] In ts_21_15 of size 2 found num new op-mutexes 0

[t=0.0277663s, 23128 KB] In ts_21_16 of size 2 found num new op-mutexes 0

[t=0.0278071s, 23128 KB] In ts_21_28 of size 2 found num new op-mutexes 0

[t=0.0278476s, 23128 KB] In ts_21_29 of size 2 found num new op-mutexes 0

[t=0.0278888s, 23128 KB] In ts_21_30 of size 2 found num new op-mutexes 0

[t=0.0279293s, 23128 KB] In ts_21_31 of size 2 found num new op-mutexes 0

[t=0.0279692s, 23128 KB] In ts_21_32 of size 2 found num new op-mutexes 0

[t=0.0280456s, 23128 KB] In ts_21_33 of size 2 found num new op-mutexes 0

[t=0.0281111s, 23128 KB] In ts_21_34 of size 2 found num new op-mutexes 0

[t=0.0281729s, 23128 KB] In ts_21_46 of size 1 found num new op-mutexes 0

[t=0.0282359s, 23128 KB] In ts_21_56 of size 1 found num new op-mutexes 0
[t=0.0282725s, 23128 KB] Operator mutex finished iteration 21. Found an additional 0 operator mutexes

[t=0.0283095s, 23128 KB] Next pair of indices: (56, 16)
[t=0.0283407s, 23128 KB] M&S algorithm main loop timer: 0.0256597s (after computation of next merge)
[t=0.0283827s, 23128 KB] M&S algorithm main loop timer: 0.025704s (after shrinking)
[t=0.028432s, 23128 KB] M&S algorithm main loop timer: 0.0257566s (after merging)

[t=0.0284741s, 23128 KB] Operator mutex starting iteration 22

[t=0.0285327s, 23128 KB] In ts_22_13 of size 2 found num new op-mutexes 0

[t=0.0285973s, 23128 KB] In ts_22_14 of size 2 found num new op-mutexes 0

[t=0.0286602s, 23128 KB] In ts_22_15 of size 2 found num new op-mutexes 0

[t=0.0287239s, 23128 KB] In ts_22_28 of size 2 found num new op-mutexes 0

[t=0.0287864s, 23128 KB] In ts_22_29 of size 2 found num new op-mutexes 0

[t=0.0288504s, 23128 KB] In ts_22_30 of size 2 found num new op-mutexes 0

[t=0.0289129s, 23128 KB] In ts_22_31 of size 2 found num new op-mutexes 0

[t=0.028975s, 23128 KB] In ts_22_32 of size 2 found num new op-mutexes 0

[t=0.029038s, 23128 KB] In ts_22_33 of size 2 found num new op-mutexes 0

[t=0.0291003s, 23128 KB] In ts_22_34 of size 2 found num new op-mutexes 0

[t=0.0291609s, 23128 KB] In ts_22_46 of size 1 found num new op-mutexes 0

[t=0.0292208s, 23128 KB] In ts_22_57 of size 1 found num new op-mutexes 0
[t=0.029257s, 23128 KB] Operator mutex finished iteration 22. Found an additional 0 operator mutexes

[t=0.0292937s, 23128 KB] Next pair of indices: (57, 15)
[t=0.0293245s, 23128 KB] M&S algorithm main loop timer: 0.0266434s (after computation of next merge)
[t=0.0293646s, 23128 KB] M&S algorithm main loop timer: 0.0266861s (after shrinking)
[t=0.0294134s, 23128 KB] M&S algorithm main loop timer: 0.0267376s (after merging)

[t=0.0294545s, 23128 KB] Operator mutex starting iteration 23

[t=0.0295132s, 23128 KB] In ts_23_13 of size 2 found num new op-mutexes 0

[t=0.029577s, 23128 KB] In ts_23_14 of size 2 found num new op-mutexes 0

[t=0.0296402s, 23128 KB] In ts_23_28 of size 2 found num new op-mutexes 0

[t=0.0297169s, 23128 KB] In ts_23_29 of size 2 found num new op-mutexes 0

[t=0.0297632s, 23128 KB] In ts_23_30 of size 2 found num new op-mutexes 0

[t=0.0298044s, 23128 KB] In ts_23_31 of size 2 found num new op-mutexes 0

[t=0.0298448s, 23128 KB] In ts_23_32 of size 2 found num new op-mutexes 0

[t=0.0298852s, 23128 KB] In ts_23_33 of size 2 found num new op-mutexes 0

[t=0.0299281s, 23128 KB] In ts_23_34 of size 2 found num new op-mutexes 0

[t=0.0299712s, 23128 KB] In ts_23_46 of size 1 found num new op-mutexes 0

[t=0.0300108s, 23128 KB] In ts_23_58 of size 1 found num new op-mutexes 0
[t=0.0300355s, 23128 KB] Operator mutex finished iteration 23. Found an additional 0 operator mutexes

[t=0.0300607s, 23128 KB] Next pair of indices: (58, 14)
[t=0.0300817s, 23128 KB] M&S algorithm main loop timer: 0.0273912s (after computation of next merge)
[t=0.0301104s, 23128 KB] M&S algorithm main loop timer: 0.0274218s (after shrinking)
[t=0.0301443s, 23128 KB] M&S algorithm main loop timer: 0.0274583s (after merging)

[t=0.0301735s, 23128 KB] Operator mutex starting iteration 24

[t=0.0302125s, 23128 KB] In ts_24_13 of size 2 found num new op-mutexes 0

[t=0.0302636s, 23128 KB] In ts_24_28 of size 2 found num new op-mutexes 0

[t=0.0303092s, 23128 KB] In ts_24_29 of size 2 found num new op-mutexes 0

[t=0.0303518s, 23128 KB] In ts_24_30 of size 2 found num new op-mutexes 0

[t=0.0303927s, 23128 KB] In ts_24_31 of size 2 found num new op-mutexes 0

[t=0.0304333s, 23128 KB] In ts_24_32 of size 2 found num new op-mutexes 0

[t=0.0304738s, 23128 KB] In ts_24_33 of size 2 found num new op-mutexes 0

[t=0.0305142s, 23128 KB] In ts_24_34 of size 2 found num new op-mutexes 0

[t=0.030554s, 23128 KB] In ts_24_46 of size 1 found num new op-mutexes 0

[t=0.0305937s, 23128 KB] In ts_24_59 of size 1 found num new op-mutexes 0
[t=0.0306183s, 23128 KB] Operator mutex finished iteration 24. Found an additional 0 operator mutexes

[t=0.0306433s, 23128 KB] Next pair of indices: (59, 28)
[t=0.0306642s, 23128 KB] M&S algorithm main loop timer: 0.0279735s (after computation of next merge)
[t=0.0306925s, 23128 KB] M&S algorithm main loop timer: 0.0280037s (after shrinking)
[t=0.030726s, 23128 KB] M&S algorithm main loop timer: 0.0280397s (after merging)

[t=0.0307547s, 23128 KB] Operator mutex starting iteration 25

[t=0.0307929s, 23128 KB] In ts_25_13 of size 2 found num new op-mutexes 0

[t=0.0308349s, 23128 KB] In ts_25_29 of size 2 found num new op-mutexes 0

[t=0.0308768s, 23128 KB] In ts_25_30 of size 2 found num new op-mutexes 0

[t=0.0309184s, 23128 KB] In ts_25_31 of size 2 found num new op-mutexes 0

[t=0.0309594s, 23128 KB] In ts_25_32 of size 2 found num new op-mutexes 0

[t=0.0310005s, 23128 KB] In ts_25_33 of size 2 found num new op-mutexes 0

[t=0.0310411s, 23128 KB] In ts_25_34 of size 2 found num new op-mutexes 0

[t=0.0310805s, 23128 KB] In ts_25_46 of size 1 found num new op-mutexes 0

[t=0.0311195s, 23128 KB] In ts_25_60 of size 1 found num new op-mutexes 0
[t=0.0311439s, 23128 KB] Operator mutex finished iteration 25. Found an additional 0 operator mutexes

[t=0.0311745s, 23128 KB] Next pair of indices: (33, 32)
[t=0.0311955s, 23128 KB] M&S algorithm main loop timer: 0.028505s (after computation of next merge)
[t=0.0312266s, 23128 KB] M&S algorithm main loop timer: 0.0285377s (after shrinking)
[t=0.0312591s, 23128 KB] M&S algorithm main loop timer: 0.0285725s (after merging)

[t=0.0312872s, 23128 KB] Operator mutex starting iteration 26

[t=0.031326s, 23128 KB] In ts_26_13 of size 2 found num new op-mutexes 0

[t=0.0313679s, 23128 KB] In ts_26_29 of size 2 found num new op-mutexes 0

[t=0.0314098s, 23128 KB] In ts_26_30 of size 2 found num new op-mutexes 0

[t=0.031451s, 23128 KB] In ts_26_31 of size 2 found num new op-mutexes 0

[t=0.0314915s, 23128 KB] In ts_26_34 of size 2 found num new op-mutexes 0

[t=0.0315316s, 23128 KB] In ts_26_46 of size 1 found num new op-mutexes 0

[t=0.031571s, 23128 KB] In ts_26_60 of size 1 found num new op-mutexes 0

[t=0.0316101s, 23128 KB] In ts_26_61 of size 1 found num new op-mutexes 0
[t=0.0316347s, 23128 KB] Operator mutex finished iteration 26. Found an additional 0 operator mutexes

[t=0.0316684s, 23128 KB] Next pair of indices: (61, 31)
[t=0.0316887s, 23128 KB] M&S algorithm main loop timer: 0.0289982s (after computation of next merge)
[t=0.0317162s, 23128 KB] M&S algorithm main loop timer: 0.029027s (after shrinking)
[t=0.0317488s, 23128 KB] M&S algorithm main loop timer: 0.0290625s (after merging)

[t=0.0317773s, 23128 KB] Operator mutex starting iteration 27

[t=0.0318154s, 23128 KB] In ts_27_13 of size 2 found num new op-mutexes 0

[t=0.0318582s, 23128 KB] In ts_27_29 of size 2 found num new op-mutexes 0

[t=0.0319002s, 23128 KB] In ts_27_30 of size 2 found num new op-mutexes 0

[t=0.031941s, 23128 KB] In ts_27_34 of size 2 found num new op-mutexes 0

[t=0.0319808s, 23128 KB] In ts_27_46 of size 1 found num new op-mutexes 0

[t=0.0320199s, 23128 KB] In ts_27_60 of size 1 found num new op-mutexes 0

[t=0.0320587s, 23128 KB] In ts_27_62 of size 1 found num new op-mutexes 0
[t=0.032083s, 23128 KB] Operator mutex finished iteration 27. Found an additional 0 operator mutexes

[t=0.0321133s, 23128 KB] Next pair of indices: (34, 62)
[t=0.0321342s, 23128 KB] M&S algorithm main loop timer: 0.0294438s (after computation of next merge)
[t=0.0321681s, 23128 KB] M&S algorithm main loop timer: 0.0294814s (after merging)

[t=0.0321964s, 23128 KB] Operator mutex starting iteration 28

[t=0.0322346s, 23128 KB] In ts_28_13 of size 2 found num new op-mutexes 0

[t=0.0322763s, 23128 KB] In ts_28_29 of size 2 found num new op-mutexes 0

[t=0.0323181s, 23128 KB] In ts_28_30 of size 2 found num new op-mutexes 0

[t=0.032358s, 23128 KB] In ts_28_46 of size 1 found num new op-mutexes 0

[t=0.0323974s, 23128 KB] In ts_28_60 of size 1 found num new op-mutexes 0

[t=0.0324385s, 23128 KB] In ts_28_63 of size 2 found num new op-mutexes 0
[t=0.0324629s, 23128 KB] Operator mutex finished iteration 28. Found an additional 0 operator mutexes

[t=0.032495s, 23128 KB] Next pair of indices: (63, 30)
[t=0.0325186s, 23128 KB] M&S algorithm main loop timer: 0.029829s (after computation of next merge)
[t=0.0325501s, 23128 KB] M&S algorithm main loop timer: 0.0298615s (after shrinking)
[t=0.0325855s, 23128 KB] M&S algorithm main loop timer: 0.029899s (after merging)

[t=0.0326396s, 23128 KB] Operator mutex starting iteration 29

[t=0.0326828s, 23128 KB] In ts_29_13 of size 2 found num new op-mutexes 0

[t=0.032725s, 23128 KB] In ts_29_29 of size 2 found num new op-mutexes 0

[t=0.0327652s, 23128 KB] In ts_29_46 of size 1 found num new op-mutexes 0

[t=0.0328045s, 23128 KB] In ts_29_60 of size 1 found num new op-mutexes 0

[t=0.0328448s, 23128 KB] In ts_29_64 of size 2 found num new op-mutexes 0
[t=0.0328694s, 23128 KB] Operator mutex finished iteration 29. Found an additional 0 operator mutexes

[t=0.0328944s, 23128 KB] Next pair of indices: (64, 60)
[t=0.032915s, 23128 KB] M&S algorithm main loop timer: 0.0302243s (after computation of next merge)
[t=0.0329476s, 23128 KB] M&S algorithm main loop timer: 0.0302618s (after merging)

[t=0.0329769s, 23128 KB] Operator mutex starting iteration 30

[t=0.0330151s, 23128 KB] In ts_30_13 of size 2 found num new op-mutexes 0

[t=0.0330574s, 23128 KB] In ts_30_29 of size 2 found num new op-mutexes 0

[t=0.0330977s, 23128 KB] In ts_30_46 of size 1 found num new op-mutexes 0

[t=0.0331393s, 23128 KB] In ts_30_65 of size 2 found num new op-mutexes 0
[t=0.0331638s, 23128 KB] Operator mutex finished iteration 30. Found an additional 0 operator mutexes

[t=0.0331881s, 23128 KB] Next pair of indices: (65, 13)
[t=0.0332082s, 23128 KB] M&S algorithm main loop timer: 0.0305177s (after computation of next merge)
[t=0.0332374s, 23128 KB] M&S algorithm main loop timer: 0.0305485s (after shrinking)
[t=0.0332721s, 23128 KB] M&S algorithm main loop timer: 0.0305856s (after merging)

[t=0.0333007s, 23128 KB] Operator mutex starting iteration 31

[t=0.0333379s, 23128 KB] In ts_31_29 of size 2 found num new op-mutexes 0

[t=0.0333778s, 23128 KB] In ts_31_46 of size 1 found num new op-mutexes 0

[t=0.0334187s, 23128 KB] In ts_31_66 of size 2 found num new op-mutexes 0
[t=0.0334435s, 23128 KB] Operator mutex finished iteration 31. Found an additional 0 operator mutexes

[t=0.033468s, 23128 KB] Next pair of indices: (66, 46)
[t=0.0334883s, 23128 KB] M&S algorithm main loop timer: 0.0307978s (after computation of next merge)
[t=0.0335202s, 23128 KB] M&S algorithm main loop timer: 0.0308339s (after merging)

[t=0.0335506s, 23128 KB] Operator mutex starting iteration 32

[t=0.0335934s, 23128 KB] In ts_32_29 of size 2 found num new op-mutexes 0

[t=0.0336362s, 23128 KB] In ts_32_67 of size 2 found num new op-mutexes 0
[t=0.0336612s, 23128 KB] Operator mutex finished iteration 32. Found an additional 0 operator mutexes

[t=0.033686s, 23128 KB] Next pair of indices: (67, 29)
[t=0.0337062s, 23128 KB] M&S algorithm main loop timer: 0.0310156s (after computation of next merge)
[t=0.0337412s, 23128 KB] M&S algorithm main loop timer: 0.0310546s (after merging)

[t=0.0337695s, 23128 KB] Operator mutex starting iteration 33

[t=0.0338134s, 23128 KB] In ts_33_68 of size 4 found num new op-mutexes 0
[t=0.0338383s, 23128 KB] Operator mutex finished iteration 33. Found an additional 0 operator mutexes

[t=0.0338631s, 23128 KB] End of merge-and-shrink algorithm, statistics:
[t=0.0338832s, 23128 KB] Main loop runtime: 0.0311926s
[t=0.0339039s, 23128 KB] Maximum intermediate abstraction size: 4
[t=0.0339237s, 23128 KB] Final peak memory increase of merge-and-shrink algorithm: 528 KB
[t=0.0339547s, 23128 KB] Merge-and-shrink algorithm runtime: 0.0321281s

[t=0.0339777s, 23128 KB] Number of labels: 67
[t=0.0339966s, 23128 KB] Total number of operator mutexes: 99
[t=0.0340158s, 23128 KB] Operator Mutex total time: 0.0268532s
[t=0.0340385s, 23128 KB] Number of remaining factors: 1
[t=0.0340625s, 23128 KB] Number of factors kept: 1
[t=0.0340831s, 23128 KB] Done initializing merge-and-shrink heuristic.

[t=0.0341602s, 23128 KB] Building successor generator...done!
[t=0.0342662s, 23128 KB] peak memory difference for successor generator creation: 0 KB
[t=0.0342841s, 23128 KB] time for successor generation creation: 3.814e-05s
[t=0.0343082s, 23128 KB] Variables: 35
[t=0.0343283s, 23128 KB] FactPairs: 72
[t=0.0343477s, 23128 KB] Bytes per state: 8
[t=0.034449s, 23128 KB] Conducting best first search with reopening closed nodes, (real) bound = 2147483647
[t=0.0345073s, 23128 KB] New best heuristic value for merge_and_shrink(op_mutex = op_mutex(use_previous_ops = nopo, reachability_strategy = goal), merge_strategy = merge_sccs(order_of_sccs = topological, merge_tree = linear), shrink_strategy = shrink_bisimulation(greedy = true, at_limit = use_up)): 2
[t=0.0345314s, 23128 KB] g=0, 1 evaluated, 0 expanded
[t=0.0345534s, 23128 KB] f = 2, 1 evaluated, 0 expanded
[t=0.0345772s, 23128 KB] Initial heuristic value for merge_and_shrink(op_mutex = op_mutex(use_previous_ops = nopo, reachability_strategy = goal), merge_strategy = merge_sccs(order_of_sccs = topological, merge_tree = linear), shrink_strategy = shrink_bisimulation(greedy = true, at_limit = use_up)): 2
[t=0.0345985s, 23128 KB] pruning method: none
[t=0.0346541s, 23128 KB] f = 3, 13 evaluated, 1 expanded
[t=0.0348334s, 23128 KB] f = 4, 90 evaluated, 13 expanded
[t=0.0355465s, 23128 KB] f = 5, 432 evaluated, 90 expanded
[t=0.0372322s, 23128 KB] f = 6, 1103 evaluated, 432 expanded
[t=0.0390479s, 23128 KB] f = 7, 1720 evaluated, 1103 expanded
[t=0.0404513s, 23128 KB] f = 8, 2012 evaluated, 1720 expanded
[t=0.0406714s, 23128 KB] New best heuristic value for merge_and_shrink(op_mutex = op_mutex(use_previous_ops = nopo, reachability_strategy = goal), merge_strategy = merge_sccs(order_of_sccs = topological, merge_tree = linear), shrink_strategy = shrink_bisimulation(greedy = true, at_limit = use_up)): 1
[t=0.0406975s, 23128 KB] g=7, 2088 evaluated, 1771 expanded
[t=0.0411667s, 23128 KB] f = 9, 2171 evaluated, 2013 expanded
[t=0.0417978s, 23128 KB] f = 10, 2411 evaluated, 2171 expanded
[t=0.0426928s, 23128 KB] f = 11, 2725 evaluated, 2411 expanded
[t=0.0436961s, 23128 KB] f = 12, 3003 evaluated, 2727 expanded
[t=0.043928s, 23128 KB] New best heuristic value for merge_and_shrink(op_mutex = op_mutex(use_previous_ops = nopo, reachability_strategy = goal), merge_strategy = merge_sccs(order_of_sccs = topological, merge_tree = linear), shrink_strategy = shrink_bisimulation(greedy = true, at_limit = use_up)): 0
[t=0.0439548s, 23128 KB] g=12, 3051 evaluated, 2791 expanded
[t=0.0439792s, 23128 KB] Solution found!
[t=0.0440022s, 23128 KB] Actual search time: 0.00940086s
choose e2f13p1-dp12 l1 l0 (1)
initialize e2f13p1-dp12 (1)
choose ge2 l2 l1 (1)
initialize ge2 (1)
associate e2f13p1-dp12 ge2 e2f13p1-dp12-ge2 (1)
synthesize e2f13p1-dp12-ge2 cycdp1 (1)
dummy-action-2  (1)
choose e2f4-dp12p1 l3 l2 (1)
initialize e2f4-dp12p1 (1)
synthesize e2f13p1-dp12-ge2 p107 (1)
associate p107 e2f4-dp12p1 p107-e2f4-dp12p1 (1)
dummy-action-1  (1)
[t=0.0440248s, 23128 KB] Plan length: 12 step(s).
[t=0.0440248s, 23128 KB] Plan cost: 12
[t=0.0440248s, 23128 KB] Expanded 2792 state(s).
[t=0.0440248s, 23128 KB] Reopened 0 state(s).
[t=0.0440248s, 23128 KB] Evaluated 3051 state(s).
[t=0.0440248s, 23128 KB] Evaluations: 3051
[t=0.0440248s, 23128 KB] Generated 14387 state(s).
[t=0.0440248s, 23128 KB] Dead ends: 0 state(s).
[t=0.0440248s, 23128 KB] Expanded until last jump: 2727 state(s).
[t=0.0440248s, 23128 KB] Reopened until last jump: 0 state(s).
[t=0.0440248s, 23128 KB] Evaluated until last jump: 3003 state(s).
[t=0.0440248s, 23128 KB] Generated until last jump: 13890 state(s).
[t=0.0440248s, 23128 KB] Number of registered states: 3051
[t=0.0440248s, 23128 KB] Int hash set load factor: 3051/4096 = 0.744873
[t=0.0440248s, 23128 KB] Int hash set resizes: 12
[t=0.0440248s, 23128 KB] Search time: 0.00957663s
[t=0.0440248s, 23128 KB] Total time: 0.0440248s
Solution found.
Peak memory: 23128 KB
Remove intermediate file output.sas
search exit code: 0

INFO     Running validate.
INFO     validate stdin: None
INFO     validate time limit: None
INFO     validate memory limit: None
INFO     validate command line string: validate domain.pddl problem.pddl sas_plan
Checking plan: sas_plan
Plan executed successfully - checking goal
Plan valid
Final value: 12 

Successful plans:
Value: 12
 sas_plan 12 

validate exit code: 0

