INFO     Running translator.
INFO     translator stdin: None
INFO     translator time limit: 599.97s
INFO     translator memory limit: 7000 MB
INFO     translator command line string: /usr/bin/python3 /user/student.aau.dk/lkar18/downward-projects/downward/experiments/nopo_vs_nasutpo_vs_nelutpo/data/nopo_vs_nasutpo_vs_nelutpo/code-f7902f30c0f47512f07fb7c64cdaf652032f674a_e5e41175/builds/release/bin/translate/translate.py domain.pddl problem.pddl --sas-file output.sas
Parsing...
Parsing: [0.000s CPU, 0.002s wall-clock]
Normalizing task... [0.000s CPU, 0.000s wall-clock]
Instantiating...
Generating Datalog program... [0.000s CPU, 0.000s wall-clock]
Normalizing Datalog program...
Normalizing Datalog program: [0.000s CPU, 0.003s wall-clock]
Preparing model... [0.000s CPU, 0.001s wall-clock]
Generated 42 rules.
Computing model... [0.030s CPU, 0.033s wall-clock]
2607 relevant atoms
1254 auxiliary atoms
3861 final queue length
8243 total queue pushes
Completing instantiation... [0.100s CPU, 0.103s wall-clock]
Instantiating: [0.130s CPU, 0.142s wall-clock]
Computing fact groups...
Finding invariants...
12 initial candidates
Finding invariants: [0.010s CPU, 0.004s wall-clock]
Checking invariant weight... [0.000s CPU, 0.000s wall-clock]
Instantiating groups... [0.000s CPU, 0.002s wall-clock]
Collecting mutex groups... [0.000s CPU, 0.000s wall-clock]
Choosing groups...
1 uncovered facts
Choosing groups: [0.000s CPU, 0.000s wall-clock]
Building translation key... [0.000s CPU, 0.000s wall-clock]
Computing fact groups: [0.010s CPU, 0.008s wall-clock]
Building STRIPS to SAS dictionary... [0.000s CPU, 0.000s wall-clock]
Building dictionary for full mutex groups... [0.000s CPU, 0.000s wall-clock]
Building mutex information...
Building mutex information: [0.000s CPU, 0.000s wall-clock]
Translating task...
Processing axioms...
Simplifying axioms... [0.000s CPU, 0.000s wall-clock]
Translator axioms removed by simplifying: 0
Computing negative axioms... [0.000s CPU, 0.000s wall-clock]
Processing axioms: [0.000s CPU, 0.004s wall-clock]
Translating task: [0.080s CPU, 0.082s wall-clock]
0 effect conditions simplified
0 implied preconditions added
Detecting unreachable propositions...
0 operators removed
0 axioms removed
29 propositions removed
Detecting unreachable propositions: [0.040s CPU, 0.039s wall-clock]
Reordering and filtering variables...
27 of 27 variables necessary.
0 of 27 mutex groups necessary.
2280 of 2280 operators necessary.
0 of 0 axiom rules necessary.
Reordering and filtering variables: [0.010s CPU, 0.012s wall-clock]
Translator variables: 27
Translator derived variables: 0
Translator facts: 205
Translator goal facts: 2
Translator mutex groups: 0
Translator total mutex groups size: 0
Translator operators: 2280
Translator axioms: 0
Translator task size: 13818
Translator peak memory: 51456 KB
Writing output... [0.020s CPU, 0.025s wall-clock]
Done! [0.310s CPU, 0.315s wall-clock]
translate exit code: 0

INFO     Running search (release).
INFO     search stdin: output.sas
INFO     search time limit: 599.6s
INFO     search memory limit: 7000 MB
INFO     search command line string: /user/student.aau.dk/lkar18/downward-projects/downward/experiments/nopo_vs_nasutpo_vs_nelutpo/data/nopo_vs_nasutpo_vs_nelutpo/code-f7902f30c0f47512f07fb7c64cdaf652032f674a_e5e41175/builds/release/bin/downward --search 'astar(merge_and_shrink(op_mutex=op_mutex(use_previous_ops=NoPO, reachability_strategy=goal)))' --internal-plan-file sas_plan < output.sas
[t=3.1255e-05s, 22344 KB] reading input...
[t=0.00830132s, 22948 KB] done reading input!
[t=0.00976064s, 23344 KB] Initializing merge-and-shrink heuristic...
[t=0.00983284s, 23344 KB] Running merge-and-shrink algorithm...
[t=0.00985929s, 23344 KB] Merge strategy options:
[t=0.00987941s, 23344 KB] Type: stateless
[t=0.00989899s, 23344 KB] Merge selector options:
[t=0.00991811s, 23344 KB] Name: score based filtering
[t=0.00993735s, 23344 KB] Merge scoring function:
[t=0.00995626s, 23344 KB] Name: goal relevance
[t=0.00997534s, 23344 KB] Merge scoring function:
[t=0.00999393s, 23344 KB] Name: dfp
[t=0.0100125s, 23344 KB] Merge scoring function:
[t=0.010031s, 23344 KB] Name: total order
[t=0.0100499s, 23344 KB] Atomic transition system order: reverse level
[t=0.010069s, 23344 KB] Product transition system order: new to old
[t=0.010088s, 23344 KB] Consider atomic before product transition systems
[t=0.010107s, 23344 KB] Random seed: -1

[t=0.0101282s, 23344 KB] Options related to size limits and shrinking: 
[t=0.0101479s, 23344 KB] Transition system size limit: 50000
[t=0.0101668s, 23344 KB] Transition system size limit right before merge: 50000
[t=0.0101855s, 23344 KB] Threshold to trigger shrinking right before merge: 1

[t=0.0102067s, 23344 KB] Pruning unreachable states: yes
[t=0.010226s, 23344 KB] Pruning irrelevant states: yes

[t=0.0102559s, 23344 KB] Label reduction disabled

[t=0.0102779s, 23344 KB] Main loop max time in seconds: inf

[t=0.0103021s, 23344 KB] ===============================================================================
[t=0.0103215s, 23344 KB] WARNING! You did not enable label reduction.
This may drastically reduce the performance of merge-and-shrink!
[t=0.0103413s, 23344 KB] ===============================================================================

[t=0.0103687s, 23344 KB] Building atomic transition systems... 
[t=0.016938s, 34680 KB] M&S algorithm timer: 0.00715114s (after computation of atomic factors)

[t=0.017006s, 34680 KB] Starting main loop without a time limit.
[t=0.0173778s, 34680 KB] Next pair of indices: (4, 25)
[t=0.0174044s, 34680 KB] M&S algorithm main loop timer: 0.00041711s (after computation of next merge)
[t=0.0177107s, 34680 KB] M&S algorithm main loop timer: 0.000734016s (after merging)

[t=0.0177533s, 34680 KB] Operator mutex starting iteration 0
[t=0.0182299s, 34776 KB] In ts_0_0 of size 2 found num new op-mutexes 64
[t=0.0185576s, 34776 KB] In ts_0_1 of size 2 found num new op-mutexes 64
[t=0.018885s, 34776 KB] In ts_0_2 of size 3 found num new op-mutexes 128
[t=0.0192263s, 34776 KB] In ts_0_3 of size 3 found num new op-mutexes 128
[t=0.0195504s, 34776 KB] In ts_0_5 of size 7 found num new op-mutexes 14
[t=0.0198892s, 34776 KB] In ts_0_6 of size 3 found num new op-mutexes 126
[t=0.0202133s, 34776 KB] In ts_0_7 of size 7 found num new op-mutexes 12
[t=0.0205319s, 34776 KB] In ts_0_8 of size 7 found num new op-mutexes 12
[t=0.0209203s, 34776 KB] In ts_0_9 of size 5 found num new op-mutexes 256
[t=0.0212791s, 34776 KB] In ts_0_10 of size 11 found num new op-mutexes 0
[t=0.0216229s, 34776 KB] In ts_0_11 of size 11 found num new op-mutexes 0
[t=0.0219736s, 34776 KB] In ts_0_12 of size 11 found num new op-mutexes 0
[t=0.0223551s, 34776 KB] In ts_0_13 of size 11 found num new op-mutexes 0
[t=0.0226957s, 34776 KB] In ts_0_14 of size 11 found num new op-mutexes 0
[t=0.0230442s, 34776 KB] In ts_0_15 of size 11 found num new op-mutexes 0
[t=0.0233806s, 34776 KB] In ts_0_16 of size 11 found num new op-mutexes 0
[t=0.0237329s, 34776 KB] In ts_0_17 of size 11 found num new op-mutexes 0
[t=0.0240707s, 34776 KB] In ts_0_18 of size 11 found num new op-mutexes 0
[t=0.0244077s, 34776 KB] In ts_0_19 of size 11 found num new op-mutexes 0
[t=0.0247148s, 34776 KB] In ts_0_20 of size 4 found num new op-mutexes 0
[t=0.0250288s, 34776 KB] In ts_0_21 of size 4 found num new op-mutexes 0
[t=0.0253677s, 34776 KB] In ts_0_22 of size 11 found num new op-mutexes 0
[t=0.0256755s, 34776 KB] In ts_0_23 of size 4 found num new op-mutexes 0
[t=0.0259882s, 34776 KB] In ts_0_24 of size 4 found num new op-mutexes 0
[t=0.0263349s, 34776 KB] In ts_0_26 of size 11 found num new op-mutexes 0
[t=0.0268862s, 34776 KB] In ts_0_27 of size 77 found num new op-mutexes 12
[t=0.0269682s, 34776 KB] Operator mutex finished iteration 0. Found an additional 816 operator mutexes

[t=0.0273119s, 34776 KB] Next pair of indices: (0, 27)
[t=0.0273377s, 34776 KB] M&S algorithm main loop timer: 0.0103503s (after computation of next merge)
[t=0.0277547s, 34776 KB] M&S algorithm main loop timer: 0.0107813s (after merging)
[t=0.0278253s, 34776 KB] M&S algorithm main loop timer: 0.0108425s (after pruning)

[t=0.0278554s, 34776 KB] Operator mutex starting iteration 1
[t=0.0281884s, 34776 KB] In ts_1_1 of size 2 found num new op-mutexes 0
[t=0.0285287s, 34776 KB] In ts_1_2 of size 3 found num new op-mutexes 0
[t=0.0288528s, 34776 KB] In ts_1_3 of size 3 found num new op-mutexes 0
[t=0.0291878s, 34776 KB] In ts_1_5 of size 7 found num new op-mutexes 0
[t=0.0295334s, 34776 KB] In ts_1_6 of size 3 found num new op-mutexes 0
[t=0.0298652s, 34776 KB] In ts_1_7 of size 7 found num new op-mutexes 0
[t=0.0302063s, 34776 KB] In ts_1_8 of size 7 found num new op-mutexes 0
[t=0.0305547s, 34776 KB] In ts_1_9 of size 5 found num new op-mutexes 0
[t=0.0309233s, 34776 KB] In ts_1_10 of size 11 found num new op-mutexes 0
[t=0.0312782s, 34776 KB] In ts_1_11 of size 11 found num new op-mutexes 0
[t=0.0316293s, 34776 KB] In ts_1_12 of size 11 found num new op-mutexes 0
[t=0.0319887s, 34776 KB] In ts_1_13 of size 11 found num new op-mutexes 0
[t=0.0323471s, 34776 KB] In ts_1_14 of size 11 found num new op-mutexes 0
[t=0.0326969s, 34776 KB] In ts_1_15 of size 11 found num new op-mutexes 0
[t=0.0330457s, 34776 KB] In ts_1_16 of size 11 found num new op-mutexes 0
[t=0.0334117s, 34776 KB] In ts_1_17 of size 11 found num new op-mutexes 0
[t=0.0337713s, 34776 KB] In ts_1_18 of size 11 found num new op-mutexes 0
[t=0.0341204s, 34776 KB] In ts_1_19 of size 11 found num new op-mutexes 0
[t=0.0344471s, 34776 KB] In ts_1_20 of size 4 found num new op-mutexes 0
[t=0.034773s, 34776 KB] In ts_1_21 of size 4 found num new op-mutexes 0
[t=0.0351289s, 34776 KB] In ts_1_22 of size 11 found num new op-mutexes 0
[t=0.0354484s, 34776 KB] In ts_1_23 of size 4 found num new op-mutexes 0
[t=0.0357637s, 34776 KB] In ts_1_24 of size 4 found num new op-mutexes 0
[t=0.036126s, 34776 KB] In ts_1_26 of size 11 found num new op-mutexes 0
[t=0.0482328s, 38060 KB] In ts_1_28 of size 88 found num new op-mutexes 88178
[t=0.048339s, 38060 KB] Operator mutex finished iteration 1. Found an additional 88178 operator mutexes

[t=0.0487924s, 38060 KB] Next pair of indices: (1, 28)
[t=0.0488198s, 38060 KB] M&S algorithm main loop timer: 0.0318325s (after computation of next merge)
[t=0.0492994s, 38060 KB] M&S algorithm main loop timer: 0.0323278s (after merging)
[t=0.0493855s, 38060 KB] M&S algorithm main loop timer: 0.0324045s (after pruning)

[t=0.0494177s, 38060 KB] Operator mutex starting iteration 2
[t=0.0497855s, 38060 KB] In ts_2_2 of size 3 found num new op-mutexes 0
[t=0.0501474s, 38060 KB] In ts_2_3 of size 3 found num new op-mutexes 0
[t=0.0504922s, 38060 KB] In ts_2_5 of size 7 found num new op-mutexes 0
[t=0.0508255s, 38060 KB] In ts_2_6 of size 3 found num new op-mutexes 0
[t=0.0511488s, 38060 KB] In ts_2_7 of size 7 found num new op-mutexes 0
[t=0.0514822s, 38060 KB] In ts_2_8 of size 7 found num new op-mutexes 0
[t=0.0518541s, 38060 KB] In ts_2_9 of size 5 found num new op-mutexes 0
[t=0.0522052s, 38060 KB] In ts_2_10 of size 11 found num new op-mutexes 0
[t=0.0525517s, 38060 KB] In ts_2_11 of size 11 found num new op-mutexes 0
[t=0.0529124s, 38060 KB] In ts_2_12 of size 11 found num new op-mutexes 0
[t=0.0532578s, 38060 KB] In ts_2_13 of size 11 found num new op-mutexes 0
[t=0.0536116s, 38060 KB] In ts_2_14 of size 11 found num new op-mutexes 0
[t=0.053964s, 38060 KB] In ts_2_15 of size 11 found num new op-mutexes 0
[t=0.0543041s, 38060 KB] In ts_2_16 of size 11 found num new op-mutexes 0
[t=0.054645s, 38060 KB] In ts_2_17 of size 11 found num new op-mutexes 0
[t=0.0549945s, 38060 KB] In ts_2_18 of size 11 found num new op-mutexes 0
[t=0.0553336s, 38060 KB] In ts_2_19 of size 11 found num new op-mutexes 0
[t=0.0556452s, 38060 KB] In ts_2_20 of size 4 found num new op-mutexes 0
[t=0.0559696s, 38060 KB] In ts_2_21 of size 4 found num new op-mutexes 0
[t=0.056313s, 38060 KB] In ts_2_22 of size 11 found num new op-mutexes 0
[t=0.0566245s, 38060 KB] In ts_2_23 of size 4 found num new op-mutexes 0
[t=0.0569412s, 38060 KB] In ts_2_24 of size 4 found num new op-mutexes 0
[t=0.0573029s, 38060 KB] In ts_2_26 of size 11 found num new op-mutexes 0
[t=0.0651377s, 38060 KB] In ts_2_29 of size 165 found num new op-mutexes 1462
[t=0.0652363s, 38060 KB] Operator mutex finished iteration 2. Found an additional 1462 operator mutexes

[t=0.0656313s, 38060 KB] Next pair of indices: (2, 29)
[t=0.06566s, 38060 KB] M&S algorithm main loop timer: 0.0486731s (after computation of next merge)
[t=0.0663563s, 38060 KB] M&S algorithm main loop timer: 0.0494056s (after merging)
[t=0.0665189s, 38060 KB] M&S algorithm main loop timer: 0.0495422s (after pruning)

[t=0.0665553s, 38060 KB] Operator mutex starting iteration 3
[t=0.066859s, 38060 KB] In ts_3_3 of size 3 found num new op-mutexes 0
[t=0.0672096s, 38060 KB] In ts_3_5 of size 7 found num new op-mutexes 0
[t=0.067562s, 38060 KB] In ts_3_6 of size 3 found num new op-mutexes 0
[t=0.0678999s, 38060 KB] In ts_3_7 of size 7 found num new op-mutexes 0
[t=0.0682364s, 38060 KB] In ts_3_8 of size 7 found num new op-mutexes 0
[t=0.0686208s, 38060 KB] In ts_3_9 of size 5 found num new op-mutexes 0
[t=0.0689921s, 38060 KB] In ts_3_10 of size 11 found num new op-mutexes 0
[t=0.0693627s, 38060 KB] In ts_3_11 of size 11 found num new op-mutexes 0
[t=0.0697529s, 38060 KB] In ts_3_12 of size 11 found num new op-mutexes 0
[t=0.0701188s, 38060 KB] In ts_3_13 of size 11 found num new op-mutexes 0
[t=0.0704745s, 38060 KB] In ts_3_14 of size 11 found num new op-mutexes 0
[t=0.0708309s, 38060 KB] In ts_3_15 of size 11 found num new op-mutexes 0
[t=0.0711943s, 38060 KB] In ts_3_16 of size 11 found num new op-mutexes 0
[t=0.071556s, 38060 KB] In ts_3_17 of size 11 found num new op-mutexes 0
[t=0.0719077s, 38060 KB] In ts_3_18 of size 11 found num new op-mutexes 0
[t=0.0722595s, 38060 KB] In ts_3_19 of size 11 found num new op-mutexes 0
[t=0.072593s, 38060 KB] In ts_3_20 of size 4 found num new op-mutexes 0
[t=0.0729415s, 38060 KB] In ts_3_21 of size 4 found num new op-mutexes 0
[t=0.0732978s, 38060 KB] In ts_3_22 of size 11 found num new op-mutexes 0
[t=0.0736218s, 38060 KB] In ts_3_23 of size 4 found num new op-mutexes 0
[t=0.0739422s, 38060 KB] In ts_3_24 of size 4 found num new op-mutexes 0
[t=0.074301s, 38060 KB] In ts_3_26 of size 11 found num new op-mutexes 0
[t=0.0826631s, 38060 KB] In ts_3_30 of size 440 found num new op-mutexes 334
[t=0.0827572s, 38060 KB] Operator mutex finished iteration 3. Found an additional 334 operator mutexes

[t=0.0831304s, 38060 KB] Next pair of indices: (3, 30)
[t=0.0831575s, 38060 KB] M&S algorithm main loop timer: 0.0661801s (after computation of next merge)
[t=0.0845422s, 38060 KB] M&S algorithm main loop timer: 0.0676155s (after merging)
[t=0.0849413s, 38060 KB] M&S algorithm main loop timer: 0.0679746s (after pruning)

[t=0.0849881s, 38060 KB] Operator mutex starting iteration 4
[t=0.0852977s, 38060 KB] In ts_4_5 of size 7 found num new op-mutexes 0
[t=0.0856481s, 38060 KB] In ts_4_6 of size 3 found num new op-mutexes 0
[t=0.085983s, 38060 KB] In ts_4_7 of size 7 found num new op-mutexes 0
[t=0.0863252s, 38060 KB] In ts_4_8 of size 7 found num new op-mutexes 0
[t=0.0866922s, 38060 KB] In ts_4_9 of size 5 found num new op-mutexes 0
[t=0.0870602s, 38060 KB] In ts_4_10 of size 11 found num new op-mutexes 0
[t=0.0874203s, 38060 KB] In ts_4_11 of size 11 found num new op-mutexes 0
[t=0.0877749s, 38060 KB] In ts_4_12 of size 11 found num new op-mutexes 0
[t=0.0881347s, 38060 KB] In ts_4_13 of size 11 found num new op-mutexes 0
[t=0.0884971s, 38060 KB] In ts_4_14 of size 11 found num new op-mutexes 0
[t=0.0888599s, 38060 KB] In ts_4_15 of size 11 found num new op-mutexes 0
[t=0.0892491s, 38060 KB] In ts_4_16 of size 11 found num new op-mutexes 0
[t=0.0896045s, 38060 KB] In ts_4_17 of size 11 found num new op-mutexes 0
[t=0.0899554s, 38060 KB] In ts_4_18 of size 11 found num new op-mutexes 0
[t=0.0903133s, 38060 KB] In ts_4_19 of size 11 found num new op-mutexes 0
[t=0.0906433s, 38060 KB] In ts_4_20 of size 4 found num new op-mutexes 0
[t=0.0909624s, 38060 KB] In ts_4_21 of size 4 found num new op-mutexes 0
[t=0.0913133s, 38060 KB] In ts_4_22 of size 11 found num new op-mutexes 0
[t=0.0916435s, 38060 KB] In ts_4_23 of size 4 found num new op-mutexes 0
[t=0.0919675s, 38060 KB] In ts_4_24 of size 4 found num new op-mutexes 0
[t=0.0923305s, 38060 KB] In ts_4_26 of size 11 found num new op-mutexes 0
[t=0.109329s, 38060 KB] In ts_4_31 of size 1309 found num new op-mutexes 0
[t=0.109445s, 38060 KB] Operator mutex finished iteration 4. Found an additional 0 operator mutexes

[t=0.109891s, 38060 KB] Next pair of indices: (5, 26)
[t=0.109918s, 38060 KB] M&S algorithm main loop timer: 0.0929312s (after computation of next merge)
[t=0.110307s, 38060 KB] M&S algorithm main loop timer: 0.0933299s (after merging)

[t=0.110349s, 38060 KB] Operator mutex starting iteration 5
[t=0.110695s, 38060 KB] In ts_5_6 of size 3 found num new op-mutexes 0
[t=0.111022s, 38060 KB] In ts_5_7 of size 7 found num new op-mutexes 0
[t=0.111354s, 38060 KB] In ts_5_8 of size 7 found num new op-mutexes 0
[t=0.111733s, 38060 KB] In ts_5_9 of size 5 found num new op-mutexes 0
[t=0.112084s, 38060 KB] In ts_5_10 of size 11 found num new op-mutexes 0
[t=0.112446s, 38060 KB] In ts_5_11 of size 11 found num new op-mutexes 0
[t=0.112801s, 38060 KB] In ts_5_12 of size 11 found num new op-mutexes 0
[t=0.11314s, 38060 KB] In ts_5_13 of size 11 found num new op-mutexes 0
[t=0.113481s, 38060 KB] In ts_5_14 of size 11 found num new op-mutexes 0
[t=0.113828s, 38060 KB] In ts_5_15 of size 11 found num new op-mutexes 0
[t=0.114166s, 38060 KB] In ts_5_16 of size 11 found num new op-mutexes 0
[t=0.114511s, 38060 KB] In ts_5_17 of size 11 found num new op-mutexes 0
[t=0.114858s, 38060 KB] In ts_5_18 of size 11 found num new op-mutexes 0
[t=0.115195s, 38060 KB] In ts_5_19 of size 11 found num new op-mutexes 0
[t=0.115505s, 38060 KB] In ts_5_20 of size 4 found num new op-mutexes 0
[t=0.115811s, 38060 KB] In ts_5_21 of size 4 found num new op-mutexes 0
[t=0.116171s, 38060 KB] In ts_5_22 of size 11 found num new op-mutexes 0
[t=0.116491s, 38060 KB] In ts_5_23 of size 4 found num new op-mutexes 0
[t=0.116797s, 38060 KB] In ts_5_24 of size 4 found num new op-mutexes 0
[t=0.13404s, 38060 KB] In ts_5_31 of size 1309 found num new op-mutexes 0
[t=0.134622s, 38060 KB] In ts_5_32 of size 77 found num new op-mutexes 0
[t=0.134697s, 38060 KB] Operator mutex finished iteration 5. Found an additional 0 operator mutexes

[t=0.135135s, 38060 KB] Next pair of indices: (6, 32)
[t=0.135161s, 38060 KB] M&S algorithm main loop timer: 0.118174s (after computation of next merge)
[t=0.135667s, 38060 KB] M&S algorithm main loop timer: 0.118698s (after merging)

[t=0.135727s, 38060 KB] Operator mutex starting iteration 6
[t=0.136048s, 38060 KB] In ts_6_7 of size 7 found num new op-mutexes 0
[t=0.136389s, 38060 KB] In ts_6_8 of size 7 found num new op-mutexes 0
[t=0.13677s, 38060 KB] In ts_6_9 of size 5 found num new op-mutexes 0
[t=0.137132s, 38060 KB] In ts_6_10 of size 11 found num new op-mutexes 0
[t=0.137498s, 38060 KB] In ts_6_11 of size 11 found num new op-mutexes 0
[t=0.137865s, 38060 KB] In ts_6_12 of size 11 found num new op-mutexes 0
[t=0.138236s, 38060 KB] In ts_6_13 of size 11 found num new op-mutexes 0
[t=0.138601s, 38060 KB] In ts_6_14 of size 11 found num new op-mutexes 0
[t=0.138964s, 38060 KB] In ts_6_15 of size 11 found num new op-mutexes 0
[t=0.139323s, 38060 KB] In ts_6_16 of size 11 found num new op-mutexes 0
[t=0.139688s, 38060 KB] In ts_6_17 of size 11 found num new op-mutexes 0
[t=0.140053s, 38060 KB] In ts_6_18 of size 11 found num new op-mutexes 0
[t=0.140408s, 38060 KB] In ts_6_19 of size 11 found num new op-mutexes 0
[t=0.140741s, 38060 KB] In ts_6_20 of size 4 found num new op-mutexes 0
[t=0.141062s, 38060 KB] In ts_6_21 of size 4 found num new op-mutexes 0
[t=0.141424s, 38060 KB] In ts_6_22 of size 11 found num new op-mutexes 0
[t=0.141758s, 38060 KB] In ts_6_23 of size 4 found num new op-mutexes 0
[t=0.142078s, 38060 KB] In ts_6_24 of size 4 found num new op-mutexes 0
[t=0.159124s, 38060 KB] In ts_6_31 of size 1309 found num new op-mutexes 0
[t=0.16019s, 38060 KB] In ts_6_33 of size 231 found num new op-mutexes 2
[t=0.160272s, 38060 KB] Operator mutex finished iteration 6. Found an additional 2 operator mutexes

[t=0.160703s, 38060 KB] Next pair of indices: (7, 33)
[t=0.160731s, 38060 KB] M&S algorithm main loop timer: 0.143743s (after computation of next merge)
[t=0.162257s, 38060 KB] M&S algorithm main loop timer: 0.145352s (after merging)

[t=0.162453s, 38060 KB] Operator mutex starting iteration 7
[t=0.162764s, 38060 KB] In ts_7_8 of size 7 found num new op-mutexes 0
[t=0.163138s, 38060 KB] In ts_7_9 of size 5 found num new op-mutexes 0
[t=0.163499s, 38060 KB] In ts_7_10 of size 11 found num new op-mutexes 0
[t=0.163862s, 38060 KB] In ts_7_11 of size 11 found num new op-mutexes 0
[t=0.164229s, 38060 KB] In ts_7_12 of size 11 found num new op-mutexes 0
[t=0.164577s, 38060 KB] In ts_7_13 of size 11 found num new op-mutexes 0
[t=0.164922s, 38060 KB] In ts_7_14 of size 11 found num new op-mutexes 0
[t=0.165277s, 38060 KB] In ts_7_15 of size 11 found num new op-mutexes 0
[t=0.165622s, 38060 KB] In ts_7_16 of size 11 found num new op-mutexes 0
[t=0.165965s, 38060 KB] In ts_7_17 of size 11 found num new op-mutexes 0
[t=0.166319s, 38060 KB] In ts_7_18 of size 11 found num new op-mutexes 0
[t=0.166662s, 38060 KB] In ts_7_19 of size 11 found num new op-mutexes 0
[t=0.166984s, 38060 KB] In ts_7_20 of size 4 found num new op-mutexes 0
[t=0.167306s, 38060 KB] In ts_7_21 of size 4 found num new op-mutexes 0
[t=0.167663s, 38060 KB] In ts_7_22 of size 11 found num new op-mutexes 0
[t=0.168s, 38060 KB] In ts_7_23 of size 4 found num new op-mutexes 0
[t=0.168313s, 38060 KB] In ts_7_24 of size 4 found num new op-mutexes 0
[t=0.186394s, 38060 KB] In ts_7_31 of size 1309 found num new op-mutexes 0
[t=0.191123s, 38060 KB] In ts_7_34 of size 1617 found num new op-mutexes 2
[t=0.191226s, 38060 KB] Operator mutex finished iteration 7. Found an additional 2 operator mutexes

[t=0.191693s, 38060 KB] Next pair of indices: (8, 34)
[t=0.191721s, 38060 KB] M&S algorithm main loop timer: 0.174734s (after computation of next merge)
[t=0.202778s, 38060 KB] M&S algorithm main loop timer: 0.185814s (after merging)
[t=0.205012s, 38060 KB] M&S algorithm main loop timer: 0.18804s (after pruning)

[t=0.205055s, 38060 KB] Operator mutex starting iteration 8
[t=0.205446s, 38060 KB] In ts_8_9 of size 5 found num new op-mutexes 0
[t=0.205828s, 38060 KB] In ts_8_10 of size 11 found num new op-mutexes 0
[t=0.206208s, 38060 KB] In ts_8_11 of size 11 found num new op-mutexes 0
[t=0.206581s, 38060 KB] In ts_8_12 of size 11 found num new op-mutexes 0
[t=0.206965s, 38060 KB] In ts_8_13 of size 11 found num new op-mutexes 0
[t=0.207343s, 38060 KB] In ts_8_14 of size 11 found num new op-mutexes 0
[t=0.207734s, 38060 KB] In ts_8_15 of size 11 found num new op-mutexes 0
[t=0.208112s, 38060 KB] In ts_8_16 of size 11 found num new op-mutexes 0
[t=0.208474s, 38060 KB] In ts_8_17 of size 11 found num new op-mutexes 0
[t=0.208846s, 38060 KB] In ts_8_18 of size 11 found num new op-mutexes 0
[t=0.209209s, 38060 KB] In ts_8_19 of size 11 found num new op-mutexes 0
[t=0.209541s, 38060 KB] In ts_8_20 of size 4 found num new op-mutexes 0
[t=0.209888s, 38060 KB] In ts_8_21 of size 4 found num new op-mutexes 0
[t=0.210266s, 38060 KB] In ts_8_22 of size 11 found num new op-mutexes 0
[t=0.210609s, 38060 KB] In ts_8_23 of size 4 found num new op-mutexes 0
[t=0.210969s, 38060 KB] In ts_8_24 of size 4 found num new op-mutexes 0
[t=0.22915s, 38060 KB] In ts_8_31 of size 1309 found num new op-mutexes 0
[t=0.2296s, 38060 KB] Operator mutex finished iteration 8. Found an additional 0 operator mutexes

[t=0.230121s, 38060 KB] Next pair of indices: (9, 35)
[t=0.230151s, 38060 KB] M&S algorithm main loop timer: 0.213166s (after computation of next merge)
[t=0.279887s, 43040 KB] M&S algorithm main loop timer: 0.262935s (after merging)
[t=0.288481s, 43040 KB] M&S algorithm main loop timer: 0.271518s (after pruning)

[t=0.288535s, 43040 KB] Operator mutex starting iteration 9
[t=0.288881s, 43040 KB] In ts_9_10 of size 11 found num new op-mutexes 0
[t=0.289247s, 43040 KB] In ts_9_11 of size 11 found num new op-mutexes 0
[t=0.289618s, 43040 KB] In ts_9_12 of size 11 found num new op-mutexes 0
[t=0.289978s, 43040 KB] In ts_9_13 of size 11 found num new op-mutexes 0
[t=0.290347s, 43040 KB] In ts_9_14 of size 11 found num new op-mutexes 0
[t=0.290735s, 43040 KB] In ts_9_15 of size 11 found num new op-mutexes 0
[t=0.291098s, 43040 KB] In ts_9_16 of size 11 found num new op-mutexes 0
[t=0.291457s, 43040 KB] In ts_9_17 of size 11 found num new op-mutexes 0
[t=0.291827s, 43040 KB] In ts_9_18 of size 11 found num new op-mutexes 0
[t=0.292195s, 43040 KB] In ts_9_19 of size 11 found num new op-mutexes 0
[t=0.292532s, 43040 KB] In ts_9_20 of size 4 found num new op-mutexes 0
[t=0.292858s, 43040 KB] In ts_9_21 of size 4 found num new op-mutexes 0
[t=0.293233s, 43040 KB] In ts_9_22 of size 11 found num new op-mutexes 0
[t=0.293567s, 43040 KB] In ts_9_23 of size 4 found num new op-mutexes 0
[t=0.293892s, 43040 KB] In ts_9_24 of size 4 found num new op-mutexes 0
[t=0.312104s, 43040 KB] In ts_9_31 of size 1309 found num new op-mutexes 0
[t=0.312957s, 43040 KB] Operator mutex finished iteration 9. Found an additional 0 operator mutexes

[t=0.313677s, 43040 KB] Next pair of indices: (10, 36)
[t=0.313707s, 43040 KB] M&S algorithm main loop timer: 0.29672s (after computation of next merge)
[t=0.353024s, 43700 KB] M&S algorithm main loop timer: 0.336387s (after shrinking)
[t=0.384034s, 43700 KB] M&S algorithm main loop timer: 0.367077s (after merging)

[t=0.385648s, 43700 KB] Operator mutex starting iteration 10
[t=0.386001s, 43700 KB] In ts_10_11 of size 11 found num new op-mutexes 0
[t=0.386397s, 43700 KB] In ts_10_12 of size 11 found num new op-mutexes 0
[t=0.386785s, 43700 KB] In ts_10_13 of size 11 found num new op-mutexes 0
[t=0.387154s, 43700 KB] In ts_10_14 of size 11 found num new op-mutexes 0
[t=0.387529s, 43700 KB] In ts_10_15 of size 11 found num new op-mutexes 0
[t=0.387896s, 43700 KB] In ts_10_16 of size 11 found num new op-mutexes 0
[t=0.388261s, 43700 KB] In ts_10_17 of size 11 found num new op-mutexes 0
[t=0.388632s, 43700 KB] In ts_10_18 of size 11 found num new op-mutexes 0
[t=0.388996s, 43700 KB] In ts_10_19 of size 11 found num new op-mutexes 0
[t=0.389338s, 43700 KB] In ts_10_20 of size 4 found num new op-mutexes 0
[t=0.389679s, 43700 KB] In ts_10_21 of size 4 found num new op-mutexes 0
[t=0.39005s, 43700 KB] In ts_10_22 of size 11 found num new op-mutexes 0
[t=0.390405s, 43700 KB] In ts_10_23 of size 4 found num new op-mutexes 0
[t=0.390737s, 43700 KB] In ts_10_24 of size 4 found num new op-mutexes 0
[t=0.408506s, 43700 KB] In ts_10_31 of size 1309 found num new op-mutexes 0
[t=0.409522s, 43700 KB] Operator mutex finished iteration 10. Found an additional 0 operator mutexes

[t=0.410331s, 43700 KB] Next pair of indices: (11, 37)
[t=0.410362s, 43700 KB] M&S algorithm main loop timer: 0.393376s (after computation of next merge)
[t=0.448665s, 43700 KB] M&S algorithm main loop timer: 0.431914s (after shrinking)
[t=0.449266s, 43700 KB] M&S algorithm main loop timer: 0.432291s (after merging)

[t=0.449309s, 43700 KB] Operator mutex starting iteration 11
[t=0.449659s, 43700 KB] In ts_11_12 of size 11 found num new op-mutexes 0
[t=0.45003s, 43700 KB] In ts_11_13 of size 11 found num new op-mutexes 0
[t=0.450395s, 43700 KB] In ts_11_14 of size 11 found num new op-mutexes 0
[t=0.450749s, 43700 KB] In ts_11_15 of size 11 found num new op-mutexes 0
[t=0.451103s, 43700 KB] In ts_11_16 of size 11 found num new op-mutexes 0
[t=0.451463s, 43700 KB] In ts_11_17 of size 11 found num new op-mutexes 0
[t=0.451823s, 43700 KB] In ts_11_18 of size 11 found num new op-mutexes 0
[t=0.452189s, 43700 KB] In ts_11_19 of size 11 found num new op-mutexes 0
[t=0.452529s, 43700 KB] In ts_11_20 of size 4 found num new op-mutexes 0
[t=0.452859s, 43700 KB] In ts_11_21 of size 4 found num new op-mutexes 0
[t=0.453229s, 43700 KB] In ts_11_22 of size 11 found num new op-mutexes 0
[t=0.453565s, 43700 KB] In ts_11_23 of size 4 found num new op-mutexes 0
[t=0.453904s, 43700 KB] In ts_11_24 of size 4 found num new op-mutexes 0
[t=0.471575s, 43700 KB] In ts_11_31 of size 1309 found num new op-mutexes 0
[t=0.472174s, 43700 KB] In ts_11_38 of size 44 found num new op-mutexes 0
[t=0.472251s, 43700 KB] Operator mutex finished iteration 11. Found an additional 0 operator mutexes

[t=0.472619s, 43700 KB] Next pair of indices: (12, 31)
[t=0.472646s, 43700 KB] M&S algorithm main loop timer: 0.455659s (after computation of next merge)
[t=0.487796s, 43700 KB] M&S algorithm main loop timer: 0.470846s (after merging)

[t=0.488672s, 43700 KB] Operator mutex starting iteration 12
[t=0.489046s, 43700 KB] In ts_12_13 of size 11 found num new op-mutexes 0
[t=0.489428s, 43700 KB] In ts_12_14 of size 11 found num new op-mutexes 0
[t=0.489827s, 43700 KB] In ts_12_15 of size 11 found num new op-mutexes 0
[t=0.490204s, 43700 KB] In ts_12_16 of size 11 found num new op-mutexes 0
[t=0.490576s, 43700 KB] In ts_12_17 of size 11 found num new op-mutexes 0
[t=0.490959s, 43700 KB] In ts_12_18 of size 11 found num new op-mutexes 0
[t=0.491332s, 43700 KB] In ts_12_19 of size 11 found num new op-mutexes 0
[t=0.491679s, 43700 KB] In ts_12_20 of size 4 found num new op-mutexes 0
[t=0.492036s, 43700 KB] In ts_12_21 of size 4 found num new op-mutexes 0
[t=0.492409s, 43700 KB] In ts_12_22 of size 11 found num new op-mutexes 0
[t=0.492757s, 43700 KB] In ts_12_23 of size 4 found num new op-mutexes 0
[t=0.493104s, 43700 KB] In ts_12_24 of size 4 found num new op-mutexes 0
[t=0.493637s, 43700 KB] In ts_12_38 of size 44 found num new op-mutexes 0
[t=0.49414s, 43700 KB] Operator mutex finished iteration 12. Found an additional 0 operator mutexes

[t=0.494531s, 43700 KB] Next pair of indices: (13, 39)
[t=0.494559s, 43700 KB] M&S algorithm main loop timer: 0.477572s (after computation of next merge)
[t=0.515239s, 43700 KB] M&S algorithm main loop timer: 0.498485s (after shrinking)
[t=0.530146s, 43700 KB] M&S algorithm main loop timer: 0.513206s (after merging)

[t=0.531017s, 43700 KB] Operator mutex starting iteration 13
[t=0.53136s, 43700 KB] In ts_13_14 of size 11 found num new op-mutexes 0
[t=0.531749s, 43700 KB] In ts_13_15 of size 11 found num new op-mutexes 0
[t=0.532118s, 43700 KB] In ts_13_16 of size 11 found num new op-mutexes 0
[t=0.53249s, 43700 KB] In ts_13_17 of size 11 found num new op-mutexes 0
[t=0.532854s, 43700 KB] In ts_13_18 of size 11 found num new op-mutexes 0
[t=0.533219s, 43700 KB] In ts_13_19 of size 11 found num new op-mutexes 0
[t=0.533577s, 43700 KB] In ts_13_20 of size 4 found num new op-mutexes 0
[t=0.533909s, 43700 KB] In ts_13_21 of size 4 found num new op-mutexes 0
[t=0.534274s, 43700 KB] In ts_13_22 of size 11 found num new op-mutexes 0
[t=0.534621s, 43700 KB] In ts_13_23 of size 4 found num new op-mutexes 0
[t=0.534952s, 43700 KB] In ts_13_24 of size 4 found num new op-mutexes 0
[t=0.535452s, 43700 KB] In ts_13_38 of size 44 found num new op-mutexes 0
[t=0.535975s, 43700 KB] Operator mutex finished iteration 13. Found an additional 0 operator mutexes

[t=0.536379s, 43700 KB] Next pair of indices: (14, 40)
[t=0.536408s, 43700 KB] M&S algorithm main loop timer: 0.519421s (after computation of next merge)
[t=0.556409s, 43700 KB] M&S algorithm main loop timer: 0.539599s (after shrinking)
[t=0.556918s, 43700 KB] M&S algorithm main loop timer: 0.539944s (after merging)

[t=0.556963s, 43700 KB] Operator mutex starting iteration 14
[t=0.557324s, 43700 KB] In ts_14_15 of size 11 found num new op-mutexes 0
[t=0.557697s, 43700 KB] In ts_14_16 of size 11 found num new op-mutexes 0
[t=0.558075s, 43700 KB] In ts_14_17 of size 11 found num new op-mutexes 0
[t=0.558452s, 43700 KB] In ts_14_18 of size 11 found num new op-mutexes 0
[t=0.558831s, 43700 KB] In ts_14_19 of size 11 found num new op-mutexes 0
[t=0.559228s, 43700 KB] In ts_14_20 of size 4 found num new op-mutexes 0
[t=0.559824s, 43700 KB] In ts_14_21 of size 4 found num new op-mutexes 0
[t=0.560408s, 43700 KB] In ts_14_22 of size 11 found num new op-mutexes 0
[t=0.560752s, 43700 KB] In ts_14_23 of size 4 found num new op-mutexes 0
[t=0.561094s, 43700 KB] In ts_14_24 of size 4 found num new op-mutexes 0
[t=0.561608s, 43700 KB] In ts_14_38 of size 44 found num new op-mutexes 0
[t=0.562114s, 43700 KB] In ts_14_41 of size 44 found num new op-mutexes 0
[t=0.562194s, 43700 KB] Operator mutex finished iteration 14. Found an additional 0 operator mutexes

[t=0.562403s, 43700 KB] Next pair of indices: (15, 41)
[t=0.562496s, 43700 KB] M&S algorithm main loop timer: 0.545533s (after computation of next merge)
[t=0.563731s, 43700 KB] M&S algorithm main loop timer: 0.546785s (after merging)

[t=0.56383s, 43700 KB] Operator mutex starting iteration 15
[t=0.564179s, 43700 KB] In ts_15_16 of size 11 found num new op-mutexes 0
[t=0.56465s, 43700 KB] In ts_15_17 of size 11 found num new op-mutexes 0
[t=0.565053s, 43700 KB] In ts_15_18 of size 11 found num new op-mutexes 0
[t=0.565639s, 43700 KB] In ts_15_19 of size 11 found num new op-mutexes 0
[t=0.56635s, 43700 KB] In ts_15_20 of size 4 found num new op-mutexes 0
[t=0.566961s, 43700 KB] In ts_15_21 of size 4 found num new op-mutexes 0
[t=0.567557s, 43700 KB] In ts_15_22 of size 11 found num new op-mutexes 0
[t=0.568169s, 43700 KB] In ts_15_23 of size 4 found num new op-mutexes 0
[t=0.568722s, 43700 KB] In ts_15_24 of size 4 found num new op-mutexes 0
[t=0.56955s, 43700 KB] In ts_15_38 of size 44 found num new op-mutexes 0
[t=0.572768s, 43700 KB] In ts_15_42 of size 484 found num new op-mutexes 0
[t=0.572901s, 43700 KB] Operator mutex finished iteration 15. Found an additional 0 operator mutexes

[t=0.573141s, 43700 KB] Next pair of indices: (16, 42)
[t=0.573178s, 43700 KB] M&S algorithm main loop timer: 0.5562s (after computation of next merge)
[t=0.585821s, 43700 KB] M&S algorithm main loop timer: 0.568897s (after merging)

[t=0.586528s, 43700 KB] Operator mutex starting iteration 16
[t=0.587193s, 43700 KB] In ts_16_17 of size 11 found num new op-mutexes 0
[t=0.58782s, 43700 KB] In ts_16_18 of size 11 found num new op-mutexes 0
[t=0.58844s, 43700 KB] In ts_16_19 of size 11 found num new op-mutexes 0
[t=0.589061s, 43700 KB] In ts_16_20 of size 4 found num new op-mutexes 0
[t=0.589658s, 43700 KB] In ts_16_21 of size 4 found num new op-mutexes 0
[t=0.590312s, 43700 KB] In ts_16_22 of size 11 found num new op-mutexes 0
[t=0.590807s, 43700 KB] In ts_16_23 of size 4 found num new op-mutexes 0
[t=0.59136s, 43700 KB] In ts_16_24 of size 4 found num new op-mutexes 0
[t=0.59219s, 43700 KB] In ts_16_38 of size 44 found num new op-mutexes 0
[t=0.592736s, 43700 KB] Operator mutex finished iteration 16. Found an additional 0 operator mutexes

[t=0.593077s, 43700 KB] Next pair of indices: (17, 43)
[t=0.593116s, 43700 KB] M&S algorithm main loop timer: 0.576139s (after computation of next merge)
[t=0.612104s, 43700 KB] M&S algorithm main loop timer: 0.595386s (after shrinking)
[t=0.739545s, 54128 KB] M&S algorithm main loop timer: 0.722656s (after merging)

[t=0.742324s, 54128 KB] Operator mutex starting iteration 17
[t=0.743043s, 54128 KB] In ts_17_18 of size 11 found num new op-mutexes 0
[t=0.74372s, 54128 KB] In ts_17_19 of size 11 found num new op-mutexes 0
[t=0.744194s, 54128 KB] In ts_17_20 of size 4 found num new op-mutexes 0
[t=0.744591s, 54128 KB] In ts_17_21 of size 4 found num new op-mutexes 0
[t=0.745205s, 54128 KB] In ts_17_22 of size 11 found num new op-mutexes 0
[t=0.745818s, 54128 KB] In ts_17_23 of size 4 found num new op-mutexes 0
[t=0.746414s, 54128 KB] In ts_17_24 of size 4 found num new op-mutexes 0
[t=0.747322s, 54128 KB] In ts_17_38 of size 44 found num new op-mutexes 0
[t=0.751573s, 56280 KB] Operator mutex finished iteration 17. Found an additional 0 operator mutexes

[t=0.753665s, 56280 KB] Next pair of indices: (18, 44)
[t=0.753705s, 56280 KB] M&S algorithm main loop timer: 0.736719s (after computation of next merge)
[t=0.894566s, 63988 KB] M&S algorithm main loop timer: 0.877965s (after shrinking)
[t=0.895293s, 63988 KB] M&S algorithm main loop timer: 0.878317s (after merging)

[t=0.895335s, 63988 KB] Operator mutex starting iteration 18
[t=0.895702s, 63988 KB] In ts_18_19 of size 11 found num new op-mutexes 0
[t=0.896037s, 63988 KB] In ts_18_20 of size 4 found num new op-mutexes 0
[t=0.896375s, 63988 KB] In ts_18_21 of size 4 found num new op-mutexes 0
[t=0.896735s, 63988 KB] In ts_18_22 of size 11 found num new op-mutexes 0
[t=0.897074s, 63988 KB] In ts_18_23 of size 4 found num new op-mutexes 0
[t=0.897411s, 63988 KB] In ts_18_24 of size 4 found num new op-mutexes 0
[t=0.897903s, 63988 KB] In ts_18_38 of size 44 found num new op-mutexes 0
[t=0.898414s, 63988 KB] In ts_18_45 of size 44 found num new op-mutexes 0
[t=0.898491s, 63988 KB] Operator mutex finished iteration 18. Found an additional 0 operator mutexes

[t=0.898647s, 63988 KB] Next pair of indices: (19, 45)
[t=0.898674s, 63988 KB] M&S algorithm main loop timer: 0.881688s (after computation of next merge)
[t=0.899493s, 63988 KB] M&S algorithm main loop timer: 0.882553s (after merging)

[t=0.899597s, 63988 KB] Operator mutex starting iteration 19
[t=0.899965s, 63988 KB] In ts_19_20 of size 4 found num new op-mutexes 0
[t=0.900322s, 63988 KB] In ts_19_21 of size 4 found num new op-mutexes 0
[t=0.900694s, 63988 KB] In ts_19_22 of size 11 found num new op-mutexes 0
[t=0.901033s, 63988 KB] In ts_19_23 of size 4 found num new op-mutexes 0
[t=0.901363s, 63988 KB] In ts_19_24 of size 4 found num new op-mutexes 0
[t=0.901867s, 63988 KB] In ts_19_38 of size 44 found num new op-mutexes 0
[t=0.904249s, 63988 KB] In ts_19_46 of size 484 found num new op-mutexes 0
[t=0.90434s, 63988 KB] Operator mutex finished iteration 19. Found an additional 0 operator mutexes

[t=0.904484s, 63988 KB] Next pair of indices: (20, 46)
[t=0.904509s, 63988 KB] M&S algorithm main loop timer: 0.887522s (after computation of next merge)
[t=0.907593s, 63988 KB] M&S algorithm main loop timer: 0.89069s (after merging)

[t=0.907936s, 63988 KB] Operator mutex starting iteration 20
[t=0.908494s, 63988 KB] In ts_20_21 of size 4 found num new op-mutexes 0
[t=0.909154s, 63988 KB] In ts_20_22 of size 11 found num new op-mutexes 0
[t=0.909769s, 63988 KB] In ts_20_23 of size 4 found num new op-mutexes 0
[t=0.910119s, 63988 KB] In ts_20_24 of size 4 found num new op-mutexes 0
[t=0.910611s, 63988 KB] In ts_20_38 of size 44 found num new op-mutexes 0
[t=0.919883s, 63988 KB] In ts_20_47 of size 1936 found num new op-mutexes 0
[t=0.919997s, 63988 KB] Operator mutex finished iteration 20. Found an additional 0 operator mutexes

[t=0.920175s, 63988 KB] Next pair of indices: (21, 47)
[t=0.920202s, 63988 KB] M&S algorithm main loop timer: 0.903216s (after computation of next merge)
[t=0.935708s, 63988 KB] M&S algorithm main loop timer: 0.918769s (after merging)

[t=0.936177s, 63988 KB] Operator mutex starting iteration 21
[t=0.936583s, 63988 KB] In ts_21_22 of size 11 found num new op-mutexes 0
[t=0.936942s, 63988 KB] In ts_21_23 of size 4 found num new op-mutexes 0
[t=0.937284s, 63988 KB] In ts_21_24 of size 4 found num new op-mutexes 0
[t=0.9378s, 63988 KB] In ts_21_38 of size 44 found num new op-mutexes 0
[t=0.93818s, 63988 KB] Operator mutex finished iteration 21. Found an additional 0 operator mutexes

[t=0.938441s, 63988 KB] Next pair of indices: (22, 48)
[t=0.938467s, 63988 KB] M&S algorithm main loop timer: 0.92148s (after computation of next merge)
[t=0.960204s, 63988 KB] M&S algorithm main loop timer: 0.94339s (after shrinking)
[t=1.06425s, 63988 KB] M&S algorithm main loop timer: 1.04733s (after merging)

[t=1.06668s, 63988 KB] Operator mutex starting iteration 22
[t=1.06703s, 63988 KB] In ts_22_23 of size 4 found num new op-mutexes 0
[t=1.06738s, 63988 KB] In ts_22_24 of size 4 found num new op-mutexes 0
[t=1.0679s, 63988 KB] In ts_22_38 of size 44 found num new op-mutexes 0
[t=1.07002s, 63988 KB] Operator mutex finished iteration 22. Found an additional 0 operator mutexes

[t=1.07143s, 63988 KB] Next pair of indices: (23, 49)
[t=1.07146s, 63988 KB] M&S algorithm main loop timer: 1.05447s (after computation of next merge)
[t=1.20691s, 63988 KB] M&S algorithm main loop timer: 1.1903s (after shrinking)
[t=1.20761s, 63988 KB] M&S algorithm main loop timer: 1.19063s (after merging)

[t=1.20765s, 63988 KB] Operator mutex starting iteration 23
[t=1.20797s, 63988 KB] In ts_23_24 of size 4 found num new op-mutexes 0
[t=1.20847s, 63988 KB] In ts_23_38 of size 44 found num new op-mutexes 0
[t=1.2089s, 63988 KB] In ts_23_50 of size 20 found num new op-mutexes 0
[t=1.20898s, 63988 KB] Operator mutex finished iteration 23. Found an additional 0 operator mutexes

[t=1.20908s, 63988 KB] Next pair of indices: (24, 50)
[t=1.20911s, 63988 KB] M&S algorithm main loop timer: 1.19213s (after computation of next merge)
[t=1.20949s, 63988 KB] M&S algorithm main loop timer: 1.19252s (after merging)

[t=1.20954s, 63988 KB] Operator mutex starting iteration 24
[t=1.21s, 63988 KB] In ts_24_38 of size 44 found num new op-mutexes 0
[t=1.21079s, 63988 KB] In ts_24_51 of size 80 found num new op-mutexes 0
[t=1.21108s, 63988 KB] Operator mutex finished iteration 24. Found an additional 0 operator mutexes

[t=1.21113s, 63988 KB] Next pair of indices: (38, 51)
[t=1.21116s, 63988 KB] M&S algorithm main loop timer: 1.19417s (after computation of next merge)
[t=1.2198s, 63988 KB] M&S algorithm main loop timer: 1.20286s (after merging)

[t=1.22007s, 63988 KB] Operator mutex starting iteration 25
[t=1.24815s, 63988 KB] In ts_25_52 of size 3520 found num new op-mutexes 0
[t=1.24834s, 63988 KB] Operator mutex finished iteration 25. Found an additional 0 operator mutexes

[t=1.24838s, 63988 KB] End of merge-and-shrink algorithm, statistics:
[t=1.2484s, 63988 KB] Main loop runtime: 1.23142s
[t=1.24843s, 63988 KB] Maximum intermediate abstraction size: 43934
[t=1.24845s, 63988 KB] Final peak memory increase of merge-and-shrink algorithm: 40644 KB
[t=1.24848s, 63988 KB] Merge-and-shrink algorithm runtime: 1.23866s

[t=1.2485s, 63988 KB] Number of labels: 2280
[t=1.24852s, 63988 KB] Total number of operator mutexes: 90794
[t=1.24853s, 63988 KB] Operator Mutex total time: 0.357284s
[t=1.24861s, 63988 KB] Number of remaining factors: 1
[t=1.24872s, 63988 KB] Number of factors kept: 1
[t=1.24874s, 63988 KB] Done initializing merge-and-shrink heuristic.

[t=1.25207s, 63988 KB] Building successor generator...done!
[t=1.2552s, 63988 KB] peak memory difference for successor generator creation: 0 KB
[t=1.25522s, 63988 KB] time for successor generation creation: 0.000997288s
[t=1.25526s, 63988 KB] Variables: 27
[t=1.25528s, 63988 KB] FactPairs: 205
[t=1.2553s, 63988 KB] Bytes per state: 12
[t=1.25543s, 63988 KB] Conducting best first search with reopening closed nodes, (real) bound = 2147483647
[t=1.2555s, 63988 KB] New best heuristic value for merge_and_shrink(op_mutex = op_mutex(use_previous_ops = nopo, reachability_strategy = goal)): 4
[t=1.25552s, 63988 KB] g=0, 1 evaluated, 0 expanded
[t=1.25554s, 63988 KB] f = 4, 1 evaluated, 0 expanded
[t=1.25557s, 63988 KB] Initial heuristic value for merge_and_shrink(op_mutex = op_mutex(use_previous_ops = nopo, reachability_strategy = goal)): 4
[t=1.25559s, 63988 KB] pruning method: none
[t=1.25565s, 63988 KB] New best heuristic value for merge_and_shrink(op_mutex = op_mutex(use_previous_ops = nopo, reachability_strategy = goal)): 3
[t=1.25567s, 63988 KB] g=1, 15 evaluated, 1 expanded
[t=1.25573s, 63988 KB] f = 5, 35 evaluated, 2 expanded
[t=1.25588s, 63988 KB] New best heuristic value for merge_and_shrink(op_mutex = op_mutex(use_previous_ops = nopo, reachability_strategy = goal)): 2
[t=1.2559s, 63988 KB] g=3, 102 evaluated, 8 expanded
[t=1.25595s, 63988 KB] New best heuristic value for merge_and_shrink(op_mutex = op_mutex(use_previous_ops = nopo, reachability_strategy = goal)): 1
[t=1.25597s, 63988 KB] g=4, 115 evaluated, 9 expanded
[t=1.25649s, 63988 KB] f = 6, 371 evaluated, 40 expanded
[t=1.26056s, 63988 KB] f = 7, 2385 evaluated, 375 expanded
[t=1.28068s, 63988 KB] f = 8, 11836 evaluated, 2338 expanded
[t=1.28219s, 63988 KB] New best heuristic value for merge_and_shrink(op_mutex = op_mutex(use_previous_ops = nopo, reachability_strategy = goal)): 0
[t=1.28222s, 63988 KB] g=8, 12489 evaluated, 2505 expanded
[t=1.28225s, 63988 KB] Solution found!
[t=1.2823s, 63988 KB] Actual search time: 0.0267078s
overcome jealousy excitement guava earth uranus (1)
overcome sciatica entertainment flounder saturn venus (1)
feast entertainment flounder hamburger bavaria arizona (1)
succumb sciatica entertainment hamburger saturn venus (1)
feast excitement guava apple manitoba kentucky (1)
feast excitement apple hotdog bavaria arizona (1)
feast excitement hotdog wurst bosnia bavaria (1)
succumb jealousy excitement wurst earth uranus (1)
[t=1.28232s, 63988 KB] Plan length: 8 step(s).
[t=1.28232s, 63988 KB] Plan cost: 8
[t=1.28232s, 63988 KB] Expanded 2506 state(s).
[t=1.28232s, 63988 KB] Reopened 0 state(s).
[t=1.28232s, 63988 KB] Evaluated 12494 state(s).
[t=1.28232s, 63988 KB] Evaluations: 12494
[t=1.28232s, 63988 KB] Generated 32819 state(s).
[t=1.28232s, 63988 KB] Dead ends: 0 state(s).
[t=1.28232s, 63988 KB] Expanded until last jump: 2338 state(s).
[t=1.28232s, 63988 KB] Reopened until last jump: 0 state(s).
[t=1.28232s, 63988 KB] Evaluated until last jump: 11836 state(s).
[t=1.28232s, 63988 KB] Generated until last jump: 31121 state(s).
[t=1.28232s, 63988 KB] Number of registered states: 12494
[t=1.28232s, 63988 KB] Int hash set load factor: 12494/16384 = 0.762573
[t=1.28232s, 63988 KB] Int hash set resizes: 14
[t=1.28232s, 63988 KB] Search time: 0.0268937s
[t=1.28232s, 63988 KB] Total time: 1.28232s
Solution found.
Peak memory: 63988 KB
Remove intermediate file output.sas
search exit code: 0

INFO     Running validate.
INFO     validate stdin: None
INFO     validate time limit: None
INFO     validate memory limit: None
INFO     validate command line string: validate domain.pddl problem.pddl sas_plan
Checking plan: sas_plan
Plan executed successfully - checking goal
Plan valid
Final value: 8 

Successful plans:
Value: 8
 sas_plan 8 

validate exit code: 0

