INFO     Running translator.
INFO     translator stdin: None
INFO     translator time limit: 599.97s
INFO     translator memory limit: 7000 MB
INFO     translator command line string: /usr/bin/python3 /user/student.aau.dk/lkar18/downward-projects/downward/experiments/nopo_vs_nasutpo_195p/data/nopo_vs_nasutpo/code-94571df14dfaf5b06207d9589b12facdd93f580c_e5e41175/builds/release/bin/translate/translate.py domain.pddl problem.pddl --sas-file output.sas
Parsing...
Parsing: [0.000s CPU, 0.005s wall-clock]
Normalizing task... [0.000s CPU, 0.000s wall-clock]
Instantiating...
Generating Datalog program... [0.010s CPU, 0.001s wall-clock]
Normalizing Datalog program...
Normalizing Datalog program: [0.000s CPU, 0.005s wall-clock]
Preparing model... [0.000s CPU, 0.003s wall-clock]
Generated 211 rules.
Computing model... [0.010s CPU, 0.004s wall-clock]
216 relevant atoms
288 auxiliary atoms
504 final queue length
618 total queue pushes
Completing instantiation... [0.000s CPU, 0.002s wall-clock]
Instantiating: [0.020s CPU, 0.015s wall-clock]
Computing fact groups...
Finding invariants...
20 initial candidates
Finding invariants: [0.000s CPU, 0.006s wall-clock]
Checking invariant weight... [0.000s CPU, 0.000s wall-clock]
Instantiating groups... [0.010s CPU, 0.000s wall-clock]
Collecting mutex groups... [0.000s CPU, 0.000s wall-clock]
Choosing groups...
31 uncovered facts
Choosing groups: [0.000s CPU, 0.000s wall-clock]
Building translation key... [0.000s CPU, 0.000s wall-clock]
Computing fact groups: [0.010s CPU, 0.007s wall-clock]
Building STRIPS to SAS dictionary... [0.000s CPU, 0.000s wall-clock]
Building dictionary for full mutex groups... [0.000s CPU, 0.000s wall-clock]
Building mutex information...
Building mutex information: [0.000s CPU, 0.000s wall-clock]
Translating task...
Processing axioms...
Simplifying axioms... [0.000s CPU, 0.000s wall-clock]
Translator axioms removed by simplifying: 0
Computing negative axioms... [0.000s CPU, 0.000s wall-clock]
Processing axioms: [0.000s CPU, 0.000s wall-clock]
Translating task: [0.000s CPU, 0.003s wall-clock]
29 effect conditions simplified
0 implied preconditions added
Detecting unreachable propositions...
0 operators removed
0 axioms removed
4 propositions removed
Detecting unreachable propositions: [0.000s CPU, 0.001s wall-clock]
Reordering and filtering variables...
26 of 32 variables necessary.
0 of 2 mutex groups necessary.
59 of 59 operators necessary.
0 of 0 axiom rules necessary.
Reordering and filtering variables: [0.000s CPU, 0.001s wall-clock]
Translator variables: 26
Translator derived variables: 0
Translator facts: 72
Translator goal facts: 12
Translator mutex groups: 0
Translator total mutex groups size: 0
Translator operators: 59
Translator axioms: 0
Translator task size: 446
Translator peak memory: 42524 KB
Writing output... [0.000s CPU, 0.001s wall-clock]
Done! [0.030s CPU, 0.034s wall-clock]
translate exit code: 0

INFO     Running search (release).
INFO     search stdin: output.sas
INFO     search time limit: 599.89s
INFO     search memory limit: 7000 MB
INFO     search command line string: /user/student.aau.dk/lkar18/downward-projects/downward/experiments/nopo_vs_nasutpo_195p/data/nopo_vs_nasutpo/code-94571df14dfaf5b06207d9589b12facdd93f580c_e5e41175/builds/release/bin/downward --search 'astar(merge_and_shrink(op_mutex=op_mutex(use_previous_ops=NaSUTPO, reachability_strategy=goal), merge_strategy=merge_precomputed(linear()), shrink_strategy=shrink_bisimulation(greedy=false, at_limit=RETURN)))' --internal-plan-file sas_plan < output.sas
[t=4.0752e-05s, 22344 KB] reading input...
[t=0.000458016s, 22344 KB] done reading input!
[t=0.00176952s, 22600 KB] Initializing merge-and-shrink heuristic...
[t=0.00183804s, 22600 KB] Running merge-and-shrink algorithm...
[t=0.00185934s, 22600 KB] Merge strategy options:
[t=0.00188161s, 22600 KB] Type: precomputed
[t=0.00190304s, 22600 KB] Merge tree options: 
[t=0.00192377s, 22600 KB] Type: linear
[t=0.00194462s, 22600 KB] Update option: use random
[t=0.00196569s, 22600 KB] Variable order type: CG/GOAL, tie breaking on level (main)

[t=0.00200505s, 22600 KB] Options related to size limits and shrinking: 
[t=0.0020295s, 22600 KB] Transition system size limit: 50000
[t=0.00205151s, 22600 KB] Transition system size limit right before merge: 50000
[t=0.00207212s, 22600 KB] Threshold to trigger shrinking right before merge: 1

[t=0.002095s, 22600 KB] Pruning unreachable states: yes
[t=0.00211663s, 22600 KB] Pruning irrelevant states: yes

[t=0.00213977s, 22600 KB] Label reduction disabled

[t=0.00216584s, 22600 KB] Main loop max time in seconds: inf

[t=0.00219755s, 22600 KB] ===============================================================================
[t=0.0022187s, 22600 KB] WARNING! You did not enable label reduction.
This may drastically reduce the performance of merge-and-shrink!
[t=0.0022399s, 22600 KB] ===============================================================================

[t=0.0022635s, 22600 KB] Building atomic transition systems... 
[t=0.00260455s, 22864 KB] M&S algorithm timer: 0.000797495s (after computation of atomic factors)
[t=0.00264897s, 22864 KB] M&S algorithm timer: 0.000833085s (after pruning atomic factors)

[t=0.00267817s, 22864 KB] Starting main loop without a time limit.
[t=0.00270358s, 22864 KB] building causal graph...done! [t=0.000132089s]
[t=0.00285981s, 23000 KB] Next pair of indices: (25, 13)
[t=0.00290527s, 23000 KB] M&S algorithm main loop timer: 0.000248495s (after computation of next merge)
[t=0.00295448s, 23000 KB] M&S algorithm main loop timer: 0.000298666s (after merging)

[t=0.00298462s, 23000 KB] Operator mutex starting iteration 0


[t=0.00304071s, 23000 KB] In ts_0_0 of size 2 found num new op-mutexes 1


[t=0.00309974s, 23000 KB] In ts_0_1 of size 2 found num new op-mutexes 0


[t=0.0031544s, 23000 KB] In ts_0_2 of size 2 found num new op-mutexes 0


[t=0.00320697s, 23000 KB] In ts_0_3 of size 2 found num new op-mutexes 0


[t=0.00325886s, 23000 KB] In ts_0_4 of size 2 found num new op-mutexes 0


[t=0.00330943s, 23000 KB] In ts_0_5 of size 2 found num new op-mutexes 0


[t=0.00336338s, 23000 KB] In ts_0_6 of size 2 found num new op-mutexes 0


[t=0.00341457s, 23000 KB] In ts_0_7 of size 2 found num new op-mutexes 0


[t=0.00346398s, 23000 KB] In ts_0_8 of size 2 found num new op-mutexes 1


[t=0.00351857s, 23000 KB] In ts_0_9 of size 2 found num new op-mutexes 0


[t=0.00362627s, 23000 KB] In ts_0_10 of size 12 found num new op-mutexes 13


[t=0.00371107s, 23000 KB] In ts_0_11 of size 1 found num new op-mutexes 232


[t=0.00378237s, 23000 KB] In ts_0_12 of size 1 found num new op-mutexes 113


[t=0.00386431s, 23000 KB] In ts_0_14 of size 1 found num new op-mutexes 220


[t=0.0039195s, 23000 KB] In ts_0_15 of size 2 found num new op-mutexes 0


[t=0.00397141s, 23000 KB] In ts_0_16 of size 2 found num new op-mutexes 4


[t=0.00402573s, 23000 KB] In ts_0_17 of size 2 found num new op-mutexes 0


[t=0.00413021s, 23000 KB] In ts_0_18 of size 12 found num new op-mutexes 13


[t=0.00423726s, 23000 KB] In ts_0_19 of size 1 found num new op-mutexes 212


[t=0.00430566s, 23000 KB] In ts_0_20 of size 1 found num new op-mutexes 103


[t=0.00437117s, 23000 KB] In ts_0_21 of size 2 found num new op-mutexes 0


[t=0.00443993s, 23000 KB] In ts_0_22 of size 1 found num new op-mutexes 101


[t=0.00449388s, 23000 KB] In ts_0_23 of size 2 found num new op-mutexes 0


[t=0.00454355s, 23000 KB] In ts_0_24 of size 2 found num new op-mutexes 0


[t=0.00462121s, 23000 KB] In ts_0_26 of size 4 found num new op-mutexes 0
[t=0.00464815s, 23000 KB] Operator mutex finished iteration 0. Found an additional 1013 operator mutexes

[t=0.00467494s, 23000 KB] Next pair of indices: (26, 10)
[t=0.00469675s, 23000 KB] M&S algorithm main loop timer: 0.00203811s (after computation of next merge)
[t=0.00477096s, 23000 KB] M&S algorithm main loop timer: 0.0021153s (after merging)
[t=0.00480772s, 23000 KB] M&S algorithm main loop timer: 0.00215096s (after pruning)

[t=0.00483561s, 23000 KB] Operator mutex starting iteration 1


[t=0.00488346s, 23000 KB] In ts_1_0 of size 2 found num new op-mutexes 0


[t=0.00494528s, 23000 KB] In ts_1_1 of size 2 found num new op-mutexes 0


[t=0.0050033s, 23000 KB] In ts_1_2 of size 2 found num new op-mutexes 0


[t=0.00511163s, 23000 KB] In ts_1_3 of size 2 found num new op-mutexes 0


[t=0.00517152s, 23000 KB] In ts_1_4 of size 2 found num new op-mutexes 0


[t=0.0052334s, 23000 KB] In ts_1_5 of size 2 found num new op-mutexes 0


[t=0.00528797s, 23000 KB] In ts_1_6 of size 2 found num new op-mutexes 0


[t=0.00533988s, 23000 KB] In ts_1_7 of size 2 found num new op-mutexes 0


[t=0.00538997s, 23000 KB] In ts_1_8 of size 2 found num new op-mutexes 0


[t=0.00545333s, 23000 KB] In ts_1_9 of size 2 found num new op-mutexes 0


[t=0.00553982s, 23000 KB] In ts_1_11 of size 1 found num new op-mutexes 0


[t=0.00560525s, 23000 KB] In ts_1_12 of size 1 found num new op-mutexes 0


[t=0.00567901s, 23000 KB] In ts_1_14 of size 1 found num new op-mutexes 0


[t=0.00573094s, 23000 KB] In ts_1_15 of size 2 found num new op-mutexes 0


[t=0.00578113s, 23000 KB] In ts_1_16 of size 2 found num new op-mutexes 0


[t=0.00584272s, 23000 KB] In ts_1_17 of size 2 found num new op-mutexes 0


[t=0.00596462s, 23000 KB] In ts_1_18 of size 12 found num new op-mutexes 0


[t=0.00604228s, 23000 KB] In ts_1_19 of size 1 found num new op-mutexes 0


[t=0.0061058s, 23000 KB] In ts_1_20 of size 1 found num new op-mutexes 0


[t=0.00616299s, 23000 KB] In ts_1_21 of size 2 found num new op-mutexes 0


[t=0.00622335s, 23000 KB] In ts_1_22 of size 1 found num new op-mutexes 0


[t=0.00627412s, 23000 KB] In ts_1_23 of size 2 found num new op-mutexes 0


[t=0.00632421s, 23000 KB] In ts_1_24 of size 2 found num new op-mutexes 0


[t=0.00653415s, 23000 KB] In ts_1_27 of size 36 found num new op-mutexes 0
[t=0.00656737s, 23000 KB] Operator mutex finished iteration 1. Found an additional 0 operator mutexes

[t=0.0065962s, 23000 KB] Next pair of indices: (27, 14)
[t=0.0066189s, 23000 KB] M&S algorithm main loop timer: 0.00396018s (after computation of next merge)
[t=0.00669416s, 23000 KB] M&S algorithm main loop timer: 0.00404036s (after merging)

[t=0.00672851s, 23000 KB] Operator mutex starting iteration 2


[t=0.00677826s, 23000 KB] In ts_2_0 of size 2 found num new op-mutexes 0


[t=0.00684208s, 23000 KB] In ts_2_1 of size 2 found num new op-mutexes 0


[t=0.006896s, 23000 KB] In ts_2_2 of size 2 found num new op-mutexes 0


[t=0.0069478s, 23000 KB] In ts_2_3 of size 2 found num new op-mutexes 0


[t=0.00700206s, 23000 KB] In ts_2_4 of size 2 found num new op-mutexes 0


[t=0.00706268s, 23000 KB] In ts_2_5 of size 2 found num new op-mutexes 0


[t=0.00711559s, 23000 KB] In ts_2_6 of size 2 found num new op-mutexes 0


[t=0.00716651s, 23000 KB] In ts_2_7 of size 2 found num new op-mutexes 0


[t=0.00721566s, 23000 KB] In ts_2_8 of size 2 found num new op-mutexes 0


[t=0.00727913s, 23000 KB] In ts_2_9 of size 2 found num new op-mutexes 0


[t=0.00736294s, 23000 KB] In ts_2_11 of size 1 found num new op-mutexes 0


[t=0.00743052s, 23000 KB] In ts_2_12 of size 1 found num new op-mutexes 0


[t=0.00748276s, 23000 KB] In ts_2_15 of size 2 found num new op-mutexes 0


[t=0.00753888s, 23000 KB] In ts_2_16 of size 2 found num new op-mutexes 0


[t=0.00760033s, 23000 KB] In ts_2_17 of size 2 found num new op-mutexes 0


[t=0.00771748s, 23000 KB] In ts_2_18 of size 12 found num new op-mutexes 0


[t=0.00779587s, 23000 KB] In ts_2_19 of size 1 found num new op-mutexes 0


[t=0.0078592s, 23000 KB] In ts_2_20 of size 1 found num new op-mutexes 0


[t=0.00791657s, 23000 KB] In ts_2_21 of size 2 found num new op-mutexes 0


[t=0.00797816s, 23000 KB] In ts_2_22 of size 1 found num new op-mutexes 0


[t=0.00802918s, 23000 KB] In ts_2_23 of size 2 found num new op-mutexes 0


[t=0.00807738s, 23000 KB] In ts_2_24 of size 2 found num new op-mutexes 0


[t=0.00828894s, 23000 KB] In ts_2_28 of size 36 found num new op-mutexes 0
[t=0.00832354s, 23000 KB] Operator mutex finished iteration 2. Found an additional 0 operator mutexes

[t=0.00836565s, 23000 KB] Next pair of indices: (28, 12)
[t=0.0083897s, 23000 KB] M&S algorithm main loop timer: 0.0057311s (after computation of next merge)
[t=0.00846393s, 23000 KB] M&S algorithm main loop timer: 0.00581029s (after merging)

[t=0.00849814s, 23000 KB] Operator mutex starting iteration 3


[t=0.00854829s, 23000 KB] In ts_3_0 of size 2 found num new op-mutexes 0


[t=0.00861263s, 23000 KB] In ts_3_1 of size 2 found num new op-mutexes 0


[t=0.00866597s, 23000 KB] In ts_3_2 of size 2 found num new op-mutexes 0


[t=0.00871638s, 23000 KB] In ts_3_3 of size 2 found num new op-mutexes 0


[t=0.00876993s, 23000 KB] In ts_3_4 of size 2 found num new op-mutexes 0


[t=0.00882061s, 23000 KB] In ts_3_5 of size 2 found num new op-mutexes 0


[t=0.00887144s, 23000 KB] In ts_3_6 of size 2 found num new op-mutexes 0


[t=0.00892162s, 23000 KB] In ts_3_7 of size 2 found num new op-mutexes 0


[t=0.00897159s, 23000 KB] In ts_3_8 of size 2 found num new op-mutexes 0


[t=0.00903514s, 23000 KB] In ts_3_9 of size 2 found num new op-mutexes 0


[t=0.00911084s, 23000 KB] In ts_3_11 of size 1 found num new op-mutexes 0


[t=0.00916196s, 23000 KB] In ts_3_15 of size 2 found num new op-mutexes 0


[t=0.00921163s, 23000 KB] In ts_3_16 of size 2 found num new op-mutexes 0


[t=0.00927326s, 23000 KB] In ts_3_17 of size 2 found num new op-mutexes 0


[t=0.00939425s, 23000 KB] In ts_3_18 of size 12 found num new op-mutexes 0


[t=0.0094727s, 23000 KB] In ts_3_19 of size 1 found num new op-mutexes 0


[t=0.00953616s, 23000 KB] In ts_3_20 of size 1 found num new op-mutexes 0


[t=0.00959359s, 23000 KB] In ts_3_21 of size 2 found num new op-mutexes 0


[t=0.00965463s, 23000 KB] In ts_3_22 of size 1 found num new op-mutexes 0


[t=0.00971587s, 23000 KB] In ts_3_23 of size 2 found num new op-mutexes 0


[t=0.00976551s, 23000 KB] In ts_3_24 of size 2 found num new op-mutexes 0


[t=0.00998298s, 23000 KB] In ts_3_29 of size 36 found num new op-mutexes 0
[t=0.0100152s, 23000 KB] Operator mutex finished iteration 3. Found an additional 0 operator mutexes

[t=0.0100435s, 23000 KB] Next pair of indices: (29, 11)
[t=0.0100655s, 23000 KB] M&S algorithm main loop timer: 0.00740668s (after computation of next merge)
[t=0.0101367s, 23000 KB] M&S algorithm main loop timer: 0.00748294s (after merging)
[t=0.010174s, 23000 KB] M&S algorithm main loop timer: 0.00751619s (after pruning)

[t=0.010201s, 23000 KB] Operator mutex starting iteration 4


[t=0.01025s, 23000 KB] In ts_4_0 of size 2 found num new op-mutexes 0


[t=0.0103145s, 23000 KB] In ts_4_1 of size 2 found num new op-mutexes 0


[t=0.0103687s, 23000 KB] In ts_4_2 of size 2 found num new op-mutexes 0


[t=0.0104211s, 23000 KB] In ts_4_3 of size 2 found num new op-mutexes 0


[t=0.0104759s, 23000 KB] In ts_4_4 of size 2 found num new op-mutexes 0


[t=0.0105267s, 23000 KB] In ts_4_5 of size 2 found num new op-mutexes 0


[t=0.0105783s, 23000 KB] In ts_4_6 of size 2 found num new op-mutexes 0


[t=0.010629s, 23000 KB] In ts_4_7 of size 2 found num new op-mutexes 0


[t=0.0106824s, 23000 KB] In ts_4_8 of size 2 found num new op-mutexes 0


[t=0.0107465s, 23000 KB] In ts_4_9 of size 2 found num new op-mutexes 0


[t=0.0107963s, 23000 KB] In ts_4_15 of size 2 found num new op-mutexes 0


[t=0.0108455s, 23000 KB] In ts_4_16 of size 2 found num new op-mutexes 0


[t=0.0109079s, 23000 KB] In ts_4_17 of size 2 found num new op-mutexes 0


[t=0.0110228s, 23000 KB] In ts_4_18 of size 12 found num new op-mutexes 0


[t=0.0111019s, 23000 KB] In ts_4_19 of size 1 found num new op-mutexes 0


[t=0.0111662s, 23000 KB] In ts_4_20 of size 1 found num new op-mutexes 0


[t=0.0112253s, 23000 KB] In ts_4_21 of size 2 found num new op-mutexes 0


[t=0.0112876s, 23000 KB] In ts_4_22 of size 1 found num new op-mutexes 0


[t=0.011339s, 23000 KB] In ts_4_23 of size 2 found num new op-mutexes 0


[t=0.0114301s, 23000 KB] In ts_4_24 of size 2 found num new op-mutexes 0


[t=0.0117591s, 23000 KB] In ts_4_30 of size 15 found num new op-mutexes 836
[t=0.0117952s, 23000 KB] Operator mutex finished iteration 4. Found an additional 836 operator mutexes

[t=0.011824s, 23000 KB] Next pair of indices: (30, 9)
[t=0.0118464s, 23000 KB] M&S algorithm main loop timer: 0.00918762s (after computation of next merge)
[t=0.011909s, 23000 KB] M&S algorithm main loop timer: 0.00925843s (after merging)
[t=0.011948s, 23000 KB] M&S algorithm main loop timer: 0.00929086s (after pruning)

[t=0.0119758s, 23000 KB] Operator mutex starting iteration 5


[t=0.012034s, 23000 KB] In ts_5_0 of size 2 found num new op-mutexes 0


[t=0.0120991s, 23000 KB] In ts_5_1 of size 2 found num new op-mutexes 0


[t=0.0121552s, 23000 KB] In ts_5_2 of size 2 found num new op-mutexes 0


[t=0.0122066s, 23000 KB] In ts_5_3 of size 2 found num new op-mutexes 0


[t=0.01226s, 23000 KB] In ts_5_4 of size 2 found num new op-mutexes 0


[t=0.0123105s, 23000 KB] In ts_5_5 of size 2 found num new op-mutexes 0


[t=0.0123615s, 23000 KB] In ts_5_6 of size 2 found num new op-mutexes 0


[t=0.0124121s, 23000 KB] In ts_5_7 of size 2 found num new op-mutexes 0


[t=0.0124706s, 23000 KB] In ts_5_8 of size 2 found num new op-mutexes 0


[t=0.0125202s, 23000 KB] In ts_5_15 of size 2 found num new op-mutexes 0


[t=0.0125741s, 23000 KB] In ts_5_16 of size 2 found num new op-mutexes 0


[t=0.0126361s, 23000 KB] In ts_5_17 of size 2 found num new op-mutexes 0


[t=0.0127708s, 23000 KB] In ts_5_18 of size 12 found num new op-mutexes 0


[t=0.0128564s, 23000 KB] In ts_5_19 of size 1 found num new op-mutexes 0


[t=0.0129202s, 23000 KB] In ts_5_20 of size 1 found num new op-mutexes 0


[t=0.012978s, 23000 KB] In ts_5_21 of size 2 found num new op-mutexes 0


[t=0.013039s, 23000 KB] In ts_5_22 of size 1 found num new op-mutexes 0


[t=0.0130902s, 23000 KB] In ts_5_23 of size 2 found num new op-mutexes 0


[t=0.0131388s, 23000 KB] In ts_5_24 of size 2 found num new op-mutexes 0


[t=0.0133307s, 23000 KB] In ts_5_31 of size 15 found num new op-mutexes 81
[t=0.013361s, 23000 KB] Operator mutex finished iteration 5. Found an additional 81 operator mutexes

[t=0.0133956s, 23000 KB] Next pair of indices: (31, 8)
[t=0.0134178s, 23000 KB] M&S algorithm main loop timer: 0.0107593s (after computation of next merge)
[t=0.0134755s, 23000 KB] M&S algorithm main loop timer: 0.0108218s (after merging)
[t=0.0135094s, 23000 KB] M&S algorithm main loop timer: 0.0108517s (after pruning)

[t=0.0135365s, 23000 KB] Operator mutex starting iteration 6


[t=0.013585s, 23000 KB] In ts_6_0 of size 2 found num new op-mutexes 0


[t=0.0136481s, 23000 KB] In ts_6_1 of size 2 found num new op-mutexes 0


[t=0.013703s, 23000 KB] In ts_6_2 of size 2 found num new op-mutexes 0


[t=0.0137544s, 23000 KB] In ts_6_3 of size 2 found num new op-mutexes 0


[t=0.0138179s, 23000 KB] In ts_6_4 of size 2 found num new op-mutexes 0


[t=0.0138679s, 23000 KB] In ts_6_5 of size 2 found num new op-mutexes 0


[t=0.0139186s, 23000 KB] In ts_6_6 of size 2 found num new op-mutexes 0


[t=0.0139686s, 23000 KB] In ts_6_7 of size 2 found num new op-mutexes 0


[t=0.0140177s, 23000 KB] In ts_6_15 of size 2 found num new op-mutexes 0


[t=0.0140673s, 23000 KB] In ts_6_16 of size 2 found num new op-mutexes 0


[t=0.0141278s, 23000 KB] In ts_6_17 of size 2 found num new op-mutexes 0


[t=0.0142408s, 23000 KB] In ts_6_18 of size 12 found num new op-mutexes 0


[t=0.0143196s, 23000 KB] In ts_6_19 of size 1 found num new op-mutexes 0


[t=0.0143814s, 23000 KB] In ts_6_20 of size 1 found num new op-mutexes 0


[t=0.0144384s, 23000 KB] In ts_6_21 of size 2 found num new op-mutexes 0


[t=0.0145116s, 23000 KB] In ts_6_22 of size 1 found num new op-mutexes 0


[t=0.0145667s, 23000 KB] In ts_6_23 of size 2 found num new op-mutexes 0


[t=0.0146158s, 23000 KB] In ts_6_24 of size 2 found num new op-mutexes 0


[t=0.0148354s, 23000 KB] In ts_6_32 of size 15 found num new op-mutexes 42
[t=0.0148662s, 23000 KB] Operator mutex finished iteration 6. Found an additional 42 operator mutexes

[t=0.0148935s, 23000 KB] Next pair of indices: (32, 7)
[t=0.0149156s, 23000 KB] M&S algorithm main loop timer: 0.0122567s (after computation of next merge)
[t=0.0149609s, 23000 KB] M&S algorithm main loop timer: 0.0123041s (after shrinking)
[t=0.0150172s, 23000 KB] M&S algorithm main loop timer: 0.0123624s (after merging)
[t=0.0150503s, 23000 KB] M&S algorithm main loop timer: 0.0123921s (after pruning)

[t=0.0150765s, 23000 KB] Operator mutex starting iteration 7


[t=0.0151343s, 23000 KB] In ts_7_0 of size 2 found num new op-mutexes 0


[t=0.0151987s, 23000 KB] In ts_7_1 of size 2 found num new op-mutexes 0


[t=0.0152534s, 23000 KB] In ts_7_2 of size 2 found num new op-mutexes 0


[t=0.0153039s, 23000 KB] In ts_7_3 of size 2 found num new op-mutexes 0


[t=0.0153558s, 23000 KB] In ts_7_4 of size 2 found num new op-mutexes 0


[t=0.0154048s, 23000 KB] In ts_7_5 of size 2 found num new op-mutexes 0


[t=0.015456s, 23000 KB] In ts_7_6 of size 2 found num new op-mutexes 0


[t=0.0155049s, 23000 KB] In ts_7_15 of size 2 found num new op-mutexes 0


[t=0.0155543s, 23000 KB] In ts_7_16 of size 2 found num new op-mutexes 0


[t=0.0156151s, 23000 KB] In ts_7_17 of size 2 found num new op-mutexes 0


[t=0.0157284s, 23000 KB] In ts_7_18 of size 12 found num new op-mutexes 0


[t=0.0158069s, 23000 KB] In ts_7_19 of size 1 found num new op-mutexes 0


[t=0.0158772s, 23000 KB] In ts_7_20 of size 1 found num new op-mutexes 0


[t=0.0159343s, 23000 KB] In ts_7_21 of size 2 found num new op-mutexes 0


[t=0.0159947s, 23000 KB] In ts_7_22 of size 1 found num new op-mutexes 0


[t=0.0160563s, 23000 KB] In ts_7_23 of size 2 found num new op-mutexes 0


[t=0.0161049s, 23000 KB] In ts_7_24 of size 2 found num new op-mutexes 0


[t=0.0163455s, 23000 KB] In ts_7_33 of size 15 found num new op-mutexes 0
[t=0.016377s, 23000 KB] Operator mutex finished iteration 7. Found an additional 0 operator mutexes

[t=0.0164045s, 23000 KB] Next pair of indices: (33, 6)
[t=0.0164263s, 23000 KB] M&S algorithm main loop timer: 0.0137674s (after computation of next merge)
[t=0.0164917s, 23000 KB] M&S algorithm main loop timer: 0.0138378s (after merging)
[t=0.0165267s, 23000 KB] M&S algorithm main loop timer: 0.0138688s (after pruning)

[t=0.0165532s, 23000 KB] Operator mutex starting iteration 8


[t=0.0166014s, 23000 KB] In ts_8_0 of size 2 found num new op-mutexes 0


[t=0.0166646s, 23000 KB] In ts_8_1 of size 2 found num new op-mutexes 0


[t=0.0167197s, 23000 KB] In ts_8_2 of size 2 found num new op-mutexes 0


[t=0.0167703s, 23000 KB] In ts_8_3 of size 2 found num new op-mutexes 0


[t=0.0168222s, 23000 KB] In ts_8_4 of size 2 found num new op-mutexes 0


[t=0.0168719s, 23000 KB] In ts_8_5 of size 2 found num new op-mutexes 0


[t=0.0169207s, 23000 KB] In ts_8_15 of size 2 found num new op-mutexes 0


[t=0.0169705s, 23000 KB] In ts_8_16 of size 2 found num new op-mutexes 0


[t=0.0170381s, 23000 KB] In ts_8_17 of size 2 found num new op-mutexes 0


[t=0.0171517s, 23000 KB] In ts_8_18 of size 12 found num new op-mutexes 0


[t=0.0172306s, 23000 KB] In ts_8_19 of size 1 found num new op-mutexes 0


[t=0.0172931s, 23000 KB] In ts_8_20 of size 1 found num new op-mutexes 0


[t=0.0173503s, 23000 KB] In ts_8_21 of size 2 found num new op-mutexes 0


[t=0.0174188s, 23000 KB] In ts_8_22 of size 1 found num new op-mutexes 0


[t=0.0174729s, 23000 KB] In ts_8_23 of size 2 found num new op-mutexes 0


[t=0.0175225s, 23000 KB] In ts_8_24 of size 2 found num new op-mutexes 0


[t=0.0177848s, 23000 KB] In ts_8_34 of size 15 found num new op-mutexes 0
[t=0.0178192s, 23000 KB] Operator mutex finished iteration 8. Found an additional 0 operator mutexes

[t=0.0178477s, 23000 KB] Next pair of indices: (34, 5)
[t=0.0178697s, 23000 KB] M&S algorithm main loop timer: 0.0152108s (after computation of next merge)
[t=0.0179447s, 23000 KB] M&S algorithm main loop timer: 0.0152904s (after merging)
[t=0.0179793s, 23000 KB] M&S algorithm main loop timer: 0.0153214s (after pruning)

[t=0.0180059s, 23000 KB] Operator mutex starting iteration 9


[t=0.0180541s, 23000 KB] In ts_9_0 of size 2 found num new op-mutexes 0


[t=0.0181172s, 23000 KB] In ts_9_1 of size 2 found num new op-mutexes 0


[t=0.0181727s, 23000 KB] In ts_9_2 of size 2 found num new op-mutexes 0


[t=0.0182232s, 23000 KB] In ts_9_3 of size 2 found num new op-mutexes 0


[t=0.0182757s, 23000 KB] In ts_9_4 of size 2 found num new op-mutexes 0


[t=0.0183248s, 23000 KB] In ts_9_15 of size 2 found num new op-mutexes 0


[t=0.0183776s, 23000 KB] In ts_9_16 of size 2 found num new op-mutexes 0


[t=0.0184428s, 23000 KB] In ts_9_17 of size 2 found num new op-mutexes 0


[t=0.0185556s, 23000 KB] In ts_9_18 of size 12 found num new op-mutexes 0


[t=0.0186343s, 23000 KB] In ts_9_19 of size 1 found num new op-mutexes 0


[t=0.018697s, 23000 KB] In ts_9_20 of size 1 found num new op-mutexes 0


[t=0.018754s, 23000 KB] In ts_9_21 of size 2 found num new op-mutexes 0


[t=0.0188245s, 23000 KB] In ts_9_22 of size 1 found num new op-mutexes 0


[t=0.0188757s, 23000 KB] In ts_9_23 of size 2 found num new op-mutexes 0


[t=0.0189245s, 23000 KB] In ts_9_24 of size 2 found num new op-mutexes 0


[t=0.0191762s, 23000 KB] In ts_9_35 of size 15 found num new op-mutexes 0
[t=0.0192074s, 23000 KB] Operator mutex finished iteration 9. Found an additional 0 operator mutexes

[t=0.0192352s, 23000 KB] Next pair of indices: (35, 4)
[t=0.019257s, 23000 KB] M&S algorithm main loop timer: 0.0165981s (after computation of next merge)
[t=0.0193231s, 23000 KB] M&S algorithm main loop timer: 0.0166691s (after merging)
[t=0.0193578s, 23000 KB] M&S algorithm main loop timer: 0.0167001s (after pruning)

[t=0.0193847s, 23000 KB] Operator mutex starting iteration 10


[t=0.0194326s, 23000 KB] In ts_10_0 of size 2 found num new op-mutexes 0


[t=0.0194955s, 23000 KB] In ts_10_1 of size 2 found num new op-mutexes 0


[t=0.0195501s, 23000 KB] In ts_10_2 of size 2 found num new op-mutexes 0


[t=0.0196006s, 23000 KB] In ts_10_3 of size 2 found num new op-mutexes 0


[t=0.0196501s, 23000 KB] In ts_10_15 of size 2 found num new op-mutexes 0


[t=0.0196997s, 23000 KB] In ts_10_16 of size 2 found num new op-mutexes 0


[t=0.0197694s, 23000 KB] In ts_10_17 of size 2 found num new op-mutexes 0


[t=0.0198843s, 23000 KB] In ts_10_18 of size 12 found num new op-mutexes 0


[t=0.0199626s, 23000 KB] In ts_10_19 of size 1 found num new op-mutexes 0


[t=0.020025s, 23000 KB] In ts_10_20 of size 1 found num new op-mutexes 0


[t=0.0200819s, 23000 KB] In ts_10_21 of size 2 found num new op-mutexes 0


[t=0.0201423s, 23000 KB] In ts_10_22 of size 1 found num new op-mutexes 0


[t=0.020205s, 23000 KB] In ts_10_23 of size 2 found num new op-mutexes 0


[t=0.0202542s, 23000 KB] In ts_10_24 of size 2 found num new op-mutexes 0


[t=0.0205057s, 23000 KB] In ts_10_36 of size 15 found num new op-mutexes 0
[t=0.0205374s, 23000 KB] Operator mutex finished iteration 10. Found an additional 0 operator mutexes

[t=0.0205859s, 23000 KB] Next pair of indices: (36, 3)
[t=0.020611s, 23000 KB] M&S algorithm main loop timer: 0.0179525s (after computation of next merge)
[t=0.0206775s, 23000 KB] M&S algorithm main loop timer: 0.0180279s (after merging)
[t=0.0207158s, 23000 KB] M&S algorithm main loop timer: 0.0180582s (after pruning)

[t=0.0207676s, 23000 KB] Operator mutex starting iteration 11


[t=0.0208244s, 23000 KB] In ts_11_0 of size 2 found num new op-mutexes 0


[t=0.0208896s, 23000 KB] In ts_11_1 of size 2 found num new op-mutexes 0


[t=0.020945s, 23000 KB] In ts_11_2 of size 2 found num new op-mutexes 0


[t=0.0209954s, 23000 KB] In ts_11_15 of size 2 found num new op-mutexes 0


[t=0.021054s, 23000 KB] In ts_11_16 of size 2 found num new op-mutexes 0


[t=0.0211161s, 23000 KB] In ts_11_17 of size 2 found num new op-mutexes 0


[t=0.0212302s, 23000 KB] In ts_11_18 of size 12 found num new op-mutexes 0


[t=0.0213089s, 23000 KB] In ts_11_19 of size 1 found num new op-mutexes 0


[t=0.0213716s, 23000 KB] In ts_11_20 of size 1 found num new op-mutexes 0


[t=0.021429s, 23000 KB] In ts_11_21 of size 2 found num new op-mutexes 0


[t=0.0214894s, 23000 KB] In ts_11_22 of size 1 found num new op-mutexes 0


[t=0.0215404s, 23000 KB] In ts_11_23 of size 2 found num new op-mutexes 0


[t=0.021589s, 23000 KB] In ts_11_24 of size 2 found num new op-mutexes 0


[t=0.021833s, 23000 KB] In ts_11_37 of size 15 found num new op-mutexes 0
[t=0.0218639s, 23000 KB] Operator mutex finished iteration 11. Found an additional 0 operator mutexes

[t=0.0218918s, 23000 KB] Next pair of indices: (37, 2)
[t=0.021914s, 23000 KB] M&S algorithm main loop timer: 0.019255s (after computation of next merge)
[t=0.0219889s, 23000 KB] M&S algorithm main loop timer: 0.0193349s (after merging)
[t=0.022024s, 23000 KB] M&S algorithm main loop timer: 0.0193666s (after pruning)

[t=0.0220512s, 23000 KB] Operator mutex starting iteration 12


[t=0.0220991s, 23000 KB] In ts_12_0 of size 2 found num new op-mutexes 0


[t=0.0221629s, 23000 KB] In ts_12_1 of size 2 found num new op-mutexes 0


[t=0.0222136s, 23000 KB] In ts_12_15 of size 2 found num new op-mutexes 0


[t=0.022264s, 23000 KB] In ts_12_16 of size 2 found num new op-mutexes 0


[t=0.0223262s, 23000 KB] In ts_12_17 of size 2 found num new op-mutexes 0


[t=0.0224403s, 23000 KB] In ts_12_18 of size 12 found num new op-mutexes 0


[t=0.0225181s, 23000 KB] In ts_12_19 of size 1 found num new op-mutexes 0


[t=0.0225812s, 23000 KB] In ts_12_20 of size 1 found num new op-mutexes 0


[t=0.0226388s, 23000 KB] In ts_12_21 of size 2 found num new op-mutexes 0


[t=0.0226995s, 23000 KB] In ts_12_22 of size 1 found num new op-mutexes 0


[t=0.0227506s, 23000 KB] In ts_12_23 of size 2 found num new op-mutexes 0


[t=0.0227994s, 23000 KB] In ts_12_24 of size 2 found num new op-mutexes 0


[t=0.0230606s, 23000 KB] In ts_12_38 of size 15 found num new op-mutexes 0
[t=0.0230932s, 23000 KB] Operator mutex finished iteration 12. Found an additional 0 operator mutexes

[t=0.023121s, 23000 KB] Next pair of indices: (38, 1)
[t=0.023143s, 23000 KB] M&S algorithm main loop timer: 0.0204841s (after computation of next merge)
[t=0.0232063s, 23000 KB] M&S algorithm main loop timer: 0.0205583s (after merging)
[t=0.0232462s, 23000 KB] M&S algorithm main loop timer: 0.0205884s (after pruning)

[t=0.0232732s, 23000 KB] Operator mutex starting iteration 13


[t=0.0233215s, 23000 KB] In ts_13_0 of size 2 found num new op-mutexes 0


[t=0.0233734s, 23000 KB] In ts_13_15 of size 2 found num new op-mutexes 0


[t=0.0234241s, 23000 KB] In ts_13_16 of size 2 found num new op-mutexes 0


[t=0.0234868s, 23000 KB] In ts_13_17 of size 2 found num new op-mutexes 0


[t=0.0236012s, 23000 KB] In ts_13_18 of size 12 found num new op-mutexes 0


[t=0.0236797s, 23000 KB] In ts_13_19 of size 1 found num new op-mutexes 0


[t=0.0237419s, 23000 KB] In ts_13_20 of size 1 found num new op-mutexes 0


[t=0.0237988s, 23000 KB] In ts_13_21 of size 2 found num new op-mutexes 0


[t=0.0238588s, 23000 KB] In ts_13_22 of size 1 found num new op-mutexes 0


[t=0.0239144s, 23000 KB] In ts_13_23 of size 2 found num new op-mutexes 0


[t=0.0239659s, 23000 KB] In ts_13_24 of size 2 found num new op-mutexes 0


[t=0.0242055s, 23000 KB] In ts_13_39 of size 15 found num new op-mutexes 0
[t=0.0242368s, 23000 KB] Operator mutex finished iteration 13. Found an additional 0 operator mutexes

[t=0.0242648s, 23000 KB] Next pair of indices: (39, 0)
[t=0.0242871s, 23000 KB] M&S algorithm main loop timer: 0.0216286s (after computation of next merge)
[t=0.0243483s, 23000 KB] M&S algorithm main loop timer: 0.021694s (after merging)
[t=0.0243814s, 23000 KB] M&S algorithm main loop timer: 0.0217239s (after pruning)

[t=0.0244085s, 23000 KB] Operator mutex starting iteration 14


[t=0.0244571s, 23000 KB] In ts_14_15 of size 2 found num new op-mutexes 0


[t=0.0245097s, 23000 KB] In ts_14_16 of size 2 found num new op-mutexes 0


[t=0.0245732s, 23000 KB] In ts_14_17 of size 2 found num new op-mutexes 0


[t=0.0246875s, 23000 KB] In ts_14_18 of size 12 found num new op-mutexes 0


[t=0.0247658s, 23000 KB] In ts_14_19 of size 1 found num new op-mutexes 0


[t=0.0248281s, 23000 KB] In ts_14_20 of size 1 found num new op-mutexes 0


[t=0.0248853s, 23000 KB] In ts_14_21 of size 2 found num new op-mutexes 0


[t=0.0249456s, 23000 KB] In ts_14_22 of size 1 found num new op-mutexes 0


[t=0.0249964s, 23000 KB] In ts_14_23 of size 2 found num new op-mutexes 0


[t=0.0250444s, 23000 KB] In ts_14_24 of size 2 found num new op-mutexes 0


[t=0.0252621s, 23000 KB] In ts_14_40 of size 15 found num new op-mutexes 0
[t=0.0252999s, 23000 KB] Operator mutex finished iteration 14. Found an additional 0 operator mutexes

[t=0.0253293s, 23000 KB] Next pair of indices: (40, 24)
[t=0.0253546s, 23000 KB] M&S algorithm main loop timer: 0.0226961s (after computation of next merge)
[t=0.0254178s, 23000 KB] M&S algorithm main loop timer: 0.0227644s (after merging)
[t=0.0254537s, 23000 KB] M&S algorithm main loop timer: 0.0227958s (after pruning)

[t=0.0254804s, 23000 KB] Operator mutex starting iteration 15


[t=0.025529s, 23000 KB] In ts_15_15 of size 2 found num new op-mutexes 0


[t=0.0255817s, 23000 KB] In ts_15_16 of size 2 found num new op-mutexes 0


[t=0.0256455s, 23000 KB] In ts_15_17 of size 2 found num new op-mutexes 0


[t=0.0257587s, 23000 KB] In ts_15_18 of size 12 found num new op-mutexes 0


[t=0.025837s, 23000 KB] In ts_15_19 of size 1 found num new op-mutexes 0


[t=0.0259092s, 23000 KB] In ts_15_20 of size 1 found num new op-mutexes 0


[t=0.025966s, 23000 KB] In ts_15_21 of size 2 found num new op-mutexes 0


[t=0.0260264s, 23000 KB] In ts_15_22 of size 1 found num new op-mutexes 0


[t=0.026077s, 23000 KB] In ts_15_23 of size 2 found num new op-mutexes 0


[t=0.0263951s, 23000 KB] In ts_15_41 of size 29 found num new op-mutexes 0
[t=0.0264289s, 23000 KB] Operator mutex finished iteration 15. Found an additional 0 operator mutexes

[t=0.0264575s, 23000 KB] Next pair of indices: (41, 21)
[t=0.0264798s, 23000 KB] M&S algorithm main loop timer: 0.0238209s (after computation of next merge)
[t=0.0265706s, 23000 KB] M&S algorithm main loop timer: 0.0239154s (after merging)
[t=0.0266091s, 23000 KB] M&S algorithm main loop timer: 0.0239517s (after pruning)

[t=0.0266363s, 23000 KB] Operator mutex starting iteration 16


[t=0.0266851s, 23000 KB] In ts_16_15 of size 2 found num new op-mutexes 0


[t=0.0267386s, 23000 KB] In ts_16_16 of size 2 found num new op-mutexes 0


[t=0.0268027s, 23000 KB] In ts_16_17 of size 2 found num new op-mutexes 0


[t=0.0269172s, 23000 KB] In ts_16_18 of size 12 found num new op-mutexes 0


[t=0.026996s, 23000 KB] In ts_16_19 of size 1 found num new op-mutexes 0


[t=0.0270589s, 23000 KB] In ts_16_20 of size 1 found num new op-mutexes 0


[t=0.0271311s, 23000 KB] In ts_16_22 of size 1 found num new op-mutexes 0


[t=0.0271838s, 23000 KB] In ts_16_23 of size 2 found num new op-mutexes 0


[t=0.0276326s, 23000 KB] In ts_16_42 of size 57 found num new op-mutexes 0
[t=0.0276686s, 23000 KB] Operator mutex finished iteration 16. Found an additional 0 operator mutexes

[t=0.0276987s, 23000 KB] Next pair of indices: (42, 18)
[t=0.0277295s, 23000 KB] M&S algorithm main loop timer: 0.0250726s (after computation of next merge)
[t=0.0281025s, 23000 KB] M&S algorithm main loop timer: 0.0254528s (after merging)
[t=0.0282019s, 23000 KB] M&S algorithm main loop timer: 0.0255582s (after pruning)

[t=0.0282438s, 23000 KB] Operator mutex starting iteration 17


[t=0.0282946s, 23000 KB] In ts_17_15 of size 2 found num new op-mutexes 0


[t=0.0283488s, 23000 KB] In ts_17_16 of size 2 found num new op-mutexes 0


[t=0.0284129s, 23000 KB] In ts_17_17 of size 2 found num new op-mutexes 0


[t=0.0284895s, 23000 KB] In ts_17_19 of size 1 found num new op-mutexes 0


[t=0.0285516s, 23000 KB] In ts_17_20 of size 1 found num new op-mutexes 0


[t=0.0287421s, 23000 KB] In ts_17_22 of size 1 found num new op-mutexes 0


[t=0.0288136s, 23000 KB] In ts_17_23 of size 2 found num new op-mutexes 0


[t=0.0451113s, 23136 KB] In ts_17_43 of size 492 found num new op-mutexes 0
[t=0.0451574s, 23136 KB] Operator mutex finished iteration 17. Found an additional 0 operator mutexes

[t=0.0451888s, 23136 KB] Next pair of indices: (43, 22)
[t=0.0452122s, 23136 KB] M&S algorithm main loop timer: 0.042554s (after computation of next merge)
[t=0.0464232s, 23136 KB] M&S algorithm main loop timer: 0.0437813s (after shrinking)
[t=0.0467565s, 23136 KB] M&S algorithm main loop timer: 0.0441061s (after merging)

[t=0.0468203s, 23136 KB] Operator mutex starting iteration 18


[t=0.0468772s, 23136 KB] In ts_18_15 of size 2 found num new op-mutexes 0


[t=0.046931s, 23136 KB] In ts_18_16 of size 2 found num new op-mutexes 0


[t=0.0469955s, 23136 KB] In ts_18_17 of size 2 found num new op-mutexes 0


[t=0.0470715s, 23136 KB] In ts_18_19 of size 1 found num new op-mutexes 0


[t=0.0471327s, 23136 KB] In ts_18_20 of size 1 found num new op-mutexes 0


[t=0.0471909s, 23136 KB] In ts_18_23 of size 2 found num new op-mutexes 0


[t=0.0637106s, 23136 KB] In ts_18_44 of size 491 found num new op-mutexes 0
[t=0.0637565s, 23136 KB] Operator mutex finished iteration 18. Found an additional 0 operator mutexes

[t=0.0637875s, 23136 KB] Next pair of indices: (44, 20)
[t=0.0638107s, 23136 KB] M&S algorithm main loop timer: 0.061152s (after computation of next merge)
[t=0.0649038s, 23136 KB] M&S algorithm main loop timer: 0.0622567s (after merging)

[t=0.0649708s, 23136 KB] Operator mutex starting iteration 19


[t=0.0650283s, 23136 KB] In ts_19_15 of size 2 found num new op-mutexes 0


[t=0.0650833s, 23136 KB] In ts_19_16 of size 2 found num new op-mutexes 0


[t=0.0651478s, 23136 KB] In ts_19_17 of size 2 found num new op-mutexes 0


[t=0.0652246s, 23136 KB] In ts_19_19 of size 1 found num new op-mutexes 0


[t=0.0652769s, 23136 KB] In ts_19_23 of size 2 found num new op-mutexes 0


[t=0.0821474s, 23136 KB] In ts_19_45 of size 491 found num new op-mutexes 0
[t=0.0821997s, 23136 KB] Operator mutex finished iteration 19. Found an additional 0 operator mutexes

[t=0.0822319s, 23136 KB] Next pair of indices: (45, 19)
[t=0.0822557s, 23136 KB] M&S algorithm main loop timer: 0.0795972s (after computation of next merge)
[t=0.0833153s, 23136 KB] M&S algorithm main loop timer: 0.0806657s (after merging)
[t=0.0833945s, 23136 KB] M&S algorithm main loop timer: 0.0807429s (after pruning)

[t=0.0834291s, 23136 KB] Operator mutex starting iteration 20


[t=0.0834805s, 23136 KB] In ts_20_15 of size 2 found num new op-mutexes 0


[t=0.0835353s, 23136 KB] In ts_20_16 of size 2 found num new op-mutexes 0


[t=0.0836007s, 23136 KB] In ts_20_17 of size 2 found num new op-mutexes 0


[t=0.083653s, 23136 KB] In ts_20_23 of size 2 found num new op-mutexes 0


[t=0.100197s, 23136 KB] In ts_20_46 of size 267 found num new op-mutexes 156
[t=0.100245s, 23136 KB] Operator mutex finished iteration 20. Found an additional 156 operator mutexes

[t=0.100275s, 23136 KB] Next pair of indices: (46, 17)
[t=0.100298s, 23136 KB] M&S algorithm main loop timer: 0.0976396s (after computation of next merge)
[t=0.100887s, 23136 KB] M&S algorithm main loop timer: 0.0982446s (after merging)
[t=0.100969s, 23136 KB] M&S algorithm main loop timer: 0.0983206s (after pruning)

[t=0.101006s, 23136 KB] Operator mutex starting iteration 21


[t=0.101057s, 23136 KB] In ts_21_15 of size 2 found num new op-mutexes 0


[t=0.101112s, 23136 KB] In ts_21_16 of size 2 found num new op-mutexes 0


[t=0.101163s, 23136 KB] In ts_21_23 of size 2 found num new op-mutexes 0


[t=0.117266s, 23136 KB] In ts_21_47 of size 267 found num new op-mutexes 148
[t=0.117312s, 23136 KB] Operator mutex finished iteration 21. Found an additional 148 operator mutexes

[t=0.117348s, 23136 KB] Next pair of indices: (47, 16)
[t=0.117371s, 23136 KB] M&S algorithm main loop timer: 0.114712s (after computation of next merge)
[t=0.117975s, 23136 KB] M&S algorithm main loop timer: 0.115336s (after merging)
[t=0.118057s, 23136 KB] M&S algorithm main loop timer: 0.115406s (after pruning)

[t=0.118092s, 23136 KB] Operator mutex starting iteration 22


[t=0.118143s, 23136 KB] In ts_22_15 of size 2 found num new op-mutexes 0


[t=0.118195s, 23136 KB] In ts_22_23 of size 2 found num new op-mutexes 0


[t=0.307343s, 23136 KB] In ts_22_48 of size 267 found num new op-mutexes 176
[t=0.307436s, 23136 KB] Operator mutex finished iteration 22. Found an additional 176 operator mutexes

[t=0.307472s, 23136 KB] Next pair of indices: (48, 23)
[t=0.307496s, 23136 KB] M&S algorithm main loop timer: 0.304838s (after computation of next merge)
[t=0.308041s, 23136 KB] M&S algorithm main loop timer: 0.305399s (after shrinking)
[t=0.308295s, 23136 KB] M&S algorithm main loop timer: 0.305658s (after merging)
[t=0.308364s, 23136 KB] M&S algorithm main loop timer: 0.305711s (after pruning)

[t=0.308396s, 23136 KB] Operator mutex starting iteration 23


[t=0.308451s, 23136 KB] In ts_23_15 of size 2 found num new op-mutexes 0


[t=0.313647s, 23136 KB] In ts_23_49 of size 90 found num new op-mutexes 620
[t=0.313686s, 23136 KB] Operator mutex finished iteration 23. Found an additional 620 operator mutexes

[t=0.313717s, 23136 KB] Next pair of indices: (49, 15)
[t=0.313739s, 23136 KB] M&S algorithm main loop timer: 0.31108s (after computation of next merge)
[t=0.313872s, 23136 KB] M&S algorithm main loop timer: 0.311219s (after merging)
[t=0.313916s, 23136 KB] M&S algorithm main loop timer: 0.311259s (after pruning)

[t=0.313944s, 23136 KB] Operator mutex starting iteration 24


[t=0.319312s, 23136 KB] In ts_24_50 of size 90 found num new op-mutexes 0
[t=0.319354s, 23136 KB] Operator mutex finished iteration 24. Found an additional 0 operator mutexes

[t=0.319383s, 23136 KB] End of merge-and-shrink algorithm, statistics:
[t=0.319405s, 23136 KB] Main loop runtime: 0.316746s
[t=0.319428s, 23136 KB] Maximum intermediate abstraction size: 684
[t=0.319449s, 23136 KB] Final peak memory increase of merge-and-shrink algorithm: 536 KB
[t=0.319482s, 23136 KB] Merge-and-shrink algorithm runtime: 0.317663s

[t=0.319506s, 23136 KB] Number of labels: 59
[t=0.319526s, 23136 KB] Total number of operator mutexes: 3072
[t=0.319546s, 23136 KB] Operator Mutex total time: 0.306716s
[t=0.31957s, 23136 KB] Number of remaining factors: 1
[t=0.319595s, 23136 KB] Number of factors kept: 1
[t=0.319616s, 23136 KB] Done initializing merge-and-shrink heuristic.

[t=0.319749s, 23136 KB] Building successor generator...done!
[t=0.3199s, 23136 KB] peak memory difference for successor generator creation: 0 KB
[t=0.319919s, 23136 KB] time for successor generation creation: 4.0271e-05s
[t=0.319944s, 23136 KB] Variables: 26
[t=0.319965s, 23136 KB] FactPairs: 72
[t=0.319986s, 23136 KB] Bytes per state: 4
[t=0.320111s, 23136 KB] Conducting best first search with reopening closed nodes, (real) bound = 2147483647
[t=0.320174s, 23136 KB] New best heuristic value for merge_and_shrink(op_mutex = op_mutex(use_previous_ops = nasutpo, reachability_strategy = goal), merge_strategy = merge_precomputed(linear), shrink_strategy = shrink_bisimulation(greedy = false, at_limit = return)): 375821
[t=0.3202s, 23136 KB] g=0, 1 evaluated, 0 expanded
[t=0.320223s, 23136 KB] f = 375821, 1 evaluated, 0 expanded
[t=0.320248s, 23136 KB] Initial heuristic value for merge_and_shrink(op_mutex = op_mutex(use_previous_ops = nasutpo, reachability_strategy = goal), merge_strategy = merge_precomputed(linear), shrink_strategy = shrink_bisimulation(greedy = false, at_limit = return)): 375821
[t=0.320271s, 23136 KB] pruning method: none
[t=0.32031s, 23136 KB] New best heuristic value for merge_and_shrink(op_mutex = op_mutex(use_previous_ops = nasutpo, reachability_strategy = goal), merge_strategy = merge_precomputed(linear), shrink_strategy = shrink_bisimulation(greedy = false, at_limit = return)): 375696
[t=0.320335s, 23136 KB] g=224, 3 evaluated, 2 expanded
[t=0.32037s, 23136 KB] New best heuristic value for merge_and_shrink(op_mutex = op_mutex(use_previous_ops = nasutpo, reachability_strategy = goal), merge_strategy = merge_precomputed(linear), shrink_strategy = shrink_bisimulation(greedy = false, at_limit = return)): 374197
[t=0.320394s, 23136 KB] g=1624, 5 evaluated, 3 expanded
[t=0.320429s, 23136 KB] New best heuristic value for merge_and_shrink(op_mutex = op_mutex(use_previous_ops = nasutpo, reachability_strategy = goal), merge_strategy = merge_precomputed(linear), shrink_strategy = shrink_bisimulation(greedy = false, at_limit = return)): 364198
[t=0.320452s, 23136 KB] g=11623, 8 evaluated, 4 expanded
[t=0.32049s, 23136 KB] New best heuristic value for merge_and_shrink(op_mutex = op_mutex(use_previous_ops = nasutpo, reachability_strategy = goal), merge_strategy = merge_precomputed(linear), shrink_strategy = shrink_bisimulation(greedy = false, at_limit = return)): 151408
[t=0.320514s, 23136 KB] g=224413, 11 evaluated, 5 expanded
[t=0.32055s, 23136 KB] New best heuristic value for merge_and_shrink(op_mutex = op_mutex(use_previous_ops = nasutpo, reachability_strategy = goal), merge_strategy = merge_precomputed(linear), shrink_strategy = shrink_bisimulation(greedy = false, at_limit = return)): 146409
[t=0.320574s, 23136 KB] g=229412, 14 evaluated, 6 expanded
[t=0.320613s, 23136 KB] New best heuristic value for merge_and_shrink(op_mutex = op_mutex(use_previous_ops = nasutpo, reachability_strategy = goal), merge_strategy = merge_precomputed(linear), shrink_strategy = shrink_bisimulation(greedy = false, at_limit = return)): 144910
[t=0.320637s, 23136 KB] g=230911, 18 evaluated, 7 expanded
[t=0.320672s, 23136 KB] New best heuristic value for merge_and_shrink(op_mutex = op_mutex(use_previous_ops = nasutpo, reachability_strategy = goal), merge_strategy = merge_precomputed(linear), shrink_strategy = shrink_bisimulation(greedy = false, at_limit = return)): 143411
[t=0.320696s, 23136 KB] g=232410, 21 evaluated, 8 expanded
[t=0.320728s, 23136 KB] New best heuristic value for merge_and_shrink(op_mutex = op_mutex(use_previous_ops = nasutpo, reachability_strategy = goal), merge_strategy = merge_precomputed(linear), shrink_strategy = shrink_bisimulation(greedy = false, at_limit = return)): 143286
[t=0.320752s, 23136 KB] g=232634, 23 evaluated, 9 expanded
[t=0.320784s, 23136 KB] New best heuristic value for merge_and_shrink(op_mutex = op_mutex(use_previous_ops = nasutpo, reachability_strategy = goal), merge_strategy = merge_precomputed(linear), shrink_strategy = shrink_bisimulation(greedy = false, at_limit = return)): 141787
[t=0.320808s, 23136 KB] g=234034, 25 evaluated, 10 expanded
[t=0.320854s, 23136 KB] New best heuristic value for merge_and_shrink(op_mutex = op_mutex(use_previous_ops = nasutpo, reachability_strategy = goal), merge_strategy = merge_precomputed(linear), shrink_strategy = shrink_bisimulation(greedy = false, at_limit = return)): 133787
[t=0.320879s, 23136 KB] g=242034, 26 evaluated, 11 expanded
[t=0.320909s, 23136 KB] New best heuristic value for merge_and_shrink(op_mutex = op_mutex(use_previous_ops = nasutpo, reachability_strategy = goal), merge_strategy = merge_precomputed(linear), shrink_strategy = shrink_bisimulation(greedy = false, at_limit = return)): 5997
[t=0.320933s, 23136 KB] g=369824, 28 evaluated, 12 expanded
[t=0.320961s, 23136 KB] New best heuristic value for merge_and_shrink(op_mutex = op_mutex(use_previous_ops = nasutpo, reachability_strategy = goal), merge_strategy = merge_precomputed(linear), shrink_strategy = shrink_bisimulation(greedy = false, at_limit = return)): 2998
[t=0.320984s, 23136 KB] g=372823, 29 evaluated, 13 expanded
[t=0.321016s, 23136 KB] New best heuristic value for merge_and_shrink(op_mutex = op_mutex(use_previous_ops = nasutpo, reachability_strategy = goal), merge_strategy = merge_precomputed(linear), shrink_strategy = shrink_bisimulation(greedy = false, at_limit = return)): 1499
[t=0.321039s, 23136 KB] g=374322, 32 evaluated, 14 expanded
[t=0.321073s, 23136 KB] New best heuristic value for merge_and_shrink(op_mutex = op_mutex(use_previous_ops = nasutpo, reachability_strategy = goal), merge_strategy = merge_precomputed(linear), shrink_strategy = shrink_bisimulation(greedy = false, at_limit = return)): 0
[t=0.321097s, 23136 KB] g=375821, 34 evaluated, 15 expanded
[t=0.321122s, 23136 KB] Solution found!
[t=0.321146s, 23136 KB] Actual search time: 0.000871658s
initialize  (0)
fe1-feedmsi-letter sheet1 (125)
hw1-leftentrytobottomleftexit-letter sheet1 (1499)
lc1-inverttoime-letter sheet1 back front (9999)
lime-simplex-letter sheet1 front image-1 (212790)
lc1-fromime-letter sheet1 (4999)
hw1-bottomrightentrytorightexit-letter sheet1 (1499)
sys-stack-letter sheet1 dummy-sheet (1499)
fe1-feedmsi-letter sheet2 (125)
hw1-leftentrytotopleftexit-letter sheet2 (1499)
uc1-inverttoime-letter sheet2 back front (8000)
uime-simplex-letter sheet2 front image-2 (127790)
uc1-fromime-letter sheet2 (2999)
hw1-toprightentrytorightexit-letter sheet2 (1499)
sys-stack-letter sheet2 sheet1 (1499)
[t=0.321169s, 23136 KB] Plan length: 15 step(s).
[t=0.321169s, 23136 KB] Plan cost: 375821
[t=0.321169s, 23136 KB] Expanded 16 state(s).
[t=0.321169s, 23136 KB] Reopened 0 state(s).
[t=0.321169s, 23136 KB] Evaluated 34 state(s).
[t=0.321169s, 23136 KB] Evaluations: 34
[t=0.321169s, 23136 KB] Generated 42 state(s).
[t=0.321169s, 23136 KB] Dead ends: 10 state(s).
[t=0.321169s, 23136 KB] Expanded until last jump: 0 state(s).
[t=0.321169s, 23136 KB] Reopened until last jump: 0 state(s).
[t=0.321169s, 23136 KB] Evaluated until last jump: 1 state(s).
[t=0.321169s, 23136 KB] Generated until last jump: 0 state(s).
[t=0.321169s, 23136 KB] Number of registered states: 34
[t=0.321169s, 23136 KB] Int hash set load factor: 34/64 = 0.53125
[t=0.321169s, 23136 KB] Int hash set resizes: 6
[t=0.321169s, 23136 KB] Search time: 0.00105914s
[t=0.321169s, 23136 KB] Total time: 0.321169s
Solution found.
Peak memory: 23136 KB
Remove intermediate file output.sas
search exit code: 0

INFO     Running validate.
INFO     validate stdin: None
INFO     validate time limit: None
INFO     validate memory limit: None
INFO     validate command line string: validate domain.pddl problem.pddl sas_plan
Checking plan: sas_plan
Plan executed successfully - checking goal
Plan valid
Final value: 375821 

Successful plans:
Value: 375821
 sas_plan 375821 

validate exit code: 0

