INFO     Running translator.
INFO     translator stdin: None
INFO     translator time limit: 599.97s
INFO     translator memory limit: 7000 MB
INFO     translator command line string: /usr/bin/python3 /user/student.aau.dk/lkar18/downward-projects/downward/experiments/nopo_vs_nasutpo_195p/data/nopo_vs_nasutpo/code-94571df14dfaf5b06207d9589b12facdd93f580c_e5e41175/builds/release/bin/translate/translate.py domain.pddl problem.pddl --sas-file output.sas
Parsing...
Parsing: [0.000s CPU, 0.005s wall-clock]
Normalizing task... [0.000s CPU, 0.000s wall-clock]
Instantiating...
Generating Datalog program... [0.000s CPU, 0.001s wall-clock]
Normalizing Datalog program...
Normalizing Datalog program: [0.010s CPU, 0.008s wall-clock]
Preparing model... [0.010s CPU, 0.004s wall-clock]
Generated 198 rules.
Computing model... [0.020s CPU, 0.016s wall-clock]
525 relevant atoms
1228 auxiliary atoms
1753 final queue length
2692 total queue pushes
Completing instantiation... [0.010s CPU, 0.015s wall-clock]
Instantiating: [0.050s CPU, 0.045s wall-clock]
Computing fact groups...
Finding invariants...
24 initial candidates
Finding invariants: [0.020s CPU, 0.013s wall-clock]
Checking invariant weight... [0.000s CPU, 0.000s wall-clock]
Instantiating groups... [0.000s CPU, 0.001s wall-clock]
Collecting mutex groups... [0.000s CPU, 0.000s wall-clock]
Choosing groups...
31 uncovered facts
Choosing groups: [0.000s CPU, 0.000s wall-clock]
Building translation key... [0.000s CPU, 0.000s wall-clock]
Computing fact groups: [0.020s CPU, 0.015s wall-clock]
Building STRIPS to SAS dictionary... [0.000s CPU, 0.000s wall-clock]
Building dictionary for full mutex groups... [0.000s CPU, 0.000s wall-clock]
Building mutex information...
Building mutex information: [0.000s CPU, 0.000s wall-clock]
Translating task...
Processing axioms...
Simplifying axioms... [0.000s CPU, 0.000s wall-clock]
Translator axioms removed by simplifying: 0
Computing negative axioms... [0.000s CPU, 0.000s wall-clock]
Processing axioms: [0.000s CPU, 0.001s wall-clock]
Translating task: [0.020s CPU, 0.016s wall-clock]
145 effect conditions simplified
0 implied preconditions added
Detecting unreachable propositions...
0 operators removed
0 axioms removed
26 propositions removed
Detecting unreachable propositions: [0.000s CPU, 0.007s wall-clock]
Reordering and filtering variables...
37 of 40 variables necessary.
13 of 21 mutex groups necessary.
287 of 287 operators necessary.
0 of 0 axiom rules necessary.
Reordering and filtering variables: [0.010s CPU, 0.003s wall-clock]
Translator variables: 37
Translator derived variables: 0
Translator facts: 101
Translator goal facts: 15
Translator mutex groups: 13
Translator total mutex groups size: 37
Translator operators: 287
Translator axioms: 0
Translator task size: 2338
Translator peak memory: 43856 KB
Writing output... [0.000s CPU, 0.005s wall-clock]
Done! [0.100s CPU, 0.100s wall-clock]
translate exit code: 0

INFO     Running search (release).
INFO     search stdin: output.sas
INFO     search time limit: 599.81s
INFO     search memory limit: 7000 MB
INFO     search command line string: /user/student.aau.dk/lkar18/downward-projects/downward/experiments/nopo_vs_nasutpo_195p/data/nopo_vs_nasutpo/code-94571df14dfaf5b06207d9589b12facdd93f580c_e5e41175/builds/release/bin/downward --search 'astar(merge_and_shrink(op_mutex=op_mutex(use_previous_ops=NoPO, reachability_strategy=goal), merge_strategy=merge_precomputed(linear()), shrink_strategy=shrink_fh()))' --internal-plan-file sas_plan < output.sas
[t=4.1345e-05s, 22344 KB] reading input...
[t=0.00156824s, 22344 KB] done reading input!
[t=0.00295346s, 22732 KB] Initializing merge-and-shrink heuristic...
[t=0.00302445s, 22732 KB] Running merge-and-shrink algorithm...
[t=0.00304444s, 22732 KB] Merge strategy options:
[t=0.0030646s, 22732 KB] Type: precomputed
[t=0.0030844s, 22732 KB] Merge tree options: 
[t=0.00310352s, 22732 KB] Type: linear
[t=0.00312263s, 22732 KB] Update option: use random
[t=0.00314198s, 22732 KB] Variable order type: CG/GOAL, tie breaking on level (main)

[t=0.0031632s, 22732 KB] Options related to size limits and shrinking: 
[t=0.00318301s, 22732 KB] Transition system size limit: 50000
[t=0.0032022s, 22732 KB] Transition system size limit right before merge: 50000
[t=0.0032208s, 22732 KB] Threshold to trigger shrinking right before merge: 1

[t=0.00324201s, 22732 KB] Pruning unreachable states: yes
[t=0.00326132s, 22732 KB] Pruning irrelevant states: yes

[t=0.00328216s, 22732 KB] Label reduction disabled

[t=0.00330375s, 22732 KB] Main loop max time in seconds: inf

[t=0.00332721s, 22732 KB] ===============================================================================
[t=0.00334636s, 22732 KB] WARNING! You did not enable label reduction.
This may drastically reduce the performance of merge-and-shrink!
[t=0.00337555s, 22732 KB] ===============================================================================

[t=0.00341757s, 22732 KB] Building atomic transition systems... 
[t=0.00472634s, 24688 KB] M&S algorithm timer: 0.0017346s (after computation of atomic factors)

[t=0.00477476s, 24688 KB] Starting main loop without a time limit.
[t=0.00480394s, 24688 KB] building causal graph...done! [t=0.000470123s]
[t=0.00531282s, 24688 KB] Next pair of indices: (36, 32)
[t=0.00536132s, 24688 KB] M&S algorithm main loop timer: 0.000608031s (after computation of next merge)
[t=0.00544495s, 24688 KB] M&S algorithm main loop timer: 0.000698139s (after merging)
[t=0.00548111s, 24688 KB] M&S algorithm main loop timer: 0.000726611s (after pruning)

[t=0.00550771s, 24688 KB] Operator mutex starting iteration 0

[t=0.00563415s, 24688 KB] In ts_0_0 of size 2 found num new op-mutexes 400

[t=0.00571584s, 24688 KB] In ts_0_1 of size 4 found num new op-mutexes 0

[t=0.00579015s, 24688 KB] In ts_0_2 of size 2 found num new op-mutexes 0

[t=0.00586156s, 24688 KB] In ts_0_3 of size 2 found num new op-mutexes 0

[t=0.00595943s, 24688 KB] In ts_0_4 of size 3 found num new op-mutexes 128

[t=0.00603134s, 24688 KB] In ts_0_5 of size 2 found num new op-mutexes 0

[t=0.00610526s, 24688 KB] In ts_0_6 of size 3 found num new op-mutexes 0

[t=0.00617584s, 24688 KB] In ts_0_7 of size 2 found num new op-mutexes 0

[t=0.00624717s, 24688 KB] In ts_0_8 of size 2 found num new op-mutexes 0

[t=0.00631665s, 24688 KB] In ts_0_9 of size 2 found num new op-mutexes 0

[t=0.00638639s, 24688 KB] In ts_0_10 of size 2 found num new op-mutexes 0

[t=0.00645579s, 24688 KB] In ts_0_11 of size 2 found num new op-mutexes 0

[t=0.00652441s, 24688 KB] In ts_0_12 of size 2 found num new op-mutexes 0

[t=0.0065925s, 24688 KB] In ts_0_13 of size 2 found num new op-mutexes 0

[t=0.0066607s, 24688 KB] In ts_0_14 of size 2 found num new op-mutexes 0

[t=0.00672927s, 24688 KB] In ts_0_15 of size 2 found num new op-mutexes 0

[t=0.00680689s, 24688 KB] In ts_0_16 of size 2 found num new op-mutexes 0

[t=0.00688145s, 24688 KB] In ts_0_17 of size 4 found num new op-mutexes 0

[t=0.00695175s, 24688 KB] In ts_0_18 of size 2 found num new op-mutexes 0

[t=0.0070379s, 24688 KB] In ts_0_19 of size 2 found num new op-mutexes 0

[t=0.00710862s, 24688 KB] In ts_0_20 of size 2 found num new op-mutexes 0

[t=0.00719382s, 24688 KB] In ts_0_21 of size 5 found num new op-mutexes 64

[t=0.00728198s, 24688 KB] In ts_0_22 of size 2 found num new op-mutexes 0

[t=0.00735698s, 24688 KB] In ts_0_23 of size 2 found num new op-mutexes 0

[t=0.00742819s, 24688 KB] In ts_0_24 of size 2 found num new op-mutexes 0

[t=0.00749786s, 24688 KB] In ts_0_25 of size 2 found num new op-mutexes 0

[t=0.00756737s, 24688 KB] In ts_0_26 of size 2 found num new op-mutexes 0

[t=0.00764132s, 24688 KB] In ts_0_27 of size 4 found num new op-mutexes 0

[t=0.00771215s, 24688 KB] In ts_0_28 of size 2 found num new op-mutexes 0

[t=0.0078228s, 24688 KB] In ts_0_29 of size 5 found num new op-mutexes 144

[t=0.00791567s, 24688 KB] In ts_0_30 of size 5 found num new op-mutexes 144

[t=0.00799273s, 24688 KB] In ts_0_31 of size 4 found num new op-mutexes 0

[t=0.00806715s, 24688 KB] In ts_0_33 of size 4 found num new op-mutexes 0

[t=0.00814078s, 24688 KB] In ts_0_34 of size 3 found num new op-mutexes 0

[t=0.00821302s, 24688 KB] In ts_0_35 of size 3 found num new op-mutexes 0

[t=0.00895465s, 24956 KB] In ts_0_37 of size 5 found num new op-mutexes 5676
[t=0.00899439s, 24956 KB] Operator mutex finished iteration 0. Found an additional 6556 operator mutexes

[t=0.00902551s, 24956 KB] Next pair of indices: (37, 33)
[t=0.00904696s, 24956 KB] M&S algorithm main loop timer: 0.00429009s (after computation of next merge)
[t=0.00913909s, 24956 KB] M&S algorithm main loop timer: 0.00438701s (after merging)
[t=0.00917342s, 24956 KB] M&S algorithm main loop timer: 0.00441875s (after pruning)

[t=0.00919984s, 24956 KB] Operator mutex starting iteration 1

[t=0.00931052s, 24956 KB] In ts_1_0 of size 2 found num new op-mutexes 0

[t=0.00939181s, 24956 KB] In ts_1_1 of size 4 found num new op-mutexes 0

[t=0.00946619s, 24956 KB] In ts_1_2 of size 2 found num new op-mutexes 0

[t=0.00953779s, 24956 KB] In ts_1_3 of size 2 found num new op-mutexes 0

[t=0.00962676s, 24956 KB] In ts_1_4 of size 3 found num new op-mutexes 0

[t=0.0096997s, 24956 KB] In ts_1_5 of size 2 found num new op-mutexes 0

[t=0.00978538s, 24956 KB] In ts_1_6 of size 3 found num new op-mutexes 0

[t=0.00986871s, 24956 KB] In ts_1_7 of size 2 found num new op-mutexes 0

[t=0.00994121s, 24956 KB] In ts_1_8 of size 2 found num new op-mutexes 0

[t=0.0100119s, 24956 KB] In ts_1_9 of size 2 found num new op-mutexes 0

[t=0.0100828s, 24956 KB] In ts_1_10 of size 2 found num new op-mutexes 0

[t=0.0101539s, 24956 KB] In ts_1_11 of size 2 found num new op-mutexes 0

[t=0.0102238s, 24956 KB] In ts_1_12 of size 2 found num new op-mutexes 0

[t=0.0102939s, 24956 KB] In ts_1_13 of size 2 found num new op-mutexes 0

[t=0.0104215s, 24956 KB] In ts_1_14 of size 2 found num new op-mutexes 0

[t=0.0104938s, 24956 KB] In ts_1_15 of size 2 found num new op-mutexes 0

[t=0.0105964s, 24956 KB] In ts_1_16 of size 2 found num new op-mutexes 0

[t=0.0106813s, 24956 KB] In ts_1_17 of size 4 found num new op-mutexes 0

[t=0.0107552s, 24956 KB] In ts_1_18 of size 2 found num new op-mutexes 0

[t=0.0108344s, 24956 KB] In ts_1_19 of size 2 found num new op-mutexes 0

[t=0.0109157s, 24956 KB] In ts_1_20 of size 2 found num new op-mutexes 0

[t=0.0110033s, 24956 KB] In ts_1_21 of size 5 found num new op-mutexes 0

[t=0.0110761s, 24956 KB] In ts_1_22 of size 2 found num new op-mutexes 0

[t=0.0111471s, 24956 KB] In ts_1_23 of size 2 found num new op-mutexes 0

[t=0.0112184s, 24956 KB] In ts_1_24 of size 2 found num new op-mutexes 0

[t=0.0112888s, 24956 KB] In ts_1_25 of size 2 found num new op-mutexes 0

[t=0.0113592s, 24956 KB] In ts_1_26 of size 2 found num new op-mutexes 0

[t=0.0114338s, 24956 KB] In ts_1_27 of size 4 found num new op-mutexes 0

[t=0.0115051s, 24956 KB] In ts_1_28 of size 2 found num new op-mutexes 0

[t=0.0115979s, 24956 KB] In ts_1_29 of size 5 found num new op-mutexes 0

[t=0.011691s, 24956 KB] In ts_1_30 of size 5 found num new op-mutexes 0

[t=0.01177s, 24956 KB] In ts_1_31 of size 4 found num new op-mutexes 0

[t=0.0118442s, 24956 KB] In ts_1_34 of size 3 found num new op-mutexes 0

[t=0.0119271s, 24956 KB] In ts_1_35 of size 3 found num new op-mutexes 0

[t=0.0127818s, 25088 KB] In ts_1_38 of size 10 found num new op-mutexes 4384
[t=0.0128241s, 25088 KB] Operator mutex finished iteration 1. Found an additional 4384 operator mutexes

[t=0.0128549s, 25088 KB] Next pair of indices: (38, 28)
[t=0.0128767s, 25088 KB] M&S algorithm main loop timer: 0.00811985s (after computation of next merge)
[t=0.0129699s, 25088 KB] M&S algorithm main loop timer: 0.00821868s (after merging)
[t=0.0130033s, 25088 KB] M&S algorithm main loop timer: 0.00824781s (after pruning)

[t=0.0130289s, 25088 KB] Operator mutex starting iteration 2

[t=0.0131414s, 25088 KB] In ts_2_0 of size 2 found num new op-mutexes 0

[t=0.0132336s, 25088 KB] In ts_2_1 of size 4 found num new op-mutexes 0

[t=0.0133108s, 25088 KB] In ts_2_2 of size 2 found num new op-mutexes 0

[t=0.0133838s, 25088 KB] In ts_2_3 of size 2 found num new op-mutexes 0

[t=0.013477s, 25088 KB] In ts_2_4 of size 3 found num new op-mutexes 0

[t=0.0135505s, 25088 KB] In ts_2_5 of size 2 found num new op-mutexes 0

[t=0.0136257s, 25088 KB] In ts_2_6 of size 3 found num new op-mutexes 0

[t=0.0136976s, 25088 KB] In ts_2_7 of size 2 found num new op-mutexes 0

[t=0.0137854s, 25088 KB] In ts_2_8 of size 2 found num new op-mutexes 0

[t=0.0138585s, 25088 KB] In ts_2_9 of size 2 found num new op-mutexes 0

[t=0.01393s, 25088 KB] In ts_2_10 of size 2 found num new op-mutexes 0

[t=0.0140014s, 25088 KB] In ts_2_11 of size 2 found num new op-mutexes 0

[t=0.0140723s, 25088 KB] In ts_2_12 of size 2 found num new op-mutexes 0

[t=0.0141423s, 25088 KB] In ts_2_13 of size 2 found num new op-mutexes 0

[t=0.0142128s, 25088 KB] In ts_2_14 of size 2 found num new op-mutexes 0

[t=0.0142826s, 25088 KB] In ts_2_15 of size 2 found num new op-mutexes 0

[t=0.0143522s, 25088 KB] In ts_2_16 of size 2 found num new op-mutexes 0

[t=0.0144383s, 25088 KB] In ts_2_17 of size 4 found num new op-mutexes 0

[t=0.0145107s, 25088 KB] In ts_2_18 of size 2 found num new op-mutexes 0

[t=0.0145817s, 25088 KB] In ts_2_19 of size 2 found num new op-mutexes 0

[t=0.0146525s, 25088 KB] In ts_2_20 of size 2 found num new op-mutexes 0

[t=0.0147391s, 25088 KB] In ts_2_21 of size 5 found num new op-mutexes 0

[t=0.0148111s, 25088 KB] In ts_2_22 of size 2 found num new op-mutexes 0

[t=0.0148828s, 25088 KB] In ts_2_23 of size 2 found num new op-mutexes 0

[t=0.0149543s, 25088 KB] In ts_2_24 of size 2 found num new op-mutexes 0

[t=0.0150259s, 25088 KB] In ts_2_25 of size 2 found num new op-mutexes 0

[t=0.0150966s, 25088 KB] In ts_2_26 of size 2 found num new op-mutexes 0

[t=0.0151714s, 25088 KB] In ts_2_27 of size 4 found num new op-mutexes 0

[t=0.015276s, 25088 KB] In ts_2_29 of size 5 found num new op-mutexes 0

[t=0.0153714s, 25088 KB] In ts_2_30 of size 5 found num new op-mutexes 0

[t=0.0154481s, 25088 KB] In ts_2_31 of size 4 found num new op-mutexes 0

[t=0.0155221s, 25088 KB] In ts_2_34 of size 3 found num new op-mutexes 0

[t=0.0155946s, 25088 KB] In ts_2_35 of size 3 found num new op-mutexes 0

[t=0.0162734s, 25088 KB] In ts_2_39 of size 10 found num new op-mutexes 0
[t=0.0163113s, 25088 KB] Operator mutex finished iteration 2. Found an additional 0 operator mutexes

[t=0.016341s, 25088 KB] Next pair of indices: (39, 23)
[t=0.0163621s, 25088 KB] M&S algorithm main loop timer: 0.0116049s (after computation of next merge)
[t=0.0164637s, 25088 KB] M&S algorithm main loop timer: 0.0117126s (after merging)
[t=0.0165015s, 25088 KB] M&S algorithm main loop timer: 0.0117473s (after pruning)

[t=0.0165284s, 25088 KB] Operator mutex starting iteration 3

[t=0.0166355s, 25088 KB] In ts_3_0 of size 2 found num new op-mutexes 0

[t=0.0167161s, 25088 KB] In ts_3_1 of size 4 found num new op-mutexes 0

[t=0.0167912s, 25088 KB] In ts_3_2 of size 2 found num new op-mutexes 0

[t=0.0168736s, 25088 KB] In ts_3_3 of size 2 found num new op-mutexes 0

[t=0.0169669s, 25088 KB] In ts_3_4 of size 3 found num new op-mutexes 0

[t=0.0170404s, 25088 KB] In ts_3_5 of size 2 found num new op-mutexes 0

[t=0.0171158s, 25088 KB] In ts_3_6 of size 3 found num new op-mutexes 0

[t=0.0172021s, 25088 KB] In ts_3_7 of size 2 found num new op-mutexes 0

[t=0.0172762s, 25088 KB] In ts_3_8 of size 2 found num new op-mutexes 0

[t=0.0173481s, 25088 KB] In ts_3_9 of size 2 found num new op-mutexes 0

[t=0.0174196s, 25088 KB] In ts_3_10 of size 2 found num new op-mutexes 0

[t=0.0174911s, 25088 KB] In ts_3_11 of size 2 found num new op-mutexes 0

[t=0.0175619s, 25088 KB] In ts_3_12 of size 2 found num new op-mutexes 0

[t=0.0176332s, 25088 KB] In ts_3_13 of size 2 found num new op-mutexes 0

[t=0.0177034s, 25088 KB] In ts_3_14 of size 2 found num new op-mutexes 0

[t=0.0177736s, 25088 KB] In ts_3_15 of size 2 found num new op-mutexes 0

[t=0.0178432s, 25088 KB] In ts_3_16 of size 2 found num new op-mutexes 0

[t=0.0179191s, 25088 KB] In ts_3_17 of size 4 found num new op-mutexes 0

[t=0.0179963s, 25088 KB] In ts_3_18 of size 2 found num new op-mutexes 0

[t=0.018068s, 25088 KB] In ts_3_19 of size 2 found num new op-mutexes 0

[t=0.0181394s, 25088 KB] In ts_3_20 of size 2 found num new op-mutexes 0

[t=0.0182347s, 25088 KB] In ts_3_21 of size 5 found num new op-mutexes 0

[t=0.0183133s, 25088 KB] In ts_3_22 of size 2 found num new op-mutexes 0

[t=0.0183903s, 25088 KB] In ts_3_24 of size 2 found num new op-mutexes 0

[t=0.018463s, 25088 KB] In ts_3_25 of size 2 found num new op-mutexes 0

[t=0.018534s, 25088 KB] In ts_3_26 of size 2 found num new op-mutexes 0

[t=0.0186096s, 25088 KB] In ts_3_27 of size 4 found num new op-mutexes 0

[t=0.0187055s, 25088 KB] In ts_3_29 of size 5 found num new op-mutexes 0

[t=0.0187999s, 25088 KB] In ts_3_30 of size 5 found num new op-mutexes 0

[t=0.018876s, 25088 KB] In ts_3_31 of size 4 found num new op-mutexes 0

[t=0.0189505s, 25088 KB] In ts_3_34 of size 3 found num new op-mutexes 0

[t=0.0190468s, 25088 KB] In ts_3_35 of size 3 found num new op-mutexes 0

[t=0.0205152s, 25296 KB] In ts_3_40 of size 10 found num new op-mutexes 4754
[t=0.0205562s, 25296 KB] Operator mutex finished iteration 3. Found an additional 4754 operator mutexes

[t=0.0205882s, 25296 KB] Next pair of indices: (40, 15)
[t=0.0206229s, 25296 KB] M&S algorithm main loop timer: 0.0158694s (after computation of next merge)
[t=0.0207239s, 25296 KB] M&S algorithm main loop timer: 0.015973s (after merging)
[t=0.0207609s, 25296 KB] M&S algorithm main loop timer: 0.0160061s (after pruning)

[t=0.0207872s, 25296 KB] Operator mutex starting iteration 4

[t=0.0208984s, 25296 KB] In ts_4_0 of size 2 found num new op-mutexes 0

[t=0.0209959s, 25296 KB] In ts_4_1 of size 4 found num new op-mutexes 0

[t=0.0210734s, 25296 KB] In ts_4_2 of size 2 found num new op-mutexes 0

[t=0.0211469s, 25296 KB] In ts_4_3 of size 2 found num new op-mutexes 0

[t=0.0212398s, 25296 KB] In ts_4_4 of size 3 found num new op-mutexes 0

[t=0.0213139s, 25296 KB] In ts_4_5 of size 2 found num new op-mutexes 0

[t=0.0213891s, 25296 KB] In ts_4_6 of size 3 found num new op-mutexes 0

[t=0.0214711s, 25296 KB] In ts_4_7 of size 2 found num new op-mutexes 0

[t=0.0215452s, 25296 KB] In ts_4_8 of size 2 found num new op-mutexes 0

[t=0.0216177s, 25296 KB] In ts_4_9 of size 2 found num new op-mutexes 0

[t=0.0216901s, 25296 KB] In ts_4_10 of size 2 found num new op-mutexes 0

[t=0.0217723s, 25296 KB] In ts_4_11 of size 2 found num new op-mutexes 0

[t=0.0218451s, 25296 KB] In ts_4_12 of size 2 found num new op-mutexes 0

[t=0.0219273s, 25296 KB] In ts_4_13 of size 2 found num new op-mutexes 0

[t=0.0219993s, 25296 KB] In ts_4_14 of size 2 found num new op-mutexes 0

[t=0.0220702s, 25296 KB] In ts_4_16 of size 2 found num new op-mutexes 0

[t=0.0221473s, 25296 KB] In ts_4_17 of size 4 found num new op-mutexes 0

[t=0.022221s, 25296 KB] In ts_4_18 of size 2 found num new op-mutexes 0

[t=0.0222939s, 25296 KB] In ts_4_19 of size 2 found num new op-mutexes 0

[t=0.0223661s, 25296 KB] In ts_4_20 of size 2 found num new op-mutexes 0

[t=0.0224539s, 25296 KB] In ts_4_21 of size 5 found num new op-mutexes 0

[t=0.0225279s, 25296 KB] In ts_4_22 of size 2 found num new op-mutexes 0

[t=0.0226005s, 25296 KB] In ts_4_24 of size 2 found num new op-mutexes 0

[t=0.0226725s, 25296 KB] In ts_4_25 of size 2 found num new op-mutexes 0

[t=0.0227439s, 25296 KB] In ts_4_26 of size 2 found num new op-mutexes 0

[t=0.02283s, 25296 KB] In ts_4_27 of size 4 found num new op-mutexes 0

[t=0.0229252s, 25296 KB] In ts_4_29 of size 5 found num new op-mutexes 0

[t=0.0230209s, 25296 KB] In ts_4_30 of size 5 found num new op-mutexes 0

[t=0.0230989s, 25296 KB] In ts_4_31 of size 4 found num new op-mutexes 0

[t=0.0231736s, 25296 KB] In ts_4_34 of size 3 found num new op-mutexes 0

[t=0.0232472s, 25296 KB] In ts_4_35 of size 3 found num new op-mutexes 0

[t=0.0246452s, 25296 KB] In ts_4_41 of size 10 found num new op-mutexes 3586
[t=0.0246879s, 25296 KB] Operator mutex finished iteration 4. Found an additional 3586 operator mutexes

[t=0.024719s, 25296 KB] Next pair of indices: (41, 13)
[t=0.0247407s, 25296 KB] M&S algorithm main loop timer: 0.0199838s (after computation of next merge)
[t=0.0248503s, 25296 KB] M&S algorithm main loop timer: 0.0201098s (after merging)

[t=0.0248937s, 25296 KB] Operator mutex starting iteration 5

[t=0.0250039s, 25296 KB] In ts_5_0 of size 2 found num new op-mutexes 0

[t=0.0250865s, 25296 KB] In ts_5_1 of size 4 found num new op-mutexes 0

[t=0.0251631s, 25296 KB] In ts_5_2 of size 2 found num new op-mutexes 0

[t=0.0252371s, 25296 KB] In ts_5_3 of size 2 found num new op-mutexes 0

[t=0.0253297s, 25296 KB] In ts_5_4 of size 3 found num new op-mutexes 0

[t=0.0254046s, 25296 KB] In ts_5_5 of size 2 found num new op-mutexes 0

[t=0.025481s, 25296 KB] In ts_5_6 of size 3 found num new op-mutexes 0

[t=0.0255541s, 25296 KB] In ts_5_7 of size 2 found num new op-mutexes 0

[t=0.0256276s, 25296 KB] In ts_5_8 of size 2 found num new op-mutexes 0

[t=0.0256999s, 25296 KB] In ts_5_9 of size 2 found num new op-mutexes 0

[t=0.0257729s, 25296 KB] In ts_5_10 of size 2 found num new op-mutexes 0

[t=0.0258452s, 25296 KB] In ts_5_11 of size 2 found num new op-mutexes 0

[t=0.0259169s, 25296 KB] In ts_5_12 of size 2 found num new op-mutexes 0

[t=0.0259885s, 25296 KB] In ts_5_14 of size 2 found num new op-mutexes 0

[t=0.0260602s, 25296 KB] In ts_5_16 of size 2 found num new op-mutexes 0

[t=0.0261377s, 25296 KB] In ts_5_17 of size 4 found num new op-mutexes 0

[t=0.026211s, 25296 KB] In ts_5_18 of size 2 found num new op-mutexes 0

[t=0.0262836s, 25296 KB] In ts_5_19 of size 2 found num new op-mutexes 0

[t=0.0263645s, 25296 KB] In ts_5_20 of size 2 found num new op-mutexes 0

[t=0.0264518s, 25296 KB] In ts_5_21 of size 5 found num new op-mutexes 0

[t=0.0265261s, 25296 KB] In ts_5_22 of size 2 found num new op-mutexes 0

[t=0.0265989s, 25296 KB] In ts_5_24 of size 2 found num new op-mutexes 0

[t=0.0266711s, 25296 KB] In ts_5_25 of size 2 found num new op-mutexes 0

[t=0.0267479s, 25296 KB] In ts_5_26 of size 2 found num new op-mutexes 0

[t=0.0268241s, 25296 KB] In ts_5_27 of size 4 found num new op-mutexes 0

[t=0.0269273s, 25296 KB] In ts_5_29 of size 5 found num new op-mutexes 0

[t=0.027025s, 25296 KB] In ts_5_30 of size 5 found num new op-mutexes 0

[t=0.0271023s, 25296 KB] In ts_5_31 of size 4 found num new op-mutexes 0

[t=0.0271769s, 25296 KB] In ts_5_34 of size 3 found num new op-mutexes 0

[t=0.0272504s, 25296 KB] In ts_5_35 of size 3 found num new op-mutexes 0

[t=0.0284514s, 25296 KB] In ts_5_42 of size 20 found num new op-mutexes 0
[t=0.02851s, 25296 KB] Operator mutex finished iteration 5. Found an additional 0 operator mutexes

[t=0.0285422s, 25296 KB] Next pair of indices: (42, 30)
[t=0.0285639s, 25296 KB] M&S algorithm main loop timer: 0.0238068s (after computation of next merge)
[t=0.0287271s, 25296 KB] M&S algorithm main loop timer: 0.0239771s (after merging)

[t=0.0287659s, 25296 KB] Operator mutex starting iteration 6

[t=0.0288782s, 25296 KB] In ts_6_0 of size 2 found num new op-mutexes 0

[t=0.0289699s, 25296 KB] In ts_6_1 of size 4 found num new op-mutexes 0

[t=0.0290462s, 25296 KB] In ts_6_2 of size 2 found num new op-mutexes 0

[t=0.0291206s, 25296 KB] In ts_6_3 of size 2 found num new op-mutexes 0

[t=0.0292138s, 25296 KB] In ts_6_4 of size 3 found num new op-mutexes 0

[t=0.0292888s, 25296 KB] In ts_6_5 of size 2 found num new op-mutexes 0

[t=0.0293754s, 25296 KB] In ts_6_6 of size 3 found num new op-mutexes 0

[t=0.029449s, 25296 KB] In ts_6_7 of size 2 found num new op-mutexes 0

[t=0.0295229s, 25296 KB] In ts_6_8 of size 2 found num new op-mutexes 0

[t=0.0295956s, 25296 KB] In ts_6_9 of size 2 found num new op-mutexes 0

[t=0.029668s, 25296 KB] In ts_6_10 of size 2 found num new op-mutexes 0

[t=0.02974s, 25296 KB] In ts_6_11 of size 2 found num new op-mutexes 0

[t=0.0298212s, 25296 KB] In ts_6_12 of size 2 found num new op-mutexes 0

[t=0.0298932s, 25296 KB] In ts_6_14 of size 2 found num new op-mutexes 0

[t=0.0299651s, 25296 KB] In ts_6_16 of size 2 found num new op-mutexes 0

[t=0.0300425s, 25296 KB] In ts_6_17 of size 4 found num new op-mutexes 0

[t=0.0301165s, 25296 KB] In ts_6_18 of size 2 found num new op-mutexes 0

[t=0.0301893s, 25296 KB] In ts_6_19 of size 2 found num new op-mutexes 0

[t=0.0302623s, 25296 KB] In ts_6_20 of size 2 found num new op-mutexes 0

[t=0.0303499s, 25296 KB] In ts_6_21 of size 5 found num new op-mutexes 0

[t=0.0304303s, 25296 KB] In ts_6_22 of size 2 found num new op-mutexes 0

[t=0.0305112s, 25296 KB] In ts_6_24 of size 2 found num new op-mutexes 0

[t=0.0305849s, 25296 KB] In ts_6_25 of size 2 found num new op-mutexes 0

[t=0.0306569s, 25296 KB] In ts_6_26 of size 2 found num new op-mutexes 0

[t=0.0307429s, 25296 KB] In ts_6_27 of size 4 found num new op-mutexes 0

[t=0.0308406s, 25296 KB] In ts_6_29 of size 5 found num new op-mutexes 0

[t=0.0309177s, 25296 KB] In ts_6_31 of size 4 found num new op-mutexes 0

[t=0.0310067s, 25296 KB] In ts_6_34 of size 3 found num new op-mutexes 0

[t=0.0310822s, 25296 KB] In ts_6_35 of size 3 found num new op-mutexes 0

[t=0.0325065s, 25296 KB] In ts_6_43 of size 100 found num new op-mutexes 0
[t=0.0325483s, 25296 KB] Operator mutex finished iteration 6. Found an additional 0 operator mutexes

[t=0.0325804s, 25296 KB] Next pair of indices: (43, 31)
[t=0.0326021s, 25296 KB] M&S algorithm main loop timer: 0.0278452s (after computation of next merge)
[t=0.0329459s, 25296 KB] M&S algorithm main loop timer: 0.0282034s (after merging)
[t=0.0330324s, 25296 KB] M&S algorithm main loop timer: 0.0282829s (after pruning)

[t=0.0330644s, 25296 KB] Operator mutex starting iteration 7

[t=0.0331847s, 25296 KB] In ts_7_0 of size 2 found num new op-mutexes 0

[t=0.0332705s, 25296 KB] In ts_7_1 of size 4 found num new op-mutexes 0

[t=0.0333583s, 25296 KB] In ts_7_2 of size 2 found num new op-mutexes 0

[t=0.0334338s, 25296 KB] In ts_7_3 of size 2 found num new op-mutexes 0

[t=0.033527s, 25296 KB] In ts_7_4 of size 3 found num new op-mutexes 0

[t=0.0336027s, 25296 KB] In ts_7_5 of size 2 found num new op-mutexes 0

[t=0.03368s, 25296 KB] In ts_7_6 of size 3 found num new op-mutexes 0

[t=0.0337546s, 25296 KB] In ts_7_7 of size 2 found num new op-mutexes 0

[t=0.0338279s, 25296 KB] In ts_7_8 of size 2 found num new op-mutexes 0

[t=0.0339007s, 25296 KB] In ts_7_9 of size 2 found num new op-mutexes 0

[t=0.033973s, 25296 KB] In ts_7_10 of size 2 found num new op-mutexes 0

[t=0.0340451s, 25296 KB] In ts_7_11 of size 2 found num new op-mutexes 0

[t=0.034117s, 25296 KB] In ts_7_12 of size 2 found num new op-mutexes 0

[t=0.0341888s, 25296 KB] In ts_7_14 of size 2 found num new op-mutexes 0

[t=0.03426s, 25296 KB] In ts_7_16 of size 2 found num new op-mutexes 0

[t=0.0343369s, 25296 KB] In ts_7_17 of size 4 found num new op-mutexes 0

[t=0.0344105s, 25296 KB] In ts_7_18 of size 2 found num new op-mutexes 0

[t=0.0344825s, 25296 KB] In ts_7_19 of size 2 found num new op-mutexes 0

[t=0.0345974s, 25296 KB] In ts_7_20 of size 2 found num new op-mutexes 0

[t=0.0346899s, 25296 KB] In ts_7_21 of size 5 found num new op-mutexes 0

[t=0.034765s, 25296 KB] In ts_7_22 of size 2 found num new op-mutexes 0

[t=0.0348386s, 25296 KB] In ts_7_24 of size 2 found num new op-mutexes 0

[t=0.0349113s, 25296 KB] In ts_7_25 of size 2 found num new op-mutexes 0

[t=0.0349841s, 25296 KB] In ts_7_26 of size 2 found num new op-mutexes 0

[t=0.0350611s, 25296 KB] In ts_7_27 of size 4 found num new op-mutexes 0

[t=0.0351674s, 25296 KB] In ts_7_29 of size 5 found num new op-mutexes 0

[t=0.0352434s, 25296 KB] In ts_7_34 of size 3 found num new op-mutexes 0

[t=0.0353165s, 25296 KB] In ts_7_35 of size 3 found num new op-mutexes 0

[t=0.0377137s, 25428 KB] In ts_7_44 of size 200 found num new op-mutexes 4000
[t=0.0377688s, 25428 KB] Operator mutex finished iteration 7. Found an additional 4000 operator mutexes

[t=0.0378033s, 25428 KB] Next pair of indices: (44, 29)
[t=0.0378259s, 25428 KB] M&S algorithm main loop timer: 0.0330694s (after computation of next merge)
[t=0.0386919s, 25428 KB] M&S algorithm main loop timer: 0.033957s (after merging)

[t=0.038796s, 25428 KB] Operator mutex starting iteration 8

[t=0.038921s, 25428 KB] In ts_8_0 of size 2 found num new op-mutexes 0

[t=0.0390053s, 25428 KB] In ts_8_1 of size 4 found num new op-mutexes 0

[t=0.0390969s, 25428 KB] In ts_8_2 of size 2 found num new op-mutexes 0

[t=0.0391722s, 25428 KB] In ts_8_3 of size 2 found num new op-mutexes 0

[t=0.0392673s, 25428 KB] In ts_8_4 of size 3 found num new op-mutexes 0

[t=0.0393426s, 25428 KB] In ts_8_5 of size 2 found num new op-mutexes 0

[t=0.0394203s, 25428 KB] In ts_8_6 of size 3 found num new op-mutexes 0

[t=0.0395027s, 25428 KB] In ts_8_7 of size 2 found num new op-mutexes 0

[t=0.0395792s, 25428 KB] In ts_8_8 of size 2 found num new op-mutexes 0

[t=0.0396526s, 25428 KB] In ts_8_9 of size 2 found num new op-mutexes 0

[t=0.0397258s, 25428 KB] In ts_8_10 of size 2 found num new op-mutexes 0

[t=0.0397984s, 25428 KB] In ts_8_11 of size 2 found num new op-mutexes 0

[t=0.03987s, 25428 KB] In ts_8_12 of size 2 found num new op-mutexes 0

[t=0.0399422s, 25428 KB] In ts_8_14 of size 2 found num new op-mutexes 0

[t=0.0400194s, 25428 KB] In ts_8_16 of size 2 found num new op-mutexes 0

[t=0.0400976s, 25428 KB] In ts_8_17 of size 4 found num new op-mutexes 0

[t=0.0401723s, 25428 KB] In ts_8_18 of size 2 found num new op-mutexes 0

[t=0.0402448s, 25428 KB] In ts_8_19 of size 2 found num new op-mutexes 0

[t=0.0403169s, 25428 KB] In ts_8_20 of size 2 found num new op-mutexes 0

[t=0.0404055s, 25428 KB] In ts_8_21 of size 5 found num new op-mutexes 0

[t=0.0404892s, 25428 KB] In ts_8_22 of size 2 found num new op-mutexes 0

[t=0.040562s, 25428 KB] In ts_8_24 of size 2 found num new op-mutexes 0

[t=0.040634s, 25428 KB] In ts_8_25 of size 2 found num new op-mutexes 0

[t=0.0407057s, 25428 KB] In ts_8_26 of size 2 found num new op-mutexes 0

[t=0.0407818s, 25428 KB] In ts_8_27 of size 4 found num new op-mutexes 0

[t=0.0408564s, 25428 KB] In ts_8_34 of size 3 found num new op-mutexes 0

[t=0.0409295s, 25428 KB] In ts_8_35 of size 3 found num new op-mutexes 0

[t=0.0456739s, 25900 KB] In ts_8_45 of size 1000 found num new op-mutexes 0
[t=0.045734s, 25900 KB] Operator mutex finished iteration 8. Found an additional 0 operator mutexes

[t=0.0457701s, 25900 KB] Next pair of indices: (45, 26)
[t=0.0458014s, 25900 KB] M&S algorithm main loop timer: 0.0410485s (after computation of next merge)
[t=0.0473431s, 25900 KB] M&S algorithm main loop timer: 0.0426218s (after merging)
[t=0.047617s, 25900 KB] M&S algorithm main loop timer: 0.042873s (after pruning)

[t=0.0476548s, 25900 KB] Operator mutex starting iteration 9

[t=0.0477734s, 25900 KB] In ts_9_0 of size 2 found num new op-mutexes 0

[t=0.0478557s, 25900 KB] In ts_9_1 of size 4 found num new op-mutexes 0

[t=0.0479323s, 25900 KB] In ts_9_2 of size 2 found num new op-mutexes 0

[t=0.0480052s, 25900 KB] In ts_9_3 of size 2 found num new op-mutexes 0

[t=0.0480995s, 25900 KB] In ts_9_4 of size 3 found num new op-mutexes 0

[t=0.0481732s, 25900 KB] In ts_9_5 of size 2 found num new op-mutexes 0

[t=0.0482486s, 25900 KB] In ts_9_6 of size 3 found num new op-mutexes 0

[t=0.0483207s, 25900 KB] In ts_9_7 of size 2 found num new op-mutexes 0

[t=0.0483978s, 25900 KB] In ts_9_8 of size 2 found num new op-mutexes 0

[t=0.0484682s, 25900 KB] In ts_9_9 of size 2 found num new op-mutexes 0

[t=0.0485386s, 25900 KB] In ts_9_10 of size 2 found num new op-mutexes 0

[t=0.0486088s, 25900 KB] In ts_9_11 of size 2 found num new op-mutexes 0

[t=0.0486782s, 25900 KB] In ts_9_12 of size 2 found num new op-mutexes 0

[t=0.0487482s, 25900 KB] In ts_9_14 of size 2 found num new op-mutexes 0

[t=0.0488253s, 25900 KB] In ts_9_16 of size 2 found num new op-mutexes 0

[t=0.0489037s, 25900 KB] In ts_9_17 of size 4 found num new op-mutexes 0

[t=0.0489768s, 25900 KB] In ts_9_18 of size 2 found num new op-mutexes 0

[t=0.0490478s, 25900 KB] In ts_9_19 of size 2 found num new op-mutexes 0

[t=0.0491187s, 25900 KB] In ts_9_20 of size 2 found num new op-mutexes 0

[t=0.0492066s, 25900 KB] In ts_9_21 of size 5 found num new op-mutexes 0

[t=0.049279s, 25900 KB] In ts_9_22 of size 2 found num new op-mutexes 0

[t=0.0493518s, 25900 KB] In ts_9_24 of size 2 found num new op-mutexes 0

[t=0.0494278s, 25900 KB] In ts_9_25 of size 2 found num new op-mutexes 0

[t=0.0495066s, 25900 KB] In ts_9_27 of size 4 found num new op-mutexes 0

[t=0.0495812s, 25900 KB] In ts_9_34 of size 3 found num new op-mutexes 0

[t=0.0496529s, 25900 KB] In ts_9_35 of size 3 found num new op-mutexes 0

[t=0.0542787s, 25992 KB] In ts_9_46 of size 1000 found num new op-mutexes 0
[t=0.0543472s, 25992 KB] Operator mutex finished iteration 9. Found an additional 0 operator mutexes

[t=0.0543871s, 25992 KB] Next pair of indices: (46, 25)
[t=0.0544166s, 25992 KB] M&S algorithm main loop timer: 0.0496632s (after computation of next merge)
[t=0.0559811s, 25992 KB] M&S algorithm main loop timer: 0.0512509s (after merging)
[t=0.056252s, 25992 KB] M&S algorithm main loop timer: 0.0515085s (after pruning)

[t=0.056291s, 25992 KB] Operator mutex starting iteration 10

[t=0.0564139s, 25992 KB] In ts_10_0 of size 2 found num new op-mutexes 0

[t=0.0564974s, 25992 KB] In ts_10_1 of size 4 found num new op-mutexes 0

[t=0.0565839s, 25992 KB] In ts_10_2 of size 2 found num new op-mutexes 0

[t=0.0566568s, 25992 KB] In ts_10_3 of size 2 found num new op-mutexes 0

[t=0.0567514s, 25992 KB] In ts_10_4 of size 3 found num new op-mutexes 0

[t=0.0568246s, 25992 KB] In ts_10_5 of size 2 found num new op-mutexes 0

[t=0.0568998s, 25992 KB] In ts_10_6 of size 3 found num new op-mutexes 0

[t=0.0569716s, 25992 KB] In ts_10_7 of size 2 found num new op-mutexes 0

[t=0.0570641s, 25992 KB] In ts_10_8 of size 2 found num new op-mutexes 0

[t=0.0571352s, 25992 KB] In ts_10_9 of size 2 found num new op-mutexes 0

[t=0.0572064s, 25992 KB] In ts_10_10 of size 2 found num new op-mutexes 0

[t=0.057277s, 25992 KB] In ts_10_11 of size 2 found num new op-mutexes 0

[t=0.0573473s, 25992 KB] In ts_10_12 of size 2 found num new op-mutexes 0

[t=0.0574173s, 25992 KB] In ts_10_14 of size 2 found num new op-mutexes 0

[t=0.0574877s, 25992 KB] In ts_10_16 of size 2 found num new op-mutexes 0

[t=0.0575632s, 25992 KB] In ts_10_17 of size 4 found num new op-mutexes 0

[t=0.0576454s, 25992 KB] In ts_10_18 of size 2 found num new op-mutexes 0

[t=0.0577151s, 25992 KB] In ts_10_19 of size 2 found num new op-mutexes 0

[t=0.0577857s, 25992 KB] In ts_10_20 of size 2 found num new op-mutexes 0

[t=0.057876s, 25992 KB] In ts_10_21 of size 5 found num new op-mutexes 0

[t=0.0579497s, 25992 KB] In ts_10_22 of size 2 found num new op-mutexes 0

[t=0.058021s, 25992 KB] In ts_10_24 of size 2 found num new op-mutexes 0

[t=0.0581047s, 25992 KB] In ts_10_27 of size 4 found num new op-mutexes 0

[t=0.0581805s, 25992 KB] In ts_10_34 of size 3 found num new op-mutexes 0

[t=0.0582532s, 25992 KB] In ts_10_35 of size 3 found num new op-mutexes 0

[t=0.0629496s, 25992 KB] In ts_10_47 of size 1000 found num new op-mutexes 0
[t=0.0630154s, 25992 KB] Operator mutex finished iteration 10. Found an additional 0 operator mutexes

[t=0.0630559s, 25992 KB] Next pair of indices: (47, 22)
[t=0.0630825s, 25992 KB] M&S algorithm main loop timer: 0.058329s (after computation of next merge)
[t=0.0648421s, 25992 KB] M&S algorithm main loop timer: 0.0601192s (after merging)
[t=0.0651503s, 25992 KB] M&S algorithm main loop timer: 0.0604149s (after pruning)

[t=0.0651985s, 25992 KB] Operator mutex starting iteration 11

[t=0.0653214s, 25992 KB] In ts_11_0 of size 2 found num new op-mutexes 0

[t=0.0654145s, 25992 KB] In ts_11_1 of size 4 found num new op-mutexes 0

[t=0.0654906s, 25992 KB] In ts_11_2 of size 2 found num new op-mutexes 0

[t=0.0655633s, 25992 KB] In ts_11_3 of size 2 found num new op-mutexes 0

[t=0.0656589s, 25992 KB] In ts_11_4 of size 3 found num new op-mutexes 0

[t=0.065732s, 25992 KB] In ts_11_5 of size 2 found num new op-mutexes 0

[t=0.0658068s, 25992 KB] In ts_11_6 of size 3 found num new op-mutexes 0

[t=0.0658782s, 25992 KB] In ts_11_7 of size 2 found num new op-mutexes 0

[t=0.0659498s, 25992 KB] In ts_11_8 of size 2 found num new op-mutexes 0

[t=0.0660209s, 25992 KB] In ts_11_9 of size 2 found num new op-mutexes 0

[t=0.0660916s, 25992 KB] In ts_11_10 of size 2 found num new op-mutexes 0

[t=0.0661669s, 25992 KB] In ts_11_11 of size 2 found num new op-mutexes 0

[t=0.0662371s, 25992 KB] In ts_11_12 of size 2 found num new op-mutexes 0

[t=0.0663177s, 25992 KB] In ts_11_14 of size 2 found num new op-mutexes 0

[t=0.0663871s, 25992 KB] In ts_11_16 of size 2 found num new op-mutexes 0

[t=0.0664628s, 25992 KB] In ts_11_17 of size 4 found num new op-mutexes 0

[t=0.0665352s, 25992 KB] In ts_11_18 of size 2 found num new op-mutexes 0

[t=0.0666059s, 25992 KB] In ts_11_19 of size 2 found num new op-mutexes 0

[t=0.0666766s, 25992 KB] In ts_11_20 of size 2 found num new op-mutexes 0

[t=0.0667762s, 25992 KB] In ts_11_21 of size 5 found num new op-mutexes 0

[t=0.0668553s, 25992 KB] In ts_11_24 of size 2 found num new op-mutexes 0

[t=0.0669322s, 25992 KB] In ts_11_27 of size 4 found num new op-mutexes 0

[t=0.0670058s, 25992 KB] In ts_11_34 of size 3 found num new op-mutexes 0

[t=0.0670776s, 25992 KB] In ts_11_35 of size 3 found num new op-mutexes 0

[t=0.0730095s, 26540 KB] In ts_11_48 of size 1000 found num new op-mutexes 4322
[t=0.0730821s, 26540 KB] Operator mutex finished iteration 11. Found an additional 4322 operator mutexes

[t=0.0731179s, 26540 KB] Next pair of indices: (48, 21)
[t=0.0731426s, 26540 KB] M&S algorithm main loop timer: 0.0683858s (after computation of next merge)
[t=0.0776955s, 26888 KB] M&S algorithm main loop timer: 0.0729718s (after merging)
[t=0.0788227s, 26888 KB] M&S algorithm main loop timer: 0.0741063s (after pruning)

[t=0.078889s, 26888 KB] Operator mutex starting iteration 12

[t=0.0790394s, 26888 KB] In ts_12_0 of size 2 found num new op-mutexes 0

[t=0.0791238s, 26888 KB] In ts_12_1 of size 4 found num new op-mutexes 0

[t=0.0791994s, 26888 KB] In ts_12_2 of size 2 found num new op-mutexes 0

[t=0.0792717s, 26888 KB] In ts_12_3 of size 2 found num new op-mutexes 0

[t=0.0793715s, 26888 KB] In ts_12_4 of size 3 found num new op-mutexes 0

[t=0.0794441s, 26888 KB] In ts_12_5 of size 2 found num new op-mutexes 0

[t=0.0795189s, 26888 KB] In ts_12_6 of size 3 found num new op-mutexes 0

[t=0.0795898s, 26888 KB] In ts_12_7 of size 2 found num new op-mutexes 0

[t=0.0796609s, 26888 KB] In ts_12_8 of size 2 found num new op-mutexes 0

[t=0.0797308s, 26888 KB] In ts_12_9 of size 2 found num new op-mutexes 0

[t=0.0798009s, 26888 KB] In ts_12_10 of size 2 found num new op-mutexes 0

[t=0.0798901s, 26888 KB] In ts_12_11 of size 2 found num new op-mutexes 0

[t=0.0799618s, 26888 KB] In ts_12_12 of size 2 found num new op-mutexes 0

[t=0.0800317s, 26888 KB] In ts_12_14 of size 2 found num new op-mutexes 0

[t=0.0801003s, 26888 KB] In ts_12_16 of size 2 found num new op-mutexes 0

[t=0.0801841s, 26888 KB] In ts_12_17 of size 4 found num new op-mutexes 0

[t=0.0802593s, 26888 KB] In ts_12_18 of size 2 found num new op-mutexes 0

[t=0.0803301s, 26888 KB] In ts_12_19 of size 2 found num new op-mutexes 0

[t=0.0804005s, 26888 KB] In ts_12_20 of size 2 found num new op-mutexes 0

[t=0.0804776s, 26888 KB] In ts_12_24 of size 2 found num new op-mutexes 0

[t=0.0805599s, 26888 KB] In ts_12_27 of size 4 found num new op-mutexes 0

[t=0.0806387s, 26888 KB] In ts_12_34 of size 3 found num new op-mutexes 0

[t=0.0807164s, 26888 KB] In ts_12_35 of size 3 found num new op-mutexes 0

[t=0.0986712s, 30144 KB] In ts_12_49 of size 4990 found num new op-mutexes 0
[t=0.0987745s, 30144 KB] Operator mutex finished iteration 12. Found an additional 0 operator mutexes

[t=0.0988127s, 30144 KB] Next pair of indices: (49, 27)
[t=0.0988359s, 30144 KB] M&S algorithm main loop timer: 0.0940794s (after computation of next merge)
[t=0.117131s, 30460 KB] M&S algorithm main loop timer: 0.112434s (after merging)
[t=0.119732s, 30460 KB] M&S algorithm main loop timer: 0.115014s (after pruning)

[t=0.1198s, 30460 KB] Operator mutex starting iteration 13

[t=0.119962s, 30460 KB] In ts_13_0 of size 2 found num new op-mutexes 0

[t=0.120046s, 30460 KB] In ts_13_1 of size 4 found num new op-mutexes 0

[t=0.120132s, 30460 KB] In ts_13_2 of size 2 found num new op-mutexes 0

[t=0.120205s, 30460 KB] In ts_13_3 of size 2 found num new op-mutexes 0

[t=0.120306s, 30460 KB] In ts_13_4 of size 3 found num new op-mutexes 0

[t=0.120379s, 30460 KB] In ts_13_5 of size 2 found num new op-mutexes 0

[t=0.120454s, 30460 KB] In ts_13_6 of size 3 found num new op-mutexes 0

[t=0.120526s, 30460 KB] In ts_13_7 of size 2 found num new op-mutexes 0

[t=0.1206s, 30460 KB] In ts_13_8 of size 2 found num new op-mutexes 0

[t=0.120675s, 30460 KB] In ts_13_9 of size 2 found num new op-mutexes 0

[t=0.120746s, 30460 KB] In ts_13_10 of size 2 found num new op-mutexes 0

[t=0.120817s, 30460 KB] In ts_13_11 of size 2 found num new op-mutexes 0

[t=0.120886s, 30460 KB] In ts_13_12 of size 2 found num new op-mutexes 0

[t=0.120956s, 30460 KB] In ts_13_14 of size 2 found num new op-mutexes 0

[t=0.121025s, 30460 KB] In ts_13_16 of size 2 found num new op-mutexes 0

[t=0.121111s, 30460 KB] In ts_13_17 of size 4 found num new op-mutexes 0

[t=0.121184s, 30460 KB] In ts_13_18 of size 2 found num new op-mutexes 0

[t=0.121255s, 30460 KB] In ts_13_19 of size 2 found num new op-mutexes 0

[t=0.121325s, 30460 KB] In ts_13_20 of size 2 found num new op-mutexes 0

[t=0.121395s, 30460 KB] In ts_13_24 of size 2 found num new op-mutexes 0

[t=0.121467s, 30460 KB] In ts_13_34 of size 3 found num new op-mutexes 0

[t=0.121538s, 30460 KB] In ts_13_35 of size 3 found num new op-mutexes 0
[t=0.121694s, 30460 KB] Operator mutex finished iteration 13. Found an additional 0 operator mutexes

[t=0.121726s, 30460 KB] Next pair of indices: (50, 24)
[t=0.121749s, 30460 KB] M&S algorithm main loop timer: 0.116992s (after computation of next merge)
[t=0.138676s, 30592 KB] M&S algorithm main loop timer: 0.133991s (after merging)
[t=0.141287s, 30592 KB] M&S algorithm main loop timer: 0.136569s (after pruning)

[t=0.141355s, 30592 KB] Operator mutex starting iteration 14

[t=0.141521s, 30592 KB] In ts_14_0 of size 2 found num new op-mutexes 0

[t=0.141605s, 30592 KB] In ts_14_1 of size 4 found num new op-mutexes 0

[t=0.141681s, 30592 KB] In ts_14_2 of size 2 found num new op-mutexes 0

[t=0.141754s, 30592 KB] In ts_14_3 of size 2 found num new op-mutexes 0

[t=0.141855s, 30592 KB] In ts_14_4 of size 3 found num new op-mutexes 0

[t=0.141927s, 30592 KB] In ts_14_5 of size 2 found num new op-mutexes 0

[t=0.142004s, 30592 KB] In ts_14_6 of size 3 found num new op-mutexes 0

[t=0.14212s, 30592 KB] In ts_14_7 of size 2 found num new op-mutexes 0

[t=0.1422s, 30592 KB] In ts_14_8 of size 2 found num new op-mutexes 0

[t=0.142271s, 30592 KB] In ts_14_9 of size 2 found num new op-mutexes 0

[t=0.142341s, 30592 KB] In ts_14_10 of size 2 found num new op-mutexes 0

[t=0.142419s, 30592 KB] In ts_14_11 of size 2 found num new op-mutexes 0

[t=0.142489s, 30592 KB] In ts_14_12 of size 2 found num new op-mutexes 0

[t=0.142557s, 30592 KB] In ts_14_14 of size 2 found num new op-mutexes 0

[t=0.142638s, 30592 KB] In ts_14_16 of size 2 found num new op-mutexes 0

[t=0.142715s, 30592 KB] In ts_14_17 of size 4 found num new op-mutexes 0

[t=0.142787s, 30592 KB] In ts_14_18 of size 2 found num new op-mutexes 0

[t=0.142857s, 30592 KB] In ts_14_19 of size 2 found num new op-mutexes 0

[t=0.142959s, 30592 KB] In ts_14_20 of size 2 found num new op-mutexes 0

[t=0.143042s, 30592 KB] In ts_14_34 of size 3 found num new op-mutexes 0

[t=0.143114s, 30592 KB] In ts_14_35 of size 3 found num new op-mutexes 0
[t=0.143291s, 30592 KB] Operator mutex finished iteration 14. Found an additional 0 operator mutexes

[t=0.143325s, 30592 KB] Next pair of indices: (51, 20)
[t=0.143347s, 30592 KB] M&S algorithm main loop timer: 0.13859s (after computation of next merge)
[t=0.164352s, 32056 KB] M&S algorithm main loop timer: 0.159661s (after merging)
[t=0.167164s, 32056 KB] M&S algorithm main loop timer: 0.162449s (after pruning)

[t=0.167236s, 32056 KB] Operator mutex starting iteration 15

[t=0.167401s, 32056 KB] In ts_15_0 of size 2 found num new op-mutexes 0

[t=0.167487s, 32056 KB] In ts_15_1 of size 4 found num new op-mutexes 0

[t=0.167565s, 32056 KB] In ts_15_2 of size 2 found num new op-mutexes 0

[t=0.167639s, 32056 KB] In ts_15_3 of size 2 found num new op-mutexes 0

[t=0.167739s, 32056 KB] In ts_15_4 of size 3 found num new op-mutexes 0

[t=0.167813s, 32056 KB] In ts_15_5 of size 2 found num new op-mutexes 0

[t=0.16789s, 32056 KB] In ts_15_6 of size 3 found num new op-mutexes 0

[t=0.167962s, 32056 KB] In ts_15_7 of size 2 found num new op-mutexes 0

[t=0.168042s, 32056 KB] In ts_15_8 of size 2 found num new op-mutexes 0

[t=0.168113s, 32056 KB] In ts_15_9 of size 2 found num new op-mutexes 0

[t=0.168183s, 32056 KB] In ts_15_10 of size 2 found num new op-mutexes 0

[t=0.168253s, 32056 KB] In ts_15_11 of size 2 found num new op-mutexes 0

[t=0.168323s, 32056 KB] In ts_15_12 of size 2 found num new op-mutexes 0

[t=0.168392s, 32056 KB] In ts_15_14 of size 2 found num new op-mutexes 0

[t=0.168472s, 32056 KB] In ts_15_16 of size 2 found num new op-mutexes 0

[t=0.16855s, 32056 KB] In ts_15_17 of size 4 found num new op-mutexes 0

[t=0.168623s, 32056 KB] In ts_15_18 of size 2 found num new op-mutexes 0

[t=0.168695s, 32056 KB] In ts_15_19 of size 2 found num new op-mutexes 0

[t=0.168768s, 32056 KB] In ts_15_34 of size 3 found num new op-mutexes 0

[t=0.16884s, 32056 KB] In ts_15_35 of size 3 found num new op-mutexes 0
[t=0.169034s, 32056 KB] Operator mutex finished iteration 15. Found an additional 0 operator mutexes

[t=0.169076s, 32056 KB] Next pair of indices: (52, 19)
[t=0.169097s, 32056 KB] M&S algorithm main loop timer: 0.164341s (after computation of next merge)
[t=0.187961s, 32188 KB] M&S algorithm main loop timer: 0.183272s (after merging)
[t=0.190617s, 32188 KB] M&S algorithm main loop timer: 0.185897s (after pruning)

[t=0.190684s, 32188 KB] Operator mutex starting iteration 16

[t=0.190845s, 32188 KB] In ts_16_0 of size 2 found num new op-mutexes 0

[t=0.19093s, 32188 KB] In ts_16_1 of size 4 found num new op-mutexes 0

[t=0.191007s, 32188 KB] In ts_16_2 of size 2 found num new op-mutexes 0

[t=0.19108s, 32188 KB] In ts_16_3 of size 2 found num new op-mutexes 0

[t=0.191187s, 32188 KB] In ts_16_4 of size 3 found num new op-mutexes 0

[t=0.191262s, 32188 KB] In ts_16_5 of size 2 found num new op-mutexes 0

[t=0.191338s, 32188 KB] In ts_16_6 of size 3 found num new op-mutexes 0

[t=0.191409s, 32188 KB] In ts_16_7 of size 2 found num new op-mutexes 0

[t=0.19148s, 32188 KB] In ts_16_8 of size 2 found num new op-mutexes 0

[t=0.19155s, 32188 KB] In ts_16_9 of size 2 found num new op-mutexes 0

[t=0.191629s, 32188 KB] In ts_16_10 of size 2 found num new op-mutexes 0

[t=0.191698s, 32188 KB] In ts_16_11 of size 2 found num new op-mutexes 0

[t=0.191767s, 32188 KB] In ts_16_12 of size 2 found num new op-mutexes 0

[t=0.191839s, 32188 KB] In ts_16_14 of size 2 found num new op-mutexes 0

[t=0.191915s, 32188 KB] In ts_16_16 of size 2 found num new op-mutexes 0

[t=0.192018s, 32188 KB] In ts_16_17 of size 4 found num new op-mutexes 0

[t=0.192096s, 32188 KB] In ts_16_18 of size 2 found num new op-mutexes 0

[t=0.192169s, 32188 KB] In ts_16_34 of size 3 found num new op-mutexes 0

[t=0.192241s, 32188 KB] In ts_16_35 of size 3 found num new op-mutexes 0
[t=0.192415s, 32188 KB] Operator mutex finished iteration 16. Found an additional 0 operator mutexes

[t=0.192448s, 32188 KB] Next pair of indices: (53, 18)
[t=0.19247s, 32188 KB] M&S algorithm main loop timer: 0.187713s (after computation of next merge)
[t=0.212481s, 32860 KB] M&S algorithm main loop timer: 0.207785s (after merging)
[t=0.215195s, 32860 KB] M&S algorithm main loop timer: 0.210473s (after pruning)

[t=0.215259s, 32860 KB] Operator mutex starting iteration 17

[t=0.21542s, 32860 KB] In ts_17_0 of size 2 found num new op-mutexes 0

[t=0.215504s, 32860 KB] In ts_17_1 of size 4 found num new op-mutexes 0

[t=0.215586s, 32860 KB] In ts_17_2 of size 2 found num new op-mutexes 0

[t=0.215659s, 32860 KB] In ts_17_3 of size 2 found num new op-mutexes 0

[t=0.215759s, 32860 KB] In ts_17_4 of size 3 found num new op-mutexes 0

[t=0.215832s, 32860 KB] In ts_17_5 of size 2 found num new op-mutexes 0

[t=0.215908s, 32860 KB] In ts_17_6 of size 3 found num new op-mutexes 0

[t=0.21598s, 32860 KB] In ts_17_7 of size 2 found num new op-mutexes 0

[t=0.21605s, 32860 KB] In ts_17_8 of size 2 found num new op-mutexes 0

[t=0.21613s, 32860 KB] In ts_17_9 of size 2 found num new op-mutexes 0

[t=0.2162s, 32860 KB] In ts_17_10 of size 2 found num new op-mutexes 0

[t=0.21627s, 32860 KB] In ts_17_11 of size 2 found num new op-mutexes 0

[t=0.216342s, 32860 KB] In ts_17_12 of size 2 found num new op-mutexes 0

[t=0.216416s, 32860 KB] In ts_17_14 of size 2 found num new op-mutexes 0

[t=0.216485s, 32860 KB] In ts_17_16 of size 2 found num new op-mutexes 0

[t=0.216561s, 32860 KB] In ts_17_17 of size 4 found num new op-mutexes 0

[t=0.216635s, 32860 KB] In ts_17_34 of size 3 found num new op-mutexes 0

[t=0.216706s, 32860 KB] In ts_17_35 of size 3 found num new op-mutexes 0
[t=0.216859s, 32860 KB] Operator mutex finished iteration 17. Found an additional 0 operator mutexes

[t=0.216892s, 32860 KB] Next pair of indices: (54, 17)
[t=0.216913s, 32860 KB] M&S algorithm main loop timer: 0.212156s (after computation of next merge)
[t=0.260093s, 37760 KB] M&S algorithm main loop timer: 0.255411s (after merging)
[t=0.265444s, 37760 KB] M&S algorithm main loop timer: 0.260736s (after pruning)

[t=0.265524s, 37760 KB] Operator mutex starting iteration 18

[t=0.265682s, 37760 KB] In ts_18_0 of size 2 found num new op-mutexes 0

[t=0.265767s, 37760 KB] In ts_18_1 of size 4 found num new op-mutexes 0

[t=0.265843s, 37760 KB] In ts_18_2 of size 2 found num new op-mutexes 0

[t=0.265916s, 37760 KB] In ts_18_3 of size 2 found num new op-mutexes 0

[t=0.266016s, 37760 KB] In ts_18_4 of size 3 found num new op-mutexes 0

[t=0.266088s, 37760 KB] In ts_18_5 of size 2 found num new op-mutexes 0

[t=0.266164s, 37760 KB] In ts_18_6 of size 3 found num new op-mutexes 0

[t=0.266235s, 37760 KB] In ts_18_7 of size 2 found num new op-mutexes 0

[t=0.266309s, 37760 KB] In ts_18_8 of size 2 found num new op-mutexes 0

[t=0.266378s, 37760 KB] In ts_18_9 of size 2 found num new op-mutexes 0

[t=0.266448s, 37760 KB] In ts_18_10 of size 2 found num new op-mutexes 0

[t=0.266517s, 37760 KB] In ts_18_11 of size 2 found num new op-mutexes 0

[t=0.266586s, 37760 KB] In ts_18_12 of size 2 found num new op-mutexes 0

[t=0.266655s, 37760 KB] In ts_18_14 of size 2 found num new op-mutexes 0

[t=0.266724s, 37760 KB] In ts_18_16 of size 2 found num new op-mutexes 0

[t=0.266795s, 37760 KB] In ts_18_34 of size 3 found num new op-mutexes 0

[t=0.266875s, 37760 KB] In ts_18_35 of size 3 found num new op-mutexes 0
[t=0.26719s, 37760 KB] Operator mutex finished iteration 18. Found an additional 0 operator mutexes

[t=0.267225s, 37760 KB] Next pair of indices: (55, 16)
[t=0.267247s, 37760 KB] M&S algorithm main loop timer: 0.26249s (after computation of next merge)
[t=0.311252s, 38940 KB] M&S algorithm main loop timer: 0.306561s (after merging)
[t=0.316638s, 38940 KB] M&S algorithm main loop timer: 0.311928s (after pruning)

[t=0.316717s, 38940 KB] Operator mutex starting iteration 19

[t=0.316884s, 38940 KB] In ts_19_0 of size 2 found num new op-mutexes 0

[t=0.316972s, 38940 KB] In ts_19_1 of size 4 found num new op-mutexes 0

[t=0.317048s, 38940 KB] In ts_19_2 of size 2 found num new op-mutexes 0

[t=0.31712s, 38940 KB] In ts_19_3 of size 2 found num new op-mutexes 0

[t=0.317231s, 38940 KB] In ts_19_4 of size 3 found num new op-mutexes 0

[t=0.317303s, 38940 KB] In ts_19_5 of size 2 found num new op-mutexes 0

[t=0.317381s, 38940 KB] In ts_19_6 of size 3 found num new op-mutexes 0

[t=0.317451s, 38940 KB] In ts_19_7 of size 2 found num new op-mutexes 0

[t=0.317522s, 38940 KB] In ts_19_8 of size 2 found num new op-mutexes 0

[t=0.317592s, 38940 KB] In ts_19_9 of size 2 found num new op-mutexes 0

[t=0.317662s, 38940 KB] In ts_19_10 of size 2 found num new op-mutexes 0

[t=0.317731s, 38940 KB] In ts_19_11 of size 2 found num new op-mutexes 0

[t=0.317799s, 38940 KB] In ts_19_12 of size 2 found num new op-mutexes 0

[t=0.317868s, 38940 KB] In ts_19_14 of size 2 found num new op-mutexes 0

[t=0.31794s, 38940 KB] In ts_19_34 of size 3 found num new op-mutexes 0

[t=0.318011s, 38940 KB] In ts_19_35 of size 3 found num new op-mutexes 0
[t=0.31833s, 38940 KB] Operator mutex finished iteration 19. Found an additional 0 operator mutexes

[t=0.318365s, 38940 KB] Next pair of indices: (56, 14)
[t=0.318387s, 38940 KB] M&S algorithm main loop timer: 0.31363s (after computation of next merge)
[t=0.363917s, 40008 KB] M&S algorithm main loop timer: 0.359232s (after merging)
[t=0.369562s, 40008 KB] M&S algorithm main loop timer: 0.364856s (after pruning)

[t=0.369645s, 40008 KB] Operator mutex starting iteration 20

[t=0.369811s, 40008 KB] In ts_20_0 of size 2 found num new op-mutexes 0

[t=0.369896s, 40008 KB] In ts_20_1 of size 4 found num new op-mutexes 0

[t=0.369971s, 40008 KB] In ts_20_2 of size 2 found num new op-mutexes 0

[t=0.370045s, 40008 KB] In ts_20_3 of size 2 found num new op-mutexes 0

[t=0.370147s, 40008 KB] In ts_20_4 of size 3 found num new op-mutexes 0

[t=0.370227s, 40008 KB] In ts_20_5 of size 2 found num new op-mutexes 0

[t=0.370309s, 40008 KB] In ts_20_6 of size 3 found num new op-mutexes 0

[t=0.370388s, 40008 KB] In ts_20_7 of size 2 found num new op-mutexes 0

[t=0.37046s, 40008 KB] In ts_20_8 of size 2 found num new op-mutexes 0

[t=0.37053s, 40008 KB] In ts_20_9 of size 2 found num new op-mutexes 0

[t=0.370599s, 40008 KB] In ts_20_10 of size 2 found num new op-mutexes 0

[t=0.370669s, 40008 KB] In ts_20_11 of size 2 found num new op-mutexes 0

[t=0.370738s, 40008 KB] In ts_20_12 of size 2 found num new op-mutexes 0

[t=0.370809s, 40008 KB] In ts_20_34 of size 3 found num new op-mutexes 0

[t=0.370879s, 40008 KB] In ts_20_35 of size 3 found num new op-mutexes 0
[t=0.371238s, 40008 KB] Operator mutex finished iteration 20. Found an additional 0 operator mutexes

[t=0.371273s, 40008 KB] Next pair of indices: (57, 12)
[t=0.371295s, 40008 KB] M&S algorithm main loop timer: 0.366538s (after computation of next merge)
[t=0.419501s, 41460 KB] M&S algorithm main loop timer: 0.41481s (after merging)
[t=0.429924s, 41460 KB] M&S algorithm main loop timer: 0.425222s (after pruning)

[t=0.430012s, 41460 KB] Operator mutex starting iteration 21

[t=0.430189s, 41460 KB] In ts_21_0 of size 2 found num new op-mutexes 0

[t=0.430275s, 41460 KB] In ts_21_1 of size 4 found num new op-mutexes 0

[t=0.43035s, 41460 KB] In ts_21_2 of size 2 found num new op-mutexes 0

[t=0.430423s, 41460 KB] In ts_21_3 of size 2 found num new op-mutexes 0

[t=0.430524s, 41460 KB] In ts_21_4 of size 3 found num new op-mutexes 0

[t=0.430597s, 41460 KB] In ts_21_5 of size 2 found num new op-mutexes 0

[t=0.430673s, 41460 KB] In ts_21_6 of size 3 found num new op-mutexes 0

[t=0.430743s, 41460 KB] In ts_21_7 of size 2 found num new op-mutexes 0

[t=0.430814s, 41460 KB] In ts_21_8 of size 2 found num new op-mutexes 0

[t=0.430884s, 41460 KB] In ts_21_9 of size 2 found num new op-mutexes 0

[t=0.430954s, 41460 KB] In ts_21_10 of size 2 found num new op-mutexes 0

[t=0.43103s, 41460 KB] In ts_21_11 of size 2 found num new op-mutexes 0

[t=0.431102s, 41460 KB] In ts_21_34 of size 3 found num new op-mutexes 0

[t=0.431172s, 41460 KB] In ts_21_35 of size 3 found num new op-mutexes 0
[t=0.431796s, 41460 KB] Operator mutex finished iteration 21. Found an additional 0 operator mutexes

[t=0.431832s, 41460 KB] Next pair of indices: (58, 11)
[t=0.431855s, 41460 KB] M&S algorithm main loop timer: 0.427098s (after computation of next merge)
[t=0.459145s, 41460 KB] M&S algorithm main loop timer: 0.454443s (after shrinking)
[t=0.534589s, 46896 KB] M&S algorithm main loop timer: 0.529905s (after merging)
[t=0.549896s, 46896 KB] M&S algorithm main loop timer: 0.5452s (after pruning)

[t=0.549988s, 46896 KB] Operator mutex starting iteration 22

[t=0.550157s, 46896 KB] In ts_22_0 of size 2 found num new op-mutexes 0

[t=0.550244s, 46896 KB] In ts_22_1 of size 4 found num new op-mutexes 0

[t=0.550322s, 46896 KB] In ts_22_2 of size 2 found num new op-mutexes 0

[t=0.550396s, 46896 KB] In ts_22_3 of size 2 found num new op-mutexes 0

[t=0.55051s, 46896 KB] In ts_22_4 of size 3 found num new op-mutexes 0

[t=0.550584s, 46896 KB] In ts_22_5 of size 2 found num new op-mutexes 0

[t=0.550661s, 46896 KB] In ts_22_6 of size 3 found num new op-mutexes 0

[t=0.550733s, 46896 KB] In ts_22_7 of size 2 found num new op-mutexes 0

[t=0.550805s, 46896 KB] In ts_22_8 of size 2 found num new op-mutexes 0

[t=0.550876s, 46896 KB] In ts_22_9 of size 2 found num new op-mutexes 0

[t=0.550947s, 46896 KB] In ts_22_10 of size 2 found num new op-mutexes 0

[t=0.551041s, 46896 KB] In ts_22_34 of size 3 found num new op-mutexes 0

[t=0.551119s, 46896 KB] In ts_22_35 of size 3 found num new op-mutexes 0
[t=0.552042s, 46896 KB] Operator mutex finished iteration 22. Found an additional 0 operator mutexes

[t=0.552079s, 46896 KB] Next pair of indices: (59, 10)
[t=0.552102s, 46896 KB] M&S algorithm main loop timer: 0.547345s (after computation of next merge)
[t=0.576004s, 46896 KB] M&S algorithm main loop timer: 0.571307s (after shrinking)
[t=0.658199s, 49752 KB] M&S algorithm main loop timer: 0.653512s (after merging)
[t=0.677204s, 49752 KB] M&S algorithm main loop timer: 0.672504s (after pruning)

[t=0.677302s, 49752 KB] Operator mutex starting iteration 23

[t=0.67747s, 49752 KB] In ts_23_0 of size 2 found num new op-mutexes 0

[t=0.677559s, 49752 KB] In ts_23_1 of size 4 found num new op-mutexes 0

[t=0.677636s, 49752 KB] In ts_23_2 of size 2 found num new op-mutexes 0

[t=0.677709s, 49752 KB] In ts_23_3 of size 2 found num new op-mutexes 0

[t=0.67781s, 49752 KB] In ts_23_4 of size 3 found num new op-mutexes 0

[t=0.677884s, 49752 KB] In ts_23_5 of size 2 found num new op-mutexes 0

[t=0.677971s, 49752 KB] In ts_23_6 of size 3 found num new op-mutexes 0

[t=0.678045s, 49752 KB] In ts_23_7 of size 2 found num new op-mutexes 0

[t=0.678118s, 49752 KB] In ts_23_8 of size 2 found num new op-mutexes 0

[t=0.678191s, 49752 KB] In ts_23_9 of size 2 found num new op-mutexes 0

[t=0.678264s, 49752 KB] In ts_23_34 of size 3 found num new op-mutexes 0

[t=0.678336s, 49752 KB] In ts_23_35 of size 3 found num new op-mutexes 0
[t=0.679531s, 49752 KB] Operator mutex finished iteration 23. Found an additional 0 operator mutexes

[t=0.679576s, 49752 KB] Next pair of indices: (60, 9)
[t=0.679599s, 49752 KB] M&S algorithm main loop timer: 0.674843s (after computation of next merge)
[t=0.705478s, 49752 KB] M&S algorithm main loop timer: 0.700781s (after shrinking)
[t=0.784597s, 51756 KB] M&S algorithm main loop timer: 0.779904s (after merging)
[t=0.795323s, 51756 KB] M&S algorithm main loop timer: 0.790623s (after pruning)

[t=0.795412s, 51756 KB] Operator mutex starting iteration 24

[t=0.795575s, 51756 KB] In ts_24_0 of size 2 found num new op-mutexes 0

[t=0.795662s, 51756 KB] In ts_24_1 of size 4 found num new op-mutexes 0

[t=0.795749s, 51756 KB] In ts_24_2 of size 2 found num new op-mutexes 0

[t=0.795829s, 51756 KB] In ts_24_3 of size 2 found num new op-mutexes 0

[t=0.79593s, 51756 KB] In ts_24_4 of size 3 found num new op-mutexes 0

[t=0.796004s, 51756 KB] In ts_24_5 of size 2 found num new op-mutexes 0

[t=0.796087s, 51756 KB] In ts_24_6 of size 3 found num new op-mutexes 0

[t=0.796165s, 51756 KB] In ts_24_7 of size 2 found num new op-mutexes 0

[t=0.796241s, 51756 KB] In ts_24_8 of size 2 found num new op-mutexes 0

[t=0.796319s, 51756 KB] In ts_24_34 of size 3 found num new op-mutexes 0

[t=0.796396s, 51756 KB] In ts_24_35 of size 3 found num new op-mutexes 0
[t=0.796957s, 51756 KB] Operator mutex finished iteration 24. Found an additional 0 operator mutexes

[t=0.796996s, 51756 KB] Next pair of indices: (61, 8)
[t=0.79702s, 51756 KB] M&S algorithm main loop timer: 0.792265s (after computation of next merge)
[t=0.872645s, 52292 KB] M&S algorithm main loop timer: 0.867978s (after merging)
[t=0.891902s, 52292 KB] M&S algorithm main loop timer: 0.887213s (after pruning)

[t=0.892002s, 52292 KB] Operator mutex starting iteration 25

[t=0.892175s, 52292 KB] In ts_25_0 of size 2 found num new op-mutexes 0

[t=0.892262s, 52292 KB] In ts_25_1 of size 4 found num new op-mutexes 0

[t=0.89234s, 52292 KB] In ts_25_2 of size 2 found num new op-mutexes 0

[t=0.892424s, 52292 KB] In ts_25_3 of size 2 found num new op-mutexes 0

[t=0.892527s, 52292 KB] In ts_25_4 of size 3 found num new op-mutexes 0

[t=0.8926s, 52292 KB] In ts_25_5 of size 2 found num new op-mutexes 0

[t=0.892677s, 52292 KB] In ts_25_6 of size 3 found num new op-mutexes 0

[t=0.892748s, 52292 KB] In ts_25_7 of size 2 found num new op-mutexes 0

[t=0.892821s, 52292 KB] In ts_25_34 of size 3 found num new op-mutexes 0

[t=0.892894s, 52292 KB] In ts_25_35 of size 3 found num new op-mutexes 0
[t=0.894014s, 52292 KB] Operator mutex finished iteration 25. Found an additional 0 operator mutexes

[t=0.894055s, 52292 KB] Next pair of indices: (62, 7)
[t=0.894079s, 52292 KB] M&S algorithm main loop timer: 0.889325s (after computation of next merge)
[t=0.930389s, 52292 KB] M&S algorithm main loop timer: 0.925696s (after shrinking)
[t=1.04416s, 57556 KB] M&S algorithm main loop timer: 1.03948s (after merging)

[t=1.04716s, 57556 KB] Operator mutex starting iteration 26

[t=1.04735s, 57556 KB] In ts_26_0 of size 2 found num new op-mutexes 0

[t=1.04744s, 57556 KB] In ts_26_1 of size 4 found num new op-mutexes 0

[t=1.04752s, 57556 KB] In ts_26_2 of size 2 found num new op-mutexes 0

[t=1.0476s, 57556 KB] In ts_26_3 of size 2 found num new op-mutexes 0

[t=1.0477s, 57556 KB] In ts_26_4 of size 3 found num new op-mutexes 0

[t=1.04777s, 57556 KB] In ts_26_5 of size 2 found num new op-mutexes 0

[t=1.04787s, 57556 KB] In ts_26_6 of size 3 found num new op-mutexes 0

[t=1.04795s, 57556 KB] In ts_26_34 of size 3 found num new op-mutexes 0

[t=1.04803s, 57556 KB] In ts_26_35 of size 3 found num new op-mutexes 0
[t=1.04958s, 57556 KB] Operator mutex finished iteration 26. Found an additional 0 operator mutexes

[t=1.04963s, 57556 KB] Next pair of indices: (63, 6)
[t=1.04965s, 57556 KB] M&S algorithm main loop timer: 1.04489s (after computation of next merge)
[t=1.0886s, 57556 KB] M&S algorithm main loop timer: 1.08391s (after shrinking)
[t=1.20952s, 60108 KB] M&S algorithm main loop timer: 1.20484s (after merging)
[t=1.23673s, 60108 KB] M&S algorithm main loop timer: 1.23203s (after pruning)

[t=1.23682s, 60108 KB] Operator mutex starting iteration 27

[t=1.23699s, 60108 KB] In ts_27_0 of size 2 found num new op-mutexes 0

[t=1.23708s, 60108 KB] In ts_27_1 of size 4 found num new op-mutexes 0

[t=1.23717s, 60108 KB] In ts_27_2 of size 2 found num new op-mutexes 0

[t=1.23725s, 60108 KB] In ts_27_3 of size 2 found num new op-mutexes 0

[t=1.23736s, 60108 KB] In ts_27_4 of size 3 found num new op-mutexes 0

[t=1.23744s, 60108 KB] In ts_27_5 of size 2 found num new op-mutexes 0

[t=1.23752s, 60108 KB] In ts_27_34 of size 3 found num new op-mutexes 0

[t=1.23759s, 60108 KB] In ts_27_35 of size 3 found num new op-mutexes 0
[t=1.23923s, 60108 KB] Operator mutex finished iteration 27. Found an additional 0 operator mutexes

[t=1.23927s, 60108 KB] Next pair of indices: (64, 5)
[t=1.2393s, 60108 KB] M&S algorithm main loop timer: 1.23454s (after computation of next merge)
[t=1.29783s, 60108 KB] M&S algorithm main loop timer: 1.29313s (after shrinking)
[t=1.43732s, 64464 KB] M&S algorithm main loop timer: 1.43264s (after merging)
[t=1.4697s, 64464 KB] M&S algorithm main loop timer: 1.465s (after pruning)

[t=1.46979s, 64464 KB] Operator mutex starting iteration 28

[t=1.46997s, 64464 KB] In ts_28_0 of size 2 found num new op-mutexes 0

[t=1.47005s, 64464 KB] In ts_28_1 of size 4 found num new op-mutexes 0

[t=1.47014s, 64464 KB] In ts_28_2 of size 2 found num new op-mutexes 0

[t=1.47021s, 64464 KB] In ts_28_3 of size 2 found num new op-mutexes 0

[t=1.47032s, 64464 KB] In ts_28_4 of size 3 found num new op-mutexes 0

[t=1.47039s, 64464 KB] In ts_28_34 of size 3 found num new op-mutexes 0

[t=1.47046s, 64464 KB] In ts_28_35 of size 3 found num new op-mutexes 0
[t=1.47248s, 64464 KB] Operator mutex finished iteration 28. Found an additional 0 operator mutexes

[t=1.47253s, 64464 KB] Next pair of indices: (65, 35)
[t=1.47256s, 64464 KB] M&S algorithm main loop timer: 1.4678s (after computation of next merge)
[t=1.52666s, 64464 KB] M&S algorithm main loop timer: 1.52197s (after shrinking)
[t=1.6856s, 69812 KB] M&S algorithm main loop timer: 1.68091s (after merging)
[t=1.72627s, 69812 KB] M&S algorithm main loop timer: 1.72157s (after pruning)

[t=1.72636s, 69812 KB] Operator mutex starting iteration 29

[t=1.72653s, 69812 KB] In ts_29_0 of size 2 found num new op-mutexes 0

[t=1.72662s, 69812 KB] In ts_29_1 of size 4 found num new op-mutexes 0

[t=1.7267s, 69812 KB] In ts_29_2 of size 2 found num new op-mutexes 0

[t=1.72681s, 69812 KB] In ts_29_3 of size 2 found num new op-mutexes 0

[t=1.72691s, 69812 KB] In ts_29_4 of size 3 found num new op-mutexes 0

[t=1.727s, 69812 KB] In ts_29_34 of size 3 found num new op-mutexes 0
[t=1.72949s, 69812 KB] Operator mutex finished iteration 29. Found an additional 0 operator mutexes

[t=1.72955s, 69812 KB] Next pair of indices: (66, 34)
[t=1.72958s, 69812 KB] M&S algorithm main loop timer: 1.72483s (after computation of next merge)
[t=1.80422s, 69812 KB] M&S algorithm main loop timer: 1.79954s (after shrinking)
[t=1.99869s, 76032 KB] M&S algorithm main loop timer: 1.99401s (after merging)
[t=2.04852s, 76032 KB] M&S algorithm main loop timer: 2.04383s (after pruning)

[t=2.04862s, 76032 KB] Operator mutex starting iteration 30

[t=2.04879s, 76032 KB] In ts_30_0 of size 2 found num new op-mutexes 0

[t=2.04888s, 76032 KB] In ts_30_1 of size 4 found num new op-mutexes 0

[t=2.04896s, 76032 KB] In ts_30_2 of size 2 found num new op-mutexes 0

[t=2.04904s, 76032 KB] In ts_30_3 of size 2 found num new op-mutexes 0

[t=2.04914s, 76032 KB] In ts_30_4 of size 3 found num new op-mutexes 0
[t=2.05217s, 76032 KB] Operator mutex finished iteration 30. Found an additional 0 operator mutexes

[t=2.05224s, 76032 KB] Next pair of indices: (67, 4)
[t=2.05227s, 76032 KB] M&S algorithm main loop timer: 2.04751s (after computation of next merge)
[t=2.14273s, 76032 KB] M&S algorithm main loop timer: 2.13804s (after shrinking)
[t=2.40267s, 87564 KB] M&S algorithm main loop timer: 2.39799s (after merging)

[t=2.40566s, 87564 KB] Operator mutex starting iteration 31

[t=2.40586s, 87564 KB] In ts_31_0 of size 2 found num new op-mutexes 0

[t=2.40594s, 87564 KB] In ts_31_1 of size 4 found num new op-mutexes 0

[t=2.40602s, 87564 KB] In ts_31_2 of size 2 found num new op-mutexes 0

[t=2.4061s, 87564 KB] In ts_31_3 of size 2 found num new op-mutexes 0
[t=2.41017s, 87564 KB] Operator mutex finished iteration 31. Found an additional 0 operator mutexes

[t=2.41024s, 87564 KB] Next pair of indices: (68, 3)
[t=2.41026s, 87564 KB] M&S algorithm main loop timer: 2.4055s (after computation of next merge)
[t=2.52529s, 87564 KB] M&S algorithm main loop timer: 2.52059s (after shrinking)
[t=2.78876s, 93656 KB] M&S algorithm main loop timer: 2.78408s (after merging)

[t=2.79158s, 93656 KB] Operator mutex starting iteration 32

[t=2.79178s, 93656 KB] In ts_32_0 of size 2 found num new op-mutexes 0

[t=2.79186s, 93656 KB] In ts_32_1 of size 4 found num new op-mutexes 0

[t=2.79194s, 93656 KB] In ts_32_2 of size 2 found num new op-mutexes 0
[t=2.79813s, 93656 KB] Operator mutex finished iteration 32. Found an additional 0 operator mutexes

[t=2.79823s, 93656 KB] Next pair of indices: (69, 2)
[t=2.79825s, 93656 KB] M&S algorithm main loop timer: 2.79349s (after computation of next merge)
[t=2.90851s, 93656 KB] M&S algorithm main loop timer: 2.90383s (after shrinking)
[t=3.24607s, 109320 KB] M&S algorithm main loop timer: 3.24138s (after merging)
[t=3.34215s, 109320 KB] M&S algorithm main loop timer: 3.33745s (after pruning)

[t=3.34224s, 109320 KB] Operator mutex starting iteration 33

[t=3.34241s, 109320 KB] In ts_33_0 of size 2 found num new op-mutexes 0

[t=3.34251s, 109320 KB] In ts_33_1 of size 4 found num new op-mutexes 0
[t=3.3487s, 109320 KB] Operator mutex finished iteration 33. Found an additional 0 operator mutexes

[t=3.34879s, 109320 KB] Next pair of indices: (70, 1)
[t=3.34882s, 109320 KB] M&S algorithm main loop timer: 3.34407s (after computation of next merge)
[t=3.50351s, 109320 KB] M&S algorithm main loop timer: 3.49881s (after shrinking)
[t=4.04087s, 137836 KB] M&S algorithm main loop timer: 4.03618s (after merging)
[t=4.18116s, 137836 KB] M&S algorithm main loop timer: 4.17646s (after pruning)

[t=4.18125s, 137836 KB] Operator mutex starting iteration 34

[t=4.18142s, 137836 KB] In ts_34_0 of size 2 found num new op-mutexes 0
[t=4.19044s, 137836 KB] Operator mutex finished iteration 34. Found an additional 0 operator mutexes

[t=4.19053s, 137836 KB] Next pair of indices: (71, 0)
[t=4.19057s, 137836 KB] M&S algorithm main loop timer: 4.18582s (after computation of next merge)
[t=4.45642s, 137836 KB] M&S algorithm main loop timer: 4.45172s (after shrinking)
[t=4.84555s, 137836 KB] M&S algorithm main loop timer: 4.84086s (after merging)
[t=4.96081s, 137836 KB] M&S algorithm main loop timer: 4.95611s (after pruning)

[t=4.9609s, 137836 KB] Operator mutex starting iteration 35
[t=4.96826s, 137836 KB] Operator mutex finished iteration 35. Found an additional 0 operator mutexes

[t=4.96835s, 137836 KB] End of merge-and-shrink algorithm, statistics:
[t=4.96837s, 137836 KB] Main loop runtime: 4.96362s
[t=4.9684s, 137836 KB] Maximum intermediate abstraction size: 50000
[t=4.96842s, 137836 KB] Final peak memory increase of merge-and-shrink algorithm: 115104 KB
[t=4.96845s, 137836 KB] Merge-and-shrink algorithm runtime: 4.96545s

[t=4.96848s, 137836 KB] Number of labels: 287
[t=4.9685s, 137836 KB] Total number of operator mutexes: 27602
[t=4.96852s, 137836 KB] Operator Mutex total time: 0.15181s
[t=4.96855s, 137836 KB] Number of remaining factors: 1
[t=4.9688s, 137836 KB] Number of factors kept: 1
[t=4.96882s, 137836 KB] Done initializing merge-and-shrink heuristic.

[t=4.9699s, 137836 KB] Building successor generator...done!
[t=4.97069s, 137836 KB] peak memory difference for successor generator creation: 0 KB
[t=4.97071s, 137836 KB] time for successor generation creation: 0.000174057s
[t=4.97074s, 137836 KB] Variables: 37
[t=4.97076s, 137836 KB] FactPairs: 101
[t=4.97079s, 137836 KB] Bytes per state: 8
[t=4.97093s, 137836 KB] Conducting best first search with reopening closed nodes, (real) bound = 2147483647
[t=4.97101s, 137836 KB] New best heuristic value for merge_and_shrink(op_mutex = op_mutex(use_previous_ops = nopo, reachability_strategy = goal), merge_strategy = merge_precomputed(linear), shrink_strategy = shrink_fh): 195
[t=4.97104s, 137836 KB] g=0, 1 evaluated, 0 expanded
[t=4.97106s, 137836 KB] f = 195, 1 evaluated, 0 expanded
[t=4.97108s, 137836 KB] Initial heuristic value for merge_and_shrink(op_mutex = op_mutex(use_previous_ops = nopo, reachability_strategy = goal), merge_strategy = merge_precomputed(linear), shrink_strategy = shrink_fh): 195
[t=4.9711s, 137836 KB] pruning method: none
[t=4.97113s, 137836 KB] New best heuristic value for merge_and_shrink(op_mutex = op_mutex(use_previous_ops = nopo, reachability_strategy = goal), merge_strategy = merge_precomputed(linear), shrink_strategy = shrink_fh): 185
[t=4.97116s, 137836 KB] g=10, 2 evaluated, 1 expanded
[t=4.97118s, 137836 KB] New best heuristic value for merge_and_shrink(op_mutex = op_mutex(use_previous_ops = nopo, reachability_strategy = goal), merge_strategy = merge_precomputed(linear), shrink_strategy = shrink_fh): 165
[t=4.9712s, 137836 KB] g=30, 3 evaluated, 1 expanded
[t=4.97128s, 137836 KB] New best heuristic value for merge_and_shrink(op_mutex = op_mutex(use_previous_ops = nopo, reachability_strategy = goal), merge_strategy = merge_precomputed(linear), shrink_strategy = shrink_fh): 155
[t=4.9713s, 137836 KB] g=40, 13 evaluated, 2 expanded
[t=4.97134s, 137836 KB] New best heuristic value for merge_and_shrink(op_mutex = op_mutex(use_previous_ops = nopo, reachability_strategy = goal), merge_strategy = merge_precomputed(linear), shrink_strategy = shrink_fh): 135
[t=4.97136s, 137836 KB] g=60, 18 evaluated, 2 expanded
[t=4.9714s, 137836 KB] New best heuristic value for merge_and_shrink(op_mutex = op_mutex(use_previous_ops = nopo, reachability_strategy = goal), merge_strategy = merge_precomputed(linear), shrink_strategy = shrink_fh): 125
[t=4.97142s, 137836 KB] g=70, 22 evaluated, 3 expanded
[t=4.97148s, 137836 KB] New best heuristic value for merge_and_shrink(op_mutex = op_mutex(use_previous_ops = nopo, reachability_strategy = goal), merge_strategy = merge_precomputed(linear), shrink_strategy = shrink_fh): 105
[t=4.97151s, 137836 KB] g=90, 32 evaluated, 3 expanded
[t=4.97155s, 137836 KB] New best heuristic value for merge_and_shrink(op_mutex = op_mutex(use_previous_ops = nopo, reachability_strategy = goal), merge_strategy = merge_precomputed(linear), shrink_strategy = shrink_fh): 95
[t=4.97157s, 137836 KB] g=100, 34 evaluated, 4 expanded
[t=4.97169s, 137836 KB] New best heuristic value for merge_and_shrink(op_mutex = op_mutex(use_previous_ops = nopo, reachability_strategy = goal), merge_strategy = merge_precomputed(linear), shrink_strategy = shrink_fh): 90
[t=4.97171s, 137836 KB] g=110, 48 evaluated, 5 expanded
[t=4.97174s, 137836 KB] New best heuristic value for merge_and_shrink(op_mutex = op_mutex(use_previous_ops = nopo, reachability_strategy = goal), merge_strategy = merge_precomputed(linear), shrink_strategy = shrink_fh): 85
[t=4.97175s, 137836 KB] g=110, 52 evaluated, 5 expanded
[t=4.9718s, 137836 KB] New best heuristic value for merge_and_shrink(op_mutex = op_mutex(use_previous_ops = nopo, reachability_strategy = goal), merge_strategy = merge_precomputed(linear), shrink_strategy = shrink_fh): 80
[t=4.97182s, 137836 KB] g=120, 64 evaluated, 6 expanded
[t=4.97186s, 137836 KB] New best heuristic value for merge_and_shrink(op_mutex = op_mutex(use_previous_ops = nopo, reachability_strategy = goal), merge_strategy = merge_precomputed(linear), shrink_strategy = shrink_fh): 75
[t=4.97188s, 137836 KB] g=120, 68 evaluated, 6 expanded
[t=4.97194s, 137836 KB] New best heuristic value for merge_and_shrink(op_mutex = op_mutex(use_previous_ops = nopo, reachability_strategy = goal), merge_strategy = merge_precomputed(linear), shrink_strategy = shrink_fh): 70
[t=4.97196s, 137836 KB] g=125, 78 evaluated, 6 expanded
[t=4.97198s, 137836 KB] New best heuristic value for merge_and_shrink(op_mutex = op_mutex(use_previous_ops = nopo, reachability_strategy = goal), merge_strategy = merge_precomputed(linear), shrink_strategy = shrink_fh): 65
[t=4.97199s, 137836 KB] g=135, 79 evaluated, 7 expanded
[t=4.97203s, 137836 KB] New best heuristic value for merge_and_shrink(op_mutex = op_mutex(use_previous_ops = nopo, reachability_strategy = goal), merge_strategy = merge_precomputed(linear), shrink_strategy = shrink_fh): 60
[t=4.97204s, 137836 KB] g=135, 83 evaluated, 7 expanded
[t=4.97211s, 137836 KB] New best heuristic value for merge_and_shrink(op_mutex = op_mutex(use_previous_ops = nopo, reachability_strategy = goal), merge_strategy = merge_precomputed(linear), shrink_strategy = shrink_fh): 55
[t=4.97213s, 137836 KB] g=145, 92 evaluated, 8 expanded
[t=4.97217s, 137836 KB] New best heuristic value for merge_and_shrink(op_mutex = op_mutex(use_previous_ops = nopo, reachability_strategy = goal), merge_strategy = merge_precomputed(linear), shrink_strategy = shrink_fh): 50
[t=4.97218s, 137836 KB] g=145, 96 evaluated, 8 expanded
[t=4.97225s, 137836 KB] New best heuristic value for merge_and_shrink(op_mutex = op_mutex(use_previous_ops = nopo, reachability_strategy = goal), merge_strategy = merge_precomputed(linear), shrink_strategy = shrink_fh): 45
[t=4.97227s, 137836 KB] g=155, 104 evaluated, 9 expanded
[t=4.97233s, 137836 KB] New best heuristic value for merge_and_shrink(op_mutex = op_mutex(use_previous_ops = nopo, reachability_strategy = goal), merge_strategy = merge_precomputed(linear), shrink_strategy = shrink_fh): 30
[t=4.97235s, 137836 KB] g=165, 112 evaluated, 9 expanded
[t=4.97239s, 137836 KB] New best heuristic value for merge_and_shrink(op_mutex = op_mutex(use_previous_ops = nopo, reachability_strategy = goal), merge_strategy = merge_precomputed(linear), shrink_strategy = shrink_fh): 25
[t=4.97241s, 137836 KB] g=175, 116 evaluated, 10 expanded
[t=4.97248s, 137836 KB] New best heuristic value for merge_and_shrink(op_mutex = op_mutex(use_previous_ops = nopo, reachability_strategy = goal), merge_strategy = merge_precomputed(linear), shrink_strategy = shrink_fh): 20
[t=4.9725s, 137836 KB] g=175, 125 evaluated, 10 expanded
[t=4.97256s, 137836 KB] New best heuristic value for merge_and_shrink(op_mutex = op_mutex(use_previous_ops = nopo, reachability_strategy = goal), merge_strategy = merge_precomputed(linear), shrink_strategy = shrink_fh): 15
[t=4.97258s, 137836 KB] g=185, 129 evaluated, 11 expanded
[t=4.97266s, 137836 KB] New best heuristic value for merge_and_shrink(op_mutex = op_mutex(use_previous_ops = nopo, reachability_strategy = goal), merge_strategy = merge_precomputed(linear), shrink_strategy = shrink_fh): 10
[t=4.97268s, 137836 KB] g=185, 140 evaluated, 11 expanded
[t=4.97272s, 137836 KB] New best heuristic value for merge_and_shrink(op_mutex = op_mutex(use_previous_ops = nopo, reachability_strategy = goal), merge_strategy = merge_precomputed(linear), shrink_strategy = shrink_fh): 5
[t=4.97274s, 137836 KB] g=195, 143 evaluated, 12 expanded
[t=4.9729s, 137836 KB] New best heuristic value for merge_and_shrink(op_mutex = op_mutex(use_previous_ops = nopo, reachability_strategy = goal), merge_strategy = merge_precomputed(linear), shrink_strategy = shrink_fh): 0
[t=4.97293s, 137836 KB] g=200, 164 evaluated, 13 expanded
[t=4.97296s, 137836 KB] Solution found!
[t=4.97298s, 137836 KB] Actual search time: 0.0018737s
load-highspeed-saw b0 highspeed-saw0 (30)
do-saw-large b1 p3 saw0 mahogany rough s5 s3 s4 s2 (30)
do-plane p3 planer0 rough natural untreated (30)
do-plane p2 planer0 rough black colourfragments (10)
cut-board-medium b0 p4 highspeed-saw0 teak rough s3 s2 s1 (10)
do-glaze p4 glazer0 green (15)
cut-board-small b0 p1 highspeed-saw0 teak rough s1 s0 (10)
cut-board-medium b0 p0 highspeed-saw0 teak rough s3 s2 s1 (10)
do-plane p0 planer0 rough natural untreated (20)
do-plane p1 planer0 rough natural untreated (10)
do-immersion-varnish p0 immersion-varnisher0 green smooth (10)
do-spray-varnish p2 spray-varnisher0 green smooth (5)
do-spray-varnish p1 spray-varnisher0 green smooth (5)
[t=4.973s, 137836 KB] Plan length: 13 step(s).
[t=4.973s, 137836 KB] Plan cost: 195
[t=4.973s, 137836 KB] Expanded 14 state(s).
[t=4.973s, 137836 KB] Reopened 0 state(s).
[t=4.973s, 137836 KB] Evaluated 164 state(s).
[t=4.973s, 137836 KB] Evaluations: 164
[t=4.973s, 137836 KB] Generated 195 state(s).
[t=4.973s, 137836 KB] Dead ends: 12 state(s).
[t=4.973s, 137836 KB] Expanded until last jump: 0 state(s).
[t=4.973s, 137836 KB] Reopened until last jump: 0 state(s).
[t=4.973s, 137836 KB] Evaluated until last jump: 1 state(s).
[t=4.973s, 137836 KB] Generated until last jump: 0 state(s).
[t=4.973s, 137836 KB] Number of registered states: 164
[t=4.973s, 137836 KB] Int hash set load factor: 164/256 = 0.640625
[t=4.973s, 137836 KB] Int hash set resizes: 8
[t=4.973s, 137836 KB] Search time: 0.00206794s
[t=4.973s, 137836 KB] Total time: 4.973s
Solution found.
Peak memory: 137836 KB
Remove intermediate file output.sas
search exit code: 0

INFO     Running validate.
INFO     validate stdin: None
INFO     validate time limit: None
INFO     validate memory limit: None
INFO     validate command line string: validate domain.pddl problem.pddl sas_plan
Checking plan: sas_plan
Plan executed successfully - checking goal
Plan valid
Final value: 195 

Successful plans:
Value: 195
 sas_plan 195 

validate exit code: 0

