INFO     Running translator.
INFO     translator stdin: None
INFO     translator time limit: 599.97s
INFO     translator memory limit: 7000 MB
INFO     translator command line string: /usr/bin/python3 /user/student.aau.dk/lkar18/downward-projects/downward/experiments/nopo_vs_nasutpo_vs_nelutpo/data/nopo_vs_nasutpo_vs_nelutpo/code-f7902f30c0f47512f07fb7c64cdaf652032f674a_e5e41175/builds/release/bin/translate/translate.py domain.pddl problem.pddl --sas-file output.sas
Parsing...
Parsing: [0.000s CPU, 0.002s wall-clock]
Normalizing task... [0.000s CPU, 0.000s wall-clock]
Instantiating...
Generating Datalog program... [0.000s CPU, 0.001s wall-clock]
Normalizing Datalog program...
Normalizing Datalog program: [0.000s CPU, 0.003s wall-clock]
Preparing model... [0.010s CPU, 0.002s wall-clock]
Generated 42 rules.
Computing model... [0.060s CPU, 0.064s wall-clock]
4582 relevant atoms
2124 auxiliary atoms
6706 final queue length
14587 total queue pushes
Completing instantiation... [0.200s CPU, 0.204s wall-clock]
Instantiating: [0.280s CPU, 0.273s wall-clock]
Computing fact groups...
Finding invariants...
12 initial candidates
Finding invariants: [0.000s CPU, 0.006s wall-clock]
Checking invariant weight... [0.000s CPU, 0.000s wall-clock]
Instantiating groups... [0.010s CPU, 0.002s wall-clock]
Collecting mutex groups... [0.000s CPU, 0.000s wall-clock]
Choosing groups...
0 uncovered facts
Choosing groups: [0.000s CPU, 0.001s wall-clock]
Building translation key... [0.000s CPU, 0.000s wall-clock]
Computing fact groups: [0.010s CPU, 0.012s wall-clock]
Building STRIPS to SAS dictionary... [0.000s CPU, 0.000s wall-clock]
Building dictionary for full mutex groups... [0.000s CPU, 0.000s wall-clock]
Building mutex information...
Building mutex information: [0.000s CPU, 0.000s wall-clock]
Translating task...
Processing axioms...
Simplifying axioms... [0.000s CPU, 0.000s wall-clock]
Translator axioms removed by simplifying: 0
Computing negative axioms... [0.000s CPU, 0.000s wall-clock]
Processing axioms: [0.010s CPU, 0.010s wall-clock]
Translating task: [0.160s CPU, 0.170s wall-clock]
0 effect conditions simplified
0 implied preconditions added
Detecting unreachable propositions...
0 operators removed
0 axioms removed
30 propositions removed
Detecting unreachable propositions: [0.090s CPU, 0.081s wall-clock]
Reordering and filtering variables...
30 of 30 variables necessary.
0 of 30 mutex groups necessary.
4085 of 4085 operators necessary.
0 of 0 axiom rules necessary.
Reordering and filtering variables: [0.020s CPU, 0.024s wall-clock]
Translator variables: 30
Translator derived variables: 0
Translator facts: 319
Translator goal facts: 3
Translator mutex groups: 0
Translator total mutex groups size: 0
Translator operators: 4085
Translator axioms: 0
Translator task size: 23507
Translator peak memory: 58400 KB
Writing output... [0.050s CPU, 0.053s wall-clock]
Done! [0.620s CPU, 0.625s wall-clock]
translate exit code: 0

INFO     Running search (release).
INFO     search stdin: output.sas
INFO     search time limit: 599.29s
INFO     search memory limit: 7000 MB
INFO     search command line string: /user/student.aau.dk/lkar18/downward-projects/downward/experiments/nopo_vs_nasutpo_vs_nelutpo/data/nopo_vs_nasutpo_vs_nelutpo/code-f7902f30c0f47512f07fb7c64cdaf652032f674a_e5e41175/builds/release/bin/downward --search 'astar(merge_and_shrink(op_mutex=op_mutex(use_previous_ops=NoPO, reachability_strategy=goal)))' --internal-plan-file sas_plan < output.sas
[t=3.8865e-05s, 22344 KB] reading input...
[t=0.0162551s, 23512 KB] done reading input!
[t=0.0183094s, 23776 KB] Initializing merge-and-shrink heuristic...
[t=0.0183906s, 23776 KB] Running merge-and-shrink algorithm...
[t=0.018411s, 23776 KB] Merge strategy options:
[t=0.0184322s, 23776 KB] Type: stateless
[t=0.0184531s, 23776 KB] Merge selector options:
[t=0.0184727s, 23776 KB] Name: score based filtering
[t=0.0184929s, 23776 KB] Merge scoring function:
[t=0.0185126s, 23776 KB] Name: goal relevance
[t=0.0185323s, 23776 KB] Merge scoring function:
[t=0.0185514s, 23776 KB] Name: dfp
[t=0.0185708s, 23776 KB] Merge scoring function:
[t=0.0185901s, 23776 KB] Name: total order
[t=0.0186097s, 23776 KB] Atomic transition system order: reverse level
[t=0.0186294s, 23776 KB] Product transition system order: new to old
[t=0.0186489s, 23776 KB] Consider atomic before product transition systems
[t=0.0186686s, 23776 KB] Random seed: -1

[t=0.0186905s, 23776 KB] Options related to size limits and shrinking: 
[t=0.018711s, 23776 KB] Transition system size limit: 50000
[t=0.0187311s, 23776 KB] Transition system size limit right before merge: 50000
[t=0.0187509s, 23776 KB] Threshold to trigger shrinking right before merge: 1

[t=0.018773s, 23776 KB] Pruning unreachable states: yes
[t=0.0187934s, 23776 KB] Pruning irrelevant states: yes

[t=0.0188152s, 23776 KB] Label reduction disabled

[t=0.0188394s, 23776 KB] Main loop max time in seconds: inf

[t=0.0188745s, 23776 KB] ===============================================================================
[t=0.0189053s, 23776 KB] WARNING! You did not enable label reduction.
This may drastically reduce the performance of merge-and-shrink!
[t=0.0189359s, 23776 KB] ===============================================================================

[t=0.0190063s, 23776 KB] Building atomic transition systems... 
[t=0.0334192s, 46180 KB] M&S algorithm timer: 0.0151577s (after computation of atomic factors)

[t=0.0335814s, 46180 KB] Starting main loop without a time limit.
[t=0.0346299s, 46180 KB] Next pair of indices: (10, 27)
[t=0.0346709s, 46180 KB] M&S algorithm main loop timer: 0.00111969s (after computation of next merge)
[t=0.0353835s, 46312 KB] M&S algorithm main loop timer: 0.00184332s (after merging)

[t=0.0354477s, 46312 KB] Operator mutex starting iteration 0
[t=0.0361874s, 46428 KB] In ts_0_0 of size 2 found num new op-mutexes 100
[t=0.0368153s, 46428 KB] In ts_0_1 of size 4 found num new op-mutexes 675
[t=0.0374747s, 46428 KB] In ts_0_2 of size 5 found num new op-mutexes 900
[t=0.0381178s, 46428 KB] In ts_0_3 of size 9 found num new op-mutexes 800
[t=0.0388388s, 46600 KB] In ts_0_4 of size 9 found num new op-mutexes 800
[t=0.0394553s, 46600 KB] In ts_0_5 of size 9 found num new op-mutexes 800
[t=0.0401425s, 46600 KB] In ts_0_6 of size 7 found num new op-mutexes 1350
[t=0.0407983s, 46600 KB] In ts_0_7 of size 10 found num new op-mutexes 900
[t=0.0416196s, 46780 KB] In ts_0_8 of size 11 found num new op-mutexes 1000
[t=0.0424269s, 46780 KB] In ts_0_9 of size 7 found num new op-mutexes 2400
[t=0.0430349s, 46780 KB] In ts_0_11 of size 13 found num new op-mutexes 0
[t=0.0444708s, 46780 KB] In ts_0_12 of size 11 found num new op-mutexes 2250
[t=0.0461072s, 47140 KB] In ts_0_13 of size 11 found num new op-mutexes 2250
[t=0.0471393s, 47140 KB] In ts_0_14 of size 13 found num new op-mutexes 0
[t=0.0478589s, 47140 KB] In ts_0_15 of size 13 found num new op-mutexes 0
[t=0.0484264s, 47140 KB] In ts_0_16 of size 13 found num new op-mutexes 0
[t=0.0503555s, 47272 KB] In ts_0_17 of size 13 found num new op-mutexes 7500
[t=0.0515065s, 47272 KB] In ts_0_18 of size 18 found num new op-mutexes 0
[t=0.0525547s, 47272 KB] In ts_0_19 of size 18 found num new op-mutexes 0
[t=0.0534055s, 47272 KB] In ts_0_20 of size 18 found num new op-mutexes 0
[t=0.0539434s, 47272 KB] In ts_0_21 of size 4 found num new op-mutexes 0
[t=0.0544753s, 47272 KB] In ts_0_22 of size 4 found num new op-mutexes 0
[t=0.0550986s, 47272 KB] In ts_0_23 of size 18 found num new op-mutexes 0
[t=0.0556296s, 47272 KB] In ts_0_24 of size 4 found num new op-mutexes 0
[t=0.0565765s, 47272 KB] In ts_0_25 of size 4 found num new op-mutexes 0
[t=0.057256s, 47272 KB] In ts_0_26 of size 4 found num new op-mutexes 0
[t=0.0579303s, 47272 KB] In ts_0_28 of size 18 found num new op-mutexes 0
[t=0.0588333s, 47272 KB] In ts_0_29 of size 18 found num new op-mutexes 0
[t=0.0608736s, 47444 KB] In ts_0_30 of size 234 found num new op-mutexes 0
[t=0.0609881s, 47444 KB] Operator mutex finished iteration 0. Found an additional 21725 operator mutexes

[t=0.0619044s, 47444 KB] Next pair of indices: (0, 30)
[t=0.0619345s, 47444 KB] M&S algorithm main loop timer: 0.0283745s (after computation of next merge)
[t=0.062911s, 47444 KB] M&S algorithm main loop timer: 0.0293859s (after merging)

[t=0.0630038s, 47444 KB] Operator mutex starting iteration 1
[t=0.0636074s, 47444 KB] In ts_1_1 of size 4 found num new op-mutexes 0
[t=0.0643114s, 47444 KB] In ts_1_2 of size 5 found num new op-mutexes 0
[t=0.0650261s, 47444 KB] In ts_1_3 of size 9 found num new op-mutexes 0
[t=0.0657321s, 47444 KB] In ts_1_4 of size 9 found num new op-mutexes 0
[t=0.0664024s, 47444 KB] In ts_1_5 of size 9 found num new op-mutexes 0
[t=0.0671617s, 47444 KB] In ts_1_6 of size 7 found num new op-mutexes 0
[t=0.0678201s, 47444 KB] In ts_1_7 of size 10 found num new op-mutexes 0
[t=0.0685722s, 47444 KB] In ts_1_8 of size 11 found num new op-mutexes 0
[t=0.0695735s, 47444 KB] In ts_1_9 of size 7 found num new op-mutexes 0
[t=0.0706114s, 47444 KB] In ts_1_11 of size 13 found num new op-mutexes 0
[t=0.071761s, 47444 KB] In ts_1_12 of size 11 found num new op-mutexes 0
[t=0.0730886s, 47444 KB] In ts_1_13 of size 11 found num new op-mutexes 0
[t=0.0740338s, 47444 KB] In ts_1_14 of size 13 found num new op-mutexes 0
[t=0.074614s, 47444 KB] In ts_1_15 of size 13 found num new op-mutexes 0
[t=0.0751934s, 47444 KB] In ts_1_16 of size 13 found num new op-mutexes 0
[t=0.0763164s, 47444 KB] In ts_1_17 of size 13 found num new op-mutexes 0
[t=0.0769761s, 47444 KB] In ts_1_18 of size 18 found num new op-mutexes 0
[t=0.077626s, 47444 KB] In ts_1_19 of size 18 found num new op-mutexes 0
[t=0.0782827s, 47444 KB] In ts_1_20 of size 18 found num new op-mutexes 0
[t=0.0788301s, 47444 KB] In ts_1_21 of size 4 found num new op-mutexes 0
[t=0.0796006s, 47444 KB] In ts_1_22 of size 4 found num new op-mutexes 0
[t=0.0805778s, 47444 KB] In ts_1_23 of size 18 found num new op-mutexes 0
[t=0.0812121s, 47444 KB] In ts_1_24 of size 4 found num new op-mutexes 0
[t=0.0817527s, 47444 KB] In ts_1_25 of size 4 found num new op-mutexes 0
[t=0.0825531s, 47444 KB] In ts_1_26 of size 4 found num new op-mutexes 0
[t=0.0837226s, 47444 KB] In ts_1_28 of size 18 found num new op-mutexes 0
[t=0.0844478s, 47444 KB] In ts_1_29 of size 18 found num new op-mutexes 0
[t=0.0874196s, 47444 KB] In ts_1_31 of size 468 found num new op-mutexes 0
[t=0.0875972s, 47444 KB] Operator mutex finished iteration 1. Found an additional 0 operator mutexes

[t=0.0885473s, 47444 KB] Next pair of indices: (1, 31)
[t=0.0885805s, 47444 KB] M&S algorithm main loop timer: 0.0550229s (after computation of next merge)
[t=0.0907249s, 47444 KB] M&S algorithm main loop timer: 0.0572091s (after merging)

[t=0.0909028s, 47444 KB] Operator mutex starting iteration 2
[t=0.0916204s, 47444 KB] In ts_2_2 of size 5 found num new op-mutexes 0
[t=0.0923397s, 47444 KB] In ts_2_3 of size 9 found num new op-mutexes 0
[t=0.0931446s, 47444 KB] In ts_2_4 of size 9 found num new op-mutexes 0
[t=0.094021s, 47444 KB] In ts_2_5 of size 9 found num new op-mutexes 0
[t=0.0952902s, 47444 KB] In ts_2_6 of size 7 found num new op-mutexes 0
[t=0.096302s, 47444 KB] In ts_2_7 of size 10 found num new op-mutexes 0
[t=0.0973303s, 47444 KB] In ts_2_8 of size 11 found num new op-mutexes 0
[t=0.0985823s, 47444 KB] In ts_2_9 of size 7 found num new op-mutexes 0
[t=0.0996191s, 47444 KB] In ts_2_11 of size 13 found num new op-mutexes 0
[t=0.100643s, 47444 KB] In ts_2_12 of size 11 found num new op-mutexes 0
[t=0.101471s, 47444 KB] In ts_2_13 of size 11 found num new op-mutexes 0
[t=0.102039s, 47444 KB] In ts_2_14 of size 13 found num new op-mutexes 0
[t=0.102596s, 47444 KB] In ts_2_15 of size 13 found num new op-mutexes 0
[t=0.103161s, 47444 KB] In ts_2_16 of size 13 found num new op-mutexes 0
[t=0.104742s, 47444 KB] In ts_2_17 of size 13 found num new op-mutexes 0
[t=0.105913s, 47444 KB] In ts_2_18 of size 18 found num new op-mutexes 0
[t=0.106683s, 47444 KB] In ts_2_19 of size 18 found num new op-mutexes 0
[t=0.107356s, 47444 KB] In ts_2_20 of size 18 found num new op-mutexes 0
[t=0.107909s, 47444 KB] In ts_2_21 of size 4 found num new op-mutexes 0
[t=0.108769s, 47444 KB] In ts_2_22 of size 4 found num new op-mutexes 0
[t=0.109925s, 47444 KB] In ts_2_23 of size 18 found num new op-mutexes 0
[t=0.110746s, 47444 KB] In ts_2_24 of size 4 found num new op-mutexes 0
[t=0.111733s, 47444 KB] In ts_2_25 of size 4 found num new op-mutexes 0
[t=0.112277s, 47444 KB] In ts_2_26 of size 4 found num new op-mutexes 0
[t=0.112903s, 47444 KB] In ts_2_28 of size 18 found num new op-mutexes 0
[t=0.113558s, 47444 KB] In ts_2_29 of size 18 found num new op-mutexes 0
[t=0.122812s, 47580 KB] In ts_2_32 of size 1872 found num new op-mutexes 0
[t=0.123009s, 47580 KB] Operator mutex finished iteration 2. Found an additional 0 operator mutexes

[t=0.124052s, 47580 KB] Next pair of indices: (2, 32)
[t=0.124086s, 47580 KB] M&S algorithm main loop timer: 0.0905265s (after computation of next merge)
[t=0.135658s, 47580 KB] M&S algorithm main loop timer: 0.102119s (after merging)

[t=0.13635s, 47580 KB] Operator mutex starting iteration 3
[t=0.137116s, 47580 KB] In ts_3_3 of size 9 found num new op-mutexes 0
[t=0.13788s, 47580 KB] In ts_3_4 of size 9 found num new op-mutexes 0
[t=0.138585s, 47580 KB] In ts_3_5 of size 9 found num new op-mutexes 0
[t=0.139398s, 47580 KB] In ts_3_6 of size 7 found num new op-mutexes 0
[t=0.140087s, 47580 KB] In ts_3_7 of size 10 found num new op-mutexes 0
[t=0.140815s, 47580 KB] In ts_3_8 of size 11 found num new op-mutexes 0
[t=0.141667s, 47580 KB] In ts_3_9 of size 7 found num new op-mutexes 0
[t=0.142245s, 47580 KB] In ts_3_11 of size 13 found num new op-mutexes 0
[t=0.143112s, 47580 KB] In ts_3_12 of size 11 found num new op-mutexes 0
[t=0.144s, 47580 KB] In ts_3_13 of size 11 found num new op-mutexes 0
[t=0.145031s, 47580 KB] In ts_3_14 of size 13 found num new op-mutexes 0
[t=0.14589s, 47580 KB] In ts_3_15 of size 13 found num new op-mutexes 0
[t=0.146809s, 47580 KB] In ts_3_16 of size 13 found num new op-mutexes 0
[t=0.148139s, 47580 KB] In ts_3_17 of size 13 found num new op-mutexes 0
[t=0.148792s, 47580 KB] In ts_3_18 of size 18 found num new op-mutexes 0
[t=0.149446s, 47580 KB] In ts_3_19 of size 18 found num new op-mutexes 0
[t=0.150107s, 47580 KB] In ts_3_20 of size 18 found num new op-mutexes 0
[t=0.150665s, 47580 KB] In ts_3_21 of size 4 found num new op-mutexes 0
[t=0.151218s, 47580 KB] In ts_3_22 of size 4 found num new op-mutexes 0
[t=0.151868s, 47580 KB] In ts_3_23 of size 18 found num new op-mutexes 0
[t=0.152414s, 47580 KB] In ts_3_24 of size 4 found num new op-mutexes 0
[t=0.152971s, 47580 KB] In ts_3_25 of size 4 found num new op-mutexes 0
[t=0.153515s, 47580 KB] In ts_3_26 of size 4 found num new op-mutexes 0
[t=0.154153s, 47580 KB] In ts_3_28 of size 18 found num new op-mutexes 0
[t=0.154794s, 47580 KB] In ts_3_29 of size 18 found num new op-mutexes 0
[t=0.155299s, 47580 KB] Operator mutex finished iteration 3. Found an additional 0 operator mutexes

[t=0.15623s, 47580 KB] Next pair of indices: (3, 33)
[t=0.156274s, 47580 KB] M&S algorithm main loop timer: 0.122723s (after computation of next merge)
[t=0.172418s, 47580 KB] M&S algorithm main loop timer: 0.139057s (after shrinking)
[t=0.194609s, 48032 KB] M&S algorithm main loop timer: 0.161108s (after merging)

[t=0.196407s, 48032 KB] Operator mutex starting iteration 4
[t=0.197202s, 48032 KB] In ts_4_4 of size 9 found num new op-mutexes 0
[t=0.197957s, 48032 KB] In ts_4_5 of size 9 found num new op-mutexes 0
[t=0.198917s, 48032 KB] In ts_4_6 of size 7 found num new op-mutexes 0
[t=0.199612s, 48032 KB] In ts_4_7 of size 10 found num new op-mutexes 0
[t=0.200335s, 48032 KB] In ts_4_8 of size 11 found num new op-mutexes 0
[t=0.201557s, 48032 KB] In ts_4_9 of size 7 found num new op-mutexes 0
[t=0.202602s, 48032 KB] In ts_4_11 of size 13 found num new op-mutexes 0
[t=0.20383s, 48032 KB] In ts_4_12 of size 11 found num new op-mutexes 0
[t=0.205081s, 48032 KB] In ts_4_13 of size 11 found num new op-mutexes 0
[t=0.206124s, 48032 KB] In ts_4_14 of size 13 found num new op-mutexes 0
[t=0.206853s, 48032 KB] In ts_4_15 of size 13 found num new op-mutexes 0
[t=0.207905s, 48032 KB] In ts_4_16 of size 13 found num new op-mutexes 0
[t=0.209542s, 48032 KB] In ts_4_17 of size 13 found num new op-mutexes 0
[t=0.210636s, 48032 KB] In ts_4_18 of size 18 found num new op-mutexes 0
[t=0.2118s, 48032 KB] In ts_4_19 of size 18 found num new op-mutexes 0
[t=0.2127s, 48032 KB] In ts_4_20 of size 18 found num new op-mutexes 0
[t=0.21371s, 48032 KB] In ts_4_21 of size 4 found num new op-mutexes 0
[t=0.214594s, 48032 KB] In ts_4_22 of size 4 found num new op-mutexes 0
[t=0.215513s, 48032 KB] In ts_4_23 of size 18 found num new op-mutexes 0
[t=0.216204s, 48032 KB] In ts_4_24 of size 4 found num new op-mutexes 0
[t=0.216746s, 48032 KB] In ts_4_25 of size 4 found num new op-mutexes 0
[t=0.217289s, 48032 KB] In ts_4_26 of size 4 found num new op-mutexes 0
[t=0.218421s, 48032 KB] In ts_4_28 of size 18 found num new op-mutexes 0
[t=0.219357s, 48032 KB] In ts_4_29 of size 18 found num new op-mutexes 0
[t=0.22032s, 48032 KB] Operator mutex finished iteration 4. Found an additional 0 operator mutexes

[t=0.221498s, 48032 KB] Next pair of indices: (4, 34)
[t=0.221543s, 48032 KB] M&S algorithm main loop timer: 0.187993s (after computation of next merge)
[t=0.255103s, 50048 KB] M&S algorithm main loop timer: 0.221903s (after shrinking)
[t=0.295601s, 51268 KB] M&S algorithm main loop timer: 0.262106s (after merging)

[t=0.297991s, 51268 KB] Operator mutex starting iteration 5
[t=0.29873s, 51268 KB] In ts_5_5 of size 9 found num new op-mutexes 0
[t=0.299584s, 51268 KB] In ts_5_6 of size 7 found num new op-mutexes 0
[t=0.300707s, 51268 KB] In ts_5_7 of size 10 found num new op-mutexes 0
[t=0.301882s, 51268 KB] In ts_5_8 of size 11 found num new op-mutexes 0
[t=0.302962s, 51268 KB] In ts_5_9 of size 7 found num new op-mutexes 0
[t=0.303557s, 51268 KB] In ts_5_11 of size 13 found num new op-mutexes 0
[t=0.304445s, 51268 KB] In ts_5_12 of size 11 found num new op-mutexes 0
[t=0.305333s, 51268 KB] In ts_5_13 of size 11 found num new op-mutexes 0
[t=0.305945s, 51268 KB] In ts_5_14 of size 13 found num new op-mutexes 0
[t=0.306535s, 51268 KB] In ts_5_15 of size 13 found num new op-mutexes 0
[t=0.307113s, 51268 KB] In ts_5_16 of size 13 found num new op-mutexes 0
[t=0.308315s, 51268 KB] In ts_5_17 of size 13 found num new op-mutexes 0
[t=0.308977s, 51268 KB] In ts_5_18 of size 18 found num new op-mutexes 0
[t=0.309636s, 51268 KB] In ts_5_19 of size 18 found num new op-mutexes 0
[t=0.310299s, 51268 KB] In ts_5_20 of size 18 found num new op-mutexes 0
[t=0.311119s, 51268 KB] In ts_5_21 of size 4 found num new op-mutexes 0
[t=0.311713s, 51268 KB] In ts_5_22 of size 4 found num new op-mutexes 0
[t=0.312751s, 51268 KB] In ts_5_23 of size 18 found num new op-mutexes 0
[t=0.313763s, 51268 KB] In ts_5_24 of size 4 found num new op-mutexes 0
[t=0.314439s, 51268 KB] In ts_5_25 of size 4 found num new op-mutexes 0
[t=0.314993s, 51268 KB] In ts_5_26 of size 4 found num new op-mutexes 0
[t=0.315688s, 51268 KB] In ts_5_28 of size 18 found num new op-mutexes 0
[t=0.316339s, 51268 KB] In ts_5_29 of size 18 found num new op-mutexes 0
[t=0.317495s, 51268 KB] Operator mutex finished iteration 5. Found an additional 0 operator mutexes

[t=0.318895s, 51268 KB] Next pair of indices: (5, 35)
[t=0.318942s, 51268 KB] M&S algorithm main loop timer: 0.285392s (after computation of next merge)
[t=0.380471s, 54700 KB] M&S algorithm main loop timer: 0.347261s (after shrinking)
[t=0.381289s, 54700 KB] M&S algorithm main loop timer: 0.34775s (after merging)

[t=0.381345s, 54700 KB] Operator mutex starting iteration 6
[t=0.382138s, 54700 KB] In ts_6_6 of size 7 found num new op-mutexes 0
[t=0.382841s, 54700 KB] In ts_6_7 of size 10 found num new op-mutexes 0
[t=0.383731s, 54700 KB] In ts_6_8 of size 11 found num new op-mutexes 0
[t=0.384835s, 54700 KB] In ts_6_9 of size 7 found num new op-mutexes 0
[t=0.385578s, 54700 KB] In ts_6_11 of size 13 found num new op-mutexes 0
[t=0.386463s, 54700 KB] In ts_6_12 of size 11 found num new op-mutexes 0
[t=0.387307s, 54700 KB] In ts_6_13 of size 11 found num new op-mutexes 0
[t=0.387887s, 54700 KB] In ts_6_14 of size 13 found num new op-mutexes 0
[t=0.388447s, 54700 KB] In ts_6_15 of size 13 found num new op-mutexes 0
[t=0.38901s, 54700 KB] In ts_6_16 of size 13 found num new op-mutexes 0
[t=0.390175s, 54700 KB] In ts_6_17 of size 13 found num new op-mutexes 0
[t=0.390827s, 54700 KB] In ts_6_18 of size 18 found num new op-mutexes 0
[t=0.391461s, 54700 KB] In ts_6_19 of size 18 found num new op-mutexes 0
[t=0.392096s, 54700 KB] In ts_6_20 of size 18 found num new op-mutexes 0
[t=0.392627s, 54700 KB] In ts_6_21 of size 4 found num new op-mutexes 0
[t=0.393154s, 54700 KB] In ts_6_22 of size 4 found num new op-mutexes 0
[t=0.393853s, 54700 KB] In ts_6_23 of size 18 found num new op-mutexes 0
[t=0.394732s, 54700 KB] In ts_6_24 of size 4 found num new op-mutexes 0
[t=0.395684s, 54700 KB] In ts_6_25 of size 4 found num new op-mutexes 0
[t=0.396656s, 54700 KB] In ts_6_26 of size 4 found num new op-mutexes 0
[t=0.397509s, 54700 KB] In ts_6_28 of size 18 found num new op-mutexes 0
[t=0.398158s, 54700 KB] In ts_6_29 of size 18 found num new op-mutexes 0
[t=0.398982s, 54700 KB] In ts_6_36 of size 36 found num new op-mutexes 0
[t=0.399083s, 54700 KB] Operator mutex finished iteration 6. Found an additional 0 operator mutexes

[t=0.399769s, 54700 KB] Next pair of indices: (8, 36)
[t=0.399798s, 54700 KB] M&S algorithm main loop timer: 0.366236s (after computation of next merge)
[t=0.400789s, 54700 KB] M&S algorithm main loop timer: 0.367252s (after merging)

[t=0.400867s, 54700 KB] Operator mutex starting iteration 7
[t=0.401605s, 54700 KB] In ts_7_6 of size 7 found num new op-mutexes 0
[t=0.402286s, 54700 KB] In ts_7_7 of size 10 found num new op-mutexes 0
[t=0.403167s, 54700 KB] In ts_7_9 of size 7 found num new op-mutexes 0
[t=0.40375s, 54700 KB] In ts_7_11 of size 13 found num new op-mutexes 0
[t=0.404635s, 54700 KB] In ts_7_12 of size 11 found num new op-mutexes 0
[t=0.405724s, 54700 KB] In ts_7_13 of size 11 found num new op-mutexes 0
[t=0.406782s, 54700 KB] In ts_7_14 of size 13 found num new op-mutexes 0
[t=0.407566s, 54700 KB] In ts_7_15 of size 13 found num new op-mutexes 0
[t=0.408155s, 54700 KB] In ts_7_16 of size 13 found num new op-mutexes 0
[t=0.409458s, 54700 KB] In ts_7_17 of size 13 found num new op-mutexes 0
[t=0.410445s, 54700 KB] In ts_7_18 of size 18 found num new op-mutexes 0
[t=0.411419s, 54700 KB] In ts_7_19 of size 18 found num new op-mutexes 0
[t=0.412597s, 54700 KB] In ts_7_20 of size 18 found num new op-mutexes 0
[t=0.413321s, 54700 KB] In ts_7_21 of size 4 found num new op-mutexes 0
[t=0.413886s, 54700 KB] In ts_7_22 of size 4 found num new op-mutexes 0
[t=0.414558s, 54700 KB] In ts_7_23 of size 18 found num new op-mutexes 0
[t=0.415113s, 54700 KB] In ts_7_24 of size 4 found num new op-mutexes 0
[t=0.41566s, 54700 KB] In ts_7_25 of size 4 found num new op-mutexes 0
[t=0.416196s, 54700 KB] In ts_7_26 of size 4 found num new op-mutexes 0
[t=0.416852s, 54700 KB] In ts_7_28 of size 18 found num new op-mutexes 0
[t=0.41751s, 54700 KB] In ts_7_29 of size 18 found num new op-mutexes 0
[t=0.420527s, 54700 KB] In ts_7_37 of size 396 found num new op-mutexes 0
[t=0.420658s, 54700 KB] Operator mutex finished iteration 7. Found an additional 0 operator mutexes

[t=0.421355s, 54700 KB] Next pair of indices: (11, 28)
[t=0.421395s, 54700 KB] M&S algorithm main loop timer: 0.387843s (after computation of next merge)
[t=0.422457s, 54700 KB] M&S algorithm main loop timer: 0.388927s (after merging)

[t=0.42254s, 54700 KB] Operator mutex starting iteration 8
[t=0.423526s, 54700 KB] In ts_8_6 of size 7 found num new op-mutexes 0
[t=0.424502s, 54700 KB] In ts_8_7 of size 10 found num new op-mutexes 0
[t=0.425378s, 54700 KB] In ts_8_9 of size 7 found num new op-mutexes 0
[t=0.426206s, 54700 KB] In ts_8_12 of size 11 found num new op-mutexes 0
[t=0.427037s, 54700 KB] In ts_8_13 of size 11 found num new op-mutexes 0
[t=0.427606s, 54700 KB] In ts_8_14 of size 13 found num new op-mutexes 0
[t=0.428169s, 54700 KB] In ts_8_15 of size 13 found num new op-mutexes 0
[t=0.428736s, 54700 KB] In ts_8_16 of size 13 found num new op-mutexes 0
[t=0.429858s, 54700 KB] In ts_8_17 of size 13 found num new op-mutexes 0
[t=0.4305s, 54700 KB] In ts_8_18 of size 18 found num new op-mutexes 0
[t=0.43112s, 54700 KB] In ts_8_19 of size 18 found num new op-mutexes 0
[t=0.431752s, 54700 KB] In ts_8_20 of size 18 found num new op-mutexes 0
[t=0.432306s, 54700 KB] In ts_8_21 of size 4 found num new op-mutexes 0
[t=0.432863s, 54700 KB] In ts_8_22 of size 4 found num new op-mutexes 0
[t=0.43372s, 54700 KB] In ts_8_23 of size 18 found num new op-mutexes 0
[t=0.434674s, 54700 KB] In ts_8_24 of size 4 found num new op-mutexes 0
[t=0.435637s, 54700 KB] In ts_8_25 of size 4 found num new op-mutexes 0
[t=0.43641s, 54700 KB] In ts_8_26 of size 4 found num new op-mutexes 0
[t=0.437046s, 54700 KB] In ts_8_29 of size 18 found num new op-mutexes 0
[t=0.439946s, 54700 KB] In ts_8_37 of size 396 found num new op-mutexes 0
[t=0.441133s, 54700 KB] In ts_8_38 of size 234 found num new op-mutexes 0
[t=0.441237s, 54700 KB] Operator mutex finished iteration 8. Found an additional 0 operator mutexes

[t=0.44186s, 54700 KB] Next pair of indices: (6, 38)
[t=0.441889s, 54700 KB] M&S algorithm main loop timer: 0.408327s (after computation of next merge)
[t=0.443744s, 54700 KB] M&S algorithm main loop timer: 0.410272s (after merging)
[t=0.444294s, 54700 KB] M&S algorithm main loop timer: 0.41076s (after pruning)

[t=0.444353s, 54700 KB] Operator mutex starting iteration 9
[t=0.445432s, 54700 KB] In ts_9_7 of size 10 found num new op-mutexes 0
[t=0.446703s, 54700 KB] In ts_9_9 of size 7 found num new op-mutexes 0
[t=0.448052s, 54700 KB] In ts_9_12 of size 11 found num new op-mutexes 0
[t=0.4494s, 54700 KB] In ts_9_13 of size 11 found num new op-mutexes 0
[t=0.449998s, 54700 KB] In ts_9_14 of size 13 found num new op-mutexes 0
[t=0.450586s, 54700 KB] In ts_9_15 of size 13 found num new op-mutexes 0
[t=0.451169s, 54700 KB] In ts_9_16 of size 13 found num new op-mutexes 0
[t=0.452371s, 54700 KB] In ts_9_17 of size 13 found num new op-mutexes 0
[t=0.453033s, 54700 KB] In ts_9_18 of size 18 found num new op-mutexes 0
[t=0.453692s, 54700 KB] In ts_9_19 of size 18 found num new op-mutexes 0
[t=0.45435s, 54700 KB] In ts_9_20 of size 18 found num new op-mutexes 0
[t=0.454908s, 54700 KB] In ts_9_21 of size 4 found num new op-mutexes 0
[t=0.455452s, 54700 KB] In ts_9_22 of size 4 found num new op-mutexes 0
[t=0.456122s, 54700 KB] In ts_9_23 of size 18 found num new op-mutexes 0
[t=0.456685s, 54700 KB] In ts_9_24 of size 4 found num new op-mutexes 0
[t=0.457244s, 54700 KB] In ts_9_25 of size 4 found num new op-mutexes 0
[t=0.457881s, 54700 KB] In ts_9_26 of size 4 found num new op-mutexes 0
[t=0.459057s, 54700 KB] In ts_9_29 of size 18 found num new op-mutexes 0
[t=0.462807s, 54700 KB] In ts_9_37 of size 396 found num new op-mutexes 0
[t=0.469173s, 54700 KB] In ts_9_39 of size 1476 found num new op-mutexes 0
[t=0.469299s, 54700 KB] Operator mutex finished iteration 9. Found an additional 0 operator mutexes

[t=0.470021s, 54700 KB] Next pair of indices: (7, 39)
[t=0.47005s, 54700 KB] M&S algorithm main loop timer: 0.436488s (after computation of next merge)
[t=0.486394s, 54700 KB] M&S algorithm main loop timer: 0.452884s (after merging)
[t=0.490752s, 54700 KB] M&S algorithm main loop timer: 0.457225s (after pruning)

[t=0.490817s, 54700 KB] Operator mutex starting iteration 10
[t=0.492011s, 54700 KB] In ts_10_9 of size 7 found num new op-mutexes 0
[t=0.493317s, 54700 KB] In ts_10_12 of size 11 found num new op-mutexes 0
[t=0.494777s, 54700 KB] In ts_10_13 of size 11 found num new op-mutexes 0
[t=0.49568s, 54700 KB] In ts_10_14 of size 13 found num new op-mutexes 0
[t=0.496325s, 54700 KB] In ts_10_15 of size 13 found num new op-mutexes 0
[t=0.496958s, 54700 KB] In ts_10_16 of size 13 found num new op-mutexes 0
[t=0.498955s, 54700 KB] In ts_10_17 of size 13 found num new op-mutexes 0
[t=0.499628s, 54700 KB] In ts_10_18 of size 18 found num new op-mutexes 0
[t=0.500292s, 54700 KB] In ts_10_19 of size 18 found num new op-mutexes 0
[t=0.500943s, 54700 KB] In ts_10_20 of size 18 found num new op-mutexes 0
[t=0.501488s, 54700 KB] In ts_10_21 of size 4 found num new op-mutexes 0
[t=0.502034s, 54700 KB] In ts_10_22 of size 4 found num new op-mutexes 0
[t=0.502683s, 54700 KB] In ts_10_23 of size 18 found num new op-mutexes 0
[t=0.50324s, 54700 KB] In ts_10_24 of size 4 found num new op-mutexes 0
[t=0.503779s, 54700 KB] In ts_10_25 of size 4 found num new op-mutexes 0
[t=0.504352s, 54700 KB] In ts_10_26 of size 4 found num new op-mutexes 0
[t=0.505507s, 54700 KB] In ts_10_29 of size 18 found num new op-mutexes 0
[t=0.50934s, 54700 KB] In ts_10_37 of size 396 found num new op-mutexes 0
[t=0.509973s, 54700 KB] Operator mutex finished iteration 10. Found an additional 0 operator mutexes

[t=0.51078s, 54700 KB] Next pair of indices: (9, 40)
[t=0.510822s, 54700 KB] M&S algorithm main loop timer: 0.477262s (after computation of next merge)
[t=0.533754s, 54700 KB] M&S algorithm main loop timer: 0.500398s (after shrinking)
[t=0.559185s, 54700 KB] M&S algorithm main loop timer: 0.525683s (after merging)

[t=0.560739s, 54700 KB] Operator mutex starting iteration 11
[t=0.561691s, 54700 KB] In ts_11_12 of size 11 found num new op-mutexes 0
[t=0.562656s, 54700 KB] In ts_11_13 of size 11 found num new op-mutexes 0
[t=0.563286s, 54700 KB] In ts_11_14 of size 13 found num new op-mutexes 0
[t=0.564095s, 54700 KB] In ts_11_15 of size 13 found num new op-mutexes 0
[t=0.565156s, 54700 KB] In ts_11_16 of size 13 found num new op-mutexes 0
[t=0.566982s, 54700 KB] In ts_11_17 of size 13 found num new op-mutexes 0
[t=0.568182s, 54700 KB] In ts_11_18 of size 18 found num new op-mutexes 0
[t=0.568861s, 54700 KB] In ts_11_19 of size 18 found num new op-mutexes 0
[t=0.569514s, 54700 KB] In ts_11_20 of size 18 found num new op-mutexes 0
[t=0.57008s, 54700 KB] In ts_11_21 of size 4 found num new op-mutexes 0
[t=0.570649s, 54700 KB] In ts_11_22 of size 4 found num new op-mutexes 0
[t=0.571334s, 54700 KB] In ts_11_23 of size 18 found num new op-mutexes 0
[t=0.571894s, 54700 KB] In ts_11_24 of size 4 found num new op-mutexes 0
[t=0.572477s, 54700 KB] In ts_11_25 of size 4 found num new op-mutexes 0
[t=0.573046s, 54700 KB] In ts_11_26 of size 4 found num new op-mutexes 0
[t=0.573704s, 54700 KB] In ts_11_29 of size 18 found num new op-mutexes 0
[t=0.576915s, 54700 KB] In ts_11_37 of size 396 found num new op-mutexes 0
[t=0.577946s, 54700 KB] Operator mutex finished iteration 11. Found an additional 0 operator mutexes

[t=0.578961s, 54700 KB] Next pair of indices: (12, 41)
[t=0.579008s, 54700 KB] M&S algorithm main loop timer: 0.545458s (after computation of next merge)
[t=0.610707s, 54700 KB] M&S algorithm main loop timer: 0.577432s (after shrinking)
[t=0.611735s, 54700 KB] M&S algorithm main loop timer: 0.578198s (after merging)

[t=0.611798s, 54700 KB] Operator mutex starting iteration 12
[t=0.613002s, 54700 KB] In ts_12_13 of size 11 found num new op-mutexes 0
[t=0.614042s, 54700 KB] In ts_12_14 of size 13 found num new op-mutexes 0
[t=0.614854s, 54700 KB] In ts_12_15 of size 13 found num new op-mutexes 0
[t=0.615438s, 54700 KB] In ts_12_16 of size 13 found num new op-mutexes 0
[t=0.616824s, 54700 KB] In ts_12_17 of size 13 found num new op-mutexes 0
[t=0.617469s, 54700 KB] In ts_12_18 of size 18 found num new op-mutexes 0
[t=0.618138s, 54700 KB] In ts_12_19 of size 18 found num new op-mutexes 0
[t=0.61879s, 54700 KB] In ts_12_20 of size 18 found num new op-mutexes 0
[t=0.619332s, 54700 KB] In ts_12_21 of size 4 found num new op-mutexes 0
[t=0.619857s, 54700 KB] In ts_12_22 of size 4 found num new op-mutexes 0
[t=0.620484s, 54700 KB] In ts_12_23 of size 18 found num new op-mutexes 0
[t=0.621022s, 54700 KB] In ts_12_24 of size 4 found num new op-mutexes 0
[t=0.621568s, 54700 KB] In ts_12_25 of size 4 found num new op-mutexes 0
[t=0.622109s, 54700 KB] In ts_12_26 of size 4 found num new op-mutexes 0
[t=0.622742s, 54700 KB] In ts_12_29 of size 18 found num new op-mutexes 0
[t=0.626737s, 54700 KB] In ts_12_37 of size 396 found num new op-mutexes 0
[t=0.628095s, 54700 KB] In ts_12_42 of size 44 found num new op-mutexes 0
[t=0.628202s, 54700 KB] Operator mutex finished iteration 12. Found an additional 0 operator mutexes

[t=0.628752s, 54700 KB] Next pair of indices: (13, 42)
[t=0.628781s, 54700 KB] M&S algorithm main loop timer: 0.59522s (after computation of next merge)
[t=0.629586s, 54700 KB] M&S algorithm main loop timer: 0.596056s (after merging)

[t=0.629675s, 54700 KB] Operator mutex starting iteration 13
[t=0.630234s, 54700 KB] In ts_13_14 of size 13 found num new op-mutexes 0
[t=0.630822s, 54700 KB] In ts_13_15 of size 13 found num new op-mutexes 0
[t=0.63143s, 54700 KB] In ts_13_16 of size 13 found num new op-mutexes 0
[t=0.632741s, 54700 KB] In ts_13_17 of size 13 found num new op-mutexes 0
[t=0.63339s, 54700 KB] In ts_13_18 of size 18 found num new op-mutexes 0
[t=0.634058s, 54700 KB] In ts_13_19 of size 18 found num new op-mutexes 0
[t=0.634711s, 54700 KB] In ts_13_20 of size 18 found num new op-mutexes 0
[t=0.635272s, 54700 KB] In ts_13_21 of size 4 found num new op-mutexes 0
[t=0.635814s, 54700 KB] In ts_13_22 of size 4 found num new op-mutexes 0
[t=0.636986s, 54700 KB] In ts_13_23 of size 18 found num new op-mutexes 0
[t=0.637748s, 54700 KB] In ts_13_24 of size 4 found num new op-mutexes 0
[t=0.638642s, 54700 KB] In ts_13_25 of size 4 found num new op-mutexes 0
[t=0.639638s, 54700 KB] In ts_13_26 of size 4 found num new op-mutexes 0
[t=0.64049s, 54700 KB] In ts_13_29 of size 18 found num new op-mutexes 0
[t=0.643506s, 54700 KB] In ts_13_37 of size 396 found num new op-mutexes 0
[t=0.647033s, 54700 KB] In ts_13_43 of size 484 found num new op-mutexes 0
[t=0.647158s, 54700 KB] Operator mutex finished iteration 13. Found an additional 0 operator mutexes

[t=0.647686s, 54700 KB] Next pair of indices: (14, 29)
[t=0.647715s, 54700 KB] M&S algorithm main loop timer: 0.614153s (after computation of next merge)
[t=0.64841s, 54700 KB] M&S algorithm main loop timer: 0.614869s (after merging)

[t=0.648476s, 54700 KB] Operator mutex starting iteration 14
[t=0.649406s, 54700 KB] In ts_14_15 of size 13 found num new op-mutexes 0
[t=0.650106s, 54700 KB] In ts_14_16 of size 13 found num new op-mutexes 0
[t=0.651719s, 54700 KB] In ts_14_17 of size 13 found num new op-mutexes 0
[t=0.652354s, 54700 KB] In ts_14_18 of size 18 found num new op-mutexes 0
[t=0.652975s, 54700 KB] In ts_14_19 of size 18 found num new op-mutexes 0
[t=0.653603s, 54700 KB] In ts_14_20 of size 18 found num new op-mutexes 0
[t=0.654144s, 54700 KB] In ts_14_21 of size 4 found num new op-mutexes 0
[t=0.654662s, 54700 KB] In ts_14_22 of size 4 found num new op-mutexes 0
[t=0.655288s, 54700 KB] In ts_14_23 of size 18 found num new op-mutexes 0
[t=0.65582s, 54700 KB] In ts_14_24 of size 4 found num new op-mutexes 0
[t=0.656335s, 54700 KB] In ts_14_25 of size 4 found num new op-mutexes 0
[t=0.656865s, 54700 KB] In ts_14_26 of size 4 found num new op-mutexes 0
[t=0.660002s, 54700 KB] In ts_14_37 of size 396 found num new op-mutexes 0
[t=0.663533s, 54700 KB] In ts_14_43 of size 484 found num new op-mutexes 0
[t=0.664723s, 54700 KB] In ts_14_44 of size 234 found num new op-mutexes 0
[t=0.664828s, 54700 KB] Operator mutex finished iteration 14. Found an additional 0 operator mutexes

[t=0.665345s, 54700 KB] Next pair of indices: (15, 44)
[t=0.665374s, 54700 KB] M&S algorithm main loop timer: 0.631813s (after computation of next merge)
[t=0.668677s, 54700 KB] M&S algorithm main loop timer: 0.635144s (after merging)

[t=0.668903s, 54700 KB] Operator mutex starting iteration 15
[t=0.669483s, 54700 KB] In ts_15_16 of size 13 found num new op-mutexes 0
[t=0.671288s, 54700 KB] In ts_15_17 of size 13 found num new op-mutexes 0
[t=0.672494s, 54700 KB] In ts_15_18 of size 18 found num new op-mutexes 0
[t=0.673457s, 54700 KB] In ts_15_19 of size 18 found num new op-mutexes 0
[t=0.674138s, 54700 KB] In ts_15_20 of size 18 found num new op-mutexes 0
[t=0.6747s, 54700 KB] In ts_15_21 of size 4 found num new op-mutexes 0
[t=0.675255s, 54700 KB] In ts_15_22 of size 4 found num new op-mutexes 0
[t=0.6759s, 54700 KB] In ts_15_23 of size 18 found num new op-mutexes 0
[t=0.67645s, 54700 KB] In ts_15_24 of size 4 found num new op-mutexes 0
[t=0.676999s, 54700 KB] In ts_15_25 of size 4 found num new op-mutexes 0
[t=0.677564s, 54700 KB] In ts_15_26 of size 4 found num new op-mutexes 0
[t=0.680538s, 54700 KB] In ts_15_37 of size 396 found num new op-mutexes 0
[t=0.68514s, 54700 KB] In ts_15_43 of size 484 found num new op-mutexes 0
[t=0.694646s, 54700 KB] In ts_15_45 of size 3042 found num new op-mutexes 0
[t=0.69484s, 54700 KB] Operator mutex finished iteration 15. Found an additional 0 operator mutexes

[t=0.695442s, 54700 KB] Next pair of indices: (16, 45)
[t=0.695472s, 54700 KB] M&S algorithm main loop timer: 0.661912s (after computation of next merge)
[t=0.747662s, 54700 KB] M&S algorithm main loop timer: 0.714128s (after merging)

[t=0.750283s, 54700 KB] Operator mutex starting iteration 16
[t=0.752256s, 54700 KB] In ts_16_17 of size 13 found num new op-mutexes 0
[t=0.753198s, 54700 KB] In ts_16_18 of size 18 found num new op-mutexes 0
[t=0.753855s, 54700 KB] In ts_16_19 of size 18 found num new op-mutexes 0
[t=0.754498s, 54700 KB] In ts_16_20 of size 18 found num new op-mutexes 0
[t=0.755044s, 54700 KB] In ts_16_21 of size 4 found num new op-mutexes 0
[t=0.755579s, 54700 KB] In ts_16_22 of size 4 found num new op-mutexes 0
[t=0.756224s, 54700 KB] In ts_16_23 of size 18 found num new op-mutexes 0
[t=0.75677s, 54700 KB] In ts_16_24 of size 4 found num new op-mutexes 0
[t=0.757311s, 54700 KB] In ts_16_25 of size 4 found num new op-mutexes 0
[t=0.757838s, 54700 KB] In ts_16_26 of size 4 found num new op-mutexes 0
[t=0.760841s, 54700 KB] In ts_16_37 of size 396 found num new op-mutexes 0
[t=0.764863s, 54700 KB] In ts_16_43 of size 484 found num new op-mutexes 0
[t=0.766344s, 54700 KB] Operator mutex finished iteration 16. Found an additional 0 operator mutexes

[t=0.767384s, 54700 KB] Next pair of indices: (17, 46)
[t=0.767416s, 54700 KB] M&S algorithm main loop timer: 0.733854s (after computation of next merge)
[t=0.837426s, 54700 KB] M&S algorithm main loop timer: 0.804307s (after shrinking)
[t=0.874056s, 54700 KB] M&S algorithm main loop timer: 0.840538s (after merging)

[t=0.875717s, 54700 KB] Operator mutex starting iteration 17
[t=0.876343s, 54700 KB] In ts_17_18 of size 18 found num new op-mutexes 0
[t=0.877017s, 54700 KB] In ts_17_19 of size 18 found num new op-mutexes 0
[t=0.877678s, 54700 KB] In ts_17_20 of size 18 found num new op-mutexes 0
[t=0.878253s, 54700 KB] In ts_17_21 of size 4 found num new op-mutexes 0
[t=0.878834s, 54700 KB] In ts_17_22 of size 4 found num new op-mutexes 0
[t=0.879502s, 54700 KB] In ts_17_23 of size 18 found num new op-mutexes 0
[t=0.880094s, 54700 KB] In ts_17_24 of size 4 found num new op-mutexes 0
[t=0.880682s, 54700 KB] In ts_17_25 of size 4 found num new op-mutexes 0
[t=0.88124s, 54700 KB] In ts_17_26 of size 4 found num new op-mutexes 0
[t=0.885416s, 54700 KB] In ts_17_37 of size 396 found num new op-mutexes 0
[t=0.888987s, 54700 KB] In ts_17_43 of size 484 found num new op-mutexes 0
[t=0.890065s, 54700 KB] Operator mutex finished iteration 17. Found an additional 0 operator mutexes

[t=0.890959s, 54700 KB] Next pair of indices: (18, 47)
[t=0.89099s, 54700 KB] M&S algorithm main loop timer: 0.857429s (after computation of next merge)
[t=0.935225s, 54700 KB] M&S algorithm main loop timer: 0.901932s (after shrinking)
[t=0.936292s, 54700 KB] M&S algorithm main loop timer: 0.902755s (after merging)

[t=0.936357s, 54700 KB] Operator mutex starting iteration 18
[t=0.937438s, 54700 KB] In ts_18_19 of size 18 found num new op-mutexes 0
[t=0.93848s, 54700 KB] In ts_18_20 of size 18 found num new op-mutexes 0
[t=0.939386s, 54700 KB] In ts_18_21 of size 4 found num new op-mutexes 0
[t=0.939938s, 54700 KB] In ts_18_22 of size 4 found num new op-mutexes 0
[t=0.940574s, 54700 KB] In ts_18_23 of size 18 found num new op-mutexes 0
[t=0.941109s, 54700 KB] In ts_18_24 of size 4 found num new op-mutexes 0
[t=0.941644s, 54700 KB] In ts_18_25 of size 4 found num new op-mutexes 0
[t=0.942175s, 54700 KB] In ts_18_26 of size 4 found num new op-mutexes 0
[t=0.945253s, 54700 KB] In ts_18_37 of size 396 found num new op-mutexes 0
[t=0.949058s, 54700 KB] In ts_18_43 of size 484 found num new op-mutexes 0
[t=0.949989s, 54700 KB] In ts_18_48 of size 72 found num new op-mutexes 0
[t=0.950098s, 54700 KB] Operator mutex finished iteration 18. Found an additional 0 operator mutexes

[t=0.950442s, 54700 KB] Next pair of indices: (19, 43)
[t=0.95047s, 54700 KB] M&S algorithm main loop timer: 0.916908s (after computation of next merge)
[t=0.962498s, 54700 KB] M&S algorithm main loop timer: 0.928967s (after merging)

[t=0.963051s, 54700 KB] Operator mutex starting iteration 19
[t=0.963656s, 54700 KB] In ts_19_20 of size 18 found num new op-mutexes 0
[t=0.964202s, 54700 KB] In ts_19_21 of size 4 found num new op-mutexes 0
[t=0.965019s, 54700 KB] In ts_19_22 of size 4 found num new op-mutexes 0
[t=0.965675s, 54700 KB] In ts_19_23 of size 18 found num new op-mutexes 0
[t=0.966226s, 54700 KB] In ts_19_24 of size 4 found num new op-mutexes 0
[t=0.966762s, 54700 KB] In ts_19_25 of size 4 found num new op-mutexes 0
[t=0.967303s, 54700 KB] In ts_19_26 of size 4 found num new op-mutexes 0
[t=0.971323s, 54700 KB] In ts_19_37 of size 396 found num new op-mutexes 0
[t=0.972361s, 54700 KB] In ts_19_48 of size 72 found num new op-mutexes 0
[t=0.972835s, 54700 KB] Operator mutex finished iteration 19. Found an additional 0 operator mutexes

[t=0.973272s, 54700 KB] Next pair of indices: (20, 49)
[t=0.973301s, 54700 KB] M&S algorithm main loop timer: 0.939739s (after computation of next merge)
[t=0.98994s, 54700 KB] M&S algorithm main loop timer: 0.956501s (after shrinking)
[t=1.07016s, 54700 KB] M&S algorithm main loop timer: 1.03665s (after merging)

[t=1.07356s, 54700 KB] Operator mutex starting iteration 20
[t=1.07449s, 54700 KB] In ts_20_21 of size 4 found num new op-mutexes 0
[t=1.07531s, 54700 KB] In ts_20_22 of size 4 found num new op-mutexes 0
[t=1.07599s, 54700 KB] In ts_20_23 of size 18 found num new op-mutexes 0
[t=1.07655s, 54700 KB] In ts_20_24 of size 4 found num new op-mutexes 0
[t=1.0775s, 54700 KB] In ts_20_25 of size 4 found num new op-mutexes 0
[t=1.07836s, 54700 KB] In ts_20_26 of size 4 found num new op-mutexes 0
[t=1.08238s, 54700 KB] In ts_20_37 of size 396 found num new op-mutexes 0
[t=1.08359s, 54700 KB] In ts_20_48 of size 72 found num new op-mutexes 0
[t=1.08665s, 54700 KB] Operator mutex finished iteration 20. Found an additional 0 operator mutexes

[t=1.08833s, 54700 KB] Next pair of indices: (21, 50)
[t=1.0884s, 54700 KB] M&S algorithm main loop timer: 1.05484s (after computation of next merge)
[t=1.1927s, 55424 KB] M&S algorithm main loop timer: 1.15946s (after shrinking)
[t=1.1935s, 55424 KB] M&S algorithm main loop timer: 1.15995s (after merging)

[t=1.19354s, 55424 KB] Operator mutex starting iteration 21
[t=1.19405s, 55424 KB] In ts_21_22 of size 4 found num new op-mutexes 0
[t=1.19471s, 55424 KB] In ts_21_23 of size 18 found num new op-mutexes 0
[t=1.19537s, 55424 KB] In ts_21_24 of size 4 found num new op-mutexes 0
[t=1.19625s, 55424 KB] In ts_21_25 of size 4 found num new op-mutexes 0
[t=1.19695s, 55424 KB] In ts_21_26 of size 4 found num new op-mutexes 0
[t=1.20016s, 55424 KB] In ts_21_37 of size 396 found num new op-mutexes 0
[t=1.20104s, 55424 KB] In ts_21_48 of size 72 found num new op-mutexes 0
[t=1.20166s, 55424 KB] In ts_21_51 of size 16 found num new op-mutexes 0
[t=1.20176s, 55424 KB] Operator mutex finished iteration 21. Found an additional 0 operator mutexes

[t=1.20203s, 55424 KB] Next pair of indices: (22, 51)
[t=1.20206s, 55424 KB] M&S algorithm main loop timer: 1.1685s (after computation of next merge)
[t=1.20275s, 55424 KB] M&S algorithm main loop timer: 1.1692s (after merging)

[t=1.20279s, 55424 KB] Operator mutex starting iteration 22
[t=1.20339s, 55424 KB] In ts_22_23 of size 18 found num new op-mutexes 0
[t=1.20394s, 55424 KB] In ts_22_24 of size 4 found num new op-mutexes 0
[t=1.20448s, 55424 KB] In ts_22_25 of size 4 found num new op-mutexes 0
[t=1.20517s, 55424 KB] In ts_22_26 of size 4 found num new op-mutexes 0
[t=1.20918s, 55424 KB] In ts_22_37 of size 396 found num new op-mutexes 0
[t=1.21055s, 55424 KB] In ts_22_48 of size 72 found num new op-mutexes 0
[t=1.21133s, 55424 KB] In ts_22_52 of size 64 found num new op-mutexes 0
[t=1.21144s, 55424 KB] Operator mutex finished iteration 22. Found an additional 0 operator mutexes

[t=1.21168s, 55424 KB] Next pair of indices: (23, 52)
[t=1.21171s, 55424 KB] M&S algorithm main loop timer: 1.17815s (after computation of next merge)
[t=1.21337s, 55424 KB] M&S algorithm main loop timer: 1.17986s (after merging)

[t=1.21352s, 55424 KB] Operator mutex starting iteration 23
[t=1.21402s, 55424 KB] In ts_23_24 of size 4 found num new op-mutexes 0
[t=1.21458s, 55424 KB] In ts_23_25 of size 4 found num new op-mutexes 0
[t=1.21514s, 55424 KB] In ts_23_26 of size 4 found num new op-mutexes 0
[t=1.21809s, 55424 KB] In ts_23_37 of size 396 found num new op-mutexes 0
[t=1.21897s, 55424 KB] In ts_23_48 of size 72 found num new op-mutexes 0
[t=1.22516s, 55424 KB] In ts_23_53 of size 1152 found num new op-mutexes 0
[t=1.22528s, 55424 KB] Operator mutex finished iteration 23. Found an additional 0 operator mutexes

[t=1.22553s, 55424 KB] Next pair of indices: (24, 53)
[t=1.22556s, 55424 KB] M&S algorithm main loop timer: 1.192s (after computation of next merge)
[t=1.23434s, 55424 KB] M&S algorithm main loop timer: 1.20081s (after merging)

[t=1.23467s, 55424 KB] Operator mutex starting iteration 24
[t=1.23565s, 55424 KB] In ts_24_25 of size 4 found num new op-mutexes 0
[t=1.23656s, 55424 KB] In ts_24_26 of size 4 found num new op-mutexes 0
[t=1.2401s, 55424 KB] In ts_24_37 of size 396 found num new op-mutexes 0
[t=1.24139s, 55424 KB] In ts_24_48 of size 72 found num new op-mutexes 0
[t=1.26351s, 55424 KB] In ts_24_54 of size 4608 found num new op-mutexes 0
[t=1.26371s, 55424 KB] Operator mutex finished iteration 24. Found an additional 0 operator mutexes

[t=1.26409s, 55424 KB] Next pair of indices: (25, 54)
[t=1.26412s, 55424 KB] M&S algorithm main loop timer: 1.23056s (after computation of next merge)
[t=1.30809s, 55424 KB] M&S algorithm main loop timer: 1.27457s (after merging)

[t=1.31016s, 55424 KB] Operator mutex starting iteration 25
[t=1.31068s, 55424 KB] In ts_25_26 of size 4 found num new op-mutexes 0
[t=1.31378s, 55424 KB] In ts_25_37 of size 396 found num new op-mutexes 0
[t=1.31471s, 55424 KB] In ts_25_48 of size 72 found num new op-mutexes 0
[t=1.31555s, 55424 KB] Operator mutex finished iteration 25. Found an additional 0 operator mutexes

[t=1.31607s, 55424 KB] Next pair of indices: (26, 55)
[t=1.3161s, 55424 KB] M&S algorithm main loop timer: 1.28254s (after computation of next merge)
[t=1.37496s, 55424 KB] M&S algorithm main loop timer: 1.34146s (after shrinking)
[t=1.45386s, 55424 KB] M&S algorithm main loop timer: 1.42035s (after merging)

[t=1.45598s, 55424 KB] Operator mutex starting iteration 26
[t=1.45981s, 55424 KB] In ts_26_37 of size 396 found num new op-mutexes 0
[t=1.46105s, 55424 KB] In ts_26_48 of size 72 found num new op-mutexes 0
[t=1.4636s, 55424 KB] Operator mutex finished iteration 26. Found an additional 0 operator mutexes

[t=1.46478s, 55424 KB] Next pair of indices: (48, 56)
[t=1.46481s, 55424 KB] M&S algorithm main loop timer: 1.43125s (after computation of next merge)
[t=1.5651s, 55424 KB] M&S algorithm main loop timer: 1.5319s (after shrinking)
[t=1.5668s, 55424 KB] M&S algorithm main loop timer: 1.53326s (after merging)

[t=1.56687s, 55424 KB] Operator mutex starting iteration 27
[t=1.57059s, 55424 KB] In ts_27_37 of size 396 found num new op-mutexes 0
[t=1.57458s, 55424 KB] In ts_27_57 of size 288 found num new op-mutexes 0
[t=1.57477s, 55424 KB] Operator mutex finished iteration 27. Found an additional 0 operator mutexes

[t=1.57483s, 55424 KB] Next pair of indices: (37, 57)
[t=1.57486s, 55424 KB] M&S algorithm main loop timer: 1.54131s (after computation of next merge)
[t=1.5769s, 55424 KB] M&S algorithm main loop timer: 1.54338s (after shrinking)
[t=1.86117s, 72044 KB] M&S algorithm main loop timer: 1.82768s (after merging)

[t=1.86373s, 72044 KB] Operator mutex starting iteration 28
[t=1.87163s, 76048 KB] Operator mutex finished iteration 28. Found an additional 0 operator mutexes

[t=1.87175s, 76048 KB] End of merge-and-shrink algorithm, statistics:
[t=1.87179s, 76048 KB] Main loop runtime: 1.83823s
[t=1.87182s, 76048 KB] Maximum intermediate abstraction size: 42147
[t=1.87188s, 76048 KB] Final peak memory increase of merge-and-shrink algorithm: 52272 KB
[t=1.87192s, 76048 KB] Merge-and-shrink algorithm runtime: 1.85355s

[t=1.87194s, 76048 KB] Number of labels: 4085
[t=1.87196s, 76048 KB] Total number of operator mutexes: 21725
[t=1.87199s, 76048 KB] Operator Mutex total time: 0.493232s
[t=1.87219s, 76048 KB] Number of remaining factors: 1
[t=1.87269s, 76048 KB] Number of factors kept: 1
[t=1.87273s, 76048 KB] Done initializing merge-and-shrink heuristic.

[t=1.87401s, 76048 KB] Building successor generator...done!
[t=1.87588s, 76048 KB] peak memory difference for successor generator creation: 0 KB
[t=1.87591s, 76048 KB] time for successor generation creation: 0.00177456s
[t=1.87595s, 76048 KB] Variables: 30
[t=1.87598s, 76048 KB] FactPairs: 319
[t=1.876s, 76048 KB] Bytes per state: 16
[t=1.87612s, 76048 KB] Conducting best first search with reopening closed nodes, (real) bound = 2147483647
[t=1.8762s, 76048 KB] New best heuristic value for merge_and_shrink(op_mutex = op_mutex(use_previous_ops = nopo, reachability_strategy = goal)): 3
[t=1.87623s, 76048 KB] g=0, 1 evaluated, 0 expanded
[t=1.87625s, 76048 KB] f = 3, 1 evaluated, 0 expanded
[t=1.87628s, 76048 KB] Initial heuristic value for merge_and_shrink(op_mutex = op_mutex(use_previous_ops = nopo, reachability_strategy = goal)): 3
[t=1.8763s, 76048 KB] pruning method: none
[t=1.87636s, 76048 KB] f = 4, 16 evaluated, 1 expanded
[t=1.87666s, 76048 KB] f = 5, 153 evaluated, 16 expanded
[t=1.8787s, 76048 KB] f = 6, 1118 evaluated, 151 expanded
[t=1.88741s, 76048 KB] New best heuristic value for merge_and_shrink(op_mutex = op_mutex(use_previous_ops = nopo, reachability_strategy = goal)): 2
[t=1.8875s, 76048 KB] g=4, 4298 evaluated, 581 expanded
[t=1.89343s, 76048 KB] f = 7, 6898 evaluated, 1091 expanded
[t=1.97056s, 76048 KB] f = 8, 37542 evaluated, 6653 expanded
[t=1.97232s, 76048 KB] New best heuristic value for merge_and_shrink(op_mutex = op_mutex(use_previous_ops = nopo, reachability_strategy = goal)): 1
[t=1.97235s, 76048 KB] g=7, 38362 evaluated, 6746 expanded
[t=2.33789s, 76048 KB] f = 9, 185142 evaluated, 35822 expanded
[t=4.10502s, 79964 KB] New best heuristic value for merge_and_shrink(op_mutex = op_mutex(use_previous_ops = nopo, reachability_strategy = goal)): 0
[t=4.10512s, 79964 KB] g=9, 841052 evaluated, 174675 expanded
[t=4.10515s, 79964 KB] Solution found!
[t=4.10518s, 79964 KB] Actual search time: 2.22888s
overcome boils expectation hamburger neptune venus (1)
feast expectation hamburger beef bosnia bavaria (1)
feast expectation beef baguette bosnia bavaria (1)
overcome dread expectation baguette vulcan neptune (1)
feast expectation baguette beef alsace guanabara (1)
feast expectation beef hotdog oregon bosnia (1)
feast expectation hotdog mutton moravia kentucky (1)
succumb boils expectation mutton vulcan neptune (1)
succumb dread expectation mutton neptune venus (1)
[t=4.1052s, 79964 KB] Plan length: 9 step(s).
[t=4.1052s, 79964 KB] Plan cost: 9
[t=4.1052s, 79964 KB] Expanded 174676 state(s).
[t=4.1052s, 79964 KB] Reopened 0 state(s).
[t=4.1052s, 79964 KB] Evaluated 841052 state(s).
[t=4.1052s, 79964 KB] Evaluations: 841052
[t=4.1052s, 79964 KB] Generated 2871549 state(s).
[t=4.1052s, 79964 KB] Dead ends: 0 state(s).
[t=4.1052s, 79964 KB] Expanded until last jump: 35822 state(s).
[t=4.1052s, 79964 KB] Reopened until last jump: 0 state(s).
[t=4.1052s, 79964 KB] Evaluated until last jump: 185142 state(s).
[t=4.1052s, 79964 KB] Generated until last jump: 583928 state(s).
[t=4.1052s, 79964 KB] Number of registered states: 841052
[t=4.1052s, 79964 KB] Int hash set load factor: 841052/1048576 = 0.80209
[t=4.1052s, 79964 KB] Int hash set resizes: 20
[t=4.1052s, 79964 KB] Search time: 2.22908s
[t=4.1052s, 79964 KB] Total time: 4.1052s
Solution found.
Peak memory: 79964 KB
Remove intermediate file output.sas
search exit code: 0

INFO     Running validate.
INFO     validate stdin: None
INFO     validate time limit: None
INFO     validate memory limit: None
INFO     validate command line string: validate domain.pddl problem.pddl sas_plan
Checking plan: sas_plan
Plan executed successfully - checking goal
Plan valid
Final value: 9 

Successful plans:
Value: 9
 sas_plan 9 

validate exit code: 0

