INFO     Running translator.
INFO     translator stdin: None
INFO     translator time limit: 599.96s
INFO     translator memory limit: 7000 MB
INFO     translator command line string: /usr/bin/python3 /user/student.aau.dk/lkar18/downward-projects/downward/experiments/nopo_vs_nasutpo_195p/data/nopo_vs_nasutpo/code-94571df14dfaf5b06207d9589b12facdd93f580c_e5e41175/builds/release/bin/translate/translate.py domain.pddl problem.pddl --sas-file output.sas
Parsing...
Parsing: [0.010s CPU, 0.002s wall-clock]
Normalizing task... [0.000s CPU, 0.000s wall-clock]
Instantiating...
Generating Datalog program... [0.000s CPU, 0.000s wall-clock]
Normalizing Datalog program...
Normalizing Datalog program: [0.000s CPU, 0.002s wall-clock]
Preparing model... [0.000s CPU, 0.001s wall-clock]
Generated 26 rules.
Computing model... [0.010s CPU, 0.007s wall-clock]
428 relevant atoms
466 auxiliary atoms
894 final queue length
1455 total queue pushes
Completing instantiation... [0.010s CPU, 0.012s wall-clock]
Instantiating: [0.020s CPU, 0.023s wall-clock]
Computing fact groups...
Finding invariants...
9 initial candidates
Finding invariants: [0.000s CPU, 0.002s wall-clock]
Checking invariant weight... [0.000s CPU, 0.000s wall-clock]
Instantiating groups... [0.000s CPU, 0.000s wall-clock]
Collecting mutex groups... [0.000s CPU, 0.000s wall-clock]
Choosing groups...
0 uncovered facts
Choosing groups: [0.000s CPU, 0.000s wall-clock]
Building translation key... [0.000s CPU, 0.000s wall-clock]
Computing fact groups: [0.000s CPU, 0.003s wall-clock]
Building STRIPS to SAS dictionary... [0.000s CPU, 0.000s wall-clock]
Building dictionary for full mutex groups... [0.000s CPU, 0.000s wall-clock]
Building mutex information...
Building mutex information: [0.000s CPU, 0.000s wall-clock]
Translating task...
Processing axioms...
Simplifying axioms... [0.000s CPU, 0.000s wall-clock]
Translator axioms removed by simplifying: 0
Computing negative axioms... [0.000s CPU, 0.000s wall-clock]
Processing axioms: [0.000s CPU, 0.001s wall-clock]
Translating task: [0.010s CPU, 0.011s wall-clock]
0 effect conditions simplified
0 implied preconditions added
Detecting unreachable propositions...
0 operators removed
0 axioms removed
7 propositions removed
Detecting unreachable propositions: [0.010s CPU, 0.006s wall-clock]
Reordering and filtering variables...
7 of 7 variables necessary.
0 of 7 mutex groups necessary.
312 of 312 operators necessary.
0 of 0 axiom rules necessary.
Reordering and filtering variables: [0.000s CPU, 0.002s wall-clock]
Translator variables: 7
Translator derived variables: 0
Translator facts: 46
Translator goal facts: 3
Translator mutex groups: 0
Translator total mutex groups size: 0
Translator operators: 312
Translator axioms: 0
Translator task size: 1856
Translator peak memory: 43292 KB
Writing output... [0.010s CPU, 0.004s wall-clock]
Done! [0.060s CPU, 0.052s wall-clock]
translate exit code: 0

INFO     Running search (release).
INFO     search stdin: output.sas
INFO     search time limit: 599.86s
INFO     search memory limit: 7000 MB
INFO     search command line string: /user/student.aau.dk/lkar18/downward-projects/downward/experiments/nopo_vs_nasutpo_195p/data/nopo_vs_nasutpo/code-94571df14dfaf5b06207d9589b12facdd93f580c_e5e41175/builds/release/bin/downward --search 'astar(merge_and_shrink(op_mutex=op_mutex(use_previous_ops=NoPO, reachability_strategy=goal), merge_strategy=merge_sccs(order_of_sccs=topological, merge_tree=linear()), shrink_strategy=shrink_fh()))' --internal-plan-file sas_plan < output.sas
[t=3.9162e-05s, 22344 KB] reading input...
[t=0.00124082s, 22344 KB] done reading input!
[t=0.00262991s, 22732 KB] Initializing merge-and-shrink heuristic...
[t=0.00269889s, 22732 KB] Running merge-and-shrink algorithm...
[t=0.00271942s, 22732 KB] Merge strategy options:
[t=0.00274323s, 22732 KB] Type: sccs
[t=0.00276351s, 22732 KB] Merge order of sccs: topological
[t=0.00278419s, 22732 KB] Merge strategy for merging within sccs: 
[t=0.00280407s, 22732 KB] Merge tree options: 
[t=0.00282387s, 22732 KB] Type: linear
[t=0.00284392s, 22732 KB] Update option: use random
[t=0.00286421s, 22732 KB] Variable order type: CG/GOAL, tie breaking on level (main)

[t=0.00288679s, 22732 KB] Options related to size limits and shrinking: 
[t=0.00290793s, 22732 KB] Transition system size limit: 50000
[t=0.00292803s, 22732 KB] Transition system size limit right before merge: 50000
[t=0.00294773s, 22732 KB] Threshold to trigger shrinking right before merge: 1

[t=0.00297088s, 22732 KB] Pruning unreachable states: yes
[t=0.00299435s, 22732 KB] Pruning irrelevant states: yes

[t=0.00302251s, 22732 KB] Label reduction disabled

[t=0.00304657s, 22732 KB] Main loop max time in seconds: inf

[t=0.0030714s, 22732 KB] ===============================================================================
[t=0.00309223s, 22732 KB] WARNING! You did not enable label reduction.
This may drastically reduce the performance of merge-and-shrink!
[t=0.00311278s, 22732 KB] ===============================================================================

[t=0.00313963s, 22732 KB] Building atomic transition systems... 
[t=0.00364431s, 23128 KB] M&S algorithm timer: 0.000978227s (after computation of atomic factors)

[t=0.00368931s, 23128 KB] Starting main loop without a time limit.
[t=0.00371557s, 23128 KB] building causal graph...done! [t=0.000121357s]
[t=0.00384746s, 23128 KB] SCCs of the causal graph:
[t=0.00387216s, 23128 KB] [1]
[t=0.00389321s, 23128 KB] [0]
[t=0.00391293s, 23128 KB] [3, 4, 2, 5, 6]
[t=0.00393966s, 23128 KB] Next pair of indices: (6, 3)
[t=0.00396184s, 23128 KB] M&S algorithm main loop timer: 0.000291267s (after computation of next merge)
[t=0.00407047s, 23128 KB] M&S algorithm main loop timer: 0.000412212s (after merging)

[t=0.00411141s, 23128 KB] Operator mutex starting iteration 0

[t=0.00420206s, 23128 KB] In ts_0_0 of size 6 found num new op-mutexes 0

[t=0.00429053s, 23128 KB] In ts_0_1 of size 6 found num new op-mutexes 0

[t=0.0043768s, 23128 KB] In ts_0_2 of size 5 found num new op-mutexes 0

[t=0.00447287s, 23128 KB] In ts_0_4 of size 8 found num new op-mutexes 0

[t=0.00456128s, 23128 KB] In ts_0_5 of size 8 found num new op-mutexes 0

[t=0.00474521s, 23268 KB] In ts_0_7 of size 40 found num new op-mutexes 0
[t=0.00478607s, 23268 KB] Operator mutex finished iteration 0. Found an additional 0 operator mutexes

[t=0.00481784s, 23268 KB] Next pair of indices: (7, 5)
[t=0.00483974s, 23268 KB] M&S algorithm main loop timer: 0.00116938s (after computation of next merge)
[t=0.00509603s, 23268 KB] M&S algorithm main loop timer: 0.00144065s (after merging)

[t=0.00515708s, 23268 KB] Operator mutex starting iteration 1

[t=0.00525141s, 23268 KB] In ts_1_0 of size 6 found num new op-mutexes 0

[t=0.00535838s, 23268 KB] In ts_1_1 of size 6 found num new op-mutexes 0

[t=0.00545211s, 23268 KB] In ts_1_2 of size 5 found num new op-mutexes 0

[t=0.00554417s, 23268 KB] In ts_1_4 of size 8 found num new op-mutexes 0

[t=0.00628952s, 23400 KB] In ts_1_8 of size 320 found num new op-mutexes 0
[t=0.00633329s, 23400 KB] Operator mutex finished iteration 1. Found an additional 0 operator mutexes

[t=0.00636702s, 23400 KB] Next pair of indices: (8, 4)
[t=0.00639023s, 23400 KB] M&S algorithm main loop timer: 0.00272042s (after computation of next merge)
[t=0.00838984s, 23640 KB] M&S algorithm main loop timer: 0.00473302s (after merging)
[t=0.00861222s, 23640 KB] M&S algorithm main loop timer: 0.00495295s (after pruning)

[t=0.00864941s, 23640 KB] Operator mutex starting iteration 2

[t=0.00873143s, 23640 KB] In ts_2_0 of size 6 found num new op-mutexes 0

[t=0.00882333s, 23640 KB] In ts_2_1 of size 6 found num new op-mutexes 0

[t=0.00890744s, 23640 KB] In ts_2_2 of size 5 found num new op-mutexes 0

[t=0.0130928s, 24616 KB] In ts_2_9 of size 512 found num new op-mutexes 21168
[t=0.0131484s, 24616 KB] Operator mutex finished iteration 2. Found an additional 21168 operator mutexes

[t=0.0131861s, 24616 KB] Next pair of indices: (9, 2)
[t=0.0132098s, 24616 KB] M&S algorithm main loop timer: 0.0095404s (after computation of next merge)
[t=0.015105s, 24616 KB] M&S algorithm main loop timer: 0.0114712s (after merging)
[t=0.0153962s, 24616 KB] M&S algorithm main loop timer: 0.0117411s (after pruning)

[t=0.0154385s, 24616 KB] Operator mutex starting iteration 3

[t=0.0155232s, 24616 KB] In ts_3_0 of size 6 found num new op-mutexes 0

[t=0.0156156s, 24616 KB] In ts_3_1 of size 6 found num new op-mutexes 0

[t=0.0217131s, 25492 KB] In ts_3_10 of size 512 found num new op-mutexes 18576
[t=0.0217718s, 25492 KB] Operator mutex finished iteration 3. Found an additional 18576 operator mutexes

[t=0.0218134s, 25492 KB] Next pair of indices: (10, 1)
[t=0.0218373s, 25492 KB] M&S algorithm main loop timer: 0.0181675s (after computation of next merge)
[t=0.0243925s, 25492 KB] M&S algorithm main loop timer: 0.0207374s (after merging)

[t=0.024592s, 25492 KB] Operator mutex starting iteration 4

[t=0.0247013s, 25492 KB] In ts_4_0 of size 6 found num new op-mutexes 0

[t=0.0351155s, 27276 KB] In ts_4_11 of size 3072 found num new op-mutexes 0
[t=0.0351803s, 27276 KB] Operator mutex finished iteration 4. Found an additional 0 operator mutexes

[t=0.0352192s, 27276 KB] Next pair of indices: (11, 0)
[t=0.0352429s, 27276 KB] M&S algorithm main loop timer: 0.031573s (after computation of next merge)
[t=0.0501164s, 27840 KB] M&S algorithm main loop timer: 0.0464739s (after merging)

[t=0.0511748s, 27840 KB] Operator mutex starting iteration 5
[t=0.0513381s, 27840 KB] Operator mutex finished iteration 5. Found an additional 0 operator mutexes

[t=0.0513724s, 27840 KB] End of merge-and-shrink algorithm, statistics:
[t=0.0513946s, 27840 KB] Main loop runtime: 0.0477244s
[t=0.051417s, 27840 KB] Maximum intermediate abstraction size: 18432
[t=0.0514375s, 27840 KB] Final peak memory increase of merge-and-shrink algorithm: 5108 KB
[t=0.0514704s, 27840 KB] Merge-and-shrink algorithm runtime: 0.04879s

[t=0.0514942s, 27840 KB] Number of labels: 312
[t=0.0515139s, 27840 KB] Total number of operator mutexes: 39744
[t=0.0515341s, 27840 KB] Operator Mutex total time: 0.0236444s
[t=0.0515664s, 27840 KB] Number of remaining factors: 1
[t=0.0516539s, 27840 KB] Number of factors kept: 1
[t=0.0516768s, 27840 KB] Done initializing merge-and-shrink heuristic.

[t=0.0529746s, 27840 KB] Building successor generator...done!
[t=0.0539415s, 27840 KB] peak memory difference for successor generator creation: 0 KB
[t=0.0539619s, 27840 KB] time for successor generation creation: 0.00014209s
[t=0.0539863s, 27840 KB] Variables: 7
[t=0.0540074s, 27840 KB] FactPairs: 46
[t=0.0540275s, 27840 KB] Bytes per state: 4
[t=0.0541542s, 27840 KB] Conducting best first search with reopening closed nodes, (real) bound = 2147483647
[t=0.0542155s, 27840 KB] New best heuristic value for merge_and_shrink(op_mutex = op_mutex(use_previous_ops = nopo, reachability_strategy = goal), merge_strategy = merge_sccs(order_of_sccs = topological, merge_tree = linear), shrink_strategy = shrink_fh): 131
[t=0.0542413s, 27840 KB] g=0, 1 evaluated, 0 expanded
[t=0.0542645s, 27840 KB] f = 131, 1 evaluated, 0 expanded
[t=0.0542888s, 27840 KB] Initial heuristic value for merge_and_shrink(op_mutex = op_mutex(use_previous_ops = nopo, reachability_strategy = goal), merge_strategy = merge_sccs(order_of_sccs = topological, merge_tree = linear), shrink_strategy = shrink_fh): 131
[t=0.0543104s, 27840 KB] pruning method: none
[t=0.0543453s, 27840 KB] New best heuristic value for merge_and_shrink(op_mutex = op_mutex(use_previous_ops = nopo, reachability_strategy = goal), merge_strategy = merge_sccs(order_of_sccs = topological, merge_tree = linear), shrink_strategy = shrink_fh): 119
[t=0.0543687s, 27840 KB] g=12, 3 evaluated, 1 expanded
[t=0.0544057s, 27840 KB] New best heuristic value for merge_and_shrink(op_mutex = op_mutex(use_previous_ops = nopo, reachability_strategy = goal), merge_strategy = merge_sccs(order_of_sccs = topological, merge_tree = linear), shrink_strategy = shrink_fh): 118
[t=0.0544284s, 27840 KB] g=13, 7 evaluated, 2 expanded
[t=0.0544588s, 27840 KB] New best heuristic value for merge_and_shrink(op_mutex = op_mutex(use_previous_ops = nopo, reachability_strategy = goal), merge_strategy = merge_sccs(order_of_sccs = topological, merge_tree = linear), shrink_strategy = shrink_fh): 106
[t=0.0544821s, 27840 KB] g=25, 10 evaluated, 3 expanded
[t=0.0545119s, 27840 KB] New best heuristic value for merge_and_shrink(op_mutex = op_mutex(use_previous_ops = nopo, reachability_strategy = goal), merge_strategy = merge_sccs(order_of_sccs = topological, merge_tree = linear), shrink_strategy = shrink_fh): 105
[t=0.054544s, 27840 KB] g=26, 12 evaluated, 4 expanded
[t=0.0545832s, 27840 KB] New best heuristic value for merge_and_shrink(op_mutex = op_mutex(use_previous_ops = nopo, reachability_strategy = goal), merge_strategy = merge_sccs(order_of_sccs = topological, merge_tree = linear), shrink_strategy = shrink_fh): 104
[t=0.0546061s, 27840 KB] g=27, 18 evaluated, 5 expanded
[t=0.0546396s, 27840 KB] New best heuristic value for merge_and_shrink(op_mutex = op_mutex(use_previous_ops = nopo, reachability_strategy = goal), merge_strategy = merge_sccs(order_of_sccs = topological, merge_tree = linear), shrink_strategy = shrink_fh): 103
[t=0.0546618s, 27840 KB] g=28, 23 evaluated, 6 expanded
[t=0.0546902s, 27840 KB] New best heuristic value for merge_and_shrink(op_mutex = op_mutex(use_previous_ops = nopo, reachability_strategy = goal), merge_strategy = merge_sccs(order_of_sccs = topological, merge_tree = linear), shrink_strategy = shrink_fh): 77
[t=0.0547125s, 27840 KB] g=54, 25 evaluated, 7 expanded
[t=0.0547444s, 27840 KB] New best heuristic value for merge_and_shrink(op_mutex = op_mutex(use_previous_ops = nopo, reachability_strategy = goal), merge_strategy = merge_sccs(order_of_sccs = topological, merge_tree = linear), shrink_strategy = shrink_fh): 55
[t=0.0547669s, 27840 KB] g=76, 29 evaluated, 8 expanded
[t=0.0548038s, 27840 KB] New best heuristic value for merge_and_shrink(op_mutex = op_mutex(use_previous_ops = nopo, reachability_strategy = goal), merge_strategy = merge_sccs(order_of_sccs = topological, merge_tree = linear), shrink_strategy = shrink_fh): 21
[t=0.054826s, 27840 KB] g=110, 33 evaluated, 9 expanded
[t=0.0548616s, 27840 KB] New best heuristic value for merge_and_shrink(op_mutex = op_mutex(use_previous_ops = nopo, reachability_strategy = goal), merge_strategy = merge_sccs(order_of_sccs = topological, merge_tree = linear), shrink_strategy = shrink_fh): 20
[t=0.0548842s, 27840 KB] g=111, 39 evaluated, 10 expanded
[t=0.0549118s, 27840 KB] New best heuristic value for merge_and_shrink(op_mutex = op_mutex(use_previous_ops = nopo, reachability_strategy = goal), merge_strategy = merge_sccs(order_of_sccs = topological, merge_tree = linear), shrink_strategy = shrink_fh): 1
[t=0.0549338s, 27840 KB] g=130, 41 evaluated, 11 expanded
[t=0.0549663s, 27840 KB] New best heuristic value for merge_and_shrink(op_mutex = op_mutex(use_previous_ops = nopo, reachability_strategy = goal), merge_strategy = merge_sccs(order_of_sccs = topological, merge_tree = linear), shrink_strategy = shrink_fh): 0
[t=0.0549884s, 27840 KB] g=131, 45 evaluated, 12 expanded
[t=0.0550143s, 27840 KB] Solution found!
[t=0.0550382s, 27840 KB] Actual search time: 0.000724743s
drive truck-2 city-loc-4 city-loc-5 (12)
pick-up truck-2 city-loc-5 package-1 capacity-2 capacity-3 (1)
drive truck-2 city-loc-5 city-loc-4 (12)
drop truck-2 city-loc-4 package-1 capacity-2 capacity-3 (1)
pick-up truck-2 city-loc-4 package-2 capacity-2 capacity-3 (1)
pick-up truck-2 city-loc-4 package-3 capacity-1 capacity-2 (1)
drive truck-2 city-loc-4 city-loc-1 (26)
drive truck-2 city-loc-1 city-loc-3 (22)
drive truck-2 city-loc-3 city-loc-6 (34)
drop truck-2 city-loc-6 package-3 capacity-1 capacity-2 (1)
drive truck-2 city-loc-6 city-loc-2 (19)
drop truck-2 city-loc-2 package-2 capacity-2 capacity-3 (1)
[t=0.0550611s, 27840 KB] Plan length: 12 step(s).
[t=0.0550611s, 27840 KB] Plan cost: 131
[t=0.0550611s, 27840 KB] Expanded 13 state(s).
[t=0.0550611s, 27840 KB] Reopened 0 state(s).
[t=0.0550611s, 27840 KB] Evaluated 46 state(s).
[t=0.0550611s, 27840 KB] Evaluations: 46
[t=0.0550611s, 27840 KB] Generated 61 state(s).
[t=0.0550611s, 27840 KB] Dead ends: 0 state(s).
[t=0.0550611s, 27840 KB] Expanded until last jump: 0 state(s).
[t=0.0550611s, 27840 KB] Reopened until last jump: 0 state(s).
[t=0.0550611s, 27840 KB] Evaluated until last jump: 1 state(s).
[t=0.0550611s, 27840 KB] Generated until last jump: 0 state(s).
[t=0.0550611s, 27840 KB] Number of registered states: 46
[t=0.0550611s, 27840 KB] Int hash set load factor: 46/64 = 0.71875
[t=0.0550611s, 27840 KB] Int hash set resizes: 6
[t=0.0550611s, 27840 KB] Search time: 0.000907751s
[t=0.0550611s, 27840 KB] Total time: 0.0550611s
Solution found.
Peak memory: 27840 KB
Remove intermediate file output.sas
search exit code: 0

INFO     Running validate.
INFO     validate stdin: None
INFO     validate time limit: None
INFO     validate memory limit: None
INFO     validate command line string: validate domain.pddl problem.pddl sas_plan
Checking plan: sas_plan
Plan executed successfully - checking goal
Plan valid
Final value: 131 

Successful plans:
Value: 131
 sas_plan 131 

validate exit code: 0

