INFO     Running translator.
INFO     translator stdin: None
INFO     translator time limit: 599.97s
INFO     translator memory limit: 7000 MB
INFO     translator command line string: /usr/bin/python3 /user/student.aau.dk/lkar18/downward-projects/downward/experiments/nopo_vs_nasutpo_195p/data/nopo_vs_nasutpo/code-94571df14dfaf5b06207d9589b12facdd93f580c_e5e41175/builds/release/bin/translate/translate.py domain.pddl problem.pddl --sas-file output.sas
Parsing...
Parsing: [0.030s CPU, 0.038s wall-clock]
Normalizing task... [0.000s CPU, 0.005s wall-clock]
Instantiating...
Generating Datalog program... [0.010s CPU, 0.004s wall-clock]
Normalizing Datalog program...
Normalizing Datalog program: [0.010s CPU, 0.009s wall-clock]
Preparing model... [0.000s CPU, 0.007s wall-clock]
Generated 985 rules.
Computing model... [0.010s CPU, 0.004s wall-clock]
454 relevant atoms
0 auxiliary atoms
454 final queue length
994 total queue pushes
Completing instantiation... [0.000s CPU, 0.007s wall-clock]
Instantiating: [0.030s CPU, 0.032s wall-clock]
Computing fact groups...
Finding invariants...
116 initial candidates
Finding invariants: [0.480s CPU, 0.474s wall-clock]
Checking invariant weight... [0.000s CPU, 0.002s wall-clock]
Instantiating groups... [0.000s CPU, 0.000s wall-clock]
Collecting mutex groups... [0.000s CPU, 0.000s wall-clock]
Choosing groups...
82 uncovered facts
Choosing groups: [0.000s CPU, 0.001s wall-clock]
Building translation key... [0.000s CPU, 0.000s wall-clock]
Computing fact groups: [0.480s CPU, 0.480s wall-clock]
Building STRIPS to SAS dictionary... [0.000s CPU, 0.000s wall-clock]
Building dictionary for full mutex groups... [0.000s CPU, 0.001s wall-clock]
Building mutex information...
Building mutex information: [0.000s CPU, 0.000s wall-clock]
Translating task...
Processing axioms...
Simplifying axioms... [0.000s CPU, 0.000s wall-clock]
Translator axioms removed by simplifying: 0
Computing negative axioms... [0.000s CPU, 0.000s wall-clock]
Processing axioms: [0.000s CPU, 0.001s wall-clock]
Translating task: [0.020s CPU, 0.017s wall-clock]
24 effect conditions simplified
0 implied preconditions added
Detecting unreachable propositions...
0 operators removed
0 axioms removed
2 propositions removed
Detecting unreachable propositions: [0.010s CPU, 0.007s wall-clock]
Reordering and filtering variables...
11 of 88 variables necessary.
5 of 97 mutex groups necessary.
336 of 336 operators necessary.
0 of 0 axiom rules necessary.
Reordering and filtering variables: [0.000s CPU, 0.002s wall-clock]
Translator variables: 11
Translator derived variables: 0
Translator facts: 48
Translator goal facts: 4
Translator mutex groups: 5
Translator total mutex groups size: 28
Translator operators: 336
Translator axioms: 0
Translator task size: 1594
Translator peak memory: 46764 KB
Writing output... [0.000s CPU, 0.004s wall-clock]
Done! [0.570s CPU, 0.586s wall-clock]
translate exit code: 0

INFO     Running search (release).
INFO     search stdin: output.sas
INFO     search time limit: 599.34s
INFO     search memory limit: 7000 MB
INFO     search command line string: /user/student.aau.dk/lkar18/downward-projects/downward/experiments/nopo_vs_nasutpo_195p/data/nopo_vs_nasutpo/code-94571df14dfaf5b06207d9589b12facdd93f580c_e5e41175/builds/release/bin/downward --search 'astar(merge_and_shrink(op_mutex=op_mutex(use_previous_ops=NoPO, reachability_strategy=goal), merge_strategy=merge_precomputed(linear()), shrink_strategy=shrink_bisimulation(greedy=true, at_limit=USE_UP)))' --internal-plan-file sas_plan < output.sas
[t=4.8727e-05s, 22344 KB] reading input...
[t=0.00110617s, 22344 KB] done reading input!
[t=0.00245966s, 22732 KB] Initializing merge-and-shrink heuristic...
[t=0.00253281s, 22732 KB] Running merge-and-shrink algorithm...
[t=0.00255278s, 22732 KB] Merge strategy options:
[t=0.00257363s, 22732 KB] Type: precomputed
[t=0.0025935s, 22732 KB] Merge tree options: 
[t=0.00261267s, 22732 KB] Type: linear
[t=0.00263181s, 22732 KB] Update option: use random
[t=0.00265105s, 22732 KB] Variable order type: CG/GOAL, tie breaking on level (main)

[t=0.00267276s, 22732 KB] Options related to size limits and shrinking: 
[t=0.00269296s, 22732 KB] Transition system size limit: 50000
[t=0.00271246s, 22732 KB] Transition system size limit right before merge: 50000
[t=0.00273341s, 22732 KB] Threshold to trigger shrinking right before merge: 1

[t=0.0027603s, 22732 KB] Pruning unreachable states: yes
[t=0.00278072s, 22732 KB] Pruning irrelevant states: yes

[t=0.00280182s, 22732 KB] Label reduction disabled

[t=0.00282376s, 22732 KB] Main loop max time in seconds: inf

[t=0.00285244s, 22732 KB] ===============================================================================
[t=0.00287154s, 22732 KB] WARNING! You did not enable label reduction.
This may drastically reduce the performance of merge-and-shrink!
[t=0.00289089s, 22732 KB] ===============================================================================

[t=0.00291245s, 22732 KB] Building atomic transition systems... 
[t=0.00346084s, 23392 KB] M&S algorithm timer: 0.000959717s (after computation of atomic factors)
[t=0.00350708s, 23392 KB] M&S algorithm timer: 0.000996374s (after pruning atomic factors)

[t=0.00353601s, 23392 KB] Starting main loop without a time limit.
[t=0.00355927s, 23392 KB] building causal graph...done! [t=9.6085e-05s]
[t=0.00366872s, 23392 KB] Next pair of indices: (10, 4)
[t=0.00369438s, 23392 KB] M&S algorithm main loop timer: 0.000176665s (after computation of next merge)
[t=0.00373768s, 23392 KB] M&S algorithm main loop timer: 0.000222871s (after shrinking)
[t=0.00380178s, 23392 KB] M&S algorithm main loop timer: 0.000292584s (after merging)

[t=0.00383581s, 23392 KB] Operator mutex starting iteration 0

[t=0.00392379s, 23392 KB] In ts_0_0 of size 3 found num new op-mutexes 0

[t=0.0040535s, 23392 KB] In ts_0_1 of size 7 found num new op-mutexes 216

[t=0.00454928s, 23668 KB] In ts_0_2 of size 7 found num new op-mutexes 3969

[t=0.00507152s, 23844 KB] In ts_0_3 of size 7 found num new op-mutexes 3969

[t=0.00516063s, 23844 KB] In ts_0_5 of size 2 found num new op-mutexes 0

[t=0.00523964s, 23844 KB] In ts_0_6 of size 2 found num new op-mutexes 0

[t=0.0107568s, 25184 KB] In ts_0_7 of size 6 found num new op-mutexes 35091

[t=0.0108581s, 25184 KB] In ts_0_8 of size 2 found num new op-mutexes 0

[t=0.0109713s, 25184 KB] In ts_0_9 of size 2 found num new op-mutexes 0

[t=0.0110529s, 25184 KB] In ts_0_11 of size 2 found num new op-mutexes 0
[t=0.0110859s, 25184 KB] Operator mutex finished iteration 0. Found an additional 43245 operator mutexes

[t=0.0111195s, 25184 KB] Next pair of indices: (11, 6)
[t=0.0111401s, 25184 KB] M&S algorithm main loop timer: 0.0076219s (after computation of next merge)
[t=0.0111835s, 25184 KB] M&S algorithm main loop timer: 0.00766847s (after shrinking)
[t=0.0112488s, 25184 KB] M&S algorithm main loop timer: 0.0077407s (after merging)

[t=0.0112851s, 25184 KB] Operator mutex starting iteration 1

[t=0.0113635s, 25184 KB] In ts_1_0 of size 3 found num new op-mutexes 0

[t=0.0114818s, 25184 KB] In ts_1_1 of size 7 found num new op-mutexes 0

[t=0.0119009s, 25184 KB] In ts_1_2 of size 7 found num new op-mutexes 0

[t=0.0123315s, 25184 KB] In ts_1_3 of size 7 found num new op-mutexes 0

[t=0.0124234s, 25184 KB] In ts_1_5 of size 2 found num new op-mutexes 0

[t=0.0156484s, 25184 KB] In ts_1_7 of size 6 found num new op-mutexes 0

[t=0.0157407s, 25184 KB] In ts_1_8 of size 2 found num new op-mutexes 0

[t=0.0158212s, 25184 KB] In ts_1_9 of size 2 found num new op-mutexes 0

[t=0.0158988s, 25184 KB] In ts_1_12 of size 2 found num new op-mutexes 0
[t=0.0159311s, 25184 KB] Operator mutex finished iteration 1. Found an additional 0 operator mutexes

[t=0.0159592s, 25184 KB] Next pair of indices: (12, 7)
[t=0.01598s, 25184 KB] M&S algorithm main loop timer: 0.0124615s (after computation of next merge)
[t=0.0160564s, 25184 KB] M&S algorithm main loop timer: 0.0125468s (after merging)

[t=0.0160908s, 25184 KB] Operator mutex starting iteration 2

[t=0.0161706s, 25184 KB] In ts_2_0 of size 3 found num new op-mutexes 0

[t=0.016286s, 25184 KB] In ts_2_1 of size 7 found num new op-mutexes 0

[t=0.0166973s, 25184 KB] In ts_2_2 of size 7 found num new op-mutexes 0

[t=0.0171046s, 25184 KB] In ts_2_3 of size 7 found num new op-mutexes 0

[t=0.0171883s, 25184 KB] In ts_2_5 of size 2 found num new op-mutexes 0

[t=0.0172667s, 25184 KB] In ts_2_8 of size 2 found num new op-mutexes 0

[t=0.0173432s, 25184 KB] In ts_2_9 of size 2 found num new op-mutexes 0

[t=0.0190065s, 25184 KB] In ts_2_13 of size 12 found num new op-mutexes 0
[t=0.0190481s, 25184 KB] Operator mutex finished iteration 2. Found an additional 0 operator mutexes

[t=0.0190779s, 25184 KB] Next pair of indices: (13, 5)
[t=0.0190992s, 25184 KB] M&S algorithm main loop timer: 0.0155812s (after computation of next merge)
[t=0.0191457s, 25184 KB] M&S algorithm main loop timer: 0.0156312s (after shrinking)
[t=0.0192098s, 25184 KB] M&S algorithm main loop timer: 0.0157029s (after merging)

[t=0.0192468s, 25184 KB] Operator mutex starting iteration 3

[t=0.0193244s, 25184 KB] In ts_3_0 of size 3 found num new op-mutexes 0

[t=0.0194432s, 25184 KB] In ts_3_1 of size 7 found num new op-mutexes 0

[t=0.0198639s, 25184 KB] In ts_3_2 of size 7 found num new op-mutexes 0

[t=0.020257s, 25184 KB] In ts_3_3 of size 7 found num new op-mutexes 0

[t=0.0203419s, 25184 KB] In ts_3_8 of size 2 found num new op-mutexes 0

[t=0.0204218s, 25184 KB] In ts_3_9 of size 2 found num new op-mutexes 0

[t=0.0221132s, 25184 KB] In ts_3_14 of size 12 found num new op-mutexes 0
[t=0.0221578s, 25184 KB] Operator mutex finished iteration 3. Found an additional 0 operator mutexes

[t=0.0221882s, 25184 KB] Next pair of indices: (14, 3)
[t=0.022211s, 25184 KB] M&S algorithm main loop timer: 0.0186977s (after computation of next merge)
[t=0.0222665s, 25184 KB] M&S algorithm main loop timer: 0.0187527s (after shrinking)
[t=0.0223411s, 25184 KB] M&S algorithm main loop timer: 0.0188332s (after merging)

[t=0.0223772s, 25184 KB] Operator mutex starting iteration 4

[t=0.0224566s, 25184 KB] In ts_4_0 of size 3 found num new op-mutexes 0

[t=0.0225775s, 25184 KB] In ts_4_1 of size 7 found num new op-mutexes 0

[t=0.02301s, 25184 KB] In ts_4_2 of size 7 found num new op-mutexes 0

[t=0.023095s, 25184 KB] In ts_4_8 of size 2 found num new op-mutexes 0

[t=0.0231744s, 25184 KB] In ts_4_9 of size 2 found num new op-mutexes 0

[t=0.024826s, 25184 KB] In ts_4_15 of size 12 found num new op-mutexes 0
[t=0.0248653s, 25184 KB] Operator mutex finished iteration 4. Found an additional 0 operator mutexes

[t=0.0248954s, 25184 KB] Next pair of indices: (15, 2)
[t=0.0249162s, 25184 KB] M&S algorithm main loop timer: 0.0213979s (after computation of next merge)
[t=0.0249627s, 25184 KB] M&S algorithm main loop timer: 0.0214481s (after shrinking)
[t=0.0250272s, 25184 KB] M&S algorithm main loop timer: 0.0215192s (after merging)

[t=0.0250629s, 25184 KB] Operator mutex starting iteration 5

[t=0.0251367s, 25184 KB] In ts_5_0 of size 3 found num new op-mutexes 0

[t=0.0252549s, 25184 KB] In ts_5_1 of size 7 found num new op-mutexes 0

[t=0.0253366s, 25184 KB] In ts_5_8 of size 2 found num new op-mutexes 0

[t=0.0254145s, 25184 KB] In ts_5_9 of size 2 found num new op-mutexes 0

[t=0.0270824s, 25184 KB] In ts_5_16 of size 12 found num new op-mutexes 0
[t=0.0271222s, 25184 KB] Operator mutex finished iteration 5. Found an additional 0 operator mutexes

[t=0.0271521s, 25184 KB] Next pair of indices: (16, 1)
[t=0.0271734s, 25184 KB] M&S algorithm main loop timer: 0.023655s (after computation of next merge)
[t=0.0272252s, 25184 KB] M&S algorithm main loop timer: 0.0237095s (after shrinking)
[t=0.0272933s, 25184 KB] M&S algorithm main loop timer: 0.0237875s (after merging)

[t=0.0273317s, 25184 KB] Operator mutex starting iteration 6

[t=0.0274057s, 25184 KB] In ts_6_0 of size 3 found num new op-mutexes 0

[t=0.0274855s, 25184 KB] In ts_6_8 of size 2 found num new op-mutexes 0

[t=0.0275625s, 25184 KB] In ts_6_9 of size 2 found num new op-mutexes 0

[t=0.0292123s, 25184 KB] In ts_6_17 of size 12 found num new op-mutexes 0
[t=0.0292497s, 25184 KB] Operator mutex finished iteration 6. Found an additional 0 operator mutexes

[t=0.0292779s, 25184 KB] Next pair of indices: (17, 0)
[t=0.0292982s, 25184 KB] M&S algorithm main loop timer: 0.0257793s (after computation of next merge)
[t=0.0293439s, 25184 KB] M&S algorithm main loop timer: 0.0258293s (after shrinking)
[t=0.0294076s, 25184 KB] M&S algorithm main loop timer: 0.0259002s (after merging)

[t=0.0294443s, 25184 KB] Operator mutex starting iteration 7

[t=0.0295129s, 25184 KB] In ts_7_8 of size 2 found num new op-mutexes 0

[t=0.0295924s, 25184 KB] In ts_7_9 of size 2 found num new op-mutexes 0

[t=0.0313071s, 25184 KB] In ts_7_18 of size 12 found num new op-mutexes 0
[t=0.0313533s, 25184 KB] Operator mutex finished iteration 7. Found an additional 0 operator mutexes

[t=0.0313837s, 25184 KB] Next pair of indices: (18, 9)
[t=0.0314048s, 25184 KB] M&S algorithm main loop timer: 0.0278867s (after computation of next merge)
[t=0.0314807s, 25184 KB] M&S algorithm main loop timer: 0.0279719s (after merging)

[t=0.0315167s, 25184 KB] Operator mutex starting iteration 8

[t=0.0315934s, 25184 KB] In ts_8_8 of size 2 found num new op-mutexes 0

[t=0.0332921s, 25184 KB] In ts_8_19 of size 24 found num new op-mutexes 0
[t=0.0333314s, 25184 KB] Operator mutex finished iteration 8. Found an additional 0 operator mutexes

[t=0.0333697s, 25184 KB] Next pair of indices: (19, 8)
[t=0.0333908s, 25184 KB] M&S algorithm main loop timer: 0.0298721s (after computation of next merge)
[t=0.0334916s, 25184 KB] M&S algorithm main loop timer: 0.0299921s (after merging)

[t=0.0335398s, 25184 KB] Operator mutex starting iteration 9

[t=0.0353095s, 25184 KB] In ts_9_20 of size 48 found num new op-mutexes 0
[t=0.0353505s, 25184 KB] Operator mutex finished iteration 9. Found an additional 0 operator mutexes

[t=0.0353799s, 25184 KB] End of merge-and-shrink algorithm, statistics:
[t=0.0354005s, 25184 KB] Main loop runtime: 0.031882s
[t=0.0354209s, 25184 KB] Maximum intermediate abstraction size: 48
[t=0.0354402s, 25184 KB] Final peak memory increase of merge-and-shrink algorithm: 2452 KB
[t=0.0354714s, 25184 KB] Merge-and-shrink algorithm runtime: 0.0329559s

[t=0.035494s, 25184 KB] Number of labels: 336
[t=0.0355137s, 25184 KB] Total number of operator mutexes: 43245
[t=0.0355325s, 25184 KB] Operator Mutex total time: 0.0300669s
[t=0.0355587s, 25184 KB] Number of remaining factors: 1
[t=0.0355853s, 25184 KB] Number of factors kept: 1
[t=0.0356052s, 25184 KB] Done initializing merge-and-shrink heuristic.

[t=0.0362845s, 25184 KB] Building successor generator...done!
[t=0.0370607s, 25184 KB] peak memory difference for successor generator creation: 0 KB
[t=0.0370807s, 25184 KB] time for successor generation creation: 0.00010686s
[t=0.0371061s, 25184 KB] Variables: 11
[t=0.0371274s, 25184 KB] FactPairs: 48
[t=0.037147s, 25184 KB] Bytes per state: 4
[t=0.0372666s, 25184 KB] Conducting best first search with reopening closed nodes, (real) bound = 2147483647
[t=0.0373411s, 25184 KB] New best heuristic value for merge_and_shrink(op_mutex = op_mutex(use_previous_ops = nopo, reachability_strategy = goal), merge_strategy = merge_precomputed(linear), shrink_strategy = shrink_bisimulation(greedy = true, at_limit = use_up)): 6
[t=0.0373656s, 25184 KB] g=0, 1 evaluated, 0 expanded
[t=0.0373873s, 25184 KB] f = 6, 1 evaluated, 0 expanded
[t=0.0374113s, 25184 KB] Initial heuristic value for merge_and_shrink(op_mutex = op_mutex(use_previous_ops = nopo, reachability_strategy = goal), merge_strategy = merge_precomputed(linear), shrink_strategy = shrink_bisimulation(greedy = true, at_limit = use_up)): 6
[t=0.0374319s, 25184 KB] pruning method: none
[t=0.0374648s, 25184 KB] f = 7, 3 evaluated, 1 expanded
[t=0.0375032s, 25184 KB] New best heuristic value for merge_and_shrink(op_mutex = op_mutex(use_previous_ops = nopo, reachability_strategy = goal), merge_strategy = merge_precomputed(linear), shrink_strategy = shrink_bisimulation(greedy = true, at_limit = use_up)): 5
[t=0.0375242s, 25184 KB] g=2, 12 evaluated, 2 expanded
[t=0.0375941s, 25184 KB] f = 8, 35 evaluated, 5 expanded
[t=0.0376325s, 25184 KB] New best heuristic value for merge_and_shrink(op_mutex = op_mutex(use_previous_ops = nopo, reachability_strategy = goal), merge_strategy = merge_precomputed(linear), shrink_strategy = shrink_bisimulation(greedy = true, at_limit = use_up)): 4
[t=0.0376551s, 25184 KB] g=4, 43 evaluated, 7 expanded
[t=0.0377003s, 25184 KB] New best heuristic value for merge_and_shrink(op_mutex = op_mutex(use_previous_ops = nopo, reachability_strategy = goal), merge_strategy = merge_precomputed(linear), shrink_strategy = shrink_bisimulation(greedy = true, at_limit = use_up)): 3
[t=0.0377221s, 25184 KB] g=5, 53 evaluated, 8 expanded
[t=0.0379954s, 25184 KB] f = 9, 179 evaluated, 40 expanded
[t=0.0388009s, 25184 KB] f = 10, 540 evaluated, 172 expanded
[t=0.0403532s, 25184 KB] f = 11, 1243 evaluated, 474 expanded
[t=0.0406492s, 25184 KB] New best heuristic value for merge_and_shrink(op_mutex = op_mutex(use_previous_ops = nopo, reachability_strategy = goal), merge_strategy = merge_precomputed(linear), shrink_strategy = shrink_bisimulation(greedy = true, at_limit = use_up)): 2
[t=0.0406814s, 25184 KB] g=9, 1361 evaluated, 533 expanded
[t=0.0434158s, 25184 KB] f = 12, 2627 evaluated, 1070 expanded
[t=0.0486812s, 25184 KB] f = 13, 5022 evaluated, 2225 expanded
[t=0.0572729s, 25184 KB] f = 14, 8756 evaluated, 4294 expanded
[t=0.0592778s, 25184 KB] New best heuristic value for merge_and_shrink(op_mutex = op_mutex(use_previous_ops = nopo, reachability_strategy = goal), merge_strategy = merge_precomputed(linear), shrink_strategy = shrink_bisimulation(greedy = true, at_limit = use_up)): 1
[t=0.0593154s, 25184 KB] g=13, 9685 evaluated, 4943 expanded
[t=0.0680772s, 25184 KB] f = 15, 13585 evaluated, 7419 expanded
[t=0.0807637s, 25184 KB] f = 16, 18619 evaluated, 11318 expanded
[t=0.0916068s, 25184 KB] f = 17, 23038 evaluated, 15282 expanded
[t=0.0916798s, 25184 KB] New best heuristic value for merge_and_shrink(op_mutex = op_mutex(use_previous_ops = nopo, reachability_strategy = goal), merge_strategy = merge_precomputed(linear), shrink_strategy = shrink_bisimulation(greedy = true, at_limit = use_up)): 0
[t=0.0917062s, 25184 KB] g=17, 23048 evaluated, 15310 expanded
[t=0.0917296s, 25184 KB] Solution found!
[t=0.0917532s, 25184 KB] Actual search time: 0.0543187s
drive_truck1_l2_l1_t0_t1  (1)
load_package1_truck1_a2_l1  (1)
load_package2_truck1_a1_l1  (1)
drive_truck1_l1_l2_t1_t2  (1)
unload_package2_truck1_a1_l2  (1)
deliver_package2_l2_t2_t3  (1)
unload_package1_truck1_a2_l2  (1)
deliver_package1_l2_t2_t3  (1)
drive_truck1_l2_l1_t2_t3  (1)
load_package3_truck1_a2_l1  (1)
load_package4_truck1_a1_l1  (1)
drive_truck1_l1_l3_t3_t4  (1)
unload_package4_truck1_a1_l3  (1)
deliver_package4_l3_t4_t6  (1)
drive_truck1_l3_l2_t4_t5  (1)
unload_package3_truck1_a2_l2  (1)
deliver_package3_l2_t5_t5  (1)
[t=0.0917758s, 25184 KB] Plan length: 17 step(s).
[t=0.0917758s, 25184 KB] Plan cost: 17
[t=0.0917758s, 25184 KB] Expanded 15311 state(s).
[t=0.0917758s, 25184 KB] Reopened 0 state(s).
[t=0.0917758s, 25184 KB] Evaluated 23048 state(s).
[t=0.0917758s, 25184 KB] Evaluations: 23048
[t=0.0917758s, 25184 KB] Generated 117775 state(s).
[t=0.0917758s, 25184 KB] Dead ends: 4085 state(s).
[t=0.0917758s, 25184 KB] Expanded until last jump: 15282 state(s).
[t=0.0917758s, 25184 KB] Reopened until last jump: 0 state(s).
[t=0.0917758s, 25184 KB] Evaluated until last jump: 23038 state(s).
[t=0.0917758s, 25184 KB] Generated until last jump: 117751 state(s).
[t=0.0917758s, 25184 KB] Number of registered states: 23048
[t=0.0917758s, 25184 KB] Int hash set load factor: 23048/32768 = 0.703369
[t=0.0917758s, 25184 KB] Int hash set resizes: 15
[t=0.0917758s, 25184 KB] Search time: 0.0545098s
[t=0.0917758s, 25184 KB] Total time: 0.0917758s
Solution found.
Peak memory: 25184 KB
Remove intermediate file output.sas
search exit code: 0

INFO     Running validate.
INFO     validate stdin: None
INFO     validate time limit: None
INFO     validate memory limit: None
INFO     validate command line string: validate domain.pddl problem.pddl sas_plan
Checking plan: sas_plan
Plan executed successfully - checking goal
Plan valid
Final value: 17 

Successful plans:
Value: 17
 sas_plan 17 

validate exit code: 0

