INFO     Running translator.
INFO     translator stdin: None
INFO     translator time limit: 599.96s
INFO     translator memory limit: 7000 MB
INFO     translator command line string: /usr/bin/python3 /user/student.aau.dk/lkar18/downward-projects/downward/experiments/nopo_vs_nasutpo_195p/data/nopo_vs_nasutpo/code-94571df14dfaf5b06207d9589b12facdd93f580c_e5e41175/builds/release/bin/translate/translate.py domain.pddl problem.pddl --sas-file output.sas
Parsing...
Parsing: [0.010s CPU, 0.006s wall-clock]
Normalizing task... [0.000s CPU, 0.000s wall-clock]
Instantiating...
Generating Datalog program... [0.000s CPU, 0.001s wall-clock]
Normalizing Datalog program...
Normalizing Datalog program: [0.000s CPU, 0.005s wall-clock]
Preparing model... [0.010s CPU, 0.003s wall-clock]
Generated 212 rules.
Computing model... [0.000s CPU, 0.003s wall-clock]
266 relevant atoms
272 auxiliary atoms
538 final queue length
620 total queue pushes
Completing instantiation... [0.000s CPU, 0.002s wall-clock]
Instantiating: [0.010s CPU, 0.015s wall-clock]
Computing fact groups...
Finding invariants...
20 initial candidates
Finding invariants: [0.010s CPU, 0.005s wall-clock]
Checking invariant weight... [0.000s CPU, 0.000s wall-clock]
Instantiating groups... [0.000s CPU, 0.000s wall-clock]
Collecting mutex groups... [0.000s CPU, 0.000s wall-clock]
Choosing groups...
39 uncovered facts
Choosing groups: [0.000s CPU, 0.000s wall-clock]
Building translation key... [0.000s CPU, 0.000s wall-clock]
Computing fact groups: [0.010s CPU, 0.007s wall-clock]
Building STRIPS to SAS dictionary... [0.000s CPU, 0.000s wall-clock]
Building dictionary for full mutex groups... [0.000s CPU, 0.000s wall-clock]
Building mutex information...
Building mutex information: [0.000s CPU, 0.000s wall-clock]
Translating task...
Processing axioms...
Simplifying axioms... [0.000s CPU, 0.000s wall-clock]
Translator axioms removed by simplifying: 0
Computing negative axioms... [0.000s CPU, 0.000s wall-clock]
Processing axioms: [0.000s CPU, 0.000s wall-clock]
Translating task: [0.000s CPU, 0.002s wall-clock]
21 effect conditions simplified
0 implied preconditions added
Detecting unreachable propositions...
0 operators removed
0 axioms removed
4 propositions removed
Detecting unreachable propositions: [0.000s CPU, 0.001s wall-clock]
Reordering and filtering variables...
32 of 40 variables necessary.
0 of 2 mutex groups necessary.
53 of 53 operators necessary.
0 of 0 axiom rules necessary.
Reordering and filtering variables: [0.010s CPU, 0.001s wall-clock]
Translator variables: 32
Translator derived variables: 0
Translator facts: 96
Translator goal facts: 12
Translator mutex groups: 0
Translator total mutex groups size: 0
Translator operators: 53
Translator axioms: 0
Translator task size: 432
Translator peak memory: 42524 KB
Writing output... [0.000s CPU, 0.001s wall-clock]
Done! [0.040s CPU, 0.035s wall-clock]
translate exit code: 0

INFO     Running search (release).
INFO     search stdin: output.sas
INFO     search time limit: 599.88s
INFO     search memory limit: 7000 MB
INFO     search command line string: /user/student.aau.dk/lkar18/downward-projects/downward/experiments/nopo_vs_nasutpo_195p/data/nopo_vs_nasutpo/code-94571df14dfaf5b06207d9589b12facdd93f580c_e5e41175/builds/release/bin/downward --search 'astar(merge_and_shrink(op_mutex=op_mutex(use_previous_ops=NoPO, reachability_strategy=goal), merge_strategy=merge_sccs(order_of_sccs=topological, merge_tree=linear()), shrink_strategy=shrink_bisimulation(greedy=true, at_limit=USE_UP)))' --internal-plan-file sas_plan < output.sas
[t=4.0854e-05s, 22344 KB] reading input...
[t=0.000493363s, 22344 KB] done reading input!
[t=0.00187264s, 22600 KB] Initializing merge-and-shrink heuristic...
[t=0.00194344s, 22600 KB] Running merge-and-shrink algorithm...
[t=0.0019628s, 22600 KB] Merge strategy options:
[t=0.00198386s, 22600 KB] Type: sccs
[t=0.00200468s, 22600 KB] Merge order of sccs: topological
[t=0.00202453s, 22600 KB] Merge strategy for merging within sccs: 
[t=0.0020437s, 22600 KB] Merge tree options: 
[t=0.00206276s, 22600 KB] Type: linear
[t=0.00208169s, 22600 KB] Update option: use random
[t=0.00210114s, 22600 KB] Variable order type: CG/GOAL, tie breaking on level (main)

[t=0.00212287s, 22600 KB] Options related to size limits and shrinking: 
[t=0.00214275s, 22600 KB] Transition system size limit: 50000
[t=0.00216182s, 22600 KB] Transition system size limit right before merge: 50000
[t=0.00218064s, 22600 KB] Threshold to trigger shrinking right before merge: 1

[t=0.00220244s, 22600 KB] Pruning unreachable states: yes
[t=0.00222235s, 22600 KB] Pruning irrelevant states: yes

[t=0.00224335s, 22600 KB] Label reduction disabled

[t=0.00226452s, 22600 KB] Main loop max time in seconds: inf

[t=0.00228774s, 22600 KB] ===============================================================================
[t=0.00230712s, 22600 KB] WARNING! You did not enable label reduction.
This may drastically reduce the performance of merge-and-shrink!
[t=0.00232693s, 22600 KB] ===============================================================================

[t=0.00234914s, 22600 KB] Building atomic transition systems... 
[t=0.00270771s, 22996 KB] M&S algorithm timer: 0.000797066s (after computation of atomic factors)
[t=0.00275503s, 22996 KB] M&S algorithm timer: 0.000833248s (after pruning atomic factors)

[t=0.00278332s, 22996 KB] Starting main loop without a time limit.
[t=0.00280676s, 22996 KB] building causal graph...done! [t=0.000222701s]
[t=0.00307407s, 22996 KB] SCCs of the causal graph:
[t=0.00313285s, 22996 KB] [0, 1, 2, 3, 4, 5, 6, 7, 8, 9, 10, 11, 12, 13]
[t=0.00316879s, 22996 KB] [16, 14, 15, 20, 17, 19, 31, 18, 21]
[t=0.00320064s, 22996 KB] [24, 22, 30, 23, 25, 28, 27, 26, 29]
[t=0.00324698s, 22996 KB] Next pair of indices: (13, 12)
[t=0.00328062s, 22996 KB] M&S algorithm main loop timer: 0.000525696s (after computation of next merge)
[t=0.0033282s, 22996 KB] M&S algorithm main loop timer: 0.000575492s (after shrinking)
[t=0.00338005s, 22996 KB] M&S algorithm main loop timer: 0.000629106s (after merging)

[t=0.003421s, 22996 KB] Operator mutex starting iteration 0

[t=0.0034843s, 22996 KB] In ts_0_0 of size 2 found num new op-mutexes 1

[t=0.00354997s, 22996 KB] In ts_0_1 of size 2 found num new op-mutexes 0

[t=0.00361247s, 22996 KB] In ts_0_2 of size 2 found num new op-mutexes 0

[t=0.00370948s, 22996 KB] In ts_0_3 of size 2 found num new op-mutexes 0

[t=0.00375657s, 22996 KB] In ts_0_4 of size 2 found num new op-mutexes 0

[t=0.00380069s, 22996 KB] In ts_0_5 of size 2 found num new op-mutexes 0

[t=0.00384221s, 22996 KB] In ts_0_6 of size 2 found num new op-mutexes 0

[t=0.00387983s, 22996 KB] In ts_0_7 of size 2 found num new op-mutexes 0

[t=0.00391665s, 22996 KB] In ts_0_8 of size 2 found num new op-mutexes 0

[t=0.00395387s, 22996 KB] In ts_0_9 of size 2 found num new op-mutexes 0

[t=0.00399132s, 22996 KB] In ts_0_10 of size 2 found num new op-mutexes 0

[t=0.0040279s, 22996 KB] In ts_0_11 of size 2 found num new op-mutexes 0

[t=0.00406734s, 22996 KB] In ts_0_14 of size 2 found num new op-mutexes 0

[t=0.00410912s, 22996 KB] In ts_0_15 of size 2 found num new op-mutexes 9

[t=0.0042103s, 22996 KB] In ts_0_16 of size 18 found num new op-mutexes 157

[t=0.00429403s, 22996 KB] In ts_0_17 of size 1 found num new op-mutexes 276

[t=0.00434869s, 22996 KB] In ts_0_18 of size 1 found num new op-mutexes 88

[t=0.00440182s, 22996 KB] In ts_0_19 of size 1 found num new op-mutexes 88

[t=0.00444404s, 22996 KB] In ts_0_20 of size 2 found num new op-mutexes 0

[t=0.00448325s, 22996 KB] In ts_0_21 of size 2 found num new op-mutexes 0

[t=0.00453239s, 22996 KB] In ts_0_22 of size 2 found num new op-mutexes 1

[t=0.00457199s, 22996 KB] In ts_0_23 of size 2 found num new op-mutexes 0

[t=0.00467789s, 22996 KB] In ts_0_24 of size 18 found num new op-mutexes 157

[t=0.0047555s, 22996 KB] In ts_0_25 of size 1 found num new op-mutexes 246

[t=0.00481218s, 22996 KB] In ts_0_26 of size 1 found num new op-mutexes 78

[t=0.00488654s, 22996 KB] In ts_0_27 of size 1 found num new op-mutexes 234

[t=0.00493156s, 22996 KB] In ts_0_28 of size 2 found num new op-mutexes 0

[t=0.00497121s, 22996 KB] In ts_0_29 of size 2 found num new op-mutexes 0

[t=0.00501234s, 22996 KB] In ts_0_30 of size 2 found num new op-mutexes 0

[t=0.00505466s, 22996 KB] In ts_0_31 of size 2 found num new op-mutexes 0

[t=0.00509195s, 22996 KB] In ts_0_32 of size 1 found num new op-mutexes 0
[t=0.0051159s, 22996 KB] Operator mutex finished iteration 0. Found an additional 1335 operator mutexes

[t=0.00514079s, 22996 KB] Next pair of indices: (32, 11)
[t=0.00516182s, 22996 KB] M&S algorithm main loop timer: 0.00239721s (after computation of next merge)
[t=0.00519092s, 22996 KB] M&S algorithm main loop timer: 0.00242756s (after shrinking)
[t=0.00522524s, 22996 KB] M&S algorithm main loop timer: 0.00246376s (after merging)

[t=0.00525352s, 22996 KB] Operator mutex starting iteration 1

[t=0.00529035s, 22996 KB] In ts_1_0 of size 2 found num new op-mutexes 0

[t=0.00533062s, 22996 KB] In ts_1_1 of size 2 found num new op-mutexes 0

[t=0.00536951s, 22996 KB] In ts_1_2 of size 2 found num new op-mutexes 0

[t=0.00541661s, 22996 KB] In ts_1_3 of size 2 found num new op-mutexes 0

[t=0.00545369s, 22996 KB] In ts_1_4 of size 2 found num new op-mutexes 0

[t=0.00549069s, 22996 KB] In ts_1_5 of size 2 found num new op-mutexes 0

[t=0.00552699s, 22996 KB] In ts_1_6 of size 2 found num new op-mutexes 0

[t=0.00556371s, 22996 KB] In ts_1_7 of size 2 found num new op-mutexes 0

[t=0.0056002s, 22996 KB] In ts_1_8 of size 2 found num new op-mutexes 0

[t=0.00563662s, 22996 KB] In ts_1_9 of size 2 found num new op-mutexes 0

[t=0.00567326s, 22996 KB] In ts_1_10 of size 2 found num new op-mutexes 0

[t=0.00571122s, 22996 KB] In ts_1_14 of size 2 found num new op-mutexes 0

[t=0.00575064s, 22996 KB] In ts_1_15 of size 2 found num new op-mutexes 0

[t=0.00584764s, 22996 KB] In ts_1_16 of size 18 found num new op-mutexes 0

[t=0.00592028s, 22996 KB] In ts_1_17 of size 1 found num new op-mutexes 0

[t=0.00597702s, 22996 KB] In ts_1_18 of size 1 found num new op-mutexes 0

[t=0.00603056s, 22996 KB] In ts_1_19 of size 1 found num new op-mutexes 0

[t=0.00607233s, 22996 KB] In ts_1_20 of size 2 found num new op-mutexes 0

[t=0.00611065s, 22996 KB] In ts_1_21 of size 2 found num new op-mutexes 0

[t=0.00614932s, 22996 KB] In ts_1_22 of size 2 found num new op-mutexes 0

[t=0.00618787s, 22996 KB] In ts_1_23 of size 2 found num new op-mutexes 0

[t=0.00627182s, 22996 KB] In ts_1_24 of size 18 found num new op-mutexes 0

[t=0.00634129s, 22996 KB] In ts_1_25 of size 1 found num new op-mutexes 0

[t=0.00639208s, 22996 KB] In ts_1_26 of size 1 found num new op-mutexes 0

[t=0.00645436s, 22996 KB] In ts_1_27 of size 1 found num new op-mutexes 0

[t=0.00649502s, 22996 KB] In ts_1_28 of size 2 found num new op-mutexes 0

[t=0.0065333s, 22996 KB] In ts_1_29 of size 2 found num new op-mutexes 0

[t=0.00657023s, 22996 KB] In ts_1_30 of size 2 found num new op-mutexes 0

[t=0.00660686s, 22996 KB] In ts_1_31 of size 2 found num new op-mutexes 0

[t=0.0066433s, 22996 KB] In ts_1_33 of size 1 found num new op-mutexes 0
[t=0.00666703s, 22996 KB] Operator mutex finished iteration 1. Found an additional 0 operator mutexes

[t=0.00669196s, 22996 KB] Next pair of indices: (33, 10)
[t=0.00671266s, 22996 KB] M&S algorithm main loop timer: 0.00395763s (after computation of next merge)
[t=0.00675065s, 22996 KB] M&S algorithm main loop timer: 0.00398683s (after shrinking)
[t=0.00678329s, 22996 KB] M&S algorithm main loop timer: 0.0040219s (after merging)

[t=0.00681374s, 22996 KB] Operator mutex starting iteration 2

[t=0.00685434s, 22996 KB] In ts_2_0 of size 2 found num new op-mutexes 0

[t=0.00689533s, 22996 KB] In ts_2_1 of size 2 found num new op-mutexes 0

[t=0.00693427s, 22996 KB] In ts_2_2 of size 2 found num new op-mutexes 0

[t=0.00697171s, 22996 KB] In ts_2_3 of size 2 found num new op-mutexes 0

[t=0.00700928s, 22996 KB] In ts_2_4 of size 2 found num new op-mutexes 0

[t=0.00704599s, 22996 KB] In ts_2_5 of size 2 found num new op-mutexes 0

[t=0.00708263s, 22996 KB] In ts_2_6 of size 2 found num new op-mutexes 0

[t=0.00711945s, 22996 KB] In ts_2_7 of size 2 found num new op-mutexes 0

[t=0.00715604s, 22996 KB] In ts_2_8 of size 2 found num new op-mutexes 0

[t=0.0071925s, 22996 KB] In ts_2_9 of size 2 found num new op-mutexes 0

[t=0.00723101s, 22996 KB] In ts_2_14 of size 2 found num new op-mutexes 0

[t=0.00727049s, 22996 KB] In ts_2_15 of size 2 found num new op-mutexes 0

[t=0.00735876s, 22996 KB] In ts_2_16 of size 18 found num new op-mutexes 0

[t=0.00743108s, 22996 KB] In ts_2_17 of size 1 found num new op-mutexes 0

[t=0.00748311s, 22996 KB] In ts_2_18 of size 1 found num new op-mutexes 0

[t=0.00753272s, 22996 KB] In ts_2_19 of size 1 found num new op-mutexes 0

[t=0.00757318s, 22996 KB] In ts_2_20 of size 2 found num new op-mutexes 0

[t=0.0076213s, 22996 KB] In ts_2_21 of size 2 found num new op-mutexes 0

[t=0.00765947s, 22996 KB] In ts_2_22 of size 2 found num new op-mutexes 0

[t=0.00769791s, 22996 KB] In ts_2_23 of size 2 found num new op-mutexes 0

[t=0.00778229s, 22996 KB] In ts_2_24 of size 18 found num new op-mutexes 0

[t=0.00785084s, 22996 KB] In ts_2_25 of size 1 found num new op-mutexes 0

[t=0.00790043s, 22996 KB] In ts_2_26 of size 1 found num new op-mutexes 0

[t=0.00796262s, 22996 KB] In ts_2_27 of size 1 found num new op-mutexes 0

[t=0.00800283s, 22996 KB] In ts_2_28 of size 2 found num new op-mutexes 0

[t=0.0080412s, 22996 KB] In ts_2_29 of size 2 found num new op-mutexes 0

[t=0.00807778s, 22996 KB] In ts_2_30 of size 2 found num new op-mutexes 0

[t=0.00811495s, 22996 KB] In ts_2_31 of size 2 found num new op-mutexes 0

[t=0.00815179s, 22996 KB] In ts_2_34 of size 1 found num new op-mutexes 0
[t=0.00817571s, 22996 KB] Operator mutex finished iteration 2. Found an additional 0 operator mutexes

[t=0.00819999s, 22996 KB] Next pair of indices: (34, 9)
[t=0.00822146s, 22996 KB] M&S algorithm main loop timer: 0.00546428s (after computation of next merge)
[t=0.00825874s, 22996 KB] M&S algorithm main loop timer: 0.00549555s (after shrinking)
[t=0.0082929s, 22996 KB] M&S algorithm main loop timer: 0.00553199s (after merging)

[t=0.00832198s, 22996 KB] Operator mutex starting iteration 3

[t=0.00835849s, 22996 KB] In ts_3_0 of size 2 found num new op-mutexes 0

[t=0.00839936s, 22996 KB] In ts_3_1 of size 2 found num new op-mutexes 0

[t=0.00843814s, 22996 KB] In ts_3_2 of size 2 found num new op-mutexes 0

[t=0.00847556s, 22996 KB] In ts_3_3 of size 2 found num new op-mutexes 0

[t=0.00851236s, 22996 KB] In ts_3_4 of size 2 found num new op-mutexes 0

[t=0.00855825s, 22996 KB] In ts_3_5 of size 2 found num new op-mutexes 0

[t=0.00859458s, 22996 KB] In ts_3_6 of size 2 found num new op-mutexes 0

[t=0.00863115s, 22996 KB] In ts_3_7 of size 2 found num new op-mutexes 0

[t=0.0086673s, 22996 KB] In ts_3_8 of size 2 found num new op-mutexes 0

[t=0.00870609s, 22996 KB] In ts_3_14 of size 2 found num new op-mutexes 0

[t=0.00874552s, 22996 KB] In ts_3_15 of size 2 found num new op-mutexes 0

[t=0.00883355s, 22996 KB] In ts_3_16 of size 18 found num new op-mutexes 0

[t=0.00890565s, 22996 KB] In ts_3_17 of size 1 found num new op-mutexes 0

[t=0.00895745s, 22996 KB] In ts_3_18 of size 1 found num new op-mutexes 0

[t=0.00900655s, 22996 KB] In ts_3_19 of size 1 found num new op-mutexes 0

[t=0.00905695s, 22996 KB] In ts_3_20 of size 2 found num new op-mutexes 0

[t=0.00909462s, 22996 KB] In ts_3_21 of size 2 found num new op-mutexes 0

[t=0.00913352s, 22996 KB] In ts_3_22 of size 2 found num new op-mutexes 0

[t=0.00917302s, 22996 KB] In ts_3_23 of size 2 found num new op-mutexes 0

[t=0.00925804s, 22996 KB] In ts_3_24 of size 18 found num new op-mutexes 0

[t=0.00932551s, 22996 KB] In ts_3_25 of size 1 found num new op-mutexes 0

[t=0.0093758s, 22996 KB] In ts_3_26 of size 1 found num new op-mutexes 0

[t=0.00943829s, 22996 KB] In ts_3_27 of size 1 found num new op-mutexes 0

[t=0.00947916s, 22996 KB] In ts_3_28 of size 2 found num new op-mutexes 0

[t=0.00951712s, 22996 KB] In ts_3_29 of size 2 found num new op-mutexes 0

[t=0.00955386s, 22996 KB] In ts_3_30 of size 2 found num new op-mutexes 0

[t=0.00959081s, 22996 KB] In ts_3_31 of size 2 found num new op-mutexes 0

[t=0.00962732s, 22996 KB] In ts_3_35 of size 1 found num new op-mutexes 0
[t=0.00965183s, 22996 KB] Operator mutex finished iteration 3. Found an additional 0 operator mutexes

[t=0.00968038s, 22996 KB] Next pair of indices: (35, 8)
[t=0.00970163s, 22996 KB] M&S algorithm main loop timer: 0.0069365s (after computation of next merge)
[t=0.00972911s, 22996 KB] M&S algorithm main loop timer: 0.00696512s (after shrinking)
[t=0.00976183s, 22996 KB] M&S algorithm main loop timer: 0.0070011s (after merging)

[t=0.00979091s, 22996 KB] Operator mutex starting iteration 4

[t=0.00982742s, 22996 KB] In ts_4_0 of size 2 found num new op-mutexes 0

[t=0.0098895s, 22996 KB] In ts_4_1 of size 2 found num new op-mutexes 0

[t=0.00993043s, 22996 KB] In ts_4_2 of size 2 found num new op-mutexes 0

[t=0.00996791s, 22996 KB] In ts_4_3 of size 2 found num new op-mutexes 0

[t=0.0100048s, 22996 KB] In ts_4_4 of size 2 found num new op-mutexes 0

[t=0.0100486s, 22996 KB] In ts_4_5 of size 2 found num new op-mutexes 0

[t=0.0100848s, 22996 KB] In ts_4_6 of size 2 found num new op-mutexes 0

[t=0.0101209s, 22996 KB] In ts_4_7 of size 2 found num new op-mutexes 0

[t=0.0101589s, 22996 KB] In ts_4_14 of size 2 found num new op-mutexes 0

[t=0.0101981s, 22996 KB] In ts_4_15 of size 2 found num new op-mutexes 0

[t=0.0102863s, 22996 KB] In ts_4_16 of size 18 found num new op-mutexes 0

[t=0.010358s, 22996 KB] In ts_4_17 of size 1 found num new op-mutexes 0

[t=0.0104095s, 22996 KB] In ts_4_18 of size 1 found num new op-mutexes 0

[t=0.0104588s, 22996 KB] In ts_4_19 of size 1 found num new op-mutexes 0

[t=0.0104994s, 22996 KB] In ts_4_20 of size 2 found num new op-mutexes 0

[t=0.0105468s, 22996 KB] In ts_4_21 of size 2 found num new op-mutexes 0

[t=0.010587s, 22996 KB] In ts_4_22 of size 2 found num new op-mutexes 0

[t=0.0106264s, 22996 KB] In ts_4_23 of size 2 found num new op-mutexes 0

[t=0.0107105s, 22996 KB] In ts_4_24 of size 18 found num new op-mutexes 0

[t=0.0107786s, 22996 KB] In ts_4_25 of size 1 found num new op-mutexes 0

[t=0.0108393s, 22996 KB] In ts_4_26 of size 1 found num new op-mutexes 0

[t=0.0109071s, 22996 KB] In ts_4_27 of size 1 found num new op-mutexes 0

[t=0.0109526s, 22996 KB] In ts_4_28 of size 2 found num new op-mutexes 0

[t=0.0109916s, 22996 KB] In ts_4_29 of size 2 found num new op-mutexes 0

[t=0.0110293s, 22996 KB] In ts_4_30 of size 2 found num new op-mutexes 0

[t=0.0110656s, 22996 KB] In ts_4_31 of size 2 found num new op-mutexes 0

[t=0.0111021s, 22996 KB] In ts_4_36 of size 1 found num new op-mutexes 0
[t=0.0111251s, 22996 KB] Operator mutex finished iteration 4. Found an additional 0 operator mutexes

[t=0.0111492s, 22996 KB] Next pair of indices: (36, 7)
[t=0.0111696s, 22996 KB] M&S algorithm main loop timer: 0.00840445s (after computation of next merge)
[t=0.0111976s, 22996 KB] M&S algorithm main loop timer: 0.00843369s (after shrinking)
[t=0.0112397s, 22996 KB] M&S algorithm main loop timer: 0.00849441s (after merging)

[t=0.0112878s, 22996 KB] Operator mutex starting iteration 5

[t=0.0113301s, 22996 KB] In ts_5_0 of size 2 found num new op-mutexes 0

[t=0.0113711s, 22996 KB] In ts_5_1 of size 2 found num new op-mutexes 0

[t=0.0114105s, 22996 KB] In ts_5_2 of size 2 found num new op-mutexes 0

[t=0.0114486s, 22996 KB] In ts_5_3 of size 2 found num new op-mutexes 0

[t=0.0114859s, 22996 KB] In ts_5_4 of size 2 found num new op-mutexes 0

[t=0.0115221s, 22996 KB] In ts_5_5 of size 2 found num new op-mutexes 0

[t=0.0115583s, 22996 KB] In ts_5_6 of size 2 found num new op-mutexes 0

[t=0.0115964s, 22996 KB] In ts_5_14 of size 2 found num new op-mutexes 0

[t=0.011636s, 22996 KB] In ts_5_15 of size 2 found num new op-mutexes 0

[t=0.0117243s, 22996 KB] In ts_5_16 of size 18 found num new op-mutexes 0

[t=0.0117957s, 22996 KB] In ts_5_17 of size 1 found num new op-mutexes 0

[t=0.0118472s, 22996 KB] In ts_5_18 of size 1 found num new op-mutexes 0

[t=0.0118972s, 22996 KB] In ts_5_19 of size 1 found num new op-mutexes 0

[t=0.0119378s, 22996 KB] In ts_5_20 of size 2 found num new op-mutexes 0

[t=0.0119762s, 22996 KB] In ts_5_21 of size 2 found num new op-mutexes 0

[t=0.0120149s, 22996 KB] In ts_5_22 of size 2 found num new op-mutexes 0

[t=0.0120545s, 22996 KB] In ts_5_23 of size 2 found num new op-mutexes 0

[t=0.0121465s, 22996 KB] In ts_5_24 of size 18 found num new op-mutexes 0

[t=0.0122146s, 22996 KB] In ts_5_25 of size 1 found num new op-mutexes 0

[t=0.0122652s, 22996 KB] In ts_5_26 of size 1 found num new op-mutexes 0

[t=0.012328s, 22996 KB] In ts_5_27 of size 1 found num new op-mutexes 0

[t=0.0123685s, 22996 KB] In ts_5_28 of size 2 found num new op-mutexes 0

[t=0.0124074s, 22996 KB] In ts_5_29 of size 2 found num new op-mutexes 0

[t=0.0124455s, 22996 KB] In ts_5_30 of size 2 found num new op-mutexes 0

[t=0.0124829s, 22996 KB] In ts_5_31 of size 2 found num new op-mutexes 0

[t=0.0125194s, 22996 KB] In ts_5_37 of size 1 found num new op-mutexes 0
[t=0.012543s, 22996 KB] Operator mutex finished iteration 5. Found an additional 0 operator mutexes

[t=0.0125677s, 22996 KB] Next pair of indices: (37, 6)
[t=0.0125886s, 22996 KB] M&S algorithm main loop timer: 0.009824s (after computation of next merge)
[t=0.0126169s, 22996 KB] M&S algorithm main loop timer: 0.00985328s (after shrinking)
[t=0.0126503s, 22996 KB] M&S algorithm main loop timer: 0.00988969s (after merging)

[t=0.0126792s, 22996 KB] Operator mutex starting iteration 6

[t=0.0127155s, 22996 KB] In ts_6_0 of size 2 found num new op-mutexes 0

[t=0.0127556s, 22996 KB] In ts_6_1 of size 2 found num new op-mutexes 0

[t=0.0127944s, 22996 KB] In ts_6_2 of size 2 found num new op-mutexes 0

[t=0.0128325s, 22996 KB] In ts_6_3 of size 2 found num new op-mutexes 0

[t=0.0128694s, 22996 KB] In ts_6_4 of size 2 found num new op-mutexes 0

[t=0.0129109s, 22996 KB] In ts_6_5 of size 2 found num new op-mutexes 0

[t=0.0129533s, 22996 KB] In ts_6_14 of size 2 found num new op-mutexes 0

[t=0.0129932s, 22996 KB] In ts_6_15 of size 2 found num new op-mutexes 0

[t=0.013092s, 22996 KB] In ts_6_16 of size 18 found num new op-mutexes 0

[t=0.0131643s, 22996 KB] In ts_6_17 of size 1 found num new op-mutexes 0

[t=0.0132157s, 22996 KB] In ts_6_18 of size 1 found num new op-mutexes 0

[t=0.0132656s, 22996 KB] In ts_6_19 of size 1 found num new op-mutexes 0

[t=0.013306s, 22996 KB] In ts_6_20 of size 2 found num new op-mutexes 0

[t=0.013344s, 22996 KB] In ts_6_21 of size 2 found num new op-mutexes 0

[t=0.0133825s, 22996 KB] In ts_6_22 of size 2 found num new op-mutexes 0

[t=0.0134212s, 22996 KB] In ts_6_23 of size 2 found num new op-mutexes 0

[t=0.0135049s, 22996 KB] In ts_6_24 of size 18 found num new op-mutexes 0

[t=0.0135793s, 22996 KB] In ts_6_25 of size 1 found num new op-mutexes 0

[t=0.0136318s, 22996 KB] In ts_6_26 of size 1 found num new op-mutexes 0

[t=0.0136952s, 22996 KB] In ts_6_27 of size 1 found num new op-mutexes 0

[t=0.0137358s, 22996 KB] In ts_6_28 of size 2 found num new op-mutexes 0

[t=0.0137739s, 22996 KB] In ts_6_29 of size 2 found num new op-mutexes 0

[t=0.0138112s, 22996 KB] In ts_6_30 of size 2 found num new op-mutexes 0

[t=0.0138477s, 22996 KB] In ts_6_31 of size 2 found num new op-mutexes 0

[t=0.0138944s, 22996 KB] In ts_6_38 of size 1 found num new op-mutexes 0
[t=0.0139177s, 22996 KB] Operator mutex finished iteration 6. Found an additional 0 operator mutexes

[t=0.0139426s, 22996 KB] Next pair of indices: (38, 5)
[t=0.0139633s, 22996 KB] M&S algorithm main loop timer: 0.0111984s (after computation of next merge)
[t=0.0139921s, 22996 KB] M&S algorithm main loop timer: 0.0112287s (after shrinking)
[t=0.0140257s, 22996 KB] M&S algorithm main loop timer: 0.0112646s (after merging)

[t=0.0140542s, 22996 KB] Operator mutex starting iteration 7

[t=0.0140912s, 22996 KB] In ts_7_0 of size 2 found num new op-mutexes 0

[t=0.0141326s, 22996 KB] In ts_7_1 of size 2 found num new op-mutexes 0

[t=0.0141724s, 22996 KB] In ts_7_2 of size 2 found num new op-mutexes 0

[t=0.01421s, 22996 KB] In ts_7_3 of size 2 found num new op-mutexes 0

[t=0.0142467s, 22996 KB] In ts_7_4 of size 2 found num new op-mutexes 0

[t=0.014285s, 22996 KB] In ts_7_14 of size 2 found num new op-mutexes 0

[t=0.0143244s, 22996 KB] In ts_7_15 of size 2 found num new op-mutexes 0

[t=0.0144152s, 22996 KB] In ts_7_16 of size 18 found num new op-mutexes 0

[t=0.0144944s, 22996 KB] In ts_7_17 of size 1 found num new op-mutexes 0

[t=0.0145518s, 22996 KB] In ts_7_18 of size 1 found num new op-mutexes 0

[t=0.0146075s, 22996 KB] In ts_7_19 of size 1 found num new op-mutexes 0

[t=0.0146524s, 22996 KB] In ts_7_20 of size 2 found num new op-mutexes 0

[t=0.0146946s, 22996 KB] In ts_7_21 of size 2 found num new op-mutexes 0

[t=0.0147363s, 22996 KB] In ts_7_22 of size 2 found num new op-mutexes 0

[t=0.0147774s, 22996 KB] In ts_7_23 of size 2 found num new op-mutexes 0

[t=0.0148667s, 22996 KB] In ts_7_24 of size 18 found num new op-mutexes 0

[t=0.0149392s, 22996 KB] In ts_7_25 of size 1 found num new op-mutexes 0

[t=0.0149938s, 22996 KB] In ts_7_26 of size 1 found num new op-mutexes 0

[t=0.0150607s, 22996 KB] In ts_7_27 of size 1 found num new op-mutexes 0

[t=0.0151048s, 22996 KB] In ts_7_28 of size 2 found num new op-mutexes 0

[t=0.0151554s, 22996 KB] In ts_7_29 of size 2 found num new op-mutexes 0

[t=0.0151965s, 22996 KB] In ts_7_30 of size 2 found num new op-mutexes 0

[t=0.0152366s, 22996 KB] In ts_7_31 of size 2 found num new op-mutexes 0

[t=0.0152763s, 22996 KB] In ts_7_39 of size 1 found num new op-mutexes 0
[t=0.0153023s, 22996 KB] Operator mutex finished iteration 7. Found an additional 0 operator mutexes

[t=0.0153285s, 22996 KB] Next pair of indices: (39, 4)
[t=0.0153502s, 22996 KB] M&S algorithm main loop timer: 0.0125865s (after computation of next merge)
[t=0.0153792s, 22996 KB] M&S algorithm main loop timer: 0.0126167s (after shrinking)
[t=0.015413s, 22996 KB] M&S algorithm main loop timer: 0.0126531s (after merging)

[t=0.0154433s, 22996 KB] Operator mutex starting iteration 8

[t=0.0154828s, 22996 KB] In ts_8_0 of size 2 found num new op-mutexes 0

[t=0.0155264s, 22996 KB] In ts_8_1 of size 2 found num new op-mutexes 0

[t=0.0155685s, 22996 KB] In ts_8_2 of size 2 found num new op-mutexes 0

[t=0.0156103s, 22996 KB] In ts_8_3 of size 2 found num new op-mutexes 0

[t=0.0156521s, 22996 KB] In ts_8_14 of size 2 found num new op-mutexes 0

[t=0.0156953s, 22996 KB] In ts_8_15 of size 2 found num new op-mutexes 0

[t=0.0157879s, 22996 KB] In ts_8_16 of size 18 found num new op-mutexes 0

[t=0.0158702s, 22996 KB] In ts_8_17 of size 1 found num new op-mutexes 0

[t=0.0159263s, 22996 KB] In ts_8_18 of size 1 found num new op-mutexes 0

[t=0.0160457s, 22996 KB] In ts_8_19 of size 1 found num new op-mutexes 0

[t=0.0160913s, 22996 KB] In ts_8_20 of size 2 found num new op-mutexes 0

[t=0.0161305s, 22996 KB] In ts_8_21 of size 2 found num new op-mutexes 0

[t=0.0161695s, 22996 KB] In ts_8_22 of size 2 found num new op-mutexes 0

[t=0.016208s, 22996 KB] In ts_8_23 of size 2 found num new op-mutexes 0

[t=0.016294s, 22996 KB] In ts_8_24 of size 18 found num new op-mutexes 0

[t=0.0163631s, 22996 KB] In ts_8_25 of size 1 found num new op-mutexes 0

[t=0.0164137s, 22996 KB] In ts_8_26 of size 1 found num new op-mutexes 0

[t=0.0164773s, 22996 KB] In ts_8_27 of size 1 found num new op-mutexes 0

[t=0.016518s, 22996 KB] In ts_8_28 of size 2 found num new op-mutexes 0

[t=0.0165564s, 22996 KB] In ts_8_29 of size 2 found num new op-mutexes 0

[t=0.0165933s, 22996 KB] In ts_8_30 of size 2 found num new op-mutexes 0

[t=0.01663s, 22996 KB] In ts_8_31 of size 2 found num new op-mutexes 0

[t=0.0166665s, 22996 KB] In ts_8_40 of size 1 found num new op-mutexes 0
[t=0.0166898s, 22996 KB] Operator mutex finished iteration 8. Found an additional 0 operator mutexes

[t=0.016714s, 22996 KB] Next pair of indices: (40, 3)
[t=0.0167345s, 22996 KB] M&S algorithm main loop timer: 0.0139693s (after computation of next merge)
[t=0.0167619s, 22996 KB] M&S algorithm main loop timer: 0.013998s (after shrinking)
[t=0.0167947s, 22996 KB] M&S algorithm main loop timer: 0.0140336s (after merging)

[t=0.0168231s, 22996 KB] Operator mutex starting iteration 9

[t=0.0168593s, 22996 KB] In ts_9_0 of size 2 found num new op-mutexes 0

[t=0.0169078s, 22996 KB] In ts_9_1 of size 2 found num new op-mutexes 0

[t=0.0169469s, 22996 KB] In ts_9_2 of size 2 found num new op-mutexes 0

[t=0.0169858s, 22996 KB] In ts_9_14 of size 2 found num new op-mutexes 0

[t=0.0170253s, 22996 KB] In ts_9_15 of size 2 found num new op-mutexes 0

[t=0.0171143s, 22996 KB] In ts_9_16 of size 18 found num new op-mutexes 0

[t=0.0171856s, 22996 KB] In ts_9_17 of size 1 found num new op-mutexes 0

[t=0.0172368s, 22996 KB] In ts_9_18 of size 1 found num new op-mutexes 0

[t=0.0172862s, 22996 KB] In ts_9_19 of size 1 found num new op-mutexes 0

[t=0.0173262s, 22996 KB] In ts_9_20 of size 2 found num new op-mutexes 0

[t=0.0173646s, 22996 KB] In ts_9_21 of size 2 found num new op-mutexes 0

[t=0.0174026s, 22996 KB] In ts_9_22 of size 2 found num new op-mutexes 0

[t=0.0174404s, 22996 KB] In ts_9_23 of size 2 found num new op-mutexes 0

[t=0.0175238s, 22996 KB] In ts_9_24 of size 18 found num new op-mutexes 0

[t=0.0175919s, 22996 KB] In ts_9_25 of size 1 found num new op-mutexes 0

[t=0.0176414s, 22996 KB] In ts_9_26 of size 1 found num new op-mutexes 0

[t=0.0177038s, 22996 KB] In ts_9_27 of size 1 found num new op-mutexes 0

[t=0.0177442s, 22996 KB] In ts_9_28 of size 2 found num new op-mutexes 0

[t=0.0177822s, 22996 KB] In ts_9_29 of size 2 found num new op-mutexes 0

[t=0.0178189s, 22996 KB] In ts_9_30 of size 2 found num new op-mutexes 0

[t=0.0178554s, 22996 KB] In ts_9_31 of size 2 found num new op-mutexes 0

[t=0.0178916s, 22996 KB] In ts_9_41 of size 1 found num new op-mutexes 0
[t=0.0179149s, 22996 KB] Operator mutex finished iteration 9. Found an additional 0 operator mutexes

[t=0.017939s, 22996 KB] Next pair of indices: (41, 2)
[t=0.0179593s, 22996 KB] M&S algorithm main loop timer: 0.0151939s (after computation of next merge)
[t=0.0179862s, 22996 KB] M&S algorithm main loop timer: 0.0152222s (after shrinking)
[t=0.0180184s, 22996 KB] M&S algorithm main loop timer: 0.0152569s (after merging)

[t=0.0180462s, 22996 KB] Operator mutex starting iteration 10

[t=0.0180819s, 22996 KB] In ts_10_0 of size 2 found num new op-mutexes 0

[t=0.0181215s, 22996 KB] In ts_10_1 of size 2 found num new op-mutexes 0

[t=0.0181604s, 22996 KB] In ts_10_14 of size 2 found num new op-mutexes 0

[t=0.0182088s, 22996 KB] In ts_10_15 of size 2 found num new op-mutexes 0

[t=0.0183025s, 22996 KB] In ts_10_16 of size 18 found num new op-mutexes 0

[t=0.0183746s, 22996 KB] In ts_10_17 of size 1 found num new op-mutexes 0

[t=0.0184259s, 22996 KB] In ts_10_18 of size 1 found num new op-mutexes 0

[t=0.0184749s, 22996 KB] In ts_10_19 of size 1 found num new op-mutexes 0

[t=0.0185158s, 22996 KB] In ts_10_20 of size 2 found num new op-mutexes 0

[t=0.0185543s, 22996 KB] In ts_10_21 of size 2 found num new op-mutexes 0

[t=0.0185928s, 22996 KB] In ts_10_22 of size 2 found num new op-mutexes 0

[t=0.0186314s, 22996 KB] In ts_10_23 of size 2 found num new op-mutexes 0

[t=0.0187146s, 22996 KB] In ts_10_24 of size 18 found num new op-mutexes 0

[t=0.0187828s, 22996 KB] In ts_10_25 of size 1 found num new op-mutexes 0

[t=0.0188327s, 22996 KB] In ts_10_26 of size 1 found num new op-mutexes 0

[t=0.018895s, 22996 KB] In ts_10_27 of size 1 found num new op-mutexes 0

[t=0.0189361s, 22996 KB] In ts_10_28 of size 2 found num new op-mutexes 0

[t=0.0189948s, 22996 KB] In ts_10_29 of size 2 found num new op-mutexes 0

[t=0.0190373s, 22996 KB] In ts_10_30 of size 2 found num new op-mutexes 0

[t=0.0190856s, 22996 KB] In ts_10_31 of size 2 found num new op-mutexes 0

[t=0.0191331s, 22996 KB] In ts_10_42 of size 1 found num new op-mutexes 0
[t=0.019157s, 22996 KB] Operator mutex finished iteration 10. Found an additional 0 operator mutexes

[t=0.0191817s, 22996 KB] Next pair of indices: (42, 1)
[t=0.0192027s, 22996 KB] M&S algorithm main loop timer: 0.016439s (after computation of next merge)
[t=0.019233s, 22996 KB] M&S algorithm main loop timer: 0.0164694s (after shrinking)
[t=0.0192664s, 22996 KB] M&S algorithm main loop timer: 0.0165054s (after merging)

[t=0.0192952s, 22996 KB] Operator mutex starting iteration 11

[t=0.0193318s, 22996 KB] In ts_11_0 of size 2 found num new op-mutexes 0

[t=0.019372s, 22996 KB] In ts_11_14 of size 2 found num new op-mutexes 0

[t=0.0194152s, 22996 KB] In ts_11_15 of size 2 found num new op-mutexes 0

[t=0.0195083s, 22996 KB] In ts_11_16 of size 18 found num new op-mutexes 0

[t=0.0195801s, 22996 KB] In ts_11_17 of size 1 found num new op-mutexes 0

[t=0.0196314s, 22996 KB] In ts_11_18 of size 1 found num new op-mutexes 0

[t=0.0196816s, 22996 KB] In ts_11_19 of size 1 found num new op-mutexes 0

[t=0.0197225s, 22996 KB] In ts_11_20 of size 2 found num new op-mutexes 0

[t=0.0197607s, 22996 KB] In ts_11_21 of size 2 found num new op-mutexes 0

[t=0.0197995s, 22996 KB] In ts_11_22 of size 2 found num new op-mutexes 0

[t=0.0198387s, 22996 KB] In ts_11_23 of size 2 found num new op-mutexes 0

[t=0.0199235s, 22996 KB] In ts_11_24 of size 18 found num new op-mutexes 0

[t=0.0199975s, 22996 KB] In ts_11_25 of size 1 found num new op-mutexes 0

[t=0.0200467s, 22996 KB] In ts_11_26 of size 1 found num new op-mutexes 0

[t=0.0201086s, 22996 KB] In ts_11_27 of size 1 found num new op-mutexes 0

[t=0.0201499s, 22996 KB] In ts_11_28 of size 2 found num new op-mutexes 0

[t=0.0201883s, 22996 KB] In ts_11_29 of size 2 found num new op-mutexes 0

[t=0.0202256s, 22996 KB] In ts_11_30 of size 2 found num new op-mutexes 0

[t=0.0202622s, 22996 KB] In ts_11_31 of size 2 found num new op-mutexes 0

[t=0.0202993s, 22996 KB] In ts_11_43 of size 1 found num new op-mutexes 0
[t=0.0203229s, 22996 KB] Operator mutex finished iteration 11. Found an additional 0 operator mutexes

[t=0.0203474s, 22996 KB] Next pair of indices: (43, 0)
[t=0.0203678s, 22996 KB] M&S algorithm main loop timer: 0.0176026s (after computation of next merge)
[t=0.0204012s, 22996 KB] M&S algorithm main loop timer: 0.0176496s (after merging)

[t=0.0204396s, 22996 KB] Operator mutex starting iteration 12

[t=0.0204763s, 22996 KB] In ts_12_14 of size 2 found num new op-mutexes 0

[t=0.0205177s, 22996 KB] In ts_12_15 of size 2 found num new op-mutexes 0

[t=0.0206069s, 22996 KB] In ts_12_16 of size 18 found num new op-mutexes 0

[t=0.0206788s, 22996 KB] In ts_12_17 of size 1 found num new op-mutexes 0

[t=0.0207301s, 22996 KB] In ts_12_18 of size 1 found num new op-mutexes 0

[t=0.0207796s, 22996 KB] In ts_12_19 of size 1 found num new op-mutexes 0

[t=0.02082s, 22996 KB] In ts_12_20 of size 2 found num new op-mutexes 0

[t=0.0208583s, 22996 KB] In ts_12_21 of size 2 found num new op-mutexes 0

[t=0.0208979s, 22996 KB] In ts_12_22 of size 2 found num new op-mutexes 0

[t=0.0209366s, 22996 KB] In ts_12_23 of size 2 found num new op-mutexes 0

[t=0.0210206s, 22996 KB] In ts_12_24 of size 18 found num new op-mutexes 0

[t=0.0210893s, 22996 KB] In ts_12_25 of size 1 found num new op-mutexes 0

[t=0.0211393s, 22996 KB] In ts_12_26 of size 1 found num new op-mutexes 0

[t=0.0212015s, 22996 KB] In ts_12_27 of size 1 found num new op-mutexes 0

[t=0.0212427s, 22996 KB] In ts_12_28 of size 2 found num new op-mutexes 0

[t=0.0212893s, 22996 KB] In ts_12_29 of size 2 found num new op-mutexes 0

[t=0.0213373s, 22996 KB] In ts_12_30 of size 2 found num new op-mutexes 0

[t=0.0213752s, 22996 KB] In ts_12_31 of size 2 found num new op-mutexes 0

[t=0.0214143s, 22996 KB] In ts_12_44 of size 2 found num new op-mutexes 0
[t=0.021438s, 22996 KB] Operator mutex finished iteration 12. Found an additional 0 operator mutexes

[t=0.0214738s, 22996 KB] Next pair of indices: (31, 20)
[t=0.0214963s, 22996 KB] M&S algorithm main loop timer: 0.0187316s (after computation of next merge)
[t=0.0215353s, 22996 KB] M&S algorithm main loop timer: 0.0187738s (after merging)

[t=0.0215635s, 22996 KB] Operator mutex starting iteration 13

[t=0.0216008s, 22996 KB] In ts_13_14 of size 2 found num new op-mutexes 0

[t=0.021643s, 22996 KB] In ts_13_15 of size 2 found num new op-mutexes 0

[t=0.0217319s, 22996 KB] In ts_13_16 of size 18 found num new op-mutexes 0

[t=0.0218038s, 22996 KB] In ts_13_17 of size 1 found num new op-mutexes 0

[t=0.0218563s, 22996 KB] In ts_13_18 of size 1 found num new op-mutexes 0

[t=0.0219068s, 22996 KB] In ts_13_19 of size 1 found num new op-mutexes 0

[t=0.0219468s, 22996 KB] In ts_13_21 of size 2 found num new op-mutexes 0

[t=0.0219861s, 22996 KB] In ts_13_22 of size 2 found num new op-mutexes 0

[t=0.0220258s, 22996 KB] In ts_13_23 of size 2 found num new op-mutexes 0

[t=0.0221098s, 22996 KB] In ts_13_24 of size 18 found num new op-mutexes 0

[t=0.0221882s, 22996 KB] In ts_13_25 of size 1 found num new op-mutexes 0

[t=0.0222503s, 22996 KB] In ts_13_26 of size 1 found num new op-mutexes 0

[t=0.0223152s, 22996 KB] In ts_13_27 of size 1 found num new op-mutexes 0

[t=0.0223565s, 22996 KB] In ts_13_28 of size 2 found num new op-mutexes 0

[t=0.0223955s, 22996 KB] In ts_13_29 of size 2 found num new op-mutexes 0

[t=0.0224323s, 22996 KB] In ts_13_30 of size 2 found num new op-mutexes 0

[t=0.0224711s, 22996 KB] In ts_13_44 of size 2 found num new op-mutexes 0

[t=0.0225154s, 22996 KB] In ts_13_45 of size 4 found num new op-mutexes 0
[t=0.0225391s, 22996 KB] Operator mutex finished iteration 13. Found an additional 0 operator mutexes

[t=0.0225634s, 22996 KB] Next pair of indices: (45, 17)
[t=0.0225837s, 22996 KB] M&S algorithm main loop timer: 0.0198185s (after computation of next merge)
[t=0.0226226s, 22996 KB] M&S algorithm main loop timer: 0.0198611s (after merging)

[t=0.0226511s, 22996 KB] Operator mutex starting iteration 14

[t=0.0226883s, 22996 KB] In ts_14_14 of size 2 found num new op-mutexes 0

[t=0.0227302s, 22996 KB] In ts_14_15 of size 2 found num new op-mutexes 0

[t=0.0228193s, 22996 KB] In ts_14_16 of size 18 found num new op-mutexes 0

[t=0.0228743s, 22996 KB] In ts_14_18 of size 1 found num new op-mutexes 0

[t=0.0229247s, 22996 KB] In ts_14_19 of size 1 found num new op-mutexes 0

[t=0.0229648s, 22996 KB] In ts_14_21 of size 2 found num new op-mutexes 0

[t=0.0230037s, 22996 KB] In ts_14_22 of size 2 found num new op-mutexes 0

[t=0.0230428s, 22996 KB] In ts_14_23 of size 2 found num new op-mutexes 0

[t=0.0231363s, 22996 KB] In ts_14_24 of size 18 found num new op-mutexes 0

[t=0.0232052s, 22996 KB] In ts_14_25 of size 1 found num new op-mutexes 0

[t=0.0232554s, 22996 KB] In ts_14_26 of size 1 found num new op-mutexes 0

[t=0.0233173s, 22996 KB] In ts_14_27 of size 1 found num new op-mutexes 0

[t=0.0233583s, 22996 KB] In ts_14_28 of size 2 found num new op-mutexes 0

[t=0.0233963s, 22996 KB] In ts_14_29 of size 2 found num new op-mutexes 0

[t=0.0234341s, 22996 KB] In ts_14_30 of size 2 found num new op-mutexes 0

[t=0.023473s, 22996 KB] In ts_14_44 of size 2 found num new op-mutexes 0

[t=0.0235359s, 22996 KB] In ts_14_46 of size 4 found num new op-mutexes 0
[t=0.0235615s, 22996 KB] Operator mutex finished iteration 14. Found an additional 0 operator mutexes

[t=0.0235958s, 22996 KB] Next pair of indices: (46, 16)
[t=0.0236177s, 22996 KB] M&S algorithm main loop timer: 0.0208554s (after computation of next merge)
[t=0.0236583s, 22996 KB] M&S algorithm main loop timer: 0.0208966s (after shrinking)
[t=0.0236986s, 22996 KB] M&S algorithm main loop timer: 0.0209377s (after merging)

[t=0.0237275s, 22996 KB] Operator mutex starting iteration 15

[t=0.0237663s, 22996 KB] In ts_15_14 of size 2 found num new op-mutexes 0

[t=0.0238087s, 22996 KB] In ts_15_15 of size 2 found num new op-mutexes 0

[t=0.0238603s, 22996 KB] In ts_15_18 of size 1 found num new op-mutexes 0

[t=0.0239115s, 22996 KB] In ts_15_19 of size 1 found num new op-mutexes 0

[t=0.0239515s, 22996 KB] In ts_15_21 of size 2 found num new op-mutexes 0

[t=0.0239906s, 22996 KB] In ts_15_22 of size 2 found num new op-mutexes 0

[t=0.02403s, 22996 KB] In ts_15_23 of size 2 found num new op-mutexes 0

[t=0.0241162s, 22996 KB] In ts_15_24 of size 18 found num new op-mutexes 0

[t=0.0241842s, 22996 KB] In ts_15_25 of size 1 found num new op-mutexes 0

[t=0.0242344s, 22996 KB] In ts_15_26 of size 1 found num new op-mutexes 0

[t=0.0242976s, 22996 KB] In ts_15_27 of size 1 found num new op-mutexes 0

[t=0.0243392s, 22996 KB] In ts_15_28 of size 2 found num new op-mutexes 0

[t=0.024378s, 22996 KB] In ts_15_29 of size 2 found num new op-mutexes 0

[t=0.0244158s, 22996 KB] In ts_15_30 of size 2 found num new op-mutexes 0

[t=0.0244555s, 22996 KB] In ts_15_44 of size 2 found num new op-mutexes 0

[t=0.024522s, 22996 KB] In ts_15_47 of size 4 found num new op-mutexes 0
[t=0.0245498s, 22996 KB] Operator mutex finished iteration 15. Found an additional 0 operator mutexes

[t=0.0245752s, 22996 KB] Next pair of indices: (47, 19)
[t=0.0245956s, 22996 KB] M&S algorithm main loop timer: 0.0218303s (after computation of next merge)
[t=0.0246331s, 22996 KB] M&S algorithm main loop timer: 0.0218721s (after merging)

[t=0.024662s, 22996 KB] Operator mutex starting iteration 16

[t=0.0247s, 22996 KB] In ts_16_14 of size 2 found num new op-mutexes 0

[t=0.0247421s, 22996 KB] In ts_16_15 of size 2 found num new op-mutexes 0

[t=0.0247933s, 22996 KB] In ts_16_18 of size 1 found num new op-mutexes 0

[t=0.0248338s, 22996 KB] In ts_16_21 of size 2 found num new op-mutexes 0

[t=0.024873s, 22996 KB] In ts_16_22 of size 2 found num new op-mutexes 0

[t=0.024912s, 22996 KB] In ts_16_23 of size 2 found num new op-mutexes 0

[t=0.0249982s, 22996 KB] In ts_16_24 of size 18 found num new op-mutexes 0

[t=0.0250673s, 22996 KB] In ts_16_25 of size 1 found num new op-mutexes 0

[t=0.0251185s, 22996 KB] In ts_16_26 of size 1 found num new op-mutexes 0

[t=0.0251814s, 22996 KB] In ts_16_27 of size 1 found num new op-mutexes 0

[t=0.0252226s, 22996 KB] In ts_16_28 of size 2 found num new op-mutexes 0

[t=0.0252655s, 22996 KB] In ts_16_29 of size 2 found num new op-mutexes 0

[t=0.025306s, 22996 KB] In ts_16_30 of size 2 found num new op-mutexes 0

[t=0.025346s, 22996 KB] In ts_16_44 of size 2 found num new op-mutexes 0

[t=0.025413s, 22996 KB] In ts_16_48 of size 4 found num new op-mutexes 0
[t=0.0254384s, 22996 KB] Operator mutex finished iteration 16. Found an additional 0 operator mutexes

[t=0.0254629s, 22996 KB] Next pair of indices: (48, 18)
[t=0.0254834s, 22996 KB] M&S algorithm main loop timer: 0.0227183s (after computation of next merge)
[t=0.0255219s, 22996 KB] M&S algorithm main loop timer: 0.0227606s (after merging)

[t=0.0255504s, 22996 KB] Operator mutex starting iteration 17

[t=0.0255876s, 22996 KB] In ts_17_14 of size 2 found num new op-mutexes 0

[t=0.0256299s, 22996 KB] In ts_17_15 of size 2 found num new op-mutexes 0

[t=0.0256689s, 22996 KB] In ts_17_21 of size 2 found num new op-mutexes 0

[t=0.0257074s, 22996 KB] In ts_17_22 of size 2 found num new op-mutexes 0

[t=0.0257466s, 22996 KB] In ts_17_23 of size 2 found num new op-mutexes 0

[t=0.0258425s, 22996 KB] In ts_17_24 of size 18 found num new op-mutexes 0

[t=0.0259184s, 22996 KB] In ts_17_25 of size 1 found num new op-mutexes 0

[t=0.0259716s, 22996 KB] In ts_17_26 of size 1 found num new op-mutexes 0

[t=0.0260357s, 22996 KB] In ts_17_27 of size 1 found num new op-mutexes 0

[t=0.0260766s, 22996 KB] In ts_17_28 of size 2 found num new op-mutexes 0

[t=0.0261158s, 22996 KB] In ts_17_29 of size 2 found num new op-mutexes 0

[t=0.0261536s, 22996 KB] In ts_17_30 of size 2 found num new op-mutexes 0

[t=0.0261933s, 22996 KB] In ts_17_44 of size 2 found num new op-mutexes 0

[t=0.0262635s, 22996 KB] In ts_17_49 of size 4 found num new op-mutexes 0
[t=0.0262891s, 22996 KB] Operator mutex finished iteration 17. Found an additional 0 operator mutexes

[t=0.0263143s, 22996 KB] Next pair of indices: (49, 15)
[t=0.0263348s, 22996 KB] M&S algorithm main loop timer: 0.0235696s (after computation of next merge)
[t=0.0263657s, 22996 KB] M&S algorithm main loop timer: 0.0236031s (after shrinking)
[t=0.026403s, 22996 KB] M&S algorithm main loop timer: 0.0236421s (after merging)

[t=0.0264318s, 22996 KB] Operator mutex starting iteration 18

[t=0.0264691s, 22996 KB] In ts_18_14 of size 2 found num new op-mutexes 0

[t=0.0265092s, 22996 KB] In ts_18_21 of size 2 found num new op-mutexes 0

[t=0.0265607s, 22996 KB] In ts_18_22 of size 2 found num new op-mutexes 0

[t=0.0265999s, 22996 KB] In ts_18_23 of size 2 found num new op-mutexes 0

[t=0.0267034s, 22996 KB] In ts_18_24 of size 18 found num new op-mutexes 0

[t=0.0267811s, 22996 KB] In ts_18_25 of size 1 found num new op-mutexes 0

[t=0.0268333s, 22996 KB] In ts_18_26 of size 1 found num new op-mutexes 0

[t=0.026896s, 22996 KB] In ts_18_27 of size 1 found num new op-mutexes 0

[t=0.0269366s, 22996 KB] In ts_18_28 of size 2 found num new op-mutexes 0

[t=0.026975s, 22996 KB] In ts_18_29 of size 2 found num new op-mutexes 0

[t=0.0270124s, 22996 KB] In ts_18_30 of size 2 found num new op-mutexes 0

[t=0.0270522s, 22996 KB] In ts_18_44 of size 2 found num new op-mutexes 0

[t=0.0271227s, 22996 KB] In ts_18_50 of size 4 found num new op-mutexes 0
[t=0.0271484s, 22996 KB] Operator mutex finished iteration 18. Found an additional 0 operator mutexes

[t=0.0271739s, 22996 KB] Next pair of indices: (50, 14)
[t=0.0271955s, 22996 KB] M&S algorithm main loop timer: 0.0244307s (after computation of next merge)
[t=0.0272267s, 22996 KB] M&S algorithm main loop timer: 0.0244636s (after shrinking)
[t=0.0272647s, 22996 KB] M&S algorithm main loop timer: 0.0245037s (after merging)

[t=0.0272937s, 22996 KB] Operator mutex starting iteration 19

[t=0.0273301s, 22996 KB] In ts_19_21 of size 2 found num new op-mutexes 0

[t=0.02737s, 22996 KB] In ts_19_22 of size 2 found num new op-mutexes 0

[t=0.0274097s, 22996 KB] In ts_19_23 of size 2 found num new op-mutexes 0

[t=0.0274958s, 22996 KB] In ts_19_24 of size 18 found num new op-mutexes 0

[t=0.0275648s, 22996 KB] In ts_19_25 of size 1 found num new op-mutexes 0

[t=0.027615s, 22996 KB] In ts_19_26 of size 1 found num new op-mutexes 0

[t=0.0276871s, 22996 KB] In ts_19_27 of size 1 found num new op-mutexes 0

[t=0.0277283s, 22996 KB] In ts_19_28 of size 2 found num new op-mutexes 0

[t=0.0277664s, 22996 KB] In ts_19_29 of size 2 found num new op-mutexes 0

[t=0.0278042s, 22996 KB] In ts_19_30 of size 2 found num new op-mutexes 0

[t=0.0278422s, 22996 KB] In ts_19_44 of size 2 found num new op-mutexes 0

[t=0.0279115s, 22996 KB] In ts_19_51 of size 4 found num new op-mutexes 0
[t=0.0279371s, 22996 KB] Operator mutex finished iteration 19. Found an additional 0 operator mutexes

[t=0.0279625s, 22996 KB] Next pair of indices: (51, 21)
[t=0.0279831s, 22996 KB] M&S algorithm main loop timer: 0.0252178s (after computation of next merge)
[t=0.0280232s, 22996 KB] M&S algorithm main loop timer: 0.0252617s (after merging)

[t=0.0280517s, 22996 KB] Operator mutex starting iteration 20

[t=0.0280898s, 22996 KB] In ts_20_22 of size 2 found num new op-mutexes 0

[t=0.0281315s, 22996 KB] In ts_20_23 of size 2 found num new op-mutexes 0

[t=0.0282284s, 22996 KB] In ts_20_24 of size 18 found num new op-mutexes 0

[t=0.028299s, 22996 KB] In ts_20_25 of size 1 found num new op-mutexes 0

[t=0.0283596s, 22996 KB] In ts_20_26 of size 1 found num new op-mutexes 0

[t=0.0284249s, 22996 KB] In ts_20_27 of size 1 found num new op-mutexes 0

[t=0.028467s, 22996 KB] In ts_20_28 of size 2 found num new op-mutexes 0

[t=0.0285063s, 22996 KB] In ts_20_29 of size 2 found num new op-mutexes 0

[t=0.0285446s, 22996 KB] In ts_20_30 of size 2 found num new op-mutexes 0

[t=0.0285838s, 22996 KB] In ts_20_44 of size 2 found num new op-mutexes 0

[t=0.0286645s, 22996 KB] In ts_20_52 of size 8 found num new op-mutexes 0
[t=0.02869s, 22996 KB] Operator mutex finished iteration 20. Found an additional 0 operator mutexes

[t=0.028725s, 22996 KB] Next pair of indices: (30, 28)
[t=0.0287469s, 22996 KB] M&S algorithm main loop timer: 0.0259823s (after computation of next merge)
[t=0.0287844s, 22996 KB] M&S algorithm main loop timer: 0.0260316s (after merging)

[t=0.0288213s, 22996 KB] Operator mutex starting iteration 21

[t=0.0288594s, 22996 KB] In ts_21_22 of size 2 found num new op-mutexes 0

[t=0.0289006s, 22996 KB] In ts_21_23 of size 2 found num new op-mutexes 0

[t=0.0289871s, 22996 KB] In ts_21_24 of size 18 found num new op-mutexes 0

[t=0.0290646s, 22996 KB] In ts_21_25 of size 1 found num new op-mutexes 0

[t=0.0291269s, 22996 KB] In ts_21_26 of size 1 found num new op-mutexes 0

[t=0.0291904s, 22996 KB] In ts_21_27 of size 1 found num new op-mutexes 0

[t=0.0292311s, 22996 KB] In ts_21_29 of size 2 found num new op-mutexes 0

[t=0.0292717s, 22996 KB] In ts_21_44 of size 2 found num new op-mutexes 0

[t=0.0293524s, 22996 KB] In ts_21_52 of size 8 found num new op-mutexes 0

[t=0.0294013s, 22996 KB] In ts_21_53 of size 4 found num new op-mutexes 0
[t=0.0294282s, 22996 KB] Operator mutex finished iteration 21. Found an additional 0 operator mutexes

[t=0.0294526s, 22996 KB] Next pair of indices: (53, 27)
[t=0.0294732s, 22996 KB] M&S algorithm main loop timer: 0.0267082s (after computation of next merge)
[t=0.0295108s, 22996 KB] M&S algorithm main loop timer: 0.0267612s (after merging)
[t=0.0295504s, 22996 KB] M&S algorithm main loop timer: 0.0267863s (after pruning)

[t=0.0295752s, 22996 KB] Operator mutex starting iteration 22

[t=0.0296123s, 22996 KB] In ts_22_22 of size 2 found num new op-mutexes 0

[t=0.0296543s, 22996 KB] In ts_22_23 of size 2 found num new op-mutexes 0

[t=0.0297415s, 22996 KB] In ts_22_24 of size 18 found num new op-mutexes 0

[t=0.0298114s, 22996 KB] In ts_22_25 of size 1 found num new op-mutexes 0

[t=0.0298622s, 22996 KB] In ts_22_26 of size 1 found num new op-mutexes 0

[t=0.0299026s, 22996 KB] In ts_22_29 of size 2 found num new op-mutexes 0

[t=0.0299425s, 22996 KB] In ts_22_44 of size 2 found num new op-mutexes 0

[t=0.0300342s, 22996 KB] In ts_22_52 of size 8 found num new op-mutexes 0

[t=0.0300952s, 22996 KB] In ts_22_54 of size 3 found num new op-mutexes 0
[t=0.0301206s, 22996 KB] Operator mutex finished iteration 22. Found an additional 0 operator mutexes

[t=0.0301449s, 22996 KB] Next pair of indices: (54, 25)
[t=0.0301655s, 22996 KB] M&S algorithm main loop timer: 0.0274003s (after computation of next merge)
[t=0.0302144s, 22996 KB] M&S algorithm main loop timer: 0.0274568s (after merging)

[t=0.030247s, 22996 KB] Operator mutex starting iteration 23

[t=0.0302855s, 22996 KB] In ts_23_22 of size 2 found num new op-mutexes 0

[t=0.0303282s, 22996 KB] In ts_23_23 of size 2 found num new op-mutexes 0

[t=0.0304147s, 22996 KB] In ts_23_24 of size 18 found num new op-mutexes 0

[t=0.0304683s, 22996 KB] In ts_23_26 of size 1 found num new op-mutexes 0

[t=0.0305094s, 22996 KB] In ts_23_29 of size 2 found num new op-mutexes 0

[t=0.0305494s, 22996 KB] In ts_23_44 of size 2 found num new op-mutexes 0

[t=0.0306304s, 22996 KB] In ts_23_52 of size 8 found num new op-mutexes 0

[t=0.0307013s, 22996 KB] In ts_23_55 of size 3 found num new op-mutexes 0
[t=0.0307266s, 22996 KB] Operator mutex finished iteration 23. Found an additional 0 operator mutexes

[t=0.0307512s, 22996 KB] Next pair of indices: (55, 24)
[t=0.0307718s, 22996 KB] M&S algorithm main loop timer: 0.0280064s (after computation of next merge)
[t=0.0308167s, 22996 KB] M&S algorithm main loop timer: 0.0280539s (after shrinking)
[t=0.0308535s, 22996 KB] M&S algorithm main loop timer: 0.0280927s (after merging)

[t=0.0308824s, 22996 KB] Operator mutex starting iteration 24

[t=0.0309194s, 22996 KB] In ts_24_22 of size 2 found num new op-mutexes 0

[t=0.0309605s, 22996 KB] In ts_24_23 of size 2 found num new op-mutexes 0

[t=0.0310106s, 22996 KB] In ts_24_26 of size 1 found num new op-mutexes 0

[t=0.0310504s, 22996 KB] In ts_24_29 of size 2 found num new op-mutexes 0

[t=0.0310889s, 22996 KB] In ts_24_44 of size 2 found num new op-mutexes 0

[t=0.0311688s, 22996 KB] In ts_24_52 of size 8 found num new op-mutexes 0

[t=0.0312393s, 22996 KB] In ts_24_56 of size 3 found num new op-mutexes 0
[t=0.031265s, 22996 KB] Operator mutex finished iteration 24. Found an additional 0 operator mutexes

[t=0.0312897s, 22996 KB] Next pair of indices: (56, 26)
[t=0.0313102s, 22996 KB] M&S algorithm main loop timer: 0.028552s (after computation of next merge)
[t=0.031354s, 22996 KB] M&S algorithm main loop timer: 0.0285938s (after merging)

[t=0.0313837s, 22996 KB] Operator mutex starting iteration 25

[t=0.0314593s, 22996 KB] In ts_25_22 of size 2 found num new op-mutexes 0

[t=0.0315053s, 22996 KB] In ts_25_23 of size 2 found num new op-mutexes 0

[t=0.0315458s, 22996 KB] In ts_25_29 of size 2 found num new op-mutexes 0

[t=0.0315849s, 22996 KB] In ts_25_44 of size 2 found num new op-mutexes 0

[t=0.0316646s, 22996 KB] In ts_25_52 of size 8 found num new op-mutexes 0

[t=0.0317389s, 22996 KB] In ts_25_57 of size 3 found num new op-mutexes 0
[t=0.0317639s, 22996 KB] Operator mutex finished iteration 25. Found an additional 0 operator mutexes

[t=0.0317882s, 22996 KB] Next pair of indices: (57, 23)
[t=0.0318089s, 22996 KB] M&S algorithm main loop timer: 0.0290438s (after computation of next merge)
[t=0.0318393s, 22996 KB] M&S algorithm main loop timer: 0.029076s (after shrinking)
[t=0.0318754s, 22996 KB] M&S algorithm main loop timer: 0.0291151s (after merging)

[t=0.0319049s, 22996 KB] Operator mutex starting iteration 26

[t=0.0319419s, 22996 KB] In ts_26_22 of size 2 found num new op-mutexes 0

[t=0.0319817s, 22996 KB] In ts_26_29 of size 2 found num new op-mutexes 0

[t=0.0320203s, 22996 KB] In ts_26_44 of size 2 found num new op-mutexes 0

[t=0.0320999s, 22996 KB] In ts_26_52 of size 8 found num new op-mutexes 0

[t=0.0321842s, 22996 KB] In ts_26_58 of size 3 found num new op-mutexes 0
[t=0.0322101s, 22996 KB] Operator mutex finished iteration 26. Found an additional 0 operator mutexes

[t=0.0322343s, 22996 KB] Next pair of indices: (58, 22)
[t=0.0322547s, 22996 KB] M&S algorithm main loop timer: 0.0294894s (after computation of next merge)
[t=0.0322839s, 22996 KB] M&S algorithm main loop timer: 0.0295202s (after shrinking)
[t=0.0323193s, 22996 KB] M&S algorithm main loop timer: 0.0295582s (after merging)

[t=0.0323479s, 22996 KB] Operator mutex starting iteration 27

[t=0.0323843s, 22996 KB] In ts_27_29 of size 2 found num new op-mutexes 0

[t=0.0324245s, 22996 KB] In ts_27_44 of size 2 found num new op-mutexes 0

[t=0.0325045s, 22996 KB] In ts_27_52 of size 8 found num new op-mutexes 0

[t=0.0325783s, 22996 KB] In ts_27_59 of size 3 found num new op-mutexes 0
[t=0.032604s, 22996 KB] Operator mutex finished iteration 27. Found an additional 0 operator mutexes

[t=0.0326282s, 22996 KB] Next pair of indices: (59, 29)
[t=0.0326487s, 22996 KB] M&S algorithm main loop timer: 0.0298832s (after computation of next merge)
[t=0.0326852s, 22996 KB] M&S algorithm main loop timer: 0.0299238s (after merging)

[t=0.0327134s, 22996 KB] Operator mutex starting iteration 28

[t=0.0327504s, 22996 KB] In ts_28_44 of size 2 found num new op-mutexes 0

[t=0.0328307s, 22996 KB] In ts_28_52 of size 8 found num new op-mutexes 0

[t=0.0329138s, 22996 KB] In ts_28_60 of size 6 found num new op-mutexes 0
[t=0.0329393s, 22996 KB] Operator mutex finished iteration 28. Found an additional 0 operator mutexes

[t=0.0329716s, 22996 KB] Next pair of indices: (52, 44)
[t=0.0329928s, 22996 KB] M&S algorithm main loop timer: 0.0302285s (after computation of next merge)
[t=0.0330522s, 22996 KB] M&S algorithm main loop timer: 0.0302925s (after merging)

[t=0.0330833s, 22996 KB] Operator mutex starting iteration 29

[t=0.0331613s, 22996 KB] In ts_29_60 of size 6 found num new op-mutexes 0

[t=0.0332671s, 22996 KB] In ts_29_61 of size 16 found num new op-mutexes 0
[t=0.0332939s, 22996 KB] Operator mutex finished iteration 29. Found an additional 0 operator mutexes

[t=0.0333188s, 22996 KB] Next pair of indices: (61, 60)
[t=0.0333396s, 22996 KB] M&S algorithm main loop timer: 0.0305744s (after computation of next merge)
[t=0.0334586s, 22996 KB] M&S algorithm main loop timer: 0.0306997s (after merging)

[t=0.0334954s, 22996 KB] Operator mutex starting iteration 30

[t=0.0340143s, 22996 KB] In ts_30_62 of size 96 found num new op-mutexes 0
[t=0.0340492s, 22996 KB] Operator mutex finished iteration 30. Found an additional 0 operator mutexes

[t=0.0340782s, 22996 KB] End of merge-and-shrink algorithm, statistics:
[t=0.0341012s, 22996 KB] Main loop runtime: 0.0313374s
[t=0.0341237s, 22996 KB] Maximum intermediate abstraction size: 96
[t=0.0341452s, 22996 KB] Final peak memory increase of merge-and-shrink algorithm: 396 KB
[t=0.0341795s, 22996 KB] Merge-and-shrink algorithm runtime: 0.0322543s

[t=0.034203s, 22996 KB] Number of labels: 53
[t=0.0342232s, 22996 KB] Total number of operator mutexes: 1335
[t=0.0342434s, 22996 KB] Operator Mutex total time: 0.0272805s
[t=0.0342673s, 22996 KB] Number of remaining factors: 1
[t=0.0342922s, 22996 KB] Number of factors kept: 1
[t=0.0343134s, 22996 KB] Done initializing merge-and-shrink heuristic.

[t=0.0344183s, 22996 KB] Building successor generator...done!
[t=0.0345882s, 22996 KB] peak memory difference for successor generator creation: 0 KB
[t=0.0346075s, 22996 KB] time for successor generation creation: 6.8389e-05s
[t=0.0346429s, 22996 KB] Variables: 32
[t=0.0346645s, 22996 KB] FactPairs: 96
[t=0.0346842s, 22996 KB] Bytes per state: 8
[t=0.0348056s, 22996 KB] Conducting best first search with reopening closed nodes, (real) bound = 2147483647
[t=0.0348627s, 22996 KB] New best heuristic value for merge_and_shrink(op_mutex = op_mutex(use_previous_ops = nopo, reachability_strategy = goal), merge_strategy = merge_sccs(order_of_sccs = topological, merge_tree = linear), shrink_strategy = shrink_bisimulation(greedy = true, at_limit = use_up)): 369053
[t=0.0348872s, 22996 KB] g=0, 1 evaluated, 0 expanded
[t=0.0349079s, 22996 KB] f = 369053, 1 evaluated, 0 expanded
[t=0.0349309s, 22996 KB] Initial heuristic value for merge_and_shrink(op_mutex = op_mutex(use_previous_ops = nopo, reachability_strategy = goal), merge_strategy = merge_sccs(order_of_sccs = topological, merge_tree = linear), shrink_strategy = shrink_bisimulation(greedy = true, at_limit = use_up)): 369053
[t=0.0349521s, 22996 KB] pruning method: none
[t=0.034994s, 22996 KB] New best heuristic value for merge_and_shrink(op_mutex = op_mutex(use_previous_ops = nopo, reachability_strategy = goal), merge_strategy = merge_sccs(order_of_sccs = topological, merge_tree = linear), shrink_strategy = shrink_bisimulation(greedy = true, at_limit = use_up)): 361053
[t=0.0350164s, 22996 KB] g=8000, 3 evaluated, 2 expanded
[t=0.0350507s, 22996 KB] New best heuristic value for merge_and_shrink(op_mutex = op_mutex(use_previous_ops = nopo, reachability_strategy = goal), merge_strategy = merge_sccs(order_of_sccs = topological, merge_tree = linear), shrink_strategy = shrink_bisimulation(greedy = true, at_limit = use_up)): 353053
[t=0.035073s, 22996 KB] g=16000, 8 evaluated, 3 expanded
[t=0.0351327s, 22996 KB] f = 371053, 22 evaluated, 10 expanded
[t=0.0351681s, 22996 KB] New best heuristic value for merge_and_shrink(op_mutex = op_mutex(use_previous_ops = nopo, reachability_strategy = goal), merge_strategy = merge_sccs(order_of_sccs = topological, merge_tree = linear), shrink_strategy = shrink_bisimulation(greedy = true, at_limit = use_up)): 240040
[t=0.0351895s, 22996 KB] g=131013, 27 evaluated, 12 expanded
[t=0.0352539s, 22996 KB] f = 372052, 42 evaluated, 19 expanded
[t=0.0353008s, 22996 KB] f = 373053, 49 evaluated, 25 expanded
[t=0.0353502s, 22996 KB] f = 374052, 59 evaluated, 30 expanded
[t=0.0353966s, 22996 KB] f = 375051, 65 evaluated, 33 expanded
[t=0.0354262s, 22996 KB] f = 375053, 67 evaluated, 34 expanded
[t=0.0354783s, 22996 KB] f = 376052, 74 evaluated, 38 expanded
[t=0.0355067s, 22996 KB] f = 377053, 75 evaluated, 39 expanded
[t=0.0355373s, 22996 KB] f = 378052, 78 evaluated, 40 expanded
[t=0.0355665s, 22996 KB] f = 380052, 80 evaluated, 41 expanded
[t=0.0355992s, 22996 KB] New best heuristic value for merge_and_shrink(op_mutex = op_mutex(use_previous_ops = nopo, reachability_strategy = goal), merge_strategy = merge_sccs(order_of_sccs = topological, merge_tree = linear), shrink_strategy = shrink_bisimulation(greedy = true, at_limit = use_up)): 129013
[t=0.0356209s, 22996 KB] g=251039, 83 evaluated, 43 expanded
[t=0.0356785s, 22996 KB] f = 382052, 97 evaluated, 50 expanded
[t=0.0357079s, 22996 KB] New best heuristic value for merge_and_shrink(op_mutex = op_mutex(use_previous_ops = nopo, reachability_strategy = goal), merge_strategy = merge_sccs(order_of_sccs = topological, merge_tree = linear), shrink_strategy = shrink_bisimulation(greedy = true, at_limit = use_up)): 16000
[t=0.0357292s, 22996 KB] g=366052, 99 evaluated, 51 expanded
[t=0.0357758s, 22996 KB] f = 383051, 109 evaluated, 55 expanded
[t=0.0358151s, 22996 KB] f = 384052, 115 evaluated, 58 expanded
[t=0.0358475s, 22996 KB] f = 386052, 118 evaluated, 60 expanded
[t=0.0358825s, 22996 KB] f = 388052, 122 evaluated, 62 expanded
[t=0.035917s, 22996 KB] f = 389053, 125 evaluated, 65 expanded
[t=0.0359519s, 22996 KB] f = 390052, 128 evaluated, 68 expanded
[t=0.0359979s, 22996 KB] f = 391051, 131 evaluated, 70 expanded
[t=0.0360399s, 22996 KB] f = 391053, 138 evaluated, 73 expanded
[t=0.0360825s, 22996 KB] f = 392052, 145 evaluated, 77 expanded
[t=0.0361122s, 22996 KB] f = 393052, 146 evaluated, 79 expanded
[t=0.0361517s, 22996 KB] f = 393053, 152 evaluated, 82 expanded
[t=0.0361937s, 22996 KB] f = 394052, 159 evaluated, 86 expanded
[t=0.036227s, 22996 KB] f = 395052, 162 evaluated, 88 expanded
[t=0.0362601s, 22996 KB] f = 395053, 166 evaluated, 89 expanded
[t=0.0362904s, 22996 KB] f = 396051, 169 evaluated, 90 expanded
[t=0.0363304s, 22996 KB] f = 396052, 174 evaluated, 94 expanded
[t=0.0363599s, 22996 KB] f = 398051, 176 evaluated, 95 expanded
[t=0.0364112s, 22996 KB] f = 399050, 182 evaluated, 99 expanded
[t=0.0364414s, 22996 KB] f = 399051, 184 evaluated, 100 expanded
[t=0.0364733s, 22996 KB] f = 400051, 187 evaluated, 101 expanded
[t=0.036507s, 22996 KB] f = 400052, 190 evaluated, 103 expanded
[t=0.0365388s, 22996 KB] f = 401050, 192 evaluated, 105 expanded
[t=0.0365666s, 22996 KB] f = 402051, 193 evaluated, 106 expanded
[t=0.0365941s, 22996 KB] f = 402052, 194 evaluated, 107 expanded
[t=0.036627s, 22996 KB] f = 403051, 197 evaluated, 109 expanded
[t=0.0366618s, 22996 KB] f = 404051, 200 evaluated, 112 expanded
[t=0.0367019s, 22996 KB] f = 404052, 206 evaluated, 115 expanded
[t=0.0367371s, 22996 KB] f = 405051, 210 evaluated, 117 expanded
[t=0.0367679s, 22996 KB] f = 406050, 213 evaluated, 118 expanded
[t=0.0368051s, 22996 KB] f = 406051, 217 evaluated, 122 expanded
[t=0.03684s, 22996 KB] f = 407050, 220 evaluated, 125 expanded
[t=0.0368752s, 22996 KB] f = 408050, 224 evaluated, 127 expanded
[t=0.03691s, 22996 KB] f = 408051, 227 evaluated, 128 expanded
[t=0.0369473s, 22996 KB] f = 408052, 230 evaluated, 130 expanded
[t=0.0369732s, 22996 KB] f = 409049, 230 evaluated, 131 expanded
[t=0.0370245s, 22996 KB] f = 409050, 239 evaluated, 138 expanded
[t=0.0370608s, 22996 KB] f = 410051, 243 evaluated, 140 expanded
[t=0.0370886s, 22996 KB] f = 410052, 244 evaluated, 141 expanded
[t=0.0371167s, 22996 KB] f = 411049, 245 evaluated, 142 expanded
[t=0.0371512s, 22996 KB] f = 411051, 250 evaluated, 144 expanded
[t=0.0371841s, 22996 KB] f = 411052, 253 evaluated, 147 expanded
[t=0.0372446s, 22996 KB] f = 412048, 259 evaluated, 150 expanded
[t=0.0372784s, 22996 KB] f = 412051, 262 evaluated, 152 expanded
[t=0.0373124s, 22996 KB] f = 412052, 265 evaluated, 154 expanded
[t=0.037342s, 22996 KB] f = 413051, 267 evaluated, 155 expanded
[t=0.0373727s, 22996 KB] f = 413052, 270 evaluated, 156 expanded
[t=0.0374043s, 22996 KB] f = 414050, 274 evaluated, 157 expanded
[t=0.0374397s, 22996 KB] f = 414051, 278 evaluated, 160 expanded
[t=0.0374844s, 22996 KB] f = 415050, 283 evaluated, 167 expanded
[t=0.0375145s, 22996 KB] f = 416051, 285 evaluated, 168 expanded
[t=0.0375505s, 22996 KB] f = 417049, 289 evaluated, 171 expanded
[t=0.0375973s, 22996 KB] f = 417050, 297 evaluated, 176 expanded
[t=0.0376366s, 22996 KB] f = 418051, 302 evaluated, 179 expanded
[t=0.0376643s, 22996 KB] f = 419049, 302 evaluated, 181 expanded
[t=0.0376959s, 22996 KB] f = 420048, 306 evaluated, 182 expanded
[t=0.0377252s, 22996 KB] New best heuristic value for merge_and_shrink(op_mutex = op_mutex(use_previous_ops = nopo, reachability_strategy = goal), merge_strategy = merge_sccs(order_of_sccs = topological, merge_tree = linear), shrink_strategy = shrink_bisimulation(greedy = true, at_limit = use_up)): 8000
[t=0.0377477s, 22996 KB] g=412048, 308 evaluated, 183 expanded
[t=0.0377985s, 22996 KB] f = 420051, 315 evaluated, 187 expanded
[t=0.0378324s, 22996 KB] f = 421051, 317 evaluated, 189 expanded
[t=0.0378671s, 22996 KB] f = 422050, 320 evaluated, 192 expanded
[t=0.0379046s, 22996 KB] f = 422051, 325 evaluated, 196 expanded
[t=0.0379443s, 22996 KB] f = 423051, 331 evaluated, 199 expanded
[t=0.0379746s, 22996 KB] f = 424050, 334 evaluated, 200 expanded
[t=0.0380115s, 22996 KB] f = 425049, 338 evaluated, 204 expanded
[t=0.0380508s, 22996 KB] f = 425050, 340 evaluated, 212 expanded
[t=0.0380892s, 22996 KB] f = 426050, 346 evaluated, 215 expanded
[t=0.0381217s, 22996 KB] f = 426051, 349 evaluated, 216 expanded
[t=0.0381505s, 22996 KB] f = 427049, 349 evaluated, 217 expanded
[t=0.0382066s, 22996 KB] f = 428048, 362 evaluated, 226 expanded
[t=0.0382534s, 22996 KB] f = 428051, 370 evaluated, 232 expanded
[t=0.0382827s, 22996 KB] f = 429049, 371 evaluated, 233 expanded
[t=0.0383167s, 22996 KB] f = 429051, 376 evaluated, 235 expanded
[t=0.038354s, 22996 KB] f = 430048, 382 evaluated, 238 expanded
[t=0.0383864s, 22996 KB] f = 430050, 385 evaluated, 240 expanded
[t=0.0384183s, 22996 KB] f = 430051, 388 evaluated, 242 expanded
[t=0.0384511s, 22996 KB] f = 431051, 391 evaluated, 244 expanded
[t=0.0384817s, 22996 KB] f = 432049, 395 evaluated, 245 expanded
[t=0.0385068s, 22996 KB] f = 432050, 395 evaluated, 246 expanded
[t=0.0385427s, 22996 KB] f = 433049, 400 evaluated, 249 expanded
[t=0.0385724s, 22996 KB] f = 433050, 402 evaluated, 250 expanded
[t=0.0386013s, 22996 KB] f = 434051, 404 evaluated, 251 expanded
[t=0.038626s, 22996 KB] f = 435048, 404 evaluated, 252 expanded
[t=0.0386596s, 22996 KB] f = 435049, 404 evaluated, 253 expanded
[t=0.0387044s, 22996 KB] f = 436048, 412 evaluated, 258 expanded
[t=0.0387443s, 22996 KB] f = 436051, 417 evaluated, 263 expanded
[t=0.0387695s, 22996 KB] f = 437049, 417 evaluated, 264 expanded
[t=0.0388005s, 22996 KB] f = 438047, 421 evaluated, 265 expanded
[t=0.038827s, 22996 KB] New best heuristic value for merge_and_shrink(op_mutex = op_mutex(use_previous_ops = nopo, reachability_strategy = goal), merge_strategy = merge_sccs(order_of_sccs = topological, merge_tree = linear), shrink_strategy = shrink_bisimulation(greedy = true, at_limit = use_up)): 0
[t=0.0388488s, 22996 KB] g=438047, 422 evaluated, 266 expanded
[t=0.0388757s, 22996 KB] Solution found!
[t=0.0388994s, 22996 KB] Actual search time: 0.00394343s
initialize  (0)
colorfeeder-feed-letter sheet2 (8000)
blackfeeder-feed-letter sheet1 (8000)
down-movebottom-letter sheet2 (2999)
colorcontainer-toime-letter sheet2 (8000)
colorprinter-simplex-letter sheet2 front image-2 (224040)
blackcontainer-toime-letter sheet1 (2000)
blackprinter-simplex-letter sheet1 front image-1 (113013)
blackcontainer-fromime-letter sheet1 (2000)
endcap-move-letter sheet1 (2000)
htmoverblack-move-letter sheet1 (17999)
down-movetop-letter sheet1 (2999)
htmovercolor-move-letter sheet1 (9999)
up-movetop-letter sheet1 (2999)
finisher1-stack-letter sheet1 dummy-sheet (8000)
colorcontainer-fromime-letter sheet2 (8000)
up-moveup-letter sheet2 (9999)
finisher1-stack-letter sheet2 sheet1 (8000)
[t=0.0389212s, 22996 KB] Plan length: 18 step(s).
[t=0.0389212s, 22996 KB] Plan cost: 438047
[t=0.0389212s, 22996 KB] Expanded 267 state(s).
[t=0.0389212s, 22996 KB] Reopened 0 state(s).
[t=0.0389212s, 22996 KB] Evaluated 423 state(s).
[t=0.0389212s, 22996 KB] Evaluations: 423
[t=0.0389212s, 22996 KB] Generated 660 state(s).
[t=0.0389212s, 22996 KB] Dead ends: 115 state(s).
[t=0.0389212s, 22996 KB] Expanded until last jump: 265 state(s).
[t=0.0389212s, 22996 KB] Reopened until last jump: 0 state(s).
[t=0.0389212s, 22996 KB] Evaluated until last jump: 421 state(s).
[t=0.0389212s, 22996 KB] Generated until last jump: 658 state(s).
[t=0.0389212s, 22996 KB] Number of registered states: 423
[t=0.0389212s, 22996 KB] Int hash set load factor: 423/512 = 0.826172
[t=0.0389212s, 22996 KB] Int hash set resizes: 9
[t=0.0389212s, 22996 KB] Search time: 0.00411703s
[t=0.0389212s, 22996 KB] Total time: 0.0389212s
Solution found.
Peak memory: 22996 KB
Remove intermediate file output.sas
search exit code: 0

INFO     Running validate.
INFO     validate stdin: None
INFO     validate time limit: None
INFO     validate memory limit: None
INFO     validate command line string: validate domain.pddl problem.pddl sas_plan
Checking plan: sas_plan
Plan executed successfully - checking goal
Plan valid
Final value: 438047 

Successful plans:
Value: 438047
 sas_plan 438047 

validate exit code: 0

