INFO     Running translator.
INFO     translator stdin: None
INFO     translator time limit: 599.97s
INFO     translator memory limit: 7000 MB
INFO     translator command line string: /usr/bin/python3 /user/student.aau.dk/lkar18/downward-projects/downward/experiments/nopo_vs_nasutpo_195p/data/nopo_vs_nasutpo/code-94571df14dfaf5b06207d9589b12facdd93f580c_e5e41175/builds/release/bin/translate/translate.py domain.pddl problem.pddl --sas-file output.sas
Parsing...
Parsing: [0.000s CPU, 0.002s wall-clock]
Normalizing task... [0.000s CPU, 0.000s wall-clock]
Instantiating...
Generating Datalog program... [0.010s CPU, 0.001s wall-clock]
Normalizing Datalog program...
Normalizing Datalog program: [0.000s CPU, 0.002s wall-clock]
Preparing model... [0.000s CPU, 0.002s wall-clock]
Generated 38 rules.
Computing model... [0.010s CPU, 0.011s wall-clock]
511 relevant atoms
752 auxiliary atoms
1263 final queue length
1566 total queue pushes
Completing instantiation... [0.010s CPU, 0.007s wall-clock]
Instantiating: [0.030s CPU, 0.024s wall-clock]
Computing fact groups...
Finding invariants...
7 initial candidates
Finding invariants: [0.010s CPU, 0.007s wall-clock]
Checking invariant weight... [0.000s CPU, 0.000s wall-clock]
Instantiating groups... [0.000s CPU, 0.002s wall-clock]
Collecting mutex groups... [0.000s CPU, 0.000s wall-clock]
Choosing groups...
28 uncovered facts
Choosing groups: [0.000s CPU, 0.000s wall-clock]
Building translation key... [0.000s CPU, 0.000s wall-clock]
Computing fact groups: [0.010s CPU, 0.011s wall-clock]
Building STRIPS to SAS dictionary... [0.000s CPU, 0.000s wall-clock]
Building dictionary for full mutex groups... [0.000s CPU, 0.000s wall-clock]
Building mutex information...
Building mutex information: [0.000s CPU, 0.000s wall-clock]
Translating task...
Processing axioms...
Simplifying axioms... [0.000s CPU, 0.000s wall-clock]
Translator axioms removed by simplifying: 0
Computing negative axioms... [0.000s CPU, 0.000s wall-clock]
Processing axioms: [0.000s CPU, 0.000s wall-clock]
Translating task: [0.010s CPU, 0.007s wall-clock]
192 effect conditions simplified
0 implied preconditions added
Detecting unreachable propositions...
0 operators removed
0 axioms removed
20 propositions removed
Detecting unreachable propositions: [0.000s CPU, 0.004s wall-clock]
Reordering and filtering variables...
24 of 24 variables necessary.
17 of 21 mutex groups necessary.
132 of 132 operators necessary.
0 of 0 axiom rules necessary.
Reordering and filtering variables: [0.000s CPU, 0.002s wall-clock]
Translator variables: 24
Translator derived variables: 0
Translator facts: 108
Translator goal facts: 3
Translator mutex groups: 17
Translator total mutex groups size: 85
Translator operators: 132
Translator axioms: 0
Translator task size: 1264
Translator peak memory: 42920 KB
Writing output... [0.010s CPU, 0.003s wall-clock]
Done! [0.060s CPU, 0.054s wall-clock]
translate exit code: 0

INFO     Running search (release).
INFO     search stdin: output.sas
INFO     search time limit: 599.87s
INFO     search memory limit: 7000 MB
INFO     search command line string: /user/student.aau.dk/lkar18/downward-projects/downward/experiments/nopo_vs_nasutpo_195p/data/nopo_vs_nasutpo/code-94571df14dfaf5b06207d9589b12facdd93f580c_e5e41175/builds/release/bin/downward --search 'astar(merge_and_shrink(op_mutex=op_mutex(use_previous_ops=NoPO, reachability_strategy=goal), merge_strategy=merge_sccs(order_of_sccs=topological, merge_tree=linear()), shrink_strategy=shrink_fh()))' --internal-plan-file sas_plan < output.sas
[t=4.048e-05s, 22344 KB] reading input...
[t=0.000938103s, 22344 KB] done reading input!
[t=0.00227473s, 22600 KB] Initializing merge-and-shrink heuristic...
[t=0.00234282s, 22600 KB] Running merge-and-shrink algorithm...
[t=0.00236354s, 22600 KB] Merge strategy options:
[t=0.00238456s, 22600 KB] Type: sccs
[t=0.00240447s, 22600 KB] Merge order of sccs: topological
[t=0.00242405s, 22600 KB] Merge strategy for merging within sccs: 
[t=0.00244333s, 22600 KB] Merge tree options: 
[t=0.00246262s, 22600 KB] Type: linear
[t=0.00248273s, 22600 KB] Update option: use random
[t=0.00250265s, 22600 KB] Variable order type: CG/GOAL, tie breaking on level (main)

[t=0.00252464s, 22600 KB] Options related to size limits and shrinking: 
[t=0.00254552s, 22600 KB] Transition system size limit: 50000
[t=0.00256543s, 22600 KB] Transition system size limit right before merge: 50000
[t=0.00259436s, 22600 KB] Threshold to trigger shrinking right before merge: 1

[t=0.00261827s, 22600 KB] Pruning unreachable states: yes
[t=0.0026389s, 22600 KB] Pruning irrelevant states: yes

[t=0.00266056s, 22600 KB] Label reduction disabled

[t=0.00268266s, 22600 KB] Main loop max time in seconds: inf

[t=0.00270638s, 22600 KB] ===============================================================================
[t=0.00272624s, 22600 KB] WARNING! You did not enable label reduction.
This may drastically reduce the performance of merge-and-shrink!
[t=0.00274679s, 22600 KB] ===============================================================================

[t=0.00276894s, 22600 KB] Building atomic transition systems... 
[t=0.00333538s, 23264 KB] M&S algorithm timer: 0.00102662s (after computation of atomic factors)

[t=0.00338524s, 23264 KB] Starting main loop without a time limit.
[t=0.00341206s, 23264 KB] building causal graph...done! [t=0.000386857s]
[t=0.00383347s, 23264 KB] SCCs of the causal graph:
[t=0.00388252s, 23264 KB] [0, 1, 14, 2, 3, 12, 9, 10, 8, 11, 13, 7, 5, 4, 6, 15, 16, 18, 17, 19, 20, 21, 22, 23]
[t=0.0039079s, 23264 KB] Only one single SCC
[t=0.00393953s, 23264 KB] Next pair of indices: (23, 20)
[t=0.0039718s, 23264 KB] M&S algorithm main loop timer: 0.000605133s (after computation of next merge)
[t=0.00402461s, 23264 KB] M&S algorithm main loop timer: 0.000662784s (after merging)

[t=0.00405586s, 23264 KB] Operator mutex starting iteration 0

[t=0.00410967s, 23264 KB] In ts_0_0 of size 2 found num new op-mutexes 0

[t=0.00416492s, 23264 KB] In ts_0_1 of size 2 found num new op-mutexes 0

[t=0.00421653s, 23264 KB] In ts_0_2 of size 2 found num new op-mutexes 0

[t=0.00426723s, 23264 KB] In ts_0_3 of size 2 found num new op-mutexes 0

[t=0.00431613s, 23264 KB] In ts_0_4 of size 2 found num new op-mutexes 0

[t=0.00436418s, 23264 KB] In ts_0_5 of size 2 found num new op-mutexes 0

[t=0.00441241s, 23264 KB] In ts_0_6 of size 2 found num new op-mutexes 0

[t=0.00446056s, 23264 KB] In ts_0_7 of size 2 found num new op-mutexes 0

[t=0.00450836s, 23264 KB] In ts_0_8 of size 2 found num new op-mutexes 0

[t=0.0045561s, 23264 KB] In ts_0_9 of size 2 found num new op-mutexes 0

[t=0.00460416s, 23264 KB] In ts_0_10 of size 2 found num new op-mutexes 0

[t=0.00465711s, 23264 KB] In ts_0_11 of size 2 found num new op-mutexes 0

[t=0.00470902s, 23264 KB] In ts_0_12 of size 2 found num new op-mutexes 0

[t=0.00475807s, 23264 KB] In ts_0_13 of size 2 found num new op-mutexes 0

[t=0.00486883s, 23264 KB] In ts_0_14 of size 17 found num new op-mutexes 117

[t=0.0049666s, 23264 KB] In ts_0_15 of size 17 found num new op-mutexes 117

[t=0.00502163s, 23264 KB] In ts_0_16 of size 2 found num new op-mutexes 0

[t=0.00507213s, 23264 KB] In ts_0_17 of size 2 found num new op-mutexes 0

[t=0.00517045s, 23264 KB] In ts_0_18 of size 17 found num new op-mutexes 117

[t=0.00525661s, 23264 KB] In ts_0_19 of size 17 found num new op-mutexes 0

[t=0.00531268s, 23264 KB] In ts_0_21 of size 2 found num new op-mutexes 0

[t=0.00536294s, 23264 KB] In ts_0_22 of size 2 found num new op-mutexes 0

[t=0.00542167s, 23264 KB] In ts_0_24 of size 4 found num new op-mutexes 0
[t=0.00544831s, 23264 KB] Operator mutex finished iteration 0. Found an additional 351 operator mutexes

[t=0.00547514s, 23264 KB] Next pair of indices: (24, 19)
[t=0.00549754s, 23264 KB] M&S algorithm main loop timer: 0.00213065s (after computation of next merge)
[t=0.0056051s, 23264 KB] M&S algorithm main loop timer: 0.002244s (after merging)

[t=0.00564038s, 23264 KB] Operator mutex starting iteration 1

[t=0.00569002s, 23264 KB] In ts_1_0 of size 2 found num new op-mutexes 0

[t=0.00574252s, 23264 KB] In ts_1_1 of size 2 found num new op-mutexes 0

[t=0.00579356s, 23264 KB] In ts_1_2 of size 2 found num new op-mutexes 0

[t=0.00585136s, 23264 KB] In ts_1_3 of size 2 found num new op-mutexes 0

[t=0.00591341s, 23264 KB] In ts_1_4 of size 2 found num new op-mutexes 0

[t=0.00597008s, 23264 KB] In ts_1_5 of size 2 found num new op-mutexes 0

[t=0.00602558s, 23264 KB] In ts_1_6 of size 2 found num new op-mutexes 0

[t=0.00608s, 23264 KB] In ts_1_7 of size 2 found num new op-mutexes 0

[t=0.00613429s, 23264 KB] In ts_1_8 of size 2 found num new op-mutexes 0

[t=0.00619866s, 23264 KB] In ts_1_9 of size 2 found num new op-mutexes 0

[t=0.00625253s, 23264 KB] In ts_1_10 of size 2 found num new op-mutexes 0

[t=0.00630663s, 23264 KB] In ts_1_11 of size 2 found num new op-mutexes 0

[t=0.00636086s, 23264 KB] In ts_1_12 of size 2 found num new op-mutexes 0

[t=0.0064148s, 23264 KB] In ts_1_13 of size 2 found num new op-mutexes 0

[t=0.00651158s, 23264 KB] In ts_1_14 of size 17 found num new op-mutexes 0

[t=0.00660866s, 23264 KB] In ts_1_15 of size 17 found num new op-mutexes 0

[t=0.00667658s, 23264 KB] In ts_1_16 of size 2 found num new op-mutexes 0

[t=0.00673167s, 23264 KB] In ts_1_17 of size 2 found num new op-mutexes 0

[t=0.00682682s, 23264 KB] In ts_1_18 of size 17 found num new op-mutexes 0

[t=0.00688493s, 23264 KB] In ts_1_21 of size 2 found num new op-mutexes 0

[t=0.00694007s, 23264 KB] In ts_1_22 of size 2 found num new op-mutexes 0

[t=0.00711778s, 23264 KB] In ts_1_25 of size 68 found num new op-mutexes 0
[t=0.00715319s, 23264 KB] Operator mutex finished iteration 1. Found an additional 0 operator mutexes

[t=0.00718346s, 23264 KB] Next pair of indices: (25, 18)
[t=0.00720533s, 23264 KB] M&S algorithm main loop timer: 0.00383852s (after computation of next merge)
[t=0.00778975s, 23420 KB] M&S algorithm main loop timer: 0.00443855s (after merging)

[t=0.00789352s, 23420 KB] Operator mutex starting iteration 2

[t=0.00796836s, 23420 KB] In ts_2_0 of size 2 found num new op-mutexes 0

[t=0.00802471s, 23420 KB] In ts_2_1 of size 2 found num new op-mutexes 0

[t=0.00807716s, 23420 KB] In ts_2_2 of size 2 found num new op-mutexes 0

[t=0.00812734s, 23420 KB] In ts_2_3 of size 2 found num new op-mutexes 0

[t=0.00817697s, 23420 KB] In ts_2_4 of size 2 found num new op-mutexes 0

[t=0.00822619s, 23420 KB] In ts_2_5 of size 2 found num new op-mutexes 0

[t=0.00827497s, 23420 KB] In ts_2_6 of size 2 found num new op-mutexes 0

[t=0.00833218s, 23420 KB] In ts_2_7 of size 2 found num new op-mutexes 0

[t=0.00838305s, 23420 KB] In ts_2_8 of size 2 found num new op-mutexes 0

[t=0.00843212s, 23420 KB] In ts_2_9 of size 2 found num new op-mutexes 0

[t=0.00848102s, 23420 KB] In ts_2_10 of size 2 found num new op-mutexes 0

[t=0.00853032s, 23420 KB] In ts_2_11 of size 2 found num new op-mutexes 0

[t=0.00858611s, 23420 KB] In ts_2_12 of size 2 found num new op-mutexes 0

[t=0.00863461s, 23420 KB] In ts_2_13 of size 2 found num new op-mutexes 0

[t=0.0087268s, 23420 KB] In ts_2_14 of size 17 found num new op-mutexes 0

[t=0.00881839s, 23420 KB] In ts_2_15 of size 17 found num new op-mutexes 0

[t=0.00887335s, 23420 KB] In ts_2_16 of size 2 found num new op-mutexes 0

[t=0.00892427s, 23420 KB] In ts_2_17 of size 2 found num new op-mutexes 0

[t=0.00897516s, 23420 KB] In ts_2_21 of size 2 found num new op-mutexes 0

[t=0.00902476s, 23420 KB] In ts_2_22 of size 2 found num new op-mutexes 0

[t=0.0109147s, 23904 KB] In ts_2_26 of size 1156 found num new op-mutexes 0
[t=0.0109632s, 23904 KB] Operator mutex finished iteration 2. Found an additional 0 operator mutexes

[t=0.0109966s, 23904 KB] Next pair of indices: (26, 17)
[t=0.0110215s, 23904 KB] M&S algorithm main loop timer: 0.00765678s (after computation of next merge)
[t=0.0122269s, 23904 KB] M&S algorithm main loop timer: 0.00887886s (after merging)

[t=0.0123926s, 23904 KB] Operator mutex starting iteration 3

[t=0.0124604s, 23904 KB] In ts_3_0 of size 2 found num new op-mutexes 0

[t=0.0125141s, 23904 KB] In ts_3_1 of size 2 found num new op-mutexes 0

[t=0.0125641s, 23904 KB] In ts_3_2 of size 2 found num new op-mutexes 0

[t=0.0126128s, 23904 KB] In ts_3_3 of size 2 found num new op-mutexes 0

[t=0.0126605s, 23904 KB] In ts_3_4 of size 2 found num new op-mutexes 0

[t=0.0127079s, 23904 KB] In ts_3_5 of size 2 found num new op-mutexes 0

[t=0.0127555s, 23904 KB] In ts_3_6 of size 2 found num new op-mutexes 0

[t=0.0128027s, 23904 KB] In ts_3_7 of size 2 found num new op-mutexes 0

[t=0.0128497s, 23904 KB] In ts_3_8 of size 2 found num new op-mutexes 0

[t=0.0128968s, 23904 KB] In ts_3_9 of size 2 found num new op-mutexes 0

[t=0.0129443s, 23904 KB] In ts_3_10 of size 2 found num new op-mutexes 0

[t=0.0129918s, 23904 KB] In ts_3_11 of size 2 found num new op-mutexes 0

[t=0.0130391s, 23904 KB] In ts_3_12 of size 2 found num new op-mutexes 0

[t=0.0130862s, 23904 KB] In ts_3_13 of size 2 found num new op-mutexes 0

[t=0.0131766s, 23904 KB] In ts_3_14 of size 17 found num new op-mutexes 0

[t=0.0132766s, 23904 KB] In ts_3_15 of size 17 found num new op-mutexes 0

[t=0.0133309s, 23904 KB] In ts_3_16 of size 2 found num new op-mutexes 0

[t=0.0133818s, 23904 KB] In ts_3_21 of size 2 found num new op-mutexes 0

[t=0.0134302s, 23904 KB] In ts_3_22 of size 2 found num new op-mutexes 0

[t=0.0168288s, 24536 KB] In ts_3_27 of size 2312 found num new op-mutexes 0
[t=0.0168851s, 24536 KB] Operator mutex finished iteration 3. Found an additional 0 operator mutexes

[t=0.0169182s, 24536 KB] Next pair of indices: (27, 16)
[t=0.0169415s, 24536 KB] M&S algorithm main loop timer: 0.0135753s (after computation of next merge)
[t=0.0190954s, 24536 KB] M&S algorithm main loop timer: 0.0157498s (after merging)

[t=0.0194011s, 24536 KB] Operator mutex starting iteration 4

[t=0.0194545s, 24536 KB] In ts_4_0 of size 2 found num new op-mutexes 0

[t=0.0195077s, 24536 KB] In ts_4_1 of size 2 found num new op-mutexes 0

[t=0.0195577s, 24536 KB] In ts_4_2 of size 2 found num new op-mutexes 0

[t=0.0196055s, 24536 KB] In ts_4_3 of size 2 found num new op-mutexes 0

[t=0.0196535s, 24536 KB] In ts_4_4 of size 2 found num new op-mutexes 0

[t=0.0197011s, 24536 KB] In ts_4_5 of size 2 found num new op-mutexes 0

[t=0.0197486s, 24536 KB] In ts_4_6 of size 2 found num new op-mutexes 0

[t=0.0197952s, 24536 KB] In ts_4_7 of size 2 found num new op-mutexes 0

[t=0.0198517s, 24536 KB] In ts_4_8 of size 2 found num new op-mutexes 0

[t=0.0198985s, 24536 KB] In ts_4_9 of size 2 found num new op-mutexes 0

[t=0.0199452s, 24536 KB] In ts_4_10 of size 2 found num new op-mutexes 0

[t=0.0199923s, 24536 KB] In ts_4_11 of size 2 found num new op-mutexes 0

[t=0.0200387s, 24536 KB] In ts_4_12 of size 2 found num new op-mutexes 0

[t=0.020085s, 24536 KB] In ts_4_13 of size 2 found num new op-mutexes 0

[t=0.0201754s, 24536 KB] In ts_4_14 of size 17 found num new op-mutexes 0

[t=0.0202653s, 24536 KB] In ts_4_15 of size 17 found num new op-mutexes 0

[t=0.0203191s, 24536 KB] In ts_4_21 of size 2 found num new op-mutexes 0

[t=0.020375s, 24536 KB] In ts_4_22 of size 2 found num new op-mutexes 0

[t=0.0269135s, 25796 KB] In ts_4_28 of size 4624 found num new op-mutexes 0
[t=0.0269624s, 25796 KB] Operator mutex finished iteration 4. Found an additional 0 operator mutexes

[t=0.0269941s, 25796 KB] Next pair of indices: (28, 15)
[t=0.0270171s, 25796 KB] M&S algorithm main loop timer: 0.0236513s (after computation of next merge)
[t=0.0281709s, 25796 KB] M&S algorithm main loop timer: 0.0248438s (after shrinking)
[t=0.0544532s, 30292 KB] M&S algorithm main loop timer: 0.0511341s (after merging)
[t=0.0620384s, 30292 KB] M&S algorithm main loop timer: 0.058689s (after pruning)

[t=0.0620848s, 30292 KB] Operator mutex starting iteration 5

[t=0.0621444s, 30292 KB] In ts_5_0 of size 2 found num new op-mutexes 0

[t=0.062202s, 30292 KB] In ts_5_1 of size 2 found num new op-mutexes 0

[t=0.0622558s, 30292 KB] In ts_5_2 of size 2 found num new op-mutexes 0

[t=0.0623084s, 30292 KB] In ts_5_3 of size 2 found num new op-mutexes 0

[t=0.0623694s, 30292 KB] In ts_5_4 of size 2 found num new op-mutexes 0

[t=0.0624201s, 30292 KB] In ts_5_5 of size 2 found num new op-mutexes 0

[t=0.062471s, 30292 KB] In ts_5_6 of size 2 found num new op-mutexes 0

[t=0.0625319s, 30292 KB] In ts_5_7 of size 2 found num new op-mutexes 0

[t=0.062588s, 30292 KB] In ts_5_8 of size 2 found num new op-mutexes 0

[t=0.0626427s, 30292 KB] In ts_5_9 of size 2 found num new op-mutexes 0

[t=0.0626933s, 30292 KB] In ts_5_10 of size 2 found num new op-mutexes 0

[t=0.0627444s, 30292 KB] In ts_5_11 of size 2 found num new op-mutexes 0

[t=0.062795s, 30292 KB] In ts_5_12 of size 2 found num new op-mutexes 0

[t=0.0628524s, 30292 KB] In ts_5_13 of size 2 found num new op-mutexes 0

[t=0.0629607s, 30292 KB] In ts_5_14 of size 17 found num new op-mutexes 0

[t=0.0630177s, 30292 KB] In ts_5_21 of size 2 found num new op-mutexes 0

[t=0.0630695s, 30292 KB] In ts_5_22 of size 2 found num new op-mutexes 0
[t=0.0632893s, 30292 KB] Operator mutex finished iteration 5. Found an additional 0 operator mutexes

[t=0.0633231s, 30292 KB] Next pair of indices: (29, 14)
[t=0.0633456s, 30292 KB] M&S algorithm main loop timer: 0.0599787s (after computation of next merge)
[t=0.0763194s, 30292 KB] M&S algorithm main loop timer: 0.0732581s (after shrinking)
[t=0.102227s, 31228 KB] M&S algorithm main loop timer: 0.0989062s (after merging)
[t=0.104648s, 31228 KB] M&S algorithm main loop timer: 0.101295s (after pruning)

[t=0.10469s, 31228 KB] Operator mutex starting iteration 6

[t=0.10475s, 31228 KB] In ts_6_0 of size 2 found num new op-mutexes 0

[t=0.104808s, 31228 KB] In ts_6_1 of size 2 found num new op-mutexes 0

[t=0.104863s, 31228 KB] In ts_6_2 of size 2 found num new op-mutexes 0

[t=0.104916s, 31228 KB] In ts_6_3 of size 2 found num new op-mutexes 0

[t=0.104968s, 31228 KB] In ts_6_4 of size 2 found num new op-mutexes 0

[t=0.105019s, 31228 KB] In ts_6_5 of size 2 found num new op-mutexes 0

[t=0.10507s, 31228 KB] In ts_6_6 of size 2 found num new op-mutexes 0

[t=0.105121s, 31228 KB] In ts_6_7 of size 2 found num new op-mutexes 0

[t=0.105172s, 31228 KB] In ts_6_8 of size 2 found num new op-mutexes 0

[t=0.105223s, 31228 KB] In ts_6_9 of size 2 found num new op-mutexes 0

[t=0.105273s, 31228 KB] In ts_6_10 of size 2 found num new op-mutexes 0

[t=0.105324s, 31228 KB] In ts_6_11 of size 2 found num new op-mutexes 0

[t=0.105376s, 31228 KB] In ts_6_12 of size 2 found num new op-mutexes 0

[t=0.105425s, 31228 KB] In ts_6_13 of size 2 found num new op-mutexes 0

[t=0.105477s, 31228 KB] In ts_6_21 of size 2 found num new op-mutexes 0

[t=0.105527s, 31228 KB] In ts_6_22 of size 2 found num new op-mutexes 0
[t=0.105623s, 31228 KB] Operator mutex finished iteration 6. Found an additional 0 operator mutexes

[t=0.105655s, 31228 KB] Next pair of indices: (30, 13)
[t=0.105677s, 31228 KB] M&S algorithm main loop timer: 0.10231s (after computation of next merge)
[t=0.117519s, 31228 KB] M&S algorithm main loop timer: 0.114176s (after merging)
[t=0.121132s, 31228 KB] M&S algorithm main loop timer: 0.117781s (after pruning)

[t=0.121176s, 31228 KB] Operator mutex starting iteration 7

[t=0.121233s, 31228 KB] In ts_7_0 of size 2 found num new op-mutexes 0

[t=0.121288s, 31228 KB] In ts_7_1 of size 2 found num new op-mutexes 0

[t=0.12134s, 31228 KB] In ts_7_2 of size 2 found num new op-mutexes 0

[t=0.12139s, 31228 KB] In ts_7_3 of size 2 found num new op-mutexes 0

[t=0.12144s, 31228 KB] In ts_7_4 of size 2 found num new op-mutexes 0

[t=0.121489s, 31228 KB] In ts_7_5 of size 2 found num new op-mutexes 0

[t=0.121538s, 31228 KB] In ts_7_6 of size 2 found num new op-mutexes 0

[t=0.121587s, 31228 KB] In ts_7_7 of size 2 found num new op-mutexes 0

[t=0.121636s, 31228 KB] In ts_7_8 of size 2 found num new op-mutexes 0

[t=0.121706s, 31228 KB] In ts_7_9 of size 2 found num new op-mutexes 0

[t=0.121756s, 31228 KB] In ts_7_10 of size 2 found num new op-mutexes 0

[t=0.121805s, 31228 KB] In ts_7_11 of size 2 found num new op-mutexes 0

[t=0.121855s, 31228 KB] In ts_7_12 of size 2 found num new op-mutexes 0

[t=0.121905s, 31228 KB] In ts_7_21 of size 2 found num new op-mutexes 0

[t=0.12196s, 31228 KB] In ts_7_22 of size 2 found num new op-mutexes 0
[t=0.122087s, 31228 KB] Operator mutex finished iteration 7. Found an additional 0 operator mutexes

[t=0.122118s, 31228 KB] Next pair of indices: (31, 12)
[t=0.12214s, 31228 KB] M&S algorithm main loop timer: 0.118773s (after computation of next merge)
[t=0.144656s, 31592 KB] M&S algorithm main loop timer: 0.141336s (after merging)
[t=0.151407s, 31592 KB] M&S algorithm main loop timer: 0.148069s (after pruning)

[t=0.151466s, 31592 KB] Operator mutex starting iteration 8

[t=0.151527s, 31592 KB] In ts_8_0 of size 2 found num new op-mutexes 0

[t=0.151586s, 31592 KB] In ts_8_1 of size 2 found num new op-mutexes 0

[t=0.151638s, 31592 KB] In ts_8_2 of size 2 found num new op-mutexes 0

[t=0.151689s, 31592 KB] In ts_8_3 of size 2 found num new op-mutexes 0

[t=0.151739s, 31592 KB] In ts_8_4 of size 2 found num new op-mutexes 0

[t=0.151789s, 31592 KB] In ts_8_5 of size 2 found num new op-mutexes 0

[t=0.151839s, 31592 KB] In ts_8_6 of size 2 found num new op-mutexes 0

[t=0.151889s, 31592 KB] In ts_8_7 of size 2 found num new op-mutexes 0

[t=0.151938s, 31592 KB] In ts_8_8 of size 2 found num new op-mutexes 0

[t=0.151987s, 31592 KB] In ts_8_9 of size 2 found num new op-mutexes 0

[t=0.152036s, 31592 KB] In ts_8_10 of size 2 found num new op-mutexes 0

[t=0.152086s, 31592 KB] In ts_8_11 of size 2 found num new op-mutexes 0

[t=0.152137s, 31592 KB] In ts_8_21 of size 2 found num new op-mutexes 0

[t=0.152187s, 31592 KB] In ts_8_22 of size 2 found num new op-mutexes 0
[t=0.152392s, 31592 KB] Operator mutex finished iteration 8. Found an additional 0 operator mutexes

[t=0.152426s, 31592 KB] Next pair of indices: (32, 11)
[t=0.152448s, 31592 KB] M&S algorithm main loop timer: 0.149081s (after computation of next merge)
[t=0.163691s, 31592 KB] M&S algorithm main loop timer: 0.160342s (after shrinking)
[t=0.194867s, 35160 KB] M&S algorithm main loop timer: 0.191546s (after merging)
[t=0.204436s, 35160 KB] M&S algorithm main loop timer: 0.201095s (after pruning)

[t=0.204491s, 35160 KB] Operator mutex starting iteration 9

[t=0.204553s, 35160 KB] In ts_9_0 of size 2 found num new op-mutexes 0

[t=0.20461s, 35160 KB] In ts_9_1 of size 2 found num new op-mutexes 0

[t=0.204662s, 35160 KB] In ts_9_2 of size 2 found num new op-mutexes 0

[t=0.204714s, 35160 KB] In ts_9_3 of size 2 found num new op-mutexes 0

[t=0.204764s, 35160 KB] In ts_9_4 of size 2 found num new op-mutexes 0

[t=0.204814s, 35160 KB] In ts_9_5 of size 2 found num new op-mutexes 0

[t=0.204874s, 35160 KB] In ts_9_6 of size 2 found num new op-mutexes 0

[t=0.204927s, 35160 KB] In ts_9_7 of size 2 found num new op-mutexes 0

[t=0.204976s, 35160 KB] In ts_9_8 of size 2 found num new op-mutexes 0

[t=0.205025s, 35160 KB] In ts_9_9 of size 2 found num new op-mutexes 0

[t=0.205074s, 35160 KB] In ts_9_10 of size 2 found num new op-mutexes 0

[t=0.205135s, 35160 KB] In ts_9_21 of size 2 found num new op-mutexes 0

[t=0.205184s, 35160 KB] In ts_9_22 of size 2 found num new op-mutexes 0
[t=0.205452s, 35160 KB] Operator mutex finished iteration 9. Found an additional 0 operator mutexes

[t=0.205488s, 35160 KB] Next pair of indices: (33, 10)
[t=0.205511s, 35160 KB] M&S algorithm main loop timer: 0.202144s (after computation of next merge)
[t=0.225465s, 35160 KB] M&S algorithm main loop timer: 0.222122s (after shrinking)
[t=0.264967s, 38712 KB] M&S algorithm main loop timer: 0.261657s (after merging)
[t=0.277619s, 38712 KB] M&S algorithm main loop timer: 0.274288s (after pruning)

[t=0.277685s, 38712 KB] Operator mutex starting iteration 10

[t=0.277757s, 38712 KB] In ts_10_0 of size 2 found num new op-mutexes 0

[t=0.277814s, 38712 KB] In ts_10_1 of size 2 found num new op-mutexes 0

[t=0.277866s, 38712 KB] In ts_10_2 of size 2 found num new op-mutexes 0

[t=0.277916s, 38712 KB] In ts_10_3 of size 2 found num new op-mutexes 0

[t=0.277966s, 38712 KB] In ts_10_4 of size 2 found num new op-mutexes 0

[t=0.278024s, 38712 KB] In ts_10_5 of size 2 found num new op-mutexes 0

[t=0.278075s, 38712 KB] In ts_10_6 of size 2 found num new op-mutexes 0

[t=0.278124s, 38712 KB] In ts_10_7 of size 2 found num new op-mutexes 0

[t=0.278173s, 38712 KB] In ts_10_8 of size 2 found num new op-mutexes 0

[t=0.278222s, 38712 KB] In ts_10_9 of size 2 found num new op-mutexes 0

[t=0.278276s, 38712 KB] In ts_10_21 of size 2 found num new op-mutexes 0

[t=0.27833s, 38712 KB] In ts_10_22 of size 2 found num new op-mutexes 0
[t=0.278809s, 38712 KB] Operator mutex finished iteration 10. Found an additional 0 operator mutexes

[t=0.278858s, 38712 KB] Next pair of indices: (34, 9)
[t=0.278882s, 38712 KB] M&S algorithm main loop timer: 0.275515s (after computation of next merge)
[t=0.310254s, 38712 KB] M&S algorithm main loop timer: 0.306948s (after shrinking)
[t=0.378743s, 44892 KB] M&S algorithm main loop timer: 0.375453s (after merging)
[t=0.398178s, 44892 KB] M&S algorithm main loop timer: 0.394865s (after pruning)

[t=0.398263s, 44892 KB] Operator mutex starting iteration 11

[t=0.398331s, 44892 KB] In ts_11_0 of size 2 found num new op-mutexes 0

[t=0.398388s, 44892 KB] In ts_11_1 of size 2 found num new op-mutexes 0

[t=0.39844s, 44892 KB] In ts_11_2 of size 2 found num new op-mutexes 0

[t=0.3985s, 44892 KB] In ts_11_3 of size 2 found num new op-mutexes 0

[t=0.398576s, 44892 KB] In ts_11_4 of size 2 found num new op-mutexes 0

[t=0.398627s, 44892 KB] In ts_11_5 of size 2 found num new op-mutexes 0

[t=0.398676s, 44892 KB] In ts_11_6 of size 2 found num new op-mutexes 0

[t=0.398725s, 44892 KB] In ts_11_7 of size 2 found num new op-mutexes 0

[t=0.398773s, 44892 KB] In ts_11_8 of size 2 found num new op-mutexes 0

[t=0.398823s, 44892 KB] In ts_11_21 of size 2 found num new op-mutexes 0

[t=0.398871s, 44892 KB] In ts_11_22 of size 2 found num new op-mutexes 0
[t=0.399872s, 44892 KB] Operator mutex finished iteration 11. Found an additional 0 operator mutexes

[t=0.399911s, 44892 KB] Next pair of indices: (35, 8)
[t=0.399935s, 44892 KB] M&S algorithm main loop timer: 0.396568s (after computation of next merge)
[t=0.45215s, 44892 KB] M&S algorithm main loop timer: 0.44884s (after shrinking)
[t=0.584139s, 57532 KB] M&S algorithm main loop timer: 0.580864s (after merging)
[t=0.620731s, 57532 KB] M&S algorithm main loop timer: 0.617419s (after pruning)

[t=0.620819s, 57532 KB] Operator mutex starting iteration 12

[t=0.620885s, 57532 KB] In ts_12_0 of size 2 found num new op-mutexes 0

[t=0.62095s, 57532 KB] In ts_12_1 of size 2 found num new op-mutexes 0

[t=0.621003s, 57532 KB] In ts_12_2 of size 2 found num new op-mutexes 0

[t=0.621061s, 57532 KB] In ts_12_3 of size 2 found num new op-mutexes 0

[t=0.621115s, 57532 KB] In ts_12_4 of size 2 found num new op-mutexes 0

[t=0.621165s, 57532 KB] In ts_12_5 of size 2 found num new op-mutexes 0

[t=0.621226s, 57532 KB] In ts_12_6 of size 2 found num new op-mutexes 0

[t=0.621275s, 57532 KB] In ts_12_7 of size 2 found num new op-mutexes 0

[t=0.621326s, 57532 KB] In ts_12_21 of size 2 found num new op-mutexes 0

[t=0.621376s, 57532 KB] In ts_12_22 of size 2 found num new op-mutexes 0
[t=0.623358s, 57532 KB] Operator mutex finished iteration 12. Found an additional 0 operator mutexes

[t=0.623407s, 57532 KB] Next pair of indices: (36, 7)
[t=0.623437s, 57532 KB] M&S algorithm main loop timer: 0.620073s (after computation of next merge)
[t=0.72494s, 57532 KB] M&S algorithm main loop timer: 0.721634s (after shrinking)
[t=0.990843s, 79612 KB] M&S algorithm main loop timer: 0.987549s (after merging)
[t=1.06276s, 79612 KB] M&S algorithm main loop timer: 1.05945s (after pruning)

[t=1.06285s, 79612 KB] Operator mutex starting iteration 13

[t=1.06291s, 79612 KB] In ts_13_0 of size 2 found num new op-mutexes 0

[t=1.06297s, 79612 KB] In ts_13_1 of size 2 found num new op-mutexes 0

[t=1.06304s, 79612 KB] In ts_13_2 of size 2 found num new op-mutexes 0

[t=1.06309s, 79612 KB] In ts_13_3 of size 2 found num new op-mutexes 0

[t=1.06314s, 79612 KB] In ts_13_4 of size 2 found num new op-mutexes 0

[t=1.06319s, 79612 KB] In ts_13_5 of size 2 found num new op-mutexes 0

[t=1.06324s, 79612 KB] In ts_13_6 of size 2 found num new op-mutexes 0

[t=1.06329s, 79612 KB] In ts_13_21 of size 2 found num new op-mutexes 0

[t=1.06334s, 79612 KB] In ts_13_22 of size 2 found num new op-mutexes 0
[t=1.06708s, 79612 KB] Operator mutex finished iteration 13. Found an additional 0 operator mutexes

[t=1.06714s, 79612 KB] Next pair of indices: (37, 6)
[t=1.06717s, 79612 KB] M&S algorithm main loop timer: 1.0638s (after computation of next merge)
[t=1.25867s, 79612 KB] M&S algorithm main loop timer: 1.25539s (after shrinking)
[t=1.78937s, 120248 KB] M&S algorithm main loop timer: 1.78607s (after merging)
[t=1.92609s, 120248 KB] M&S algorithm main loop timer: 1.92278s (after pruning)

[t=1.92619s, 120248 KB] Operator mutex starting iteration 14

[t=1.92625s, 120248 KB] In ts_14_0 of size 2 found num new op-mutexes 0

[t=1.92633s, 120248 KB] In ts_14_1 of size 2 found num new op-mutexes 0

[t=1.92638s, 120248 KB] In ts_14_2 of size 2 found num new op-mutexes 0

[t=1.92644s, 120248 KB] In ts_14_3 of size 2 found num new op-mutexes 0

[t=1.92649s, 120248 KB] In ts_14_4 of size 2 found num new op-mutexes 0

[t=1.92654s, 120248 KB] In ts_14_5 of size 2 found num new op-mutexes 0

[t=1.92659s, 120248 KB] In ts_14_21 of size 2 found num new op-mutexes 0

[t=1.92664s, 120248 KB] In ts_14_22 of size 2 found num new op-mutexes 0
[t=1.93621s, 120248 KB] Operator mutex finished iteration 14. Found an additional 0 operator mutexes

[t=1.9363s, 120248 KB] Next pair of indices: (38, 5)
[t=1.93632s, 120248 KB] M&S algorithm main loop timer: 1.93296s (after computation of next merge)
[t=2.28774s, 120248 KB] M&S algorithm main loop timer: 2.28444s (after shrinking)
[t=3.30527s, 197836 KB] M&S algorithm main loop timer: 3.30197s (after merging)
[t=3.57056s, 197836 KB] M&S algorithm main loop timer: 3.56726s (after pruning)

[t=3.57066s, 197836 KB] Operator mutex starting iteration 15

[t=3.57072s, 197836 KB] In ts_15_0 of size 2 found num new op-mutexes 0

[t=3.57078s, 197836 KB] In ts_15_1 of size 2 found num new op-mutexes 0

[t=3.57084s, 197836 KB] In ts_15_2 of size 2 found num new op-mutexes 0

[t=3.57089s, 197836 KB] In ts_15_3 of size 2 found num new op-mutexes 0

[t=3.57094s, 197836 KB] In ts_15_4 of size 2 found num new op-mutexes 0

[t=3.57099s, 197836 KB] In ts_15_21 of size 2 found num new op-mutexes 0

[t=3.57103s, 197836 KB] In ts_15_22 of size 2 found num new op-mutexes 0
[t=3.60066s, 197836 KB] Operator mutex finished iteration 15. Found an additional 0 operator mutexes

[t=3.60076s, 197836 KB] Next pair of indices: (39, 4)
[t=3.60078s, 197836 KB] M&S algorithm main loop timer: 3.59741s (after computation of next merge)
[t=4.27348s, 197836 KB] M&S algorithm main loop timer: 4.27018s (after shrinking)
[t=6.18936s, 338748 KB] M&S algorithm main loop timer: 6.18607s (after merging)
[t=6.68781s, 338748 KB] M&S algorithm main loop timer: 6.68451s (after pruning)

[t=6.68791s, 338748 KB] Operator mutex starting iteration 16

[t=6.68798s, 338748 KB] In ts_16_0 of size 2 found num new op-mutexes 0

[t=6.68804s, 338748 KB] In ts_16_1 of size 2 found num new op-mutexes 0

[t=6.68809s, 338748 KB] In ts_16_2 of size 2 found num new op-mutexes 0

[t=6.68814s, 338748 KB] In ts_16_3 of size 2 found num new op-mutexes 0

[t=6.6882s, 338748 KB] In ts_16_21 of size 2 found num new op-mutexes 0

[t=6.68825s, 338748 KB] In ts_16_22 of size 2 found num new op-mutexes 0
[t=6.75005s, 338748 KB] Operator mutex finished iteration 16. Found an additional 0 operator mutexes

[t=6.75015s, 338748 KB] Next pair of indices: (40, 3)
[t=6.75017s, 338748 KB] M&S algorithm main loop timer: 6.74681s (after computation of next merge)
[t=7.97157s, 338748 KB] M&S algorithm main loop timer: 7.96827s (after shrinking)
[t=11.8363s, 593800 KB] M&S algorithm main loop timer: 11.833s (after merging)
[t=12.7822s, 593800 KB] M&S algorithm main loop timer: 12.7789s (after pruning)

[t=12.7823s, 593800 KB] Operator mutex starting iteration 17

[t=12.7824s, 593800 KB] In ts_17_0 of size 2 found num new op-mutexes 0

[t=12.7825s, 593800 KB] In ts_17_1 of size 2 found num new op-mutexes 0

[t=12.7825s, 593800 KB] In ts_17_2 of size 2 found num new op-mutexes 0

[t=12.7826s, 593800 KB] In ts_17_21 of size 2 found num new op-mutexes 0

[t=12.7826s, 593800 KB] In ts_17_22 of size 2 found num new op-mutexes 0
[t=12.8991s, 593800 KB] Operator mutex finished iteration 17. Found an additional 0 operator mutexes

[t=12.8992s, 593800 KB] Next pair of indices: (41, 2)
[t=12.8992s, 593800 KB] M&S algorithm main loop timer: 12.8959s (after computation of next merge)
[t=15.1244s, 593800 KB] M&S algorithm main loop timer: 15.1211s (after shrinking)
[t=21.9616s, 1077016 KB] M&S algorithm main loop timer: 21.9583s (after merging)
[t=23.7975s, 1077016 KB] M&S algorithm main loop timer: 23.7942s (after pruning)

[t=23.7976s, 1077016 KB] Operator mutex starting iteration 18

[t=23.7977s, 1077016 KB] In ts_18_0 of size 2 found num new op-mutexes 0

[t=23.7977s, 1077016 KB] In ts_18_1 of size 2 found num new op-mutexes 0

[t=23.7978s, 1077016 KB] In ts_18_21 of size 2 found num new op-mutexes 0

[t=23.7978s, 1077016 KB] In ts_18_22 of size 2 found num new op-mutexes 0
[t=23.9979s, 1077016 KB] Operator mutex finished iteration 18. Found an additional 0 operator mutexes

[t=23.998s, 1077016 KB] Next pair of indices: (42, 1)
[t=23.998s, 1077016 KB] M&S algorithm main loop timer: 23.9947s (after computation of next merge)
[t=28.1401s, 1077016 KB] M&S algorithm main loop timer: 28.1368s (after shrinking)
[t=40.8081s, 1969636 KB] M&S algorithm main loop timer: 40.8048s (after merging)
[t=44.4286s, 1969636 KB] M&S algorithm main loop timer: 44.4253s (after pruning)

[t=44.4287s, 1969636 KB] Operator mutex starting iteration 19

[t=44.4288s, 1969636 KB] In ts_19_0 of size 2 found num new op-mutexes 0

[t=44.4288s, 1969636 KB] In ts_19_21 of size 2 found num new op-mutexes 0

[t=44.4289s, 1969636 KB] In ts_19_22 of size 2 found num new op-mutexes 0
[t=44.8372s, 1969636 KB] Operator mutex finished iteration 19. Found an additional 0 operator mutexes

[t=44.8373s, 1969636 KB] Next pair of indices: (43, 0)
[t=44.8374s, 1969636 KB] M&S algorithm main loop timer: 44.834s (after computation of next merge)
[t=52.7467s, 1969636 KB] M&S algorithm main loop timer: 52.7434s (after shrinking)
[t=76.7485s, 3639824 KB] M&S algorithm main loop timer: 76.7452s (after merging)
[t=83.2539s, 3639824 KB] M&S algorithm main loop timer: 83.2506s (after pruning)

[t=83.254s, 3639824 KB] Operator mutex starting iteration 20

[t=83.2541s, 3639824 KB] In ts_20_21 of size 2 found num new op-mutexes 0

[t=83.2541s, 3639824 KB] In ts_20_22 of size 2 found num new op-mutexes 0
[t=83.8909s, 3639824 KB] Operator mutex finished iteration 20. Found an additional 0 operator mutexes

[t=83.891s, 3639824 KB] Next pair of indices: (44, 22)
[t=83.891s, 3639824 KB] M&S algorithm main loop timer: 83.8877s (after computation of next merge)
[t=99.0552s, 3639824 KB] M&S algorithm main loop timer: 99.0519s (after shrinking)
[t=146.659s, 7062808 KB] M&S algorithm main loop timer: 146.655s (after merging)
[t=159.986s, 7062808 KB] M&S algorithm main loop timer: 159.983s (after pruning)

[t=159.986s, 7062808 KB] Operator mutex starting iteration 21

[t=159.986s, 7062808 KB] In ts_21_21 of size 2 found num new op-mutexes 0
[t=161.535s, 7062808 KB] Operator mutex finished iteration 21. Found an additional 0 operator mutexes

[t=161.536s, 7062808 KB] Next pair of indices: (45, 21)
[t=161.536s, 7062808 KB] M&S algorithm main loop timer: 161.532s (after computation of next merge)
[t=179.842s, 7062808 KB] M&S algorithm main loop timer: 179.839s (after shrinking)
[t=230.284s, 7062808 KB] M&S algorithm main loop timer: 230.281s (after merging)
[t=243.837s, 7062808 KB] M&S algorithm main loop timer: 243.834s (after pruning)

[t=243.837s, 7062808 KB] Operator mutex starting iteration 22
[t=245.38s, 7062808 KB] Operator mutex finished iteration 22. Found an additional 0 operator mutexes

[t=245.381s, 7062808 KB] End of merge-and-shrink algorithm, statistics:
[t=245.381s, 7062808 KB] Main loop runtime: 245.377s
[t=245.381s, 7062808 KB] Maximum intermediate abstraction size: 50000
[t=245.381s, 7062808 KB] Final peak memory increase of merge-and-shrink algorithm: 7040208 KB
[t=245.381s, 7062808 KB] Merge-and-shrink algorithm runtime: 245.378s

[t=245.381s, 7062808 KB] Number of labels: 132
[t=245.381s, 7062808 KB] Total number of operator mutexes: 351
[t=245.381s, 7062808 KB] Operator Mutex total time: 4.59129s
[t=245.381s, 7062808 KB] Number of remaining factors: 1
[t=245.381s, 7062808 KB] Number of factors kept: 1
[t=245.381s, 7062808 KB] Done initializing merge-and-shrink heuristic.

[t=245.449s, 7062808 KB] Building successor generator...done!
[t=245.45s, 7062808 KB] peak memory difference for successor generator creation: 0 KB
[t=245.45s, 7062808 KB] time for successor generation creation: 9.4944e-05s
[t=245.45s, 7062808 KB] Variables: 24
[t=245.45s, 7062808 KB] FactPairs: 108
[t=245.45s, 7062808 KB] Bytes per state: 8
[t=245.45s, 7062808 KB] Conducting best first search with reopening closed nodes, (real) bound = 2147483647
[t=245.45s, 7062808 KB] New best heuristic value for merge_and_shrink(op_mutex = op_mutex(use_previous_ops = nopo, reachability_strategy = goal), merge_strategy = merge_sccs(order_of_sccs = topological, merge_tree = linear), shrink_strategy = shrink_fh): 5
[t=245.45s, 7062808 KB] g=0, 1 evaluated, 0 expanded
[t=245.45s, 7062808 KB] f = 5, 1 evaluated, 0 expanded
[t=245.45s, 7062808 KB] Initial heuristic value for merge_and_shrink(op_mutex = op_mutex(use_previous_ops = nopo, reachability_strategy = goal), merge_strategy = merge_sccs(order_of_sccs = topological, merge_tree = linear), shrink_strategy = shrink_fh): 5
[t=245.45s, 7062808 KB] pruning method: none
[t=245.45s, 7062808 KB] New best heuristic value for merge_and_shrink(op_mutex = op_mutex(use_previous_ops = nopo, reachability_strategy = goal), merge_strategy = merge_sccs(order_of_sccs = topological, merge_tree = linear), shrink_strategy = shrink_fh): 4
[t=245.45s, 7062808 KB] g=1, 6 evaluated, 4 expanded
[t=245.45s, 7062808 KB] New best heuristic value for merge_and_shrink(op_mutex = op_mutex(use_previous_ops = nopo, reachability_strategy = goal), merge_strategy = merge_sccs(order_of_sccs = topological, merge_tree = linear), shrink_strategy = shrink_fh): 3
[t=245.45s, 7062808 KB] g=2, 8 evaluated, 5 expanded
[t=245.45s, 7062808 KB] New best heuristic value for merge_and_shrink(op_mutex = op_mutex(use_previous_ops = nopo, reachability_strategy = goal), merge_strategy = merge_sccs(order_of_sccs = topological, merge_tree = linear), shrink_strategy = shrink_fh): 2
[t=245.45s, 7062808 KB] g=3, 22 evaluated, 10 expanded
[t=245.451s, 7062808 KB] New best heuristic value for merge_and_shrink(op_mutex = op_mutex(use_previous_ops = nopo, reachability_strategy = goal), merge_strategy = merge_sccs(order_of_sccs = topological, merge_tree = linear), shrink_strategy = shrink_fh): 1
[t=245.451s, 7062808 KB] g=4, 58 evaluated, 38 expanded
[t=245.455s, 7062808 KB] f = 6, 719 evaluated, 586 expanded
[t=245.459s, 7062808 KB] f = 7, 1581 evaluated, 1345 expanded
[t=245.462s, 7062808 KB] f = 8, 2589 evaluated, 2300 expanded
[t=245.466s, 7062808 KB] f = 9, 3688 evaluated, 3313 expanded
[t=245.469s, 7062808 KB] New best heuristic value for merge_and_shrink(op_mutex = op_mutex(use_previous_ops = nopo, reachability_strategy = goal), merge_strategy = merge_sccs(order_of_sccs = topological, merge_tree = linear), shrink_strategy = shrink_fh): 0
[t=245.469s, 7062808 KB] g=9, 4687 evaluated, 4096 expanded
[t=245.469s, 7062808 KB] Solution found!
[t=245.469s, 7062808 KB] Actual search time: 0.0189083s
move player-01 pos-6-4 pos-6-3 dir-up (0)
move player-01 pos-6-3 pos-5-3 dir-left (0)
move player-01 pos-5-3 pos-4-3 dir-left (0)
push-to-nongoal player-01 stone-02 pos-4-3 pos-4-4 pos-4-5 dir-down (1)
move player-01 pos-4-4 pos-4-3 dir-up (0)
move player-01 pos-4-3 pos-3-3 dir-left (0)
move player-01 pos-3-3 pos-2-3 dir-left (0)
move player-01 pos-2-3 pos-2-4 dir-down (0)
move player-01 pos-2-4 pos-2-5 dir-down (0)
move player-01 pos-2-5 pos-3-5 dir-right (0)
push-to-nongoal player-01 stone-01 pos-3-5 pos-3-4 pos-3-3 dir-up (1)
move player-01 pos-3-4 pos-4-4 dir-right (0)
move player-01 pos-4-4 pos-4-3 dir-up (0)
move player-01 pos-4-3 pos-5-3 dir-right (0)
move player-01 pos-5-3 pos-6-3 dir-right (0)
move player-01 pos-6-3 pos-6-4 dir-down (0)
push-to-goal player-01 stone-03 pos-6-4 pos-5-4 pos-4-4 dir-left (1)
push-to-goal player-01 stone-03 pos-5-4 pos-4-4 pos-3-4 dir-left (1)
push-to-goal player-01 stone-03 pos-4-4 pos-3-4 pos-2-4 dir-left (1)
move player-01 pos-3-4 pos-3-5 dir-down (0)
move player-01 pos-3-5 pos-3-6 dir-down (0)
move player-01 pos-3-6 pos-4-6 dir-right (0)
push-to-goal player-01 stone-02 pos-4-6 pos-4-5 pos-4-4 dir-up (1)
move player-01 pos-4-5 pos-3-5 dir-left (0)
move player-01 pos-3-5 pos-3-4 dir-up (0)
push-to-nongoal player-01 stone-02 pos-3-4 pos-4-4 pos-5-4 dir-right (1)
move player-01 pos-4-4 pos-4-3 dir-up (0)
move player-01 pos-4-3 pos-4-2 dir-up (0)
move player-01 pos-4-2 pos-3-2 dir-left (0)
push-to-goal player-01 stone-01 pos-3-2 pos-3-3 pos-3-4 dir-down (1)
move player-01 pos-3-3 pos-4-3 dir-right (0)
move player-01 pos-4-3 pos-5-3 dir-right (0)
move player-01 pos-5-3 pos-6-3 dir-right (0)
move player-01 pos-6-3 pos-6-4 dir-down (0)
push-to-goal player-01 stone-02 pos-6-4 pos-5-4 pos-4-4 dir-left (1)
[t=245.469s, 7062808 KB] Plan length: 35 step(s).
[t=245.469s, 7062808 KB] Plan cost: 9
[t=245.469s, 7062808 KB] Expanded 4097 state(s).
[t=245.469s, 7062808 KB] Reopened 0 state(s).
[t=245.469s, 7062808 KB] Evaluated 4687 state(s).
[t=245.469s, 7062808 KB] Evaluations: 4687
[t=245.469s, 7062808 KB] Generated 10823 state(s).
[t=245.469s, 7062808 KB] Dead ends: 296 state(s).
[t=245.469s, 7062808 KB] Expanded until last jump: 3313 state(s).
[t=245.469s, 7062808 KB] Reopened until last jump: 0 state(s).
[t=245.469s, 7062808 KB] Evaluated until last jump: 3688 state(s).
[t=245.469s, 7062808 KB] Generated until last jump: 8645 state(s).
[t=245.469s, 7062808 KB] Number of registered states: 4687
[t=245.469s, 7062808 KB] Int hash set load factor: 4687/8192 = 0.572144
[t=245.469s, 7062808 KB] Int hash set resizes: 13
[t=245.469s, 7062808 KB] Search time: 0.0191223s
[t=245.469s, 7062808 KB] Total time: 245.469s
Solution found.
Peak memory: 7062808 KB
Remove intermediate file output.sas
search exit code: 0

INFO     Running validate.
INFO     validate stdin: None
INFO     validate time limit: None
INFO     validate memory limit: None
INFO     validate command line string: validate domain.pddl problem.pddl sas_plan
Checking plan: sas_plan
Plan executed successfully - checking goal
Plan valid
Final value: 9 

Successful plans:
Value: 9
 sas_plan 9 

validate exit code: 0

