INFO     Running translator.
INFO     translator stdin: None
INFO     translator time limit: 599.97s
INFO     translator memory limit: 7000 MB
INFO     translator command line string: /usr/bin/python3 /user/student.aau.dk/lkar18/downward-projects/downward/experiments/nopo_vs_nasutpo_vs_nelutpo/data/nopo_vs_nasutpo_vs_nelutpo/code-f7902f30c0f47512f07fb7c64cdaf652032f674a_e5e41175/builds/release/bin/translate/translate.py domain.pddl problem.pddl --sas-file output.sas
Parsing...
Parsing: [0.010s CPU, 0.004s wall-clock]
Normalizing task... [0.000s CPU, 0.000s wall-clock]
Instantiating...
Generating Datalog program... [0.000s CPU, 0.001s wall-clock]
Normalizing Datalog program...
Normalizing Datalog program: [0.000s CPU, 0.005s wall-clock]
Preparing model... [0.010s CPU, 0.003s wall-clock]
Generated 125 rules.
Computing model... [0.100s CPU, 0.109s wall-clock]
7624 relevant atoms
1803 auxiliary atoms
9427 final queue length
33246 total queue pushes
Completing instantiation... [0.420s CPU, 0.420s wall-clock]
Instantiating: [0.530s CPU, 0.541s wall-clock]
Computing fact groups...
Finding invariants...
15 initial candidates
Finding invariants: [0.020s CPU, 0.019s wall-clock]
Checking invariant weight... [0.000s CPU, 0.001s wall-clock]
Instantiating groups... [0.000s CPU, 0.004s wall-clock]
Collecting mutex groups... [0.000s CPU, 0.000s wall-clock]
Choosing groups...
14 uncovered facts
Choosing groups: [0.000s CPU, 0.001s wall-clock]
Building translation key... [0.000s CPU, 0.000s wall-clock]
Computing fact groups: [0.030s CPU, 0.026s wall-clock]
Building STRIPS to SAS dictionary... [0.000s CPU, 0.000s wall-clock]
Building dictionary for full mutex groups... [0.000s CPU, 0.000s wall-clock]
Building mutex information...
not in strips_to_sas, left out: Atom bottomcol(c0)
not in strips_to_sas, left out: Atom bottomcol(d0)
not in strips_to_sas, left out: Atom bottomcol(h0)
not in strips_to_sas, left out: Atom bottomcol(s0)
Building mutex information: [0.000s CPU, 0.001s wall-clock]
Translating task...
Processing axioms...
Simplifying axioms... [0.000s CPU, 0.000s wall-clock]
Translator axioms removed by simplifying: 0
Computing negative axioms... [0.000s CPU, 0.000s wall-clock]
Processing axioms: [0.010s CPU, 0.017s wall-clock]
Translating task: [0.440s CPU, 0.438s wall-clock]
2824 effect conditions simplified
0 implied preconditions added
Detecting unreachable propositions...
0 operators removed
0 axioms removed
11 propositions removed
Detecting unreachable propositions: [0.220s CPU, 0.226s wall-clock]
Reordering and filtering variables...
38 of 38 variables necessary.
48 of 66 mutex groups necessary.
7318 of 7318 operators necessary.
0 of 0 axiom rules necessary.
Reordering and filtering variables: [0.070s CPU, 0.065s wall-clock]
Translator variables: 38
Translator derived variables: 0
Translator facts: 162
Translator goal facts: 4
Translator mutex groups: 48
Translator total mutex groups size: 206
Translator operators: 7318
Translator axioms: 0
Translator task size: 60656
Translator peak memory: 80276 KB
Writing output... [0.100s CPU, 0.105s wall-clock]
Done! [1.420s CPU, 1.426s wall-clock]
translate exit code: 0

INFO     Running search (release).
INFO     search stdin: output.sas
INFO     search time limit: 598.48s
INFO     search memory limit: 7000 MB
INFO     search command line string: /user/student.aau.dk/lkar18/downward-projects/downward/experiments/nopo_vs_nasutpo_vs_nelutpo/data/nopo_vs_nasutpo_vs_nelutpo/code-f7902f30c0f47512f07fb7c64cdaf652032f674a_e5e41175/builds/release/bin/downward --search 'astar(merge_and_shrink(op_mutex=op_mutex(use_previous_ops=NeLUTPO, reachability_strategy=goal)))' --internal-plan-file sas_plan < output.sas
[t=4.1437e-05s, 22344 KB] reading input...
[t=0.0302981s, 24740 KB] done reading input!
[t=0.0318264s, 25140 KB] Initializing merge-and-shrink heuristic...
[t=0.0319067s, 25140 KB] Running merge-and-shrink algorithm...
[t=0.0319276s, 25140 KB] Merge strategy options:
[t=0.0319497s, 25140 KB] Type: stateless
[t=0.0319708s, 25140 KB] Merge selector options:
[t=0.0319911s, 25140 KB] Name: score based filtering
[t=0.0320121s, 25140 KB] Merge scoring function:
[t=0.0320321s, 25140 KB] Name: goal relevance
[t=0.0320524s, 25140 KB] Merge scoring function:
[t=0.0320723s, 25140 KB] Name: dfp
[t=0.0320921s, 25140 KB] Merge scoring function:
[t=0.032112s, 25140 KB] Name: total order
[t=0.0321323s, 25140 KB] Atomic transition system order: reverse level
[t=0.0321526s, 25140 KB] Product transition system order: new to old
[t=0.0321727s, 25140 KB] Consider atomic before product transition systems
[t=0.0321932s, 25140 KB] Random seed: -1

[t=0.0322155s, 25140 KB] Options related to size limits and shrinking: 
[t=0.0322372s, 25140 KB] Transition system size limit: 50000
[t=0.0322577s, 25140 KB] Transition system size limit right before merge: 50000
[t=0.0322776s, 25140 KB] Threshold to trigger shrinking right before merge: 1

[t=0.0322997s, 25140 KB] Pruning unreachable states: yes
[t=0.0323209s, 25140 KB] Pruning irrelevant states: yes

[t=0.0323527s, 25140 KB] Label reduction disabled

[t=0.032376s, 25140 KB] Main loop max time in seconds: inf

[t=0.0324024s, 25140 KB] ===============================================================================
[t=0.0324233s, 25140 KB] WARNING! You did not enable label reduction.
This may drastically reduce the performance of merge-and-shrink!
[t=0.0324446s, 25140 KB] ===============================================================================

[t=0.0324688s, 25140 KB] Building atomic transition systems... 
[t=0.0584067s, 75240 KB] M&S algorithm timer: 0.0265787s (after computation of atomic factors)

[t=0.0585111s, 75240 KB] Starting main loop without a time limit.
[t=0.0606797s, 75240 KB] Next pair of indices: (4, 36)
[t=0.0607114s, 75240 KB] M&S algorithm main loop timer: 0.00222207s (after computation of next merge)
[t=0.0614025s, 75472 KB] M&S algorithm main loop timer: 0.00300119s (after merging)
[t=0.0615232s, 75472 KB] M&S algorithm main loop timer: 0.00303472s (after pruning)

[t=0.0615532s, 75472 KB] Operator mutex starting iteration 0
[t=0.0630115s, 75532 KB] In ts_0_0 of size 2 found num new op-mutexes 784
[t=0.0643863s, 75532 KB] In ts_0_1 of size 2 found num new op-mutexes 784
[t=0.0656329s, 75532 KB] In ts_0_2 of size 2 found num new op-mutexes 841
[t=0.0669585s, 75712 KB] In ts_0_3 of size 2 found num new op-mutexes 841
[t=0.0682425s, 75712 KB] In ts_0_5 of size 2 found num new op-mutexes 0
[t=0.0695318s, 75712 KB] In ts_0_6 of size 2 found num new op-mutexes 0
[t=0.0719668s, 75712 KB] In ts_0_7 of size 2 found num new op-mutexes 0
[t=0.0746554s, 75712 KB] In ts_0_8 of size 5 found num new op-mutexes 1625
[t=0.0759536s, 75712 KB] In ts_0_9 of size 2 found num new op-mutexes 0
[t=0.078047s, 75712 KB] In ts_0_10 of size 4 found num new op-mutexes 0
[t=0.0793327s, 75712 KB] In ts_0_11 of size 2 found num new op-mutexes 0
[t=0.0813962s, 75712 KB] In ts_0_12 of size 4 found num new op-mutexes 0
[t=0.0826748s, 75712 KB] In ts_0_13 of size 2 found num new op-mutexes 0
[t=0.0855645s, 75888 KB] In ts_0_14 of size 6 found num new op-mutexes 1568
[t=0.0868832s, 75888 KB] In ts_0_15 of size 2 found num new op-mutexes 0
[t=0.0895333s, 75888 KB] In ts_0_16 of size 6 found num new op-mutexes 1625
[t=0.0908369s, 75888 KB] In ts_0_17 of size 2 found num new op-mutexes 0
[t=0.0921264s, 75888 KB] In ts_0_18 of size 2 found num new op-mutexes 0
[t=0.0951116s, 75888 KB] In ts_0_19 of size 7 found num new op-mutexes 1681
[t=0.0965944s, 75888 KB] In ts_0_20 of size 2 found num new op-mutexes 0
[t=0.0998659s, 75888 KB] In ts_0_21 of size 5 found num new op-mutexes 840
[t=0.101184s, 75888 KB] In ts_0_22 of size 2 found num new op-mutexes 0
[t=0.103871s, 75888 KB] In ts_0_23 of size 6 found num new op-mutexes 676
[t=0.105202s, 75888 KB] In ts_0_24 of size 2 found num new op-mutexes 0
[t=0.108493s, 76252 KB] In ts_0_25 of size 7 found num new op-mutexes 2353
[t=0.109804s, 76252 KB] In ts_0_26 of size 2 found num new op-mutexes 0
[t=0.112675s, 76252 KB] In ts_0_27 of size 7 found num new op-mutexes 1352
[t=0.117145s, 76252 KB] In ts_0_28 of size 6 found num new op-mutexes 0
[t=0.119275s, 76252 KB] In ts_0_29 of size 4 found num new op-mutexes 0
[t=0.123777s, 76252 KB] In ts_0_30 of size 6 found num new op-mutexes 840
[t=0.125874s, 76252 KB] In ts_0_31 of size 4 found num new op-mutexes 0
[t=0.130724s, 76252 KB] In ts_0_32 of size 14 found num new op-mutexes 0
[t=0.135591s, 76252 KB] In ts_0_33 of size 14 found num new op-mutexes 0
[t=0.137869s, 76252 KB] In ts_0_34 of size 5 found num new op-mutexes 0
[t=0.140295s, 76252 KB] In ts_0_35 of size 5 found num new op-mutexes 0
[t=0.142693s, 76252 KB] In ts_0_37 of size 5 found num new op-mutexes 0
[t=0.145194s, 76252 KB] In ts_0_38 of size 6 found num new op-mutexes 0
[t=0.145339s, 76252 KB] Operator mutex finished iteration 0. Found an additional 15810 operator mutexes

[t=0.147836s, 76252 KB] Next pair of indices: (5, 34)
[t=0.14787s, 76252 KB] M&S algorithm main loop timer: 0.0893794s (after computation of next merge)
[t=0.148543s, 76252 KB] M&S algorithm main loop timer: 0.0901399s (after merging)
[t=0.148661s, 76252 KB] M&S algorithm main loop timer: 0.090172s (after pruning)

[t=0.14869s, 76252 KB] Operator mutex starting iteration 1
[t=0.150079s, 76252 KB] In ts_1_0 of size 2 found num new op-mutexes 0
[t=0.151496s, 76252 KB] In ts_1_1 of size 2 found num new op-mutexes 0
[t=0.152907s, 76252 KB] In ts_1_2 of size 2 found num new op-mutexes 0
[t=0.154308s, 76252 KB] In ts_1_3 of size 2 found num new op-mutexes 0
[t=0.15575s, 76252 KB] In ts_1_6 of size 2 found num new op-mutexes 0
[t=0.15721s, 76252 KB] In ts_1_7 of size 2 found num new op-mutexes 0
[t=0.159689s, 76252 KB] In ts_1_8 of size 5 found num new op-mutexes 0
[t=0.161135s, 76252 KB] In ts_1_9 of size 2 found num new op-mutexes 0
[t=0.163385s, 76252 KB] In ts_1_10 of size 4 found num new op-mutexes 0
[t=0.164834s, 76252 KB] In ts_1_11 of size 2 found num new op-mutexes 0
[t=0.167062s, 76252 KB] In ts_1_12 of size 4 found num new op-mutexes 0
[t=0.168518s, 76252 KB] In ts_1_13 of size 2 found num new op-mutexes 0
[t=0.171397s, 76252 KB] In ts_1_14 of size 6 found num new op-mutexes 0
[t=0.172891s, 76252 KB] In ts_1_15 of size 2 found num new op-mutexes 0
[t=0.175818s, 76252 KB] In ts_1_16 of size 6 found num new op-mutexes 0
[t=0.177279s, 76252 KB] In ts_1_17 of size 2 found num new op-mutexes 0
[t=0.1787s, 76252 KB] In ts_1_18 of size 2 found num new op-mutexes 0
[t=0.181905s, 76252 KB] In ts_1_19 of size 7 found num new op-mutexes 0
[t=0.183568s, 76252 KB] In ts_1_20 of size 2 found num new op-mutexes 0
[t=0.187045s, 76252 KB] In ts_1_21 of size 5 found num new op-mutexes 0
[t=0.188522s, 76252 KB] In ts_1_22 of size 2 found num new op-mutexes 0
[t=0.191387s, 76252 KB] In ts_1_23 of size 6 found num new op-mutexes 0
[t=0.192896s, 76252 KB] In ts_1_24 of size 2 found num new op-mutexes 0
[t=0.196059s, 76252 KB] In ts_1_25 of size 7 found num new op-mutexes 0
[t=0.197535s, 76252 KB] In ts_1_26 of size 2 found num new op-mutexes 0
[t=0.200574s, 76252 KB] In ts_1_27 of size 7 found num new op-mutexes 0
[t=0.205232s, 76252 KB] In ts_1_28 of size 6 found num new op-mutexes 0
[t=0.207475s, 76252 KB] In ts_1_29 of size 4 found num new op-mutexes 0
[t=0.212126s, 76252 KB] In ts_1_30 of size 6 found num new op-mutexes 0
[t=0.214359s, 76252 KB] In ts_1_31 of size 4 found num new op-mutexes 0
[t=0.21932s, 76252 KB] In ts_1_32 of size 14 found num new op-mutexes 0
[t=0.224272s, 76252 KB] In ts_1_33 of size 14 found num new op-mutexes 0
[t=0.226821s, 76252 KB] In ts_1_35 of size 5 found num new op-mutexes 0
[t=0.229357s, 76252 KB] In ts_1_37 of size 5 found num new op-mutexes 0
[t=0.231969s, 76252 KB] In ts_1_38 of size 6 found num new op-mutexes 0
[t=0.234427s, 76252 KB] In ts_1_39 of size 5 found num new op-mutexes 676
[t=0.234576s, 76252 KB] Operator mutex finished iteration 1. Found an additional 676 operator mutexes

[t=0.236784s, 76252 KB] Next pair of indices: (6, 35)
[t=0.236817s, 76252 KB] M&S algorithm main loop timer: 0.178327s (after computation of next merge)
[t=0.237428s, 76252 KB] M&S algorithm main loop timer: 0.179023s (after merging)

[t=0.237544s, 76252 KB] Operator mutex starting iteration 2
[t=0.238811s, 76252 KB] In ts_2_0 of size 2 found num new op-mutexes 0
[t=0.240183s, 76252 KB] In ts_2_1 of size 2 found num new op-mutexes 0
[t=0.241439s, 76252 KB] In ts_2_2 of size 2 found num new op-mutexes 0
[t=0.242704s, 76252 KB] In ts_2_3 of size 2 found num new op-mutexes 0
[t=0.244014s, 76252 KB] In ts_2_7 of size 2 found num new op-mutexes 0
[t=0.24634s, 76252 KB] In ts_2_8 of size 5 found num new op-mutexes 0
[t=0.247658s, 76252 KB] In ts_2_9 of size 2 found num new op-mutexes 0
[t=0.249743s, 76252 KB] In ts_2_10 of size 4 found num new op-mutexes 0
[t=0.251038s, 76252 KB] In ts_2_11 of size 2 found num new op-mutexes 0
[t=0.25314s, 76252 KB] In ts_2_12 of size 4 found num new op-mutexes 0
[t=0.254444s, 76252 KB] In ts_2_13 of size 2 found num new op-mutexes 0
[t=0.257195s, 76252 KB] In ts_2_14 of size 6 found num new op-mutexes 0
[t=0.258513s, 76252 KB] In ts_2_15 of size 2 found num new op-mutexes 0
[t=0.261256s, 76252 KB] In ts_2_16 of size 6 found num new op-mutexes 0
[t=0.262731s, 76252 KB] In ts_2_17 of size 2 found num new op-mutexes 0
[t=0.26406s, 76252 KB] In ts_2_18 of size 2 found num new op-mutexes 0
[t=0.267079s, 76252 KB] In ts_2_19 of size 7 found num new op-mutexes 0
[t=0.268553s, 76252 KB] In ts_2_20 of size 2 found num new op-mutexes 0
[t=0.271863s, 76252 KB] In ts_2_21 of size 5 found num new op-mutexes 0
[t=0.273186s, 76252 KB] In ts_2_22 of size 2 found num new op-mutexes 0
[t=0.275902s, 76252 KB] In ts_2_23 of size 6 found num new op-mutexes 0
[t=0.277201s, 76252 KB] In ts_2_24 of size 2 found num new op-mutexes 0
[t=0.280153s, 76252 KB] In ts_2_25 of size 7 found num new op-mutexes 0
[t=0.281469s, 76252 KB] In ts_2_26 of size 2 found num new op-mutexes 0
[t=0.284368s, 76252 KB] In ts_2_27 of size 7 found num new op-mutexes 0
[t=0.288863s, 76252 KB] In ts_2_28 of size 6 found num new op-mutexes 0
[t=0.290964s, 76252 KB] In ts_2_29 of size 4 found num new op-mutexes 0
[t=0.29548s, 76252 KB] In ts_2_30 of size 6 found num new op-mutexes 0
[t=0.297589s, 76252 KB] In ts_2_31 of size 4 found num new op-mutexes 0
[t=0.302445s, 76252 KB] In ts_2_32 of size 14 found num new op-mutexes 0
[t=0.307301s, 76252 KB] In ts_2_33 of size 14 found num new op-mutexes 0
[t=0.309699s, 76252 KB] In ts_2_37 of size 5 found num new op-mutexes 0
[t=0.312208s, 76252 KB] In ts_2_38 of size 6 found num new op-mutexes 0
[t=0.314535s, 76252 KB] In ts_2_39 of size 5 found num new op-mutexes 0
[t=0.317104s, 76252 KB] In ts_2_40 of size 10 found num new op-mutexes 0
[t=0.31724s, 76252 KB] Operator mutex finished iteration 2. Found an additional 0 operator mutexes

[t=0.319443s, 76252 KB] Next pair of indices: (7, 37)
[t=0.319482s, 76252 KB] M&S algorithm main loop timer: 0.260992s (after computation of next merge)
[t=0.320139s, 76252 KB] M&S algorithm main loop timer: 0.261736s (after merging)

[t=0.320258s, 76252 KB] Operator mutex starting iteration 3
[t=0.321513s, 76252 KB] In ts_3_0 of size 2 found num new op-mutexes 0
[t=0.322818s, 76252 KB] In ts_3_1 of size 2 found num new op-mutexes 0
[t=0.324106s, 76252 KB] In ts_3_2 of size 2 found num new op-mutexes 0
[t=0.325371s, 76252 KB] In ts_3_3 of size 2 found num new op-mutexes 0
[t=0.32775s, 76252 KB] In ts_3_8 of size 5 found num new op-mutexes 0
[t=0.329067s, 76252 KB] In ts_3_9 of size 2 found num new op-mutexes 0
[t=0.331194s, 76252 KB] In ts_3_10 of size 4 found num new op-mutexes 0
[t=0.332532s, 76252 KB] In ts_3_11 of size 2 found num new op-mutexes 0
[t=0.334639s, 76252 KB] In ts_3_12 of size 4 found num new op-mutexes 0
[t=0.33596s, 76252 KB] In ts_3_13 of size 2 found num new op-mutexes 0
[t=0.338723s, 76252 KB] In ts_3_14 of size 6 found num new op-mutexes 0
[t=0.340056s, 76252 KB] In ts_3_15 of size 2 found num new op-mutexes 0
[t=0.342855s, 76252 KB] In ts_3_16 of size 6 found num new op-mutexes 0
[t=0.34418s, 76252 KB] In ts_3_17 of size 2 found num new op-mutexes 0
[t=0.345501s, 76252 KB] In ts_3_18 of size 2 found num new op-mutexes 0
[t=0.348545s, 76252 KB] In ts_3_19 of size 7 found num new op-mutexes 0
[t=0.350039s, 76252 KB] In ts_3_20 of size 2 found num new op-mutexes 0
[t=0.353392s, 76252 KB] In ts_3_21 of size 5 found num new op-mutexes 0
[t=0.354756s, 76252 KB] In ts_3_22 of size 2 found num new op-mutexes 0
[t=0.35749s, 76252 KB] In ts_3_23 of size 6 found num new op-mutexes 0
[t=0.358823s, 76252 KB] In ts_3_24 of size 2 found num new op-mutexes 0
[t=0.36183s, 76252 KB] In ts_3_25 of size 7 found num new op-mutexes 0
[t=0.363153s, 76252 KB] In ts_3_26 of size 2 found num new op-mutexes 0
[t=0.366076s, 76252 KB] In ts_3_27 of size 7 found num new op-mutexes 0
[t=0.370591s, 76252 KB] In ts_3_28 of size 6 found num new op-mutexes 0
[t=0.372805s, 76252 KB] In ts_3_29 of size 4 found num new op-mutexes 0
[t=0.377445s, 76252 KB] In ts_3_30 of size 6 found num new op-mutexes 0
[t=0.379645s, 76252 KB] In ts_3_31 of size 4 found num new op-mutexes 0
[t=0.384494s, 76252 KB] In ts_3_32 of size 14 found num new op-mutexes 0
[t=0.389371s, 76252 KB] In ts_3_33 of size 14 found num new op-mutexes 0
[t=0.391999s, 76252 KB] In ts_3_38 of size 6 found num new op-mutexes 0
[t=0.394348s, 76252 KB] In ts_3_39 of size 5 found num new op-mutexes 0
[t=0.396938s, 76252 KB] In ts_3_40 of size 10 found num new op-mutexes 0
[t=0.399695s, 76252 KB] In ts_3_41 of size 10 found num new op-mutexes 0
[t=0.399847s, 76252 KB] Operator mutex finished iteration 3. Found an additional 0 operator mutexes

[t=0.401841s, 76252 KB] Next pair of indices: (23, 38)
[t=0.401876s, 76252 KB] M&S algorithm main loop timer: 0.343386s (after computation of next merge)
[t=0.402587s, 76252 KB] M&S algorithm main loop timer: 0.344107s (after merging)
[t=0.402632s, 76252 KB] M&S algorithm main loop timer: 0.344142s (after pruning)

[t=0.40266s, 76252 KB] Operator mutex starting iteration 4
[t=0.403847s, 76252 KB] In ts_4_0 of size 2 found num new op-mutexes 0
[t=0.405138s, 76252 KB] In ts_4_1 of size 2 found num new op-mutexes 0
[t=0.406437s, 76252 KB] In ts_4_2 of size 2 found num new op-mutexes 0
[t=0.407706s, 76252 KB] In ts_4_3 of size 2 found num new op-mutexes 0
[t=0.41009s, 76252 KB] In ts_4_8 of size 5 found num new op-mutexes 0
[t=0.411447s, 76252 KB] In ts_4_9 of size 2 found num new op-mutexes 0
[t=0.413585s, 76252 KB] In ts_4_10 of size 4 found num new op-mutexes 0
[t=0.414928s, 76252 KB] In ts_4_11 of size 2 found num new op-mutexes 0
[t=0.417055s, 76252 KB] In ts_4_12 of size 4 found num new op-mutexes 0
[t=0.4184s, 76252 KB] In ts_4_13 of size 2 found num new op-mutexes 0
[t=0.42121s, 76252 KB] In ts_4_14 of size 6 found num new op-mutexes 0
[t=0.422545s, 76252 KB] In ts_4_15 of size 2 found num new op-mutexes 0
[t=0.425328s, 76252 KB] In ts_4_16 of size 6 found num new op-mutexes 0
[t=0.426665s, 76252 KB] In ts_4_17 of size 2 found num new op-mutexes 0
[t=0.427996s, 76252 KB] In ts_4_18 of size 2 found num new op-mutexes 0
[t=0.43106s, 76252 KB] In ts_4_19 of size 7 found num new op-mutexes 0
[t=0.432531s, 76252 KB] In ts_4_20 of size 2 found num new op-mutexes 0
[t=0.435872s, 76252 KB] In ts_4_21 of size 5 found num new op-mutexes 0
[t=0.437223s, 76252 KB] In ts_4_22 of size 2 found num new op-mutexes 0
[t=0.438546s, 76252 KB] In ts_4_24 of size 2 found num new op-mutexes 0
[t=0.441541s, 76252 KB] In ts_4_25 of size 7 found num new op-mutexes 0
[t=0.442881s, 76252 KB] In ts_4_26 of size 2 found num new op-mutexes 0
[t=0.44579s, 76252 KB] In ts_4_27 of size 7 found num new op-mutexes 0
[t=0.450313s, 76252 KB] In ts_4_28 of size 6 found num new op-mutexes 0
[t=0.452443s, 76252 KB] In ts_4_29 of size 4 found num new op-mutexes 0
[t=0.456974s, 76252 KB] In ts_4_30 of size 6 found num new op-mutexes 0
[t=0.459077s, 76252 KB] In ts_4_31 of size 4 found num new op-mutexes 0
[t=0.463933s, 76252 KB] In ts_4_32 of size 14 found num new op-mutexes 0
[t=0.468796s, 76252 KB] In ts_4_33 of size 14 found num new op-mutexes 0
[t=0.471173s, 76252 KB] In ts_4_39 of size 5 found num new op-mutexes 0
[t=0.473788s, 76252 KB] In ts_4_40 of size 10 found num new op-mutexes 0
[t=0.476533s, 76252 KB] In ts_4_41 of size 10 found num new op-mutexes 0
[t=0.480681s, 76252 KB] In ts_4_42 of size 26 found num new op-mutexes 840
[t=0.480832s, 76252 KB] Operator mutex finished iteration 4. Found an additional 840 operator mutexes

[t=0.482911s, 76252 KB] Next pair of indices: (25, 41)
[t=0.482946s, 76252 KB] M&S algorithm main loop timer: 0.424457s (after computation of next merge)
[t=0.483658s, 76252 KB] M&S algorithm main loop timer: 0.425179s (after merging)
[t=0.483706s, 76252 KB] M&S algorithm main loop timer: 0.425218s (after pruning)

[t=0.483736s, 76252 KB] Operator mutex starting iteration 5
[t=0.484933s, 76252 KB] In ts_5_0 of size 2 found num new op-mutexes 0
[t=0.486214s, 76252 KB] In ts_5_1 of size 2 found num new op-mutexes 0
[t=0.487462s, 76252 KB] In ts_5_2 of size 2 found num new op-mutexes 0
[t=0.488716s, 76252 KB] In ts_5_3 of size 2 found num new op-mutexes 0
[t=0.491056s, 76252 KB] In ts_5_8 of size 5 found num new op-mutexes 0
[t=0.492365s, 76252 KB] In ts_5_9 of size 2 found num new op-mutexes 0
[t=0.494459s, 76252 KB] In ts_5_10 of size 4 found num new op-mutexes 0
[t=0.495759s, 76252 KB] In ts_5_11 of size 2 found num new op-mutexes 0
[t=0.497867s, 76252 KB] In ts_5_12 of size 4 found num new op-mutexes 0
[t=0.499172s, 76252 KB] In ts_5_13 of size 2 found num new op-mutexes 0
[t=0.501917s, 76252 KB] In ts_5_14 of size 6 found num new op-mutexes 0
[t=0.503226s, 76252 KB] In ts_5_15 of size 2 found num new op-mutexes 0
[t=0.505962s, 76252 KB] In ts_5_16 of size 6 found num new op-mutexes 0
[t=0.507267s, 76252 KB] In ts_5_17 of size 2 found num new op-mutexes 0
[t=0.508572s, 76252 KB] In ts_5_18 of size 2 found num new op-mutexes 0
[t=0.511547s, 76252 KB] In ts_5_19 of size 7 found num new op-mutexes 0
[t=0.513032s, 76252 KB] In ts_5_20 of size 2 found num new op-mutexes 0
[t=0.51632s, 76252 KB] In ts_5_21 of size 5 found num new op-mutexes 0
[t=0.517618s, 76252 KB] In ts_5_22 of size 2 found num new op-mutexes 0
[t=0.518933s, 76252 KB] In ts_5_24 of size 2 found num new op-mutexes 0
[t=0.520259s, 76252 KB] In ts_5_26 of size 2 found num new op-mutexes 0
[t=0.523152s, 76252 KB] In ts_5_27 of size 7 found num new op-mutexes 0
[t=0.527621s, 76252 KB] In ts_5_28 of size 6 found num new op-mutexes 0
[t=0.529742s, 76252 KB] In ts_5_29 of size 4 found num new op-mutexes 0
[t=0.534232s, 76252 KB] In ts_5_30 of size 6 found num new op-mutexes 0
[t=0.536315s, 76252 KB] In ts_5_31 of size 4 found num new op-mutexes 0
[t=0.541112s, 76252 KB] In ts_5_32 of size 14 found num new op-mutexes 0
[t=0.545904s, 76252 KB] In ts_5_33 of size 14 found num new op-mutexes 0
[t=0.548204s, 76252 KB] In ts_5_39 of size 5 found num new op-mutexes 0
[t=0.550776s, 76252 KB] In ts_5_40 of size 10 found num new op-mutexes 0
[t=0.554824s, 76252 KB] In ts_5_42 of size 26 found num new op-mutexes 0
[t=0.55961s, 76252 KB] In ts_5_43 of size 33 found num new op-mutexes 1404
[t=0.559758s, 76252 KB] Operator mutex finished iteration 5. Found an additional 1404 operator mutexes

[t=0.561693s, 76252 KB] Next pair of indices: (2, 43)
[t=0.561726s, 76252 KB] M&S algorithm main loop timer: 0.503236s (after computation of next merge)
[t=0.562464s, 76252 KB] M&S algorithm main loop timer: 0.503987s (after merging)

[t=0.562512s, 76252 KB] Operator mutex starting iteration 6
[t=0.563685s, 76252 KB] In ts_6_0 of size 2 found num new op-mutexes 0
[t=0.565004s, 76252 KB] In ts_6_1 of size 2 found num new op-mutexes 0
[t=0.566281s, 76252 KB] In ts_6_3 of size 2 found num new op-mutexes 0
[t=0.568643s, 76252 KB] In ts_6_8 of size 5 found num new op-mutexes 0
[t=0.570004s, 76252 KB] In ts_6_9 of size 2 found num new op-mutexes 0
[t=0.572148s, 76252 KB] In ts_6_10 of size 4 found num new op-mutexes 0
[t=0.573479s, 76252 KB] In ts_6_11 of size 2 found num new op-mutexes 0
[t=0.575597s, 76252 KB] In ts_6_12 of size 4 found num new op-mutexes 0
[t=0.576948s, 76252 KB] In ts_6_13 of size 2 found num new op-mutexes 0
[t=0.579758s, 76252 KB] In ts_6_14 of size 6 found num new op-mutexes 0
[t=0.581091s, 76252 KB] In ts_6_15 of size 2 found num new op-mutexes 0
[t=0.583891s, 76252 KB] In ts_6_16 of size 6 found num new op-mutexes 0
[t=0.585236s, 76252 KB] In ts_6_17 of size 2 found num new op-mutexes 0
[t=0.586584s, 76252 KB] In ts_6_18 of size 2 found num new op-mutexes 0
[t=0.58966s, 76252 KB] In ts_6_19 of size 7 found num new op-mutexes 0
[t=0.591146s, 76252 KB] In ts_6_20 of size 2 found num new op-mutexes 0
[t=0.594495s, 76252 KB] In ts_6_21 of size 5 found num new op-mutexes 0
[t=0.595853s, 76252 KB] In ts_6_22 of size 2 found num new op-mutexes 0
[t=0.597183s, 76252 KB] In ts_6_24 of size 2 found num new op-mutexes 0
[t=0.598563s, 76252 KB] In ts_6_26 of size 2 found num new op-mutexes 0
[t=0.601516s, 76252 KB] In ts_6_27 of size 7 found num new op-mutexes 0
[t=0.606036s, 76252 KB] In ts_6_28 of size 6 found num new op-mutexes 0
[t=0.608192s, 76252 KB] In ts_6_29 of size 4 found num new op-mutexes 0
[t=0.612758s, 76252 KB] In ts_6_30 of size 6 found num new op-mutexes 0
[t=0.614887s, 76252 KB] In ts_6_31 of size 4 found num new op-mutexes 0
[t=0.619754s, 76252 KB] In ts_6_32 of size 14 found num new op-mutexes 0
[t=0.624599s, 76252 KB] In ts_6_33 of size 14 found num new op-mutexes 0
[t=0.626932s, 76252 KB] In ts_6_39 of size 5 found num new op-mutexes 0
[t=0.629582s, 76252 KB] In ts_6_40 of size 10 found num new op-mutexes 0
[t=0.633684s, 76252 KB] In ts_6_42 of size 26 found num new op-mutexes 0
[t=0.638999s, 76252 KB] In ts_6_44 of size 66 found num new op-mutexes 0
[t=0.63917s, 76252 KB] Operator mutex finished iteration 6. Found an additional 0 operator mutexes

[t=0.641123s, 76252 KB] Next pair of indices: (3, 44)
[t=0.641157s, 76252 KB] M&S algorithm main loop timer: 0.582668s (after computation of next merge)
[t=0.641939s, 76252 KB] M&S algorithm main loop timer: 0.583464s (after merging)

[t=0.641994s, 76252 KB] Operator mutex starting iteration 7
[t=0.6432s, 76252 KB] In ts_7_0 of size 2 found num new op-mutexes 0
[t=0.644501s, 76252 KB] In ts_7_1 of size 2 found num new op-mutexes 0
[t=0.64687s, 76252 KB] In ts_7_8 of size 5 found num new op-mutexes 0
[t=0.648244s, 76252 KB] In ts_7_9 of size 2 found num new op-mutexes 0
[t=0.650361s, 76252 KB] In ts_7_10 of size 4 found num new op-mutexes 0
[t=0.651719s, 76252 KB] In ts_7_11 of size 2 found num new op-mutexes 0
[t=0.653838s, 76252 KB] In ts_7_12 of size 4 found num new op-mutexes 0
[t=0.655197s, 76252 KB] In ts_7_13 of size 2 found num new op-mutexes 0
[t=0.657966s, 76252 KB] In ts_7_14 of size 6 found num new op-mutexes 0
[t=0.659325s, 76252 KB] In ts_7_15 of size 2 found num new op-mutexes 0
[t=0.662139s, 76252 KB] In ts_7_16 of size 6 found num new op-mutexes 0
[t=0.663492s, 76252 KB] In ts_7_17 of size 2 found num new op-mutexes 0
[t=0.664826s, 76252 KB] In ts_7_18 of size 2 found num new op-mutexes 0
[t=0.667884s, 76252 KB] In ts_7_19 of size 7 found num new op-mutexes 0
[t=0.669384s, 76252 KB] In ts_7_20 of size 2 found num new op-mutexes 0
[t=0.672746s, 76252 KB] In ts_7_21 of size 5 found num new op-mutexes 0
[t=0.674092s, 76252 KB] In ts_7_22 of size 2 found num new op-mutexes 0
[t=0.675431s, 76252 KB] In ts_7_24 of size 2 found num new op-mutexes 0
[t=0.676772s, 76252 KB] In ts_7_26 of size 2 found num new op-mutexes 0
[t=0.679764s, 76252 KB] In ts_7_27 of size 7 found num new op-mutexes 0
[t=0.684298s, 76252 KB] In ts_7_28 of size 6 found num new op-mutexes 0
[t=0.68641s, 76252 KB] In ts_7_29 of size 4 found num new op-mutexes 0
[t=0.691014s, 76252 KB] In ts_7_30 of size 6 found num new op-mutexes 0
[t=0.693122s, 76252 KB] In ts_7_31 of size 4 found num new op-mutexes 0
[t=0.697992s, 76252 KB] In ts_7_32 of size 14 found num new op-mutexes 0
[t=0.702846s, 76252 KB] In ts_7_33 of size 14 found num new op-mutexes 0
[t=0.705198s, 76252 KB] In ts_7_39 of size 5 found num new op-mutexes 0
[t=0.707843s, 76252 KB] In ts_7_40 of size 10 found num new op-mutexes 0
[t=0.71194s, 76252 KB] In ts_7_42 of size 26 found num new op-mutexes 0
[t=0.717834s, 76252 KB] In ts_7_45 of size 132 found num new op-mutexes 0
[t=0.717989s, 76252 KB] Operator mutex finished iteration 7. Found an additional 0 operator mutexes

[t=0.719839s, 76252 KB] Next pair of indices: (8, 45)
[t=0.719873s, 76252 KB] M&S algorithm main loop timer: 0.661383s (after computation of next merge)
[t=0.721006s, 76252 KB] M&S algorithm main loop timer: 0.662544s (after merging)
[t=0.721182s, 76252 KB] M&S algorithm main loop timer: 0.662701s (after pruning)

[t=0.72122s, 76252 KB] Operator mutex starting iteration 8
[t=0.722429s, 76252 KB] In ts_8_0 of size 2 found num new op-mutexes 0
[t=0.723746s, 76252 KB] In ts_8_1 of size 2 found num new op-mutexes 0
[t=0.725082s, 76252 KB] In ts_8_9 of size 2 found num new op-mutexes 0
[t=0.727232s, 76252 KB] In ts_8_10 of size 4 found num new op-mutexes 0
[t=0.728602s, 76252 KB] In ts_8_11 of size 2 found num new op-mutexes 0
[t=0.730751s, 76252 KB] In ts_8_12 of size 4 found num new op-mutexes 0
[t=0.732102s, 76252 KB] In ts_8_13 of size 2 found num new op-mutexes 0
[t=0.734906s, 76252 KB] In ts_8_14 of size 6 found num new op-mutexes 0
[t=0.736244s, 76252 KB] In ts_8_15 of size 2 found num new op-mutexes 0
[t=0.739083s, 76252 KB] In ts_8_16 of size 6 found num new op-mutexes 0
[t=0.740439s, 76252 KB] In ts_8_17 of size 2 found num new op-mutexes 0
[t=0.741785s, 76252 KB] In ts_8_18 of size 2 found num new op-mutexes 0
[t=0.744833s, 76252 KB] In ts_8_19 of size 7 found num new op-mutexes 0
[t=0.746351s, 76252 KB] In ts_8_20 of size 2 found num new op-mutexes 0
[t=0.749717s, 76252 KB] In ts_8_21 of size 5 found num new op-mutexes 0
[t=0.751096s, 76252 KB] In ts_8_22 of size 2 found num new op-mutexes 0
[t=0.752453s, 76252 KB] In ts_8_24 of size 2 found num new op-mutexes 0
[t=0.753803s, 76252 KB] In ts_8_26 of size 2 found num new op-mutexes 0
[t=0.756766s, 76252 KB] In ts_8_27 of size 7 found num new op-mutexes 0
[t=0.761354s, 76252 KB] In ts_8_28 of size 6 found num new op-mutexes 0
[t=0.763525s, 76252 KB] In ts_8_29 of size 4 found num new op-mutexes 0
[t=0.768135s, 76252 KB] In ts_8_30 of size 6 found num new op-mutexes 0
[t=0.770284s, 76252 KB] In ts_8_31 of size 4 found num new op-mutexes 0
[t=0.77518s, 76252 KB] In ts_8_32 of size 14 found num new op-mutexes 0
[t=0.780114s, 76252 KB] In ts_8_33 of size 14 found num new op-mutexes 0
[t=0.782534s, 76252 KB] In ts_8_39 of size 5 found num new op-mutexes 0
[t=0.785175s, 76252 KB] In ts_8_40 of size 10 found num new op-mutexes 0
[t=0.789359s, 76252 KB] In ts_8_42 of size 26 found num new op-mutexes 0
[t=0.798761s, 76252 KB] In ts_8_46 of size 612 found num new op-mutexes 0
[t=0.79894s, 76252 KB] Operator mutex finished iteration 8. Found an additional 0 operator mutexes

[t=0.800796s, 76252 KB] Next pair of indices: (1, 46)
[t=0.800828s, 76252 KB] M&S algorithm main loop timer: 0.742338s (after computation of next merge)
[t=0.801941s, 76252 KB] M&S algorithm main loop timer: 0.743485s (after shrinking)
[t=0.803719s, 76252 KB] M&S algorithm main loop timer: 0.745288s (after merging)
[t=0.80401s, 76252 KB] M&S algorithm main loop timer: 0.745542s (after pruning)

[t=0.804063s, 76252 KB] Operator mutex starting iteration 9
[t=0.805566s, 76252 KB] In ts_9_0 of size 2 found num new op-mutexes 0
[t=0.806932s, 76252 KB] In ts_9_9 of size 2 found num new op-mutexes 0
[t=0.809053s, 76252 KB] In ts_9_10 of size 4 found num new op-mutexes 0
[t=0.810411s, 76252 KB] In ts_9_11 of size 2 found num new op-mutexes 0
[t=0.812545s, 76252 KB] In ts_9_12 of size 4 found num new op-mutexes 0
[t=0.813901s, 76252 KB] In ts_9_13 of size 2 found num new op-mutexes 0
[t=0.816715s, 76252 KB] In ts_9_14 of size 6 found num new op-mutexes 0
[t=0.818071s, 76252 KB] In ts_9_15 of size 2 found num new op-mutexes 0
[t=0.820857s, 76252 KB] In ts_9_16 of size 6 found num new op-mutexes 0
[t=0.822211s, 76252 KB] In ts_9_17 of size 2 found num new op-mutexes 0
[t=0.823558s, 76252 KB] In ts_9_18 of size 2 found num new op-mutexes 0
[t=0.826619s, 76252 KB] In ts_9_19 of size 7 found num new op-mutexes 0
[t=0.828109s, 76252 KB] In ts_9_20 of size 2 found num new op-mutexes 0
[t=0.831463s, 76252 KB] In ts_9_21 of size 5 found num new op-mutexes 0
[t=0.832832s, 76252 KB] In ts_9_22 of size 2 found num new op-mutexes 0
[t=0.834184s, 76252 KB] In ts_9_24 of size 2 found num new op-mutexes 0
[t=0.835529s, 76252 KB] In ts_9_26 of size 2 found num new op-mutexes 0
[t=0.838511s, 76252 KB] In ts_9_27 of size 7 found num new op-mutexes 0
[t=0.843065s, 76252 KB] In ts_9_28 of size 6 found num new op-mutexes 0
[t=0.845204s, 76252 KB] In ts_9_29 of size 4 found num new op-mutexes 0
[t=0.849811s, 76252 KB] In ts_9_30 of size 6 found num new op-mutexes 0
[t=0.851927s, 76252 KB] In ts_9_31 of size 4 found num new op-mutexes 0
[t=0.856792s, 76252 KB] In ts_9_32 of size 14 found num new op-mutexes 0
[t=0.861712s, 76252 KB] In ts_9_33 of size 14 found num new op-mutexes 0
[t=0.864087s, 76252 KB] In ts_9_39 of size 5 found num new op-mutexes 0
[t=0.866741s, 76252 KB] In ts_9_40 of size 10 found num new op-mutexes 0
[t=0.870879s, 76252 KB] In ts_9_42 of size 26 found num new op-mutexes 0
[t=0.880278s, 76252 KB] In ts_9_47 of size 612 found num new op-mutexes 0
[t=0.880447s, 76252 KB] Operator mutex finished iteration 9. Found an additional 0 operator mutexes

[t=0.882253s, 76252 KB] Next pair of indices: (9, 47)
[t=0.882287s, 76252 KB] M&S algorithm main loop timer: 0.823799s (after computation of next merge)
[t=0.883374s, 76252 KB] M&S algorithm main loop timer: 0.824917s (after shrinking)
[t=0.884721s, 76252 KB] M&S algorithm main loop timer: 0.826273s (after merging)
[t=0.885035s, 76252 KB] M&S algorithm main loop timer: 0.826571s (after pruning)

[t=0.885091s, 76252 KB] Operator mutex starting iteration 10
[t=0.886315s, 76252 KB] In ts_10_0 of size 2 found num new op-mutexes 0
[t=0.888453s, 76252 KB] In ts_10_10 of size 4 found num new op-mutexes 0
[t=0.889829s, 76252 KB] In ts_10_11 of size 2 found num new op-mutexes 0
[t=0.891977s, 76252 KB] In ts_10_12 of size 4 found num new op-mutexes 0
[t=0.893337s, 76252 KB] In ts_10_13 of size 2 found num new op-mutexes 0
[t=0.896163s, 76252 KB] In ts_10_14 of size 6 found num new op-mutexes 0
[t=0.897529s, 76252 KB] In ts_10_15 of size 2 found num new op-mutexes 0
[t=0.900352s, 76252 KB] In ts_10_16 of size 6 found num new op-mutexes 0
[t=0.901717s, 76252 KB] In ts_10_17 of size 2 found num new op-mutexes 0
[t=0.903074s, 76252 KB] In ts_10_18 of size 2 found num new op-mutexes 0
[t=0.906137s, 76252 KB] In ts_10_19 of size 7 found num new op-mutexes 0
[t=0.907631s, 76252 KB] In ts_10_20 of size 2 found num new op-mutexes 0
[t=0.911007s, 76252 KB] In ts_10_21 of size 5 found num new op-mutexes 0
[t=0.912365s, 76252 KB] In ts_10_22 of size 2 found num new op-mutexes 0
[t=0.91375s, 76252 KB] In ts_10_24 of size 2 found num new op-mutexes 0
[t=0.915107s, 76252 KB] In ts_10_26 of size 2 found num new op-mutexes 0
[t=0.918084s, 76252 KB] In ts_10_27 of size 7 found num new op-mutexes 0
[t=0.922632s, 76252 KB] In ts_10_28 of size 6 found num new op-mutexes 0
[t=0.924795s, 76252 KB] In ts_10_29 of size 4 found num new op-mutexes 0
[t=0.929388s, 76252 KB] In ts_10_30 of size 6 found num new op-mutexes 0
[t=0.931516s, 76252 KB] In ts_10_31 of size 4 found num new op-mutexes 0
[t=0.936379s, 76252 KB] In ts_10_32 of size 14 found num new op-mutexes 0
[t=0.941234s, 76252 KB] In ts_10_33 of size 14 found num new op-mutexes 0
[t=0.943586s, 76252 KB] In ts_10_39 of size 5 found num new op-mutexes 0
[t=0.946256s, 76252 KB] In ts_10_40 of size 10 found num new op-mutexes 0
[t=0.950381s, 76252 KB] In ts_10_42 of size 26 found num new op-mutexes 0
[t=0.962352s, 76252 KB] In ts_10_48 of size 1052 found num new op-mutexes 0
[t=0.962521s, 76252 KB] Operator mutex finished iteration 10. Found an additional 0 operator mutexes

[t=0.964152s, 76252 KB] Next pair of indices: (10, 48)
[t=0.964183s, 76252 KB] M&S algorithm main loop timer: 0.905708s (after computation of next merge)
[t=0.966201s, 76252 KB] M&S algorithm main loop timer: 0.907761s (after shrinking)
[t=0.96949s, 76252 KB] M&S algorithm main loop timer: 0.911018s (after merging)

[t=0.969711s, 76252 KB] Operator mutex starting iteration 11
[t=0.970928s, 76252 KB] In ts_11_0 of size 2 found num new op-mutexes 0
[t=0.972318s, 76252 KB] In ts_11_11 of size 2 found num new op-mutexes 0
[t=0.974456s, 76252 KB] In ts_11_12 of size 4 found num new op-mutexes 0
[t=0.975831s, 76252 KB] In ts_11_13 of size 2 found num new op-mutexes 0
[t=0.978639s, 76252 KB] In ts_11_14 of size 6 found num new op-mutexes 0
[t=0.979993s, 76252 KB] In ts_11_15 of size 2 found num new op-mutexes 0
[t=0.982816s, 76252 KB] In ts_11_16 of size 6 found num new op-mutexes 0
[t=0.984189s, 76252 KB] In ts_11_17 of size 2 found num new op-mutexes 0
[t=0.985577s, 76252 KB] In ts_11_18 of size 2 found num new op-mutexes 0
[t=0.988657s, 76252 KB] In ts_11_19 of size 7 found num new op-mutexes 0
[t=0.99017s, 76252 KB] In ts_11_20 of size 2 found num new op-mutexes 0
[t=0.99353s, 76252 KB] In ts_11_21 of size 5 found num new op-mutexes 0
[t=0.994883s, 76252 KB] In ts_11_22 of size 2 found num new op-mutexes 0
[t=0.996273s, 76252 KB] In ts_11_24 of size 2 found num new op-mutexes 0
[t=0.997621s, 76252 KB] In ts_11_26 of size 2 found num new op-mutexes 0
[t=1.00061s, 76252 KB] In ts_11_27 of size 7 found num new op-mutexes 0
[t=1.00515s, 76252 KB] In ts_11_28 of size 6 found num new op-mutexes 0
[t=1.00729s, 76252 KB] In ts_11_29 of size 4 found num new op-mutexes 0
[t=1.01185s, 76252 KB] In ts_11_30 of size 6 found num new op-mutexes 0
[t=1.01398s, 76252 KB] In ts_11_31 of size 4 found num new op-mutexes 0
[t=1.01882s, 76252 KB] In ts_11_32 of size 14 found num new op-mutexes 0
[t=1.0237s, 76252 KB] In ts_11_33 of size 14 found num new op-mutexes 0
[t=1.02607s, 76252 KB] In ts_11_39 of size 5 found num new op-mutexes 0
[t=1.0287s, 76252 KB] In ts_11_40 of size 10 found num new op-mutexes 0
[t=1.03279s, 76252 KB] In ts_11_42 of size 26 found num new op-mutexes 0
[t=1.05059s, 76252 KB] Unusable transitions: 26
[t=1.05079s, 76252 KB] (36 -6> 40)
[t=1.05082s, 76252 KB] (38 -6> 42)
[t=1.05094s, 76252 KB] (51 -6> 66)
[t=1.05098s, 76252 KB] (52 -6> 67)
[t=1.05103s, 76252 KB] (56 -6> 71)
[t=1.05106s, 76252 KB] (57 -6> 72)
[t=1.05111s, 76252 KB] (61 -6> 76)
[t=1.05115s, 76252 KB] (62 -6> 77)
[t=1.05136s, 76252 KB] (81 -6> 96)
[t=1.0514s, 76252 KB] (82 -6> 97)
[t=1.05146s, 76252 KB] (86 -6> 101)
[t=1.0515s, 76252 KB] (87 -6> 102)
[t=1.05156s, 76252 KB] (91 -6> 106)
[t=1.05159s, 76252 KB] (92 -6> 107)
[t=1.05182s, 76252 KB] (111 -6> 126)
[t=1.05185s, 76252 KB] (112 -6> 127)
[t=1.05189s, 76252 KB] (116 -6> 131)
[t=1.05192s, 76252 KB] (117 -6> 132)
[t=1.05196s, 76252 KB] (121 -6> 136)
[t=1.05199s, 76252 KB] (122 -6> 137)
[t=1.05214s, 76252 KB] (141 -6> 156)
[t=1.05217s, 76252 KB] (142 -6> 157)
[t=1.05221s, 76252 KB] (146 -6> 161)
[t=1.05225s, 76252 KB] (147 -6> 162)
[t=1.05229s, 76252 KB] (151 -6> 166)
[t=1.05232s, 76252 KB] (152 -6> 167)
[t=1.05809s, 76252 KB] In ts_11_49 of size 3248 found num new op-mutexes 0
[t=1.05828s, 76252 KB] Operator mutex finished iteration 11. Found an additional 0 operator mutexes

[t=1.06s, 76252 KB] Next pair of indices: (0, 49)
[t=1.06003s, 76252 KB] M&S algorithm main loop timer: 1.00154s (after computation of next merge)
[t=1.07072s, 76252 KB] M&S algorithm main loop timer: 1.01231s (after shrinking)
[t=1.07658s, 76252 KB] M&S algorithm main loop timer: 1.01811s (after merging)
[t=1.07782s, 76252 KB] M&S algorithm main loop timer: 1.01937s (after pruning)

[t=1.07789s, 76252 KB] Operator mutex starting iteration 12
[t=1.07917s, 76252 KB] In ts_12_11 of size 2 found num new op-mutexes 0
[t=1.08131s, 76252 KB] In ts_12_12 of size 4 found num new op-mutexes 0
[t=1.08265s, 76252 KB] In ts_12_13 of size 2 found num new op-mutexes 0
[t=1.08549s, 76252 KB] In ts_12_14 of size 6 found num new op-mutexes 0
[t=1.08684s, 76252 KB] In ts_12_15 of size 2 found num new op-mutexes 0
[t=1.08963s, 76252 KB] In ts_12_16 of size 6 found num new op-mutexes 0
[t=1.09098s, 76252 KB] In ts_12_17 of size 2 found num new op-mutexes 0
[t=1.09232s, 76252 KB] In ts_12_18 of size 2 found num new op-mutexes 0
[t=1.09538s, 76252 KB] In ts_12_19 of size 7 found num new op-mutexes 0
[t=1.09688s, 76252 KB] In ts_12_20 of size 2 found num new op-mutexes 0
[t=1.10023s, 76252 KB] In ts_12_21 of size 5 found num new op-mutexes 0
[t=1.10157s, 76252 KB] In ts_12_22 of size 2 found num new op-mutexes 0
[t=1.1029s, 76252 KB] In ts_12_24 of size 2 found num new op-mutexes 0
[t=1.10428s, 76252 KB] In ts_12_26 of size 2 found num new op-mutexes 0
[t=1.10733s, 76252 KB] In ts_12_27 of size 7 found num new op-mutexes 0
[t=1.11184s, 76252 KB] In ts_12_28 of size 6 found num new op-mutexes 0
[t=1.114s, 76252 KB] In ts_12_29 of size 4 found num new op-mutexes 0
[t=1.11858s, 76252 KB] In ts_12_30 of size 6 found num new op-mutexes 0
[t=1.12072s, 76252 KB] In ts_12_31 of size 4 found num new op-mutexes 0
[t=1.12569s, 76252 KB] In ts_12_32 of size 14 found num new op-mutexes 0
[t=1.13056s, 76252 KB] In ts_12_33 of size 14 found num new op-mutexes 0
[t=1.13294s, 76252 KB] In ts_12_39 of size 5 found num new op-mutexes 0
[t=1.13558s, 76252 KB] In ts_12_40 of size 10 found num new op-mutexes 0
[t=1.1397s, 76252 KB] In ts_12_42 of size 26 found num new op-mutexes 0
[t=1.16944s, 76252 KB] In ts_12_50 of size 4152 found num new op-mutexes 0
[t=1.16969s, 76252 KB] Operator mutex finished iteration 12. Found an additional 0 operator mutexes

[t=1.17135s, 76252 KB] Next pair of indices: (11, 50)
[t=1.17139s, 76252 KB] M&S algorithm main loop timer: 1.1129s (after computation of next merge)
[t=1.18519s, 76252 KB] M&S algorithm main loop timer: 1.12673s (after merging)
[t=1.18763s, 76252 KB] M&S algorithm main loop timer: 1.12915s (after pruning)

[t=1.18767s, 76252 KB] Operator mutex starting iteration 13
[t=1.18976s, 76252 KB] In ts_13_12 of size 4 found num new op-mutexes 0
[t=1.19112s, 76252 KB] In ts_13_13 of size 2 found num new op-mutexes 0
[t=1.19396s, 76252 KB] In ts_13_14 of size 6 found num new op-mutexes 0
[t=1.19533s, 76252 KB] In ts_13_15 of size 2 found num new op-mutexes 0
[t=1.19814s, 76252 KB] In ts_13_16 of size 6 found num new op-mutexes 0
[t=1.1995s, 76252 KB] In ts_13_17 of size 2 found num new op-mutexes 0
[t=1.20085s, 76252 KB] In ts_13_18 of size 2 found num new op-mutexes 0
[t=1.20395s, 76252 KB] In ts_13_19 of size 7 found num new op-mutexes 0
[t=1.20545s, 76252 KB] In ts_13_20 of size 2 found num new op-mutexes 0
[t=1.20881s, 76252 KB] In ts_13_21 of size 5 found num new op-mutexes 0
[t=1.21017s, 76252 KB] In ts_13_22 of size 2 found num new op-mutexes 0
[t=1.21151s, 76252 KB] In ts_13_24 of size 2 found num new op-mutexes 0
[t=1.21285s, 76252 KB] In ts_13_26 of size 2 found num new op-mutexes 0
[t=1.21583s, 76252 KB] In ts_13_27 of size 7 found num new op-mutexes 0
[t=1.22039s, 76252 KB] In ts_13_28 of size 6 found num new op-mutexes 0
[t=1.22251s, 76252 KB] In ts_13_29 of size 4 found num new op-mutexes 0
[t=1.22713s, 76252 KB] In ts_13_30 of size 6 found num new op-mutexes 0
[t=1.22925s, 76252 KB] In ts_13_31 of size 4 found num new op-mutexes 0
[t=1.23413s, 76252 KB] In ts_13_32 of size 14 found num new op-mutexes 0
[t=1.23903s, 76252 KB] In ts_13_33 of size 14 found num new op-mutexes 0
[t=1.24136s, 76252 KB] In ts_13_39 of size 5 found num new op-mutexes 0
[t=1.24401s, 76252 KB] In ts_13_40 of size 10 found num new op-mutexes 0
[t=1.24813s, 76252 KB] In ts_13_42 of size 26 found num new op-mutexes 0
[t=1.2488s, 76252 KB] Operator mutex finished iteration 13. Found an additional 0 operator mutexes

[t=1.25026s, 76252 KB] Next pair of indices: (12, 51)
[t=1.2503s, 76252 KB] M&S algorithm main loop timer: 1.19181s (after computation of next merge)
[t=1.29687s, 76252 KB] M&S algorithm main loop timer: 1.23844s (after merging)
[t=1.30691s, 76252 KB] M&S algorithm main loop timer: 1.24844s (after pruning)

[t=1.30696s, 76252 KB] Operator mutex starting iteration 14
[t=1.3082s, 76252 KB] In ts_14_13 of size 2 found num new op-mutexes 0
[t=1.31105s, 76252 KB] In ts_14_14 of size 6 found num new op-mutexes 0
[t=1.3124s, 76252 KB] In ts_14_15 of size 2 found num new op-mutexes 0
[t=1.31524s, 76252 KB] In ts_14_16 of size 6 found num new op-mutexes 0
[t=1.31662s, 76252 KB] In ts_14_17 of size 2 found num new op-mutexes 0
[t=1.31797s, 76252 KB] In ts_14_18 of size 2 found num new op-mutexes 0
[t=1.32102s, 76252 KB] In ts_14_19 of size 7 found num new op-mutexes 0
[t=1.32254s, 76252 KB] In ts_14_20 of size 2 found num new op-mutexes 0
[t=1.32594s, 76252 KB] In ts_14_21 of size 5 found num new op-mutexes 0
[t=1.32731s, 76252 KB] In ts_14_22 of size 2 found num new op-mutexes 0
[t=1.32866s, 76252 KB] In ts_14_24 of size 2 found num new op-mutexes 0
[t=1.33001s, 76252 KB] In ts_14_26 of size 2 found num new op-mutexes 0
[t=1.33302s, 76252 KB] In ts_14_27 of size 7 found num new op-mutexes 0
[t=1.33759s, 76252 KB] In ts_14_28 of size 6 found num new op-mutexes 0
[t=1.33972s, 76252 KB] In ts_14_29 of size 4 found num new op-mutexes 0
[t=1.34436s, 76252 KB] In ts_14_30 of size 6 found num new op-mutexes 0
[t=1.3465s, 76252 KB] In ts_14_31 of size 4 found num new op-mutexes 0
[t=1.35135s, 76252 KB] In ts_14_32 of size 14 found num new op-mutexes 0
[t=1.35623s, 76252 KB] In ts_14_33 of size 14 found num new op-mutexes 0
[t=1.35861s, 76252 KB] In ts_14_39 of size 5 found num new op-mutexes 0
[t=1.36122s, 76252 KB] In ts_14_40 of size 10 found num new op-mutexes 0
[t=1.36543s, 76252 KB] In ts_14_42 of size 26 found num new op-mutexes 0
[t=1.36694s, 76252 KB] Operator mutex finished iteration 14. Found an additional 0 operator mutexes

[t=1.3687s, 76252 KB] Next pair of indices: (13, 52)
[t=1.36873s, 76252 KB] M&S algorithm main loop timer: 1.31024s (after computation of next merge)
[t=1.45384s, 76252 KB] M&S algorithm main loop timer: 1.39542s (after shrinking)
[t=1.50793s, 76252 KB] M&S algorithm main loop timer: 1.44952s (after merging)

[t=1.51022s, 76252 KB] Operator mutex starting iteration 15
[t=1.51299s, 76252 KB] In ts_15_14 of size 6 found num new op-mutexes 0
[t=1.51434s, 76252 KB] In ts_15_15 of size 2 found num new op-mutexes 0
[t=1.51715s, 76252 KB] In ts_15_16 of size 6 found num new op-mutexes 0
[t=1.51849s, 76252 KB] In ts_15_17 of size 2 found num new op-mutexes 0
[t=1.51983s, 76252 KB] In ts_15_18 of size 2 found num new op-mutexes 0
[t=1.52291s, 76252 KB] In ts_15_19 of size 7 found num new op-mutexes 0
[t=1.5244s, 76252 KB] In ts_15_20 of size 2 found num new op-mutexes 0
[t=1.52775s, 76252 KB] In ts_15_21 of size 5 found num new op-mutexes 0
[t=1.5291s, 76252 KB] In ts_15_22 of size 2 found num new op-mutexes 0
[t=1.53043s, 76252 KB] In ts_15_24 of size 2 found num new op-mutexes 0
[t=1.53176s, 76252 KB] In ts_15_26 of size 2 found num new op-mutexes 0
[t=1.53477s, 76252 KB] In ts_15_27 of size 7 found num new op-mutexes 0
[t=1.53931s, 76252 KB] In ts_15_28 of size 6 found num new op-mutexes 0
[t=1.54144s, 76252 KB] In ts_15_29 of size 4 found num new op-mutexes 0
[t=1.54602s, 76252 KB] In ts_15_30 of size 6 found num new op-mutexes 0
[t=1.54813s, 76252 KB] In ts_15_31 of size 4 found num new op-mutexes 0
[t=1.55299s, 76252 KB] In ts_15_32 of size 14 found num new op-mutexes 0
[t=1.55782s, 76252 KB] In ts_15_33 of size 14 found num new op-mutexes 0
[t=1.56014s, 76252 KB] In ts_15_39 of size 5 found num new op-mutexes 0
[t=1.56278s, 76252 KB] In ts_15_40 of size 10 found num new op-mutexes 0
[t=1.56687s, 76252 KB] In ts_15_42 of size 26 found num new op-mutexes 0
[t=1.5692s, 76252 KB] Operator mutex finished iteration 15. Found an additional 0 operator mutexes

[t=1.57119s, 76252 KB] Next pair of indices: (14, 53)
[t=1.57122s, 76252 KB] M&S algorithm main loop timer: 1.51273s (after computation of next merge)
[t=1.64394s, 76252 KB] M&S algorithm main loop timer: 1.58551s (after shrinking)
[t=1.67009s, 76252 KB] M&S algorithm main loop timer: 1.61166s (after merging)

[t=1.67123s, 76252 KB] Operator mutex starting iteration 16
[t=1.67256s, 76252 KB] In ts_16_15 of size 2 found num new op-mutexes 0
[t=1.67542s, 76252 KB] In ts_16_16 of size 6 found num new op-mutexes 0
[t=1.67677s, 76252 KB] In ts_16_17 of size 2 found num new op-mutexes 0
[t=1.67813s, 76252 KB] In ts_16_18 of size 2 found num new op-mutexes 0
[t=1.68122s, 76252 KB] In ts_16_19 of size 7 found num new op-mutexes 0
[t=1.68273s, 76252 KB] In ts_16_20 of size 2 found num new op-mutexes 0
[t=1.68611s, 76252 KB] In ts_16_21 of size 5 found num new op-mutexes 0
[t=1.68748s, 76252 KB] In ts_16_22 of size 2 found num new op-mutexes 0
[t=1.68883s, 76252 KB] In ts_16_24 of size 2 found num new op-mutexes 0
[t=1.69017s, 76252 KB] In ts_16_26 of size 2 found num new op-mutexes 0
[t=1.69315s, 76252 KB] In ts_16_27 of size 7 found num new op-mutexes 0
[t=1.69772s, 76252 KB] In ts_16_28 of size 6 found num new op-mutexes 0
[t=1.69984s, 76252 KB] In ts_16_29 of size 4 found num new op-mutexes 0
[t=1.70447s, 76252 KB] In ts_16_30 of size 6 found num new op-mutexes 0
[t=1.70662s, 76252 KB] In ts_16_31 of size 4 found num new op-mutexes 0
[t=1.71147s, 76252 KB] In ts_16_32 of size 14 found num new op-mutexes 0
[t=1.71634s, 76252 KB] In ts_16_33 of size 14 found num new op-mutexes 0
[t=1.71869s, 76252 KB] In ts_16_39 of size 5 found num new op-mutexes 0
[t=1.72133s, 76252 KB] In ts_16_40 of size 10 found num new op-mutexes 0
[t=1.72543s, 76252 KB] In ts_16_42 of size 26 found num new op-mutexes 0
[t=1.72652s, 76252 KB] Operator mutex finished iteration 16. Found an additional 0 operator mutexes

[t=1.72803s, 76252 KB] Next pair of indices: (15, 54)
[t=1.72807s, 76252 KB] M&S algorithm main loop timer: 1.66958s (after computation of next merge)
[t=1.92041s, 76252 KB] M&S algorithm main loop timer: 1.86199s (after merging)

[t=1.92258s, 76252 KB] Operator mutex starting iteration 17
[t=1.92535s, 76252 KB] In ts_17_16 of size 6 found num new op-mutexes 0
[t=1.92671s, 76252 KB] In ts_17_17 of size 2 found num new op-mutexes 0
[t=1.92807s, 76252 KB] In ts_17_18 of size 2 found num new op-mutexes 0
[t=1.93118s, 76252 KB] In ts_17_19 of size 7 found num new op-mutexes 0
[t=1.93273s, 76252 KB] In ts_17_20 of size 2 found num new op-mutexes 0
[t=1.93611s, 76252 KB] In ts_17_21 of size 5 found num new op-mutexes 0
[t=1.93746s, 76252 KB] In ts_17_22 of size 2 found num new op-mutexes 0
[t=1.9388s, 76252 KB] In ts_17_24 of size 2 found num new op-mutexes 0
[t=1.94016s, 76252 KB] In ts_17_26 of size 2 found num new op-mutexes 0
[t=1.94313s, 76252 KB] In ts_17_27 of size 7 found num new op-mutexes 0
[t=1.9477s, 76252 KB] In ts_17_28 of size 6 found num new op-mutexes 0
[t=1.94984s, 76252 KB] In ts_17_29 of size 4 found num new op-mutexes 0
[t=1.95441s, 76252 KB] In ts_17_30 of size 6 found num new op-mutexes 0
[t=1.95656s, 76252 KB] In ts_17_31 of size 4 found num new op-mutexes 0
[t=1.96139s, 76252 KB] In ts_17_32 of size 14 found num new op-mutexes 0
[t=1.96622s, 76252 KB] In ts_17_33 of size 14 found num new op-mutexes 0
[t=1.96858s, 76252 KB] In ts_17_39 of size 5 found num new op-mutexes 0
[t=1.97123s, 76252 KB] In ts_17_40 of size 10 found num new op-mutexes 0
[t=1.97535s, 76252 KB] In ts_17_42 of size 26 found num new op-mutexes 0
[t=1.97761s, 76252 KB] Operator mutex finished iteration 17. Found an additional 0 operator mutexes

[t=1.97953s, 76252 KB] Next pair of indices: (16, 55)
[t=1.97956s, 76252 KB] M&S algorithm main loop timer: 1.92107s (after computation of next merge)
[t=2.05316s, 76252 KB] M&S algorithm main loop timer: 1.995s (after shrinking)
[t=2.05417s, 76252 KB] M&S algorithm main loop timer: 1.99569s (after merging)

[t=2.05421s, 76252 KB] Operator mutex starting iteration 18
[t=2.05546s, 76252 KB] In ts_18_17 of size 2 found num new op-mutexes 0
[t=2.05679s, 76252 KB] In ts_18_18 of size 2 found num new op-mutexes 0
[t=2.05989s, 76252 KB] In ts_18_19 of size 7 found num new op-mutexes 0
[t=2.06138s, 76252 KB] In ts_18_20 of size 2 found num new op-mutexes 0
[t=2.06473s, 76252 KB] In ts_18_21 of size 5 found num new op-mutexes 0
[t=2.06607s, 76252 KB] In ts_18_22 of size 2 found num new op-mutexes 0
[t=2.06741s, 76252 KB] In ts_18_24 of size 2 found num new op-mutexes 0
[t=2.06876s, 76252 KB] In ts_18_26 of size 2 found num new op-mutexes 0
[t=2.07179s, 76252 KB] In ts_18_27 of size 7 found num new op-mutexes 0
[t=2.07649s, 76252 KB] In ts_18_28 of size 6 found num new op-mutexes 0
[t=2.07877s, 76252 KB] In ts_18_29 of size 4 found num new op-mutexes 0
[t=2.08345s, 76252 KB] In ts_18_30 of size 6 found num new op-mutexes 0
[t=2.0857s, 76252 KB] In ts_18_31 of size 4 found num new op-mutexes 0
[t=2.09066s, 76252 KB] In ts_18_32 of size 14 found num new op-mutexes 0
[t=2.09573s, 76252 KB] In ts_18_33 of size 14 found num new op-mutexes 0
[t=2.09822s, 76252 KB] In ts_18_39 of size 5 found num new op-mutexes 0
[t=2.1009s, 76252 KB] In ts_18_40 of size 10 found num new op-mutexes 0
[t=2.1051s, 76252 KB] In ts_18_42 of size 26 found num new op-mutexes 0
[t=2.10901s, 76252 KB] In ts_18_56 of size 18 found num new op-mutexes 0
[t=2.10917s, 76252 KB] Operator mutex finished iteration 18. Found an additional 0 operator mutexes

[t=2.11048s, 76252 KB] Next pair of indices: (17, 56)
[t=2.11051s, 76252 KB] M&S algorithm main loop timer: 2.05202s (after computation of next merge)
[t=2.11128s, 76252 KB] M&S algorithm main loop timer: 2.0528s (after merging)

[t=2.11133s, 76252 KB] Operator mutex starting iteration 19
[t=2.11257s, 76252 KB] In ts_19_18 of size 2 found num new op-mutexes 0
[t=2.11564s, 76252 KB] In ts_19_19 of size 7 found num new op-mutexes 0
[t=2.11715s, 76252 KB] In ts_19_20 of size 2 found num new op-mutexes 0
[t=2.12063s, 76252 KB] In ts_19_21 of size 5 found num new op-mutexes 0
[t=2.12204s, 76252 KB] In ts_19_22 of size 2 found num new op-mutexes 0
[t=2.12338s, 76252 KB] In ts_19_24 of size 2 found num new op-mutexes 0
[t=2.12472s, 76252 KB] In ts_19_26 of size 2 found num new op-mutexes 0
[t=2.12773s, 76252 KB] In ts_19_27 of size 7 found num new op-mutexes 0
[t=2.13236s, 76252 KB] In ts_19_28 of size 6 found num new op-mutexes 0
[t=2.13455s, 76252 KB] In ts_19_29 of size 4 found num new op-mutexes 0
[t=2.13918s, 76252 KB] In ts_19_30 of size 6 found num new op-mutexes 0
[t=2.14131s, 76252 KB] In ts_19_31 of size 4 found num new op-mutexes 0
[t=2.14615s, 76252 KB] In ts_19_32 of size 14 found num new op-mutexes 0
[t=2.15101s, 76252 KB] In ts_19_33 of size 14 found num new op-mutexes 0
[t=2.15337s, 76252 KB] In ts_19_39 of size 5 found num new op-mutexes 0
[t=2.15597s, 76252 KB] In ts_19_40 of size 10 found num new op-mutexes 0
[t=2.1601s, 76252 KB] In ts_19_42 of size 26 found num new op-mutexes 0
[t=2.1648s, 76252 KB] In ts_19_57 of size 36 found num new op-mutexes 0
[t=2.16496s, 76252 KB] Operator mutex finished iteration 19. Found an additional 0 operator mutexes

[t=2.16612s, 76252 KB] Next pair of indices: (19, 57)
[t=2.16615s, 76252 KB] M&S algorithm main loop timer: 2.10766s (after computation of next merge)
[t=2.16623s, 76252 KB] M&S algorithm main loop timer: 2.10774s (after shrinking)
[t=2.16707s, 76252 KB] M&S algorithm main loop timer: 2.1086s (after merging)

[t=2.16713s, 76252 KB] Operator mutex starting iteration 20
[t=2.16838s, 76252 KB] In ts_20_18 of size 2 found num new op-mutexes 0
[t=2.16989s, 76252 KB] In ts_20_20 of size 2 found num new op-mutexes 0
[t=2.17325s, 76252 KB] In ts_20_21 of size 5 found num new op-mutexes 0
[t=2.17459s, 76252 KB] In ts_20_22 of size 2 found num new op-mutexes 0
[t=2.17591s, 76252 KB] In ts_20_24 of size 2 found num new op-mutexes 0
[t=2.17724s, 76252 KB] In ts_20_26 of size 2 found num new op-mutexes 0
[t=2.18022s, 76252 KB] In ts_20_27 of size 7 found num new op-mutexes 0
[t=2.18476s, 76252 KB] In ts_20_28 of size 6 found num new op-mutexes 0
[t=2.18689s, 76252 KB] In ts_20_29 of size 4 found num new op-mutexes 0
[t=2.19149s, 76252 KB] In ts_20_30 of size 6 found num new op-mutexes 0
[t=2.19363s, 76252 KB] In ts_20_31 of size 4 found num new op-mutexes 0
[t=2.19849s, 76252 KB] In ts_20_32 of size 14 found num new op-mutexes 0
[t=2.20336s, 76252 KB] In ts_20_33 of size 14 found num new op-mutexes 0
[t=2.20571s, 76252 KB] In ts_20_39 of size 5 found num new op-mutexes 0
[t=2.20833s, 76252 KB] In ts_20_40 of size 10 found num new op-mutexes 0
[t=2.21244s, 76252 KB] In ts_20_42 of size 26 found num new op-mutexes 0
[t=2.21997s, 76252 KB] In ts_20_58 of size 210 found num new op-mutexes 0
[t=2.22013s, 76252 KB] Operator mutex finished iteration 20. Found an additional 0 operator mutexes

[t=2.22124s, 76252 KB] Next pair of indices: (18, 58)
[t=2.22127s, 76252 KB] M&S algorithm main loop timer: 2.16278s (after computation of next merge)
[t=2.22242s, 76252 KB] M&S algorithm main loop timer: 2.16395s (after merging)
[t=2.22256s, 76252 KB] M&S algorithm main loop timer: 2.16407s (after pruning)

[t=2.22259s, 76252 KB] Operator mutex starting iteration 21
[t=2.22397s, 76252 KB] In ts_21_20 of size 2 found num new op-mutexes 0
[t=2.22731s, 76252 KB] In ts_21_21 of size 5 found num new op-mutexes 0
[t=2.22868s, 76252 KB] In ts_21_22 of size 2 found num new op-mutexes 0
[t=2.23003s, 76252 KB] In ts_21_24 of size 2 found num new op-mutexes 0
[t=2.23136s, 76252 KB] In ts_21_26 of size 2 found num new op-mutexes 0
[t=2.23433s, 76252 KB] In ts_21_27 of size 7 found num new op-mutexes 0
[t=2.23888s, 76252 KB] In ts_21_28 of size 6 found num new op-mutexes 0
[t=2.24102s, 76252 KB] In ts_21_29 of size 4 found num new op-mutexes 0
[t=2.24559s, 76252 KB] In ts_21_30 of size 6 found num new op-mutexes 0
[t=2.2477s, 76252 KB] In ts_21_31 of size 4 found num new op-mutexes 0
[t=2.25258s, 76252 KB] In ts_21_32 of size 14 found num new op-mutexes 0
[t=2.2575s, 76252 KB] In ts_21_33 of size 14 found num new op-mutexes 0
[t=2.25989s, 76252 KB] In ts_21_39 of size 5 found num new op-mutexes 0
[t=2.26252s, 76252 KB] In ts_21_40 of size 10 found num new op-mutexes 0
[t=2.26664s, 76252 KB] In ts_21_42 of size 26 found num new op-mutexes 0
[t=2.2755s, 76252 KB] In ts_21_59 of size 390 found num new op-mutexes 0
[t=2.27569s, 76252 KB] Operator mutex finished iteration 21. Found an additional 0 operator mutexes

[t=2.2768s, 76252 KB] Next pair of indices: (20, 59)
[t=2.27683s, 76252 KB] M&S algorithm main loop timer: 2.21834s (after computation of next merge)
[t=2.27749s, 76252 KB] M&S algorithm main loop timer: 2.21903s (after shrinking)
[t=2.27871s, 76252 KB] M&S algorithm main loop timer: 2.22025s (after merging)

[t=2.27881s, 76252 KB] Operator mutex starting iteration 22
[t=2.28209s, 76252 KB] In ts_22_21 of size 5 found num new op-mutexes 0
[t=2.28343s, 76252 KB] In ts_22_22 of size 2 found num new op-mutexes 0
[t=2.28478s, 76252 KB] In ts_22_24 of size 2 found num new op-mutexes 0
[t=2.2861s, 76252 KB] In ts_22_26 of size 2 found num new op-mutexes 0
[t=2.28909s, 76252 KB] In ts_22_27 of size 7 found num new op-mutexes 0
[t=2.29365s, 76252 KB] In ts_22_28 of size 6 found num new op-mutexes 0
[t=2.29577s, 76252 KB] In ts_22_29 of size 4 found num new op-mutexes 0
[t=2.30037s, 76252 KB] In ts_22_30 of size 6 found num new op-mutexes 0
[t=2.30249s, 76252 KB] In ts_22_31 of size 4 found num new op-mutexes 0
[t=2.30735s, 76252 KB] In ts_22_32 of size 14 found num new op-mutexes 0
[t=2.31225s, 76252 KB] In ts_22_33 of size 14 found num new op-mutexes 0
[t=2.31461s, 76252 KB] In ts_22_39 of size 5 found num new op-mutexes 0
[t=2.31725s, 76252 KB] In ts_22_40 of size 10 found num new op-mutexes 0
[t=2.32139s, 76252 KB] In ts_22_42 of size 26 found num new op-mutexes 0
[t=2.33194s, 76252 KB] In ts_22_60 of size 660 found num new op-mutexes 0
[t=2.33214s, 76252 KB] Operator mutex finished iteration 22. Found an additional 0 operator mutexes

[t=2.33314s, 76252 KB] Next pair of indices: (21, 60)
[t=2.33317s, 76252 KB] M&S algorithm main loop timer: 2.27468s (after computation of next merge)
[t=2.33723s, 76252 KB] M&S algorithm main loop timer: 2.27877s (after merging)
[t=2.33772s, 76252 KB] M&S algorithm main loop timer: 2.27925s (after pruning)

[t=2.33777s, 76252 KB] Operator mutex starting iteration 23
[t=2.33903s, 76252 KB] In ts_23_22 of size 2 found num new op-mutexes 0
[t=2.34039s, 76252 KB] In ts_23_24 of size 2 found num new op-mutexes 0
[t=2.34172s, 76252 KB] In ts_23_26 of size 2 found num new op-mutexes 0
[t=2.34473s, 76252 KB] In ts_23_27 of size 7 found num new op-mutexes 0
[t=2.3493s, 76252 KB] In ts_23_28 of size 6 found num new op-mutexes 0
[t=2.35144s, 76252 KB] In ts_23_29 of size 4 found num new op-mutexes 0
[t=2.35602s, 76252 KB] In ts_23_30 of size 6 found num new op-mutexes 0
[t=2.35818s, 76252 KB] In ts_23_31 of size 4 found num new op-mutexes 0
[t=2.36313s, 76252 KB] In ts_23_32 of size 14 found num new op-mutexes 0
[t=2.36817s, 76252 KB] In ts_23_33 of size 14 found num new op-mutexes 0
[t=2.37055s, 76252 KB] In ts_23_39 of size 5 found num new op-mutexes 0
[t=2.37319s, 76252 KB] In ts_23_40 of size 10 found num new op-mutexes 0
[t=2.37735s, 76252 KB] In ts_23_42 of size 26 found num new op-mutexes 0
[t=2.39355s, 76252 KB] In ts_23_61 of size 1386 found num new op-mutexes 996
[t=2.39378s, 76252 KB] Operator mutex finished iteration 23. Found an additional 996 operator mutexes

[t=2.39468s, 76252 KB] Next pair of indices: (27, 61)
[t=2.39471s, 76252 KB] M&S algorithm main loop timer: 2.33622s (after computation of next merge)
[t=2.3991s, 76252 KB] M&S algorithm main loop timer: 2.3407s (after shrinking)
[t=2.40938s, 76252 KB] M&S algorithm main loop timer: 2.35092s (after merging)

[t=2.40998s, 76252 KB] Operator mutex starting iteration 24
[t=2.41127s, 76252 KB] In ts_24_22 of size 2 found num new op-mutexes 0
[t=2.41267s, 76252 KB] In ts_24_24 of size 2 found num new op-mutexes 0
[t=2.41401s, 76252 KB] In ts_24_26 of size 2 found num new op-mutexes 0
[t=2.41863s, 76252 KB] In ts_24_28 of size 6 found num new op-mutexes 0
[t=2.42081s, 76252 KB] In ts_24_29 of size 4 found num new op-mutexes 0
[t=2.42541s, 76252 KB] In ts_24_30 of size 6 found num new op-mutexes 0
[t=2.42757s, 76252 KB] In ts_24_31 of size 4 found num new op-mutexes 0
[t=2.43243s, 76252 KB] In ts_24_32 of size 14 found num new op-mutexes 0
[t=2.43734s, 76252 KB] In ts_24_33 of size 14 found num new op-mutexes 0
[t=2.43973s, 76252 KB] In ts_24_39 of size 5 found num new op-mutexes 0
[t=2.44236s, 76252 KB] In ts_24_40 of size 10 found num new op-mutexes 0
[t=2.44652s, 76252 KB] In ts_24_42 of size 26 found num new op-mutexes 0
[t=2.44728s, 76252 KB] Operator mutex finished iteration 24. Found an additional 0 operator mutexes

[t=2.44814s, 76252 KB] Next pair of indices: (26, 62)
[t=2.44817s, 76252 KB] M&S algorithm main loop timer: 2.38968s (after computation of next merge)
[t=2.48621s, 76252 KB] M&S algorithm main loop timer: 2.42779s (after shrinking)
[t=2.50705s, 76252 KB] M&S algorithm main loop timer: 2.44862s (after merging)
[t=2.51305s, 76252 KB] M&S algorithm main loop timer: 2.45457s (after pruning)

[t=2.5131s, 76252 KB] Operator mutex starting iteration 25
[t=2.5144s, 76252 KB] In ts_25_22 of size 2 found num new op-mutexes 0
[t=2.51578s, 76252 KB] In ts_25_24 of size 2 found num new op-mutexes 0
[t=2.52042s, 76252 KB] In ts_25_28 of size 6 found num new op-mutexes 0
[t=2.52256s, 76252 KB] In ts_25_29 of size 4 found num new op-mutexes 0
[t=2.52722s, 76252 KB] In ts_25_30 of size 6 found num new op-mutexes 0
[t=2.52938s, 76252 KB] In ts_25_31 of size 4 found num new op-mutexes 0
[t=2.53428s, 76252 KB] In ts_25_32 of size 14 found num new op-mutexes 0
[t=2.53921s, 76252 KB] In ts_25_33 of size 14 found num new op-mutexes 0
[t=2.54159s, 76252 KB] In ts_25_39 of size 5 found num new op-mutexes 0
[t=2.54424s, 76252 KB] In ts_25_40 of size 10 found num new op-mutexes 0
[t=2.54842s, 76252 KB] In ts_25_42 of size 26 found num new op-mutexes 0
[t=2.5494s, 76252 KB] Operator mutex finished iteration 25. Found an additional 0 operator mutexes

[t=2.55028s, 76252 KB] Next pair of indices: (28, 63)
[t=2.55031s, 76252 KB] M&S algorithm main loop timer: 2.49182s (after computation of next merge)
[t=2.59813s, 76252 KB] M&S algorithm main loop timer: 2.53993s (after shrinking)
[t=2.65662s, 76252 KB] M&S algorithm main loop timer: 2.59819s (after merging)
[t=2.66909s, 76252 KB] M&S algorithm main loop timer: 2.61063s (after pruning)

[t=2.66915s, 76252 KB] Operator mutex starting iteration 26
[t=2.67046s, 76252 KB] In ts_26_22 of size 2 found num new op-mutexes 0
[t=2.67183s, 76252 KB] In ts_26_24 of size 2 found num new op-mutexes 0
[t=2.67395s, 76252 KB] In ts_26_29 of size 4 found num new op-mutexes 0
[t=2.67864s, 76252 KB] In ts_26_30 of size 6 found num new op-mutexes 0
[t=2.6808s, 76252 KB] In ts_26_31 of size 4 found num new op-mutexes 0
[t=2.68569s, 76252 KB] In ts_26_32 of size 14 found num new op-mutexes 0
[t=2.69058s, 76252 KB] In ts_26_33 of size 14 found num new op-mutexes 0
[t=2.69296s, 76252 KB] In ts_26_39 of size 5 found num new op-mutexes 0
[t=2.69565s, 76252 KB] In ts_26_40 of size 10 found num new op-mutexes 0
[t=2.69981s, 76252 KB] In ts_26_42 of size 26 found num new op-mutexes 0
[t=2.70116s, 76252 KB] Operator mutex finished iteration 26. Found an additional 0 operator mutexes

[t=2.70228s, 76252 KB] Next pair of indices: (29, 64)
[t=2.70231s, 76252 KB] M&S algorithm main loop timer: 2.64382s (after computation of next merge)
[t=2.76315s, 76252 KB] M&S algorithm main loop timer: 2.70472s (after shrinking)
[t=2.82688s, 76252 KB] M&S algorithm main loop timer: 2.76846s (after merging)

[t=2.82932s, 76252 KB] Operator mutex starting iteration 27
[t=2.8306s, 76252 KB] In ts_27_22 of size 2 found num new op-mutexes 0
[t=2.83196s, 76252 KB] In ts_27_24 of size 2 found num new op-mutexes 0
[t=2.83664s, 76252 KB] In ts_27_30 of size 6 found num new op-mutexes 0
[t=2.83881s, 76252 KB] In ts_27_31 of size 4 found num new op-mutexes 0
[t=2.84366s, 76252 KB] In ts_27_32 of size 14 found num new op-mutexes 0
[t=2.84859s, 76252 KB] In ts_27_33 of size 14 found num new op-mutexes 0
[t=2.85098s, 76252 KB] In ts_27_39 of size 5 found num new op-mutexes 0
[t=2.85361s, 76252 KB] In ts_27_40 of size 10 found num new op-mutexes 0
[t=2.85781s, 76252 KB] In ts_27_42 of size 26 found num new op-mutexes 0
[t=2.8604s, 76252 KB] Operator mutex finished iteration 27. Found an additional 0 operator mutexes

[t=2.86199s, 76252 KB] Next pair of indices: (24, 65)
[t=2.86202s, 76252 KB] M&S algorithm main loop timer: 2.80353s (after computation of next merge)
[t=3.0387s, 76252 KB] M&S algorithm main loop timer: 2.98028s (after shrinking)
[t=3.12661s, 76252 KB] M&S algorithm main loop timer: 3.06819s (after merging)

[t=3.12918s, 76252 KB] Operator mutex starting iteration 28
[t=3.13049s, 76252 KB] In ts_28_22 of size 2 found num new op-mutexes 0
[t=3.13517s, 76252 KB] In ts_28_30 of size 6 found num new op-mutexes 0
[t=3.13735s, 76252 KB] In ts_28_31 of size 4 found num new op-mutexes 0
[t=3.14222s, 76252 KB] In ts_28_32 of size 14 found num new op-mutexes 0
[t=3.14711s, 76252 KB] In ts_28_33 of size 14 found num new op-mutexes 0
[t=3.14949s, 76252 KB] In ts_28_39 of size 5 found num new op-mutexes 0
[t=3.15214s, 76252 KB] In ts_28_40 of size 10 found num new op-mutexes 0
[t=3.15631s, 76252 KB] In ts_28_42 of size 26 found num new op-mutexes 0
[t=3.15914s, 76252 KB] Operator mutex finished iteration 28. Found an additional 0 operator mutexes

[t=3.16095s, 76252 KB] Next pair of indices: (30, 66)
[t=3.16098s, 76252 KB] M&S algorithm main loop timer: 3.10249s (after computation of next merge)
[t=3.27163s, 76252 KB] M&S algorithm main loop timer: 3.21353s (after shrinking)
[t=3.2728s, 76252 KB] M&S algorithm main loop timer: 3.21433s (after merging)
[t=3.27286s, 76252 KB] M&S algorithm main loop timer: 3.21438s (after pruning)

[t=3.2729s, 76252 KB] Operator mutex starting iteration 29
[t=3.27417s, 76252 KB] In ts_29_22 of size 2 found num new op-mutexes 0
[t=3.27629s, 76252 KB] In ts_29_31 of size 4 found num new op-mutexes 0
[t=3.28114s, 76252 KB] In ts_29_32 of size 14 found num new op-mutexes 0
[t=3.28602s, 76252 KB] In ts_29_33 of size 14 found num new op-mutexes 0
[t=3.28841s, 76252 KB] In ts_29_39 of size 5 found num new op-mutexes 0
[t=3.29103s, 76252 KB] In ts_29_40 of size 10 found num new op-mutexes 0
[t=3.29521s, 76252 KB] In ts_29_42 of size 26 found num new op-mutexes 0
[t=3.30072s, 76252 KB] In ts_29_67 of size 17 found num new op-mutexes 0
[t=3.30089s, 76252 KB] Operator mutex finished iteration 29. Found an additional 0 operator mutexes

[t=3.30141s, 76252 KB] Next pair of indices: (31, 67)
[t=3.30144s, 76252 KB] M&S algorithm main loop timer: 3.24294s (after computation of next merge)
[t=3.30151s, 76252 KB] M&S algorithm main loop timer: 3.24302s (after shrinking)
[t=3.30226s, 76252 KB] M&S algorithm main loop timer: 3.24378s (after merging)
[t=3.30231s, 76252 KB] M&S algorithm main loop timer: 3.24382s (after pruning)

[t=3.30234s, 76252 KB] Operator mutex starting iteration 30
[t=3.3036s, 76252 KB] In ts_30_22 of size 2 found num new op-mutexes 0
[t=3.30849s, 76252 KB] In ts_30_32 of size 14 found num new op-mutexes 0
[t=3.31335s, 76252 KB] In ts_30_33 of size 14 found num new op-mutexes 0
[t=3.31572s, 76252 KB] In ts_30_39 of size 5 found num new op-mutexes 0
[t=3.31835s, 76252 KB] In ts_30_40 of size 10 found num new op-mutexes 0
[t=3.32249s, 76252 KB] In ts_30_42 of size 26 found num new op-mutexes 0
[t=3.32885s, 76252 KB] In ts_30_68 of size 29 found num new op-mutexes 888
[t=3.32902s, 76252 KB] Operator mutex finished iteration 30. Found an additional 888 operator mutexes

[t=3.32944s, 76252 KB] Next pair of indices: (32, 68)
[t=3.32947s, 76252 KB] M&S algorithm main loop timer: 3.27098s (after computation of next merge)
[t=3.33095s, 76252 KB] M&S algorithm main loop timer: 3.27248s (after merging)

[t=3.33103s, 76252 KB] Operator mutex starting iteration 31
[t=3.33229s, 76252 KB] In ts_31_22 of size 2 found num new op-mutexes 0
[t=3.33716s, 76252 KB] In ts_31_33 of size 14 found num new op-mutexes 0
[t=3.33952s, 76252 KB] In ts_31_39 of size 5 found num new op-mutexes 0
[t=3.34215s, 76252 KB] In ts_31_40 of size 10 found num new op-mutexes 0
[t=3.34632s, 76252 KB] In ts_31_42 of size 26 found num new op-mutexes 0
[t=3.39568s, 76252 KB] In ts_31_69 of size 406 found num new op-mutexes 0
[t=3.39594s, 76252 KB] Operator mutex finished iteration 31. Found an additional 0 operator mutexes

[t=3.39639s, 76252 KB] Next pair of indices: (22, 69)
[t=3.39642s, 76252 KB] M&S algorithm main loop timer: 3.33793s (after computation of next merge)
[t=3.39879s, 76252 KB] M&S algorithm main loop timer: 3.34034s (after merging)

[t=3.39891s, 76252 KB] Operator mutex starting iteration 32
[t=3.40369s, 76252 KB] In ts_32_33 of size 14 found num new op-mutexes 0
[t=3.40607s, 76252 KB] In ts_32_39 of size 5 found num new op-mutexes 0
[t=3.4087s, 76252 KB] In ts_32_40 of size 10 found num new op-mutexes 0
[t=3.41286s, 76252 KB] In ts_32_42 of size 26 found num new op-mutexes 0
[t=3.46885s, 76252 KB] In ts_32_70 of size 812 found num new op-mutexes 0
[t=3.46914s, 76252 KB] Operator mutex finished iteration 32. Found an additional 0 operator mutexes

[t=3.46948s, 76252 KB] Next pair of indices: (33, 70)
[t=3.46951s, 76252 KB] M&S algorithm main loop timer: 3.41102s (after computation of next merge)
[t=3.48919s, 76252 KB] M&S algorithm main loop timer: 3.43076s (after merging)

[t=3.48995s, 76252 KB] Operator mutex starting iteration 33
[t=3.49227s, 76252 KB] In ts_33_39 of size 5 found num new op-mutexes 0
[t=3.49495s, 76252 KB] In ts_33_40 of size 10 found num new op-mutexes 0
[t=3.49915s, 76252 KB] In ts_33_42 of size 26 found num new op-mutexes 0
[t=3.50032s, 76252 KB] Operator mutex finished iteration 33. Found an additional 0 operator mutexes

[t=3.50077s, 76252 KB] Next pair of indices: (42, 71)
[t=3.5008s, 76252 KB] M&S algorithm main loop timer: 3.44231s (after computation of next merge)
[t=3.52554s, 76252 KB] M&S algorithm main loop timer: 3.46727s (after shrinking)
[t=3.56431s, 76252 KB] M&S algorithm main loop timer: 3.5059s (after merging)
[t=3.58023s, 76252 KB] M&S algorithm main loop timer: 3.52181s (after pruning)

[t=3.58034s, 76252 KB] Operator mutex starting iteration 34
[t=3.58273s, 76252 KB] In ts_34_39 of size 5 found num new op-mutexes 0
[t=3.58547s, 76252 KB] In ts_34_40 of size 10 found num new op-mutexes 0
[t=3.58716s, 76252 KB] Operator mutex finished iteration 34. Found an additional 0 operator mutexes

[t=3.58785s, 76252 KB] Next pair of indices: (40, 72)
[t=3.58789s, 76252 KB] M&S algorithm main loop timer: 3.52939s (after computation of next merge)
[t=3.63727s, 76252 KB] M&S algorithm main loop timer: 3.57903s (after shrinking)
[t=3.69138s, 76252 KB] M&S algorithm main loop timer: 3.63297s (after merging)

[t=3.69311s, 76252 KB] Operator mutex starting iteration 35
[t=3.69552s, 76252 KB] In ts_35_39 of size 5 found num new op-mutexes 0
[t=3.69759s, 76252 KB] Operator mutex finished iteration 35. Found an additional 0 operator mutexes

[t=3.69768s, 76252 KB] Next pair of indices: (39, 73)
[t=3.6977s, 76252 KB] M&S algorithm main loop timer: 3.63921s (after computation of next merge)
[t=3.78266s, 76252 KB] M&S algorithm main loop timer: 3.72457s (after shrinking)
[t=3.85467s, 76252 KB] M&S algorithm main loop timer: 3.79628s (after merging)

[t=3.85686s, 76252 KB] Operator mutex starting iteration 36
[t=3.85915s, 76252 KB] Operator mutex finished iteration 36. Found an additional 0 operator mutexes

[t=3.85925s, 76252 KB] End of merge-and-shrink algorithm, statistics:
[t=3.85927s, 76252 KB] Main loop runtime: 3.80078s
[t=3.8593s, 76252 KB] Maximum intermediate abstraction size: 44908
[t=3.85932s, 76252 KB] Final peak memory increase of merge-and-shrink algorithm: 51112 KB
[t=3.85937s, 76252 KB] Merge-and-shrink algorithm runtime: 3.82748s

[t=3.85939s, 76252 KB] Number of labels: 7318
[t=3.85941s, 76252 KB] Total number of operator mutexes: 20614
[t=3.85943s, 76252 KB] Operator Mutex total time: 2.04418s
[t=3.85969s, 76252 KB] Number of remaining factors: 1
[t=3.85976s, 76252 KB] Number of factors kept: 1
[t=3.85978s, 76252 KB] Done initializing merge-and-shrink heuristic.

[t=3.861s, 76252 KB] Building successor generator...done!
[t=3.86379s, 76252 KB] peak memory difference for successor generator creation: 0 KB
[t=3.86381s, 76252 KB] time for successor generation creation: 0.00268945s
[t=3.86387s, 76252 KB] Variables: 38
[t=3.86389s, 76252 KB] FactPairs: 162
[t=3.86391s, 76252 KB] Bytes per state: 12
[t=3.86404s, 76252 KB] Conducting best first search with reopening closed nodes, (real) bound = 2147483647
[t=3.86411s, 76252 KB] New best heuristic value for merge_and_shrink(op_mutex = op_mutex(use_previous_ops = nelutpo, reachability_strategy = goal)): 5
[t=3.86413s, 76252 KB] g=0, 1 evaluated, 0 expanded
[t=3.86415s, 76252 KB] f = 5, 1 evaluated, 0 expanded
[t=3.86418s, 76252 KB] Initial heuristic value for merge_and_shrink(op_mutex = op_mutex(use_previous_ops = nelutpo, reachability_strategy = goal)): 5
[t=3.8642s, 76252 KB] pruning method: none
[t=3.86427s, 76252 KB] f = 6, 16 evaluated, 1 expanded
[t=3.86461s, 76252 KB] New best heuristic value for merge_and_shrink(op_mutex = op_mutex(use_previous_ops = nelutpo, reachability_strategy = goal)): 4
[t=3.86464s, 76252 KB] g=2, 149 evaluated, 14 expanded
[t=3.86479s, 76252 KB] f = 7, 209 evaluated, 19 expanded
[t=3.86789s, 76252 KB] f = 8, 1598 evaluated, 178 expanded
[t=3.8866s, 76252 KB] f = 9, 9459 evaluated, 1275 expanded
[t=3.97363s, 76252 KB] f = 10, 43172 evaluated, 7101 expanded
[t=4.3111s, 76252 KB] f = 11, 158973 evaluated, 31711 expanded
[t=5.44784s, 76252 KB] f = 12, 489048 evaluated, 117617 expanded
[t=5.45948s, 76252 KB] New best heuristic value for merge_and_shrink(op_mutex = op_mutex(use_previous_ops = nelutpo, reachability_strategy = goal)): 3
[t=5.45953s, 76252 KB] g=9, 493592 evaluated, 118303 expanded
[t=8.71547s, 88852 KB] f = 13, 1311039 evaluated, 373121 expanded
[t=16.996s, 168236 KB] f = 14, 3142207 evaluated, 1038456 expanded
[t=17.0122s, 168504 KB] New best heuristic value for merge_and_shrink(op_mutex = op_mutex(use_previous_ops = nelutpo, reachability_strategy = goal)): 2
[t=17.0123s, 168504 KB] g=12, 3148116 evaluated, 1039566 expanded
[t=36.2433s, 455724 KB] f = 15, 6792270 evaluated, 2579958 expanded
[t=73.1971s, 600784 KB] f = 16, 12975846 evaluated, 5720071 expanded
[t=73.4515s, 602924 KB] New best heuristic value for merge_and_shrink(op_mutex = op_mutex(use_previous_ops = nelutpo, reachability_strategy = goal)): 1
[t=73.4516s, 602924 KB] g=15, 13039942 evaluated, 5744098 expanded
[t=134.863s, 1010992 KB] f = 17, 21344792 evaluated, 11101955 expanded
[t=219.56s, 1696728 KB] f = 18, 29922728 evaluated, 18652715 expanded
[t=219.56s, 1696728 KB] New best heuristic value for merge_and_shrink(op_mutex = op_mutex(use_previous_ops = nelutpo, reachability_strategy = goal)): 0
[t=219.56s, 1696728 KB] g=18, 29922740 evaluated, 18652736 expanded
[t=219.56s, 1696728 KB] Solution found!
[t=219.56s, 1696728 KB] Actual search time: 215.696s
sendtohome ha ca h n1 h0 n0 (1)
sendtohome-b ca c n1 c0 n0 n0 n1 (1)
sendtohome-b h2 h n2 ha n1 n1 n2 (1)
sendtohome h3 s2 h n3 h2 n2 (1)
sendtofree s4 c2 n4 n3 (1)
sendtohome c2 sa c n2 ca n1 (1)
sendtohome sa d2 s n1 s0 n0 (1)
sendtohome-b s2 s n2 sa n1 n2 n3 (1)
sendtohome s3 da s n3 s2 n2 (1)
sendtohome da d4 d n1 d0 n0 (1)
sendtofree c4 c3 n3 n2 (1)
homefromfreecell s4 s n4 s3 n3 n2 n3 (1)
sendtohome-b h4 h n4 h3 n3 n3 n4 (1)
sendtohome-b d2 d n2 da n1 n4 n5 (1)
sendtohome-b d3 d n3 d2 n2 n5 n6 (1)
sendtohome-b d4 d n4 d3 n3 n6 n7 (1)
sendtohome-b c3 c n3 c2 n2 n7 n8 (1)
homefromfreecell c4 c n4 c3 n3 n3 n4 (1)
[t=219.56s, 1696728 KB] Plan length: 18 step(s).
[t=219.56s, 1696728 KB] Plan cost: 18
[t=219.56s, 1696728 KB] Expanded 18652737 state(s).
[t=219.56s, 1696728 KB] Reopened 0 state(s).
[t=219.56s, 1696728 KB] Evaluated 29922740 state(s).
[t=219.56s, 1696728 KB] Evaluations: 29922740
[t=219.56s, 1696728 KB] Generated 332833136 state(s).
[t=219.56s, 1696728 KB] Dead ends: 0 state(s).
[t=219.56s, 1696728 KB] Expanded until last jump: 18652715 state(s).
[t=219.56s, 1696728 KB] Reopened until last jump: 0 state(s).
[t=219.56s, 1696728 KB] Evaluated until last jump: 29922728 state(s).
[t=219.56s, 1696728 KB] Generated until last jump: 332833046 state(s).
[t=219.56s, 1696728 KB] Number of registered states: 29922740
[t=219.56s, 1696728 KB] Int hash set load factor: 29922740/67108864 = 0.445884
[t=219.56s, 1696728 KB] Int hash set resizes: 26
[t=219.56s, 1696728 KB] Search time: 215.696s
[t=219.56s, 1696728 KB] Total time: 219.56s
Solution found.
Peak memory: 1696728 KB
Remove intermediate file output.sas
search exit code: 0

INFO     Running validate.
INFO     validate stdin: None
INFO     validate time limit: None
INFO     validate memory limit: None
INFO     validate command line string: validate domain.pddl problem.pddl sas_plan
Checking plan: sas_plan
Plan executed successfully - checking goal
Plan valid
Final value: 18 

Successful plans:
Value: 18
 sas_plan 18 

validate exit code: 0

