INFO     Running translator.
INFO     translator stdin: None
INFO     translator time limit: 599.97s
INFO     translator memory limit: 7000 MB
INFO     translator command line string: /usr/bin/python3 /user/student.aau.dk/lkar18/downward-projects/downward/experiments/nopo_vs_nasutpo_195p/data/nopo_vs_nasutpo/code-94571df14dfaf5b06207d9589b12facdd93f580c_e5e41175/builds/release/bin/translate/translate.py domain.pddl problem.pddl --sas-file output.sas
Parsing...
Parsing: [0.000s CPU, 0.003s wall-clock]
Normalizing task... [0.000s CPU, 0.000s wall-clock]
Instantiating...
Generating Datalog program... [0.000s CPU, 0.000s wall-clock]
Normalizing Datalog program...
Normalizing Datalog program: [0.010s CPU, 0.005s wall-clock]
Preparing model... [0.000s CPU, 0.002s wall-clock]
Generated 91 rules.
Computing model... [0.010s CPU, 0.009s wall-clock]
252 relevant atoms
616 auxiliary atoms
868 final queue length
1218 total queue pushes
Completing instantiation... [0.010s CPU, 0.007s wall-clock]
Instantiating: [0.030s CPU, 0.024s wall-clock]
Computing fact groups...
Finding invariants...
18 initial candidates
Finding invariants: [0.010s CPU, 0.012s wall-clock]
Checking invariant weight... [0.000s CPU, 0.000s wall-clock]
Instantiating groups... [0.000s CPU, 0.000s wall-clock]
Collecting mutex groups... [0.000s CPU, 0.000s wall-clock]
Choosing groups...
42 uncovered facts
Choosing groups: [0.000s CPU, 0.000s wall-clock]
Building translation key... [0.000s CPU, 0.000s wall-clock]
Computing fact groups: [0.010s CPU, 0.013s wall-clock]
Building STRIPS to SAS dictionary... [0.000s CPU, 0.000s wall-clock]
Building dictionary for full mutex groups... [0.000s CPU, 0.000s wall-clock]
Building mutex information...
Building mutex information: [0.000s CPU, 0.000s wall-clock]
Translating task...
Processing axioms...
Simplifying axioms... [0.000s CPU, 0.000s wall-clock]
Translator axioms removed by simplifying: 0
Computing negative axioms... [0.000s CPU, 0.000s wall-clock]
Processing axioms: [0.000s CPU, 0.000s wall-clock]
Translating task: [0.010s CPU, 0.008s wall-clock]
336 effect conditions simplified
0 implied preconditions added
Detecting unreachable propositions...
0 operators removed
0 axioms removed
8 propositions removed
Detecting unreachable propositions: [0.000s CPU, 0.004s wall-clock]
Reordering and filtering variables...
42 of 42 variables necessary.
0 of 0 mutex groups necessary.
128 of 128 operators necessary.
0 of 0 axiom rules necessary.
Reordering and filtering variables: [0.010s CPU, 0.004s wall-clock]
Translator variables: 42
Translator derived variables: 0
Translator facts: 84
Translator goal facts: 4
Translator mutex groups: 0
Translator total mutex groups size: 0
Translator operators: 128
Translator axioms: 0
Translator task size: 1210
Translator peak memory: 42912 KB
Writing output... [0.000s CPU, 0.003s wall-clock]
Done! [0.060s CPU, 0.060s wall-clock]
translate exit code: 0

INFO     Running search (release).
INFO     search stdin: output.sas
INFO     search time limit: 599.85s
INFO     search memory limit: 7000 MB
INFO     search command line string: /user/student.aau.dk/lkar18/downward-projects/downward/experiments/nopo_vs_nasutpo_195p/data/nopo_vs_nasutpo/code-94571df14dfaf5b06207d9589b12facdd93f580c_e5e41175/builds/release/bin/downward --search 'astar(merge_and_shrink(op_mutex=op_mutex(use_previous_ops=NaSUTPO, reachability_strategy=goal)))' --internal-plan-file sas_plan < output.sas
[t=4.112e-05s, 22344 KB] reading input...
[t=0.000926803s, 22344 KB] done reading input!
[t=0.00234922s, 22600 KB] Initializing merge-and-shrink heuristic...
[t=0.00243017s, 22600 KB] Running merge-and-shrink algorithm...
[t=0.00245017s, 22600 KB] Merge strategy options:
[t=0.00246998s, 22600 KB] Type: stateless
[t=0.00248891s, 22600 KB] Merge selector options:
[t=0.00250731s, 22600 KB] Name: score based filtering
[t=0.00253182s, 22600 KB] Merge scoring function:
[t=0.00255998s, 22600 KB] Name: goal relevance
[t=0.00257833s, 22600 KB] Merge scoring function:
[t=0.00259658s, 22600 KB] Name: dfp
[t=0.00261427s, 22600 KB] Merge scoring function:
[t=0.00263175s, 22600 KB] Name: total order
[t=0.00265057s, 22600 KB] Atomic transition system order: reverse level
[t=0.00266908s, 22600 KB] Product transition system order: new to old
[t=0.0026873s, 22600 KB] Consider atomic before product transition systems
[t=0.0027053s, 22600 KB] Random seed: -1

[t=0.00272539s, 22600 KB] Options related to size limits and shrinking: 
[t=0.00274437s, 22600 KB] Transition system size limit: 50000
[t=0.00276257s, 22600 KB] Transition system size limit right before merge: 50000
[t=0.00278064s, 22600 KB] Threshold to trigger shrinking right before merge: 1

[t=0.00280148s, 22600 KB] Pruning unreachable states: yes
[t=0.00282053s, 22600 KB] Pruning irrelevant states: yes

[t=0.00284163s, 22600 KB] Label reduction disabled

[t=0.00286236s, 22600 KB] Main loop max time in seconds: inf

[t=0.00288499s, 22600 KB] ===============================================================================
[t=0.00290394s, 22600 KB] WARNING! You did not enable label reduction.
This may drastically reduce the performance of merge-and-shrink!
[t=0.0029228s, 22600 KB] ===============================================================================

[t=0.00294448s, 22600 KB] Building atomic transition systems... 
[t=0.00375465s, 23664 KB] M&S algorithm timer: 0.00135716s (after computation of atomic factors)

[t=0.00380138s, 23664 KB] Starting main loop without a time limit.
[t=0.00405463s, 23664 KB] Next pair of indices: (0, 41)
[t=0.00408226s, 23664 KB] M&S algorithm main loop timer: 0.000300281s (after computation of next merge)
[t=0.00413375s, 23664 KB] M&S algorithm main loop timer: 0.000356951s (after merging)

[t=0.00416514s, 23664 KB] Operator mutex starting iteration 0


[t=0.00423585s, 23664 KB] In ts_0_1 of size 2 found num new op-mutexes 0


[t=0.00430508s, 23664 KB] In ts_0_2 of size 2 found num new op-mutexes 0


[t=0.00436863s, 23664 KB] In ts_0_3 of size 2 found num new op-mutexes 0


[t=0.00443661s, 23664 KB] In ts_0_4 of size 2 found num new op-mutexes 0


[t=0.00449684s, 23664 KB] In ts_0_5 of size 2 found num new op-mutexes 0


[t=0.00455573s, 23664 KB] In ts_0_6 of size 2 found num new op-mutexes 0


[t=0.00462567s, 23664 KB] In ts_0_7 of size 2 found num new op-mutexes 0


[t=0.00469512s, 23664 KB] In ts_0_8 of size 2 found num new op-mutexes 0


[t=0.00475781s, 23664 KB] In ts_0_9 of size 2 found num new op-mutexes 0


[t=0.00482665s, 23664 KB] In ts_0_10 of size 2 found num new op-mutexes 0


[t=0.00490343s, 23664 KB] In ts_0_11 of size 2 found num new op-mutexes 0


[t=0.00496438s, 23664 KB] In ts_0_12 of size 2 found num new op-mutexes 0


[t=0.00502442s, 23664 KB] In ts_0_13 of size 2 found num new op-mutexes 0


[t=0.00509212s, 23664 KB] In ts_0_14 of size 2 found num new op-mutexes 0


[t=0.0051604s, 23664 KB] In ts_0_15 of size 2 found num new op-mutexes 0


[t=0.00522225s, 23664 KB] In ts_0_16 of size 2 found num new op-mutexes 0


[t=0.00529025s, 23664 KB] In ts_0_17 of size 2 found num new op-mutexes 0


[t=0.00535721s, 23664 KB] In ts_0_18 of size 2 found num new op-mutexes 0


[t=0.00541777s, 23664 KB] In ts_0_19 of size 2 found num new op-mutexes 0


[t=0.00548563s, 23664 KB] In ts_0_20 of size 2 found num new op-mutexes 0


[t=0.00555312s, 23664 KB] In ts_0_21 of size 2 found num new op-mutexes 0


[t=0.00563444s, 23664 KB] In ts_0_22 of size 2 found num new op-mutexes 0


[t=0.00570422s, 23664 KB] In ts_0_23 of size 2 found num new op-mutexes 0


[t=0.00577449s, 23664 KB] In ts_0_24 of size 2 found num new op-mutexes 0


[t=0.00584189s, 23664 KB] In ts_0_25 of size 2 found num new op-mutexes 0


[t=0.0059085s, 23664 KB] In ts_0_26 of size 2 found num new op-mutexes 0


[t=0.00597466s, 23664 KB] In ts_0_27 of size 2 found num new op-mutexes 0


[t=0.00604048s, 23664 KB] In ts_0_28 of size 2 found num new op-mutexes 0


[t=0.00610027s, 23664 KB] In ts_0_29 of size 2 found num new op-mutexes 0


[t=0.00616641s, 23664 KB] In ts_0_30 of size 2 found num new op-mutexes 0


[t=0.00623276s, 23664 KB] In ts_0_31 of size 2 found num new op-mutexes 0


[t=0.00630343s, 23664 KB] In ts_0_32 of size 2 found num new op-mutexes 0


[t=0.00637795s, 23664 KB] In ts_0_33 of size 2 found num new op-mutexes 0


[t=0.00645006s, 23664 KB] In ts_0_34 of size 2 found num new op-mutexes 0


[t=0.00651728s, 23664 KB] In ts_0_35 of size 2 found num new op-mutexes 0


[t=0.00658384s, 23664 KB] In ts_0_36 of size 2 found num new op-mutexes 0


[t=0.00666004s, 23664 KB] In ts_0_37 of size 2 found num new op-mutexes 0


[t=0.00672104s, 23664 KB] In ts_0_38 of size 2 found num new op-mutexes 0


[t=0.00678109s, 23664 KB] In ts_0_39 of size 2 found num new op-mutexes 0


[t=0.0068407s, 23664 KB] In ts_0_40 of size 2 found num new op-mutexes 0


[t=0.00692426s, 23664 KB] In ts_0_42 of size 4 found num new op-mutexes 0
[t=0.006951s, 23664 KB] Operator mutex finished iteration 0. Found an additional 0 operator mutexes

[t=0.00718452s, 23664 KB] Next pair of indices: (1, 42)
[t=0.00720845s, 23664 KB] M&S algorithm main loop timer: 0.00342518s (after computation of next merge)
[t=0.00726296s, 23664 KB] M&S algorithm main loop timer: 0.00348623s (after merging)

[t=0.00729504s, 23664 KB] Operator mutex starting iteration 1


[t=0.00735786s, 23664 KB] In ts_1_2 of size 2 found num new op-mutexes 0


[t=0.00742176s, 23664 KB] In ts_1_3 of size 2 found num new op-mutexes 0


[t=0.00748321s, 23664 KB] In ts_1_4 of size 2 found num new op-mutexes 0


[t=0.00754367s, 23664 KB] In ts_1_5 of size 2 found num new op-mutexes 0


[t=0.00760292s, 23664 KB] In ts_1_6 of size 2 found num new op-mutexes 0


[t=0.00767222s, 23664 KB] In ts_1_7 of size 2 found num new op-mutexes 0


[t=0.00774083s, 23664 KB] In ts_1_8 of size 2 found num new op-mutexes 0


[t=0.00780198s, 23664 KB] In ts_1_9 of size 2 found num new op-mutexes 0


[t=0.00786956s, 23664 KB] In ts_1_10 of size 2 found num new op-mutexes 0


[t=0.00794622s, 23664 KB] In ts_1_11 of size 2 found num new op-mutexes 0


[t=0.0080066s, 23664 KB] In ts_1_12 of size 2 found num new op-mutexes 0


[t=0.00806585s, 23664 KB] In ts_1_13 of size 2 found num new op-mutexes 0


[t=0.00813318s, 23664 KB] In ts_1_14 of size 2 found num new op-mutexes 0


[t=0.00820112s, 23664 KB] In ts_1_15 of size 2 found num new op-mutexes 0


[t=0.00826183s, 23664 KB] In ts_1_16 of size 2 found num new op-mutexes 0


[t=0.0083295s, 23664 KB] In ts_1_17 of size 2 found num new op-mutexes 0


[t=0.0083968s, 23664 KB] In ts_1_18 of size 2 found num new op-mutexes 0


[t=0.00845684s, 23664 KB] In ts_1_19 of size 2 found num new op-mutexes 0


[t=0.00852402s, 23664 KB] In ts_1_20 of size 2 found num new op-mutexes 0


[t=0.0085943s, 23664 KB] In ts_1_21 of size 2 found num new op-mutexes 0


[t=0.00870605s, 23664 KB] In ts_1_22 of size 2 found num new op-mutexes 0


[t=0.00877776s, 23664 KB] In ts_1_23 of size 2 found num new op-mutexes 0


[t=0.00883907s, 23664 KB] In ts_1_24 of size 2 found num new op-mutexes 0


[t=0.00891443s, 23664 KB] In ts_1_25 of size 2 found num new op-mutexes 0


[t=0.00898123s, 23664 KB] In ts_1_26 of size 2 found num new op-mutexes 0


[t=0.00904785s, 23664 KB] In ts_1_27 of size 2 found num new op-mutexes 0


[t=0.0091136s, 23664 KB] In ts_1_28 of size 2 found num new op-mutexes 0


[t=0.00917326s, 23664 KB] In ts_1_29 of size 2 found num new op-mutexes 0


[t=0.00923966s, 23664 KB] In ts_1_30 of size 2 found num new op-mutexes 0


[t=0.00930593s, 23664 KB] In ts_1_31 of size 2 found num new op-mutexes 0


[t=0.00938127s, 23664 KB] In ts_1_32 of size 2 found num new op-mutexes 0


[t=0.00944798s, 23664 KB] In ts_1_33 of size 2 found num new op-mutexes 0


[t=0.00951458s, 23664 KB] In ts_1_34 of size 2 found num new op-mutexes 0


[t=0.00958059s, 23664 KB] In ts_1_35 of size 2 found num new op-mutexes 0


[t=0.00965051s, 23664 KB] In ts_1_36 of size 2 found num new op-mutexes 0


[t=0.00971628s, 23664 KB] In ts_1_37 of size 2 found num new op-mutexes 0


[t=0.00977637s, 23664 KB] In ts_1_38 of size 2 found num new op-mutexes 0


[t=0.00983598s, 23664 KB] In ts_1_39 of size 2 found num new op-mutexes 0


[t=0.00989552s, 23664 KB] In ts_1_40 of size 2 found num new op-mutexes 0


[t=0.0100019s, 23664 KB] In ts_1_43 of size 8 found num new op-mutexes 0
[t=0.0100303s, 23664 KB] Operator mutex finished iteration 1. Found an additional 0 operator mutexes

[t=0.0102586s, 23664 KB] Next pair of indices: (2, 43)
[t=0.0102821s, 23664 KB] M&S algorithm main loop timer: 0.00649855s (after computation of next merge)
[t=0.0103435s, 23664 KB] M&S algorithm main loop timer: 0.00656737s (after merging)

[t=0.0103766s, 23664 KB] Operator mutex starting iteration 2


[t=0.0104378s, 23664 KB] In ts_2_3 of size 2 found num new op-mutexes 0


[t=0.0105023s, 23664 KB] In ts_2_4 of size 2 found num new op-mutexes 0


[t=0.010564s, 23664 KB] In ts_2_5 of size 2 found num new op-mutexes 0


[t=0.0106252s, 23664 KB] In ts_2_6 of size 2 found num new op-mutexes 0


[t=0.0106965s, 23664 KB] In ts_2_7 of size 2 found num new op-mutexes 0


[t=0.0107663s, 23664 KB] In ts_2_8 of size 2 found num new op-mutexes 0


[t=0.0108295s, 23664 KB] In ts_2_9 of size 2 found num new op-mutexes 0


[t=0.0109085s, 23664 KB] In ts_2_10 of size 2 found num new op-mutexes 0


[t=0.0109916s, 23664 KB] In ts_2_11 of size 2 found num new op-mutexes 0


[t=0.0110566s, 23664 KB] In ts_2_12 of size 2 found num new op-mutexes 0


[t=0.011127s, 23664 KB] In ts_2_13 of size 2 found num new op-mutexes 0


[t=0.0111955s, 23664 KB] In ts_2_14 of size 2 found num new op-mutexes 0


[t=0.0112638s, 23664 KB] In ts_2_15 of size 2 found num new op-mutexes 0


[t=0.0113249s, 23664 KB] In ts_2_16 of size 2 found num new op-mutexes 0


[t=0.0113929s, 23664 KB] In ts_2_17 of size 2 found num new op-mutexes 0


[t=0.0114606s, 23664 KB] In ts_2_18 of size 2 found num new op-mutexes 0


[t=0.0115215s, 23664 KB] In ts_2_19 of size 2 found num new op-mutexes 0


[t=0.011589s, 23664 KB] In ts_2_20 of size 2 found num new op-mutexes 0


[t=0.0116566s, 23664 KB] In ts_2_21 of size 2 found num new op-mutexes 0


[t=0.0117433s, 23664 KB] In ts_2_22 of size 2 found num new op-mutexes 0


[t=0.0118314s, 23664 KB] In ts_2_23 of size 2 found num new op-mutexes 0


[t=0.0118963s, 23664 KB] In ts_2_24 of size 2 found num new op-mutexes 0


[t=0.0119643s, 23664 KB] In ts_2_25 of size 2 found num new op-mutexes 0


[t=0.0120312s, 23664 KB] In ts_2_26 of size 2 found num new op-mutexes 0


[t=0.0120982s, 23664 KB] In ts_2_27 of size 2 found num new op-mutexes 0


[t=0.0121652s, 23664 KB] In ts_2_28 of size 2 found num new op-mutexes 0


[t=0.0122258s, 23664 KB] In ts_2_29 of size 2 found num new op-mutexes 0


[t=0.0122928s, 23664 KB] In ts_2_30 of size 2 found num new op-mutexes 0


[t=0.0123601s, 23664 KB] In ts_2_31 of size 2 found num new op-mutexes 0


[t=0.0124273s, 23664 KB] In ts_2_32 of size 2 found num new op-mutexes 0


[t=0.0124941s, 23664 KB] In ts_2_33 of size 2 found num new op-mutexes 0


[t=0.0125614s, 23664 KB] In ts_2_34 of size 2 found num new op-mutexes 0


[t=0.012628s, 23664 KB] In ts_2_35 of size 2 found num new op-mutexes 0


[t=0.0126951s, 23664 KB] In ts_2_36 of size 2 found num new op-mutexes 0


[t=0.0127619s, 23664 KB] In ts_2_37 of size 2 found num new op-mutexes 0


[t=0.0128267s, 23664 KB] In ts_2_38 of size 2 found num new op-mutexes 0


[t=0.0128975s, 23664 KB] In ts_2_39 of size 2 found num new op-mutexes 0


[t=0.0129578s, 23664 KB] In ts_2_40 of size 2 found num new op-mutexes 0


[t=0.0131041s, 23664 KB] In ts_2_44 of size 16 found num new op-mutexes 0
[t=0.0131336s, 23664 KB] Operator mutex finished iteration 2. Found an additional 0 operator mutexes

[t=0.0133556s, 23664 KB] Next pair of indices: (3, 44)
[t=0.0133792s, 23664 KB] M&S algorithm main loop timer: 0.00959565s (after computation of next merge)
[t=0.0134601s, 23664 KB] M&S algorithm main loop timer: 0.00968468s (after merging)

[t=0.0134954s, 23664 KB] Operator mutex starting iteration 3


[t=0.0135582s, 23664 KB] In ts_3_4 of size 2 found num new op-mutexes 0


[t=0.0136237s, 23664 KB] In ts_3_5 of size 2 found num new op-mutexes 0


[t=0.0136868s, 23664 KB] In ts_3_6 of size 2 found num new op-mutexes 0


[t=0.0137594s, 23664 KB] In ts_3_7 of size 2 found num new op-mutexes 0


[t=0.0138299s, 23664 KB] In ts_3_8 of size 2 found num new op-mutexes 0


[t=0.0138964s, 23664 KB] In ts_3_9 of size 2 found num new op-mutexes 0


[t=0.0139705s, 23664 KB] In ts_3_10 of size 2 found num new op-mutexes 0


[t=0.0140398s, 23664 KB] In ts_3_11 of size 2 found num new op-mutexes 0


[t=0.0141147s, 23664 KB] In ts_3_12 of size 2 found num new op-mutexes 0


[t=0.0141885s, 23664 KB] In ts_3_13 of size 2 found num new op-mutexes 0


[t=0.0142583s, 23664 KB] In ts_3_14 of size 2 found num new op-mutexes 0


[t=0.0143272s, 23664 KB] In ts_3_15 of size 2 found num new op-mutexes 0


[t=0.0143891s, 23664 KB] In ts_3_16 of size 2 found num new op-mutexes 0


[t=0.0144573s, 23664 KB] In ts_3_17 of size 2 found num new op-mutexes 0


[t=0.0145253s, 23664 KB] In ts_3_18 of size 2 found num new op-mutexes 0


[t=0.0145868s, 23664 KB] In ts_3_19 of size 2 found num new op-mutexes 0


[t=0.0146551s, 23664 KB] In ts_3_20 of size 2 found num new op-mutexes 0


[t=0.014723s, 23664 KB] In ts_3_21 of size 2 found num new op-mutexes 0


[t=0.0147909s, 23664 KB] In ts_3_22 of size 2 found num new op-mutexes 0


[t=0.0148579s, 23664 KB] In ts_3_23 of size 2 found num new op-mutexes 0


[t=0.0149191s, 23664 KB] In ts_3_24 of size 2 found num new op-mutexes 0


[t=0.0150109s, 23664 KB] In ts_3_25 of size 2 found num new op-mutexes 0


[t=0.0150794s, 23664 KB] In ts_3_26 of size 2 found num new op-mutexes 0


[t=0.0151568s, 23664 KB] In ts_3_27 of size 2 found num new op-mutexes 0


[t=0.0152239s, 23664 KB] In ts_3_28 of size 2 found num new op-mutexes 0


[t=0.0152855s, 23664 KB] In ts_3_29 of size 2 found num new op-mutexes 0


[t=0.0153524s, 23664 KB] In ts_3_30 of size 2 found num new op-mutexes 0


[t=0.0154193s, 23664 KB] In ts_3_31 of size 2 found num new op-mutexes 0


[t=0.0154906s, 23664 KB] In ts_3_32 of size 2 found num new op-mutexes 0


[t=0.0155578s, 23664 KB] In ts_3_33 of size 2 found num new op-mutexes 0


[t=0.0156362s, 23664 KB] In ts_3_34 of size 2 found num new op-mutexes 0


[t=0.0157035s, 23664 KB] In ts_3_35 of size 2 found num new op-mutexes 0


[t=0.0157708s, 23664 KB] In ts_3_36 of size 2 found num new op-mutexes 0


[t=0.0158386s, 23664 KB] In ts_3_37 of size 2 found num new op-mutexes 0


[t=0.0158997s, 23664 KB] In ts_3_38 of size 2 found num new op-mutexes 0


[t=0.01596s, 23664 KB] In ts_3_39 of size 2 found num new op-mutexes 0


[t=0.0160205s, 23664 KB] In ts_3_40 of size 2 found num new op-mutexes 0


[t=0.0162368s, 23664 KB] In ts_3_45 of size 32 found num new op-mutexes 0
[t=0.016269s, 23664 KB] Operator mutex finished iteration 3. Found an additional 0 operator mutexes

[t=0.0164928s, 23664 KB] Next pair of indices: (4, 45)
[t=0.0165183s, 23664 KB] M&S algorithm main loop timer: 0.0127454s (after computation of next merge)
[t=0.0166571s, 23664 KB] M&S algorithm main loop timer: 0.0128807s (after merging)

[t=0.0166932s, 23664 KB] Operator mutex starting iteration 4


[t=0.0167602s, 23664 KB] In ts_4_5 of size 2 found num new op-mutexes 0


[t=0.0168272s, 23664 KB] In ts_4_6 of size 2 found num new op-mutexes 0


[t=0.0169006s, 23664 KB] In ts_4_7 of size 2 found num new op-mutexes 0


[t=0.016972s, 23664 KB] In ts_4_8 of size 2 found num new op-mutexes 0


[t=0.0170355s, 23664 KB] In ts_4_9 of size 2 found num new op-mutexes 0


[t=0.017106s, 23664 KB] In ts_4_10 of size 2 found num new op-mutexes 0


[t=0.017175s, 23664 KB] In ts_4_11 of size 2 found num new op-mutexes 0


[t=0.017238s, 23664 KB] In ts_4_12 of size 2 found num new op-mutexes 0


[t=0.0172993s, 23664 KB] In ts_4_13 of size 2 found num new op-mutexes 0


[t=0.0173686s, 23664 KB] In ts_4_14 of size 2 found num new op-mutexes 0


[t=0.0174475s, 23664 KB] In ts_4_15 of size 2 found num new op-mutexes 0


[t=0.0175096s, 23664 KB] In ts_4_16 of size 2 found num new op-mutexes 0


[t=0.0175787s, 23664 KB] In ts_4_17 of size 2 found num new op-mutexes 0


[t=0.0176473s, 23664 KB] In ts_4_18 of size 2 found num new op-mutexes 0


[t=0.0177089s, 23664 KB] In ts_4_19 of size 2 found num new op-mutexes 0


[t=0.0177771s, 23664 KB] In ts_4_20 of size 2 found num new op-mutexes 0


[t=0.0178452s, 23664 KB] In ts_4_21 of size 2 found num new op-mutexes 0


[t=0.0179131s, 23664 KB] In ts_4_22 of size 2 found num new op-mutexes 0


[t=0.01798s, 23664 KB] In ts_4_23 of size 2 found num new op-mutexes 0


[t=0.0180414s, 23664 KB] In ts_4_24 of size 2 found num new op-mutexes 0


[t=0.0181093s, 23664 KB] In ts_4_25 of size 2 found num new op-mutexes 0


[t=0.0181924s, 23664 KB] In ts_4_26 of size 2 found num new op-mutexes 0


[t=0.0182619s, 23664 KB] In ts_4_27 of size 2 found num new op-mutexes 0


[t=0.0183294s, 23664 KB] In ts_4_28 of size 2 found num new op-mutexes 0


[t=0.0184011s, 23664 KB] In ts_4_29 of size 2 found num new op-mutexes 0


[t=0.0184688s, 23664 KB] In ts_4_30 of size 2 found num new op-mutexes 0


[t=0.0185363s, 23664 KB] In ts_4_31 of size 2 found num new op-mutexes 0


[t=0.0186047s, 23664 KB] In ts_4_32 of size 2 found num new op-mutexes 0


[t=0.0186728s, 23664 KB] In ts_4_33 of size 2 found num new op-mutexes 0


[t=0.0187407s, 23664 KB] In ts_4_34 of size 2 found num new op-mutexes 0


[t=0.0188154s, 23664 KB] In ts_4_35 of size 2 found num new op-mutexes 0


[t=0.0188857s, 23664 KB] In ts_4_36 of size 2 found num new op-mutexes 0


[t=0.0189542s, 23664 KB] In ts_4_37 of size 2 found num new op-mutexes 0


[t=0.0190162s, 23664 KB] In ts_4_38 of size 2 found num new op-mutexes 0


[t=0.0190764s, 23664 KB] In ts_4_39 of size 2 found num new op-mutexes 0


[t=0.019137s, 23664 KB] In ts_4_40 of size 2 found num new op-mutexes 0


[t=0.0195022s, 23664 KB] In ts_4_46 of size 64 found num new op-mutexes 0
[t=0.019536s, 23664 KB] Operator mutex finished iteration 4. Found an additional 0 operator mutexes

[t=0.0197761s, 23664 KB] Next pair of indices: (5, 46)
[t=0.0198066s, 23664 KB] M&S algorithm main loop timer: 0.0160247s (after computation of next merge)
[t=0.0200251s, 23664 KB] M&S algorithm main loop timer: 0.0162539s (after merging)

[t=0.0200707s, 23664 KB] Operator mutex starting iteration 5


[t=0.0201384s, 23664 KB] In ts_5_6 of size 2 found num new op-mutexes 0


[t=0.0202168s, 23664 KB] In ts_5_7 of size 2 found num new op-mutexes 0


[t=0.0202911s, 23664 KB] In ts_5_8 of size 2 found num new op-mutexes 0


[t=0.0203577s, 23664 KB] In ts_5_9 of size 2 found num new op-mutexes 0


[t=0.0204301s, 23664 KB] In ts_5_10 of size 2 found num new op-mutexes 0


[t=0.0205013s, 23664 KB] In ts_5_11 of size 2 found num new op-mutexes 0


[t=0.0205657s, 23664 KB] In ts_5_12 of size 2 found num new op-mutexes 0


[t=0.0206284s, 23664 KB] In ts_5_13 of size 2 found num new op-mutexes 0


[t=0.0207087s, 23664 KB] In ts_5_14 of size 2 found num new op-mutexes 0


[t=0.0207799s, 23664 KB] In ts_5_15 of size 2 found num new op-mutexes 0


[t=0.0208438s, 23664 KB] In ts_5_16 of size 2 found num new op-mutexes 0


[t=0.0209144s, 23664 KB] In ts_5_17 of size 2 found num new op-mutexes 0


[t=0.020984s, 23664 KB] In ts_5_18 of size 2 found num new op-mutexes 0


[t=0.0210478s, 23664 KB] In ts_5_19 of size 2 found num new op-mutexes 0


[t=0.0211177s, 23664 KB] In ts_5_20 of size 2 found num new op-mutexes 0


[t=0.0211874s, 23664 KB] In ts_5_21 of size 2 found num new op-mutexes 0


[t=0.021257s, 23664 KB] In ts_5_22 of size 2 found num new op-mutexes 0


[t=0.0213265s, 23664 KB] In ts_5_23 of size 2 found num new op-mutexes 0


[t=0.0213948s, 23664 KB] In ts_5_24 of size 2 found num new op-mutexes 0


[t=0.0214709s, 23664 KB] In ts_5_25 of size 2 found num new op-mutexes 0


[t=0.0215408s, 23664 KB] In ts_5_26 of size 2 found num new op-mutexes 0


[t=0.0216109s, 23664 KB] In ts_5_27 of size 2 found num new op-mutexes 0


[t=0.0216803s, 23664 KB] In ts_5_28 of size 2 found num new op-mutexes 0


[t=0.0217435s, 23664 KB] In ts_5_29 of size 2 found num new op-mutexes 0


[t=0.0218131s, 23664 KB] In ts_5_30 of size 2 found num new op-mutexes 0


[t=0.021883s, 23664 KB] In ts_5_31 of size 2 found num new op-mutexes 0


[t=0.0219534s, 23664 KB] In ts_5_32 of size 2 found num new op-mutexes 0


[t=0.0220233s, 23664 KB] In ts_5_33 of size 2 found num new op-mutexes 0


[t=0.0221021s, 23664 KB] In ts_5_34 of size 2 found num new op-mutexes 0


[t=0.0221767s, 23664 KB] In ts_5_35 of size 2 found num new op-mutexes 0


[t=0.0222503s, 23664 KB] In ts_5_36 of size 2 found num new op-mutexes 0


[t=0.0223205s, 23664 KB] In ts_5_37 of size 2 found num new op-mutexes 0


[t=0.022394s, 23664 KB] In ts_5_38 of size 2 found num new op-mutexes 0


[t=0.0224561s, 23664 KB] In ts_5_39 of size 2 found num new op-mutexes 0


[t=0.0225179s, 23664 KB] In ts_5_40 of size 2 found num new op-mutexes 0


[t=0.0232317s, 23808 KB] In ts_5_47 of size 128 found num new op-mutexes 0
[t=0.0232717s, 23808 KB] Operator mutex finished iteration 5. Found an additional 0 operator mutexes

[t=0.023494s, 23808 KB] Next pair of indices: (6, 47)
[t=0.0235199s, 23808 KB] M&S algorithm main loop timer: 0.019737s (after computation of next merge)
[t=0.0239269s, 23808 KB] M&S algorithm main loop timer: 0.0201622s (after merging)

[t=0.023987s, 23808 KB] Operator mutex starting iteration 6


[t=0.0240636s, 23808 KB] In ts_6_7 of size 2 found num new op-mutexes 0


[t=0.0241415s, 23808 KB] In ts_6_8 of size 2 found num new op-mutexes 0


[t=0.02421s, 23808 KB] In ts_6_9 of size 2 found num new op-mutexes 0


[t=0.0242834s, 23808 KB] In ts_6_10 of size 2 found num new op-mutexes 0


[t=0.0243621s, 23808 KB] In ts_6_11 of size 2 found num new op-mutexes 0


[t=0.0244272s, 23808 KB] In ts_6_12 of size 2 found num new op-mutexes 0


[t=0.0244905s, 23808 KB] In ts_6_13 of size 2 found num new op-mutexes 0


[t=0.0245614s, 23808 KB] In ts_6_14 of size 2 found num new op-mutexes 0


[t=0.024642s, 23808 KB] In ts_6_15 of size 2 found num new op-mutexes 0


[t=0.0247142s, 23808 KB] In ts_6_16 of size 2 found num new op-mutexes 0


[t=0.0247993s, 23808 KB] In ts_6_17 of size 2 found num new op-mutexes 0


[t=0.0248701s, 23808 KB] In ts_6_18 of size 2 found num new op-mutexes 0


[t=0.0249335s, 23808 KB] In ts_6_19 of size 2 found num new op-mutexes 0


[t=0.0250035s, 23808 KB] In ts_6_20 of size 2 found num new op-mutexes 0


[t=0.0250745s, 23808 KB] In ts_6_21 of size 2 found num new op-mutexes 0


[t=0.0251445s, 23808 KB] In ts_6_22 of size 2 found num new op-mutexes 0


[t=0.0252142s, 23808 KB] In ts_6_23 of size 2 found num new op-mutexes 0


[t=0.0252775s, 23808 KB] In ts_6_24 of size 2 found num new op-mutexes 0


[t=0.0253467s, 23808 KB] In ts_6_25 of size 2 found num new op-mutexes 0


[t=0.025416s, 23808 KB] In ts_6_26 of size 2 found num new op-mutexes 0


[t=0.0254856s, 23808 KB] In ts_6_27 of size 2 found num new op-mutexes 0


[t=0.0255547s, 23808 KB] In ts_6_28 of size 2 found num new op-mutexes 0


[t=0.0256177s, 23808 KB] In ts_6_29 of size 2 found num new op-mutexes 0


[t=0.0256872s, 23808 KB] In ts_6_30 of size 2 found num new op-mutexes 0


[t=0.0257567s, 23808 KB] In ts_6_31 of size 2 found num new op-mutexes 0


[t=0.025827s, 23808 KB] In ts_6_32 of size 2 found num new op-mutexes 0


[t=0.0258969s, 23808 KB] In ts_6_33 of size 2 found num new op-mutexes 0


[t=0.0259668s, 23808 KB] In ts_6_34 of size 2 found num new op-mutexes 0


[t=0.0260359s, 23808 KB] In ts_6_35 of size 2 found num new op-mutexes 0


[t=0.0261053s, 23808 KB] In ts_6_36 of size 2 found num new op-mutexes 0


[t=0.0261827s, 23808 KB] In ts_6_37 of size 2 found num new op-mutexes 0


[t=0.0262456s, 23808 KB] In ts_6_38 of size 2 found num new op-mutexes 0


[t=0.0263086s, 23808 KB] In ts_6_39 of size 2 found num new op-mutexes 0


[t=0.0263705s, 23808 KB] In ts_6_40 of size 2 found num new op-mutexes 0


[t=0.0277665s, 24056 KB] In ts_6_48 of size 256 found num new op-mutexes 0
[t=0.0278053s, 24056 KB] Operator mutex finished iteration 6. Found an additional 0 operator mutexes

[t=0.0280431s, 24056 KB] Next pair of indices: (7, 48)
[t=0.0280751s, 24056 KB] M&S algorithm main loop timer: 0.0242981s (after computation of next merge)
[t=0.0289376s, 24056 KB] M&S algorithm main loop timer: 0.0251921s (after merging)

[t=0.0290318s, 24056 KB] Operator mutex starting iteration 7


[t=0.0291129s, 24056 KB] In ts_7_8 of size 2 found num new op-mutexes 0


[t=0.0291837s, 24056 KB] In ts_7_9 of size 2 found num new op-mutexes 0


[t=0.0292574s, 24056 KB] In ts_7_10 of size 2 found num new op-mutexes 0


[t=0.02933s, 24056 KB] In ts_7_11 of size 2 found num new op-mutexes 0


[t=0.0293953s, 24056 KB] In ts_7_12 of size 2 found num new op-mutexes 0


[t=0.0294593s, 24056 KB] In ts_7_13 of size 2 found num new op-mutexes 0


[t=0.02953s, 24056 KB] In ts_7_14 of size 2 found num new op-mutexes 0


[t=0.0296008s, 24056 KB] In ts_7_15 of size 2 found num new op-mutexes 0


[t=0.0296646s, 24056 KB] In ts_7_16 of size 2 found num new op-mutexes 0


[t=0.0297347s, 24056 KB] In ts_7_17 of size 2 found num new op-mutexes 0


[t=0.0298144s, 24056 KB] In ts_7_18 of size 2 found num new op-mutexes 0


[t=0.0298774s, 24056 KB] In ts_7_19 of size 2 found num new op-mutexes 0


[t=0.029947s, 24056 KB] In ts_7_20 of size 2 found num new op-mutexes 0


[t=0.0300169s, 24056 KB] In ts_7_21 of size 2 found num new op-mutexes 0


[t=0.0300863s, 24056 KB] In ts_7_22 of size 2 found num new op-mutexes 0


[t=0.0301555s, 24056 KB] In ts_7_23 of size 2 found num new op-mutexes 0


[t=0.0302186s, 24056 KB] In ts_7_24 of size 2 found num new op-mutexes 0


[t=0.0302878s, 24056 KB] In ts_7_25 of size 2 found num new op-mutexes 0


[t=0.030357s, 24056 KB] In ts_7_26 of size 2 found num new op-mutexes 0


[t=0.0304257s, 24056 KB] In ts_7_27 of size 2 found num new op-mutexes 0


[t=0.0305021s, 24056 KB] In ts_7_28 of size 2 found num new op-mutexes 0


[t=0.030568s, 24056 KB] In ts_7_29 of size 2 found num new op-mutexes 0


[t=0.0306383s, 24056 KB] In ts_7_30 of size 2 found num new op-mutexes 0


[t=0.0307188s, 24056 KB] In ts_7_31 of size 2 found num new op-mutexes 0


[t=0.0307883s, 24056 KB] In ts_7_32 of size 2 found num new op-mutexes 0


[t=0.0308577s, 24056 KB] In ts_7_33 of size 2 found num new op-mutexes 0


[t=0.0309269s, 24056 KB] In ts_7_34 of size 2 found num new op-mutexes 0


[t=0.0309961s, 24056 KB] In ts_7_35 of size 2 found num new op-mutexes 0


[t=0.031066s, 24056 KB] In ts_7_36 of size 2 found num new op-mutexes 0


[t=0.0311351s, 24056 KB] In ts_7_37 of size 2 found num new op-mutexes 0


[t=0.0311977s, 24056 KB] In ts_7_38 of size 2 found num new op-mutexes 0


[t=0.0312601s, 24056 KB] In ts_7_39 of size 2 found num new op-mutexes 0


[t=0.0313376s, 24056 KB] In ts_7_40 of size 2 found num new op-mutexes 0


[t=0.0349709s, 24784 KB] In ts_7_49 of size 512 found num new op-mutexes 0
[t=0.0350214s, 24784 KB] Operator mutex finished iteration 7. Found an additional 0 operator mutexes

[t=0.0352765s, 24784 KB] Next pair of indices: (8, 49)
[t=0.0353069s, 24784 KB] M&S algorithm main loop timer: 0.0315253s (after computation of next merge)
[t=0.037073s, 24784 KB] M&S algorithm main loop timer: 0.0333332s (after merging)
[t=0.0374001s, 24784 KB] M&S algorithm main loop timer: 0.0336284s (after pruning)

[t=0.0374366s, 24784 KB] Operator mutex starting iteration 8


[t=0.0375026s, 24784 KB] In ts_8_9 of size 2 found num new op-mutexes 0


[t=0.0375807s, 24784 KB] In ts_8_10 of size 2 found num new op-mutexes 0


[t=0.0376558s, 24784 KB] In ts_8_11 of size 2 found num new op-mutexes 0


[t=0.0377275s, 24784 KB] In ts_8_12 of size 2 found num new op-mutexes 0


[t=0.0377915s, 24784 KB] In ts_8_13 of size 2 found num new op-mutexes 0


[t=0.0378633s, 24784 KB] In ts_8_14 of size 2 found num new op-mutexes 0


[t=0.037935s, 24784 KB] In ts_8_15 of size 2 found num new op-mutexes 0


[t=0.0379997s, 24784 KB] In ts_8_16 of size 2 found num new op-mutexes 0


[t=0.0380709s, 24784 KB] In ts_8_17 of size 2 found num new op-mutexes 0


[t=0.0381416s, 24784 KB] In ts_8_18 of size 2 found num new op-mutexes 0


[t=0.0382127s, 24784 KB] In ts_8_19 of size 2 found num new op-mutexes 0


[t=0.0382906s, 24784 KB] In ts_8_20 of size 2 found num new op-mutexes 0


[t=0.0383697s, 24784 KB] In ts_8_21 of size 2 found num new op-mutexes 0


[t=0.0384493s, 24784 KB] In ts_8_22 of size 2 found num new op-mutexes 0


[t=0.0385277s, 24784 KB] In ts_8_23 of size 2 found num new op-mutexes 0


[t=0.0385987s, 24784 KB] In ts_8_24 of size 2 found num new op-mutexes 0


[t=0.0386767s, 24784 KB] In ts_8_25 of size 2 found num new op-mutexes 0


[t=0.0387691s, 24784 KB] In ts_8_26 of size 2 found num new op-mutexes 0


[t=0.0388734s, 24784 KB] In ts_8_27 of size 2 found num new op-mutexes 0


[t=0.0389485s, 24784 KB] In ts_8_28 of size 2 found num new op-mutexes 0


[t=0.0390143s, 24784 KB] In ts_8_29 of size 2 found num new op-mutexes 0


[t=0.0390855s, 24784 KB] In ts_8_30 of size 2 found num new op-mutexes 0


[t=0.0391566s, 24784 KB] In ts_8_31 of size 2 found num new op-mutexes 0


[t=0.0392273s, 24784 KB] In ts_8_32 of size 2 found num new op-mutexes 0


[t=0.0392977s, 24784 KB] In ts_8_33 of size 2 found num new op-mutexes 0


[t=0.0393672s, 24784 KB] In ts_8_34 of size 2 found num new op-mutexes 0


[t=0.0394369s, 24784 KB] In ts_8_35 of size 2 found num new op-mutexes 0


[t=0.0395151s, 24784 KB] In ts_8_36 of size 2 found num new op-mutexes 0


[t=0.0395976s, 24784 KB] In ts_8_37 of size 2 found num new op-mutexes 0


[t=0.0396618s, 24784 KB] In ts_8_38 of size 2 found num new op-mutexes 0


[t=0.0397249s, 24784 KB] In ts_8_39 of size 2 found num new op-mutexes 0


[t=0.0397877s, 24784 KB] In ts_8_40 of size 2 found num new op-mutexes 0


[t=0.0429402s, 24856 KB] In ts_8_50 of size 512 found num new op-mutexes 0
[t=0.0429889s, 24856 KB] Operator mutex finished iteration 8. Found an additional 0 operator mutexes

[t=0.0432183s, 24856 KB] Next pair of indices: (9, 40)
[t=0.0432443s, 24856 KB] M&S algorithm main loop timer: 0.0394612s (after computation of next merge)
[t=0.0432958s, 24856 KB] M&S algorithm main loop timer: 0.0395183s (after merging)

[t=0.0433268s, 24856 KB] Operator mutex starting iteration 9


[t=0.0434077s, 24856 KB] In ts_9_10 of size 2 found num new op-mutexes 0


[t=0.043482s, 24856 KB] In ts_9_11 of size 2 found num new op-mutexes 0


[t=0.0435479s, 24856 KB] In ts_9_12 of size 2 found num new op-mutexes 0


[t=0.0436114s, 24856 KB] In ts_9_13 of size 2 found num new op-mutexes 0


[t=0.0436818s, 24856 KB] In ts_9_14 of size 2 found num new op-mutexes 0


[t=0.0437526s, 24856 KB] In ts_9_15 of size 2 found num new op-mutexes 0


[t=0.0438159s, 24856 KB] In ts_9_16 of size 2 found num new op-mutexes 0


[t=0.0438858s, 24856 KB] In ts_9_17 of size 2 found num new op-mutexes 0


[t=0.0439553s, 24856 KB] In ts_9_18 of size 2 found num new op-mutexes 0


[t=0.0440175s, 24856 KB] In ts_9_19 of size 2 found num new op-mutexes 0


[t=0.0440944s, 24856 KB] In ts_9_20 of size 2 found num new op-mutexes 0


[t=0.0442086s, 24856 KB] In ts_9_21 of size 2 found num new op-mutexes 0


[t=0.0443222s, 24856 KB] In ts_9_22 of size 2 found num new op-mutexes 0


[t=0.044443s, 24856 KB] In ts_9_23 of size 2 found num new op-mutexes 0


[t=0.0445438s, 24856 KB] In ts_9_24 of size 2 found num new op-mutexes 0


[t=0.0446569s, 24856 KB] In ts_9_25 of size 2 found num new op-mutexes 0


[t=0.0447698s, 24856 KB] In ts_9_26 of size 2 found num new op-mutexes 0


[t=0.0449113s, 24856 KB] In ts_9_27 of size 2 found num new op-mutexes 0


[t=0.0449924s, 24856 KB] In ts_9_28 of size 2 found num new op-mutexes 0


[t=0.0450571s, 24856 KB] In ts_9_29 of size 2 found num new op-mutexes 0


[t=0.045126s, 24856 KB] In ts_9_30 of size 2 found num new op-mutexes 0


[t=0.0451948s, 24856 KB] In ts_9_31 of size 2 found num new op-mutexes 0


[t=0.0452729s, 24856 KB] In ts_9_32 of size 2 found num new op-mutexes 0


[t=0.0453418s, 24856 KB] In ts_9_33 of size 2 found num new op-mutexes 0


[t=0.0454107s, 24856 KB] In ts_9_34 of size 2 found num new op-mutexes 0


[t=0.0454802s, 24856 KB] In ts_9_35 of size 2 found num new op-mutexes 0


[t=0.0455487s, 24856 KB] In ts_9_36 of size 2 found num new op-mutexes 0


[t=0.045626s, 24856 KB] In ts_9_37 of size 2 found num new op-mutexes 0


[t=0.0457192s, 24856 KB] In ts_9_38 of size 2 found num new op-mutexes 0


[t=0.0458059s, 24856 KB] In ts_9_39 of size 2 found num new op-mutexes 0


[t=0.048884s, 24856 KB] In ts_9_50 of size 512 found num new op-mutexes 0


[t=0.0489939s, 24856 KB] In ts_9_51 of size 4 found num new op-mutexes 0
[t=0.0490272s, 24856 KB] Operator mutex finished iteration 9. Found an additional 0 operator mutexes

[t=0.0492687s, 24856 KB] Next pair of indices: (10, 51)
[t=0.0492933s, 24856 KB] M&S algorithm main loop timer: 0.0455097s (after computation of next merge)
[t=0.0493501s, 24856 KB] M&S algorithm main loop timer: 0.0455736s (after merging)

[t=0.0493824s, 24856 KB] Operator mutex starting iteration 10


[t=0.0494528s, 24856 KB] In ts_10_11 of size 2 found num new op-mutexes 0


[t=0.0495192s, 24856 KB] In ts_10_12 of size 2 found num new op-mutexes 0


[t=0.0495872s, 24856 KB] In ts_10_13 of size 2 found num new op-mutexes 0


[t=0.0496661s, 24856 KB] In ts_10_14 of size 2 found num new op-mutexes 0


[t=0.0497385s, 24856 KB] In ts_10_15 of size 2 found num new op-mutexes 0


[t=0.049802s, 24856 KB] In ts_10_16 of size 2 found num new op-mutexes 0


[t=0.0498735s, 24856 KB] In ts_10_17 of size 2 found num new op-mutexes 0


[t=0.0499432s, 24856 KB] In ts_10_18 of size 2 found num new op-mutexes 0


[t=0.0500063s, 24856 KB] In ts_10_19 of size 2 found num new op-mutexes 0


[t=0.0500754s, 24856 KB] In ts_10_20 of size 2 found num new op-mutexes 0


[t=0.0501444s, 24856 KB] In ts_10_21 of size 2 found num new op-mutexes 0


[t=0.0502125s, 24856 KB] In ts_10_22 of size 2 found num new op-mutexes 0


[t=0.050281s, 24856 KB] In ts_10_23 of size 2 found num new op-mutexes 0


[t=0.050343s, 24856 KB] In ts_10_24 of size 2 found num new op-mutexes 0


[t=0.0504113s, 24856 KB] In ts_10_25 of size 2 found num new op-mutexes 0


[t=0.0504792s, 24856 KB] In ts_10_26 of size 2 found num new op-mutexes 0


[t=0.0505565s, 24856 KB] In ts_10_27 of size 2 found num new op-mutexes 0


[t=0.0506245s, 24856 KB] In ts_10_28 of size 2 found num new op-mutexes 0


[t=0.0506863s, 24856 KB] In ts_10_29 of size 2 found num new op-mutexes 0


[t=0.0507542s, 24856 KB] In ts_10_30 of size 2 found num new op-mutexes 0


[t=0.0508223s, 24856 KB] In ts_10_31 of size 2 found num new op-mutexes 0


[t=0.0508904s, 24856 KB] In ts_10_32 of size 2 found num new op-mutexes 0


[t=0.0509584s, 24856 KB] In ts_10_33 of size 2 found num new op-mutexes 0


[t=0.0510341s, 24856 KB] In ts_10_34 of size 2 found num new op-mutexes 0


[t=0.0511053s, 24856 KB] In ts_10_35 of size 2 found num new op-mutexes 0


[t=0.0511753s, 24856 KB] In ts_10_36 of size 2 found num new op-mutexes 0


[t=0.0512437s, 24856 KB] In ts_10_37 of size 2 found num new op-mutexes 0


[t=0.0513052s, 24856 KB] In ts_10_38 of size 2 found num new op-mutexes 0


[t=0.0513759s, 24856 KB] In ts_10_39 of size 2 found num new op-mutexes 0


[t=0.0544771s, 24856 KB] In ts_10_50 of size 512 found num new op-mutexes 0


[t=0.0546294s, 24856 KB] In ts_10_52 of size 8 found num new op-mutexes 0
[t=0.0546635s, 24856 KB] Operator mutex finished iteration 10. Found an additional 0 operator mutexes

[t=0.0549162s, 24856 KB] Next pair of indices: (11, 52)
[t=0.0549463s, 24856 KB] M&S algorithm main loop timer: 0.051164s (after computation of next merge)
[t=0.0550132s, 24856 KB] M&S algorithm main loop timer: 0.0512385s (after merging)
[t=0.0550496s, 24856 KB] M&S algorithm main loop timer: 0.05127s (after pruning)

[t=0.0550779s, 24856 KB] Operator mutex starting iteration 11


[t=0.0551455s, 24856 KB] In ts_11_12 of size 2 found num new op-mutexes 0


[t=0.0552283s, 24856 KB] In ts_11_13 of size 2 found num new op-mutexes 0


[t=0.0553092s, 24856 KB] In ts_11_14 of size 2 found num new op-mutexes 0


[t=0.0553883s, 24856 KB] In ts_11_15 of size 2 found num new op-mutexes 0


[t=0.0554593s, 24856 KB] In ts_11_16 of size 2 found num new op-mutexes 0


[t=0.0555369s, 24856 KB] In ts_11_17 of size 2 found num new op-mutexes 0


[t=0.0556144s, 24856 KB] In ts_11_18 of size 2 found num new op-mutexes 0


[t=0.0556847s, 24856 KB] In ts_11_19 of size 2 found num new op-mutexes 0


[t=0.0557617s, 24856 KB] In ts_11_20 of size 2 found num new op-mutexes 0


[t=0.0558386s, 24856 KB] In ts_11_21 of size 2 found num new op-mutexes 0


[t=0.0559162s, 24856 KB] In ts_11_22 of size 2 found num new op-mutexes 0


[t=0.0559932s, 24856 KB] In ts_11_23 of size 2 found num new op-mutexes 0


[t=0.0560707s, 24856 KB] In ts_11_24 of size 2 found num new op-mutexes 0


[t=0.0561509s, 24856 KB] In ts_11_25 of size 2 found num new op-mutexes 0


[t=0.0562319s, 24856 KB] In ts_11_26 of size 2 found num new op-mutexes 0


[t=0.0563095s, 24856 KB] In ts_11_27 of size 2 found num new op-mutexes 0


[t=0.0563855s, 24856 KB] In ts_11_28 of size 2 found num new op-mutexes 0


[t=0.056455s, 24856 KB] In ts_11_29 of size 2 found num new op-mutexes 0


[t=0.0565385s, 24856 KB] In ts_11_30 of size 2 found num new op-mutexes 0


[t=0.0566153s, 24856 KB] In ts_11_31 of size 2 found num new op-mutexes 0


[t=0.0566871s, 24856 KB] In ts_11_32 of size 2 found num new op-mutexes 0


[t=0.056757s, 24856 KB] In ts_11_33 of size 2 found num new op-mutexes 0


[t=0.0568271s, 24856 KB] In ts_11_34 of size 2 found num new op-mutexes 0


[t=0.0568958s, 24856 KB] In ts_11_35 of size 2 found num new op-mutexes 0


[t=0.0569642s, 24856 KB] In ts_11_36 of size 2 found num new op-mutexes 0


[t=0.0570329s, 24856 KB] In ts_11_37 of size 2 found num new op-mutexes 0


[t=0.0570965s, 24856 KB] In ts_11_38 of size 2 found num new op-mutexes 0


[t=0.057167s, 24856 KB] In ts_11_39 of size 2 found num new op-mutexes 0


[t=0.0602765s, 24856 KB] In ts_11_50 of size 512 found num new op-mutexes 0


[t=0.0604192s, 24856 KB] In ts_11_53 of size 8 found num new op-mutexes 0
[t=0.0604532s, 24856 KB] Operator mutex finished iteration 11. Found an additional 0 operator mutexes

[t=0.0606887s, 24856 KB] Next pair of indices: (12, 53)
[t=0.0607141s, 24856 KB] M&S algorithm main loop timer: 0.0569313s (after computation of next merge)
[t=0.0607821s, 24856 KB] M&S algorithm main loop timer: 0.0570063s (after merging)

[t=0.0608158s, 24856 KB] Operator mutex starting iteration 12


[t=0.0608795s, 24856 KB] In ts_12_13 of size 2 found num new op-mutexes 0


[t=0.0609554s, 24856 KB] In ts_12_14 of size 2 found num new op-mutexes 0


[t=0.0610283s, 24856 KB] In ts_12_15 of size 2 found num new op-mutexes 0


[t=0.061094s, 24856 KB] In ts_12_16 of size 2 found num new op-mutexes 0


[t=0.0611658s, 24856 KB] In ts_12_17 of size 2 found num new op-mutexes 0


[t=0.0612368s, 24856 KB] In ts_12_18 of size 2 found num new op-mutexes 0


[t=0.0613006s, 24856 KB] In ts_12_19 of size 2 found num new op-mutexes 0


[t=0.061371s, 24856 KB] In ts_12_20 of size 2 found num new op-mutexes 0


[t=0.0614412s, 24856 KB] In ts_12_21 of size 2 found num new op-mutexes 0


[t=0.0615112s, 24856 KB] In ts_12_22 of size 2 found num new op-mutexes 0


[t=0.0615807s, 24856 KB] In ts_12_23 of size 2 found num new op-mutexes 0


[t=0.0616439s, 24856 KB] In ts_12_24 of size 2 found num new op-mutexes 0


[t=0.0617134s, 24856 KB] In ts_12_25 of size 2 found num new op-mutexes 0


[t=0.061783s, 24856 KB] In ts_12_26 of size 2 found num new op-mutexes 0


[t=0.0618524s, 24856 KB] In ts_12_27 of size 2 found num new op-mutexes 0


[t=0.0619215s, 24856 KB] In ts_12_28 of size 2 found num new op-mutexes 0


[t=0.0619844s, 24856 KB] In ts_12_29 of size 2 found num new op-mutexes 0


[t=0.062054s, 24856 KB] In ts_12_30 of size 2 found num new op-mutexes 0


[t=0.0621235s, 24856 KB] In ts_12_31 of size 2 found num new op-mutexes 0


[t=0.0622015s, 24856 KB] In ts_12_32 of size 2 found num new op-mutexes 0


[t=0.062271s, 24856 KB] In ts_12_33 of size 2 found num new op-mutexes 0


[t=0.0623402s, 24856 KB] In ts_12_34 of size 2 found num new op-mutexes 0


[t=0.0624087s, 24856 KB] In ts_12_35 of size 2 found num new op-mutexes 0


[t=0.0624781s, 24856 KB] In ts_12_36 of size 2 found num new op-mutexes 0


[t=0.0625654s, 24856 KB] In ts_12_37 of size 2 found num new op-mutexes 0


[t=0.0626303s, 24856 KB] In ts_12_38 of size 2 found num new op-mutexes 0


[t=0.0626933s, 24856 KB] In ts_12_39 of size 2 found num new op-mutexes 0


[t=0.0658318s, 24856 KB] In ts_12_50 of size 512 found num new op-mutexes 0


[t=0.0660362s, 24856 KB] In ts_12_54 of size 16 found num new op-mutexes 0
[t=0.0660712s, 24856 KB] Operator mutex finished iteration 12. Found an additional 0 operator mutexes

[t=0.0663255s, 24856 KB] Next pair of indices: (13, 54)
[t=0.0663503s, 24856 KB] M&S algorithm main loop timer: 0.0625767s (after computation of next merge)
[t=0.0664599s, 24856 KB] M&S algorithm main loop timer: 0.0626863s (after merging)

[t=0.0664975s, 24856 KB] Operator mutex starting iteration 13


[t=0.0665698s, 24856 KB] In ts_13_14 of size 2 found num new op-mutexes 0


[t=0.0666445s, 24856 KB] In ts_13_15 of size 2 found num new op-mutexes 0


[t=0.0667112s, 24856 KB] In ts_13_16 of size 2 found num new op-mutexes 0


[t=0.0667832s, 24856 KB] In ts_13_17 of size 2 found num new op-mutexes 0


[t=0.0668541s, 24856 KB] In ts_13_18 of size 2 found num new op-mutexes 0


[t=0.0669177s, 24856 KB] In ts_13_19 of size 2 found num new op-mutexes 0


[t=0.0669879s, 24856 KB] In ts_13_20 of size 2 found num new op-mutexes 0


[t=0.0670589s, 24856 KB] In ts_13_21 of size 2 found num new op-mutexes 0


[t=0.0671285s, 24856 KB] In ts_13_22 of size 2 found num new op-mutexes 0


[t=0.0671975s, 24856 KB] In ts_13_23 of size 2 found num new op-mutexes 0


[t=0.0672658s, 24856 KB] In ts_13_24 of size 2 found num new op-mutexes 0


[t=0.0673485s, 24856 KB] In ts_13_25 of size 2 found num new op-mutexes 0


[t=0.0674179s, 24856 KB] In ts_13_26 of size 2 found num new op-mutexes 0


[t=0.067487s, 24856 KB] In ts_13_27 of size 2 found num new op-mutexes 0


[t=0.0675561s, 24856 KB] In ts_13_28 of size 2 found num new op-mutexes 0


[t=0.0676191s, 24856 KB] In ts_13_29 of size 2 found num new op-mutexes 0


[t=0.0676877s, 24856 KB] In ts_13_30 of size 2 found num new op-mutexes 0


[t=0.0677564s, 24856 KB] In ts_13_31 of size 2 found num new op-mutexes 0


[t=0.0678259s, 24856 KB] In ts_13_32 of size 2 found num new op-mutexes 0


[t=0.0678955s, 24856 KB] In ts_13_33 of size 2 found num new op-mutexes 0


[t=0.0679645s, 24856 KB] In ts_13_34 of size 2 found num new op-mutexes 0


[t=0.068033s, 24856 KB] In ts_13_35 of size 2 found num new op-mutexes 0


[t=0.068102s, 24856 KB] In ts_13_36 of size 2 found num new op-mutexes 0


[t=0.068171s, 24856 KB] In ts_13_37 of size 2 found num new op-mutexes 0


[t=0.0682346s, 24856 KB] In ts_13_38 of size 2 found num new op-mutexes 0


[t=0.0682967s, 24856 KB] In ts_13_39 of size 2 found num new op-mutexes 0


[t=0.0713987s, 24856 KB] In ts_13_50 of size 512 found num new op-mutexes 0


[t=0.0716495s, 24856 KB] In ts_13_55 of size 32 found num new op-mutexes 0
[t=0.0716852s, 24856 KB] Operator mutex finished iteration 13. Found an additional 0 operator mutexes

[t=0.0719262s, 24856 KB] Next pair of indices: (14, 55)
[t=0.0719538s, 24856 KB] M&S algorithm main loop timer: 0.068171s (after computation of next merge)
[t=0.0720948s, 24856 KB] M&S algorithm main loop timer: 0.0683189s (after merging)

[t=0.0721317s, 24856 KB] Operator mutex starting iteration 14


[t=0.0722044s, 24856 KB] In ts_14_15 of size 2 found num new op-mutexes 0


[t=0.0722734s, 24856 KB] In ts_14_16 of size 2 found num new op-mutexes 0


[t=0.0723468s, 24856 KB] In ts_14_17 of size 2 found num new op-mutexes 0


[t=0.0724183s, 24856 KB] In ts_14_18 of size 2 found num new op-mutexes 0


[t=0.0724822s, 24856 KB] In ts_14_19 of size 2 found num new op-mutexes 0


[t=0.072572s, 24856 KB] In ts_14_20 of size 2 found num new op-mutexes 0


[t=0.0726619s, 24856 KB] In ts_14_21 of size 2 found num new op-mutexes 0


[t=0.0727332s, 24856 KB] In ts_14_22 of size 2 found num new op-mutexes 0


[t=0.0728021s, 24856 KB] In ts_14_23 of size 2 found num new op-mutexes 0


[t=0.0728651s, 24856 KB] In ts_14_24 of size 2 found num new op-mutexes 0


[t=0.0729342s, 24856 KB] In ts_14_25 of size 2 found num new op-mutexes 0


[t=0.073003s, 24856 KB] In ts_14_26 of size 2 found num new op-mutexes 0


[t=0.0730714s, 24856 KB] In ts_14_27 of size 2 found num new op-mutexes 0


[t=0.0731397s, 24856 KB] In ts_14_28 of size 2 found num new op-mutexes 0


[t=0.0732112s, 24856 KB] In ts_14_29 of size 2 found num new op-mutexes 0


[t=0.0732797s, 24856 KB] In ts_14_30 of size 2 found num new op-mutexes 0


[t=0.0733478s, 24856 KB] In ts_14_31 of size 2 found num new op-mutexes 0


[t=0.0734166s, 24856 KB] In ts_14_32 of size 2 found num new op-mutexes 0


[t=0.0735001s, 24856 KB] In ts_14_33 of size 2 found num new op-mutexes 0


[t=0.073572s, 24856 KB] In ts_14_34 of size 2 found num new op-mutexes 0


[t=0.0736409s, 24856 KB] In ts_14_35 of size 2 found num new op-mutexes 0


[t=0.0737097s, 24856 KB] In ts_14_36 of size 2 found num new op-mutexes 0


[t=0.0737775s, 24856 KB] In ts_14_37 of size 2 found num new op-mutexes 0


[t=0.0738403s, 24856 KB] In ts_14_38 of size 2 found num new op-mutexes 0


[t=0.0739022s, 24856 KB] In ts_14_39 of size 2 found num new op-mutexes 0


[t=0.0769181s, 24856 KB] In ts_14_50 of size 512 found num new op-mutexes 0


[t=0.0773637s, 24856 KB] In ts_14_56 of size 64 found num new op-mutexes 0
[t=0.0774031s, 24856 KB] Operator mutex finished iteration 14. Found an additional 0 operator mutexes

[t=0.0776372s, 24856 KB] Next pair of indices: (15, 56)
[t=0.0776628s, 24856 KB] M&S algorithm main loop timer: 0.0738797s (after computation of next merge)
[t=0.0778923s, 24856 KB] M&S algorithm main loop timer: 0.0741196s (after merging)
[t=0.0779541s, 24856 KB] M&S algorithm main loop timer: 0.0741821s (after pruning)

[t=0.0779906s, 24856 KB] Operator mutex starting iteration 15


[t=0.0780785s, 24856 KB] In ts_15_16 of size 2 found num new op-mutexes 0


[t=0.0781607s, 24856 KB] In ts_15_17 of size 2 found num new op-mutexes 0


[t=0.0782358s, 24856 KB] In ts_15_18 of size 2 found num new op-mutexes 0


[t=0.0783015s, 24856 KB] In ts_15_19 of size 2 found num new op-mutexes 0


[t=0.0783843s, 24856 KB] In ts_15_20 of size 2 found num new op-mutexes 0


[t=0.0784557s, 24856 KB] In ts_15_21 of size 2 found num new op-mutexes 0


[t=0.0785263s, 24856 KB] In ts_15_22 of size 2 found num new op-mutexes 0


[t=0.0785961s, 24856 KB] In ts_15_23 of size 2 found num new op-mutexes 0


[t=0.0786665s, 24856 KB] In ts_15_24 of size 2 found num new op-mutexes 0


[t=0.0787451s, 24856 KB] In ts_15_25 of size 2 found num new op-mutexes 0


[t=0.0788227s, 24856 KB] In ts_15_26 of size 2 found num new op-mutexes 0


[t=0.0789003s, 24856 KB] In ts_15_27 of size 2 found num new op-mutexes 0


[t=0.078978s, 24856 KB] In ts_15_28 of size 2 found num new op-mutexes 0


[t=0.0790482s, 24856 KB] In ts_15_29 of size 2 found num new op-mutexes 0


[t=0.079126s, 24856 KB] In ts_15_30 of size 2 found num new op-mutexes 0


[t=0.0792012s, 24856 KB] In ts_15_31 of size 2 found num new op-mutexes 0


[t=0.0792745s, 24856 KB] In ts_15_32 of size 2 found num new op-mutexes 0


[t=0.0793461s, 24856 KB] In ts_15_33 of size 2 found num new op-mutexes 0


[t=0.079417s, 24856 KB] In ts_15_34 of size 2 found num new op-mutexes 0


[t=0.0794868s, 24856 KB] In ts_15_35 of size 2 found num new op-mutexes 0


[t=0.0795565s, 24856 KB] In ts_15_36 of size 2 found num new op-mutexes 0


[t=0.0796256s, 24856 KB] In ts_15_37 of size 2 found num new op-mutexes 0


[t=0.079689s, 24856 KB] In ts_15_38 of size 2 found num new op-mutexes 0


[t=0.0797516s, 24856 KB] In ts_15_39 of size 2 found num new op-mutexes 0


[t=0.0827232s, 24856 KB] In ts_15_50 of size 512 found num new op-mutexes 0


[t=0.0831904s, 24856 KB] In ts_15_57 of size 64 found num new op-mutexes 0
[t=0.0832293s, 24856 KB] Operator mutex finished iteration 15. Found an additional 0 operator mutexes

[t=0.0834597s, 24856 KB] Next pair of indices: (16, 38)
[t=0.083485s, 24856 KB] M&S algorithm main loop timer: 0.0797021s (after computation of next merge)
[t=0.0835339s, 24856 KB] M&S algorithm main loop timer: 0.0797563s (after merging)

[t=0.0835653s, 24856 KB] Operator mutex starting iteration 16


[t=0.0836358s, 24856 KB] In ts_16_17 of size 2 found num new op-mutexes 0


[t=0.0837099s, 24856 KB] In ts_16_18 of size 2 found num new op-mutexes 0


[t=0.0837751s, 24856 KB] In ts_16_19 of size 2 found num new op-mutexes 0


[t=0.0838466s, 24856 KB] In ts_16_20 of size 2 found num new op-mutexes 0


[t=0.083917s, 24856 KB] In ts_16_21 of size 2 found num new op-mutexes 0


[t=0.0839868s, 24856 KB] In ts_16_22 of size 2 found num new op-mutexes 0


[t=0.0840558s, 24856 KB] In ts_16_23 of size 2 found num new op-mutexes 0


[t=0.0841185s, 24856 KB] In ts_16_24 of size 2 found num new op-mutexes 0


[t=0.0841995s, 24856 KB] In ts_16_25 of size 2 found num new op-mutexes 0


[t=0.0842718s, 24856 KB] In ts_16_26 of size 2 found num new op-mutexes 0


[t=0.0843403s, 24856 KB] In ts_16_27 of size 2 found num new op-mutexes 0


[t=0.0844084s, 24856 KB] In ts_16_28 of size 2 found num new op-mutexes 0


[t=0.0844707s, 24856 KB] In ts_16_29 of size 2 found num new op-mutexes 0


[t=0.0845491s, 24856 KB] In ts_16_30 of size 2 found num new op-mutexes 0


[t=0.0846175s, 24856 KB] In ts_16_31 of size 2 found num new op-mutexes 0


[t=0.0846855s, 24856 KB] In ts_16_32 of size 2 found num new op-mutexes 0


[t=0.0847538s, 24856 KB] In ts_16_33 of size 2 found num new op-mutexes 0


[t=0.0848217s, 24856 KB] In ts_16_34 of size 2 found num new op-mutexes 0


[t=0.0848893s, 24856 KB] In ts_16_35 of size 2 found num new op-mutexes 0


[t=0.0849577s, 24856 KB] In ts_16_36 of size 2 found num new op-mutexes 0


[t=0.0850255s, 24856 KB] In ts_16_37 of size 2 found num new op-mutexes 0


[t=0.0851117s, 24856 KB] In ts_16_39 of size 2 found num new op-mutexes 0


[t=0.0880583s, 24856 KB] In ts_16_50 of size 512 found num new op-mutexes 0


[t=0.0885143s, 24856 KB] In ts_16_57 of size 64 found num new op-mutexes 0


[t=0.088614s, 24856 KB] In ts_16_58 of size 4 found num new op-mutexes 0
[t=0.088645s, 24856 KB] Operator mutex finished iteration 16. Found an additional 0 operator mutexes

[t=0.08891s, 24856 KB] Next pair of indices: (17, 58)
[t=0.0889374s, 24856 KB] M&S algorithm main loop timer: 0.0851551s (after computation of next merge)
[t=0.0889954s, 24856 KB] M&S algorithm main loop timer: 0.0852196s (after merging)

[t=0.0890287s, 24856 KB] Operator mutex starting iteration 17


[t=0.0890997s, 24856 KB] In ts_17_18 of size 2 found num new op-mutexes 0


[t=0.0891767s, 24856 KB] In ts_17_19 of size 2 found num new op-mutexes 0


[t=0.0892494s, 24856 KB] In ts_17_20 of size 2 found num new op-mutexes 0


[t=0.0893203s, 24856 KB] In ts_17_21 of size 2 found num new op-mutexes 0


[t=0.0893905s, 24856 KB] In ts_17_22 of size 2 found num new op-mutexes 0


[t=0.0894597s, 24856 KB] In ts_17_23 of size 2 found num new op-mutexes 0


[t=0.0895226s, 24856 KB] In ts_17_24 of size 2 found num new op-mutexes 0


[t=0.0896002s, 24856 KB] In ts_17_25 of size 2 found num new op-mutexes 0


[t=0.089672s, 24856 KB] In ts_17_26 of size 2 found num new op-mutexes 0


[t=0.0897419s, 24856 KB] In ts_17_27 of size 2 found num new op-mutexes 0


[t=0.0898115s, 24856 KB] In ts_17_28 of size 2 found num new op-mutexes 0


[t=0.0898751s, 24856 KB] In ts_17_29 of size 2 found num new op-mutexes 0


[t=0.0899445s, 24856 KB] In ts_17_30 of size 2 found num new op-mutexes 0


[t=0.0900201s, 24856 KB] In ts_17_31 of size 2 found num new op-mutexes 0


[t=0.0900897s, 24856 KB] In ts_17_32 of size 2 found num new op-mutexes 0


[t=0.0901591s, 24856 KB] In ts_17_33 of size 2 found num new op-mutexes 0


[t=0.0902279s, 24856 KB] In ts_17_34 of size 2 found num new op-mutexes 0


[t=0.0902958s, 24856 KB] In ts_17_35 of size 2 found num new op-mutexes 0


[t=0.0903817s, 24856 KB] In ts_17_36 of size 2 found num new op-mutexes 0


[t=0.0904582s, 24856 KB] In ts_17_37 of size 2 found num new op-mutexes 0


[t=0.0905227s, 24856 KB] In ts_17_39 of size 2 found num new op-mutexes 0


[t=0.0933761s, 24856 KB] In ts_17_50 of size 512 found num new op-mutexes 0


[t=0.0938349s, 24856 KB] In ts_17_57 of size 64 found num new op-mutexes 0


[t=0.0939734s, 24856 KB] In ts_17_59 of size 8 found num new op-mutexes 0
[t=0.0940069s, 24856 KB] Operator mutex finished iteration 17. Found an additional 0 operator mutexes

[t=0.0942486s, 24856 KB] Next pair of indices: (18, 59)
[t=0.0942737s, 24856 KB] M&S algorithm main loop timer: 0.0904907s (after computation of next merge)
[t=0.0943378s, 24856 KB] M&S algorithm main loop timer: 0.0905624s (after merging)
[t=0.0943739s, 24856 KB] M&S algorithm main loop timer: 0.0905917s (after pruning)

[t=0.0943989s, 24856 KB] Operator mutex starting iteration 18


[t=0.0944613s, 24856 KB] In ts_18_19 of size 2 found num new op-mutexes 0


[t=0.0945409s, 24856 KB] In ts_18_20 of size 2 found num new op-mutexes 0


[t=0.0946286s, 24856 KB] In ts_18_21 of size 2 found num new op-mutexes 0


[t=0.0947004s, 24856 KB] In ts_18_22 of size 2 found num new op-mutexes 0


[t=0.0947713s, 24856 KB] In ts_18_23 of size 2 found num new op-mutexes 0


[t=0.0948356s, 24856 KB] In ts_18_24 of size 2 found num new op-mutexes 0


[t=0.0949063s, 24856 KB] In ts_18_25 of size 2 found num new op-mutexes 0


[t=0.0949764s, 24856 KB] In ts_18_26 of size 2 found num new op-mutexes 0


[t=0.0950456s, 24856 KB] In ts_18_27 of size 2 found num new op-mutexes 0


[t=0.0951147s, 24856 KB] In ts_18_28 of size 2 found num new op-mutexes 0


[t=0.0951788s, 24856 KB] In ts_18_29 of size 2 found num new op-mutexes 0


[t=0.0952479s, 24856 KB] In ts_18_30 of size 2 found num new op-mutexes 0


[t=0.0953175s, 24856 KB] In ts_18_31 of size 2 found num new op-mutexes 0


[t=0.0953868s, 24856 KB] In ts_18_32 of size 2 found num new op-mutexes 0


[t=0.0954554s, 24856 KB] In ts_18_33 of size 2 found num new op-mutexes 0


[t=0.0955241s, 24856 KB] In ts_18_34 of size 2 found num new op-mutexes 0


[t=0.0955924s, 24856 KB] In ts_18_35 of size 2 found num new op-mutexes 0


[t=0.0956611s, 24856 KB] In ts_18_36 of size 2 found num new op-mutexes 0


[t=0.0957339s, 24856 KB] In ts_18_37 of size 2 found num new op-mutexes 0


[t=0.0958075s, 24856 KB] In ts_18_39 of size 2 found num new op-mutexes 0


[t=0.0986453s, 24856 KB] In ts_18_50 of size 512 found num new op-mutexes 0


[t=0.09912s, 24856 KB] In ts_18_57 of size 64 found num new op-mutexes 0


[t=0.0992854s, 24856 KB] In ts_18_60 of size 8 found num new op-mutexes 0
[t=0.0993199s, 24856 KB] Operator mutex finished iteration 18. Found an additional 0 operator mutexes

[t=0.0995699s, 24856 KB] Next pair of indices: (19, 39)
[t=0.0995963s, 24856 KB] M&S algorithm main loop timer: 0.0958136s (after computation of next merge)
[t=0.0996716s, 24856 KB] M&S algorithm main loop timer: 0.0958958s (after merging)

[t=0.0997049s, 24856 KB] Operator mutex starting iteration 19


[t=0.0997759s, 24856 KB] In ts_19_20 of size 2 found num new op-mutexes 0


[t=0.0998581s, 24856 KB] In ts_19_21 of size 2 found num new op-mutexes 0


[t=0.0999318s, 24856 KB] In ts_19_22 of size 2 found num new op-mutexes 0


[t=0.100003s, 24856 KB] In ts_19_23 of size 2 found num new op-mutexes 0


[t=0.100069s, 24856 KB] In ts_19_24 of size 2 found num new op-mutexes 0


[t=0.10014s, 24856 KB] In ts_19_25 of size 2 found num new op-mutexes 0


[t=0.100211s, 24856 KB] In ts_19_26 of size 2 found num new op-mutexes 0


[t=0.100281s, 24856 KB] In ts_19_27 of size 2 found num new op-mutexes 0


[t=0.100351s, 24856 KB] In ts_19_28 of size 2 found num new op-mutexes 0


[t=0.100415s, 24856 KB] In ts_19_29 of size 2 found num new op-mutexes 0


[t=0.100485s, 24856 KB] In ts_19_30 of size 2 found num new op-mutexes 0


[t=0.100554s, 24856 KB] In ts_19_31 of size 2 found num new op-mutexes 0


[t=0.100625s, 24856 KB] In ts_19_32 of size 2 found num new op-mutexes 0


[t=0.100695s, 24856 KB] In ts_19_33 of size 2 found num new op-mutexes 0


[t=0.100765s, 24856 KB] In ts_19_34 of size 2 found num new op-mutexes 0


[t=0.100834s, 24856 KB] In ts_19_35 of size 2 found num new op-mutexes 0


[t=0.100903s, 24856 KB] In ts_19_36 of size 2 found num new op-mutexes 0


[t=0.100972s, 24856 KB] In ts_19_37 of size 2 found num new op-mutexes 0


[t=0.103815s, 24856 KB] In ts_19_50 of size 512 found num new op-mutexes 0


[t=0.104263s, 24856 KB] In ts_19_57 of size 64 found num new op-mutexes 0


[t=0.104427s, 24856 KB] In ts_19_60 of size 8 found num new op-mutexes 0


[t=0.104521s, 24856 KB] In ts_19_61 of size 4 found num new op-mutexes 0
[t=0.104552s, 24856 KB] Operator mutex finished iteration 19. Found an additional 0 operator mutexes

[t=0.104795s, 24856 KB] Next pair of indices: (20, 61)
[t=0.104819s, 24856 KB] M&S algorithm main loop timer: 0.101035s (after computation of next merge)
[t=0.104875s, 24856 KB] M&S algorithm main loop timer: 0.101098s (after merging)

[t=0.104907s, 24856 KB] Operator mutex starting iteration 20


[t=0.104984s, 24856 KB] In ts_20_21 of size 2 found num new op-mutexes 0


[t=0.105062s, 24856 KB] In ts_20_22 of size 2 found num new op-mutexes 0


[t=0.105136s, 24856 KB] In ts_20_23 of size 2 found num new op-mutexes 0


[t=0.105202s, 24856 KB] In ts_20_24 of size 2 found num new op-mutexes 0


[t=0.105284s, 24856 KB] In ts_20_25 of size 2 found num new op-mutexes 0


[t=0.105356s, 24856 KB] In ts_20_26 of size 2 found num new op-mutexes 0


[t=0.105426s, 24856 KB] In ts_20_27 of size 2 found num new op-mutexes 0


[t=0.105496s, 24856 KB] In ts_20_28 of size 2 found num new op-mutexes 0


[t=0.105561s, 24856 KB] In ts_20_29 of size 2 found num new op-mutexes 0


[t=0.105631s, 24856 KB] In ts_20_30 of size 2 found num new op-mutexes 0


[t=0.105701s, 24856 KB] In ts_20_31 of size 2 found num new op-mutexes 0


[t=0.105771s, 24856 KB] In ts_20_32 of size 2 found num new op-mutexes 0


[t=0.105841s, 24856 KB] In ts_20_33 of size 2 found num new op-mutexes 0


[t=0.10591s, 24856 KB] In ts_20_34 of size 2 found num new op-mutexes 0


[t=0.105979s, 24856 KB] In ts_20_35 of size 2 found num new op-mutexes 0


[t=0.106049s, 24856 KB] In ts_20_36 of size 2 found num new op-mutexes 0


[t=0.106124s, 24856 KB] In ts_20_37 of size 2 found num new op-mutexes 0


[t=0.109002s, 24856 KB] In ts_20_50 of size 512 found num new op-mutexes 0


[t=0.109455s, 24856 KB] In ts_20_57 of size 64 found num new op-mutexes 0


[t=0.10961s, 24856 KB] In ts_20_60 of size 8 found num new op-mutexes 0


[t=0.109741s, 24856 KB] In ts_20_62 of size 8 found num new op-mutexes 0
[t=0.109773s, 24856 KB] Operator mutex finished iteration 20. Found an additional 0 operator mutexes

[t=0.11001s, 24856 KB] Next pair of indices: (21, 62)
[t=0.110035s, 24856 KB] M&S algorithm main loop timer: 0.106251s (after computation of next merge)
[t=0.110097s, 24856 KB] M&S algorithm main loop timer: 0.106322s (after merging)
[t=0.110134s, 24856 KB] M&S algorithm main loop timer: 0.106352s (after pruning)

[t=0.110159s, 24856 KB] Operator mutex starting iteration 21


[t=0.110228s, 24856 KB] In ts_21_22 of size 2 found num new op-mutexes 0


[t=0.110303s, 24856 KB] In ts_21_23 of size 2 found num new op-mutexes 0


[t=0.11037s, 24856 KB] In ts_21_24 of size 2 found num new op-mutexes 0


[t=0.110443s, 24856 KB] In ts_21_25 of size 2 found num new op-mutexes 0


[t=0.110538s, 24856 KB] In ts_21_26 of size 2 found num new op-mutexes 0


[t=0.110612s, 24856 KB] In ts_21_27 of size 2 found num new op-mutexes 0


[t=0.110683s, 24856 KB] In ts_21_28 of size 2 found num new op-mutexes 0


[t=0.110748s, 24856 KB] In ts_21_29 of size 2 found num new op-mutexes 0


[t=0.110819s, 24856 KB] In ts_21_30 of size 2 found num new op-mutexes 0


[t=0.110889s, 24856 KB] In ts_21_31 of size 2 found num new op-mutexes 0


[t=0.110959s, 24856 KB] In ts_21_32 of size 2 found num new op-mutexes 0


[t=0.111035s, 24856 KB] In ts_21_33 of size 2 found num new op-mutexes 0


[t=0.111105s, 24856 KB] In ts_21_34 of size 2 found num new op-mutexes 0


[t=0.111174s, 24856 KB] In ts_21_35 of size 2 found num new op-mutexes 0


[t=0.111253s, 24856 KB] In ts_21_36 of size 2 found num new op-mutexes 0


[t=0.111324s, 24856 KB] In ts_21_37 of size 2 found num new op-mutexes 0


[t=0.114172s, 24856 KB] In ts_21_50 of size 512 found num new op-mutexes 0


[t=0.114637s, 24856 KB] In ts_21_57 of size 64 found num new op-mutexes 0


[t=0.114791s, 24856 KB] In ts_21_60 of size 8 found num new op-mutexes 0


[t=0.114936s, 24856 KB] In ts_21_63 of size 8 found num new op-mutexes 0
[t=0.114969s, 24856 KB] Operator mutex finished iteration 21. Found an additional 0 operator mutexes

[t=0.115199s, 24856 KB] Next pair of indices: (22, 63)
[t=0.115233s, 24856 KB] M&S algorithm main loop timer: 0.111449s (after computation of next merge)
[t=0.115302s, 24856 KB] M&S algorithm main loop timer: 0.111526s (after merging)

[t=0.115335s, 24856 KB] Operator mutex starting iteration 22


[t=0.115406s, 24856 KB] In ts_22_23 of size 2 found num new op-mutexes 0


[t=0.115474s, 24856 KB] In ts_22_24 of size 2 found num new op-mutexes 0


[t=0.11555s, 24856 KB] In ts_22_25 of size 2 found num new op-mutexes 0


[t=0.115626s, 24856 KB] In ts_22_26 of size 2 found num new op-mutexes 0


[t=0.115699s, 24856 KB] In ts_22_27 of size 2 found num new op-mutexes 0


[t=0.115769s, 24856 KB] In ts_22_28 of size 2 found num new op-mutexes 0


[t=0.115834s, 24856 KB] In ts_22_29 of size 2 found num new op-mutexes 0


[t=0.115904s, 24856 KB] In ts_22_30 of size 2 found num new op-mutexes 0


[t=0.115975s, 24856 KB] In ts_22_31 of size 2 found num new op-mutexes 0


[t=0.116046s, 24856 KB] In ts_22_32 of size 2 found num new op-mutexes 0


[t=0.116117s, 24856 KB] In ts_22_33 of size 2 found num new op-mutexes 0


[t=0.116197s, 24856 KB] In ts_22_34 of size 2 found num new op-mutexes 0


[t=0.116267s, 24856 KB] In ts_22_35 of size 2 found num new op-mutexes 0


[t=0.116337s, 24856 KB] In ts_22_36 of size 2 found num new op-mutexes 0


[t=0.116406s, 24856 KB] In ts_22_37 of size 2 found num new op-mutexes 0


[t=0.119289s, 24856 KB] In ts_22_50 of size 512 found num new op-mutexes 0


[t=0.11975s, 24856 KB] In ts_22_57 of size 64 found num new op-mutexes 0


[t=0.119904s, 24856 KB] In ts_22_60 of size 8 found num new op-mutexes 0


[t=0.120103s, 24856 KB] In ts_22_64 of size 16 found num new op-mutexes 0
[t=0.120137s, 24856 KB] Operator mutex finished iteration 22. Found an additional 0 operator mutexes

[t=0.12036s, 24856 KB] Next pair of indices: (23, 64)
[t=0.120385s, 24856 KB] M&S algorithm main loop timer: 0.116602s (after computation of next merge)
[t=0.120478s, 24856 KB] M&S algorithm main loop timer: 0.116704s (after merging)
[t=0.12052s, 24856 KB] M&S algorithm main loop timer: 0.11674s (after pruning)

[t=0.120547s, 24856 KB] Operator mutex starting iteration 23


[t=0.12061s, 24856 KB] In ts_23_24 of size 2 found num new op-mutexes 0


[t=0.120688s, 24856 KB] In ts_23_25 of size 2 found num new op-mutexes 0


[t=0.120763s, 24856 KB] In ts_23_26 of size 2 found num new op-mutexes 0


[t=0.120843s, 24856 KB] In ts_23_27 of size 2 found num new op-mutexes 0


[t=0.120914s, 24856 KB] In ts_23_28 of size 2 found num new op-mutexes 0


[t=0.12098s, 24856 KB] In ts_23_29 of size 2 found num new op-mutexes 0


[t=0.121051s, 24856 KB] In ts_23_30 of size 2 found num new op-mutexes 0


[t=0.121122s, 24856 KB] In ts_23_31 of size 2 found num new op-mutexes 0


[t=0.121193s, 24856 KB] In ts_23_32 of size 2 found num new op-mutexes 0


[t=0.121264s, 24856 KB] In ts_23_33 of size 2 found num new op-mutexes 0


[t=0.121356s, 24856 KB] In ts_23_34 of size 2 found num new op-mutexes 0


[t=0.121429s, 24856 KB] In ts_23_35 of size 2 found num new op-mutexes 0


[t=0.121512s, 24856 KB] In ts_23_36 of size 2 found num new op-mutexes 0


[t=0.121584s, 24856 KB] In ts_23_37 of size 2 found num new op-mutexes 0


[t=0.124419s, 24856 KB] In ts_23_50 of size 512 found num new op-mutexes 0


[t=0.12487s, 24856 KB] In ts_23_57 of size 64 found num new op-mutexes 0


[t=0.125024s, 24856 KB] In ts_23_60 of size 8 found num new op-mutexes 0


[t=0.125263s, 24856 KB] In ts_23_65 of size 16 found num new op-mutexes 0
[t=0.125301s, 24856 KB] Operator mutex finished iteration 23. Found an additional 0 operator mutexes

[t=0.125517s, 24856 KB] Next pair of indices: (24, 65)
[t=0.125542s, 24856 KB] M&S algorithm main loop timer: 0.121758s (after computation of next merge)
[t=0.125634s, 24856 KB] M&S algorithm main loop timer: 0.12186s (after merging)

[t=0.125671s, 24856 KB] Operator mutex starting iteration 24


[t=0.125742s, 24856 KB] In ts_24_25 of size 2 found num new op-mutexes 0


[t=0.125817s, 24856 KB] In ts_24_26 of size 2 found num new op-mutexes 0


[t=0.125897s, 24856 KB] In ts_24_27 of size 2 found num new op-mutexes 0


[t=0.12597s, 24856 KB] In ts_24_28 of size 2 found num new op-mutexes 0


[t=0.126035s, 24856 KB] In ts_24_29 of size 2 found num new op-mutexes 0


[t=0.126115s, 24856 KB] In ts_24_30 of size 2 found num new op-mutexes 0


[t=0.126185s, 24856 KB] In ts_24_31 of size 2 found num new op-mutexes 0


[t=0.126255s, 24856 KB] In ts_24_32 of size 2 found num new op-mutexes 0


[t=0.126325s, 24856 KB] In ts_24_33 of size 2 found num new op-mutexes 0


[t=0.126394s, 24856 KB] In ts_24_34 of size 2 found num new op-mutexes 0


[t=0.126463s, 24856 KB] In ts_24_35 of size 2 found num new op-mutexes 0


[t=0.126531s, 24856 KB] In ts_24_36 of size 2 found num new op-mutexes 0


[t=0.126601s, 24856 KB] In ts_24_37 of size 2 found num new op-mutexes 0


[t=0.12946s, 24856 KB] In ts_24_50 of size 512 found num new op-mutexes 0


[t=0.129921s, 24856 KB] In ts_24_57 of size 64 found num new op-mutexes 0


[t=0.130077s, 24856 KB] In ts_24_60 of size 8 found num new op-mutexes 0


[t=0.13037s, 24856 KB] In ts_24_66 of size 32 found num new op-mutexes 0
[t=0.130406s, 24856 KB] Operator mutex finished iteration 24. Found an additional 0 operator mutexes

[t=0.130613s, 24856 KB] Next pair of indices: (25, 66)
[t=0.130637s, 24856 KB] M&S algorithm main loop timer: 0.126854s (after computation of next merge)
[t=0.130796s, 24856 KB] M&S algorithm main loop timer: 0.12702s (after merging)

[t=0.130833s, 24856 KB] Operator mutex starting iteration 25


[t=0.130906s, 24856 KB] In ts_25_26 of size 2 found num new op-mutexes 0


[t=0.130982s, 24856 KB] In ts_25_27 of size 2 found num new op-mutexes 0


[t=0.131055s, 24856 KB] In ts_25_28 of size 2 found num new op-mutexes 0


[t=0.131121s, 24856 KB] In ts_25_29 of size 2 found num new op-mutexes 0


[t=0.131193s, 24856 KB] In ts_25_30 of size 2 found num new op-mutexes 0


[t=0.131264s, 24856 KB] In ts_25_31 of size 2 found num new op-mutexes 0


[t=0.131335s, 24856 KB] In ts_25_32 of size 2 found num new op-mutexes 0


[t=0.131405s, 24856 KB] In ts_25_33 of size 2 found num new op-mutexes 0


[t=0.131476s, 24856 KB] In ts_25_34 of size 2 found num new op-mutexes 0


[t=0.131546s, 24856 KB] In ts_25_35 of size 2 found num new op-mutexes 0


[t=0.131617s, 24856 KB] In ts_25_36 of size 2 found num new op-mutexes 0


[t=0.131687s, 24856 KB] In ts_25_37 of size 2 found num new op-mutexes 0


[t=0.134532s, 24856 KB] In ts_25_50 of size 512 found num new op-mutexes 0


[t=0.134984s, 24856 KB] In ts_25_57 of size 64 found num new op-mutexes 0


[t=0.135138s, 24856 KB] In ts_25_60 of size 8 found num new op-mutexes 0


[t=0.135627s, 24856 KB] In ts_25_67 of size 64 found num new op-mutexes 0
[t=0.135666s, 24856 KB] Operator mutex finished iteration 25. Found an additional 0 operator mutexes

[t=0.135871s, 24856 KB] Next pair of indices: (26, 67)
[t=0.135896s, 24856 KB] M&S algorithm main loop timer: 0.132113s (after computation of next merge)
[t=0.13617s, 24856 KB] M&S algorithm main loop timer: 0.132404s (after merging)
[t=0.136263s, 24856 KB] M&S algorithm main loop timer: 0.132487s (after pruning)

[t=0.136295s, 24856 KB] Operator mutex starting iteration 26


[t=0.136369s, 24856 KB] In ts_26_27 of size 2 found num new op-mutexes 0


[t=0.136447s, 24856 KB] In ts_26_28 of size 2 found num new op-mutexes 0


[t=0.136514s, 24856 KB] In ts_26_29 of size 2 found num new op-mutexes 0


[t=0.136586s, 24856 KB] In ts_26_30 of size 2 found num new op-mutexes 0


[t=0.136658s, 24856 KB] In ts_26_31 of size 2 found num new op-mutexes 0


[t=0.136729s, 24856 KB] In ts_26_32 of size 2 found num new op-mutexes 0


[t=0.1368s, 24856 KB] In ts_26_33 of size 2 found num new op-mutexes 0


[t=0.13687s, 24856 KB] In ts_26_34 of size 2 found num new op-mutexes 0


[t=0.136941s, 24856 KB] In ts_26_35 of size 2 found num new op-mutexes 0


[t=0.13701s, 24856 KB] In ts_26_36 of size 2 found num new op-mutexes 0


[t=0.137081s, 24856 KB] In ts_26_37 of size 2 found num new op-mutexes 0


[t=0.139933s, 24856 KB] In ts_26_50 of size 512 found num new op-mutexes 0


[t=0.140392s, 24856 KB] In ts_26_57 of size 64 found num new op-mutexes 0


[t=0.140562s, 24856 KB] In ts_26_60 of size 8 found num new op-mutexes 0


[t=0.141046s, 24856 KB] In ts_26_68 of size 64 found num new op-mutexes 0
[t=0.141085s, 24856 KB] Operator mutex finished iteration 26. Found an additional 0 operator mutexes

[t=0.141305s, 24856 KB] Next pair of indices: (27, 68)
[t=0.141332s, 24856 KB] M&S algorithm main loop timer: 0.13755s (after computation of next merge)
[t=0.141615s, 24856 KB] M&S algorithm main loop timer: 0.137847s (after merging)

[t=0.141672s, 24856 KB] Operator mutex starting iteration 27


[t=0.141751s, 24856 KB] In ts_27_28 of size 2 found num new op-mutexes 0


[t=0.141822s, 24856 KB] In ts_27_29 of size 2 found num new op-mutexes 0


[t=0.141897s, 24856 KB] In ts_27_30 of size 2 found num new op-mutexes 0


[t=0.14197s, 24856 KB] In ts_27_31 of size 2 found num new op-mutexes 0


[t=0.142052s, 24856 KB] In ts_27_32 of size 2 found num new op-mutexes 0


[t=0.142127s, 24856 KB] In ts_27_33 of size 2 found num new op-mutexes 0


[t=0.142199s, 24856 KB] In ts_27_34 of size 2 found num new op-mutexes 0


[t=0.142269s, 24856 KB] In ts_27_35 of size 2 found num new op-mutexes 0


[t=0.142339s, 24856 KB] In ts_27_36 of size 2 found num new op-mutexes 0


[t=0.142409s, 24856 KB] In ts_27_37 of size 2 found num new op-mutexes 0


[t=0.14528s, 24856 KB] In ts_27_50 of size 512 found num new op-mutexes 0


[t=0.145776s, 24856 KB] In ts_27_57 of size 64 found num new op-mutexes 0


[t=0.145933s, 24856 KB] In ts_27_60 of size 8 found num new op-mutexes 0


[t=0.14694s, 24856 KB] In ts_27_69 of size 128 found num new op-mutexes 0
[t=0.146978s, 24856 KB] Operator mutex finished iteration 27. Found an additional 0 operator mutexes

[t=0.147164s, 24856 KB] Next pair of indices: (28, 69)
[t=0.147189s, 24856 KB] M&S algorithm main loop timer: 0.143406s (after computation of next merge)
[t=0.147702s, 24856 KB] M&S algorithm main loop timer: 0.143936s (after merging)
[t=0.147817s, 24856 KB] M&S algorithm main loop timer: 0.144041s (after pruning)

[t=0.147849s, 24856 KB] Operator mutex starting iteration 28


[t=0.147921s, 24856 KB] In ts_28_29 of size 2 found num new op-mutexes 0


[t=0.147999s, 24856 KB] In ts_28_30 of size 2 found num new op-mutexes 0


[t=0.148074s, 24856 KB] In ts_28_31 of size 2 found num new op-mutexes 0


[t=0.148155s, 24856 KB] In ts_28_32 of size 2 found num new op-mutexes 0


[t=0.148229s, 24856 KB] In ts_28_33 of size 2 found num new op-mutexes 0


[t=0.1483s, 24856 KB] In ts_28_34 of size 2 found num new op-mutexes 0


[t=0.148371s, 24856 KB] In ts_28_35 of size 2 found num new op-mutexes 0


[t=0.148441s, 24856 KB] In ts_28_36 of size 2 found num new op-mutexes 0


[t=0.148511s, 24856 KB] In ts_28_37 of size 2 found num new op-mutexes 0


[t=0.151377s, 24856 KB] In ts_28_50 of size 512 found num new op-mutexes 0


[t=0.151833s, 24856 KB] In ts_28_57 of size 64 found num new op-mutexes 0


[t=0.151986s, 24856 KB] In ts_28_60 of size 8 found num new op-mutexes 0


[t=0.152985s, 24856 KB] In ts_28_70 of size 128 found num new op-mutexes 0
[t=0.153026s, 24856 KB] Operator mutex finished iteration 28. Found an additional 0 operator mutexes

[t=0.153202s, 24856 KB] Next pair of indices: (29, 70)
[t=0.153226s, 24856 KB] M&S algorithm main loop timer: 0.149453s (after computation of next merge)
[t=0.153769s, 24856 KB] M&S algorithm main loop timer: 0.150004s (after merging)

[t=0.153829s, 24856 KB] Operator mutex starting iteration 29


[t=0.153916s, 24856 KB] In ts_29_30 of size 2 found num new op-mutexes 0


[t=0.153994s, 24856 KB] In ts_29_31 of size 2 found num new op-mutexes 0


[t=0.15407s, 24856 KB] In ts_29_32 of size 2 found num new op-mutexes 0


[t=0.154144s, 24856 KB] In ts_29_33 of size 2 found num new op-mutexes 0


[t=0.154216s, 24856 KB] In ts_29_34 of size 2 found num new op-mutexes 0


[t=0.154296s, 24856 KB] In ts_29_35 of size 2 found num new op-mutexes 0


[t=0.154368s, 24856 KB] In ts_29_36 of size 2 found num new op-mutexes 0


[t=0.154439s, 24856 KB] In ts_29_37 of size 2 found num new op-mutexes 0


[t=0.1573s, 24856 KB] In ts_29_50 of size 512 found num new op-mutexes 0


[t=0.157778s, 24856 KB] In ts_29_57 of size 64 found num new op-mutexes 0


[t=0.157935s, 24856 KB] In ts_29_60 of size 8 found num new op-mutexes 0


[t=0.159936s, 24856 KB] In ts_29_71 of size 256 found num new op-mutexes 0
[t=0.159977s, 24856 KB] Operator mutex finished iteration 29. Found an additional 0 operator mutexes

[t=0.160149s, 24856 KB] Next pair of indices: (30, 71)
[t=0.160174s, 24856 KB] M&S algorithm main loop timer: 0.156391s (after computation of next merge)
[t=0.161328s, 24856 KB] M&S algorithm main loop timer: 0.15757s (after merging)

[t=0.161413s, 24856 KB] Operator mutex starting iteration 30


[t=0.161496s, 24856 KB] In ts_30_31 of size 2 found num new op-mutexes 0


[t=0.161575s, 24856 KB] In ts_30_32 of size 2 found num new op-mutexes 0


[t=0.161649s, 24856 KB] In ts_30_33 of size 2 found num new op-mutexes 0


[t=0.161731s, 24856 KB] In ts_30_34 of size 2 found num new op-mutexes 0


[t=0.161803s, 24856 KB] In ts_30_35 of size 2 found num new op-mutexes 0


[t=0.161873s, 24856 KB] In ts_30_36 of size 2 found num new op-mutexes 0


[t=0.161944s, 24856 KB] In ts_30_37 of size 2 found num new op-mutexes 0


[t=0.164806s, 24856 KB] In ts_30_50 of size 512 found num new op-mutexes 0


[t=0.165268s, 24856 KB] In ts_30_57 of size 64 found num new op-mutexes 0


[t=0.165423s, 24856 KB] In ts_30_60 of size 8 found num new op-mutexes 0


[t=0.169997s, 25488 KB] In ts_30_72 of size 512 found num new op-mutexes 0
[t=0.170049s, 25488 KB] Operator mutex finished iteration 30. Found an additional 0 operator mutexes

[t=0.170233s, 25488 KB] Next pair of indices: (31, 72)
[t=0.17027s, 25488 KB] M&S algorithm main loop timer: 0.166489s (after computation of next merge)
[t=0.172564s, 25488 KB] M&S algorithm main loop timer: 0.168815s (after merging)
[t=0.17297s, 25488 KB] M&S algorithm main loop timer: 0.169198s (after pruning)

[t=0.173006s, 25488 KB] Operator mutex starting iteration 31


[t=0.173088s, 25488 KB] In ts_31_32 of size 2 found num new op-mutexes 0


[t=0.173168s, 25488 KB] In ts_31_33 of size 2 found num new op-mutexes 0


[t=0.173242s, 25488 KB] In ts_31_34 of size 2 found num new op-mutexes 0


[t=0.173314s, 25488 KB] In ts_31_35 of size 2 found num new op-mutexes 0


[t=0.173386s, 25488 KB] In ts_31_36 of size 2 found num new op-mutexes 0


[t=0.173466s, 25488 KB] In ts_31_37 of size 2 found num new op-mutexes 0


[t=0.176358s, 25488 KB] In ts_31_50 of size 512 found num new op-mutexes 0


[t=0.176829s, 25488 KB] In ts_31_57 of size 64 found num new op-mutexes 0


[t=0.177001s, 25488 KB] In ts_31_60 of size 8 found num new op-mutexes 0


[t=0.181306s, 25488 KB] In ts_31_73 of size 512 found num new op-mutexes 0
[t=0.181362s, 25488 KB] Operator mutex finished iteration 31. Found an additional 0 operator mutexes

[t=0.181529s, 25488 KB] Next pair of indices: (32, 73)
[t=0.181554s, 25488 KB] M&S algorithm main loop timer: 0.177771s (after computation of next merge)
[t=0.184265s, 25488 KB] M&S algorithm main loop timer: 0.180528s (after merging)

[t=0.18441s, 25488 KB] Operator mutex starting iteration 32


[t=0.184499s, 25488 KB] In ts_32_33 of size 2 found num new op-mutexes 0


[t=0.184579s, 25488 KB] In ts_32_34 of size 2 found num new op-mutexes 0


[t=0.184655s, 25488 KB] In ts_32_35 of size 2 found num new op-mutexes 0


[t=0.184728s, 25488 KB] In ts_32_36 of size 2 found num new op-mutexes 0


[t=0.184801s, 25488 KB] In ts_32_37 of size 2 found num new op-mutexes 0


[t=0.18771s, 25488 KB] In ts_32_50 of size 512 found num new op-mutexes 0


[t=0.188172s, 25488 KB] In ts_32_57 of size 64 found num new op-mutexes 0


[t=0.188329s, 25488 KB] In ts_32_60 of size 8 found num new op-mutexes 0


[t=0.200333s, 27668 KB] In ts_32_74 of size 1024 found num new op-mutexes 0
[t=0.200416s, 27668 KB] Operator mutex finished iteration 32. Found an additional 0 operator mutexes

[t=0.200619s, 27668 KB] Next pair of indices: (33, 74)
[t=0.200645s, 27668 KB] M&S algorithm main loop timer: 0.196862s (after computation of next merge)
[t=0.206722s, 27668 KB] M&S algorithm main loop timer: 0.202966s (after merging)
[t=0.207648s, 27668 KB] M&S algorithm main loop timer: 0.203883s (after pruning)

[t=0.207691s, 27668 KB] Operator mutex starting iteration 33


[t=0.207768s, 27668 KB] In ts_33_34 of size 2 found num new op-mutexes 0


[t=0.207863s, 27668 KB] In ts_33_35 of size 2 found num new op-mutexes 0


[t=0.207938s, 27668 KB] In ts_33_36 of size 2 found num new op-mutexes 0


[t=0.208014s, 27668 KB] In ts_33_37 of size 2 found num new op-mutexes 0


[t=0.210855s, 27668 KB] In ts_33_50 of size 512 found num new op-mutexes 0


[t=0.211329s, 27668 KB] In ts_33_57 of size 64 found num new op-mutexes 0


[t=0.211492s, 27668 KB] In ts_33_60 of size 8 found num new op-mutexes 0


[t=0.222217s, 27964 KB] In ts_33_75 of size 1024 found num new op-mutexes 0
[t=0.222296s, 27964 KB] Operator mutex finished iteration 33. Found an additional 0 operator mutexes

[t=0.222478s, 27964 KB] Next pair of indices: (34, 75)
[t=0.222505s, 27964 KB] M&S algorithm main loop timer: 0.218722s (after computation of next merge)
[t=0.228493s, 27964 KB] M&S algorithm main loop timer: 0.224738s (after merging)

[t=0.228661s, 27964 KB] Operator mutex starting iteration 34


[t=0.22876s, 27964 KB] In ts_34_35 of size 2 found num new op-mutexes 0


[t=0.228839s, 27964 KB] In ts_34_36 of size 2 found num new op-mutexes 0


[t=0.228925s, 27964 KB] In ts_34_37 of size 2 found num new op-mutexes 0


[t=0.231792s, 27964 KB] In ts_34_50 of size 512 found num new op-mutexes 0


[t=0.232271s, 27964 KB] In ts_34_57 of size 64 found num new op-mutexes 0


[t=0.232434s, 27964 KB] In ts_34_60 of size 8 found num new op-mutexes 0


[t=0.255885s, 31812 KB] In ts_34_76 of size 2048 found num new op-mutexes 0
[t=0.255985s, 31812 KB] Operator mutex finished iteration 34. Found an additional 0 operator mutexes

[t=0.256197s, 31812 KB] Next pair of indices: (35, 76)
[t=0.256223s, 31812 KB] M&S algorithm main loop timer: 0.25244s (after computation of next merge)
[t=0.269534s, 31812 KB] M&S algorithm main loop timer: 0.265798s (after merging)
[t=0.271274s, 31812 KB] M&S algorithm main loop timer: 0.267501s (after pruning)

[t=0.27131s, 31812 KB] Operator mutex starting iteration 35


[t=0.271392s, 31812 KB] In ts_35_36 of size 2 found num new op-mutexes 0


[t=0.271472s, 31812 KB] In ts_35_37 of size 2 found num new op-mutexes 0


[t=0.27436s, 31812 KB] In ts_35_50 of size 512 found num new op-mutexes 0


[t=0.27482s, 31812 KB] In ts_35_57 of size 64 found num new op-mutexes 0


[t=0.274977s, 31812 KB] In ts_35_60 of size 8 found num new op-mutexes 0


[t=0.296282s, 32428 KB] In ts_35_77 of size 2048 found num new op-mutexes 0
[t=0.296379s, 32428 KB] Operator mutex finished iteration 35. Found an additional 0 operator mutexes

[t=0.296582s, 32428 KB] Next pair of indices: (36, 77)
[t=0.296608s, 32428 KB] M&S algorithm main loop timer: 0.292825s (after computation of next merge)
[t=0.311676s, 32428 KB] M&S algorithm main loop timer: 0.307944s (after merging)

[t=0.31198s, 32428 KB] Operator mutex starting iteration 36


[t=0.312095s, 32428 KB] In ts_36_37 of size 2 found num new op-mutexes 0


[t=0.314978s, 32428 KB] In ts_36_50 of size 512 found num new op-mutexes 0


[t=0.315453s, 32428 KB] In ts_36_57 of size 64 found num new op-mutexes 0


[t=0.315611s, 32428 KB] In ts_36_60 of size 8 found num new op-mutexes 0


[t=0.369977s, 41556 KB] In ts_36_78 of size 4096 found num new op-mutexes 0
[t=0.370082s, 41556 KB] Operator mutex finished iteration 36. Found an additional 0 operator mutexes

[t=0.370339s, 41556 KB] Next pair of indices: (37, 78)
[t=0.370366s, 41556 KB] M&S algorithm main loop timer: 0.366583s (after computation of next merge)
[t=0.402653s, 41556 KB] M&S algorithm main loop timer: 0.398934s (after merging)
[t=0.406742s, 41556 KB] M&S algorithm main loop timer: 0.402977s (after pruning)

[t=0.406788s, 41556 KB] Operator mutex starting iteration 37


[t=0.409653s, 41556 KB] In ts_37_50 of size 512 found num new op-mutexes 0


[t=0.410137s, 41556 KB] In ts_37_57 of size 64 found num new op-mutexes 0


[t=0.410302s, 41556 KB] In ts_37_60 of size 8 found num new op-mutexes 0


[t=0.458197s, 42532 KB] In ts_37_79 of size 4096 found num new op-mutexes 0
[t=0.4583s, 42532 KB] Operator mutex finished iteration 37. Found an additional 0 operator mutexes

[t=0.458541s, 42532 KB] Next pair of indices: (60, 79)
[t=0.458567s, 42532 KB] M&S algorithm main loop timer: 0.454784s (after computation of next merge)
[t=0.606401s, 48536 KB] M&S algorithm main loop timer: 0.602683s (after merging)

[t=0.60831s, 48536 KB] Operator mutex starting iteration 38


[t=0.611197s, 48536 KB] In ts_38_50 of size 512 found num new op-mutexes 0


[t=0.611703s, 48536 KB] In ts_38_57 of size 64 found num new op-mutexes 0
[t=0.618489s, 50964 KB] Operator mutex finished iteration 38. Found an additional 0 operator mutexes

[t=0.620302s, 50964 KB] Next pair of indices: (57, 80)
[t=0.620333s, 50964 KB] M&S algorithm main loop timer: 0.616552s (after computation of next merge)
[t=0.802607s, 59264 KB] M&S algorithm main loop timer: 0.799147s (after shrinking)
[t=0.80407s, 59264 KB] M&S algorithm main loop timer: 0.800308s (after merging)

[t=0.804148s, 59264 KB] Operator mutex starting iteration 39


[t=0.807027s, 59264 KB] In ts_39_50 of size 512 found num new op-mutexes 0


[t=0.812722s, 59264 KB] In ts_39_81 of size 448 found num new op-mutexes 0
[t=0.812781s, 59264 KB] Operator mutex finished iteration 39. Found an additional 0 operator mutexes

[t=0.812816s, 59264 KB] Next pair of indices: (50, 81)
[t=0.812839s, 59264 KB] M&S algorithm main loop timer: 0.809055s (after computation of next merge)
[t=0.81586s, 59264 KB] M&S algorithm main loop timer: 0.8121s (after shrinking)
[t=0.816932s, 59264 KB] M&S algorithm main loop timer: 0.81316s (after merging)

[t=0.81699s, 59264 KB] Operator mutex starting iteration 40


[t=0.822532s, 59264 KB] In ts_40_82 of size 330 found num new op-mutexes 0
[t=0.82258s, 59264 KB] Operator mutex finished iteration 40. Found an additional 0 operator mutexes

[t=0.822611s, 59264 KB] End of merge-and-shrink algorithm, statistics:
[t=0.822631s, 59264 KB] Main loop runtime: 0.818848s
[t=0.822652s, 59264 KB] Maximum intermediate abstraction size: 32768
[t=0.822671s, 59264 KB] Final peak memory increase of merge-and-shrink algorithm: 36664 KB
[t=0.822701s, 59264 KB] Merge-and-shrink algorithm runtime: 0.820289s

[t=0.822724s, 59264 KB] Number of labels: 128
[t=0.822742s, 59264 KB] Total number of operator mutexes: 0
[t=0.82276s, 59264 KB] Operator Mutex total time: 0.375048s
[t=0.822786s, 59264 KB] Number of remaining factors: 1
[t=0.822811s, 59264 KB] Number of factors kept: 1
[t=0.822829s, 59264 KB] Done initializing merge-and-shrink heuristic.

[t=0.822943s, 59264 KB] Building successor generator...done!
[t=0.823094s, 59264 KB] peak memory difference for successor generator creation: 0 KB
[t=0.823111s, 59264 KB] time for successor generation creation: 7.763e-05s
[t=0.823136s, 59264 KB] Variables: 42
[t=0.823155s, 59264 KB] FactPairs: 84
[t=0.823173s, 59264 KB] Bytes per state: 8
[t=0.823291s, 59264 KB] Conducting best first search with reopening closed nodes, (real) bound = 2147483647
[t=0.823348s, 59264 KB] New best heuristic value for merge_and_shrink(op_mutex = op_mutex(use_previous_ops = nasutpo, reachability_strategy = goal)): 5
[t=0.823372s, 59264 KB] g=0, 1 evaluated, 0 expanded
[t=0.823393s, 59264 KB] f = 5, 1 evaluated, 0 expanded
[t=0.823414s, 59264 KB] Initial heuristic value for merge_and_shrink(op_mutex = op_mutex(use_previous_ops = nasutpo, reachability_strategy = goal)): 5
[t=0.823434s, 59264 KB] pruning method: none
[t=0.823471s, 59264 KB] New best heuristic value for merge_and_shrink(op_mutex = op_mutex(use_previous_ops = nasutpo, reachability_strategy = goal)): 4
[t=0.823493s, 59264 KB] g=1, 2 evaluated, 1 expanded
[t=0.823556s, 59264 KB] f = 6, 16 evaluated, 3 expanded
[t=0.823608s, 59264 KB] New best heuristic value for merge_and_shrink(op_mutex = op_mutex(use_previous_ops = nasutpo, reachability_strategy = goal)): 3
[t=0.823632s, 59264 KB] g=3, 21 evaluated, 5 expanded
[t=0.82367s, 59264 KB] New best heuristic value for merge_and_shrink(op_mutex = op_mutex(use_previous_ops = nasutpo, reachability_strategy = goal)): 2
[t=0.823692s, 59264 KB] g=4, 27 evaluated, 6 expanded
[t=0.823783s, 59264 KB] f = 7, 51 evaluated, 14 expanded
[t=0.824031s, 59264 KB] f = 8, 127 evaluated, 54 expanded
[t=0.824081s, 59264 KB] New best heuristic value for merge_and_shrink(op_mutex = op_mutex(use_previous_ops = nasutpo, reachability_strategy = goal)): 1
[t=0.824104s, 59264 KB] g=7, 131 evaluated, 56 expanded
[t=0.824473s, 59264 KB] f = 9, 250 evaluated, 119 expanded
[t=0.825036s, 59264 KB] f = 10, 427 evaluated, 217 expanded
[t=0.825886s, 59264 KB] f = 11, 678 evaluated, 380 expanded
[t=0.826935s, 59264 KB] f = 12, 969 evaluated, 618 expanded
[t=0.826972s, 59264 KB] New best heuristic value for merge_and_shrink(op_mutex = op_mutex(use_previous_ops = nasutpo, reachability_strategy = goal)): 0
[t=0.826996s, 59264 KB] g=12, 970 evaluated, 619 expanded
[t=0.827019s, 59264 KB] Solution found!
[t=0.827042s, 59264 KB] Actual search time: 0.00360544s
pop-unitarypipe s13 b1 a1 a3 b5 lco oca1 (1)
push-unitarypipe s12 b0 a1 a2 b4 oc1b lco (1)
push-unitarypipe s12 b5 a1 a2 b0 oca1 oc1b (1)
push-unitarypipe s12 b2 a1 a2 b5 gasoleo oca1 (1)
pop-unitarypipe s12 b4 a1 a2 b2 lco gasoleo (1)
push-unitarypipe s12 b3 a1 a2 b4 rat-a lco (1)
push-unitarypipe s12 b2 a1 a2 b3 gasoleo rat-a (1)
pop-unitarypipe s12 b4 a1 a2 b2 lco gasoleo (1)
pop-unitarypipe s12 b3 a1 a2 b4 rat-a lco (1)
push-unitarypipe s13 b2 a1 a3 b1 gasoleo lco (1)
push-unitarypipe s13 b4 a1 a3 b2 lco gasoleo (1)
pop-unitarypipe s13 b1 a1 a3 b4 lco lco (1)
[t=0.827063s, 59264 KB] Plan length: 12 step(s).
[t=0.827063s, 59264 KB] Plan cost: 12
[t=0.827063s, 59264 KB] Expanded 620 state(s).
[t=0.827063s, 59264 KB] Reopened 0 state(s).
[t=0.827063s, 59264 KB] Evaluated 970 state(s).
[t=0.827063s, 59264 KB] Evaluations: 970
[t=0.827063s, 59264 KB] Generated 2924 state(s).
[t=0.827063s, 59264 KB] Dead ends: 0 state(s).
[t=0.827063s, 59264 KB] Expanded until last jump: 618 state(s).
[t=0.827063s, 59264 KB] Reopened until last jump: 0 state(s).
[t=0.827063s, 59264 KB] Evaluated until last jump: 969 state(s).
[t=0.827063s, 59264 KB] Generated until last jump: 2922 state(s).
[t=0.827063s, 59264 KB] Number of registered states: 970
[t=0.827063s, 59264 KB] Int hash set load factor: 970/1024 = 0.947266
[t=0.827063s, 59264 KB] Int hash set resizes: 10
[t=0.827063s, 59264 KB] Search time: 0.00377318s
[t=0.827063s, 59264 KB] Total time: 0.827063s
Solution found.
Peak memory: 59264 KB
Remove intermediate file output.sas
search exit code: 0

INFO     Running validate.
INFO     validate stdin: None
INFO     validate time limit: None
INFO     validate memory limit: None
INFO     validate command line string: validate domain.pddl problem.pddl sas_plan
Checking plan: sas_plan
Plan executed successfully - checking goal
Plan valid
Final value: 12 

Successful plans:
Value: 12
 sas_plan 12 

validate exit code: 0

