INFO     Running translator.
INFO     translator stdin: None
INFO     translator time limit: 599.97s
INFO     translator memory limit: 7000 MB
INFO     translator command line string: /usr/bin/python3 /user/student.aau.dk/lkar18/downward-projects/downward/experiments/nopo_vs_nasutpo_vs_nelutpo/data/nopo_vs_nasutpo_vs_nelutpo/code-f7902f30c0f47512f07fb7c64cdaf652032f674a_e5e41175/builds/release/bin/translate/translate.py domain.pddl problem.pddl --sas-file output.sas
Parsing...
Parsing: [0.000s CPU, 0.005s wall-clock]
Normalizing task... [0.000s CPU, 0.000s wall-clock]
Instantiating...
Generating Datalog program... [0.000s CPU, 0.001s wall-clock]
Normalizing Datalog program...
Normalizing Datalog program: [0.010s CPU, 0.008s wall-clock]
Preparing model... [0.000s CPU, 0.004s wall-clock]
Generated 198 rules.
Computing model... [0.020s CPU, 0.012s wall-clock]
502 relevant atoms
931 auxiliary atoms
1433 final queue length
2269 total queue pushes
Completing instantiation... [0.010s CPU, 0.015s wall-clock]
Instantiating: [0.040s CPU, 0.042s wall-clock]
Computing fact groups...
Finding invariants...
24 initial candidates
Finding invariants: [0.010s CPU, 0.014s wall-clock]
Checking invariant weight... [0.000s CPU, 0.000s wall-clock]
Instantiating groups... [0.000s CPU, 0.001s wall-clock]
Collecting mutex groups... [0.000s CPU, 0.000s wall-clock]
Choosing groups...
26 uncovered facts
Choosing groups: [0.000s CPU, 0.000s wall-clock]
Building translation key... [0.010s CPU, 0.000s wall-clock]
Computing fact groups: [0.020s CPU, 0.016s wall-clock]
Building STRIPS to SAS dictionary... [0.000s CPU, 0.000s wall-clock]
Building dictionary for full mutex groups... [0.000s CPU, 0.000s wall-clock]
Building mutex information...
Building mutex information: [0.000s CPU, 0.000s wall-clock]
Translating task...
Processing axioms...
Simplifying axioms... [0.000s CPU, 0.000s wall-clock]
Translator axioms removed by simplifying: 0
Computing negative axioms... [0.000s CPU, 0.000s wall-clock]
Processing axioms: [0.000s CPU, 0.001s wall-clock]
Translating task: [0.010s CPU, 0.015s wall-clock]
213 effect conditions simplified
0 implied preconditions added
Detecting unreachable propositions...
0 operators removed
0 axioms removed
30 propositions removed
Detecting unreachable propositions: [0.000s CPU, 0.006s wall-clock]
Reordering and filtering variables...
25 of 26 variables necessary.
4 of 12 mutex groups necessary.
300 of 300 operators necessary.
0 of 0 axiom rules necessary.
Reordering and filtering variables: [0.020s CPU, 0.003s wall-clock]
Translator variables: 25
Translator derived variables: 0
Translator facts: 63
Translator goal facts: 11
Translator mutex groups: 4
Translator total mutex groups size: 10
Translator operators: 300
Translator axioms: 0
Translator task size: 2152
Translator peak memory: 43856 KB
Writing output... [0.000s CPU, 0.005s wall-clock]
Done! [0.090s CPU, 0.094s wall-clock]
translate exit code: 0

INFO     Running search (release).
INFO     search stdin: output.sas
INFO     search time limit: 599.83s
INFO     search memory limit: 7000 MB
INFO     search command line string: /user/student.aau.dk/lkar18/downward-projects/downward/experiments/nopo_vs_nasutpo_vs_nelutpo/data/nopo_vs_nasutpo_vs_nelutpo/code-f7902f30c0f47512f07fb7c64cdaf652032f674a_e5e41175/builds/release/bin/downward --search 'astar(merge_and_shrink(op_mutex=op_mutex(use_previous_ops=NeLUTPO, reachability_strategy=goal)))' --internal-plan-file sas_plan < output.sas
[t=5.2071e-05s, 22344 KB] reading input...
[t=0.00155758s, 22344 KB] done reading input!
[t=0.0030416s, 22732 KB] Initializing merge-and-shrink heuristic...
[t=0.00315373s, 22732 KB] Running merge-and-shrink algorithm...
[t=0.00319502s, 22732 KB] Merge strategy options:
[t=0.00325472s, 22732 KB] Type: stateless
[t=0.00331249s, 22732 KB] Merge selector options:
[t=0.00336867s, 22732 KB] Name: score based filtering
[t=0.00342596s, 22732 KB] Merge scoring function:
[t=0.00348115s, 22732 KB] Name: goal relevance
[t=0.00353752s, 22732 KB] Merge scoring function:
[t=0.00359234s, 22732 KB] Name: dfp
[t=0.00364703s, 22732 KB] Merge scoring function:
[t=0.00370383s, 22732 KB] Name: total order
[t=0.00376083s, 22732 KB] Atomic transition system order: reverse level
[t=0.00381856s, 22732 KB] Product transition system order: new to old
[t=0.00387491s, 22732 KB] Consider atomic before product transition systems
[t=0.00393899s, 22732 KB] Random seed: -1

[t=0.00399814s, 22732 KB] Options related to size limits and shrinking: 
[t=0.004053s, 22732 KB] Transition system size limit: 50000
[t=0.00410951s, 22732 KB] Transition system size limit right before merge: 50000
[t=0.00416482s, 22732 KB] Threshold to trigger shrinking right before merge: 1

[t=0.00422249s, 22732 KB] Pruning unreachable states: yes
[t=0.00427619s, 22732 KB] Pruning irrelevant states: yes

[t=0.00433371s, 22732 KB] Label reduction disabled

[t=0.00438992s, 22732 KB] Main loop max time in seconds: inf

[t=0.00445352s, 22732 KB] ===============================================================================
[t=0.00450827s, 22732 KB] WARNING! You did not enable label reduction.
This may drastically reduce the performance of merge-and-shrink!
[t=0.0045656s, 22732 KB] ===============================================================================

[t=0.00463159s, 22732 KB] Building atomic transition systems... 
[t=0.00570405s, 24080 KB] M&S algorithm timer: 0.0025864s (after computation of atomic factors)

[t=0.00577306s, 24080 KB] Starting main loop without a time limit.
[t=0.00599004s, 24080 KB] Next pair of indices: (0, 4)
[t=0.00603611s, 24080 KB] M&S algorithm main loop timer: 0.000308987s (after computation of next merge)
[t=0.0061823s, 24080 KB] M&S algorithm main loop timer: 0.000443488s (after merging)

[t=0.00623922s, 24080 KB] Operator mutex starting iteration 0
[t=0.00642912s, 24080 KB] In ts_0_1 of size 4 found num new op-mutexes 0
[t=0.0065762s, 24080 KB] In ts_0_2 of size 2 found num new op-mutexes 0
[t=0.00671075s, 24080 KB] In ts_0_3 of size 2 found num new op-mutexes 0
[t=0.00690731s, 24080 KB] In ts_0_5 of size 2 found num new op-mutexes 400
[t=0.00704515s, 24080 KB] In ts_0_6 of size 2 found num new op-mutexes 0
[t=0.00717718s, 24080 KB] In ts_0_7 of size 2 found num new op-mutexes 0
[t=0.00736267s, 24080 KB] In ts_0_8 of size 3 found num new op-mutexes 240
[t=0.007535s, 24080 KB] In ts_0_9 of size 4 found num new op-mutexes 0
[t=0.00767479s, 24080 KB] In ts_0_10 of size 2 found num new op-mutexes 0
[t=0.0078062s, 24080 KB] In ts_0_11 of size 2 found num new op-mutexes 0
[t=0.00796456s, 24080 KB] In ts_0_12 of size 2 found num new op-mutexes 0
[t=0.00809631s, 24080 KB] In ts_0_13 of size 2 found num new op-mutexes 0
[t=0.00828763s, 24216 KB] In ts_0_14 of size 3 found num new op-mutexes 144
[t=0.0084586s, 24216 KB] In ts_0_15 of size 4 found num new op-mutexes 0
[t=0.00860632s, 24216 KB] In ts_0_16 of size 2 found num new op-mutexes 0
[t=0.00876202s, 24216 KB] In ts_0_17 of size 2 found num new op-mutexes 0
[t=0.00889627s, 24216 KB] In ts_0_18 of size 2 found num new op-mutexes 0
[t=0.00907287s, 24216 KB] In ts_0_19 of size 4 found num new op-mutexes 0
[t=0.00925681s, 24216 KB] In ts_0_20 of size 5 found num new op-mutexes 4
[t=0.00940038s, 24216 KB] In ts_0_21 of size 2 found num new op-mutexes 0
[t=0.00953483s, 24216 KB] In ts_0_22 of size 2 found num new op-mutexes 0
[t=0.00966787s, 24216 KB] In ts_0_23 of size 2 found num new op-mutexes 0
[t=0.009793s, 24216 KB] In ts_0_24 of size 2 found num new op-mutexes 0
[t=0.00999755s, 24216 KB] In ts_0_25 of size 4 found num new op-mutexes 0
[t=0.0100662s, 24216 KB] Operator mutex finished iteration 0. Found an additional 788 operator mutexes

[t=0.0102767s, 24216 KB] Next pair of indices: (1, 3)
[t=0.0103214s, 24216 KB] M&S algorithm main loop timer: 0.00459735s (after computation of next merge)
[t=0.0104566s, 24216 KB] M&S algorithm main loop timer: 0.00471362s (after merging)

[t=0.0105085s, 24216 KB] Operator mutex starting iteration 1
[t=0.0106409s, 24216 KB] In ts_1_2 of size 2 found num new op-mutexes 0
[t=0.010796s, 24216 KB] In ts_1_5 of size 2 found num new op-mutexes 0
[t=0.0109254s, 24216 KB] In ts_1_6 of size 2 found num new op-mutexes 0
[t=0.0110926s, 24216 KB] In ts_1_7 of size 2 found num new op-mutexes 0
[t=0.011269s, 24216 KB] In ts_1_8 of size 3 found num new op-mutexes 0
[t=0.0114375s, 24216 KB] In ts_1_9 of size 4 found num new op-mutexes 0
[t=0.0115751s, 24216 KB] In ts_1_10 of size 2 found num new op-mutexes 0
[t=0.0117026s, 24216 KB] In ts_1_11 of size 2 found num new op-mutexes 0
[t=0.0118361s, 24216 KB] In ts_1_12 of size 2 found num new op-mutexes 0
[t=0.0119619s, 24216 KB] In ts_1_13 of size 2 found num new op-mutexes 0
[t=0.0121221s, 24216 KB] In ts_1_14 of size 3 found num new op-mutexes 0
[t=0.0122977s, 24216 KB] In ts_1_15 of size 4 found num new op-mutexes 0
[t=0.0124404s, 24216 KB] In ts_1_16 of size 2 found num new op-mutexes 0
[t=0.0125662s, 24216 KB] In ts_1_17 of size 2 found num new op-mutexes 0
[t=0.0126927s, 24216 KB] In ts_1_18 of size 2 found num new op-mutexes 0
[t=0.0128753s, 24216 KB] In ts_1_19 of size 4 found num new op-mutexes 0
[t=0.0130536s, 24216 KB] In ts_1_20 of size 5 found num new op-mutexes 0
[t=0.0131911s, 24216 KB] In ts_1_21 of size 2 found num new op-mutexes 0
[t=0.0133203s, 24216 KB] In ts_1_22 of size 2 found num new op-mutexes 0
[t=0.0134474s, 24216 KB] In ts_1_23 of size 2 found num new op-mutexes 0
[t=0.013573s, 24216 KB] In ts_1_24 of size 2 found num new op-mutexes 0
[t=0.0137713s, 24216 KB] In ts_1_25 of size 4 found num new op-mutexes 0
[t=0.014005s, 24216 KB] In ts_1_26 of size 8 found num new op-mutexes 0
[t=0.0140632s, 24216 KB] Operator mutex finished iteration 1. Found an additional 0 operator mutexes

[t=0.0142634s, 24216 KB] Next pair of indices: (2, 26)
[t=0.0143076s, 24216 KB] M&S algorithm main loop timer: 0.00857735s (after computation of next merge)
[t=0.0144387s, 24216 KB] M&S algorithm main loop timer: 0.00869836s (after merging)
[t=0.0145008s, 24216 KB] M&S algorithm main loop timer: 0.00876581s (after pruning)

[t=0.0145585s, 24216 KB] Operator mutex starting iteration 2
[t=0.0147153s, 24216 KB] In ts_2_5 of size 2 found num new op-mutexes 0
[t=0.0148463s, 24216 KB] In ts_2_6 of size 2 found num new op-mutexes 0
[t=0.0149751s, 24216 KB] In ts_2_7 of size 2 found num new op-mutexes 0
[t=0.0151572s, 24216 KB] In ts_2_8 of size 3 found num new op-mutexes 0
[t=0.0153247s, 24216 KB] In ts_2_9 of size 4 found num new op-mutexes 0
[t=0.015461s, 24216 KB] In ts_2_10 of size 2 found num new op-mutexes 0
[t=0.0155896s, 24216 KB] In ts_2_11 of size 2 found num new op-mutexes 0
[t=0.015735s, 24216 KB] In ts_2_12 of size 2 found num new op-mutexes 0
[t=0.015864s, 24216 KB] In ts_2_13 of size 2 found num new op-mutexes 0
[t=0.0160261s, 24216 KB] In ts_2_14 of size 3 found num new op-mutexes 0
[t=0.0161938s, 24216 KB] In ts_2_15 of size 4 found num new op-mutexes 0
[t=0.0163375s, 24216 KB] In ts_2_16 of size 2 found num new op-mutexes 0
[t=0.0164655s, 24216 KB] In ts_2_17 of size 2 found num new op-mutexes 0
[t=0.0165921s, 24216 KB] In ts_2_18 of size 2 found num new op-mutexes 0
[t=0.0167915s, 24216 KB] In ts_2_19 of size 4 found num new op-mutexes 0
[t=0.0169733s, 24216 KB] In ts_2_20 of size 5 found num new op-mutexes 0
[t=0.0171141s, 24216 KB] In ts_2_21 of size 2 found num new op-mutexes 0
[t=0.017246s, 24216 KB] In ts_2_22 of size 2 found num new op-mutexes 0
[t=0.0173746s, 24216 KB] In ts_2_23 of size 2 found num new op-mutexes 0
[t=0.0174978s, 24216 KB] In ts_2_24 of size 2 found num new op-mutexes 0
[t=0.0176996s, 24216 KB] In ts_2_25 of size 4 found num new op-mutexes 0
[t=0.0182263s, 24216 KB] In ts_2_27 of size 10 found num new op-mutexes 2384
[t=0.0182928s, 24216 KB] Operator mutex finished iteration 2. Found an additional 2384 operator mutexes

[t=0.018491s, 24216 KB] Next pair of indices: (5, 8)
[t=0.0185364s, 24216 KB] M&S algorithm main loop timer: 0.0128045s (after computation of next merge)
[t=0.0186578s, 24216 KB] M&S algorithm main loop timer: 0.012914s (after merging)
[t=0.0187187s, 24216 KB] M&S algorithm main loop timer: 0.0129867s (after pruning)

[t=0.0187793s, 24216 KB] Operator mutex starting iteration 3
[t=0.0189175s, 24216 KB] In ts_3_6 of size 2 found num new op-mutexes 0
[t=0.0190468s, 24216 KB] In ts_3_7 of size 2 found num new op-mutexes 0
[t=0.0192134s, 24216 KB] In ts_3_9 of size 4 found num new op-mutexes 0
[t=0.0193504s, 24216 KB] In ts_3_10 of size 2 found num new op-mutexes 0
[t=0.0194784s, 24216 KB] In ts_3_11 of size 2 found num new op-mutexes 0
[t=0.0196142s, 24216 KB] In ts_3_12 of size 2 found num new op-mutexes 0
[t=0.0197413s, 24216 KB] In ts_3_13 of size 2 found num new op-mutexes 0
[t=0.0199094s, 24216 KB] In ts_3_14 of size 3 found num new op-mutexes 0
[t=0.0200885s, 24216 KB] In ts_3_15 of size 4 found num new op-mutexes 0
[t=0.0202322s, 24216 KB] In ts_3_16 of size 2 found num new op-mutexes 0
[t=0.0203603s, 24216 KB] In ts_3_17 of size 2 found num new op-mutexes 0
[t=0.0204877s, 24216 KB] In ts_3_18 of size 2 found num new op-mutexes 0
[t=0.0206471s, 24216 KB] In ts_3_19 of size 4 found num new op-mutexes 0
[t=0.0208707s, 24216 KB] In ts_3_20 of size 5 found num new op-mutexes 0
[t=0.0210145s, 24216 KB] In ts_3_21 of size 2 found num new op-mutexes 0
[t=0.0211572s, 24216 KB] In ts_3_22 of size 2 found num new op-mutexes 0
[t=0.0212864s, 24216 KB] In ts_3_23 of size 2 found num new op-mutexes 0
[t=0.0214078s, 24216 KB] In ts_3_24 of size 2 found num new op-mutexes 0
[t=0.021609s, 24216 KB] In ts_3_25 of size 4 found num new op-mutexes 0
[t=0.022073s, 24216 KB] In ts_3_27 of size 10 found num new op-mutexes 0
[t=0.0223534s, 24216 KB] In ts_3_28 of size 5 found num new op-mutexes 0
[t=0.022414s, 24216 KB] Operator mutex finished iteration 3. Found an additional 0 operator mutexes

[t=0.0226075s, 24216 KB] Next pair of indices: (6, 9)
[t=0.0226522s, 24216 KB] M&S algorithm main loop timer: 0.01692s (after computation of next merge)
[t=0.0227745s, 24216 KB] M&S algorithm main loop timer: 0.0170398s (after merging)

[t=0.0228346s, 24216 KB] Operator mutex starting iteration 4
[t=0.0229755s, 24216 KB] In ts_4_7 of size 2 found num new op-mutexes 0
[t=0.0231114s, 24216 KB] In ts_4_10 of size 2 found num new op-mutexes 0
[t=0.0232385s, 24216 KB] In ts_4_11 of size 2 found num new op-mutexes 0
[t=0.023371s, 24216 KB] In ts_4_12 of size 2 found num new op-mutexes 0
[t=0.0234959s, 24216 KB] In ts_4_13 of size 2 found num new op-mutexes 0
[t=0.0236623s, 24216 KB] In ts_4_14 of size 3 found num new op-mutexes 0
[t=0.0238277s, 24216 KB] In ts_4_15 of size 4 found num new op-mutexes 0
[t=0.0239795s, 24216 KB] In ts_4_16 of size 2 found num new op-mutexes 0
[t=0.0241053s, 24216 KB] In ts_4_17 of size 2 found num new op-mutexes 0
[t=0.0242316s, 24216 KB] In ts_4_18 of size 2 found num new op-mutexes 0
[t=0.0243921s, 24216 KB] In ts_4_19 of size 4 found num new op-mutexes 0
[t=0.0245696s, 24216 KB] In ts_4_20 of size 5 found num new op-mutexes 0
[t=0.0247071s, 24216 KB] In ts_4_21 of size 2 found num new op-mutexes 0
[t=0.0248705s, 24216 KB] In ts_4_22 of size 2 found num new op-mutexes 0
[t=0.0249999s, 24216 KB] In ts_4_23 of size 2 found num new op-mutexes 0
[t=0.025129s, 24216 KB] In ts_4_24 of size 2 found num new op-mutexes 0
[t=0.0253297s, 24216 KB] In ts_4_25 of size 4 found num new op-mutexes 0
[t=0.025812s, 24216 KB] In ts_4_27 of size 10 found num new op-mutexes 0
[t=0.0260834s, 24216 KB] In ts_4_28 of size 5 found num new op-mutexes 0
[t=0.0263186s, 24216 KB] In ts_4_29 of size 8 found num new op-mutexes 0
[t=0.0263771s, 24216 KB] Operator mutex finished iteration 4. Found an additional 0 operator mutexes

[t=0.0265629s, 24216 KB] Next pair of indices: (7, 10)
[t=0.0266068s, 24216 KB] M&S algorithm main loop timer: 0.0208746s (after computation of next merge)
[t=0.0267163s, 24216 KB] M&S algorithm main loop timer: 0.0209767s (after merging)

[t=0.0267708s, 24216 KB] Operator mutex starting iteration 5
[t=0.0269035s, 24216 KB] In ts_5_11 of size 2 found num new op-mutexes 0
[t=0.0270458s, 24216 KB] In ts_5_12 of size 2 found num new op-mutexes 0
[t=0.0271733s, 24216 KB] In ts_5_13 of size 2 found num new op-mutexes 0
[t=0.0273406s, 24216 KB] In ts_5_14 of size 3 found num new op-mutexes 0
[t=0.0275056s, 24216 KB] In ts_5_15 of size 4 found num new op-mutexes 0
[t=0.0276472s, 24216 KB] In ts_5_16 of size 2 found num new op-mutexes 0
[t=0.0277946s, 24216 KB] In ts_5_17 of size 2 found num new op-mutexes 0
[t=0.0279313s, 24216 KB] In ts_5_18 of size 2 found num new op-mutexes 0
[t=0.0281004s, 24216 KB] In ts_5_19 of size 4 found num new op-mutexes 0
[t=0.0282879s, 24216 KB] In ts_5_20 of size 5 found num new op-mutexes 0
[t=0.0284257s, 24216 KB] In ts_5_21 of size 2 found num new op-mutexes 0
[t=0.0285671s, 24216 KB] In ts_5_22 of size 2 found num new op-mutexes 0
[t=0.0287048s, 24216 KB] In ts_5_23 of size 2 found num new op-mutexes 0
[t=0.0288713s, 24216 KB] In ts_5_24 of size 2 found num new op-mutexes 0
[t=0.0290801s, 24216 KB] In ts_5_25 of size 4 found num new op-mutexes 0
[t=0.0295491s, 24216 KB] In ts_5_27 of size 10 found num new op-mutexes 0
[t=0.0298231s, 24216 KB] In ts_5_28 of size 5 found num new op-mutexes 0
[t=0.0300709s, 24216 KB] In ts_5_29 of size 8 found num new op-mutexes 0
[t=0.0302361s, 24216 KB] In ts_5_30 of size 4 found num new op-mutexes 0
[t=0.0302928s, 24216 KB] Operator mutex finished iteration 5. Found an additional 0 operator mutexes

[t=0.0304775s, 24216 KB] Next pair of indices: (11, 14)
[t=0.030521s, 24216 KB] M&S algorithm main loop timer: 0.0247921s (after computation of next merge)
[t=0.030646s, 24216 KB] M&S algorithm main loop timer: 0.0249025s (after merging)

[t=0.0306972s, 24216 KB] Operator mutex starting iteration 6
[t=0.0308516s, 24216 KB] In ts_6_12 of size 2 found num new op-mutexes 0
[t=0.0309838s, 24216 KB] In ts_6_13 of size 2 found num new op-mutexes 0
[t=0.0311622s, 24216 KB] In ts_6_15 of size 4 found num new op-mutexes 0
[t=0.0313088s, 24216 KB] In ts_6_16 of size 2 found num new op-mutexes 0
[t=0.0314408s, 24216 KB] In ts_6_17 of size 2 found num new op-mutexes 0
[t=0.0315711s, 24216 KB] In ts_6_18 of size 2 found num new op-mutexes 0
[t=0.0317348s, 24216 KB] In ts_6_19 of size 4 found num new op-mutexes 0
[t=0.0319165s, 24216 KB] In ts_6_20 of size 5 found num new op-mutexes 0
[t=0.0320584s, 24216 KB] In ts_6_21 of size 2 found num new op-mutexes 0
[t=0.0322012s, 24216 KB] In ts_6_22 of size 2 found num new op-mutexes 0
[t=0.0323334s, 24216 KB] In ts_6_23 of size 2 found num new op-mutexes 0
[t=0.0324583s, 24216 KB] In ts_6_24 of size 2 found num new op-mutexes 0
[t=0.0326715s, 24216 KB] In ts_6_25 of size 4 found num new op-mutexes 0
[t=0.0331609s, 24216 KB] In ts_6_27 of size 10 found num new op-mutexes 0
[t=0.0334363s, 24216 KB] In ts_6_28 of size 5 found num new op-mutexes 0
[t=0.0336748s, 24216 KB] In ts_6_29 of size 8 found num new op-mutexes 0
[t=0.0338391s, 24216 KB] In ts_6_30 of size 4 found num new op-mutexes 0
[t=0.0340958s, 24216 KB] In ts_6_31 of size 6 found num new op-mutexes 0
[t=0.0341556s, 24216 KB] Operator mutex finished iteration 6. Found an additional 0 operator mutexes

[t=0.0343396s, 24216 KB] Next pair of indices: (12, 13)
[t=0.034384s, 24216 KB] M&S algorithm main loop timer: 0.0286557s (after computation of next merge)
[t=0.0345s, 24216 KB] M&S algorithm main loop timer: 0.0287609s (after merging)

[t=0.034561s, 24216 KB] Operator mutex starting iteration 7
[t=0.0347397s, 24216 KB] In ts_7_15 of size 4 found num new op-mutexes 0
[t=0.0348866s, 24216 KB] In ts_7_16 of size 2 found num new op-mutexes 0
[t=0.0350214s, 24216 KB] In ts_7_17 of size 2 found num new op-mutexes 0
[t=0.0351526s, 24216 KB] In ts_7_18 of size 2 found num new op-mutexes 0
[t=0.0353166s, 24216 KB] In ts_7_19 of size 4 found num new op-mutexes 0
[t=0.0354977s, 24216 KB] In ts_7_20 of size 5 found num new op-mutexes 0
[t=0.0356392s, 24216 KB] In ts_7_21 of size 2 found num new op-mutexes 0
[t=0.0357719s, 24216 KB] In ts_7_22 of size 2 found num new op-mutexes 0
[t=0.0359019s, 24216 KB] In ts_7_23 of size 2 found num new op-mutexes 0
[t=0.0360273s, 24216 KB] In ts_7_24 of size 2 found num new op-mutexes 0
[t=0.0362552s, 24216 KB] In ts_7_25 of size 4 found num new op-mutexes 0
[t=0.0367594s, 24216 KB] In ts_7_27 of size 10 found num new op-mutexes 0
[t=0.0370433s, 24216 KB] In ts_7_28 of size 5 found num new op-mutexes 0
[t=0.0372834s, 24216 KB] In ts_7_29 of size 8 found num new op-mutexes 0
[t=0.0374478s, 24216 KB] In ts_7_30 of size 4 found num new op-mutexes 0
[t=0.0376954s, 24216 KB] In ts_7_31 of size 6 found num new op-mutexes 0
[t=0.0378797s, 24216 KB] In ts_7_32 of size 4 found num new op-mutexes 0
[t=0.0379381s, 24216 KB] Operator mutex finished iteration 7. Found an additional 0 operator mutexes

[t=0.0381125s, 24216 KB] Next pair of indices: (15, 32)
[t=0.0381564s, 24216 KB] M&S algorithm main loop timer: 0.0324284s (after computation of next merge)
[t=0.0382921s, 24216 KB] M&S algorithm main loop timer: 0.0325493s (after merging)
[t=0.0383503s, 24216 KB] M&S algorithm main loop timer: 0.0326189s (after pruning)

[t=0.0384119s, 24216 KB] Operator mutex starting iteration 8
[t=0.0385612s, 24216 KB] In ts_8_16 of size 2 found num new op-mutexes 0
[t=0.0386953s, 24216 KB] In ts_8_17 of size 2 found num new op-mutexes 0
[t=0.038836s, 24216 KB] In ts_8_18 of size 2 found num new op-mutexes 0
[t=0.0390033s, 24216 KB] In ts_8_19 of size 4 found num new op-mutexes 0
[t=0.0391864s, 24216 KB] In ts_8_20 of size 5 found num new op-mutexes 0
[t=0.03933s, 24216 KB] In ts_8_21 of size 2 found num new op-mutexes 0
[t=0.0394646s, 24216 KB] In ts_8_22 of size 2 found num new op-mutexes 0
[t=0.039597s, 24216 KB] In ts_8_23 of size 2 found num new op-mutexes 0
[t=0.0397228s, 24216 KB] In ts_8_24 of size 2 found num new op-mutexes 0
[t=0.0399291s, 24216 KB] In ts_8_25 of size 4 found num new op-mutexes 0
[t=0.0404136s, 24216 KB] In ts_8_27 of size 10 found num new op-mutexes 0
[t=0.0407285s, 24216 KB] In ts_8_28 of size 5 found num new op-mutexes 0
[t=0.0409795s, 24216 KB] In ts_8_29 of size 8 found num new op-mutexes 0
[t=0.0411474s, 24216 KB] In ts_8_30 of size 4 found num new op-mutexes 0
[t=0.0413961s, 24216 KB] In ts_8_31 of size 6 found num new op-mutexes 0
[t=0.0420128s, 24216 KB] In ts_8_33 of size 10 found num new op-mutexes 2912
[t=0.0420766s, 24216 KB] Operator mutex finished iteration 8. Found an additional 2912 operator mutexes

[t=0.0422438s, 24216 KB] Next pair of indices: (16, 22)
[t=0.0422871s, 24216 KB] M&S algorithm main loop timer: 0.0365586s (after computation of next merge)
[t=0.0424092s, 24216 KB] M&S algorithm main loop timer: 0.036666s (after merging)

[t=0.0424603s, 24216 KB] Operator mutex starting iteration 9
[t=0.0426041s, 24216 KB] In ts_9_17 of size 2 found num new op-mutexes 0
[t=0.0427373s, 24216 KB] In ts_9_18 of size 2 found num new op-mutexes 0
[t=0.0429023s, 24216 KB] In ts_9_19 of size 4 found num new op-mutexes 0
[t=0.0430849s, 24216 KB] In ts_9_20 of size 5 found num new op-mutexes 0
[t=0.043228s, 24216 KB] In ts_9_21 of size 2 found num new op-mutexes 0
[t=0.04336s, 24216 KB] In ts_9_23 of size 2 found num new op-mutexes 0
[t=0.0434852s, 24216 KB] In ts_9_24 of size 2 found num new op-mutexes 0
[t=0.0436913s, 24216 KB] In ts_9_25 of size 4 found num new op-mutexes 0
[t=0.044235s, 24216 KB] In ts_9_27 of size 10 found num new op-mutexes 0
[t=0.0445031s, 24216 KB] In ts_9_28 of size 5 found num new op-mutexes 0
[t=0.0447625s, 24216 KB] In ts_9_29 of size 8 found num new op-mutexes 0
[t=0.0449284s, 24216 KB] In ts_9_30 of size 4 found num new op-mutexes 0
[t=0.0451782s, 24216 KB] In ts_9_31 of size 6 found num new op-mutexes 0
[t=0.0456966s, 24216 KB] In ts_9_33 of size 10 found num new op-mutexes 0
[t=0.0458693s, 24216 KB] In ts_9_34 of size 4 found num new op-mutexes 0
[t=0.0459273s, 24216 KB] Operator mutex finished iteration 9. Found an additional 0 operator mutexes

[t=0.0461009s, 24216 KB] Next pair of indices: (17, 34)
[t=0.0461449s, 24216 KB] M&S algorithm main loop timer: 0.0404167s (after computation of next merge)
[t=0.0462676s, 24216 KB] M&S algorithm main loop timer: 0.0405244s (after merging)
[t=0.0463193s, 24216 KB] M&S algorithm main loop timer: 0.0405888s (after pruning)

[t=0.0463816s, 24216 KB] Operator mutex starting iteration 10
[t=0.0465158s, 24216 KB] In ts_10_18 of size 2 found num new op-mutexes 0
[t=0.0466903s, 24216 KB] In ts_10_19 of size 4 found num new op-mutexes 0
[t=0.0468739s, 24216 KB] In ts_10_20 of size 5 found num new op-mutexes 0
[t=0.0470283s, 24216 KB] In ts_10_21 of size 2 found num new op-mutexes 0
[t=0.0471855s, 24216 KB] In ts_10_23 of size 2 found num new op-mutexes 0
[t=0.0473167s, 24216 KB] In ts_10_24 of size 2 found num new op-mutexes 0
[t=0.0475249s, 24216 KB] In ts_10_25 of size 4 found num new op-mutexes 0
[t=0.0480752s, 24216 KB] In ts_10_27 of size 10 found num new op-mutexes 0
[t=0.0483689s, 24216 KB] In ts_10_28 of size 5 found num new op-mutexes 0
[t=0.0486106s, 24216 KB] In ts_10_29 of size 8 found num new op-mutexes 0
[t=0.048788s, 24216 KB] In ts_10_30 of size 4 found num new op-mutexes 0
[t=0.0490528s, 24216 KB] In ts_10_31 of size 6 found num new op-mutexes 0
[t=0.0495691s, 24216 KB] In ts_10_33 of size 10 found num new op-mutexes 0
[t=0.0497437s, 24216 KB] In ts_10_35 of size 4 found num new op-mutexes 0
[t=0.0498033s, 24216 KB] Operator mutex finished iteration 10. Found an additional 0 operator mutexes

[t=0.0499643s, 24216 KB] Next pair of indices: (18, 35)
[t=0.0500077s, 24216 KB] M&S algorithm main loop timer: 0.0442835s (after computation of next merge)
[t=0.0501368s, 24216 KB] M&S algorithm main loop timer: 0.0443938s (after merging)
[t=0.0501886s, 24216 KB] M&S algorithm main loop timer: 0.044459s (after pruning)

[t=0.0502509s, 24216 KB] Operator mutex starting iteration 11
[t=0.0504189s, 24216 KB] In ts_11_19 of size 4 found num new op-mutexes 0
[t=0.0506023s, 24216 KB] In ts_11_20 of size 5 found num new op-mutexes 0
[t=0.0507564s, 24216 KB] In ts_11_21 of size 2 found num new op-mutexes 0
[t=0.0508906s, 24216 KB] In ts_11_23 of size 2 found num new op-mutexes 0
[t=0.0510379s, 24216 KB] In ts_11_24 of size 2 found num new op-mutexes 0
[t=0.0512471s, 24216 KB] In ts_11_25 of size 4 found num new op-mutexes 0
[t=0.0517805s, 24216 KB] In ts_11_27 of size 10 found num new op-mutexes 0
[t=0.0520567s, 24216 KB] In ts_11_28 of size 5 found num new op-mutexes 0
[t=0.052297s, 24216 KB] In ts_11_29 of size 8 found num new op-mutexes 0
[t=0.0524624s, 24216 KB] In ts_11_30 of size 4 found num new op-mutexes 0
[t=0.0527327s, 24216 KB] In ts_11_31 of size 6 found num new op-mutexes 0
[t=0.0532552s, 24216 KB] In ts_11_33 of size 10 found num new op-mutexes 0
[t=0.0534505s, 24216 KB] In ts_11_36 of size 6 found num new op-mutexes 0
[t=0.0535105s, 24216 KB] Operator mutex finished iteration 11. Found an additional 0 operator mutexes

[t=0.0536646s, 24216 KB] Next pair of indices: (19, 23)
[t=0.0537082s, 24216 KB] M&S algorithm main loop timer: 0.0479801s (after computation of next merge)
[t=0.0538377s, 24216 KB] M&S algorithm main loop timer: 0.0480944s (after merging)

[t=0.0538911s, 24216 KB] Operator mutex starting iteration 12
[t=0.0540931s, 24216 KB] In ts_12_20 of size 5 found num new op-mutexes 0
[t=0.0542371s, 24216 KB] In ts_12_21 of size 2 found num new op-mutexes 0
[t=0.0543657s, 24216 KB] In ts_12_24 of size 2 found num new op-mutexes 0
[t=0.0545735s, 24216 KB] In ts_12_25 of size 4 found num new op-mutexes 0
[t=0.0551206s, 24216 KB] In ts_12_27 of size 10 found num new op-mutexes 0
[t=0.0553887s, 24216 KB] In ts_12_28 of size 5 found num new op-mutexes 0
[t=0.0556287s, 24216 KB] In ts_12_29 of size 8 found num new op-mutexes 0
[t=0.0557933s, 24216 KB] In ts_12_30 of size 4 found num new op-mutexes 0
[t=0.0560571s, 24216 KB] In ts_12_31 of size 6 found num new op-mutexes 0
[t=0.0565688s, 24216 KB] In ts_12_33 of size 10 found num new op-mutexes 0
[t=0.0567725s, 24216 KB] In ts_12_36 of size 6 found num new op-mutexes 0
[t=0.057026s, 24216 KB] In ts_12_37 of size 8 found num new op-mutexes 0
[t=0.0570874s, 24216 KB] Operator mutex finished iteration 12. Found an additional 0 operator mutexes

[t=0.057241s, 24216 KB] Next pair of indices: (20, 24)
[t=0.0572846s, 24216 KB] M&S algorithm main loop timer: 0.0515566s (after computation of next merge)
[t=0.0574094s, 24216 KB] M&S algorithm main loop timer: 0.051666s (after merging)
[t=0.0574603s, 24216 KB] M&S algorithm main loop timer: 0.0517291s (after pruning)

[t=0.0575211s, 24216 KB] Operator mutex starting iteration 13
[t=0.0576804s, 24216 KB] In ts_13_21 of size 2 found num new op-mutexes 0
[t=0.0579006s, 24216 KB] In ts_13_25 of size 4 found num new op-mutexes 0
[t=0.0584297s, 24216 KB] In ts_13_27 of size 10 found num new op-mutexes 0
[t=0.0586983s, 24216 KB] In ts_13_28 of size 5 found num new op-mutexes 0
[t=0.0589471s, 24216 KB] In ts_13_29 of size 8 found num new op-mutexes 0
[t=0.0591126s, 24216 KB] In ts_13_30 of size 4 found num new op-mutexes 0
[t=0.0593625s, 24216 KB] In ts_13_31 of size 6 found num new op-mutexes 0
[t=0.0598764s, 24216 KB] In ts_13_33 of size 10 found num new op-mutexes 0
[t=0.06008s, 24216 KB] In ts_13_36 of size 6 found num new op-mutexes 0
[t=0.0603254s, 24216 KB] In ts_13_37 of size 8 found num new op-mutexes 0
[t=0.0605143s, 24216 KB] In ts_13_38 of size 5 found num new op-mutexes 0
[t=0.0605931s, 24216 KB] Operator mutex finished iteration 13. Found an additional 0 operator mutexes

[t=0.060736s, 24216 KB] Next pair of indices: (21, 38)
[t=0.0607799s, 24216 KB] M&S algorithm main loop timer: 0.0550515s (after computation of next merge)
[t=0.0609087s, 24216 KB] M&S algorithm main loop timer: 0.0551654s (after merging)
[t=0.0609632s, 24216 KB] M&S algorithm main loop timer: 0.0552318s (after pruning)

[t=0.0610239s, 24216 KB] Operator mutex starting iteration 14
[t=0.0612315s, 24216 KB] In ts_14_25 of size 4 found num new op-mutexes 0
[t=0.0617643s, 24216 KB] In ts_14_27 of size 10 found num new op-mutexes 0
[t=0.0620413s, 24216 KB] In ts_14_28 of size 5 found num new op-mutexes 0
[t=0.062281s, 24216 KB] In ts_14_29 of size 8 found num new op-mutexes 0
[t=0.0624512s, 24216 KB] In ts_14_30 of size 4 found num new op-mutexes 0
[t=0.0627017s, 24216 KB] In ts_14_31 of size 6 found num new op-mutexes 0
[t=0.0632251s, 24216 KB] In ts_14_33 of size 10 found num new op-mutexes 0
[t=0.0634203s, 24216 KB] In ts_14_36 of size 6 found num new op-mutexes 0
[t=0.0636645s, 24216 KB] In ts_14_37 of size 8 found num new op-mutexes 0
[t=0.0643236s, 24216 KB] In ts_14_39 of size 6 found num new op-mutexes 2885
[t=0.0643861s, 24216 KB] Operator mutex finished iteration 14. Found an additional 2885 operator mutexes

[t=0.0645205s, 24216 KB] Next pair of indices: (37, 39)
[t=0.0645639s, 24216 KB] M&S algorithm main loop timer: 0.0588457s (after computation of next merge)
[t=0.0647493s, 24216 KB] M&S algorithm main loop timer: 0.0590075s (after merging)
[t=0.0648226s, 24216 KB] M&S algorithm main loop timer: 0.059088s (after pruning)

[t=0.0648805s, 24216 KB] Operator mutex starting iteration 15
[t=0.0650966s, 24216 KB] In ts_15_25 of size 4 found num new op-mutexes 0
[t=0.0656057s, 24216 KB] In ts_15_27 of size 10 found num new op-mutexes 0
[t=0.0658885s, 24216 KB] In ts_15_28 of size 5 found num new op-mutexes 0
[t=0.0661416s, 24216 KB] In ts_15_29 of size 8 found num new op-mutexes 0
[t=0.0663118s, 24216 KB] In ts_15_30 of size 4 found num new op-mutexes 0
[t=0.0665683s, 24216 KB] In ts_15_31 of size 6 found num new op-mutexes 0
[t=0.0671463s, 24216 KB] In ts_15_33 of size 10 found num new op-mutexes 0
[t=0.067343s, 24216 KB] In ts_15_36 of size 6 found num new op-mutexes 0
[t=0.069351s, 24424 KB] In ts_15_40 of size 22 found num new op-mutexes 7283
[t=0.069421s, 24424 KB] Operator mutex finished iteration 15. Found an additional 7283 operator mutexes

[t=0.0695556s, 24424 KB] Next pair of indices: (36, 40)
[t=0.0695998s, 24424 KB] M&S algorithm main loop timer: 0.0638809s (after computation of next merge)
[t=0.0698199s, 24424 KB] M&S algorithm main loop timer: 0.0640821s (after merging)
[t=0.069912s, 24424 KB] M&S algorithm main loop timer: 0.0641706s (after pruning)

[t=0.0699633s, 24424 KB] Operator mutex starting iteration 16
[t=0.0701761s, 24424 KB] In ts_16_25 of size 4 found num new op-mutexes 0
[t=0.0706786s, 24424 KB] In ts_16_27 of size 10 found num new op-mutexes 0
[t=0.0709634s, 24424 KB] In ts_16_28 of size 5 found num new op-mutexes 0
[t=0.0712054s, 24424 KB] In ts_16_29 of size 8 found num new op-mutexes 0
[t=0.0713731s, 24424 KB] In ts_16_30 of size 4 found num new op-mutexes 0
[t=0.0716257s, 24424 KB] In ts_16_31 of size 6 found num new op-mutexes 0
[t=0.0721879s, 24424 KB] In ts_16_33 of size 10 found num new op-mutexes 0
[t=0.0742319s, 24424 KB] In ts_16_41 of size 34 found num new op-mutexes 6922
[t=0.0743031s, 24424 KB] Operator mutex finished iteration 16. Found an additional 6922 operator mutexes

[t=0.0744176s, 24424 KB] Next pair of indices: (31, 33)
[t=0.074462s, 24424 KB] M&S algorithm main loop timer: 0.0687356s (after computation of next merge)
[t=0.0746456s, 24424 KB] M&S algorithm main loop timer: 0.0689043s (after merging)
[t=0.0747186s, 24424 KB] M&S algorithm main loop timer: 0.0689853s (after pruning)

[t=0.0747776s, 24424 KB] Operator mutex starting iteration 17
[t=0.0750036s, 24424 KB] In ts_17_25 of size 4 found num new op-mutexes 0
[t=0.0755475s, 24424 KB] In ts_17_27 of size 10 found num new op-mutexes 0
[t=0.0758301s, 24424 KB] In ts_17_28 of size 5 found num new op-mutexes 0
[t=0.0760731s, 24424 KB] In ts_17_29 of size 8 found num new op-mutexes 0
[t=0.0762505s, 24424 KB] In ts_17_30 of size 4 found num new op-mutexes 0
[t=0.0784002s, 24424 KB] In ts_17_41 of size 34 found num new op-mutexes 0
[t=0.0819382s, 24896 KB] In ts_17_42 of size 14 found num new op-mutexes 13656
[t=0.082026s, 24896 KB] Operator mutex finished iteration 17. Found an additional 13656 operator mutexes

[t=0.0821715s, 24896 KB] Next pair of indices: (29, 30)
[t=0.082218s, 24896 KB] M&S algorithm main loop timer: 0.076492s (after computation of next merge)
[t=0.0823872s, 24896 KB] M&S algorithm main loop timer: 0.0766461s (after merging)
[t=0.0824519s, 24896 KB] M&S algorithm main loop timer: 0.0767207s (after pruning)

[t=0.0825138s, 24896 KB] Operator mutex starting iteration 18
[t=0.0827271s, 24896 KB] In ts_18_25 of size 4 found num new op-mutexes 0
[t=0.0832699s, 24896 KB] In ts_18_27 of size 10 found num new op-mutexes 0
[t=0.0835603s, 24896 KB] In ts_18_28 of size 5 found num new op-mutexes 0
[t=0.0858578s, 24896 KB] In ts_18_41 of size 34 found num new op-mutexes 0
[t=0.0883477s, 24896 KB] In ts_18_42 of size 14 found num new op-mutexes 0
[t=0.0890511s, 24896 KB] In ts_18_43 of size 19 found num new op-mutexes 2264
[t=0.0891191s, 24896 KB] Operator mutex finished iteration 18. Found an additional 2264 operator mutexes

[t=0.0892389s, 24896 KB] Next pair of indices: (28, 43)
[t=0.0892838s, 24896 KB] M&S algorithm main loop timer: 0.0835556s (after computation of next merge)
[t=0.0895041s, 24896 KB] M&S algorithm main loop timer: 0.0837632s (after merging)
[t=0.0895907s, 24896 KB] M&S algorithm main loop timer: 0.0838484s (after pruning)

[t=0.0896406s, 24896 KB] Operator mutex starting iteration 19
[t=0.089867s, 24896 KB] In ts_19_25 of size 4 found num new op-mutexes 0
[t=0.0904105s, 24896 KB] In ts_19_27 of size 10 found num new op-mutexes 0
[t=0.0927649s, 24896 KB] In ts_19_41 of size 34 found num new op-mutexes 0
[t=0.0953149s, 24896 KB] In ts_19_42 of size 14 found num new op-mutexes 0
[t=0.102767s, 26136 KB] In ts_19_44 of size 14 found num new op-mutexes 18880
[t=0.102867s, 26136 KB] Operator mutex finished iteration 19. Found an additional 18880 operator mutexes

[t=0.103s, 26136 KB] Next pair of indices: (25, 27)
[t=0.103045s, 26136 KB] M&S algorithm main loop timer: 0.097318s (after computation of next merge)
[t=0.103225s, 26136 KB] M&S algorithm main loop timer: 0.0974916s (after merging)
[t=0.103303s, 26136 KB] M&S algorithm main loop timer: 0.0975702s (after pruning)

[t=0.103363s, 26136 KB] Operator mutex starting iteration 20
[t=0.105534s, 26136 KB] In ts_20_41 of size 34 found num new op-mutexes 0
[t=0.107954s, 26136 KB] In ts_20_42 of size 14 found num new op-mutexes 0
[t=0.113188s, 26136 KB] In ts_20_44 of size 14 found num new op-mutexes 0
[t=0.114968s, 26136 KB] In ts_20_45 of size 13 found num new op-mutexes 6120
[t=0.115049s, 26136 KB] Operator mutex finished iteration 20. Found an additional 6120 operator mutexes

[t=0.115182s, 26136 KB] Next pair of indices: (44, 45)
[t=0.115227s, 26136 KB] M&S algorithm main loop timer: 0.109499s (after computation of next merge)
[t=0.115519s, 26136 KB] M&S algorithm main loop timer: 0.109782s (after merging)

[t=0.115622s, 26136 KB] Operator mutex starting iteration 21
[t=0.11789s, 26136 KB] In ts_21_41 of size 34 found num new op-mutexes 0
[t=0.120365s, 26136 KB] In ts_21_42 of size 14 found num new op-mutexes 0
[t=0.124379s, 26136 KB] In ts_21_46 of size 182 found num new op-mutexes 0
[t=0.124452s, 26136 KB] Operator mutex finished iteration 21. Found an additional 0 operator mutexes

[t=0.124581s, 26136 KB] Next pair of indices: (42, 46)
[t=0.124621s, 26136 KB] M&S algorithm main loop timer: 0.118876s (after computation of next merge)
[t=0.127623s, 26336 KB] M&S algorithm main loop timer: 0.121896s (after merging)

[t=0.12789s, 26336 KB] Operator mutex starting iteration 22
[t=0.13024s, 26336 KB] In ts_22_41 of size 34 found num new op-mutexes 0
[t=0.142664s, 28212 KB] In ts_22_47 of size 2548 found num new op-mutexes 0
[t=0.142771s, 28212 KB] Operator mutex finished iteration 22. Found an additional 0 operator mutexes

[t=0.14285s, 28212 KB] Next pair of indices: (41, 47)
[t=0.142908s, 28212 KB] M&S algorithm main loop timer: 0.13718s (after computation of next merge)
[t=0.145916s, 28212 KB] M&S algorithm main loop timer: 0.14022s (after shrinking)
[t=0.189284s, 36504 KB] M&S algorithm main loop timer: 0.183598s (after merging)

[t=0.190992s, 36504 KB] Operator mutex starting iteration 23
[t=0.191774s, 36504 KB] Operator mutex finished iteration 23. Found an additional 0 operator mutexes

[t=0.191832s, 36504 KB] End of merge-and-shrink algorithm, statistics:
[t=0.191891s, 36504 KB] Main loop runtime: 0.186173s
[t=0.191961s, 36504 KB] Maximum intermediate abstraction size: 28254
[t=0.192019s, 36504 KB] Final peak memory increase of merge-and-shrink algorithm: 13772 KB
[t=0.192092s, 36504 KB] Merge-and-shrink algorithm runtime: 0.188985s

[t=0.192157s, 36504 KB] Number of labels: 300
[t=0.192211s, 36504 KB] Total number of operator mutexes: 64094
[t=0.192266s, 36504 KB] Operator Mutex total time: 0.125835s
[t=0.192355s, 36504 KB] Number of remaining factors: 1
[t=0.192461s, 36504 KB] Number of factors kept: 1
[t=0.192522s, 36504 KB] Done initializing merge-and-shrink heuristic.

[t=0.194835s, 36504 KB] Building successor generator...done!
[t=0.196445s, 36504 KB] peak memory difference for successor generator creation: 0 KB
[t=0.196494s, 36504 KB] time for successor generation creation: 0.000152914s
[t=0.196555s, 36504 KB] Variables: 25
[t=0.196609s, 36504 KB] FactPairs: 63
[t=0.196664s, 36504 KB] Bytes per state: 8
[t=0.196847s, 36504 KB] Conducting best first search with reopening closed nodes, (real) bound = 2147483647
[t=0.196932s, 36504 KB] New best heuristic value for merge_and_shrink(op_mutex = op_mutex(use_previous_ops = nelutpo, reachability_strategy = goal)): 185
[t=0.196997s, 36504 KB] g=0, 1 evaluated, 0 expanded
[t=0.197055s, 36504 KB] f = 185, 1 evaluated, 0 expanded
[t=0.197117s, 36504 KB] Initial heuristic value for merge_and_shrink(op_mutex = op_mutex(use_previous_ops = nelutpo, reachability_strategy = goal)): 185
[t=0.197178s, 36504 KB] pruning method: none
[t=0.197264s, 36504 KB] New best heuristic value for merge_and_shrink(op_mutex = op_mutex(use_previous_ops = nelutpo, reachability_strategy = goal)): 175
[t=0.197306s, 36504 KB] g=10, 3 evaluated, 1 expanded
[t=0.197371s, 36504 KB] New best heuristic value for merge_and_shrink(op_mutex = op_mutex(use_previous_ops = nelutpo, reachability_strategy = goal)): 155
[t=0.197426s, 36504 KB] g=30, 4 evaluated, 1 expanded
[t=0.197518s, 36504 KB] New best heuristic value for merge_and_shrink(op_mutex = op_mutex(use_previous_ops = nelutpo, reachability_strategy = goal)): 145
[t=0.19756s, 36504 KB] g=40, 9 evaluated, 2 expanded
[t=0.197634s, 36504 KB] New best heuristic value for merge_and_shrink(op_mutex = op_mutex(use_previous_ops = nelutpo, reachability_strategy = goal)): 110
[t=0.197696s, 36504 KB] g=75, 13 evaluated, 2 expanded
[t=0.197796s, 36504 KB] New best heuristic value for merge_and_shrink(op_mutex = op_mutex(use_previous_ops = nelutpo, reachability_strategy = goal)): 100
[t=0.19784s, 36504 KB] g=85, 20 evaluated, 3 expanded
[t=0.197931s, 36504 KB] New best heuristic value for merge_and_shrink(op_mutex = op_mutex(use_previous_ops = nelutpo, reachability_strategy = goal)): 90
[t=0.197973s, 36504 KB] g=95, 26 evaluated, 3 expanded
[t=0.198043s, 36504 KB] New best heuristic value for merge_and_shrink(op_mutex = op_mutex(use_previous_ops = nelutpo, reachability_strategy = goal)): 80
[t=0.198079s, 36504 KB] g=105, 28 evaluated, 3 expanded
[t=0.198131s, 36504 KB] New best heuristic value for merge_and_shrink(op_mutex = op_mutex(use_previous_ops = nelutpo, reachability_strategy = goal)): 70
[t=0.198186s, 36504 KB] g=115, 30 evaluated, 4 expanded
[t=0.198282s, 36504 KB] New best heuristic value for merge_and_shrink(op_mutex = op_mutex(use_previous_ops = nelutpo, reachability_strategy = goal)): 60
[t=0.198325s, 36504 KB] g=125, 36 evaluated, 4 expanded
[t=0.198418s, 36504 KB] New best heuristic value for merge_and_shrink(op_mutex = op_mutex(use_previous_ops = nelutpo, reachability_strategy = goal)): 50
[t=0.198461s, 36504 KB] g=135, 42 evaluated, 5 expanded
[t=0.198559s, 36504 KB] New best heuristic value for merge_and_shrink(op_mutex = op_mutex(use_previous_ops = nelutpo, reachability_strategy = goal)): 45
[t=0.1986s, 36504 KB] g=140, 53 evaluated, 5 expanded
[t=0.198697s, 36504 KB] New best heuristic value for merge_and_shrink(op_mutex = op_mutex(use_previous_ops = nelutpo, reachability_strategy = goal)): 40
[t=0.198738s, 36504 KB] g=145, 58 evaluated, 5 expanded
[t=0.19881s, 36504 KB] New best heuristic value for merge_and_shrink(op_mutex = op_mutex(use_previous_ops = nelutpo, reachability_strategy = goal)): 30
[t=0.198862s, 36504 KB] g=155, 60 evaluated, 6 expanded
[t=0.198967s, 36504 KB] New best heuristic value for merge_and_shrink(op_mutex = op_mutex(use_previous_ops = nelutpo, reachability_strategy = goal)): 25
[t=0.19901s, 36504 KB] g=160, 71 evaluated, 6 expanded
[t=0.199097s, 36504 KB] New best heuristic value for merge_and_shrink(op_mutex = op_mutex(use_previous_ops = nelutpo, reachability_strategy = goal)): 15
[t=0.19914s, 36504 KB] g=170, 75 evaluated, 7 expanded
[t=0.199239s, 36504 KB] New best heuristic value for merge_and_shrink(op_mutex = op_mutex(use_previous_ops = nelutpo, reachability_strategy = goal)): 10
[t=0.199292s, 36504 KB] g=180, 84 evaluated, 8 expanded
[t=0.199385s, 36504 KB] New best heuristic value for merge_and_shrink(op_mutex = op_mutex(use_previous_ops = nelutpo, reachability_strategy = goal)): 5
[t=0.199427s, 36504 KB] g=180, 90 evaluated, 8 expanded
[t=0.199525s, 36504 KB] New best heuristic value for merge_and_shrink(op_mutex = op_mutex(use_previous_ops = nelutpo, reachability_strategy = goal)): 0
[t=0.199567s, 36504 KB] g=190, 98 evaluated, 9 expanded
[t=0.199669s, 36504 KB] Solution found!
[t=0.199713s, 36504 KB] Actual search time: 0.00252038s
do-plane p1 planer0 rough green colourfragments (30)
do-grind p1 grinder0 smooth natural untreated untreated (45)
do-saw-large b0 p3 saw0 beech rough s5 s3 s4 s2 (30)
do-plane p0 planer0 rough natural varnished (20)
do-glaze p3 glazer0 white (20)
do-glaze p0 glazer0 mauve (15)
do-plane p2 planer0 verysmooth white glazed (10)
do-immersion-varnish p1 immersion-varnisher0 natural verysmooth (10)
do-spray-varnish p2 spray-varnisher0 mauve smooth (5)
[t=0.199774s, 36504 KB] Plan length: 9 step(s).
[t=0.199774s, 36504 KB] Plan cost: 185
[t=0.199774s, 36504 KB] Expanded 10 state(s).
[t=0.199774s, 36504 KB] Reopened 0 state(s).
[t=0.199774s, 36504 KB] Evaluated 108 state(s).
[t=0.199774s, 36504 KB] Evaluations: 108
[t=0.199774s, 36504 KB] Generated 148 state(s).
[t=0.199774s, 36504 KB] Dead ends: 0 state(s).
[t=0.199774s, 36504 KB] Expanded until last jump: 0 state(s).
[t=0.199774s, 36504 KB] Reopened until last jump: 0 state(s).
[t=0.199774s, 36504 KB] Evaluated until last jump: 1 state(s).
[t=0.199774s, 36504 KB] Generated until last jump: 0 state(s).
[t=0.199774s, 36504 KB] Number of registered states: 108
[t=0.199774s, 36504 KB] Int hash set load factor: 108/128 = 0.84375
[t=0.199774s, 36504 KB] Int hash set resizes: 7
[t=0.199774s, 36504 KB] Search time: 0.00292833s
[t=0.199774s, 36504 KB] Total time: 0.199774s
Solution found.
Peak memory: 36504 KB
Remove intermediate file output.sas
search exit code: 0

INFO     Running validate.
INFO     validate stdin: None
INFO     validate time limit: None
INFO     validate memory limit: None
INFO     validate command line string: validate domain.pddl problem.pddl sas_plan
Checking plan: sas_plan
Plan executed successfully - checking goal
Plan valid
Final value: 185 

Successful plans:
Value: 185
 sas_plan 185 

validate exit code: 0

