INFO     Running translator.
INFO     translator stdin: None
INFO     translator time limit: 599.97s
INFO     translator memory limit: 7000 MB
INFO     translator command line string: /usr/bin/python3 /user/student.aau.dk/lkar18/downward-projects/downward/experiments/nopo_vs_nasutpo_195p/data/nopo_vs_nasutpo/code-94571df14dfaf5b06207d9589b12facdd93f580c_e5e41175/builds/release/bin/translate/translate.py domain.pddl problem.pddl --sas-file output.sas
Parsing...
Parsing: [0.000s CPU, 0.004s wall-clock]
Normalizing task... [0.000s CPU, 0.000s wall-clock]
Instantiating...
Generating Datalog program... [0.000s CPU, 0.000s wall-clock]
Normalizing Datalog program...
Normalizing Datalog program: [0.010s CPU, 0.006s wall-clock]
Preparing model... [0.000s CPU, 0.002s wall-clock]
Generated 91 rules.
Computing model... [0.010s CPU, 0.008s wall-clock]
252 relevant atoms
616 auxiliary atoms
868 final queue length
1218 total queue pushes
Completing instantiation... [0.000s CPU, 0.007s wall-clock]
Instantiating: [0.020s CPU, 0.023s wall-clock]
Computing fact groups...
Finding invariants...
18 initial candidates
Finding invariants: [0.020s CPU, 0.012s wall-clock]
Checking invariant weight... [0.000s CPU, 0.000s wall-clock]
Instantiating groups... [0.000s CPU, 0.000s wall-clock]
Collecting mutex groups... [0.000s CPU, 0.000s wall-clock]
Choosing groups...
42 uncovered facts
Choosing groups: [0.000s CPU, 0.000s wall-clock]
Building translation key... [0.000s CPU, 0.000s wall-clock]
Computing fact groups: [0.020s CPU, 0.013s wall-clock]
Building STRIPS to SAS dictionary... [0.000s CPU, 0.000s wall-clock]
Building dictionary for full mutex groups... [0.000s CPU, 0.000s wall-clock]
Building mutex information...
Building mutex information: [0.000s CPU, 0.000s wall-clock]
Translating task...
Processing axioms...
Simplifying axioms... [0.000s CPU, 0.000s wall-clock]
Translator axioms removed by simplifying: 0
Computing negative axioms... [0.000s CPU, 0.000s wall-clock]
Processing axioms: [0.000s CPU, 0.000s wall-clock]
Translating task: [0.000s CPU, 0.008s wall-clock]
336 effect conditions simplified
0 implied preconditions added
Detecting unreachable propositions...
0 operators removed
0 axioms removed
8 propositions removed
Detecting unreachable propositions: [0.010s CPU, 0.004s wall-clock]
Reordering and filtering variables...
42 of 42 variables necessary.
0 of 0 mutex groups necessary.
128 of 128 operators necessary.
0 of 0 axiom rules necessary.
Reordering and filtering variables: [0.000s CPU, 0.004s wall-clock]
Translator variables: 42
Translator derived variables: 0
Translator facts: 84
Translator goal facts: 4
Translator mutex groups: 0
Translator total mutex groups size: 0
Translator operators: 128
Translator axioms: 0
Translator task size: 1210
Translator peak memory: 42912 KB
Writing output... [0.010s CPU, 0.003s wall-clock]
Done! [0.060s CPU, 0.060s wall-clock]
translate exit code: 0

INFO     Running search (release).
INFO     search stdin: output.sas
INFO     search time limit: 599.85s
INFO     search memory limit: 7000 MB
INFO     search command line string: /user/student.aau.dk/lkar18/downward-projects/downward/experiments/nopo_vs_nasutpo_195p/data/nopo_vs_nasutpo/code-94571df14dfaf5b06207d9589b12facdd93f580c_e5e41175/builds/release/bin/downward --search 'astar(merge_and_shrink(op_mutex=op_mutex(use_previous_ops=NaSUTPO, reachability_strategy=goal), merge_strategy=merge_sccs(order_of_sccs=topological, merge_tree=linear()), shrink_strategy=shrink_bisimulation(greedy=false, at_limit=RETURN)))' --internal-plan-file sas_plan < output.sas
[t=4.2732e-05s, 22344 KB] reading input...
[t=0.0010096s, 22344 KB] done reading input!
[t=0.00245444s, 22600 KB] Initializing merge-and-shrink heuristic...
[t=0.00252117s, 22600 KB] Running merge-and-shrink algorithm...
[t=0.0025409s, 22600 KB] Merge strategy options:
[t=0.00256302s, 22600 KB] Type: sccs
[t=0.00259096s, 22600 KB] Merge order of sccs: topological
[t=0.00261096s, 22600 KB] Merge strategy for merging within sccs: 
[t=0.00262969s, 22600 KB] Merge tree options: 
[t=0.00264842s, 22600 KB] Type: linear
[t=0.00266726s, 22600 KB] Update option: use random
[t=0.00268588s, 22600 KB] Variable order type: CG/GOAL, tie breaking on level (main)

[t=0.00270688s, 22600 KB] Options related to size limits and shrinking: 
[t=0.00272719s, 22600 KB] Transition system size limit: 50000
[t=0.00274662s, 22600 KB] Transition system size limit right before merge: 50000
[t=0.00276509s, 22600 KB] Threshold to trigger shrinking right before merge: 1

[t=0.00278792s, 22600 KB] Pruning unreachable states: yes
[t=0.00281128s, 22600 KB] Pruning irrelevant states: yes

[t=0.00283189s, 22600 KB] Label reduction disabled

[t=0.00285349s, 22600 KB] Main loop max time in seconds: inf

[t=0.00287736s, 22600 KB] ===============================================================================
[t=0.00289631s, 22600 KB] WARNING! You did not enable label reduction.
This may drastically reduce the performance of merge-and-shrink!
[t=0.0029158s, 22600 KB] ===============================================================================

[t=0.00293705s, 22600 KB] Building atomic transition systems... 
[t=0.00376018s, 23664 KB] M&S algorithm timer: 0.00127198s (after computation of atomic factors)

[t=0.00382666s, 23664 KB] Starting main loop without a time limit.
[t=0.00385557s, 23664 KB] building causal graph...done! [t=0.000844972s]
[t=0.00478564s, 23796 KB] SCCs of the causal graph:
[t=0.00488097s, 23796 KB] [0, 7, 4, 8, 6, 9, 1, 10, 5, 11, 13, 14, 2, 15, 3, 16, 12, 19, 17, 18, 20, 21, 22, 23, 24, 25, 26, 29, 27, 28, 40, 41, 30, 31, 32, 33, 34, 35, 36, 37, 38, 39]
[t=0.0049202s, 23796 KB] Only one single SCC
[t=0.00495974s, 23796 KB] Next pair of indices: (41, 40)
[t=0.00498337s, 23796 KB] M&S algorithm main loop timer: 0.00117526s (after computation of next merge)
[t=0.005031s, 23796 KB] M&S algorithm main loop timer: 0.00122637s (after merging)

[t=0.00506072s, 23796 KB] Operator mutex starting iteration 0


[t=0.0051318s, 23796 KB] In ts_0_0 of size 2 found num new op-mutexes 0


[t=0.00520253s, 23796 KB] In ts_0_1 of size 2 found num new op-mutexes 0


[t=0.00526883s, 23796 KB] In ts_0_2 of size 2 found num new op-mutexes 0


[t=0.00533278s, 23796 KB] In ts_0_3 of size 2 found num new op-mutexes 0


[t=0.00539535s, 23796 KB] In ts_0_4 of size 2 found num new op-mutexes 0


[t=0.00545685s, 23796 KB] In ts_0_5 of size 2 found num new op-mutexes 0


[t=0.00551801s, 23796 KB] In ts_0_6 of size 2 found num new op-mutexes 0


[t=0.00559126s, 23796 KB] In ts_0_7 of size 2 found num new op-mutexes 0


[t=0.00566392s, 23796 KB] In ts_0_8 of size 2 found num new op-mutexes 0


[t=0.00572906s, 23796 KB] In ts_0_9 of size 2 found num new op-mutexes 0


[t=0.00579978s, 23796 KB] In ts_0_10 of size 2 found num new op-mutexes 0


[t=0.00586975s, 23796 KB] In ts_0_11 of size 2 found num new op-mutexes 0


[t=0.00593278s, 23796 KB] In ts_0_12 of size 2 found num new op-mutexes 0


[t=0.00599522s, 23796 KB] In ts_0_13 of size 2 found num new op-mutexes 0


[t=0.00606567s, 23796 KB] In ts_0_14 of size 2 found num new op-mutexes 0


[t=0.00613631s, 23796 KB] In ts_0_15 of size 2 found num new op-mutexes 0


[t=0.00619951s, 23796 KB] In ts_0_16 of size 2 found num new op-mutexes 0


[t=0.00627567s, 23796 KB] In ts_0_17 of size 2 found num new op-mutexes 0


[t=0.00634888s, 23796 KB] In ts_0_18 of size 2 found num new op-mutexes 0


[t=0.00641693s, 23796 KB] In ts_0_19 of size 2 found num new op-mutexes 0


[t=0.00648671s, 23796 KB] In ts_0_20 of size 2 found num new op-mutexes 0


[t=0.00655606s, 23796 KB] In ts_0_21 of size 2 found num new op-mutexes 0


[t=0.00662486s, 23796 KB] In ts_0_22 of size 2 found num new op-mutexes 0


[t=0.00669421s, 23796 KB] In ts_0_23 of size 2 found num new op-mutexes 0


[t=0.00675696s, 23796 KB] In ts_0_24 of size 2 found num new op-mutexes 0


[t=0.00682541s, 23796 KB] In ts_0_25 of size 2 found num new op-mutexes 0


[t=0.00689384s, 23796 KB] In ts_0_26 of size 2 found num new op-mutexes 0


[t=0.00696207s, 23796 KB] In ts_0_27 of size 2 found num new op-mutexes 0


[t=0.00703051s, 23796 KB] In ts_0_28 of size 2 found num new op-mutexes 0


[t=0.00709798s, 23796 KB] In ts_0_29 of size 2 found num new op-mutexes 0


[t=0.00717262s, 23796 KB] In ts_0_30 of size 2 found num new op-mutexes 0


[t=0.00724213s, 23796 KB] In ts_0_31 of size 2 found num new op-mutexes 0


[t=0.00731133s, 23796 KB] In ts_0_32 of size 2 found num new op-mutexes 0


[t=0.00738049s, 23796 KB] In ts_0_33 of size 2 found num new op-mutexes 0


[t=0.00744926s, 23796 KB] In ts_0_34 of size 2 found num new op-mutexes 0


[t=0.00751796s, 23796 KB] In ts_0_35 of size 2 found num new op-mutexes 0


[t=0.00758709s, 23796 KB] In ts_0_36 of size 2 found num new op-mutexes 0


[t=0.00765597s, 23796 KB] In ts_0_37 of size 2 found num new op-mutexes 0


[t=0.00771827s, 23796 KB] In ts_0_38 of size 2 found num new op-mutexes 0


[t=0.00777986s, 23796 KB] In ts_0_39 of size 2 found num new op-mutexes 0


[t=0.0078647s, 23796 KB] In ts_0_42 of size 4 found num new op-mutexes 0
[t=0.00789125s, 23796 KB] Operator mutex finished iteration 0. Found an additional 0 operator mutexes

[t=0.0079286s, 23796 KB] Next pair of indices: (42, 39)
[t=0.00795337s, 23796 KB] M&S algorithm main loop timer: 0.00414546s (after computation of next merge)
[t=0.00800787s, 23796 KB] M&S algorithm main loop timer: 0.00420425s (after merging)

[t=0.00803796s, 23796 KB] Operator mutex starting iteration 1


[t=0.00809773s, 23796 KB] In ts_1_0 of size 2 found num new op-mutexes 0


[t=0.00816219s, 23796 KB] In ts_1_1 of size 2 found num new op-mutexes 0


[t=0.00822544s, 23796 KB] In ts_1_2 of size 2 found num new op-mutexes 0


[t=0.00828702s, 23796 KB] In ts_1_3 of size 2 found num new op-mutexes 0


[t=0.00834853s, 23796 KB] In ts_1_4 of size 2 found num new op-mutexes 0


[t=0.00840967s, 23796 KB] In ts_1_5 of size 2 found num new op-mutexes 0


[t=0.00847797s, 23796 KB] In ts_1_6 of size 2 found num new op-mutexes 0


[t=0.00855096s, 23796 KB] In ts_1_7 of size 2 found num new op-mutexes 0


[t=0.00862163s, 23796 KB] In ts_1_8 of size 2 found num new op-mutexes 0


[t=0.00869315s, 23796 KB] In ts_1_9 of size 2 found num new op-mutexes 0


[t=0.00876306s, 23796 KB] In ts_1_10 of size 2 found num new op-mutexes 0


[t=0.00883246s, 23796 KB] In ts_1_11 of size 2 found num new op-mutexes 0


[t=0.00889495s, 23796 KB] In ts_1_12 of size 2 found num new op-mutexes 0


[t=0.00895654s, 23796 KB] In ts_1_13 of size 2 found num new op-mutexes 0


[t=0.00902543s, 23796 KB] In ts_1_14 of size 2 found num new op-mutexes 0


[t=0.00909894s, 23796 KB] In ts_1_15 of size 2 found num new op-mutexes 0


[t=0.00916111s, 23796 KB] In ts_1_16 of size 2 found num new op-mutexes 0


[t=0.0092303s, 23796 KB] In ts_1_17 of size 2 found num new op-mutexes 0


[t=0.00929943s, 23796 KB] In ts_1_18 of size 2 found num new op-mutexes 0


[t=0.009362s, 23796 KB] In ts_1_19 of size 2 found num new op-mutexes 0


[t=0.00943136s, 23796 KB] In ts_1_20 of size 2 found num new op-mutexes 0


[t=0.00950027s, 23796 KB] In ts_1_21 of size 2 found num new op-mutexes 0


[t=0.00956934s, 23796 KB] In ts_1_22 of size 2 found num new op-mutexes 0


[t=0.00963751s, 23796 KB] In ts_1_23 of size 2 found num new op-mutexes 0


[t=0.00969968s, 23796 KB] In ts_1_24 of size 2 found num new op-mutexes 0


[t=0.00976784s, 23796 KB] In ts_1_25 of size 2 found num new op-mutexes 0


[t=0.00985709s, 23796 KB] In ts_1_26 of size 2 found num new op-mutexes 0


[t=0.00992885s, 23796 KB] In ts_1_27 of size 2 found num new op-mutexes 0


[t=0.0100068s, 23796 KB] In ts_1_28 of size 2 found num new op-mutexes 0


[t=0.010069s, 23796 KB] In ts_1_29 of size 2 found num new op-mutexes 0


[t=0.0101372s, 23796 KB] In ts_1_30 of size 2 found num new op-mutexes 0


[t=0.0102049s, 23796 KB] In ts_1_31 of size 2 found num new op-mutexes 0


[t=0.0102736s, 23796 KB] In ts_1_32 of size 2 found num new op-mutexes 0


[t=0.0103414s, 23796 KB] In ts_1_33 of size 2 found num new op-mutexes 0


[t=0.0104101s, 23796 KB] In ts_1_34 of size 2 found num new op-mutexes 0


[t=0.0104787s, 23796 KB] In ts_1_35 of size 2 found num new op-mutexes 0


[t=0.0105467s, 23796 KB] In ts_1_36 of size 2 found num new op-mutexes 0


[t=0.010615s, 23796 KB] In ts_1_37 of size 2 found num new op-mutexes 0


[t=0.0106769s, 23796 KB] In ts_1_38 of size 2 found num new op-mutexes 0


[t=0.0107861s, 23796 KB] In ts_1_43 of size 8 found num new op-mutexes 0
[t=0.0108148s, 23796 KB] Operator mutex finished iteration 1. Found an additional 0 operator mutexes

[t=0.010842s, 23796 KB] Next pair of indices: (43, 38)
[t=0.0108666s, 23796 KB] M&S algorithm main loop timer: 0.00705749s (after computation of next merge)
[t=0.010927s, 23796 KB] M&S algorithm main loop timer: 0.00712343s (after merging)

[t=0.0109575s, 23796 KB] Operator mutex starting iteration 2


[t=0.0110175s, 23796 KB] In ts_2_0 of size 2 found num new op-mutexes 0


[t=0.0110995s, 23796 KB] In ts_2_1 of size 2 found num new op-mutexes 0


[t=0.0111657s, 23796 KB] In ts_2_2 of size 2 found num new op-mutexes 0


[t=0.0112293s, 23796 KB] In ts_2_3 of size 2 found num new op-mutexes 0


[t=0.011291s, 23796 KB] In ts_2_4 of size 2 found num new op-mutexes 0


[t=0.0113535s, 23796 KB] In ts_2_5 of size 2 found num new op-mutexes 0


[t=0.0114158s, 23796 KB] In ts_2_6 of size 2 found num new op-mutexes 0


[t=0.0114869s, 23796 KB] In ts_2_7 of size 2 found num new op-mutexes 0


[t=0.0115577s, 23796 KB] In ts_2_8 of size 2 found num new op-mutexes 0


[t=0.0116314s, 23796 KB] In ts_2_9 of size 2 found num new op-mutexes 0


[t=0.0117029s, 23796 KB] In ts_2_10 of size 2 found num new op-mutexes 0


[t=0.011781s, 23796 KB] In ts_2_11 of size 2 found num new op-mutexes 0


[t=0.0118441s, 23796 KB] In ts_2_12 of size 2 found num new op-mutexes 0


[t=0.0119063s, 23796 KB] In ts_2_13 of size 2 found num new op-mutexes 0


[t=0.0119764s, 23796 KB] In ts_2_14 of size 2 found num new op-mutexes 0


[t=0.0120469s, 23796 KB] In ts_2_15 of size 2 found num new op-mutexes 0


[t=0.0121105s, 23796 KB] In ts_2_16 of size 2 found num new op-mutexes 0


[t=0.0121799s, 23796 KB] In ts_2_17 of size 2 found num new op-mutexes 0


[t=0.0122499s, 23796 KB] In ts_2_18 of size 2 found num new op-mutexes 0


[t=0.0123123s, 23796 KB] In ts_2_19 of size 2 found num new op-mutexes 0


[t=0.0124023s, 23796 KB] In ts_2_20 of size 2 found num new op-mutexes 0


[t=0.0124797s, 23796 KB] In ts_2_21 of size 2 found num new op-mutexes 0


[t=0.0125496s, 23796 KB] In ts_2_22 of size 2 found num new op-mutexes 0


[t=0.0126186s, 23796 KB] In ts_2_23 of size 2 found num new op-mutexes 0


[t=0.0126812s, 23796 KB] In ts_2_24 of size 2 found num new op-mutexes 0


[t=0.0127498s, 23796 KB] In ts_2_25 of size 2 found num new op-mutexes 0


[t=0.0128182s, 23796 KB] In ts_2_26 of size 2 found num new op-mutexes 0


[t=0.0128866s, 23796 KB] In ts_2_27 of size 2 found num new op-mutexes 0


[t=0.0129547s, 23796 KB] In ts_2_28 of size 2 found num new op-mutexes 0


[t=0.0130168s, 23796 KB] In ts_2_29 of size 2 found num new op-mutexes 0


[t=0.0130914s, 23796 KB] In ts_2_30 of size 2 found num new op-mutexes 0


[t=0.0131597s, 23796 KB] In ts_2_31 of size 2 found num new op-mutexes 0


[t=0.0132282s, 23796 KB] In ts_2_32 of size 2 found num new op-mutexes 0


[t=0.0132971s, 23796 KB] In ts_2_33 of size 2 found num new op-mutexes 0


[t=0.0133656s, 23796 KB] In ts_2_34 of size 2 found num new op-mutexes 0


[t=0.0134338s, 23796 KB] In ts_2_35 of size 2 found num new op-mutexes 0


[t=0.0135027s, 23796 KB] In ts_2_36 of size 2 found num new op-mutexes 0


[t=0.013571s, 23796 KB] In ts_2_37 of size 2 found num new op-mutexes 0


[t=0.0137216s, 23796 KB] In ts_2_44 of size 16 found num new op-mutexes 0
[t=0.013751s, 23796 KB] Operator mutex finished iteration 2. Found an additional 0 operator mutexes

[t=0.0137789s, 23796 KB] Next pair of indices: (44, 37)
[t=0.0137995s, 23796 KB] M&S algorithm main loop timer: 0.00999015s (after computation of next merge)
[t=0.0138891s, 23796 KB] M&S algorithm main loop timer: 0.0100872s (after merging)

[t=0.0139247s, 23796 KB] Operator mutex starting iteration 3


[t=0.0140127s, 23796 KB] In ts_3_0 of size 2 found num new op-mutexes 0


[t=0.0140833s, 23796 KB] In ts_3_1 of size 2 found num new op-mutexes 0


[t=0.014198s, 23796 KB] In ts_3_2 of size 2 found num new op-mutexes 0


[t=0.0142688s, 23796 KB] In ts_3_3 of size 2 found num new op-mutexes 0


[t=0.0143333s, 23796 KB] In ts_3_4 of size 2 found num new op-mutexes 0


[t=0.0143962s, 23796 KB] In ts_3_5 of size 2 found num new op-mutexes 0


[t=0.0144584s, 23796 KB] In ts_3_6 of size 2 found num new op-mutexes 0


[t=0.0145306s, 23796 KB] In ts_3_7 of size 2 found num new op-mutexes 0


[t=0.0146025s, 23796 KB] In ts_3_8 of size 2 found num new op-mutexes 0


[t=0.0146668s, 23796 KB] In ts_3_9 of size 2 found num new op-mutexes 0


[t=0.0147379s, 23796 KB] In ts_3_10 of size 2 found num new op-mutexes 0


[t=0.0148167s, 23796 KB] In ts_3_11 of size 2 found num new op-mutexes 0


[t=0.0148797s, 23796 KB] In ts_3_12 of size 2 found num new op-mutexes 0


[t=0.0149427s, 23796 KB] In ts_3_13 of size 2 found num new op-mutexes 0


[t=0.0150215s, 23796 KB] In ts_3_14 of size 2 found num new op-mutexes 0


[t=0.0150913s, 23796 KB] In ts_3_15 of size 2 found num new op-mutexes 0


[t=0.0151546s, 23796 KB] In ts_3_16 of size 2 found num new op-mutexes 0


[t=0.0152244s, 23796 KB] In ts_3_17 of size 2 found num new op-mutexes 0


[t=0.0152946s, 23796 KB] In ts_3_18 of size 2 found num new op-mutexes 0


[t=0.0153574s, 23796 KB] In ts_3_19 of size 2 found num new op-mutexes 0


[t=0.0154273s, 23796 KB] In ts_3_20 of size 2 found num new op-mutexes 0


[t=0.0154972s, 23796 KB] In ts_3_21 of size 2 found num new op-mutexes 0


[t=0.0155671s, 23796 KB] In ts_3_22 of size 2 found num new op-mutexes 0


[t=0.0156362s, 23796 KB] In ts_3_23 of size 2 found num new op-mutexes 0


[t=0.0157083s, 23796 KB] In ts_3_24 of size 2 found num new op-mutexes 0


[t=0.0157773s, 23796 KB] In ts_3_25 of size 2 found num new op-mutexes 0


[t=0.0158469s, 23796 KB] In ts_3_26 of size 2 found num new op-mutexes 0


[t=0.015916s, 23796 KB] In ts_3_27 of size 2 found num new op-mutexes 0


[t=0.0159841s, 23796 KB] In ts_3_28 of size 2 found num new op-mutexes 0


[t=0.016047s, 23796 KB] In ts_3_29 of size 2 found num new op-mutexes 0


[t=0.016116s, 23796 KB] In ts_3_30 of size 2 found num new op-mutexes 0


[t=0.0161897s, 23796 KB] In ts_3_31 of size 2 found num new op-mutexes 0


[t=0.016269s, 23796 KB] In ts_3_32 of size 2 found num new op-mutexes 0


[t=0.0163432s, 23796 KB] In ts_3_33 of size 2 found num new op-mutexes 0


[t=0.0164118s, 23796 KB] In ts_3_34 of size 2 found num new op-mutexes 0


[t=0.0164808s, 23796 KB] In ts_3_35 of size 2 found num new op-mutexes 0


[t=0.0165499s, 23796 KB] In ts_3_36 of size 2 found num new op-mutexes 0


[t=0.0167783s, 23796 KB] In ts_3_45 of size 32 found num new op-mutexes 0
[t=0.0168116s, 23796 KB] Operator mutex finished iteration 3. Found an additional 0 operator mutexes

[t=0.0168391s, 23796 KB] Next pair of indices: (45, 36)
[t=0.0168615s, 23796 KB] M&S algorithm main loop timer: 0.0130527s (after computation of next merge)
[t=0.0169868s, 23796 KB] M&S algorithm main loop timer: 0.0131836s (after merging)
[t=0.0170276s, 23796 KB] M&S algorithm main loop timer: 0.0132202s (after pruning)

[t=0.0170525s, 23796 KB] Operator mutex starting iteration 4


[t=0.0171135s, 23796 KB] In ts_4_0 of size 2 found num new op-mutexes 0


[t=0.0171886s, 23796 KB] In ts_4_1 of size 2 found num new op-mutexes 0


[t=0.0172521s, 23796 KB] In ts_4_2 of size 2 found num new op-mutexes 0


[t=0.0173334s, 23796 KB] In ts_4_3 of size 2 found num new op-mutexes 0


[t=0.0173988s, 23796 KB] In ts_4_4 of size 2 found num new op-mutexes 0


[t=0.0174611s, 23796 KB] In ts_4_5 of size 2 found num new op-mutexes 0


[t=0.0175224s, 23796 KB] In ts_4_6 of size 2 found num new op-mutexes 0


[t=0.0175936s, 23796 KB] In ts_4_7 of size 2 found num new op-mutexes 0


[t=0.0176646s, 23796 KB] In ts_4_8 of size 2 found num new op-mutexes 0


[t=0.0177284s, 23796 KB] In ts_4_9 of size 2 found num new op-mutexes 0


[t=0.0177984s, 23796 KB] In ts_4_10 of size 2 found num new op-mutexes 0


[t=0.0178684s, 23796 KB] In ts_4_11 of size 2 found num new op-mutexes 0


[t=0.0179308s, 23796 KB] In ts_4_12 of size 2 found num new op-mutexes 0


[t=0.0179922s, 23796 KB] In ts_4_13 of size 2 found num new op-mutexes 0


[t=0.0180713s, 23796 KB] In ts_4_14 of size 2 found num new op-mutexes 0


[t=0.0181405s, 23796 KB] In ts_4_15 of size 2 found num new op-mutexes 0


[t=0.0182032s, 23796 KB] In ts_4_16 of size 2 found num new op-mutexes 0


[t=0.0182725s, 23796 KB] In ts_4_17 of size 2 found num new op-mutexes 0


[t=0.0183415s, 23796 KB] In ts_4_18 of size 2 found num new op-mutexes 0


[t=0.0184043s, 23796 KB] In ts_4_19 of size 2 found num new op-mutexes 0


[t=0.0184733s, 23796 KB] In ts_4_20 of size 2 found num new op-mutexes 0


[t=0.0185483s, 23796 KB] In ts_4_21 of size 2 found num new op-mutexes 0


[t=0.0186225s, 23796 KB] In ts_4_22 of size 2 found num new op-mutexes 0


[t=0.018694s, 23796 KB] In ts_4_23 of size 2 found num new op-mutexes 0


[t=0.0187575s, 23796 KB] In ts_4_24 of size 2 found num new op-mutexes 0


[t=0.0188266s, 23796 KB] In ts_4_25 of size 2 found num new op-mutexes 0


[t=0.0188957s, 23796 KB] In ts_4_26 of size 2 found num new op-mutexes 0


[t=0.0189638s, 23796 KB] In ts_4_27 of size 2 found num new op-mutexes 0


[t=0.0190319s, 23796 KB] In ts_4_28 of size 2 found num new op-mutexes 0


[t=0.0190943s, 23796 KB] In ts_4_29 of size 2 found num new op-mutexes 0


[t=0.0191624s, 23796 KB] In ts_4_30 of size 2 found num new op-mutexes 0


[t=0.0192308s, 23796 KB] In ts_4_31 of size 2 found num new op-mutexes 0


[t=0.0192993s, 23796 KB] In ts_4_32 of size 2 found num new op-mutexes 0


[t=0.0193777s, 23796 KB] In ts_4_33 of size 2 found num new op-mutexes 0


[t=0.0194466s, 23796 KB] In ts_4_34 of size 2 found num new op-mutexes 0


[t=0.0195145s, 23796 KB] In ts_4_35 of size 2 found num new op-mutexes 0


[t=0.0197388s, 23796 KB] In ts_4_46 of size 32 found num new op-mutexes 0
[t=0.0197707s, 23796 KB] Operator mutex finished iteration 4. Found an additional 0 operator mutexes

[t=0.0197978s, 23796 KB] Next pair of indices: (46, 35)
[t=0.0198185s, 23796 KB] M&S algorithm main loop timer: 0.0160092s (after computation of next merge)
[t=0.0199646s, 23796 KB] M&S algorithm main loop timer: 0.0161626s (after merging)

[t=0.0200001s, 23796 KB] Operator mutex starting iteration 5


[t=0.0200631s, 23796 KB] In ts_5_0 of size 2 found num new op-mutexes 0


[t=0.0201296s, 23796 KB] In ts_5_1 of size 2 found num new op-mutexes 0


[t=0.0201944s, 23796 KB] In ts_5_2 of size 2 found num new op-mutexes 0


[t=0.0202793s, 23796 KB] In ts_5_3 of size 2 found num new op-mutexes 0


[t=0.0203624s, 23796 KB] In ts_5_4 of size 2 found num new op-mutexes 0


[t=0.0204253s, 23796 KB] In ts_5_5 of size 2 found num new op-mutexes 0


[t=0.0205205s, 23796 KB] In ts_5_6 of size 2 found num new op-mutexes 0


[t=0.0205954s, 23796 KB] In ts_5_7 of size 2 found num new op-mutexes 0


[t=0.0206673s, 23796 KB] In ts_5_8 of size 2 found num new op-mutexes 0


[t=0.0207314s, 23796 KB] In ts_5_9 of size 2 found num new op-mutexes 0


[t=0.0208018s, 23796 KB] In ts_5_10 of size 2 found num new op-mutexes 0


[t=0.0208718s, 23796 KB] In ts_5_11 of size 2 found num new op-mutexes 0


[t=0.0209347s, 23796 KB] In ts_5_12 of size 2 found num new op-mutexes 0


[t=0.0209973s, 23796 KB] In ts_5_13 of size 2 found num new op-mutexes 0


[t=0.0210674s, 23796 KB] In ts_5_14 of size 2 found num new op-mutexes 0


[t=0.0211382s, 23796 KB] In ts_5_15 of size 2 found num new op-mutexes 0


[t=0.0212017s, 23796 KB] In ts_5_16 of size 2 found num new op-mutexes 0


[t=0.0212718s, 23796 KB] In ts_5_17 of size 2 found num new op-mutexes 0


[t=0.0213419s, 23796 KB] In ts_5_18 of size 2 found num new op-mutexes 0


[t=0.0214053s, 23796 KB] In ts_5_19 of size 2 found num new op-mutexes 0


[t=0.0214751s, 23796 KB] In ts_5_20 of size 2 found num new op-mutexes 0


[t=0.0215449s, 23796 KB] In ts_5_21 of size 2 found num new op-mutexes 0


[t=0.0216143s, 23796 KB] In ts_5_22 of size 2 found num new op-mutexes 0


[t=0.0216922s, 23796 KB] In ts_5_23 of size 2 found num new op-mutexes 0


[t=0.0217553s, 23796 KB] In ts_5_24 of size 2 found num new op-mutexes 0


[t=0.0218277s, 23796 KB] In ts_5_25 of size 2 found num new op-mutexes 0


[t=0.0219006s, 23796 KB] In ts_5_26 of size 2 found num new op-mutexes 0


[t=0.0219703s, 23796 KB] In ts_5_27 of size 2 found num new op-mutexes 0


[t=0.0220387s, 23796 KB] In ts_5_28 of size 2 found num new op-mutexes 0


[t=0.0221015s, 23796 KB] In ts_5_29 of size 2 found num new op-mutexes 0


[t=0.0221705s, 23796 KB] In ts_5_30 of size 2 found num new op-mutexes 0


[t=0.0222393s, 23796 KB] In ts_5_31 of size 2 found num new op-mutexes 0


[t=0.022309s, 23796 KB] In ts_5_32 of size 2 found num new op-mutexes 0


[t=0.0223787s, 23796 KB] In ts_5_33 of size 2 found num new op-mutexes 0


[t=0.0224573s, 23796 KB] In ts_5_34 of size 2 found num new op-mutexes 0


[t=0.0228919s, 23796 KB] In ts_5_47 of size 64 found num new op-mutexes 0
[t=0.0229301s, 23796 KB] Operator mutex finished iteration 5. Found an additional 0 operator mutexes

[t=0.0229594s, 23796 KB] Next pair of indices: (47, 34)
[t=0.0229805s, 23796 KB] M&S algorithm main loop timer: 0.0191721s (after computation of next merge)
[t=0.0232001s, 23796 KB] M&S algorithm main loop timer: 0.0194015s (after merging)
[t=0.0232591s, 23796 KB] M&S algorithm main loop timer: 0.0194529s (after pruning)

[t=0.0232852s, 23796 KB] Operator mutex starting iteration 6


[t=0.023348s, 23796 KB] In ts_6_0 of size 2 found num new op-mutexes 0


[t=0.023416s, 23796 KB] In ts_6_1 of size 2 found num new op-mutexes 0


[t=0.0234823s, 23796 KB] In ts_6_2 of size 2 found num new op-mutexes 0


[t=0.0235462s, 23796 KB] In ts_6_3 of size 2 found num new op-mutexes 0


[t=0.0236136s, 23796 KB] In ts_6_4 of size 2 found num new op-mutexes 0


[t=0.0236902s, 23796 KB] In ts_6_5 of size 2 found num new op-mutexes 0


[t=0.0237556s, 23796 KB] In ts_6_6 of size 2 found num new op-mutexes 0


[t=0.0238283s, 23796 KB] In ts_6_7 of size 2 found num new op-mutexes 0


[t=0.0239006s, 23796 KB] In ts_6_8 of size 2 found num new op-mutexes 0


[t=0.0239655s, 23796 KB] In ts_6_9 of size 2 found num new op-mutexes 0


[t=0.0240367s, 23796 KB] In ts_6_10 of size 2 found num new op-mutexes 0


[t=0.0241079s, 23796 KB] In ts_6_11 of size 2 found num new op-mutexes 0


[t=0.0241721s, 23796 KB] In ts_6_12 of size 2 found num new op-mutexes 0


[t=0.0242349s, 23796 KB] In ts_6_13 of size 2 found num new op-mutexes 0


[t=0.0243054s, 23796 KB] In ts_6_14 of size 2 found num new op-mutexes 0


[t=0.024376s, 23796 KB] In ts_6_15 of size 2 found num new op-mutexes 0


[t=0.0244404s, 23796 KB] In ts_6_16 of size 2 found num new op-mutexes 0


[t=0.0245113s, 23796 KB] In ts_6_17 of size 2 found num new op-mutexes 0


[t=0.0245816s, 23796 KB] In ts_6_18 of size 2 found num new op-mutexes 0


[t=0.0246451s, 23796 KB] In ts_6_19 of size 2 found num new op-mutexes 0


[t=0.0247152s, 23796 KB] In ts_6_20 of size 2 found num new op-mutexes 0


[t=0.0247854s, 23796 KB] In ts_6_21 of size 2 found num new op-mutexes 0


[t=0.0248554s, 23796 KB] In ts_6_22 of size 2 found num new op-mutexes 0


[t=0.0249246s, 23796 KB] In ts_6_23 of size 2 found num new op-mutexes 0


[t=0.0249918s, 23796 KB] In ts_6_24 of size 2 found num new op-mutexes 0


[t=0.0250664s, 23796 KB] In ts_6_25 of size 2 found num new op-mutexes 0


[t=0.0251369s, 23796 KB] In ts_6_26 of size 2 found num new op-mutexes 0


[t=0.0252123s, 23796 KB] In ts_6_27 of size 2 found num new op-mutexes 0


[t=0.0252815s, 23796 KB] In ts_6_28 of size 2 found num new op-mutexes 0


[t=0.0253452s, 23796 KB] In ts_6_29 of size 2 found num new op-mutexes 0


[t=0.0254151s, 23796 KB] In ts_6_30 of size 2 found num new op-mutexes 0


[t=0.025485s, 23796 KB] In ts_6_31 of size 2 found num new op-mutexes 0


[t=0.025555s, 23796 KB] In ts_6_32 of size 2 found num new op-mutexes 0


[t=0.0256253s, 23796 KB] In ts_6_33 of size 2 found num new op-mutexes 0


[t=0.02603s, 23796 KB] In ts_6_48 of size 64 found num new op-mutexes 0
[t=0.0260646s, 23796 KB] Operator mutex finished iteration 6. Found an additional 0 operator mutexes

[t=0.0260932s, 23796 KB] Next pair of indices: (48, 33)
[t=0.0261149s, 23796 KB] M&S algorithm main loop timer: 0.0223064s (after computation of next merge)
[t=0.0263619s, 23796 KB] M&S algorithm main loop timer: 0.0225637s (after merging)

[t=0.0264059s, 23796 KB] Operator mutex starting iteration 7


[t=0.0264718s, 23796 KB] In ts_7_0 of size 2 found num new op-mutexes 0


[t=0.0265494s, 23796 KB] In ts_7_1 of size 2 found num new op-mutexes 0


[t=0.0266153s, 23796 KB] In ts_7_2 of size 2 found num new op-mutexes 0


[t=0.0266796s, 23796 KB] In ts_7_3 of size 2 found num new op-mutexes 0


[t=0.0267438s, 23796 KB] In ts_7_4 of size 2 found num new op-mutexes 0


[t=0.0268073s, 23796 KB] In ts_7_5 of size 2 found num new op-mutexes 0


[t=0.0268823s, 23796 KB] In ts_7_6 of size 2 found num new op-mutexes 0


[t=0.0269632s, 23796 KB] In ts_7_7 of size 2 found num new op-mutexes 0


[t=0.027037s, 23796 KB] In ts_7_8 of size 2 found num new op-mutexes 0


[t=0.0271014s, 23796 KB] In ts_7_9 of size 2 found num new op-mutexes 0


[t=0.0271728s, 23796 KB] In ts_7_10 of size 2 found num new op-mutexes 0


[t=0.027244s, 23796 KB] In ts_7_11 of size 2 found num new op-mutexes 0


[t=0.0273085s, 23796 KB] In ts_7_12 of size 2 found num new op-mutexes 0


[t=0.0273798s, 23796 KB] In ts_7_13 of size 2 found num new op-mutexes 0


[t=0.0274603s, 23796 KB] In ts_7_14 of size 2 found num new op-mutexes 0


[t=0.0275343s, 23796 KB] In ts_7_15 of size 2 found num new op-mutexes 0


[t=0.0275993s, 23796 KB] In ts_7_16 of size 2 found num new op-mutexes 0


[t=0.0276701s, 23796 KB] In ts_7_17 of size 2 found num new op-mutexes 0


[t=0.0277401s, 23796 KB] In ts_7_18 of size 2 found num new op-mutexes 0


[t=0.0278038s, 23796 KB] In ts_7_19 of size 2 found num new op-mutexes 0


[t=0.0278747s, 23796 KB] In ts_7_20 of size 2 found num new op-mutexes 0


[t=0.027945s, 23796 KB] In ts_7_21 of size 2 found num new op-mutexes 0


[t=0.0280145s, 23796 KB] In ts_7_22 of size 2 found num new op-mutexes 0


[t=0.0280841s, 23796 KB] In ts_7_23 of size 2 found num new op-mutexes 0


[t=0.0281476s, 23796 KB] In ts_7_24 of size 2 found num new op-mutexes 0


[t=0.0282389s, 23796 KB] In ts_7_25 of size 2 found num new op-mutexes 0


[t=0.0283159s, 23796 KB] In ts_7_26 of size 2 found num new op-mutexes 0


[t=0.0283861s, 23796 KB] In ts_7_27 of size 2 found num new op-mutexes 0


[t=0.0284553s, 23796 KB] In ts_7_28 of size 2 found num new op-mutexes 0


[t=0.0285227s, 23796 KB] In ts_7_29 of size 2 found num new op-mutexes 0


[t=0.0285921s, 23796 KB] In ts_7_30 of size 2 found num new op-mutexes 0


[t=0.0286615s, 23796 KB] In ts_7_31 of size 2 found num new op-mutexes 0


[t=0.0287312s, 23796 KB] In ts_7_32 of size 2 found num new op-mutexes 0


[t=0.0295354s, 23936 KB] In ts_7_49 of size 128 found num new op-mutexes 0
[t=0.0295731s, 23936 KB] Operator mutex finished iteration 7. Found an additional 0 operator mutexes

[t=0.0296128s, 23936 KB] Next pair of indices: (49, 32)
[t=0.0296347s, 23936 KB] M&S algorithm main loop timer: 0.0258265s (after computation of next merge)
[t=0.0300453s, 23936 KB] M&S algorithm main loop timer: 0.0262526s (after merging)
[t=0.030138s, 23936 KB] M&S algorithm main loop timer: 0.026334s (after pruning)

[t=0.0301669s, 23936 KB] Operator mutex starting iteration 8


[t=0.0302724s, 23936 KB] In ts_8_0 of size 2 found num new op-mutexes 0


[t=0.0303432s, 23936 KB] In ts_8_1 of size 2 found num new op-mutexes 0


[t=0.0304087s, 23936 KB] In ts_8_2 of size 2 found num new op-mutexes 0


[t=0.0304721s, 23936 KB] In ts_8_3 of size 2 found num new op-mutexes 0


[t=0.0305354s, 23936 KB] In ts_8_4 of size 2 found num new op-mutexes 0


[t=0.0305974s, 23936 KB] In ts_8_5 of size 2 found num new op-mutexes 0


[t=0.0306588s, 23936 KB] In ts_8_6 of size 2 found num new op-mutexes 0


[t=0.0307317s, 23936 KB] In ts_8_7 of size 2 found num new op-mutexes 0


[t=0.0308114s, 23936 KB] In ts_8_8 of size 2 found num new op-mutexes 0


[t=0.0308789s, 23936 KB] In ts_8_9 of size 2 found num new op-mutexes 0


[t=0.03095s, 23936 KB] In ts_8_10 of size 2 found num new op-mutexes 0


[t=0.0310292s, 23936 KB] In ts_8_11 of size 2 found num new op-mutexes 0


[t=0.0310963s, 23936 KB] In ts_8_12 of size 2 found num new op-mutexes 0


[t=0.0311631s, 23936 KB] In ts_8_13 of size 2 found num new op-mutexes 0


[t=0.0312344s, 23936 KB] In ts_8_14 of size 2 found num new op-mutexes 0


[t=0.0313061s, 23936 KB] In ts_8_15 of size 2 found num new op-mutexes 0


[t=0.0313706s, 23936 KB] In ts_8_16 of size 2 found num new op-mutexes 0


[t=0.0314414s, 23936 KB] In ts_8_17 of size 2 found num new op-mutexes 0


[t=0.031512s, 23936 KB] In ts_8_18 of size 2 found num new op-mutexes 0


[t=0.0315822s, 23936 KB] In ts_8_19 of size 2 found num new op-mutexes 0


[t=0.0316526s, 23936 KB] In ts_8_20 of size 2 found num new op-mutexes 0


[t=0.0317237s, 23936 KB] In ts_8_21 of size 2 found num new op-mutexes 0


[t=0.0317942s, 23936 KB] In ts_8_22 of size 2 found num new op-mutexes 0


[t=0.031864s, 23936 KB] In ts_8_23 of size 2 found num new op-mutexes 0


[t=0.0319273s, 23936 KB] In ts_8_24 of size 2 found num new op-mutexes 0


[t=0.0319967s, 23936 KB] In ts_8_25 of size 2 found num new op-mutexes 0


[t=0.0320661s, 23936 KB] In ts_8_26 of size 2 found num new op-mutexes 0


[t=0.0321354s, 23936 KB] In ts_8_27 of size 2 found num new op-mutexes 0


[t=0.0322046s, 23936 KB] In ts_8_28 of size 2 found num new op-mutexes 0


[t=0.0322675s, 23936 KB] In ts_8_29 of size 2 found num new op-mutexes 0


[t=0.0323368s, 23936 KB] In ts_8_30 of size 2 found num new op-mutexes 0


[t=0.0324059s, 23936 KB] In ts_8_31 of size 2 found num new op-mutexes 0


[t=0.0331456s, 23936 KB] In ts_8_50 of size 128 found num new op-mutexes 0
[t=0.0331839s, 23936 KB] Operator mutex finished iteration 8. Found an additional 0 operator mutexes

[t=0.0332163s, 23936 KB] Next pair of indices: (50, 31)
[t=0.0332425s, 23936 KB] M&S algorithm main loop timer: 0.0294346s (after computation of next merge)
[t=0.0337603s, 23936 KB] M&S algorithm main loop timer: 0.0299696s (after merging)

[t=0.0338213s, 23936 KB] Operator mutex starting iteration 9


[t=0.0338895s, 23936 KB] In ts_9_0 of size 2 found num new op-mutexes 0


[t=0.0339581s, 23936 KB] In ts_9_1 of size 2 found num new op-mutexes 0


[t=0.0340238s, 23936 KB] In ts_9_2 of size 2 found num new op-mutexes 0


[t=0.0340977s, 23936 KB] In ts_9_3 of size 2 found num new op-mutexes 0


[t=0.0341614s, 23936 KB] In ts_9_4 of size 2 found num new op-mutexes 0


[t=0.034225s, 23936 KB] In ts_9_5 of size 2 found num new op-mutexes 0


[t=0.0342874s, 23936 KB] In ts_9_6 of size 2 found num new op-mutexes 0


[t=0.0343597s, 23936 KB] In ts_9_7 of size 2 found num new op-mutexes 0


[t=0.034432s, 23936 KB] In ts_9_8 of size 2 found num new op-mutexes 0


[t=0.0344969s, 23936 KB] In ts_9_9 of size 2 found num new op-mutexes 0


[t=0.0345675s, 23936 KB] In ts_9_10 of size 2 found num new op-mutexes 0


[t=0.0346481s, 23936 KB] In ts_9_11 of size 2 found num new op-mutexes 0


[t=0.0347191s, 23936 KB] In ts_9_12 of size 2 found num new op-mutexes 0


[t=0.0347888s, 23936 KB] In ts_9_13 of size 2 found num new op-mutexes 0


[t=0.0348661s, 23936 KB] In ts_9_14 of size 2 found num new op-mutexes 0


[t=0.0349434s, 23936 KB] In ts_9_15 of size 2 found num new op-mutexes 0


[t=0.035013s, 23936 KB] In ts_9_16 of size 2 found num new op-mutexes 0


[t=0.0350894s, 23936 KB] In ts_9_17 of size 2 found num new op-mutexes 0


[t=0.0351662s, 23936 KB] In ts_9_18 of size 2 found num new op-mutexes 0


[t=0.0352356s, 23936 KB] In ts_9_19 of size 2 found num new op-mutexes 0


[t=0.0353124s, 23936 KB] In ts_9_20 of size 2 found num new op-mutexes 0


[t=0.03539s, 23936 KB] In ts_9_21 of size 2 found num new op-mutexes 0


[t=0.0354669s, 23936 KB] In ts_9_22 of size 2 found num new op-mutexes 0


[t=0.0355447s, 23936 KB] In ts_9_23 of size 2 found num new op-mutexes 0


[t=0.0356149s, 23936 KB] In ts_9_24 of size 2 found num new op-mutexes 0


[t=0.0356983s, 23936 KB] In ts_9_25 of size 2 found num new op-mutexes 0


[t=0.035775s, 23936 KB] In ts_9_26 of size 2 found num new op-mutexes 0


[t=0.0358474s, 23936 KB] In ts_9_27 of size 2 found num new op-mutexes 0


[t=0.0359257s, 23936 KB] In ts_9_28 of size 2 found num new op-mutexes 0


[t=0.0359906s, 23936 KB] In ts_9_29 of size 2 found num new op-mutexes 0


[t=0.0360615s, 23936 KB] In ts_9_30 of size 2 found num new op-mutexes 0


[t=0.0381355s, 24164 KB] In ts_9_51 of size 256 found num new op-mutexes 0
[t=0.0381819s, 24164 KB] Operator mutex finished iteration 9. Found an additional 0 operator mutexes

[t=0.038214s, 24164 KB] Next pair of indices: (51, 30)
[t=0.0382362s, 24164 KB] M&S algorithm main loop timer: 0.0344278s (after computation of next merge)
[t=0.0392233s, 24164 KB] M&S algorithm main loop timer: 0.0354392s (after merging)
[t=0.039415s, 24164 KB] M&S algorithm main loop timer: 0.0356209s (after pruning)

[t=0.0394556s, 24164 KB] Operator mutex starting iteration 10


[t=0.0395223s, 24164 KB] In ts_10_0 of size 2 found num new op-mutexes 0


[t=0.0395901s, 24164 KB] In ts_10_1 of size 2 found num new op-mutexes 0


[t=0.0396636s, 24164 KB] In ts_10_2 of size 2 found num new op-mutexes 0


[t=0.0397254s, 24164 KB] In ts_10_3 of size 2 found num new op-mutexes 0


[t=0.0397873s, 24164 KB] In ts_10_4 of size 2 found num new op-mutexes 0


[t=0.0398483s, 24164 KB] In ts_10_5 of size 2 found num new op-mutexes 0


[t=0.0399078s, 24164 KB] In ts_10_6 of size 2 found num new op-mutexes 0


[t=0.0399787s, 24164 KB] In ts_10_7 of size 2 found num new op-mutexes 0


[t=0.040049s, 24164 KB] In ts_10_8 of size 2 found num new op-mutexes 0


[t=0.0401113s, 24164 KB] In ts_10_9 of size 2 found num new op-mutexes 0


[t=0.0401804s, 24164 KB] In ts_10_10 of size 2 found num new op-mutexes 0


[t=0.040249s, 24164 KB] In ts_10_11 of size 2 found num new op-mutexes 0


[t=0.0403217s, 24164 KB] In ts_10_12 of size 2 found num new op-mutexes 0


[t=0.040382s, 24164 KB] In ts_10_13 of size 2 found num new op-mutexes 0


[t=0.0404564s, 24164 KB] In ts_10_14 of size 2 found num new op-mutexes 0


[t=0.0405339s, 24164 KB] In ts_10_15 of size 2 found num new op-mutexes 0


[t=0.040597s, 24164 KB] In ts_10_16 of size 2 found num new op-mutexes 0


[t=0.040666s, 24164 KB] In ts_10_17 of size 2 found num new op-mutexes 0


[t=0.0407347s, 24164 KB] In ts_10_18 of size 2 found num new op-mutexes 0


[t=0.040796s, 24164 KB] In ts_10_19 of size 2 found num new op-mutexes 0


[t=0.040864s, 24164 KB] In ts_10_20 of size 2 found num new op-mutexes 0


[t=0.0409327s, 24164 KB] In ts_10_21 of size 2 found num new op-mutexes 0


[t=0.041001s, 24164 KB] In ts_10_22 of size 2 found num new op-mutexes 0


[t=0.0410688s, 24164 KB] In ts_10_23 of size 2 found num new op-mutexes 0


[t=0.0411299s, 24164 KB] In ts_10_24 of size 2 found num new op-mutexes 0


[t=0.041207s, 24164 KB] In ts_10_25 of size 2 found num new op-mutexes 0


[t=0.0412744s, 24164 KB] In ts_10_26 of size 2 found num new op-mutexes 0


[t=0.0413424s, 24164 KB] In ts_10_27 of size 2 found num new op-mutexes 0


[t=0.0414094s, 24164 KB] In ts_10_28 of size 2 found num new op-mutexes 0


[t=0.0414701s, 24164 KB] In ts_10_29 of size 2 found num new op-mutexes 0


[t=0.0433162s, 24252 KB] In ts_10_52 of size 256 found num new op-mutexes 0
[t=0.0433593s, 24252 KB] Operator mutex finished iteration 10. Found an additional 0 operator mutexes

[t=0.0433915s, 24252 KB] Next pair of indices: (52, 29)
[t=0.0434137s, 24252 KB] M&S algorithm main loop timer: 0.0396053s (after computation of next merge)
[t=0.0444517s, 24252 KB] M&S algorithm main loop timer: 0.040669s (after merging)

[t=0.0445326s, 24252 KB] Operator mutex starting iteration 11


[t=0.0446038s, 24252 KB] In ts_11_0 of size 2 found num new op-mutexes 0


[t=0.04467s, 24252 KB] In ts_11_1 of size 2 found num new op-mutexes 0


[t=0.0447342s, 24252 KB] In ts_11_2 of size 2 found num new op-mutexes 0


[t=0.0447963s, 24252 KB] In ts_11_3 of size 2 found num new op-mutexes 0


[t=0.0448574s, 24252 KB] In ts_11_4 of size 2 found num new op-mutexes 0


[t=0.0449184s, 24252 KB] In ts_11_5 of size 2 found num new op-mutexes 0


[t=0.0449783s, 24252 KB] In ts_11_6 of size 2 found num new op-mutexes 0


[t=0.0450495s, 24252 KB] In ts_11_7 of size 2 found num new op-mutexes 0


[t=0.0451231s, 24252 KB] In ts_11_8 of size 2 found num new op-mutexes 0


[t=0.0451892s, 24252 KB] In ts_11_9 of size 2 found num new op-mutexes 0


[t=0.0452581s, 24252 KB] In ts_11_10 of size 2 found num new op-mutexes 0


[t=0.0453275s, 24252 KB] In ts_11_11 of size 2 found num new op-mutexes 0


[t=0.04539s, 24252 KB] In ts_11_12 of size 2 found num new op-mutexes 0


[t=0.0454777s, 24252 KB] In ts_11_13 of size 2 found num new op-mutexes 0


[t=0.0455508s, 24252 KB] In ts_11_14 of size 2 found num new op-mutexes 0


[t=0.0456207s, 24252 KB] In ts_11_15 of size 2 found num new op-mutexes 0


[t=0.045683s, 24252 KB] In ts_11_16 of size 2 found num new op-mutexes 0


[t=0.0457518s, 24252 KB] In ts_11_17 of size 2 found num new op-mutexes 0


[t=0.0458201s, 24252 KB] In ts_11_18 of size 2 found num new op-mutexes 0


[t=0.0458819s, 24252 KB] In ts_11_19 of size 2 found num new op-mutexes 0


[t=0.04595s, 24252 KB] In ts_11_20 of size 2 found num new op-mutexes 0


[t=0.0460187s, 24252 KB] In ts_11_21 of size 2 found num new op-mutexes 0


[t=0.0460862s, 24252 KB] In ts_11_22 of size 2 found num new op-mutexes 0


[t=0.0461533s, 24252 KB] In ts_11_23 of size 2 found num new op-mutexes 0


[t=0.0462202s, 24252 KB] In ts_11_24 of size 2 found num new op-mutexes 0


[t=0.0462882s, 24252 KB] In ts_11_25 of size 2 found num new op-mutexes 0


[t=0.0463555s, 24252 KB] In ts_11_26 of size 2 found num new op-mutexes 0


[t=0.0464315s, 24252 KB] In ts_11_27 of size 2 found num new op-mutexes 0


[t=0.0465144s, 24252 KB] In ts_11_28 of size 2 found num new op-mutexes 0


[t=0.050497s, 24844 KB] In ts_11_53 of size 512 found num new op-mutexes 0
[t=0.0505455s, 24844 KB] Operator mutex finished iteration 11. Found an additional 0 operator mutexes

[t=0.0505782s, 24844 KB] Next pair of indices: (53, 28)
[t=0.0506007s, 24844 KB] M&S algorithm main loop timer: 0.0467923s (after computation of next merge)
[t=0.0527744s, 24844 KB] M&S algorithm main loop timer: 0.0489804s (after merging)

[t=0.0528784s, 24844 KB] Operator mutex starting iteration 12


[t=0.0529538s, 24844 KB] In ts_12_0 of size 2 found num new op-mutexes 0


[t=0.0530214s, 24844 KB] In ts_12_1 of size 2 found num new op-mutexes 0


[t=0.0530853s, 24844 KB] In ts_12_2 of size 2 found num new op-mutexes 0


[t=0.0531474s, 24844 KB] In ts_12_3 of size 2 found num new op-mutexes 0


[t=0.0532087s, 24844 KB] In ts_12_4 of size 2 found num new op-mutexes 0


[t=0.0532691s, 24844 KB] In ts_12_5 of size 2 found num new op-mutexes 0


[t=0.0533289s, 24844 KB] In ts_12_6 of size 2 found num new op-mutexes 0


[t=0.0533998s, 24844 KB] In ts_12_7 of size 2 found num new op-mutexes 0


[t=0.0534699s, 24844 KB] In ts_12_8 of size 2 found num new op-mutexes 0


[t=0.0535319s, 24844 KB] In ts_12_9 of size 2 found num new op-mutexes 0


[t=0.0536004s, 24844 KB] In ts_12_10 of size 2 found num new op-mutexes 0


[t=0.0536722s, 24844 KB] In ts_12_11 of size 2 found num new op-mutexes 0


[t=0.0537391s, 24844 KB] In ts_12_12 of size 2 found num new op-mutexes 0


[t=0.0537999s, 24844 KB] In ts_12_13 of size 2 found num new op-mutexes 0


[t=0.0538688s, 24844 KB] In ts_12_14 of size 2 found num new op-mutexes 0


[t=0.0539374s, 24844 KB] In ts_12_15 of size 2 found num new op-mutexes 0


[t=0.0539987s, 24844 KB] In ts_12_16 of size 2 found num new op-mutexes 0


[t=0.0540669s, 24844 KB] In ts_12_17 of size 2 found num new op-mutexes 0


[t=0.0541351s, 24844 KB] In ts_12_18 of size 2 found num new op-mutexes 0


[t=0.0541961s, 24844 KB] In ts_12_19 of size 2 found num new op-mutexes 0


[t=0.0542636s, 24844 KB] In ts_12_20 of size 2 found num new op-mutexes 0


[t=0.0543311s, 24844 KB] In ts_12_21 of size 2 found num new op-mutexes 0


[t=0.0543983s, 24844 KB] In ts_12_22 of size 2 found num new op-mutexes 0


[t=0.0544721s, 24844 KB] In ts_12_23 of size 2 found num new op-mutexes 0


[t=0.0545392s, 24844 KB] In ts_12_24 of size 2 found num new op-mutexes 0


[t=0.0546161s, 24844 KB] In ts_12_25 of size 2 found num new op-mutexes 0


[t=0.0546967s, 24844 KB] In ts_12_26 of size 2 found num new op-mutexes 0


[t=0.0547655s, 24844 KB] In ts_12_27 of size 2 found num new op-mutexes 0


[t=0.0626982s, 26092 KB] In ts_12_54 of size 1024 found num new op-mutexes 0
[t=0.0627629s, 26092 KB] Operator mutex finished iteration 12. Found an additional 0 operator mutexes

[t=0.0628053s, 26092 KB] Next pair of indices: (54, 27)
[t=0.0628277s, 26092 KB] M&S algorithm main loop timer: 0.0590187s (after computation of next merge)
[t=0.0674291s, 26092 KB] M&S algorithm main loop timer: 0.0636565s (after merging)
[t=0.068067s, 26092 KB] M&S algorithm main loop timer: 0.0642718s (after pruning)

[t=0.0681073s, 26092 KB] Operator mutex starting iteration 13


[t=0.0684346s, 26092 KB] In ts_13_0 of size 2 found num new op-mutexes 0


[t=0.068558s, 26092 KB] In ts_13_1 of size 2 found num new op-mutexes 0


[t=0.0686685s, 26092 KB] In ts_13_2 of size 2 found num new op-mutexes 0


[t=0.068772s, 26092 KB] In ts_13_3 of size 2 found num new op-mutexes 0


[t=0.0688741s, 26092 KB] In ts_13_4 of size 2 found num new op-mutexes 0


[t=0.0689851s, 26092 KB] In ts_13_5 of size 2 found num new op-mutexes 0


[t=0.069094s, 26092 KB] In ts_13_6 of size 2 found num new op-mutexes 0


[t=0.069212s, 26092 KB] In ts_13_7 of size 2 found num new op-mutexes 0


[t=0.0693277s, 26092 KB] In ts_13_8 of size 2 found num new op-mutexes 0


[t=0.0694298s, 26092 KB] In ts_13_9 of size 2 found num new op-mutexes 0


[t=0.069543s, 26092 KB] In ts_13_10 of size 2 found num new op-mutexes 0


[t=0.0696572s, 26092 KB] In ts_13_11 of size 2 found num new op-mutexes 0


[t=0.0697615s, 26092 KB] In ts_13_12 of size 2 found num new op-mutexes 0


[t=0.0698859s, 26092 KB] In ts_13_13 of size 2 found num new op-mutexes 0


[t=0.0699669s, 26092 KB] In ts_13_14 of size 2 found num new op-mutexes 0


[t=0.0700723s, 26092 KB] In ts_13_15 of size 2 found num new op-mutexes 0


[t=0.0701733s, 26092 KB] In ts_13_16 of size 2 found num new op-mutexes 0


[t=0.0702861s, 26092 KB] In ts_13_17 of size 2 found num new op-mutexes 0


[t=0.0703987s, 26092 KB] In ts_13_18 of size 2 found num new op-mutexes 0


[t=0.0704984s, 26092 KB] In ts_13_19 of size 2 found num new op-mutexes 0


[t=0.0706122s, 26092 KB] In ts_13_20 of size 2 found num new op-mutexes 0


[t=0.0707244s, 26092 KB] In ts_13_21 of size 2 found num new op-mutexes 0


[t=0.0708344s, 26092 KB] In ts_13_22 of size 2 found num new op-mutexes 0


[t=0.0709064s, 26092 KB] In ts_13_23 of size 2 found num new op-mutexes 0


[t=0.0709705s, 26092 KB] In ts_13_24 of size 2 found num new op-mutexes 0


[t=0.0710489s, 26092 KB] In ts_13_25 of size 2 found num new op-mutexes 0


[t=0.0711615s, 26092 KB] In ts_13_26 of size 2 found num new op-mutexes 0


[t=0.0791773s, 26296 KB] In ts_13_55 of size 1024 found num new op-mutexes 0
[t=0.0792916s, 26296 KB] Operator mutex finished iteration 13. Found an additional 0 operator mutexes

[t=0.0793412s, 26296 KB] Next pair of indices: (55, 26)
[t=0.0793753s, 26296 KB] M&S algorithm main loop timer: 0.0755765s (after computation of next merge)
[t=0.0852519s, 26296 KB] M&S algorithm main loop timer: 0.0814953s (after merging)

[t=0.0854414s, 26296 KB] Operator mutex starting iteration 14


[t=0.0855378s, 26296 KB] In ts_14_0 of size 2 found num new op-mutexes 0


[t=0.0856084s, 26296 KB] In ts_14_1 of size 2 found num new op-mutexes 0


[t=0.0856743s, 26296 KB] In ts_14_2 of size 2 found num new op-mutexes 0


[t=0.0857383s, 26296 KB] In ts_14_3 of size 2 found num new op-mutexes 0


[t=0.0858011s, 26296 KB] In ts_14_4 of size 2 found num new op-mutexes 0


[t=0.0858634s, 26296 KB] In ts_14_5 of size 2 found num new op-mutexes 0


[t=0.085925s, 26296 KB] In ts_14_6 of size 2 found num new op-mutexes 0


[t=0.0860078s, 26296 KB] In ts_14_7 of size 2 found num new op-mutexes 0


[t=0.0860796s, 26296 KB] In ts_14_8 of size 2 found num new op-mutexes 0


[t=0.086144s, 26296 KB] In ts_14_9 of size 2 found num new op-mutexes 0


[t=0.0862177s, 26296 KB] In ts_14_10 of size 2 found num new op-mutexes 0


[t=0.086288s, 26296 KB] In ts_14_11 of size 2 found num new op-mutexes 0


[t=0.0863518s, 26296 KB] In ts_14_12 of size 2 found num new op-mutexes 0


[t=0.0864177s, 26296 KB] In ts_14_13 of size 2 found num new op-mutexes 0


[t=0.0864924s, 26296 KB] In ts_14_14 of size 2 found num new op-mutexes 0


[t=0.0865644s, 26296 KB] In ts_14_15 of size 2 found num new op-mutexes 0


[t=0.0866285s, 26296 KB] In ts_14_16 of size 2 found num new op-mutexes 0


[t=0.0866986s, 26296 KB] In ts_14_17 of size 2 found num new op-mutexes 0


[t=0.0867688s, 26296 KB] In ts_14_18 of size 2 found num new op-mutexes 0


[t=0.0868318s, 26296 KB] In ts_14_19 of size 2 found num new op-mutexes 0


[t=0.0869126s, 26296 KB] In ts_14_20 of size 2 found num new op-mutexes 0


[t=0.0869819s, 26296 KB] In ts_14_21 of size 2 found num new op-mutexes 0


[t=0.0870518s, 26296 KB] In ts_14_22 of size 2 found num new op-mutexes 0


[t=0.087121s, 26296 KB] In ts_14_23 of size 2 found num new op-mutexes 0


[t=0.0871839s, 26296 KB] In ts_14_24 of size 2 found num new op-mutexes 0


[t=0.0872536s, 26296 KB] In ts_14_25 of size 2 found num new op-mutexes 0


[t=0.107254s, 31572 KB] In ts_14_56 of size 2048 found num new op-mutexes 0
[t=0.107353s, 31572 KB] Operator mutex finished iteration 14. Found an additional 0 operator mutexes

[t=0.107399s, 31572 KB] Next pair of indices: (56, 25)
[t=0.107424s, 31572 KB] M&S algorithm main loop timer: 0.103616s (after computation of next merge)
[t=0.119508s, 31572 KB] M&S algorithm main loop timer: 0.115759s (after merging)
[t=0.120978s, 31572 KB] M&S algorithm main loop timer: 0.117197s (after pruning)

[t=0.121032s, 31572 KB] Operator mutex starting iteration 15


[t=0.121116s, 31572 KB] In ts_15_0 of size 2 found num new op-mutexes 0


[t=0.121189s, 31572 KB] In ts_15_1 of size 2 found num new op-mutexes 0


[t=0.121256s, 31572 KB] In ts_15_2 of size 2 found num new op-mutexes 0


[t=0.12132s, 31572 KB] In ts_15_3 of size 2 found num new op-mutexes 0


[t=0.121394s, 31572 KB] In ts_15_4 of size 2 found num new op-mutexes 0


[t=0.121457s, 31572 KB] In ts_15_5 of size 2 found num new op-mutexes 0


[t=0.121518s, 31572 KB] In ts_15_6 of size 2 found num new op-mutexes 0


[t=0.121591s, 31572 KB] In ts_15_7 of size 2 found num new op-mutexes 0


[t=0.121662s, 31572 KB] In ts_15_8 of size 2 found num new op-mutexes 0


[t=0.121726s, 31572 KB] In ts_15_9 of size 2 found num new op-mutexes 0


[t=0.121796s, 31572 KB] In ts_15_10 of size 2 found num new op-mutexes 0


[t=0.121884s, 31572 KB] In ts_15_11 of size 2 found num new op-mutexes 0


[t=0.121958s, 31572 KB] In ts_15_12 of size 2 found num new op-mutexes 0


[t=0.122022s, 31572 KB] In ts_15_13 of size 2 found num new op-mutexes 0


[t=0.122091s, 31572 KB] In ts_15_14 of size 2 found num new op-mutexes 0


[t=0.122162s, 31572 KB] In ts_15_15 of size 2 found num new op-mutexes 0


[t=0.122224s, 31572 KB] In ts_15_16 of size 2 found num new op-mutexes 0


[t=0.122303s, 31572 KB] In ts_15_17 of size 2 found num new op-mutexes 0


[t=0.122372s, 31572 KB] In ts_15_18 of size 2 found num new op-mutexes 0


[t=0.122435s, 31572 KB] In ts_15_19 of size 2 found num new op-mutexes 0


[t=0.122504s, 31572 KB] In ts_15_20 of size 2 found num new op-mutexes 0


[t=0.122574s, 31572 KB] In ts_15_21 of size 2 found num new op-mutexes 0


[t=0.122642s, 31572 KB] In ts_15_22 of size 2 found num new op-mutexes 0


[t=0.122722s, 31572 KB] In ts_15_23 of size 2 found num new op-mutexes 0


[t=0.122783s, 31572 KB] In ts_15_24 of size 2 found num new op-mutexes 0


[t=0.138665s, 31572 KB] In ts_15_57 of size 2048 found num new op-mutexes 0
[t=0.138759s, 31572 KB] Operator mutex finished iteration 15. Found an additional 0 operator mutexes

[t=0.138795s, 31572 KB] Next pair of indices: (57, 24)
[t=0.138819s, 31572 KB] M&S algorithm main loop timer: 0.135011s (after computation of next merge)
[t=0.154006s, 31572 KB] M&S algorithm main loop timer: 0.150248s (after merging)

[t=0.154292s, 31572 KB] Operator mutex starting iteration 16


[t=0.154402s, 31572 KB] In ts_16_0 of size 2 found num new op-mutexes 0


[t=0.154472s, 31572 KB] In ts_16_1 of size 2 found num new op-mutexes 0


[t=0.154537s, 31572 KB] In ts_16_2 of size 2 found num new op-mutexes 0


[t=0.1546s, 31572 KB] In ts_16_3 of size 2 found num new op-mutexes 0


[t=0.154663s, 31572 KB] In ts_16_4 of size 2 found num new op-mutexes 0


[t=0.154724s, 31572 KB] In ts_16_5 of size 2 found num new op-mutexes 0


[t=0.154791s, 31572 KB] In ts_16_6 of size 2 found num new op-mutexes 0


[t=0.154864s, 31572 KB] In ts_16_7 of size 2 found num new op-mutexes 0


[t=0.154934s, 31572 KB] In ts_16_8 of size 2 found num new op-mutexes 0


[t=0.154997s, 31572 KB] In ts_16_9 of size 2 found num new op-mutexes 0


[t=0.155067s, 31572 KB] In ts_16_10 of size 2 found num new op-mutexes 0


[t=0.155137s, 31572 KB] In ts_16_11 of size 2 found num new op-mutexes 0


[t=0.1552s, 31572 KB] In ts_16_12 of size 2 found num new op-mutexes 0


[t=0.155263s, 31572 KB] In ts_16_13 of size 2 found num new op-mutexes 0


[t=0.155357s, 31572 KB] In ts_16_14 of size 2 found num new op-mutexes 0


[t=0.15543s, 31572 KB] In ts_16_15 of size 2 found num new op-mutexes 0


[t=0.155493s, 31572 KB] In ts_16_16 of size 2 found num new op-mutexes 0


[t=0.155562s, 31572 KB] In ts_16_17 of size 2 found num new op-mutexes 0


[t=0.155632s, 31572 KB] In ts_16_18 of size 2 found num new op-mutexes 0


[t=0.155694s, 31572 KB] In ts_16_19 of size 2 found num new op-mutexes 0


[t=0.155764s, 31572 KB] In ts_16_20 of size 2 found num new op-mutexes 0


[t=0.15584s, 31572 KB] In ts_16_21 of size 2 found num new op-mutexes 0


[t=0.155908s, 31572 KB] In ts_16_22 of size 2 found num new op-mutexes 0


[t=0.155976s, 31572 KB] In ts_16_23 of size 2 found num new op-mutexes 0


[t=0.195975s, 39780 KB] In ts_16_58 of size 4096 found num new op-mutexes 0
[t=0.196117s, 39780 KB] Operator mutex finished iteration 16. Found an additional 0 operator mutexes

[t=0.196164s, 39780 KB] Next pair of indices: (58, 23)
[t=0.196199s, 39780 KB] M&S algorithm main loop timer: 0.192401s (after computation of next merge)
[t=0.229762s, 39780 KB] M&S algorithm main loop timer: 0.226013s (after merging)

[t=0.230321s, 39780 KB] Operator mutex starting iteration 17


[t=0.230409s, 39780 KB] In ts_17_0 of size 2 found num new op-mutexes 0


[t=0.230489s, 39780 KB] In ts_17_1 of size 2 found num new op-mutexes 0


[t=0.230567s, 39780 KB] In ts_17_2 of size 2 found num new op-mutexes 0


[t=0.230633s, 39780 KB] In ts_17_3 of size 2 found num new op-mutexes 0


[t=0.230695s, 39780 KB] In ts_17_4 of size 2 found num new op-mutexes 0


[t=0.230756s, 39780 KB] In ts_17_5 of size 2 found num new op-mutexes 0


[t=0.230816s, 39780 KB] In ts_17_6 of size 2 found num new op-mutexes 0


[t=0.23089s, 39780 KB] In ts_17_7 of size 2 found num new op-mutexes 0


[t=0.23096s, 39780 KB] In ts_17_8 of size 2 found num new op-mutexes 0


[t=0.231023s, 39780 KB] In ts_17_9 of size 2 found num new op-mutexes 0


[t=0.231092s, 39780 KB] In ts_17_10 of size 2 found num new op-mutexes 0


[t=0.231161s, 39780 KB] In ts_17_11 of size 2 found num new op-mutexes 0


[t=0.231222s, 39780 KB] In ts_17_12 of size 2 found num new op-mutexes 0


[t=0.231283s, 39780 KB] In ts_17_13 of size 2 found num new op-mutexes 0


[t=0.231359s, 39780 KB] In ts_17_14 of size 2 found num new op-mutexes 0


[t=0.231428s, 39780 KB] In ts_17_15 of size 2 found num new op-mutexes 0


[t=0.231491s, 39780 KB] In ts_17_16 of size 2 found num new op-mutexes 0


[t=0.231559s, 39780 KB] In ts_17_17 of size 2 found num new op-mutexes 0


[t=0.231627s, 39780 KB] In ts_17_18 of size 2 found num new op-mutexes 0


[t=0.231689s, 39780 KB] In ts_17_19 of size 2 found num new op-mutexes 0


[t=0.231757s, 39780 KB] In ts_17_20 of size 2 found num new op-mutexes 0


[t=0.231825s, 39780 KB] In ts_17_21 of size 2 found num new op-mutexes 0


[t=0.231893s, 39780 KB] In ts_17_22 of size 2 found num new op-mutexes 0
[t=0.232277s, 39780 KB] Operator mutex finished iteration 17. Found an additional 0 operator mutexes

[t=0.232321s, 39780 KB] Next pair of indices: (59, 22)
[t=0.232343s, 39780 KB] M&S algorithm main loop timer: 0.228534s (after computation of next merge)
[t=0.303486s, 39780 KB] M&S algorithm main loop timer: 0.299746s (after merging)
[t=0.310359s, 39780 KB] M&S algorithm main loop timer: 0.306596s (after pruning)

[t=0.310435s, 39780 KB] Operator mutex starting iteration 18


[t=0.310513s, 39780 KB] In ts_18_0 of size 2 found num new op-mutexes 0


[t=0.310584s, 39780 KB] In ts_18_1 of size 2 found num new op-mutexes 0


[t=0.310649s, 39780 KB] In ts_18_2 of size 2 found num new op-mutexes 0


[t=0.310722s, 39780 KB] In ts_18_3 of size 2 found num new op-mutexes 0


[t=0.310786s, 39780 KB] In ts_18_4 of size 2 found num new op-mutexes 0


[t=0.310853s, 39780 KB] In ts_18_5 of size 2 found num new op-mutexes 0


[t=0.310914s, 39780 KB] In ts_18_6 of size 2 found num new op-mutexes 0


[t=0.310987s, 39780 KB] In ts_18_7 of size 2 found num new op-mutexes 0


[t=0.311059s, 39780 KB] In ts_18_8 of size 2 found num new op-mutexes 0


[t=0.311122s, 39780 KB] In ts_18_9 of size 2 found num new op-mutexes 0


[t=0.311193s, 39780 KB] In ts_18_10 of size 2 found num new op-mutexes 0


[t=0.311262s, 39780 KB] In ts_18_11 of size 2 found num new op-mutexes 0


[t=0.311325s, 39780 KB] In ts_18_12 of size 2 found num new op-mutexes 0


[t=0.311387s, 39780 KB] In ts_18_13 of size 2 found num new op-mutexes 0


[t=0.311457s, 39780 KB] In ts_18_14 of size 2 found num new op-mutexes 0


[t=0.311528s, 39780 KB] In ts_18_15 of size 2 found num new op-mutexes 0


[t=0.31159s, 39780 KB] In ts_18_16 of size 2 found num new op-mutexes 0


[t=0.311662s, 39780 KB] In ts_18_17 of size 2 found num new op-mutexes 0


[t=0.311731s, 39780 KB] In ts_18_18 of size 2 found num new op-mutexes 0


[t=0.311794s, 39780 KB] In ts_18_19 of size 2 found num new op-mutexes 0


[t=0.311863s, 39780 KB] In ts_18_20 of size 2 found num new op-mutexes 0


[t=0.311932s, 39780 KB] In ts_18_21 of size 2 found num new op-mutexes 0
[t=0.312406s, 39780 KB] Operator mutex finished iteration 18. Found an additional 0 operator mutexes

[t=0.312444s, 39780 KB] Next pair of indices: (60, 21)
[t=0.312466s, 39780 KB] M&S algorithm main loop timer: 0.308658s (after computation of next merge)
[t=0.390728s, 39780 KB] M&S algorithm main loop timer: 0.38699s (after merging)

[t=0.391724s, 39780 KB] Operator mutex starting iteration 19


[t=0.391809s, 39780 KB] In ts_19_0 of size 2 found num new op-mutexes 0


[t=0.391879s, 39780 KB] In ts_19_1 of size 2 found num new op-mutexes 0


[t=0.391946s, 39780 KB] In ts_19_2 of size 2 found num new op-mutexes 0


[t=0.392011s, 39780 KB] In ts_19_3 of size 2 found num new op-mutexes 0


[t=0.392074s, 39780 KB] In ts_19_4 of size 2 found num new op-mutexes 0


[t=0.392136s, 39780 KB] In ts_19_5 of size 2 found num new op-mutexes 0


[t=0.392197s, 39780 KB] In ts_19_6 of size 2 found num new op-mutexes 0


[t=0.39227s, 39780 KB] In ts_19_7 of size 2 found num new op-mutexes 0


[t=0.392341s, 39780 KB] In ts_19_8 of size 2 found num new op-mutexes 0


[t=0.392404s, 39780 KB] In ts_19_9 of size 2 found num new op-mutexes 0


[t=0.392481s, 39780 KB] In ts_19_10 of size 2 found num new op-mutexes 0


[t=0.392551s, 39780 KB] In ts_19_11 of size 2 found num new op-mutexes 0


[t=0.392614s, 39780 KB] In ts_19_12 of size 2 found num new op-mutexes 0


[t=0.392688s, 39780 KB] In ts_19_13 of size 2 found num new op-mutexes 0


[t=0.392762s, 39780 KB] In ts_19_14 of size 2 found num new op-mutexes 0


[t=0.392833s, 39780 KB] In ts_19_15 of size 2 found num new op-mutexes 0


[t=0.392905s, 39780 KB] In ts_19_16 of size 2 found num new op-mutexes 0


[t=0.392975s, 39780 KB] In ts_19_17 of size 2 found num new op-mutexes 0


[t=0.393044s, 39780 KB] In ts_19_18 of size 2 found num new op-mutexes 0


[t=0.393105s, 39780 KB] In ts_19_19 of size 2 found num new op-mutexes 0


[t=0.393174s, 39780 KB] In ts_19_20 of size 2 found num new op-mutexes 0
[t=0.39456s, 39780 KB] Operator mutex finished iteration 19. Found an additional 0 operator mutexes

[t=0.394602s, 39780 KB] Next pair of indices: (61, 20)
[t=0.394626s, 39780 KB] M&S algorithm main loop timer: 0.390817s (after computation of next merge)
[t=0.564329s, 45876 KB] M&S algorithm main loop timer: 0.560588s (after merging)
[t=0.579364s, 45876 KB] M&S algorithm main loop timer: 0.57561s (after pruning)

[t=0.579449s, 45876 KB] Operator mutex starting iteration 20


[t=0.57953s, 45876 KB] In ts_20_0 of size 2 found num new op-mutexes 0


[t=0.5796s, 45876 KB] In ts_20_1 of size 2 found num new op-mutexes 0


[t=0.579666s, 45876 KB] In ts_20_2 of size 2 found num new op-mutexes 0


[t=0.579739s, 45876 KB] In ts_20_3 of size 2 found num new op-mutexes 0


[t=0.579801s, 45876 KB] In ts_20_4 of size 2 found num new op-mutexes 0


[t=0.579863s, 45876 KB] In ts_20_5 of size 2 found num new op-mutexes 0


[t=0.57993s, 45876 KB] In ts_20_6 of size 2 found num new op-mutexes 0


[t=0.58001s, 45876 KB] In ts_20_7 of size 2 found num new op-mutexes 0


[t=0.580082s, 45876 KB] In ts_20_8 of size 2 found num new op-mutexes 0


[t=0.580146s, 45876 KB] In ts_20_9 of size 2 found num new op-mutexes 0


[t=0.580216s, 45876 KB] In ts_20_10 of size 2 found num new op-mutexes 0


[t=0.580286s, 45876 KB] In ts_20_11 of size 2 found num new op-mutexes 0


[t=0.580354s, 45876 KB] In ts_20_12 of size 2 found num new op-mutexes 0


[t=0.580416s, 45876 KB] In ts_20_13 of size 2 found num new op-mutexes 0


[t=0.580486s, 45876 KB] In ts_20_14 of size 2 found num new op-mutexes 0


[t=0.580556s, 45876 KB] In ts_20_15 of size 2 found num new op-mutexes 0


[t=0.580619s, 45876 KB] In ts_20_16 of size 2 found num new op-mutexes 0


[t=0.580688s, 45876 KB] In ts_20_17 of size 2 found num new op-mutexes 0


[t=0.580757s, 45876 KB] In ts_20_18 of size 2 found num new op-mutexes 0


[t=0.580819s, 45876 KB] In ts_20_19 of size 2 found num new op-mutexes 0
[t=0.581916s, 45876 KB] Operator mutex finished iteration 20. Found an additional 0 operator mutexes

[t=0.581962s, 45876 KB] Next pair of indices: (62, 19)
[t=0.581984s, 45876 KB] M&S algorithm main loop timer: 0.578175s (after computation of next merge)
[t=0.770632s, 49736 KB] M&S algorithm main loop timer: 0.766908s (after merging)

[t=0.772522s, 49736 KB] Operator mutex starting iteration 21


[t=0.772609s, 49736 KB] In ts_21_0 of size 2 found num new op-mutexes 0


[t=0.772681s, 49736 KB] In ts_21_1 of size 2 found num new op-mutexes 0


[t=0.772747s, 49736 KB] In ts_21_2 of size 2 found num new op-mutexes 0


[t=0.772831s, 49736 KB] In ts_21_3 of size 2 found num new op-mutexes 0


[t=0.772897s, 49736 KB] In ts_21_4 of size 2 found num new op-mutexes 0


[t=0.772959s, 49736 KB] In ts_21_5 of size 2 found num new op-mutexes 0


[t=0.773021s, 49736 KB] In ts_21_6 of size 2 found num new op-mutexes 0


[t=0.773094s, 49736 KB] In ts_21_7 of size 2 found num new op-mutexes 0


[t=0.773165s, 49736 KB] In ts_21_8 of size 2 found num new op-mutexes 0


[t=0.77324s, 49736 KB] In ts_21_9 of size 2 found num new op-mutexes 0


[t=0.77331s, 49736 KB] In ts_21_10 of size 2 found num new op-mutexes 0


[t=0.773381s, 49736 KB] In ts_21_11 of size 2 found num new op-mutexes 0


[t=0.773444s, 49736 KB] In ts_21_12 of size 2 found num new op-mutexes 0


[t=0.773506s, 49736 KB] In ts_21_13 of size 2 found num new op-mutexes 0


[t=0.773576s, 49736 KB] In ts_21_14 of size 2 found num new op-mutexes 0


[t=0.773646s, 49736 KB] In ts_21_15 of size 2 found num new op-mutexes 0


[t=0.77371s, 49736 KB] In ts_21_16 of size 2 found num new op-mutexes 0


[t=0.773781s, 49736 KB] In ts_21_17 of size 2 found num new op-mutexes 0


[t=0.77385s, 49736 KB] In ts_21_18 of size 2 found num new op-mutexes 0
[t=0.777216s, 51420 KB] Operator mutex finished iteration 21. Found an additional 0 operator mutexes

[t=0.777282s, 51420 KB] Next pair of indices: (63, 18)
[t=0.777306s, 51420 KB] M&S algorithm main loop timer: 0.773497s (after computation of next merge)
[t=0.996112s, 57360 KB] M&S algorithm main loop timer: 0.992386s (after shrinking)
[t=1.18479s, 61612 KB] M&S algorithm main loop timer: 1.18106s (after merging)

[t=1.18731s, 61612 KB] Operator mutex starting iteration 22


[t=1.1874s, 61612 KB] In ts_22_0 of size 2 found num new op-mutexes 0


[t=1.18747s, 61612 KB] In ts_22_1 of size 2 found num new op-mutexes 0


[t=1.18754s, 61612 KB] In ts_22_2 of size 2 found num new op-mutexes 0


[t=1.18761s, 61612 KB] In ts_22_3 of size 2 found num new op-mutexes 0


[t=1.18767s, 61612 KB] In ts_22_4 of size 2 found num new op-mutexes 0


[t=1.18774s, 61612 KB] In ts_22_5 of size 2 found num new op-mutexes 0


[t=1.1878s, 61612 KB] In ts_22_6 of size 2 found num new op-mutexes 0


[t=1.18788s, 61612 KB] In ts_22_7 of size 2 found num new op-mutexes 0


[t=1.18795s, 61612 KB] In ts_22_8 of size 2 found num new op-mutexes 0


[t=1.18801s, 61612 KB] In ts_22_9 of size 2 found num new op-mutexes 0


[t=1.18808s, 61612 KB] In ts_22_10 of size 2 found num new op-mutexes 0


[t=1.18816s, 61612 KB] In ts_22_11 of size 2 found num new op-mutexes 0


[t=1.18822s, 61612 KB] In ts_22_12 of size 2 found num new op-mutexes 0


[t=1.18828s, 61612 KB] In ts_22_13 of size 2 found num new op-mutexes 0


[t=1.18835s, 61612 KB] In ts_22_14 of size 2 found num new op-mutexes 0


[t=1.18843s, 61612 KB] In ts_22_15 of size 2 found num new op-mutexes 0


[t=1.18849s, 61612 KB] In ts_22_16 of size 2 found num new op-mutexes 0


[t=1.18856s, 61612 KB] In ts_22_17 of size 2 found num new op-mutexes 0
[t=1.1947s, 66024 KB] Operator mutex finished iteration 22. Found an additional 0 operator mutexes

[t=1.19478s, 66024 KB] Next pair of indices: (64, 17)
[t=1.1948s, 66024 KB] M&S algorithm main loop timer: 1.19099s (after computation of next merge)
[t=1.46818s, 74768 KB] M&S algorithm main loop timer: 1.46445s (after shrinking)
[t=1.57867s, 74768 KB] M&S algorithm main loop timer: 1.57494s (after merging)

[t=1.5802s, 74768 KB] Operator mutex starting iteration 23


[t=1.58029s, 74768 KB] In ts_23_0 of size 2 found num new op-mutexes 0


[t=1.58038s, 74768 KB] In ts_23_1 of size 2 found num new op-mutexes 0


[t=1.58045s, 74768 KB] In ts_23_2 of size 2 found num new op-mutexes 0


[t=1.58051s, 74768 KB] In ts_23_3 of size 2 found num new op-mutexes 0


[t=1.58057s, 74768 KB] In ts_23_4 of size 2 found num new op-mutexes 0


[t=1.58064s, 74768 KB] In ts_23_5 of size 2 found num new op-mutexes 0


[t=1.5807s, 74768 KB] In ts_23_6 of size 2 found num new op-mutexes 0


[t=1.58078s, 74768 KB] In ts_23_7 of size 2 found num new op-mutexes 0


[t=1.58085s, 74768 KB] In ts_23_8 of size 2 found num new op-mutexes 0


[t=1.58091s, 74768 KB] In ts_23_9 of size 2 found num new op-mutexes 0


[t=1.58098s, 74768 KB] In ts_23_10 of size 2 found num new op-mutexes 0


[t=1.58105s, 74768 KB] In ts_23_11 of size 2 found num new op-mutexes 0


[t=1.58111s, 74768 KB] In ts_23_12 of size 2 found num new op-mutexes 0


[t=1.58118s, 74768 KB] In ts_23_13 of size 2 found num new op-mutexes 0


[t=1.58124s, 74768 KB] In ts_23_14 of size 2 found num new op-mutexes 0


[t=1.58131s, 74768 KB] In ts_23_15 of size 2 found num new op-mutexes 0


[t=1.58138s, 74768 KB] In ts_23_16 of size 2 found num new op-mutexes 0
[t=1.58387s, 74768 KB] Operator mutex finished iteration 23. Found an additional 0 operator mutexes

[t=1.58393s, 74768 KB] Next pair of indices: (65, 16)
[t=1.58395s, 74768 KB] M&S algorithm main loop timer: 1.58015s (after computation of next merge)
[t=1.75069s, 74768 KB] M&S algorithm main loop timer: 1.74698s (after shrinking)
[t=1.82516s, 74768 KB] M&S algorithm main loop timer: 1.82142s (after merging)

[t=1.82614s, 74768 KB] Operator mutex starting iteration 24


[t=1.82623s, 74768 KB] In ts_24_0 of size 2 found num new op-mutexes 0


[t=1.8263s, 74768 KB] In ts_24_1 of size 2 found num new op-mutexes 0


[t=1.82637s, 74768 KB] In ts_24_2 of size 2 found num new op-mutexes 0


[t=1.82644s, 74768 KB] In ts_24_3 of size 2 found num new op-mutexes 0


[t=1.82651s, 74768 KB] In ts_24_4 of size 2 found num new op-mutexes 0


[t=1.82658s, 74768 KB] In ts_24_5 of size 2 found num new op-mutexes 0


[t=1.82665s, 74768 KB] In ts_24_6 of size 2 found num new op-mutexes 0


[t=1.82673s, 74768 KB] In ts_24_7 of size 2 found num new op-mutexes 0


[t=1.8268s, 74768 KB] In ts_24_8 of size 2 found num new op-mutexes 0


[t=1.82687s, 74768 KB] In ts_24_9 of size 2 found num new op-mutexes 0


[t=1.82695s, 74768 KB] In ts_24_10 of size 2 found num new op-mutexes 0


[t=1.82704s, 74768 KB] In ts_24_11 of size 2 found num new op-mutexes 0


[t=1.82711s, 74768 KB] In ts_24_12 of size 2 found num new op-mutexes 0


[t=1.82718s, 74768 KB] In ts_24_13 of size 2 found num new op-mutexes 0


[t=1.82727s, 74768 KB] In ts_24_14 of size 2 found num new op-mutexes 0


[t=1.82734s, 74768 KB] In ts_24_15 of size 2 found num new op-mutexes 0
[t=1.829s, 74768 KB] Operator mutex finished iteration 24. Found an additional 0 operator mutexes

[t=1.82904s, 74768 KB] Next pair of indices: (66, 15)
[t=1.82906s, 74768 KB] M&S algorithm main loop timer: 1.82526s (after computation of next merge)
[t=2.04414s, 74768 KB] M&S algorithm main loop timer: 2.0404s (after merging)

[t=2.04602s, 74768 KB] Operator mutex starting iteration 25


[t=2.0461s, 74768 KB] In ts_25_0 of size 2 found num new op-mutexes 0


[t=2.04617s, 74768 KB] In ts_25_1 of size 2 found num new op-mutexes 0


[t=2.04624s, 74768 KB] In ts_25_2 of size 2 found num new op-mutexes 0


[t=2.0463s, 74768 KB] In ts_25_3 of size 2 found num new op-mutexes 0


[t=2.04637s, 74768 KB] In ts_25_4 of size 2 found num new op-mutexes 0


[t=2.04643s, 74768 KB] In ts_25_5 of size 2 found num new op-mutexes 0


[t=2.04649s, 74768 KB] In ts_25_6 of size 2 found num new op-mutexes 0


[t=2.04657s, 74768 KB] In ts_25_7 of size 2 found num new op-mutexes 0


[t=2.04665s, 74768 KB] In ts_25_8 of size 2 found num new op-mutexes 0


[t=2.04671s, 74768 KB] In ts_25_9 of size 2 found num new op-mutexes 0


[t=2.04678s, 74768 KB] In ts_25_10 of size 2 found num new op-mutexes 0


[t=2.04685s, 74768 KB] In ts_25_11 of size 2 found num new op-mutexes 0


[t=2.04691s, 74768 KB] In ts_25_12 of size 2 found num new op-mutexes 0


[t=2.04697s, 74768 KB] In ts_25_13 of size 2 found num new op-mutexes 0


[t=2.04704s, 74768 KB] In ts_25_14 of size 2 found num new op-mutexes 0
[t=2.05064s, 74768 KB] Operator mutex finished iteration 25. Found an additional 0 operator mutexes

[t=2.05071s, 74768 KB] Next pair of indices: (67, 14)
[t=2.05074s, 74768 KB] M&S algorithm main loop timer: 2.04693s (after computation of next merge)
[t=2.25844s, 74768 KB] M&S algorithm main loop timer: 2.25492s (after shrinking)
[t=2.25892s, 74768 KB] M&S algorithm main loop timer: 2.25512s (after merging)

[t=2.25896s, 74768 KB] Operator mutex starting iteration 26


[t=2.25903s, 74768 KB] In ts_26_0 of size 2 found num new op-mutexes 0


[t=2.25911s, 74768 KB] In ts_26_1 of size 2 found num new op-mutexes 0


[t=2.25918s, 74768 KB] In ts_26_2 of size 2 found num new op-mutexes 0


[t=2.25925s, 74768 KB] In ts_26_3 of size 2 found num new op-mutexes 0


[t=2.25931s, 74768 KB] In ts_26_4 of size 2 found num new op-mutexes 0


[t=2.25937s, 74768 KB] In ts_26_5 of size 2 found num new op-mutexes 0


[t=2.25945s, 74768 KB] In ts_26_6 of size 2 found num new op-mutexes 0


[t=2.25953s, 74768 KB] In ts_26_7 of size 2 found num new op-mutexes 0


[t=2.25961s, 74768 KB] In ts_26_8 of size 2 found num new op-mutexes 0


[t=2.25967s, 74768 KB] In ts_26_9 of size 2 found num new op-mutexes 0


[t=2.25974s, 74768 KB] In ts_26_10 of size 2 found num new op-mutexes 0


[t=2.25981s, 74768 KB] In ts_26_11 of size 2 found num new op-mutexes 0


[t=2.25988s, 74768 KB] In ts_26_12 of size 2 found num new op-mutexes 0


[t=2.25995s, 74768 KB] In ts_26_13 of size 2 found num new op-mutexes 0


[t=2.26073s, 74768 KB] In ts_26_68 of size 20 found num new op-mutexes 0
[t=2.26077s, 74768 KB] Operator mutex finished iteration 26. Found an additional 0 operator mutexes

[t=2.2608s, 74768 KB] Next pair of indices: (68, 13)
[t=2.26082s, 74768 KB] M&S algorithm main loop timer: 2.25701s (after computation of next merge)
[t=2.26117s, 74768 KB] M&S algorithm main loop timer: 2.25738s (after merging)

[t=2.26121s, 74768 KB] Operator mutex starting iteration 27


[t=2.26128s, 74768 KB] In ts_27_0 of size 2 found num new op-mutexes 0


[t=2.26135s, 74768 KB] In ts_27_1 of size 2 found num new op-mutexes 0


[t=2.26143s, 74768 KB] In ts_27_2 of size 2 found num new op-mutexes 0


[t=2.2615s, 74768 KB] In ts_27_3 of size 2 found num new op-mutexes 0


[t=2.26156s, 74768 KB] In ts_27_4 of size 2 found num new op-mutexes 0


[t=2.26163s, 74768 KB] In ts_27_5 of size 2 found num new op-mutexes 0


[t=2.2617s, 74768 KB] In ts_27_6 of size 2 found num new op-mutexes 0


[t=2.26178s, 74768 KB] In ts_27_7 of size 2 found num new op-mutexes 0


[t=2.26185s, 74768 KB] In ts_27_8 of size 2 found num new op-mutexes 0


[t=2.26191s, 74768 KB] In ts_27_9 of size 2 found num new op-mutexes 0


[t=2.26198s, 74768 KB] In ts_27_10 of size 2 found num new op-mutexes 0


[t=2.26205s, 74768 KB] In ts_27_11 of size 2 found num new op-mutexes 0


[t=2.26212s, 74768 KB] In ts_27_12 of size 2 found num new op-mutexes 0


[t=2.26332s, 74768 KB] In ts_27_69 of size 40 found num new op-mutexes 0
[t=2.26337s, 74768 KB] Operator mutex finished iteration 27. Found an additional 0 operator mutexes

[t=2.2634s, 74768 KB] Next pair of indices: (69, 12)
[t=2.26342s, 74768 KB] M&S algorithm main loop timer: 2.25961s (after computation of next merge)
[t=2.26401s, 74768 KB] M&S algorithm main loop timer: 2.26022s (after merging)

[t=2.26406s, 74768 KB] Operator mutex starting iteration 28


[t=2.26413s, 74768 KB] In ts_28_0 of size 2 found num new op-mutexes 0


[t=2.2642s, 74768 KB] In ts_28_1 of size 2 found num new op-mutexes 0


[t=2.26426s, 74768 KB] In ts_28_2 of size 2 found num new op-mutexes 0


[t=2.26433s, 74768 KB] In ts_28_3 of size 2 found num new op-mutexes 0


[t=2.26439s, 74768 KB] In ts_28_4 of size 2 found num new op-mutexes 0


[t=2.26446s, 74768 KB] In ts_28_5 of size 2 found num new op-mutexes 0


[t=2.26452s, 74768 KB] In ts_28_6 of size 2 found num new op-mutexes 0


[t=2.2646s, 74768 KB] In ts_28_7 of size 2 found num new op-mutexes 0


[t=2.26467s, 74768 KB] In ts_28_8 of size 2 found num new op-mutexes 0


[t=2.26474s, 74768 KB] In ts_28_9 of size 2 found num new op-mutexes 0


[t=2.26482s, 74768 KB] In ts_28_10 of size 2 found num new op-mutexes 0


[t=2.26489s, 74768 KB] In ts_28_11 of size 2 found num new op-mutexes 0


[t=2.26722s, 74768 KB] In ts_28_70 of size 80 found num new op-mutexes 0
[t=2.26726s, 74768 KB] Operator mutex finished iteration 28. Found an additional 0 operator mutexes

[t=2.2673s, 74768 KB] Next pair of indices: (70, 11)
[t=2.26732s, 74768 KB] M&S algorithm main loop timer: 2.26351s (after computation of next merge)
[t=2.26849s, 74768 KB] M&S algorithm main loop timer: 2.26469s (after merging)

[t=2.26853s, 74768 KB] Operator mutex starting iteration 29


[t=2.2686s, 74768 KB] In ts_29_0 of size 2 found num new op-mutexes 0


[t=2.26868s, 74768 KB] In ts_29_1 of size 2 found num new op-mutexes 0


[t=2.26875s, 74768 KB] In ts_29_2 of size 2 found num new op-mutexes 0


[t=2.26882s, 74768 KB] In ts_29_3 of size 2 found num new op-mutexes 0


[t=2.26888s, 74768 KB] In ts_29_4 of size 2 found num new op-mutexes 0


[t=2.26895s, 74768 KB] In ts_29_5 of size 2 found num new op-mutexes 0


[t=2.26901s, 74768 KB] In ts_29_6 of size 2 found num new op-mutexes 0


[t=2.26908s, 74768 KB] In ts_29_7 of size 2 found num new op-mutexes 0


[t=2.26916s, 74768 KB] In ts_29_8 of size 2 found num new op-mutexes 0


[t=2.26923s, 74768 KB] In ts_29_9 of size 2 found num new op-mutexes 0


[t=2.2693s, 74768 KB] In ts_29_10 of size 2 found num new op-mutexes 0


[t=2.27409s, 74768 KB] In ts_29_71 of size 160 found num new op-mutexes 0
[t=2.27414s, 74768 KB] Operator mutex finished iteration 29. Found an additional 0 operator mutexes

[t=2.27417s, 74768 KB] Next pair of indices: (71, 10)
[t=2.27419s, 74768 KB] M&S algorithm main loop timer: 2.27038s (after computation of next merge)
[t=2.2767s, 74768 KB] M&S algorithm main loop timer: 2.2729s (after merging)
[t=2.27724s, 74768 KB] M&S algorithm main loop timer: 2.27344s (after pruning)

[t=2.27727s, 74768 KB] Operator mutex starting iteration 30


[t=2.27735s, 74768 KB] In ts_30_0 of size 2 found num new op-mutexes 0


[t=2.27742s, 74768 KB] In ts_30_1 of size 2 found num new op-mutexes 0


[t=2.27748s, 74768 KB] In ts_30_2 of size 2 found num new op-mutexes 0


[t=2.27755s, 74768 KB] In ts_30_3 of size 2 found num new op-mutexes 0


[t=2.27761s, 74768 KB] In ts_30_4 of size 2 found num new op-mutexes 0


[t=2.27768s, 74768 KB] In ts_30_5 of size 2 found num new op-mutexes 0


[t=2.27774s, 74768 KB] In ts_30_6 of size 2 found num new op-mutexes 0


[t=2.27781s, 74768 KB] In ts_30_7 of size 2 found num new op-mutexes 0


[t=2.27789s, 74768 KB] In ts_30_8 of size 2 found num new op-mutexes 0


[t=2.27795s, 74768 KB] In ts_30_9 of size 2 found num new op-mutexes 0


[t=2.28279s, 74768 KB] In ts_30_72 of size 160 found num new op-mutexes 0
[t=2.28284s, 74768 KB] Operator mutex finished iteration 30. Found an additional 0 operator mutexes

[t=2.28288s, 74768 KB] Next pair of indices: (72, 9)
[t=2.2829s, 74768 KB] M&S algorithm main loop timer: 2.27909s (after computation of next merge)
[t=2.28535s, 74768 KB] M&S algorithm main loop timer: 2.28156s (after merging)

[t=2.28542s, 74768 KB] Operator mutex starting iteration 31


[t=2.28549s, 74768 KB] In ts_31_0 of size 2 found num new op-mutexes 0


[t=2.28556s, 74768 KB] In ts_31_1 of size 2 found num new op-mutexes 0


[t=2.28564s, 74768 KB] In ts_31_2 of size 2 found num new op-mutexes 0


[t=2.28571s, 74768 KB] In ts_31_3 of size 2 found num new op-mutexes 0


[t=2.28577s, 74768 KB] In ts_31_4 of size 2 found num new op-mutexes 0


[t=2.28584s, 74768 KB] In ts_31_5 of size 2 found num new op-mutexes 0


[t=2.2859s, 74768 KB] In ts_31_6 of size 2 found num new op-mutexes 0


[t=2.28598s, 74768 KB] In ts_31_7 of size 2 found num new op-mutexes 0


[t=2.28606s, 74768 KB] In ts_31_8 of size 2 found num new op-mutexes 0


[t=2.29572s, 74768 KB] In ts_31_73 of size 320 found num new op-mutexes 0
[t=2.29581s, 74768 KB] Operator mutex finished iteration 31. Found an additional 0 operator mutexes

[t=2.29585s, 74768 KB] Next pair of indices: (73, 8)
[t=2.29587s, 74768 KB] M&S algorithm main loop timer: 2.29207s (after computation of next merge)
[t=2.30107s, 74768 KB] M&S algorithm main loop timer: 2.2973s (after merging)

[t=2.30117s, 74768 KB] Operator mutex starting iteration 32


[t=2.30125s, 74768 KB] In ts_32_0 of size 2 found num new op-mutexes 0


[t=2.30132s, 74768 KB] In ts_32_1 of size 2 found num new op-mutexes 0


[t=2.30139s, 74768 KB] In ts_32_2 of size 2 found num new op-mutexes 0


[t=2.30145s, 74768 KB] In ts_32_3 of size 2 found num new op-mutexes 0


[t=2.30151s, 74768 KB] In ts_32_4 of size 2 found num new op-mutexes 0


[t=2.30158s, 74768 KB] In ts_32_5 of size 2 found num new op-mutexes 0


[t=2.30164s, 74768 KB] In ts_32_6 of size 2 found num new op-mutexes 0


[t=2.30172s, 74768 KB] In ts_32_7 of size 2 found num new op-mutexes 0


[t=2.32076s, 74768 KB] In ts_32_74 of size 640 found num new op-mutexes 0
[t=2.32087s, 74768 KB] Operator mutex finished iteration 32. Found an additional 0 operator mutexes

[t=2.32091s, 74768 KB] Next pair of indices: (74, 7)
[t=2.32093s, 74768 KB] M&S algorithm main loop timer: 2.31712s (after computation of next merge)
[t=2.33194s, 74768 KB] M&S algorithm main loop timer: 2.32817s (after merging)
[t=2.33385s, 74768 KB] M&S algorithm main loop timer: 2.33006s (after pruning)

[t=2.3339s, 74768 KB] Operator mutex starting iteration 33


[t=2.33397s, 74768 KB] In ts_33_0 of size 2 found num new op-mutexes 0


[t=2.33404s, 74768 KB] In ts_33_1 of size 2 found num new op-mutexes 0


[t=2.33411s, 74768 KB] In ts_33_2 of size 2 found num new op-mutexes 0


[t=2.33417s, 74768 KB] In ts_33_3 of size 2 found num new op-mutexes 0


[t=2.33425s, 74768 KB] In ts_33_4 of size 2 found num new op-mutexes 0


[t=2.33432s, 74768 KB] In ts_33_5 of size 2 found num new op-mutexes 0


[t=2.33438s, 74768 KB] In ts_33_6 of size 2 found num new op-mutexes 0


[t=2.35291s, 74768 KB] In ts_33_75 of size 640 found num new op-mutexes 0
[t=2.35301s, 74768 KB] Operator mutex finished iteration 33. Found an additional 0 operator mutexes

[t=2.35304s, 74768 KB] Next pair of indices: (75, 6)
[t=2.35307s, 74768 KB] M&S algorithm main loop timer: 2.34926s (after computation of next merge)
[t=2.36431s, 74768 KB] M&S algorithm main loop timer: 2.36055s (after merging)

[t=2.36445s, 74768 KB] Operator mutex starting iteration 34


[t=2.36455s, 74768 KB] In ts_34_0 of size 2 found num new op-mutexes 0


[t=2.36463s, 74768 KB] In ts_34_1 of size 2 found num new op-mutexes 0


[t=2.36469s, 74768 KB] In ts_34_2 of size 2 found num new op-mutexes 0


[t=2.36476s, 74768 KB] In ts_34_3 of size 2 found num new op-mutexes 0


[t=2.36482s, 74768 KB] In ts_34_4 of size 2 found num new op-mutexes 0


[t=2.36488s, 74768 KB] In ts_34_5 of size 2 found num new op-mutexes 0


[t=2.40173s, 74768 KB] In ts_34_76 of size 1280 found num new op-mutexes 0
[t=2.40185s, 74768 KB] Operator mutex finished iteration 34. Found an additional 0 operator mutexes

[t=2.40188s, 74768 KB] Next pair of indices: (76, 5)
[t=2.40191s, 74768 KB] M&S algorithm main loop timer: 2.3981s (after computation of next merge)
[t=2.42706s, 74768 KB] M&S algorithm main loop timer: 2.42331s (after merging)

[t=2.42731s, 74768 KB] Operator mutex starting iteration 35


[t=2.42741s, 74768 KB] In ts_35_0 of size 2 found num new op-mutexes 0


[t=2.42748s, 74768 KB] In ts_35_1 of size 2 found num new op-mutexes 0


[t=2.42754s, 74768 KB] In ts_35_2 of size 2 found num new op-mutexes 0


[t=2.42761s, 74768 KB] In ts_35_3 of size 2 found num new op-mutexes 0


[t=2.42768s, 74768 KB] In ts_35_4 of size 2 found num new op-mutexes 0


[t=2.50907s, 74768 KB] In ts_35_77 of size 2560 found num new op-mutexes 0
[t=2.50919s, 74768 KB] Operator mutex finished iteration 35. Found an additional 0 operator mutexes

[t=2.50923s, 74768 KB] Next pair of indices: (77, 4)
[t=2.50925s, 74768 KB] M&S algorithm main loop timer: 2.50545s (after computation of next merge)
[t=2.56552s, 74768 KB] M&S algorithm main loop timer: 2.56178s (after merging)

[t=2.56589s, 74768 KB] Operator mutex starting iteration 36


[t=2.56601s, 74768 KB] In ts_36_0 of size 2 found num new op-mutexes 0


[t=2.56608s, 74768 KB] In ts_36_1 of size 2 found num new op-mutexes 0


[t=2.56614s, 74768 KB] In ts_36_2 of size 2 found num new op-mutexes 0


[t=2.56621s, 74768 KB] In ts_36_3 of size 2 found num new op-mutexes 0
[t=2.5672s, 74768 KB] Operator mutex finished iteration 36. Found an additional 0 operator mutexes

[t=2.56725s, 74768 KB] Next pair of indices: (78, 3)
[t=2.56727s, 74768 KB] M&S algorithm main loop timer: 2.56347s (after computation of next merge)
[t=2.68636s, 74768 KB] M&S algorithm main loop timer: 2.68262s (after merging)

[t=2.68702s, 74768 KB] Operator mutex starting iteration 37


[t=2.6871s, 74768 KB] In ts_37_0 of size 2 found num new op-mutexes 0


[t=2.6872s, 74768 KB] In ts_37_1 of size 2 found num new op-mutexes 0


[t=2.68728s, 74768 KB] In ts_37_2 of size 2 found num new op-mutexes 0
[t=2.68932s, 74768 KB] Operator mutex finished iteration 37. Found an additional 0 operator mutexes

[t=2.68936s, 74768 KB] Next pair of indices: (79, 2)
[t=2.6894s, 74768 KB] M&S algorithm main loop timer: 2.6856s (after computation of next merge)
[t=2.94642s, 74768 KB] M&S algorithm main loop timer: 2.94269s (after merging)

[t=2.94784s, 74768 KB] Operator mutex starting iteration 38


[t=2.94793s, 74768 KB] In ts_38_0 of size 2 found num new op-mutexes 0


[t=2.948s, 74768 KB] In ts_38_1 of size 2 found num new op-mutexes 0
[t=2.95518s, 74768 KB] Operator mutex finished iteration 38. Found an additional 0 operator mutexes

[t=2.95529s, 74768 KB] Next pair of indices: (80, 1)
[t=2.95533s, 74768 KB] M&S algorithm main loop timer: 2.95153s (after computation of next merge)
[t=3.54597s, 104964 KB] M&S algorithm main loop timer: 3.54224s (after merging)

[t=3.54849s, 104964 KB] Operator mutex starting iteration 39


[t=3.54858s, 104964 KB] In ts_39_0 of size 2 found num new op-mutexes 0
[t=3.56134s, 114900 KB] Operator mutex finished iteration 39. Found an additional 0 operator mutexes

[t=3.56143s, 114900 KB] Next pair of indices: (81, 0)
[t=3.56145s, 114900 KB] M&S algorithm main loop timer: 3.55765s (after computation of next merge)
[t=4.36473s, 137208 KB] M&S algorithm main loop timer: 4.361s (after shrinking)
[t=5.00508s, 137208 KB] M&S algorithm main loop timer: 5.00135s (after merging)

[t=5.00811s, 137208 KB] Operator mutex starting iteration 40
[t=5.02732s, 148368 KB] Operator mutex finished iteration 40. Found an additional 0 operator mutexes

[t=5.02741s, 148368 KB] End of merge-and-shrink algorithm, statistics:
[t=5.02743s, 148368 KB] Main loop runtime: 5.02363s
[t=5.02746s, 148368 KB] Maximum intermediate abstraction size: 49160
[t=5.02748s, 148368 KB] Final peak memory increase of merge-and-shrink algorithm: 125768 KB
[t=5.02751s, 148368 KB] Merge-and-shrink algorithm runtime: 5.025s

[t=5.02753s, 148368 KB] Number of labels: 128
[t=5.02755s, 148368 KB] Total number of operator mutexes: 0
[t=5.02757s, 148368 KB] Operator Mutex total time: 0.406696s
[t=5.02759s, 148368 KB] Number of remaining factors: 1
[t=5.02809s, 148368 KB] Number of factors kept: 1
[t=5.02811s, 148368 KB] Done initializing merge-and-shrink heuristic.

[t=5.03077s, 148368 KB] Building successor generator...done!
[t=5.03096s, 148368 KB] peak memory difference for successor generator creation: 0 KB
[t=5.03098s, 148368 KB] time for successor generation creation: 9.4519e-05s
[t=5.031s, 148368 KB] Variables: 42
[t=5.03102s, 148368 KB] FactPairs: 84
[t=5.03104s, 148368 KB] Bytes per state: 8
[t=5.03118s, 148368 KB] Conducting best first search with reopening closed nodes, (real) bound = 2147483647
[t=5.03126s, 148368 KB] New best heuristic value for merge_and_shrink(op_mutex = op_mutex(use_previous_ops = nasutpo, reachability_strategy = goal), merge_strategy = merge_sccs(order_of_sccs = topological, merge_tree = linear), shrink_strategy = shrink_bisimulation(greedy = false, at_limit = return)): 7
[t=5.03128s, 148368 KB] g=0, 1 evaluated, 0 expanded
[t=5.0313s, 148368 KB] f = 7, 1 evaluated, 0 expanded
[t=5.03133s, 148368 KB] Initial heuristic value for merge_and_shrink(op_mutex = op_mutex(use_previous_ops = nasutpo, reachability_strategy = goal), merge_strategy = merge_sccs(order_of_sccs = topological, merge_tree = linear), shrink_strategy = shrink_bisimulation(greedy = false, at_limit = return)): 7
[t=5.03135s, 148368 KB] pruning method: none
[t=5.03139s, 148368 KB] New best heuristic value for merge_and_shrink(op_mutex = op_mutex(use_previous_ops = nasutpo, reachability_strategy = goal), merge_strategy = merge_sccs(order_of_sccs = topological, merge_tree = linear), shrink_strategy = shrink_bisimulation(greedy = false, at_limit = return)): 6
[t=5.03141s, 148368 KB] g=1, 2 evaluated, 1 expanded
[t=5.03149s, 148368 KB] New best heuristic value for merge_and_shrink(op_mutex = op_mutex(use_previous_ops = nasutpo, reachability_strategy = goal), merge_strategy = merge_sccs(order_of_sccs = topological, merge_tree = linear), shrink_strategy = shrink_bisimulation(greedy = false, at_limit = return)): 5
[t=5.03151s, 148368 KB] g=2, 13 evaluated, 2 expanded
[t=5.03155s, 148368 KB] New best heuristic value for merge_and_shrink(op_mutex = op_mutex(use_previous_ops = nasutpo, reachability_strategy = goal), merge_strategy = merge_sccs(order_of_sccs = topological, merge_tree = linear), shrink_strategy = shrink_bisimulation(greedy = false, at_limit = return)): 4
[t=5.03157s, 148368 KB] g=3, 15 evaluated, 3 expanded
[t=5.0317s, 148368 KB] f = 8, 37 evaluated, 11 expanded
[t=5.03176s, 148368 KB] New best heuristic value for merge_and_shrink(op_mutex = op_mutex(use_previous_ops = nasutpo, reachability_strategy = goal), merge_strategy = merge_sccs(order_of_sccs = topological, merge_tree = linear), shrink_strategy = shrink_bisimulation(greedy = false, at_limit = return)): 3
[t=5.03178s, 148368 KB] g=5, 42 evaluated, 13 expanded
[t=5.03203s, 148368 KB] New best heuristic value for merge_and_shrink(op_mutex = op_mutex(use_previous_ops = nasutpo, reachability_strategy = goal), merge_strategy = merge_sccs(order_of_sccs = topological, merge_tree = linear), shrink_strategy = shrink_bisimulation(greedy = false, at_limit = return)): 2
[t=5.03206s, 148368 KB] g=6, 93 evaluated, 35 expanded
[t=5.0321s, 148368 KB] New best heuristic value for merge_and_shrink(op_mutex = op_mutex(use_previous_ops = nasutpo, reachability_strategy = goal), merge_strategy = merge_sccs(order_of_sccs = topological, merge_tree = linear), shrink_strategy = shrink_bisimulation(greedy = false, at_limit = return)): 1
[t=5.03213s, 148368 KB] g=7, 96 evaluated, 36 expanded
[t=5.03225s, 148368 KB] f = 9, 112 evaluated, 42 expanded
[t=5.0328s, 148368 KB] f = 10, 230 evaluated, 108 expanded
[t=5.03354s, 148368 KB] f = 11, 407 evaluated, 206 expanded
[t=5.0346s, 148368 KB] f = 12, 633 evaluated, 358 expanded
[t=5.03466s, 148368 KB] New best heuristic value for merge_and_shrink(op_mutex = op_mutex(use_previous_ops = nasutpo, reachability_strategy = goal), merge_strategy = merge_sccs(order_of_sccs = topological, merge_tree = linear), shrink_strategy = shrink_bisimulation(greedy = false, at_limit = return)): 0
[t=5.03469s, 148368 KB] g=12, 636 evaluated, 360 expanded
[t=5.03471s, 148368 KB] Solution found!
[t=5.03473s, 148368 KB] Actual search time: 0.00338906s
pop-unitarypipe s13 b1 a1 a3 b5 lco oca1 (1)
push-unitarypipe s12 b0 a1 a2 b4 oc1b lco (1)
push-unitarypipe s12 b5 a1 a2 b0 oca1 oc1b (1)
push-unitarypipe s12 b2 a1 a2 b5 gasoleo oca1 (1)
pop-unitarypipe s12 b4 a1 a2 b2 lco gasoleo (1)
push-unitarypipe s13 b2 a1 a3 b1 gasoleo lco (1)
push-unitarypipe s13 b3 a1 a3 b2 rat-a gasoleo (1)
pop-unitarypipe s13 b1 a1 a3 b3 lco rat-a (1)
pop-unitarypipe s13 b2 a1 a3 b1 gasoleo lco (1)
push-unitarypipe s13 b3 a1 a3 b2 rat-a gasoleo (1)
pop-unitarypipe s12 b0 a1 a2 b4 oc1b lco (1)
push-unitarypipe s12 b1 a1 a2 b0 lco oc1b (1)
[t=5.03477s, 148368 KB] Plan length: 12 step(s).
[t=5.03477s, 148368 KB] Plan cost: 12
[t=5.03477s, 148368 KB] Expanded 361 state(s).
[t=5.03477s, 148368 KB] Reopened 0 state(s).
[t=5.03477s, 148368 KB] Evaluated 636 state(s).
[t=5.03477s, 148368 KB] Evaluations: 636
[t=5.03477s, 148368 KB] Generated 1705 state(s).
[t=5.03477s, 148368 KB] Dead ends: 0 state(s).
[t=5.03477s, 148368 KB] Expanded until last jump: 358 state(s).
[t=5.03477s, 148368 KB] Reopened until last jump: 0 state(s).
[t=5.03477s, 148368 KB] Evaluated until last jump: 633 state(s).
[t=5.03477s, 148368 KB] Generated until last jump: 1695 state(s).
[t=5.03477s, 148368 KB] Number of registered states: 636
[t=5.03477s, 148368 KB] Int hash set load factor: 636/1024 = 0.621094
[t=5.03477s, 148368 KB] Int hash set resizes: 10
[t=5.03477s, 148368 KB] Search time: 0.00358872s
[t=5.03477s, 148368 KB] Total time: 5.03477s
Solution found.
Peak memory: 148368 KB
Remove intermediate file output.sas
search exit code: 0

INFO     Running validate.
INFO     validate stdin: None
INFO     validate time limit: None
INFO     validate memory limit: None
INFO     validate command line string: validate domain.pddl problem.pddl sas_plan
Checking plan: sas_plan
Plan executed successfully - checking goal
Plan valid
Final value: 12 

Successful plans:
Value: 12
 sas_plan 12 

validate exit code: 0

