INFO     Running translator.
INFO     translator stdin: None
INFO     translator time limit: 599.97s
INFO     translator memory limit: 7000 MB
INFO     translator command line string: /usr/bin/python3 /user/student.aau.dk/lkar18/downward-projects/downward/experiments/nopo_vs_nasutpo_195p/data/nopo_vs_nasutpo/code-94571df14dfaf5b06207d9589b12facdd93f580c_e5e41175/builds/release/bin/translate/translate.py domain.pddl problem.pddl --sas-file output.sas
Parsing...
Parsing: [0.000s CPU, 0.002s wall-clock]
Normalizing task... [0.000s CPU, 0.000s wall-clock]
Instantiating...
Generating Datalog program... [0.000s CPU, 0.000s wall-clock]
Normalizing Datalog program...
Normalizing Datalog program: [0.000s CPU, 0.003s wall-clock]
Preparing model... [0.010s CPU, 0.001s wall-clock]
Generated 51 rules.
Computing model... [0.010s CPU, 0.012s wall-clock]
449 relevant atoms
862 auxiliary atoms
1311 final queue length
2031 total queue pushes
Completing instantiation... [0.010s CPU, 0.012s wall-clock]
Instantiating: [0.030s CPU, 0.029s wall-clock]
Computing fact groups...
Finding invariants...
5 initial candidates
Finding invariants: [0.020s CPU, 0.017s wall-clock]
Checking invariant weight... [0.000s CPU, 0.000s wall-clock]
Instantiating groups... [0.000s CPU, 0.000s wall-clock]
Collecting mutex groups... [0.000s CPU, 0.000s wall-clock]
Choosing groups...
6 uncovered facts
Choosing groups: [0.000s CPU, 0.000s wall-clock]
Building translation key... [0.000s CPU, 0.000s wall-clock]
Computing fact groups: [0.020s CPU, 0.018s wall-clock]
Building STRIPS to SAS dictionary... [0.000s CPU, 0.000s wall-clock]
Building dictionary for full mutex groups... [0.000s CPU, 0.000s wall-clock]
Building mutex information...
Building mutex information: [0.000s CPU, 0.000s wall-clock]
Translating task...
Processing axioms...
Simplifying axioms... [0.000s CPU, 0.000s wall-clock]
Translator axioms removed by simplifying: 0
Computing negative axioms... [0.000s CPU, 0.000s wall-clock]
Processing axioms: [0.000s CPU, 0.001s wall-clock]
Translating task: [0.010s CPU, 0.011s wall-clock]
0 effect conditions simplified
0 implied preconditions added
Detecting unreachable propositions...
0 operators removed
0 axioms removed
6 propositions removed
Detecting unreachable propositions: [0.000s CPU, 0.005s wall-clock]
Reordering and filtering variables...
12 of 12 variables necessary.
6 of 12 mutex groups necessary.
300 of 300 operators necessary.
0 of 0 axiom rules necessary.
Reordering and filtering variables: [0.000s CPU, 0.002s wall-clock]
Translator variables: 12
Translator derived variables: 0
Translator facts: 48
Translator goal facts: 12
Translator mutex groups: 6
Translator total mutex groups size: 36
Translator operators: 300
Translator axioms: 0
Translator task size: 1638
Translator peak memory: 43292 KB
Writing output... [0.000s CPU, 0.004s wall-clock]
Done! [0.070s CPU, 0.072s wall-clock]
translate exit code: 0

INFO     Running search (release).
INFO     search stdin: output.sas
INFO     search time limit: 599.85s
INFO     search memory limit: 7000 MB
INFO     search command line string: /user/student.aau.dk/lkar18/downward-projects/downward/experiments/nopo_vs_nasutpo_195p/data/nopo_vs_nasutpo/code-94571df14dfaf5b06207d9589b12facdd93f580c_e5e41175/builds/release/bin/downward --search 'astar(merge_and_shrink(op_mutex=op_mutex(use_previous_ops=NaSUTPO, reachability_strategy=goal), merge_strategy=merge_sccs(order_of_sccs=topological, merge_tree=linear()), shrink_strategy=shrink_fh()))' --internal-plan-file sas_plan < output.sas
[t=3.6296e-05s, 22344 KB] reading input...
[t=0.00119302s, 22344 KB] done reading input!
[t=0.0025972s, 22732 KB] Initializing merge-and-shrink heuristic...
[t=0.00266391s, 22732 KB] Running merge-and-shrink algorithm...
[t=0.002684s, 22732 KB] Merge strategy options:
[t=0.00270533s, 22732 KB] Type: sccs
[t=0.00272528s, 22732 KB] Merge order of sccs: topological
[t=0.00274481s, 22732 KB] Merge strategy for merging within sccs: 
[t=0.00276431s, 22732 KB] Merge tree options: 
[t=0.00278341s, 22732 KB] Type: linear
[t=0.00280258s, 22732 KB] Update option: use random
[t=0.00282219s, 22732 KB] Variable order type: CG/GOAL, tie breaking on level (main)

[t=0.00284388s, 22732 KB] Options related to size limits and shrinking: 
[t=0.00286433s, 22732 KB] Transition system size limit: 50000
[t=0.00288389s, 22732 KB] Transition system size limit right before merge: 50000
[t=0.00290308s, 22732 KB] Threshold to trigger shrinking right before merge: 1

[t=0.00292526s, 22732 KB] Pruning unreachable states: yes
[t=0.00294522s, 22732 KB] Pruning irrelevant states: yes

[t=0.00296626s, 22732 KB] Label reduction disabled

[t=0.00298792s, 22732 KB] Main loop max time in seconds: inf

[t=0.00301152s, 22732 KB] ===============================================================================
[t=0.00303119s, 22732 KB] WARNING! You did not enable label reduction.
This may drastically reduce the performance of merge-and-shrink!
[t=0.00305123s, 22732 KB] ===============================================================================

[t=0.00307323s, 22732 KB] Building atomic transition systems... 
[t=0.00367671s, 23396 KB] M&S algorithm timer: 0.00104609s (after computation of atomic factors)

[t=0.00372377s, 23396 KB] Starting main loop without a time limit.
[t=0.00374994s, 23396 KB] building causal graph...done! [t=0.000140823s]
[t=0.00390607s, 23396 KB] SCCs of the causal graph:
[t=0.00393691s, 23396 KB] [0, 1, 2, 3, 4, 5, 6, 7, 8, 9, 10, 11]
[t=0.00395949s, 23396 KB] Only one single SCC
[t=0.00398584s, 23396 KB] Next pair of indices: (11, 5)
[t=0.0040078s, 23396 KB] M&S algorithm main loop timer: 0.000302683s (after computation of next merge)
[t=0.00409217s, 23396 KB] M&S algorithm main loop timer: 0.000398019s (after merging)

[t=0.00412988s, 23396 KB] Operator mutex starting iteration 0


[t=0.00435665s, 23396 KB] In ts_0_0 of size 6 found num new op-mutexes 0


[t=0.00456722s, 23396 KB] In ts_0_1 of size 6 found num new op-mutexes 0


[t=0.00477169s, 23396 KB] In ts_0_2 of size 6 found num new op-mutexes 0


[t=0.00497416s, 23396 KB] In ts_0_3 of size 6 found num new op-mutexes 0


[t=0.00517566s, 23396 KB] In ts_0_4 of size 6 found num new op-mutexes 0


[t=0.00526777s, 23396 KB] In ts_0_6 of size 2 found num new op-mutexes 0


[t=0.0053648s, 23396 KB] In ts_0_7 of size 2 found num new op-mutexes 0


[t=0.00544961s, 23396 KB] In ts_0_8 of size 2 found num new op-mutexes 0


[t=0.00553443s, 23396 KB] In ts_0_9 of size 2 found num new op-mutexes 0


[t=0.00561954s, 23396 KB] In ts_0_10 of size 2 found num new op-mutexes 0


[t=0.00588793s, 23396 KB] In ts_0_12 of size 12 found num new op-mutexes 0
[t=0.00592554s, 23396 KB] Operator mutex finished iteration 0. Found an additional 0 operator mutexes

[t=0.00595441s, 23396 KB] Next pair of indices: (12, 4)
[t=0.00597606s, 23396 KB] M&S algorithm main loop timer: 0.00227083s (after computation of next merge)
[t=0.00611906s, 23396 KB] M&S algorithm main loop timer: 0.00242s (after merging)

[t=0.00615525s, 23396 KB] Operator mutex starting iteration 1


[t=0.00636298s, 23396 KB] In ts_1_0 of size 6 found num new op-mutexes 0


[t=0.00657277s, 23396 KB] In ts_1_1 of size 6 found num new op-mutexes 0


[t=0.00681689s, 23396 KB] In ts_1_2 of size 6 found num new op-mutexes 0


[t=0.00705287s, 23396 KB] In ts_1_3 of size 6 found num new op-mutexes 0


[t=0.00715422s, 23396 KB] In ts_1_6 of size 2 found num new op-mutexes 0


[t=0.00725067s, 23396 KB] In ts_1_7 of size 2 found num new op-mutexes 0


[t=0.00734649s, 23396 KB] In ts_1_8 of size 2 found num new op-mutexes 0


[t=0.00744108s, 23396 KB] In ts_1_9 of size 2 found num new op-mutexes 0


[t=0.00753544s, 23396 KB] In ts_1_10 of size 2 found num new op-mutexes 0


[t=0.008223s, 23396 KB] In ts_1_13 of size 72 found num new op-mutexes 0
[t=0.00826485s, 23396 KB] Operator mutex finished iteration 1. Found an additional 0 operator mutexes

[t=0.00829778s, 23396 KB] Next pair of indices: (13, 3)
[t=0.00832015s, 23396 KB] M&S algorithm main loop timer: 0.00461479s (after computation of next merge)
[t=0.0088212s, 23396 KB] M&S algorithm main loop timer: 0.00513588s (after merging)

[t=0.0088924s, 23396 KB] Operator mutex starting iteration 2


[t=0.0091036s, 23396 KB] In ts_2_0 of size 6 found num new op-mutexes 0


[t=0.0093194s, 23396 KB] In ts_2_1 of size 6 found num new op-mutexes 0


[t=0.0095481s, 23396 KB] In ts_2_2 of size 6 found num new op-mutexes 0


[t=0.00964528s, 23396 KB] In ts_2_6 of size 2 found num new op-mutexes 0


[t=0.00973648s, 23396 KB] In ts_2_7 of size 2 found num new op-mutexes 0


[t=0.00982637s, 23396 KB] In ts_2_8 of size 2 found num new op-mutexes 0


[t=0.00991496s, 23396 KB] In ts_2_9 of size 2 found num new op-mutexes 0


[t=0.0100032s, 23396 KB] In ts_2_10 of size 2 found num new op-mutexes 0


[t=0.0124724s, 23920 KB] In ts_2_14 of size 432 found num new op-mutexes 0
[t=0.0125218s, 23920 KB] Operator mutex finished iteration 2. Found an additional 0 operator mutexes

[t=0.0125572s, 23920 KB] Next pair of indices: (14, 2)
[t=0.01258s, 23920 KB] M&S algorithm main loop timer: 0.0088754s (after computation of next merge)
[t=0.0166521s, 24376 KB] M&S algorithm main loop timer: 0.0129703s (after merging)

[t=0.0168363s, 24376 KB] Operator mutex starting iteration 3


[t=0.0170638s, 24376 KB] In ts_3_0 of size 6 found num new op-mutexes 0


[t=0.0172774s, 24376 KB] In ts_3_1 of size 6 found num new op-mutexes 0


[t=0.0173742s, 24376 KB] In ts_3_6 of size 2 found num new op-mutexes 0


[t=0.017475s, 24376 KB] In ts_3_7 of size 2 found num new op-mutexes 0


[t=0.0175644s, 24376 KB] In ts_3_8 of size 2 found num new op-mutexes 0


[t=0.0176539s, 24376 KB] In ts_3_9 of size 2 found num new op-mutexes 0


[t=0.0177421s, 24376 KB] In ts_3_10 of size 2 found num new op-mutexes 0


[t=0.0320197s, 27720 KB] In ts_3_15 of size 2592 found num new op-mutexes 0
[t=0.0321224s, 27720 KB] Operator mutex finished iteration 3. Found an additional 0 operator mutexes

[t=0.0321642s, 27720 KB] Next pair of indices: (15, 1)
[t=0.0321898s, 27720 KB] M&S algorithm main loop timer: 0.0284849s (after computation of next merge)
[t=0.0673632s, 30856 KB] M&S algorithm main loop timer: 0.0637287s (after merging)

[t=0.068451s, 30856 KB] Operator mutex starting iteration 4


[t=0.0686822s, 30856 KB] In ts_4_0 of size 6 found num new op-mutexes 0


[t=0.0687941s, 30856 KB] In ts_4_6 of size 2 found num new op-mutexes 0


[t=0.068888s, 30856 KB] In ts_4_7 of size 2 found num new op-mutexes 0


[t=0.0689785s, 30856 KB] In ts_4_8 of size 2 found num new op-mutexes 0


[t=0.0690666s, 30856 KB] In ts_4_9 of size 2 found num new op-mutexes 0


[t=0.0691536s, 30856 KB] In ts_4_10 of size 2 found num new op-mutexes 0
[t=0.0697817s, 30856 KB] Operator mutex finished iteration 4. Found an additional 0 operator mutexes

[t=0.0698216s, 30856 KB] Next pair of indices: (16, 0)
[t=0.0698456s, 30856 KB] M&S algorithm main loop timer: 0.0661409s (after computation of next merge)
[t=0.0890179s, 30856 KB] M&S algorithm main loop timer: 0.0853719s (after shrinking)
[t=0.16758s, 37404 KB] M&S algorithm main loop timer: 0.163947s (after merging)
[t=0.18323s, 37404 KB] M&S algorithm main loop timer: 0.179583s (after pruning)

[t=0.183321s, 37404 KB] Operator mutex starting iteration 5


[t=0.183425s, 37404 KB] In ts_5_6 of size 2 found num new op-mutexes 0


[t=0.183536s, 37404 KB] In ts_5_7 of size 2 found num new op-mutexes 0


[t=0.183632s, 37404 KB] In ts_5_8 of size 2 found num new op-mutexes 0


[t=0.183728s, 37404 KB] In ts_5_9 of size 2 found num new op-mutexes 0


[t=0.183821s, 37404 KB] In ts_5_10 of size 2 found num new op-mutexes 0
[t=0.184762s, 37404 KB] Operator mutex finished iteration 5. Found an additional 0 operator mutexes

[t=0.184803s, 37404 KB] Next pair of indices: (17, 10)
[t=0.184827s, 37404 KB] M&S algorithm main loop timer: 0.181122s (after computation of next merge)
[t=0.219434s, 37404 KB] M&S algorithm main loop timer: 0.215791s (after shrinking)
[t=0.347142s, 47068 KB] M&S algorithm main loop timer: 0.343506s (after merging)

[t=0.350198s, 47068 KB] Operator mutex starting iteration 6


[t=0.350325s, 47068 KB] In ts_6_6 of size 2 found num new op-mutexes 0


[t=0.35042s, 47068 KB] In ts_6_7 of size 2 found num new op-mutexes 0


[t=0.350511s, 47068 KB] In ts_6_8 of size 2 found num new op-mutexes 0


[t=0.3506s, 47068 KB] In ts_6_9 of size 2 found num new op-mutexes 0
[t=0.352417s, 47068 KB] Operator mutex finished iteration 6. Found an additional 0 operator mutexes

[t=0.352475s, 47068 KB] Next pair of indices: (18, 9)
[t=0.352502s, 47068 KB] M&S algorithm main loop timer: 0.348799s (after computation of next merge)
[t=0.408113s, 47068 KB] M&S algorithm main loop timer: 0.40448s (after shrinking)
[t=0.586355s, 55832 KB] M&S algorithm main loop timer: 0.582733s (after merging)

[t=0.589322s, 55832 KB] Operator mutex starting iteration 7


[t=0.589426s, 55832 KB] In ts_7_6 of size 2 found num new op-mutexes 0


[t=0.589522s, 55832 KB] In ts_7_7 of size 2 found num new op-mutexes 0


[t=0.589618s, 55832 KB] In ts_7_8 of size 2 found num new op-mutexes 0
[t=0.59215s, 55832 KB] Operator mutex finished iteration 7. Found an additional 0 operator mutexes

[t=0.592211s, 55832 KB] Next pair of indices: (19, 8)
[t=0.592239s, 55832 KB] M&S algorithm main loop timer: 0.588537s (after computation of next merge)
[t=0.668637s, 55832 KB] M&S algorithm main loop timer: 0.664996s (after shrinking)
[t=0.892914s, 62400 KB] M&S algorithm main loop timer: 0.889281s (after merging)

[t=0.895966s, 62400 KB] Operator mutex starting iteration 8


[t=0.896079s, 62400 KB] In ts_8_6 of size 2 found num new op-mutexes 0


[t=0.896194s, 62400 KB] In ts_8_7 of size 2 found num new op-mutexes 0
[t=0.899167s, 62400 KB] Operator mutex finished iteration 8. Found an additional 0 operator mutexes

[t=0.899239s, 62400 KB] Next pair of indices: (20, 7)
[t=0.899265s, 62400 KB] M&S algorithm main loop timer: 0.895561s (after computation of next merge)
[t=1.00102s, 62400 KB] M&S algorithm main loop timer: 0.997377s (after shrinking)
[t=1.32362s, 80088 KB] M&S algorithm main loop timer: 1.31998s (after merging)

[t=1.32657s, 80088 KB] Operator mutex starting iteration 9


[t=1.3267s, 80088 KB] In ts_9_6 of size 2 found num new op-mutexes 0
[t=1.33141s, 80088 KB] Operator mutex finished iteration 9. Found an additional 0 operator mutexes

[t=1.33151s, 80088 KB] Next pair of indices: (21, 6)
[t=1.33153s, 80088 KB] M&S algorithm main loop timer: 1.32783s (after computation of next merge)
[t=1.478s, 80088 KB] M&S algorithm main loop timer: 1.47436s (after shrinking)
[t=1.86599s, 89520 KB] M&S algorithm main loop timer: 1.86236s (after merging)

[t=1.86895s, 89520 KB] Operator mutex starting iteration 10
[t=1.87465s, 89520 KB] Operator mutex finished iteration 10. Found an additional 0 operator mutexes

[t=1.87471s, 89520 KB] End of merge-and-shrink algorithm, statistics:
[t=1.87474s, 89520 KB] Main loop runtime: 1.87105s
[t=1.87478s, 89520 KB] Maximum intermediate abstraction size: 50000
[t=1.87481s, 89520 KB] Final peak memory increase of merge-and-shrink algorithm: 66788 KB
[t=1.87486s, 89520 KB] Merge-and-shrink algorithm runtime: 1.87222s

[t=1.87489s, 89520 KB] Number of labels: 300
[t=1.87491s, 89520 KB] Total number of operator mutexes: 0
[t=1.87493s, 89520 KB] Operator Mutex total time: 0.0449295s
[t=1.87498s, 89520 KB] Number of remaining factors: 1
[t=1.87585s, 89520 KB] Number of factors kept: 1
[t=1.87588s, 89520 KB] Done initializing merge-and-shrink heuristic.

[t=1.87606s, 89520 KB] Building successor generator...done!
[t=1.87627s, 89520 KB] peak memory difference for successor generator creation: 0 KB
[t=1.87629s, 89520 KB] time for successor generation creation: 0.000140014s
[t=1.87632s, 89520 KB] Variables: 12
[t=1.87634s, 89520 KB] FactPairs: 48
[t=1.87636s, 89520 KB] Bytes per state: 4
[t=1.87648s, 89520 KB] Conducting best first search with reopening closed nodes, (real) bound = 2147483647
[t=1.87654s, 89520 KB] New best heuristic value for merge_and_shrink(op_mutex = op_mutex(use_previous_ops = nasutpo, reachability_strategy = goal), merge_strategy = merge_sccs(order_of_sccs = topological, merge_tree = linear), shrink_strategy = shrink_fh): 24
[t=1.87657s, 89520 KB] g=0, 1 evaluated, 0 expanded
[t=1.87659s, 89520 KB] f = 24, 1 evaluated, 0 expanded
[t=1.87661s, 89520 KB] Initial heuristic value for merge_and_shrink(op_mutex = op_mutex(use_previous_ops = nasutpo, reachability_strategy = goal), merge_strategy = merge_sccs(order_of_sccs = topological, merge_tree = linear), shrink_strategy = shrink_fh): 24
[t=1.87663s, 89520 KB] pruning method: none
[t=1.87667s, 89520 KB] New best heuristic value for merge_and_shrink(op_mutex = op_mutex(use_previous_ops = nasutpo, reachability_strategy = goal), merge_strategy = merge_sccs(order_of_sccs = topological, merge_tree = linear), shrink_strategy = shrink_fh): 21
[t=1.87669s, 89520 KB] g=3, 2 evaluated, 1 expanded
[t=1.87674s, 89520 KB] New best heuristic value for merge_and_shrink(op_mutex = op_mutex(use_previous_ops = nasutpo, reachability_strategy = goal), merge_strategy = merge_sccs(order_of_sccs = topological, merge_tree = linear), shrink_strategy = shrink_fh): 20
[t=1.87676s, 89520 KB] g=4, 12 evaluated, 2 expanded
[t=1.87679s, 89520 KB] New best heuristic value for merge_and_shrink(op_mutex = op_mutex(use_previous_ops = nasutpo, reachability_strategy = goal), merge_strategy = merge_sccs(order_of_sccs = topological, merge_tree = linear), shrink_strategy = shrink_fh): 19
[t=1.87681s, 89520 KB] g=6, 14 evaluated, 2 expanded
[t=1.87687s, 89520 KB] New best heuristic value for merge_and_shrink(op_mutex = op_mutex(use_previous_ops = nasutpo, reachability_strategy = goal), merge_strategy = merge_sccs(order_of_sccs = topological, merge_tree = linear), shrink_strategy = shrink_fh): 18
[t=1.87689s, 89520 KB] g=7, 25 evaluated, 3 expanded
[t=1.87696s, 89520 KB] New best heuristic value for merge_and_shrink(op_mutex = op_mutex(use_previous_ops = nasutpo, reachability_strategy = goal), merge_strategy = merge_sccs(order_of_sccs = topological, merge_tree = linear), shrink_strategy = shrink_fh): 15
[t=1.87699s, 89520 KB] g=9, 45 evaluated, 5 expanded
[t=1.87703s, 89520 KB] New best heuristic value for merge_and_shrink(op_mutex = op_mutex(use_previous_ops = nasutpo, reachability_strategy = goal), merge_strategy = merge_sccs(order_of_sccs = topological, merge_tree = linear), shrink_strategy = shrink_fh): 14
[t=1.87706s, 89520 KB] g=12, 56 evaluated, 6 expanded
[t=1.87725s, 89520 KB] New best heuristic value for merge_and_shrink(op_mutex = op_mutex(use_previous_ops = nasutpo, reachability_strategy = goal), merge_strategy = merge_sccs(order_of_sccs = topological, merge_tree = linear), shrink_strategy = shrink_fh): 13
[t=1.87727s, 89520 KB] g=12, 130 evaluated, 15 expanded
[t=1.87804s, 89520 KB] f = 25, 511 evaluated, 73 expanded
[t=1.87813s, 89520 KB] New best heuristic value for merge_and_shrink(op_mutex = op_mutex(use_previous_ops = nasutpo, reachability_strategy = goal), merge_strategy = merge_sccs(order_of_sccs = topological, merge_tree = linear), shrink_strategy = shrink_fh): 12
[t=1.87815s, 89520 KB] g=13, 517 evaluated, 74 expanded
[t=1.87825s, 89520 KB] New best heuristic value for merge_and_shrink(op_mutex = op_mutex(use_previous_ops = nasutpo, reachability_strategy = goal), merge_strategy = merge_sccs(order_of_sccs = topological, merge_tree = linear), shrink_strategy = shrink_fh): 10
[t=1.87828s, 89520 KB] g=15, 556 evaluated, 79 expanded
[t=1.87971s, 89520 KB] New best heuristic value for merge_and_shrink(op_mutex = op_mutex(use_previous_ops = nasutpo, reachability_strategy = goal), merge_strategy = merge_sccs(order_of_sccs = topological, merge_tree = linear), shrink_strategy = shrink_fh): 8
[t=1.87974s, 89520 KB] g=18, 1252 evaluated, 203 expanded
[t=1.88446s, 89520 KB] f = 26, 3341 evaluated, 747 expanded
[t=1.88452s, 89520 KB] New best heuristic value for merge_and_shrink(op_mutex = op_mutex(use_previous_ops = nasutpo, reachability_strategy = goal), merge_strategy = merge_sccs(order_of_sccs = topological, merge_tree = linear), shrink_strategy = shrink_fh): 7
[t=1.88455s, 89520 KB] g=19, 3343 evaluated, 748 expanded
[t=1.8846s, 89520 KB] New best heuristic value for merge_and_shrink(op_mutex = op_mutex(use_previous_ops = nasutpo, reachability_strategy = goal), merge_strategy = merge_sccs(order_of_sccs = topological, merge_tree = linear), shrink_strategy = shrink_fh): 6
[t=1.88462s, 89520 KB] g=20, 3351 evaluated, 749 expanded
[t=1.88467s, 89520 KB] New best heuristic value for merge_and_shrink(op_mutex = op_mutex(use_previous_ops = nasutpo, reachability_strategy = goal), merge_strategy = merge_sccs(order_of_sccs = topological, merge_tree = linear), shrink_strategy = shrink_fh): 5
[t=1.88469s, 89520 KB] g=21, 3361 evaluated, 750 expanded
[t=1.88474s, 89520 KB] New best heuristic value for merge_and_shrink(op_mutex = op_mutex(use_previous_ops = nasutpo, reachability_strategy = goal), merge_strategy = merge_sccs(order_of_sccs = topological, merge_tree = linear), shrink_strategy = shrink_fh): 4
[t=1.88476s, 89520 KB] g=22, 3370 evaluated, 751 expanded
[t=1.88479s, 89520 KB] New best heuristic value for merge_and_shrink(op_mutex = op_mutex(use_previous_ops = nasutpo, reachability_strategy = goal), merge_strategy = merge_sccs(order_of_sccs = topological, merge_tree = linear), shrink_strategy = shrink_fh): 1
[t=1.88481s, 89520 KB] g=25, 3374 evaluated, 752 expanded
[t=1.88486s, 89520 KB] New best heuristic value for merge_and_shrink(op_mutex = op_mutex(use_previous_ops = nasutpo, reachability_strategy = goal), merge_strategy = merge_sccs(order_of_sccs = topological, merge_tree = linear), shrink_strategy = shrink_fh): 0
[t=1.88489s, 89520 KB] g=26, 3387 evaluated, 753 expanded
[t=1.88492s, 89520 KB] Solution found!
[t=1.88494s, 89520 KB] Actual search time: 0.00829866s
analyze-2 seg-in-1 seg-out-1 car-in-1 car-out-1 (3)
analyze-2 seg-in-1 seg-out-1 car-out-1 car-in-1 (3)
rotate-2 seg-in-1 seg-out-2 car-in-1 car-out-2 (1)
analyze-2 seg-in-1 seg-out-1 car-out-2 car-out-1 (3)
rotate-2 seg-in-3 seg-out-1 car-in-3 car-out-2 (1)
rotate-2 seg-in-1 seg-out-3 car-out-1 car-out-3 (1)
analyze-2 seg-in-1 seg-out-1 car-out-3 car-in-3 (3)
analyze-2 seg-in-1 seg-out-1 car-in-3 car-out-3 (3)
rotate-2 seg-in-3 seg-out-2 car-out-2 car-in-1 (1)
rotate-2 seg-in-3 seg-out-1 car-in-1 car-in-3 (1)
rotate-2 seg-in-2 seg-out-3 car-in-2 car-out-1 (1)
rotate-2 seg-in-1 seg-out-3 car-out-3 car-in-2 (1)
analyze-2 seg-in-1 seg-out-1 car-in-2 car-in-1 (3)
rotate-2 seg-in-2 seg-out-1 car-out-1 car-in-2 (1)
[t=1.88496s, 89520 KB] Plan length: 14 step(s).
[t=1.88496s, 89520 KB] Plan cost: 26
[t=1.88496s, 89520 KB] Expanded 754 state(s).
[t=1.88496s, 89520 KB] Reopened 0 state(s).
[t=1.88496s, 89520 KB] Evaluated 3391 state(s).
[t=1.88496s, 89520 KB] Evaluations: 3391
[t=1.88496s, 89520 KB] Generated 7530 state(s).
[t=1.88496s, 89520 KB] Dead ends: 0 state(s).
[t=1.88496s, 89520 KB] Expanded until last jump: 747 state(s).
[t=1.88496s, 89520 KB] Reopened until last jump: 0 state(s).
[t=1.88496s, 89520 KB] Evaluated until last jump: 3341 state(s).
[t=1.88496s, 89520 KB] Generated until last jump: 7470 state(s).
[t=1.88496s, 89520 KB] Number of registered states: 3391
[t=1.88496s, 89520 KB] Int hash set load factor: 3391/4096 = 0.827881
[t=1.88496s, 89520 KB] Int hash set resizes: 12
[t=1.88496s, 89520 KB] Search time: 0.00848324s
[t=1.88496s, 89520 KB] Total time: 1.88496s
Solution found.
Peak memory: 89520 KB
Remove intermediate file output.sas
search exit code: 0

INFO     Running validate.
INFO     validate stdin: None
INFO     validate time limit: None
INFO     validate memory limit: None
INFO     validate command line string: validate domain.pddl problem.pddl sas_plan
Checking plan: sas_plan
Plan executed successfully - checking goal
Plan valid
Final value: 26 

Successful plans:
Value: 26
 sas_plan 26 

validate exit code: 0

