INFO     Running translator.
INFO     translator stdin: None
INFO     translator time limit: 599.96s
INFO     translator memory limit: 7000 MB
INFO     translator command line string: /usr/bin/python3 /user/student.aau.dk/lkar18/downward-projects/downward/experiments/nopo_vs_nasutpo_195p/data/nopo_vs_nasutpo/code-94571df14dfaf5b06207d9589b12facdd93f580c_e5e41175/builds/release/bin/translate/translate.py domain.pddl problem.pddl --sas-file output.sas
Parsing...
Parsing: [0.000s CPU, 0.002s wall-clock]
Normalizing task... [0.000s CPU, 0.000s wall-clock]
Instantiating...
Generating Datalog program... [0.000s CPU, 0.000s wall-clock]
Normalizing Datalog program...
Normalizing Datalog program: [0.010s CPU, 0.003s wall-clock]
Preparing model... [0.000s CPU, 0.001s wall-clock]
Generated 51 rules.
Computing model... [0.010s CPU, 0.012s wall-clock]
523 relevant atoms
876 auxiliary atoms
1399 final queue length
2335 total queue pushes
Completing instantiation... [0.010s CPU, 0.015s wall-clock]
Instantiating: [0.030s CPU, 0.033s wall-clock]
Computing fact groups...
Finding invariants...
5 initial candidates
Finding invariants: [0.020s CPU, 0.020s wall-clock]
Checking invariant weight... [0.000s CPU, 0.000s wall-clock]
Instantiating groups... [0.000s CPU, 0.000s wall-clock]
Collecting mutex groups... [0.000s CPU, 0.000s wall-clock]
Choosing groups...
6 uncovered facts
Choosing groups: [0.000s CPU, 0.000s wall-clock]
Building translation key... [0.000s CPU, 0.000s wall-clock]
Computing fact groups: [0.020s CPU, 0.021s wall-clock]
Building STRIPS to SAS dictionary... [0.000s CPU, 0.000s wall-clock]
Building dictionary for full mutex groups... [0.000s CPU, 0.000s wall-clock]
Building mutex information...
Building mutex information: [0.000s CPU, 0.000s wall-clock]
Translating task...
Processing axioms...
Simplifying axioms... [0.000s CPU, 0.000s wall-clock]
Translator axioms removed by simplifying: 0
Computing negative axioms... [0.000s CPU, 0.000s wall-clock]
Processing axioms: [0.010s CPU, 0.001s wall-clock]
Translating task: [0.020s CPU, 0.013s wall-clock]
0 effect conditions simplified
0 implied preconditions added
Detecting unreachable propositions...
0 operators removed
0 axioms removed
6 propositions removed
Detecting unreachable propositions: [0.010s CPU, 0.006s wall-clock]
Reordering and filtering variables...
12 of 12 variables necessary.
6 of 12 mutex groups necessary.
360 of 360 operators necessary.
0 of 0 axiom rules necessary.
Reordering and filtering variables: [0.000s CPU, 0.002s wall-clock]
Translator variables: 12
Translator derived variables: 0
Translator facts: 48
Translator goal facts: 12
Translator mutex groups: 6
Translator total mutex groups size: 36
Translator operators: 360
Translator axioms: 0
Translator task size: 1998
Translator peak memory: 43748 KB
Writing output... [0.000s CPU, 0.004s wall-clock]
Done! [0.080s CPU, 0.082s wall-clock]
translate exit code: 0

INFO     Running search (release).
INFO     search stdin: output.sas
INFO     search time limit: 599.83s
INFO     search memory limit: 7000 MB
INFO     search command line string: /user/student.aau.dk/lkar18/downward-projects/downward/experiments/nopo_vs_nasutpo_195p/data/nopo_vs_nasutpo/code-94571df14dfaf5b06207d9589b12facdd93f580c_e5e41175/builds/release/bin/downward --search 'astar(merge_and_shrink(op_mutex=op_mutex(use_previous_ops=NaSUTPO, reachability_strategy=goal), merge_strategy=merge_sccs(order_of_sccs=topological, merge_tree=linear()), shrink_strategy=shrink_bisimulation(greedy=true, at_limit=USE_UP)))' --internal-plan-file sas_plan < output.sas
[t=4.218e-05s, 22344 KB] reading input...
[t=0.0014276s, 22344 KB] done reading input!
[t=0.00284154s, 22732 KB] Initializing merge-and-shrink heuristic...
[t=0.00290901s, 22732 KB] Running merge-and-shrink algorithm...
[t=0.00292886s, 22732 KB] Merge strategy options:
[t=0.00294938s, 22732 KB] Type: sccs
[t=0.00296884s, 22732 KB] Merge order of sccs: topological
[t=0.00298816s, 22732 KB] Merge strategy for merging within sccs: 
[t=0.0030073s, 22732 KB] Merge tree options: 
[t=0.00302673s, 22732 KB] Type: linear
[t=0.00304618s, 22732 KB] Update option: use random
[t=0.00306723s, 22732 KB] Variable order type: CG/GOAL, tie breaking on level (main)

[t=0.00308851s, 22732 KB] Options related to size limits and shrinking: 
[t=0.00310848s, 22732 KB] Transition system size limit: 50000
[t=0.00312778s, 22732 KB] Transition system size limit right before merge: 50000
[t=0.00314655s, 22732 KB] Threshold to trigger shrinking right before merge: 1

[t=0.00316816s, 22732 KB] Pruning unreachable states: yes
[t=0.00318763s, 22732 KB] Pruning irrelevant states: yes

[t=0.00320814s, 22732 KB] Label reduction disabled

[t=0.00322977s, 22732 KB] Main loop max time in seconds: inf

[t=0.00325299s, 22732 KB] ===============================================================================
[t=0.00327291s, 22732 KB] WARNING! You did not enable label reduction.
This may drastically reduce the performance of merge-and-shrink!
[t=0.0032928s, 22732 KB] ===============================================================================

[t=0.00331483s, 22732 KB] Building atomic transition systems... 
[t=0.00402771s, 23560 KB] M&S algorithm timer: 0.00115185s (after computation of atomic factors)

[t=0.00407427s, 23560 KB] Starting main loop without a time limit.
[t=0.0041014s, 23560 KB] building causal graph...done! [t=0.000163295s]
[t=0.00427989s, 23560 KB] SCCs of the causal graph:
[t=0.00431121s, 23560 KB] [0, 1, 2, 3, 4, 5, 6, 7, 8, 9, 10, 11]
[t=0.00433371s, 23560 KB] Only one single SCC
[t=0.00436104s, 23560 KB] Next pair of indices: (11, 5)
[t=0.00438287s, 23560 KB] M&S algorithm main loop timer: 0.000327299s (after computation of next merge)
[t=0.00448332s, 23560 KB] M&S algorithm main loop timer: 0.000440621s (after merging)

[t=0.00452357s, 23560 KB] Operator mutex starting iteration 0


[t=0.00477703s, 23560 KB] In ts_0_0 of size 6 found num new op-mutexes 0


[t=0.00501702s, 23560 KB] In ts_0_1 of size 6 found num new op-mutexes 0


[t=0.00525788s, 23560 KB] In ts_0_2 of size 6 found num new op-mutexes 0


[t=0.00549134s, 23560 KB] In ts_0_3 of size 6 found num new op-mutexes 0


[t=0.00575624s, 23560 KB] In ts_0_4 of size 6 found num new op-mutexes 0


[t=0.00586568s, 23560 KB] In ts_0_6 of size 2 found num new op-mutexes 0


[t=0.00596454s, 23560 KB] In ts_0_7 of size 2 found num new op-mutexes 0


[t=0.00613s, 23560 KB] In ts_0_8 of size 2 found num new op-mutexes 0


[t=0.00629449s, 23560 KB] In ts_0_9 of size 2 found num new op-mutexes 0


[t=0.00645779s, 23560 KB] In ts_0_10 of size 2 found num new op-mutexes 0


[t=0.00697871s, 23560 KB] In ts_0_12 of size 12 found num new op-mutexes 0
[t=0.00703439s, 23560 KB] Operator mutex finished iteration 0. Found an additional 0 operator mutexes

[t=0.00707764s, 23560 KB] Next pair of indices: (12, 4)
[t=0.00710983s, 23560 KB] M&S algorithm main loop timer: 0.00306308s (after computation of next merge)
[t=0.00735018s, 23560 KB] M&S algorithm main loop timer: 0.00332297s (after merging)

[t=0.00741512s, 23560 KB] Operator mutex starting iteration 1


[t=0.00772642s, 23560 KB] In ts_1_0 of size 6 found num new op-mutexes 0


[t=0.00797704s, 23560 KB] In ts_1_1 of size 6 found num new op-mutexes 0


[t=0.00821422s, 23560 KB] In ts_1_2 of size 6 found num new op-mutexes 0


[t=0.0084571s, 23560 KB] In ts_1_3 of size 6 found num new op-mutexes 0


[t=0.00856301s, 23560 KB] In ts_1_6 of size 2 found num new op-mutexes 0


[t=0.00866378s, 23560 KB] In ts_1_7 of size 2 found num new op-mutexes 0


[t=0.00876284s, 23560 KB] In ts_1_8 of size 2 found num new op-mutexes 0


[t=0.00886072s, 23560 KB] In ts_1_9 of size 2 found num new op-mutexes 0


[t=0.00895867s, 23560 KB] In ts_1_10 of size 2 found num new op-mutexes 0


[t=0.00976936s, 23560 KB] In ts_1_13 of size 72 found num new op-mutexes 0
[t=0.00981408s, 23560 KB] Operator mutex finished iteration 1. Found an additional 0 operator mutexes

[t=0.00984894s, 23560 KB] Next pair of indices: (13, 3)
[t=0.00987197s, 23560 KB] M&S algorithm main loop timer: 0.00581624s (after computation of next merge)
[t=0.010441s, 23560 KB] M&S algorithm main loop timer: 0.0064044s (after merging)

[t=0.010515s, 23560 KB] Operator mutex starting iteration 2


[t=0.01077s, 23560 KB] In ts_2_0 of size 6 found num new op-mutexes 0


[t=0.0110216s, 23560 KB] In ts_2_1 of size 6 found num new op-mutexes 0


[t=0.0112798s, 23560 KB] In ts_2_2 of size 6 found num new op-mutexes 0


[t=0.0113881s, 23560 KB] In ts_2_6 of size 2 found num new op-mutexes 0


[t=0.0114914s, 23560 KB] In ts_2_7 of size 2 found num new op-mutexes 0


[t=0.0115925s, 23560 KB] In ts_2_8 of size 2 found num new op-mutexes 0


[t=0.0116926s, 23560 KB] In ts_2_9 of size 2 found num new op-mutexes 0


[t=0.0117918s, 23560 KB] In ts_2_10 of size 2 found num new op-mutexes 0


[t=0.0145937s, 24072 KB] In ts_2_14 of size 432 found num new op-mutexes 0
[t=0.0146484s, 24072 KB] Operator mutex finished iteration 2. Found an additional 0 operator mutexes

[t=0.0146801s, 24072 KB] Next pair of indices: (14, 2)
[t=0.0147021s, 24072 KB] M&S algorithm main loop timer: 0.010646s (after computation of next merge)
[t=0.0191419s, 24580 KB] M&S algorithm main loop timer: 0.0151216s (after merging)

[t=0.0193402s, 24580 KB] Operator mutex starting iteration 3


[t=0.0195985s, 24580 KB] In ts_3_0 of size 6 found num new op-mutexes 0


[t=0.0198433s, 24580 KB] In ts_3_1 of size 6 found num new op-mutexes 0


[t=0.0199558s, 24580 KB] In ts_3_6 of size 2 found num new op-mutexes 0


[t=0.0200578s, 24580 KB] In ts_3_7 of size 2 found num new op-mutexes 0


[t=0.0201592s, 24580 KB] In ts_3_8 of size 2 found num new op-mutexes 0


[t=0.0202583s, 24580 KB] In ts_3_9 of size 2 found num new op-mutexes 0


[t=0.0203572s, 24580 KB] In ts_3_10 of size 2 found num new op-mutexes 0


[t=0.0374989s, 27988 KB] In ts_3_15 of size 2592 found num new op-mutexes 0
[t=0.0376108s, 27988 KB] Operator mutex finished iteration 3. Found an additional 0 operator mutexes

[t=0.037648s, 27988 KB] Next pair of indices: (15, 1)
[t=0.0376722s, 27988 KB] M&S algorithm main loop timer: 0.0336166s (after computation of next merge)
[t=0.0753075s, 31148 KB] M&S algorithm main loop timer: 0.071313s (after merging)

[t=0.0762437s, 31148 KB] Operator mutex starting iteration 4


[t=0.0764986s, 31148 KB] In ts_4_0 of size 6 found num new op-mutexes 0


[t=0.0766177s, 31148 KB] In ts_4_6 of size 2 found num new op-mutexes 0


[t=0.0767202s, 31148 KB] In ts_4_7 of size 2 found num new op-mutexes 0


[t=0.0768206s, 31148 KB] In ts_4_8 of size 2 found num new op-mutexes 0


[t=0.0769188s, 31148 KB] In ts_4_9 of size 2 found num new op-mutexes 0


[t=0.0770165s, 31148 KB] In ts_4_10 of size 2 found num new op-mutexes 0
[t=0.0775978s, 31148 KB] Operator mutex finished iteration 4. Found an additional 0 operator mutexes

[t=0.0776379s, 31148 KB] Next pair of indices: (16, 0)
[t=0.0776625s, 31148 KB] M&S algorithm main loop timer: 0.0736066s (after computation of next merge)
[t=0.123035s, 31148 KB] M&S algorithm main loop timer: 0.119044s (after shrinking)
[t=0.19975s, 36480 KB] M&S algorithm main loop timer: 0.195758s (after merging)
[t=0.213742s, 36480 KB] M&S algorithm main loop timer: 0.209763s (after pruning)

[t=0.213853s, 36480 KB] Operator mutex starting iteration 5


[t=0.21397s, 36480 KB] In ts_5_6 of size 2 found num new op-mutexes 0


[t=0.214078s, 36480 KB] In ts_5_7 of size 2 found num new op-mutexes 0


[t=0.214181s, 36480 KB] In ts_5_8 of size 2 found num new op-mutexes 0


[t=0.214282s, 36480 KB] In ts_5_9 of size 2 found num new op-mutexes 0


[t=0.214391s, 36480 KB] In ts_5_10 of size 2 found num new op-mutexes 0
[t=0.215174s, 36480 KB] Operator mutex finished iteration 5. Found an additional 0 operator mutexes

[t=0.215211s, 36480 KB] Next pair of indices: (17, 10)
[t=0.215235s, 36480 KB] M&S algorithm main loop timer: 0.211179s (after computation of next merge)
[t=0.330833s, 37712 KB] M&S algorithm main loop timer: 0.326874s (after shrinking)
[t=0.450037s, 43760 KB] M&S algorithm main loop timer: 0.446053s (after merging)

[t=0.452996s, 43760 KB] Operator mutex starting iteration 6


[t=0.453124s, 43760 KB] In ts_6_6 of size 2 found num new op-mutexes 0


[t=0.453247s, 43760 KB] In ts_6_7 of size 2 found num new op-mutexes 0


[t=0.453375s, 43760 KB] In ts_6_8 of size 2 found num new op-mutexes 0


[t=0.453483s, 43760 KB] In ts_6_9 of size 2 found num new op-mutexes 0
[t=0.454888s, 43760 KB] Operator mutex finished iteration 6. Found an additional 0 operator mutexes

[t=0.454928s, 43760 KB] Next pair of indices: (18, 9)
[t=0.454951s, 43760 KB] M&S algorithm main loop timer: 0.450895s (after computation of next merge)
[t=0.569433s, 45716 KB] M&S algorithm main loop timer: 0.565445s (after shrinking)
[t=0.713334s, 49524 KB] M&S algorithm main loop timer: 0.709359s (after merging)

[t=0.716315s, 49524 KB] Operator mutex starting iteration 7


[t=0.716453s, 49524 KB] In ts_7_6 of size 2 found num new op-mutexes 0


[t=0.716566s, 49524 KB] In ts_7_7 of size 2 found num new op-mutexes 0


[t=0.716674s, 49524 KB] In ts_7_8 of size 2 found num new op-mutexes 0
[t=0.718535s, 49524 KB] Operator mutex finished iteration 7. Found an additional 0 operator mutexes

[t=0.718583s, 49524 KB] Next pair of indices: (19, 8)
[t=0.718609s, 49524 KB] M&S algorithm main loop timer: 0.714553s (after computation of next merge)
[t=0.850304s, 49524 KB] M&S algorithm main loop timer: 0.846316s (after shrinking)
[t=1.01853s, 53796 KB] M&S algorithm main loop timer: 1.01455s (after merging)

[t=1.02164s, 53796 KB] Operator mutex starting iteration 8


[t=1.02177s, 53796 KB] In ts_8_6 of size 2 found num new op-mutexes 0


[t=1.02189s, 53796 KB] In ts_8_7 of size 2 found num new op-mutexes 0
[t=1.02401s, 53796 KB] Operator mutex finished iteration 8. Found an additional 0 operator mutexes

[t=1.02406s, 53796 KB] Next pair of indices: (20, 7)
[t=1.02409s, 53796 KB] M&S algorithm main loop timer: 1.02003s (after computation of next merge)
[t=1.16913s, 53796 KB] M&S algorithm main loop timer: 1.16514s (after shrinking)
[t=1.3489s, 57544 KB] M&S algorithm main loop timer: 1.34492s (after merging)

[t=1.35185s, 57544 KB] Operator mutex starting iteration 9


[t=1.35199s, 57544 KB] In ts_9_6 of size 2 found num new op-mutexes 0
[t=1.35443s, 57544 KB] Operator mutex finished iteration 9. Found an additional 0 operator mutexes

[t=1.3545s, 57544 KB] Next pair of indices: (21, 6)
[t=1.35453s, 57544 KB] M&S algorithm main loop timer: 1.35048s (after computation of next merge)
[t=1.50783s, 57544 KB] M&S algorithm main loop timer: 1.50386s (after shrinking)
[t=1.68566s, 59364 KB] M&S algorithm main loop timer: 1.68168s (after merging)

[t=1.68865s, 59364 KB] Operator mutex starting iteration 10
[t=1.69107s, 59364 KB] Operator mutex finished iteration 10. Found an additional 0 operator mutexes

[t=1.69113s, 59364 KB] End of merge-and-shrink algorithm, statistics:
[t=1.69115s, 59364 KB] Main loop runtime: 1.68709s
[t=1.69117s, 59364 KB] Maximum intermediate abstraction size: 50000
[t=1.69119s, 59364 KB] Final peak memory increase of merge-and-shrink algorithm: 36632 KB
[t=1.69124s, 59364 KB] Merge-and-shrink algorithm runtime: 1.68835s

[t=1.69127s, 59364 KB] Number of labels: 360
[t=1.69129s, 59364 KB] Total number of operator mutexes: 0
[t=1.69131s, 59364 KB] Operator Mutex total time: 0.0419388s
[t=1.69135s, 59364 KB] Number of remaining factors: 1
[t=1.69225s, 59364 KB] Number of factors kept: 1
[t=1.69228s, 59364 KB] Done initializing merge-and-shrink heuristic.

[t=1.69242s, 59364 KB] Building successor generator...done!
[t=1.69265s, 59364 KB] peak memory difference for successor generator creation: 0 KB
[t=1.69267s, 59364 KB] time for successor generation creation: 0.000152256s
[t=1.69269s, 59364 KB] Variables: 12
[t=1.69271s, 59364 KB] FactPairs: 48
[t=1.69273s, 59364 KB] Bytes per state: 4
[t=1.69286s, 59364 KB] Conducting best first search with reopening closed nodes, (real) bound = 2147483647
[t=1.69292s, 59364 KB] New best heuristic value for merge_and_shrink(op_mutex = op_mutex(use_previous_ops = nasutpo, reachability_strategy = goal), merge_strategy = merge_sccs(order_of_sccs = topological, merge_tree = linear), shrink_strategy = shrink_bisimulation(greedy = true, at_limit = use_up)): 18
[t=1.69295s, 59364 KB] g=0, 1 evaluated, 0 expanded
[t=1.69297s, 59364 KB] f = 18, 1 evaluated, 0 expanded
[t=1.69299s, 59364 KB] Initial heuristic value for merge_and_shrink(op_mutex = op_mutex(use_previous_ops = nasutpo, reachability_strategy = goal), merge_strategy = merge_sccs(order_of_sccs = topological, merge_tree = linear), shrink_strategy = shrink_bisimulation(greedy = true, at_limit = use_up)): 18
[t=1.69302s, 59364 KB] pruning method: none
[t=1.69305s, 59364 KB] New best heuristic value for merge_and_shrink(op_mutex = op_mutex(use_previous_ops = nasutpo, reachability_strategy = goal), merge_strategy = merge_sccs(order_of_sccs = topological, merge_tree = linear), shrink_strategy = shrink_bisimulation(greedy = true, at_limit = use_up)): 15
[t=1.69308s, 59364 KB] g=3, 2 evaluated, 1 expanded
[t=1.69313s, 59364 KB] New best heuristic value for merge_and_shrink(op_mutex = op_mutex(use_previous_ops = nasutpo, reachability_strategy = goal), merge_strategy = merge_sccs(order_of_sccs = topological, merge_tree = linear), shrink_strategy = shrink_bisimulation(greedy = true, at_limit = use_up)): 12
[t=1.69315s, 59364 KB] g=6, 14 evaluated, 2 expanded
[t=1.6932s, 59364 KB] New best heuristic value for merge_and_shrink(op_mutex = op_mutex(use_previous_ops = nasutpo, reachability_strategy = goal), merge_strategy = merge_sccs(order_of_sccs = topological, merge_tree = linear), shrink_strategy = shrink_bisimulation(greedy = true, at_limit = use_up)): 11
[t=1.69323s, 59364 KB] g=9, 26 evaluated, 3 expanded
[t=1.69326s, 59364 KB] New best heuristic value for merge_and_shrink(op_mutex = op_mutex(use_previous_ops = nasutpo, reachability_strategy = goal), merge_strategy = merge_sccs(order_of_sccs = topological, merge_tree = linear), shrink_strategy = shrink_bisimulation(greedy = true, at_limit = use_up)): 9
[t=1.69328s, 59364 KB] g=9, 29 evaluated, 3 expanded
[t=1.69333s, 59364 KB] New best heuristic value for merge_and_shrink(op_mutex = op_mutex(use_previous_ops = nasutpo, reachability_strategy = goal), merge_strategy = merge_sccs(order_of_sccs = topological, merge_tree = linear), shrink_strategy = shrink_bisimulation(greedy = true, at_limit = use_up)): 8
[t=1.69335s, 59364 KB] g=12, 40 evaluated, 4 expanded
[t=1.69518s, 59364 KB] f = 19, 997 evaluated, 126 expanded
[t=1.69645s, 59364 KB] f = 20, 1621 evaluated, 246 expanded
[t=1.69714s, 59364 KB] New best heuristic value for merge_and_shrink(op_mutex = op_mutex(use_previous_ops = nasutpo, reachability_strategy = goal), merge_strategy = merge_sccs(order_of_sccs = topological, merge_tree = linear), shrink_strategy = shrink_bisimulation(greedy = true, at_limit = use_up)): 7
[t=1.69717s, 59364 KB] g=13, 1914 evaluated, 308 expanded
[t=1.70079s, 59364 KB] New best heuristic value for merge_and_shrink(op_mutex = op_mutex(use_previous_ops = nasutpo, reachability_strategy = goal), merge_strategy = merge_sccs(order_of_sccs = topological, merge_tree = linear), shrink_strategy = shrink_bisimulation(greedy = true, at_limit = use_up)): 6
[t=1.70083s, 59364 KB] g=14, 3642 evaluated, 646 expanded
[t=1.7133s, 59364 KB] f = 21, 8337 evaluated, 1755 expanded
[t=1.72603s, 59364 KB] f = 22, 13131 evaluated, 3525 expanded
[t=1.7262s, 59364 KB] New best heuristic value for merge_and_shrink(op_mutex = op_mutex(use_previous_ops = nasutpo, reachability_strategy = goal), merge_strategy = merge_sccs(order_of_sccs = topological, merge_tree = linear), shrink_strategy = shrink_bisimulation(greedy = true, at_limit = use_up)): 4
[t=1.72623s, 59364 KB] g=18, 13163 evaluated, 3531 expanded
[t=1.72629s, 59364 KB] New best heuristic value for merge_and_shrink(op_mutex = op_mutex(use_previous_ops = nasutpo, reachability_strategy = goal), merge_strategy = merge_sccs(order_of_sccs = topological, merge_tree = linear), shrink_strategy = shrink_bisimulation(greedy = true, at_limit = use_up)): 1
[t=1.72631s, 59364 KB] g=21, 13174 evaluated, 3532 expanded
[t=1.72635s, 59364 KB] New best heuristic value for merge_and_shrink(op_mutex = op_mutex(use_previous_ops = nasutpo, reachability_strategy = goal), merge_strategy = merge_sccs(order_of_sccs = topological, merge_tree = linear), shrink_strategy = shrink_bisimulation(greedy = true, at_limit = use_up)): 0
[t=1.72638s, 59364 KB] g=22, 13180 evaluated, 3533 expanded
[t=1.72641s, 59364 KB] Solution found!
[t=1.72644s, 59364 KB] Actual search time: 0.0334123s
rotate-2 seg-in-2 seg-out-2 car-in-2 car-out-2 (1)
analyze-2 seg-in-2 seg-out-1 car-out-2 car-out-1 (3)
analyze-2 seg-in-1 seg-out-1 car-in-1 car-out-2 (3)
rotate-2 seg-in-1 seg-out-2 car-out-2 car-in-2 (1)
analyze-2 seg-in-1 seg-out-1 car-in-2 car-in-1 (3)
analyze-2 seg-in-3 seg-out-1 car-in-3 car-in-2 (3)
rotate-2 seg-in-3 seg-out-3 car-in-2 car-out-3 (1)
analyze-2 seg-in-3 seg-out-1 car-out-3 car-in-3 (3)
analyze-2 seg-in-2 seg-out-1 car-out-1 car-out-3 (3)
rotate-2 seg-in-2 seg-out-3 car-out-3 car-in-2 (1)
[t=1.72646s, 59364 KB] Plan length: 10 step(s).
[t=1.72646s, 59364 KB] Plan cost: 22
[t=1.72646s, 59364 KB] Expanded 3534 state(s).
[t=1.72646s, 59364 KB] Reopened 0 state(s).
[t=1.72646s, 59364 KB] Evaluated 13184 state(s).
[t=1.72646s, 59364 KB] Evaluations: 13184
[t=1.72646s, 59364 KB] Generated 42396 state(s).
[t=1.72646s, 59364 KB] Dead ends: 0 state(s).
[t=1.72646s, 59364 KB] Expanded until last jump: 3525 state(s).
[t=1.72646s, 59364 KB] Reopened until last jump: 0 state(s).
[t=1.72646s, 59364 KB] Evaluated until last jump: 13131 state(s).
[t=1.72646s, 59364 KB] Generated until last jump: 42300 state(s).
[t=1.72646s, 59364 KB] Number of registered states: 13184
[t=1.72646s, 59364 KB] Int hash set load factor: 13184/16384 = 0.804688
[t=1.72646s, 59364 KB] Int hash set resizes: 14
[t=1.72646s, 59364 KB] Search time: 0.0336046s
[t=1.72646s, 59364 KB] Total time: 1.72646s
Solution found.
Peak memory: 59364 KB
Remove intermediate file output.sas
search exit code: 0

INFO     Running validate.
INFO     validate stdin: None
INFO     validate time limit: None
INFO     validate memory limit: None
INFO     validate command line string: validate domain.pddl problem.pddl sas_plan
Checking plan: sas_plan
Plan executed successfully - checking goal
Plan valid
Final value: 22 

Successful plans:
Value: 22
 sas_plan 22 

validate exit code: 0

