INFO     Running translator.
INFO     translator stdin: None
INFO     translator time limit: 599.96s
INFO     translator memory limit: 7000 MB
INFO     translator command line string: /usr/bin/python3 /user/student.aau.dk/lkar18/downward-projects/downward/experiments/nopo_vs_nasutpo_195p/data/nopo_vs_nasutpo/code-94571df14dfaf5b06207d9589b12facdd93f580c_e5e41175/builds/release/bin/translate/translate.py domain.pddl problem.pddl --sas-file output.sas
Parsing...
Parsing: [0.000s CPU, 0.002s wall-clock]
Normalizing task... [0.000s CPU, 0.000s wall-clock]
Instantiating...
Generating Datalog program... [0.000s CPU, 0.000s wall-clock]
Normalizing Datalog program...
Normalizing Datalog program: [0.010s CPU, 0.002s wall-clock]
Preparing model... [0.000s CPU, 0.001s wall-clock]
Generated 26 rules.
Computing model... [0.000s CPU, 0.003s wall-clock]
179 relevant atoms
210 auxiliary atoms
389 final queue length
569 total queue pushes
Completing instantiation... [0.000s CPU, 0.004s wall-clock]
Instantiating: [0.010s CPU, 0.010s wall-clock]
Computing fact groups...
Finding invariants...
9 initial candidates
Finding invariants: [0.010s CPU, 0.002s wall-clock]
Checking invariant weight... [0.000s CPU, 0.000s wall-clock]
Instantiating groups... [0.000s CPU, 0.000s wall-clock]
Collecting mutex groups... [0.000s CPU, 0.000s wall-clock]
Choosing groups...
0 uncovered facts
Choosing groups: [0.000s CPU, 0.000s wall-clock]
Building translation key... [0.000s CPU, 0.000s wall-clock]
Computing fact groups: [0.010s CPU, 0.003s wall-clock]
Building STRIPS to SAS dictionary... [0.000s CPU, 0.000s wall-clock]
Building dictionary for full mutex groups... [0.000s CPU, 0.000s wall-clock]
Building mutex information...
Building mutex information: [0.000s CPU, 0.000s wall-clock]
Translating task...
Processing axioms...
Simplifying axioms... [0.000s CPU, 0.000s wall-clock]
Translator axioms removed by simplifying: 0
Computing negative axioms... [0.000s CPU, 0.000s wall-clock]
Processing axioms: [0.000s CPU, 0.000s wall-clock]
Translating task: [0.000s CPU, 0.004s wall-clock]
0 effect conditions simplified
0 implied preconditions added
Detecting unreachable propositions...
0 operators removed
0 axioms removed
6 propositions removed
Detecting unreachable propositions: [0.000s CPU, 0.002s wall-clock]
Reordering and filtering variables...
6 of 6 variables necessary.
0 of 6 mutex groups necessary.
104 of 104 operators necessary.
0 of 0 axiom rules necessary.
Reordering and filtering variables: [0.000s CPU, 0.001s wall-clock]
Translator variables: 6
Translator derived variables: 0
Translator facts: 26
Translator goal facts: 2
Translator mutex groups: 0
Translator total mutex groups size: 0
Translator operators: 104
Translator axioms: 0
Translator task size: 634
Translator peak memory: 42268 KB
Writing output... [0.000s CPU, 0.001s wall-clock]
Done! [0.020s CPU, 0.023s wall-clock]
translate exit code: 0

INFO     Running search (release).
INFO     search stdin: output.sas
INFO     search time limit: 599.89s
INFO     search memory limit: 7000 MB
INFO     search command line string: /user/student.aau.dk/lkar18/downward-projects/downward/experiments/nopo_vs_nasutpo_195p/data/nopo_vs_nasutpo/code-94571df14dfaf5b06207d9589b12facdd93f580c_e5e41175/builds/release/bin/downward --search 'astar(merge_and_shrink(op_mutex=op_mutex(use_previous_ops=NaSUTPO, reachability_strategy=goal)))' --internal-plan-file sas_plan < output.sas
[t=3.6985e-05s, 22344 KB] reading input...
[t=0.000536821s, 22344 KB] done reading input!
[t=0.00197295s, 22600 KB] Initializing merge-and-shrink heuristic...
[t=0.0020394s, 22600 KB] Running merge-and-shrink algorithm...
[t=0.00205933s, 22600 KB] Merge strategy options:
[t=0.00208034s, 22600 KB] Type: stateless
[t=0.00210132s, 22600 KB] Merge selector options:
[t=0.00212075s, 22600 KB] Name: score based filtering
[t=0.00214075s, 22600 KB] Merge scoring function:
[t=0.00216018s, 22600 KB] Name: goal relevance
[t=0.00217936s, 22600 KB] Merge scoring function:
[t=0.00219843s, 22600 KB] Name: dfp
[t=0.00221812s, 22600 KB] Merge scoring function:
[t=0.0022369s, 22600 KB] Name: total order
[t=0.00225604s, 22600 KB] Atomic transition system order: reverse level
[t=0.00227517s, 22600 KB] Product transition system order: new to old
[t=0.00229453s, 22600 KB] Consider atomic before product transition systems
[t=0.0023143s, 22600 KB] Random seed: -1

[t=0.00233629s, 22600 KB] Options related to size limits and shrinking: 
[t=0.00235628s, 22600 KB] Transition system size limit: 50000
[t=0.00237563s, 22600 KB] Transition system size limit right before merge: 50000
[t=0.00239484s, 22600 KB] Threshold to trigger shrinking right before merge: 1

[t=0.00241638s, 22600 KB] Pruning unreachable states: yes
[t=0.00243649s, 22600 KB] Pruning irrelevant states: yes

[t=0.00245836s, 22600 KB] Label reduction disabled

[t=0.00248048s, 22600 KB] Main loop max time in seconds: inf

[t=0.00250449s, 22600 KB] ===============================================================================
[t=0.00252444s, 22600 KB] WARNING! You did not enable label reduction.
This may drastically reduce the performance of merge-and-shrink!
[t=0.00254458s, 22600 KB] ===============================================================================

[t=0.00257205s, 22600 KB] Building atomic transition systems... 
[t=0.00278062s, 22732 KB] M&S algorithm timer: 0.00076825s (after computation of atomic factors)

[t=0.00281745s, 22732 KB] Starting main loop without a time limit.
[t=0.00285293s, 22732 KB] Next pair of indices: (0, 4)
[t=0.0028774s, 22732 KB] M&S algorithm main loop timer: 7.882e-05s (after computation of next merge)
[t=0.0029479s, 22732 KB] M&S algorithm main loop timer: 0.000154038s (after merging)

[t=0.00297996s, 22732 KB] Operator mutex starting iteration 0


[t=0.00305753s, 22732 KB] In ts_0_1 of size 3 found num new op-mutexes 0


[t=0.00314249s, 22732 KB] In ts_0_2 of size 5 found num new op-mutexes 0


[t=0.00322917s, 22732 KB] In ts_0_3 of size 5 found num new op-mutexes 0


[t=0.00332286s, 22732 KB] In ts_0_5 of size 5 found num new op-mutexes 0


[t=0.00345559s, 22732 KB] In ts_0_6 of size 15 found num new op-mutexes 0
[t=0.00348811s, 22732 KB] Operator mutex finished iteration 0. Found an additional 0 operator mutexes

[t=0.00352413s, 22732 KB] Next pair of indices: (1, 5)
[t=0.00354685s, 22732 KB] M&S algorithm main loop timer: 0.000751947s (after computation of next merge)
[t=0.00361394s, 22732 KB] M&S algorithm main loop timer: 0.000820627s (after merging)

[t=0.00364691s, 22732 KB] Operator mutex starting iteration 1


[t=0.0037245s, 22732 KB] In ts_1_2 of size 5 found num new op-mutexes 0


[t=0.00381253s, 22732 KB] In ts_1_3 of size 5 found num new op-mutexes 0


[t=0.00394203s, 22732 KB] In ts_1_6 of size 15 found num new op-mutexes 0


[t=0.00407113s, 22732 KB] In ts_1_7 of size 15 found num new op-mutexes 0
[t=0.00410025s, 22732 KB] Operator mutex finished iteration 1. Found an additional 0 operator mutexes

[t=0.00413354s, 22732 KB] Next pair of indices: (2, 7)
[t=0.00415566s, 22732 KB] M&S algorithm main loop timer: 0.00135654s (after computation of next merge)
[t=0.00428251s, 22732 KB] M&S algorithm main loop timer: 0.00148816s (after merging)

[t=0.0043178s, 22732 KB] Operator mutex starting iteration 2


[t=0.0043959s, 22732 KB] In ts_2_3 of size 5 found num new op-mutexes 0


[t=0.00452719s, 22732 KB] In ts_2_6 of size 15 found num new op-mutexes 0


[t=0.00487908s, 22732 KB] In ts_2_8 of size 75 found num new op-mutexes 0
[t=0.00493925s, 22732 KB] Operator mutex finished iteration 2. Found an additional 0 operator mutexes

[t=0.00497818s, 22732 KB] Next pair of indices: (3, 8)
[t=0.00500127s, 22732 KB] M&S algorithm main loop timer: 0.00220245s (after computation of next merge)
[t=0.00534441s, 22732 KB] M&S algorithm main loop timer: 0.00255737s (after merging)

[t=0.00540463s, 22732 KB] Operator mutex starting iteration 3


[t=0.00553792s, 22732 KB] In ts_3_6 of size 15 found num new op-mutexes 0


[t=0.00655387s, 23040 KB] In ts_3_9 of size 375 found num new op-mutexes 0
[t=0.00659492s, 23040 KB] Operator mutex finished iteration 3. Found an additional 0 operator mutexes

[t=0.00662645s, 23040 KB] Next pair of indices: (6, 9)
[t=0.00665098s, 23040 KB] M&S algorithm main loop timer: 0.00385916s (after computation of next merge)
[t=0.00973774s, 23480 KB] M&S algorithm main loop timer: 0.00695558s (after merging)
[t=0.00988066s, 23480 KB] M&S algorithm main loop timer: 0.00709171s (after pruning)

[t=0.00991655s, 23480 KB] Operator mutex starting iteration 4


[t=0.0123305s, 23480 KB] In ts_4_10 of size 225 found num new op-mutexes 7680
[t=0.0123696s, 23480 KB] Operator mutex finished iteration 4. Found an additional 7680 operator mutexes

[t=0.0124006s, 23480 KB] End of merge-and-shrink algorithm, statistics:
[t=0.0124238s, 23480 KB] Main loop runtime: 0.00962634s
[t=0.0124471s, 23480 KB] Maximum intermediate abstraction size: 5625
[t=0.0124687s, 23480 KB] Final peak memory increase of merge-and-shrink algorithm: 880 KB
[t=0.0125115s, 23480 KB] Merge-and-shrink algorithm runtime: 0.0104918s

[t=0.0125515s, 23480 KB] Number of labels: 104
[t=0.0125743s, 23480 KB] Total number of operator mutexes: 7680
[t=0.0125945s, 23480 KB] Operator Mutex total time: 0.00537019s
[t=0.012619s, 23480 KB] Number of remaining factors: 1
[t=0.0126492s, 23480 KB] Number of factors kept: 1
[t=0.01267s, 23480 KB] Done initializing merge-and-shrink heuristic.

[t=0.0129579s, 23480 KB] Building successor generator...done!
[t=0.0130895s, 23480 KB] peak memory difference for successor generator creation: 0 KB
[t=0.013108s, 23480 KB] time for successor generation creation: 6.1049e-05s
[t=0.0131323s, 23480 KB] Variables: 6
[t=0.0131523s, 23480 KB] FactPairs: 26
[t=0.0131716s, 23480 KB] Bytes per state: 4
[t=0.0132834s, 23480 KB] Conducting best first search with reopening closed nodes, (real) bound = 2147483647
[t=0.0133426s, 23480 KB] New best heuristic value for merge_and_shrink(op_mutex = op_mutex(use_previous_ops = nasutpo, reachability_strategy = goal)): 54
[t=0.0133678s, 23480 KB] g=0, 1 evaluated, 0 expanded
[t=0.0133903s, 23480 KB] f = 54, 1 evaluated, 0 expanded
[t=0.0134144s, 23480 KB] Initial heuristic value for merge_and_shrink(op_mutex = op_mutex(use_previous_ops = nasutpo, reachability_strategy = goal)): 54
[t=0.0134352s, 23480 KB] pruning method: none
[t=0.0134714s, 23480 KB] New best heuristic value for merge_and_shrink(op_mutex = op_mutex(use_previous_ops = nasutpo, reachability_strategy = goal)): 53
[t=0.0134949s, 23480 KB] g=1, 5 evaluated, 1 expanded
[t=0.0135287s, 23480 KB] New best heuristic value for merge_and_shrink(op_mutex = op_mutex(use_previous_ops = nasutpo, reachability_strategy = goal)): 52
[t=0.0135505s, 23480 KB] g=2, 10 evaluated, 2 expanded
[t=0.0135793s, 23480 KB] New best heuristic value for merge_and_shrink(op_mutex = op_mutex(use_previous_ops = nasutpo, reachability_strategy = goal)): 2
[t=0.0136009s, 23480 KB] g=52, 13 evaluated, 3 expanded
[t=0.0136287s, 23480 KB] New best heuristic value for merge_and_shrink(op_mutex = op_mutex(use_previous_ops = nasutpo, reachability_strategy = goal)): 1
[t=0.0136504s, 23480 KB] g=53, 15 evaluated, 4 expanded
[t=0.0136829s, 23480 KB] New best heuristic value for merge_and_shrink(op_mutex = op_mutex(use_previous_ops = nasutpo, reachability_strategy = goal)): 0
[t=0.0137042s, 23480 KB] g=54, 19 evaluated, 5 expanded
[t=0.0137262s, 23480 KB] Solution found!
[t=0.0137478s, 23480 KB] Actual search time: 0.000309284s
pick-up truck-1 city-loc-3 package-1 capacity-3 capacity-4 (1)
pick-up truck-1 city-loc-3 package-2 capacity-2 capacity-3 (1)
drive truck-1 city-loc-3 city-loc-2 (50)
drop truck-1 city-loc-2 package-1 capacity-2 capacity-3 (1)
drop truck-1 city-loc-2 package-2 capacity-3 capacity-4 (1)
[t=0.0137746s, 23480 KB] Plan length: 5 step(s).
[t=0.0137746s, 23480 KB] Plan cost: 54
[t=0.0137746s, 23480 KB] Expanded 6 state(s).
[t=0.0137746s, 23480 KB] Reopened 0 state(s).
[t=0.0137746s, 23480 KB] Evaluated 19 state(s).
[t=0.0137746s, 23480 KB] Evaluations: 19
[t=0.0137746s, 23480 KB] Generated 23 state(s).
[t=0.0137746s, 23480 KB] Dead ends: 0 state(s).
[t=0.0137746s, 23480 KB] Expanded until last jump: 0 state(s).
[t=0.0137746s, 23480 KB] Reopened until last jump: 0 state(s).
[t=0.0137746s, 23480 KB] Evaluated until last jump: 1 state(s).
[t=0.0137746s, 23480 KB] Generated until last jump: 0 state(s).
[t=0.0137746s, 23480 KB] Number of registered states: 19
[t=0.0137746s, 23480 KB] Int hash set load factor: 19/32 = 0.59375
[t=0.0137746s, 23480 KB] Int hash set resizes: 5
[t=0.0137746s, 23480 KB] Search time: 0.000491995s
[t=0.0137746s, 23480 KB] Total time: 0.0137746s
Solution found.
Peak memory: 23480 KB
Remove intermediate file output.sas
search exit code: 0

INFO     Running validate.
INFO     validate stdin: None
INFO     validate time limit: None
INFO     validate memory limit: None
INFO     validate command line string: validate domain.pddl problem.pddl sas_plan
Checking plan: sas_plan
Plan executed successfully - checking goal
Plan valid
Final value: 54 

Successful plans:
Value: 54
 sas_plan 54 

validate exit code: 0

