INFO     Running translator.
INFO     translator stdin: None
INFO     translator time limit: 599.97s
INFO     translator memory limit: 7000 MB
INFO     translator command line string: /usr/bin/python3 /user/student.aau.dk/lkar18/downward-projects/downward/experiments/nopo_vs_nasutpo_195p/data/nopo_vs_nasutpo/code-94571df14dfaf5b06207d9589b12facdd93f580c_e5e41175/builds/release/bin/translate/translate.py domain.pddl problem.pddl --sas-file output.sas
Parsing...
Parsing: [0.000s CPU, 0.004s wall-clock]
Normalizing task... [0.000s CPU, 0.000s wall-clock]
Instantiating...
Generating Datalog program... [0.000s CPU, 0.001s wall-clock]
Normalizing Datalog program...
Normalizing Datalog program: [0.010s CPU, 0.003s wall-clock]
Preparing model... [0.000s CPU, 0.002s wall-clock]
Generated 108 rules.
Computing model... [0.010s CPU, 0.009s wall-clock]
529 relevant atoms
518 auxiliary atoms
1047 final queue length
1599 total queue pushes
Completing instantiation... [0.010s CPU, 0.010s wall-clock]
Instantiating: [0.030s CPU, 0.026s wall-clock]
Computing fact groups...
Finding invariants...
12 initial candidates
Finding invariants: [0.010s CPU, 0.007s wall-clock]
Checking invariant weight... [0.000s CPU, 0.000s wall-clock]
Instantiating groups... [0.000s CPU, 0.000s wall-clock]
Collecting mutex groups... [0.000s CPU, 0.000s wall-clock]
Choosing groups...
0 uncovered facts
Choosing groups: [0.000s CPU, 0.000s wall-clock]
Building translation key... [0.000s CPU, 0.000s wall-clock]
Computing fact groups: [0.010s CPU, 0.009s wall-clock]
Building STRIPS to SAS dictionary... [0.000s CPU, 0.000s wall-clock]
Building dictionary for full mutex groups... [0.000s CPU, 0.000s wall-clock]
Building mutex information...
Building mutex information: [0.000s CPU, 0.000s wall-clock]
Translating task...
Processing axioms...
Simplifying axioms... [0.000s CPU, 0.000s wall-clock]
Translator axioms removed by simplifying: 0
Computing negative axioms... [0.000s CPU, 0.000s wall-clock]
Processing axioms: [0.000s CPU, 0.001s wall-clock]
Translating task: [0.010s CPU, 0.011s wall-clock]
0 effect conditions simplified
0 implied preconditions added
Detecting unreachable propositions...
0 operators removed
0 axioms removed
25 propositions removed
Detecting unreachable propositions: [0.000s CPU, 0.005s wall-clock]
Reordering and filtering variables...
25 of 25 variables necessary.
0 of 37 mutex groups necessary.
312 of 312 operators necessary.
0 of 0 axiom rules necessary.
Reordering and filtering variables: [0.000s CPU, 0.002s wall-clock]
Translator variables: 25
Translator derived variables: 0
Translator facts: 73
Translator goal facts: 12
Translator mutex groups: 0
Translator total mutex groups size: 0
Translator operators: 312
Translator axioms: 0
Translator task size: 1882
Translator peak memory: 43292 KB
Writing output... [0.000s CPU, 0.004s wall-clock]
Done! [0.060s CPU, 0.063s wall-clock]
translate exit code: 0

INFO     Running search (release).
INFO     search stdin: output.sas
INFO     search time limit: 599.86s
INFO     search memory limit: 7000 MB
INFO     search command line string: /user/student.aau.dk/lkar18/downward-projects/downward/experiments/nopo_vs_nasutpo_195p/data/nopo_vs_nasutpo/code-94571df14dfaf5b06207d9589b12facdd93f580c_e5e41175/builds/release/bin/downward --search 'astar(merge_and_shrink(op_mutex=op_mutex(use_previous_ops=NoPO, reachability_strategy=goal), merge_strategy=merge_sccs(order_of_sccs=topological, merge_tree=linear()), shrink_strategy=shrink_bisimulation(greedy=false, at_limit=RETURN)))' --internal-plan-file sas_plan < output.sas
[t=3.548e-05s, 22344 KB] reading input...
[t=0.00117793s, 22344 KB] done reading input!
[t=0.00257993s, 22736 KB] Initializing merge-and-shrink heuristic...
[t=0.00265466s, 22736 KB] Running merge-and-shrink algorithm...
[t=0.00267476s, 22736 KB] Merge strategy options:
[t=0.00269558s, 22736 KB] Type: sccs
[t=0.00271524s, 22736 KB] Merge order of sccs: topological
[t=0.00273465s, 22736 KB] Merge strategy for merging within sccs: 
[t=0.00275385s, 22736 KB] Merge tree options: 
[t=0.00277297s, 22736 KB] Type: linear
[t=0.00279234s, 22736 KB] Update option: use random
[t=0.00281201s, 22736 KB] Variable order type: CG/GOAL, tie breaking on level (main)

[t=0.00283368s, 22736 KB] Options related to size limits and shrinking: 
[t=0.00285471s, 22736 KB] Transition system size limit: 50000
[t=0.0028746s, 22736 KB] Transition system size limit right before merge: 50000
[t=0.0028947s, 22736 KB] Threshold to trigger shrinking right before merge: 1

[t=0.00291762s, 22736 KB] Pruning unreachable states: yes
[t=0.00293766s, 22736 KB] Pruning irrelevant states: yes

[t=0.00295872s, 22736 KB] Label reduction disabled

[t=0.00298061s, 22736 KB] Main loop max time in seconds: inf

[t=0.00300499s, 22736 KB] ===============================================================================
[t=0.00302504s, 22736 KB] WARNING! You did not enable label reduction.
This may drastically reduce the performance of merge-and-shrink!
[t=0.00304519s, 22736 KB] ===============================================================================

[t=0.00307235s, 22736 KB] Building atomic transition systems... 
[t=0.00400886s, 24084 KB] M&S algorithm timer: 0.00138595s (after computation of atomic factors)

[t=0.00405465s, 24084 KB] Starting main loop without a time limit.
[t=0.00408134s, 24084 KB] building causal graph...done! [t=0.000149009s]
[t=0.00424718s, 24084 KB] SCCs of the causal graph:
[t=0.00427573s, 24084 KB] [0, 12, 13, 2, 14, 9, 22, 10, 15, 16, 24, 7, 8, 17, 11, 18, 20, 3, 21, 4, 23, 5, 6, 19, 1]
[t=0.00429932s, 24084 KB] Only one single SCC
[t=0.0043379s, 24084 KB] Next pair of indices: (24, 12)
[t=0.00436887s, 24084 KB] M&S algorithm main loop timer: 0.00033423s (after computation of next merge)
[t=0.00447381s, 24084 KB] M&S algorithm main loop timer: 0.000447645s (after merging)

[t=0.00451244s, 24084 KB] Operator mutex starting iteration 0

[t=0.00459644s, 24084 KB] In ts_0_0 of size 2 found num new op-mutexes 1

[t=0.00467506s, 24084 KB] In ts_0_1 of size 2 found num new op-mutexes 1

[t=0.00475871s, 24084 KB] In ts_0_2 of size 2 found num new op-mutexes 1

[t=0.0048319s, 24084 KB] In ts_0_3 of size 2 found num new op-mutexes 1

[t=0.00490433s, 24084 KB] In ts_0_4 of size 2 found num new op-mutexes 1

[t=0.00497654s, 24084 KB] In ts_0_5 of size 2 found num new op-mutexes 1

[t=0.0050614s, 24084 KB] In ts_0_6 of size 2 found num new op-mutexes 1

[t=0.0051351s, 24084 KB] In ts_0_7 of size 2 found num new op-mutexes 1

[t=0.00520692s, 24084 KB] In ts_0_8 of size 2 found num new op-mutexes 1

[t=0.00527903s, 24084 KB] In ts_0_9 of size 2 found num new op-mutexes 1

[t=0.00535103s, 24084 KB] In ts_0_10 of size 2 found num new op-mutexes 1

[t=0.00542294s, 24084 KB] In ts_0_11 of size 2 found num new op-mutexes 1

[t=0.00553359s, 24084 KB] In ts_0_13 of size 3 found num new op-mutexes 288

[t=0.00565202s, 24216 KB] In ts_0_14 of size 3 found num new op-mutexes 288

[t=0.00578641s, 24216 KB] In ts_0_15 of size 3 found num new op-mutexes 288

[t=0.00589832s, 24216 KB] In ts_0_16 of size 3 found num new op-mutexes 288

[t=0.00601298s, 24216 KB] In ts_0_17 of size 3 found num new op-mutexes 288

[t=0.00615022s, 24216 KB] In ts_0_18 of size 3 found num new op-mutexes 288

[t=0.00625688s, 24216 KB] In ts_0_19 of size 3 found num new op-mutexes 288

[t=0.00636412s, 24216 KB] In ts_0_20 of size 3 found num new op-mutexes 288

[t=0.00647152s, 24216 KB] In ts_0_21 of size 3 found num new op-mutexes 288

[t=0.00658115s, 24216 KB] In ts_0_22 of size 3 found num new op-mutexes 288

[t=0.00668818s, 24216 KB] In ts_0_23 of size 3 found num new op-mutexes 288

[t=0.00694233s, 24388 KB] In ts_0_25 of size 39 found num new op-mutexes 288
[t=0.00698306s, 24388 KB] Operator mutex finished iteration 0. Found an additional 3468 operator mutexes

[t=0.0070148s, 24388 KB] Next pair of indices: (25, 23)
[t=0.00703772s, 24388 KB] M&S algorithm main loop timer: 0.00301151s (after computation of next merge)
[t=0.00720791s, 24388 KB] M&S algorithm main loop timer: 0.00318213s (after merging)

[t=0.00725218s, 24388 KB] Operator mutex starting iteration 1

[t=0.00732761s, 24388 KB] In ts_1_0 of size 2 found num new op-mutexes 0

[t=0.0074101s, 24388 KB] In ts_1_1 of size 2 found num new op-mutexes 0

[t=0.00748927s, 24388 KB] In ts_1_2 of size 2 found num new op-mutexes 0

[t=0.00756403s, 24388 KB] In ts_1_3 of size 2 found num new op-mutexes 0

[t=0.00763791s, 24388 KB] In ts_1_4 of size 2 found num new op-mutexes 0

[t=0.00771093s, 24388 KB] In ts_1_5 of size 2 found num new op-mutexes 0

[t=0.00778361s, 24388 KB] In ts_1_6 of size 2 found num new op-mutexes 0

[t=0.00785582s, 24388 KB] In ts_1_7 of size 2 found num new op-mutexes 0

[t=0.00792803s, 24388 KB] In ts_1_8 of size 2 found num new op-mutexes 0

[t=0.00801132s, 24388 KB] In ts_1_9 of size 2 found num new op-mutexes 0

[t=0.00808386s, 24388 KB] In ts_1_10 of size 2 found num new op-mutexes 0

[t=0.00815689s, 24388 KB] In ts_1_11 of size 2 found num new op-mutexes 0

[t=0.0082539s, 24388 KB] In ts_1_13 of size 3 found num new op-mutexes 0

[t=0.00835028s, 24388 KB] In ts_1_14 of size 3 found num new op-mutexes 0

[t=0.00845643s, 24388 KB] In ts_1_15 of size 3 found num new op-mutexes 0

[t=0.00855105s, 24388 KB] In ts_1_16 of size 3 found num new op-mutexes 0

[t=0.00864472s, 24388 KB] In ts_1_17 of size 3 found num new op-mutexes 0

[t=0.00873971s, 24388 KB] In ts_1_18 of size 3 found num new op-mutexes 0

[t=0.00883383s, 24388 KB] In ts_1_19 of size 3 found num new op-mutexes 0

[t=0.00892583s, 24388 KB] In ts_1_20 of size 3 found num new op-mutexes 0

[t=0.00901878s, 24388 KB] In ts_1_21 of size 3 found num new op-mutexes 0

[t=0.00911153s, 24388 KB] In ts_1_22 of size 3 found num new op-mutexes 0

[t=0.00955765s, 24388 KB] In ts_1_26 of size 117 found num new op-mutexes 0
[t=0.00961111s, 24388 KB] Operator mutex finished iteration 1. Found an additional 0 operator mutexes

[t=0.00964498s, 24388 KB] Next pair of indices: (26, 22)
[t=0.00966695s, 24388 KB] M&S algorithm main loop timer: 0.00563079s (after computation of next merge)
[t=0.0100098s, 24388 KB] M&S algorithm main loop timer: 0.00599027s (after merging)

[t=0.0100737s, 24388 KB] Operator mutex starting iteration 2

[t=0.0101487s, 24388 KB] In ts_2_0 of size 2 found num new op-mutexes 0

[t=0.0102279s, 24388 KB] In ts_2_1 of size 2 found num new op-mutexes 0

[t=0.0103046s, 24388 KB] In ts_2_2 of size 2 found num new op-mutexes 0

[t=0.0103803s, 24388 KB] In ts_2_3 of size 2 found num new op-mutexes 0

[t=0.0104551s, 24388 KB] In ts_2_4 of size 2 found num new op-mutexes 0

[t=0.0105297s, 24388 KB] In ts_2_5 of size 2 found num new op-mutexes 0

[t=0.0106037s, 24388 KB] In ts_2_6 of size 2 found num new op-mutexes 0

[t=0.0106776s, 24388 KB] In ts_2_7 of size 2 found num new op-mutexes 0

[t=0.0107508s, 24388 KB] In ts_2_8 of size 2 found num new op-mutexes 0

[t=0.0108239s, 24388 KB] In ts_2_9 of size 2 found num new op-mutexes 0

[t=0.0108974s, 24388 KB] In ts_2_10 of size 2 found num new op-mutexes 0

[t=0.0109714s, 24388 KB] In ts_2_11 of size 2 found num new op-mutexes 0

[t=0.0110683s, 24388 KB] In ts_2_13 of size 3 found num new op-mutexes 0

[t=0.0111649s, 24388 KB] In ts_2_14 of size 3 found num new op-mutexes 0

[t=0.0112607s, 24388 KB] In ts_2_15 of size 3 found num new op-mutexes 0

[t=0.0113558s, 24388 KB] In ts_2_16 of size 3 found num new op-mutexes 0

[t=0.0114504s, 24388 KB] In ts_2_17 of size 3 found num new op-mutexes 0

[t=0.0115472s, 24388 KB] In ts_2_18 of size 3 found num new op-mutexes 0

[t=0.0116417s, 24388 KB] In ts_2_19 of size 3 found num new op-mutexes 0

[t=0.0117354s, 24388 KB] In ts_2_20 of size 3 found num new op-mutexes 0

[t=0.0118394s, 24388 KB] In ts_2_21 of size 3 found num new op-mutexes 0

[t=0.013475s, 24388 KB] In ts_2_27 of size 351 found num new op-mutexes 0
[t=0.013522s, 24388 KB] Operator mutex finished iteration 2. Found an additional 0 operator mutexes

[t=0.0135565s, 24388 KB] Next pair of indices: (27, 21)
[t=0.0135788s, 24388 KB] M&S algorithm main loop timer: 0.00954771s (after computation of next merge)
[t=0.0145306s, 24388 KB] M&S algorithm main loop timer: 0.0105325s (after merging)

[t=0.0146505s, 24388 KB] Operator mutex starting iteration 3

[t=0.0147298s, 24388 KB] In ts_3_0 of size 2 found num new op-mutexes 0

[t=0.014808s, 24388 KB] In ts_3_1 of size 2 found num new op-mutexes 0

[t=0.014891s, 24388 KB] In ts_3_2 of size 2 found num new op-mutexes 0

[t=0.0149672s, 24388 KB] In ts_3_3 of size 2 found num new op-mutexes 0

[t=0.0150402s, 24388 KB] In ts_3_4 of size 2 found num new op-mutexes 0

[t=0.0151124s, 24388 KB] In ts_3_5 of size 2 found num new op-mutexes 0

[t=0.0151845s, 24388 KB] In ts_3_6 of size 2 found num new op-mutexes 0

[t=0.0152561s, 24388 KB] In ts_3_7 of size 2 found num new op-mutexes 0

[t=0.0153272s, 24388 KB] In ts_3_8 of size 2 found num new op-mutexes 0

[t=0.0154088s, 24388 KB] In ts_3_9 of size 2 found num new op-mutexes 0

[t=0.01548s, 24388 KB] In ts_3_10 of size 2 found num new op-mutexes 0

[t=0.0155903s, 24388 KB] In ts_3_11 of size 2 found num new op-mutexes 0

[t=0.0156895s, 24388 KB] In ts_3_13 of size 3 found num new op-mutexes 0

[t=0.0157844s, 24388 KB] In ts_3_14 of size 3 found num new op-mutexes 0

[t=0.0158871s, 24388 KB] In ts_3_15 of size 3 found num new op-mutexes 0

[t=0.0159791s, 24388 KB] In ts_3_16 of size 3 found num new op-mutexes 0

[t=0.0160712s, 24388 KB] In ts_3_17 of size 3 found num new op-mutexes 0

[t=0.0161652s, 24388 KB] In ts_3_18 of size 3 found num new op-mutexes 0

[t=0.0162564s, 24388 KB] In ts_3_19 of size 3 found num new op-mutexes 0

[t=0.0163471s, 24388 KB] In ts_3_20 of size 3 found num new op-mutexes 0

[t=0.0264319s, 25012 KB] In ts_3_28 of size 1053 found num new op-mutexes 0
[t=0.0264999s, 25012 KB] Operator mutex finished iteration 3. Found an additional 0 operator mutexes

[t=0.0265424s, 25012 KB] Next pair of indices: (28, 20)
[t=0.026565s, 25012 KB] M&S algorithm main loop timer: 0.0225289s (after computation of next merge)
[t=0.02961s, 25012 KB] M&S algorithm main loop timer: 0.0255917s (after merging)

[t=0.0298127s, 25012 KB] Operator mutex starting iteration 4

[t=0.0299077s, 25012 KB] In ts_4_0 of size 2 found num new op-mutexes 0

[t=0.0299979s, 25012 KB] In ts_4_1 of size 2 found num new op-mutexes 0

[t=0.0300743s, 25012 KB] In ts_4_2 of size 2 found num new op-mutexes 0

[t=0.030149s, 25012 KB] In ts_4_3 of size 2 found num new op-mutexes 0

[t=0.030223s, 25012 KB] In ts_4_4 of size 2 found num new op-mutexes 0

[t=0.0302969s, 25012 KB] In ts_4_5 of size 2 found num new op-mutexes 0

[t=0.0303704s, 25012 KB] In ts_4_6 of size 2 found num new op-mutexes 0

[t=0.0304434s, 25012 KB] In ts_4_7 of size 2 found num new op-mutexes 0

[t=0.0305156s, 25012 KB] In ts_4_8 of size 2 found num new op-mutexes 0

[t=0.0305887s, 25012 KB] In ts_4_9 of size 2 found num new op-mutexes 0

[t=0.0306612s, 25012 KB] In ts_4_10 of size 2 found num new op-mutexes 0

[t=0.0307334s, 25012 KB] In ts_4_11 of size 2 found num new op-mutexes 0

[t=0.0308349s, 25012 KB] In ts_4_13 of size 3 found num new op-mutexes 0

[t=0.0309429s, 25012 KB] In ts_4_14 of size 3 found num new op-mutexes 0

[t=0.0310476s, 25012 KB] In ts_4_15 of size 3 found num new op-mutexes 0

[t=0.0311461s, 25012 KB] In ts_4_16 of size 3 found num new op-mutexes 0

[t=0.0312478s, 25012 KB] In ts_4_17 of size 3 found num new op-mutexes 0

[t=0.0313445s, 25012 KB] In ts_4_18 of size 3 found num new op-mutexes 0

[t=0.0314432s, 25012 KB] In ts_4_19 of size 3 found num new op-mutexes 0

[t=0.116489s, 26808 KB] In ts_4_29 of size 3159 found num new op-mutexes 0
[t=0.11661s, 26808 KB] Operator mutex finished iteration 4. Found an additional 0 operator mutexes

[t=0.116648s, 26808 KB] Next pair of indices: (29, 19)
[t=0.116672s, 26808 KB] M&S algorithm main loop timer: 0.112636s (after computation of next merge)
[t=0.127037s, 26808 KB] M&S algorithm main loop timer: 0.123026s (after merging)

[t=0.127594s, 26808 KB] Operator mutex starting iteration 5

[t=0.127675s, 26808 KB] In ts_5_0 of size 2 found num new op-mutexes 0

[t=0.127759s, 26808 KB] In ts_5_1 of size 2 found num new op-mutexes 0

[t=0.127844s, 26808 KB] In ts_5_2 of size 2 found num new op-mutexes 0

[t=0.127918s, 26808 KB] In ts_5_3 of size 2 found num new op-mutexes 0

[t=0.128015s, 26808 KB] In ts_5_4 of size 2 found num new op-mutexes 0

[t=0.128096s, 26808 KB] In ts_5_5 of size 2 found num new op-mutexes 0

[t=0.128172s, 26808 KB] In ts_5_6 of size 2 found num new op-mutexes 0

[t=0.128253s, 26808 KB] In ts_5_7 of size 2 found num new op-mutexes 0

[t=0.128324s, 26808 KB] In ts_5_8 of size 2 found num new op-mutexes 0

[t=0.128396s, 26808 KB] In ts_5_9 of size 2 found num new op-mutexes 0

[t=0.128467s, 26808 KB] In ts_5_10 of size 2 found num new op-mutexes 0

[t=0.128538s, 26808 KB] In ts_5_11 of size 2 found num new op-mutexes 0

[t=0.128645s, 26808 KB] In ts_5_13 of size 3 found num new op-mutexes 0

[t=0.128746s, 26808 KB] In ts_5_14 of size 3 found num new op-mutexes 0

[t=0.128842s, 26808 KB] In ts_5_15 of size 3 found num new op-mutexes 0

[t=0.128938s, 26808 KB] In ts_5_16 of size 3 found num new op-mutexes 0

[t=0.129032s, 26808 KB] In ts_5_17 of size 3 found num new op-mutexes 0

[t=0.129127s, 26808 KB] In ts_5_18 of size 3 found num new op-mutexes 0
[t=0.129253s, 26808 KB] Operator mutex finished iteration 5. Found an additional 0 operator mutexes

[t=0.129284s, 26808 KB] Next pair of indices: (30, 18)
[t=0.129306s, 26808 KB] M&S algorithm main loop timer: 0.125269s (after computation of next merge)
[t=0.16657s, 31280 KB] M&S algorithm main loop timer: 0.162602s (after merging)

[t=0.168204s, 31280 KB] Operator mutex starting iteration 6

[t=0.16829s, 31280 KB] In ts_6_0 of size 2 found num new op-mutexes 0

[t=0.168376s, 31280 KB] In ts_6_1 of size 2 found num new op-mutexes 0

[t=0.168451s, 31280 KB] In ts_6_2 of size 2 found num new op-mutexes 0

[t=0.168524s, 31280 KB] In ts_6_3 of size 2 found num new op-mutexes 0

[t=0.168597s, 31280 KB] In ts_6_4 of size 2 found num new op-mutexes 0

[t=0.16867s, 31280 KB] In ts_6_5 of size 2 found num new op-mutexes 0

[t=0.168742s, 31280 KB] In ts_6_6 of size 2 found num new op-mutexes 0

[t=0.168825s, 31280 KB] In ts_6_7 of size 2 found num new op-mutexes 0

[t=0.168896s, 31280 KB] In ts_6_8 of size 2 found num new op-mutexes 0

[t=0.168968s, 31280 KB] In ts_6_9 of size 2 found num new op-mutexes 0

[t=0.16904s, 31280 KB] In ts_6_10 of size 2 found num new op-mutexes 0

[t=0.169111s, 31280 KB] In ts_6_11 of size 2 found num new op-mutexes 0

[t=0.169224s, 31280 KB] In ts_6_13 of size 3 found num new op-mutexes 0

[t=0.16933s, 31280 KB] In ts_6_14 of size 3 found num new op-mutexes 0

[t=0.169428s, 31280 KB] In ts_6_15 of size 3 found num new op-mutexes 0

[t=0.169526s, 31280 KB] In ts_6_16 of size 3 found num new op-mutexes 0

[t=0.169624s, 31280 KB] In ts_6_17 of size 3 found num new op-mutexes 0
[t=0.170031s, 31280 KB] Operator mutex finished iteration 6. Found an additional 0 operator mutexes

[t=0.170076s, 31280 KB] Next pair of indices: (31, 17)
[t=0.170101s, 31280 KB] M&S algorithm main loop timer: 0.166064s (after computation of next merge)
[t=0.19598s, 31800 KB] M&S algorithm main loop timer: 0.192173s (after shrinking)
[t=0.196338s, 31800 KB] M&S algorithm main loop timer: 0.192313s (after merging)

[t=0.19638s, 31800 KB] Operator mutex starting iteration 7

[t=0.196454s, 31800 KB] In ts_7_0 of size 2 found num new op-mutexes 0

[t=0.196543s, 31800 KB] In ts_7_1 of size 2 found num new op-mutexes 0

[t=0.196618s, 31800 KB] In ts_7_2 of size 2 found num new op-mutexes 0

[t=0.196692s, 31800 KB] In ts_7_3 of size 2 found num new op-mutexes 0

[t=0.196764s, 31800 KB] In ts_7_4 of size 2 found num new op-mutexes 0

[t=0.196835s, 31800 KB] In ts_7_5 of size 2 found num new op-mutexes 0

[t=0.196908s, 31800 KB] In ts_7_6 of size 2 found num new op-mutexes 0

[t=0.196979s, 31800 KB] In ts_7_7 of size 2 found num new op-mutexes 0

[t=0.197066s, 31800 KB] In ts_7_8 of size 2 found num new op-mutexes 0

[t=0.197146s, 31800 KB] In ts_7_9 of size 2 found num new op-mutexes 0

[t=0.197218s, 31800 KB] In ts_7_10 of size 2 found num new op-mutexes 0

[t=0.197289s, 31800 KB] In ts_7_11 of size 2 found num new op-mutexes 0

[t=0.197393s, 31800 KB] In ts_7_13 of size 3 found num new op-mutexes 0

[t=0.197493s, 31800 KB] In ts_7_14 of size 3 found num new op-mutexes 0

[t=0.197598s, 31800 KB] In ts_7_15 of size 3 found num new op-mutexes 0

[t=0.197694s, 31800 KB] In ts_7_16 of size 3 found num new op-mutexes 0

[t=0.197988s, 31800 KB] In ts_7_32 of size 42 found num new op-mutexes 0
[t=0.198028s, 31800 KB] Operator mutex finished iteration 7. Found an additional 0 operator mutexes

[t=0.198059s, 31800 KB] Next pair of indices: (32, 16)
[t=0.198081s, 31800 KB] M&S algorithm main loop timer: 0.194044s (after computation of next merge)
[t=0.198274s, 31800 KB] M&S algorithm main loop timer: 0.194248s (after merging)

[t=0.198319s, 31800 KB] Operator mutex starting iteration 8

[t=0.198387s, 31800 KB] In ts_8_0 of size 2 found num new op-mutexes 0

[t=0.198471s, 31800 KB] In ts_8_1 of size 2 found num new op-mutexes 0

[t=0.198544s, 31800 KB] In ts_8_2 of size 2 found num new op-mutexes 0

[t=0.198617s, 31800 KB] In ts_8_3 of size 2 found num new op-mutexes 0

[t=0.198688s, 31800 KB] In ts_8_4 of size 2 found num new op-mutexes 0

[t=0.198759s, 31800 KB] In ts_8_5 of size 2 found num new op-mutexes 0

[t=0.19883s, 31800 KB] In ts_8_6 of size 2 found num new op-mutexes 0

[t=0.198901s, 31800 KB] In ts_8_7 of size 2 found num new op-mutexes 0

[t=0.198972s, 31800 KB] In ts_8_8 of size 2 found num new op-mutexes 0

[t=0.199043s, 31800 KB] In ts_8_9 of size 2 found num new op-mutexes 0

[t=0.199113s, 31800 KB] In ts_8_10 of size 2 found num new op-mutexes 0

[t=0.199184s, 31800 KB] In ts_8_11 of size 2 found num new op-mutexes 0

[t=0.199279s, 31800 KB] In ts_8_13 of size 3 found num new op-mutexes 0

[t=0.199372s, 31800 KB] In ts_8_14 of size 3 found num new op-mutexes 0

[t=0.199473s, 31800 KB] In ts_8_15 of size 3 found num new op-mutexes 0

[t=0.200285s, 31800 KB] In ts_8_33 of size 126 found num new op-mutexes 0
[t=0.20033s, 31800 KB] Operator mutex finished iteration 8. Found an additional 0 operator mutexes

[t=0.200362s, 31800 KB] Next pair of indices: (33, 15)
[t=0.200385s, 31800 KB] M&S algorithm main loop timer: 0.196349s (after computation of next merge)
[t=0.200865s, 31800 KB] M&S algorithm main loop timer: 0.196845s (after merging)

[t=0.20093s, 31800 KB] Operator mutex starting iteration 9

[t=0.201005s, 31800 KB] In ts_9_0 of size 2 found num new op-mutexes 0

[t=0.201085s, 31800 KB] In ts_9_1 of size 2 found num new op-mutexes 0

[t=0.201162s, 31800 KB] In ts_9_2 of size 2 found num new op-mutexes 0

[t=0.201237s, 31800 KB] In ts_9_3 of size 2 found num new op-mutexes 0

[t=0.201323s, 31800 KB] In ts_9_4 of size 2 found num new op-mutexes 0

[t=0.201397s, 31800 KB] In ts_9_5 of size 2 found num new op-mutexes 0

[t=0.201471s, 31800 KB] In ts_9_6 of size 2 found num new op-mutexes 0

[t=0.201544s, 31800 KB] In ts_9_7 of size 2 found num new op-mutexes 0

[t=0.201617s, 31800 KB] In ts_9_8 of size 2 found num new op-mutexes 0

[t=0.201691s, 31800 KB] In ts_9_9 of size 2 found num new op-mutexes 0

[t=0.201764s, 31800 KB] In ts_9_10 of size 2 found num new op-mutexes 0

[t=0.201837s, 31800 KB] In ts_9_11 of size 2 found num new op-mutexes 0

[t=0.201934s, 31800 KB] In ts_9_13 of size 3 found num new op-mutexes 0

[t=0.202041s, 31800 KB] In ts_9_14 of size 3 found num new op-mutexes 0

[t=0.205834s, 31800 KB] In ts_9_34 of size 378 found num new op-mutexes 0
[t=0.20588s, 31800 KB] Operator mutex finished iteration 9. Found an additional 0 operator mutexes

[t=0.205914s, 31800 KB] Next pair of indices: (34, 14)
[t=0.205936s, 31800 KB] M&S algorithm main loop timer: 0.2019s (after computation of next merge)
[t=0.207279s, 31800 KB] M&S algorithm main loop timer: 0.203278s (after merging)

[t=0.207403s, 31800 KB] Operator mutex starting iteration 10

[t=0.207485s, 31800 KB] In ts_10_0 of size 2 found num new op-mutexes 0

[t=0.207565s, 31800 KB] In ts_10_1 of size 2 found num new op-mutexes 0

[t=0.20764s, 31800 KB] In ts_10_2 of size 2 found num new op-mutexes 0

[t=0.207715s, 31800 KB] In ts_10_3 of size 2 found num new op-mutexes 0

[t=0.207789s, 31800 KB] In ts_10_4 of size 2 found num new op-mutexes 0

[t=0.207862s, 31800 KB] In ts_10_5 of size 2 found num new op-mutexes 0

[t=0.207936s, 31800 KB] In ts_10_6 of size 2 found num new op-mutexes 0

[t=0.208012s, 31800 KB] In ts_10_7 of size 2 found num new op-mutexes 0

[t=0.208089s, 31800 KB] In ts_10_8 of size 2 found num new op-mutexes 0

[t=0.208162s, 31800 KB] In ts_10_9 of size 2 found num new op-mutexes 0

[t=0.208236s, 31800 KB] In ts_10_10 of size 2 found num new op-mutexes 0

[t=0.208309s, 31800 KB] In ts_10_11 of size 2 found num new op-mutexes 0

[t=0.208418s, 31800 KB] In ts_10_13 of size 3 found num new op-mutexes 0

[t=0.23711s, 31800 KB] In ts_10_35 of size 1134 found num new op-mutexes 0
[t=0.237173s, 31800 KB] Operator mutex finished iteration 10. Found an additional 0 operator mutexes

[t=0.237208s, 31800 KB] Next pair of indices: (35, 13)
[t=0.23723s, 31800 KB] M&S algorithm main loop timer: 0.233194s (after computation of next merge)
[t=0.241049s, 31800 KB] M&S algorithm main loop timer: 0.237028s (after merging)
[t=0.241833s, 31800 KB] M&S algorithm main loop timer: 0.237833s (after pruning)

[t=0.241895s, 31800 KB] Operator mutex starting iteration 11

[t=0.241969s, 31800 KB] In ts_11_0 of size 2 found num new op-mutexes 0

[t=0.242049s, 31800 KB] In ts_11_1 of size 2 found num new op-mutexes 0

[t=0.242125s, 31800 KB] In ts_11_2 of size 2 found num new op-mutexes 0

[t=0.2422s, 31800 KB] In ts_11_3 of size 2 found num new op-mutexes 0

[t=0.242275s, 31800 KB] In ts_11_4 of size 2 found num new op-mutexes 0

[t=0.242349s, 31800 KB] In ts_11_5 of size 2 found num new op-mutexes 0

[t=0.242433s, 31800 KB] In ts_11_6 of size 2 found num new op-mutexes 0

[t=0.242507s, 31800 KB] In ts_11_7 of size 2 found num new op-mutexes 0

[t=0.242581s, 31800 KB] In ts_11_8 of size 2 found num new op-mutexes 0

[t=0.242655s, 31800 KB] In ts_11_9 of size 2 found num new op-mutexes 0

[t=0.242729s, 31800 KB] In ts_11_10 of size 2 found num new op-mutexes 0

[t=0.242803s, 31800 KB] In ts_11_11 of size 2 found num new op-mutexes 0

[t=0.588326s, 31800 KB] In ts_11_36 of size 2965 found num new op-mutexes 0
[t=0.588457s, 31800 KB] Operator mutex finished iteration 11. Found an additional 0 operator mutexes

[t=0.588495s, 31800 KB] Next pair of indices: (36, 11)
[t=0.588519s, 31800 KB] M&S algorithm main loop timer: 0.584483s (after computation of next merge)
[t=0.59688s, 31800 KB] M&S algorithm main loop timer: 0.592861s (after merging)
[t=0.597764s, 31800 KB] M&S algorithm main loop timer: 0.593751s (after pruning)

[t=0.597813s, 31800 KB] Operator mutex starting iteration 12

[t=0.59789s, 31800 KB] In ts_12_0 of size 2 found num new op-mutexes 0

[t=0.597976s, 31800 KB] In ts_12_1 of size 2 found num new op-mutexes 0

[t=0.598053s, 31800 KB] In ts_12_2 of size 2 found num new op-mutexes 0

[t=0.598129s, 31800 KB] In ts_12_3 of size 2 found num new op-mutexes 0

[t=0.598205s, 31800 KB] In ts_12_4 of size 2 found num new op-mutexes 0

[t=0.59828s, 31800 KB] In ts_12_5 of size 2 found num new op-mutexes 0

[t=0.598355s, 31800 KB] In ts_12_6 of size 2 found num new op-mutexes 0

[t=0.598438s, 31800 KB] In ts_12_7 of size 2 found num new op-mutexes 0

[t=0.598514s, 31800 KB] In ts_12_8 of size 2 found num new op-mutexes 0

[t=0.59859s, 31800 KB] In ts_12_9 of size 2 found num new op-mutexes 0

[t=0.598665s, 31800 KB] In ts_12_10 of size 2 found num new op-mutexes 0

[t=0.890972s, 31800 KB] In ts_12_37 of size 2101 found num new op-mutexes 0
[t=0.891095s, 31800 KB] Operator mutex finished iteration 12. Found an additional 0 operator mutexes

[t=0.891136s, 31800 KB] Next pair of indices: (37, 10)
[t=0.891161s, 31800 KB] M&S algorithm main loop timer: 0.887125s (after computation of next merge)
[t=0.898818s, 31800 KB] M&S algorithm main loop timer: 0.894799s (after merging)
[t=0.899506s, 31800 KB] M&S algorithm main loop timer: 0.895487s (after pruning)

[t=0.89955s, 31800 KB] Operator mutex starting iteration 13

[t=0.899627s, 31800 KB] In ts_13_0 of size 2 found num new op-mutexes 0

[t=0.899709s, 31800 KB] In ts_13_1 of size 2 found num new op-mutexes 0

[t=0.899798s, 31800 KB] In ts_13_2 of size 2 found num new op-mutexes 0

[t=0.899875s, 31800 KB] In ts_13_3 of size 2 found num new op-mutexes 0

[t=0.899963s, 31800 KB] In ts_13_4 of size 2 found num new op-mutexes 0

[t=0.900039s, 31800 KB] In ts_13_5 of size 2 found num new op-mutexes 0

[t=0.900115s, 31800 KB] In ts_13_6 of size 2 found num new op-mutexes 0

[t=0.90019s, 31800 KB] In ts_13_7 of size 2 found num new op-mutexes 0

[t=0.900266s, 31800 KB] In ts_13_8 of size 2 found num new op-mutexes 0

[t=0.900341s, 31800 KB] In ts_13_9 of size 2 found num new op-mutexes 0

[t=1.02358s, 31800 KB] In ts_13_38 of size 1036 found num new op-mutexes 0
[t=1.0237s, 31800 KB] Operator mutex finished iteration 13. Found an additional 0 operator mutexes

[t=1.02375s, 31800 KB] Next pair of indices: (38, 9)
[t=1.02377s, 31800 KB] M&S algorithm main loop timer: 1.01974s (after computation of next merge)
[t=1.02895s, 31800 KB] M&S algorithm main loop timer: 1.02496s (after merging)
[t=1.02967s, 31800 KB] M&S algorithm main loop timer: 1.02565s (after pruning)

[t=1.02971s, 31800 KB] Operator mutex starting iteration 14

[t=1.02979s, 31800 KB] In ts_14_0 of size 2 found num new op-mutexes 0

[t=1.02988s, 31800 KB] In ts_14_1 of size 2 found num new op-mutexes 0

[t=1.02997s, 31800 KB] In ts_14_2 of size 2 found num new op-mutexes 0

[t=1.03006s, 31800 KB] In ts_14_3 of size 2 found num new op-mutexes 0

[t=1.03014s, 31800 KB] In ts_14_4 of size 2 found num new op-mutexes 0

[t=1.03022s, 31800 KB] In ts_14_5 of size 2 found num new op-mutexes 0

[t=1.03031s, 31800 KB] In ts_14_6 of size 2 found num new op-mutexes 0

[t=1.03039s, 31800 KB] In ts_14_7 of size 2 found num new op-mutexes 0

[t=1.03047s, 31800 KB] In ts_14_8 of size 2 found num new op-mutexes 0

[t=1.19793s, 31800 KB] In ts_14_39 of size 864 found num new op-mutexes 0
[t=1.19805s, 31800 KB] Operator mutex finished iteration 14. Found an additional 0 operator mutexes

[t=1.19809s, 31800 KB] Next pair of indices: (39, 8)
[t=1.19812s, 31800 KB] M&S algorithm main loop timer: 1.19408s (after computation of next merge)
[t=1.20262s, 31800 KB] M&S algorithm main loop timer: 1.19861s (after merging)

[t=1.20277s, 31800 KB] Operator mutex starting iteration 15

[t=1.20286s, 31800 KB] In ts_15_0 of size 2 found num new op-mutexes 0

[t=1.20295s, 31800 KB] In ts_15_1 of size 2 found num new op-mutexes 0

[t=1.20302s, 31800 KB] In ts_15_2 of size 2 found num new op-mutexes 0

[t=1.2031s, 31800 KB] In ts_15_3 of size 2 found num new op-mutexes 0

[t=1.20317s, 31800 KB] In ts_15_4 of size 2 found num new op-mutexes 0

[t=1.20326s, 31800 KB] In ts_15_5 of size 2 found num new op-mutexes 0

[t=1.20333s, 31800 KB] In ts_15_6 of size 2 found num new op-mutexes 0

[t=1.20341s, 31800 KB] In ts_15_7 of size 2 found num new op-mutexes 0

[t=1.83512s, 31800 KB] In ts_15_40 of size 1728 found num new op-mutexes 0
[t=1.83524s, 31800 KB] Operator mutex finished iteration 15. Found an additional 0 operator mutexes

[t=1.83528s, 31800 KB] Next pair of indices: (40, 7)
[t=1.83531s, 31800 KB] M&S algorithm main loop timer: 1.83127s (after computation of next merge)
[t=1.84183s, 31800 KB] M&S algorithm main loop timer: 1.83784s (after shrinking)
[t=1.84854s, 31800 KB] M&S algorithm main loop timer: 1.84452s (after merging)

[t=1.84871s, 31800 KB] Operator mutex starting iteration 16

[t=1.84881s, 31800 KB] In ts_16_0 of size 2 found num new op-mutexes 0

[t=1.84889s, 31800 KB] In ts_16_1 of size 2 found num new op-mutexes 0

[t=1.84897s, 31800 KB] In ts_16_2 of size 2 found num new op-mutexes 0

[t=1.84904s, 31800 KB] In ts_16_3 of size 2 found num new op-mutexes 0

[t=1.84912s, 31800 KB] In ts_16_4 of size 2 found num new op-mutexes 0

[t=1.84919s, 31800 KB] In ts_16_5 of size 2 found num new op-mutexes 0

[t=1.84927s, 31800 KB] In ts_16_6 of size 2 found num new op-mutexes 0

[t=4.40849s, 37804 KB] In ts_16_41 of size 2496 found num new op-mutexes 0
[t=4.40861s, 37804 KB] Operator mutex finished iteration 16. Found an additional 0 operator mutexes

[t=4.40865s, 37804 KB] Next pair of indices: (41, 6)
[t=4.40867s, 37804 KB] M&S algorithm main loop timer: 4.40464s (after computation of next merge)
[t=4.41937s, 37804 KB] M&S algorithm main loop timer: 4.4154s (after shrinking)
[t=4.4341s, 37804 KB] M&S algorithm main loop timer: 4.43012s (after merging)

[t=4.43438s, 37804 KB] Operator mutex starting iteration 17

[t=4.43449s, 37804 KB] In ts_17_0 of size 2 found num new op-mutexes 0

[t=4.43458s, 37804 KB] In ts_17_1 of size 2 found num new op-mutexes 0

[t=4.43467s, 37804 KB] In ts_17_2 of size 2 found num new op-mutexes 0

[t=4.43474s, 37804 KB] In ts_17_3 of size 2 found num new op-mutexes 0

[t=4.43482s, 37804 KB] In ts_17_4 of size 2 found num new op-mutexes 0

[t=4.43489s, 37804 KB] In ts_17_5 of size 2 found num new op-mutexes 0

[t=17.082s, 51420 KB] In ts_17_42 of size 4032 found num new op-mutexes 0
[t=17.0821s, 51420 KB] Operator mutex finished iteration 17. Found an additional 0 operator mutexes

[t=17.0822s, 51420 KB] Next pair of indices: (42, 5)
[t=17.0822s, 51420 KB] M&S algorithm main loop timer: 17.0782s (after computation of next merge)
[t=17.1071s, 51420 KB] M&S algorithm main loop timer: 17.1031s (after shrinking)
[t=17.1374s, 51420 KB] M&S algorithm main loop timer: 17.1335s (after merging)

[t=17.1379s, 51420 KB] Operator mutex starting iteration 18

[t=17.138s, 51420 KB] In ts_18_0 of size 2 found num new op-mutexes 0

[t=17.1381s, 51420 KB] In ts_18_1 of size 2 found num new op-mutexes 0

[t=17.1382s, 51420 KB] In ts_18_2 of size 2 found num new op-mutexes 0

[t=17.1382s, 51420 KB] In ts_18_3 of size 2 found num new op-mutexes 0

[t=17.1383s, 51420 KB] In ts_18_4 of size 2 found num new op-mutexes 0
[t=17.1388s, 51420 KB] Operator mutex finished iteration 18. Found an additional 0 operator mutexes

[t=17.1388s, 51420 KB] Next pair of indices: (43, 4)
[t=17.1388s, 51420 KB] M&S algorithm main loop timer: 17.1348s (after computation of next merge)
[t=17.1882s, 51420 KB] M&S algorithm main loop timer: 17.1842s (after shrinking)
[t=17.2608s, 51420 KB] M&S algorithm main loop timer: 17.2568s (after merging)

[t=17.2617s, 51420 KB] Operator mutex starting iteration 19

[t=17.2617s, 51420 KB] In ts_19_0 of size 2 found num new op-mutexes 0

[t=17.2618s, 51420 KB] In ts_19_1 of size 2 found num new op-mutexes 0

[t=17.2619s, 51420 KB] In ts_19_2 of size 2 found num new op-mutexes 0

[t=17.262s, 51420 KB] In ts_19_3 of size 2 found num new op-mutexes 0
[t=17.2632s, 51420 KB] Operator mutex finished iteration 19. Found an additional 0 operator mutexes

[t=17.2633s, 51420 KB] Next pair of indices: (44, 3)
[t=17.2633s, 51420 KB] M&S algorithm main loop timer: 17.2593s (after computation of next merge)
[t=17.3727s, 51420 KB] M&S algorithm main loop timer: 17.3687s (after shrinking)
[t=17.5522s, 64688 KB] M&S algorithm main loop timer: 17.5483s (after merging)

[t=17.5538s, 64688 KB] Operator mutex starting iteration 20

[t=17.5539s, 64688 KB] In ts_20_0 of size 2 found num new op-mutexes 0

[t=17.554s, 64688 KB] In ts_20_1 of size 2 found num new op-mutexes 0

[t=17.5541s, 64688 KB] In ts_20_2 of size 2 found num new op-mutexes 0
[t=17.5571s, 64688 KB] Operator mutex finished iteration 20. Found an additional 0 operator mutexes

[t=17.5572s, 64688 KB] Next pair of indices: (45, 2)
[t=17.5572s, 64688 KB] M&S algorithm main loop timer: 17.5532s (after computation of next merge)
[t=17.7096s, 65084 KB] M&S algorithm main loop timer: 17.7058s (after shrinking)
[t=17.71s, 65084 KB] M&S algorithm main loop timer: 17.706s (after merging)

[t=17.71s, 65084 KB] Operator mutex starting iteration 21

[t=17.7101s, 65084 KB] In ts_21_0 of size 2 found num new op-mutexes 0

[t=17.7102s, 65084 KB] In ts_21_1 of size 2 found num new op-mutexes 0

[t=17.7103s, 65084 KB] In ts_21_46 of size 26 found num new op-mutexes 0
[t=17.7104s, 65084 KB] Operator mutex finished iteration 21. Found an additional 0 operator mutexes

[t=17.7104s, 65084 KB] Next pair of indices: (46, 1)
[t=17.7104s, 65084 KB] M&S algorithm main loop timer: 17.7064s (after computation of next merge)
[t=17.7105s, 65084 KB] M&S algorithm main loop timer: 17.7064s (after shrinking)
[t=17.7106s, 65084 KB] M&S algorithm main loop timer: 17.7066s (after merging)

[t=17.7106s, 65084 KB] Operator mutex starting iteration 22

[t=17.7107s, 65084 KB] In ts_22_0 of size 2 found num new op-mutexes 0

[t=17.7109s, 65084 KB] In ts_22_47 of size 28 found num new op-mutexes 0
[t=17.711s, 65084 KB] Operator mutex finished iteration 22. Found an additional 0 operator mutexes

[t=17.711s, 65084 KB] Next pair of indices: (47, 0)
[t=17.711s, 65084 KB] M&S algorithm main loop timer: 17.707s (after computation of next merge)
[t=17.7111s, 65084 KB] M&S algorithm main loop timer: 17.7071s (after shrinking)
[t=17.7112s, 65084 KB] M&S algorithm main loop timer: 17.7072s (after merging)

[t=17.7112s, 65084 KB] Operator mutex starting iteration 23

[t=17.7116s, 65084 KB] In ts_23_48 of size 32 found num new op-mutexes 0
[t=17.7117s, 65084 KB] Operator mutex finished iteration 23. Found an additional 0 operator mutexes

[t=17.7117s, 65084 KB] End of merge-and-shrink algorithm, statistics:
[t=17.7117s, 65084 KB] Main loop runtime: 17.7077s
[t=17.7117s, 65084 KB] Maximum intermediate abstraction size: 28431
[t=17.7118s, 65084 KB] Final peak memory increase of merge-and-shrink algorithm: 42348 KB
[t=17.7118s, 65084 KB] Merge-and-shrink algorithm runtime: 17.7092s

[t=17.7118s, 65084 KB] Number of labels: 312
[t=17.7119s, 65084 KB] Total number of operator mutexes: 3468
[t=17.7119s, 65084 KB] Operator Mutex total time: 16.929s
[t=17.7119s, 65084 KB] Number of remaining factors: 1
[t=17.7121s, 65084 KB] Number of factors kept: 1
[t=17.7121s, 65084 KB] Done initializing merge-and-shrink heuristic.

[t=17.7123s, 65084 KB] Building successor generator...done!
[t=17.7125s, 65084 KB] peak memory difference for successor generator creation: 0 KB
[t=17.7126s, 65084 KB] time for successor generation creation: 0.000145295s
[t=17.7126s, 65084 KB] Variables: 25
[t=17.7126s, 65084 KB] FactPairs: 73
[t=17.7126s, 65084 KB] Bytes per state: 8
[t=17.7127s, 65084 KB] Conducting best first search with reopening closed nodes, (real) bound = 2147483647
[t=17.7128s, 65084 KB] New best heuristic value for merge_and_shrink(op_mutex = op_mutex(use_previous_ops = nopo, reachability_strategy = goal), merge_strategy = merge_sccs(order_of_sccs = topological, merge_tree = linear), shrink_strategy = shrink_bisimulation(greedy = false, at_limit = return)): 0
[t=17.7128s, 65084 KB] g=0, 1 evaluated, 0 expanded
[t=17.7129s, 65084 KB] f = 0, 1 evaluated, 0 expanded
[t=17.7129s, 65084 KB] Initial heuristic value for merge_and_shrink(op_mutex = op_mutex(use_previous_ops = nopo, reachability_strategy = goal), merge_strategy = merge_sccs(order_of_sccs = topological, merge_tree = linear), shrink_strategy = shrink_bisimulation(greedy = false, at_limit = return)): 0
[t=17.7129s, 65084 KB] pruning method: none
[t=17.7129s, 65084 KB] f = 1, 2 evaluated, 1 expanded
[t=17.7134s, 65084 KB] f = 2, 177 evaluated, 89 expanded
[t=17.7169s, 65084 KB] f = 3, 1825 evaluated, 957 expanded
[t=17.7659s, 65084 KB] f = 4, 23237 evaluated, 12097 expanded
[t=17.9821s, 65084 KB] f = 5, 110257 evaluated, 61177 expanded
[t=18.7948s, 65084 KB] Solution found!
[t=18.7949s, 65084 KB] Actual search time: 1.08204s
open-new-stack n0 n1 (1)
start-order o1 n1 n0 (0)
make-product-p2  (0)
ship-order-o1 n0 n1 (0)
start-order o10 n1 n0 (0)
make-product-p1  (0)
make-product-p8  (0)
ship-order-o10 n0 n1 (0)
start-order o5 n1 n0 (0)
make-product-p7  (0)
make-product-p9  (0)
open-new-stack n0 n1 (1)
start-order o12 n1 n0 (0)
open-new-stack n0 n1 (1)
start-order o8 n1 n0 (0)
make-product-p6  (0)
ship-order-o5 n0 n1 (0)
ship-order-o12 n1 n2 (0)
start-order o3 n2 n1 (0)
start-order o4 n1 n0 (0)
make-product-p4  (0)
ship-order-o8 n0 n1 (0)
ship-order-o3 n1 n2 (0)
ship-order-o4 n2 n3 (0)
start-order o2 n3 n2 (0)
make-product-p10  (0)
start-order o6 n2 n1 (0)
make-product-p3  (0)
start-order o11 n1 n0 (0)
make-product-p12  (0)
make-product-p5  (0)
open-new-stack n0 n1 (1)
start-order o7 n1 n0 (0)
open-new-stack n0 n1 (1)
start-order o9 n1 n0 (0)
make-product-p11  (0)
ship-order-o2 n0 n1 (0)
ship-order-o6 n1 n2 (0)
ship-order-o11 n2 n3 (0)
ship-order-o7 n3 n4 (0)
ship-order-o9 n4 n5 (0)
[t=18.795s, 65084 KB] Plan length: 41 step(s).
[t=18.795s, 65084 KB] Plan cost: 5
[t=18.795s, 65084 KB] Expanded 228847 state(s).
[t=18.795s, 65084 KB] Reopened 0 state(s).
[t=18.795s, 65084 KB] Evaluated 406689 state(s).
[t=18.795s, 65084 KB] Evaluations: 406689
[t=18.795s, 65084 KB] Generated 1331295 state(s).
[t=18.795s, 65084 KB] Dead ends: 0 state(s).
[t=18.795s, 65084 KB] Expanded until last jump: 61177 state(s).
[t=18.795s, 65084 KB] Reopened until last jump: 0 state(s).
[t=18.795s, 65084 KB] Evaluated until last jump: 110257 state(s).
[t=18.795s, 65084 KB] Generated until last jump: 299153 state(s).
[t=18.795s, 65084 KB] Number of registered states: 406689
[t=18.795s, 65084 KB] Int hash set load factor: 406689/524288 = 0.775698
[t=18.795s, 65084 KB] Int hash set resizes: 19
[t=18.795s, 65084 KB] Search time: 1.08223s
[t=18.795s, 65084 KB] Total time: 18.795s
Solution found.
Peak memory: 65084 KB
Remove intermediate file output.sas
search exit code: 0

INFO     Running validate.
INFO     validate stdin: None
INFO     validate time limit: None
INFO     validate memory limit: None
INFO     validate command line string: validate domain.pddl problem.pddl sas_plan
Checking plan: sas_plan
Plan executed successfully - checking goal
Plan valid
Final value: 5 

Successful plans:
Value: 5
 sas_plan 5 

validate exit code: 0

