INFO     Running translator.
INFO     translator stdin: None
INFO     translator time limit: 599.97s
INFO     translator memory limit: 7000 MB
INFO     translator command line string: /usr/bin/python3 /user/student.aau.dk/lkar18/downward-projects/downward/experiments/nopo_vs_nasutpo_195p/data/nopo_vs_nasutpo/code-94571df14dfaf5b06207d9589b12facdd93f580c_e5e41175/builds/release/bin/translate/translate.py domain.pddl problem.pddl --sas-file output.sas
Parsing...
Parsing: [0.010s CPU, 0.002s wall-clock]
Normalizing task... [0.000s CPU, 0.000s wall-clock]
Instantiating...
Generating Datalog program... [0.000s CPU, 0.000s wall-clock]
Normalizing Datalog program...
Normalizing Datalog program: [0.000s CPU, 0.003s wall-clock]
Preparing model... [0.000s CPU, 0.002s wall-clock]
Generated 42 rules.
Computing model... [0.050s CPU, 0.048s wall-clock]
4036 relevant atoms
1687 auxiliary atoms
5723 final queue length
12658 total queue pushes
Completing instantiation... [0.160s CPU, 0.158s wall-clock]
Instantiating: [0.210s CPU, 0.212s wall-clock]
Computing fact groups...
Finding invariants...
12 initial candidates
Finding invariants: [0.000s CPU, 0.005s wall-clock]
Checking invariant weight... [0.000s CPU, 0.000s wall-clock]
Instantiating groups... [0.000s CPU, 0.003s wall-clock]
Collecting mutex groups... [0.000s CPU, 0.000s wall-clock]
Choosing groups...
0 uncovered facts
Choosing groups: [0.000s CPU, 0.001s wall-clock]
Building translation key... [0.000s CPU, 0.000s wall-clock]
Computing fact groups: [0.010s CPU, 0.010s wall-clock]
Building STRIPS to SAS dictionary... [0.000s CPU, 0.000s wall-clock]
Building dictionary for full mutex groups... [0.000s CPU, 0.000s wall-clock]
Building mutex information...
Building mutex information: [0.000s CPU, 0.000s wall-clock]
Translating task...
Processing axioms...
Simplifying axioms... [0.010s CPU, 0.000s wall-clock]
Translator axioms removed by simplifying: 0
Computing negative axioms... [0.000s CPU, 0.000s wall-clock]
Processing axioms: [0.010s CPU, 0.007s wall-clock]
Translating task: [0.120s CPU, 0.131s wall-clock]
0 effect conditions simplified
0 implied preconditions added
Detecting unreachable propositions...
0 operators removed
0 axioms removed
35 propositions removed
Detecting unreachable propositions: [0.080s CPU, 0.079s wall-clock]
Reordering and filtering variables...
35 of 35 variables necessary.
0 of 35 mutex groups necessary.
3596 of 3596 operators necessary.
0 of 0 axiom rules necessary.
Reordering and filtering variables: [0.020s CPU, 0.018s wall-clock]
Translator variables: 35
Translator derived variables: 0
Translator facts: 292
Translator goal facts: 2
Translator mutex groups: 0
Translator total mutex groups size: 0
Translator operators: 3596
Translator axioms: 0
Translator task size: 21669
Translator peak memory: 56460 KB
Writing output... [0.040s CPU, 0.039s wall-clock]
Done! [0.500s CPU, 0.499s wall-clock]
translate exit code: 0

INFO     Running search (release).
INFO     search stdin: output.sas
INFO     search time limit: 599.42s
INFO     search memory limit: 7000 MB
INFO     search command line string: /user/student.aau.dk/lkar18/downward-projects/downward/experiments/nopo_vs_nasutpo_195p/data/nopo_vs_nasutpo/code-94571df14dfaf5b06207d9589b12facdd93f580c_e5e41175/builds/release/bin/downward --search 'astar(merge_and_shrink(op_mutex=op_mutex(use_previous_ops=NoPO, reachability_strategy=goal), merge_strategy=merge_precomputed(linear()), shrink_strategy=shrink_bisimulation(greedy=true, at_limit=USE_UP)))' --internal-plan-file sas_plan < output.sas
[t=4.7694e-05s, 22344 KB] reading input...
[t=0.012842s, 23336 KB] done reading input!
[t=0.0142283s, 23732 KB] Initializing merge-and-shrink heuristic...
[t=0.0142942s, 23732 KB] Running merge-and-shrink algorithm...
[t=0.0143141s, 23732 KB] Merge strategy options:
[t=0.0143348s, 23732 KB] Type: precomputed
[t=0.0143546s, 23732 KB] Merge tree options: 
[t=0.0144159s, 23732 KB] Type: linear
[t=0.0144384s, 23732 KB] Update option: use random
[t=0.014458s, 23732 KB] Variable order type: CG/GOAL, tie breaking on level (main)

[t=0.0144798s, 23732 KB] Options related to size limits and shrinking: 
[t=0.0144997s, 23732 KB] Transition system size limit: 50000
[t=0.0145188s, 23732 KB] Transition system size limit right before merge: 50000
[t=0.0145381s, 23732 KB] Threshold to trigger shrinking right before merge: 1

[t=0.0145591s, 23732 KB] Pruning unreachable states: yes
[t=0.0145789s, 23732 KB] Pruning irrelevant states: yes

[t=0.0145999s, 23732 KB] Label reduction disabled

[t=0.0146222s, 23732 KB] Main loop max time in seconds: inf

[t=0.0146458s, 23732 KB] ===============================================================================
[t=0.0146647s, 23732 KB] WARNING! You did not enable label reduction.
This may drastically reduce the performance of merge-and-shrink!
[t=0.0146937s, 23732 KB] ===============================================================================

[t=0.0147151s, 23732 KB] Building atomic transition systems... 
[t=0.0264765s, 46704 KB] M&S algorithm timer: 0.012238s (after computation of atomic factors)

[t=0.026559s, 46704 KB] Starting main loop without a time limit.
[t=0.0265898s, 46704 KB] building causal graph...done! [t=0.00119515s]
[t=0.0278229s, 46704 KB] Next pair of indices: (34, 32)
[t=0.0278724s, 46704 KB] M&S algorithm main loop timer: 0.00133434s (after computation of next merge)
[t=0.028042s, 46704 KB] M&S algorithm main loop timer: 0.00152062s (after shrinking)
[t=0.0283833s, 46704 KB] M&S algorithm main loop timer: 0.00188698s (after merging)

[t=0.0284558s, 46704 KB] Operator mutex starting iteration 0

[t=0.0291028s, 46792 KB] In ts_0_0 of size 3 found num new op-mutexes 128

[t=0.0296449s, 46792 KB] In ts_0_1 of size 3 found num new op-mutexes 288

[t=0.030179s, 46792 KB] In ts_0_2 of size 5 found num new op-mutexes 256

[t=0.0307594s, 46928 KB] In ts_0_3 of size 3 found num new op-mutexes 512

[t=0.0312883s, 46928 KB] In ts_0_4 of size 7 found num new op-mutexes 0

[t=0.0318546s, 46928 KB] In ts_0_5 of size 4 found num new op-mutexes 432

[t=0.0323667s, 46928 KB] In ts_0_6 of size 7 found num new op-mutexes 0

[t=0.0328828s, 46928 KB] In ts_0_7 of size 7 found num new op-mutexes 0

[t=0.0334459s, 46928 KB] In ts_0_8 of size 5 found num new op-mutexes 576

[t=0.0340309s, 46928 KB] In ts_0_9 of size 5 found num new op-mutexes 576

[t=0.0345349s, 46928 KB] In ts_0_10 of size 7 found num new op-mutexes 0

[t=0.0350722s, 46928 KB] In ts_0_11 of size 11 found num new op-mutexes 0

[t=0.0355871s, 46928 KB] In ts_0_12 of size 11 found num new op-mutexes 0

[t=0.0361125s, 46928 KB] In ts_0_13 of size 11 found num new op-mutexes 0

[t=0.0366379s, 46928 KB] In ts_0_14 of size 11 found num new op-mutexes 0

[t=0.0371615s, 46928 KB] In ts_0_15 of size 11 found num new op-mutexes 0

[t=0.0376972s, 46928 KB] In ts_0_16 of size 11 found num new op-mutexes 0

[t=0.0382221s, 46928 KB] In ts_0_17 of size 11 found num new op-mutexes 0

[t=0.0387382s, 46928 KB] In ts_0_18 of size 11 found num new op-mutexes 0

[t=0.0392669s, 46928 KB] In ts_0_19 of size 11 found num new op-mutexes 0

[t=0.0397801s, 46928 KB] In ts_0_20 of size 11 found num new op-mutexes 0

[t=0.0403232s, 46928 KB] In ts_0_21 of size 11 found num new op-mutexes 0

[t=0.0408409s, 46928 KB] In ts_0_22 of size 11 found num new op-mutexes 0

[t=0.0413652s, 46928 KB] In ts_0_23 of size 11 found num new op-mutexes 0

[t=0.0418973s, 46928 KB] In ts_0_24 of size 11 found num new op-mutexes 0

[t=0.0424111s, 46928 KB] In ts_0_25 of size 11 found num new op-mutexes 0

[t=0.0429313s, 46928 KB] In ts_0_26 of size 11 found num new op-mutexes 0

[t=0.043459s, 46928 KB] In ts_0_27 of size 11 found num new op-mutexes 0

[t=0.0439536s, 46928 KB] In ts_0_28 of size 4 found num new op-mutexes 0

[t=0.044438s, 46928 KB] In ts_0_29 of size 4 found num new op-mutexes 0

[t=0.0449647s, 46928 KB] In ts_0_30 of size 11 found num new op-mutexes 0

[t=0.0454668s, 46928 KB] In ts_0_31 of size 4 found num new op-mutexes 0

[t=0.0459996s, 46928 KB] In ts_0_33 of size 11 found num new op-mutexes 0

[t=0.046514s, 46928 KB] In ts_0_35 of size 11 found num new op-mutexes 0
[t=0.046602s, 46928 KB] Operator mutex finished iteration 0. Found an additional 2768 operator mutexes

[t=0.0466426s, 46928 KB] Next pair of indices: (35, 33)
[t=0.0466684s, 46928 KB] M&S algorithm main loop timer: 0.020129s (after computation of next merge)
[t=0.0471185s, 46928 KB] M&S algorithm main loop timer: 0.0205918s (after merging)

[t=0.0471658s, 46928 KB] Operator mutex starting iteration 1

[t=0.047609s, 46928 KB] In ts_1_0 of size 3 found num new op-mutexes 0

[t=0.0481006s, 46928 KB] In ts_1_1 of size 3 found num new op-mutexes 0

[t=0.0485997s, 46928 KB] In ts_1_2 of size 5 found num new op-mutexes 0

[t=0.0491319s, 46928 KB] In ts_1_3 of size 3 found num new op-mutexes 0

[t=0.0496436s, 46928 KB] In ts_1_4 of size 7 found num new op-mutexes 0

[t=0.0501707s, 46928 KB] In ts_1_5 of size 4 found num new op-mutexes 0

[t=0.0506507s, 46928 KB] In ts_1_6 of size 7 found num new op-mutexes 0

[t=0.0511284s, 46928 KB] In ts_1_7 of size 7 found num new op-mutexes 0

[t=0.051646s, 46928 KB] In ts_1_8 of size 5 found num new op-mutexes 0

[t=0.0521464s, 46928 KB] In ts_1_9 of size 5 found num new op-mutexes 0

[t=0.0526389s, 46928 KB] In ts_1_10 of size 7 found num new op-mutexes 0

[t=0.0531519s, 46928 KB] In ts_1_11 of size 11 found num new op-mutexes 0

[t=0.053655s, 46928 KB] In ts_1_12 of size 11 found num new op-mutexes 0

[t=0.0541615s, 46928 KB] In ts_1_13 of size 11 found num new op-mutexes 0

[t=0.054657s, 46928 KB] In ts_1_14 of size 11 found num new op-mutexes 0

[t=0.0551515s, 46928 KB] In ts_1_15 of size 11 found num new op-mutexes 0

[t=0.0556624s, 46928 KB] In ts_1_16 of size 11 found num new op-mutexes 0

[t=0.0561561s, 46928 KB] In ts_1_17 of size 11 found num new op-mutexes 0

[t=0.0566567s, 46928 KB] In ts_1_18 of size 11 found num new op-mutexes 0

[t=0.0571589s, 46928 KB] In ts_1_19 of size 11 found num new op-mutexes 0

[t=0.0576672s, 46928 KB] In ts_1_20 of size 11 found num new op-mutexes 0

[t=0.0581685s, 46928 KB] In ts_1_21 of size 11 found num new op-mutexes 0

[t=0.0586691s, 46928 KB] In ts_1_22 of size 11 found num new op-mutexes 0

[t=0.0591721s, 46928 KB] In ts_1_23 of size 11 found num new op-mutexes 0

[t=0.0596839s, 46928 KB] In ts_1_24 of size 11 found num new op-mutexes 0

[t=0.0601837s, 46928 KB] In ts_1_25 of size 11 found num new op-mutexes 0

[t=0.0606856s, 46928 KB] In ts_1_26 of size 11 found num new op-mutexes 0

[t=0.0611898s, 46928 KB] In ts_1_27 of size 11 found num new op-mutexes 0

[t=0.061656s, 46928 KB] In ts_1_28 of size 4 found num new op-mutexes 0

[t=0.062127s, 46928 KB] In ts_1_29 of size 4 found num new op-mutexes 0

[t=0.0626308s, 46928 KB] In ts_1_30 of size 11 found num new op-mutexes 0

[t=0.0631s, 46928 KB] In ts_1_31 of size 4 found num new op-mutexes 0

[t=0.0639131s, 46928 KB] In ts_1_36 of size 121 found num new op-mutexes 0
[t=0.0640106s, 46928 KB] Operator mutex finished iteration 1. Found an additional 0 operator mutexes

[t=0.0640423s, 46928 KB] Next pair of indices: (36, 31)
[t=0.0640655s, 46928 KB] M&S algorithm main loop timer: 0.0375246s (after computation of next merge)
[t=0.0643191s, 46928 KB] M&S algorithm main loop timer: 0.0378007s (after shrinking)
[t=0.0648126s, 46928 KB] M&S algorithm main loop timer: 0.0382888s (after merging)

[t=0.0648638s, 46928 KB] Operator mutex starting iteration 2

[t=0.0653464s, 46928 KB] In ts_2_0 of size 3 found num new op-mutexes 0

[t=0.0658701s, 46928 KB] In ts_2_1 of size 3 found num new op-mutexes 0

[t=0.0663935s, 46928 KB] In ts_2_2 of size 5 found num new op-mutexes 0

[t=0.0669267s, 46928 KB] In ts_2_3 of size 3 found num new op-mutexes 0

[t=0.0674316s, 46928 KB] In ts_2_4 of size 7 found num new op-mutexes 0

[t=0.0679696s, 46928 KB] In ts_2_5 of size 4 found num new op-mutexes 0

[t=0.068488s, 46928 KB] In ts_2_6 of size 7 found num new op-mutexes 0

[t=0.069024s, 46928 KB] In ts_2_7 of size 7 found num new op-mutexes 0

[t=0.0695642s, 46928 KB] In ts_2_8 of size 5 found num new op-mutexes 0

[t=0.070084s, 46928 KB] In ts_2_9 of size 5 found num new op-mutexes 0

[t=0.0705925s, 46928 KB] In ts_2_10 of size 7 found num new op-mutexes 0

[t=0.0711122s, 46928 KB] In ts_2_11 of size 11 found num new op-mutexes 0

[t=0.0716397s, 46928 KB] In ts_2_12 of size 11 found num new op-mutexes 0

[t=0.0721731s, 46928 KB] In ts_2_13 of size 11 found num new op-mutexes 0

[t=0.0727024s, 46928 KB] In ts_2_14 of size 11 found num new op-mutexes 0

[t=0.073231s, 46928 KB] In ts_2_15 of size 11 found num new op-mutexes 0

[t=0.0737445s, 46928 KB] In ts_2_16 of size 11 found num new op-mutexes 0

[t=0.0742668s, 46928 KB] In ts_2_17 of size 11 found num new op-mutexes 0

[t=0.074787s, 46928 KB] In ts_2_18 of size 11 found num new op-mutexes 0

[t=0.0753017s, 46928 KB] In ts_2_19 of size 11 found num new op-mutexes 0

[t=0.0758232s, 46928 KB] In ts_2_20 of size 11 found num new op-mutexes 0

[t=0.076359s, 46928 KB] In ts_2_21 of size 11 found num new op-mutexes 0

[t=0.0768887s, 46928 KB] In ts_2_22 of size 11 found num new op-mutexes 0

[t=0.0774115s, 46928 KB] In ts_2_23 of size 11 found num new op-mutexes 0

[t=0.077938s, 46928 KB] In ts_2_24 of size 11 found num new op-mutexes 0

[t=0.0784759s, 46928 KB] In ts_2_25 of size 11 found num new op-mutexes 0

[t=0.0790025s, 46928 KB] In ts_2_26 of size 11 found num new op-mutexes 0

[t=0.0795268s, 46928 KB] In ts_2_27 of size 11 found num new op-mutexes 0

[t=0.0800255s, 46928 KB] In ts_2_28 of size 4 found num new op-mutexes 0

[t=0.0805226s, 46928 KB] In ts_2_29 of size 4 found num new op-mutexes 0

[t=0.0810364s, 46928 KB] In ts_2_30 of size 11 found num new op-mutexes 0

[t=0.081856s, 46928 KB] In ts_2_37 of size 121 found num new op-mutexes 0
[t=0.0819507s, 46928 KB] Operator mutex finished iteration 2. Found an additional 0 operator mutexes

[t=0.0819912s, 46928 KB] Next pair of indices: (37, 30)
[t=0.0820147s, 46928 KB] M&S algorithm main loop timer: 0.055474s (after computation of next merge)
[t=0.0822828s, 46928 KB] M&S algorithm main loop timer: 0.0557696s (after shrinking)
[t=0.0827535s, 46928 KB] M&S algorithm main loop timer: 0.0562287s (after merging)

[t=0.0828036s, 46928 KB] Operator mutex starting iteration 3

[t=0.0832653s, 46928 KB] In ts_3_0 of size 3 found num new op-mutexes 0

[t=0.0837916s, 46928 KB] In ts_3_1 of size 3 found num new op-mutexes 0

[t=0.0843271s, 46928 KB] In ts_3_2 of size 5 found num new op-mutexes 0

[t=0.0848572s, 46928 KB] In ts_3_3 of size 3 found num new op-mutexes 0

[t=0.0853706s, 46928 KB] In ts_3_4 of size 7 found num new op-mutexes 0

[t=0.085913s, 46928 KB] In ts_3_5 of size 4 found num new op-mutexes 0

[t=0.0864256s, 46928 KB] In ts_3_6 of size 7 found num new op-mutexes 0

[t=0.0869376s, 46928 KB] In ts_3_7 of size 7 found num new op-mutexes 0

[t=0.0875113s, 46928 KB] In ts_3_8 of size 5 found num new op-mutexes 0

[t=0.0880707s, 46928 KB] In ts_3_9 of size 5 found num new op-mutexes 0

[t=0.0885845s, 46928 KB] In ts_3_10 of size 7 found num new op-mutexes 0

[t=0.0891162s, 46928 KB] In ts_3_11 of size 11 found num new op-mutexes 0

[t=0.0896454s, 46928 KB] In ts_3_12 of size 11 found num new op-mutexes 0

[t=0.0901619s, 46928 KB] In ts_3_13 of size 11 found num new op-mutexes 0

[t=0.0906778s, 46928 KB] In ts_3_14 of size 11 found num new op-mutexes 0

[t=0.0912097s, 46928 KB] In ts_3_15 of size 11 found num new op-mutexes 0

[t=0.09175s, 46928 KB] In ts_3_16 of size 11 found num new op-mutexes 0

[t=0.092266s, 46928 KB] In ts_3_17 of size 11 found num new op-mutexes 0

[t=0.0927896s, 46928 KB] In ts_3_18 of size 11 found num new op-mutexes 0

[t=0.0933018s, 46928 KB] In ts_3_19 of size 11 found num new op-mutexes 0

[t=0.0938309s, 46928 KB] In ts_3_20 of size 11 found num new op-mutexes 0

[t=0.0943464s, 46928 KB] In ts_3_21 of size 11 found num new op-mutexes 0

[t=0.0948714s, 46928 KB] In ts_3_22 of size 11 found num new op-mutexes 0

[t=0.0953891s, 46928 KB] In ts_3_23 of size 11 found num new op-mutexes 0

[t=0.0959082s, 46928 KB] In ts_3_24 of size 11 found num new op-mutexes 0

[t=0.096431s, 46928 KB] In ts_3_25 of size 11 found num new op-mutexes 0

[t=0.0969519s, 46928 KB] In ts_3_26 of size 11 found num new op-mutexes 0

[t=0.0974744s, 46928 KB] In ts_3_27 of size 11 found num new op-mutexes 0

[t=0.0979827s, 46928 KB] In ts_3_28 of size 4 found num new op-mutexes 0

[t=0.0984841s, 46928 KB] In ts_3_29 of size 4 found num new op-mutexes 0

[t=0.0993116s, 46928 KB] In ts_3_38 of size 121 found num new op-mutexes 0
[t=0.0994059s, 46928 KB] Operator mutex finished iteration 3. Found an additional 0 operator mutexes

[t=0.0994551s, 46928 KB] Next pair of indices: (38, 29)
[t=0.0994775s, 46928 KB] M&S algorithm main loop timer: 0.0729365s (after computation of next merge)
[t=0.0997228s, 46928 KB] M&S algorithm main loop timer: 0.0732046s (after shrinking)
[t=0.100187s, 46928 KB] M&S algorithm main loop timer: 0.0736624s (after merging)

[t=0.100237s, 46928 KB] Operator mutex starting iteration 4

[t=0.100701s, 46928 KB] In ts_4_0 of size 3 found num new op-mutexes 0

[t=0.101222s, 46928 KB] In ts_4_1 of size 3 found num new op-mutexes 0

[t=0.101732s, 46928 KB] In ts_4_2 of size 5 found num new op-mutexes 0

[t=0.102268s, 46928 KB] In ts_4_3 of size 3 found num new op-mutexes 0

[t=0.10277s, 46928 KB] In ts_4_4 of size 7 found num new op-mutexes 0

[t=0.103337s, 46928 KB] In ts_4_5 of size 4 found num new op-mutexes 0

[t=0.103849s, 46928 KB] In ts_4_6 of size 7 found num new op-mutexes 0

[t=0.10435s, 46928 KB] In ts_4_7 of size 7 found num new op-mutexes 0

[t=0.104884s, 46928 KB] In ts_4_8 of size 5 found num new op-mutexes 0

[t=0.105414s, 46928 KB] In ts_4_9 of size 5 found num new op-mutexes 0

[t=0.105923s, 46928 KB] In ts_4_10 of size 7 found num new op-mutexes 0

[t=0.106469s, 46928 KB] In ts_4_11 of size 11 found num new op-mutexes 0

[t=0.107007s, 46928 KB] In ts_4_12 of size 11 found num new op-mutexes 0

[t=0.107547s, 46928 KB] In ts_4_13 of size 11 found num new op-mutexes 0

[t=0.108066s, 46928 KB] In ts_4_14 of size 11 found num new op-mutexes 0

[t=0.108591s, 46928 KB] In ts_4_15 of size 11 found num new op-mutexes 0

[t=0.109117s, 46928 KB] In ts_4_16 of size 11 found num new op-mutexes 0

[t=0.109639s, 46928 KB] In ts_4_17 of size 11 found num new op-mutexes 0

[t=0.110169s, 46928 KB] In ts_4_18 of size 11 found num new op-mutexes 0

[t=0.110696s, 46928 KB] In ts_4_19 of size 11 found num new op-mutexes 0

[t=0.11125s, 46928 KB] In ts_4_20 of size 11 found num new op-mutexes 0

[t=0.11179s, 46928 KB] In ts_4_21 of size 11 found num new op-mutexes 0

[t=0.112334s, 46928 KB] In ts_4_22 of size 11 found num new op-mutexes 0

[t=0.112878s, 46928 KB] In ts_4_23 of size 11 found num new op-mutexes 0

[t=0.113415s, 46928 KB] In ts_4_24 of size 11 found num new op-mutexes 0

[t=0.113948s, 46928 KB] In ts_4_25 of size 11 found num new op-mutexes 0

[t=0.114505s, 46928 KB] In ts_4_26 of size 11 found num new op-mutexes 0

[t=0.115039s, 46928 KB] In ts_4_27 of size 11 found num new op-mutexes 0

[t=0.115538s, 46928 KB] In ts_4_28 of size 4 found num new op-mutexes 0

[t=0.116349s, 46928 KB] In ts_4_39 of size 121 found num new op-mutexes 0
[t=0.116443s, 46928 KB] Operator mutex finished iteration 4. Found an additional 0 operator mutexes

[t=0.116492s, 46928 KB] Next pair of indices: (39, 28)
[t=0.116515s, 46928 KB] M&S algorithm main loop timer: 0.0899743s (after computation of next merge)
[t=0.116821s, 46928 KB] M&S algorithm main loop timer: 0.0903104s (after shrinking)
[t=0.117286s, 46928 KB] M&S algorithm main loop timer: 0.09076s (after merging)

[t=0.117335s, 46928 KB] Operator mutex starting iteration 5

[t=0.117797s, 46928 KB] In ts_5_0 of size 3 found num new op-mutexes 0

[t=0.118333s, 46928 KB] In ts_5_1 of size 3 found num new op-mutexes 0

[t=0.118849s, 46928 KB] In ts_5_2 of size 5 found num new op-mutexes 0

[t=0.119386s, 46928 KB] In ts_5_3 of size 3 found num new op-mutexes 0

[t=0.119898s, 46928 KB] In ts_5_4 of size 7 found num new op-mutexes 0

[t=0.120432s, 46928 KB] In ts_5_5 of size 4 found num new op-mutexes 0

[t=0.120944s, 46928 KB] In ts_5_6 of size 7 found num new op-mutexes 0

[t=0.121453s, 46928 KB] In ts_5_7 of size 7 found num new op-mutexes 0

[t=0.121995s, 46928 KB] In ts_5_8 of size 5 found num new op-mutexes 0

[t=0.122537s, 46928 KB] In ts_5_9 of size 5 found num new op-mutexes 0

[t=0.12304s, 46928 KB] In ts_5_10 of size 7 found num new op-mutexes 0

[t=0.123571s, 46928 KB] In ts_5_11 of size 11 found num new op-mutexes 0

[t=0.12409s, 46928 KB] In ts_5_12 of size 11 found num new op-mutexes 0

[t=0.124618s, 46928 KB] In ts_5_13 of size 11 found num new op-mutexes 0

[t=0.125144s, 46928 KB] In ts_5_14 of size 11 found num new op-mutexes 0

[t=0.125669s, 46928 KB] In ts_5_15 of size 11 found num new op-mutexes 0

[t=0.126207s, 46928 KB] In ts_5_16 of size 11 found num new op-mutexes 0

[t=0.126759s, 46928 KB] In ts_5_17 of size 11 found num new op-mutexes 0

[t=0.127283s, 46928 KB] In ts_5_18 of size 11 found num new op-mutexes 0

[t=0.1278s, 46928 KB] In ts_5_19 of size 11 found num new op-mutexes 0

[t=0.128323s, 46928 KB] In ts_5_20 of size 11 found num new op-mutexes 0

[t=0.128855s, 46928 KB] In ts_5_21 of size 11 found num new op-mutexes 0

[t=0.129378s, 46928 KB] In ts_5_22 of size 11 found num new op-mutexes 0

[t=0.129906s, 46928 KB] In ts_5_23 of size 11 found num new op-mutexes 0

[t=0.130435s, 46928 KB] In ts_5_24 of size 11 found num new op-mutexes 0

[t=0.130952s, 46928 KB] In ts_5_25 of size 11 found num new op-mutexes 0

[t=0.131477s, 46928 KB] In ts_5_26 of size 11 found num new op-mutexes 0

[t=0.132004s, 46928 KB] In ts_5_27 of size 11 found num new op-mutexes 0

[t=0.132821s, 46928 KB] In ts_5_40 of size 121 found num new op-mutexes 0
[t=0.132915s, 46928 KB] Operator mutex finished iteration 5. Found an additional 0 operator mutexes

[t=0.132962s, 46928 KB] Next pair of indices: (40, 27)
[t=0.132985s, 46928 KB] M&S algorithm main loop timer: 0.106444s (after computation of next merge)
[t=0.133225s, 46928 KB] M&S algorithm main loop timer: 0.106711s (after shrinking)
[t=0.13369s, 46928 KB] M&S algorithm main loop timer: 0.107165s (after merging)

[t=0.13374s, 46928 KB] Operator mutex starting iteration 6

[t=0.134223s, 46928 KB] In ts_6_0 of size 3 found num new op-mutexes 0

[t=0.134736s, 46928 KB] In ts_6_1 of size 3 found num new op-mutexes 0

[t=0.13527s, 46928 KB] In ts_6_2 of size 5 found num new op-mutexes 0

[t=0.135798s, 46928 KB] In ts_6_3 of size 3 found num new op-mutexes 0

[t=0.136327s, 46928 KB] In ts_6_4 of size 7 found num new op-mutexes 0

[t=0.136873s, 46928 KB] In ts_6_5 of size 4 found num new op-mutexes 0

[t=0.137411s, 46928 KB] In ts_6_6 of size 7 found num new op-mutexes 0

[t=0.137926s, 46928 KB] In ts_6_7 of size 7 found num new op-mutexes 0

[t=0.138461s, 46928 KB] In ts_6_8 of size 5 found num new op-mutexes 0

[t=0.138993s, 46928 KB] In ts_6_9 of size 5 found num new op-mutexes 0

[t=0.139507s, 46928 KB] In ts_6_10 of size 7 found num new op-mutexes 0

[t=0.14003s, 46928 KB] In ts_6_11 of size 11 found num new op-mutexes 0

[t=0.140554s, 46928 KB] In ts_6_12 of size 11 found num new op-mutexes 0

[t=0.141083s, 46928 KB] In ts_6_13 of size 11 found num new op-mutexes 0

[t=0.141615s, 46928 KB] In ts_6_14 of size 11 found num new op-mutexes 0

[t=0.142155s, 46928 KB] In ts_6_15 of size 11 found num new op-mutexes 0

[t=0.142687s, 46928 KB] In ts_6_16 of size 11 found num new op-mutexes 0

[t=0.143213s, 46928 KB] In ts_6_17 of size 11 found num new op-mutexes 0

[t=0.143732s, 46928 KB] In ts_6_18 of size 11 found num new op-mutexes 0

[t=0.14425s, 46928 KB] In ts_6_19 of size 11 found num new op-mutexes 0

[t=0.144805s, 46928 KB] In ts_6_20 of size 11 found num new op-mutexes 0

[t=0.145342s, 46928 KB] In ts_6_21 of size 11 found num new op-mutexes 0

[t=0.145886s, 46928 KB] In ts_6_22 of size 11 found num new op-mutexes 0

[t=0.146421s, 46928 KB] In ts_6_23 of size 11 found num new op-mutexes 0

[t=0.146939s, 46928 KB] In ts_6_24 of size 11 found num new op-mutexes 0

[t=0.147466s, 46928 KB] In ts_6_25 of size 11 found num new op-mutexes 0

[t=0.147983s, 46928 KB] In ts_6_26 of size 11 found num new op-mutexes 0

[t=0.148802s, 46928 KB] In ts_6_41 of size 121 found num new op-mutexes 0
[t=0.148896s, 46928 KB] Operator mutex finished iteration 6. Found an additional 0 operator mutexes

[t=0.148951s, 46928 KB] Next pair of indices: (41, 26)
[t=0.148975s, 46928 KB] M&S algorithm main loop timer: 0.122434s (after computation of next merge)
[t=0.149215s, 46928 KB] M&S algorithm main loop timer: 0.122703s (after shrinking)
[t=0.149685s, 46928 KB] M&S algorithm main loop timer: 0.123164s (after merging)

[t=0.149738s, 46928 KB] Operator mutex starting iteration 7

[t=0.150192s, 46928 KB] In ts_7_0 of size 3 found num new op-mutexes 0

[t=0.150715s, 46928 KB] In ts_7_1 of size 3 found num new op-mutexes 0

[t=0.151247s, 46928 KB] In ts_7_2 of size 5 found num new op-mutexes 0

[t=0.151784s, 46928 KB] In ts_7_3 of size 3 found num new op-mutexes 0

[t=0.152303s, 46928 KB] In ts_7_4 of size 7 found num new op-mutexes 0

[t=0.152847s, 46928 KB] In ts_7_5 of size 4 found num new op-mutexes 0

[t=0.153371s, 46928 KB] In ts_7_6 of size 7 found num new op-mutexes 0

[t=0.153876s, 46928 KB] In ts_7_7 of size 7 found num new op-mutexes 0

[t=0.154429s, 46928 KB] In ts_7_8 of size 5 found num new op-mutexes 0

[t=0.154963s, 46928 KB] In ts_7_9 of size 5 found num new op-mutexes 0

[t=0.155493s, 46928 KB] In ts_7_10 of size 7 found num new op-mutexes 0

[t=0.156031s, 46928 KB] In ts_7_11 of size 11 found num new op-mutexes 0

[t=0.156565s, 46928 KB] In ts_7_12 of size 11 found num new op-mutexes 0

[t=0.157097s, 46928 KB] In ts_7_13 of size 11 found num new op-mutexes 0

[t=0.157621s, 46928 KB] In ts_7_14 of size 11 found num new op-mutexes 0

[t=0.158155s, 46928 KB] In ts_7_15 of size 11 found num new op-mutexes 0

[t=0.158686s, 46928 KB] In ts_7_16 of size 11 found num new op-mutexes 0

[t=0.159205s, 46928 KB] In ts_7_17 of size 11 found num new op-mutexes 0

[t=0.159725s, 46928 KB] In ts_7_18 of size 11 found num new op-mutexes 0

[t=0.160254s, 46928 KB] In ts_7_19 of size 11 found num new op-mutexes 0

[t=0.160792s, 46928 KB] In ts_7_20 of size 11 found num new op-mutexes 0

[t=0.161331s, 46928 KB] In ts_7_21 of size 11 found num new op-mutexes 0

[t=0.161861s, 46928 KB] In ts_7_22 of size 11 found num new op-mutexes 0

[t=0.162385s, 46928 KB] In ts_7_23 of size 11 found num new op-mutexes 0

[t=0.162915s, 46928 KB] In ts_7_24 of size 11 found num new op-mutexes 0

[t=0.163432s, 46928 KB] In ts_7_25 of size 11 found num new op-mutexes 0

[t=0.164266s, 46928 KB] In ts_7_42 of size 121 found num new op-mutexes 0
[t=0.164362s, 46928 KB] Operator mutex finished iteration 7. Found an additional 0 operator mutexes

[t=0.164399s, 46928 KB] Next pair of indices: (42, 25)
[t=0.164421s, 46928 KB] M&S algorithm main loop timer: 0.13788s (after computation of next merge)
[t=0.164655s, 46928 KB] M&S algorithm main loop timer: 0.138141s (after shrinking)
[t=0.165129s, 46928 KB] M&S algorithm main loop timer: 0.138603s (after merging)

[t=0.165178s, 46928 KB] Operator mutex starting iteration 8

[t=0.165649s, 46928 KB] In ts_8_0 of size 3 found num new op-mutexes 0

[t=0.166163s, 46928 KB] In ts_8_1 of size 3 found num new op-mutexes 0

[t=0.166687s, 46928 KB] In ts_8_2 of size 5 found num new op-mutexes 0

[t=0.167217s, 46928 KB] In ts_8_3 of size 3 found num new op-mutexes 0

[t=0.16774s, 46928 KB] In ts_8_4 of size 7 found num new op-mutexes 0

[t=0.168288s, 46928 KB] In ts_8_5 of size 4 found num new op-mutexes 0

[t=0.168807s, 46928 KB] In ts_8_6 of size 7 found num new op-mutexes 0

[t=0.169312s, 46928 KB] In ts_8_7 of size 7 found num new op-mutexes 0

[t=0.169861s, 46928 KB] In ts_8_8 of size 5 found num new op-mutexes 0

[t=0.170387s, 46928 KB] In ts_8_9 of size 5 found num new op-mutexes 0

[t=0.170909s, 46928 KB] In ts_8_10 of size 7 found num new op-mutexes 0

[t=0.171437s, 46928 KB] In ts_8_11 of size 11 found num new op-mutexes 0

[t=0.171981s, 46928 KB] In ts_8_12 of size 11 found num new op-mutexes 0

[t=0.172516s, 46928 KB] In ts_8_13 of size 11 found num new op-mutexes 0

[t=0.173039s, 46928 KB] In ts_8_14 of size 11 found num new op-mutexes 0

[t=0.173575s, 46928 KB] In ts_8_15 of size 11 found num new op-mutexes 0

[t=0.1741s, 46928 KB] In ts_8_16 of size 11 found num new op-mutexes 0

[t=0.17465s, 46928 KB] In ts_8_17 of size 11 found num new op-mutexes 0

[t=0.17518s, 46928 KB] In ts_8_18 of size 11 found num new op-mutexes 0

[t=0.175709s, 46928 KB] In ts_8_19 of size 11 found num new op-mutexes 0

[t=0.176262s, 46928 KB] In ts_8_20 of size 11 found num new op-mutexes 0

[t=0.176786s, 46928 KB] In ts_8_21 of size 11 found num new op-mutexes 0

[t=0.177322s, 46928 KB] In ts_8_22 of size 11 found num new op-mutexes 0

[t=0.177845s, 46928 KB] In ts_8_23 of size 11 found num new op-mutexes 0

[t=0.178372s, 46928 KB] In ts_8_24 of size 11 found num new op-mutexes 0

[t=0.17918s, 46928 KB] In ts_8_43 of size 121 found num new op-mutexes 0
[t=0.179272s, 46928 KB] Operator mutex finished iteration 8. Found an additional 0 operator mutexes

[t=0.179308s, 46928 KB] Next pair of indices: (43, 24)
[t=0.17933s, 46928 KB] M&S algorithm main loop timer: 0.152789s (after computation of next merge)
[t=0.17958s, 46928 KB] M&S algorithm main loop timer: 0.153076s (after shrinking)
[t=0.180056s, 46928 KB] M&S algorithm main loop timer: 0.153529s (after merging)

[t=0.180113s, 46928 KB] Operator mutex starting iteration 9

[t=0.180579s, 46928 KB] In ts_9_0 of size 3 found num new op-mutexes 0

[t=0.181107s, 46928 KB] In ts_9_1 of size 3 found num new op-mutexes 0

[t=0.181622s, 46928 KB] In ts_9_2 of size 5 found num new op-mutexes 0

[t=0.182164s, 46928 KB] In ts_9_3 of size 3 found num new op-mutexes 0

[t=0.182672s, 46928 KB] In ts_9_4 of size 7 found num new op-mutexes 0

[t=0.183223s, 46928 KB] In ts_9_5 of size 4 found num new op-mutexes 0

[t=0.183752s, 46928 KB] In ts_9_6 of size 7 found num new op-mutexes 0

[t=0.184278s, 46928 KB] In ts_9_7 of size 7 found num new op-mutexes 0

[t=0.184819s, 46928 KB] In ts_9_8 of size 5 found num new op-mutexes 0

[t=0.185352s, 46928 KB] In ts_9_9 of size 5 found num new op-mutexes 0

[t=0.185861s, 46928 KB] In ts_9_10 of size 7 found num new op-mutexes 0

[t=0.186386s, 46928 KB] In ts_9_11 of size 11 found num new op-mutexes 0

[t=0.186935s, 46928 KB] In ts_9_12 of size 11 found num new op-mutexes 0

[t=0.187467s, 46928 KB] In ts_9_13 of size 11 found num new op-mutexes 0

[t=0.187998s, 46928 KB] In ts_9_14 of size 11 found num new op-mutexes 0

[t=0.188527s, 46928 KB] In ts_9_15 of size 11 found num new op-mutexes 0

[t=0.18907s, 46928 KB] In ts_9_16 of size 11 found num new op-mutexes 0

[t=0.189614s, 46928 KB] In ts_9_17 of size 11 found num new op-mutexes 0

[t=0.190159s, 46928 KB] In ts_9_18 of size 11 found num new op-mutexes 0

[t=0.190684s, 46928 KB] In ts_9_19 of size 11 found num new op-mutexes 0

[t=0.191227s, 46928 KB] In ts_9_20 of size 11 found num new op-mutexes 0

[t=0.191764s, 46928 KB] In ts_9_21 of size 11 found num new op-mutexes 0

[t=0.192285s, 46928 KB] In ts_9_22 of size 11 found num new op-mutexes 0

[t=0.192815s, 46928 KB] In ts_9_23 of size 11 found num new op-mutexes 0

[t=0.193642s, 46928 KB] In ts_9_44 of size 121 found num new op-mutexes 0
[t=0.193741s, 46928 KB] Operator mutex finished iteration 9. Found an additional 0 operator mutexes

[t=0.193775s, 46928 KB] Next pair of indices: (44, 23)
[t=0.193804s, 46928 KB] M&S algorithm main loop timer: 0.167263s (after computation of next merge)
[t=0.194049s, 46928 KB] M&S algorithm main loop timer: 0.167535s (after shrinking)
[t=0.194508s, 46928 KB] M&S algorithm main loop timer: 0.167981s (after merging)

[t=0.194555s, 46928 KB] Operator mutex starting iteration 10

[t=0.195019s, 46928 KB] In ts_10_0 of size 3 found num new op-mutexes 0

[t=0.195537s, 46928 KB] In ts_10_1 of size 3 found num new op-mutexes 0

[t=0.196054s, 46928 KB] In ts_10_2 of size 5 found num new op-mutexes 0

[t=0.196606s, 46928 KB] In ts_10_3 of size 3 found num new op-mutexes 0

[t=0.197127s, 46928 KB] In ts_10_4 of size 7 found num new op-mutexes 0

[t=0.197663s, 46928 KB] In ts_10_5 of size 4 found num new op-mutexes 0

[t=0.198177s, 46928 KB] In ts_10_6 of size 7 found num new op-mutexes 0

[t=0.198692s, 46928 KB] In ts_10_7 of size 7 found num new op-mutexes 0

[t=0.199243s, 46928 KB] In ts_10_8 of size 5 found num new op-mutexes 0

[t=0.199808s, 46928 KB] In ts_10_9 of size 5 found num new op-mutexes 0

[t=0.200344s, 46928 KB] In ts_10_10 of size 7 found num new op-mutexes 0

[t=0.20089s, 46928 KB] In ts_10_11 of size 11 found num new op-mutexes 0

[t=0.20145s, 46928 KB] In ts_10_12 of size 11 found num new op-mutexes 0

[t=0.201998s, 46928 KB] In ts_10_13 of size 11 found num new op-mutexes 0

[t=0.202543s, 46928 KB] In ts_10_14 of size 11 found num new op-mutexes 0

[t=0.20313s, 46928 KB] In ts_10_15 of size 11 found num new op-mutexes 0

[t=0.203672s, 46928 KB] In ts_10_16 of size 11 found num new op-mutexes 0

[t=0.204203s, 46928 KB] In ts_10_17 of size 11 found num new op-mutexes 0

[t=0.204733s, 46928 KB] In ts_10_18 of size 11 found num new op-mutexes 0

[t=0.205252s, 46928 KB] In ts_10_19 of size 11 found num new op-mutexes 0

[t=0.205771s, 46928 KB] In ts_10_20 of size 11 found num new op-mutexes 0

[t=0.206308s, 46928 KB] In ts_10_21 of size 11 found num new op-mutexes 0

[t=0.206842s, 46928 KB] In ts_10_22 of size 11 found num new op-mutexes 0

[t=0.207664s, 46928 KB] In ts_10_45 of size 121 found num new op-mutexes 0
[t=0.207756s, 46928 KB] Operator mutex finished iteration 10. Found an additional 0 operator mutexes

[t=0.207792s, 46928 KB] Next pair of indices: (45, 22)
[t=0.207815s, 46928 KB] M&S algorithm main loop timer: 0.181274s (after computation of next merge)
[t=0.208078s, 46928 KB] M&S algorithm main loop timer: 0.181564s (after shrinking)
[t=0.208539s, 46928 KB] M&S algorithm main loop timer: 0.182021s (after merging)

[t=0.208596s, 46928 KB] Operator mutex starting iteration 11

[t=0.209066s, 46928 KB] In ts_11_0 of size 3 found num new op-mutexes 0

[t=0.209599s, 46928 KB] In ts_11_1 of size 3 found num new op-mutexes 0

[t=0.210132s, 46928 KB] In ts_11_2 of size 5 found num new op-mutexes 0

[t=0.210676s, 46928 KB] In ts_11_3 of size 3 found num new op-mutexes 0

[t=0.211198s, 46928 KB] In ts_11_4 of size 7 found num new op-mutexes 0

[t=0.211757s, 46928 KB] In ts_11_5 of size 4 found num new op-mutexes 0

[t=0.212264s, 46928 KB] In ts_11_6 of size 7 found num new op-mutexes 0

[t=0.212809s, 46928 KB] In ts_11_7 of size 7 found num new op-mutexes 0

[t=0.213368s, 46928 KB] In ts_11_8 of size 5 found num new op-mutexes 0

[t=0.213906s, 46928 KB] In ts_11_9 of size 5 found num new op-mutexes 0

[t=0.214441s, 46928 KB] In ts_11_10 of size 7 found num new op-mutexes 0

[t=0.21498s, 46928 KB] In ts_11_11 of size 11 found num new op-mutexes 0

[t=0.215524s, 46928 KB] In ts_11_12 of size 11 found num new op-mutexes 0

[t=0.216058s, 46928 KB] In ts_11_13 of size 11 found num new op-mutexes 0

[t=0.216593s, 46928 KB] In ts_11_14 of size 11 found num new op-mutexes 0

[t=0.217115s, 46928 KB] In ts_11_15 of size 11 found num new op-mutexes 0

[t=0.217649s, 46928 KB] In ts_11_16 of size 11 found num new op-mutexes 0

[t=0.21819s, 46928 KB] In ts_11_17 of size 11 found num new op-mutexes 0

[t=0.218721s, 46928 KB] In ts_11_18 of size 11 found num new op-mutexes 0

[t=0.219244s, 46928 KB] In ts_11_19 of size 11 found num new op-mutexes 0

[t=0.219775s, 46928 KB] In ts_11_20 of size 11 found num new op-mutexes 0

[t=0.220301s, 46928 KB] In ts_11_21 of size 11 found num new op-mutexes 0

[t=0.221131s, 46928 KB] In ts_11_46 of size 121 found num new op-mutexes 0
[t=0.221224s, 46928 KB] Operator mutex finished iteration 11. Found an additional 0 operator mutexes

[t=0.221258s, 46928 KB] Next pair of indices: (46, 21)
[t=0.221281s, 46928 KB] M&S algorithm main loop timer: 0.19474s (after computation of next merge)
[t=0.221543s, 46928 KB] M&S algorithm main loop timer: 0.19503s (after shrinking)
[t=0.222014s, 46928 KB] M&S algorithm main loop timer: 0.195488s (after merging)

[t=0.222064s, 46928 KB] Operator mutex starting iteration 12

[t=0.222558s, 46928 KB] In ts_12_0 of size 3 found num new op-mutexes 0

[t=0.223088s, 46928 KB] In ts_12_1 of size 3 found num new op-mutexes 0

[t=0.223621s, 46928 KB] In ts_12_2 of size 5 found num new op-mutexes 0

[t=0.224162s, 46928 KB] In ts_12_3 of size 3 found num new op-mutexes 0

[t=0.224679s, 46928 KB] In ts_12_4 of size 7 found num new op-mutexes 0

[t=0.225235s, 46928 KB] In ts_12_5 of size 4 found num new op-mutexes 0

[t=0.22577s, 46928 KB] In ts_12_6 of size 7 found num new op-mutexes 0

[t=0.226295s, 46928 KB] In ts_12_7 of size 7 found num new op-mutexes 0

[t=0.226845s, 46928 KB] In ts_12_8 of size 5 found num new op-mutexes 0

[t=0.227374s, 46928 KB] In ts_12_9 of size 5 found num new op-mutexes 0

[t=0.227879s, 46928 KB] In ts_12_10 of size 7 found num new op-mutexes 0

[t=0.228416s, 46928 KB] In ts_12_11 of size 11 found num new op-mutexes 0

[t=0.228945s, 46928 KB] In ts_12_12 of size 11 found num new op-mutexes 0

[t=0.229488s, 46928 KB] In ts_12_13 of size 11 found num new op-mutexes 0

[t=0.230029s, 46928 KB] In ts_12_14 of size 11 found num new op-mutexes 0

[t=0.230561s, 46928 KB] In ts_12_15 of size 11 found num new op-mutexes 0

[t=0.231102s, 46928 KB] In ts_12_16 of size 11 found num new op-mutexes 0

[t=0.231624s, 46928 KB] In ts_12_17 of size 11 found num new op-mutexes 0

[t=0.232183s, 46928 KB] In ts_12_18 of size 11 found num new op-mutexes 0

[t=0.232714s, 46928 KB] In ts_12_19 of size 11 found num new op-mutexes 0

[t=0.233267s, 46928 KB] In ts_12_20 of size 11 found num new op-mutexes 0

[t=0.234092s, 46928 KB] In ts_12_47 of size 121 found num new op-mutexes 0
[t=0.234185s, 46928 KB] Operator mutex finished iteration 12. Found an additional 0 operator mutexes

[t=0.234219s, 46928 KB] Next pair of indices: (47, 20)
[t=0.234242s, 46928 KB] M&S algorithm main loop timer: 0.207701s (after computation of next merge)
[t=0.234493s, 46928 KB] M&S algorithm main loop timer: 0.207979s (after shrinking)
[t=0.234984s, 46928 KB] M&S algorithm main loop timer: 0.208458s (after merging)

[t=0.235034s, 46928 KB] Operator mutex starting iteration 13

[t=0.235506s, 46928 KB] In ts_13_0 of size 3 found num new op-mutexes 0

[t=0.23604s, 46928 KB] In ts_13_1 of size 3 found num new op-mutexes 0

[t=0.236561s, 46928 KB] In ts_13_2 of size 5 found num new op-mutexes 0

[t=0.237118s, 46928 KB] In ts_13_3 of size 3 found num new op-mutexes 0

[t=0.237637s, 46928 KB] In ts_13_4 of size 7 found num new op-mutexes 0

[t=0.238191s, 46928 KB] In ts_13_5 of size 4 found num new op-mutexes 0

[t=0.23871s, 46928 KB] In ts_13_6 of size 7 found num new op-mutexes 0

[t=0.239216s, 46928 KB] In ts_13_7 of size 7 found num new op-mutexes 0

[t=0.239768s, 46928 KB] In ts_13_8 of size 5 found num new op-mutexes 0

[t=0.240299s, 46928 KB] In ts_13_9 of size 5 found num new op-mutexes 0

[t=0.240825s, 46928 KB] In ts_13_10 of size 7 found num new op-mutexes 0

[t=0.241369s, 46928 KB] In ts_13_11 of size 11 found num new op-mutexes 0

[t=0.241928s, 46928 KB] In ts_13_12 of size 11 found num new op-mutexes 0

[t=0.242471s, 46928 KB] In ts_13_13 of size 11 found num new op-mutexes 0

[t=0.242997s, 46928 KB] In ts_13_14 of size 11 found num new op-mutexes 0

[t=0.24353s, 46928 KB] In ts_13_15 of size 11 found num new op-mutexes 0

[t=0.244053s, 46928 KB] In ts_13_16 of size 11 found num new op-mutexes 0

[t=0.244596s, 46928 KB] In ts_13_17 of size 11 found num new op-mutexes 0

[t=0.245134s, 46928 KB] In ts_13_18 of size 11 found num new op-mutexes 0

[t=0.245669s, 46928 KB] In ts_13_19 of size 11 found num new op-mutexes 0

[t=0.246486s, 46928 KB] In ts_13_48 of size 121 found num new op-mutexes 0
[t=0.246579s, 46928 KB] Operator mutex finished iteration 13. Found an additional 0 operator mutexes

[t=0.246614s, 46928 KB] Next pair of indices: (48, 19)
[t=0.246637s, 46928 KB] M&S algorithm main loop timer: 0.220096s (after computation of next merge)
[t=0.246901s, 46928 KB] M&S algorithm main loop timer: 0.220386s (after shrinking)
[t=0.247379s, 46928 KB] M&S algorithm main loop timer: 0.220854s (after merging)

[t=0.24743s, 46928 KB] Operator mutex starting iteration 14

[t=0.247901s, 46928 KB] In ts_14_0 of size 3 found num new op-mutexes 0

[t=0.248437s, 46928 KB] In ts_14_1 of size 3 found num new op-mutexes 0

[t=0.249s, 46928 KB] In ts_14_2 of size 5 found num new op-mutexes 0

[t=0.24954s, 46928 KB] In ts_14_3 of size 3 found num new op-mutexes 0

[t=0.250059s, 46928 KB] In ts_14_4 of size 7 found num new op-mutexes 0

[t=0.250617s, 46928 KB] In ts_14_5 of size 4 found num new op-mutexes 0

[t=0.251148s, 46928 KB] In ts_14_6 of size 7 found num new op-mutexes 0

[t=0.251677s, 46928 KB] In ts_14_7 of size 7 found num new op-mutexes 0

[t=0.252228s, 46928 KB] In ts_14_8 of size 5 found num new op-mutexes 0

[t=0.252791s, 46928 KB] In ts_14_9 of size 5 found num new op-mutexes 0

[t=0.253302s, 46928 KB] In ts_14_10 of size 7 found num new op-mutexes 0

[t=0.253835s, 46928 KB] In ts_14_11 of size 11 found num new op-mutexes 0

[t=0.254382s, 46928 KB] In ts_14_12 of size 11 found num new op-mutexes 0

[t=0.254918s, 46928 KB] In ts_14_13 of size 11 found num new op-mutexes 0

[t=0.255443s, 46928 KB] In ts_14_14 of size 11 found num new op-mutexes 0

[t=0.255974s, 46928 KB] In ts_14_15 of size 11 found num new op-mutexes 0

[t=0.256521s, 46928 KB] In ts_14_16 of size 11 found num new op-mutexes 0

[t=0.257055s, 46928 KB] In ts_14_17 of size 11 found num new op-mutexes 0

[t=0.25758s, 46928 KB] In ts_14_18 of size 11 found num new op-mutexes 0

[t=0.258413s, 46928 KB] In ts_14_49 of size 121 found num new op-mutexes 0
[t=0.258507s, 46928 KB] Operator mutex finished iteration 14. Found an additional 0 operator mutexes

[t=0.258543s, 46928 KB] Next pair of indices: (49, 18)
[t=0.258566s, 46928 KB] M&S algorithm main loop timer: 0.232026s (after computation of next merge)
[t=0.258827s, 46928 KB] M&S algorithm main loop timer: 0.232323s (after shrinking)
[t=0.259306s, 46928 KB] M&S algorithm main loop timer: 0.232781s (after merging)

[t=0.259367s, 46928 KB] Operator mutex starting iteration 15

[t=0.259844s, 46928 KB] In ts_15_0 of size 3 found num new op-mutexes 0

[t=0.260397s, 46928 KB] In ts_15_1 of size 3 found num new op-mutexes 0

[t=0.26096s, 46928 KB] In ts_15_2 of size 5 found num new op-mutexes 0

[t=0.2615s, 46928 KB] In ts_15_3 of size 3 found num new op-mutexes 0

[t=0.262019s, 46928 KB] In ts_15_4 of size 7 found num new op-mutexes 0

[t=0.262571s, 46928 KB] In ts_15_5 of size 4 found num new op-mutexes 0

[t=0.263079s, 46928 KB] In ts_15_6 of size 7 found num new op-mutexes 0

[t=0.263603s, 46928 KB] In ts_15_7 of size 7 found num new op-mutexes 0

[t=0.264158s, 46928 KB] In ts_15_8 of size 5 found num new op-mutexes 0

[t=0.2647s, 46928 KB] In ts_15_9 of size 5 found num new op-mutexes 0

[t=0.265205s, 46928 KB] In ts_15_10 of size 7 found num new op-mutexes 0

[t=0.265744s, 46928 KB] In ts_15_11 of size 11 found num new op-mutexes 0

[t=0.266281s, 46928 KB] In ts_15_12 of size 11 found num new op-mutexes 0

[t=0.266825s, 46928 KB] In ts_15_13 of size 11 found num new op-mutexes 0

[t=0.267365s, 46928 KB] In ts_15_14 of size 11 found num new op-mutexes 0

[t=0.267902s, 46928 KB] In ts_15_15 of size 11 found num new op-mutexes 0

[t=0.268441s, 46928 KB] In ts_15_16 of size 11 found num new op-mutexes 0

[t=0.268971s, 46928 KB] In ts_15_17 of size 11 found num new op-mutexes 0

[t=0.269799s, 46928 KB] In ts_15_50 of size 121 found num new op-mutexes 0
[t=0.269895s, 46928 KB] Operator mutex finished iteration 15. Found an additional 0 operator mutexes

[t=0.269931s, 46928 KB] Next pair of indices: (50, 17)
[t=0.269953s, 46928 KB] M&S algorithm main loop timer: 0.243413s (after computation of next merge)
[t=0.27026s, 46928 KB] M&S algorithm main loop timer: 0.243754s (after shrinking)
[t=0.270743s, 46928 KB] M&S algorithm main loop timer: 0.244217s (after merging)

[t=0.270792s, 46928 KB] Operator mutex starting iteration 16

[t=0.271274s, 46928 KB] In ts_16_0 of size 3 found num new op-mutexes 0

[t=0.271828s, 46928 KB] In ts_16_1 of size 3 found num new op-mutexes 0

[t=0.272356s, 46928 KB] In ts_16_2 of size 5 found num new op-mutexes 0

[t=0.272912s, 46928 KB] In ts_16_3 of size 3 found num new op-mutexes 0

[t=0.273448s, 46928 KB] In ts_16_4 of size 7 found num new op-mutexes 0

[t=0.274005s, 46928 KB] In ts_16_5 of size 4 found num new op-mutexes 0

[t=0.274517s, 46928 KB] In ts_16_6 of size 7 found num new op-mutexes 0

[t=0.275026s, 46928 KB] In ts_16_7 of size 7 found num new op-mutexes 0

[t=0.275595s, 46928 KB] In ts_16_8 of size 5 found num new op-mutexes 0

[t=0.276155s, 46928 KB] In ts_16_9 of size 5 found num new op-mutexes 0

[t=0.276666s, 46928 KB] In ts_16_10 of size 7 found num new op-mutexes 0

[t=0.277208s, 46928 KB] In ts_16_11 of size 11 found num new op-mutexes 0

[t=0.277737s, 46928 KB] In ts_16_12 of size 11 found num new op-mutexes 0

[t=0.278271s, 46928 KB] In ts_16_13 of size 11 found num new op-mutexes 0

[t=0.278798s, 46928 KB] In ts_16_14 of size 11 found num new op-mutexes 0

[t=0.279361s, 46928 KB] In ts_16_15 of size 11 found num new op-mutexes 0

[t=0.279924s, 46928 KB] In ts_16_16 of size 11 found num new op-mutexes 0

[t=0.280757s, 46928 KB] In ts_16_51 of size 121 found num new op-mutexes 0
[t=0.280851s, 46928 KB] Operator mutex finished iteration 16. Found an additional 0 operator mutexes

[t=0.280887s, 46928 KB] Next pair of indices: (51, 16)
[t=0.28091s, 46928 KB] M&S algorithm main loop timer: 0.254369s (after computation of next merge)
[t=0.281174s, 46928 KB] M&S algorithm main loop timer: 0.25466s (after shrinking)
[t=0.281638s, 46928 KB] M&S algorithm main loop timer: 0.255111s (after merging)

[t=0.281687s, 46928 KB] Operator mutex starting iteration 17

[t=0.282163s, 46928 KB] In ts_17_0 of size 3 found num new op-mutexes 0

[t=0.282714s, 46928 KB] In ts_17_1 of size 3 found num new op-mutexes 0

[t=0.283253s, 46928 KB] In ts_17_2 of size 5 found num new op-mutexes 0

[t=0.2838s, 46928 KB] In ts_17_3 of size 3 found num new op-mutexes 0

[t=0.284323s, 46928 KB] In ts_17_4 of size 7 found num new op-mutexes 0

[t=0.284874s, 46928 KB] In ts_17_5 of size 4 found num new op-mutexes 0

[t=0.285384s, 46928 KB] In ts_17_6 of size 7 found num new op-mutexes 0

[t=0.2859s, 46928 KB] In ts_17_7 of size 7 found num new op-mutexes 0

[t=0.286468s, 46928 KB] In ts_17_8 of size 5 found num new op-mutexes 0

[t=0.287018s, 46928 KB] In ts_17_9 of size 5 found num new op-mutexes 0

[t=0.287529s, 46928 KB] In ts_17_10 of size 7 found num new op-mutexes 0

[t=0.288072s, 46928 KB] In ts_17_11 of size 11 found num new op-mutexes 0

[t=0.288617s, 46928 KB] In ts_17_12 of size 11 found num new op-mutexes 0

[t=0.289144s, 46928 KB] In ts_17_13 of size 11 found num new op-mutexes 0

[t=0.28971s, 46928 KB] In ts_17_14 of size 11 found num new op-mutexes 0

[t=0.290251s, 46928 KB] In ts_17_15 of size 11 found num new op-mutexes 0

[t=0.291092s, 46928 KB] In ts_17_52 of size 121 found num new op-mutexes 0
[t=0.291187s, 46928 KB] Operator mutex finished iteration 17. Found an additional 0 operator mutexes

[t=0.291223s, 46928 KB] Next pair of indices: (52, 15)
[t=0.291245s, 46928 KB] M&S algorithm main loop timer: 0.264704s (after computation of next merge)
[t=0.291504s, 46928 KB] M&S algorithm main loop timer: 0.264989s (after shrinking)
[t=0.291959s, 46928 KB] M&S algorithm main loop timer: 0.265431s (after merging)

[t=0.292016s, 46928 KB] Operator mutex starting iteration 18

[t=0.292483s, 46928 KB] In ts_18_0 of size 3 found num new op-mutexes 0

[t=0.293005s, 46928 KB] In ts_18_1 of size 3 found num new op-mutexes 0

[t=0.293535s, 46928 KB] In ts_18_2 of size 5 found num new op-mutexes 0

[t=0.29407s, 46928 KB] In ts_18_3 of size 3 found num new op-mutexes 0

[t=0.294589s, 46928 KB] In ts_18_4 of size 7 found num new op-mutexes 0

[t=0.295147s, 46928 KB] In ts_18_5 of size 4 found num new op-mutexes 0

[t=0.295671s, 46928 KB] In ts_18_6 of size 7 found num new op-mutexes 0

[t=0.296192s, 46928 KB] In ts_18_7 of size 7 found num new op-mutexes 0

[t=0.296736s, 46928 KB] In ts_18_8 of size 5 found num new op-mutexes 0

[t=0.297278s, 46928 KB] In ts_18_9 of size 5 found num new op-mutexes 0

[t=0.297786s, 46928 KB] In ts_18_10 of size 7 found num new op-mutexes 0

[t=0.298335s, 46928 KB] In ts_18_11 of size 11 found num new op-mutexes 0

[t=0.298888s, 46928 KB] In ts_18_12 of size 11 found num new op-mutexes 0

[t=0.299458s, 46928 KB] In ts_18_13 of size 11 found num new op-mutexes 0

[t=0.299999s, 46928 KB] In ts_18_14 of size 11 found num new op-mutexes 0

[t=0.300815s, 46928 KB] In ts_18_53 of size 121 found num new op-mutexes 0
[t=0.300909s, 46928 KB] Operator mutex finished iteration 18. Found an additional 0 operator mutexes

[t=0.300944s, 46928 KB] Next pair of indices: (53, 14)
[t=0.300967s, 46928 KB] M&S algorithm main loop timer: 0.27443s (after computation of next merge)
[t=0.30121s, 46928 KB] M&S algorithm main loop timer: 0.274695s (after shrinking)
[t=0.301668s, 46928 KB] M&S algorithm main loop timer: 0.275142s (after merging)

[t=0.301717s, 46928 KB] Operator mutex starting iteration 19

[t=0.302179s, 46928 KB] In ts_19_0 of size 3 found num new op-mutexes 0

[t=0.302715s, 46928 KB] In ts_19_1 of size 3 found num new op-mutexes 0

[t=0.303236s, 46928 KB] In ts_19_2 of size 5 found num new op-mutexes 0

[t=0.303772s, 46928 KB] In ts_19_3 of size 3 found num new op-mutexes 0

[t=0.304303s, 46928 KB] In ts_19_4 of size 7 found num new op-mutexes 0

[t=0.304851s, 46928 KB] In ts_19_5 of size 4 found num new op-mutexes 0

[t=0.305372s, 46928 KB] In ts_19_6 of size 7 found num new op-mutexes 0

[t=0.305879s, 46928 KB] In ts_19_7 of size 7 found num new op-mutexes 0

[t=0.30644s, 46928 KB] In ts_19_8 of size 5 found num new op-mutexes 0

[t=0.30698s, 46928 KB] In ts_19_9 of size 5 found num new op-mutexes 0

[t=0.307497s, 46928 KB] In ts_19_10 of size 7 found num new op-mutexes 0

[t=0.308051s, 46928 KB] In ts_19_11 of size 11 found num new op-mutexes 0

[t=0.308599s, 46928 KB] In ts_19_12 of size 11 found num new op-mutexes 0

[t=0.309147s, 46928 KB] In ts_19_13 of size 11 found num new op-mutexes 0

[t=0.30998s, 46928 KB] In ts_19_54 of size 121 found num new op-mutexes 0
[t=0.310076s, 46928 KB] Operator mutex finished iteration 19. Found an additional 0 operator mutexes

[t=0.310111s, 46928 KB] Next pair of indices: (54, 13)
[t=0.310133s, 46928 KB] M&S algorithm main loop timer: 0.283592s (after computation of next merge)
[t=0.310368s, 46928 KB] M&S algorithm main loop timer: 0.283853s (after shrinking)
[t=0.310828s, 46928 KB] M&S algorithm main loop timer: 0.284301s (after merging)

[t=0.310876s, 46928 KB] Operator mutex starting iteration 20

[t=0.311335s, 46928 KB] In ts_20_0 of size 3 found num new op-mutexes 0

[t=0.311875s, 46928 KB] In ts_20_1 of size 3 found num new op-mutexes 0

[t=0.312402s, 46928 KB] In ts_20_2 of size 5 found num new op-mutexes 0

[t=0.312937s, 46928 KB] In ts_20_3 of size 3 found num new op-mutexes 0

[t=0.313457s, 46928 KB] In ts_20_4 of size 7 found num new op-mutexes 0

[t=0.31402s, 46928 KB] In ts_20_5 of size 4 found num new op-mutexes 0

[t=0.314551s, 46928 KB] In ts_20_6 of size 7 found num new op-mutexes 0

[t=0.315063s, 46928 KB] In ts_20_7 of size 7 found num new op-mutexes 0

[t=0.315616s, 46928 KB] In ts_20_8 of size 5 found num new op-mutexes 0

[t=0.316156s, 46928 KB] In ts_20_9 of size 5 found num new op-mutexes 0

[t=0.316663s, 46928 KB] In ts_20_10 of size 7 found num new op-mutexes 0

[t=0.317209s, 46928 KB] In ts_20_11 of size 11 found num new op-mutexes 0

[t=0.317752s, 46928 KB] In ts_20_12 of size 11 found num new op-mutexes 0

[t=0.3186s, 46928 KB] In ts_20_55 of size 121 found num new op-mutexes 0
[t=0.318701s, 46928 KB] Operator mutex finished iteration 20. Found an additional 0 operator mutexes

[t=0.318737s, 46928 KB] Next pair of indices: (55, 12)
[t=0.318759s, 46928 KB] M&S algorithm main loop timer: 0.292218s (after computation of next merge)
[t=0.319001s, 46928 KB] M&S algorithm main loop timer: 0.292487s (after shrinking)
[t=0.319476s, 46928 KB] M&S algorithm main loop timer: 0.29295s (after merging)

[t=0.319524s, 46928 KB] Operator mutex starting iteration 21

[t=0.319986s, 46928 KB] In ts_21_0 of size 3 found num new op-mutexes 0

[t=0.320506s, 46928 KB] In ts_21_1 of size 3 found num new op-mutexes 0

[t=0.321044s, 46928 KB] In ts_21_2 of size 5 found num new op-mutexes 0

[t=0.321591s, 46928 KB] In ts_21_3 of size 3 found num new op-mutexes 0

[t=0.322113s, 46928 KB] In ts_21_4 of size 7 found num new op-mutexes 0

[t=0.322653s, 46928 KB] In ts_21_5 of size 4 found num new op-mutexes 0

[t=0.323175s, 46928 KB] In ts_21_6 of size 7 found num new op-mutexes 0

[t=0.323685s, 46928 KB] In ts_21_7 of size 7 found num new op-mutexes 0

[t=0.324254s, 46928 KB] In ts_21_8 of size 5 found num new op-mutexes 0

[t=0.324792s, 46928 KB] In ts_21_9 of size 5 found num new op-mutexes 0

[t=0.325326s, 46928 KB] In ts_21_10 of size 7 found num new op-mutexes 0

[t=0.32587s, 46928 KB] In ts_21_11 of size 11 found num new op-mutexes 0

[t=0.326692s, 46928 KB] In ts_21_56 of size 121 found num new op-mutexes 0
[t=0.326792s, 46928 KB] Operator mutex finished iteration 21. Found an additional 0 operator mutexes

[t=0.32683s, 46928 KB] Next pair of indices: (56, 11)
[t=0.326859s, 46928 KB] M&S algorithm main loop timer: 0.300318s (after computation of next merge)
[t=0.327093s, 46928 KB] M&S algorithm main loop timer: 0.300579s (after shrinking)
[t=0.327555s, 46928 KB] M&S algorithm main loop timer: 0.301029s (after merging)

[t=0.327603s, 46928 KB] Operator mutex starting iteration 22

[t=0.328092s, 46928 KB] In ts_22_0 of size 3 found num new op-mutexes 0

[t=0.328626s, 46928 KB] In ts_22_1 of size 3 found num new op-mutexes 0

[t=0.329159s, 46928 KB] In ts_22_2 of size 5 found num new op-mutexes 0

[t=0.329705s, 46928 KB] In ts_22_3 of size 3 found num new op-mutexes 0

[t=0.330216s, 46928 KB] In ts_22_4 of size 7 found num new op-mutexes 0

[t=0.330774s, 46928 KB] In ts_22_5 of size 4 found num new op-mutexes 0

[t=0.331296s, 46928 KB] In ts_22_6 of size 7 found num new op-mutexes 0

[t=0.331807s, 46928 KB] In ts_22_7 of size 7 found num new op-mutexes 0

[t=0.332351s, 46928 KB] In ts_22_8 of size 5 found num new op-mutexes 0

[t=0.332892s, 46928 KB] In ts_22_9 of size 5 found num new op-mutexes 0

[t=0.33341s, 46928 KB] In ts_22_10 of size 7 found num new op-mutexes 0

[t=0.334249s, 46928 KB] In ts_22_57 of size 121 found num new op-mutexes 0
[t=0.334345s, 46928 KB] Operator mutex finished iteration 22. Found an additional 0 operator mutexes

[t=0.334381s, 46928 KB] Next pair of indices: (57, 10)
[t=0.334403s, 46928 KB] M&S algorithm main loop timer: 0.307862s (after computation of next merge)
[t=0.334651s, 46928 KB] M&S algorithm main loop timer: 0.308143s (after shrinking)
[t=0.335112s, 46928 KB] M&S algorithm main loop timer: 0.308586s (after merging)

[t=0.335161s, 46928 KB] Operator mutex starting iteration 23

[t=0.335613s, 46928 KB] In ts_23_0 of size 3 found num new op-mutexes 0

[t=0.336141s, 46928 KB] In ts_23_1 of size 3 found num new op-mutexes 0

[t=0.336677s, 46928 KB] In ts_23_2 of size 5 found num new op-mutexes 0

[t=0.337235s, 46928 KB] In ts_23_3 of size 3 found num new op-mutexes 0

[t=0.337786s, 46928 KB] In ts_23_4 of size 7 found num new op-mutexes 0

[t=0.338329s, 46928 KB] In ts_23_5 of size 4 found num new op-mutexes 0

[t=0.338848s, 46928 KB] In ts_23_6 of size 7 found num new op-mutexes 0

[t=0.339357s, 46928 KB] In ts_23_7 of size 7 found num new op-mutexes 0

[t=0.339908s, 46928 KB] In ts_23_8 of size 5 found num new op-mutexes 0

[t=0.340455s, 46928 KB] In ts_23_9 of size 5 found num new op-mutexes 0

[t=0.34129s, 46928 KB] In ts_23_58 of size 121 found num new op-mutexes 0
[t=0.341385s, 46928 KB] Operator mutex finished iteration 23. Found an additional 0 operator mutexes

[t=0.34142s, 46928 KB] Next pair of indices: (58, 9)
[t=0.341443s, 46928 KB] M&S algorithm main loop timer: 0.314902s (after computation of next merge)
[t=0.34167s, 46928 KB] M&S algorithm main loop timer: 0.315155s (after shrinking)
[t=0.342123s, 46928 KB] M&S algorithm main loop timer: 0.315596s (after merging)

[t=0.342171s, 46928 KB] Operator mutex starting iteration 24

[t=0.342646s, 46928 KB] In ts_24_0 of size 3 found num new op-mutexes 0

[t=0.343186s, 46928 KB] In ts_24_1 of size 3 found num new op-mutexes 0

[t=0.34371s, 46928 KB] In ts_24_2 of size 5 found num new op-mutexes 0

[t=0.344253s, 46928 KB] In ts_24_3 of size 3 found num new op-mutexes 0

[t=0.344777s, 46928 KB] In ts_24_4 of size 7 found num new op-mutexes 0

[t=0.345329s, 46928 KB] In ts_24_5 of size 4 found num new op-mutexes 0

[t=0.345839s, 46928 KB] In ts_24_6 of size 7 found num new op-mutexes 0

[t=0.346367s, 46928 KB] In ts_24_7 of size 7 found num new op-mutexes 0

[t=0.34694s, 46928 KB] In ts_24_8 of size 5 found num new op-mutexes 0

[t=0.347775s, 46928 KB] In ts_24_59 of size 121 found num new op-mutexes 0
[t=0.347873s, 46928 KB] Operator mutex finished iteration 24. Found an additional 0 operator mutexes

[t=0.347911s, 46928 KB] Next pair of indices: (59, 8)
[t=0.347935s, 46928 KB] M&S algorithm main loop timer: 0.321394s (after computation of next merge)
[t=0.348164s, 46928 KB] M&S algorithm main loop timer: 0.32166s (after shrinking)
[t=0.348629s, 46928 KB] M&S algorithm main loop timer: 0.322101s (after merging)

[t=0.348685s, 46928 KB] Operator mutex starting iteration 25

[t=0.349139s, 46928 KB] In ts_25_0 of size 3 found num new op-mutexes 0

[t=0.34966s, 46928 KB] In ts_25_1 of size 3 found num new op-mutexes 0

[t=0.350204s, 46928 KB] In ts_25_2 of size 5 found num new op-mutexes 0

[t=0.350742s, 46928 KB] In ts_25_3 of size 3 found num new op-mutexes 0

[t=0.351264s, 46928 KB] In ts_25_4 of size 7 found num new op-mutexes 0

[t=0.351824s, 46928 KB] In ts_25_5 of size 4 found num new op-mutexes 0

[t=0.352391s, 46928 KB] In ts_25_6 of size 7 found num new op-mutexes 0

[t=0.352917s, 46928 KB] In ts_25_7 of size 7 found num new op-mutexes 0

[t=0.353737s, 46928 KB] In ts_25_60 of size 121 found num new op-mutexes 0
[t=0.353832s, 46928 KB] Operator mutex finished iteration 25. Found an additional 0 operator mutexes

[t=0.353866s, 46928 KB] Next pair of indices: (60, 7)
[t=0.353888s, 46928 KB] M&S algorithm main loop timer: 0.327347s (after computation of next merge)
[t=0.354126s, 46928 KB] M&S algorithm main loop timer: 0.327607s (after shrinking)
[t=0.354578s, 46928 KB] M&S algorithm main loop timer: 0.32805s (after merging)

[t=0.354625s, 46928 KB] Operator mutex starting iteration 26

[t=0.355074s, 46928 KB] In ts_26_0 of size 3 found num new op-mutexes 0

[t=0.355603s, 46928 KB] In ts_26_1 of size 3 found num new op-mutexes 0

[t=0.356149s, 46928 KB] In ts_26_2 of size 5 found num new op-mutexes 0

[t=0.356717s, 46928 KB] In ts_26_3 of size 3 found num new op-mutexes 0

[t=0.357245s, 46928 KB] In ts_26_4 of size 7 found num new op-mutexes 0

[t=0.357786s, 46928 KB] In ts_26_5 of size 4 found num new op-mutexes 0

[t=0.358295s, 46928 KB] In ts_26_6 of size 7 found num new op-mutexes 0

[t=0.359114s, 46928 KB] In ts_26_61 of size 121 found num new op-mutexes 0
[t=0.359209s, 46928 KB] Operator mutex finished iteration 26. Found an additional 0 operator mutexes

[t=0.359243s, 46928 KB] Next pair of indices: (61, 6)
[t=0.359273s, 46928 KB] M&S algorithm main loop timer: 0.332734s (after computation of next merge)
[t=0.359526s, 46928 KB] M&S algorithm main loop timer: 0.333007s (after shrinking)
[t=0.359984s, 46928 KB] M&S algorithm main loop timer: 0.333458s (after merging)

[t=0.360033s, 46928 KB] Operator mutex starting iteration 27

[t=0.360492s, 46928 KB] In ts_27_0 of size 3 found num new op-mutexes 0

[t=0.361039s, 46928 KB] In ts_27_1 of size 3 found num new op-mutexes 0

[t=0.361563s, 46928 KB] In ts_27_2 of size 5 found num new op-mutexes 0

[t=0.362098s, 46928 KB] In ts_27_3 of size 3 found num new op-mutexes 0

[t=0.36263s, 46928 KB] In ts_27_4 of size 7 found num new op-mutexes 0

[t=0.363174s, 46928 KB] In ts_27_5 of size 4 found num new op-mutexes 0

[t=0.364036s, 46928 KB] In ts_27_62 of size 121 found num new op-mutexes 0
[t=0.364135s, 46928 KB] Operator mutex finished iteration 27. Found an additional 0 operator mutexes

[t=0.36417s, 46928 KB] Next pair of indices: (62, 5)
[t=0.364192s, 46928 KB] M&S algorithm main loop timer: 0.337651s (after computation of next merge)
[t=0.364416s, 46928 KB] M&S algorithm main loop timer: 0.337902s (after shrinking)
[t=0.36488s, 46928 KB] M&S algorithm main loop timer: 0.338354s (after merging)

[t=0.36493s, 46928 KB] Operator mutex starting iteration 28

[t=0.36541s, 46928 KB] In ts_28_0 of size 3 found num new op-mutexes 0

[t=0.365943s, 46928 KB] In ts_28_1 of size 3 found num new op-mutexes 0

[t=0.366506s, 46928 KB] In ts_28_2 of size 5 found num new op-mutexes 0

[t=0.367042s, 46928 KB] In ts_28_3 of size 3 found num new op-mutexes 0

[t=0.36757s, 46928 KB] In ts_28_4 of size 7 found num new op-mutexes 0

[t=0.368395s, 46928 KB] In ts_28_63 of size 121 found num new op-mutexes 0
[t=0.368491s, 46928 KB] Operator mutex finished iteration 28. Found an additional 0 operator mutexes

[t=0.368525s, 46928 KB] Next pair of indices: (63, 4)
[t=0.368548s, 46928 KB] M&S algorithm main loop timer: 0.342007s (after computation of next merge)
[t=0.368789s, 46928 KB] M&S algorithm main loop timer: 0.342278s (after shrinking)
[t=0.369253s, 46928 KB] M&S algorithm main loop timer: 0.342727s (after merging)

[t=0.369301s, 46928 KB] Operator mutex starting iteration 29

[t=0.369753s, 46928 KB] In ts_29_0 of size 3 found num new op-mutexes 0

[t=0.370281s, 46928 KB] In ts_29_1 of size 3 found num new op-mutexes 0

[t=0.370811s, 46928 KB] In ts_29_2 of size 5 found num new op-mutexes 0

[t=0.371355s, 46928 KB] In ts_29_3 of size 3 found num new op-mutexes 0

[t=0.372182s, 46928 KB] In ts_29_64 of size 121 found num new op-mutexes 0
[t=0.372281s, 46928 KB] Operator mutex finished iteration 29. Found an additional 0 operator mutexes

[t=0.372315s, 46928 KB] Next pair of indices: (64, 3)
[t=0.372337s, 46928 KB] M&S algorithm main loop timer: 0.345796s (after computation of next merge)
[t=0.372566s, 46928 KB] M&S algorithm main loop timer: 0.346052s (after shrinking)
[t=0.373015s, 46928 KB] M&S algorithm main loop timer: 0.346487s (after merging)

[t=0.373062s, 46928 KB] Operator mutex starting iteration 30

[t=0.373512s, 46928 KB] In ts_30_0 of size 3 found num new op-mutexes 0

[t=0.374039s, 46928 KB] In ts_30_1 of size 3 found num new op-mutexes 0

[t=0.374576s, 46928 KB] In ts_30_2 of size 5 found num new op-mutexes 0

[t=0.375412s, 46928 KB] In ts_30_65 of size 121 found num new op-mutexes 0
[t=0.375532s, 46928 KB] Operator mutex finished iteration 30. Found an additional 0 operator mutexes

[t=0.375575s, 46928 KB] Next pair of indices: (65, 2)
[t=0.375598s, 46928 KB] M&S algorithm main loop timer: 0.349056s (after computation of next merge)
[t=0.375832s, 46928 KB] M&S algorithm main loop timer: 0.349318s (after shrinking)
[t=0.37629s, 46928 KB] M&S algorithm main loop timer: 0.349764s (after merging)

[t=0.376339s, 46928 KB] Operator mutex starting iteration 31

[t=0.376798s, 46928 KB] In ts_31_0 of size 3 found num new op-mutexes 0

[t=0.377318s, 46928 KB] In ts_31_1 of size 3 found num new op-mutexes 0

[t=0.378136s, 46928 KB] In ts_31_66 of size 121 found num new op-mutexes 0
[t=0.378239s, 46928 KB] Operator mutex finished iteration 31. Found an additional 0 operator mutexes

[t=0.378273s, 46928 KB] Next pair of indices: (66, 1)
[t=0.378295s, 46928 KB] M&S algorithm main loop timer: 0.351754s (after computation of next merge)
[t=0.378525s, 46928 KB] M&S algorithm main loop timer: 0.352012s (after shrinking)
[t=0.378986s, 46928 KB] M&S algorithm main loop timer: 0.35246s (after merging)

[t=0.379035s, 46928 KB] Operator mutex starting iteration 32

[t=0.379486s, 46928 KB] In ts_32_0 of size 3 found num new op-mutexes 0

[t=0.380314s, 46928 KB] In ts_32_67 of size 121 found num new op-mutexes 0
[t=0.38041s, 46928 KB] Operator mutex finished iteration 32. Found an additional 0 operator mutexes

[t=0.380445s, 46928 KB] Next pair of indices: (67, 0)
[t=0.380466s, 46928 KB] M&S algorithm main loop timer: 0.353925s (after computation of next merge)
[t=0.380694s, 46928 KB] M&S algorithm main loop timer: 0.35418s (after shrinking)
[t=0.381147s, 46928 KB] M&S algorithm main loop timer: 0.354621s (after merging)

[t=0.381198s, 46928 KB] Operator mutex starting iteration 33

[t=0.381959s, 46928 KB] In ts_33_68 of size 121 found num new op-mutexes 0
[t=0.382054s, 46928 KB] Operator mutex finished iteration 33. Found an additional 0 operator mutexes

[t=0.382087s, 46928 KB] End of merge-and-shrink algorithm, statistics:
[t=0.382108s, 46928 KB] Main loop runtime: 0.355567s
[t=0.382129s, 46928 KB] Maximum intermediate abstraction size: 121
[t=0.382148s, 46928 KB] Final peak memory increase of merge-and-shrink algorithm: 23196 KB
[t=0.382179s, 46928 KB] Merge-and-shrink algorithm runtime: 0.367903s

[t=0.382202s, 46928 KB] Number of labels: 3596
[t=0.382221s, 46928 KB] Total number of operator mutexes: 2768
[t=0.38224s, 46928 KB] Operator Mutex total time: 0.327847s
[t=0.382331s, 46928 KB] Number of remaining factors: 1
[t=0.382444s, 46928 KB] Number of factors kept: 1
[t=0.382468s, 46928 KB] Done initializing merge-and-shrink heuristic.

[t=0.382655s, 46928 KB] Building successor generator...done!
[t=0.384272s, 46928 KB] peak memory difference for successor generator creation: 0 KB
[t=0.384292s, 46928 KB] time for successor generation creation: 0.00149168s
[t=0.384329s, 46928 KB] Variables: 35
[t=0.38435s, 46928 KB] FactPairs: 292
[t=0.384369s, 46928 KB] Bytes per state: 16
[t=0.384486s, 46928 KB] Conducting best first search with reopening closed nodes, (real) bound = 2147483647
[t=0.384547s, 46928 KB] New best heuristic value for merge_and_shrink(op_mutex = op_mutex(use_previous_ops = nopo, reachability_strategy = goal), merge_strategy = merge_precomputed(linear), shrink_strategy = shrink_bisimulation(greedy = true, at_limit = use_up)): 4
[t=0.384571s, 46928 KB] g=0, 1 evaluated, 0 expanded
[t=0.384594s, 46928 KB] f = 4, 1 evaluated, 0 expanded
[t=0.384618s, 46928 KB] Initial heuristic value for merge_and_shrink(op_mutex = op_mutex(use_previous_ops = nopo, reachability_strategy = goal), merge_strategy = merge_precomputed(linear), shrink_strategy = shrink_bisimulation(greedy = true, at_limit = use_up)): 4
[t=0.384639s, 46928 KB] pruning method: none
[t=0.384702s, 46928 KB] New best heuristic value for merge_and_shrink(op_mutex = op_mutex(use_previous_ops = nopo, reachability_strategy = goal), merge_strategy = merge_precomputed(linear), shrink_strategy = shrink_bisimulation(greedy = true, at_limit = use_up)): 3
[t=0.384734s, 46928 KB] g=1, 16 evaluated, 1 expanded
[t=0.384811s, 46928 KB] f = 5, 40 evaluated, 2 expanded
[t=0.38497s, 46928 KB] New best heuristic value for merge_and_shrink(op_mutex = op_mutex(use_previous_ops = nopo, reachability_strategy = goal), merge_strategy = merge_precomputed(linear), shrink_strategy = shrink_bisimulation(greedy = true, at_limit = use_up)): 2
[t=0.384997s, 46928 KB] g=3, 93 evaluated, 5 expanded
[t=0.38601s, 46928 KB] f = 6, 541 evaluated, 44 expanded
[t=0.396739s, 46928 KB] f = 7, 5398 evaluated, 553 expanded
[t=0.39835s, 46928 KB] New best heuristic value for merge_and_shrink(op_mutex = op_mutex(use_previous_ops = nopo, reachability_strategy = goal), merge_strategy = merge_precomputed(linear), shrink_strategy = shrink_bisimulation(greedy = true, at_limit = use_up)): 1
[t=0.398384s, 46928 KB] g=6, 6167 evaluated, 613 expanded
[t=0.398463s, 46928 KB] New best heuristic value for merge_and_shrink(op_mutex = op_mutex(use_previous_ops = nopo, reachability_strategy = goal), merge_strategy = merge_precomputed(linear), shrink_strategy = shrink_bisimulation(greedy = true, at_limit = use_up)): 0
[t=0.398487s, 46928 KB] g=7, 6191 evaluated, 614 expanded
[t=0.398521s, 46928 KB] Solution found!
[t=0.398546s, 46928 KB] Actual search time: 0.0139036s
overcome grief-7 entertainment ham pluto jupiter (1)
feast entertainment ham muffin bosnia surrey (1)
overcome depression-1 entertainment muffin vulcan pluto (1)
feast entertainment muffin onion arizona kentucky (1)
feast entertainment onion beef kentucky bosnia (1)
succumb depression-1 entertainment beef vulcan pluto (1)
succumb grief-7 entertainment beef pluto jupiter (1)
[t=0.398569s, 46928 KB] Plan length: 7 step(s).
[t=0.398569s, 46928 KB] Plan cost: 7
[t=0.398569s, 46928 KB] Expanded 615 state(s).
[t=0.398569s, 46928 KB] Reopened 0 state(s).
[t=0.398569s, 46928 KB] Evaluated 6196 state(s).
[t=0.398569s, 46928 KB] Evaluations: 6196
[t=0.398569s, 46928 KB] Generated 12536 state(s).
[t=0.398569s, 46928 KB] Dead ends: 0 state(s).
[t=0.398569s, 46928 KB] Expanded until last jump: 553 state(s).
[t=0.398569s, 46928 KB] Reopened until last jump: 0 state(s).
[t=0.398569s, 46928 KB] Evaluated until last jump: 5398 state(s).
[t=0.398569s, 46928 KB] Generated until last jump: 11233 state(s).
[t=0.398569s, 46928 KB] Number of registered states: 6196
[t=0.398569s, 46928 KB] Int hash set load factor: 6196/8192 = 0.756348
[t=0.398569s, 46928 KB] Int hash set resizes: 13
[t=0.398569s, 46928 KB] Search time: 0.0140834s
[t=0.398569s, 46928 KB] Total time: 0.398569s
Solution found.
Peak memory: 46928 KB
Remove intermediate file output.sas
search exit code: 0

INFO     Running validate.
INFO     validate stdin: None
INFO     validate time limit: None
INFO     validate memory limit: None
INFO     validate command line string: validate domain.pddl problem.pddl sas_plan
Checking plan: sas_plan
Plan executed successfully - checking goal
Plan valid
Final value: 7 

Successful plans:
Value: 7
 sas_plan 7 

validate exit code: 0

