INFO     Running translator.
INFO     translator stdin: None
INFO     translator time limit: 599.97s
INFO     translator memory limit: 7000 MB
INFO     translator command line string: /usr/bin/python3 /user/student.aau.dk/lkar18/downward-projects/downward/experiments/nopo_vs_nasutpo_195p/data/nopo_vs_nasutpo/code-94571df14dfaf5b06207d9589b12facdd93f580c_e5e41175/builds/release/bin/translate/translate.py domain.pddl problem.pddl --sas-file output.sas
Parsing...
Parsing: [0.010s CPU, 0.003s wall-clock]
Normalizing task... [0.000s CPU, 0.000s wall-clock]
Instantiating...
Generating Datalog program... [0.000s CPU, 0.001s wall-clock]
Normalizing Datalog program...
Normalizing Datalog program: [0.000s CPU, 0.005s wall-clock]
Preparing model... [0.000s CPU, 0.002s wall-clock]
Generated 125 rules.
Computing model... [0.020s CPU, 0.017s wall-clock]
649 relevant atoms
782 auxiliary atoms
1431 final queue length
2927 total queue pushes
Completing instantiation... [0.030s CPU, 0.025s wall-clock]
Instantiating: [0.050s CPU, 0.050s wall-clock]
Computing fact groups...
Finding invariants...
15 initial candidates
Finding invariants: [0.010s CPU, 0.015s wall-clock]
Checking invariant weight... [0.000s CPU, 0.000s wall-clock]
Instantiating groups... [0.000s CPU, 0.001s wall-clock]
Collecting mutex groups... [0.000s CPU, 0.000s wall-clock]
Choosing groups...
8 uncovered facts
Choosing groups: [0.000s CPU, 0.000s wall-clock]
Building translation key... [0.000s CPU, 0.000s wall-clock]
Computing fact groups: [0.010s CPU, 0.018s wall-clock]
Building STRIPS to SAS dictionary... [0.000s CPU, 0.000s wall-clock]
Building dictionary for full mutex groups... [0.000s CPU, 0.000s wall-clock]
Building mutex information...
not in strips_to_sas, left out: Atom bottomcol(club0)
not in strips_to_sas, left out: Atom bottomcol(diamond0)
not in strips_to_sas, left out: Atom bottomcol(heart0)
not in strips_to_sas, left out: Atom bottomcol(spade0)
Building mutex information: [0.000s CPU, 0.000s wall-clock]
Translating task...
Processing axioms...
Simplifying axioms... [0.000s CPU, 0.000s wall-clock]
Translator axioms removed by simplifying: 0
Computing negative axioms... [0.000s CPU, 0.000s wall-clock]
Processing axioms: [0.010s CPU, 0.001s wall-clock]
Translating task: [0.030s CPU, 0.030s wall-clock]
232 effect conditions simplified
0 implied preconditions added
Detecting unreachable propositions...
0 operators removed
0 axioms removed
13 propositions removed
Detecting unreachable propositions: [0.020s CPU, 0.013s wall-clock]
Reordering and filtering variables...
22 of 22 variables necessary.
24 of 34 mutex groups necessary.
504 of 504 operators necessary.
0 of 0 axiom rules necessary.
Reordering and filtering variables: [0.000s CPU, 0.005s wall-clock]
Translator variables: 22
Translator derived variables: 0
Translator facts: 75
Translator goal facts: 4
Translator mutex groups: 24
Translator total mutex groups size: 90
Translator operators: 504
Translator axioms: 0
Translator task size: 4262
Translator peak memory: 44636 KB
Writing output... [0.010s CPU, 0.008s wall-clock]
Done! [0.130s CPU, 0.130s wall-clock]
translate exit code: 0

INFO     Running search (release).
INFO     search stdin: output.sas
INFO     search time limit: 599.79s
INFO     search memory limit: 7000 MB
INFO     search command line string: /user/student.aau.dk/lkar18/downward-projects/downward/experiments/nopo_vs_nasutpo_195p/data/nopo_vs_nasutpo/code-94571df14dfaf5b06207d9589b12facdd93f580c_e5e41175/builds/release/bin/downward --search 'astar(merge_and_shrink(op_mutex=op_mutex(use_previous_ops=NaSUTPO, reachability_strategy=goal), merge_strategy=merge_precomputed(linear()), shrink_strategy=shrink_fh()))' --internal-plan-file sas_plan < output.sas
[t=3.5316e-05s, 22344 KB] reading input...
[t=0.00234057s, 22468 KB] done reading input!
[t=0.00420917s, 22732 KB] Initializing merge-and-shrink heuristic...
[t=0.00430381s, 22732 KB] Running merge-and-shrink algorithm...
[t=0.00433405s, 22732 KB] Merge strategy options:
[t=0.00436552s, 22732 KB] Type: precomputed
[t=0.00439675s, 22732 KB] Merge tree options: 
[t=0.00442724s, 22732 KB] Type: linear
[t=0.00445776s, 22732 KB] Update option: use random
[t=0.00448833s, 22732 KB] Variable order type: CG/GOAL, tie breaking on level (main)

[t=0.0045221s, 22732 KB] Options related to size limits and shrinking: 
[t=0.00455343s, 22732 KB] Transition system size limit: 50000
[t=0.00458389s, 22732 KB] Transition system size limit right before merge: 50000
[t=0.00467965s, 22732 KB] Threshold to trigger shrinking right before merge: 1

[t=0.00470737s, 22732 KB] Pruning unreachable states: yes
[t=0.00472882s, 22732 KB] Pruning irrelevant states: yes

[t=0.00475078s, 22732 KB] Label reduction disabled

[t=0.00477385s, 22732 KB] Main loop max time in seconds: inf

[t=0.00479869s, 22732 KB] ===============================================================================
[t=0.00481885s, 22732 KB] WARNING! You did not enable label reduction.
This may drastically reduce the performance of merge-and-shrink!
[t=0.00483886s, 22732 KB] ===============================================================================

[t=0.00486118s, 22732 KB] Building atomic transition systems... 
[t=0.00637568s, 24800 KB] M&S algorithm timer: 0.00210675s (after computation of atomic factors)

[t=0.00642531s, 24800 KB] Starting main loop without a time limit.
[t=0.0064546s, 24800 KB] building causal graph...done! [t=0.000558064s]
[t=0.00703915s, 24800 KB] Next pair of indices: (21, 20)
[t=0.00708363s, 24800 KB] M&S algorithm main loop timer: 0.000679627s (after computation of next merge)
[t=0.00719493s, 24940 KB] M&S algorithm main loop timer: 0.000802953s (after merging)

[t=0.00723848s, 24940 KB] Operator mutex starting iteration 0


[t=0.00740194s, 24940 KB] In ts_0_0 of size 2 found num new op-mutexes 100


[t=0.00755685s, 24940 KB] In ts_0_1 of size 2 found num new op-mutexes 100


[t=0.00769908s, 24940 KB] In ts_0_2 of size 2 found num new op-mutexes 121


[t=0.00784558s, 24940 KB] In ts_0_3 of size 2 found num new op-mutexes 121


[t=0.00798144s, 24940 KB] In ts_0_4 of size 2 found num new op-mutexes 0


[t=0.00812416s, 24940 KB] In ts_0_5 of size 2 found num new op-mutexes 0


[t=0.0082719s, 24940 KB] In ts_0_6 of size 2 found num new op-mutexes 0


[t=0.00840609s, 24940 KB] In ts_0_7 of size 2 found num new op-mutexes 0


[t=0.00863585s, 24940 KB] In ts_0_8 of size 5 found num new op-mutexes 162


[t=0.00878485s, 24940 KB] In ts_0_9 of size 2 found num new op-mutexes 0


[t=0.00892882s, 24940 KB] In ts_0_10 of size 2 found num new op-mutexes 0


[t=0.00936755s, 24940 KB] In ts_0_11 of size 6 found num new op-mutexes 120


[t=0.00952126s, 24940 KB] In ts_0_12 of size 2 found num new op-mutexes 0


[t=0.00983948s, 24940 KB] In ts_0_13 of size 5 found num new op-mutexes 0


[t=0.00999045s, 24940 KB] In ts_0_14 of size 2 found num new op-mutexes 0


[t=0.0102249s, 24940 KB] In ts_0_15 of size 4 found num new op-mutexes 0


[t=0.0104259s, 24940 KB] In ts_0_16 of size 5 found num new op-mutexes 0


[t=0.010624s, 24940 KB] In ts_0_17 of size 5 found num new op-mutexes 0


[t=0.0108342s, 24940 KB] In ts_0_18 of size 4 found num new op-mutexes 0


[t=0.0110655s, 24940 KB] In ts_0_19 of size 5 found num new op-mutexes 80


[t=0.0115302s, 24940 KB] In ts_0_22 of size 36 found num new op-mutexes 328
[t=0.0115735s, 24940 KB] Operator mutex finished iteration 0. Found an additional 1132 operator mutexes

[t=0.0116287s, 24940 KB] Next pair of indices: (22, 19)
[t=0.0116549s, 24940 KB] M&S algorithm main loop timer: 0.00524881s (after computation of next merge)
[t=0.0118508s, 24940 KB] M&S algorithm main loop timer: 0.00545437s (after merging)

[t=0.0118998s, 24940 KB] Operator mutex starting iteration 1


[t=0.0120484s, 24940 KB] In ts_1_0 of size 2 found num new op-mutexes 0


[t=0.0121863s, 24940 KB] In ts_1_1 of size 2 found num new op-mutexes 0


[t=0.0123229s, 24940 KB] In ts_1_2 of size 2 found num new op-mutexes 0


[t=0.0124592s, 24940 KB] In ts_1_3 of size 2 found num new op-mutexes 0


[t=0.0126067s, 24940 KB] In ts_1_4 of size 2 found num new op-mutexes 0


[t=0.0127422s, 24940 KB] In ts_1_5 of size 2 found num new op-mutexes 0


[t=0.0128809s, 24940 KB] In ts_1_6 of size 2 found num new op-mutexes 0


[t=0.0130202s, 24940 KB] In ts_1_7 of size 2 found num new op-mutexes 0


[t=0.0132488s, 24940 KB] In ts_1_8 of size 5 found num new op-mutexes 0


[t=0.0134012s, 24940 KB] In ts_1_9 of size 2 found num new op-mutexes 0


[t=0.0135545s, 24940 KB] In ts_1_10 of size 2 found num new op-mutexes 0


[t=0.0139657s, 24940 KB] In ts_1_11 of size 6 found num new op-mutexes 0


[t=0.0141289s, 24940 KB] In ts_1_12 of size 2 found num new op-mutexes 0


[t=0.0144609s, 24940 KB] In ts_1_13 of size 5 found num new op-mutexes 0


[t=0.014615s, 24940 KB] In ts_1_14 of size 2 found num new op-mutexes 0


[t=0.0148542s, 24940 KB] In ts_1_15 of size 4 found num new op-mutexes 0


[t=0.0150589s, 24940 KB] In ts_1_16 of size 5 found num new op-mutexes 0


[t=0.0152732s, 24940 KB] In ts_1_17 of size 5 found num new op-mutexes 0


[t=0.0154845s, 24940 KB] In ts_1_18 of size 4 found num new op-mutexes 0


[t=0.0167302s, 24940 KB] In ts_1_23 of size 180 found num new op-mutexes 0
[t=0.0167781s, 24940 KB] Operator mutex finished iteration 1. Found an additional 0 operator mutexes

[t=0.0168127s, 24940 KB] Next pair of indices: (23, 17)
[t=0.016836s, 24940 KB] M&S algorithm main loop timer: 0.0104296s (after computation of next merge)
[t=0.0175434s, 24940 KB] M&S algorithm main loop timer: 0.0111707s (after merging)

[t=0.017653s, 24940 KB] Operator mutex starting iteration 2


[t=0.0177948s, 24940 KB] In ts_2_0 of size 2 found num new op-mutexes 0


[t=0.0179334s, 24940 KB] In ts_2_1 of size 2 found num new op-mutexes 0


[t=0.0180694s, 24940 KB] In ts_2_2 of size 2 found num new op-mutexes 0


[t=0.0182131s, 24940 KB] In ts_2_3 of size 2 found num new op-mutexes 0


[t=0.0183515s, 24940 KB] In ts_2_4 of size 2 found num new op-mutexes 0


[t=0.0184878s, 24940 KB] In ts_2_5 of size 2 found num new op-mutexes 0


[t=0.0186215s, 24940 KB] In ts_2_6 of size 2 found num new op-mutexes 0


[t=0.0187558s, 24940 KB] In ts_2_7 of size 2 found num new op-mutexes 0


[t=0.0189927s, 24940 KB] In ts_2_8 of size 5 found num new op-mutexes 0


[t=0.0191507s, 24940 KB] In ts_2_9 of size 2 found num new op-mutexes 0


[t=0.019298s, 24940 KB] In ts_2_10 of size 2 found num new op-mutexes 0


[t=0.0197188s, 24940 KB] In ts_2_11 of size 6 found num new op-mutexes 0


[t=0.0198804s, 24940 KB] In ts_2_12 of size 2 found num new op-mutexes 0


[t=0.0202039s, 24940 KB] In ts_2_13 of size 5 found num new op-mutexes 0


[t=0.0203563s, 24940 KB] In ts_2_14 of size 2 found num new op-mutexes 0


[t=0.0206151s, 24940 KB] In ts_2_15 of size 4 found num new op-mutexes 0


[t=0.0208237s, 24940 KB] In ts_2_16 of size 5 found num new op-mutexes 0


[t=0.0210314s, 24940 KB] In ts_2_18 of size 4 found num new op-mutexes 0


[t=0.156203s, 25760 KB] In ts_2_24 of size 900 found num new op-mutexes 0
[t=0.156307s, 25760 KB] Operator mutex finished iteration 2. Found an additional 0 operator mutexes

[t=0.156346s, 25760 KB] Next pair of indices: (24, 18)
[t=0.156373s, 25760 KB] M&S algorithm main loop timer: 0.149967s (after computation of next merge)
[t=0.159184s, 25760 KB] M&S algorithm main loop timer: 0.15279s (after merging)
[t=0.159843s, 25760 KB] M&S algorithm main loop timer: 0.15346s (after pruning)

[t=0.159893s, 25760 KB] Operator mutex starting iteration 3


[t=0.160026s, 25760 KB] In ts_3_0 of size 2 found num new op-mutexes 0


[t=0.160161s, 25760 KB] In ts_3_1 of size 2 found num new op-mutexes 0


[t=0.160319s, 25760 KB] In ts_3_2 of size 2 found num new op-mutexes 0


[t=0.160461s, 25760 KB] In ts_3_3 of size 2 found num new op-mutexes 0


[t=0.160609s, 25760 KB] In ts_3_4 of size 2 found num new op-mutexes 0


[t=0.160745s, 25760 KB] In ts_3_5 of size 2 found num new op-mutexes 0


[t=0.16088s, 25760 KB] In ts_3_6 of size 2 found num new op-mutexes 0


[t=0.161015s, 25760 KB] In ts_3_7 of size 2 found num new op-mutexes 0


[t=0.161244s, 25760 KB] In ts_3_8 of size 5 found num new op-mutexes 0


[t=0.161396s, 25760 KB] In ts_3_9 of size 2 found num new op-mutexes 0


[t=0.161554s, 25760 KB] In ts_3_10 of size 2 found num new op-mutexes 0


[t=0.161976s, 25760 KB] In ts_3_11 of size 6 found num new op-mutexes 0


[t=0.162139s, 25760 KB] In ts_3_12 of size 2 found num new op-mutexes 0


[t=0.162482s, 25760 KB] In ts_3_13 of size 5 found num new op-mutexes 0


[t=0.162647s, 25760 KB] In ts_3_14 of size 2 found num new op-mutexes 0


[t=0.162886s, 25760 KB] In ts_3_15 of size 4 found num new op-mutexes 0


[t=0.163093s, 25760 KB] In ts_3_16 of size 5 found num new op-mutexes 0


[t=3.1248s, 27184 KB] In ts_3_25 of size 2400 found num new op-mutexes 64
[t=3.12491s, 27184 KB] Operator mutex finished iteration 3. Found an additional 64 operator mutexes

[t=3.12495s, 27184 KB] Next pair of indices: (25, 16)
[t=3.12497s, 27184 KB] M&S algorithm main loop timer: 3.11857s (after computation of next merge)
[t=3.13869s, 27568 KB] M&S algorithm main loop timer: 3.13231s (after merging)

[t=3.1394s, 27568 KB] Operator mutex starting iteration 4


[t=3.13954s, 27568 KB] In ts_4_0 of size 2 found num new op-mutexes 0


[t=3.13969s, 27568 KB] In ts_4_1 of size 2 found num new op-mutexes 0


[t=3.13982s, 27568 KB] In ts_4_2 of size 2 found num new op-mutexes 0


[t=3.13996s, 27568 KB] In ts_4_3 of size 2 found num new op-mutexes 0


[t=3.1401s, 27568 KB] In ts_4_4 of size 2 found num new op-mutexes 0


[t=3.14024s, 27568 KB] In ts_4_5 of size 2 found num new op-mutexes 0


[t=3.14037s, 27568 KB] In ts_4_6 of size 2 found num new op-mutexes 0


[t=3.14051s, 27568 KB] In ts_4_7 of size 2 found num new op-mutexes 0


[t=3.14074s, 27568 KB] In ts_4_8 of size 5 found num new op-mutexes 0


[t=3.14089s, 27568 KB] In ts_4_9 of size 2 found num new op-mutexes 0


[t=3.14104s, 27568 KB] In ts_4_10 of size 2 found num new op-mutexes 0


[t=3.14146s, 27568 KB] In ts_4_11 of size 6 found num new op-mutexes 0


[t=3.14163s, 27568 KB] In ts_4_12 of size 2 found num new op-mutexes 0


[t=3.14196s, 27568 KB] In ts_4_13 of size 5 found num new op-mutexes 0


[t=3.14212s, 27568 KB] In ts_4_14 of size 2 found num new op-mutexes 0


[t=3.14236s, 27568 KB] In ts_4_15 of size 4 found num new op-mutexes 0
[t=3.14258s, 27568 KB] Operator mutex finished iteration 4. Found an additional 0 operator mutexes

[t=3.14261s, 27568 KB] Next pair of indices: (26, 15)
[t=3.14264s, 27568 KB] M&S algorithm main loop timer: 3.13623s (after computation of next merge)
[t=3.20242s, 37324 KB] M&S algorithm main loop timer: 3.19606s (after merging)
[t=3.21028s, 37324 KB] M&S algorithm main loop timer: 3.20389s (after pruning)

[t=3.21033s, 37324 KB] Operator mutex starting iteration 5


[t=3.21047s, 37324 KB] In ts_5_0 of size 2 found num new op-mutexes 0


[t=3.21062s, 37324 KB] In ts_5_1 of size 2 found num new op-mutexes 0


[t=3.21077s, 37324 KB] In ts_5_2 of size 2 found num new op-mutexes 0


[t=3.21091s, 37324 KB] In ts_5_3 of size 2 found num new op-mutexes 0


[t=3.21106s, 37324 KB] In ts_5_4 of size 2 found num new op-mutexes 0


[t=3.21119s, 37324 KB] In ts_5_5 of size 2 found num new op-mutexes 0


[t=3.21133s, 37324 KB] In ts_5_6 of size 2 found num new op-mutexes 0


[t=3.21146s, 37324 KB] In ts_5_7 of size 2 found num new op-mutexes 0


[t=3.2117s, 37324 KB] In ts_5_8 of size 5 found num new op-mutexes 0


[t=3.21186s, 37324 KB] In ts_5_9 of size 2 found num new op-mutexes 0


[t=3.21201s, 37324 KB] In ts_5_10 of size 2 found num new op-mutexes 0


[t=3.21243s, 37324 KB] In ts_5_11 of size 6 found num new op-mutexes 0


[t=3.21259s, 37324 KB] In ts_5_12 of size 2 found num new op-mutexes 0


[t=3.21292s, 37324 KB] In ts_5_13 of size 5 found num new op-mutexes 0


[t=3.21309s, 37324 KB] In ts_5_14 of size 2 found num new op-mutexes 0
[t=3.21347s, 37324 KB] Operator mutex finished iteration 5. Found an additional 0 operator mutexes

[t=3.21351s, 37324 KB] Next pair of indices: (27, 14)
[t=3.21353s, 37324 KB] M&S algorithm main loop timer: 3.20713s (after computation of next merge)
[t=3.27703s, 39040 KB] M&S algorithm main loop timer: 3.27069s (after merging)

[t=3.27934s, 39040 KB] Operator mutex starting iteration 6


[t=3.27949s, 39040 KB] In ts_6_0 of size 2 found num new op-mutexes 0


[t=3.27963s, 39040 KB] In ts_6_1 of size 2 found num new op-mutexes 0


[t=3.27977s, 39040 KB] In ts_6_2 of size 2 found num new op-mutexes 0


[t=3.27991s, 39040 KB] In ts_6_3 of size 2 found num new op-mutexes 0


[t=3.28004s, 39040 KB] In ts_6_4 of size 2 found num new op-mutexes 0


[t=3.28017s, 39040 KB] In ts_6_5 of size 2 found num new op-mutexes 0


[t=3.28032s, 39040 KB] In ts_6_6 of size 2 found num new op-mutexes 0


[t=3.28045s, 39040 KB] In ts_6_7 of size 2 found num new op-mutexes 0


[t=3.28068s, 39040 KB] In ts_6_8 of size 5 found num new op-mutexes 0


[t=3.28083s, 39040 KB] In ts_6_9 of size 2 found num new op-mutexes 0


[t=3.28098s, 39040 KB] In ts_6_10 of size 2 found num new op-mutexes 0


[t=3.28139s, 39040 KB] In ts_6_11 of size 6 found num new op-mutexes 0


[t=3.28156s, 39040 KB] In ts_6_12 of size 2 found num new op-mutexes 0


[t=3.28188s, 39040 KB] In ts_6_13 of size 5 found num new op-mutexes 0
[t=3.28299s, 39040 KB] Operator mutex finished iteration 6. Found an additional 0 operator mutexes

[t=3.28303s, 39040 KB] Next pair of indices: (28, 13)
[t=3.28305s, 39040 KB] M&S algorithm main loop timer: 3.27665s (after computation of next merge)
[t=3.33049s, 39040 KB] M&S algorithm main loop timer: 3.32414s (after shrinking)
[t=3.44655s, 47364 KB] M&S algorithm main loop timer: 3.4402s (after merging)

[t=3.44932s, 47364 KB] Operator mutex starting iteration 7


[t=3.44948s, 47364 KB] In ts_7_0 of size 2 found num new op-mutexes 0


[t=3.44962s, 47364 KB] In ts_7_1 of size 2 found num new op-mutexes 0


[t=3.44976s, 47364 KB] In ts_7_2 of size 2 found num new op-mutexes 0


[t=3.4499s, 47364 KB] In ts_7_3 of size 2 found num new op-mutexes 0


[t=3.45003s, 47364 KB] In ts_7_4 of size 2 found num new op-mutexes 0


[t=3.45017s, 47364 KB] In ts_7_5 of size 2 found num new op-mutexes 0


[t=3.4503s, 47364 KB] In ts_7_6 of size 2 found num new op-mutexes 0


[t=3.45044s, 47364 KB] In ts_7_7 of size 2 found num new op-mutexes 0


[t=3.45067s, 47364 KB] In ts_7_8 of size 5 found num new op-mutexes 0


[t=3.45083s, 47364 KB] In ts_7_9 of size 2 found num new op-mutexes 0


[t=3.45099s, 47364 KB] In ts_7_10 of size 2 found num new op-mutexes 0


[t=3.45143s, 47364 KB] In ts_7_11 of size 6 found num new op-mutexes 0


[t=3.45159s, 47364 KB] In ts_7_12 of size 2 found num new op-mutexes 0
[t=3.45375s, 47720 KB] Operator mutex finished iteration 7. Found an additional 0 operator mutexes

[t=3.4538s, 47720 KB] Next pair of indices: (29, 12)
[t=3.45382s, 47720 KB] M&S algorithm main loop timer: 3.44741s (after computation of next merge)
[t=3.52951s, 47720 KB] M&S algorithm main loop timer: 3.52316s (after shrinking)
[t=3.6678s, 49288 KB] M&S algorithm main loop timer: 3.66146s (after merging)
[t=3.70383s, 49288 KB] M&S algorithm main loop timer: 3.69749s (after pruning)

[t=3.70393s, 49288 KB] Operator mutex starting iteration 8


[t=3.7041s, 49288 KB] In ts_8_0 of size 2 found num new op-mutexes 0


[t=3.70425s, 49288 KB] In ts_8_1 of size 2 found num new op-mutexes 0


[t=3.7044s, 49288 KB] In ts_8_2 of size 2 found num new op-mutexes 0


[t=3.70454s, 49288 KB] In ts_8_3 of size 2 found num new op-mutexes 0


[t=3.70468s, 49288 KB] In ts_8_4 of size 2 found num new op-mutexes 0


[t=3.70482s, 49288 KB] In ts_8_5 of size 2 found num new op-mutexes 0


[t=3.70496s, 49288 KB] In ts_8_6 of size 2 found num new op-mutexes 0


[t=3.70509s, 49288 KB] In ts_8_7 of size 2 found num new op-mutexes 0


[t=3.70533s, 49288 KB] In ts_8_8 of size 5 found num new op-mutexes 0


[t=3.70548s, 49288 KB] In ts_8_9 of size 2 found num new op-mutexes 0


[t=3.70563s, 49288 KB] In ts_8_10 of size 2 found num new op-mutexes 0


[t=3.70606s, 49288 KB] In ts_8_11 of size 6 found num new op-mutexes 0
[t=3.70873s, 49620 KB] Operator mutex finished iteration 8. Found an additional 0 operator mutexes

[t=3.70879s, 49620 KB] Next pair of indices: (30, 11)
[t=3.70881s, 49620 KB] M&S algorithm main loop timer: 3.7024s (after computation of next merge)
[t=3.77594s, 49620 KB] M&S algorithm main loop timer: 3.76959s (after shrinking)
[t=3.89808s, 49864 KB] M&S algorithm main loop timer: 3.89174s (after merging)
[t=3.93616s, 49864 KB] M&S algorithm main loop timer: 3.92981s (after pruning)

[t=3.93625s, 49864 KB] Operator mutex starting iteration 9


[t=3.93643s, 49864 KB] In ts_9_0 of size 2 found num new op-mutexes 0


[t=3.93659s, 49864 KB] In ts_9_1 of size 2 found num new op-mutexes 0


[t=3.93675s, 49864 KB] In ts_9_2 of size 2 found num new op-mutexes 0


[t=3.93689s, 49864 KB] In ts_9_3 of size 2 found num new op-mutexes 0


[t=3.93704s, 49864 KB] In ts_9_4 of size 2 found num new op-mutexes 0


[t=3.93718s, 49864 KB] In ts_9_5 of size 2 found num new op-mutexes 0


[t=3.93731s, 49864 KB] In ts_9_6 of size 2 found num new op-mutexes 0


[t=3.93745s, 49864 KB] In ts_9_7 of size 2 found num new op-mutexes 0


[t=3.93769s, 49864 KB] In ts_9_8 of size 5 found num new op-mutexes 0


[t=3.93785s, 49864 KB] In ts_9_9 of size 2 found num new op-mutexes 0


[t=3.938s, 49864 KB] In ts_9_10 of size 2 found num new op-mutexes 0
[t=3.94079s, 50404 KB] Operator mutex finished iteration 9. Found an additional 0 operator mutexes

[t=3.94084s, 50404 KB] Next pair of indices: (31, 10)
[t=3.94087s, 50404 KB] M&S algorithm main loop timer: 3.93447s (after computation of next merge)
[t=4.03199s, 50404 KB] M&S algorithm main loop timer: 4.02566s (after shrinking)
[t=4.17801s, 57104 KB] M&S algorithm main loop timer: 4.17166s (after merging)

[t=4.18078s, 57104 KB] Operator mutex starting iteration 10


[t=4.18093s, 57104 KB] In ts_10_0 of size 2 found num new op-mutexes 0


[t=4.18107s, 57104 KB] In ts_10_1 of size 2 found num new op-mutexes 0


[t=4.18122s, 57104 KB] In ts_10_2 of size 2 found num new op-mutexes 0


[t=4.18136s, 57104 KB] In ts_10_3 of size 2 found num new op-mutexes 0


[t=4.1815s, 57104 KB] In ts_10_4 of size 2 found num new op-mutexes 0


[t=4.18163s, 57104 KB] In ts_10_5 of size 2 found num new op-mutexes 0


[t=4.18178s, 57104 KB] In ts_10_6 of size 2 found num new op-mutexes 0


[t=4.18192s, 57104 KB] In ts_10_7 of size 2 found num new op-mutexes 0


[t=4.18216s, 57104 KB] In ts_10_8 of size 5 found num new op-mutexes 0


[t=4.18231s, 57104 KB] In ts_10_9 of size 2 found num new op-mutexes 0
[t=4.18609s, 58564 KB] Operator mutex finished iteration 10. Found an additional 0 operator mutexes

[t=4.18615s, 58564 KB] Next pair of indices: (32, 9)
[t=4.18617s, 58564 KB] M&S algorithm main loop timer: 4.17976s (after computation of next merge)
[t=4.29731s, 58564 KB] M&S algorithm main loop timer: 4.29096s (after shrinking)
[t=4.42907s, 58564 KB] M&S algorithm main loop timer: 4.4227s (after merging)
[t=4.47795s, 58564 KB] M&S algorithm main loop timer: 4.47157s (after pruning)

[t=4.478s, 58564 KB] Operator mutex starting iteration 11


[t=4.47816s, 58564 KB] In ts_11_0 of size 2 found num new op-mutexes 0


[t=4.47832s, 58564 KB] In ts_11_1 of size 2 found num new op-mutexes 0


[t=4.47848s, 58564 KB] In ts_11_2 of size 2 found num new op-mutexes 0


[t=4.47862s, 58564 KB] In ts_11_3 of size 2 found num new op-mutexes 0


[t=4.47876s, 58564 KB] In ts_11_4 of size 2 found num new op-mutexes 0


[t=4.4789s, 58564 KB] In ts_11_5 of size 2 found num new op-mutexes 0


[t=4.47904s, 58564 KB] In ts_11_6 of size 2 found num new op-mutexes 0


[t=4.47918s, 58564 KB] In ts_11_7 of size 2 found num new op-mutexes 0


[t=4.47943s, 58564 KB] In ts_11_8 of size 5 found num new op-mutexes 0
[t=4.4826s, 58564 KB] Operator mutex finished iteration 11. Found an additional 0 operator mutexes

[t=4.48267s, 58564 KB] Next pair of indices: (33, 8)
[t=4.4827s, 58564 KB] M&S algorithm main loop timer: 4.4763s (after computation of next merge)
[t=4.56839s, 58564 KB] M&S algorithm main loop timer: 4.56201s (after shrinking)
[t=4.68613s, 58564 KB] M&S algorithm main loop timer: 4.67976s (after merging)
[t=4.72785s, 58564 KB] M&S algorithm main loop timer: 4.72147s (after pruning)

[t=4.72791s, 58564 KB] Operator mutex starting iteration 12


[t=4.72807s, 58564 KB] In ts_12_0 of size 2 found num new op-mutexes 0


[t=4.72823s, 58564 KB] In ts_12_1 of size 2 found num new op-mutexes 0


[t=4.72839s, 58564 KB] In ts_12_2 of size 2 found num new op-mutexes 0


[t=4.72854s, 58564 KB] In ts_12_3 of size 2 found num new op-mutexes 0


[t=4.72868s, 58564 KB] In ts_12_4 of size 2 found num new op-mutexes 0


[t=4.72883s, 58564 KB] In ts_12_5 of size 2 found num new op-mutexes 0


[t=4.72898s, 58564 KB] In ts_12_6 of size 2 found num new op-mutexes 0


[t=4.72912s, 58564 KB] In ts_12_7 of size 2 found num new op-mutexes 0
[t=4.73162s, 58564 KB] Operator mutex finished iteration 12. Found an additional 0 operator mutexes

[t=4.73167s, 58564 KB] Next pair of indices: (34, 7)
[t=4.7317s, 58564 KB] M&S algorithm main loop timer: 4.72529s (after computation of next merge)
[t=4.81382s, 58564 KB] M&S algorithm main loop timer: 4.80744s (after shrinking)
[t=4.95256s, 60204 KB] M&S algorithm main loop timer: 4.94619s (after merging)
[t=5.00631s, 60204 KB] M&S algorithm main loop timer: 4.99994s (after pruning)

[t=5.00637s, 60204 KB] Operator mutex starting iteration 13


[t=5.00655s, 60204 KB] In ts_13_0 of size 2 found num new op-mutexes 0


[t=5.0067s, 60204 KB] In ts_13_1 of size 2 found num new op-mutexes 0


[t=5.00685s, 60204 KB] In ts_13_2 of size 2 found num new op-mutexes 0


[t=5.007s, 60204 KB] In ts_13_3 of size 2 found num new op-mutexes 0


[t=5.00714s, 60204 KB] In ts_13_4 of size 2 found num new op-mutexes 0


[t=5.00728s, 60204 KB] In ts_13_5 of size 2 found num new op-mutexes 0


[t=5.00744s, 60204 KB] In ts_13_6 of size 2 found num new op-mutexes 0
[t=5.01201s, 62008 KB] Operator mutex finished iteration 13. Found an additional 0 operator mutexes

[t=5.01206s, 62008 KB] Next pair of indices: (35, 6)
[t=5.01209s, 62008 KB] M&S algorithm main loop timer: 5.00568s (after computation of next merge)
[t=5.13491s, 62008 KB] M&S algorithm main loop timer: 5.12853s (after shrinking)
[t=5.33553s, 72692 KB] M&S algorithm main loop timer: 5.32916s (after merging)
[t=5.41251s, 72692 KB] M&S algorithm main loop timer: 5.40614s (after pruning)

[t=5.41257s, 72692 KB] Operator mutex starting iteration 14


[t=5.41274s, 72692 KB] In ts_14_0 of size 2 found num new op-mutexes 0


[t=5.4129s, 72692 KB] In ts_14_1 of size 2 found num new op-mutexes 0


[t=5.41305s, 72692 KB] In ts_14_2 of size 2 found num new op-mutexes 0


[t=5.4132s, 72692 KB] In ts_14_3 of size 2 found num new op-mutexes 0


[t=5.41334s, 72692 KB] In ts_14_4 of size 2 found num new op-mutexes 0


[t=5.41348s, 72692 KB] In ts_14_5 of size 2 found num new op-mutexes 0
[t=5.4201s, 75204 KB] Operator mutex finished iteration 14. Found an additional 0 operator mutexes

[t=5.42016s, 75204 KB] Next pair of indices: (36, 5)
[t=5.42019s, 75204 KB] M&S algorithm main loop timer: 5.41378s (after computation of next merge)
[t=5.5484s, 75204 KB] M&S algorithm main loop timer: 5.54202s (after shrinking)
[t=5.71548s, 75204 KB] M&S algorithm main loop timer: 5.70913s (after merging)
[t=5.78024s, 75204 KB] M&S algorithm main loop timer: 5.77388s (after pruning)

[t=5.78031s, 75204 KB] Operator mutex starting iteration 15


[t=5.78048s, 75204 KB] In ts_15_0 of size 2 found num new op-mutexes 0


[t=5.78064s, 75204 KB] In ts_15_1 of size 2 found num new op-mutexes 0


[t=5.78078s, 75204 KB] In ts_15_2 of size 2 found num new op-mutexes 0


[t=5.78093s, 75204 KB] In ts_15_3 of size 2 found num new op-mutexes 0


[t=5.78107s, 75204 KB] In ts_15_4 of size 2 found num new op-mutexes 0
[t=5.78519s, 75204 KB] Operator mutex finished iteration 15. Found an additional 0 operator mutexes

[t=5.78525s, 75204 KB] Next pair of indices: (37, 4)
[t=5.78527s, 75204 KB] M&S algorithm main loop timer: 5.77887s (after computation of next merge)
[t=5.94254s, 75204 KB] M&S algorithm main loop timer: 5.93619s (after shrinking)
[t=6.24367s, 89812 KB] M&S algorithm main loop timer: 6.23731s (after merging)
[t=6.3494s, 89812 KB] M&S algorithm main loop timer: 6.34306s (after pruning)

[t=6.3495s, 89812 KB] Operator mutex starting iteration 16


[t=6.34966s, 89812 KB] In ts_16_0 of size 2 found num new op-mutexes 0


[t=6.34981s, 89812 KB] In ts_16_1 of size 2 found num new op-mutexes 0


[t=6.34996s, 89812 KB] In ts_16_2 of size 2 found num new op-mutexes 0


[t=6.3501s, 89812 KB] In ts_16_3 of size 2 found num new op-mutexes 0
[t=6.35928s, 93788 KB] Operator mutex finished iteration 16. Found an additional 0 operator mutexes

[t=6.35939s, 93788 KB] Next pair of indices: (38, 3)
[t=6.35941s, 93788 KB] M&S algorithm main loop timer: 6.35301s (after computation of next merge)
[t=6.62371s, 93788 KB] M&S algorithm main loop timer: 6.61734s (after shrinking)
[t=7.14155s, 117488 KB] M&S algorithm main loop timer: 7.13522s (after merging)
[t=7.30975s, 117488 KB] M&S algorithm main loop timer: 7.30342s (after pruning)

[t=7.30985s, 117488 KB] Operator mutex starting iteration 17


[t=7.31003s, 117488 KB] In ts_17_0 of size 2 found num new op-mutexes 0


[t=7.31019s, 117488 KB] In ts_17_1 of size 2 found num new op-mutexes 0


[t=7.31034s, 117488 KB] In ts_17_2 of size 2 found num new op-mutexes 0
[t=7.32497s, 127448 KB] Operator mutex finished iteration 17. Found an additional 0 operator mutexes

[t=7.32507s, 127448 KB] Next pair of indices: (39, 2)
[t=7.3251s, 127448 KB] M&S algorithm main loop timer: 7.31869s (after computation of next merge)
[t=7.76452s, 127448 KB] M&S algorithm main loop timer: 7.75816s (after shrinking)
[t=8.55958s, 167364 KB] M&S algorithm main loop timer: 8.55322s (after merging)
[t=8.82501s, 167364 KB] M&S algorithm main loop timer: 8.81867s (after pruning)

[t=8.82511s, 167364 KB] Operator mutex starting iteration 18


[t=8.8253s, 167364 KB] In ts_18_0 of size 2 found num new op-mutexes 0


[t=8.82546s, 167364 KB] In ts_18_1 of size 2 found num new op-mutexes 0
[t=8.85205s, 180948 KB] Operator mutex finished iteration 18. Found an additional 0 operator mutexes

[t=8.85216s, 180948 KB] Next pair of indices: (40, 1)
[t=8.85219s, 180948 KB] M&S algorithm main loop timer: 8.84579s (after computation of next merge)
[t=9.53479s, 180948 KB] M&S algorithm main loop timer: 9.52844s (after shrinking)
[t=10.7836s, 238720 KB] M&S algorithm main loop timer: 10.7773s (after merging)
[t=11.201s, 238720 KB] M&S algorithm main loop timer: 11.1946s (after pruning)

[t=11.2011s, 238720 KB] Operator mutex starting iteration 19


[t=11.2013s, 238720 KB] In ts_19_0 of size 2 found num new op-mutexes 0
[t=11.2361s, 260028 KB] Operator mutex finished iteration 19. Found an additional 0 operator mutexes

[t=11.2362s, 260028 KB] Next pair of indices: (41, 0)
[t=11.2362s, 260028 KB] M&S algorithm main loop timer: 11.2298s (after computation of next merge)
[t=12.3181s, 260028 KB] M&S algorithm main loop timer: 12.3118s (after shrinking)
[t=14.0899s, 318616 KB] M&S algorithm main loop timer: 14.0836s (after merging)
[t=14.7042s, 318616 KB] M&S algorithm main loop timer: 14.6979s (after pruning)

[t=14.7043s, 318616 KB] Operator mutex starting iteration 20
[t=14.7537s, 354904 KB] Operator mutex finished iteration 20. Found an additional 0 operator mutexes

[t=14.7538s, 354904 KB] End of merge-and-shrink algorithm, statistics:
[t=14.7539s, 354904 KB] Main loop runtime: 14.7475s
[t=14.7539s, 354904 KB] Maximum intermediate abstraction size: 50000
[t=14.7539s, 354904 KB] Final peak memory increase of merge-and-shrink algorithm: 332172 KB
[t=14.7539s, 354904 KB] Merge-and-shrink algorithm runtime: 14.7497s

[t=14.754s, 354904 KB] Number of labels: 504
[t=14.754s, 354904 KB] Total number of operator mutexes: 1196
[t=14.754s, 354904 KB] Operator Mutex total time: 3.30581s
[t=14.754s, 354904 KB] Number of remaining factors: 1
[t=14.7543s, 354904 KB] Number of factors kept: 1
[t=14.7543s, 354904 KB] Done initializing merge-and-shrink heuristic.

[t=14.7576s, 354904 KB] Building successor generator...done!
[t=14.758s, 354904 KB] peak memory difference for successor generator creation: 0 KB
[t=14.758s, 354904 KB] time for successor generation creation: 0.000235124s
[t=14.758s, 354904 KB] Variables: 22
[t=14.7581s, 354904 KB] FactPairs: 75
[t=14.7581s, 354904 KB] Bytes per state: 8
[t=14.7582s, 354904 KB] Conducting best first search with reopening closed nodes, (real) bound = 2147483647
[t=14.7583s, 354904 KB] New best heuristic value for merge_and_shrink(op_mutex = op_mutex(use_previous_ops = nasutpo, reachability_strategy = goal), merge_strategy = merge_precomputed(linear), shrink_strategy = shrink_fh): 8
[t=14.7583s, 354904 KB] g=0, 1 evaluated, 0 expanded
[t=14.7583s, 354904 KB] f = 8, 1 evaluated, 0 expanded
[t=14.7584s, 354904 KB] Initial heuristic value for merge_and_shrink(op_mutex = op_mutex(use_previous_ops = nasutpo, reachability_strategy = goal), merge_strategy = merge_precomputed(linear), shrink_strategy = shrink_fh): 8
[t=14.7584s, 354904 KB] pruning method: none
[t=14.7584s, 354904 KB] New best heuristic value for merge_and_shrink(op_mutex = op_mutex(use_previous_ops = nasutpo, reachability_strategy = goal), merge_strategy = merge_precomputed(linear), shrink_strategy = shrink_fh): 7
[t=14.7584s, 354904 KB] g=1, 2 evaluated, 1 expanded
[t=14.7585s, 354904 KB] New best heuristic value for merge_and_shrink(op_mutex = op_mutex(use_previous_ops = nasutpo, reachability_strategy = goal), merge_strategy = merge_precomputed(linear), shrink_strategy = shrink_fh): 6
[t=14.7585s, 354904 KB] g=2, 10 evaluated, 2 expanded
[t=14.7586s, 354904 KB] New best heuristic value for merge_and_shrink(op_mutex = op_mutex(use_previous_ops = nasutpo, reachability_strategy = goal), merge_strategy = merge_precomputed(linear), shrink_strategy = shrink_fh): 5
[t=14.7586s, 354904 KB] g=3, 18 evaluated, 3 expanded
[t=14.7587s, 354904 KB] New best heuristic value for merge_and_shrink(op_mutex = op_mutex(use_previous_ops = nasutpo, reachability_strategy = goal), merge_strategy = merge_precomputed(linear), shrink_strategy = shrink_fh): 4
[t=14.7587s, 354904 KB] g=4, 27 evaluated, 4 expanded
[t=14.7588s, 354904 KB] New best heuristic value for merge_and_shrink(op_mutex = op_mutex(use_previous_ops = nasutpo, reachability_strategy = goal), merge_strategy = merge_precomputed(linear), shrink_strategy = shrink_fh): 3
[t=14.7588s, 354904 KB] g=5, 34 evaluated, 5 expanded
[t=14.7588s, 354904 KB] New best heuristic value for merge_and_shrink(op_mutex = op_mutex(use_previous_ops = nasutpo, reachability_strategy = goal), merge_strategy = merge_precomputed(linear), shrink_strategy = shrink_fh): 2
[t=14.7589s, 354904 KB] g=6, 39 evaluated, 6 expanded
[t=14.7589s, 354904 KB] New best heuristic value for merge_and_shrink(op_mutex = op_mutex(use_previous_ops = nasutpo, reachability_strategy = goal), merge_strategy = merge_precomputed(linear), shrink_strategy = shrink_fh): 1
[t=14.7589s, 354904 KB] g=7, 43 evaluated, 7 expanded
[t=14.759s, 354904 KB] New best heuristic value for merge_and_shrink(op_mutex = op_mutex(use_previous_ops = nasutpo, reachability_strategy = goal), merge_strategy = merge_precomputed(linear), shrink_strategy = shrink_fh): 0
[t=14.759s, 354904 KB] g=8, 46 evaluated, 8 expanded
[t=14.759s, 354904 KB] Solution found!
[t=14.759s, 354904 KB] Actual search time: 0.000648872s
sendtohome diamonda hearta diamond n1 diamond0 n0 (1)
sendtohome-b hearta heart n1 heart0 n0 n0 n1 (1)
sendtohome spadea spade2 spade n1 spade0 n0 (1)
sendtohome-b spade2 spade n2 spadea n1 n1 n2 (1)
sendtohome heart2 cluba heart n2 hearta n1 (1)
sendtohome-b cluba club n1 club0 n0 n2 n3 (1)
sendtohome club2 diamond2 club n2 cluba n1 (1)
sendtohome-b diamond2 diamond n2 diamonda n1 n3 n4 (1)
[t=14.7591s, 354904 KB] Plan length: 8 step(s).
[t=14.7591s, 354904 KB] Plan cost: 8
[t=14.7591s, 354904 KB] Expanded 9 state(s).
[t=14.7591s, 354904 KB] Reopened 0 state(s).
[t=14.7591s, 354904 KB] Evaluated 47 state(s).
[t=14.7591s, 354904 KB] Evaluations: 47
[t=14.7591s, 354904 KB] Generated 46 state(s).
[t=14.7591s, 354904 KB] Dead ends: 0 state(s).
[t=14.7591s, 354904 KB] Expanded until last jump: 0 state(s).
[t=14.7591s, 354904 KB] Reopened until last jump: 0 state(s).
[t=14.7591s, 354904 KB] Evaluated until last jump: 1 state(s).
[t=14.7591s, 354904 KB] Generated until last jump: 0 state(s).
[t=14.7591s, 354904 KB] Number of registered states: 47
[t=14.7591s, 354904 KB] Int hash set load factor: 47/64 = 0.734375
[t=14.7591s, 354904 KB] Int hash set resizes: 6
[t=14.7591s, 354904 KB] Search time: 0.000858949s
[t=14.7591s, 354904 KB] Total time: 14.7591s
Solution found.
Peak memory: 354904 KB
Remove intermediate file output.sas
search exit code: 0

INFO     Running validate.
INFO     validate stdin: None
INFO     validate time limit: None
INFO     validate memory limit: None
INFO     validate command line string: validate domain.pddl problem.pddl sas_plan
Checking plan: sas_plan
Plan executed successfully - checking goal
Plan valid
Final value: 8 

Successful plans:
Value: 8
 sas_plan 8 

validate exit code: 0

