INFO     Running translator.
INFO     translator stdin: None
INFO     translator time limit: 599.97s
INFO     translator memory limit: 7000 MB
INFO     translator command line string: /usr/bin/python3 /user/student.aau.dk/lkar18/downward-projects/downward/experiments/nopo_vs_nasutpo_195p/data/nopo_vs_nasutpo/code-94571df14dfaf5b06207d9589b12facdd93f580c_e5e41175/builds/release/bin/translate/translate.py domain.pddl problem.pddl --sas-file output.sas
Parsing...
Parsing: [0.010s CPU, 0.004s wall-clock]
Normalizing task... [0.000s CPU, 0.000s wall-clock]
Instantiating...
Generating Datalog program... [0.000s CPU, 0.001s wall-clock]
Normalizing Datalog program...
Normalizing Datalog program: [0.000s CPU, 0.003s wall-clock]
Preparing model... [0.000s CPU, 0.002s wall-clock]
Generated 92 rules.
Computing model... [0.010s CPU, 0.007s wall-clock]
400 relevant atoms
372 auxiliary atoms
772 final queue length
1152 total queue pushes
Completing instantiation... [0.010s CPU, 0.007s wall-clock]
Instantiating: [0.020s CPU, 0.020s wall-clock]
Computing fact groups...
Finding invariants...
12 initial candidates
Finding invariants: [0.000s CPU, 0.006s wall-clock]
Checking invariant weight... [0.000s CPU, 0.000s wall-clock]
Instantiating groups... [0.000s CPU, 0.000s wall-clock]
Collecting mutex groups... [0.000s CPU, 0.000s wall-clock]
Choosing groups...
0 uncovered facts
Choosing groups: [0.000s CPU, 0.000s wall-clock]
Building translation key... [0.000s CPU, 0.000s wall-clock]
Computing fact groups: [0.000s CPU, 0.008s wall-clock]
Building STRIPS to SAS dictionary... [0.000s CPU, 0.000s wall-clock]
Building dictionary for full mutex groups... [0.000s CPU, 0.000s wall-clock]
Building mutex information...
Building mutex information: [0.000s CPU, 0.000s wall-clock]
Translating task...
Processing axioms...
Simplifying axioms... [0.000s CPU, 0.000s wall-clock]
Translator axioms removed by simplifying: 0
Computing negative axioms... [0.000s CPU, 0.000s wall-clock]
Processing axioms: [0.010s CPU, 0.001s wall-clock]
Translating task: [0.010s CPU, 0.008s wall-clock]
0 effect conditions simplified
0 implied preconditions added
Detecting unreachable propositions...
0 operators removed
0 axioms removed
21 propositions removed
Detecting unreachable propositions: [0.010s CPU, 0.004s wall-clock]
Reordering and filtering variables...
21 of 21 variables necessary.
0 of 31 mutex groups necessary.
220 of 220 operators necessary.
0 of 0 axiom rules necessary.
Reordering and filtering variables: [0.000s CPU, 0.001s wall-clock]
Translator variables: 21
Translator derived variables: 0
Translator facts: 61
Translator goal facts: 10
Translator mutex groups: 0
Translator total mutex groups size: 0
Translator operators: 220
Translator axioms: 0
Translator task size: 1317
Translator peak memory: 42780 KB
Writing output... [0.000s CPU, 0.003s wall-clock]
Done! [0.050s CPU, 0.050s wall-clock]
translate exit code: 0

INFO     Running search (release).
INFO     search stdin: output.sas
INFO     search time limit: 599.87s
INFO     search memory limit: 7000 MB
INFO     search command line string: /user/student.aau.dk/lkar18/downward-projects/downward/experiments/nopo_vs_nasutpo_195p/data/nopo_vs_nasutpo/code-94571df14dfaf5b06207d9589b12facdd93f580c_e5e41175/builds/release/bin/downward --search 'astar(merge_and_shrink(op_mutex=op_mutex(use_previous_ops=NaSUTPO, reachability_strategy=goal), merge_strategy=merge_sccs(order_of_sccs=topological, merge_tree=linear()), shrink_strategy=shrink_bisimulation(greedy=true, at_limit=USE_UP)))' --internal-plan-file sas_plan < output.sas
[t=3.6777e-05s, 22344 KB] reading input...
[t=0.000851927s, 22344 KB] done reading input!
[t=0.00222529s, 22600 KB] Initializing merge-and-shrink heuristic...
[t=0.00228835s, 22600 KB] Running merge-and-shrink algorithm...
[t=0.00230725s, 22600 KB] Merge strategy options:
[t=0.00232709s, 22600 KB] Type: sccs
[t=0.00234674s, 22600 KB] Merge order of sccs: topological
[t=0.00236558s, 22600 KB] Merge strategy for merging within sccs: 
[t=0.00238417s, 22600 KB] Merge tree options: 
[t=0.00240278s, 22600 KB] Type: linear
[t=0.00242126s, 22600 KB] Update option: use random
[t=0.00244024s, 22600 KB] Variable order type: CG/GOAL, tie breaking on level (main)

[t=0.00246118s, 22600 KB] Options related to size limits and shrinking: 
[t=0.00248034s, 22600 KB] Transition system size limit: 50000
[t=0.00249856s, 22600 KB] Transition system size limit right before merge: 50000
[t=0.00251671s, 22600 KB] Threshold to trigger shrinking right before merge: 1

[t=0.00253744s, 22600 KB] Pruning unreachable states: yes
[t=0.00255666s, 22600 KB] Pruning irrelevant states: yes

[t=0.00257671s, 22600 KB] Label reduction disabled

[t=0.00259754s, 22600 KB] Main loop max time in seconds: inf

[t=0.00262411s, 22600 KB] ===============================================================================
[t=0.00264834s, 22600 KB] WARNING! You did not enable label reduction.
This may drastically reduce the performance of merge-and-shrink!
[t=0.00266786s, 22600 KB] ===============================================================================

[t=0.00268916s, 22600 KB] Building atomic transition systems... 
[t=0.00336094s, 23560 KB] M&S algorithm timer: 0.00110235s (after computation of atomic factors)

[t=0.00340464s, 23560 KB] Starting main loop without a time limit.
[t=0.00343258s, 23560 KB] building causal graph...done! [t=0.000113199s]
[t=0.00356088s, 23560 KB] SCCs of the causal graph:
[t=0.00359045s, 23560 KB] [0, 10, 11, 7, 19, 2, 6, 18, 1, 12, 3, 13, 8, 16, 14, 9, 15, 17, 5, 20, 4]
[t=0.00361218s, 23560 KB] Only one single SCC
[t=0.00364019s, 23560 KB] Next pair of indices: (20, 10)
[t=0.00366133s, 23560 KB] M&S algorithm main loop timer: 0.000274512s (after computation of next merge)
[t=0.0037574s, 23560 KB] M&S algorithm main loop timer: 0.000382513s (after merging)

[t=0.00379727s, 23560 KB] Operator mutex starting iteration 0


[t=0.00388423s, 23560 KB] In ts_0_0 of size 2 found num new op-mutexes 1


[t=0.00396716s, 23560 KB] In ts_0_1 of size 2 found num new op-mutexes 1


[t=0.00404641s, 23560 KB] In ts_0_2 of size 2 found num new op-mutexes 1


[t=0.004124s, 23560 KB] In ts_0_3 of size 2 found num new op-mutexes 1


[t=0.00421062s, 23560 KB] In ts_0_4 of size 2 found num new op-mutexes 1


[t=0.0042875s, 23560 KB] In ts_0_5 of size 2 found num new op-mutexes 1


[t=0.00436483s, 23560 KB] In ts_0_6 of size 2 found num new op-mutexes 1


[t=0.00444051s, 23560 KB] In ts_0_7 of size 2 found num new op-mutexes 1


[t=0.00451628s, 23560 KB] In ts_0_8 of size 2 found num new op-mutexes 1


[t=0.00459251s, 23560 KB] In ts_0_9 of size 2 found num new op-mutexes 1


[t=0.00470873s, 23560 KB] In ts_0_11 of size 3 found num new op-mutexes 200


[t=0.00482564s, 23560 KB] In ts_0_12 of size 3 found num new op-mutexes 200


[t=0.00494403s, 23560 KB] In ts_0_13 of size 3 found num new op-mutexes 200


[t=0.00507527s, 23560 KB] In ts_0_14 of size 3 found num new op-mutexes 200


[t=0.00518757s, 23560 KB] In ts_0_15 of size 3 found num new op-mutexes 200


[t=0.00529861s, 23560 KB] In ts_0_16 of size 3 found num new op-mutexes 200


[t=0.00540866s, 23560 KB] In ts_0_17 of size 3 found num new op-mutexes 200


[t=0.00554624s, 23560 KB] In ts_0_18 of size 3 found num new op-mutexes 200


[t=0.00565178s, 23560 KB] In ts_0_19 of size 3 found num new op-mutexes 200


[t=0.00615331s, 23692 KB] In ts_0_21 of size 33 found num new op-mutexes 200
[t=0.00619121s, 23692 KB] Operator mutex finished iteration 0. Found an additional 2010 operator mutexes

[t=0.00622058s, 23692 KB] Next pair of indices: (21, 19)
[t=0.00624167s, 23692 KB] M&S algorithm main loop timer: 0.00285486s (after computation of next merge)
[t=0.00637466s, 23692 KB] M&S algorithm main loop timer: 0.00299624s (after merging)

[t=0.00641441s, 23692 KB] Operator mutex starting iteration 1


[t=0.00649707s, 23692 KB] In ts_1_0 of size 2 found num new op-mutexes 0


[t=0.00657901s, 23692 KB] In ts_1_1 of size 2 found num new op-mutexes 0


[t=0.00667203s, 23692 KB] In ts_1_2 of size 2 found num new op-mutexes 0


[t=0.0067522s, 23692 KB] In ts_1_3 of size 2 found num new op-mutexes 0


[t=0.00683035s, 23692 KB] In ts_1_4 of size 2 found num new op-mutexes 0


[t=0.00691406s, 23692 KB] In ts_1_5 of size 2 found num new op-mutexes 0


[t=0.00699777s, 23692 KB] In ts_1_6 of size 2 found num new op-mutexes 0


[t=0.00707649s, 23692 KB] In ts_1_7 of size 2 found num new op-mutexes 0


[t=0.00715458s, 23692 KB] In ts_1_8 of size 2 found num new op-mutexes 0


[t=0.00723142s, 23692 KB] In ts_1_9 of size 2 found num new op-mutexes 0


[t=0.0073335s, 23692 KB] In ts_1_11 of size 3 found num new op-mutexes 0


[t=0.00744168s, 23692 KB] In ts_1_12 of size 3 found num new op-mutexes 0


[t=0.00754072s, 23692 KB] In ts_1_13 of size 3 found num new op-mutexes 0


[t=0.00764882s, 23692 KB] In ts_1_14 of size 3 found num new op-mutexes 0


[t=0.00775069s, 23692 KB] In ts_1_15 of size 3 found num new op-mutexes 0


[t=0.00785118s, 23692 KB] In ts_1_16 of size 3 found num new op-mutexes 0


[t=0.00795981s, 23692 KB] In ts_1_17 of size 3 found num new op-mutexes 0


[t=0.00805937s, 23692 KB] In ts_1_18 of size 3 found num new op-mutexes 0


[t=0.059737s, 23692 KB] In ts_1_22 of size 99 found num new op-mutexes 0
[t=0.0598322s, 23692 KB] Operator mutex finished iteration 1. Found an additional 0 operator mutexes

[t=0.0598667s, 23692 KB] Next pair of indices: (22, 18)
[t=0.0598893s, 23692 KB] M&S algorithm main loop timer: 0.0565027s (after computation of next merge)
[t=0.0602255s, 23692 KB] M&S algorithm main loop timer: 0.056861s (after merging)

[t=0.060293s, 23692 KB] Operator mutex starting iteration 2


[t=0.0604022s, 23692 KB] In ts_2_0 of size 2 found num new op-mutexes 0


[t=0.0604897s, 23692 KB] In ts_2_1 of size 2 found num new op-mutexes 0


[t=0.0605732s, 23692 KB] In ts_2_2 of size 2 found num new op-mutexes 0


[t=0.0606537s, 23692 KB] In ts_2_3 of size 2 found num new op-mutexes 0


[t=0.060733s, 23692 KB] In ts_2_4 of size 2 found num new op-mutexes 0


[t=0.0608125s, 23692 KB] In ts_2_5 of size 2 found num new op-mutexes 0


[t=0.0608915s, 23692 KB] In ts_2_6 of size 2 found num new op-mutexes 0


[t=0.0609707s, 23692 KB] In ts_2_7 of size 2 found num new op-mutexes 0


[t=0.0610501s, 23692 KB] In ts_2_8 of size 2 found num new op-mutexes 0


[t=0.0611295s, 23692 KB] In ts_2_9 of size 2 found num new op-mutexes 0


[t=0.0612564s, 23692 KB] In ts_2_11 of size 3 found num new op-mutexes 0


[t=0.0613745s, 23692 KB] In ts_2_12 of size 3 found num new op-mutexes 0


[t=0.0614797s, 23692 KB] In ts_2_13 of size 3 found num new op-mutexes 0


[t=0.0615845s, 23692 KB] In ts_2_14 of size 3 found num new op-mutexes 0


[t=0.0616884s, 23692 KB] In ts_2_15 of size 3 found num new op-mutexes 0


[t=0.0618134s, 23692 KB] In ts_2_16 of size 3 found num new op-mutexes 0


[t=0.0619185s, 23692 KB] In ts_2_17 of size 3 found num new op-mutexes 0


[t=89.6885s, 23844 KB] In ts_2_23 of size 297 found num new op-mutexes 0
[t=89.6886s, 23844 KB] Operator mutex finished iteration 2. Found an additional 0 operator mutexes

[t=89.6886s, 23844 KB] Next pair of indices: (23, 17)
[t=89.6887s, 23844 KB] M&S algorithm main loop timer: 89.6853s (after computation of next merge)
[t=89.6895s, 23844 KB] M&S algorithm main loop timer: 89.6861s (after merging)

[t=89.6896s, 23844 KB] Operator mutex starting iteration 3


[t=89.6897s, 23844 KB] In ts_3_0 of size 2 found num new op-mutexes 0


[t=89.6898s, 23844 KB] In ts_3_1 of size 2 found num new op-mutexes 0


[t=89.6899s, 23844 KB] In ts_3_2 of size 2 found num new op-mutexes 0


[t=89.6899s, 23844 KB] In ts_3_3 of size 2 found num new op-mutexes 0


[t=89.69s, 23844 KB] In ts_3_4 of size 2 found num new op-mutexes 0


[t=89.6901s, 23844 KB] In ts_3_5 of size 2 found num new op-mutexes 0


[t=89.6902s, 23844 KB] In ts_3_6 of size 2 found num new op-mutexes 0


[t=89.6903s, 23844 KB] In ts_3_7 of size 2 found num new op-mutexes 0


[t=89.6904s, 23844 KB] In ts_3_8 of size 2 found num new op-mutexes 0


[t=89.6904s, 23844 KB] In ts_3_9 of size 2 found num new op-mutexes 0


[t=89.6906s, 23844 KB] In ts_3_11 of size 3 found num new op-mutexes 0


[t=89.6907s, 23844 KB] In ts_3_12 of size 3 found num new op-mutexes 0


[t=89.6908s, 23844 KB] In ts_3_13 of size 3 found num new op-mutexes 0


[t=89.6909s, 23844 KB] In ts_3_14 of size 3 found num new op-mutexes 0


[t=89.691s, 23844 KB] In ts_3_15 of size 3 found num new op-mutexes 0


[t=89.6911s, 23844 KB] In ts_3_16 of size 3 found num new op-mutexes 0

Peak memory: 24152 KB
caught signal 24 -- exiting
Time limit has been reached.
Remove intermediate file output.sas
search exit code: 23

Driver aborting after search
