INFO     Running translator.
INFO     translator stdin: None
INFO     translator time limit: 599.96s
INFO     translator memory limit: 7000 MB
INFO     translator command line string: /usr/bin/python3 /user/student.aau.dk/lkar18/downward-projects/downward/experiments/nopo_vs_nasutpo_195p/data/nopo_vs_nasutpo/code-94571df14dfaf5b06207d9589b12facdd93f580c_e5e41175/builds/release/bin/translate/translate.py domain.pddl problem.pddl --sas-file output.sas
Parsing...
Parsing: [0.010s CPU, 0.003s wall-clock]
Normalizing task... [0.000s CPU, 0.000s wall-clock]
Instantiating...
Generating Datalog program... [0.000s CPU, 0.001s wall-clock]
Normalizing Datalog program...
Normalizing Datalog program: [0.000s CPU, 0.002s wall-clock]
Preparing model... [0.000s CPU, 0.003s wall-clock]
Generated 38 rules.
Computing model... [0.020s CPU, 0.015s wall-clock]
632 relevant atoms
1048 auxiliary atoms
1680 final queue length
1905 total queue pushes
Completing instantiation... [0.000s CPU, 0.006s wall-clock]
Instantiating: [0.020s CPU, 0.027s wall-clock]
Computing fact groups...
Finding invariants...
7 initial candidates
Finding invariants: [0.010s CPU, 0.007s wall-clock]
Checking invariant weight... [0.000s CPU, 0.000s wall-clock]
Instantiating groups... [0.010s CPU, 0.004s wall-clock]
Collecting mutex groups... [0.000s CPU, 0.000s wall-clock]
Choosing groups...
42 uncovered facts
Choosing groups: [0.000s CPU, 0.000s wall-clock]
Building translation key... [0.000s CPU, 0.000s wall-clock]
Computing fact groups: [0.020s CPU, 0.013s wall-clock]
Building STRIPS to SAS dictionary... [0.000s CPU, 0.000s wall-clock]
Building dictionary for full mutex groups... [0.000s CPU, 0.000s wall-clock]
Building mutex information...
Building mutex information: [0.000s CPU, 0.000s wall-clock]
Translating task...
Processing axioms...
Simplifying axioms... [0.000s CPU, 0.000s wall-clock]
Translator axioms removed by simplifying: 0
Computing negative axioms... [0.000s CPU, 0.000s wall-clock]
Processing axioms: [0.000s CPU, 0.000s wall-clock]
Translating task: [0.000s CPU, 0.006s wall-clock]
162 effect conditions simplified
0 implied preconditions added
Detecting unreachable propositions...
0 operators removed
0 axioms removed
37 propositions removed
Detecting unreachable propositions: [0.010s CPU, 0.004s wall-clock]
Reordering and filtering variables...
28 of 28 variables necessary.
23 of 26 mutex groups necessary.
114 of 114 operators necessary.
0 of 0 axiom rules necessary.
Reordering and filtering variables: [0.000s CPU, 0.002s wall-clock]
Translator variables: 28
Translator derived variables: 0
Translator facts: 111
Translator goal facts: 2
Translator mutex groups: 23
Translator total mutex groups size: 84
Translator operators: 114
Translator axioms: 0
Translator task size: 1071
Translator peak memory: 43108 KB
Writing output... [0.000s CPU, 0.002s wall-clock]
Done! [0.060s CPU, 0.058s wall-clock]
translate exit code: 0

INFO     Running search (release).
INFO     search stdin: output.sas
INFO     search time limit: 599.85s
INFO     search memory limit: 7000 MB
INFO     search command line string: /user/student.aau.dk/lkar18/downward-projects/downward/experiments/nopo_vs_nasutpo_195p/data/nopo_vs_nasutpo/code-94571df14dfaf5b06207d9589b12facdd93f580c_e5e41175/builds/release/bin/downward --search 'astar(merge_and_shrink(op_mutex=op_mutex(use_previous_ops=NaSUTPO, reachability_strategy=goal), merge_strategy=merge_precomputed(linear()), shrink_strategy=shrink_bisimulation(greedy=false, at_limit=RETURN)))' --internal-plan-file sas_plan < output.sas
[t=3.9783e-05s, 22344 KB] reading input...
[t=0.000843898s, 22344 KB] done reading input!
[t=0.00222435s, 22600 KB] Initializing merge-and-shrink heuristic...
[t=0.00229346s, 22600 KB] Running merge-and-shrink algorithm...
[t=0.00231453s, 22600 KB] Merge strategy options:
[t=0.00233562s, 22600 KB] Type: precomputed
[t=0.00235597s, 22600 KB] Merge tree options: 
[t=0.00237601s, 22600 KB] Type: linear
[t=0.00239616s, 22600 KB] Update option: use random
[t=0.00241611s, 22600 KB] Variable order type: CG/GOAL, tie breaking on level (main)

[t=0.00243839s, 22600 KB] Options related to size limits and shrinking: 
[t=0.00245956s, 22600 KB] Transition system size limit: 50000
[t=0.00247989s, 22600 KB] Transition system size limit right before merge: 50000
[t=0.00249964s, 22600 KB] Threshold to trigger shrinking right before merge: 1

[t=0.00252181s, 22600 KB] Pruning unreachable states: yes
[t=0.00254226s, 22600 KB] Pruning irrelevant states: yes

[t=0.00256411s, 22600 KB] Label reduction disabled

[t=0.00258615s, 22600 KB] Main loop max time in seconds: inf

[t=0.00261136s, 22600 KB] ===============================================================================
[t=0.00263133s, 22600 KB] WARNING! You did not enable label reduction.
This may drastically reduce the performance of merge-and-shrink!
[t=0.00265169s, 22600 KB] ===============================================================================

[t=0.00267396s, 22600 KB] Building atomic transition systems... 
[t=0.00327795s, 23264 KB] M&S algorithm timer: 0.00101954s (after computation of atomic factors)

[t=0.00332947s, 23264 KB] Starting main loop without a time limit.
[t=0.00336434s, 23264 KB] building causal graph...done! [t=0.000327078s]
[t=0.00372558s, 23264 KB] Next pair of indices: (27, 25)
[t=0.00377724s, 23264 KB] M&S algorithm main loop timer: 0.000468994s (after computation of next merge)
[t=0.00383598s, 23264 KB] M&S algorithm main loop timer: 0.00053031s (after shrinking)
[t=0.00389925s, 23264 KB] M&S algorithm main loop timer: 0.000595495s (after merging)
[t=0.00393627s, 23264 KB] M&S algorithm main loop timer: 0.000627152s (after pruning)

[t=0.00396292s, 23264 KB] Operator mutex starting iteration 0


[t=0.00402725s, 23264 KB] In ts_0_0 of size 2 found num new op-mutexes 0


[t=0.00409235s, 23264 KB] In ts_0_1 of size 2 found num new op-mutexes 0


[t=0.00416024s, 23264 KB] In ts_0_2 of size 2 found num new op-mutexes 0


[t=0.00421927s, 23264 KB] In ts_0_3 of size 2 found num new op-mutexes 0


[t=0.00427762s, 23264 KB] In ts_0_4 of size 2 found num new op-mutexes 0


[t=0.00433421s, 23264 KB] In ts_0_5 of size 2 found num new op-mutexes 0


[t=0.00440245s, 23264 KB] In ts_0_6 of size 2 found num new op-mutexes 0


[t=0.00446058s, 23264 KB] In ts_0_7 of size 2 found num new op-mutexes 0


[t=0.00451707s, 23264 KB] In ts_0_8 of size 2 found num new op-mutexes 0


[t=0.00458326s, 23264 KB] In ts_0_9 of size 2 found num new op-mutexes 0


[t=0.00463982s, 23264 KB] In ts_0_10 of size 2 found num new op-mutexes 0


[t=0.00469609s, 23264 KB] In ts_0_11 of size 2 found num new op-mutexes 0


[t=0.00475235s, 23264 KB] In ts_0_12 of size 2 found num new op-mutexes 0


[t=0.004808s, 23264 KB] In ts_0_13 of size 2 found num new op-mutexes 0


[t=0.00486359s, 23264 KB] In ts_0_14 of size 2 found num new op-mutexes 0


[t=0.00492034s, 23264 KB] In ts_0_15 of size 2 found num new op-mutexes 0


[t=0.00497722s, 23264 KB] In ts_0_16 of size 2 found num new op-mutexes 0


[t=0.00503394s, 23264 KB] In ts_0_17 of size 2 found num new op-mutexes 0


[t=0.00509064s, 23264 KB] In ts_0_18 of size 2 found num new op-mutexes 0


[t=0.00514729s, 23264 KB] In ts_0_19 of size 2 found num new op-mutexes 0


[t=0.00520312s, 23264 KB] In ts_0_20 of size 2 found num new op-mutexes 0


[t=0.00536608s, 23264 KB] In ts_0_21 of size 16 found num new op-mutexes 109


[t=0.00543279s, 23264 KB] In ts_0_22 of size 2 found num new op-mutexes 0


[t=0.00549362s, 23264 KB] In ts_0_23 of size 2 found num new op-mutexes 0


[t=0.0057869s, 23264 KB] In ts_0_24 of size 23 found num new op-mutexes 0


[t=0.00585866s, 23264 KB] In ts_0_26 of size 2 found num new op-mutexes 0


[t=0.00655424s, 23404 KB] In ts_0_28 of size 9 found num new op-mutexes 3973
[t=0.00659436s, 23404 KB] Operator mutex finished iteration 0. Found an additional 4082 operator mutexes

[t=0.00662484s, 23404 KB] Next pair of indices: (28, 24)
[t=0.00664658s, 23404 KB] M&S algorithm main loop timer: 0.00333635s (after computation of next merge)
[t=0.00679776s, 23404 KB] M&S algorithm main loop timer: 0.00349714s (after merging)

[t=0.00686309s, 23404 KB] Operator mutex starting iteration 1


[t=0.00693313s, 23404 KB] In ts_1_0 of size 2 found num new op-mutexes 0


[t=0.00700198s, 23404 KB] In ts_1_1 of size 2 found num new op-mutexes 0


[t=0.00706416s, 23404 KB] In ts_1_2 of size 2 found num new op-mutexes 0


[t=0.00712448s, 23404 KB] In ts_1_3 of size 2 found num new op-mutexes 0


[t=0.00718387s, 23404 KB] In ts_1_4 of size 2 found num new op-mutexes 0


[t=0.00724217s, 23404 KB] In ts_1_5 of size 2 found num new op-mutexes 0


[t=0.00731124s, 23404 KB] In ts_1_6 of size 2 found num new op-mutexes 0


[t=0.00736913s, 23404 KB] In ts_1_7 of size 2 found num new op-mutexes 0


[t=0.00742742s, 23404 KB] In ts_1_8 of size 2 found num new op-mutexes 0


[t=0.00748484s, 23404 KB] In ts_1_9 of size 2 found num new op-mutexes 0


[t=0.00754209s, 23404 KB] In ts_1_10 of size 2 found num new op-mutexes 0


[t=0.0075989s, 23404 KB] In ts_1_11 of size 2 found num new op-mutexes 0


[t=0.00765664s, 23404 KB] In ts_1_12 of size 2 found num new op-mutexes 0


[t=0.00771398s, 23404 KB] In ts_1_13 of size 2 found num new op-mutexes 0


[t=0.00777865s, 23404 KB] In ts_1_14 of size 2 found num new op-mutexes 0


[t=0.00783653s, 23404 KB] In ts_1_15 of size 2 found num new op-mutexes 0


[t=0.00789369s, 23404 KB] In ts_1_16 of size 2 found num new op-mutexes 0


[t=0.00795891s, 23404 KB] In ts_1_17 of size 2 found num new op-mutexes 0


[t=0.00801749s, 23404 KB] In ts_1_18 of size 2 found num new op-mutexes 0


[t=0.00807563s, 23404 KB] In ts_1_19 of size 2 found num new op-mutexes 0


[t=0.00813359s, 23404 KB] In ts_1_20 of size 2 found num new op-mutexes 0


[t=0.00831151s, 23404 KB] In ts_1_21 of size 16 found num new op-mutexes 0


[t=0.00838027s, 23404 KB] In ts_1_22 of size 2 found num new op-mutexes 0


[t=0.00844336s, 23404 KB] In ts_1_23 of size 2 found num new op-mutexes 0


[t=0.00850536s, 23404 KB] In ts_1_26 of size 2 found num new op-mutexes 0


[t=0.00938693s, 23540 KB] In ts_1_29 of size 207 found num new op-mutexes 0
[t=0.00942971s, 23540 KB] Operator mutex finished iteration 1. Found an additional 0 operator mutexes

[t=0.00946176s, 23540 KB] Next pair of indices: (29, 23)
[t=0.00948373s, 23540 KB] M&S algorithm main loop timer: 0.00617348s (after computation of next merge)
[t=0.0100054s, 23540 KB] M&S algorithm main loop timer: 0.00671167s (after merging)

[t=0.0100728s, 23540 KB] Operator mutex starting iteration 2


[t=0.0101389s, 23540 KB] In ts_2_0 of size 2 found num new op-mutexes 0


[t=0.0102037s, 23540 KB] In ts_2_1 of size 2 found num new op-mutexes 0


[t=0.0102643s, 23540 KB] In ts_2_2 of size 2 found num new op-mutexes 0


[t=0.0103237s, 23540 KB] In ts_2_3 of size 2 found num new op-mutexes 0


[t=0.0103817s, 23540 KB] In ts_2_4 of size 2 found num new op-mutexes 0


[t=0.0104393s, 23540 KB] In ts_2_5 of size 2 found num new op-mutexes 0


[t=0.0104976s, 23540 KB] In ts_2_6 of size 2 found num new op-mutexes 0


[t=0.0105555s, 23540 KB] In ts_2_7 of size 2 found num new op-mutexes 0


[t=0.0106124s, 23540 KB] In ts_2_8 of size 2 found num new op-mutexes 0


[t=0.0106786s, 23540 KB] In ts_2_9 of size 2 found num new op-mutexes 0


[t=0.010735s, 23540 KB] In ts_2_10 of size 2 found num new op-mutexes 0


[t=0.0107918s, 23540 KB] In ts_2_11 of size 2 found num new op-mutexes 0


[t=0.0108491s, 23540 KB] In ts_2_12 of size 2 found num new op-mutexes 0


[t=0.0109056s, 23540 KB] In ts_2_13 of size 2 found num new op-mutexes 0


[t=0.0109629s, 23540 KB] In ts_2_14 of size 2 found num new op-mutexes 0


[t=0.01102s, 23540 KB] In ts_2_15 of size 2 found num new op-mutexes 0


[t=0.0110862s, 23540 KB] In ts_2_16 of size 2 found num new op-mutexes 0


[t=0.0111429s, 23540 KB] In ts_2_17 of size 2 found num new op-mutexes 0


[t=0.0112001s, 23540 KB] In ts_2_18 of size 2 found num new op-mutexes 0


[t=0.0112573s, 23540 KB] In ts_2_19 of size 2 found num new op-mutexes 0


[t=0.0113136s, 23540 KB] In ts_2_20 of size 2 found num new op-mutexes 0


[t=0.0115041s, 23540 KB] In ts_2_21 of size 16 found num new op-mutexes 0


[t=0.0115735s, 23540 KB] In ts_2_22 of size 2 found num new op-mutexes 0


[t=0.0116359s, 23540 KB] In ts_2_26 of size 2 found num new op-mutexes 0


[t=0.0127347s, 23540 KB] In ts_2_30 of size 414 found num new op-mutexes 0
[t=0.0127766s, 23540 KB] Operator mutex finished iteration 2. Found an additional 0 operator mutexes

[t=0.0128068s, 23540 KB] Next pair of indices: (30, 22)
[t=0.0128293s, 23540 KB] M&S algorithm main loop timer: 0.00951888s (after computation of next merge)
[t=0.0137606s, 23540 KB] M&S algorithm main loop timer: 0.0104842s (after shrinking)
[t=0.0141385s, 23540 KB] M&S algorithm main loop timer: 0.0108499s (after merging)

[t=0.0142289s, 23540 KB] Operator mutex starting iteration 3


[t=0.014297s, 23540 KB] In ts_3_0 of size 2 found num new op-mutexes 0


[t=0.0143606s, 23540 KB] In ts_3_1 of size 2 found num new op-mutexes 0


[t=0.0144201s, 23540 KB] In ts_3_2 of size 2 found num new op-mutexes 0


[t=0.0144868s, 23540 KB] In ts_3_3 of size 2 found num new op-mutexes 0


[t=0.0145464s, 23540 KB] In ts_3_4 of size 2 found num new op-mutexes 0


[t=0.0146027s, 23540 KB] In ts_3_5 of size 2 found num new op-mutexes 0


[t=0.014668s, 23540 KB] In ts_3_6 of size 2 found num new op-mutexes 0


[t=0.0147244s, 23540 KB] In ts_3_7 of size 2 found num new op-mutexes 0


[t=0.0147807s, 23540 KB] In ts_3_8 of size 2 found num new op-mutexes 0


[t=0.0148376s, 23540 KB] In ts_3_9 of size 2 found num new op-mutexes 0


[t=0.0148933s, 23540 KB] In ts_3_10 of size 2 found num new op-mutexes 0


[t=0.01495s, 23540 KB] In ts_3_11 of size 2 found num new op-mutexes 0


[t=0.0150072s, 23540 KB] In ts_3_12 of size 2 found num new op-mutexes 0


[t=0.0150733s, 23540 KB] In ts_3_13 of size 2 found num new op-mutexes 0


[t=0.0151299s, 23540 KB] In ts_3_14 of size 2 found num new op-mutexes 0


[t=0.0151876s, 23540 KB] In ts_3_15 of size 2 found num new op-mutexes 0


[t=0.0152498s, 23540 KB] In ts_3_16 of size 2 found num new op-mutexes 0


[t=0.0153128s, 23540 KB] In ts_3_17 of size 2 found num new op-mutexes 0


[t=0.0153708s, 23540 KB] In ts_3_18 of size 2 found num new op-mutexes 0


[t=0.0154271s, 23540 KB] In ts_3_19 of size 2 found num new op-mutexes 0


[t=0.0154935s, 23540 KB] In ts_3_20 of size 2 found num new op-mutexes 0


[t=0.0156718s, 23540 KB] In ts_3_21 of size 16 found num new op-mutexes 0


[t=0.0157381s, 23540 KB] In ts_3_26 of size 2 found num new op-mutexes 0


[t=0.0172324s, 23676 KB] In ts_3_31 of size 810 found num new op-mutexes 0
[t=0.0172752s, 23676 KB] Operator mutex finished iteration 3. Found an additional 0 operator mutexes

[t=0.017306s, 23676 KB] Next pair of indices: (31, 21)
[t=0.0173283s, 23676 KB] M&S algorithm main loop timer: 0.0140176s (after computation of next merge)
[t=0.0192029s, 23676 KB] M&S algorithm main loop timer: 0.0159272s (after shrinking)
[t=0.0219063s, 24304 KB] M&S algorithm main loop timer: 0.0186129s (after merging)
[t=0.0222575s, 24304 KB] M&S algorithm main loop timer: 0.0189546s (after pruning)

[t=0.0222914s, 24304 KB] Operator mutex starting iteration 4


[t=0.0223545s, 24304 KB] In ts_4_0 of size 2 found num new op-mutexes 0


[t=0.0224209s, 24304 KB] In ts_4_1 of size 2 found num new op-mutexes 0


[t=0.0224827s, 24304 KB] In ts_4_2 of size 2 found num new op-mutexes 0


[t=0.0225433s, 24304 KB] In ts_4_3 of size 2 found num new op-mutexes 0


[t=0.0226036s, 24304 KB] In ts_4_4 of size 2 found num new op-mutexes 0


[t=0.0226634s, 24304 KB] In ts_4_5 of size 2 found num new op-mutexes 0


[t=0.0227226s, 24304 KB] In ts_4_6 of size 2 found num new op-mutexes 0


[t=0.022781s, 24304 KB] In ts_4_7 of size 2 found num new op-mutexes 0


[t=0.0228394s, 24304 KB] In ts_4_8 of size 2 found num new op-mutexes 0


[t=0.0228985s, 24304 KB] In ts_4_9 of size 2 found num new op-mutexes 0


[t=0.0229569s, 24304 KB] In ts_4_10 of size 2 found num new op-mutexes 0


[t=0.0230155s, 24304 KB] In ts_4_11 of size 2 found num new op-mutexes 0


[t=0.0230734s, 24304 KB] In ts_4_12 of size 2 found num new op-mutexes 0


[t=0.0231303s, 24304 KB] In ts_4_13 of size 2 found num new op-mutexes 0


[t=0.0231874s, 24304 KB] In ts_4_14 of size 2 found num new op-mutexes 0


[t=0.0232494s, 24304 KB] In ts_4_15 of size 2 found num new op-mutexes 0


[t=0.0233131s, 24304 KB] In ts_4_16 of size 2 found num new op-mutexes 0


[t=0.0233721s, 24304 KB] In ts_4_17 of size 2 found num new op-mutexes 0


[t=0.0234314s, 24304 KB] In ts_4_18 of size 2 found num new op-mutexes 0


[t=0.0234971s, 24304 KB] In ts_4_19 of size 2 found num new op-mutexes 0


[t=0.0235565s, 24304 KB] In ts_4_20 of size 2 found num new op-mutexes 0


[t=0.0236158s, 24304 KB] In ts_4_26 of size 2 found num new op-mutexes 0


[t=0.0269856s, 24304 KB] In ts_4_32 of size 2227 found num new op-mutexes 0
[t=0.0270374s, 24304 KB] Operator mutex finished iteration 4. Found an additional 0 operator mutexes

[t=0.02707s, 24304 KB] Next pair of indices: (32, 20)
[t=0.027093s, 24304 KB] M&S algorithm main loop timer: 0.0237822s (after computation of next merge)
[t=0.0329373s, 24304 KB] M&S algorithm main loop timer: 0.0296452s (after merging)
[t=0.0332352s, 24304 KB] M&S algorithm main loop timer: 0.0299518s (after pruning)

[t=0.033289s, 24304 KB] Operator mutex starting iteration 5


[t=0.0333514s, 24304 KB] In ts_5_0 of size 2 found num new op-mutexes 0


[t=0.0334161s, 24304 KB] In ts_5_1 of size 2 found num new op-mutexes 0


[t=0.0334768s, 24304 KB] In ts_5_2 of size 2 found num new op-mutexes 0


[t=0.0335363s, 24304 KB] In ts_5_3 of size 2 found num new op-mutexes 0


[t=0.0335948s, 24304 KB] In ts_5_4 of size 2 found num new op-mutexes 0


[t=0.0336531s, 24304 KB] In ts_5_5 of size 2 found num new op-mutexes 0


[t=0.0337115s, 24304 KB] In ts_5_6 of size 2 found num new op-mutexes 0


[t=0.033777s, 24304 KB] In ts_5_7 of size 2 found num new op-mutexes 0


[t=0.0338338s, 24304 KB] In ts_5_8 of size 2 found num new op-mutexes 0


[t=0.0338913s, 24304 KB] In ts_5_9 of size 2 found num new op-mutexes 0


[t=0.0339487s, 24304 KB] In ts_5_10 of size 2 found num new op-mutexes 0


[t=0.0340249s, 24304 KB] In ts_5_11 of size 2 found num new op-mutexes 0


[t=0.0340897s, 24304 KB] In ts_5_12 of size 2 found num new op-mutexes 0


[t=0.0341475s, 24304 KB] In ts_5_13 of size 2 found num new op-mutexes 0


[t=0.0342037s, 24304 KB] In ts_5_14 of size 2 found num new op-mutexes 0


[t=0.0342693s, 24304 KB] In ts_5_15 of size 2 found num new op-mutexes 0


[t=0.0343251s, 24304 KB] In ts_5_16 of size 2 found num new op-mutexes 0


[t=0.0343814s, 24304 KB] In ts_5_17 of size 2 found num new op-mutexes 0


[t=0.0344376s, 24304 KB] In ts_5_18 of size 2 found num new op-mutexes 0


[t=0.0344944s, 24304 KB] In ts_5_19 of size 2 found num new op-mutexes 0


[t=0.0345598s, 24304 KB] In ts_5_26 of size 2 found num new op-mutexes 0


[t=0.0379179s, 24304 KB] In ts_5_33 of size 2218 found num new op-mutexes 0
[t=0.0379659s, 24304 KB] Operator mutex finished iteration 5. Found an additional 0 operator mutexes

[t=0.0379979s, 24304 KB] Next pair of indices: (33, 19)
[t=0.0380203s, 24304 KB] M&S algorithm main loop timer: 0.0347187s (after computation of next merge)
[t=0.0438146s, 24304 KB] M&S algorithm main loop timer: 0.0405201s (after merging)
[t=0.044109s, 24304 KB] M&S algorithm main loop timer: 0.0408258s (after pruning)

[t=0.0441623s, 24304 KB] Operator mutex starting iteration 6


[t=0.0442245s, 24304 KB] In ts_6_0 of size 2 found num new op-mutexes 0


[t=0.044298s, 24304 KB] In ts_6_1 of size 2 found num new op-mutexes 0


[t=0.0443582s, 24304 KB] In ts_6_2 of size 2 found num new op-mutexes 0


[t=0.0444177s, 24304 KB] In ts_6_3 of size 2 found num new op-mutexes 0


[t=0.0444762s, 24304 KB] In ts_6_4 of size 2 found num new op-mutexes 0


[t=0.0445331s, 24304 KB] In ts_6_5 of size 2 found num new op-mutexes 0


[t=0.0445908s, 24304 KB] In ts_6_6 of size 2 found num new op-mutexes 0


[t=0.0446474s, 24304 KB] In ts_6_7 of size 2 found num new op-mutexes 0


[t=0.0447044s, 24304 KB] In ts_6_8 of size 2 found num new op-mutexes 0


[t=0.0447608s, 24304 KB] In ts_6_9 of size 2 found num new op-mutexes 0


[t=0.0448176s, 24304 KB] In ts_6_10 of size 2 found num new op-mutexes 0


[t=0.0448736s, 24304 KB] In ts_6_11 of size 2 found num new op-mutexes 0


[t=0.0449301s, 24304 KB] In ts_6_12 of size 2 found num new op-mutexes 0


[t=0.044986s, 24304 KB] In ts_6_13 of size 2 found num new op-mutexes 0


[t=0.0450419s, 24304 KB] In ts_6_14 of size 2 found num new op-mutexes 0


[t=0.0450979s, 24304 KB] In ts_6_15 of size 2 found num new op-mutexes 0


[t=0.0451544s, 24304 KB] In ts_6_16 of size 2 found num new op-mutexes 0


[t=0.0452105s, 24304 KB] In ts_6_17 of size 2 found num new op-mutexes 0


[t=0.0452672s, 24304 KB] In ts_6_18 of size 2 found num new op-mutexes 0


[t=0.0453261s, 24304 KB] In ts_6_26 of size 2 found num new op-mutexes 0


[t=0.0486407s, 24448 KB] In ts_6_34 of size 2177 found num new op-mutexes 0
[t=0.0486905s, 24448 KB] Operator mutex finished iteration 6. Found an additional 0 operator mutexes

[t=0.0487237s, 24448 KB] Next pair of indices: (34, 18)
[t=0.0487464s, 24448 KB] M&S algorithm main loop timer: 0.0454357s (after computation of next merge)
[t=0.0544465s, 24448 KB] M&S algorithm main loop timer: 0.0511582s (after merging)
[t=0.0547369s, 24448 KB] M&S algorithm main loop timer: 0.0514462s (after pruning)

[t=0.054783s, 24448 KB] Operator mutex starting iteration 7


[t=0.0548464s, 24448 KB] In ts_7_0 of size 2 found num new op-mutexes 0


[t=0.0549108s, 24448 KB] In ts_7_1 of size 2 found num new op-mutexes 0


[t=0.0549708s, 24448 KB] In ts_7_2 of size 2 found num new op-mutexes 0


[t=0.0550302s, 24448 KB] In ts_7_3 of size 2 found num new op-mutexes 0


[t=0.0550878s, 24448 KB] In ts_7_4 of size 2 found num new op-mutexes 0


[t=0.0551452s, 24448 KB] In ts_7_5 of size 2 found num new op-mutexes 0


[t=0.0552026s, 24448 KB] In ts_7_6 of size 2 found num new op-mutexes 0


[t=0.0552605s, 24448 KB] In ts_7_7 of size 2 found num new op-mutexes 0


[t=0.055318s, 24448 KB] In ts_7_8 of size 2 found num new op-mutexes 0


[t=0.0553747s, 24448 KB] In ts_7_9 of size 2 found num new op-mutexes 0


[t=0.0554312s, 24448 KB] In ts_7_10 of size 2 found num new op-mutexes 0


[t=0.055488s, 24448 KB] In ts_7_11 of size 2 found num new op-mutexes 0


[t=0.055545s, 24448 KB] In ts_7_12 of size 2 found num new op-mutexes 0


[t=0.0556017s, 24448 KB] In ts_7_13 of size 2 found num new op-mutexes 0


[t=0.0556694s, 24448 KB] In ts_7_14 of size 2 found num new op-mutexes 0


[t=0.0557264s, 24448 KB] In ts_7_15 of size 2 found num new op-mutexes 0


[t=0.0557836s, 24448 KB] In ts_7_16 of size 2 found num new op-mutexes 0


[t=0.0558479s, 24448 KB] In ts_7_17 of size 2 found num new op-mutexes 0


[t=0.0559083s, 24448 KB] In ts_7_26 of size 2 found num new op-mutexes 0


[t=0.067589s, 24616 KB] In ts_7_35 of size 1875 found num new op-mutexes 700
[t=0.0676598s, 24616 KB] Operator mutex finished iteration 7. Found an additional 700 operator mutexes

[t=0.0676942s, 24616 KB] Next pair of indices: (35, 17)
[t=0.0677173s, 24616 KB] M&S algorithm main loop timer: 0.0644068s (after computation of next merge)
[t=0.0727271s, 24616 KB] M&S algorithm main loop timer: 0.0694357s (after merging)
[t=0.072991s, 24616 KB] M&S algorithm main loop timer: 0.0696984s (after pruning)

[t=0.0730351s, 24616 KB] Operator mutex starting iteration 8


[t=0.0731108s, 24616 KB] In ts_8_0 of size 2 found num new op-mutexes 0


[t=0.0731765s, 24616 KB] In ts_8_1 of size 2 found num new op-mutexes 0


[t=0.0732381s, 24616 KB] In ts_8_2 of size 2 found num new op-mutexes 0


[t=0.0732993s, 24616 KB] In ts_8_3 of size 2 found num new op-mutexes 0


[t=0.0733593s, 24616 KB] In ts_8_4 of size 2 found num new op-mutexes 0


[t=0.0734175s, 24616 KB] In ts_8_5 of size 2 found num new op-mutexes 0


[t=0.0734763s, 24616 KB] In ts_8_6 of size 2 found num new op-mutexes 0


[t=0.0735333s, 24616 KB] In ts_8_7 of size 2 found num new op-mutexes 0


[t=0.0735904s, 24616 KB] In ts_8_8 of size 2 found num new op-mutexes 0


[t=0.073648s, 24616 KB] In ts_8_9 of size 2 found num new op-mutexes 0


[t=0.0737053s, 24616 KB] In ts_8_10 of size 2 found num new op-mutexes 0


[t=0.0737731s, 24616 KB] In ts_8_11 of size 2 found num new op-mutexes 0


[t=0.0738342s, 24616 KB] In ts_8_12 of size 2 found num new op-mutexes 0


[t=0.0738954s, 24616 KB] In ts_8_13 of size 2 found num new op-mutexes 0


[t=0.0739571s, 24616 KB] In ts_8_14 of size 2 found num new op-mutexes 0


[t=0.0740225s, 24616 KB] In ts_8_15 of size 2 found num new op-mutexes 0


[t=0.0740798s, 24616 KB] In ts_8_16 of size 2 found num new op-mutexes 0


[t=0.0741392s, 24616 KB] In ts_8_26 of size 2 found num new op-mutexes 0


[t=0.0827928s, 24616 KB] In ts_8_36 of size 1781 found num new op-mutexes 0
[t=0.082875s, 24616 KB] Operator mutex finished iteration 8. Found an additional 0 operator mutexes

[t=0.0829088s, 24616 KB] Next pair of indices: (36, 16)
[t=0.0829413s, 24616 KB] M&S algorithm main loop timer: 0.0796335s (after computation of next merge)
[t=0.0875811s, 24616 KB] M&S algorithm main loop timer: 0.0842882s (after merging)
[t=0.0878481s, 24616 KB] M&S algorithm main loop timer: 0.0845561s (after pruning)

[t=0.0878932s, 24616 KB] Operator mutex starting iteration 9


[t=0.0879607s, 24616 KB] In ts_9_0 of size 2 found num new op-mutexes 0


[t=0.0880367s, 24616 KB] In ts_9_1 of size 2 found num new op-mutexes 0


[t=0.0881028s, 24616 KB] In ts_9_2 of size 2 found num new op-mutexes 0


[t=0.0881637s, 24616 KB] In ts_9_3 of size 2 found num new op-mutexes 0


[t=0.0882226s, 24616 KB] In ts_9_4 of size 2 found num new op-mutexes 0


[t=0.0882808s, 24616 KB] In ts_9_5 of size 2 found num new op-mutexes 0


[t=0.0883391s, 24616 KB] In ts_9_6 of size 2 found num new op-mutexes 0


[t=0.0883974s, 24616 KB] In ts_9_7 of size 2 found num new op-mutexes 0


[t=0.0884552s, 24616 KB] In ts_9_8 of size 2 found num new op-mutexes 0


[t=0.0885129s, 24616 KB] In ts_9_9 of size 2 found num new op-mutexes 0


[t=0.0885787s, 24616 KB] In ts_9_10 of size 2 found num new op-mutexes 0


[t=0.0886353s, 24616 KB] In ts_9_11 of size 2 found num new op-mutexes 0


[t=0.0886926s, 24616 KB] In ts_9_12 of size 2 found num new op-mutexes 0


[t=0.0887494s, 24616 KB] In ts_9_13 of size 2 found num new op-mutexes 0


[t=0.0888064s, 24616 KB] In ts_9_14 of size 2 found num new op-mutexes 0


[t=0.088863s, 24616 KB] In ts_9_15 of size 2 found num new op-mutexes 0


[t=0.0889216s, 24616 KB] In ts_9_26 of size 2 found num new op-mutexes 0


[t=0.097425s, 24752 KB] In ts_9_37 of size 1771 found num new op-mutexes 0
[t=0.0974948s, 24752 KB] Operator mutex finished iteration 9. Found an additional 0 operator mutexes

[t=0.0975284s, 24752 KB] Next pair of indices: (37, 15)
[t=0.0975514s, 24752 KB] M&S algorithm main loop timer: 0.0942412s (after computation of next merge)
[t=0.102194s, 24752 KB] M&S algorithm main loop timer: 0.0989036s (after merging)
[t=0.10247s, 24752 KB] M&S algorithm main loop timer: 0.0991787s (after pruning)

[t=0.102516s, 24752 KB] Operator mutex starting iteration 10


[t=0.102582s, 24752 KB] In ts_10_0 of size 2 found num new op-mutexes 0


[t=0.102647s, 24752 KB] In ts_10_1 of size 2 found num new op-mutexes 0


[t=0.10271s, 24752 KB] In ts_10_2 of size 2 found num new op-mutexes 0


[t=0.10277s, 24752 KB] In ts_10_3 of size 2 found num new op-mutexes 0


[t=0.10283s, 24752 KB] In ts_10_4 of size 2 found num new op-mutexes 0


[t=0.102889s, 24752 KB] In ts_10_5 of size 2 found num new op-mutexes 0


[t=0.102948s, 24752 KB] In ts_10_6 of size 2 found num new op-mutexes 0


[t=0.103006s, 24752 KB] In ts_10_7 of size 2 found num new op-mutexes 0


[t=0.103065s, 24752 KB] In ts_10_8 of size 2 found num new op-mutexes 0


[t=0.103122s, 24752 KB] In ts_10_9 of size 2 found num new op-mutexes 0


[t=0.103194s, 24752 KB] In ts_10_10 of size 2 found num new op-mutexes 0


[t=0.10326s, 24752 KB] In ts_10_11 of size 2 found num new op-mutexes 0


[t=0.103326s, 24752 KB] In ts_10_12 of size 2 found num new op-mutexes 0


[t=0.10339s, 24752 KB] In ts_10_13 of size 2 found num new op-mutexes 0


[t=0.103454s, 24752 KB] In ts_10_14 of size 2 found num new op-mutexes 0


[t=0.10352s, 24752 KB] In ts_10_26 of size 2 found num new op-mutexes 0


[t=0.112391s, 24752 KB] In ts_10_38 of size 1866 found num new op-mutexes 0
[t=0.112477s, 24752 KB] Operator mutex finished iteration 10. Found an additional 0 operator mutexes

[t=0.112512s, 24752 KB] Next pair of indices: (38, 14)
[t=0.112535s, 24752 KB] M&S algorithm main loop timer: 0.109224s (after computation of next merge)
[t=0.117839s, 24752 KB] M&S algorithm main loop timer: 0.114553s (after merging)
[t=0.11812s, 24752 KB] M&S algorithm main loop timer: 0.114818s (after pruning)

[t=0.118154s, 24752 KB] Operator mutex starting iteration 11


[t=0.118221s, 24752 KB] In ts_11_0 of size 2 found num new op-mutexes 0


[t=0.118287s, 24752 KB] In ts_11_1 of size 2 found num new op-mutexes 0


[t=0.118349s, 24752 KB] In ts_11_2 of size 2 found num new op-mutexes 0


[t=0.118409s, 24752 KB] In ts_11_3 of size 2 found num new op-mutexes 0


[t=0.118467s, 24752 KB] In ts_11_4 of size 2 found num new op-mutexes 0


[t=0.118524s, 24752 KB] In ts_11_5 of size 2 found num new op-mutexes 0


[t=0.118582s, 24752 KB] In ts_11_6 of size 2 found num new op-mutexes 0


[t=0.118639s, 24752 KB] In ts_11_7 of size 2 found num new op-mutexes 0


[t=0.118695s, 24752 KB] In ts_11_8 of size 2 found num new op-mutexes 0


[t=0.118752s, 24752 KB] In ts_11_9 of size 2 found num new op-mutexes 0


[t=0.118809s, 24752 KB] In ts_11_10 of size 2 found num new op-mutexes 0


[t=0.118866s, 24752 KB] In ts_11_11 of size 2 found num new op-mutexes 0


[t=0.118923s, 24752 KB] In ts_11_12 of size 2 found num new op-mutexes 0


[t=0.118979s, 24752 KB] In ts_11_13 of size 2 found num new op-mutexes 0


[t=0.119037s, 24752 KB] In ts_11_26 of size 2 found num new op-mutexes 0


[t=0.127094s, 24928 KB] In ts_11_39 of size 1825 found num new op-mutexes 0
[t=0.127175s, 24928 KB] Operator mutex finished iteration 11. Found an additional 0 operator mutexes

[t=0.127209s, 24928 KB] Next pair of indices: (39, 13)
[t=0.127232s, 24928 KB] M&S algorithm main loop timer: 0.123921s (after computation of next merge)
[t=0.132433s, 24928 KB] M&S algorithm main loop timer: 0.129141s (after merging)
[t=0.132708s, 24928 KB] M&S algorithm main loop timer: 0.129406s (after pruning)

[t=0.132742s, 24928 KB] Operator mutex starting iteration 12


[t=0.132809s, 24928 KB] In ts_12_0 of size 2 found num new op-mutexes 0


[t=0.132874s, 24928 KB] In ts_12_1 of size 2 found num new op-mutexes 0


[t=0.132946s, 24928 KB] In ts_12_2 of size 2 found num new op-mutexes 0


[t=0.133007s, 24928 KB] In ts_12_3 of size 2 found num new op-mutexes 0


[t=0.133066s, 24928 KB] In ts_12_4 of size 2 found num new op-mutexes 0


[t=0.133125s, 24928 KB] In ts_12_5 of size 2 found num new op-mutexes 0


[t=0.133184s, 24928 KB] In ts_12_6 of size 2 found num new op-mutexes 0


[t=0.133241s, 24928 KB] In ts_12_7 of size 2 found num new op-mutexes 0


[t=0.133298s, 24928 KB] In ts_12_8 of size 2 found num new op-mutexes 0


[t=0.133359s, 24928 KB] In ts_12_9 of size 2 found num new op-mutexes 0


[t=0.133421s, 24928 KB] In ts_12_10 of size 2 found num new op-mutexes 0


[t=0.133477s, 24928 KB] In ts_12_11 of size 2 found num new op-mutexes 0


[t=0.133534s, 24928 KB] In ts_12_12 of size 2 found num new op-mutexes 0


[t=0.133592s, 24928 KB] In ts_12_26 of size 2 found num new op-mutexes 0


[t=0.140897s, 24928 KB] In ts_12_40 of size 1814 found num new op-mutexes 0
[t=0.140964s, 24928 KB] Operator mutex finished iteration 12. Found an additional 0 operator mutexes

[t=0.140999s, 24928 KB] Next pair of indices: (40, 12)
[t=0.141022s, 24928 KB] M&S algorithm main loop timer: 0.137711s (after computation of next merge)
[t=0.14617s, 24928 KB] M&S algorithm main loop timer: 0.142877s (after merging)
[t=0.146445s, 24928 KB] M&S algorithm main loop timer: 0.143142s (after pruning)

[t=0.146478s, 24928 KB] Operator mutex starting iteration 13


[t=0.146543s, 24928 KB] In ts_13_0 of size 2 found num new op-mutexes 0


[t=0.146608s, 24928 KB] In ts_13_1 of size 2 found num new op-mutexes 0


[t=0.146669s, 24928 KB] In ts_13_2 of size 2 found num new op-mutexes 0


[t=0.146729s, 24928 KB] In ts_13_3 of size 2 found num new op-mutexes 0


[t=0.146788s, 24928 KB] In ts_13_4 of size 2 found num new op-mutexes 0


[t=0.146846s, 24928 KB] In ts_13_5 of size 2 found num new op-mutexes 0


[t=0.146908s, 24928 KB] In ts_13_6 of size 2 found num new op-mutexes 0


[t=0.146969s, 24928 KB] In ts_13_7 of size 2 found num new op-mutexes 0


[t=0.147027s, 24928 KB] In ts_13_8 of size 2 found num new op-mutexes 0


[t=0.147084s, 24928 KB] In ts_13_9 of size 2 found num new op-mutexes 0


[t=0.147141s, 24928 KB] In ts_13_10 of size 2 found num new op-mutexes 0


[t=0.147225s, 24928 KB] In ts_13_11 of size 2 found num new op-mutexes 0


[t=0.147288s, 24928 KB] In ts_13_26 of size 2 found num new op-mutexes 0


[t=0.154686s, 25108 KB] In ts_13_41 of size 1857 found num new op-mutexes 0
[t=0.154753s, 25108 KB] Operator mutex finished iteration 13. Found an additional 0 operator mutexes

[t=0.154787s, 25108 KB] Next pair of indices: (41, 11)
[t=0.15481s, 25108 KB] M&S algorithm main loop timer: 0.1515s (after computation of next merge)
[t=0.160122s, 25108 KB] M&S algorithm main loop timer: 0.156831s (after merging)
[t=0.160411s, 25108 KB] M&S algorithm main loop timer: 0.157109s (after pruning)

[t=0.160445s, 25108 KB] Operator mutex starting iteration 14


[t=0.16051s, 25108 KB] In ts_14_0 of size 2 found num new op-mutexes 0


[t=0.160576s, 25108 KB] In ts_14_1 of size 2 found num new op-mutexes 0


[t=0.160638s, 25108 KB] In ts_14_2 of size 2 found num new op-mutexes 0


[t=0.160699s, 25108 KB] In ts_14_3 of size 2 found num new op-mutexes 0


[t=0.160758s, 25108 KB] In ts_14_4 of size 2 found num new op-mutexes 0


[t=0.160818s, 25108 KB] In ts_14_5 of size 2 found num new op-mutexes 0


[t=0.160877s, 25108 KB] In ts_14_6 of size 2 found num new op-mutexes 0


[t=0.160936s, 25108 KB] In ts_14_7 of size 2 found num new op-mutexes 0


[t=0.160994s, 25108 KB] In ts_14_8 of size 2 found num new op-mutexes 0


[t=0.161053s, 25108 KB] In ts_14_9 of size 2 found num new op-mutexes 0


[t=0.161111s, 25108 KB] In ts_14_10 of size 2 found num new op-mutexes 0


[t=0.16118s, 25108 KB] In ts_14_26 of size 2 found num new op-mutexes 0


[t=0.168551s, 25108 KB] In ts_14_42 of size 1850 found num new op-mutexes 0
[t=0.168605s, 25108 KB] Operator mutex finished iteration 14. Found an additional 0 operator mutexes

[t=0.168639s, 25108 KB] Next pair of indices: (42, 10)
[t=0.168662s, 25108 KB] M&S algorithm main loop timer: 0.165352s (after computation of next merge)
[t=0.17392s, 25108 KB] M&S algorithm main loop timer: 0.170633s (after merging)
[t=0.174186s, 25108 KB] M&S algorithm main loop timer: 0.170902s (after pruning)

[t=0.174238s, 25108 KB] Operator mutex starting iteration 15


[t=0.174305s, 25108 KB] In ts_15_0 of size 2 found num new op-mutexes 0


[t=0.174372s, 25108 KB] In ts_15_1 of size 2 found num new op-mutexes 0


[t=0.174435s, 25108 KB] In ts_15_2 of size 2 found num new op-mutexes 0


[t=0.174495s, 25108 KB] In ts_15_3 of size 2 found num new op-mutexes 0


[t=0.17456s, 25108 KB] In ts_15_4 of size 2 found num new op-mutexes 0


[t=0.174625s, 25108 KB] In ts_15_5 of size 2 found num new op-mutexes 0


[t=0.174693s, 25108 KB] In ts_15_6 of size 2 found num new op-mutexes 0


[t=0.174753s, 25108 KB] In ts_15_7 of size 2 found num new op-mutexes 0


[t=0.174811s, 25108 KB] In ts_15_8 of size 2 found num new op-mutexes 0


[t=0.174869s, 25108 KB] In ts_15_9 of size 2 found num new op-mutexes 0


[t=0.17493s, 25108 KB] In ts_15_26 of size 2 found num new op-mutexes 0


[t=0.182134s, 25328 KB] In ts_15_43 of size 1770 found num new op-mutexes 0
[t=0.18219s, 25328 KB] Operator mutex finished iteration 15. Found an additional 0 operator mutexes

[t=0.182225s, 25328 KB] Next pair of indices: (43, 9)
[t=0.182248s, 25328 KB] M&S algorithm main loop timer: 0.178937s (after computation of next merge)
[t=0.187255s, 25328 KB] M&S algorithm main loop timer: 0.18396s (after merging)
[t=0.187536s, 25328 KB] M&S algorithm main loop timer: 0.184246s (after pruning)

[t=0.187583s, 25328 KB] Operator mutex starting iteration 16


[t=0.187653s, 25328 KB] In ts_16_0 of size 2 found num new op-mutexes 0


[t=0.187723s, 25328 KB] In ts_16_1 of size 2 found num new op-mutexes 0


[t=0.187789s, 25328 KB] In ts_16_2 of size 2 found num new op-mutexes 0


[t=0.187862s, 25328 KB] In ts_16_3 of size 2 found num new op-mutexes 0


[t=0.187928s, 25328 KB] In ts_16_4 of size 2 found num new op-mutexes 0


[t=0.187989s, 25328 KB] In ts_16_5 of size 2 found num new op-mutexes 0


[t=0.188049s, 25328 KB] In ts_16_6 of size 2 found num new op-mutexes 0


[t=0.188107s, 25328 KB] In ts_16_7 of size 2 found num new op-mutexes 0


[t=0.188165s, 25328 KB] In ts_16_8 of size 2 found num new op-mutexes 0


[t=0.188225s, 25328 KB] In ts_16_26 of size 2 found num new op-mutexes 0


[t=0.195291s, 25328 KB] In ts_16_44 of size 1880 found num new op-mutexes 0
[t=0.195367s, 25328 KB] Operator mutex finished iteration 16. Found an additional 0 operator mutexes

[t=0.195402s, 25328 KB] Next pair of indices: (44, 8)
[t=0.195424s, 25328 KB] M&S algorithm main loop timer: 0.192114s (after computation of next merge)
[t=0.200899s, 25328 KB] M&S algorithm main loop timer: 0.197612s (after merging)
[t=0.201194s, 25328 KB] M&S algorithm main loop timer: 0.197892s (after pruning)

[t=0.201229s, 25328 KB] Operator mutex starting iteration 17


[t=0.201302s, 25328 KB] In ts_17_0 of size 2 found num new op-mutexes 0


[t=0.201373s, 25328 KB] In ts_17_1 of size 2 found num new op-mutexes 0


[t=0.20144s, 25328 KB] In ts_17_2 of size 2 found num new op-mutexes 0


[t=0.201513s, 25328 KB] In ts_17_3 of size 2 found num new op-mutexes 0


[t=0.201578s, 25328 KB] In ts_17_4 of size 2 found num new op-mutexes 0


[t=0.201637s, 25328 KB] In ts_17_5 of size 2 found num new op-mutexes 0


[t=0.201696s, 25328 KB] In ts_17_6 of size 2 found num new op-mutexes 0


[t=0.201767s, 25328 KB] In ts_17_7 of size 2 found num new op-mutexes 0


[t=0.201829s, 25328 KB] In ts_17_26 of size 2 found num new op-mutexes 0


[t=0.208981s, 25472 KB] In ts_17_45 of size 1851 found num new op-mutexes 4
[t=0.209058s, 25472 KB] Operator mutex finished iteration 17. Found an additional 4 operator mutexes

[t=0.209092s, 25472 KB] Next pair of indices: (45, 7)
[t=0.209116s, 25472 KB] M&S algorithm main loop timer: 0.205805s (after computation of next merge)
[t=0.215035s, 25472 KB] M&S algorithm main loop timer: 0.211743s (after merging)
[t=0.215306s, 25472 KB] M&S algorithm main loop timer: 0.212003s (after pruning)

[t=0.215339s, 25472 KB] Operator mutex starting iteration 18


[t=0.215404s, 25472 KB] In ts_18_0 of size 2 found num new op-mutexes 0


[t=0.215468s, 25472 KB] In ts_18_1 of size 2 found num new op-mutexes 0


[t=0.215529s, 25472 KB] In ts_18_2 of size 2 found num new op-mutexes 0


[t=0.215588s, 25472 KB] In ts_18_3 of size 2 found num new op-mutexes 0


[t=0.215646s, 25472 KB] In ts_18_4 of size 2 found num new op-mutexes 0


[t=0.215704s, 25472 KB] In ts_18_5 of size 2 found num new op-mutexes 0


[t=0.215762s, 25472 KB] In ts_18_6 of size 2 found num new op-mutexes 0


[t=0.215821s, 25472 KB] In ts_18_26 of size 2 found num new op-mutexes 0


[t=0.222748s, 25472 KB] In ts_18_46 of size 1839 found num new op-mutexes 0
[t=0.2228s, 25472 KB] Operator mutex finished iteration 18. Found an additional 0 operator mutexes

[t=0.222834s, 25472 KB] Next pair of indices: (46, 6)
[t=0.222857s, 25472 KB] M&S algorithm main loop timer: 0.219547s (after computation of next merge)
[t=0.228677s, 25472 KB] M&S algorithm main loop timer: 0.22539s (after merging)
[t=0.22896s, 25472 KB] M&S algorithm main loop timer: 0.225658s (after pruning)

[t=0.228994s, 25472 KB] Operator mutex starting iteration 19


[t=0.229058s, 25472 KB] In ts_19_0 of size 2 found num new op-mutexes 0


[t=0.229123s, 25472 KB] In ts_19_1 of size 2 found num new op-mutexes 0


[t=0.229196s, 25472 KB] In ts_19_2 of size 2 found num new op-mutexes 0


[t=0.229256s, 25472 KB] In ts_19_3 of size 2 found num new op-mutexes 0


[t=0.229314s, 25472 KB] In ts_19_4 of size 2 found num new op-mutexes 0


[t=0.229372s, 25472 KB] In ts_19_5 of size 2 found num new op-mutexes 0


[t=0.229432s, 25472 KB] In ts_19_26 of size 2 found num new op-mutexes 0


[t=0.236646s, 25616 KB] In ts_19_47 of size 1826 found num new op-mutexes 0
[t=0.236711s, 25616 KB] Operator mutex finished iteration 19. Found an additional 0 operator mutexes

[t=0.236747s, 25616 KB] Next pair of indices: (47, 5)
[t=0.236773s, 25616 KB] M&S algorithm main loop timer: 0.233463s (after computation of next merge)
[t=0.242537s, 25616 KB] M&S algorithm main loop timer: 0.239247s (after merging)
[t=0.242805s, 25616 KB] M&S algorithm main loop timer: 0.239502s (after pruning)

[t=0.242839s, 25616 KB] Operator mutex starting iteration 20


[t=0.242902s, 25616 KB] In ts_20_0 of size 2 found num new op-mutexes 0


[t=0.242966s, 25616 KB] In ts_20_1 of size 2 found num new op-mutexes 0


[t=0.243026s, 25616 KB] In ts_20_2 of size 2 found num new op-mutexes 0


[t=0.243086s, 25616 KB] In ts_20_3 of size 2 found num new op-mutexes 0


[t=0.243144s, 25616 KB] In ts_20_4 of size 2 found num new op-mutexes 0


[t=0.243213s, 25616 KB] In ts_20_26 of size 2 found num new op-mutexes 0


[t=0.250546s, 25616 KB] In ts_20_48 of size 1826 found num new op-mutexes 0
[t=0.250613s, 25616 KB] Operator mutex finished iteration 20. Found an additional 0 operator mutexes

[t=0.250648s, 25616 KB] Next pair of indices: (48, 4)
[t=0.250671s, 25616 KB] M&S algorithm main loop timer: 0.24736s (after computation of next merge)
[t=0.256403s, 25616 KB] M&S algorithm main loop timer: 0.25311s (after merging)
[t=0.256595s, 25616 KB] M&S algorithm main loop timer: 0.253311s (after pruning)

[t=0.256648s, 25616 KB] Operator mutex starting iteration 21


[t=0.256714s, 25616 KB] In ts_21_0 of size 2 found num new op-mutexes 0


[t=0.256779s, 25616 KB] In ts_21_1 of size 2 found num new op-mutexes 0


[t=0.256839s, 25616 KB] In ts_21_2 of size 2 found num new op-mutexes 0


[t=0.256898s, 25616 KB] In ts_21_3 of size 2 found num new op-mutexes 0


[t=0.256958s, 25616 KB] In ts_21_26 of size 2 found num new op-mutexes 0


[t=0.260424s, 25616 KB] In ts_21_49 of size 955 found num new op-mutexes 614
[t=0.260494s, 25616 KB] Operator mutex finished iteration 21. Found an additional 614 operator mutexes

[t=0.260528s, 25616 KB] Next pair of indices: (49, 3)
[t=0.26055s, 25616 KB] M&S algorithm main loop timer: 0.25724s (after computation of next merge)
[t=0.263452s, 25616 KB] M&S algorithm main loop timer: 0.260154s (after merging)
[t=0.263605s, 25616 KB] M&S algorithm main loop timer: 0.260307s (after pruning)

[t=0.263644s, 25616 KB] Operator mutex starting iteration 22


[t=0.263715s, 25616 KB] In ts_22_0 of size 2 found num new op-mutexes 0


[t=0.263778s, 25616 KB] In ts_22_1 of size 2 found num new op-mutexes 0


[t=0.263837s, 25616 KB] In ts_22_2 of size 2 found num new op-mutexes 0


[t=0.263896s, 25616 KB] In ts_22_26 of size 2 found num new op-mutexes 0


[t=0.267277s, 25616 KB] In ts_22_50 of size 955 found num new op-mutexes 0
[t=0.26733s, 25616 KB] Operator mutex finished iteration 22. Found an additional 0 operator mutexes

[t=0.267362s, 25616 KB] Next pair of indices: (50, 2)
[t=0.267385s, 25616 KB] M&S algorithm main loop timer: 0.264074s (after computation of next merge)
[t=0.270241s, 25616 KB] M&S algorithm main loop timer: 0.266964s (after merging)
[t=0.270414s, 25616 KB] M&S algorithm main loop timer: 0.267117s (after pruning)

[t=0.270453s, 25616 KB] Operator mutex starting iteration 23


[t=0.270514s, 25616 KB] In ts_23_0 of size 2 found num new op-mutexes 0


[t=0.270577s, 25616 KB] In ts_23_1 of size 2 found num new op-mutexes 0


[t=0.270638s, 25616 KB] In ts_23_26 of size 2 found num new op-mutexes 0


[t=0.27402s, 25616 KB] In ts_23_51 of size 955 found num new op-mutexes 0
[t=0.274068s, 25616 KB] Operator mutex finished iteration 23. Found an additional 0 operator mutexes

[t=0.274101s, 25616 KB] Next pair of indices: (51, 1)
[t=0.274125s, 25616 KB] M&S algorithm main loop timer: 0.270816s (after computation of next merge)
[t=0.277052s, 25616 KB] M&S algorithm main loop timer: 0.27376s (after merging)
[t=0.27721s, 25616 KB] M&S algorithm main loop timer: 0.273912s (after pruning)

[t=0.277249s, 25616 KB] Operator mutex starting iteration 24


[t=0.277311s, 25616 KB] In ts_24_0 of size 2 found num new op-mutexes 0


[t=0.277384s, 25616 KB] In ts_24_26 of size 2 found num new op-mutexes 0


[t=0.28075s, 25616 KB] In ts_24_52 of size 955 found num new op-mutexes 0
[t=0.280797s, 25616 KB] Operator mutex finished iteration 24. Found an additional 0 operator mutexes

[t=0.280829s, 25616 KB] Next pair of indices: (52, 0)
[t=0.280851s, 25616 KB] M&S algorithm main loop timer: 0.277541s (after computation of next merge)
[t=0.283688s, 25616 KB] M&S algorithm main loop timer: 0.28041s (after merging)
[t=0.283872s, 25616 KB] M&S algorithm main loop timer: 0.280576s (after pruning)

[t=0.283913s, 25616 KB] Operator mutex starting iteration 25


[t=0.283974s, 25616 KB] In ts_25_26 of size 2 found num new op-mutexes 0


[t=0.287355s, 25616 KB] In ts_25_53 of size 955 found num new op-mutexes 0
[t=0.287408s, 25616 KB] Operator mutex finished iteration 25. Found an additional 0 operator mutexes

[t=0.287439s, 25616 KB] Next pair of indices: (53, 26)
[t=0.287461s, 25616 KB] M&S algorithm main loop timer: 0.28415s (after computation of next merge)
[t=0.290322s, 25616 KB] M&S algorithm main loop timer: 0.287026s (after merging)
[t=0.290429s, 25616 KB] M&S algorithm main loop timer: 0.287127s (after pruning)

[t=0.290463s, 25616 KB] Operator mutex starting iteration 26


[t=0.292934s, 25616 KB] In ts_26_54 of size 296 found num new op-mutexes 2278
[t=0.292982s, 25616 KB] Operator mutex finished iteration 26. Found an additional 2278 operator mutexes

[t=0.293013s, 25616 KB] End of merge-and-shrink algorithm, statistics:
[t=0.293035s, 25616 KB] Main loop runtime: 0.289724s
[t=0.293057s, 25616 KB] Maximum intermediate abstraction size: 8712
[t=0.293077s, 25616 KB] Final peak memory increase of merge-and-shrink algorithm: 3016 KB
[t=0.293109s, 25616 KB] Merge-and-shrink algorithm runtime: 0.290834s

[t=0.293133s, 25616 KB] Number of labels: 114
[t=0.293152s, 25616 KB] Total number of operator mutexes: 7678
[t=0.293172s, 25616 KB] Operator Mutex total time: 0.168942s
[t=0.293197s, 25616 KB] Number of remaining factors: 1
[t=0.293227s, 25616 KB] Number of factors kept: 1
[t=0.293249s, 25616 KB] Done initializing merge-and-shrink heuristic.

[t=0.293547s, 25616 KB] Building successor generator...done!
[t=0.293701s, 25616 KB] peak memory difference for successor generator creation: 0 KB
[t=0.29372s, 25616 KB] time for successor generation creation: 7.6479e-05s
[t=0.293745s, 25616 KB] Variables: 28
[t=0.293765s, 25616 KB] FactPairs: 111
[t=0.293785s, 25616 KB] Bytes per state: 8
[t=0.293912s, 25616 KB] Conducting best first search with reopening closed nodes, (real) bound = 2147483647
[t=0.293979s, 25616 KB] New best heuristic value for merge_and_shrink(op_mutex = op_mutex(use_previous_ops = nasutpo, reachability_strategy = goal), merge_strategy = merge_precomputed(linear), shrink_strategy = shrink_bisimulation(greedy = false, at_limit = return)): 11
[t=0.294003s, 25616 KB] g=0, 1 evaluated, 0 expanded
[t=0.294026s, 25616 KB] f = 11, 1 evaluated, 0 expanded
[t=0.29405s, 25616 KB] Initial heuristic value for merge_and_shrink(op_mutex = op_mutex(use_previous_ops = nasutpo, reachability_strategy = goal), merge_strategy = merge_precomputed(linear), shrink_strategy = shrink_bisimulation(greedy = false, at_limit = return)): 11
[t=0.294072s, 25616 KB] pruning method: none
[t=0.294256s, 25616 KB] New best heuristic value for merge_and_shrink(op_mutex = op_mutex(use_previous_ops = nasutpo, reachability_strategy = goal), merge_strategy = merge_precomputed(linear), shrink_strategy = shrink_bisimulation(greedy = false, at_limit = return)): 10
[t=0.294281s, 25616 KB] g=1, 24 evaluated, 20 expanded
[t=0.29435s, 25616 KB] New best heuristic value for merge_and_shrink(op_mutex = op_mutex(use_previous_ops = nasutpo, reachability_strategy = goal), merge_strategy = merge_precomputed(linear), shrink_strategy = shrink_bisimulation(greedy = false, at_limit = return)): 9
[t=0.294372s, 25616 KB] g=2, 31 evaluated, 24 expanded
[t=0.294448s, 25616 KB] New best heuristic value for merge_and_shrink(op_mutex = op_mutex(use_previous_ops = nasutpo, reachability_strategy = goal), merge_strategy = merge_precomputed(linear), shrink_strategy = shrink_bisimulation(greedy = false, at_limit = return)): 8
[t=0.294471s, 25616 KB] g=3, 40 evaluated, 31 expanded
[t=0.294554s, 25616 KB] New best heuristic value for merge_and_shrink(op_mutex = op_mutex(use_previous_ops = nasutpo, reachability_strategy = goal), merge_strategy = merge_precomputed(linear), shrink_strategy = shrink_bisimulation(greedy = false, at_limit = return)): 7
[t=0.294577s, 25616 KB] g=4, 47 evaluated, 35 expanded
[t=0.294614s, 25616 KB] New best heuristic value for merge_and_shrink(op_mutex = op_mutex(use_previous_ops = nasutpo, reachability_strategy = goal), merge_strategy = merge_precomputed(linear), shrink_strategy = shrink_bisimulation(greedy = false, at_limit = return)): 6
[t=0.294636s, 25616 KB] g=5, 50 evaluated, 36 expanded
[t=0.294828s, 25616 KB] New best heuristic value for merge_and_shrink(op_mutex = op_mutex(use_previous_ops = nasutpo, reachability_strategy = goal), merge_strategy = merge_precomputed(linear), shrink_strategy = shrink_bisimulation(greedy = false, at_limit = return)): 5
[t=0.294851s, 25616 KB] g=6, 76 evaluated, 57 expanded
[t=0.294993s, 25616 KB] New best heuristic value for merge_and_shrink(op_mutex = op_mutex(use_previous_ops = nasutpo, reachability_strategy = goal), merge_strategy = merge_precomputed(linear), shrink_strategy = shrink_bisimulation(greedy = false, at_limit = return)): 4
[t=0.295016s, 25616 KB] g=7, 100 evaluated, 77 expanded
[t=0.295091s, 25616 KB] New best heuristic value for merge_and_shrink(op_mutex = op_mutex(use_previous_ops = nasutpo, reachability_strategy = goal), merge_strategy = merge_precomputed(linear), shrink_strategy = shrink_bisimulation(greedy = false, at_limit = return)): 3
[t=0.295114s, 25616 KB] g=8, 108 evaluated, 83 expanded
[t=0.29517s, 25616 KB] New best heuristic value for merge_and_shrink(op_mutex = op_mutex(use_previous_ops = nasutpo, reachability_strategy = goal), merge_strategy = merge_precomputed(linear), shrink_strategy = shrink_bisimulation(greedy = false, at_limit = return)): 2
[t=0.295194s, 25616 KB] g=9, 111 evaluated, 84 expanded
[t=0.295362s, 25616 KB] New best heuristic value for merge_and_shrink(op_mutex = op_mutex(use_previous_ops = nasutpo, reachability_strategy = goal), merge_strategy = merge_precomputed(linear), shrink_strategy = shrink_bisimulation(greedy = false, at_limit = return)): 1
[t=0.295385s, 25616 KB] g=10, 131 evaluated, 102 expanded
[t=0.295479s, 25616 KB] New best heuristic value for merge_and_shrink(op_mutex = op_mutex(use_previous_ops = nasutpo, reachability_strategy = goal), merge_strategy = merge_precomputed(linear), shrink_strategy = shrink_bisimulation(greedy = false, at_limit = return)): 0
[t=0.295502s, 25616 KB] g=11, 143 evaluated, 110 expanded
[t=0.295525s, 25616 KB] Solution found!
[t=0.295548s, 25616 KB] Actual search time: 0.0014733s
move player-01 pos-5-5 pos-5-4 dir-up (0)
move player-01 pos-5-4 pos-5-3 dir-up (0)
move player-01 pos-5-3 pos-4-3 dir-left (0)
move player-01 pos-4-3 pos-4-2 dir-up (0)
move player-01 pos-4-2 pos-3-2 dir-left (0)
move player-01 pos-3-2 pos-2-2 dir-left (0)
move player-01 pos-2-2 pos-2-3 dir-down (0)
push-to-nongoal player-01 stone-01 pos-2-3 pos-3-3 pos-4-3 dir-right (1)
move player-01 pos-3-3 pos-3-4 dir-down (0)
push-to-nongoal player-01 stone-02 pos-3-4 pos-4-4 pos-5-4 dir-right (1)
move player-01 pos-4-4 pos-3-4 dir-left (0)
move player-01 pos-3-4 pos-3-3 dir-up (0)
move player-01 pos-3-3 pos-3-2 dir-up (0)
move player-01 pos-3-2 pos-4-2 dir-right (0)
push-to-nongoal player-01 stone-01 pos-4-2 pos-4-3 pos-4-4 dir-down (1)
move player-01 pos-4-3 pos-5-3 dir-right (0)
push-to-nongoal player-01 stone-02 pos-5-3 pos-5-4 pos-5-5 dir-down (1)
push-to-nongoal player-01 stone-02 pos-5-4 pos-5-5 pos-5-6 dir-down (1)
move player-01 pos-5-5 pos-6-5 dir-right (0)
move player-01 pos-6-5 pos-6-6 dir-down (0)
move player-01 pos-6-6 pos-6-7 dir-down (0)
move player-01 pos-6-7 pos-5-7 dir-left (0)
move player-01 pos-5-7 pos-4-7 dir-left (0)
move player-01 pos-4-7 pos-4-6 dir-up (0)
push-to-goal player-01 stone-02 pos-4-6 pos-5-6 pos-6-6 dir-right (1)
move player-01 pos-5-6 pos-5-5 dir-up (0)
move player-01 pos-5-5 pos-5-4 dir-up (0)
move player-01 pos-5-4 pos-5-3 dir-up (0)
move player-01 pos-5-3 pos-4-3 dir-left (0)
move player-01 pos-4-3 pos-3-3 dir-left (0)
move player-01 pos-3-3 pos-3-4 dir-down (0)
push-to-nongoal player-01 stone-01 pos-3-4 pos-4-4 pos-5-4 dir-right (1)
move player-01 pos-4-4 pos-4-3 dir-up (0)
move player-01 pos-4-3 pos-5-3 dir-right (0)
push-to-nongoal player-01 stone-01 pos-5-3 pos-5-4 pos-5-5 dir-down (1)
push-to-nongoal player-01 stone-01 pos-5-4 pos-5-5 pos-5-6 dir-down (1)
move player-01 pos-5-5 pos-6-5 dir-right (0)
move player-01 pos-6-5 pos-7-5 dir-right (0)
move player-01 pos-7-5 pos-8-5 dir-right (0)
move player-01 pos-8-5 pos-8-6 dir-down (0)
move player-01 pos-8-6 pos-8-7 dir-down (0)
move player-01 pos-8-7 pos-7-7 dir-left (0)
move player-01 pos-7-7 pos-6-7 dir-left (0)
push-to-goal player-01 stone-02 pos-6-7 pos-6-6 pos-6-5 dir-up (1)
move player-01 pos-6-6 pos-6-7 dir-down (0)
move player-01 pos-6-7 pos-5-7 dir-left (0)
move player-01 pos-5-7 pos-4-7 dir-left (0)
move player-01 pos-4-7 pos-4-6 dir-up (0)
push-to-goal player-01 stone-01 pos-4-6 pos-5-6 pos-6-6 dir-right (1)
[t=0.295571s, 25616 KB] Plan length: 49 step(s).
[t=0.295571s, 25616 KB] Plan cost: 11
[t=0.295571s, 25616 KB] Expanded 111 state(s).
[t=0.295571s, 25616 KB] Reopened 0 state(s).
[t=0.295571s, 25616 KB] Evaluated 143 state(s).
[t=0.295571s, 25616 KB] Evaluations: 143
[t=0.295571s, 25616 KB] Generated 277 state(s).
[t=0.295571s, 25616 KB] Dead ends: 18 state(s).
[t=0.295571s, 25616 KB] Expanded until last jump: 0 state(s).
[t=0.295571s, 25616 KB] Reopened until last jump: 0 state(s).
[t=0.295571s, 25616 KB] Evaluated until last jump: 1 state(s).
[t=0.295571s, 25616 KB] Generated until last jump: 0 state(s).
[t=0.295571s, 25616 KB] Number of registered states: 143
[t=0.295571s, 25616 KB] Int hash set load factor: 143/256 = 0.558594
[t=0.295571s, 25616 KB] Int hash set resizes: 8
[t=0.295571s, 25616 KB] Search time: 0.00165993s
[t=0.295571s, 25616 KB] Total time: 0.295571s
Solution found.
Peak memory: 25616 KB
Remove intermediate file output.sas
search exit code: 0

INFO     Running validate.
INFO     validate stdin: None
INFO     validate time limit: None
INFO     validate memory limit: None
INFO     validate command line string: validate domain.pddl problem.pddl sas_plan
Checking plan: sas_plan
Plan executed successfully - checking goal
Plan valid
Final value: 11 

Successful plans:
Value: 11
 sas_plan 11 

validate exit code: 0

