INFO     Running translator.
INFO     translator stdin: None
INFO     translator time limit: 599.97s
INFO     translator memory limit: 7000 MB
INFO     translator command line string: /usr/bin/python3 /user/student.aau.dk/lkar18/downward-projects/downward/experiments/nopo_vs_nasutpo_195p/data/nopo_vs_nasutpo/code-94571df14dfaf5b06207d9589b12facdd93f580c_e5e41175/builds/release/bin/translate/translate.py domain.pddl problem.pddl --sas-file output.sas
Parsing...
Parsing: [0.010s CPU, 0.006s wall-clock]
Normalizing task... [0.000s CPU, 0.000s wall-clock]
Instantiating...
Generating Datalog program... [0.000s CPU, 0.001s wall-clock]
Normalizing Datalog program...
Normalizing Datalog program: [0.000s CPU, 0.005s wall-clock]
Preparing model... [0.010s CPU, 0.004s wall-clock]
Generated 212 rules.
Computing model... [0.000s CPU, 0.003s wall-clock]
266 relevant atoms
272 auxiliary atoms
538 final queue length
620 total queue pushes
Completing instantiation... [0.000s CPU, 0.002s wall-clock]
Instantiating: [0.010s CPU, 0.016s wall-clock]
Computing fact groups...
Finding invariants...
20 initial candidates
Finding invariants: [0.010s CPU, 0.005s wall-clock]
Checking invariant weight... [0.000s CPU, 0.000s wall-clock]
Instantiating groups... [0.000s CPU, 0.000s wall-clock]
Collecting mutex groups... [0.000s CPU, 0.000s wall-clock]
Choosing groups...
39 uncovered facts
Choosing groups: [0.000s CPU, 0.000s wall-clock]
Building translation key... [0.000s CPU, 0.000s wall-clock]
Computing fact groups: [0.010s CPU, 0.007s wall-clock]
Building STRIPS to SAS dictionary... [0.000s CPU, 0.000s wall-clock]
Building dictionary for full mutex groups... [0.000s CPU, 0.000s wall-clock]
Building mutex information...
Building mutex information: [0.000s CPU, 0.000s wall-clock]
Translating task...
Processing axioms...
Simplifying axioms... [0.000s CPU, 0.000s wall-clock]
Translator axioms removed by simplifying: 0
Computing negative axioms... [0.000s CPU, 0.000s wall-clock]
Processing axioms: [0.000s CPU, 0.000s wall-clock]
Translating task: [0.000s CPU, 0.002s wall-clock]
21 effect conditions simplified
0 implied preconditions added
Detecting unreachable propositions...
0 operators removed
0 axioms removed
4 propositions removed
Detecting unreachable propositions: [0.000s CPU, 0.001s wall-clock]
Reordering and filtering variables...
32 of 40 variables necessary.
0 of 2 mutex groups necessary.
53 of 53 operators necessary.
0 of 0 axiom rules necessary.
Reordering and filtering variables: [0.010s CPU, 0.001s wall-clock]
Translator variables: 32
Translator derived variables: 0
Translator facts: 96
Translator goal facts: 12
Translator mutex groups: 0
Translator total mutex groups size: 0
Translator operators: 53
Translator axioms: 0
Translator task size: 432
Translator peak memory: 42524 KB
Writing output... [0.000s CPU, 0.001s wall-clock]
Done! [0.040s CPU, 0.035s wall-clock]
translate exit code: 0

INFO     Running search (release).
INFO     search stdin: output.sas
INFO     search time limit: 599.89s
INFO     search memory limit: 7000 MB
INFO     search command line string: /user/student.aau.dk/lkar18/downward-projects/downward/experiments/nopo_vs_nasutpo_195p/data/nopo_vs_nasutpo/code-94571df14dfaf5b06207d9589b12facdd93f580c_e5e41175/builds/release/bin/downward --search 'astar(merge_and_shrink(op_mutex=op_mutex(use_previous_ops=NaSUTPO, reachability_strategy=goal), merge_strategy=merge_precomputed(linear()), shrink_strategy=shrink_bisimulation(greedy=false, at_limit=RETURN)))' --internal-plan-file sas_plan < output.sas
[t=3.8844e-05s, 22344 KB] reading input...
[t=0.000470063s, 22344 KB] done reading input!
[t=0.00179424s, 22600 KB] Initializing merge-and-shrink heuristic...
[t=0.00186086s, 22600 KB] Running merge-and-shrink algorithm...
[t=0.00188812s, 22600 KB] Merge strategy options:
[t=0.00191073s, 22600 KB] Type: precomputed
[t=0.00193277s, 22600 KB] Merge tree options: 
[t=0.00195429s, 22600 KB] Type: linear
[t=0.00197559s, 22600 KB] Update option: use random
[t=0.00199735s, 22600 KB] Variable order type: CG/GOAL, tie breaking on level (main)

[t=0.00202113s, 22600 KB] Options related to size limits and shrinking: 
[t=0.00204348s, 22600 KB] Transition system size limit: 50000
[t=0.00207571s, 22600 KB] Transition system size limit right before merge: 50000
[t=0.00210107s, 22600 KB] Threshold to trigger shrinking right before merge: 1

[t=0.00212591s, 22600 KB] Pruning unreachable states: yes
[t=0.00214838s, 22600 KB] Pruning irrelevant states: yes

[t=0.00217147s, 22600 KB] Label reduction disabled

[t=0.00219598s, 22600 KB] Main loop max time in seconds: inf

[t=0.00222264s, 22600 KB] ===============================================================================
[t=0.00224403s, 22600 KB] WARNING! You did not enable label reduction.
This may drastically reduce the performance of merge-and-shrink!
[t=0.00226561s, 22600 KB] ===============================================================================

[t=0.00229488s, 22600 KB] Building atomic transition systems... 
[t=0.0026613s, 22996 KB] M&S algorithm timer: 0.000833852s (after computation of atomic factors)
[t=0.00270942s, 22996 KB] M&S algorithm timer: 0.000871017s (after pruning atomic factors)

[t=0.00273889s, 22996 KB] Starting main loop without a time limit.
[t=0.00276428s, 22996 KB] building causal graph...done! [t=0.000210117s]
[t=0.0030079s, 22996 KB] Next pair of indices: (31, 20)
[t=0.00305292s, 22996 KB] M&S algorithm main loop timer: 0.000335848s (after computation of next merge)
[t=0.00309916s, 22996 KB] M&S algorithm main loop timer: 0.000384204s (after merging)

[t=0.00313121s, 22996 KB] Operator mutex starting iteration 0


[t=0.00318644s, 22996 KB] In ts_0_0 of size 2 found num new op-mutexes 1


[t=0.00324524s, 22996 KB] In ts_0_1 of size 2 found num new op-mutexes 0


[t=0.0032994s, 22996 KB] In ts_0_2 of size 2 found num new op-mutexes 0


[t=0.00335095s, 22996 KB] In ts_0_3 of size 2 found num new op-mutexes 0


[t=0.00340262s, 22996 KB] In ts_0_4 of size 2 found num new op-mutexes 0


[t=0.00345235s, 22996 KB] In ts_0_5 of size 2 found num new op-mutexes 0


[t=0.00350181s, 22996 KB] In ts_0_6 of size 2 found num new op-mutexes 0


[t=0.00355162s, 22996 KB] In ts_0_7 of size 2 found num new op-mutexes 0


[t=0.0036005s, 22996 KB] In ts_0_8 of size 2 found num new op-mutexes 0


[t=0.00364982s, 22996 KB] In ts_0_9 of size 2 found num new op-mutexes 0


[t=0.00370988s, 22996 KB] In ts_0_10 of size 2 found num new op-mutexes 0


[t=0.00375991s, 22996 KB] In ts_0_11 of size 2 found num new op-mutexes 0


[t=0.00381006s, 22996 KB] In ts_0_12 of size 2 found num new op-mutexes 0


[t=0.00385905s, 22996 KB] In ts_0_13 of size 2 found num new op-mutexes 0


[t=0.00391125s, 22996 KB] In ts_0_14 of size 2 found num new op-mutexes 0


[t=0.00396309s, 22996 KB] In ts_0_15 of size 2 found num new op-mutexes 9


[t=0.00412564s, 22996 KB] In ts_0_16 of size 18 found num new op-mutexes 157


[t=0.0042193s, 22996 KB] In ts_0_17 of size 1 found num new op-mutexes 276


[t=0.00428369s, 22996 KB] In ts_0_18 of size 1 found num new op-mutexes 88


[t=0.00434501s, 22996 KB] In ts_0_19 of size 1 found num new op-mutexes 88


[t=0.0043965s, 22996 KB] In ts_0_21 of size 2 found num new op-mutexes 0


[t=0.00444598s, 22996 KB] In ts_0_22 of size 2 found num new op-mutexes 1


[t=0.00451541s, 22996 KB] In ts_0_23 of size 2 found num new op-mutexes 0


[t=0.00468404s, 22996 KB] In ts_0_24 of size 18 found num new op-mutexes 157


[t=0.00477171s, 22996 KB] In ts_0_25 of size 1 found num new op-mutexes 246


[t=0.00484029s, 22996 KB] In ts_0_26 of size 1 found num new op-mutexes 78


[t=0.00492465s, 22996 KB] In ts_0_27 of size 1 found num new op-mutexes 234


[t=0.00499906s, 22996 KB] In ts_0_28 of size 2 found num new op-mutexes 0


[t=0.00504939s, 22996 KB] In ts_0_29 of size 2 found num new op-mutexes 0


[t=0.00509714s, 22996 KB] In ts_0_30 of size 2 found num new op-mutexes 0


[t=0.00518135s, 22996 KB] In ts_0_32 of size 4 found num new op-mutexes 0
[t=0.0052135s, 22996 KB] Operator mutex finished iteration 0. Found an additional 1335 operator mutexes

[t=0.00524246s, 22996 KB] Next pair of indices: (32, 17)
[t=0.00526671s, 22996 KB] M&S algorithm main loop timer: 0.00255175s (after computation of next merge)
[t=0.00531721s, 22996 KB] M&S algorithm main loop timer: 0.00260205s (after merging)

[t=0.00534854s, 22996 KB] Operator mutex starting iteration 1


[t=0.00539636s, 22996 KB] In ts_1_0 of size 2 found num new op-mutexes 0


[t=0.00545121s, 22996 KB] In ts_1_1 of size 2 found num new op-mutexes 0


[t=0.00550235s, 22996 KB] In ts_1_2 of size 2 found num new op-mutexes 0


[t=0.00555181s, 22996 KB] In ts_1_3 of size 2 found num new op-mutexes 0


[t=0.00560072s, 22996 KB] In ts_1_4 of size 2 found num new op-mutexes 0


[t=0.0056495s, 22996 KB] In ts_1_5 of size 2 found num new op-mutexes 0


[t=0.00569842s, 22996 KB] In ts_1_6 of size 2 found num new op-mutexes 0


[t=0.00574811s, 22996 KB] In ts_1_7 of size 2 found num new op-mutexes 0


[t=0.00580272s, 22996 KB] In ts_1_8 of size 2 found num new op-mutexes 0


[t=0.00585181s, 22996 KB] In ts_1_9 of size 2 found num new op-mutexes 0


[t=0.00590042s, 22996 KB] In ts_1_10 of size 2 found num new op-mutexes 0


[t=0.00595251s, 22996 KB] In ts_1_11 of size 2 found num new op-mutexes 0


[t=0.00600113s, 22996 KB] In ts_1_12 of size 2 found num new op-mutexes 0


[t=0.00604974s, 22996 KB] In ts_1_13 of size 2 found num new op-mutexes 0


[t=0.00611226s, 22996 KB] In ts_1_14 of size 2 found num new op-mutexes 0


[t=0.00616866s, 22996 KB] In ts_1_15 of size 2 found num new op-mutexes 0


[t=0.00635138s, 22996 KB] In ts_1_16 of size 18 found num new op-mutexes 0


[t=0.00642016s, 22996 KB] In ts_1_18 of size 1 found num new op-mutexes 0


[t=0.0064829s, 22996 KB] In ts_1_19 of size 1 found num new op-mutexes 0


[t=0.00653528s, 22996 KB] In ts_1_21 of size 2 found num new op-mutexes 0


[t=0.00658477s, 22996 KB] In ts_1_22 of size 2 found num new op-mutexes 0


[t=0.00666881s, 22996 KB] In ts_1_23 of size 2 found num new op-mutexes 0

[t=0.00678722s, 22996 KB] Unuseable transitions: 14
[t=0.00681839s, 22996 KB] (3 -3> 4)
[t=0.00684177s, 22996 KB] (4 -20> 4)
[t=0.00686437s, 22996 KB] (4 -0> 5)
[t=0.00688637s, 22996 KB] (5 -20> 5)
[t=0.00690778s, 22996 KB] (5 -11> 6)
[t=0.0069294s, 22996 KB] (6 -20> 6)
[t=0.00695091s, 22996 KB] (6 -16> 7)
[t=0.00697225s, 22996 KB] (7 -20> 7)
[t=0.0069935s, 22996 KB] (7 -10> 8)
[t=0.007015s, 22996 KB] (7 -9> 10)
[t=0.00703651s, 22996 KB] (8 -20> 8)
[t=0.00705784s, 22996 KB] (8 -17> 9)
[t=0.00707945s, 22996 KB] (9 -20> 9)
[t=0.00710122s, 22996 KB] (9 -18> 14)

[t=0.00726639s, 22996 KB] In ts_1_24 of size 18 found num new op-mutexes 492


[t=0.00736172s, 22996 KB] In ts_1_25 of size 1 found num new op-mutexes 0


[t=0.00742436s, 22996 KB] In ts_1_26 of size 1 found num new op-mutexes 0


[t=0.00750912s, 22996 KB] In ts_1_27 of size 1 found num new op-mutexes 0


[t=0.00756997s, 22996 KB] In ts_1_28 of size 2 found num new op-mutexes 0


[t=0.00762029s, 22996 KB] In ts_1_29 of size 2 found num new op-mutexes 0


[t=0.00766844s, 22996 KB] In ts_1_30 of size 2 found num new op-mutexes 0


[t=0.00775954s, 22996 KB] In ts_1_33 of size 4 found num new op-mutexes 0
[t=0.00779094s, 22996 KB] Operator mutex finished iteration 1. Found an additional 492 operator mutexes

[t=0.00782154s, 22996 KB] Next pair of indices: (33, 16)
[t=0.00784655s, 22996 KB] M&S algorithm main loop timer: 0.00512921s (after computation of next merge)
[t=0.00793856s, 22996 KB] M&S algorithm main loop timer: 0.00522598s (after merging)
[t=0.00797922s, 22996 KB] M&S algorithm main loop timer: 0.00526332s (after pruning)

[t=0.00800887s, 22996 KB] Operator mutex starting iteration 2


[t=0.00806021s, 22996 KB] In ts_2_0 of size 2 found num new op-mutexes 0


[t=0.00812039s, 22996 KB] In ts_2_1 of size 2 found num new op-mutexes 0


[t=0.00818065s, 22996 KB] In ts_2_2 of size 2 found num new op-mutexes 0


[t=0.00823261s, 22996 KB] In ts_2_3 of size 2 found num new op-mutexes 0


[t=0.00828285s, 22996 KB] In ts_2_4 of size 2 found num new op-mutexes 0


[t=0.00833271s, 22996 KB] In ts_2_5 of size 2 found num new op-mutexes 0


[t=0.0083818s, 22996 KB] In ts_2_6 of size 2 found num new op-mutexes 0


[t=0.00843189s, 22996 KB] In ts_2_7 of size 2 found num new op-mutexes 0


[t=0.0084857s, 22996 KB] In ts_2_8 of size 2 found num new op-mutexes 0


[t=0.00853534s, 22996 KB] In ts_2_9 of size 2 found num new op-mutexes 0


[t=0.00858524s, 22996 KB] In ts_2_10 of size 2 found num new op-mutexes 0


[t=0.00863732s, 22996 KB] In ts_2_11 of size 2 found num new op-mutexes 0


[t=0.00868639s, 22996 KB] In ts_2_12 of size 2 found num new op-mutexes 0


[t=0.00873504s, 22996 KB] In ts_2_13 of size 2 found num new op-mutexes 0


[t=0.00880725s, 22996 KB] In ts_2_14 of size 2 found num new op-mutexes 0


[t=0.00885802s, 22996 KB] In ts_2_15 of size 2 found num new op-mutexes 0


[t=0.00891842s, 22996 KB] In ts_2_18 of size 1 found num new op-mutexes 0


[t=0.00897787s, 22996 KB] In ts_2_19 of size 1 found num new op-mutexes 0


[t=0.00902817s, 22996 KB] In ts_2_21 of size 2 found num new op-mutexes 0


[t=0.00907685s, 22996 KB] In ts_2_22 of size 2 found num new op-mutexes 0


[t=0.00913954s, 22996 KB] In ts_2_23 of size 2 found num new op-mutexes 0


[t=0.00936825s, 22996 KB] In ts_2_24 of size 18 found num new op-mutexes 0


[t=0.00945401s, 22996 KB] In ts_2_25 of size 1 found num new op-mutexes 0


[t=0.00951672s, 22996 KB] In ts_2_26 of size 1 found num new op-mutexes 0


[t=0.00960216s, 22996 KB] In ts_2_27 of size 1 found num new op-mutexes 0


[t=0.00966635s, 22996 KB] In ts_2_28 of size 2 found num new op-mutexes 0


[t=0.00971747s, 22996 KB] In ts_2_29 of size 2 found num new op-mutexes 0


[t=0.00977724s, 22996 KB] In ts_2_30 of size 2 found num new op-mutexes 0

[t=0.00992544s, 22996 KB] Unuseable transitions: 2
[t=0.00995814s, 22996 KB] (13 -1> 14)
[t=0.00998121s, 22996 KB] (13 -3> 14)

[t=0.0101038s, 22996 KB] In ts_2_34 of size 20 found num new op-mutexes 110
[t=0.0101336s, 22996 KB] Operator mutex finished iteration 2. Found an additional 110 operator mutexes

[t=0.0101619s, 22996 KB] Next pair of indices: (34, 19)
[t=0.0101847s, 22996 KB] M&S algorithm main loop timer: 0.00746541s (after computation of next merge)
[t=0.0102464s, 22996 KB] M&S algorithm main loop timer: 0.00753149s (after shrinking)
[t=0.0103006s, 22996 KB] M&S algorithm main loop timer: 0.00758587s (after merging)

[t=0.0103334s, 22996 KB] Operator mutex starting iteration 3


[t=0.010401s, 22996 KB] In ts_3_0 of size 2 found num new op-mutexes 0


[t=0.0104651s, 22996 KB] In ts_3_1 of size 2 found num new op-mutexes 0


[t=0.0105185s, 22996 KB] In ts_3_2 of size 2 found num new op-mutexes 0


[t=0.0105686s, 22996 KB] In ts_3_3 of size 2 found num new op-mutexes 0


[t=0.0106186s, 22996 KB] In ts_3_4 of size 2 found num new op-mutexes 0


[t=0.010667s, 22996 KB] In ts_3_5 of size 2 found num new op-mutexes 0


[t=0.0107152s, 22996 KB] In ts_3_6 of size 2 found num new op-mutexes 0


[t=0.010764s, 22996 KB] In ts_3_7 of size 2 found num new op-mutexes 0


[t=0.0108165s, 22996 KB] In ts_3_8 of size 2 found num new op-mutexes 0


[t=0.0108657s, 22996 KB] In ts_3_9 of size 2 found num new op-mutexes 0


[t=0.0109147s, 22996 KB] In ts_3_10 of size 2 found num new op-mutexes 0


[t=0.0109657s, 22996 KB] In ts_3_11 of size 2 found num new op-mutexes 0


[t=0.011014s, 22996 KB] In ts_3_12 of size 2 found num new op-mutexes 0


[t=0.0110716s, 22996 KB] In ts_3_13 of size 2 found num new op-mutexes 0


[t=0.011172s, 22996 KB] In ts_3_14 of size 2 found num new op-mutexes 0


[t=0.0112259s, 22996 KB] In ts_3_15 of size 2 found num new op-mutexes 0


[t=0.0112866s, 22996 KB] In ts_3_18 of size 1 found num new op-mutexes 0


[t=0.0113365s, 22996 KB] In ts_3_21 of size 2 found num new op-mutexes 0


[t=0.0113845s, 22996 KB] In ts_3_22 of size 2 found num new op-mutexes 0


[t=0.0114468s, 22996 KB] In ts_3_23 of size 2 found num new op-mutexes 0


[t=0.0116765s, 22996 KB] In ts_3_24 of size 18 found num new op-mutexes 0


[t=0.0117607s, 22996 KB] In ts_3_25 of size 1 found num new op-mutexes 0


[t=0.0118227s, 22996 KB] In ts_3_26 of size 1 found num new op-mutexes 0


[t=0.0119006s, 22996 KB] In ts_3_27 of size 1 found num new op-mutexes 0


[t=0.011962s, 22996 KB] In ts_3_28 of size 2 found num new op-mutexes 0


[t=0.0120159s, 22996 KB] In ts_3_29 of size 2 found num new op-mutexes 0


[t=0.0120671s, 22996 KB] In ts_3_30 of size 2 found num new op-mutexes 0


[t=0.0122797s, 22996 KB] In ts_3_35 of size 19 found num new op-mutexes 0
[t=0.0123115s, 22996 KB] Operator mutex finished iteration 3. Found an additional 0 operator mutexes

[t=0.0123397s, 22996 KB] Next pair of indices: (35, 18)
[t=0.0123626s, 22996 KB] M&S algorithm main loop timer: 0.0096434s (after computation of next merge)
[t=0.0124313s, 22996 KB] M&S algorithm main loop timer: 0.00971797s (after merging)

[t=0.0124656s, 22996 KB] Operator mutex starting iteration 4


[t=0.0125149s, 22996 KB] In ts_4_0 of size 2 found num new op-mutexes 0


[t=0.0125699s, 22996 KB] In ts_4_1 of size 2 found num new op-mutexes 0


[t=0.0126293s, 22996 KB] In ts_4_2 of size 2 found num new op-mutexes 0


[t=0.0126824s, 22996 KB] In ts_4_3 of size 2 found num new op-mutexes 0


[t=0.0127339s, 22996 KB] In ts_4_4 of size 2 found num new op-mutexes 0


[t=0.0127837s, 22996 KB] In ts_4_5 of size 2 found num new op-mutexes 0


[t=0.0128334s, 22996 KB] In ts_4_6 of size 2 found num new op-mutexes 0


[t=0.0128836s, 22996 KB] In ts_4_7 of size 2 found num new op-mutexes 0


[t=0.0129371s, 22996 KB] In ts_4_8 of size 2 found num new op-mutexes 0


[t=0.012987s, 22996 KB] In ts_4_9 of size 2 found num new op-mutexes 0


[t=0.0130373s, 22996 KB] In ts_4_10 of size 2 found num new op-mutexes 0


[t=0.0130892s, 22996 KB] In ts_4_11 of size 2 found num new op-mutexes 0


[t=0.0131383s, 22996 KB] In ts_4_12 of size 2 found num new op-mutexes 0


[t=0.0131867s, 22996 KB] In ts_4_13 of size 2 found num new op-mutexes 0


[t=0.0132494s, 22996 KB] In ts_4_14 of size 2 found num new op-mutexes 0


[t=0.0133001s, 22996 KB] In ts_4_15 of size 2 found num new op-mutexes 0


[t=0.0133588s, 22996 KB] In ts_4_21 of size 2 found num new op-mutexes 0


[t=0.0134065s, 22996 KB] In ts_4_22 of size 2 found num new op-mutexes 0


[t=0.0134686s, 22996 KB] In ts_4_23 of size 2 found num new op-mutexes 0


[t=0.0136973s, 22996 KB] In ts_4_24 of size 18 found num new op-mutexes 0


[t=0.0137824s, 22996 KB] In ts_4_25 of size 1 found num new op-mutexes 0


[t=0.0138438s, 22996 KB] In ts_4_26 of size 1 found num new op-mutexes 0


[t=0.0139208s, 22996 KB] In ts_4_27 of size 1 found num new op-mutexes 0


[t=0.0139814s, 22996 KB] In ts_4_28 of size 2 found num new op-mutexes 0


[t=0.0140319s, 22996 KB] In ts_4_29 of size 2 found num new op-mutexes 0


[t=0.0140794s, 22996 KB] In ts_4_30 of size 2 found num new op-mutexes 0


[t=0.0143061s, 22996 KB] In ts_4_36 of size 19 found num new op-mutexes 0
[t=0.0143393s, 22996 KB] Operator mutex finished iteration 4. Found an additional 0 operator mutexes

[t=0.0143673s, 22996 KB] Next pair of indices: (36, 15)
[t=0.0143899s, 22996 KB] M&S algorithm main loop timer: 0.0116711s (after computation of next merge)
[t=0.0144531s, 22996 KB] M&S algorithm main loop timer: 0.0117396s (after merging)
[t=0.0144899s, 22996 KB] M&S algorithm main loop timer: 0.0117719s (after pruning)

[t=0.0145171s, 22996 KB] Operator mutex starting iteration 5


[t=0.0145644s, 22996 KB] In ts_5_0 of size 2 found num new op-mutexes 0


[t=0.0146188s, 22996 KB] In ts_5_1 of size 2 found num new op-mutexes 0


[t=0.0146807s, 22996 KB] In ts_5_2 of size 2 found num new op-mutexes 0


[t=0.0147306s, 22996 KB] In ts_5_3 of size 2 found num new op-mutexes 0


[t=0.0147801s, 22996 KB] In ts_5_4 of size 2 found num new op-mutexes 0


[t=0.0148301s, 22996 KB] In ts_5_5 of size 2 found num new op-mutexes 0


[t=0.014879s, 22996 KB] In ts_5_6 of size 2 found num new op-mutexes 0


[t=0.0149376s, 22996 KB] In ts_5_7 of size 2 found num new op-mutexes 0


[t=0.0149922s, 22996 KB] In ts_5_8 of size 2 found num new op-mutexes 0


[t=0.0150416s, 22996 KB] In ts_5_9 of size 2 found num new op-mutexes 0


[t=0.0150903s, 22996 KB] In ts_5_10 of size 2 found num new op-mutexes 0


[t=0.0151413s, 22996 KB] In ts_5_11 of size 2 found num new op-mutexes 0


[t=0.0151904s, 22996 KB] In ts_5_12 of size 2 found num new op-mutexes 0


[t=0.0152392s, 22996 KB] In ts_5_13 of size 2 found num new op-mutexes 0


[t=0.0153164s, 22996 KB] In ts_5_14 of size 2 found num new op-mutexes 0


[t=0.0153691s, 22996 KB] In ts_5_21 of size 2 found num new op-mutexes 0


[t=0.0154181s, 22996 KB] In ts_5_22 of size 2 found num new op-mutexes 0


[t=0.0154798s, 22996 KB] In ts_5_23 of size 2 found num new op-mutexes 0


[t=0.0157268s, 22996 KB] In ts_5_24 of size 18 found num new op-mutexes 0


[t=0.0158131s, 22996 KB] In ts_5_25 of size 1 found num new op-mutexes 0


[t=0.015875s, 22996 KB] In ts_5_26 of size 1 found num new op-mutexes 0


[t=0.0159535s, 22996 KB] In ts_5_27 of size 1 found num new op-mutexes 0


[t=0.0160138s, 22996 KB] In ts_5_28 of size 2 found num new op-mutexes 0


[t=0.0160638s, 22996 KB] In ts_5_29 of size 2 found num new op-mutexes 0


[t=0.0161119s, 22996 KB] In ts_5_30 of size 2 found num new op-mutexes 0


[t=0.0163225s, 22996 KB] In ts_5_37 of size 19 found num new op-mutexes 0
[t=0.0163539s, 22996 KB] Operator mutex finished iteration 5. Found an additional 0 operator mutexes

[t=0.0163822s, 22996 KB] Next pair of indices: (37, 14)
[t=0.0164056s, 22996 KB] M&S algorithm main loop timer: 0.0136864s (after computation of next merge)
[t=0.0164692s, 22996 KB] M&S algorithm main loop timer: 0.0137563s (after merging)
[t=0.0165056s, 22996 KB] M&S algorithm main loop timer: 0.013798s (after pruning)

[t=0.0165517s, 22996 KB] Operator mutex starting iteration 6


[t=0.0165997s, 22996 KB] In ts_6_0 of size 2 found num new op-mutexes 0


[t=0.0166543s, 22996 KB] In ts_6_1 of size 2 found num new op-mutexes 0


[t=0.0167068s, 22996 KB] In ts_6_2 of size 2 found num new op-mutexes 0


[t=0.0167576s, 22996 KB] In ts_6_3 of size 2 found num new op-mutexes 0


[t=0.0168074s, 22996 KB] In ts_6_4 of size 2 found num new op-mutexes 0


[t=0.0168572s, 22996 KB] In ts_6_5 of size 2 found num new op-mutexes 0


[t=0.0169067s, 22996 KB] In ts_6_6 of size 2 found num new op-mutexes 0


[t=0.0169663s, 22996 KB] In ts_6_7 of size 2 found num new op-mutexes 0


[t=0.0170198s, 22996 KB] In ts_6_8 of size 2 found num new op-mutexes 0


[t=0.017069s, 22996 KB] In ts_6_9 of size 2 found num new op-mutexes 0


[t=0.0171177s, 22996 KB] In ts_6_10 of size 2 found num new op-mutexes 0


[t=0.0171887s, 22996 KB] In ts_6_11 of size 2 found num new op-mutexes 0


[t=0.0172428s, 22996 KB] In ts_6_12 of size 2 found num new op-mutexes 0


[t=0.0172918s, 22996 KB] In ts_6_13 of size 2 found num new op-mutexes 0


[t=0.0173403s, 22996 KB] In ts_6_21 of size 2 found num new op-mutexes 0


[t=0.0173883s, 22996 KB] In ts_6_22 of size 2 found num new op-mutexes 0


[t=0.0174513s, 22996 KB] In ts_6_23 of size 2 found num new op-mutexes 0


[t=0.0176805s, 22996 KB] In ts_6_24 of size 18 found num new op-mutexes 0


[t=0.0177658s, 22996 KB] In ts_6_25 of size 1 found num new op-mutexes 0


[t=0.0178368s, 22996 KB] In ts_6_26 of size 1 found num new op-mutexes 0


[t=0.0179222s, 22996 KB] In ts_6_27 of size 1 found num new op-mutexes 0


[t=0.0179894s, 22996 KB] In ts_6_28 of size 2 found num new op-mutexes 0


[t=0.0180465s, 22996 KB] In ts_6_29 of size 2 found num new op-mutexes 0


[t=0.0180958s, 22996 KB] In ts_6_30 of size 2 found num new op-mutexes 0


[t=0.0183073s, 22996 KB] In ts_6_38 of size 19 found num new op-mutexes 0
[t=0.0183404s, 22996 KB] Operator mutex finished iteration 6. Found an additional 0 operator mutexes

[t=0.0183689s, 22996 KB] Next pair of indices: (38, 13)
[t=0.0183917s, 22996 KB] M&S algorithm main loop timer: 0.0156724s (after computation of next merge)
[t=0.0184618s, 22996 KB] M&S algorithm main loop timer: 0.0157492s (after merging)
[t=0.0185014s, 22996 KB] M&S algorithm main loop timer: 0.0157837s (after pruning)

[t=0.018529s, 22996 KB] Operator mutex starting iteration 7


[t=0.0185769s, 22996 KB] In ts_7_0 of size 2 found num new op-mutexes 0


[t=0.0186309s, 22996 KB] In ts_7_1 of size 2 found num new op-mutexes 0


[t=0.0186932s, 22996 KB] In ts_7_2 of size 2 found num new op-mutexes 0


[t=0.0187426s, 22996 KB] In ts_7_3 of size 2 found num new op-mutexes 0


[t=0.0187948s, 22996 KB] In ts_7_4 of size 2 found num new op-mutexes 0


[t=0.0188515s, 22996 KB] In ts_7_5 of size 2 found num new op-mutexes 0


[t=0.0189006s, 22996 KB] In ts_7_6 of size 2 found num new op-mutexes 0


[t=0.0189502s, 22996 KB] In ts_7_7 of size 2 found num new op-mutexes 0


[t=0.0190034s, 22996 KB] In ts_7_8 of size 2 found num new op-mutexes 0


[t=0.0190527s, 22996 KB] In ts_7_9 of size 2 found num new op-mutexes 0


[t=0.0191015s, 22996 KB] In ts_7_10 of size 2 found num new op-mutexes 0


[t=0.0191523s, 22996 KB] In ts_7_11 of size 2 found num new op-mutexes 0


[t=0.0192011s, 22996 KB] In ts_7_12 of size 2 found num new op-mutexes 0


[t=0.0192501s, 22996 KB] In ts_7_21 of size 2 found num new op-mutexes 0


[t=0.0192985s, 22996 KB] In ts_7_22 of size 2 found num new op-mutexes 0


[t=0.0193615s, 22996 KB] In ts_7_23 of size 2 found num new op-mutexes 0


[t=0.0196013s, 22996 KB] In ts_7_24 of size 18 found num new op-mutexes 0


[t=0.0196851s, 22996 KB] In ts_7_25 of size 1 found num new op-mutexes 0


[t=0.0197457s, 22996 KB] In ts_7_26 of size 1 found num new op-mutexes 0


[t=0.0198227s, 22996 KB] In ts_7_27 of size 1 found num new op-mutexes 0


[t=0.019883s, 22996 KB] In ts_7_28 of size 2 found num new op-mutexes 0


[t=0.0199433s, 22996 KB] In ts_7_29 of size 2 found num new op-mutexes 0


[t=0.0199909s, 22996 KB] In ts_7_30 of size 2 found num new op-mutexes 0


[t=0.020362s, 22996 KB] In ts_7_39 of size 30 found num new op-mutexes 0
[t=0.0204011s, 22996 KB] Operator mutex finished iteration 7. Found an additional 0 operator mutexes

[t=0.0204322s, 22996 KB] Next pair of indices: (39, 12)
[t=0.0204554s, 22996 KB] M&S algorithm main loop timer: 0.017736s (after computation of next merge)
[t=0.020546s, 22996 KB] M&S algorithm main loop timer: 0.0178316s (after merging)
[t=0.0205853s, 22996 KB] M&S algorithm main loop timer: 0.0178674s (after pruning)

[t=0.0206127s, 22996 KB] Operator mutex starting iteration 8


[t=0.0206609s, 22996 KB] In ts_8_0 of size 2 found num new op-mutexes 0


[t=0.0207157s, 22996 KB] In ts_8_1 of size 2 found num new op-mutexes 0


[t=0.0207678s, 22996 KB] In ts_8_2 of size 2 found num new op-mutexes 0


[t=0.0208175s, 22996 KB] In ts_8_3 of size 2 found num new op-mutexes 0


[t=0.0208663s, 22996 KB] In ts_8_4 of size 2 found num new op-mutexes 0


[t=0.0209143s, 22996 KB] In ts_8_5 of size 2 found num new op-mutexes 0


[t=0.0209623s, 22996 KB] In ts_8_6 of size 2 found num new op-mutexes 0


[t=0.0210106s, 22996 KB] In ts_8_7 of size 2 found num new op-mutexes 0


[t=0.0210632s, 22996 KB] In ts_8_8 of size 2 found num new op-mutexes 0


[t=0.0211116s, 22996 KB] In ts_8_9 of size 2 found num new op-mutexes 0


[t=0.0211597s, 22996 KB] In ts_8_10 of size 2 found num new op-mutexes 0


[t=0.0212104s, 22996 KB] In ts_8_11 of size 2 found num new op-mutexes 0


[t=0.0212585s, 22996 KB] In ts_8_21 of size 2 found num new op-mutexes 0


[t=0.0213069s, 22996 KB] In ts_8_22 of size 2 found num new op-mutexes 0


[t=0.0213696s, 22996 KB] In ts_8_23 of size 2 found num new op-mutexes 0


[t=0.021599s, 22996 KB] In ts_8_24 of size 18 found num new op-mutexes 0


[t=0.0216946s, 22996 KB] In ts_8_25 of size 1 found num new op-mutexes 0


[t=0.0217559s, 22996 KB] In ts_8_26 of size 1 found num new op-mutexes 0


[t=0.0218323s, 22996 KB] In ts_8_27 of size 1 found num new op-mutexes 0


[t=0.0218921s, 22996 KB] In ts_8_28 of size 2 found num new op-mutexes 0


[t=0.0219425s, 22996 KB] In ts_8_29 of size 2 found num new op-mutexes 0


[t=0.0219904s, 22996 KB] In ts_8_30 of size 2 found num new op-mutexes 0


[t=0.0223152s, 22996 KB] In ts_8_40 of size 29 found num new op-mutexes 0
[t=0.0223507s, 22996 KB] Operator mutex finished iteration 8. Found an additional 0 operator mutexes

[t=0.0223806s, 22996 KB] Next pair of indices: (40, 11)
[t=0.0224035s, 22996 KB] M&S algorithm main loop timer: 0.0196842s (after computation of next merge)
[t=0.0224936s, 22996 KB] M&S algorithm main loop timer: 0.0197793s (after merging)
[t=0.0225328s, 22996 KB] M&S algorithm main loop timer: 0.0198152s (after pruning)

[t=0.0225607s, 22996 KB] Operator mutex starting iteration 9


[t=0.0226281s, 22996 KB] In ts_9_0 of size 2 found num new op-mutexes 0


[t=0.0226846s, 22996 KB] In ts_9_1 of size 2 found num new op-mutexes 0


[t=0.0227371s, 22996 KB] In ts_9_2 of size 2 found num new op-mutexes 0


[t=0.0227872s, 22996 KB] In ts_9_3 of size 2 found num new op-mutexes 0


[t=0.0228365s, 22996 KB] In ts_9_4 of size 2 found num new op-mutexes 0


[t=0.0228844s, 22996 KB] In ts_9_5 of size 2 found num new op-mutexes 0


[t=0.0229318s, 22996 KB] In ts_9_6 of size 2 found num new op-mutexes 0


[t=0.02298s, 22996 KB] In ts_9_7 of size 2 found num new op-mutexes 0


[t=0.0230321s, 22996 KB] In ts_9_8 of size 2 found num new op-mutexes 0


[t=0.02308s, 22996 KB] In ts_9_9 of size 2 found num new op-mutexes 0


[t=0.0231277s, 22996 KB] In ts_9_10 of size 2 found num new op-mutexes 0


[t=0.0231757s, 22996 KB] In ts_9_21 of size 2 found num new op-mutexes 0


[t=0.0232244s, 22996 KB] In ts_9_22 of size 2 found num new op-mutexes 0


[t=0.0232873s, 22996 KB] In ts_9_23 of size 2 found num new op-mutexes 0


[t=0.0235342s, 22996 KB] In ts_9_24 of size 18 found num new op-mutexes 0


[t=0.0236261s, 22996 KB] In ts_9_25 of size 1 found num new op-mutexes 0


[t=0.0236887s, 22996 KB] In ts_9_26 of size 1 found num new op-mutexes 0


[t=0.0237662s, 22996 KB] In ts_9_27 of size 1 found num new op-mutexes 0


[t=0.0238259s, 22996 KB] In ts_9_28 of size 2 found num new op-mutexes 0


[t=0.023876s, 22996 KB] In ts_9_29 of size 2 found num new op-mutexes 0


[t=0.0239232s, 22996 KB] In ts_9_30 of size 2 found num new op-mutexes 0


[t=0.0242447s, 22996 KB] In ts_9_41 of size 29 found num new op-mutexes 0
[t=0.0242803s, 22996 KB] Operator mutex finished iteration 9. Found an additional 0 operator mutexes

[t=0.0243106s, 22996 KB] Next pair of indices: (41, 10)
[t=0.0243343s, 22996 KB] M&S algorithm main loop timer: 0.021615s (after computation of next merge)
[t=0.0244253s, 22996 KB] M&S algorithm main loop timer: 0.0217108s (after merging)
[t=0.0244636s, 22996 KB] M&S algorithm main loop timer: 0.0217455s (after pruning)

[t=0.0244913s, 22996 KB] Operator mutex starting iteration 10


[t=0.0245401s, 22996 KB] In ts_10_0 of size 2 found num new op-mutexes 0


[t=0.0245954s, 22996 KB] In ts_10_1 of size 2 found num new op-mutexes 0


[t=0.0246474s, 22996 KB] In ts_10_2 of size 2 found num new op-mutexes 0


[t=0.0246971s, 22996 KB] In ts_10_3 of size 2 found num new op-mutexes 0


[t=0.0247463s, 22996 KB] In ts_10_4 of size 2 found num new op-mutexes 0


[t=0.0248045s, 22996 KB] In ts_10_5 of size 2 found num new op-mutexes 0


[t=0.0248526s, 22996 KB] In ts_10_6 of size 2 found num new op-mutexes 0


[t=0.0249064s, 22996 KB] In ts_10_7 of size 2 found num new op-mutexes 0


[t=0.0249633s, 22996 KB] In ts_10_8 of size 2 found num new op-mutexes 0


[t=0.0250126s, 22996 KB] In ts_10_9 of size 2 found num new op-mutexes 0


[t=0.0250615s, 22996 KB] In ts_10_21 of size 2 found num new op-mutexes 0


[t=0.0251108s, 22996 KB] In ts_10_22 of size 2 found num new op-mutexes 0


[t=0.025174s, 22996 KB] In ts_10_23 of size 2 found num new op-mutexes 0


[t=0.0254053s, 22996 KB] In ts_10_24 of size 18 found num new op-mutexes 0


[t=0.0254949s, 22996 KB] In ts_10_25 of size 1 found num new op-mutexes 0


[t=0.0255618s, 22996 KB] In ts_10_26 of size 1 found num new op-mutexes 0


[t=0.0256446s, 22996 KB] In ts_10_27 of size 1 found num new op-mutexes 0


[t=0.0257421s, 22996 KB] In ts_10_28 of size 2 found num new op-mutexes 0


[t=0.0257982s, 22996 KB] In ts_10_29 of size 2 found num new op-mutexes 0


[t=0.0258474s, 22996 KB] In ts_10_30 of size 2 found num new op-mutexes 0


[t=0.0261296s, 22996 KB] In ts_10_42 of size 22 found num new op-mutexes 0
[t=0.0261729s, 22996 KB] Operator mutex finished iteration 10. Found an additional 0 operator mutexes

[t=0.0262017s, 22996 KB] Next pair of indices: (42, 9)
[t=0.026225s, 22996 KB] M&S algorithm main loop timer: 0.0235059s (after computation of next merge)
[t=0.026307s, 22996 KB] M&S algorithm main loop timer: 0.0235926s (after merging)
[t=0.0263462s, 22996 KB] M&S algorithm main loop timer: 0.0236313s (after pruning)

[t=0.0263771s, 22996 KB] Operator mutex starting iteration 11


[t=0.0264265s, 22996 KB] In ts_11_0 of size 2 found num new op-mutexes 0


[t=0.0265164s, 22996 KB] In ts_11_1 of size 2 found num new op-mutexes 0


[t=0.0265705s, 22996 KB] In ts_11_2 of size 2 found num new op-mutexes 0


[t=0.0266208s, 22996 KB] In ts_11_3 of size 2 found num new op-mutexes 0


[t=0.0266707s, 22996 KB] In ts_11_4 of size 2 found num new op-mutexes 0


[t=0.0267206s, 22996 KB] In ts_11_5 of size 2 found num new op-mutexes 0


[t=0.0267692s, 22996 KB] In ts_11_6 of size 2 found num new op-mutexes 0


[t=0.0268184s, 22996 KB] In ts_11_7 of size 2 found num new op-mutexes 0


[t=0.0268719s, 22996 KB] In ts_11_8 of size 2 found num new op-mutexes 0


[t=0.0269203s, 22996 KB] In ts_11_21 of size 2 found num new op-mutexes 0


[t=0.0269685s, 22996 KB] In ts_11_22 of size 2 found num new op-mutexes 0


[t=0.0270315s, 22996 KB] In ts_11_23 of size 2 found num new op-mutexes 0


[t=0.0272618s, 22996 KB] In ts_11_24 of size 18 found num new op-mutexes 0


[t=0.0273463s, 22996 KB] In ts_11_25 of size 1 found num new op-mutexes 0


[t=0.0274085s, 22996 KB] In ts_11_26 of size 1 found num new op-mutexes 0


[t=0.027486s, 22996 KB] In ts_11_27 of size 1 found num new op-mutexes 0


[t=0.0275461s, 22996 KB] In ts_11_28 of size 2 found num new op-mutexes 0


[t=0.0275966s, 22996 KB] In ts_11_29 of size 2 found num new op-mutexes 0


[t=0.0276447s, 22996 KB] In ts_11_30 of size 2 found num new op-mutexes 0


[t=0.0279189s, 22996 KB] In ts_11_43 of size 20 found num new op-mutexes 0
[t=0.0279539s, 22996 KB] Operator mutex finished iteration 11. Found an additional 0 operator mutexes

[t=0.0279853s, 22996 KB] Next pair of indices: (43, 8)
[t=0.0280119s, 22996 KB] M&S algorithm main loop timer: 0.0252938s (after computation of next merge)
[t=0.028092s, 22996 KB] M&S algorithm main loop timer: 0.0253803s (after merging)
[t=0.0281323s, 22996 KB] M&S algorithm main loop timer: 0.025415s (after pruning)

[t=0.0281607s, 22996 KB] Operator mutex starting iteration 12


[t=0.0282099s, 22996 KB] In ts_12_0 of size 2 found num new op-mutexes 0


[t=0.0282651s, 22996 KB] In ts_12_1 of size 2 found num new op-mutexes 0


[t=0.0283175s, 22996 KB] In ts_12_2 of size 2 found num new op-mutexes 0


[t=0.0283675s, 22996 KB] In ts_12_3 of size 2 found num new op-mutexes 0


[t=0.0284171s, 22996 KB] In ts_12_4 of size 2 found num new op-mutexes 0


[t=0.028466s, 22996 KB] In ts_12_5 of size 2 found num new op-mutexes 0


[t=0.0285154s, 22996 KB] In ts_12_6 of size 2 found num new op-mutexes 0


[t=0.0285644s, 22996 KB] In ts_12_7 of size 2 found num new op-mutexes 0


[t=0.0286125s, 22996 KB] In ts_12_21 of size 2 found num new op-mutexes 0


[t=0.0286605s, 22996 KB] In ts_12_22 of size 2 found num new op-mutexes 0


[t=0.0287239s, 22996 KB] In ts_12_23 of size 2 found num new op-mutexes 0


[t=0.0289664s, 22996 KB] In ts_12_24 of size 18 found num new op-mutexes 0


[t=0.0290512s, 22996 KB] In ts_12_25 of size 1 found num new op-mutexes 0


[t=0.0291125s, 22996 KB] In ts_12_26 of size 1 found num new op-mutexes 0


[t=0.0291894s, 22996 KB] In ts_12_27 of size 1 found num new op-mutexes 0


[t=0.0292606s, 22996 KB] In ts_12_28 of size 2 found num new op-mutexes 0


[t=0.0293107s, 22996 KB] In ts_12_29 of size 2 found num new op-mutexes 0


[t=0.0293578s, 22996 KB] In ts_12_30 of size 2 found num new op-mutexes 0


[t=0.0296355s, 22996 KB] In ts_12_44 of size 20 found num new op-mutexes 0
[t=0.0296731s, 22996 KB] Operator mutex finished iteration 12. Found an additional 0 operator mutexes

[t=0.0297032s, 22996 KB] Next pair of indices: (44, 7)
[t=0.0297262s, 22996 KB] M&S algorithm main loop timer: 0.0270069s (after computation of next merge)
[t=0.0297995s, 22996 KB] M&S algorithm main loop timer: 0.027087s (after merging)
[t=0.0298382s, 22996 KB] M&S algorithm main loop timer: 0.0271205s (after pruning)

[t=0.0298658s, 22996 KB] Operator mutex starting iteration 13


[t=0.0299134s, 22996 KB] In ts_13_0 of size 2 found num new op-mutexes 0


[t=0.0299679s, 22996 KB] In ts_13_1 of size 2 found num new op-mutexes 0


[t=0.0300295s, 22996 KB] In ts_13_2 of size 2 found num new op-mutexes 0


[t=0.030079s, 22996 KB] In ts_13_3 of size 2 found num new op-mutexes 0


[t=0.0301286s, 22996 KB] In ts_13_4 of size 2 found num new op-mutexes 0


[t=0.0301779s, 22996 KB] In ts_13_5 of size 2 found num new op-mutexes 0


[t=0.0302262s, 22996 KB] In ts_13_6 of size 2 found num new op-mutexes 0


[t=0.0302739s, 22996 KB] In ts_13_21 of size 2 found num new op-mutexes 0


[t=0.0303316s, 22996 KB] In ts_13_22 of size 2 found num new op-mutexes 0


[t=0.0303961s, 22996 KB] In ts_13_23 of size 2 found num new op-mutexes 0


[t=0.0306269s, 22996 KB] In ts_13_24 of size 18 found num new op-mutexes 0


[t=0.0307129s, 22996 KB] In ts_13_25 of size 1 found num new op-mutexes 0


[t=0.0307748s, 22996 KB] In ts_13_26 of size 1 found num new op-mutexes 0


[t=0.0308528s, 22996 KB] In ts_13_27 of size 1 found num new op-mutexes 0


[t=0.0309131s, 22996 KB] In ts_13_28 of size 2 found num new op-mutexes 0


[t=0.0309639s, 22996 KB] In ts_13_29 of size 2 found num new op-mutexes 0


[t=0.031012s, 22996 KB] In ts_13_30 of size 2 found num new op-mutexes 0


[t=0.0312753s, 22996 KB] In ts_13_45 of size 20 found num new op-mutexes 0
[t=0.0313091s, 22996 KB] Operator mutex finished iteration 13. Found an additional 0 operator mutexes

[t=0.0313377s, 22996 KB] Next pair of indices: (45, 6)
[t=0.0313605s, 22996 KB] M&S algorithm main loop timer: 0.0286413s (after computation of next merge)
[t=0.0314348s, 22996 KB] M&S algorithm main loop timer: 0.0287225s (after merging)
[t=0.0314735s, 22996 KB] M&S algorithm main loop timer: 0.0287558s (after pruning)

[t=0.0315012s, 22996 KB] Operator mutex starting iteration 14


[t=0.0315495s, 22996 KB] In ts_14_0 of size 2 found num new op-mutexes 0


[t=0.0316045s, 22996 KB] In ts_14_1 of size 2 found num new op-mutexes 0


[t=0.0316568s, 22996 KB] In ts_14_2 of size 2 found num new op-mutexes 0


[t=0.031707s, 22996 KB] In ts_14_3 of size 2 found num new op-mutexes 0


[t=0.0317565s, 22996 KB] In ts_14_4 of size 2 found num new op-mutexes 0


[t=0.0318141s, 22996 KB] In ts_14_5 of size 2 found num new op-mutexes 0


[t=0.031863s, 22996 KB] In ts_14_21 of size 2 found num new op-mutexes 0


[t=0.0319115s, 22996 KB] In ts_14_22 of size 2 found num new op-mutexes 0


[t=0.0319745s, 22996 KB] In ts_14_23 of size 2 found num new op-mutexes 0


[t=0.0322063s, 22996 KB] In ts_14_24 of size 18 found num new op-mutexes 0


[t=0.0322926s, 22996 KB] In ts_14_25 of size 1 found num new op-mutexes 0


[t=0.0323552s, 22996 KB] In ts_14_26 of size 1 found num new op-mutexes 0


[t=0.0324326s, 22996 KB] In ts_14_27 of size 1 found num new op-mutexes 0


[t=0.0324933s, 22996 KB] In ts_14_28 of size 2 found num new op-mutexes 0


[t=0.0325455s, 22996 KB] In ts_14_29 of size 2 found num new op-mutexes 0


[t=0.0325929s, 22996 KB] In ts_14_30 of size 2 found num new op-mutexes 0


[t=0.0328908s, 22996 KB] In ts_14_46 of size 20 found num new op-mutexes 0
[t=0.0329275s, 22996 KB] Operator mutex finished iteration 14. Found an additional 0 operator mutexes

[t=0.0329569s, 22996 KB] Next pair of indices: (46, 5)
[t=0.0329805s, 22996 KB] M&S algorithm main loop timer: 0.0302622s (after computation of next merge)
[t=0.0330552s, 22996 KB] M&S algorithm main loop timer: 0.0303424s (after merging)
[t=0.0330937s, 22996 KB] M&S algorithm main loop timer: 0.0303755s (after pruning)

[t=0.033121s, 22996 KB] Operator mutex starting iteration 15


[t=0.0331688s, 22996 KB] In ts_15_0 of size 2 found num new op-mutexes 0


[t=0.0332322s, 22996 KB] In ts_15_1 of size 2 found num new op-mutexes 0


[t=0.033285s, 22996 KB] In ts_15_2 of size 2 found num new op-mutexes 0


[t=0.0333351s, 22996 KB] In ts_15_3 of size 2 found num new op-mutexes 0


[t=0.0333844s, 22996 KB] In ts_15_4 of size 2 found num new op-mutexes 0


[t=0.0334514s, 22996 KB] In ts_15_21 of size 2 found num new op-mutexes 0


[t=0.0335089s, 22996 KB] In ts_15_22 of size 2 found num new op-mutexes 0


[t=0.033576s, 22996 KB] In ts_15_23 of size 2 found num new op-mutexes 0


[t=0.0338108s, 22996 KB] In ts_15_24 of size 18 found num new op-mutexes 0


[t=0.0338956s, 22996 KB] In ts_15_25 of size 1 found num new op-mutexes 0


[t=0.0339578s, 22996 KB] In ts_15_26 of size 1 found num new op-mutexes 0


[t=0.0340354s, 22996 KB] In ts_15_27 of size 1 found num new op-mutexes 0


[t=0.0340955s, 22996 KB] In ts_15_28 of size 2 found num new op-mutexes 0


[t=0.034157s, 22996 KB] In ts_15_29 of size 2 found num new op-mutexes 0


[t=0.0342057s, 22996 KB] In ts_15_30 of size 2 found num new op-mutexes 0


[t=0.0344784s, 22996 KB] In ts_15_47 of size 20 found num new op-mutexes 0
[t=0.0345114s, 22996 KB] Operator mutex finished iteration 15. Found an additional 0 operator mutexes

[t=0.0345401s, 22996 KB] Next pair of indices: (47, 4)
[t=0.0345632s, 22996 KB] M&S algorithm main loop timer: 0.031844s (after computation of next merge)
[t=0.0346388s, 22996 KB] M&S algorithm main loop timer: 0.0319266s (after merging)
[t=0.0346783s, 22996 KB] M&S algorithm main loop timer: 0.0319609s (after pruning)

[t=0.0347152s, 22996 KB] Operator mutex starting iteration 16


[t=0.0347728s, 22996 KB] In ts_16_0 of size 2 found num new op-mutexes 0


[t=0.0348285s, 22996 KB] In ts_16_1 of size 2 found num new op-mutexes 0


[t=0.0348802s, 22996 KB] In ts_16_2 of size 2 found num new op-mutexes 0


[t=0.0349299s, 22996 KB] In ts_16_3 of size 2 found num new op-mutexes 0


[t=0.0349789s, 22996 KB] In ts_16_21 of size 2 found num new op-mutexes 0


[t=0.0350276s, 22996 KB] In ts_16_22 of size 2 found num new op-mutexes 0


[t=0.0351019s, 22996 KB] In ts_16_23 of size 2 found num new op-mutexes 0


[t=0.0353339s, 22996 KB] In ts_16_24 of size 18 found num new op-mutexes 0


[t=0.0354198s, 22996 KB] In ts_16_25 of size 1 found num new op-mutexes 0


[t=0.035482s, 22996 KB] In ts_16_26 of size 1 found num new op-mutexes 0


[t=0.035569s, 22996 KB] In ts_16_27 of size 1 found num new op-mutexes 0


[t=0.0356297s, 22996 KB] In ts_16_28 of size 2 found num new op-mutexes 0


[t=0.03568s, 22996 KB] In ts_16_29 of size 2 found num new op-mutexes 0


[t=0.0357279s, 22996 KB] In ts_16_30 of size 2 found num new op-mutexes 0


[t=0.0360261s, 22996 KB] In ts_16_48 of size 20 found num new op-mutexes 0
[t=0.0360641s, 22996 KB] Operator mutex finished iteration 16. Found an additional 0 operator mutexes

[t=0.0360938s, 22996 KB] Next pair of indices: (48, 3)
[t=0.0361173s, 22996 KB] M&S algorithm main loop timer: 0.033398s (after computation of next merge)
[t=0.0361927s, 22996 KB] M&S algorithm main loop timer: 0.0334801s (after merging)
[t=0.0362318s, 22996 KB] M&S algorithm main loop timer: 0.0335138s (after pruning)

[t=0.0362594s, 22996 KB] Operator mutex starting iteration 17


[t=0.0363075s, 22996 KB] In ts_17_0 of size 2 found num new op-mutexes 0


[t=0.0363624s, 22996 KB] In ts_17_1 of size 2 found num new op-mutexes 0


[t=0.0364246s, 22996 KB] In ts_17_2 of size 2 found num new op-mutexes 0


[t=0.0364733s, 22996 KB] In ts_17_21 of size 2 found num new op-mutexes 0


[t=0.0365219s, 22996 KB] In ts_17_22 of size 2 found num new op-mutexes 0


[t=0.0365851s, 22996 KB] In ts_17_23 of size 2 found num new op-mutexes 0


[t=0.0368168s, 22996 KB] In ts_17_24 of size 18 found num new op-mutexes 0


[t=0.0369019s, 22996 KB] In ts_17_25 of size 1 found num new op-mutexes 0


[t=0.0369634s, 22996 KB] In ts_17_26 of size 1 found num new op-mutexes 0


[t=0.0370408s, 22996 KB] In ts_17_27 of size 1 found num new op-mutexes 0


[t=0.0371012s, 22996 KB] In ts_17_28 of size 2 found num new op-mutexes 0


[t=0.0371521s, 22996 KB] In ts_17_29 of size 2 found num new op-mutexes 0


[t=0.0372003s, 22996 KB] In ts_17_30 of size 2 found num new op-mutexes 0


[t=0.0374648s, 22996 KB] In ts_17_49 of size 20 found num new op-mutexes 0
[t=0.0374972s, 22996 KB] Operator mutex finished iteration 17. Found an additional 0 operator mutexes

[t=0.0375249s, 22996 KB] Next pair of indices: (49, 2)
[t=0.0375474s, 22996 KB] M&S algorithm main loop timer: 0.0348279s (after computation of next merge)
[t=0.0376208s, 22996 KB] M&S algorithm main loop timer: 0.0349082s (after merging)
[t=0.0376592s, 22996 KB] M&S algorithm main loop timer: 0.0349411s (after pruning)

[t=0.0376863s, 22996 KB] Operator mutex starting iteration 18


[t=0.0377341s, 22996 KB] In ts_18_0 of size 2 found num new op-mutexes 0


[t=0.037789s, 22996 KB] In ts_18_1 of size 2 found num new op-mutexes 0


[t=0.0378391s, 22996 KB] In ts_18_21 of size 2 found num new op-mutexes 0


[t=0.0378878s, 22996 KB] In ts_18_22 of size 2 found num new op-mutexes 0


[t=0.0379519s, 22996 KB] In ts_18_23 of size 2 found num new op-mutexes 0


[t=0.0381833s, 22996 KB] In ts_18_24 of size 18 found num new op-mutexes 0


[t=0.0382879s, 22996 KB] In ts_18_25 of size 1 found num new op-mutexes 0


[t=0.0383505s, 22996 KB] In ts_18_26 of size 1 found num new op-mutexes 0


[t=0.0384275s, 22996 KB] In ts_18_27 of size 1 found num new op-mutexes 0


[t=0.0384883s, 22996 KB] In ts_18_28 of size 2 found num new op-mutexes 0


[t=0.0385397s, 22996 KB] In ts_18_29 of size 2 found num new op-mutexes 0


[t=0.0385879s, 22996 KB] In ts_18_30 of size 2 found num new op-mutexes 0


[t=0.0388518s, 22996 KB] In ts_18_50 of size 20 found num new op-mutexes 0
[t=0.0388843s, 22996 KB] Operator mutex finished iteration 18. Found an additional 0 operator mutexes

[t=0.0389122s, 22996 KB] Next pair of indices: (50, 1)
[t=0.0389349s, 22996 KB] M&S algorithm main loop timer: 0.0362157s (after computation of next merge)
[t=0.0390061s, 22996 KB] M&S algorithm main loop timer: 0.0363161s (after merging)
[t=0.039068s, 22996 KB] M&S algorithm main loop timer: 0.0363512s (after pruning)

[t=0.0390966s, 22996 KB] Operator mutex starting iteration 19


[t=0.0391543s, 22996 KB] In ts_19_0 of size 2 found num new op-mutexes 0


[t=0.0392059s, 22996 KB] In ts_19_21 of size 2 found num new op-mutexes 0


[t=0.0392551s, 22996 KB] In ts_19_22 of size 2 found num new op-mutexes 0


[t=0.0393193s, 22996 KB] In ts_19_23 of size 2 found num new op-mutexes 0


[t=0.039559s, 22996 KB] In ts_19_24 of size 18 found num new op-mutexes 0


[t=0.0396441s, 22996 KB] In ts_19_25 of size 1 found num new op-mutexes 0


[t=0.0397058s, 22996 KB] In ts_19_26 of size 1 found num new op-mutexes 0


[t=0.039783s, 22996 KB] In ts_19_27 of size 1 found num new op-mutexes 0


[t=0.0398433s, 22996 KB] In ts_19_28 of size 2 found num new op-mutexes 0


[t=0.0398938s, 22996 KB] In ts_19_29 of size 2 found num new op-mutexes 0


[t=0.0399418s, 22996 KB] In ts_19_30 of size 2 found num new op-mutexes 0


[t=0.0401847s, 22996 KB] In ts_19_51 of size 20 found num new op-mutexes 0
[t=0.040219s, 22996 KB] Operator mutex finished iteration 19. Found an additional 0 operator mutexes

[t=0.040248s, 22996 KB] Next pair of indices: (51, 0)
[t=0.0402712s, 22996 KB] M&S algorithm main loop timer: 0.0375519s (after computation of next merge)
[t=0.0403376s, 22996 KB] M&S algorithm main loop timer: 0.0376237s (after merging)
[t=0.0403732s, 22996 KB] M&S algorithm main loop timer: 0.0376554s (after pruning)

[t=0.0404005s, 22996 KB] Operator mutex starting iteration 20


[t=0.0404487s, 22996 KB] In ts_20_21 of size 2 found num new op-mutexes 0


[t=0.0404999s, 22996 KB] In ts_20_22 of size 2 found num new op-mutexes 0


[t=0.0405724s, 22996 KB] In ts_20_23 of size 2 found num new op-mutexes 0


[t=0.0408089s, 22996 KB] In ts_20_24 of size 18 found num new op-mutexes 0


[t=0.040897s, 22996 KB] In ts_20_25 of size 1 found num new op-mutexes 0


[t=0.0409593s, 22996 KB] In ts_20_26 of size 1 found num new op-mutexes 0


[t=0.0410375s, 22996 KB] In ts_20_27 of size 1 found num new op-mutexes 0


[t=0.0411088s, 22996 KB] In ts_20_28 of size 2 found num new op-mutexes 0


[t=0.041159s, 22996 KB] In ts_20_29 of size 2 found num new op-mutexes 0


[t=0.0412071s, 22996 KB] In ts_20_30 of size 2 found num new op-mutexes 0


[t=0.0414456s, 22996 KB] In ts_20_52 of size 20 found num new op-mutexes 0
[t=0.041484s, 22996 KB] Operator mutex finished iteration 20. Found an additional 0 operator mutexes

[t=0.0415129s, 22996 KB] Next pair of indices: (52, 30)
[t=0.0415373s, 22996 KB] M&S algorithm main loop timer: 0.0388216s (after computation of next merge)
[t=0.0416119s, 22996 KB] M&S algorithm main loop timer: 0.0388992s (after merging)
[t=0.0416515s, 22996 KB] M&S algorithm main loop timer: 0.038934s (after pruning)

[t=0.0416795s, 22996 KB] Operator mutex starting iteration 21


[t=0.0417281s, 22996 KB] In ts_21_21 of size 2 found num new op-mutexes 0


[t=0.041781s, 22996 KB] In ts_21_22 of size 2 found num new op-mutexes 0


[t=0.0418464s, 22996 KB] In ts_21_23 of size 2 found num new op-mutexes 0


[t=0.0420882s, 22996 KB] In ts_21_24 of size 18 found num new op-mutexes 0


[t=0.0421737s, 22996 KB] In ts_21_25 of size 1 found num new op-mutexes 0


[t=0.042253s, 22996 KB] In ts_21_26 of size 1 found num new op-mutexes 0


[t=0.042334s, 22996 KB] In ts_21_27 of size 1 found num new op-mutexes 0


[t=0.0423952s, 22996 KB] In ts_21_28 of size 2 found num new op-mutexes 0


[t=0.0424462s, 22996 KB] In ts_21_29 of size 2 found num new op-mutexes 0


[t=0.0428143s, 22996 KB] In ts_21_53 of size 39 found num new op-mutexes 0
[t=0.0428501s, 22996 KB] Operator mutex finished iteration 21. Found an additional 0 operator mutexes

[t=0.0428798s, 22996 KB] Next pair of indices: (53, 28)
[t=0.0429028s, 22996 KB] M&S algorithm main loop timer: 0.0401837s (after computation of next merge)
[t=0.0430165s, 22996 KB] M&S algorithm main loop timer: 0.0403036s (after merging)
[t=0.0430623s, 22996 KB] M&S algorithm main loop timer: 0.040345s (after pruning)

[t=0.0430904s, 22996 KB] Operator mutex starting iteration 22


[t=0.0431386s, 22996 KB] In ts_22_21 of size 2 found num new op-mutexes 0


[t=0.0431904s, 22996 KB] In ts_22_22 of size 2 found num new op-mutexes 0


[t=0.0432557s, 22996 KB] In ts_22_23 of size 2 found num new op-mutexes 0


[t=0.0434879s, 22996 KB] In ts_22_24 of size 18 found num new op-mutexes 0


[t=0.0435734s, 22996 KB] In ts_22_25 of size 1 found num new op-mutexes 0


[t=0.0436354s, 22996 KB] In ts_22_26 of size 1 found num new op-mutexes 0


[t=0.0437123s, 22996 KB] In ts_22_27 of size 1 found num new op-mutexes 0


[t=0.0437642s, 22996 KB] In ts_22_29 of size 2 found num new op-mutexes 0


[t=0.0443269s, 22996 KB] In ts_22_54 of size 77 found num new op-mutexes 0
[t=0.0443646s, 22996 KB] Operator mutex finished iteration 22. Found an additional 0 operator mutexes

[t=0.0444052s, 22996 KB] Next pair of indices: (54, 27)
[t=0.0444295s, 22996 KB] M&S algorithm main loop timer: 0.0417109s (after computation of next merge)
[t=0.0445515s, 22996 KB] M&S algorithm main loop timer: 0.0418386s (after merging)
[t=0.0445952s, 22996 KB] M&S algorithm main loop timer: 0.0418785s (after pruning)

[t=0.0446238s, 22996 KB] Operator mutex starting iteration 23


[t=0.0446741s, 22996 KB] In ts_23_21 of size 2 found num new op-mutexes 0


[t=0.0447267s, 22996 KB] In ts_23_22 of size 2 found num new op-mutexes 0


[t=0.0447926s, 22996 KB] In ts_23_23 of size 2 found num new op-mutexes 0


[t=0.0450263s, 22996 KB] In ts_23_24 of size 18 found num new op-mutexes 0


[t=0.0451116s, 22996 KB] In ts_23_25 of size 1 found num new op-mutexes 0


[t=0.0451739s, 22996 KB] In ts_23_26 of size 1 found num new op-mutexes 0


[t=0.0452264s, 22996 KB] In ts_23_29 of size 2 found num new op-mutexes 0


[t=0.0460894s, 22996 KB] In ts_23_55 of size 58 found num new op-mutexes 0
[t=0.0461273s, 22996 KB] Operator mutex finished iteration 23. Found an additional 0 operator mutexes

[t=0.0461586s, 22996 KB] Next pair of indices: (55, 25)
[t=0.046183s, 22996 KB] M&S algorithm main loop timer: 0.0434647s (after computation of next merge)
[t=0.0462919s, 22996 KB] M&S algorithm main loop timer: 0.0435784s (after merging)

[t=0.0463287s, 22996 KB] Operator mutex starting iteration 24


[t=0.0463895s, 22996 KB] In ts_24_21 of size 2 found num new op-mutexes 0


[t=0.0464415s, 22996 KB] In ts_24_22 of size 2 found num new op-mutexes 0


[t=0.0465152s, 22996 KB] In ts_24_23 of size 2 found num new op-mutexes 0


[t=0.0467498s, 22996 KB] In ts_24_24 of size 18 found num new op-mutexes 0


[t=0.0468177s, 22996 KB] In ts_24_26 of size 1 found num new op-mutexes 0


[t=0.0468714s, 22996 KB] In ts_24_29 of size 2 found num new op-mutexes 0


[t=0.0477101s, 22996 KB] In ts_24_56 of size 58 found num new op-mutexes 0
[t=0.0477465s, 22996 KB] Operator mutex finished iteration 24. Found an additional 0 operator mutexes

[t=0.0477763s, 22996 KB] Next pair of indices: (56, 24)
[t=0.0477995s, 22996 KB] M&S algorithm main loop timer: 0.0450806s (after computation of next merge)
[t=0.0478673s, 22996 KB] M&S algorithm main loop timer: 0.0451531s (after shrinking)
[t=0.0480959s, 22996 KB] M&S algorithm main loop timer: 0.0453908s (after merging)
[t=0.0481648s, 22996 KB] M&S algorithm main loop timer: 0.0454516s (after pruning)

[t=0.0481973s, 22996 KB] Operator mutex starting iteration 25


[t=0.0482469s, 22996 KB] In ts_25_21 of size 2 found num new op-mutexes 0


[t=0.0482987s, 22996 KB] In ts_25_22 of size 2 found num new op-mutexes 0


[t=0.0483753s, 22996 KB] In ts_25_23 of size 2 found num new op-mutexes 0


[t=0.0484364s, 22996 KB] In ts_25_26 of size 1 found num new op-mutexes 0


[t=0.0484872s, 22996 KB] In ts_25_29 of size 2 found num new op-mutexes 0


[t=0.295014s, 22996 KB] In ts_25_57 of size 172 found num new op-mutexes 86
[t=0.295107s, 22996 KB] Operator mutex finished iteration 25. Found an additional 86 operator mutexes

[t=0.295141s, 22996 KB] Next pair of indices: (57, 26)
[t=0.295168s, 22996 KB] M&S algorithm main loop timer: 0.292451s (after computation of next merge)
[t=0.295527s, 22996 KB] M&S algorithm main loop timer: 0.292821s (after shrinking)
[t=0.295663s, 22996 KB] M&S algorithm main loop timer: 0.292953s (after merging)

[t=0.295712s, 22996 KB] Operator mutex starting iteration 26


[t=0.295772s, 22996 KB] In ts_26_21 of size 2 found num new op-mutexes 0


[t=0.295838s, 22996 KB] In ts_26_22 of size 2 found num new op-mutexes 0


[t=0.295908s, 22996 KB] In ts_26_23 of size 2 found num new op-mutexes 0


[t=0.295961s, 22996 KB] In ts_26_29 of size 2 found num new op-mutexes 0


[t=0.593437s, 22996 KB] In ts_26_58 of size 171 found num new op-mutexes 0
[t=0.593508s, 22996 KB] Operator mutex finished iteration 26. Found an additional 0 operator mutexes

[t=0.593544s, 22996 KB] Next pair of indices: (58, 23)
[t=0.593569s, 22996 KB] M&S algorithm main loop timer: 0.59085s (after computation of next merge)
[t=0.593932s, 22996 KB] M&S algorithm main loop timer: 0.591227s (after merging)
[t=0.593996s, 22996 KB] M&S algorithm main loop timer: 0.591283s (after pruning)

[t=0.594029s, 22996 KB] Operator mutex starting iteration 27


[t=0.594081s, 22996 KB] In ts_27_21 of size 2 found num new op-mutexes 0


[t=0.594135s, 22996 KB] In ts_27_22 of size 2 found num new op-mutexes 0


[t=0.594185s, 22996 KB] In ts_27_29 of size 2 found num new op-mutexes 0


[t=0.8886s, 22996 KB] In ts_27_59 of size 171 found num new op-mutexes 0
[t=0.888663s, 22996 KB] Operator mutex finished iteration 27. Found an additional 0 operator mutexes

[t=0.888697s, 22996 KB] Next pair of indices: (59, 22)
[t=0.888722s, 22996 KB] M&S algorithm main loop timer: 0.886003s (after computation of next merge)
[t=0.88907s, 22996 KB] M&S algorithm main loop timer: 0.886365s (after merging)
[t=0.889133s, 22996 KB] M&S algorithm main loop timer: 0.88642s (after pruning)

[t=0.88917s, 22996 KB] Operator mutex starting iteration 28


[t=0.889227s, 22996 KB] In ts_28_21 of size 2 found num new op-mutexes 0


[t=0.889279s, 22996 KB] In ts_28_29 of size 2 found num new op-mutexes 0


[t=1.18318s, 22996 KB] In ts_28_60 of size 171 found num new op-mutexes 0
[t=1.18324s, 22996 KB] Operator mutex finished iteration 28. Found an additional 0 operator mutexes

[t=1.18328s, 22996 KB] Next pair of indices: (60, 29)
[t=1.18331s, 22996 KB] M&S algorithm main loop timer: 1.18059s (after computation of next merge)
[t=1.18366s, 22996 KB] M&S algorithm main loop timer: 1.18095s (after merging)
[t=1.18372s, 22996 KB] M&S algorithm main loop timer: 1.181s (after pruning)

[t=1.18375s, 22996 KB] Operator mutex starting iteration 29


[t=1.18381s, 22996 KB] In ts_29_21 of size 2 found num new op-mutexes 0


[t=1.21642s, 22996 KB] In ts_29_61 of size 121 found num new op-mutexes 248
[t=1.21647s, 22996 KB] Operator mutex finished iteration 29. Found an additional 248 operator mutexes

[t=1.2165s, 22996 KB] Next pair of indices: (61, 21)
[t=1.21653s, 22996 KB] M&S algorithm main loop timer: 1.21381s (after computation of next merge)
[t=1.2167s, 22996 KB] M&S algorithm main loop timer: 1.21399s (after merging)
[t=1.21675s, 22996 KB] M&S algorithm main loop timer: 1.21404s (after pruning)

[t=1.21678s, 22996 KB] Operator mutex starting iteration 30


[t=1.23238s, 22996 KB] In ts_30_62 of size 114 found num new op-mutexes 94
[t=1.23244s, 22996 KB] Operator mutex finished iteration 30. Found an additional 94 operator mutexes

[t=1.23247s, 22996 KB] End of merge-and-shrink algorithm, statistics:
[t=1.23249s, 22996 KB] Main loop runtime: 1.22977s
[t=1.23251s, 22996 KB] Maximum intermediate abstraction size: 638
[t=1.23254s, 22996 KB] Final peak memory increase of merge-and-shrink algorithm: 396 KB
[t=1.23257s, 22996 KB] Merge-and-shrink algorithm runtime: 1.23073s

[t=1.23259s, 22996 KB] Number of labels: 53
[t=1.23261s, 22996 KB] Total number of operator mutexes: 2365
[t=1.23263s, 22996 KB] Operator Mutex total time: 1.22256s
[t=1.23266s, 22996 KB] Number of remaining factors: 1
[t=1.23269s, 22996 KB] Number of factors kept: 1
[t=1.23271s, 22996 KB] Done initializing merge-and-shrink heuristic.

[t=1.23283s, 22996 KB] Building successor generator...done!
[t=1.23297s, 22996 KB] peak memory difference for successor generator creation: 0 KB
[t=1.23299s, 22996 KB] time for successor generation creation: 4.084e-05s
[t=1.23302s, 22996 KB] Variables: 32
[t=1.23304s, 22996 KB] FactPairs: 96
[t=1.23306s, 22996 KB] Bytes per state: 8
[t=1.23319s, 22996 KB] Conducting best first search with reopening closed nodes, (real) bound = 2147483647
[t=1.23325s, 22996 KB] New best heuristic value for merge_and_shrink(op_mutex = op_mutex(use_previous_ops = nasutpo, reachability_strategy = goal), merge_strategy = merge_precomputed(linear), shrink_strategy = shrink_bisimulation(greedy = false, at_limit = return)): 438047
[t=1.23328s, 22996 KB] g=0, 1 evaluated, 0 expanded
[t=1.2333s, 22996 KB] f = 438047, 1 evaluated, 0 expanded
[t=1.23333s, 22996 KB] Initial heuristic value for merge_and_shrink(op_mutex = op_mutex(use_previous_ops = nasutpo, reachability_strategy = goal), merge_strategy = merge_precomputed(linear), shrink_strategy = shrink_bisimulation(greedy = false, at_limit = return)): 438047
[t=1.23335s, 22996 KB] pruning method: none
[t=1.2334s, 22996 KB] New best heuristic value for merge_and_shrink(op_mutex = op_mutex(use_previous_ops = nasutpo, reachability_strategy = goal), merge_strategy = merge_precomputed(linear), shrink_strategy = shrink_bisimulation(greedy = false, at_limit = return)): 430047
[t=1.23343s, 22996 KB] g=8000, 4 evaluated, 2 expanded
[t=1.23346s, 22996 KB] New best heuristic value for merge_and_shrink(op_mutex = op_mutex(use_previous_ops = nasutpo, reachability_strategy = goal), merge_strategy = merge_precomputed(linear), shrink_strategy = shrink_bisimulation(greedy = false, at_limit = return)): 427048
[t=1.23348s, 22996 KB] g=10999, 7 evaluated, 3 expanded
[t=1.23352s, 22996 KB] New best heuristic value for merge_and_shrink(op_mutex = op_mutex(use_previous_ops = nasutpo, reachability_strategy = goal), merge_strategy = merge_precomputed(linear), shrink_strategy = shrink_bisimulation(greedy = false, at_limit = return)): 422047
[t=1.23354s, 22996 KB] g=16000, 9 evaluated, 3 expanded
[t=1.23357s, 22996 KB] New best heuristic value for merge_and_shrink(op_mutex = op_mutex(use_previous_ops = nasutpo, reachability_strategy = goal), merge_strategy = merge_precomputed(linear), shrink_strategy = shrink_bisimulation(greedy = false, at_limit = return)): 419048
[t=1.23359s, 22996 KB] g=18999, 10 evaluated, 4 expanded
[t=1.23362s, 22996 KB] New best heuristic value for merge_and_shrink(op_mutex = op_mutex(use_previous_ops = nasutpo, reachability_strategy = goal), merge_strategy = merge_precomputed(linear), shrink_strategy = shrink_bisimulation(greedy = false, at_limit = return)): 411048
[t=1.23364s, 22996 KB] g=26999, 12 evaluated, 5 expanded
[t=1.23368s, 22996 KB] New best heuristic value for merge_and_shrink(op_mutex = op_mutex(use_previous_ops = nasutpo, reachability_strategy = goal), merge_strategy = merge_precomputed(linear), shrink_strategy = shrink_bisimulation(greedy = false, at_limit = return)): 187008
[t=1.2337s, 22996 KB] g=251039, 14 evaluated, 6 expanded
[t=1.23373s, 22996 KB] New best heuristic value for merge_and_shrink(op_mutex = op_mutex(use_previous_ops = nasutpo, reachability_strategy = goal), merge_strategy = merge_precomputed(linear), shrink_strategy = shrink_bisimulation(greedy = false, at_limit = return)): 179008
[t=1.23376s, 22996 KB] g=259039, 17 evaluated, 7 expanded
[t=1.23379s, 22996 KB] New best heuristic value for merge_and_shrink(op_mutex = op_mutex(use_previous_ops = nasutpo, reachability_strategy = goal), merge_strategy = merge_precomputed(linear), shrink_strategy = shrink_bisimulation(greedy = false, at_limit = return)): 169009
[t=1.23381s, 22996 KB] g=269038, 19 evaluated, 8 expanded
[t=1.23384s, 22996 KB] New best heuristic value for merge_and_shrink(op_mutex = op_mutex(use_previous_ops = nasutpo, reachability_strategy = goal), merge_strategy = merge_precomputed(linear), shrink_strategy = shrink_bisimulation(greedy = false, at_limit = return)): 167009
[t=1.23387s, 22996 KB] g=271038, 22 evaluated, 9 expanded
[t=1.2339s, 22996 KB] New best heuristic value for merge_and_shrink(op_mutex = op_mutex(use_previous_ops = nasutpo, reachability_strategy = goal), merge_strategy = merge_precomputed(linear), shrink_strategy = shrink_bisimulation(greedy = false, at_limit = return)): 53996
[t=1.23392s, 22996 KB] g=384051, 24 evaluated, 10 expanded
[t=1.23396s, 22996 KB] New best heuristic value for merge_and_shrink(op_mutex = op_mutex(use_previous_ops = nasutpo, reachability_strategy = goal), merge_strategy = merge_precomputed(linear), shrink_strategy = shrink_bisimulation(greedy = false, at_limit = return)): 51996
[t=1.23398s, 22996 KB] g=386051, 27 evaluated, 11 expanded
[t=1.23401s, 22996 KB] New best heuristic value for merge_and_shrink(op_mutex = op_mutex(use_previous_ops = nasutpo, reachability_strategy = goal), merge_strategy = merge_precomputed(linear), shrink_strategy = shrink_bisimulation(greedy = false, at_limit = return)): 49996
[t=1.23404s, 22996 KB] g=388051, 29 evaluated, 12 expanded
[t=1.23408s, 22996 KB] New best heuristic value for merge_and_shrink(op_mutex = op_mutex(use_previous_ops = nasutpo, reachability_strategy = goal), merge_strategy = merge_precomputed(linear), shrink_strategy = shrink_bisimulation(greedy = false, at_limit = return)): 31997
[t=1.2341s, 22996 KB] g=406050, 30 evaluated, 13 expanded
[t=1.23414s, 22996 KB] New best heuristic value for merge_and_shrink(op_mutex = op_mutex(use_previous_ops = nasutpo, reachability_strategy = goal), merge_strategy = merge_precomputed(linear), shrink_strategy = shrink_bisimulation(greedy = false, at_limit = return)): 28998
[t=1.23417s, 22996 KB] g=409049, 34 evaluated, 14 expanded
[t=1.2342s, 22996 KB] New best heuristic value for merge_and_shrink(op_mutex = op_mutex(use_previous_ops = nasutpo, reachability_strategy = goal), merge_strategy = merge_precomputed(linear), shrink_strategy = shrink_bisimulation(greedy = false, at_limit = return)): 18999
[t=1.23422s, 22996 KB] g=419048, 35 evaluated, 15 expanded
[t=1.23425s, 22996 KB] New best heuristic value for merge_and_shrink(op_mutex = op_mutex(use_previous_ops = nasutpo, reachability_strategy = goal), merge_strategy = merge_precomputed(linear), shrink_strategy = shrink_bisimulation(greedy = false, at_limit = return)): 16000
[t=1.23428s, 22996 KB] g=422047, 37 evaluated, 16 expanded
[t=1.23431s, 22996 KB] New best heuristic value for merge_and_shrink(op_mutex = op_mutex(use_previous_ops = nasutpo, reachability_strategy = goal), merge_strategy = merge_precomputed(linear), shrink_strategy = shrink_bisimulation(greedy = false, at_limit = return)): 8000
[t=1.23433s, 22996 KB] g=430047, 40 evaluated, 17 expanded
[t=1.23436s, 22996 KB] New best heuristic value for merge_and_shrink(op_mutex = op_mutex(use_previous_ops = nasutpo, reachability_strategy = goal), merge_strategy = merge_precomputed(linear), shrink_strategy = shrink_bisimulation(greedy = false, at_limit = return)): 0
[t=1.23439s, 22996 KB] g=438047, 42 evaluated, 18 expanded
[t=1.23442s, 22996 KB] Solution found!
[t=1.23444s, 22996 KB] Actual search time: 0.00108423s
initialize  (0)
colorfeeder-feed-letter sheet2 (8000)
blackfeeder-feed-letter sheet1 (8000)
down-movebottom-letter sheet2 (2999)
colorcontainer-toime-letter sheet2 (8000)
colorprinter-simplex-letter sheet2 front image-2 (224040)
colorcontainer-fromime-letter sheet2 (8000)
up-moveup-letter sheet2 (9999)
blackcontainer-toime-letter sheet1 (2000)
blackprinter-simplex-letter sheet1 front image-1 (113013)
blackcontainer-fromime-letter sheet1 (2000)
endcap-move-letter sheet1 (2000)
htmoverblack-move-letter sheet1 (17999)
down-movetop-letter sheet1 (2999)
htmovercolor-move-letter sheet1 (9999)
up-movetop-letter sheet1 (2999)
finisher1-stack-letter sheet1 dummy-sheet (8000)
finisher1-stack-letter sheet2 sheet1 (8000)
[t=1.23447s, 22996 KB] Plan length: 18 step(s).
[t=1.23447s, 22996 KB] Plan cost: 438047
[t=1.23447s, 22996 KB] Expanded 19 state(s).
[t=1.23447s, 22996 KB] Reopened 0 state(s).
[t=1.23447s, 22996 KB] Evaluated 43 state(s).
[t=1.23447s, 22996 KB] Evaluations: 43
[t=1.23447s, 22996 KB] Generated 42 state(s).
[t=1.23447s, 22996 KB] Dead ends: 15 state(s).
[t=1.23447s, 22996 KB] Expanded until last jump: 0 state(s).
[t=1.23447s, 22996 KB] Reopened until last jump: 0 state(s).
[t=1.23447s, 22996 KB] Evaluated until last jump: 1 state(s).
[t=1.23447s, 22996 KB] Generated until last jump: 0 state(s).
[t=1.23447s, 22996 KB] Number of registered states: 43
[t=1.23447s, 22996 KB] Int hash set load factor: 43/64 = 0.671875
[t=1.23447s, 22996 KB] Int hash set resizes: 6
[t=1.23447s, 22996 KB] Search time: 0.00128202s
[t=1.23447s, 22996 KB] Total time: 1.23447s
Solution found.
Peak memory: 22996 KB
Remove intermediate file output.sas
search exit code: 0

INFO     Running validate.
INFO     validate stdin: None
INFO     validate time limit: None
INFO     validate memory limit: None
INFO     validate command line string: validate domain.pddl problem.pddl sas_plan
Checking plan: sas_plan
Plan executed successfully - checking goal
Plan valid
Final value: 438047 

Successful plans:
Value: 438047
 sas_plan 438047 

validate exit code: 0

