INFO     Running translator.
INFO     translator stdin: None
INFO     translator time limit: 599.97s
INFO     translator memory limit: 7000 MB
INFO     translator command line string: /usr/bin/python3 /user/student.aau.dk/lkar18/downward-projects/downward/experiments/nopo_vs_nasutpo_195p/data/nopo_vs_nasutpo/code-94571df14dfaf5b06207d9589b12facdd93f580c_e5e41175/builds/release/bin/translate/translate.py domain.pddl problem.pddl --sas-file output.sas
Parsing...
Parsing: [0.010s CPU, 0.005s wall-clock]
Normalizing task... [0.000s CPU, 0.000s wall-clock]
Instantiating...
Generating Datalog program... [0.000s CPU, 0.001s wall-clock]
Normalizing Datalog program...
Duplicate arguments: Adding equality conditions.
Normalizing Datalog program: [0.000s CPU, 0.003s wall-clock]
Preparing model... [0.000s CPU, 0.002s wall-clock]
Generated 129 rules.
Computing model... [0.010s CPU, 0.005s wall-clock]
234 relevant atoms
267 auxiliary atoms
501 final queue length
905 total queue pushes
Completing instantiation... [0.010s CPU, 0.006s wall-clock]
Instantiating: [0.020s CPU, 0.017s wall-clock]
Computing fact groups...
Finding invariants...
36 initial candidates
Finding invariants: [0.150s CPU, 0.151s wall-clock]
Checking invariant weight... [0.000s CPU, 0.000s wall-clock]
Instantiating groups... [0.000s CPU, 0.000s wall-clock]
Collecting mutex groups... [0.000s CPU, 0.000s wall-clock]
Choosing groups...
0 uncovered facts
Choosing groups: [0.000s CPU, 0.000s wall-clock]
Building translation key... [0.000s CPU, 0.000s wall-clock]
Computing fact groups: [0.150s CPU, 0.153s wall-clock]
Building STRIPS to SAS dictionary... [0.000s CPU, 0.000s wall-clock]
Building dictionary for full mutex groups... [0.000s CPU, 0.000s wall-clock]
Building mutex information...
Building mutex information: [0.000s CPU, 0.000s wall-clock]
Translating task...
Processing axioms...
Simplifying axioms... [0.000s CPU, 0.000s wall-clock]
Translator axioms removed by simplifying: 0
Computing negative axioms... [0.000s CPU, 0.000s wall-clock]
Processing axioms: [0.000s CPU, 0.001s wall-clock]
Translating task: [0.010s CPU, 0.007s wall-clock]
0 effect conditions simplified
0 implied preconditions added
Detecting unreachable propositions...
0 operators removed
0 axioms removed
7 propositions removed
Detecting unreachable propositions: [0.000s CPU, 0.003s wall-clock]
Reordering and filtering variables...
10 of 10 variables necessary.
14 of 18 mutex groups necessary.
138 of 138 operators necessary.
0 of 0 axiom rules necessary.
Reordering and filtering variables: [0.000s CPU, 0.001s wall-clock]
Translator variables: 10
Translator derived variables: 0
Translator facts: 62
Translator goal facts: 6
Translator mutex groups: 14
Translator total mutex groups size: 124
Translator operators: 138
Translator axioms: 0
Translator task size: 1201
Translator peak memory: 43292 KB
Writing output... [0.000s CPU, 0.002s wall-clock]
Done! [0.190s CPU, 0.190s wall-clock]
translate exit code: 0

INFO     Running search (release).
INFO     search stdin: output.sas
INFO     search time limit: 599.73s
INFO     search memory limit: 7000 MB
INFO     search command line string: /user/student.aau.dk/lkar18/downward-projects/downward/experiments/nopo_vs_nasutpo_195p/data/nopo_vs_nasutpo/code-94571df14dfaf5b06207d9589b12facdd93f580c_e5e41175/builds/release/bin/downward --search 'astar(merge_and_shrink(op_mutex=op_mutex(use_previous_ops=NoPO, reachability_strategy=goal)))' --internal-plan-file sas_plan < output.sas
[t=4.8873e-05s, 22344 KB] reading input...
[t=0.000809762s, 22344 KB] done reading input!
[t=0.00229353s, 22600 KB] Initializing merge-and-shrink heuristic...
[t=0.00236085s, 22600 KB] Running merge-and-shrink algorithm...
[t=0.00238082s, 22600 KB] Merge strategy options:
[t=0.00240253s, 22600 KB] Type: stateless
[t=0.00242333s, 22600 KB] Merge selector options:
[t=0.00244304s, 22600 KB] Name: score based filtering
[t=0.00246312s, 22600 KB] Merge scoring function:
[t=0.00248269s, 22600 KB] Name: goal relevance
[t=0.00250229s, 22600 KB] Merge scoring function:
[t=0.00252144s, 22600 KB] Name: dfp
[t=0.00254079s, 22600 KB] Merge scoring function:
[t=0.00255986s, 22600 KB] Name: total order
[t=0.00257935s, 22600 KB] Atomic transition system order: reverse level
[t=0.00259889s, 22600 KB] Product transition system order: new to old
[t=0.0026185s, 22600 KB] Consider atomic before product transition systems
[t=0.00263808s, 22600 KB] Random seed: -1

[t=0.00266113s, 22600 KB] Options related to size limits and shrinking: 
[t=0.00268166s, 22600 KB] Transition system size limit: 50000
[t=0.00270138s, 22600 KB] Transition system size limit right before merge: 50000
[t=0.002721s, 22600 KB] Threshold to trigger shrinking right before merge: 1

[t=0.00275248s, 22600 KB] Pruning unreachable states: yes
[t=0.0027728s, 22600 KB] Pruning irrelevant states: yes

[t=0.00279471s, 22600 KB] Label reduction disabled

[t=0.00281703s, 22600 KB] Main loop max time in seconds: inf

[t=0.00284193s, 22600 KB] ===============================================================================
[t=0.0028623s, 22600 KB] WARNING! You did not enable label reduction.
This may drastically reduce the performance of merge-and-shrink!
[t=0.00288302s, 22600 KB] ===============================================================================

[t=0.00290642s, 22600 KB] Building atomic transition systems... 
[t=0.00329816s, 22868 KB] M&S algorithm timer: 0.000971872s (after computation of atomic factors)

[t=0.00334526s, 22868 KB] Starting main loop without a time limit.
[t=0.00340085s, 23000 KB] Next pair of indices: (0, 7)
[t=0.00343903s, 23000 KB] M&S algorithm main loop timer: 0.000114827s (after computation of next merge)
[t=0.00355634s, 23000 KB] M&S algorithm main loop timer: 0.000238495s (after merging)

[t=0.00359308s, 23000 KB] Operator mutex starting iteration 0

[t=0.00366208s, 23000 KB] In ts_0_1 of size 4 found num new op-mutexes 0

[t=0.0037398s, 23000 KB] In ts_0_2 of size 5 found num new op-mutexes 0

[t=0.00382008s, 23000 KB] In ts_0_3 of size 16 found num new op-mutexes 0

[t=0.00387667s, 23000 KB] In ts_0_4 of size 2 found num new op-mutexes 0

[t=0.00392798s, 23000 KB] In ts_0_5 of size 2 found num new op-mutexes 0

[t=0.00397843s, 23000 KB] In ts_0_6 of size 2 found num new op-mutexes 0

[t=0.00405617s, 23000 KB] In ts_0_8 of size 9 found num new op-mutexes 0

[t=0.00413106s, 23000 KB] In ts_0_9 of size 9 found num new op-mutexes 0

[t=0.00430204s, 23000 KB] In ts_0_10 of size 36 found num new op-mutexes 0
[t=0.00434023s, 23000 KB] Operator mutex finished iteration 0. Found an additional 0 operator mutexes

[t=0.00441559s, 23000 KB] Next pair of indices: (1, 4)
[t=0.00444091s, 23000 KB] M&S algorithm main loop timer: 0.00111469s (after computation of next merge)
[t=0.00450195s, 23000 KB] M&S algorithm main loop timer: 0.00118324s (after merging)

[t=0.0045369s, 23000 KB] Operator mutex starting iteration 1

[t=0.00460447s, 23000 KB] In ts_1_2 of size 5 found num new op-mutexes 0

[t=0.00468023s, 23000 KB] In ts_1_3 of size 16 found num new op-mutexes 0

[t=0.00473483s, 23000 KB] In ts_1_5 of size 2 found num new op-mutexes 0

[t=0.00478524s, 23000 KB] In ts_1_6 of size 2 found num new op-mutexes 0

[t=0.00485875s, 23000 KB] In ts_1_8 of size 9 found num new op-mutexes 0

[t=0.00493611s, 23000 KB] In ts_1_9 of size 9 found num new op-mutexes 0

[t=0.00508718s, 23000 KB] In ts_1_10 of size 36 found num new op-mutexes 0

[t=0.00517966s, 23000 KB] In ts_1_11 of size 8 found num new op-mutexes 0
[t=0.00520968s, 23000 KB] Operator mutex finished iteration 1. Found an additional 0 operator mutexes

[t=0.00526235s, 23000 KB] Next pair of indices: (2, 5)
[t=0.0052857s, 23000 KB] M&S algorithm main loop timer: 0.00195916s (after computation of next merge)
[t=0.00534618s, 23000 KB] M&S algorithm main loop timer: 0.00202541s (after merging)

[t=0.00537863s, 23000 KB] Operator mutex starting iteration 2

[t=0.00544937s, 23000 KB] In ts_2_3 of size 16 found num new op-mutexes 0

[t=0.00550479s, 23000 KB] In ts_2_6 of size 2 found num new op-mutexes 0

[t=0.00557926s, 23000 KB] In ts_2_8 of size 9 found num new op-mutexes 0

[t=0.00565373s, 23000 KB] In ts_2_9 of size 9 found num new op-mutexes 0

[t=0.00580708s, 23000 KB] In ts_2_10 of size 36 found num new op-mutexes 0

[t=0.00589311s, 23000 KB] In ts_2_11 of size 8 found num new op-mutexes 0

[t=0.00598719s, 23000 KB] In ts_2_12 of size 10 found num new op-mutexes 0
[t=0.00601677s, 23000 KB] Operator mutex finished iteration 2. Found an additional 0 operator mutexes

[t=0.00606848s, 23000 KB] Next pair of indices: (3, 6)
[t=0.0060918s, 23000 KB] M&S algorithm main loop timer: 0.00276497s (after computation of next merge)
[t=0.00616257s, 23000 KB] M&S algorithm main loop timer: 0.00284236s (after merging)

[t=0.0061966s, 23000 KB] Operator mutex starting iteration 3

[t=0.00626987s, 23000 KB] In ts_3_8 of size 9 found num new op-mutexes 0

[t=0.00634563s, 23000 KB] In ts_3_9 of size 9 found num new op-mutexes 0

[t=0.00650448s, 23000 KB] In ts_3_10 of size 36 found num new op-mutexes 0

[t=0.00660653s, 23000 KB] In ts_3_11 of size 8 found num new op-mutexes 0

[t=0.00669839s, 23000 KB] In ts_3_12 of size 10 found num new op-mutexes 0

[t=0.00678977s, 23000 KB] In ts_3_13 of size 32 found num new op-mutexes 0
[t=0.00682015s, 23000 KB] Operator mutex finished iteration 3. Found an additional 0 operator mutexes

[t=0.00686936s, 23000 KB] Next pair of indices: (8, 9)
[t=0.00689305s, 23000 KB] M&S algorithm main loop timer: 0.00356652s (after computation of next merge)
[t=0.00703012s, 23000 KB] M&S algorithm main loop timer: 0.00371061s (after merging)

[t=0.00706776s, 23000 KB] Operator mutex starting iteration 4

[t=0.00722095s, 23000 KB] In ts_4_10 of size 36 found num new op-mutexes 0

[t=0.00731408s, 23000 KB] In ts_4_11 of size 8 found num new op-mutexes 0

[t=0.00740132s, 23000 KB] In ts_4_12 of size 10 found num new op-mutexes 0

[t=0.00749159s, 23000 KB] In ts_4_13 of size 32 found num new op-mutexes 0

[t=0.00778048s, 23000 KB] In ts_4_14 of size 81 found num new op-mutexes 0
[t=0.00781945s, 23000 KB] Operator mutex finished iteration 4. Found an additional 0 operator mutexes

[t=0.00787617s, 23000 KB] Next pair of indices: (13, 14)
[t=0.00789963s, 23000 KB] M&S algorithm main loop timer: 0.00457283s (after computation of next merge)
[t=0.00906827s, 23124 KB] M&S algorithm main loop timer: 0.00578598s (after merging)
[t=0.0093687s, 23124 KB] M&S algorithm main loop timer: 0.0060602s (after pruning)

[t=0.00941289s, 23124 KB] Operator mutex starting iteration 5

[t=0.00956123s, 23124 KB] In ts_5_10 of size 36 found num new op-mutexes 0

[t=0.0096496s, 23124 KB] In ts_5_11 of size 8 found num new op-mutexes 0

[t=0.00973934s, 23124 KB] In ts_5_12 of size 10 found num new op-mutexes 0

[t=0.0113541s, 23536 KB] In ts_5_15 of size 1404 found num new op-mutexes 0
[t=0.011399s, 23536 KB] Operator mutex finished iteration 5. Found an additional 0 operator mutexes

[t=0.011495s, 23536 KB] Next pair of indices: (12, 15)
[t=0.0115239s, 23536 KB] M&S algorithm main loop timer: 0.00819786s (after computation of next merge)
[t=0.0174159s, 24112 KB] M&S algorithm main loop timer: 0.0141305s (after merging)
[t=0.0180612s, 24112 KB] M&S algorithm main loop timer: 0.014747s (after pruning)

[t=0.0180999s, 24112 KB] Operator mutex starting iteration 6

[t=0.0182542s, 24112 KB] In ts_6_10 of size 36 found num new op-mutexes 0

[t=0.0183449s, 24112 KB] In ts_6_11 of size 8 found num new op-mutexes 0

[t=0.0217275s, 24392 KB] In ts_6_16 of size 4912 found num new op-mutexes 1088
[t=0.0217912s, 24392 KB] Operator mutex finished iteration 6. Found an additional 1088 operator mutexes

[t=0.0218522s, 24392 KB] Next pair of indices: (11, 16)
[t=0.0218772s, 24392 KB] M&S algorithm main loop timer: 0.0185511s (after computation of next merge)
[t=0.0382545s, 26252 KB] M&S algorithm main loop timer: 0.0349965s (after merging)
[t=0.0397682s, 26252 KB] M&S algorithm main loop timer: 0.0364842s (after pruning)

[t=0.0398413s, 26252 KB] Operator mutex starting iteration 7

[t=0.0400033s, 26252 KB] In ts_7_10 of size 36 found num new op-mutexes 0
[t=0.0400866s, 26252 KB] Operator mutex finished iteration 7. Found an additional 0 operator mutexes

[t=0.0401222s, 26252 KB] Next pair of indices: (10, 17)
[t=0.0401447s, 26252 KB] M&S algorithm main loop timer: 0.0368179s (after computation of next merge)
[t=0.0494074s, 26252 KB] M&S algorithm main loop timer: 0.0463156s (after shrinking)
[t=0.0633315s, 27564 KB] M&S algorithm main loop timer: 0.0600495s (after merging)
[t=0.0646853s, 27564 KB] M&S algorithm main loop timer: 0.061373s (after pruning)

[t=0.0647272s, 27564 KB] Operator mutex starting iteration 8

[t=0.0686963s, 27564 KB] In ts_8_18 of size 4162 found num new op-mutexes 532
[t=0.068746s, 27564 KB] Operator mutex finished iteration 8. Found an additional 532 operator mutexes

[t=0.0687797s, 27564 KB] End of merge-and-shrink algorithm, statistics:
[t=0.0688021s, 27564 KB] Main loop runtime: 0.0654753s
[t=0.0688238s, 27564 KB] Maximum intermediate abstraction size: 47412
[t=0.0688438s, 27564 KB] Final peak memory increase of merge-and-shrink algorithm: 4964 KB
[t=0.0688761s, 27564 KB] Merge-and-shrink algorithm runtime: 0.0665334s

[t=0.0688996s, 27564 KB] Number of labels: 138
[t=0.0689191s, 27564 KB] Total number of operator mutexes: 1620
[t=0.0689386s, 27564 KB] Operator Mutex total time: 0.0137044s
[t=0.0689647s, 27564 KB] Number of remaining factors: 1
[t=0.0690472s, 27564 KB] Number of factors kept: 1
[t=0.06907s, 27564 KB] Done initializing merge-and-shrink heuristic.

[t=0.0692234s, 27564 KB] Building successor generator...done!
[t=0.0693941s, 27564 KB] peak memory difference for successor generator creation: 0 KB
[t=0.0694133s, 27564 KB] time for successor generation creation: 9.8756e-05s
[t=0.069438s, 27564 KB] Variables: 10
[t=0.0694584s, 27564 KB] FactPairs: 62
[t=0.0694781s, 27564 KB] Bytes per state: 4
[t=0.0696103s, 27564 KB] Conducting best first search with reopening closed nodes, (real) bound = 2147483647
[t=0.0696685s, 27564 KB] New best heuristic value for merge_and_shrink(op_mutex = op_mutex(use_previous_ops = nopo, reachability_strategy = goal)): 1
[t=0.0696927s, 27564 KB] g=0, 1 evaluated, 0 expanded
[t=0.0697137s, 27564 KB] f = 1, 1 evaluated, 0 expanded
[t=0.069738s, 27564 KB] Initial heuristic value for merge_and_shrink(op_mutex = op_mutex(use_previous_ops = nopo, reachability_strategy = goal)): 1
[t=0.0697597s, 27564 KB] pruning method: none
[t=0.0697947s, 27564 KB] New best heuristic value for merge_and_shrink(op_mutex = op_mutex(use_previous_ops = nopo, reachability_strategy = goal)): 0
[t=0.0698182s, 27564 KB] g=1, 4 evaluated, 1 expanded
[t=0.0698485s, 27564 KB] Solution found!
[t=0.0698714s, 27564 KB] Actual search time: 0.000108883s
invert-single-gene-a sub3 (1)
[t=0.0698942s, 27564 KB] Plan length: 1 step(s).
[t=0.0698942s, 27564 KB] Plan cost: 1
[t=0.0698942s, 27564 KB] Expanded 2 state(s).
[t=0.0698942s, 27564 KB] Reopened 0 state(s).
[t=0.0698942s, 27564 KB] Evaluated 7 state(s).
[t=0.0698942s, 27564 KB] Evaluations: 7
[t=0.0698942s, 27564 KB] Generated 6 state(s).
[t=0.0698942s, 27564 KB] Dead ends: 0 state(s).
[t=0.0698942s, 27564 KB] Expanded until last jump: 0 state(s).
[t=0.0698942s, 27564 KB] Reopened until last jump: 0 state(s).
[t=0.0698942s, 27564 KB] Evaluated until last jump: 1 state(s).
[t=0.0698942s, 27564 KB] Generated until last jump: 0 state(s).
[t=0.0698942s, 27564 KB] Number of registered states: 7
[t=0.0698942s, 27564 KB] Int hash set load factor: 7/8 = 0.875
[t=0.0698942s, 27564 KB] Int hash set resizes: 3
[t=0.0698942s, 27564 KB] Search time: 0.00028511s
[t=0.0698942s, 27564 KB] Total time: 0.0698942s
Solution found.
Peak memory: 27564 KB
Remove intermediate file output.sas
search exit code: 0

INFO     Running validate.
INFO     validate stdin: None
INFO     validate time limit: None
INFO     validate memory limit: None
INFO     validate command line string: validate domain.pddl problem.pddl sas_plan
Checking plan: sas_plan
Plan executed successfully - checking goal
Plan valid
Final value: 1 

Successful plans:
Value: 1
 sas_plan 1 

validate exit code: 0

