INFO     Running translator.
INFO     translator stdin: None
INFO     translator time limit: 599.97s
INFO     translator memory limit: 7000 MB
INFO     translator command line string: /usr/bin/python3 /user/student.aau.dk/lkar18/downward-projects/downward/experiments/nopo_vs_nasutpo_195p/data/nopo_vs_nasutpo/code-94571df14dfaf5b06207d9589b12facdd93f580c_e5e41175/builds/release/bin/translate/translate.py domain.pddl problem.pddl --sas-file output.sas
Parsing...
Parsing: [0.000s CPU, 0.002s wall-clock]
Normalizing task... [0.000s CPU, 0.000s wall-clock]
Instantiating...
Generating Datalog program... [0.000s CPU, 0.000s wall-clock]
Normalizing Datalog program...
Normalizing Datalog program: [0.010s CPU, 0.003s wall-clock]
Preparing model... [0.000s CPU, 0.001s wall-clock]
Generated 51 rules.
Computing model... [0.010s CPU, 0.012s wall-clock]
523 relevant atoms
876 auxiliary atoms
1399 final queue length
2335 total queue pushes
Completing instantiation... [0.010s CPU, 0.015s wall-clock]
Instantiating: [0.030s CPU, 0.032s wall-clock]
Computing fact groups...
Finding invariants...
5 initial candidates
Finding invariants: [0.020s CPU, 0.019s wall-clock]
Checking invariant weight... [0.000s CPU, 0.000s wall-clock]
Instantiating groups... [0.000s CPU, 0.000s wall-clock]
Collecting mutex groups... [0.000s CPU, 0.000s wall-clock]
Choosing groups...
6 uncovered facts
Choosing groups: [0.000s CPU, 0.000s wall-clock]
Building translation key... [0.000s CPU, 0.000s wall-clock]
Computing fact groups: [0.030s CPU, 0.021s wall-clock]
Building STRIPS to SAS dictionary... [0.000s CPU, 0.000s wall-clock]
Building dictionary for full mutex groups... [0.000s CPU, 0.000s wall-clock]
Building mutex information...
Building mutex information: [0.000s CPU, 0.000s wall-clock]
Translating task...
Processing axioms...
Simplifying axioms... [0.000s CPU, 0.000s wall-clock]
Translator axioms removed by simplifying: 0
Computing negative axioms... [0.000s CPU, 0.000s wall-clock]
Processing axioms: [0.000s CPU, 0.001s wall-clock]
Translating task: [0.010s CPU, 0.013s wall-clock]
0 effect conditions simplified
0 implied preconditions added
Detecting unreachable propositions...
0 operators removed
0 axioms removed
6 propositions removed
Detecting unreachable propositions: [0.000s CPU, 0.006s wall-clock]
Reordering and filtering variables...
12 of 12 variables necessary.
6 of 12 mutex groups necessary.
360 of 360 operators necessary.
0 of 0 axiom rules necessary.
Reordering and filtering variables: [0.010s CPU, 0.002s wall-clock]
Translator variables: 12
Translator derived variables: 0
Translator facts: 48
Translator goal facts: 12
Translator mutex groups: 6
Translator total mutex groups size: 36
Translator operators: 360
Translator axioms: 0
Translator task size: 1998
Translator peak memory: 43580 KB
Writing output... [0.000s CPU, 0.004s wall-clock]
Done! [0.080s CPU, 0.081s wall-clock]
translate exit code: 0

INFO     Running search (release).
INFO     search stdin: output.sas
INFO     search time limit: 599.85s
INFO     search memory limit: 7000 MB
INFO     search command line string: /user/student.aau.dk/lkar18/downward-projects/downward/experiments/nopo_vs_nasutpo_195p/data/nopo_vs_nasutpo/code-94571df14dfaf5b06207d9589b12facdd93f580c_e5e41175/builds/release/bin/downward --search 'astar(merge_and_shrink(op_mutex=op_mutex(use_previous_ops=NoPO, reachability_strategy=goal), merge_strategy=merge_sccs(order_of_sccs=topological, merge_tree=linear()), shrink_strategy=shrink_bisimulation(greedy=true, at_limit=USE_UP)))' --internal-plan-file sas_plan < output.sas
[t=3.3042e-05s, 22344 KB] reading input...
[t=0.00140605s, 22344 KB] done reading input!
[t=0.00278223s, 22732 KB] Initializing merge-and-shrink heuristic...
[t=0.00284659s, 22732 KB] Running merge-and-shrink algorithm...
[t=0.0028737s, 22732 KB] Merge strategy options:
[t=0.00289425s, 22732 KB] Type: sccs
[t=0.00291423s, 22732 KB] Merge order of sccs: topological
[t=0.0029333s, 22732 KB] Merge strategy for merging within sccs: 
[t=0.00295236s, 22732 KB] Merge tree options: 
[t=0.00297142s, 22732 KB] Type: linear
[t=0.00299061s, 22732 KB] Update option: use random
[t=0.00301005s, 22732 KB] Variable order type: CG/GOAL, tie breaking on level (main)

[t=0.00303207s, 22732 KB] Options related to size limits and shrinking: 
[t=0.00305199s, 22732 KB] Transition system size limit: 50000
[t=0.00307104s, 22732 KB] Transition system size limit right before merge: 50000
[t=0.00308994s, 22732 KB] Threshold to trigger shrinking right before merge: 1

[t=0.00311108s, 22732 KB] Pruning unreachable states: yes
[t=0.00313042s, 22732 KB] Pruning irrelevant states: yes

[t=0.00315082s, 22732 KB] Label reduction disabled

[t=0.00317219s, 22732 KB] Main loop max time in seconds: inf

[t=0.00319536s, 22732 KB] ===============================================================================
[t=0.00321463s, 22732 KB] WARNING! You did not enable label reduction.
This may drastically reduce the performance of merge-and-shrink!
[t=0.00323487s, 22732 KB] ===============================================================================

[t=0.00325653s, 22732 KB] Building atomic transition systems... 
[t=0.0039135s, 23560 KB] M&S algorithm timer: 0.00109672s (after computation of atomic factors)

[t=0.00395611s, 23560 KB] Starting main loop without a time limit.
[t=0.00398165s, 23560 KB] building causal graph...done! [t=0.000163376s]
[t=0.00416065s, 23560 KB] SCCs of the causal graph:
[t=0.00419104s, 23560 KB] [0, 1, 2, 3, 4, 5, 6, 7, 8, 9, 10, 11]
[t=0.00421297s, 23560 KB] Only one single SCC
[t=0.00424784s, 23560 KB] Next pair of indices: (11, 5)
[t=0.00426959s, 23560 KB] M&S algorithm main loop timer: 0.000331807s (after computation of next merge)
[t=0.00435722s, 23560 KB] M&S algorithm main loop timer: 0.000430353s (after merging)

[t=0.00439408s, 23560 KB] Operator mutex starting iteration 0

[t=0.00449383s, 23560 KB] In ts_0_0 of size 6 found num new op-mutexes 0

[t=0.00459124s, 23560 KB] In ts_0_1 of size 6 found num new op-mutexes 0

[t=0.00468047s, 23560 KB] In ts_0_2 of size 6 found num new op-mutexes 0

[t=0.00476873s, 23560 KB] In ts_0_3 of size 6 found num new op-mutexes 0

[t=0.00485568s, 23560 KB] In ts_0_4 of size 6 found num new op-mutexes 0

[t=0.00493365s, 23560 KB] In ts_0_6 of size 2 found num new op-mutexes 0

[t=0.00501s, 23560 KB] In ts_0_7 of size 2 found num new op-mutexes 0

[t=0.00508585s, 23560 KB] In ts_0_8 of size 2 found num new op-mutexes 0

[t=0.00516131s, 23560 KB] In ts_0_9 of size 2 found num new op-mutexes 0

[t=0.00524016s, 23560 KB] In ts_0_10 of size 2 found num new op-mutexes 0

[t=0.00535164s, 23560 KB] In ts_0_12 of size 12 found num new op-mutexes 0
[t=0.00538441s, 23560 KB] Operator mutex finished iteration 0. Found an additional 0 operator mutexes

[t=0.00541228s, 23560 KB] Next pair of indices: (12, 4)
[t=0.00543406s, 23560 KB] M&S algorithm main loop timer: 0.00149628s (after computation of next merge)
[t=0.00558098s, 23560 KB] M&S algorithm main loop timer: 0.00165227s (after merging)

[t=0.00562063s, 23560 KB] Operator mutex starting iteration 1

[t=0.00571354s, 23560 KB] In ts_1_0 of size 6 found num new op-mutexes 0

[t=0.00580874s, 23560 KB] In ts_1_1 of size 6 found num new op-mutexes 0

[t=0.00589896s, 23560 KB] In ts_1_2 of size 6 found num new op-mutexes 0

[t=0.00598762s, 23560 KB] In ts_1_3 of size 6 found num new op-mutexes 0

[t=0.00606847s, 23560 KB] In ts_1_6 of size 2 found num new op-mutexes 0

[t=0.00617202s, 23560 KB] In ts_1_7 of size 2 found num new op-mutexes 0

[t=0.0062516s, 23560 KB] In ts_1_8 of size 2 found num new op-mutexes 0

[t=0.00632946s, 23560 KB] In ts_1_9 of size 2 found num new op-mutexes 0

[t=0.00641434s, 23560 KB] In ts_1_10 of size 2 found num new op-mutexes 0

[t=0.00669651s, 23560 KB] In ts_1_13 of size 72 found num new op-mutexes 0
[t=0.00673655s, 23560 KB] Operator mutex finished iteration 1. Found an additional 0 operator mutexes

[t=0.00676677s, 23560 KB] Next pair of indices: (13, 3)
[t=0.00678861s, 23560 KB] M&S algorithm main loop timer: 0.0028513s (after computation of next merge)
[t=0.00732945s, 23560 KB] M&S algorithm main loop timer: 0.00340967s (after merging)

[t=0.00740115s, 23560 KB] Operator mutex starting iteration 2

[t=0.00749709s, 23560 KB] In ts_2_0 of size 6 found num new op-mutexes 0

[t=0.00759485s, 23560 KB] In ts_2_1 of size 6 found num new op-mutexes 0

[t=0.00768864s, 23560 KB] In ts_2_2 of size 6 found num new op-mutexes 0

[t=0.00777304s, 23560 KB] In ts_2_6 of size 2 found num new op-mutexes 0

[t=0.00785462s, 23560 KB] In ts_2_7 of size 2 found num new op-mutexes 0

[t=0.0079345s, 23560 KB] In ts_2_8 of size 2 found num new op-mutexes 0

[t=0.00801419s, 23560 KB] In ts_2_9 of size 2 found num new op-mutexes 0

[t=0.00809344s, 23560 KB] In ts_2_10 of size 2 found num new op-mutexes 0

[t=0.00965459s, 24072 KB] In ts_2_14 of size 432 found num new op-mutexes 0
[t=0.00970368s, 24072 KB] Operator mutex finished iteration 2. Found an additional 0 operator mutexes

[t=0.00974101s, 24072 KB] Next pair of indices: (14, 2)
[t=0.00976866s, 24072 KB] M&S algorithm main loop timer: 0.00583178s (after computation of next merge)
[t=0.0140416s, 24552 KB] M&S algorithm main loop timer: 0.0101174s (after merging)

[t=0.014213s, 24552 KB] Operator mutex starting iteration 3

[t=0.0143192s, 24552 KB] In ts_3_0 of size 6 found num new op-mutexes 0

[t=0.0144149s, 24552 KB] In ts_3_1 of size 6 found num new op-mutexes 0

[t=0.0144984s, 24552 KB] In ts_3_6 of size 2 found num new op-mutexes 0

[t=0.014578s, 24552 KB] In ts_3_7 of size 2 found num new op-mutexes 0

[t=0.0146659s, 24552 KB] In ts_3_8 of size 2 found num new op-mutexes 0

[t=0.014744s, 24552 KB] In ts_3_9 of size 2 found num new op-mutexes 0

[t=0.0148217s, 24552 KB] In ts_3_10 of size 2 found num new op-mutexes 0

[t=0.0270903s, 27992 KB] In ts_3_15 of size 2592 found num new op-mutexes 0
[t=0.0271517s, 27992 KB] Operator mutex finished iteration 3. Found an additional 0 operator mutexes

[t=0.0271865s, 27992 KB] Next pair of indices: (15, 1)
[t=0.0272101s, 27992 KB] M&S algorithm main loop timer: 0.0232732s (after computation of next merge)
[t=0.0611755s, 31216 KB] M&S algorithm main loop timer: 0.0572794s (after merging)

[t=0.0620994s, 31216 KB] Operator mutex starting iteration 4

[t=0.0621979s, 31216 KB] In ts_4_0 of size 6 found num new op-mutexes 0

[t=0.0622844s, 31216 KB] In ts_4_6 of size 2 found num new op-mutexes 0

[t=0.062366s, 31216 KB] In ts_4_7 of size 2 found num new op-mutexes 0

[t=0.0624458s, 31216 KB] In ts_4_8 of size 2 found num new op-mutexes 0

[t=0.0625335s, 31216 KB] In ts_4_9 of size 2 found num new op-mutexes 0

[t=0.0626109s, 31216 KB] In ts_4_10 of size 2 found num new op-mutexes 0
[t=0.0629533s, 31216 KB] Operator mutex finished iteration 4. Found an additional 0 operator mutexes

[t=0.0629867s, 31216 KB] Next pair of indices: (16, 0)
[t=0.0630097s, 31216 KB] M&S algorithm main loop timer: 0.0590721s (after computation of next merge)
[t=0.10507s, 31216 KB] M&S algorithm main loop timer: 0.101186s (after shrinking)
[t=0.163665s, 36500 KB] M&S algorithm main loop timer: 0.159795s (after merging)
[t=0.176804s, 36500 KB] M&S algorithm main loop timer: 0.172909s (after pruning)

[t=0.176877s, 36500 KB] Operator mutex starting iteration 5

[t=0.176958s, 36500 KB] In ts_5_6 of size 2 found num new op-mutexes 0

[t=0.177055s, 36500 KB] In ts_5_7 of size 2 found num new op-mutexes 0

[t=0.177138s, 36500 KB] In ts_5_8 of size 2 found num new op-mutexes 0

[t=0.177218s, 36500 KB] In ts_5_9 of size 2 found num new op-mutexes 0

[t=0.177309s, 36500 KB] In ts_5_10 of size 2 found num new op-mutexes 0
[t=0.177876s, 36500 KB] Operator mutex finished iteration 5. Found an additional 0 operator mutexes

[t=0.177911s, 36500 KB] Next pair of indices: (17, 10)
[t=0.177934s, 36500 KB] M&S algorithm main loop timer: 0.173996s (after computation of next merge)
[t=0.28583s, 37712 KB] M&S algorithm main loop timer: 0.281959s (after shrinking)
[t=0.390149s, 43864 KB] M&S algorithm main loop timer: 0.386279s (after merging)

[t=0.392947s, 43864 KB] Operator mutex starting iteration 6

[t=0.393052s, 43864 KB] In ts_6_6 of size 2 found num new op-mutexes 0

[t=0.393144s, 43864 KB] In ts_6_7 of size 2 found num new op-mutexes 0

[t=0.393226s, 43864 KB] In ts_6_8 of size 2 found num new op-mutexes 0

[t=0.393305s, 43864 KB] In ts_6_9 of size 2 found num new op-mutexes 0
[t=0.394673s, 43864 KB] Operator mutex finished iteration 6. Found an additional 0 operator mutexes

[t=0.394713s, 43864 KB] Next pair of indices: (18, 9)
[t=0.394737s, 43864 KB] M&S algorithm main loop timer: 0.390799s (after computation of next merge)
[t=0.505305s, 45820 KB] M&S algorithm main loop timer: 0.501441s (after shrinking)
[t=0.629911s, 49528 KB] M&S algorithm main loop timer: 0.62604s (after merging)

[t=0.632724s, 49528 KB] Operator mutex starting iteration 7

[t=0.632815s, 49528 KB] In ts_7_6 of size 2 found num new op-mutexes 0

[t=0.6329s, 49528 KB] In ts_7_7 of size 2 found num new op-mutexes 0

[t=0.63299s, 49528 KB] In ts_7_8 of size 2 found num new op-mutexes 0
[t=0.634654s, 49528 KB] Operator mutex finished iteration 7. Found an additional 0 operator mutexes

[t=0.6347s, 49528 KB] Next pair of indices: (19, 8)
[t=0.634725s, 49528 KB] M&S algorithm main loop timer: 0.630788s (after computation of next merge)
[t=0.759643s, 49528 KB] M&S algorithm main loop timer: 0.755768s (after shrinking)
[t=0.886478s, 53792 KB] M&S algorithm main loop timer: 0.88261s (after merging)

[t=0.889419s, 53792 KB] Operator mutex starting iteration 8

[t=0.889508s, 53792 KB] In ts_8_6 of size 2 found num new op-mutexes 0

[t=0.889593s, 53792 KB] In ts_8_7 of size 2 found num new op-mutexes 0
[t=0.891597s, 53792 KB] Operator mutex finished iteration 8. Found an additional 0 operator mutexes

[t=0.89164s, 53792 KB] Next pair of indices: (20, 7)
[t=0.891664s, 53792 KB] M&S algorithm main loop timer: 0.887726s (after computation of next merge)
[t=1.03s, 54476 KB] M&S algorithm main loop timer: 1.02613s (after shrinking)
[t=1.1786s, 57556 KB] M&S algorithm main loop timer: 1.17473s (after merging)

[t=1.18147s, 57556 KB] Operator mutex starting iteration 9

[t=1.18156s, 57556 KB] In ts_9_6 of size 2 found num new op-mutexes 0
[t=1.18344s, 57556 KB] Operator mutex finished iteration 9. Found an additional 0 operator mutexes

[t=1.18348s, 57556 KB] Next pair of indices: (21, 6)
[t=1.1835s, 57556 KB] M&S algorithm main loop timer: 1.17956s (after computation of next merge)
[t=1.32684s, 57556 KB] M&S algorithm main loop timer: 1.32297s (after shrinking)
[t=1.46743s, 59368 KB] M&S algorithm main loop timer: 1.46358s (after merging)

[t=1.47025s, 59368 KB] Operator mutex starting iteration 10
[t=1.47236s, 59368 KB] Operator mutex finished iteration 10. Found an additional 0 operator mutexes

[t=1.47241s, 59368 KB] End of merge-and-shrink algorithm, statistics:
[t=1.47243s, 59368 KB] Main loop runtime: 1.46849s
[t=1.47245s, 59368 KB] Maximum intermediate abstraction size: 50000
[t=1.47247s, 59368 KB] Final peak memory increase of merge-and-shrink algorithm: 36636 KB
[t=1.4725s, 59368 KB] Merge-and-shrink algorithm runtime: 1.46968s

[t=1.47253s, 59368 KB] Number of labels: 360
[t=1.47255s, 59368 KB] Total number of operator mutexes: 0
[t=1.47256s, 59368 KB] Operator Mutex total time: 0.0295221s
[t=1.4726s, 59368 KB] Number of remaining factors: 1
[t=1.47334s, 59368 KB] Number of factors kept: 1
[t=1.47336s, 59368 KB] Done initializing merge-and-shrink heuristic.

[t=1.47349s, 59368 KB] Building successor generator...done!
[t=1.47372s, 59368 KB] peak memory difference for successor generator creation: 0 KB
[t=1.47373s, 59368 KB] time for successor generation creation: 0.000147755s
[t=1.47376s, 59368 KB] Variables: 12
[t=1.47378s, 59368 KB] FactPairs: 48
[t=1.4738s, 59368 KB] Bytes per state: 4
[t=1.47392s, 59368 KB] Conducting best first search with reopening closed nodes, (real) bound = 2147483647
[t=1.47398s, 59368 KB] New best heuristic value for merge_and_shrink(op_mutex = op_mutex(use_previous_ops = nopo, reachability_strategy = goal), merge_strategy = merge_sccs(order_of_sccs = topological, merge_tree = linear), shrink_strategy = shrink_bisimulation(greedy = true, at_limit = use_up)): 18
[t=1.474s, 59368 KB] g=0, 1 evaluated, 0 expanded
[t=1.47403s, 59368 KB] f = 18, 1 evaluated, 0 expanded
[t=1.47405s, 59368 KB] Initial heuristic value for merge_and_shrink(op_mutex = op_mutex(use_previous_ops = nopo, reachability_strategy = goal), merge_strategy = merge_sccs(order_of_sccs = topological, merge_tree = linear), shrink_strategy = shrink_bisimulation(greedy = true, at_limit = use_up)): 18
[t=1.47408s, 59368 KB] pruning method: none
[t=1.47411s, 59368 KB] New best heuristic value for merge_and_shrink(op_mutex = op_mutex(use_previous_ops = nopo, reachability_strategy = goal), merge_strategy = merge_sccs(order_of_sccs = topological, merge_tree = linear), shrink_strategy = shrink_bisimulation(greedy = true, at_limit = use_up)): 15
[t=1.47413s, 59368 KB] g=3, 2 evaluated, 1 expanded
[t=1.47418s, 59368 KB] New best heuristic value for merge_and_shrink(op_mutex = op_mutex(use_previous_ops = nopo, reachability_strategy = goal), merge_strategy = merge_sccs(order_of_sccs = topological, merge_tree = linear), shrink_strategy = shrink_bisimulation(greedy = true, at_limit = use_up)): 12
[t=1.4742s, 59368 KB] g=6, 14 evaluated, 2 expanded
[t=1.47425s, 59368 KB] New best heuristic value for merge_and_shrink(op_mutex = op_mutex(use_previous_ops = nopo, reachability_strategy = goal), merge_strategy = merge_sccs(order_of_sccs = topological, merge_tree = linear), shrink_strategy = shrink_bisimulation(greedy = true, at_limit = use_up)): 11
[t=1.47427s, 59368 KB] g=9, 26 evaluated, 3 expanded
[t=1.4743s, 59368 KB] New best heuristic value for merge_and_shrink(op_mutex = op_mutex(use_previous_ops = nopo, reachability_strategy = goal), merge_strategy = merge_sccs(order_of_sccs = topological, merge_tree = linear), shrink_strategy = shrink_bisimulation(greedy = true, at_limit = use_up)): 9
[t=1.47432s, 59368 KB] g=9, 29 evaluated, 3 expanded
[t=1.47437s, 59368 KB] New best heuristic value for merge_and_shrink(op_mutex = op_mutex(use_previous_ops = nopo, reachability_strategy = goal), merge_strategy = merge_sccs(order_of_sccs = topological, merge_tree = linear), shrink_strategy = shrink_bisimulation(greedy = true, at_limit = use_up)): 8
[t=1.47439s, 59368 KB] g=12, 40 evaluated, 4 expanded
[t=1.47615s, 59368 KB] f = 19, 997 evaluated, 126 expanded
[t=1.47737s, 59368 KB] f = 20, 1621 evaluated, 246 expanded
[t=1.47802s, 59368 KB] New best heuristic value for merge_and_shrink(op_mutex = op_mutex(use_previous_ops = nopo, reachability_strategy = goal), merge_strategy = merge_sccs(order_of_sccs = topological, merge_tree = linear), shrink_strategy = shrink_bisimulation(greedy = true, at_limit = use_up)): 7
[t=1.47805s, 59368 KB] g=13, 1914 evaluated, 308 expanded
[t=1.48142s, 59368 KB] New best heuristic value for merge_and_shrink(op_mutex = op_mutex(use_previous_ops = nopo, reachability_strategy = goal), merge_strategy = merge_sccs(order_of_sccs = topological, merge_tree = linear), shrink_strategy = shrink_bisimulation(greedy = true, at_limit = use_up)): 6
[t=1.48145s, 59368 KB] g=14, 3642 evaluated, 646 expanded
[t=1.49138s, 59368 KB] f = 21, 8337 evaluated, 1755 expanded
[t=1.50231s, 59368 KB] f = 22, 13131 evaluated, 3525 expanded
[t=1.50241s, 59368 KB] New best heuristic value for merge_and_shrink(op_mutex = op_mutex(use_previous_ops = nopo, reachability_strategy = goal), merge_strategy = merge_sccs(order_of_sccs = topological, merge_tree = linear), shrink_strategy = shrink_bisimulation(greedy = true, at_limit = use_up)): 4
[t=1.50244s, 59368 KB] g=18, 13163 evaluated, 3531 expanded
[t=1.50248s, 59368 KB] New best heuristic value for merge_and_shrink(op_mutex = op_mutex(use_previous_ops = nopo, reachability_strategy = goal), merge_strategy = merge_sccs(order_of_sccs = topological, merge_tree = linear), shrink_strategy = shrink_bisimulation(greedy = true, at_limit = use_up)): 1
[t=1.5025s, 59368 KB] g=21, 13174 evaluated, 3532 expanded
[t=1.50254s, 59368 KB] New best heuristic value for merge_and_shrink(op_mutex = op_mutex(use_previous_ops = nopo, reachability_strategy = goal), merge_strategy = merge_sccs(order_of_sccs = topological, merge_tree = linear), shrink_strategy = shrink_bisimulation(greedy = true, at_limit = use_up)): 0
[t=1.50256s, 59368 KB] g=22, 13180 evaluated, 3533 expanded
[t=1.50259s, 59368 KB] Solution found!
[t=1.50262s, 59368 KB] Actual search time: 0.0285365s
rotate-2 seg-in-2 seg-out-2 car-in-2 car-out-2 (1)
analyze-2 seg-in-2 seg-out-1 car-out-2 car-out-1 (3)
analyze-2 seg-in-1 seg-out-1 car-in-1 car-out-2 (3)
rotate-2 seg-in-1 seg-out-2 car-out-2 car-in-2 (1)
analyze-2 seg-in-1 seg-out-1 car-in-2 car-in-1 (3)
analyze-2 seg-in-3 seg-out-1 car-in-3 car-in-2 (3)
rotate-2 seg-in-3 seg-out-3 car-in-2 car-out-3 (1)
analyze-2 seg-in-3 seg-out-1 car-out-3 car-in-3 (3)
analyze-2 seg-in-2 seg-out-1 car-out-1 car-out-3 (3)
rotate-2 seg-in-2 seg-out-3 car-out-3 car-in-2 (1)
[t=1.50264s, 59368 KB] Plan length: 10 step(s).
[t=1.50264s, 59368 KB] Plan cost: 22
[t=1.50264s, 59368 KB] Expanded 3534 state(s).
[t=1.50264s, 59368 KB] Reopened 0 state(s).
[t=1.50264s, 59368 KB] Evaluated 13184 state(s).
[t=1.50264s, 59368 KB] Evaluations: 13184
[t=1.50264s, 59368 KB] Generated 42396 state(s).
[t=1.50264s, 59368 KB] Dead ends: 0 state(s).
[t=1.50264s, 59368 KB] Expanded until last jump: 3525 state(s).
[t=1.50264s, 59368 KB] Reopened until last jump: 0 state(s).
[t=1.50264s, 59368 KB] Evaluated until last jump: 13131 state(s).
[t=1.50264s, 59368 KB] Generated until last jump: 42300 state(s).
[t=1.50264s, 59368 KB] Number of registered states: 13184
[t=1.50264s, 59368 KB] Int hash set load factor: 13184/16384 = 0.804688
[t=1.50264s, 59368 KB] Int hash set resizes: 14
[t=1.50264s, 59368 KB] Search time: 0.0287179s
[t=1.50264s, 59368 KB] Total time: 1.50264s
Solution found.
Peak memory: 59368 KB
Remove intermediate file output.sas
search exit code: 0

INFO     Running validate.
INFO     validate stdin: None
INFO     validate time limit: None
INFO     validate memory limit: None
INFO     validate command line string: validate domain.pddl problem.pddl sas_plan
Checking plan: sas_plan
Plan executed successfully - checking goal
Plan valid
Final value: 22 

Successful plans:
Value: 22
 sas_plan 22 

validate exit code: 0

