INFO     Running translator.
INFO     translator stdin: None
INFO     translator time limit: 599.97s
INFO     translator memory limit: 7000 MB
INFO     translator command line string: /usr/bin/python3 /user/student.aau.dk/lkar18/downward-projects/downward/experiments/nopo_vs_nasutpo_vs_nelutpo/data/nopo_vs_nasutpo_vs_nelutpo/code-f7902f30c0f47512f07fb7c64cdaf652032f674a_e5e41175/builds/release/bin/translate/translate.py domain.pddl problem.pddl --sas-file output.sas
Parsing...
Parsing: [0.000s CPU, 0.004s wall-clock]
Normalizing task... [0.000s CPU, 0.000s wall-clock]
Instantiating...
Generating Datalog program... [0.000s CPU, 0.001s wall-clock]
Normalizing Datalog program...
Normalizing Datalog program: [0.000s CPU, 0.005s wall-clock]
Preparing model... [0.010s CPU, 0.003s wall-clock]
Generated 125 rules.
Computing model... [0.080s CPU, 0.083s wall-clock]
5618 relevant atoms
1425 auxiliary atoms
7043 final queue length
24579 total queue pushes
Completing instantiation... [0.300s CPU, 0.301s wall-clock]
Instantiating: [0.390s CPU, 0.395s wall-clock]
Computing fact groups...
Finding invariants...
15 initial candidates
Finding invariants: [0.020s CPU, 0.017s wall-clock]
Checking invariant weight... [0.000s CPU, 0.001s wall-clock]
Instantiating groups... [0.000s CPU, 0.002s wall-clock]
Collecting mutex groups... [0.000s CPU, 0.000s wall-clock]
Choosing groups...
11 uncovered facts
Choosing groups: [0.000s CPU, 0.001s wall-clock]
Building translation key... [0.000s CPU, 0.000s wall-clock]
Computing fact groups: [0.020s CPU, 0.022s wall-clock]
Building STRIPS to SAS dictionary... [0.000s CPU, 0.000s wall-clock]
Building dictionary for full mutex groups... [0.000s CPU, 0.000s wall-clock]
Building mutex information...
not in strips_to_sas, left out: Atom bottomcol(c0)
not in strips_to_sas, left out: Atom bottomcol(d0)
not in strips_to_sas, left out: Atom bottomcol(h0)
not in strips_to_sas, left out: Atom bottomcol(s0)
Building mutex information: [0.000s CPU, 0.000s wall-clock]
Translating task...
Processing axioms...
Simplifying axioms... [0.000s CPU, 0.000s wall-clock]
Translator axioms removed by simplifying: 0
Computing negative axioms... [0.000s CPU, 0.000s wall-clock]
Processing axioms: [0.010s CPU, 0.013s wall-clock]
Translating task: [0.330s CPU, 0.321s wall-clock]
2190 effect conditions simplified
0 implied preconditions added
Detecting unreachable propositions...
0 operators removed
0 axioms removed
14 propositions removed
Detecting unreachable propositions: [0.170s CPU, 0.179s wall-clock]
Reordering and filtering variables...
30 of 30 variables necessary.
32 of 50 mutex groups necessary.
5369 of 5369 operators necessary.
0 of 0 axiom rules necessary.
Reordering and filtering variables: [0.050s CPU, 0.047s wall-clock]
Translator variables: 30
Translator derived variables: 0
Translator facts: 125
Translator goal facts: 4
Translator mutex groups: 32
Translator total mutex groups size: 124
Translator operators: 5369
Translator axioms: 0
Translator task size: 44686
Translator peak memory: 70028 KB
Writing output... [0.080s CPU, 0.077s wall-clock]
Done! [1.050s CPU, 1.061s wall-clock]
translate exit code: 0

INFO     Running search (release).
INFO     search stdin: output.sas
INFO     search time limit: 598.85s
INFO     search memory limit: 7000 MB
INFO     search command line string: /user/student.aau.dk/lkar18/downward-projects/downward/experiments/nopo_vs_nasutpo_vs_nelutpo/data/nopo_vs_nasutpo_vs_nelutpo/code-f7902f30c0f47512f07fb7c64cdaf652032f674a_e5e41175/builds/release/bin/downward --search 'astar(merge_and_shrink(op_mutex=op_mutex(use_previous_ops=NeLUTPO, reachability_strategy=goal)))' --internal-plan-file sas_plan < output.sas
[t=4.0624e-05s, 22344 KB] reading input...
[t=0.0228273s, 24160 KB] done reading input!
[t=0.0243954s, 24424 KB] Initializing merge-and-shrink heuristic...
[t=0.0244678s, 24424 KB] Running merge-and-shrink algorithm...
[t=0.0244883s, 24424 KB] Merge strategy options:
[t=0.0245094s, 24424 KB] Type: stateless
[t=0.0245296s, 24424 KB] Merge selector options:
[t=0.024549s, 24424 KB] Name: score based filtering
[t=0.0245688s, 24424 KB] Merge scoring function:
[t=0.0245878s, 24424 KB] Name: goal relevance
[t=0.0246065s, 24424 KB] Merge scoring function:
[t=0.0246252s, 24424 KB] Name: dfp
[t=0.024644s, 24424 KB] Merge scoring function:
[t=0.0246629s, 24424 KB] Name: total order
[t=0.024682s, 24424 KB] Atomic transition system order: reverse level
[t=0.024701s, 24424 KB] Product transition system order: new to old
[t=0.0247205s, 24424 KB] Consider atomic before product transition systems
[t=0.0247397s, 24424 KB] Random seed: -1

[t=0.0247612s, 24424 KB] Options related to size limits and shrinking: 
[t=0.0247809s, 24424 KB] Transition system size limit: 50000
[t=0.0248001s, 24424 KB] Transition system size limit right before merge: 50000
[t=0.024819s, 24424 KB] Threshold to trigger shrinking right before merge: 1

[t=0.0248398s, 24424 KB] Pruning unreachable states: yes
[t=0.0248596s, 24424 KB] Pruning irrelevant states: yes

[t=0.0248809s, 24424 KB] Label reduction disabled

[t=0.0249036s, 24424 KB] Main loop max time in seconds: inf

[t=0.0249286s, 24424 KB] ===============================================================================
[t=0.0249651s, 24424 KB] WARNING! You did not enable label reduction.
This may drastically reduce the performance of merge-and-shrink!
[t=0.0249871s, 24424 KB] ===============================================================================

[t=0.0250198s, 24424 KB] Building atomic transition systems... 
[t=0.041319s, 53724 KB] M&S algorithm timer: 0.0169232s (after computation of atomic factors)

[t=0.0414134s, 53724 KB] Starting main loop without a time limit.
[t=0.04297s, 53724 KB] Next pair of indices: (4, 29)
[t=0.0430074s, 53724 KB] M&S algorithm main loop timer: 0.00161471s (after computation of next merge)
[t=0.0435275s, 53724 KB] M&S algorithm main loop timer: 0.00220138s (after merging)
[t=0.043625s, 53724 KB] M&S algorithm main loop timer: 0.00223245s (after pruning)

[t=0.0436527s, 53724 KB] Operator mutex starting iteration 0
[t=0.0448707s, 53916 KB] In ts_0_0 of size 2 found num new op-mutexes 784
[t=0.0458785s, 53916 KB] In ts_0_1 of size 2 found num new op-mutexes 784
[t=0.0468018s, 53916 KB] In ts_0_2 of size 2 found num new op-mutexes 784
[t=0.047833s, 53916 KB] In ts_0_3 of size 2 found num new op-mutexes 841
[t=0.048821s, 53916 KB] In ts_0_5 of size 2 found num new op-mutexes 0
[t=0.0497914s, 53916 KB] In ts_0_6 of size 2 found num new op-mutexes 0
[t=0.0507538s, 53916 KB] In ts_0_7 of size 2 found num new op-mutexes 0
[t=0.0518332s, 53916 KB] In ts_0_8 of size 2 found num new op-mutexes 0
[t=0.0537761s, 53916 KB] In ts_0_9 of size 4 found num new op-mutexes 0
[t=0.0548588s, 53916 KB] In ts_0_10 of size 2 found num new op-mutexes 0
[t=0.0567925s, 53916 KB] In ts_0_11 of size 4 found num new op-mutexes 0
[t=0.0597093s, 54048 KB] In ts_0_12 of size 6 found num new op-mutexes 784
[t=0.0608316s, 54048 KB] In ts_0_13 of size 2 found num new op-mutexes 0
[t=0.0617884s, 54048 KB] In ts_0_14 of size 2 found num new op-mutexes 0
[t=0.0634392s, 54048 KB] In ts_0_15 of size 4 found num new op-mutexes 0
[t=0.0644081s, 54048 KB] In ts_0_16 of size 2 found num new op-mutexes 0
[t=0.0660595s, 54048 KB] In ts_0_17 of size 4 found num new op-mutexes 0
[t=0.0699443s, 54180 KB] In ts_0_18 of size 7 found num new op-mutexes 2512
[t=0.0712578s, 54180 KB] In ts_0_19 of size 3 found num new op-mutexes 784
[t=0.0722286s, 54180 KB] In ts_0_20 of size 2 found num new op-mutexes 0
[t=0.0745025s, 54180 KB] In ts_0_21 of size 7 found num new op-mutexes 1352
[t=0.076898s, 54312 KB] In ts_0_22 of size 7 found num new op-mutexes 1458
[t=0.0778861s, 54312 KB] In ts_0_23 of size 2 found num new op-mutexes 0
[t=0.0820229s, 54312 KB] In ts_0_24 of size 14 found num new op-mutexes 0
[t=0.0856614s, 54312 KB] In ts_0_25 of size 14 found num new op-mutexes 0
[t=0.0875815s, 54312 KB] In ts_0_26 of size 5 found num new op-mutexes 0
[t=0.0895634s, 54312 KB] In ts_0_27 of size 5 found num new op-mutexes 728
[t=0.0914343s, 54312 KB] In ts_0_28 of size 5 found num new op-mutexes 0
[t=0.0934806s, 54312 KB] In ts_0_30 of size 6 found num new op-mutexes 1404
[t=0.0936052s, 54312 KB] Operator mutex finished iteration 0. Found an additional 12215 operator mutexes

[t=0.0950843s, 54312 KB] Next pair of indices: (5, 28)
[t=0.0951179s, 54312 KB] M&S algorithm main loop timer: 0.0537249s (after computation of next merge)
[t=0.095616s, 54312 KB] M&S algorithm main loop timer: 0.0542895s (after merging)

[t=0.0957133s, 54312 KB] Operator mutex starting iteration 1
[t=0.096718s, 54312 KB] In ts_1_0 of size 2 found num new op-mutexes 0
[t=0.0977268s, 54312 KB] In ts_1_1 of size 2 found num new op-mutexes 0
[t=0.0987365s, 54312 KB] In ts_1_2 of size 2 found num new op-mutexes 0
[t=0.0997606s, 54312 KB] In ts_1_3 of size 2 found num new op-mutexes 0
[t=0.100759s, 54312 KB] In ts_1_6 of size 2 found num new op-mutexes 0
[t=0.101744s, 54312 KB] In ts_1_7 of size 2 found num new op-mutexes 0
[t=0.10284s, 54312 KB] In ts_1_8 of size 2 found num new op-mutexes 0
[t=0.104815s, 54312 KB] In ts_1_9 of size 4 found num new op-mutexes 0
[t=0.105924s, 54312 KB] In ts_1_10 of size 2 found num new op-mutexes 0
[t=0.107892s, 54312 KB] In ts_1_11 of size 4 found num new op-mutexes 0
[t=0.110862s, 54312 KB] In ts_1_12 of size 6 found num new op-mutexes 0
[t=0.112013s, 54312 KB] In ts_1_13 of size 2 found num new op-mutexes 0
[t=0.112999s, 54312 KB] In ts_1_14 of size 2 found num new op-mutexes 0
[t=0.114686s, 54312 KB] In ts_1_15 of size 4 found num new op-mutexes 0
[t=0.115683s, 54312 KB] In ts_1_16 of size 2 found num new op-mutexes 0
[t=0.117358s, 54312 KB] In ts_1_17 of size 4 found num new op-mutexes 0
[t=0.121214s, 54312 KB] In ts_1_18 of size 7 found num new op-mutexes 0
[t=0.122573s, 54312 KB] In ts_1_19 of size 3 found num new op-mutexes 0
[t=0.123573s, 54312 KB] In ts_1_20 of size 2 found num new op-mutexes 0
[t=0.125896s, 54312 KB] In ts_1_21 of size 7 found num new op-mutexes 0
[t=0.128218s, 54312 KB] In ts_1_22 of size 7 found num new op-mutexes 0
[t=0.129231s, 54312 KB] In ts_1_23 of size 2 found num new op-mutexes 0
[t=0.13282s, 54312 KB] In ts_1_24 of size 14 found num new op-mutexes 0
[t=0.136438s, 54312 KB] In ts_1_25 of size 14 found num new op-mutexes 0
[t=0.13839s, 54312 KB] In ts_1_26 of size 5 found num new op-mutexes 0
[t=0.14031s, 54312 KB] In ts_1_27 of size 5 found num new op-mutexes 0
[t=0.142281s, 54312 KB] In ts_1_30 of size 6 found num new op-mutexes 0
[t=0.144444s, 54312 KB] In ts_1_31 of size 10 found num new op-mutexes 0
[t=0.144564s, 54312 KB] Operator mutex finished iteration 1. Found an additional 0 operator mutexes

[t=0.145923s, 54312 KB] Next pair of indices: (6, 27)
[t=0.145953s, 54312 KB] M&S algorithm main loop timer: 0.104559s (after computation of next merge)
[t=0.14645s, 54312 KB] M&S algorithm main loop timer: 0.105123s (after merging)

[t=0.146547s, 54312 KB] Operator mutex starting iteration 2
[t=0.147517s, 54312 KB] In ts_2_0 of size 2 found num new op-mutexes 0
[t=0.148554s, 54312 KB] In ts_2_1 of size 2 found num new op-mutexes 0
[t=0.149557s, 54312 KB] In ts_2_2 of size 2 found num new op-mutexes 0
[t=0.150534s, 54312 KB] In ts_2_3 of size 2 found num new op-mutexes 0
[t=0.151552s, 54312 KB] In ts_2_7 of size 2 found num new op-mutexes 0
[t=0.152661s, 54312 KB] In ts_2_8 of size 2 found num new op-mutexes 0
[t=0.154608s, 54312 KB] In ts_2_9 of size 4 found num new op-mutexes 0
[t=0.155737s, 54312 KB] In ts_2_10 of size 2 found num new op-mutexes 0
[t=0.157685s, 54312 KB] In ts_2_11 of size 4 found num new op-mutexes 0
[t=0.160692s, 54312 KB] In ts_2_12 of size 6 found num new op-mutexes 0
[t=0.161826s, 54312 KB] In ts_2_13 of size 2 found num new op-mutexes 0
[t=0.162809s, 54312 KB] In ts_2_14 of size 2 found num new op-mutexes 0
[t=0.1645s, 54312 KB] In ts_2_15 of size 4 found num new op-mutexes 0
[t=0.165497s, 54312 KB] In ts_2_16 of size 2 found num new op-mutexes 0
[t=0.167167s, 54312 KB] In ts_2_17 of size 4 found num new op-mutexes 0
[t=0.17099s, 54312 KB] In ts_2_18 of size 7 found num new op-mutexes 0
[t=0.172366s, 54312 KB] In ts_2_19 of size 3 found num new op-mutexes 0
[t=0.173346s, 54312 KB] In ts_2_20 of size 2 found num new op-mutexes 0
[t=0.175675s, 54312 KB] In ts_2_21 of size 7 found num new op-mutexes 0
[t=0.178055s, 54312 KB] In ts_2_22 of size 7 found num new op-mutexes 0
[t=0.179067s, 54312 KB] In ts_2_23 of size 2 found num new op-mutexes 0
[t=0.182614s, 54312 KB] In ts_2_24 of size 14 found num new op-mutexes 0
[t=0.1862s, 54312 KB] In ts_2_25 of size 14 found num new op-mutexes 0
[t=0.188144s, 54312 KB] In ts_2_26 of size 5 found num new op-mutexes 0
[t=0.190076s, 54312 KB] In ts_2_30 of size 6 found num new op-mutexes 0
[t=0.192206s, 54312 KB] In ts_2_31 of size 10 found num new op-mutexes 0
[t=0.194316s, 54312 KB] In ts_2_32 of size 10 found num new op-mutexes 0
[t=0.194427s, 54312 KB] Operator mutex finished iteration 2. Found an additional 0 operator mutexes

[t=0.195731s, 54312 KB] Next pair of indices: (7, 26)
[t=0.195764s, 54312 KB] M&S algorithm main loop timer: 0.154371s (after computation of next merge)
[t=0.19627s, 54312 KB] M&S algorithm main loop timer: 0.154944s (after merging)

[t=0.196367s, 54312 KB] Operator mutex starting iteration 3
[t=0.197355s, 54312 KB] In ts_3_0 of size 2 found num new op-mutexes 0
[t=0.198403s, 54312 KB] In ts_3_1 of size 2 found num new op-mutexes 0
[t=0.199436s, 54312 KB] In ts_3_2 of size 2 found num new op-mutexes 0
[t=0.200439s, 54312 KB] In ts_3_3 of size 2 found num new op-mutexes 0
[t=0.201552s, 54312 KB] In ts_3_8 of size 2 found num new op-mutexes 0
[t=0.203507s, 54312 KB] In ts_3_9 of size 4 found num new op-mutexes 0
[t=0.204593s, 54312 KB] In ts_3_10 of size 2 found num new op-mutexes 0
[t=0.206513s, 54312 KB] In ts_3_11 of size 4 found num new op-mutexes 0
[t=0.209505s, 54312 KB] In ts_3_12 of size 6 found num new op-mutexes 0
[t=0.210673s, 54312 KB] In ts_3_13 of size 2 found num new op-mutexes 0
[t=0.211714s, 54312 KB] In ts_3_14 of size 2 found num new op-mutexes 0
[t=0.213374s, 54312 KB] In ts_3_15 of size 4 found num new op-mutexes 0
[t=0.214343s, 54312 KB] In ts_3_16 of size 2 found num new op-mutexes 0
[t=0.215987s, 54312 KB] In ts_3_17 of size 4 found num new op-mutexes 0
[t=0.219858s, 54312 KB] In ts_3_18 of size 7 found num new op-mutexes 0
[t=0.221222s, 54312 KB] In ts_3_19 of size 3 found num new op-mutexes 0
[t=0.222187s, 54312 KB] In ts_3_20 of size 2 found num new op-mutexes 0
[t=0.224482s, 54312 KB] In ts_3_21 of size 7 found num new op-mutexes 0
[t=0.226764s, 54312 KB] In ts_3_22 of size 7 found num new op-mutexes 0
[t=0.227769s, 54312 KB] In ts_3_23 of size 2 found num new op-mutexes 0
[t=0.231344s, 54312 KB] In ts_3_24 of size 14 found num new op-mutexes 0
[t=0.23496s, 54312 KB] In ts_3_25 of size 14 found num new op-mutexes 0
[t=0.236946s, 54312 KB] In ts_3_30 of size 6 found num new op-mutexes 0
[t=0.239109s, 54312 KB] In ts_3_31 of size 10 found num new op-mutexes 0
[t=0.241255s, 54312 KB] In ts_3_32 of size 10 found num new op-mutexes 0
[t=0.243282s, 54312 KB] In ts_3_33 of size 10 found num new op-mutexes 0
[t=0.243394s, 54312 KB] Operator mutex finished iteration 3. Found an additional 0 operator mutexes

[t=0.24463s, 54312 KB] Next pair of indices: (15, 30)
[t=0.244663s, 54312 KB] M&S algorithm main loop timer: 0.20327s (after computation of next merge)
[t=0.245215s, 54312 KB] M&S algorithm main loop timer: 0.203831s (after merging)

[t=0.245255s, 54312 KB] Operator mutex starting iteration 4
[t=0.246231s, 54312 KB] In ts_4_0 of size 2 found num new op-mutexes 0
[t=0.24725s, 54312 KB] In ts_4_1 of size 2 found num new op-mutexes 0
[t=0.24825s, 54312 KB] In ts_4_2 of size 2 found num new op-mutexes 0
[t=0.249236s, 54312 KB] In ts_4_3 of size 2 found num new op-mutexes 0
[t=0.250336s, 54312 KB] In ts_4_8 of size 2 found num new op-mutexes 0
[t=0.252262s, 54312 KB] In ts_4_9 of size 4 found num new op-mutexes 0
[t=0.253364s, 54312 KB] In ts_4_10 of size 2 found num new op-mutexes 0
[t=0.255313s, 54312 KB] In ts_4_11 of size 4 found num new op-mutexes 0
[t=0.258359s, 54312 KB] In ts_4_12 of size 6 found num new op-mutexes 0
[t=0.2595s, 54312 KB] In ts_4_13 of size 2 found num new op-mutexes 0
[t=0.260486s, 54312 KB] In ts_4_14 of size 2 found num new op-mutexes 0
[t=0.26145s, 54312 KB] In ts_4_16 of size 2 found num new op-mutexes 0
[t=0.263125s, 54312 KB] In ts_4_17 of size 4 found num new op-mutexes 0
[t=0.267015s, 54312 KB] In ts_4_18 of size 7 found num new op-mutexes 0
[t=0.268392s, 54312 KB] In ts_4_19 of size 3 found num new op-mutexes 0
[t=0.269383s, 54312 KB] In ts_4_20 of size 2 found num new op-mutexes 0
[t=0.271712s, 54312 KB] In ts_4_21 of size 7 found num new op-mutexes 0
[t=0.274071s, 54312 KB] In ts_4_22 of size 7 found num new op-mutexes 0
[t=0.275052s, 54312 KB] In ts_4_23 of size 2 found num new op-mutexes 0
[t=0.279049s, 54312 KB] In ts_4_24 of size 14 found num new op-mutexes 0
[t=0.28331s, 54312 KB] In ts_4_25 of size 14 found num new op-mutexes 0
[t=0.285699s, 54312 KB] In ts_4_31 of size 10 found num new op-mutexes 0
[t=0.287885s, 54312 KB] In ts_4_32 of size 10 found num new op-mutexes 0
[t=0.289929s, 54312 KB] In ts_4_33 of size 10 found num new op-mutexes 0
[t=0.292748s, 54312 KB] In ts_4_34 of size 24 found num new op-mutexes 0
[t=0.292877s, 54312 KB] Operator mutex finished iteration 4. Found an additional 0 operator mutexes

[t=0.294108s, 54312 KB] Next pair of indices: (2, 34)
[t=0.294141s, 54312 KB] M&S algorithm main loop timer: 0.252748s (after computation of next merge)
[t=0.294208s, 54312 KB] M&S algorithm main loop timer: 0.252817s (after shrinking)
[t=0.294747s, 54312 KB] M&S algorithm main loop timer: 0.253363s (after merging)

[t=0.294789s, 54312 KB] Operator mutex starting iteration 5
[t=0.295751s, 54312 KB] In ts_5_0 of size 2 found num new op-mutexes 0
[t=0.2968s, 54312 KB] In ts_5_1 of size 2 found num new op-mutexes 0
[t=0.297836s, 54312 KB] In ts_5_3 of size 2 found num new op-mutexes 0
[t=0.298931s, 54312 KB] In ts_5_8 of size 2 found num new op-mutexes 0
[t=0.300951s, 54312 KB] In ts_5_9 of size 4 found num new op-mutexes 0
[t=0.3021s, 54312 KB] In ts_5_10 of size 2 found num new op-mutexes 0
[t=0.304048s, 54312 KB] In ts_5_11 of size 4 found num new op-mutexes 0
[t=0.307073s, 54312 KB] In ts_5_12 of size 6 found num new op-mutexes 0
[t=0.308202s, 54312 KB] In ts_5_13 of size 2 found num new op-mutexes 0
[t=0.309165s, 54312 KB] In ts_5_14 of size 2 found num new op-mutexes 0
[t=0.310158s, 54312 KB] In ts_5_16 of size 2 found num new op-mutexes 0
[t=0.311813s, 54312 KB] In ts_5_17 of size 4 found num new op-mutexes 0
[t=0.315655s, 54312 KB] In ts_5_18 of size 7 found num new op-mutexes 0
[t=0.317035s, 54312 KB] In ts_5_19 of size 3 found num new op-mutexes 0
[t=0.318032s, 54312 KB] In ts_5_20 of size 2 found num new op-mutexes 0
[t=0.320304s, 54312 KB] In ts_5_21 of size 7 found num new op-mutexes 0
[t=0.322589s, 54312 KB] In ts_5_22 of size 7 found num new op-mutexes 0
[t=0.323574s, 54312 KB] In ts_5_23 of size 2 found num new op-mutexes 0
[t=0.32718s, 54312 KB] In ts_5_24 of size 14 found num new op-mutexes 0
[t=0.330812s, 54312 KB] In ts_5_25 of size 14 found num new op-mutexes 0
[t=0.332995s, 54312 KB] In ts_5_31 of size 10 found num new op-mutexes 0
[t=0.335169s, 54312 KB] In ts_5_32 of size 10 found num new op-mutexes 0
[t=0.337216s, 54312 KB] In ts_5_33 of size 10 found num new op-mutexes 0
[t=0.340451s, 54312 KB] In ts_5_35 of size 46 found num new op-mutexes 0
[t=0.340576s, 54312 KB] Operator mutex finished iteration 5. Found an additional 0 operator mutexes

[t=0.341727s, 54312 KB] Next pair of indices: (3, 35)
[t=0.34176s, 54312 KB] M&S algorithm main loop timer: 0.300366s (after computation of next merge)
[t=0.3424s, 54312 KB] M&S algorithm main loop timer: 0.301021s (after merging)

[t=0.34245s, 54312 KB] Operator mutex starting iteration 6
[t=0.343433s, 54312 KB] In ts_6_0 of size 2 found num new op-mutexes 0
[t=0.344467s, 54312 KB] In ts_6_1 of size 2 found num new op-mutexes 0
[t=0.345617s, 54312 KB] In ts_6_8 of size 2 found num new op-mutexes 0
[t=0.347637s, 54312 KB] In ts_6_9 of size 4 found num new op-mutexes 0
[t=0.348793s, 54312 KB] In ts_6_10 of size 2 found num new op-mutexes 0
[t=0.35076s, 54312 KB] In ts_6_11 of size 4 found num new op-mutexes 0
[t=0.353788s, 54312 KB] In ts_6_12 of size 6 found num new op-mutexes 0
[t=0.354972s, 54312 KB] In ts_6_13 of size 2 found num new op-mutexes 0
[t=0.356019s, 54312 KB] In ts_6_14 of size 2 found num new op-mutexes 0
[t=0.357039s, 54312 KB] In ts_6_16 of size 2 found num new op-mutexes 0
[t=0.358742s, 54312 KB] In ts_6_17 of size 4 found num new op-mutexes 0
[t=0.362622s, 54312 KB] In ts_6_18 of size 7 found num new op-mutexes 0
[t=0.364002s, 54312 KB] In ts_6_19 of size 3 found num new op-mutexes 0
[t=0.365053s, 54312 KB] In ts_6_20 of size 2 found num new op-mutexes 0
[t=0.367417s, 54312 KB] In ts_6_21 of size 7 found num new op-mutexes 0
[t=0.36979s, 54312 KB] In ts_6_22 of size 7 found num new op-mutexes 0
[t=0.370821s, 54312 KB] In ts_6_23 of size 2 found num new op-mutexes 0
[t=0.374459s, 54312 KB] In ts_6_24 of size 14 found num new op-mutexes 0
[t=0.378131s, 54312 KB] In ts_6_25 of size 14 found num new op-mutexes 0
[t=0.380558s, 54312 KB] In ts_6_31 of size 10 found num new op-mutexes 0
[t=0.382752s, 54312 KB] In ts_6_32 of size 10 found num new op-mutexes 0
[t=0.384828s, 54312 KB] In ts_6_33 of size 10 found num new op-mutexes 0
[t=0.38858s, 54312 KB] In ts_6_36 of size 92 found num new op-mutexes 0
[t=0.38872s, 54312 KB] Operator mutex finished iteration 6. Found an additional 0 operator mutexes

[t=0.389861s, 54312 KB] Next pair of indices: (9, 36)
[t=0.38989s, 54312 KB] M&S algorithm main loop timer: 0.348497s (after computation of next merge)
[t=0.390721s, 54312 KB] M&S algorithm main loop timer: 0.34935s (after merging)

[t=0.390795s, 54312 KB] Operator mutex starting iteration 7
[t=0.391763s, 54312 KB] In ts_7_0 of size 2 found num new op-mutexes 0
[t=0.39278s, 54312 KB] In ts_7_1 of size 2 found num new op-mutexes 0
[t=0.393862s, 54312 KB] In ts_7_8 of size 2 found num new op-mutexes 0
[t=0.394956s, 54312 KB] In ts_7_10 of size 2 found num new op-mutexes 0
[t=0.396943s, 54312 KB] In ts_7_11 of size 4 found num new op-mutexes 0
[t=0.399916s, 54312 KB] In ts_7_12 of size 6 found num new op-mutexes 0
[t=0.401053s, 54312 KB] In ts_7_13 of size 2 found num new op-mutexes 0
[t=0.402023s, 54312 KB] In ts_7_14 of size 2 found num new op-mutexes 0
[t=0.403003s, 54312 KB] In ts_7_16 of size 2 found num new op-mutexes 0
[t=0.404691s, 54312 KB] In ts_7_17 of size 4 found num new op-mutexes 0
[t=0.408584s, 54312 KB] In ts_7_18 of size 7 found num new op-mutexes 0
[t=0.409973s, 54312 KB] In ts_7_19 of size 3 found num new op-mutexes 0
[t=0.410965s, 54312 KB] In ts_7_20 of size 2 found num new op-mutexes 0
[t=0.413289s, 54312 KB] In ts_7_21 of size 7 found num new op-mutexes 0
[t=0.415631s, 54312 KB] In ts_7_22 of size 7 found num new op-mutexes 0
[t=0.416659s, 54312 KB] In ts_7_23 of size 2 found num new op-mutexes 0
[t=0.42022s, 54312 KB] In ts_7_24 of size 14 found num new op-mutexes 0
[t=0.423862s, 54312 KB] In ts_7_25 of size 14 found num new op-mutexes 0
[t=0.426106s, 54312 KB] In ts_7_31 of size 10 found num new op-mutexes 0
[t=0.428308s, 54312 KB] In ts_7_32 of size 10 found num new op-mutexes 0
[t=0.430502s, 54312 KB] In ts_7_33 of size 10 found num new op-mutexes 0
[t=0.436286s, 54312 KB] In ts_7_37 of size 368 found num new op-mutexes 0
[t=0.436453s, 54312 KB] Operator mutex finished iteration 7. Found an additional 0 operator mutexes

[t=0.437563s, 54312 KB] Next pair of indices: (0, 37)
[t=0.437594s, 54312 KB] M&S algorithm main loop timer: 0.396201s (after computation of next merge)
[t=0.439069s, 54312 KB] M&S algorithm main loop timer: 0.397709s (after merging)
[t=0.439224s, 54312 KB] M&S algorithm main loop timer: 0.397839s (after pruning)

[t=0.439259s, 54312 KB] Operator mutex starting iteration 8
[t=0.440311s, 54312 KB] In ts_8_1 of size 2 found num new op-mutexes 0
[t=0.441459s, 54312 KB] In ts_8_8 of size 2 found num new op-mutexes 0
[t=0.442586s, 54312 KB] In ts_8_10 of size 2 found num new op-mutexes 0
[t=0.444634s, 54312 KB] In ts_8_11 of size 4 found num new op-mutexes 0
[t=0.447783s, 54312 KB] In ts_8_12 of size 6 found num new op-mutexes 0
[t=0.449006s, 54312 KB] In ts_8_13 of size 2 found num new op-mutexes 0
[t=0.450069s, 54312 KB] In ts_8_14 of size 2 found num new op-mutexes 0
[t=0.451135s, 54312 KB] In ts_8_16 of size 2 found num new op-mutexes 0
[t=0.452903s, 54312 KB] In ts_8_17 of size 4 found num new op-mutexes 0
[t=0.456962s, 54312 KB] In ts_8_18 of size 7 found num new op-mutexes 0
[t=0.458452s, 54312 KB] In ts_8_19 of size 3 found num new op-mutexes 0
[t=0.459512s, 54312 KB] In ts_8_20 of size 2 found num new op-mutexes 0
[t=0.461886s, 54312 KB] In ts_8_21 of size 7 found num new op-mutexes 0
[t=0.46431s, 54312 KB] In ts_8_22 of size 7 found num new op-mutexes 0
[t=0.465359s, 54312 KB] In ts_8_23 of size 2 found num new op-mutexes 0
[t=0.469018s, 54312 KB] In ts_8_24 of size 14 found num new op-mutexes 0
[t=0.472795s, 54312 KB] In ts_8_25 of size 14 found num new op-mutexes 0
[t=0.475162s, 54312 KB] In ts_8_31 of size 10 found num new op-mutexes 0
[t=0.477423s, 54312 KB] In ts_8_32 of size 10 found num new op-mutexes 0
[t=0.479614s, 54312 KB] In ts_8_33 of size 10 found num new op-mutexes 0
[t=0.485853s, 54312 KB] In ts_8_38 of size 336 found num new op-mutexes 784
[t=0.486021s, 54312 KB] Operator mutex finished iteration 8. Found an additional 784 operator mutexes

[t=0.487152s, 54312 KB] Next pair of indices: (8, 38)
[t=0.487185s, 54312 KB] M&S algorithm main loop timer: 0.445792s (after computation of next merge)
[t=0.488348s, 54312 KB] M&S algorithm main loop timer: 0.446983s (after merging)
[t=0.488488s, 54312 KB] M&S algorithm main loop timer: 0.447102s (after pruning)

[t=0.488523s, 54312 KB] Operator mutex starting iteration 9
[t=0.489452s, 54312 KB] In ts_9_1 of size 2 found num new op-mutexes 0
[t=0.49059s, 54312 KB] In ts_9_10 of size 2 found num new op-mutexes 0
[t=0.492569s, 54312 KB] In ts_9_11 of size 4 found num new op-mutexes 0
[t=0.495607s, 54312 KB] In ts_9_12 of size 6 found num new op-mutexes 0
[t=0.49677s, 54312 KB] In ts_9_13 of size 2 found num new op-mutexes 0
[t=0.497772s, 54312 KB] In ts_9_14 of size 2 found num new op-mutexes 0
[t=0.498798s, 54312 KB] In ts_9_16 of size 2 found num new op-mutexes 0
[t=0.500491s, 54312 KB] In ts_9_17 of size 4 found num new op-mutexes 0
[t=0.504375s, 54312 KB] In ts_9_18 of size 7 found num new op-mutexes 0
[t=0.505762s, 54312 KB] In ts_9_19 of size 3 found num new op-mutexes 0
[t=0.506789s, 54312 KB] In ts_9_20 of size 2 found num new op-mutexes 0
[t=0.5091s, 54312 KB] In ts_9_21 of size 7 found num new op-mutexes 0
[t=0.511454s, 54312 KB] In ts_9_22 of size 7 found num new op-mutexes 0
[t=0.512475s, 54312 KB] In ts_9_23 of size 2 found num new op-mutexes 0
[t=0.516154s, 54312 KB] In ts_9_24 of size 14 found num new op-mutexes 0
[t=0.519863s, 54312 KB] In ts_9_25 of size 14 found num new op-mutexes 0
[t=0.522131s, 54312 KB] In ts_9_31 of size 10 found num new op-mutexes 0
[t=0.524402s, 54312 KB] In ts_9_32 of size 10 found num new op-mutexes 0
[t=0.52653s, 54312 KB] In ts_9_33 of size 10 found num new op-mutexes 0
[t=0.532218s, 54312 KB] In ts_9_39 of size 272 found num new op-mutexes 0
[t=0.532392s, 54312 KB] Operator mutex finished iteration 9. Found an additional 0 operator mutexes

[t=0.533412s, 54312 KB] Next pair of indices: (12, 39)
[t=0.533445s, 54312 KB] M&S algorithm main loop timer: 0.492052s (after computation of next merge)
[t=0.53533s, 54312 KB] M&S algorithm main loop timer: 0.494004s (after merging)
[t=0.535662s, 54312 KB] M&S algorithm main loop timer: 0.494282s (after pruning)

[t=0.535702s, 54312 KB] Operator mutex starting iteration 10
[t=0.53669s, 54312 KB] In ts_10_1 of size 2 found num new op-mutexes 0
[t=0.537819s, 54312 KB] In ts_10_10 of size 2 found num new op-mutexes 0
[t=0.539798s, 54312 KB] In ts_10_11 of size 4 found num new op-mutexes 0
[t=0.540941s, 54312 KB] In ts_10_13 of size 2 found num new op-mutexes 0
[t=0.541954s, 54312 KB] In ts_10_14 of size 2 found num new op-mutexes 0
[t=0.542985s, 54312 KB] In ts_10_16 of size 2 found num new op-mutexes 0
[t=0.544711s, 54312 KB] In ts_10_17 of size 4 found num new op-mutexes 0
[t=0.548523s, 54312 KB] In ts_10_18 of size 7 found num new op-mutexes 0
[t=0.549913s, 54312 KB] In ts_10_19 of size 3 found num new op-mutexes 0
[t=0.550945s, 54312 KB] In ts_10_20 of size 2 found num new op-mutexes 0
[t=0.553306s, 54312 KB] In ts_10_21 of size 7 found num new op-mutexes 0
[t=0.555664s, 54312 KB] In ts_10_22 of size 7 found num new op-mutexes 0
[t=0.556702s, 54312 KB] In ts_10_23 of size 2 found num new op-mutexes 0
[t=0.560341s, 54312 KB] In ts_10_24 of size 14 found num new op-mutexes 0
[t=0.564072s, 54312 KB] In ts_10_25 of size 14 found num new op-mutexes 0
[t=0.566342s, 54312 KB] In ts_10_31 of size 10 found num new op-mutexes 0
[t=0.568528s, 54312 KB] In ts_10_32 of size 10 found num new op-mutexes 0
[t=0.570634s, 54312 KB] In ts_10_33 of size 10 found num new op-mutexes 0
[t=0.58052s, 54312 KB] In ts_10_40 of size 816 found num new op-mutexes 0
[t=0.580708s, 54312 KB] Operator mutex finished iteration 10. Found an additional 0 operator mutexes

[t=0.581683s, 54312 KB] Next pair of indices: (13, 40)
[t=0.58172s, 54312 KB] M&S algorithm main loop timer: 0.540328s (after computation of next merge)
[t=0.584787s, 54312 KB] M&S algorithm main loop timer: 0.543462s (after merging)
[t=0.585289s, 54312 KB] M&S algorithm main loop timer: 0.543913s (after pruning)

[t=0.585335s, 54312 KB] Operator mutex starting iteration 11
[t=0.586329s, 54312 KB] In ts_11_1 of size 2 found num new op-mutexes 0
[t=0.587469s, 54312 KB] In ts_11_10 of size 2 found num new op-mutexes 0
[t=0.589454s, 54312 KB] In ts_11_11 of size 4 found num new op-mutexes 0
[t=0.590498s, 54312 KB] In ts_11_14 of size 2 found num new op-mutexes 0
[t=0.5915s, 54312 KB] In ts_11_16 of size 2 found num new op-mutexes 0
[t=0.593251s, 54312 KB] In ts_11_17 of size 4 found num new op-mutexes 0
[t=0.597079s, 54312 KB] In ts_11_18 of size 7 found num new op-mutexes 0
[t=0.598484s, 54312 KB] In ts_11_19 of size 3 found num new op-mutexes 0
[t=0.599523s, 54312 KB] In ts_11_20 of size 2 found num new op-mutexes 0
[t=0.601909s, 54312 KB] In ts_11_21 of size 7 found num new op-mutexes 0
[t=0.604317s, 54312 KB] In ts_11_22 of size 7 found num new op-mutexes 0
[t=0.605363s, 54312 KB] In ts_11_23 of size 2 found num new op-mutexes 0
[t=0.609025s, 54312 KB] In ts_11_24 of size 14 found num new op-mutexes 0
[t=0.612765s, 54312 KB] In ts_11_25 of size 14 found num new op-mutexes 0
[t=0.615045s, 54312 KB] In ts_11_31 of size 10 found num new op-mutexes 0
[t=0.617264s, 54312 KB] In ts_11_32 of size 10 found num new op-mutexes 0
[t=0.619379s, 54312 KB] In ts_11_33 of size 10 found num new op-mutexes 0
[t=0.632962s, 54312 KB] In ts_11_41 of size 1360 found num new op-mutexes 0
[t=0.633167s, 54312 KB] Operator mutex finished iteration 11. Found an additional 0 operator mutexes

[t=0.634104s, 54312 KB] Next pair of indices: (14, 41)
[t=0.634136s, 54312 KB] M&S algorithm main loop timer: 0.592743s (after computation of next merge)
[t=0.638537s, 54312 KB] M&S algorithm main loop timer: 0.597215s (after shrinking)
[t=0.640836s, 54312 KB] M&S algorithm main loop timer: 0.599527s (after merging)

[t=0.641063s, 54312 KB] Operator mutex starting iteration 12
[t=0.642123s, 54312 KB] In ts_12_1 of size 2 found num new op-mutexes 0
[t=0.643277s, 54312 KB] In ts_12_10 of size 2 found num new op-mutexes 0
[t=0.645273s, 54312 KB] In ts_12_11 of size 4 found num new op-mutexes 0
[t=0.646322s, 54312 KB] In ts_12_16 of size 2 found num new op-mutexes 0
[t=0.648031s, 54312 KB] In ts_12_17 of size 4 found num new op-mutexes 0
[t=0.651881s, 54312 KB] In ts_12_18 of size 7 found num new op-mutexes 0
[t=0.653377s, 54312 KB] In ts_12_19 of size 3 found num new op-mutexes 0
[t=0.654415s, 54312 KB] In ts_12_20 of size 2 found num new op-mutexes 0
[t=0.656762s, 54312 KB] In ts_12_21 of size 7 found num new op-mutexes 0
[t=0.659193s, 54312 KB] In ts_12_22 of size 7 found num new op-mutexes 0
[t=0.66025s, 54312 KB] In ts_12_23 of size 2 found num new op-mutexes 0
[t=0.663927s, 54312 KB] In ts_12_24 of size 14 found num new op-mutexes 0
[t=0.667675s, 54312 KB] In ts_12_25 of size 14 found num new op-mutexes 0
[t=0.669964s, 54312 KB] In ts_12_31 of size 10 found num new op-mutexes 0
[t=0.672202s, 54312 KB] In ts_12_32 of size 10 found num new op-mutexes 0
[t=0.674313s, 54312 KB] In ts_12_33 of size 10 found num new op-mutexes 0
[t=0.691059s, 54312 KB] In ts_12_42 of size 1904 found num new op-mutexes 0
[t=0.691277s, 54312 KB] Operator mutex finished iteration 12. Found an additional 0 operator mutexes

[t=0.692214s, 54312 KB] Next pair of indices: (17, 42)
[t=0.692246s, 54312 KB] M&S algorithm main loop timer: 0.650854s (after computation of next merge)
[t=0.70707s, 54312 KB] M&S algorithm main loop timer: 0.665709s (after merging)

[t=0.707532s, 54312 KB] Operator mutex starting iteration 13
[t=0.708663s, 54312 KB] In ts_13_1 of size 2 found num new op-mutexes 0
[t=0.709874s, 54312 KB] In ts_13_10 of size 2 found num new op-mutexes 0
[t=0.711949s, 54312 KB] In ts_13_11 of size 4 found num new op-mutexes 0
[t=0.713053s, 54312 KB] In ts_13_16 of size 2 found num new op-mutexes 0
[t=0.716913s, 54312 KB] In ts_13_18 of size 7 found num new op-mutexes 0
[t=0.718344s, 54312 KB] In ts_13_19 of size 3 found num new op-mutexes 0
[t=0.719433s, 54312 KB] In ts_13_20 of size 2 found num new op-mutexes 0
[t=0.72183s, 54312 KB] In ts_13_21 of size 7 found num new op-mutexes 0
[t=0.724179s, 54312 KB] In ts_13_22 of size 7 found num new op-mutexes 0
[t=0.725297s, 54312 KB] In ts_13_23 of size 2 found num new op-mutexes 0
[t=0.728986s, 54312 KB] In ts_13_24 of size 14 found num new op-mutexes 0
[t=0.732724s, 54312 KB] In ts_13_25 of size 14 found num new op-mutexes 0
[t=0.735017s, 54312 KB] In ts_13_31 of size 10 found num new op-mutexes 0
[t=0.737273s, 54312 KB] In ts_13_32 of size 10 found num new op-mutexes 0
[t=0.739412s, 54312 KB] In ts_13_33 of size 10 found num new op-mutexes 0
[t=0.740017s, 54312 KB] Operator mutex finished iteration 13. Found an additional 0 operator mutexes

[t=0.740877s, 54312 KB] Next pair of indices: (11, 43)
[t=0.740909s, 54312 KB] M&S algorithm main loop timer: 0.699517s (after computation of next merge)
[t=0.821593s, 54312 KB] M&S algorithm main loop timer: 0.780256s (after merging)

[t=0.823352s, 54312 KB] Operator mutex starting iteration 14
[t=0.824351s, 54312 KB] In ts_14_1 of size 2 found num new op-mutexes 0
[t=0.825469s, 54312 KB] In ts_14_10 of size 2 found num new op-mutexes 0
[t=0.826475s, 54312 KB] In ts_14_16 of size 2 found num new op-mutexes 0
[t=0.830254s, 54312 KB] In ts_14_18 of size 7 found num new op-mutexes 0
[t=0.831643s, 54312 KB] In ts_14_19 of size 3 found num new op-mutexes 0
[t=0.832668s, 54312 KB] In ts_14_20 of size 2 found num new op-mutexes 0
[t=0.834947s, 54312 KB] In ts_14_21 of size 7 found num new op-mutexes 0
[t=0.837236s, 54312 KB] In ts_14_22 of size 7 found num new op-mutexes 0
[t=0.838256s, 54312 KB] In ts_14_23 of size 2 found num new op-mutexes 0
[t=0.84186s, 54312 KB] In ts_14_24 of size 14 found num new op-mutexes 0
[t=0.845497s, 54312 KB] In ts_14_25 of size 14 found num new op-mutexes 0
[t=0.847664s, 54312 KB] In ts_14_31 of size 10 found num new op-mutexes 0
[t=0.84982s, 54312 KB] In ts_14_32 of size 10 found num new op-mutexes 0
[t=0.85188s, 54312 KB] In ts_14_33 of size 10 found num new op-mutexes 0
[t=0.85415s, 54312 KB] Operator mutex finished iteration 14. Found an additional 0 operator mutexes

[t=0.855576s, 54312 KB] Next pair of indices: (1, 44)
[t=0.855607s, 54312 KB] M&S algorithm main loop timer: 0.814215s (after computation of next merge)
[t=1.00949s, 54680 KB] M&S algorithm main loop timer: 0.968166s (after shrinking)
[t=1.09239s, 55116 KB] M&S algorithm main loop timer: 1.05105s (after merging)

[t=1.09485s, 55116 KB] Operator mutex starting iteration 15
[t=1.09593s, 55116 KB] In ts_15_10 of size 2 found num new op-mutexes 0
[t=1.09694s, 55116 KB] In ts_15_16 of size 2 found num new op-mutexes 0
[t=1.10079s, 55116 KB] In ts_15_18 of size 7 found num new op-mutexes 0
[t=1.1022s, 55116 KB] In ts_15_19 of size 3 found num new op-mutexes 0
[t=1.1032s, 55116 KB] In ts_15_20 of size 2 found num new op-mutexes 0
[t=1.10557s, 55116 KB] In ts_15_21 of size 7 found num new op-mutexes 0
[t=1.10794s, 55116 KB] In ts_15_22 of size 7 found num new op-mutexes 0
[t=1.10899s, 55116 KB] In ts_15_23 of size 2 found num new op-mutexes 0
[t=1.11264s, 55116 KB] In ts_15_24 of size 14 found num new op-mutexes 0
[t=1.11631s, 55116 KB] In ts_15_25 of size 14 found num new op-mutexes 0
[t=1.11853s, 55116 KB] In ts_15_31 of size 10 found num new op-mutexes 0
[t=1.12073s, 55116 KB] In ts_15_32 of size 10 found num new op-mutexes 0
[t=1.12276s, 55116 KB] In ts_15_33 of size 10 found num new op-mutexes 0
[t=1.12595s, 56660 KB] Operator mutex finished iteration 15. Found an additional 0 operator mutexes

[t=1.12782s, 56660 KB] Next pair of indices: (10, 45)
[t=1.12787s, 56660 KB] M&S algorithm main loop timer: 1.08648s (after computation of next merge)
[t=1.27053s, 60488 KB] M&S algorithm main loop timer: 1.22918s (after shrinking)
[t=1.32725s, 60488 KB] M&S algorithm main loop timer: 1.28591s (after merging)

[t=1.32892s, 60488 KB] Operator mutex starting iteration 16
[t=1.3299s, 60488 KB] In ts_16_16 of size 2 found num new op-mutexes 0
[t=1.33369s, 60488 KB] In ts_16_18 of size 7 found num new op-mutexes 0
[t=1.33503s, 60488 KB] In ts_16_19 of size 3 found num new op-mutexes 0
[t=1.33604s, 60488 KB] In ts_16_20 of size 2 found num new op-mutexes 0
[t=1.3383s, 60488 KB] In ts_16_21 of size 7 found num new op-mutexes 0
[t=1.34057s, 60488 KB] In ts_16_22 of size 7 found num new op-mutexes 0
[t=1.34159s, 60488 KB] In ts_16_23 of size 2 found num new op-mutexes 0
[t=1.34518s, 60488 KB] In ts_16_24 of size 14 found num new op-mutexes 0
[t=1.34881s, 60488 KB] In ts_16_25 of size 14 found num new op-mutexes 0
[t=1.35103s, 60488 KB] In ts_16_31 of size 10 found num new op-mutexes 0
[t=1.3532s, 60488 KB] In ts_16_32 of size 10 found num new op-mutexes 0
[t=1.35523s, 60488 KB] In ts_16_33 of size 10 found num new op-mutexes 0
[t=1.35699s, 60488 KB] Operator mutex finished iteration 16. Found an additional 0 operator mutexes

[t=1.35839s, 60488 KB] Next pair of indices: (16, 46)
[t=1.35842s, 60488 KB] M&S algorithm main loop timer: 1.31703s (after computation of next merge)
[t=1.61388s, 60488 KB] M&S algorithm main loop timer: 1.57252s (after shrinking)
[t=1.73123s, 60488 KB] M&S algorithm main loop timer: 1.68989s (after merging)

[t=1.73399s, 60488 KB] Operator mutex starting iteration 17
[t=1.7377s, 60488 KB] In ts_17_18 of size 7 found num new op-mutexes 0
[t=1.73907s, 60488 KB] In ts_17_19 of size 3 found num new op-mutexes 0
[t=1.74009s, 60488 KB] In ts_17_20 of size 2 found num new op-mutexes 0
[t=1.74236s, 60488 KB] In ts_17_21 of size 7 found num new op-mutexes 0
[t=1.74462s, 60488 KB] In ts_17_22 of size 7 found num new op-mutexes 0
[t=1.74562s, 60488 KB] In ts_17_23 of size 2 found num new op-mutexes 0
[t=1.74921s, 60488 KB] In ts_17_24 of size 14 found num new op-mutexes 0
[t=1.75282s, 60488 KB] In ts_17_25 of size 14 found num new op-mutexes 0
[t=1.75502s, 60488 KB] In ts_17_31 of size 10 found num new op-mutexes 0
[t=1.75715s, 60488 KB] In ts_17_32 of size 10 found num new op-mutexes 0
[t=1.75918s, 60488 KB] In ts_17_33 of size 10 found num new op-mutexes 0
[t=1.76315s, 60488 KB] Operator mutex finished iteration 17. Found an additional 0 operator mutexes

[t=1.76519s, 60488 KB] Next pair of indices: (18, 47)
[t=1.76523s, 60488 KB] M&S algorithm main loop timer: 1.72383s (after computation of next merge)
[t=1.92608s, 66388 KB] M&S algorithm main loop timer: 1.8851s (after shrinking)
[t=1.95826s, 66388 KB] M&S algorithm main loop timer: 1.9169s (after merging)
[t=1.96823s, 66388 KB] M&S algorithm main loop timer: 1.92687s (after pruning)

[t=1.96829s, 66388 KB] Operator mutex starting iteration 18
[t=1.96965s, 66388 KB] In ts_18_19 of size 3 found num new op-mutexes 0
[t=1.97072s, 66388 KB] In ts_18_20 of size 2 found num new op-mutexes 0
[t=1.97313s, 66388 KB] In ts_18_21 of size 7 found num new op-mutexes 0
[t=1.97549s, 66388 KB] In ts_18_22 of size 7 found num new op-mutexes 0
[t=1.97652s, 66388 KB] In ts_18_23 of size 2 found num new op-mutexes 0
[t=1.98016s, 66388 KB] In ts_18_24 of size 14 found num new op-mutexes 0
[t=1.98416s, 66388 KB] In ts_18_25 of size 14 found num new op-mutexes 0
[t=1.98642s, 66388 KB] In ts_18_31 of size 10 found num new op-mutexes 0
[t=1.98861s, 66388 KB] In ts_18_32 of size 10 found num new op-mutexes 0
[t=1.99075s, 66388 KB] In ts_18_33 of size 10 found num new op-mutexes 0
[t=1.99185s, 66388 KB] Operator mutex finished iteration 18. Found an additional 0 operator mutexes

[t=1.99276s, 66388 KB] Next pair of indices: (19, 48)
[t=1.99279s, 66388 KB] M&S algorithm main loop timer: 1.95139s (after computation of next merge)
[t=2.04548s, 66388 KB] M&S algorithm main loop timer: 2.00413s (after shrinking)
[t=2.09755s, 66388 KB] M&S algorithm main loop timer: 2.05621s (after merging)
[t=2.11308s, 66388 KB] M&S algorithm main loop timer: 2.07172s (after pruning)

[t=2.11315s, 66388 KB] Operator mutex starting iteration 19
[t=2.11413s, 66388 KB] In ts_19_20 of size 2 found num new op-mutexes 0
[t=2.11649s, 66388 KB] In ts_19_21 of size 7 found num new op-mutexes 0
[t=2.11891s, 66388 KB] In ts_19_22 of size 7 found num new op-mutexes 0
[t=2.11995s, 66388 KB] In ts_19_23 of size 2 found num new op-mutexes 0
[t=2.12358s, 66388 KB] In ts_19_24 of size 14 found num new op-mutexes 0
[t=2.12726s, 66388 KB] In ts_19_25 of size 14 found num new op-mutexes 0
[t=2.12955s, 66388 KB] In ts_19_31 of size 10 found num new op-mutexes 0
[t=2.13176s, 66388 KB] In ts_19_32 of size 10 found num new op-mutexes 0
[t=2.13382s, 66388 KB] In ts_19_33 of size 10 found num new op-mutexes 0
[t=2.13518s, 66388 KB] Operator mutex finished iteration 19. Found an additional 0 operator mutexes

[t=2.1363s, 66388 KB] Next pair of indices: (20, 49)
[t=2.13633s, 66388 KB] M&S algorithm main loop timer: 2.09494s (after computation of next merge)
[t=2.26683s, 66388 KB] M&S algorithm main loop timer: 2.2255s (after shrinking)
[t=2.32072s, 66388 KB] M&S algorithm main loop timer: 2.27939s (after merging)

[t=2.3228s, 66388 KB] Operator mutex starting iteration 20
[t=2.32512s, 66388 KB] In ts_20_21 of size 7 found num new op-mutexes 0
[t=2.32745s, 66388 KB] In ts_20_22 of size 7 found num new op-mutexes 0
[t=2.32849s, 66388 KB] In ts_20_23 of size 2 found num new op-mutexes 0
[t=2.3321s, 66388 KB] In ts_20_24 of size 14 found num new op-mutexes 0
[t=2.33582s, 66388 KB] In ts_20_25 of size 14 found num new op-mutexes 0
[t=2.33812s, 66388 KB] In ts_20_31 of size 10 found num new op-mutexes 0
[t=2.34029s, 66388 KB] In ts_20_32 of size 10 found num new op-mutexes 0
[t=2.34235s, 66388 KB] In ts_20_33 of size 10 found num new op-mutexes 0
[t=2.34392s, 66388 KB] Operator mutex finished iteration 20. Found an additional 0 operator mutexes

[t=2.3452s, 66388 KB] Next pair of indices: (21, 50)
[t=2.34524s, 66388 KB] M&S algorithm main loop timer: 2.30387s (after computation of next merge)
[t=2.41194s, 66388 KB] M&S algorithm main loop timer: 2.37084s (after shrinking)
[t=2.41284s, 66388 KB] M&S algorithm main loop timer: 2.37145s (after merging)

[t=2.41289s, 66388 KB] Operator mutex starting iteration 21
[t=2.41518s, 66388 KB] In ts_21_22 of size 7 found num new op-mutexes 0
[t=2.41618s, 66388 KB] In ts_21_23 of size 2 found num new op-mutexes 0
[t=2.4198s, 66388 KB] In ts_21_24 of size 14 found num new op-mutexes 0
[t=2.4234s, 66388 KB] In ts_21_25 of size 14 found num new op-mutexes 0
[t=2.42559s, 66388 KB] In ts_21_31 of size 10 found num new op-mutexes 0
[t=2.4277s, 66388 KB] In ts_21_32 of size 10 found num new op-mutexes 0
[t=2.42974s, 66388 KB] In ts_21_33 of size 10 found num new op-mutexes 0
[t=2.43411s, 66388 KB] In ts_21_51 of size 42 found num new op-mutexes 0
[t=2.43423s, 66388 KB] Operator mutex finished iteration 21. Found an additional 0 operator mutexes

[t=2.4346s, 66388 KB] Next pair of indices: (22, 51)
[t=2.43462s, 66388 KB] M&S algorithm main loop timer: 2.39323s (after computation of next merge)
[t=2.43474s, 66388 KB] M&S algorithm main loop timer: 2.39335s (after shrinking)
[t=2.43552s, 66388 KB] M&S algorithm main loop timer: 2.39414s (after merging)

[t=2.43558s, 66388 KB] Operator mutex starting iteration 22
[t=2.43651s, 66388 KB] In ts_22_23 of size 2 found num new op-mutexes 0
[t=2.44038s, 66388 KB] In ts_22_24 of size 14 found num new op-mutexes 0
[t=2.44396s, 66388 KB] In ts_22_25 of size 14 found num new op-mutexes 0
[t=2.44609s, 66388 KB] In ts_22_31 of size 10 found num new op-mutexes 0
[t=2.44822s, 66388 KB] In ts_22_32 of size 10 found num new op-mutexes 0
[t=2.45023s, 66388 KB] In ts_22_33 of size 10 found num new op-mutexes 0
[t=2.45829s, 66388 KB] In ts_22_52 of size 287 found num new op-mutexes 0
[t=2.45843s, 66388 KB] Operator mutex finished iteration 22. Found an additional 0 operator mutexes

[t=2.45876s, 66388 KB] Next pair of indices: (23, 52)
[t=2.45878s, 66388 KB] M&S algorithm main loop timer: 2.41739s (after computation of next merge)
[t=2.4597s, 66388 KB] M&S algorithm main loop timer: 2.41833s (after shrinking)
[t=2.46075s, 66388 KB] M&S algorithm main loop timer: 2.41939s (after merging)
[t=2.46097s, 66388 KB] M&S algorithm main loop timer: 2.41959s (after pruning)

[t=2.46101s, 66388 KB] Operator mutex starting iteration 23
[t=2.46449s, 66388 KB] In ts_23_24 of size 14 found num new op-mutexes 0
[t=2.46807s, 66388 KB] In ts_23_25 of size 14 found num new op-mutexes 0
[t=2.47024s, 66388 KB] In ts_23_31 of size 10 found num new op-mutexes 0
[t=2.47235s, 66388 KB] In ts_23_32 of size 10 found num new op-mutexes 0
[t=2.47437s, 66388 KB] In ts_23_33 of size 10 found num new op-mutexes 0
[t=2.48451s, 66388 KB] In ts_23_53 of size 511 found num new op-mutexes 0
[t=2.48467s, 66388 KB] Operator mutex finished iteration 23. Found an additional 0 operator mutexes

[t=2.485s, 66388 KB] Next pair of indices: (24, 53)
[t=2.48502s, 66388 KB] M&S algorithm main loop timer: 2.44363s (after computation of next merge)
[t=2.48693s, 66388 KB] M&S algorithm main loop timer: 2.44557s (after shrinking)
[t=2.49593s, 66388 KB] M&S algorithm main loop timer: 2.45457s (after merging)

[t=2.49631s, 66388 KB] Operator mutex starting iteration 24
[t=2.49993s, 66388 KB] In ts_24_25 of size 14 found num new op-mutexes 0
[t=2.50215s, 66388 KB] In ts_24_31 of size 10 found num new op-mutexes 0
[t=2.50428s, 66388 KB] In ts_24_32 of size 10 found num new op-mutexes 0
[t=2.50631s, 66388 KB] In ts_24_33 of size 10 found num new op-mutexes 0
[t=2.50697s, 66388 KB] Operator mutex finished iteration 24. Found an additional 0 operator mutexes

[t=2.50729s, 66388 KB] Next pair of indices: (25, 54)
[t=2.50732s, 66388 KB] M&S algorithm main loop timer: 2.46594s (after computation of next merge)
[t=2.52285s, 66388 KB] M&S algorithm main loop timer: 2.48156s (after shrinking)
[t=2.67313s, 66388 KB] M&S algorithm main loop timer: 2.63182s (after merging)

[t=2.67585s, 66388 KB] Operator mutex starting iteration 25
[t=2.6781s, 66388 KB] In ts_25_31 of size 10 found num new op-mutexes 0
[t=2.68033s, 66388 KB] In ts_25_32 of size 10 found num new op-mutexes 0
[t=2.68244s, 66388 KB] In ts_25_33 of size 10 found num new op-mutexes 0
[t=2.687s, 66388 KB] Operator mutex finished iteration 25. Found an additional 0 operator mutexes

[t=2.68925s, 66388 KB] Next pair of indices: (33, 55)
[t=2.6893s, 66388 KB] M&S algorithm main loop timer: 2.6479s (after computation of next merge)
[t=2.86127s, 66584 KB] M&S algorithm main loop timer: 2.82033s (after shrinking)
[t=2.86237s, 66584 KB] M&S algorithm main loop timer: 2.82099s (after merging)

[t=2.86241s, 66584 KB] Operator mutex starting iteration 26
[t=2.86458s, 66584 KB] In ts_26_31 of size 10 found num new op-mutexes 0
[t=2.86671s, 66584 KB] In ts_26_32 of size 10 found num new op-mutexes 0
[t=2.87169s, 66584 KB] In ts_26_56 of size 48 found num new op-mutexes 0
[t=2.87182s, 66584 KB] Operator mutex finished iteration 26. Found an additional 0 operator mutexes

[t=2.87195s, 66584 KB] Next pair of indices: (32, 56)
[t=2.87197s, 66584 KB] M&S algorithm main loop timer: 2.83059s (after computation of next merge)
[t=2.87212s, 66584 KB] M&S algorithm main loop timer: 2.83073s (after shrinking)
[t=2.87305s, 66584 KB] M&S algorithm main loop timer: 2.83168s (after merging)

[t=2.87313s, 66584 KB] Operator mutex starting iteration 27
[t=2.87519s, 66584 KB] In ts_27_31 of size 10 found num new op-mutexes 0
[t=2.88488s, 66584 KB] In ts_27_57 of size 384 found num new op-mutexes 0
[t=2.88503s, 66584 KB] Operator mutex finished iteration 27. Found an additional 0 operator mutexes

[t=2.88507s, 66584 KB] Next pair of indices: (31, 57)
[t=2.88511s, 66584 KB] M&S algorithm main loop timer: 2.84372s (after computation of next merge)
[t=2.88605s, 66584 KB] M&S algorithm main loop timer: 2.84467s (after shrinking)
[t=2.89096s, 66584 KB] M&S algorithm main loop timer: 2.84959s (after merging)
[t=2.89256s, 66584 KB] M&S algorithm main loop timer: 2.85119s (after pruning)

[t=2.89262s, 66584 KB] Operator mutex starting iteration 28
[t=2.92148s, 66584 KB] In ts_28_58 of size 2880 found num new op-mutexes 0
[t=2.92167s, 66584 KB] Operator mutex finished iteration 28. Found an additional 0 operator mutexes

[t=2.9217s, 66584 KB] End of merge-and-shrink algorithm, statistics:
[t=2.92173s, 66584 KB] Main loop runtime: 2.88034s
[t=2.92176s, 66584 KB] Maximum intermediate abstraction size: 47664
[t=2.92178s, 66584 KB] Final peak memory increase of merge-and-shrink algorithm: 42160 KB
[t=2.92181s, 66584 KB] Merge-and-shrink algorithm runtime: 2.89736s

[t=2.92183s, 66584 KB] Number of labels: 5369
[t=2.92185s, 66584 KB] Total number of operator mutexes: 12999
[t=2.92187s, 66584 KB] Operator Mutex total time: 0.972235s
[t=2.92207s, 66584 KB] Number of remaining factors: 1
[t=2.92211s, 66584 KB] Number of factors kept: 1
[t=2.92213s, 66584 KB] Done initializing merge-and-shrink heuristic.

[t=2.92276s, 66584 KB] Building successor generator...done!
[t=2.9249s, 66584 KB] peak memory difference for successor generator creation: 0 KB
[t=2.92492s, 66584 KB] time for successor generation creation: 0.00204602s
[t=2.92498s, 66584 KB] Variables: 30
[t=2.925s, 66584 KB] FactPairs: 125
[t=2.92502s, 66584 KB] Bytes per state: 8
[t=2.92515s, 66584 KB] Conducting best first search with reopening closed nodes, (real) bound = 2147483647
[t=2.92521s, 66584 KB] New best heuristic value for merge_and_shrink(op_mutex = op_mutex(use_previous_ops = nelutpo, reachability_strategy = goal)): 6
[t=2.92523s, 66584 KB] g=0, 1 evaluated, 0 expanded
[t=2.92525s, 66584 KB] f = 6, 1 evaluated, 0 expanded
[t=2.92528s, 66584 KB] Initial heuristic value for merge_and_shrink(op_mutex = op_mutex(use_previous_ops = nelutpo, reachability_strategy = goal)): 6
[t=2.9253s, 66584 KB] pruning method: none
[t=2.92534s, 66584 KB] New best heuristic value for merge_and_shrink(op_mutex = op_mutex(use_previous_ops = nelutpo, reachability_strategy = goal)): 5
[t=2.92536s, 66584 KB] g=1, 2 evaluated, 1 expanded
[t=2.92548s, 66584 KB] f = 7, 44 evaluated, 3 expanded
[t=2.92555s, 66584 KB] New best heuristic value for merge_and_shrink(op_mutex = op_mutex(use_previous_ops = nelutpo, reachability_strategy = goal)): 4
[t=2.92557s, 66584 KB] g=3, 63 evaluated, 5 expanded
[t=2.92621s, 66584 KB] f = 8, 361 evaluated, 37 expanded
[t=2.92637s, 66584 KB] New best heuristic value for merge_and_shrink(op_mutex = op_mutex(use_previous_ops = nelutpo, reachability_strategy = goal)): 3
[t=2.9264s, 66584 KB] g=5, 410 evaluated, 45 expanded
[t=2.92978s, 66584 KB] f = 9, 1932 evaluated, 283 expanded
[t=2.94299s, 66584 KB] f = 10, 7271 evaluated, 1400 expanded
[t=2.94305s, 66584 KB] New best heuristic value for merge_and_shrink(op_mutex = op_mutex(use_previous_ops = nelutpo, reachability_strategy = goal)): 2
[t=2.94308s, 66584 KB] g=8, 7272 evaluated, 1401 expanded
[t=2.98671s, 66584 KB] f = 11, 23211 evaluated, 5345 expanded
[t=3.11605s, 66584 KB] f = 12, 65810 evaluated, 17210 expanded
[t=3.1221s, 66584 KB] New best heuristic value for merge_and_shrink(op_mutex = op_mutex(use_previous_ops = nelutpo, reachability_strategy = goal)): 1
[t=3.12214s, 66584 KB] g=11, 67965 evaluated, 17896 expanded
[t=3.44864s, 66584 KB] f = 13, 159838 evaluated, 49573 expanded
[t=4.11708s, 66584 KB] f = 14, 307665 evaluated, 122324 expanded
[t=4.11714s, 66584 KB] New best heuristic value for merge_and_shrink(op_mutex = op_mutex(use_previous_ops = nelutpo, reachability_strategy = goal)): 0
[t=4.11717s, 66584 KB] g=14, 307666 evaluated, 122325 expanded
[t=4.11719s, 66584 KB] Solution found!
[t=4.11722s, 66584 KB] Actual search time: 1.19192s
sendtohome-b ha h n1 h0 n0 n1 n2 (1)
sendtohome-b h2 h n2 ha n1 n2 n3 (1)
sendtofree s3 s2 n4 n3 (1)
sendtohome-b da d n1 d0 n0 n3 n4 (1)
sendtohome-b d2 d n2 da n1 n4 n5 (1)
sendtohome d3 c2 d n3 d2 n2 (1)
sendtofree c2 ca n3 n2 (1)
sendtohome ca sa c n1 c0 n0 (1)
homefromfreecell c2 c n2 ca n1 n2 n3 (1)
sendtohome c3 h3 c n3 c2 n2 (1)
sendtohome-b h3 h n3 h2 n2 n5 n6 (1)
sendtohome-b sa s n1 s0 n0 n6 n7 (1)
sendtohome-b s2 s n2 sa n1 n7 n8 (1)
homefromfreecell s3 s n3 s2 n2 n3 n4 (1)
[t=4.11724s, 66584 KB] Plan length: 14 step(s).
[t=4.11724s, 66584 KB] Plan cost: 14
[t=4.11724s, 66584 KB] Expanded 122326 state(s).
[t=4.11724s, 66584 KB] Reopened 0 state(s).
[t=4.11724s, 66584 KB] Evaluated 307666 state(s).
[t=4.11724s, 66584 KB] Evaluations: 307666
[t=4.11724s, 66584 KB] Generated 2107451 state(s).
[t=4.11724s, 66584 KB] Dead ends: 0 state(s).
[t=4.11724s, 66584 KB] Expanded until last jump: 122324 state(s).
[t=4.11724s, 66584 KB] Reopened until last jump: 0 state(s).
[t=4.11724s, 66584 KB] Evaluated until last jump: 307665 state(s).
[t=4.11724s, 66584 KB] Generated until last jump: 2107449 state(s).
[t=4.11724s, 66584 KB] Number of registered states: 307666
[t=4.11724s, 66584 KB] Int hash set load factor: 307666/524288 = 0.586826
[t=4.11724s, 66584 KB] Int hash set resizes: 19
[t=4.11724s, 66584 KB] Search time: 1.19209s
[t=4.11724s, 66584 KB] Total time: 4.11724s
Solution found.
Peak memory: 66584 KB
Remove intermediate file output.sas
search exit code: 0

INFO     Running validate.
INFO     validate stdin: None
INFO     validate time limit: None
INFO     validate memory limit: None
INFO     validate command line string: validate domain.pddl problem.pddl sas_plan
Checking plan: sas_plan
Plan executed successfully - checking goal
Plan valid
Final value: 14 

Successful plans:
Value: 14
 sas_plan 14 

validate exit code: 0

