INFO     Running translator.
INFO     translator stdin: None
INFO     translator time limit: 599.96s
INFO     translator memory limit: 7000 MB
INFO     translator command line string: /usr/bin/python3 /user/student.aau.dk/lkar18/downward-projects/downward/experiments/nopo_vs_nasutpo_195p/data/nopo_vs_nasutpo/code-94571df14dfaf5b06207d9589b12facdd93f580c_e5e41175/builds/release/bin/translate/translate.py domain.pddl problem.pddl --sas-file output.sas
Parsing...
Parsing: [0.000s CPU, 0.002s wall-clock]
Normalizing task... [0.000s CPU, 0.000s wall-clock]
Instantiating...
Generating Datalog program... [0.000s CPU, 0.000s wall-clock]
Normalizing Datalog program...
Normalizing Datalog program: [0.010s CPU, 0.003s wall-clock]
Preparing model... [0.000s CPU, 0.001s wall-clock]
Generated 45 rules.
Computing model... [0.000s CPU, 0.002s wall-clock]
71 relevant atoms
111 auxiliary atoms
182 final queue length
189 total queue pushes
Completing instantiation... [0.000s CPU, 0.001s wall-clock]
Instantiating: [0.010s CPU, 0.006s wall-clock]
Computing fact groups...
Finding invariants...
18 initial candidates
Finding invariants: [0.000s CPU, 0.005s wall-clock]
Checking invariant weight... [0.000s CPU, 0.000s wall-clock]
Instantiating groups... [0.010s CPU, 0.000s wall-clock]
Collecting mutex groups... [0.000s CPU, 0.000s wall-clock]
Choosing groups...
0 uncovered facts
Choosing groups: [0.000s CPU, 0.000s wall-clock]
Building translation key... [0.000s CPU, 0.000s wall-clock]
Computing fact groups: [0.010s CPU, 0.005s wall-clock]
Building STRIPS to SAS dictionary... [0.000s CPU, 0.000s wall-clock]
Building dictionary for full mutex groups... [0.000s CPU, 0.000s wall-clock]
Building mutex information...
Building mutex information: [0.000s CPU, 0.000s wall-clock]
Translating task...
Processing axioms...
Simplifying axioms... [0.000s CPU, 0.000s wall-clock]
Translator axioms removed by simplifying: 0
Computing negative axioms... [0.000s CPU, 0.000s wall-clock]
Processing axioms: [0.000s CPU, 0.000s wall-clock]
Translating task: [0.000s CPU, 0.001s wall-clock]
0 effect conditions simplified
0 implied preconditions added
Detecting unreachable propositions...
0 operators removed
0 axioms removed
13 propositions removed
Detecting unreachable propositions: [0.000s CPU, 0.000s wall-clock]
Reordering and filtering variables...
13 of 13 variables necessary.
0 of 13 mutex groups necessary.
11 of 11 operators necessary.
0 of 0 axiom rules necessary.
Reordering and filtering variables: [0.000s CPU, 0.000s wall-clock]
Translator variables: 13
Translator derived variables: 0
Translator facts: 26
Translator goal facts: 3
Translator mutex groups: 0
Translator total mutex groups size: 0
Translator operators: 11
Translator axioms: 0
Translator task size: 102
Translator peak memory: 42012 KB
Writing output... [0.000s CPU, 0.000s wall-clock]
Done! [0.020s CPU, 0.016s wall-clock]
translate exit code: 0

INFO     Running search (release).
INFO     search stdin: output.sas
INFO     search time limit: 599.89s
INFO     search memory limit: 7000 MB
INFO     search command line string: /user/student.aau.dk/lkar18/downward-projects/downward/experiments/nopo_vs_nasutpo_195p/data/nopo_vs_nasutpo/code-94571df14dfaf5b06207d9589b12facdd93f580c_e5e41175/builds/release/bin/downward --search 'astar(merge_and_shrink(op_mutex=op_mutex(use_previous_ops=NaSUTPO, reachability_strategy=goal), merge_strategy=merge_precomputed(linear()), shrink_strategy=shrink_bisimulation(greedy=false, at_limit=RETURN)))' --internal-plan-file sas_plan < output.sas
[t=3.5411e-05s, 22344 KB] reading input...
[t=0.0002227s, 22344 KB] done reading input!
[t=0.00158366s, 22600 KB] Initializing merge-and-shrink heuristic...
[t=0.00165219s, 22600 KB] Running merge-and-shrink algorithm...
[t=0.00167264s, 22600 KB] Merge strategy options:
[t=0.00169432s, 22600 KB] Type: precomputed
[t=0.00171574s, 22600 KB] Merge tree options: 
[t=0.00173628s, 22600 KB] Type: linear
[t=0.00175686s, 22600 KB] Update option: use random
[t=0.00177742s, 22600 KB] Variable order type: CG/GOAL, tie breaking on level (main)

[t=0.00179997s, 22600 KB] Options related to size limits and shrinking: 
[t=0.00182063s, 22600 KB] Transition system size limit: 50000
[t=0.00184099s, 22600 KB] Transition system size limit right before merge: 50000
[t=0.0018612s, 22600 KB] Threshold to trigger shrinking right before merge: 1

[t=0.00188353s, 22600 KB] Pruning unreachable states: yes
[t=0.00190416s, 22600 KB] Pruning irrelevant states: yes

[t=0.00192596s, 22600 KB] Label reduction disabled

[t=0.00194838s, 22600 KB] Main loop max time in seconds: inf

[t=0.00197265s, 22600 KB] ===============================================================================
[t=0.00201875s, 22600 KB] WARNING! You did not enable label reduction.
This may drastically reduce the performance of merge-and-shrink!
[t=0.00204448s, 22600 KB] ===============================================================================

[t=0.00206938s, 22600 KB] Building atomic transition systems... 
[t=0.0021551s, 22600 KB] M&S algorithm timer: 0.000528399s (after computation of atomic factors)

[t=0.00219447s, 22600 KB] Starting main loop without a time limit.
[t=0.00223274s, 22600 KB] building causal graph...done! [t=7.4242e-05s]
[t=0.00232436s, 22600 KB] Next pair of indices: (12, 11)
[t=0.00236372s, 22600 KB] M&S algorithm main loop timer: 0.000208397s (after computation of next merge)
[t=0.00242743s, 22600 KB] M&S algorithm main loop timer: 0.000264708s (after merging)

[t=0.00246851s, 22600 KB] Operator mutex starting iteration 0


[t=0.00253357s, 22600 KB] In ts_0_0 of size 2 found num new op-mutexes 0


[t=0.00259336s, 22600 KB] In ts_0_1 of size 2 found num new op-mutexes 1


[t=0.00264854s, 22600 KB] In ts_0_2 of size 2 found num new op-mutexes 0


[t=0.00270077s, 22600 KB] In ts_0_3 of size 2 found num new op-mutexes 0


[t=0.00275428s, 22600 KB] In ts_0_4 of size 2 found num new op-mutexes 1


[t=0.00280689s, 22600 KB] In ts_0_5 of size 2 found num new op-mutexes 1


[t=0.0028588s, 22600 KB] In ts_0_6 of size 2 found num new op-mutexes 0


[t=0.00290937s, 22600 KB] In ts_0_7 of size 2 found num new op-mutexes 0


[t=0.00296018s, 22600 KB] In ts_0_8 of size 2 found num new op-mutexes 1


[t=0.00301131s, 22600 KB] In ts_0_9 of size 2 found num new op-mutexes 1


[t=0.00306233s, 22600 KB] In ts_0_10 of size 2 found num new op-mutexes 0


[t=0.00313002s, 22600 KB] In ts_0_13 of size 4 found num new op-mutexes 1
[t=0.00316466s, 22600 KB] Operator mutex finished iteration 0. Found an additional 6 operator mutexes

[t=0.00319979s, 22600 KB] Next pair of indices: (13, 10)
[t=0.00323108s, 22600 KB] M&S algorithm main loop timer: 0.00106453s (after computation of next merge)
[t=0.0032827s, 22600 KB] M&S algorithm main loop timer: 0.00111963s (after merging)

[t=0.00332365s, 22600 KB] Operator mutex starting iteration 1


[t=0.00337813s, 22600 KB] In ts_1_0 of size 2 found num new op-mutexes 0


[t=0.00343204s, 22600 KB] In ts_1_1 of size 2 found num new op-mutexes 0


[t=0.00348561s, 22600 KB] In ts_1_2 of size 2 found num new op-mutexes 0


[t=0.00353664s, 22600 KB] In ts_1_3 of size 2 found num new op-mutexes 0


[t=0.00358756s, 22600 KB] In ts_1_4 of size 2 found num new op-mutexes 0


[t=0.00363875s, 22600 KB] In ts_1_5 of size 2 found num new op-mutexes 0


[t=0.00368968s, 22600 KB] In ts_1_6 of size 2 found num new op-mutexes 0


[t=0.00373962s, 22600 KB] In ts_1_7 of size 2 found num new op-mutexes 0


[t=0.00378969s, 22600 KB] In ts_1_8 of size 2 found num new op-mutexes 0


[t=0.00384016s, 22600 KB] In ts_1_9 of size 2 found num new op-mutexes 0


[t=0.00391803s, 22600 KB] In ts_1_14 of size 8 found num new op-mutexes 0
[t=0.00395314s, 22600 KB] Operator mutex finished iteration 1. Found an additional 0 operator mutexes

[t=0.00398855s, 22600 KB] Next pair of indices: (14, 9)
[t=0.00401954s, 22600 KB] M&S algorithm main loop timer: 0.00185295s (after computation of next merge)
[t=0.00407463s, 22600 KB] M&S algorithm main loop timer: 0.0019182s (after merging)
[t=0.00412205s, 22600 KB] M&S algorithm main loop timer: 0.00195611s (after pruning)

[t=0.00417426s, 22600 KB] Operator mutex starting iteration 2


[t=0.0042237s, 22600 KB] In ts_2_0 of size 2 found num new op-mutexes 0


[t=0.00426922s, 22600 KB] In ts_2_1 of size 2 found num new op-mutexes 0


[t=0.00430816s, 22600 KB] In ts_2_2 of size 2 found num new op-mutexes 0


[t=0.00434439s, 22600 KB] In ts_2_3 of size 2 found num new op-mutexes 0


[t=0.00440473s, 22600 KB] In ts_2_4 of size 2 found num new op-mutexes 0


[t=0.00444352s, 22600 KB] In ts_2_5 of size 2 found num new op-mutexes 0


[t=0.00448057s, 22600 KB] In ts_2_6 of size 2 found num new op-mutexes 0


[t=0.00451635s, 22600 KB] In ts_2_7 of size 2 found num new op-mutexes 0


[t=0.00455176s, 22600 KB] In ts_2_8 of size 2 found num new op-mutexes 0


[t=0.00459609s, 22600 KB] In ts_2_15 of size 4 found num new op-mutexes 1
[t=0.00461994s, 22600 KB] Operator mutex finished iteration 2. Found an additional 1 operator mutexes

[t=0.00464456s, 22600 KB] Next pair of indices: (15, 0)
[t=0.00466591s, 22600 KB] M&S algorithm main loop timer: 0.00248998s (after computation of next merge)
[t=0.00470302s, 22600 KB] M&S algorithm main loop timer: 0.00252945s (after merging)

[t=0.00473147s, 22600 KB] Operator mutex starting iteration 3


[t=0.00476817s, 22600 KB] In ts_3_1 of size 2 found num new op-mutexes 0


[t=0.00481478s, 22600 KB] In ts_3_2 of size 2 found num new op-mutexes 0


[t=0.00485078s, 22600 KB] In ts_3_3 of size 2 found num new op-mutexes 0


[t=0.00488681s, 22600 KB] In ts_3_4 of size 2 found num new op-mutexes 0


[t=0.00492273s, 22600 KB] In ts_3_5 of size 2 found num new op-mutexes 0


[t=0.0049584s, 22600 KB] In ts_3_6 of size 2 found num new op-mutexes 0


[t=0.00499388s, 22600 KB] In ts_3_7 of size 2 found num new op-mutexes 0


[t=0.00502933s, 22600 KB] In ts_3_8 of size 2 found num new op-mutexes 0


[t=0.00508698s, 22600 KB] In ts_3_16 of size 8 found num new op-mutexes 0
[t=0.00511548s, 22600 KB] Operator mutex finished iteration 3. Found an additional 0 operator mutexes

[t=0.00514116s, 22600 KB] Next pair of indices: (16, 8)
[t=0.00516225s, 22600 KB] M&S algorithm main loop timer: 0.00298655s (after computation of next merge)
[t=0.00520138s, 22600 KB] M&S algorithm main loop timer: 0.00302777s (after merging)

[t=0.00522978s, 22600 KB] Operator mutex starting iteration 4


[t=0.005267s, 22600 KB] In ts_4_1 of size 2 found num new op-mutexes 0


[t=0.00530568s, 22600 KB] In ts_4_2 of size 2 found num new op-mutexes 0


[t=0.00534263s, 22600 KB] In ts_4_3 of size 2 found num new op-mutexes 0


[t=0.00537882s, 22600 KB] In ts_4_4 of size 2 found num new op-mutexes 0


[t=0.00541508s, 22600 KB] In ts_4_5 of size 2 found num new op-mutexes 0


[t=0.00545103s, 22600 KB] In ts_4_6 of size 2 found num new op-mutexes 0


[t=0.00548634s, 22600 KB] In ts_4_7 of size 2 found num new op-mutexes 0


[t=0.0055757s, 22600 KB] In ts_4_17 of size 16 found num new op-mutexes 0
[t=0.00560518s, 22600 KB] Operator mutex finished iteration 4. Found an additional 0 operator mutexes

[t=0.00562986s, 22600 KB] Next pair of indices: (17, 7)
[t=0.00565071s, 22600 KB] M&S algorithm main loop timer: 0.00347465s (after computation of next merge)
[t=0.00570187s, 22600 KB] M&S algorithm main loop timer: 0.00352912s (after merging)

[t=0.00573279s, 22600 KB] Operator mutex starting iteration 5


[t=0.00577066s, 22600 KB] In ts_5_1 of size 2 found num new op-mutexes 0


[t=0.00580883s, 22600 KB] In ts_5_2 of size 2 found num new op-mutexes 0


[t=0.00584542s, 22600 KB] In ts_5_3 of size 2 found num new op-mutexes 0


[t=0.00588218s, 22600 KB] In ts_5_4 of size 2 found num new op-mutexes 0


[t=0.00591893s, 22600 KB] In ts_5_5 of size 2 found num new op-mutexes 0


[t=0.00595518s, 22600 KB] In ts_5_6 of size 2 found num new op-mutexes 0


[t=0.00610619s, 22600 KB] In ts_5_18 of size 32 found num new op-mutexes 0
[t=0.00613609s, 22600 KB] Operator mutex finished iteration 5. Found an additional 0 operator mutexes

[t=0.00616143s, 22600 KB] Next pair of indices: (18, 6)
[t=0.00618247s, 22600 KB] M&S algorithm main loop timer: 0.00400648s (after computation of next merge)
[t=0.00626498s, 22600 KB] M&S algorithm main loop timer: 0.00409439s (after merging)

[t=0.00630064s, 22600 KB] Operator mutex starting iteration 6


[t=0.0063419s, 22600 KB] In ts_6_1 of size 2 found num new op-mutexes 0


[t=0.00638113s, 22600 KB] In ts_6_2 of size 2 found num new op-mutexes 0


[t=0.00641857s, 22600 KB] In ts_6_3 of size 2 found num new op-mutexes 0


[t=0.00645635s, 22600 KB] In ts_6_4 of size 2 found num new op-mutexes 0


[t=0.00649334s, 22600 KB] In ts_6_5 of size 2 found num new op-mutexes 0


[t=0.00689782s, 22600 KB] In ts_6_19 of size 64 found num new op-mutexes 0
[t=0.00693103s, 22600 KB] Operator mutex finished iteration 6. Found an additional 0 operator mutexes

[t=0.00695933s, 22600 KB] Next pair of indices: (19, 5)
[t=0.00698111s, 22600 KB] M&S algorithm main loop timer: 0.00480563s (after computation of next merge)
[t=0.00710053s, 22600 KB] M&S algorithm main loop timer: 0.00493061s (after merging)
[t=0.00713701s, 22600 KB] M&S algorithm main loop timer: 0.00496404s (after pruning)

[t=0.00716449s, 22600 KB] Operator mutex starting iteration 7


[t=0.00720355s, 22600 KB] In ts_7_1 of size 2 found num new op-mutexes 0


[t=0.00724436s, 22600 KB] In ts_7_2 of size 2 found num new op-mutexes 0


[t=0.00728235s, 22600 KB] In ts_7_3 of size 2 found num new op-mutexes 0


[t=0.0073196s, 22600 KB] In ts_7_4 of size 2 found num new op-mutexes 0


[t=0.00747408s, 22600 KB] In ts_7_20 of size 32 found num new op-mutexes 1
[t=0.00751201s, 22600 KB] Operator mutex finished iteration 7. Found an additional 1 operator mutexes

[t=0.00753698s, 22600 KB] Next pair of indices: (20, 4)
[t=0.00755807s, 22600 KB] M&S algorithm main loop timer: 0.00538259s (after computation of next merge)
[t=0.00763257s, 22600 KB] M&S algorithm main loop timer: 0.00546035s (after merging)

[t=0.0076659s, 22600 KB] Operator mutex starting iteration 8


[t=0.00770518s, 22600 KB] In ts_8_1 of size 2 found num new op-mutexes 0


[t=0.00774513s, 22600 KB] In ts_8_2 of size 2 found num new op-mutexes 0


[t=0.00778237s, 22600 KB] In ts_8_3 of size 2 found num new op-mutexes 0


[t=0.00808594s, 22600 KB] In ts_8_21 of size 64 found num new op-mutexes 0
[t=0.00811684s, 22600 KB] Operator mutex finished iteration 8. Found an additional 0 operator mutexes

[t=0.00814382s, 22600 KB] Next pair of indices: (21, 3)
[t=0.00816545s, 22600 KB] M&S algorithm main loop timer: 0.00599002s (after computation of next merge)
[t=0.00827551s, 22600 KB] M&S algorithm main loop timer: 0.00610455s (after merging)

[t=0.00831445s, 22600 KB] Operator mutex starting iteration 9


[t=0.00835552s, 22600 KB] In ts_9_1 of size 2 found num new op-mutexes 0


[t=0.0083962s, 22600 KB] In ts_9_2 of size 2 found num new op-mutexes 0


[t=0.0103383s, 22732 KB] In ts_9_22 of size 128 found num new op-mutexes 0
[t=0.0103779s, 22732 KB] Operator mutex finished iteration 9. Found an additional 0 operator mutexes

[t=0.0104063s, 22732 KB] Next pair of indices: (22, 2)
[t=0.0104289s, 22732 KB] M&S algorithm main loop timer: 0.00825361s (after computation of next merge)
[t=0.0106015s, 22732 KB] M&S algorithm main loop timer: 0.00843355s (after merging)

[t=0.0106501s, 22732 KB] Operator mutex starting iteration 10


[t=0.0107025s, 22732 KB] In ts_10_1 of size 2 found num new op-mutexes 0


[t=0.0435058s, 22732 KB] In ts_10_23 of size 256 found num new op-mutexes 0
[t=0.0435879s, 22732 KB] Operator mutex finished iteration 10. Found an additional 0 operator mutexes

[t=0.0436181s, 22732 KB] Next pair of indices: (23, 1)
[t=0.043641s, 22732 KB] M&S algorithm main loop timer: 0.0414657s (after computation of next merge)
[t=0.0439797s, 22732 KB] M&S algorithm main loop timer: 0.0418174s (after merging)
[t=0.0440361s, 22732 KB] M&S algorithm main loop timer: 0.0418653s (after pruning)

[t=0.0440665s, 22732 KB] Operator mutex starting iteration 11


[t=0.0457064s, 22732 KB] In ts_11_24 of size 128 found num new op-mutexes 1
[t=0.0457398s, 22732 KB] Operator mutex finished iteration 11. Found an additional 1 operator mutexes

[t=0.0457673s, 22732 KB] End of merge-and-shrink algorithm, statistics:
[t=0.0457883s, 22732 KB] Main loop runtime: 0.0436127s
[t=0.045812s, 22732 KB] Maximum intermediate abstraction size: 512
[t=0.0458385s, 22732 KB] Final peak memory increase of merge-and-shrink algorithm: 132 KB
[t=0.0458721s, 22732 KB] Merge-and-shrink algorithm runtime: 0.0442384s

[t=0.0458961s, 22732 KB] Number of labels: 11
[t=0.0459157s, 22732 KB] Total number of operator mutexes: 9
[t=0.0459354s, 22732 KB] Operator Mutex total time: 0.0413683s
[t=0.0459576s, 22732 KB] Number of remaining factors: 1
[t=0.0459815s, 22732 KB] Number of factors kept: 1
[t=0.0460087s, 22732 KB] Done initializing merge-and-shrink heuristic.

[t=0.0460975s, 22732 KB] Building successor generator...done!
[t=0.0461811s, 22732 KB] peak memory difference for successor generator creation: 0 KB
[t=0.0461992s, 22732 KB] time for successor generation creation: 1.9749e-05s
[t=0.0462234s, 22732 KB] Variables: 13
[t=0.0462436s, 22732 KB] FactPairs: 26
[t=0.046263s, 22732 KB] Bytes per state: 4
[t=0.0463871s, 22732 KB] Conducting best first search with reopening closed nodes, (real) bound = 2147483647
[t=0.0464467s, 22732 KB] New best heuristic value for merge_and_shrink(op_mutex = op_mutex(use_previous_ops = nasutpo, reachability_strategy = goal), merge_strategy = merge_precomputed(linear), shrink_strategy = shrink_bisimulation(greedy = false, at_limit = return)): 11
[t=0.0464707s, 22732 KB] g=0, 1 evaluated, 0 expanded
[t=0.0464929s, 22732 KB] f = 11, 1 evaluated, 0 expanded
[t=0.0465196s, 22732 KB] Initial heuristic value for merge_and_shrink(op_mutex = op_mutex(use_previous_ops = nasutpo, reachability_strategy = goal), merge_strategy = merge_precomputed(linear), shrink_strategy = shrink_bisimulation(greedy = false, at_limit = return)): 11
[t=0.0465449s, 22732 KB] pruning method: none
[t=0.0465786s, 22732 KB] New best heuristic value for merge_and_shrink(op_mutex = op_mutex(use_previous_ops = nasutpo, reachability_strategy = goal), merge_strategy = merge_precomputed(linear), shrink_strategy = shrink_bisimulation(greedy = false, at_limit = return)): 10
[t=0.0466016s, 22732 KB] g=1, 2 evaluated, 1 expanded
[t=0.0466297s, 22732 KB] New best heuristic value for merge_and_shrink(op_mutex = op_mutex(use_previous_ops = nasutpo, reachability_strategy = goal), merge_strategy = merge_precomputed(linear), shrink_strategy = shrink_bisimulation(greedy = false, at_limit = return)): 9
[t=0.0466519s, 22732 KB] g=2, 3 evaluated, 2 expanded
[t=0.0466837s, 22732 KB] New best heuristic value for merge_and_shrink(op_mutex = op_mutex(use_previous_ops = nasutpo, reachability_strategy = goal), merge_strategy = merge_precomputed(linear), shrink_strategy = shrink_bisimulation(greedy = false, at_limit = return)): 8
[t=0.0467055s, 22732 KB] g=3, 7 evaluated, 3 expanded
[t=0.0467368s, 22732 KB] New best heuristic value for merge_and_shrink(op_mutex = op_mutex(use_previous_ops = nasutpo, reachability_strategy = goal), merge_strategy = merge_precomputed(linear), shrink_strategy = shrink_bisimulation(greedy = false, at_limit = return)): 7
[t=0.0467584s, 22732 KB] g=4, 11 evaluated, 4 expanded
[t=0.0467876s, 22732 KB] New best heuristic value for merge_and_shrink(op_mutex = op_mutex(use_previous_ops = nasutpo, reachability_strategy = goal), merge_strategy = merge_precomputed(linear), shrink_strategy = shrink_bisimulation(greedy = false, at_limit = return)): 6
[t=0.0468091s, 22732 KB] g=5, 14 evaluated, 5 expanded
[t=0.0468394s, 22732 KB] New best heuristic value for merge_and_shrink(op_mutex = op_mutex(use_previous_ops = nasutpo, reachability_strategy = goal), merge_strategy = merge_precomputed(linear), shrink_strategy = shrink_bisimulation(greedy = false, at_limit = return)): 5
[t=0.0468609s, 22732 KB] g=6, 17 evaluated, 6 expanded
[t=0.0468889s, 22732 KB] New best heuristic value for merge_and_shrink(op_mutex = op_mutex(use_previous_ops = nasutpo, reachability_strategy = goal), merge_strategy = merge_precomputed(linear), shrink_strategy = shrink_bisimulation(greedy = false, at_limit = return)): 4
[t=0.0469105s, 22732 KB] g=7, 19 evaluated, 7 expanded
[t=0.0469361s, 22732 KB] New best heuristic value for merge_and_shrink(op_mutex = op_mutex(use_previous_ops = nasutpo, reachability_strategy = goal), merge_strategy = merge_precomputed(linear), shrink_strategy = shrink_bisimulation(greedy = false, at_limit = return)): 3
[t=0.0469576s, 22732 KB] g=8, 20 evaluated, 8 expanded
[t=0.0469828s, 22732 KB] New best heuristic value for merge_and_shrink(op_mutex = op_mutex(use_previous_ops = nasutpo, reachability_strategy = goal), merge_strategy = merge_precomputed(linear), shrink_strategy = shrink_bisimulation(greedy = false, at_limit = return)): 2
[t=0.0470158s, 22732 KB] g=9, 21 evaluated, 9 expanded
[t=0.0470466s, 22732 KB] New best heuristic value for merge_and_shrink(op_mutex = op_mutex(use_previous_ops = nasutpo, reachability_strategy = goal), merge_strategy = merge_precomputed(linear), shrink_strategy = shrink_bisimulation(greedy = false, at_limit = return)): 1
[t=0.0470681s, 22732 KB] g=10, 25 evaluated, 10 expanded
[t=0.0470969s, 22732 KB] New best heuristic value for merge_and_shrink(op_mutex = op_mutex(use_previous_ops = nasutpo, reachability_strategy = goal), merge_strategy = merge_precomputed(linear), shrink_strategy = shrink_bisimulation(greedy = false, at_limit = return)): 0
[t=0.0471182s, 22732 KB] g=11, 28 evaluated, 11 expanded
[t=0.0471407s, 22732 KB] Solution found!
[t=0.0471639s, 22732 KB] Actual search time: 0.000614566s
drive truck1 depot1 market1 (1)
buy truck1 goods3 market1 level0 level1 level0 level1 (1)
load goods3 truck1 market1 level0 level1 level0 level1 (1)
buy truck1 goods2 market1 level0 level1 level0 level1 (1)
load goods2 truck1 market1 level0 level1 level0 level1 (1)
buy truck1 goods1 market1 level0 level1 level0 level1 (1)
load goods1 truck1 market1 level0 level1 level0 level1 (1)
drive truck1 market1 depot1 (1)
unload goods3 truck1 depot1 level0 level1 level0 level1 (1)
unload goods2 truck1 depot1 level0 level1 level0 level1 (1)
unload goods1 truck1 depot1 level0 level1 level0 level1 (1)
[t=0.0471867s, 22732 KB] Plan length: 11 step(s).
[t=0.0471867s, 22732 KB] Plan cost: 11
[t=0.0471867s, 22732 KB] Expanded 12 state(s).
[t=0.0471867s, 22732 KB] Reopened 0 state(s).
[t=0.0471867s, 22732 KB] Evaluated 28 state(s).
[t=0.0471867s, 22732 KB] Evaluations: 28
[t=0.0471867s, 22732 KB] Generated 29 state(s).
[t=0.0471867s, 22732 KB] Dead ends: 0 state(s).
[t=0.0471867s, 22732 KB] Expanded until last jump: 0 state(s).
[t=0.0471867s, 22732 KB] Reopened until last jump: 0 state(s).
[t=0.0471867s, 22732 KB] Evaluated until last jump: 1 state(s).
[t=0.0471867s, 22732 KB] Generated until last jump: 0 state(s).
[t=0.0471867s, 22732 KB] Number of registered states: 28
[t=0.0471867s, 22732 KB] Int hash set load factor: 28/32 = 0.875
[t=0.0471867s, 22732 KB] Int hash set resizes: 5
[t=0.0471867s, 22732 KB] Search time: 0.000800742s
[t=0.0471867s, 22732 KB] Total time: 0.0471867s
Solution found.
Peak memory: 22732 KB
Remove intermediate file output.sas
search exit code: 0

INFO     Running validate.
INFO     validate stdin: None
INFO     validate time limit: None
INFO     validate memory limit: None
INFO     validate command line string: validate domain.pddl problem.pddl sas_plan
Checking plan: sas_plan
Plan executed successfully - checking goal
Plan valid
Final value: 11 

Successful plans:
Value: 11
 sas_plan 11 

validate exit code: 0

