INFO     Running translator.
INFO     translator stdin: None
INFO     translator time limit: 599.97s
INFO     translator memory limit: 7000 MB
INFO     translator command line string: /usr/bin/python3 /user/student.aau.dk/lkar18/downward-projects/downward/experiments/nopo_vs_nasutpo_195p/data/nopo_vs_nasutpo/code-94571df14dfaf5b06207d9589b12facdd93f580c_e5e41175/builds/release/bin/translate/translate.py domain.pddl problem.pddl --sas-file output.sas
Parsing...
Parsing: [0.010s CPU, 0.002s wall-clock]
Normalizing task... [0.000s CPU, 0.000s wall-clock]
Instantiating...
Generating Datalog program... [0.000s CPU, 0.000s wall-clock]
Normalizing Datalog program...
Normalizing Datalog program: [0.000s CPU, 0.003s wall-clock]
Preparing model... [0.000s CPU, 0.001s wall-clock]
Generated 51 rules.
Computing model... [0.010s CPU, 0.012s wall-clock]
523 relevant atoms
876 auxiliary atoms
1399 final queue length
2335 total queue pushes
Completing instantiation... [0.020s CPU, 0.015s wall-clock]
Instantiating: [0.030s CPU, 0.033s wall-clock]
Computing fact groups...
Finding invariants...
5 initial candidates
Finding invariants: [0.020s CPU, 0.020s wall-clock]
Checking invariant weight... [0.000s CPU, 0.000s wall-clock]
Instantiating groups... [0.000s CPU, 0.000s wall-clock]
Collecting mutex groups... [0.000s CPU, 0.000s wall-clock]
Choosing groups...
6 uncovered facts
Choosing groups: [0.000s CPU, 0.000s wall-clock]
Building translation key... [0.000s CPU, 0.000s wall-clock]
Computing fact groups: [0.020s CPU, 0.021s wall-clock]
Building STRIPS to SAS dictionary... [0.000s CPU, 0.000s wall-clock]
Building dictionary for full mutex groups... [0.000s CPU, 0.000s wall-clock]
Building mutex information...
Building mutex information: [0.000s CPU, 0.000s wall-clock]
Translating task...
Processing axioms...
Simplifying axioms... [0.000s CPU, 0.000s wall-clock]
Translator axioms removed by simplifying: 0
Computing negative axioms... [0.000s CPU, 0.000s wall-clock]
Processing axioms: [0.000s CPU, 0.001s wall-clock]
Translating task: [0.010s CPU, 0.013s wall-clock]
0 effect conditions simplified
0 implied preconditions added
Detecting unreachable propositions...
0 operators removed
0 axioms removed
6 propositions removed
Detecting unreachable propositions: [0.000s CPU, 0.006s wall-clock]
Reordering and filtering variables...
12 of 12 variables necessary.
6 of 12 mutex groups necessary.
360 of 360 operators necessary.
0 of 0 axiom rules necessary.
Reordering and filtering variables: [0.010s CPU, 0.002s wall-clock]
Translator variables: 12
Translator derived variables: 0
Translator facts: 48
Translator goal facts: 12
Translator mutex groups: 6
Translator total mutex groups size: 36
Translator operators: 360
Translator axioms: 0
Translator task size: 1998
Translator peak memory: 43748 KB
Writing output... [0.000s CPU, 0.004s wall-clock]
Done! [0.080s CPU, 0.082s wall-clock]
translate exit code: 0

INFO     Running search (release).
INFO     search stdin: output.sas
INFO     search time limit: 599.83s
INFO     search memory limit: 7000 MB
INFO     search command line string: /user/student.aau.dk/lkar18/downward-projects/downward/experiments/nopo_vs_nasutpo_195p/data/nopo_vs_nasutpo/code-94571df14dfaf5b06207d9589b12facdd93f580c_e5e41175/builds/release/bin/downward --search 'astar(merge_and_shrink(op_mutex=op_mutex(use_previous_ops=NoPO, reachability_strategy=goal), merge_strategy=merge_sccs(order_of_sccs=topological, merge_tree=linear()), shrink_strategy=shrink_fh()))' --internal-plan-file sas_plan < output.sas
[t=3.6098e-05s, 22344 KB] reading input...
[t=0.0013951s, 22344 KB] done reading input!
[t=0.00282087s, 22732 KB] Initializing merge-and-shrink heuristic...
[t=0.00288805s, 22732 KB] Running merge-and-shrink algorithm...
[t=0.00290885s, 22732 KB] Merge strategy options:
[t=0.00293101s, 22732 KB] Type: sccs
[t=0.00295182s, 22732 KB] Merge order of sccs: topological
[t=0.00297206s, 22732 KB] Merge strategy for merging within sccs: 
[t=0.00299222s, 22732 KB] Merge tree options: 
[t=0.00301219s, 22732 KB] Type: linear
[t=0.00303233s, 22732 KB] Update option: use random
[t=0.00305298s, 22732 KB] Variable order type: CG/GOAL, tie breaking on level (main)

[t=0.00307578s, 22732 KB] Options related to size limits and shrinking: 
[t=0.00309744s, 22732 KB] Transition system size limit: 50000
[t=0.00311789s, 22732 KB] Transition system size limit right before merge: 50000
[t=0.00313783s, 22732 KB] Threshold to trigger shrinking right before merge: 1

[t=0.0031609s, 22732 KB] Pruning unreachable states: yes
[t=0.00318173s, 22732 KB] Pruning irrelevant states: yes

[t=0.00320366s, 22732 KB] Label reduction disabled

[t=0.00322627s, 22732 KB] Main loop max time in seconds: inf

[t=0.00325974s, 22732 KB] ===============================================================================
[t=0.00328025s, 22732 KB] WARNING! You did not enable label reduction.
This may drastically reduce the performance of merge-and-shrink!
[t=0.00330142s, 22732 KB] ===============================================================================

[t=0.00332868s, 22732 KB] Building atomic transition systems... 
[t=0.00400893s, 23560 KB] M&S algorithm timer: 0.00115147s (after computation of atomic factors)

[t=0.00405287s, 23560 KB] Starting main loop without a time limit.
[t=0.00408008s, 23560 KB] building causal graph...done! [t=0.000165461s]
[t=0.00426191s, 23560 KB] SCCs of the causal graph:
[t=0.0042973s, 23560 KB] [0, 1, 2, 3, 4, 5, 6, 7, 8, 9, 10, 11]
[t=0.00432393s, 23560 KB] Only one single SCC
[t=0.00436337s, 23560 KB] Next pair of indices: (11, 5)
[t=0.00438677s, 23560 KB] M&S algorithm main loop timer: 0.000353502s (after computation of next merge)
[t=0.00447777s, 23560 KB] M&S algorithm main loop timer: 0.000455532s (after merging)

[t=0.00451667s, 23560 KB] Operator mutex starting iteration 0

[t=0.00462104s, 23560 KB] In ts_0_0 of size 6 found num new op-mutexes 0

[t=0.00471758s, 23560 KB] In ts_0_1 of size 6 found num new op-mutexes 0

[t=0.00480946s, 23560 KB] In ts_0_2 of size 6 found num new op-mutexes 0

[t=0.0048993s, 23560 KB] In ts_0_3 of size 6 found num new op-mutexes 0

[t=0.00498915s, 23560 KB] In ts_0_4 of size 6 found num new op-mutexes 0

[t=0.00506989s, 23560 KB] In ts_0_6 of size 2 found num new op-mutexes 0

[t=0.0051686s, 23560 KB] In ts_0_7 of size 2 found num new op-mutexes 0

[t=0.00526659s, 23560 KB] In ts_0_8 of size 2 found num new op-mutexes 0

[t=0.00535615s, 23560 KB] In ts_0_9 of size 2 found num new op-mutexes 0

[t=0.005434s, 23560 KB] In ts_0_10 of size 2 found num new op-mutexes 0

[t=0.00555059s, 23560 KB] In ts_0_12 of size 12 found num new op-mutexes 0
[t=0.00558563s, 23560 KB] Operator mutex finished iteration 0. Found an additional 0 operator mutexes

[t=0.00561555s, 23560 KB] Next pair of indices: (12, 4)
[t=0.00563855s, 23560 KB] M&S algorithm main loop timer: 0.00160508s (after computation of next merge)
[t=0.00578936s, 23560 KB] M&S algorithm main loop timer: 0.00176232s (after merging)

[t=0.00582684s, 23560 KB] Operator mutex starting iteration 1

[t=0.00593564s, 23560 KB] In ts_1_0 of size 6 found num new op-mutexes 0

[t=0.0060319s, 23560 KB] In ts_1_1 of size 6 found num new op-mutexes 0

[t=0.00612465s, 23560 KB] In ts_1_2 of size 6 found num new op-mutexes 0

[t=0.0062153s, 23560 KB] In ts_1_3 of size 6 found num new op-mutexes 0

[t=0.00629832s, 23560 KB] In ts_1_6 of size 2 found num new op-mutexes 0

[t=0.00638021s, 23560 KB] In ts_1_7 of size 2 found num new op-mutexes 0

[t=0.00645985s, 23560 KB] In ts_1_8 of size 2 found num new op-mutexes 0

[t=0.00653949s, 23560 KB] In ts_1_9 of size 2 found num new op-mutexes 0

[t=0.00661854s, 23560 KB] In ts_1_10 of size 2 found num new op-mutexes 0

[t=0.00690348s, 23560 KB] In ts_1_13 of size 72 found num new op-mutexes 0
[t=0.0069452s, 23560 KB] Operator mutex finished iteration 1. Found an additional 0 operator mutexes

[t=0.00697688s, 23560 KB] Next pair of indices: (13, 3)
[t=0.00699961s, 23560 KB] M&S algorithm main loop timer: 0.00296619s (after computation of next merge)
[t=0.00752898s, 23560 KB] M&S algorithm main loop timer: 0.00351336s (after merging)

[t=0.0075989s, 23560 KB] Operator mutex starting iteration 2

[t=0.00770345s, 23560 KB] In ts_2_0 of size 6 found num new op-mutexes 0

[t=0.00780876s, 23560 KB] In ts_2_1 of size 6 found num new op-mutexes 0

[t=0.00790674s, 23560 KB] In ts_2_2 of size 6 found num new op-mutexes 0

[t=0.00799454s, 23560 KB] In ts_2_6 of size 2 found num new op-mutexes 0

[t=0.00807926s, 23560 KB] In ts_2_7 of size 2 found num new op-mutexes 0

[t=0.00816144s, 23560 KB] In ts_2_8 of size 2 found num new op-mutexes 0

[t=0.00824459s, 23560 KB] In ts_2_9 of size 2 found num new op-mutexes 0

[t=0.00832633s, 23560 KB] In ts_2_10 of size 2 found num new op-mutexes 0

[t=0.00995346s, 24072 KB] In ts_2_14 of size 432 found num new op-mutexes 0
[t=0.0100063s, 24072 KB] Operator mutex finished iteration 2. Found an additional 0 operator mutexes

[t=0.0100371s, 24072 KB] Next pair of indices: (14, 2)
[t=0.0100604s, 24072 KB] M&S algorithm main loop timer: 0.00602709s (after computation of next merge)
[t=0.0142126s, 24508 KB] M&S algorithm main loop timer: 0.0102039s (after merging)

[t=0.0144004s, 24508 KB] Operator mutex starting iteration 3

[t=0.0145204s, 24508 KB] In ts_3_0 of size 6 found num new op-mutexes 0

[t=0.0146257s, 24508 KB] In ts_3_1 of size 6 found num new op-mutexes 0

[t=0.0147119s, 24508 KB] In ts_3_6 of size 2 found num new op-mutexes 0

[t=0.0147944s, 24508 KB] In ts_3_7 of size 2 found num new op-mutexes 0

[t=0.0148769s, 24508 KB] In ts_3_8 of size 2 found num new op-mutexes 0

[t=0.0149576s, 24508 KB] In ts_3_9 of size 2 found num new op-mutexes 0

[t=0.0150377s, 24508 KB] In ts_3_10 of size 2 found num new op-mutexes 0

[t=0.0276197s, 27992 KB] In ts_3_15 of size 2592 found num new op-mutexes 0
[t=0.0277311s, 27992 KB] Operator mutex finished iteration 3. Found an additional 0 operator mutexes

[t=0.027769s, 27992 KB] Next pair of indices: (15, 1)
[t=0.0277941s, 27992 KB] M&S algorithm main loop timer: 0.0237611s (after computation of next merge)
[t=0.061317s, 31132 KB] M&S algorithm main loop timer: 0.0573464s (after merging)

[t=0.0622422s, 31132 KB] Operator mutex starting iteration 4

[t=0.0623487s, 31132 KB] In ts_4_0 of size 6 found num new op-mutexes 0

[t=0.0624371s, 31132 KB] In ts_4_6 of size 2 found num new op-mutexes 0

[t=0.0625201s, 31132 KB] In ts_4_7 of size 2 found num new op-mutexes 0

[t=0.062601s, 31132 KB] In ts_4_8 of size 2 found num new op-mutexes 0

[t=0.0626804s, 31132 KB] In ts_4_9 of size 2 found num new op-mutexes 0

[t=0.0627596s, 31132 KB] In ts_4_10 of size 2 found num new op-mutexes 0
[t=0.0633124s, 31132 KB] Operator mutex finished iteration 4. Found an additional 0 operator mutexes

[t=0.0633507s, 31132 KB] Next pair of indices: (16, 0)
[t=0.0633762s, 31132 KB] M&S algorithm main loop timer: 0.0593443s (after computation of next merge)
[t=0.083357s, 31132 KB] M&S algorithm main loop timer: 0.0793781s (after shrinking)
[t=0.156164s, 37292 KB] M&S algorithm main loop timer: 0.152191s (after merging)
[t=0.171161s, 37292 KB] M&S algorithm main loop timer: 0.16718s (after pruning)

[t=0.171245s, 37292 KB] Operator mutex starting iteration 5

[t=0.171331s, 37292 KB] In ts_5_6 of size 2 found num new op-mutexes 0

[t=0.171419s, 37292 KB] In ts_5_7 of size 2 found num new op-mutexes 0

[t=0.171502s, 37292 KB] In ts_5_8 of size 2 found num new op-mutexes 0

[t=0.171583s, 37292 KB] In ts_5_9 of size 2 found num new op-mutexes 0

[t=0.171669s, 37292 KB] In ts_5_10 of size 2 found num new op-mutexes 0
[t=0.172568s, 37292 KB] Operator mutex finished iteration 5. Found an additional 0 operator mutexes

[t=0.17261s, 37292 KB] Next pair of indices: (17, 10)
[t=0.172636s, 37292 KB] M&S algorithm main loop timer: 0.168602s (after computation of next merge)
[t=0.200589s, 37292 KB] M&S algorithm main loop timer: 0.196615s (after shrinking)
[t=0.297154s, 43972 KB] M&S algorithm main loop timer: 0.293194s (after merging)

[t=0.299954s, 43972 KB] Operator mutex starting iteration 6

[t=0.300061s, 43972 KB] In ts_6_6 of size 2 found num new op-mutexes 0

[t=0.300147s, 43972 KB] In ts_6_7 of size 2 found num new op-mutexes 0

[t=0.30023s, 43972 KB] In ts_6_8 of size 2 found num new op-mutexes 0

[t=0.30032s, 43972 KB] In ts_6_9 of size 2 found num new op-mutexes 0
[t=0.301736s, 43972 KB] Operator mutex finished iteration 6. Found an additional 0 operator mutexes

[t=0.301777s, 43972 KB] Next pair of indices: (18, 9)
[t=0.3018s, 43972 KB] M&S algorithm main loop timer: 0.297766s (after computation of next merge)
[t=0.346531s, 43972 KB] M&S algorithm main loop timer: 0.342571s (after shrinking)
[t=0.506145s, 54408 KB] M&S algorithm main loop timer: 0.502191s (after merging)

[t=0.509111s, 54408 KB] Operator mutex starting iteration 7

[t=0.509214s, 54408 KB] In ts_7_6 of size 2 found num new op-mutexes 0

[t=0.509299s, 54408 KB] In ts_7_7 of size 2 found num new op-mutexes 0

[t=0.509382s, 54408 KB] In ts_7_8 of size 2 found num new op-mutexes 0
[t=0.511899s, 54408 KB] Operator mutex finished iteration 7. Found an additional 0 operator mutexes

[t=0.511959s, 54408 KB] Next pair of indices: (19, 8)
[t=0.511987s, 54408 KB] M&S algorithm main loop timer: 0.507957s (after computation of next merge)
[t=0.582319s, 54408 KB] M&S algorithm main loop timer: 0.57835s (after shrinking)
[t=0.816772s, 66664 KB] M&S algorithm main loop timer: 0.812819s (after merging)

[t=0.819895s, 66664 KB] Operator mutex starting iteration 8

[t=0.820001s, 66664 KB] In ts_8_6 of size 2 found num new op-mutexes 0

[t=0.820087s, 66664 KB] In ts_8_7 of size 2 found num new op-mutexes 0
[t=0.82382s, 66664 KB] Operator mutex finished iteration 8. Found an additional 0 operator mutexes

[t=0.82389s, 66664 KB] Next pair of indices: (20, 7)
[t=0.823919s, 66664 KB] M&S algorithm main loop timer: 0.81989s (after computation of next merge)
[t=0.926559s, 66664 KB] M&S algorithm main loop timer: 0.922589s (after shrinking)
[t=1.22234s, 78524 KB] M&S algorithm main loop timer: 1.21838s (after merging)

[t=1.22532s, 78524 KB] Operator mutex starting iteration 9

[t=1.22542s, 78524 KB] In ts_9_6 of size 2 found num new op-mutexes 0
[t=1.23022s, 78524 KB] Operator mutex finished iteration 9. Found an additional 0 operator mutexes

[t=1.2303s, 78524 KB] Next pair of indices: (21, 6)
[t=1.23033s, 78524 KB] M&S algorithm main loop timer: 1.2263s (after computation of next merge)
[t=1.36327s, 78524 KB] M&S algorithm main loop timer: 1.3593s (after shrinking)
[t=1.70445s, 88772 KB] M&S algorithm main loop timer: 1.70049s (after merging)

[t=1.70734s, 88772 KB] Operator mutex starting iteration 10
[t=1.71278s, 88772 KB] Operator mutex finished iteration 10. Found an additional 0 operator mutexes

[t=1.71287s, 88772 KB] End of merge-and-shrink algorithm, statistics:
[t=1.7129s, 88772 KB] Main loop runtime: 1.70887s
[t=1.71292s, 88772 KB] Maximum intermediate abstraction size: 50000
[t=1.71295s, 88772 KB] Final peak memory increase of merge-and-shrink algorithm: 66040 KB
[t=1.71299s, 88772 KB] Merge-and-shrink algorithm runtime: 1.71012s

[t=1.71301s, 88772 KB] Number of labels: 360
[t=1.71304s, 88772 KB] Total number of operator mutexes: 0
[t=1.71306s, 88772 KB] Operator Mutex total time: 0.0396855s
[t=1.7131s, 88772 KB] Number of remaining factors: 1
[t=1.71398s, 88772 KB] Number of factors kept: 1
[t=1.71402s, 88772 KB] Done initializing merge-and-shrink heuristic.

[t=1.71421s, 88772 KB] Building successor generator...done!
[t=1.71445s, 88772 KB] peak memory difference for successor generator creation: 0 KB
[t=1.71447s, 88772 KB] time for successor generation creation: 0.000154089s
[t=1.71449s, 88772 KB] Variables: 12
[t=1.71451s, 88772 KB] FactPairs: 48
[t=1.71453s, 88772 KB] Bytes per state: 4
[t=1.71466s, 88772 KB] Conducting best first search with reopening closed nodes, (real) bound = 2147483647
[t=1.71472s, 88772 KB] New best heuristic value for merge_and_shrink(op_mutex = op_mutex(use_previous_ops = nopo, reachability_strategy = goal), merge_strategy = merge_sccs(order_of_sccs = topological, merge_tree = linear), shrink_strategy = shrink_fh): 22
[t=1.71474s, 88772 KB] g=0, 1 evaluated, 0 expanded
[t=1.71477s, 88772 KB] f = 22, 1 evaluated, 0 expanded
[t=1.71479s, 88772 KB] Initial heuristic value for merge_and_shrink(op_mutex = op_mutex(use_previous_ops = nopo, reachability_strategy = goal), merge_strategy = merge_sccs(order_of_sccs = topological, merge_tree = linear), shrink_strategy = shrink_fh): 22
[t=1.71481s, 88772 KB] pruning method: none
[t=1.71485s, 88772 KB] New best heuristic value for merge_and_shrink(op_mutex = op_mutex(use_previous_ops = nopo, reachability_strategy = goal), merge_strategy = merge_sccs(order_of_sccs = topological, merge_tree = linear), shrink_strategy = shrink_fh): 19
[t=1.71488s, 88772 KB] g=3, 2 evaluated, 1 expanded
[t=1.71493s, 88772 KB] New best heuristic value for merge_and_shrink(op_mutex = op_mutex(use_previous_ops = nopo, reachability_strategy = goal), merge_strategy = merge_sccs(order_of_sccs = topological, merge_tree = linear), shrink_strategy = shrink_fh): 16
[t=1.71495s, 88772 KB] g=6, 14 evaluated, 2 expanded
[t=1.71501s, 88772 KB] New best heuristic value for merge_and_shrink(op_mutex = op_mutex(use_previous_ops = nopo, reachability_strategy = goal), merge_strategy = merge_sccs(order_of_sccs = topological, merge_tree = linear), shrink_strategy = shrink_fh): 15
[t=1.71503s, 88772 KB] g=7, 27 evaluated, 3 expanded
[t=1.71505s, 88772 KB] New best heuristic value for merge_and_shrink(op_mutex = op_mutex(use_previous_ops = nopo, reachability_strategy = goal), merge_strategy = merge_sccs(order_of_sccs = topological, merge_tree = linear), shrink_strategy = shrink_fh): 13
[t=1.71508s, 88772 KB] g=9, 29 evaluated, 3 expanded
[t=1.71512s, 88772 KB] New best heuristic value for merge_and_shrink(op_mutex = op_mutex(use_previous_ops = nopo, reachability_strategy = goal), merge_strategy = merge_sccs(order_of_sccs = topological, merge_tree = linear), shrink_strategy = shrink_fh): 12
[t=1.71515s, 88772 KB] g=12, 37 evaluated, 4 expanded
[t=1.7152s, 88772 KB] New best heuristic value for merge_and_shrink(op_mutex = op_mutex(use_previous_ops = nopo, reachability_strategy = goal), merge_strategy = merge_sccs(order_of_sccs = topological, merge_tree = linear), shrink_strategy = shrink_fh): 11
[t=1.71522s, 88772 KB] g=13, 48 evaluated, 5 expanded
[t=1.71526s, 88772 KB] New best heuristic value for merge_and_shrink(op_mutex = op_mutex(use_previous_ops = nopo, reachability_strategy = goal), merge_strategy = merge_sccs(order_of_sccs = topological, merge_tree = linear), shrink_strategy = shrink_fh): 10
[t=1.71529s, 88772 KB] g=14, 57 evaluated, 6 expanded
[t=1.71536s, 88772 KB] New best heuristic value for merge_and_shrink(op_mutex = op_mutex(use_previous_ops = nopo, reachability_strategy = goal), merge_strategy = merge_sccs(order_of_sccs = topological, merge_tree = linear), shrink_strategy = shrink_fh): 9
[t=1.71538s, 88772 KB] g=13, 78 evaluated, 8 expanded
[t=1.71543s, 88772 KB] New best heuristic value for merge_and_shrink(op_mutex = op_mutex(use_previous_ops = nopo, reachability_strategy = goal), merge_strategy = merge_sccs(order_of_sccs = topological, merge_tree = linear), shrink_strategy = shrink_fh): 8
[t=1.71545s, 88772 KB] g=16, 88 evaluated, 9 expanded
[t=1.71552s, 88772 KB] New best heuristic value for merge_and_shrink(op_mutex = op_mutex(use_previous_ops = nopo, reachability_strategy = goal), merge_strategy = merge_sccs(order_of_sccs = topological, merge_tree = linear), shrink_strategy = shrink_fh): 7
[t=1.71555s, 88772 KB] g=17, 107 evaluated, 11 expanded
[t=1.71557s, 88772 KB] New best heuristic value for merge_and_shrink(op_mutex = op_mutex(use_previous_ops = nopo, reachability_strategy = goal), merge_strategy = merge_sccs(order_of_sccs = topological, merge_tree = linear), shrink_strategy = shrink_fh): 5
[t=1.71559s, 88772 KB] g=17, 109 evaluated, 11 expanded
[t=1.71563s, 88772 KB] New best heuristic value for merge_and_shrink(op_mutex = op_mutex(use_previous_ops = nopo, reachability_strategy = goal), merge_strategy = merge_sccs(order_of_sccs = topological, merge_tree = linear), shrink_strategy = shrink_fh): 4
[t=1.71565s, 88772 KB] g=18, 116 evaluated, 12 expanded
[t=1.71568s, 88772 KB] New best heuristic value for merge_and_shrink(op_mutex = op_mutex(use_previous_ops = nopo, reachability_strategy = goal), merge_strategy = merge_sccs(order_of_sccs = topological, merge_tree = linear), shrink_strategy = shrink_fh): 2
[t=1.7157s, 88772 KB] g=20, 118 evaluated, 12 expanded
[t=1.71574s, 88772 KB] New best heuristic value for merge_and_shrink(op_mutex = op_mutex(use_previous_ops = nopo, reachability_strategy = goal), merge_strategy = merge_sccs(order_of_sccs = topological, merge_tree = linear), shrink_strategy = shrink_fh): 1
[t=1.71576s, 88772 KB] g=21, 122 evaluated, 13 expanded
[t=1.71582s, 88772 KB] New best heuristic value for merge_and_shrink(op_mutex = op_mutex(use_previous_ops = nopo, reachability_strategy = goal), merge_strategy = merge_sccs(order_of_sccs = topological, merge_tree = linear), shrink_strategy = shrink_fh): 0
[t=1.71584s, 88772 KB] g=22, 133 evaluated, 14 expanded
[t=1.71588s, 88772 KB] Solution found!
[t=1.7159s, 88772 KB] Actual search time: 0.00107699s
analyze-2 seg-in-1 seg-out-1 car-in-1 car-out-1 (3)
analyze-2 seg-in-2 seg-out-1 car-in-2 car-in-1 (3)
analyze-2 seg-in-3 seg-out-1 car-in-3 car-in-2 (3)
rotate-2 seg-in-2 seg-out-2 car-in-1 car-out-2 (1)
rotate-2 seg-in-3 seg-out-3 car-in-2 car-out-3 (1)
analyze-2 seg-in-3 seg-out-1 car-out-3 car-in-3 (3)
analyze-2 seg-in-2 seg-out-1 car-out-2 car-out-3 (3)
analyze-2 seg-in-1 seg-out-1 car-out-1 car-out-2 (3)
rotate-2 seg-in-1 seg-out-2 car-out-2 car-in-1 (1)
rotate-2 seg-in-2 seg-out-3 car-out-3 car-in-2 (1)
[t=1.71592s, 88772 KB] Plan length: 10 step(s).
[t=1.71592s, 88772 KB] Plan cost: 22
[t=1.71592s, 88772 KB] Expanded 15 state(s).
[t=1.71592s, 88772 KB] Reopened 0 state(s).
[t=1.71592s, 88772 KB] Evaluated 137 state(s).
[t=1.71592s, 88772 KB] Evaluations: 137
[t=1.71592s, 88772 KB] Generated 168 state(s).
[t=1.71592s, 88772 KB] Dead ends: 0 state(s).
[t=1.71592s, 88772 KB] Expanded until last jump: 0 state(s).
[t=1.71592s, 88772 KB] Reopened until last jump: 0 state(s).
[t=1.71592s, 88772 KB] Evaluated until last jump: 1 state(s).
[t=1.71592s, 88772 KB] Generated until last jump: 0 state(s).
[t=1.71592s, 88772 KB] Number of registered states: 137
[t=1.71592s, 88772 KB] Int hash set load factor: 137/256 = 0.535156
[t=1.71592s, 88772 KB] Int hash set resizes: 8
[t=1.71592s, 88772 KB] Search time: 0.00126501s
[t=1.71592s, 88772 KB] Total time: 1.71592s
Solution found.
Peak memory: 88772 KB
Remove intermediate file output.sas
search exit code: 0

INFO     Running validate.
INFO     validate stdin: None
INFO     validate time limit: None
INFO     validate memory limit: None
INFO     validate command line string: validate domain.pddl problem.pddl sas_plan
Checking plan: sas_plan
Plan executed successfully - checking goal
Plan valid
Final value: 22 

Successful plans:
Value: 22
 sas_plan 22 

validate exit code: 0

