INFO     Running translator.
INFO     translator stdin: None
INFO     translator time limit: 599.97s
INFO     translator memory limit: 7000 MB
INFO     translator command line string: /usr/bin/python3 /user/student.aau.dk/lkar18/downward-projects/downward/experiments/nopo_vs_nasutpo_vs_nelutpo/data/nopo_vs_nasutpo_vs_nelutpo/code-f7902f30c0f47512f07fb7c64cdaf652032f674a_e5e41175/builds/release/bin/translate/translate.py domain.pddl problem.pddl --sas-file output.sas
Parsing...
Parsing: [0.030s CPU, 0.032s wall-clock]
Normalizing task... [0.000s CPU, 0.001s wall-clock]
Instantiating...
Generating Datalog program... [0.010s CPU, 0.009s wall-clock]
Normalizing Datalog program...
Normalizing Datalog program: [0.000s CPU, 0.002s wall-clock]
Preparing model... [0.060s CPU, 0.056s wall-clock]
Generated 23 rules.
Computing model... [0.140s CPU, 0.142s wall-clock]
7390 relevant atoms
13407 auxiliary atoms
20797 final queue length
23056 total queue pushes
Completing instantiation... [0.060s CPU, 0.059s wall-clock]
Instantiating: [0.280s CPU, 0.272s wall-clock]
Computing fact groups...
Finding invariants...
9 initial candidates
Finding invariants: [0.000s CPU, 0.003s wall-clock]
Checking invariant weight... [0.000s CPU, 0.002s wall-clock]
Instantiating groups... [0.010s CPU, 0.001s wall-clock]
Collecting mutex groups... [0.000s CPU, 0.000s wall-clock]
Choosing groups...
0 uncovered facts
Choosing groups: [0.000s CPU, 0.000s wall-clock]
Building translation key... [0.000s CPU, 0.000s wall-clock]
Computing fact groups: [0.010s CPU, 0.008s wall-clock]
Building STRIPS to SAS dictionary... [0.000s CPU, 0.000s wall-clock]
Building dictionary for full mutex groups... [0.000s CPU, 0.000s wall-clock]
Building mutex information...
Building mutex information: [0.000s CPU, 0.000s wall-clock]
Translating task...
Processing axioms...
Simplifying axioms... [0.000s CPU, 0.000s wall-clock]
Translator axioms removed by simplifying: 0
Computing negative axioms... [0.000s CPU, 0.000s wall-clock]
Processing axioms: [0.000s CPU, 0.002s wall-clock]
Translating task: [0.040s CPU, 0.040s wall-clock]
0 effect conditions simplified
0 implied preconditions added
Detecting unreachable propositions...
0 operators removed
0 axioms removed
6 propositions removed
Detecting unreachable propositions: [0.020s CPU, 0.019s wall-clock]
Reordering and filtering variables...
6 of 6 variables necessary.
0 of 6 mutex groups necessary.
1210 of 1210 operators necessary.
0 of 0 axiom rules necessary.
Reordering and filtering variables: [0.000s CPU, 0.005s wall-clock]
Translator variables: 6
Translator derived variables: 0
Translator facts: 127
Translator goal facts: 4
Translator mutex groups: 0
Translator total mutex groups size: 0
Translator operators: 1210
Translator axioms: 0
Translator task size: 6147
Translator peak memory: 53536 KB
Writing output... [0.020s CPU, 0.012s wall-clock]
Done! [0.400s CPU, 0.392s wall-clock]
translate exit code: 0

INFO     Running search (release).
INFO     search stdin: output.sas
INFO     search time limit: 599.53s
INFO     search memory limit: 7000 MB
INFO     search command line string: /user/student.aau.dk/lkar18/downward-projects/downward/experiments/nopo_vs_nasutpo_vs_nelutpo/data/nopo_vs_nasutpo_vs_nelutpo/code-f7902f30c0f47512f07fb7c64cdaf652032f674a_e5e41175/builds/release/bin/downward --search 'astar(merge_and_shrink(op_mutex=op_mutex(use_previous_ops=NeLUTPO, reachability_strategy=goal)))' --internal-plan-file sas_plan < output.sas
[t=3.9101e-05s, 22344 KB] reading input...
[t=0.00391167s, 22600 KB] done reading input!
[t=0.00533762s, 23000 KB] Initializing merge-and-shrink heuristic...
[t=0.00541422s, 23000 KB] Running merge-and-shrink algorithm...
[t=0.00543563s, 23000 KB] Merge strategy options:
[t=0.00545729s, 23000 KB] Type: stateless
[t=0.00547858s, 23000 KB] Merge selector options:
[t=0.00549864s, 23000 KB] Name: score based filtering
[t=0.00551898s, 23000 KB] Merge scoring function:
[t=0.00553896s, 23000 KB] Name: goal relevance
[t=0.00555893s, 23000 KB] Merge scoring function:
[t=0.00557844s, 23000 KB] Name: dfp
[t=0.00559818s, 23000 KB] Merge scoring function:
[t=0.00561778s, 23000 KB] Name: total order
[t=0.0056376s, 23000 KB] Atomic transition system order: reverse level
[t=0.00565754s, 23000 KB] Product transition system order: new to old
[t=0.00567738s, 23000 KB] Consider atomic before product transition systems
[t=0.00569757s, 23000 KB] Random seed: -1

[t=0.00572s, 23000 KB] Options related to size limits and shrinking: 
[t=0.00574079s, 23000 KB] Transition system size limit: 50000
[t=0.00576057s, 23000 KB] Transition system size limit right before merge: 50000
[t=0.00578025s, 23000 KB] Threshold to trigger shrinking right before merge: 1

[t=0.00580189s, 23000 KB] Pruning unreachable states: yes
[t=0.00582227s, 23000 KB] Pruning irrelevant states: yes

[t=0.005844s, 23000 KB] Label reduction disabled

[t=0.00586648s, 23000 KB] Main loop max time in seconds: inf

[t=0.00589101s, 23000 KB] ===============================================================================
[t=0.00591118s, 23000 KB] WARNING! You did not enable label reduction.
This may drastically reduce the performance of merge-and-shrink!
[t=0.00594398s, 23000 KB] ===============================================================================

[t=0.00596889s, 23000 KB] Building atomic transition systems... 
[t=0.00761601s, 24380 KB] M&S algorithm timer: 0.00223987s (after computation of atomic factors)

[t=0.00767106s, 24380 KB] Starting main loop without a time limit.
[t=0.00773913s, 24380 KB] Next pair of indices: (0, 2)
[t=0.00776383s, 24380 KB] M&S algorithm main loop timer: 0.000112162s (after computation of next merge)
[t=0.00792956s, 24524 KB] M&S algorithm main loop timer: 0.000284242s (after merging)

[t=0.00796476s, 24524 KB] Operator mutex starting iteration 0
[t=0.178275s, 51056 KB] In ts_0_1 of size 98 found num new op-mutexes 600452
[t=0.178909s, 51056 KB] In ts_0_3 of size 6 found num new op-mutexes 0
[t=0.179453s, 51056 KB] In ts_0_4 of size 6 found num new op-mutexes 0
[t=0.179917s, 51056 KB] In ts_0_5 of size 6 found num new op-mutexes 0
[t=0.181099s, 51056 KB] In ts_0_6 of size 30 found num new op-mutexes 0
[t=0.181154s, 51056 KB] Operator mutex finished iteration 0. Found an additional 600452 operator mutexes

[t=0.181228s, 51056 KB] Next pair of indices: (1, 6)
[t=0.181254s, 51056 KB] M&S algorithm main loop timer: 0.173602s (after computation of next merge)
[t=0.181809s, 51056 KB] M&S algorithm main loop timer: 0.174166s (after shrinking)
[t=0.183084s, 51056 KB] M&S algorithm main loop timer: 0.175451s (after merging)
[t=0.183908s, 51056 KB] M&S algorithm main loop timer: 0.176278s (after pruning)

[t=0.183959s, 51056 KB] Operator mutex starting iteration 1
[t=0.18445s, 51056 KB] In ts_1_3 of size 6 found num new op-mutexes 0
[t=0.184924s, 51056 KB] In ts_1_4 of size 6 found num new op-mutexes 0
[t=0.185402s, 51056 KB] In ts_1_5 of size 6 found num new op-mutexes 0
[t=1.45146s, 105104 KB] In ts_1_7 of size 503 found num new op-mutexes 816088
[t=1.4516s, 105104 KB] Operator mutex finished iteration 1. Found an additional 816088 operator mutexes

[t=1.45169s, 105104 KB] Next pair of indices: (3, 7)
[t=1.45172s, 105104 KB] M&S algorithm main loop timer: 1.44407s (after computation of next merge)
[t=1.45301s, 105104 KB] M&S algorithm main loop timer: 1.44539s (after shrinking)
[t=1.45434s, 105104 KB] M&S algorithm main loop timer: 1.44671s (after merging)
[t=1.45486s, 105104 KB] M&S algorithm main loop timer: 1.44723s (after pruning)

[t=1.45491s, 105104 KB] Operator mutex starting iteration 2
[t=1.45537s, 105104 KB] In ts_2_4 of size 6 found num new op-mutexes 0
[t=1.45584s, 105104 KB] In ts_2_5 of size 6 found num new op-mutexes 0
[t=1.97106s, 105104 KB] In ts_2_8 of size 1086 found num new op-mutexes 8570
[t=1.97121s, 105104 KB] Operator mutex finished iteration 2. Found an additional 8570 operator mutexes

[t=1.97131s, 105104 KB] Next pair of indices: (4, 8)
[t=1.97133s, 105104 KB] M&S algorithm main loop timer: 1.96368s (after computation of next merge)
[t=1.97483s, 105104 KB] M&S algorithm main loop timer: 1.9672s (after merging)
[t=1.97555s, 105104 KB] M&S algorithm main loop timer: 1.96793s (after pruning)

[t=1.97561s, 105104 KB] Operator mutex starting iteration 3
[t=1.97609s, 105104 KB] In ts_3_5 of size 6 found num new op-mutexes 0
[t=2.53267s, 105104 KB] In ts_3_9 of size 3244 found num new op-mutexes 560
[t=2.53284s, 105104 KB] Operator mutex finished iteration 3. Found an additional 560 operator mutexes

[t=2.53289s, 105104 KB] Next pair of indices: (5, 9)
[t=2.53292s, 105104 KB] M&S algorithm main loop timer: 2.52527s (after computation of next merge)
[t=2.54484s, 105104 KB] M&S algorithm main loop timer: 2.53721s (after merging)
[t=2.54643s, 105104 KB] M&S algorithm main loop timer: 2.5388s (after pruning)

[t=2.54648s, 105104 KB] Operator mutex starting iteration 4
[t=2.54664s, 105104 KB] Operator mutex finished iteration 4. Found an additional 0 operator mutexes

[t=2.54668s, 105104 KB] End of merge-and-shrink algorithm, statistics:
[t=2.5467s, 105104 KB] Main loop runtime: 2.53905s
[t=2.54673s, 105104 KB] Maximum intermediate abstraction size: 19464
[t=2.54675s, 105104 KB] Final peak memory increase of merge-and-shrink algorithm: 82104 KB
[t=2.54678s, 105104 KB] Merge-and-shrink algorithm runtime: 2.54139s

[t=2.54681s, 105104 KB] Number of labels: 1210
[t=2.54683s, 105104 KB] Total number of operator mutexes: 1425670
[t=2.54685s, 105104 KB] Operator Mutex total time: 2.5147s
[t=2.5469s, 105104 KB] Number of remaining factors: 1
[t=2.54698s, 105104 KB] Number of factors kept: 1
[t=2.547s, 105104 KB] Done initializing merge-and-shrink heuristic.

[t=2.70989s, 105104 KB] Building successor generator...done!
[t=2.71043s, 105104 KB] peak memory difference for successor generator creation: 0 KB
[t=2.71045s, 105104 KB] time for successor generation creation: 0.000400421s
[t=2.71048s, 105104 KB] Variables: 6
[t=2.7105s, 105104 KB] FactPairs: 127
[t=2.71052s, 105104 KB] Bytes per state: 4
[t=2.71065s, 105104 KB] Conducting best first search with reopening closed nodes, (real) bound = 2147483647
[t=2.71071s, 105104 KB] New best heuristic value for merge_and_shrink(op_mutex = op_mutex(use_previous_ops = nelutpo, reachability_strategy = goal)): 14
[t=2.71073s, 105104 KB] g=0, 1 evaluated, 0 expanded
[t=2.71076s, 105104 KB] f = 14, 1 evaluated, 0 expanded
[t=2.71079s, 105104 KB] Initial heuristic value for merge_and_shrink(op_mutex = op_mutex(use_previous_ops = nelutpo, reachability_strategy = goal)): 14
[t=2.71081s, 105104 KB] pruning method: none
[t=2.71085s, 105104 KB] New best heuristic value for merge_and_shrink(op_mutex = op_mutex(use_previous_ops = nelutpo, reachability_strategy = goal)): 13
[t=2.71087s, 105104 KB] g=1, 4 evaluated, 1 expanded
[t=2.71089s, 105104 KB] New best heuristic value for merge_and_shrink(op_mutex = op_mutex(use_previous_ops = nelutpo, reachability_strategy = goal)): 12
[t=2.71092s, 105104 KB] g=2, 5 evaluated, 2 expanded
[t=2.71094s, 105104 KB] New best heuristic value for merge_and_shrink(op_mutex = op_mutex(use_previous_ops = nelutpo, reachability_strategy = goal)): 11
[t=2.71096s, 105104 KB] g=3, 7 evaluated, 3 expanded
[t=2.71101s, 105104 KB] New best heuristic value for merge_and_shrink(op_mutex = op_mutex(use_previous_ops = nelutpo, reachability_strategy = goal)): 10
[t=2.71103s, 105104 KB] g=4, 14 evaluated, 4 expanded
[t=2.71107s, 105104 KB] New best heuristic value for merge_and_shrink(op_mutex = op_mutex(use_previous_ops = nelutpo, reachability_strategy = goal)): 9
[t=2.71109s, 105104 KB] g=5, 18 evaluated, 5 expanded
[t=2.71112s, 105104 KB] New best heuristic value for merge_and_shrink(op_mutex = op_mutex(use_previous_ops = nelutpo, reachability_strategy = goal)): 8
[t=2.71114s, 105104 KB] g=6, 20 evaluated, 6 expanded
[t=2.71117s, 105104 KB] New best heuristic value for merge_and_shrink(op_mutex = op_mutex(use_previous_ops = nelutpo, reachability_strategy = goal)): 7
[t=2.71119s, 105104 KB] g=7, 24 evaluated, 7 expanded
[t=2.71122s, 105104 KB] New best heuristic value for merge_and_shrink(op_mutex = op_mutex(use_previous_ops = nelutpo, reachability_strategy = goal)): 6
[t=2.71124s, 105104 KB] g=8, 28 evaluated, 8 expanded
[t=2.71128s, 105104 KB] New best heuristic value for merge_and_shrink(op_mutex = op_mutex(use_previous_ops = nelutpo, reachability_strategy = goal)): 5
[t=2.7113s, 105104 KB] g=9, 34 evaluated, 9 expanded
[t=2.71133s, 105104 KB] New best heuristic value for merge_and_shrink(op_mutex = op_mutex(use_previous_ops = nelutpo, reachability_strategy = goal)): 4
[t=2.71135s, 105104 KB] g=10, 36 evaluated, 10 expanded
[t=2.71138s, 105104 KB] New best heuristic value for merge_and_shrink(op_mutex = op_mutex(use_previous_ops = nelutpo, reachability_strategy = goal)): 3
[t=2.7114s, 105104 KB] g=11, 42 evaluated, 11 expanded
[t=2.71144s, 105104 KB] New best heuristic value for merge_and_shrink(op_mutex = op_mutex(use_previous_ops = nelutpo, reachability_strategy = goal)): 2
[t=2.71146s, 105104 KB] g=12, 48 evaluated, 12 expanded
[t=2.71148s, 105104 KB] New best heuristic value for merge_and_shrink(op_mutex = op_mutex(use_previous_ops = nelutpo, reachability_strategy = goal)): 1
[t=2.71151s, 105104 KB] g=13, 51 evaluated, 13 expanded
[t=2.71153s, 105104 KB] New best heuristic value for merge_and_shrink(op_mutex = op_mutex(use_previous_ops = nelutpo, reachability_strategy = goal)): 0
[t=2.71155s, 105104 KB] g=14, 53 evaluated, 14 expanded
[t=2.71158s, 105104 KB] Solution found!
[t=2.7116s, 105104 KB] Actual search time: 0.000783528s
load p1 t0 l3 (1)
drive t0 l3 l0 level93 level12 level105 (1)
drive t0 l0 l1 level70 level23 level93 (1)
load p2 t0 l1 (1)
unload p1 t0 l1 (1)
drive t0 l1 l2 level65 level5 level70 (1)
drive t0 l2 l4 level42 level23 level65 (1)
load p3 t0 l4 (1)
load p0 t0 l4 (1)
drive t0 l4 l2 level19 level23 level42 (1)
unload p2 t0 l2 (1)
unload p0 t0 l2 (1)
drive t0 l2 l3 level8 level11 level19 (1)
unload p3 t0 l3 (1)
[t=2.71163s, 105104 KB] Plan length: 14 step(s).
[t=2.71163s, 105104 KB] Plan cost: 14
[t=2.71163s, 105104 KB] Expanded 15 state(s).
[t=2.71163s, 105104 KB] Reopened 0 state(s).
[t=2.71163s, 105104 KB] Evaluated 53 state(s).
[t=2.71163s, 105104 KB] Evaluations: 53
[t=2.71163s, 105104 KB] Generated 62 state(s).
[t=2.71163s, 105104 KB] Dead ends: 18 state(s).
[t=2.71163s, 105104 KB] Expanded until last jump: 0 state(s).
[t=2.71163s, 105104 KB] Reopened until last jump: 0 state(s).
[t=2.71163s, 105104 KB] Evaluated until last jump: 1 state(s).
[t=2.71163s, 105104 KB] Generated until last jump: 0 state(s).
[t=2.71163s, 105104 KB] Number of registered states: 53
[t=2.71163s, 105104 KB] Int hash set load factor: 53/64 = 0.828125
[t=2.71163s, 105104 KB] Int hash set resizes: 6
[t=2.71163s, 105104 KB] Search time: 0.000983517s
[t=2.71163s, 105104 KB] Total time: 2.71163s
Solution found.
Peak memory: 105104 KB
Remove intermediate file output.sas
search exit code: 0

INFO     Running validate.
INFO     validate stdin: None
INFO     validate time limit: None
INFO     validate memory limit: None
INFO     validate command line string: validate domain.pddl problem.pddl sas_plan
Checking plan: sas_plan
Plan executed successfully - checking goal
Plan valid
Final value: 14 

Successful plans:
Value: 14
 sas_plan 14 

validate exit code: 0

